device/C,kernel/C,workDimension/C,cubeLength/F,xLocal/I,yLocal/I,zLocal/I,MB/F,init/F,memoryCopyOut/F,plan/F,execute/F,memoryCopyIn/F,cleanUp/F
AMD Firepro W9100,Array3dAverage,THREE_D,176,1,1,4,20.7969,184.533,7.651,0.002,7.498,6.159,0.941
AMD Firepro W9100,Array3dAverage,THREE_D,176,1,1,8,20.7969,182.574,5.974,0.001,3.443,4.764,0.059
AMD Firepro W9100,Array3dAverage,THREE_D,176,1,1,16,20.7969,183.635,7.012,0.002,2.976,6.185,0.089
AMD Firepro W9100,Array3dAverage,THREE_D,176,1,2,4,20.7969,194.264,6.593,0.002,3.952,4.754,1.33
AMD Firepro W9100,Array3dAverage,THREE_D,176,1,2,8,20.7969,185.006,6.929,0.002,2.692,6.095,0.059
AMD Firepro W9100,Array3dAverage,THREE_D,176,1,2,16,20.7969,182.611,7.634,0.002,3.303,6.119,0.06
AMD Firepro W9100,Array3dAverage,THREE_D,176,1,4,1,20.7969,183.346,7.694,0.002,7.026,6.17,0.693
AMD Firepro W9100,Array3dAverage,THREE_D,176,1,4,2,20.7969,181.419,5.722,0.001,3.404,4.814,0.056
AMD Firepro W9100,Array3dAverage,THREE_D,176,1,4,4,20.7969,183.428,7.161,0.002,3.048,6.195,0.059
AMD Firepro W9100,Array3dAverage,THREE_D,176,1,4,8,20.7969,183.808,6.913,0.001,3.247,6.141,0.058
AMD Firepro W9100,Array3dAverage,THREE_D,176,1,4,16,20.7969,183.833,6.765,0.002,3.533,6.126,0.056
AMD Firepro W9100,Array3dAverage,THREE_D,176,1,8,1,20.7969,180.319,7.081,0.001,4.069,6.15,0.695
AMD Firepro W9100,Array3dAverage,THREE_D,176,1,8,2,20.7969,181.152,6.022,0.002,3.071,4.771,0.059
AMD Firepro W9100,Array3dAverage,THREE_D,176,1,8,4,20.7969,183.365,6.799,0.001,3.319,6.302,0.117
AMD Firepro W9100,Array3dAverage,THREE_D,176,1,8,8,20.7969,184.336,6.849,0.002,3.581,6.088,0.102
AMD Firepro W9100,Array3dAverage,THREE_D,176,1,8,16,20.7969,183.684,7.329,0.002,3.588,6.101,0.06
AMD Firepro W9100,Array3dAverage,THREE_D,176,1,16,1,20.7969,180.612,6.626,0.001,3.908,6.152,0.369
AMD Firepro W9100,Array3dAverage,THREE_D,176,1,16,2,20.7969,181.669,6.823,0.002,3.341,6.081,0.06
AMD Firepro W9100,Array3dAverage,THREE_D,176,1,16,4,20.7969,183.14,7.249,0.002,3.603,6.1,0.111
AMD Firepro W9100,Array3dAverage,THREE_D,176,1,16,8,20.7969,183.061,7.149,0.001,3.595,6.116,0.06
AMD Firepro W9100,Array3dAverage,THREE_D,176,1,16,16,20.7969,183.444,6.722,0.002,3.647,6.202,0.059
AMD Firepro W9100,Array3dAverage,THREE_D,176,2,1,4,20.7969,183.756,6.14,0.001,3.898,4.718,1.098
AMD Firepro W9100,Array3dAverage,THREE_D,176,2,1,8,20.7969,183.871,7.178,0.001,2.109,6.11,0.058
AMD Firepro W9100,Array3dAverage,THREE_D,176,2,1,16,20.7969,184.494,7.157,0.001,1.969,6.103,0.06
AMD Firepro W9100,Array3dAverage,THREE_D,176,2,2,4,20.7969,185.895,6.728,0.002,2.546,6.237,1.319
AMD Firepro W9100,Array3dAverage,THREE_D,176,2,2,8,20.7969,184.171,6.837,0.002,1.883,6.097,0.062
AMD Firepro W9100,Array3dAverage,THREE_D,176,2,2,16,20.7969,184.404,6.724,0.002,1.924,6.165,0.06
AMD Firepro W9100,Array3dAverage,THREE_D,176,2,4,1,20.7969,180.628,6.173,0.002,3.912,4.69,0.678
AMD Firepro W9100,Array3dAverage,THREE_D,176,2,4,2,20.7969,184.208,6.674,0.001,2.059,6.112,0.058
AMD Firepro W9100,Array3dAverage,THREE_D,176,2,4,4,20.7969,184.511,7.139,0.002,1.844,6.1,0.06
AMD Firepro W9100,Array3dAverage,THREE_D,176,2,4,8,20.7969,184.407,6.803,0.001,1.879,6.143,0.059
AMD Firepro W9100,Array3dAverage,THREE_D,176,2,4,16,20.7969,185.006,6.897,0.001,1.881,6.104,0.058
AMD Firepro W9100,Array3dAverage,THREE_D,176,2,8,1,20.7969,182.448,6.037,0.002,2.466,4.791,0.748
AMD Firepro W9100,Array3dAverage,THREE_D,176,2,8,2,20.7969,184.598,7.24,0.001,1.978,6.125,0.062
AMD Firepro W9100,Array3dAverage,THREE_D,176,2,8,4,20.7969,184.424,7.409,0.002,1.978,6.145,0.058
AMD Firepro W9100,Array3dAverage,THREE_D,176,2,8,8,20.7969,184.406,6.73,0.001,1.921,6.166,0.113
AMD Firepro W9100,Array3dAverage,THREE_D,176,2,8,16,20.7969,184.977,7.457,0.002,1.898,6.183,0.058
AMD Firepro W9100,Array3dAverage,THREE_D,176,2,16,1,20.7969,185.217,6.76,0.002,2.082,6.263,0.059
AMD Firepro W9100,Array3dAverage,THREE_D,176,2,16,2,20.7969,183.706,6.959,0.001,1.996,6.122,0.075
AMD Firepro W9100,Array3dAverage,THREE_D,176,2,16,4,20.7969,185.02,6.811,0.001,1.974,6.125,0.073
AMD Firepro W9100,Array3dAverage,THREE_D,176,2,16,8,20.7969,184.993,6.842,0.002,1.935,6.177,0.059
AMD Firepro W9100,Array3dAverage,THREE_D,176,4,1,1,20.7969,183.026,6.792,0.001,6.893,6.309,1.396
AMD Firepro W9100,Array3dAverage,THREE_D,176,4,1,2,20.7969,181.017,6.48,0.001,3.473,4.799,0.062
AMD Firepro W9100,Array3dAverage,THREE_D,176,4,1,4,20.7969,182.975,6.69,0.001,2.13,6.14,0.099
AMD Firepro W9100,Array3dAverage,THREE_D,176,4,1,8,20.7969,185.412,7.04,0.001,1.335,6.104,0.062
AMD Firepro W9100,Array3dAverage,THREE_D,176,4,1,16,20.7969,184.247,7.35,0.002,1.225,6.169,0.058
AMD Firepro W9100,Array3dAverage,THREE_D,176,4,2,1,20.7969,181.068,7.107,0.002,4.235,6.178,0.986
AMD Firepro W9100,Array3dAverage,THREE_D,176,4,2,2,20.7969,182.289,6.252,0.001,1.953,4.83,0.08
AMD Firepro W9100,Array3dAverage,THREE_D,176,4,2,4,20.7969,185.2,7.022,0.001,1.303,6.111,0.06
AMD Firepro W9100,Array3dAverage,THREE_D,176,4,2,8,20.7969,185.059,7.3,0.001,1.246,6.107,0.061
AMD Firepro W9100,Array3dAverage,THREE_D,176,4,2,16,20.7969,185.018,6.808,0.002,1.269,6.119,0.062
AMD Firepro W9100,Array3dAverage,THREE_D,176,4,4,1,20.7969,182.759,6.53,0.002,3.103,6.21,0.527
AMD Firepro W9100,Array3dAverage,THREE_D,176,4,4,2,20.7969,183.911,7.312,0.002,1.31,6.109,0.06
AMD Firepro W9100,Array3dAverage,THREE_D,176,4,4,4,20.7969,183.713,7.006,0.002,1.285,6.147,0.06
AMD Firepro W9100,Array3dAverage,THREE_D,176,4,4,8,20.7969,185.02,7.333,0.001,1.321,6.111,0.092
AMD Firepro W9100,Array3dAverage,THREE_D,176,4,4,16,20.7969,185.312,7.207,0.002,1.26,6.189,0.06
AMD Firepro W9100,Array3dAverage,THREE_D,176,4,8,1,20.7969,185.015,7.471,0.002,1.337,6.11,0.058
AMD Firepro W9100,Array3dAverage,THREE_D,176,4,8,2,20.7969,185.159,7.256,0.001,1.309,6.1,0.096
AMD Firepro W9100,Array3dAverage,THREE_D,176,4,8,4,20.7969,185.374,7.225,0.002,1.312,6.125,0.06
AMD Firepro W9100,Array3dAverage,THREE_D,176,4,8,8,20.7969,185.006,7.415,0.002,1.278,6.099,0.058
AMD Firepro W9100,Array3dAverage,THREE_D,176,4,16,1,20.7969,185.067,7.4,0.001,1.251,6.21,0.097
AMD Firepro W9100,Array3dAverage,THREE_D,176,4,16,2,20.7969,185.255,7.354,0.002,1.3,6.11,0.058
AMD Firepro W9100,Array3dAverage,THREE_D,176,4,16,4,20.7969,185.635,6.368,0.001,1.174,6.113,0.072
AMD Firepro W9100,Array3dAverage,THREE_D,176,8,1,1,20.7969,181.441,7.312,0.002,4.078,6.194,0.695
AMD Firepro W9100,Array3dAverage,THREE_D,176,8,1,2,20.7969,182.98,6.966,0.002,2.084,6.121,0.06
AMD Firepro W9100,Array3dAverage,THREE_D,176,8,1,4,20.7969,183.746,6.935,0.001,1.303,6.181,0.059
AMD Firepro W9100,Array3dAverage,THREE_D,176,8,1,8,20.7969,185.127,7.339,0.002,0.993,6.173,0.06
AMD Firepro W9100,Array3dAverage,THREE_D,176,8,1,16,20.7969,185.021,6.649,0.002,0.96,6.101,0.059
AMD Firepro W9100,Array3dAverage,THREE_D,176,8,2,1,20.7969,183.464,5.56,0.002,2.401,4.771,0.368
AMD Firepro W9100,Array3dAverage,THREE_D,176,8,2,2,20.7969,185.06,7.201,0.002,1.244,6.217,0.06
AMD Firepro W9100,Array3dAverage,THREE_D,176,8,2,4,20.7969,185.369,7.073,0.001,1.012,6.112,0.06
AMD Firepro W9100,Array3dAverage,THREE_D,176,8,2,8,20.7969,185.076,6.983,0.002,0.92,6.128,0.06
AMD Firepro W9100,Array3dAverage,THREE_D,176,8,2,16,20.7969,185.652,7.131,0.001,1.005,6.083,0.058
AMD Firepro W9100,Array3dAverage,THREE_D,176,8,4,1,20.7969,185.82,6.915,0.002,1.351,6.127,0.058
AMD Firepro W9100,Array3dAverage,THREE_D,176,8,4,2,20.7969,185.776,6.916,0.001,0.965,6.017,0.06
AMD Firepro W9100,Array3dAverage,THREE_D,176,8,4,4,20.7969,185.822,6.988,0.001,0.963,6.183,0.058
AMD Firepro W9100,Array3dAverage,THREE_D,176,8,4,8,20.7969,185.691,7.109,0.001,0.949,6.11,0.058
AMD Firepro W9100,Array3dAverage,THREE_D,176,8,8,1,20.7969,185.64,7.169,0.001,0.938,6.072,0.058
AMD Firepro W9100,Array3dAverage,THREE_D,176,8,8,2,20.7969,185.723,7.226,0.001,1.004,6.109,0.06
AMD Firepro W9100,Array3dAverage,THREE_D,176,8,8,4,20.7969,186.55,7.157,0.001,0.972,6.232,0.058
AMD Firepro W9100,Array3dAverage,THREE_D,176,8,16,1,20.7969,185.221,6.835,0.002,1.001,6.114,0.059
AMD Firepro W9100,Array3dAverage,THREE_D,176,8,16,2,20.7969,185.696,6.998,0.002,1.012,6.082,0.058
AMD Firepro W9100,Array3dAverage,THREE_D,176,16,1,1,20.7969,183.81,6.924,0.001,2.559,6.185,0.367
AMD Firepro W9100,Array3dAverage,THREE_D,176,16,1,2,20.7969,183.859,7.109,0.002,1.342,6.121,0.071
AMD Firepro W9100,Array3dAverage,THREE_D,176,16,1,4,20.7969,185.197,7.024,0.001,0.927,6.151,0.056
AMD Firepro W9100,Array3dAverage,THREE_D,176,16,1,8,20.7969,185.082,7.051,0.001,0.884,6.161,0.059
AMD Firepro W9100,Array3dAverage,THREE_D,176,16,1,16,20.7969,185.654,7.13,0.002,0.877,6.107,0.057
AMD Firepro W9100,Array3dAverage,THREE_D,176,16,2,1,20.7969,185.691,7.192,0.002,1.331,6.171,0.06
AMD Firepro W9100,Array3dAverage,THREE_D,176,16,2,2,20.7969,186.252,6.988,0.001,0.952,6.165,0.054
AMD Firepro W9100,Array3dAverage,THREE_D,176,16,2,4,20.7969,185.3,6.864,0.002,0.904,6.085,0.061
AMD Firepro W9100,Array3dAverage,THREE_D,176,16,2,8,20.7969,185.748,7.196,0.002,0.893,6.118,0.061
AMD Firepro W9100,Array3dAverage,THREE_D,176,16,4,1,20.7969,185.679,7.213,0.001,0.925,6.089,0.059
AMD Firepro W9100,Array3dAverage,THREE_D,176,16,4,2,20.7969,185.725,7.233,0.001,0.966,6.158,0.058
AMD Firepro W9100,Array3dAverage,THREE_D,176,16,4,4,20.7969,185.708,7.096,0.002,0.943,6.083,0.058
AMD Firepro W9100,Array3dAverage,THREE_D,176,16,8,1,20.7969,185.784,7.004,0.001,1.05,6.173,0.059
AMD Firepro W9100,Array3dAverage,THREE_D,176,16,8,2,20.7969,185.697,7.098,0.002,0.889,6.127,0.057
AMD Firepro W9100,Array3dAverage,THREE_D,176,16,16,1,20.7969,185.657,7.291,0.002,0.946,6.184,0.059
AMD Firepro W9100,Array3dAverage,THREE_D,176,1,1,16,20.7969,189.205,6.977,0.003,3.708,16.554,3.625
AMD Firepro W9100,Array3dAverage,THREE_D,176,1,2,16,20.7969,190.171,6.828,0.004,4.121,16.969,3.621
AMD Firepro W9100,Array3dAverage,THREE_D,176,1,4,16,20.7969,188.735,6.692,0.002,4.421,16.142,3.571
AMD Firepro W9100,Array3dAverage,THREE_D,176,1,8,16,20.7969,189.26,5.748,0.002,4.301,12.44,3.52
AMD Firepro W9100,Array3dAverage,THREE_D,176,1,16,1,20.7969,193.08,6.537,0.001,4.149,5.476,0.74
AMD Firepro W9100,Array3dAverage,THREE_D,176,1,16,2,20.7969,185.037,6.62,0.002,3.266,5.319,0.043
AMD Firepro W9100,Array3dAverage,THREE_D,176,1,16,4,20.7969,184.685,6.704,0.001,3.5,5.593,0.042
AMD Firepro W9100,Array3dAverage,THREE_D,176,1,16,8,20.7969,184.512,6.477,0.001,3.459,5.678,0.043
AMD Firepro W9100,Array3dAverage,THREE_D,176,1,16,16,20.7969,184.174,6.582,0.001,3.49,5.603,0.043
AMD Firepro W9100,Array3dAverage,THREE_D,176,2,1,16,20.7969,188.25,6.987,0.003,2.684,15.534,3.448
AMD Firepro W9100,Array3dAverage,THREE_D,176,2,2,16,20.7969,190.248,6.047,0.003,2.624,10.094,3.181
AMD Firepro W9100,Array3dAverage,THREE_D,176,2,4,16,20.7969,189.197,6.889,0.003,2.689,16.033,3.593
AMD Firepro W9100,Array3dAverage,THREE_D,176,2,8,16,20.7969,189.316,6.882,0.002,2.701,15.995,3.563
AMD Firepro W9100,Array3dAverage,THREE_D,176,2,16,1,20.7969,205.504,6.991,0.001,1.891,5.519,0.044
AMD Firepro W9100,Array3dAverage,THREE_D,176,2,16,2,20.7969,186.124,6.438,0.001,1.837,5.652,0.043
AMD Firepro W9100,Array3dAverage,THREE_D,176,2,16,4,20.7969,185.853,6.644,0.001,1.795,5.28,0.043
AMD Firepro W9100,Array3dAverage,THREE_D,176,2,16,8,20.7969,185.959,6.899,0.001,1.781,5.572,0.043
AMD Firepro W9100,Array3dAverage,THREE_D,176,4,1,16,20.7969,188.848,6.515,0.002,1.949,14.623,3.114
AMD Firepro W9100,Array3dAverage,THREE_D,176,4,2,16,20.7969,189.263,7.045,0.004,2.083,15.855,3.676
AMD Firepro W9100,Array3dAverage,THREE_D,176,4,4,16,20.7969,188.169,6.535,0.002,2.041,16.147,3.548
AMD Firepro W9100,Array3dAverage,THREE_D,176,4,16,1,20.7969,188.274,6.576,0.001,2.008,16.255,2.545
AMD Firepro W9100,Array3dAverage,THREE_D,176,4,16,2,20.7969,205.007,5.706,0.001,1.216,4.119,0.042
AMD Firepro W9100,Array3dAverage,THREE_D,176,4,16,4,20.7969,190.066,6.362,0.001,1.212,5.505,0.064
AMD Firepro W9100,Array3dAverage,THREE_D,176,8,1,16,20.7969,188.683,6.555,0.004,1.656,16.042,3.613
AMD Firepro W9100,Array3dAverage,THREE_D,176,8,2,16,20.7969,189.918,6.711,0.002,1.722,16.295,3.53
AMD Firepro W9100,Array3dAverage,THREE_D,176,8,16,1,20.7969,189.721,6.698,0.002,1.729,16.834,2.847
AMD Firepro W9100,Array3dAverage,THREE_D,176,8,16,2,20.7969,204.548,6.578,0.003,0.84,5.52,0.044
AMD Firepro W9100,Array3dAverage,THREE_D,176,16,1,1,20.7969,193.389,5.522,0.003,2.738,4.151,0.733
AMD Firepro W9100,Array3dAverage,THREE_D,176,16,1,2,20.7969,188.091,6.351,0.003,1.165,5.655,0.044
AMD Firepro W9100,Array3dAverage,THREE_D,176,16,1,4,20.7969,187.048,6.895,0.002,0.8,5.334,0.044
AMD Firepro W9100,Array3dAverage,THREE_D,176,16,1,8,20.7969,187.025,6.716,0.003,0.748,5.672,0.043
AMD Firepro W9100,Array3dAverage,THREE_D,176,16,1,16,20.7969,186.78,6.86,0.003,0.765,5.221,0.043
AMD Firepro W9100,Array3dAverage,THREE_D,176,16,2,1,20.7969,187.237,6.527,0.002,1.175,5.729,0.079
AMD Firepro W9100,Array3dAverage,THREE_D,176,16,2,2,20.7969,187.035,6.337,0.002,0.787,5.414,0.044
AMD Firepro W9100,Array3dAverage,THREE_D,176,16,2,4,20.7969,188.028,6.19,0.005,0.766,5.328,0.044
AMD Firepro W9100,Array3dAverage,THREE_D,176,16,2,8,20.7969,186.992,6.374,0.001,0.752,5.347,0.044
AMD Firepro W9100,Array3dAverage,THREE_D,176,16,4,1,20.7969,187.082,6.722,0.002,0.8,5.635,0.043
AMD Firepro W9100,Array3dAverage,THREE_D,176,16,4,2,20.7969,187.138,6.444,0.003,0.721,5.245,0.042
AMD Firepro W9100,Array3dAverage,THREE_D,176,16,4,4,20.7969,186.873,6.961,0.003,0.757,5.419,0.044
AMD Firepro W9100,Array3dAverage,THREE_D,176,16,8,1,20.7969,186.995,6.644,0.003,0.732,5.58,0.044
AMD Firepro W9100,Array3dAverage,THREE_D,176,16,8,2,20.7969,187.035,6.741,0.002,0.743,5.311,0.042
AMD Firepro W9100,Array3dAverage,THREE_D,176,16,16,1,20.7969,186.632,6.254,0.002,0.752,5.66,0.043
AMD Firepro W9100,Array3dAverage,THREE_D,176,1,1,16,20.7969,182.092,6.723,0.001,3.425,6.261,1.009
AMD Firepro W9100,Array3dAverage,THREE_D,176,1,2,16,20.7969,183.547,7.31,0.001,3.759,6.091,1.503
AMD Firepro W9100,Array3dAverage,THREE_D,176,1,4,16,20.7969,183.104,6.944,0.001,4.024,6.093,1.017
AMD Firepro W9100,Array3dAverage,THREE_D,176,1,8,16,20.7969,185.295,6.252,0.001,3.991,5.374,2.545
AMD Firepro W9100,Array3dAverage,THREE_D,176,1,16,1,20.7969,180.593,7.378,0.002,3.876,6.219,0.371
AMD Firepro W9100,Array3dAverage,THREE_D,176,1,16,2,20.7969,181.074,6.7,0.001,3.379,6.077,0.061
AMD Firepro W9100,Array3dAverage,THREE_D,176,1,16,4,20.7969,182.872,5.9,0.002,3.446,4.793,0.091
AMD Firepro W9100,Array3dAverage,THREE_D,176,1,16,8,20.7969,184.621,6.948,0.002,3.614,6.151,0.06
AMD Firepro W9100,Array3dAverage,THREE_D,176,1,16,16,20.7969,184.565,7.182,0.002,3.601,6.092,0.062
AMD Firepro W9100,Array3dAverage,THREE_D,176,2,1,16,20.7969,184.482,6.718,0.002,2.475,6.162,1.659
AMD Firepro W9100,Array3dAverage,THREE_D,176,2,2,16,20.7969,185.384,6.68,0.001,2.274,4.827,1.683
AMD Firepro W9100,Array3dAverage,THREE_D,176,2,4,16,20.7969,185.453,6.542,0.001,2.402,6.175,1.254
AMD Firepro W9100,Array3dAverage,THREE_D,176,2,8,16,20.7969,185.986,7.483,0.002,2.407,6.133,2.225
AMD Firepro W9100,Array3dAverage,THREE_D,176,2,16,1,20.7969,183.181,6.051,0.001,1.933,4.738,0.063
AMD Firepro W9100,Array3dAverage,THREE_D,176,2,16,2,20.7969,184.852,7.324,0.002,2.001,6.071,0.062
AMD Firepro W9100,Array3dAverage,THREE_D,176,2,16,4,20.7969,185.414,6.664,0.001,1.958,6.114,0.094
AMD Firepro W9100,Array3dAverage,THREE_D,176,2,16,8,20.7969,185.199,7.4,0.002,1.953,6.131,0.062
AMD Firepro W9100,Array3dAverage,THREE_D,176,4,1,16,20.7969,185.039,7.655,0.002,1.697,6.128,1.706
AMD Firepro W9100,Array3dAverage,THREE_D,176,4,2,16,20.7969,185.174,6.154,0.002,1.6,4.717,1.014
AMD Firepro W9100,Array3dAverage,THREE_D,176,4,4,16,20.7969,183.282,7.115,0.002,1.787,6.132,1.383
AMD Firepro W9100,Array3dAverage,THREE_D,176,4,16,1,20.7969,184.668,6.689,0.001,1.626,6.095,1.71
AMD Firepro W9100,Array3dAverage,THREE_D,176,4,16,2,20.7969,184.465,5.799,0.002,1.183,4.541,0.092
AMD Firepro W9100,Array3dAverage,THREE_D,176,4,16,4,20.7969,180.525,6.626,0.001,1.311,6.069,0.063
AMD Firepro W9100,Array3dAverage,THREE_D,176,8,1,16,20.7969,181.461,7.13,0.002,1.448,6.139,2.232
AMD Firepro W9100,Array3dAverage,THREE_D,176,8,2,16,20.7969,186.549,6.058,0.001,1.323,4.571,1.621
AMD Firepro W9100,Array3dAverage,THREE_D,176,8,16,1,20.7969,181.365,7.007,0.002,1.497,6.195,1.335
AMD Firepro W9100,Array3dAverage,THREE_D,176,8,16,2,20.7969,183.978,6.825,0.002,1.021,6.129,0.06
AMD Firepro W9100,Array3dAverage,THREE_D,176,16,1,1,20.7969,183.011,6,0.001,2.472,4.787,0.486
AMD Firepro W9100,Array3dAverage,THREE_D,176,16,1,2,20.7969,185.038,7.121,0.001,1.308,6.089,0.061
AMD Firepro W9100,Array3dAverage,THREE_D,176,16,1,4,20.7969,184.557,6.974,0.001,0.989,6.1,0.063
AMD Firepro W9100,Array3dAverage,THREE_D,176,16,1,8,20.7969,186.023,6.887,0.001,0.898,6.159,0.062
AMD Firepro W9100,Array3dAverage,THREE_D,176,16,1,16,20.7969,186.193,7.452,0.002,0.883,6.117,0.062
AMD Firepro W9100,Array3dAverage,THREE_D,176,16,2,1,20.7969,185.344,6.836,0.001,1.326,6.102,0.062
AMD Firepro W9100,Array3dAverage,THREE_D,176,16,2,2,20.7969,185.364,7.144,0.001,1.048,6.102,0.103
AMD Firepro W9100,Array3dAverage,THREE_D,176,16,2,4,20.7969,185.892,6.784,0.001,0.901,6.074,0.062
AMD Firepro W9100,Array3dAverage,THREE_D,176,16,2,8,20.7969,186.351,6.592,0.001,0.88,6.139,0.062
AMD Firepro W9100,Array3dAverage,THREE_D,176,16,4,1,20.7969,186.733,7.088,0.001,0.983,6.096,0.06
AMD Firepro W9100,Array3dAverage,THREE_D,176,16,4,2,20.7969,185.421,7.374,0.001,0.846,6.045,0.061
AMD Firepro W9100,Array3dAverage,THREE_D,176,16,4,4,20.7969,185.374,6.753,0.002,0.882,6.178,0.059
AMD Firepro W9100,Array3dAverage,THREE_D,176,16,8,1,20.7969,185.948,6.989,0.001,0.864,6.061,0.062
AMD Firepro W9100,Array3dAverage,THREE_D,176,16,8,2,20.7969,185.98,7.08,0.001,0.864,6.124,0.064
AMD Firepro W9100,Array3dAverage,THREE_D,176,16,16,1,20.7969,186.12,6.866,0.001,0.867,6.094,0.063
AMD Firepro W9100,Array3dAverage,THREE_D,176,1,1,4,20.7969,181.962,7.304,0.001,7.009,6.016,0.474
AMD Firepro W9100,Array3dAverage,THREE_D,176,1,1,8,20.7969,180.023,7.419,0.002,3.55,6.058,0.09
AMD Firepro W9100,Array3dAverage,THREE_D,176,1,1,16,20.7969,187.611,6.869,0.002,2.98,6.047,0.055
AMD Firepro W9100,Array3dAverage,THREE_D,176,1,2,4,20.7969,182.041,7.569,0.002,3.998,6.036,0.818
AMD Firepro W9100,Array3dAverage,THREE_D,176,1,2,8,20.7969,181.081,6.317,0.001,2.565,4.688,0.056
AMD Firepro W9100,Array3dAverage,THREE_D,176,1,2,16,20.7969,183.766,7.033,0.001,3.3,6.023,0.058
AMD Firepro W9100,Array3dAverage,THREE_D,176,1,4,1,20.7969,179.824,6.599,0.001,6.883,5.514,0.666
AMD Firepro W9100,Array3dAverage,THREE_D,176,1,4,2,20.7969,180.667,6.285,0.001,3.467,4.712,0.055
AMD Firepro W9100,Array3dAverage,THREE_D,176,1,4,4,20.7969,183.263,7.417,0.002,3.056,6.015,0.054
AMD Firepro W9100,Array3dAverage,THREE_D,176,1,4,8,20.7969,183.596,7.404,0.001,3.22,6.055,0.128
AMD Firepro W9100,Array3dAverage,THREE_D,176,1,4,16,20.7969,183.525,7.172,0.001,3.535,6.01,0.057
AMD Firepro W9100,Array3dAverage,THREE_D,176,1,8,1,20.7969,179.982,6.975,0.001,4.058,5.946,1.125
AMD Firepro W9100,Array3dAverage,THREE_D,176,1,8,2,20.7969,181.177,5.854,0.001,3.037,4.687,0.085
AMD Firepro W9100,Array3dAverage,THREE_D,176,1,8,4,20.7969,184.366,6.802,0.001,3.269,6,0.057
AMD Firepro W9100,Array3dAverage,THREE_D,176,1,8,8,20.7969,183.601,7.046,0.001,3.603,6.068,0.056
AMD Firepro W9100,Array3dAverage,THREE_D,176,1,8,16,20.7969,183.632,6.723,0.001,3.649,6.06,0.086
AMD Firepro W9100,Array3dAverage,THREE_D,176,1,16,1,20.7969,180.128,7.094,0.002,3.93,5.988,0.513
AMD Firepro W9100,Array3dAverage,THREE_D,176,1,16,2,20.7969,181.598,6.08,0.002,3.315,4.606,0.056
AMD Firepro W9100,Array3dAverage,THREE_D,176,1,16,4,20.7969,183.949,7.055,0.001,3.631,6.054,0.054
AMD Firepro W9100,Array3dAverage,THREE_D,176,1,16,8,20.7969,183.694,7.348,0.001,3.558,6.003,0.056
AMD Firepro W9100,Array3dAverage,THREE_D,176,1,16,16,20.7969,184.323,6.226,0.002,3.586,5.275,0.057
AMD Firepro W9100,Array3dAverage,THREE_D,176,2,1,4,20.7969,193.682,6.15,0.002,4.089,4.681,1.538
AMD Firepro W9100,Array3dAverage,THREE_D,176,2,1,8,20.7969,184.713,6.81,0.002,2.04,6.018,0.099
AMD Firepro W9100,Array3dAverage,THREE_D,176,2,1,16,20.7969,183.478,6.364,0.001,1.874,4.682,0.057
AMD Firepro W9100,Array3dAverage,THREE_D,176,2,2,4,20.7969,184.667,7.115,0.002,2.814,6.027,1.55
AMD Firepro W9100,Array3dAverage,THREE_D,176,2,2,8,20.7969,183.354,7.311,0.001,1.822,6.028,0.069
AMD Firepro W9100,Array3dAverage,THREE_D,176,2,2,16,20.7969,184.186,6.953,0.001,1.907,6,0.055
AMD Firepro W9100,Array3dAverage,THREE_D,176,2,4,1,20.7969,180.787,6.632,0.002,3.931,4.623,0.944
AMD Firepro W9100,Array3dAverage,THREE_D,176,2,4,2,20.7969,183.652,6.853,0.001,2.183,6.021,0.056
AMD Firepro W9100,Array3dAverage,THREE_D,176,2,4,4,20.7969,183.468,7.309,0.002,1.793,6.05,0.092
AMD Firepro W9100,Array3dAverage,THREE_D,176,2,4,8,20.7969,184.758,7.236,0.002,1.854,6.066,0.129
AMD Firepro W9100,Array3dAverage,THREE_D,176,2,4,16,20.7969,184.77,7.193,0.001,1.929,6.009,0.056
AMD Firepro W9100,Array3dAverage,THREE_D,176,2,8,1,20.7969,182.249,5.877,0.001,2.452,4.676,0.365
AMD Firepro W9100,Array3dAverage,THREE_D,176,2,8,2,20.7969,184.191,7.066,0.001,1.925,6.05,0.055
AMD Firepro W9100,Array3dAverage,THREE_D,176,2,8,4,20.7969,184.81,7.035,0.002,1.913,6.053,0.129
AMD Firepro W9100,Array3dAverage,THREE_D,176,2,8,8,20.7969,185.319,6.787,0.001,1.913,5.999,0.056
AMD Firepro W9100,Array3dAverage,THREE_D,176,2,8,16,20.7969,184.811,7.119,0.001,1.921,6.084,0.054
AMD Firepro W9100,Array3dAverage,THREE_D,176,2,16,1,20.7969,185.942,6.965,0.002,2.02,5.999,0.057
AMD Firepro W9100,Array3dAverage,THREE_D,176,2,16,2,20.7969,184.455,6.667,0.001,2.013,6.012,0.055
AMD Firepro W9100,Array3dAverage,THREE_D,176,2,16,4,20.7969,184.846,7.019,0.001,1.977,6.001,0.057
AMD Firepro W9100,Array3dAverage,THREE_D,176,2,16,8,20.7969,184.831,7.053,0.002,1.945,6.016,0.058
AMD Firepro W9100,Array3dAverage,THREE_D,176,4,1,1,20.7969,182.117,6.609,0.016,6.97,6.013,0.669
AMD Firepro W9100,Array3dAverage,THREE_D,176,4,1,2,20.7969,182.548,6.06,0.002,3.439,4.609,0.057
AMD Firepro W9100,Array3dAverage,THREE_D,176,4,1,4,20.7969,183.618,7.054,0.001,2.054,6.018,0.058
AMD Firepro W9100,Array3dAverage,THREE_D,176,4,1,8,20.7969,184.864,7.048,0.001,1.337,6.024,0.055
AMD Firepro W9100,Array3dAverage,THREE_D,176,4,1,16,20.7969,184.926,6.779,0.002,1.16,6,0.058
AMD Firepro W9100,Array3dAverage,THREE_D,176,4,2,1,20.7969,181.392,6.735,0.002,4.55,5.993,1.389
AMD Firepro W9100,Array3dAverage,THREE_D,176,4,2,2,20.7969,182.191,5.928,0.001,2.002,4.418,0.055
AMD Firepro W9100,Array3dAverage,THREE_D,176,4,2,4,20.7969,185.044,7.328,0.002,1.327,5.992,0.057
AMD Firepro W9100,Array3dAverage,THREE_D,176,4,2,8,20.7969,185.451,7.246,0.001,1.174,5.997,0.056
AMD Firepro W9100,Array3dAverage,THREE_D,176,4,2,16,20.7969,185.438,7.42,0.001,1.302,6.032,0.056
AMD Firepro W9100,Array3dAverage,THREE_D,176,4,4,1,20.7969,183.195,5.957,0.001,2.438,4.604,0.367
AMD Firepro W9100,Array3dAverage,THREE_D,176,4,4,2,20.7969,184.709,7.034,0.001,1.26,5.993,0.055
AMD Firepro W9100,Array3dAverage,THREE_D,176,4,4,4,20.7969,185.492,7.11,0.001,1.252,6.024,0.057
AMD Firepro W9100,Array3dAverage,THREE_D,176,4,4,8,20.7969,185.439,7.223,0.001,1.297,6.034,0.056
AMD Firepro W9100,Array3dAverage,THREE_D,176,4,4,16,20.7969,185.449,7.218,0.001,1.298,6.016,0.071
AMD Firepro W9100,Array3dAverage,THREE_D,176,4,8,1,20.7969,185.449,7.167,0.002,1.337,6.016,0.128
AMD Firepro W9100,Array3dAverage,THREE_D,176,4,8,2,20.7969,185.528,7.045,0.001,1.298,6.013,0.113
AMD Firepro W9100,Array3dAverage,THREE_D,176,4,8,4,20.7969,185.317,7.201,0.002,1.281,6.042,0.129
AMD Firepro W9100,Array3dAverage,THREE_D,176,4,8,8,20.7969,185.307,7.192,0.001,1.227,5.97,0.056
AMD Firepro W9100,Array3dAverage,THREE_D,176,4,16,1,20.7969,185.424,6.965,0.001,1.342,5.993,0.057
AMD Firepro W9100,Array3dAverage,THREE_D,176,4,16,2,20.7969,185.775,6.999,0.002,1.457,6.034,0.116
AMD Firepro W9100,Array3dAverage,THREE_D,176,4,16,4,20.7969,185.975,6.767,0.001,1.288,6.021,0.056
AMD Firepro W9100,Array3dAverage,THREE_D,176,8,1,1,20.7969,185.595,6.74,0.001,4.017,6.012,0.685
AMD Firepro W9100,Array3dAverage,THREE_D,176,8,1,2,20.7969,180.86,5.675,0.001,1.99,4.712,0.056
AMD Firepro W9100,Array3dAverage,THREE_D,176,8,1,4,20.7969,184.269,6.819,0.002,1.34,6.02,0.115
AMD Firepro W9100,Array3dAverage,THREE_D,176,8,1,8,20.7969,179.693,6.943,0.001,0.994,6.017,0.056
AMD Firepro W9100,Array3dAverage,THREE_D,176,8,1,16,20.7969,183.106,6.689,0.002,1.01,5.983,0.059
AMD Firepro W9100,Array3dAverage,THREE_D,176,8,2,1,20.7969,183.32,7.15,0.001,2.589,6.022,0.532
AMD Firepro W9100,Array3dAverage,THREE_D,176,8,2,2,20.7969,184.911,6.802,0.002,1.334,6.035,0.112
AMD Firepro W9100,Array3dAverage,THREE_D,176,8,2,4,20.7969,184.055,7.317,0.001,1.004,6.029,0.056
AMD Firepro W9100,Array3dAverage,THREE_D,176,8,2,8,20.7969,184.826,7.241,0.002,0.95,5.989,0.056
AMD Firepro W9100,Array3dAverage,THREE_D,176,8,2,16,20.7969,185.436,6.635,0.001,1.001,6.012,0.059
AMD Firepro W9100,Array3dAverage,THREE_D,176,8,4,1,20.7969,179.803,7.122,0.001,1.343,6.02,0.058
AMD Firepro W9100,Array3dAverage,THREE_D,176,8,4,2,20.7969,182.628,6.836,0.002,0.969,5.996,0.055
AMD Firepro W9100,Array3dAverage,THREE_D,176,8,4,4,20.7969,185.613,6.577,0.001,0.976,5.995,0.053
AMD Firepro W9100,Array3dAverage,THREE_D,176,8,4,8,20.7969,179.801,7.107,0.001,0.942,6.041,0.054
AMD Firepro W9100,Array3dAverage,THREE_D,176,8,8,1,20.7969,183.113,6.833,0.002,0.939,6.022,0.057
AMD Firepro W9100,Array3dAverage,THREE_D,176,8,8,2,20.7969,185.439,6.44,0.002,0.959,5.976,0.051
AMD Firepro W9100,Array3dAverage,THREE_D,176,8,8,4,20.7969,180.779,7.004,0.002,0.984,6.025,0.054
AMD Firepro W9100,Array3dAverage,THREE_D,176,8,16,1,20.7969,182.608,6.765,0.001,0.973,6.051,0.113
AMD Firepro W9100,Array3dAverage,THREE_D,176,8,16,2,20.7969,185.313,6.479,0.013,1.016,5.984,0.089
AMD Firepro W9100,Array3dAverage,THREE_D,176,16,1,1,20.7969,183.559,7.251,0.001,2.599,6.028,0.586
AMD Firepro W9100,Array3dAverage,THREE_D,176,16,1,2,20.7969,183.554,7.273,0.001,1.331,6.015,0.055
AMD Firepro W9100,Array3dAverage,THREE_D,176,16,1,4,20.7969,185.76,6.768,0.002,0.935,6.016,0.056
AMD Firepro W9100,Array3dAverage,THREE_D,176,16,1,8,20.7969,184.707,7.388,0.001,0.904,6.029,0.145
AMD Firepro W9100,Array3dAverage,THREE_D,176,16,1,16,20.7969,185.375,7.47,0.001,0.917,6.038,0.137
AMD Firepro W9100,Array3dAverage,THREE_D,176,16,2,1,20.7969,185.418,7.375,0.001,1.309,6.01,0.056
AMD Firepro W9100,Array3dAverage,THREE_D,176,16,2,2,20.7969,185.389,7.154,0.001,0.975,6,0.056
AMD Firepro W9100,Array3dAverage,THREE_D,176,16,2,4,20.7969,185.855,7.2,0.001,0.887,6.008,0.055
AMD Firepro W9100,Array3dAverage,THREE_D,176,16,2,8,20.7969,185.459,6.785,0.001,0.903,6.039,0.113
AMD Firepro W9100,Array3dAverage,THREE_D,176,16,4,1,20.7969,179.688,7.181,0.001,0.994,6.022,0.112
AMD Firepro W9100,Array3dAverage,THREE_D,176,16,4,2,20.7969,183.488,7.328,0.001,0.934,5.994,0.132
AMD Firepro W9100,Array3dAverage,THREE_D,176,16,4,4,20.7969,184.798,7.088,0.001,0.928,6.038,0.136
AMD Firepro W9100,Array3dAverage,THREE_D,176,16,8,1,20.7969,185.532,7.394,0.002,0.906,6.022,0.146
AMD Firepro W9100,Array3dAverage,THREE_D,176,16,8,2,20.7969,185.419,6.831,0.002,0.911,5.985,0.057
AMD Firepro W9100,Array3dAverage,THREE_D,176,16,16,1,20.7969,185.447,7.195,0.002,0.896,6.009,0.099
AMD Firepro W9100,Array3dAverage,THREE_D,176,1,1,16,20.7969,187.44,7.627,0.001,3.456,6.001,1.851
AMD Firepro W9100,Array3dAverage,THREE_D,176,1,2,16,20.7969,185.737,7.625,0.002,3.991,6.011,2.72
AMD Firepro W9100,Array3dAverage,THREE_D,176,1,4,16,20.7969,185.751,7.086,0.002,4.181,6.171,2.119
AMD Firepro W9100,Array3dAverage,THREE_D,176,1,8,16,20.7969,185.178,7.342,0.001,4.081,6.005,1.842
AMD Firepro W9100,Array3dAverage,THREE_D,176,1,16,1,20.7969,186.656,7.379,0.002,3.841,6.031,0.706
AMD Firepro W9100,Array3dAverage,THREE_D,176,1,16,2,20.7969,183.68,6.811,0.002,3.413,6.007,0.057
AMD Firepro W9100,Array3dAverage,THREE_D,176,1,16,4,20.7969,183.814,6.729,0.001,3.668,6.039,0.116
AMD Firepro W9100,Array3dAverage,THREE_D,176,1,16,8,20.7969,189.839,7.315,0.001,3.644,6.023,0.097
AMD Firepro W9100,Array3dAverage,THREE_D,176,1,16,16,20.7969,185.435,6.808,0.002,3.673,6.05,0.086
AMD Firepro W9100,Array3dAverage,THREE_D,176,2,1,16,20.7969,185.647,7.692,0.001,2.513,6.098,2.711
AMD Firepro W9100,Array3dAverage,THREE_D,176,2,2,16,20.7969,187.265,7.103,0.001,2.444,6.012,2.691
AMD Firepro W9100,Array3dAverage,THREE_D,176,2,4,16,20.7969,186.998,6.863,0.002,2.591,6.022,2.453
AMD Firepro W9100,Array3dAverage,THREE_D,176,2,8,16,20.7969,187.921,7.499,0.001,2.335,6.076,2.67
AMD Firepro W9100,Array3dAverage,THREE_D,176,2,16,1,20.7969,183.957,6.877,0.002,2.128,6.01,0.058
AMD Firepro W9100,Array3dAverage,THREE_D,176,2,16,2,20.7969,184.602,7.243,0.002,2.077,5.986,0.059
AMD Firepro W9100,Array3dAverage,THREE_D,176,2,16,4,20.7969,183.889,6.997,0.002,2.012,5.903,0.057
AMD Firepro W9100,Array3dAverage,THREE_D,176,2,16,8,20.7969,184.321,6.807,0.002,1.989,6.045,0.057
AMD Firepro W9100,Array3dAverage,THREE_D,176,4,1,16,20.7969,187.055,7.215,0.002,1.671,6.043,2.457
AMD Firepro W9100,Array3dAverage,THREE_D,176,4,2,16,20.7969,187.505,7.774,0.002,1.98,6.063,2.699
AMD Firepro W9100,Array3dAverage,THREE_D,176,4,4,16,20.7969,188.235,7.639,0.002,1.768,6.038,2.456
AMD Firepro W9100,Array3dAverage,THREE_D,176,4,16,1,20.7969,188.59,6.732,0.001,1.689,6.02,1.016
AMD Firepro W9100,Array3dAverage,THREE_D,176,4,16,2,20.7969,184.734,7.228,0.001,1.305,6.018,0.058
AMD Firepro W9100,Array3dAverage,THREE_D,176,4,16,4,20.7969,185.117,7.333,0.001,1.266,6,0.058
AMD Firepro W9100,Array3dAverage,THREE_D,176,8,1,16,20.7969,188.965,7.651,0.002,1.45,6.006,2.009
AMD Firepro W9100,Array3dAverage,THREE_D,176,8,2,16,20.7969,188.177,6.398,0.002,1.327,4.381,1.331
AMD Firepro W9100,Array3dAverage,THREE_D,176,8,16,1,20.7969,188.718,7.731,0.001,1.467,6.033,1.362
AMD Firepro W9100,Array3dAverage,THREE_D,176,8,16,2,20.7969,184.399,6.856,0.002,1.007,5.993,0.057
AMD Firepro W9100,Array3dAverage,THREE_D,176,16,1,1,20.7969,184.716,6.891,0.001,2.563,6.008,0.371
AMD Firepro W9100,Array3dAverage,THREE_D,176,16,1,2,20.7969,184.126,6.928,0.001,1.334,6.029,0.059
AMD Firepro W9100,Array3dAverage,THREE_D,176,16,1,4,20.7969,185.846,6.65,0.002,0.961,5.998,0.057
AMD Firepro W9100,Array3dAverage,THREE_D,176,16,1,8,20.7969,185.056,6.951,0.001,0.94,6.012,0.06
AMD Firepro W9100,Array3dAverage,THREE_D,176,16,1,16,20.7969,184.909,5.99,0.003,0.781,4.357,0.05
AMD Firepro W9100,Array3dAverage,THREE_D,176,16,2,1,20.7969,186.709,7.007,0.001,1.309,6.017,0.057
AMD Firepro W9100,Array3dAverage,THREE_D,176,16,2,2,20.7969,187.409,6.305,0.002,0.8,4.36,0.07
AMD Firepro W9100,Array3dAverage,THREE_D,176,16,2,4,20.7969,187.177,6.635,0.002,0.938,6.004,0.057
AMD Firepro W9100,Array3dAverage,THREE_D,176,16,2,8,20.7969,187.178,5.992,0.001,0.766,4.346,0.051
AMD Firepro W9100,Array3dAverage,THREE_D,176,16,4,1,20.7969,182.223,6.526,0.001,0.932,6.01,0.059
AMD Firepro W9100,Array3dAverage,THREE_D,176,16,4,2,20.7969,184.79,7.079,0.001,0.901,6.009,0.056
AMD Firepro W9100,Array3dAverage,THREE_D,176,16,4,4,20.7969,184.894,6.147,0.001,0.724,4.362,0.051
AMD Firepro W9100,Array3dAverage,THREE_D,176,16,8,1,20.7969,187.709,7.097,0.002,0.876,6.133,0.057
AMD Firepro W9100,Array3dAverage,THREE_D,176,16,8,2,20.7969,186.6,7.36,0.001,0.921,5.998,0.057
AMD Firepro W9100,Array3dAverage,THREE_D,176,16,16,1,20.7969,185.666,5.641,0.002,0.74,4.447,0.085
AMD Firepro W9100,Array3dAverage,THREE_D,176,1,1,16,20.7969,184.049,7.02,0.002,3.484,6.017,1.006
AMD Firepro W9100,Array3dAverage,THREE_D,176,1,2,16,20.7969,184.615,7.323,0.002,3.658,6.017,1.006
AMD Firepro W9100,Array3dAverage,THREE_D,176,1,4,16,20.7969,184.78,7.485,0.001,3.937,6.046,1.495
AMD Firepro W9100,Array3dAverage,THREE_D,176,1,8,16,20.7969,184.528,7.07,0.001,4.135,6.06,2.683
AMD Firepro W9100,Array3dAverage,THREE_D,176,1,16,1,20.7969,187.096,6.562,0.001,3.963,6.011,0.544
AMD Firepro W9100,Array3dAverage,THREE_D,176,1,16,2,20.7969,184.887,6.592,0.001,3.362,6.014,0.059
AMD Firepro W9100,Array3dAverage,THREE_D,176,1,16,4,20.7969,184.007,6.592,0.001,3.606,6.019,0.059
AMD Firepro W9100,Array3dAverage,THREE_D,176,1,16,8,20.7969,183.33,6.813,0.001,3.63,6.002,0.059
AMD Firepro W9100,Array3dAverage,THREE_D,176,1,16,16,20.7969,183.044,5.556,0.001,3.562,4.685,0.075
AMD Firepro W9100,Array3dAverage,THREE_D,176,2,1,16,20.7969,185.211,7.47,0.001,2.469,6.028,1.672
AMD Firepro W9100,Array3dAverage,THREE_D,176,2,2,16,20.7969,188.799,6.812,0.002,2.419,5.989,1.497
AMD Firepro W9100,Array3dAverage,THREE_D,176,2,4,16,20.7969,184.964,7.471,0.002,2.542,5.998,1.679
AMD Firepro W9100,Array3dAverage,THREE_D,176,2,8,16,20.7969,186.73,6.686,0.001,2.238,4.663,1.655
AMD Firepro W9100,Array3dAverage,THREE_D,176,2,16,1,20.7969,184.587,5.807,0.001,1.855,4.305,0.052
AMD Firepro W9100,Array3dAverage,THREE_D,176,2,16,2,20.7969,186.32,6.536,0.001,2.006,6.034,0.058
AMD Firepro W9100,Array3dAverage,THREE_D,176,2,16,4,20.7969,186.358,6.505,0.001,1.983,6.019,0.06
AMD Firepro W9100,Array3dAverage,THREE_D,176,2,16,8,20.7969,185.381,6.551,0.001,1.971,6.001,0.06
AMD Firepro W9100,Array3dAverage,THREE_D,176,4,1,16,20.7969,185.683,7.406,0.001,1.656,6.047,2.02
AMD Firepro W9100,Array3dAverage,THREE_D,176,4,2,16,20.7969,185.659,7.384,0,1.78,6.007,1.008
AMD Firepro W9100,Array3dAverage,THREE_D,176,4,4,16,20.7969,186.19,6.996,0.001,1.776,5.997,1.674
AMD Firepro W9100,Array3dAverage,THREE_D,176,4,16,1,20.7969,186.903,6.385,0.001,1.562,4.358,1.67
AMD Firepro W9100,Array3dAverage,THREE_D,176,4,16,2,20.7969,186.1,7.139,0.002,1.318,6.045,0.075
AMD Firepro W9100,Array3dAverage,THREE_D,176,4,16,4,20.7969,185.51,7.088,0.001,1.31,6.053,0.107
AMD Firepro W9100,Array3dAverage,THREE_D,176,8,1,16,20.7969,187.403,7.019,0.001,1.479,6.011,2.199
AMD Firepro W9100,Array3dAverage,THREE_D,176,8,2,16,20.7969,187.313,6.741,0.001,1.427,6.012,2.069
AMD Firepro W9100,Array3dAverage,THREE_D,176,8,16,1,20.7969,186.248,6.437,0.001,1.348,4.411,1.315
AMD Firepro W9100,Array3dAverage,THREE_D,176,8,16,2,20.7969,185.026,6.776,0.001,0.979,6.011,0.07
AMD Firepro W9100,Array3dAverage,THREE_D,176,16,1,1,20.7969,183.849,5.927,0.002,2.414,4.621,0.371
AMD Firepro W9100,Array3dAverage,THREE_D,176,16,1,2,20.7969,184.677,6.763,0.001,1.346,6.006,0.06
AMD Firepro W9100,Array3dAverage,THREE_D,176,16,1,4,20.7969,186.214,6.534,0.001,0.933,6.014,0.063
AMD Firepro W9100,Array3dAverage,THREE_D,176,16,1,8,20.7969,185.84,6.947,0.002,0.904,6.007,0.06
AMD Firepro W9100,Array3dAverage,THREE_D,176,16,1,16,20.7969,186.667,6.547,0.001,0.894,6.004,0.118
AMD Firepro W9100,Array3dAverage,THREE_D,176,16,2,1,20.7969,186.591,7.163,0.002,1.304,5.992,0.058
AMD Firepro W9100,Array3dAverage,THREE_D,176,16,2,2,20.7969,186.243,5.75,0.001,0.8,4.352,0.053
AMD Firepro W9100,Array3dAverage,THREE_D,176,16,2,4,20.7969,181.515,6.138,0.001,0.887,6.022,0.061
AMD Firepro W9100,Array3dAverage,THREE_D,176,16,2,8,20.7969,184.263,6.745,0.001,0.888,6.016,0.113
AMD Firepro W9100,Array3dAverage,THREE_D,176,16,4,1,20.7969,185.606,6.438,0.001,0.96,6.024,0.062
AMD Firepro W9100,Array3dAverage,THREE_D,176,16,4,2,20.7969,185.732,7.051,0.002,0.9,6.055,0.127
AMD Firepro W9100,Array3dAverage,THREE_D,176,16,4,4,20.7969,187.644,6.253,0.002,0.85,6.099,0.096
AMD Firepro W9100,Array3dAverage,THREE_D,176,16,8,1,20.7969,187.031,5.992,0.002,0.742,4.358,0.077
AMD Firepro W9100,Array3dAverage,THREE_D,176,16,8,2,20.7969,185.71,6.832,0.001,0.908,5.992,0.059
AMD Firepro W9100,Array3dAverage,THREE_D,176,16,16,1,20.7969,181.047,7.114,0.002,0.905,6.032,0.125
AMD Firepro W9100,Array3dAverage,THREE_D,176,1,1,4,20.7969,183.031,6.603,0.002,7.016,6.006,0.472
AMD Firepro W9100,Array3dAverage,THREE_D,176,1,1,8,20.7969,180.463,6.632,0.001,3.546,6.009,0.11
AMD Firepro W9100,Array3dAverage,THREE_D,176,1,1,16,20.7969,182.598,5.857,0.001,3.177,4.684,0.054
AMD Firepro W9100,Array3dAverage,THREE_D,176,1,2,4,20.7969,182.17,6.665,0.001,3.95,5.446,1.079
AMD Firepro W9100,Array3dAverage,THREE_D,176,1,2,8,20.7969,182.651,5.99,0.001,2.576,4.682,0.055
AMD Firepro W9100,Array3dAverage,THREE_D,176,1,2,16,20.7969,184.534,7.074,0.002,3.064,6.008,0.089
AMD Firepro W9100,Array3dAverage,THREE_D,176,1,4,1,20.7969,183.437,6.735,0.001,7.018,6.002,0.684
AMD Firepro W9100,Array3dAverage,THREE_D,176,1,4,2,20.7969,182.189,5.797,0.002,3.453,4.691,0.055
AMD Firepro W9100,Array3dAverage,THREE_D,176,1,4,4,20.7969,184.673,7.003,0.001,3.045,6.028,0.056
AMD Firepro W9100,Array3dAverage,THREE_D,176,1,4,8,20.7969,183.777,7.021,0.002,3.243,6.025,0.08
AMD Firepro W9100,Array3dAverage,THREE_D,176,1,4,16,20.7969,183.796,6.908,0.001,3.535,6.011,0.053
AMD Firepro W9100,Array3dAverage,THREE_D,176,1,8,1,20.7969,179.921,7.12,0.001,4.041,6.01,0.666
AMD Firepro W9100,Array3dAverage,THREE_D,176,1,8,2,20.7969,181.556,5.816,0.001,3.082,4.672,0.098
AMD Firepro W9100,Array3dAverage,THREE_D,176,1,8,4,20.7969,184.354,6.791,0.001,3.358,6.005,0.054
AMD Firepro W9100,Array3dAverage,THREE_D,176,1,8,8,20.7969,184.116,6.541,0.001,3.617,6.016,0.054
AMD Firepro W9100,Array3dAverage,THREE_D,176,1,8,16,20.7969,184.173,7.04,0.001,3.589,5.982,0.055
AMD Firepro W9100,Array3dAverage,THREE_D,176,1,16,1,20.7969,181.841,7.291,0.001,3.919,5.957,0.562
AMD Firepro W9100,Array3dAverage,THREE_D,176,1,16,2,20.7969,187.439,7.105,0.001,3.458,6.078,0.054
AMD Firepro W9100,Array3dAverage,THREE_D,176,1,16,4,20.7969,184.771,6.74,0.001,3.501,5.998,0.055
AMD Firepro W9100,Array3dAverage,THREE_D,176,1,16,8,20.7969,184.107,6.474,0.001,3.582,5.993,0.055
AMD Firepro W9100,Array3dAverage,THREE_D,176,1,16,16,20.7969,184.142,7.082,0.001,3.593,5.99,0.056
AMD Firepro W9100,Array3dAverage,THREE_D,176,2,1,4,20.7969,183.487,7.345,0.002,4.061,6.014,0.822
AMD Firepro W9100,Array3dAverage,THREE_D,176,2,1,8,20.7969,182.599,5.761,0.001,1.988,4.482,0.099
AMD Firepro W9100,Array3dAverage,THREE_D,176,2,1,16,20.7969,185.297,6.799,0.001,1.998,6.019,0.054
AMD Firepro W9100,Array3dAverage,THREE_D,176,2,2,4,20.7969,184.784,7.236,0.001,2.537,6.037,1.621
AMD Firepro W9100,Array3dAverage,THREE_D,176,2,2,8,20.7969,184.621,6.215,0.001,1.749,4.699,0.068
AMD Firepro W9100,Array3dAverage,THREE_D,176,2,2,16,20.7969,185.012,6.543,0.001,1.949,6.01,0.054
AMD Firepro W9100,Array3dAverage,THREE_D,176,2,4,1,20.7969,181.233,6.261,0.003,3.93,4.701,0.664
AMD Firepro W9100,Array3dAverage,THREE_D,176,2,4,2,20.7969,183.727,6.825,0.001,2.103,6.003,0.054
AMD Firepro W9100,Array3dAverage,THREE_D,176,2,4,4,20.7969,184.792,7.093,0.001,1.823,6.015,0.054
AMD Firepro W9100,Array3dAverage,THREE_D,176,2,4,8,20.7969,184.821,6.58,0.001,1.902,6.008,0.055
AMD Firepro W9100,Array3dAverage,THREE_D,176,2,4,16,20.7969,185.345,6.639,0.001,1.94,6.034,0.054
AMD Firepro W9100,Array3dAverage,THREE_D,176,2,8,1,20.7969,182.61,5.92,0.001,2.391,4.597,0.497
AMD Firepro W9100,Array3dAverage,THREE_D,176,2,8,2,20.7969,186.05,7.117,0.001,1.917,6.012,0.054
AMD Firepro W9100,Array3dAverage,THREE_D,176,2,8,4,20.7969,184.134,6.996,0.001,1.975,6,0.054
AMD Firepro W9100,Array3dAverage,THREE_D,176,2,8,8,20.7969,184.74,7.183,0.001,1.971,6.003,0.056
AMD Firepro W9100,Array3dAverage,THREE_D,176,2,8,16,20.7969,184.731,6.465,0.002,1.898,6.041,0.055
AMD Firepro W9100,Array3dAverage,THREE_D,176,2,16,1,20.7969,185.391,6.591,0.001,2.02,5.997,0.053
AMD Firepro W9100,Array3dAverage,THREE_D,176,2,16,2,20.7969,185.468,6.531,0.001,1.99,6.022,0.055
AMD Firepro W9100,Array3dAverage,THREE_D,176,2,16,4,20.7969,185.504,7.232,0.001,2.004,6.016,0.057
AMD Firepro W9100,Array3dAverage,THREE_D,176,2,16,8,20.7969,184.738,7.197,0.001,2.021,6.066,0.053
AMD Firepro W9100,Array3dAverage,THREE_D,176,4,1,1,20.7969,181.968,6.819,0.001,6.974,6.002,1.183
AMD Firepro W9100,Array3dAverage,THREE_D,176,4,1,2,20.7969,181.605,6.103,0,3.491,4.774,0.097
AMD Firepro W9100,Array3dAverage,THREE_D,176,4,1,4,20.7969,183.57,7.031,0.001,2.062,6.008,0.055
AMD Firepro W9100,Array3dAverage,THREE_D,176,4,1,8,20.7969,184.728,7.161,0.001,1.402,6.016,0.056
AMD Firepro W9100,Array3dAverage,THREE_D,176,4,1,16,20.7969,184.824,6.796,0.001,1.217,6.023,0.055
AMD Firepro W9100,Array3dAverage,THREE_D,176,4,2,1,20.7969,186.122,7.449,0.002,4.019,6.019,0.999
AMD Firepro W9100,Array3dAverage,THREE_D,176,4,2,2,20.7969,179.812,6.983,0.001,2.081,5.996,0.056
AMD Firepro W9100,Array3dAverage,THREE_D,176,4,2,4,20.7969,182.971,6.167,0.001,1.497,4.346,0.05
AMD Firepro W9100,Array3dAverage,THREE_D,176,4,2,8,20.7969,186.024,7.047,0.001,1.21,6.021,0.055
AMD Firepro W9100,Array3dAverage,THREE_D,176,4,2,16,20.7969,185.455,7.158,0.002,1.274,6.029,0.055
AMD Firepro W9100,Array3dAverage,THREE_D,176,4,4,1,20.7969,183.089,7.143,0.001,2.576,5.991,0.513
AMD Firepro W9100,Array3dAverage,THREE_D,176,4,4,2,20.7969,183.542,6.633,0.001,1.358,6.016,0.055
AMD Firepro W9100,Array3dAverage,THREE_D,176,4,4,4,20.7969,184.531,6.85,0.001,1.277,6.019,0.056
AMD Firepro W9100,Array3dAverage,THREE_D,176,4,4,8,20.7969,187.123,6.695,0.001,1.276,6.009,0.054
AMD Firepro W9100,Array3dAverage,THREE_D,176,4,4,16,20.7969,184.806,6.717,0.001,1.269,6.006,0.056
AMD Firepro W9100,Array3dAverage,THREE_D,176,4,8,1,20.7969,185.493,7.103,0,1.309,6.017,0.056
AMD Firepro W9100,Array3dAverage,THREE_D,176,4,8,2,20.7969,185.399,7.276,0.002,1.275,6.006,0.054
AMD Firepro W9100,Array3dAverage,THREE_D,176,4,8,4,20.7969,186.244,6.553,0.001,1.322,6.01,0.054
AMD Firepro W9100,Array3dAverage,THREE_D,176,4,8,8,20.7969,185.658,6.825,0.001,1.294,6.016,0.056
AMD Firepro W9100,Array3dAverage,THREE_D,176,4,16,1,20.7969,185.367,7.226,0.001,1.238,6.014,0.057
AMD Firepro W9100,Array3dAverage,THREE_D,176,4,16,2,20.7969,185.421,6.428,0.001,1.316,5.978,0.056
AMD Firepro W9100,Array3dAverage,THREE_D,176,4,16,4,20.7969,185.998,6.556,0.001,1.31,5.975,0.09
AMD Firepro W9100,Array3dAverage,THREE_D,176,8,1,1,20.7969,181.633,6.901,0.001,3.995,6.035,0.668
AMD Firepro W9100,Array3dAverage,THREE_D,176,8,1,2,20.7969,183.913,5.554,0.001,1.994,4.448,0.048
AMD Firepro W9100,Array3dAverage,THREE_D,176,8,1,4,20.7969,185.507,6.728,0.001,1.342,5.983,0.088
AMD Firepro W9100,Array3dAverage,THREE_D,176,8,1,8,20.7969,187.353,7.224,0.001,0.993,6.058,0.11
AMD Firepro W9100,Array3dAverage,THREE_D,176,8,1,16,20.7969,185.396,6.657,0.001,0.955,6.014,0.053
AMD Firepro W9100,Array3dAverage,THREE_D,176,8,2,1,20.7969,183.982,7.141,0.001,2.549,6.077,0.374
AMD Firepro W9100,Array3dAverage,THREE_D,176,8,2,2,20.7969,184.16,6.926,0.001,1.336,6.006,0.054
AMD Firepro W9100,Array3dAverage,THREE_D,176,8,2,4,20.7969,184.554,6.932,0.001,0.984,6.024,0.053
AMD Firepro W9100,Array3dAverage,THREE_D,176,8,2,8,20.7969,185.582,6.561,0.001,0.978,6.003,0.054
AMD Firepro W9100,Array3dAverage,THREE_D,176,8,2,16,20.7969,186.156,6.691,0.001,0.975,5.986,0.055
AMD Firepro W9100,Array3dAverage,THREE_D,176,8,4,1,20.7969,185.97,6.955,0.001,1.364,5.987,0.055
AMD Firepro W9100,Array3dAverage,THREE_D,176,8,4,2,20.7969,186.035,6.651,0.001,0.945,5.993,0.053
AMD Firepro W9100,Array3dAverage,THREE_D,176,8,4,4,20.7969,186.833,7.059,0.001,0.959,6,0.054
AMD Firepro W9100,Array3dAverage,THREE_D,176,8,4,8,20.7969,185.606,6.561,0.001,0.949,5.99,0.053
AMD Firepro W9100,Array3dAverage,THREE_D,176,8,8,1,20.7969,185.991,6.867,0.001,0.974,5.991,0.055
AMD Firepro W9100,Array3dAverage,THREE_D,176,8,8,2,20.7969,185.967,6.996,0.002,0.956,6.01,0.052
AMD Firepro W9100,Array3dAverage,THREE_D,176,8,8,4,20.7969,185.968,6.984,0.002,0.98,5.996,0.056
AMD Firepro W9100,Array3dAverage,THREE_D,176,8,16,1,20.7969,186.057,6.494,0.001,0.974,5.46,0.065
AMD Firepro W9100,Array3dAverage,THREE_D,176,8,16,2,20.7969,180.469,5.757,0.001,0.874,4.36,0.049
AMD Firepro W9100,Array3dAverage,THREE_D,176,16,1,1,20.7969,183.397,6.995,0.001,2.531,5.997,0.377
AMD Firepro W9100,Array3dAverage,THREE_D,176,16,1,2,20.7969,185.231,7.001,0.001,1.34,6.001,0.053
AMD Firepro W9100,Array3dAverage,THREE_D,176,16,1,4,20.7969,185.782,6.828,0.002,0.964,5.968,0.055
AMD Firepro W9100,Array3dAverage,THREE_D,176,16,1,8,20.7969,185.646,7.165,0.001,0.896,6.032,0.054
AMD Firepro W9100,Array3dAverage,THREE_D,176,16,1,16,20.7969,185.378,6.881,0.001,0.87,5.979,0.055
AMD Firepro W9100,Array3dAverage,THREE_D,176,16,2,1,20.7969,185.948,7.012,0.001,1.314,5.996,0.053
AMD Firepro W9100,Array3dAverage,THREE_D,176,16,2,2,20.7969,185.943,6.788,0.001,0.928,5.989,0.054
AMD Firepro W9100,Array3dAverage,THREE_D,176,16,2,4,20.7969,185.989,7.025,0.001,0.895,5.998,0.054
AMD Firepro W9100,Array3dAverage,THREE_D,176,16,2,8,20.7969,186.149,6.931,0.001,0.87,5.981,0.054
AMD Firepro W9100,Array3dAverage,THREE_D,176,16,4,1,20.7969,186.01,7.053,0.002,0.999,5.981,0.054
AMD Firepro W9100,Array3dAverage,THREE_D,176,16,4,2,20.7969,185.953,6.999,0.001,0.809,5.981,0.056
AMD Firepro W9100,Array3dAverage,THREE_D,176,16,4,4,20.7969,186.307,6.925,0.002,0.876,5.991,0.054
AMD Firepro W9100,Array3dAverage,THREE_D,176,16,8,1,20.7969,186.477,6.65,0.001,0.874,6.013,0.055
AMD Firepro W9100,Array3dAverage,THREE_D,176,16,8,2,20.7969,186.582,7.247,0.001,0.808,6.004,0.054
AMD Firepro W9100,Array3dAverage,THREE_D,176,16,16,1,20.7969,185.384,6.934,0.001,0.876,6.005,0.055
AMD Firepro W9100,Array3dAverage,THREE_D,176,1,1,16,20.7969,185.358,6.762,0.019,3.61,5.397,3.623
AMD Firepro W9100,Array3dAverage,THREE_D,176,1,2,16,20.7969,185.465,6.407,0.003,3.745,5.164,2.775
AMD Firepro W9100,Array3dAverage,THREE_D,176,1,4,16,20.7969,186.615,6.144,0.003,4.19,5.455,3.715
AMD Firepro W9100,Array3dAverage,THREE_D,176,1,8,16,20.7969,185.423,6.029,0.003,4.186,5.16,3.148
AMD Firepro W9100,Array3dAverage,THREE_D,176,1,16,1,20.7969,196.679,6.178,0.006,3.963,5.026,0.643
AMD Firepro W9100,Array3dAverage,THREE_D,176,1,16,2,20.7969,180.427,6.076,0.019,3.198,4.942,0.057
AMD Firepro W9100,Array3dAverage,THREE_D,176,1,16,4,20.7969,182.633,6.21,0.003,3.372,5.067,0.041
AMD Firepro W9100,Array3dAverage,THREE_D,176,1,16,8,20.7969,184.92,6.473,0.019,3.422,5.08,0.043
AMD Firepro W9100,Array3dAverage,THREE_D,176,1,16,16,20.7969,184.897,6.468,0.019,3.531,5.628,0.071
AMD Firepro W9100,Array3dAverage,THREE_D,176,2,1,16,20.7969,180.972,6.185,0.003,2.609,5.355,3.482
AMD Firepro W9100,Array3dAverage,THREE_D,176,2,2,16,20.7969,187.078,6.352,0.003,2.586,5.444,3.595
AMD Firepro W9100,Array3dAverage,THREE_D,176,2,4,16,20.7969,186.616,5.994,0.003,2.508,5.543,3.502
AMD Firepro W9100,Array3dAverage,THREE_D,176,2,8,16,20.7969,181.376,6.31,0.003,2.552,5.506,3.087
AMD Firepro W9100,Array3dAverage,THREE_D,176,2,16,1,20.7969,182.739,6.39,0.019,1.927,5.097,0.06
AMD Firepro W9100,Array3dAverage,THREE_D,176,2,16,2,20.7969,183.228,6.806,0.017,1.831,5.263,0.041
AMD Firepro W9100,Array3dAverage,THREE_D,176,2,16,4,20.7969,185.691,6.048,0.018,1.821,5.105,0.042
AMD Firepro W9100,Array3dAverage,THREE_D,176,2,16,8,20.7969,180.061,6.142,0.003,1.741,5.221,0.045
AMD Firepro W9100,Array3dAverage,THREE_D,176,4,1,16,20.7969,185.98,6.49,0.018,1.84,5.599,3.245
AMD Firepro W9100,Array3dAverage,THREE_D,176,4,2,16,20.7969,186.468,6.08,0.002,1.797,4.012,2.388
AMD Firepro W9100,Array3dAverage,THREE_D,176,4,4,16,20.7969,182.101,6.6,0.002,1.984,5.274,3.086
AMD Firepro W9100,Array3dAverage,THREE_D,176,4,16,1,20.7969,185.276,6.496,0.002,1.813,5.223,2.127
AMD Firepro W9100,Array3dAverage,THREE_D,176,4,16,2,20.7969,183.48,6.028,0.018,0.977,5.248,0.058
AMD Firepro W9100,Array3dAverage,THREE_D,176,4,16,4,20.7969,179.887,6.603,0.017,1.157,5.111,0.043
AMD Firepro W9100,Array3dAverage,THREE_D,176,8,1,16,20.7969,182.231,6.569,0.002,1.528,5.208,3.359
AMD Firepro W9100,Array3dAverage,THREE_D,176,8,2,16,20.7969,182.095,6.822,0.004,1.537,5.23,3.149
AMD Firepro W9100,Array3dAverage,THREE_D,176,8,16,1,20.7969,180.468,6.599,0.018,1.587,5.443,2.416
AMD Firepro W9100,Array3dAverage,THREE_D,176,8,16,2,20.7969,182.537,6.756,0.005,0.816,5.104,0.042
AMD Firepro W9100,Array3dAverage,THREE_D,176,16,1,1,20.7969,201.586,6.789,0.019,2.64,5.118,0.876
AMD Firepro W9100,Array3dAverage,THREE_D,176,16,1,2,20.7969,183.727,5.511,0.003,1.107,3.895,0.039
AMD Firepro W9100,Array3dAverage,THREE_D,176,16,1,4,20.7969,179.786,6.495,0.002,0.781,5.123,0.04
AMD Firepro W9100,Array3dAverage,THREE_D,176,16,1,8,20.7969,179.364,6.372,0.019,0.705,5.094,0.057
AMD Firepro W9100,Array3dAverage,THREE_D,176,16,1,16,20.7969,183.339,6.738,0.003,0.674,5.085,0.042
AMD Firepro W9100,Array3dAverage,THREE_D,176,16,2,1,20.7969,180.645,6.457,0.004,1.198,5.455,0.057
AMD Firepro W9100,Array3dAverage,THREE_D,176,16,2,2,20.7969,184.7,6.665,0.001,0.75,5.12,0.04
AMD Firepro W9100,Array3dAverage,THREE_D,176,16,2,4,20.7969,180.433,5.856,0.002,0.673,5.388,0.057
AMD Firepro W9100,Array3dAverage,THREE_D,176,16,2,8,20.7969,184.615,6.29,0.02,0.668,5.076,0.057
AMD Firepro W9100,Array3dAverage,THREE_D,176,16,4,1,20.7969,179.895,6.137,0.003,0.743,5.091,0.041
AMD Firepro W9100,Array3dAverage,THREE_D,176,16,4,2,20.7969,179.299,6.656,0.004,0.672,5.115,0.041
AMD Firepro W9100,Array3dAverage,THREE_D,176,16,4,4,20.7969,183.951,6.28,0.002,0.688,5.112,0.04
AMD Firepro W9100,Array3dAverage,THREE_D,176,16,8,1,20.7969,181.452,6,0.003,0.677,5.114,0.04
AMD Firepro W9100,Array3dAverage,THREE_D,176,16,8,2,20.7969,183.353,6.592,0.019,0.671,5.122,0.038
AMD Firepro W9100,Array3dAverage,THREE_D,176,16,16,1,20.7969,181.313,5.021,0.005,0.712,5.102,0.04
AMD Firepro W9100,Array3dAverage,THREE_D,176,1,1,16,20.7969,183.488,7.469,0.001,3.45,6.015,1.473
AMD Firepro W9100,Array3dAverage,THREE_D,176,1,2,16,20.7969,183.36,6.797,0.001,3.66,6.013,2.009
AMD Firepro W9100,Array3dAverage,THREE_D,176,1,4,16,20.7969,185.18,6.792,0.001,4.018,6.023,1.001
AMD Firepro W9100,Array3dAverage,THREE_D,176,1,8,16,20.7969,184.68,6.033,0.001,4.17,4.641,2.523
AMD Firepro W9100,Array3dAverage,THREE_D,176,1,16,1,20.7969,180.863,6.405,0.002,3.744,5.537,0.477
AMD Firepro W9100,Array3dAverage,THREE_D,176,1,16,2,20.7969,183.008,6.297,0.001,3.307,4.637,0.054
AMD Firepro W9100,Array3dAverage,THREE_D,176,1,16,4,20.7969,184.598,7.318,0.001,3.577,6.012,0.055
AMD Firepro W9100,Array3dAverage,THREE_D,176,1,16,8,20.7969,183.465,6.947,0.002,3.594,5.997,0.057
AMD Firepro W9100,Array3dAverage,THREE_D,176,1,16,16,20.7969,183.379,6.962,0.001,3.625,6.013,0.055
AMD Firepro W9100,Array3dAverage,THREE_D,176,2,1,16,20.7969,183.65,7.659,0.002,2.5,6.018,1.686
AMD Firepro W9100,Array3dAverage,THREE_D,176,2,2,16,20.7969,183.265,7.372,0.001,2.575,5.926,1.687
AMD Firepro W9100,Array3dAverage,THREE_D,176,2,4,16,20.7969,183.091,7.448,0.002,2.42,6.001,1.369
AMD Firepro W9100,Array3dAverage,THREE_D,176,2,8,16,20.7969,185.795,6.511,0.001,2.289,4.685,1.31
AMD Firepro W9100,Array3dAverage,THREE_D,176,2,16,1,20.7969,184.006,6.754,0.002,2.079,6.043,0.057
AMD Firepro W9100,Array3dAverage,THREE_D,176,2,16,2,20.7969,185.497,7.235,0.001,2.055,6.003,0.056
AMD Firepro W9100,Array3dAverage,THREE_D,176,2,16,4,20.7969,184.203,7.034,0.001,1.987,6.005,0.055
AMD Firepro W9100,Array3dAverage,THREE_D,176,2,16,8,20.7969,184.632,7.291,0.001,1.98,6.04,0.055
AMD Firepro W9100,Array3dAverage,THREE_D,176,4,1,16,20.7969,183.549,7.049,0.002,1.643,6.031,1.001
AMD Firepro W9100,Array3dAverage,THREE_D,176,4,2,16,20.7969,184.276,6.052,0.001,1.649,4.449,1.666
AMD Firepro W9100,Array3dAverage,THREE_D,176,4,4,16,20.7969,185.188,6.3,0.001,1.647,4.489,1.658
AMD Firepro W9100,Array3dAverage,THREE_D,176,4,16,1,20.7969,186.574,7.574,0.002,1.674,6.019,1.002
AMD Firepro W9100,Array3dAverage,THREE_D,176,4,16,2,20.7969,184.332,7.13,0.001,1.338,6.038,0.114
AMD Firepro W9100,Array3dAverage,THREE_D,176,4,16,4,20.7969,185.13,7.3,0.001,1.289,6.023,0.068
AMD Firepro W9100,Array3dAverage,THREE_D,176,8,1,16,20.7969,186.302,6.663,0.002,1.438,6.004,1.7
AMD Firepro W9100,Array3dAverage,THREE_D,176,8,2,16,20.7969,183.742,5.224,0.001,1.233,4.285,1.611
AMD Firepro W9100,Array3dAverage,THREE_D,176,8,16,1,20.7969,186.221,7.326,0.001,1.498,6.025,1.782
AMD Firepro W9100,Array3dAverage,THREE_D,176,8,16,2,20.7969,184.556,7.162,0.001,1.027,6.064,0.111
AMD Firepro W9100,Array3dAverage,THREE_D,176,16,1,1,20.7969,183.624,6.309,0.001,2.457,4.698,0.365
AMD Firepro W9100,Array3dAverage,THREE_D,176,16,1,2,20.7969,184.348,7.05,0.001,1.316,6.017,0.056
AMD Firepro W9100,Array3dAverage,THREE_D,176,16,1,4,20.7969,186.3,7.237,0.001,0.97,6.017,0.054
AMD Firepro W9100,Array3dAverage,THREE_D,176,16,1,8,20.7969,185.351,6.811,0.002,0.88,6.014,0.055
AMD Firepro W9100,Array3dAverage,THREE_D,176,16,1,16,20.7969,184.901,7.076,0.001,0.926,5.969,0.094
AMD Firepro W9100,Array3dAverage,THREE_D,176,16,2,1,20.7969,180.074,6.901,0.001,1.337,5.999,0.057
AMD Firepro W9100,Array3dAverage,THREE_D,176,16,2,2,20.7969,182.777,6.994,0.001,0.928,6.006,0.056
AMD Firepro W9100,Array3dAverage,THREE_D,176,16,2,4,20.7969,185.293,6.699,0.001,0.888,6.093,0.056
AMD Firepro W9100,Array3dAverage,THREE_D,176,16,2,8,20.7969,185.873,6.934,0.001,0.904,6.082,0.055
AMD Firepro W9100,Array3dAverage,THREE_D,176,16,4,1,20.7969,185.766,7.27,0.001,0.961,6.112,0.053
AMD Firepro W9100,Array3dAverage,THREE_D,176,16,4,2,20.7969,185.753,7.055,0.001,0.802,6.102,0.101
AMD Firepro W9100,Array3dAverage,THREE_D,176,16,4,4,20.7969,186.367,6.799,0.001,0.893,6.102,0.056
AMD Firepro W9100,Array3dAverage,THREE_D,176,16,8,1,20.7969,186.915,6.828,0.001,0.809,6.039,0.125
AMD Firepro W9100,Array3dAverage,THREE_D,176,16,8,2,20.7969,185.8,7.358,0.001,0.952,5.983,0.054
AMD Firepro W9100,Array3dAverage,THREE_D,176,16,16,1,20.7969,185.163,6.883,0.002,0.911,6.089,0.055
AMD Firepro W9100,Array3dAverage,THREE_D,176,1,1,4,20.7969,183.312,6.345,0.003,7.174,5.329,0.977
AMD Firepro W9100,Array3dAverage,THREE_D,176,1,1,8,20.7969,182.134,6.559,0.001,3.343,4.139,0.039
AMD Firepro W9100,Array3dAverage,THREE_D,176,1,1,16,20.7969,183.545,6.257,0.02,2.871,5.037,0.039
AMD Firepro W9100,Array3dAverage,THREE_D,176,1,2,4,20.7969,182.631,6.356,0.002,4.212,5.346,2.272
AMD Firepro W9100,Array3dAverage,THREE_D,176,1,2,8,20.7969,181.992,6.527,0.017,2.459,5.007,0.044
AMD Firepro W9100,Array3dAverage,THREE_D,176,1,2,16,20.7969,183.461,6.277,0.004,2.959,5.034,0.059
AMD Firepro W9100,Array3dAverage,THREE_D,176,1,4,1,20.7969,213.771,6.51,0.017,7.187,5.56,1.562
AMD Firepro W9100,Array3dAverage,THREE_D,176,1,4,2,20.7969,183.449,6.107,0.019,3.404,5.049,0.04
AMD Firepro W9100,Array3dAverage,THREE_D,176,1,4,4,20.7969,183.892,6.431,0.002,2.92,5.64,0.077
AMD Firepro W9100,Array3dAverage,THREE_D,176,1,4,8,20.7969,184.833,6.461,0.017,2.888,5.642,0.075
AMD Firepro W9100,Array3dAverage,THREE_D,176,1,4,16,20.7969,184.903,6.507,0.004,3.36,5.037,0.041
AMD Firepro W9100,Array3dAverage,THREE_D,176,1,8,1,20.7969,213.596,6.604,0.002,4.157,5.073,1.536
AMD Firepro W9100,Array3dAverage,THREE_D,176,1,8,2,20.7969,180.824,6.3,0.003,2.984,5.143,0.056
AMD Firepro W9100,Array3dAverage,THREE_D,176,1,8,4,20.7969,182.788,5.971,0.003,3.058,5.045,0.043
AMD Firepro W9100,Array3dAverage,THREE_D,176,1,8,8,20.7969,184.756,6.104,0.001,3.438,5.085,0.041
AMD Firepro W9100,Array3dAverage,THREE_D,176,1,8,16,20.7969,186.274,6.26,0.018,3.462,5.046,0.055
AMD Firepro W9100,Array3dAverage,THREE_D,176,1,16,1,20.7969,197.647,6.347,0.004,4.047,5.731,1.003
AMD Firepro W9100,Array3dAverage,THREE_D,176,1,16,2,20.7969,185.136,6.195,0.005,3.225,5.06,0.039
AMD Firepro W9100,Array3dAverage,THREE_D,176,1,16,4,20.7969,185.307,6.302,0.004,3.434,5.116,0.056
AMD Firepro W9100,Array3dAverage,THREE_D,176,1,16,8,20.7969,185.685,6.577,0.003,3.424,5.041,0.057
AMD Firepro W9100,Array3dAverage,THREE_D,176,1,16,16,20.7969,184.687,6.046,0.018,3.462,5.659,0.077
AMD Firepro W9100,Array3dAverage,THREE_D,176,2,1,4,20.7969,182.239,5.969,0.002,4.152,5.337,2.264
AMD Firepro W9100,Array3dAverage,THREE_D,176,2,1,8,20.7969,182.86,6.53,0.018,1.911,5.038,0.042
AMD Firepro W9100,Array3dAverage,THREE_D,176,2,1,16,20.7969,184.124,6.44,0.003,1.768,5.647,0.076
AMD Firepro W9100,Array3dAverage,THREE_D,176,2,2,4,20.7969,183.332,5.928,0.002,2.631,3.915,1.428
AMD Firepro W9100,Array3dAverage,THREE_D,176,2,2,8,20.7969,183.439,6.307,0.018,1.661,4.972,0.056
AMD Firepro W9100,Array3dAverage,THREE_D,176,2,2,16,20.7969,180.861,6.467,0.001,1.786,5.023,0.056
AMD Firepro W9100,Array3dAverage,THREE_D,176,2,4,1,20.7969,213.219,6.498,0.019,4.13,5.047,1.838
AMD Firepro W9100,Array3dAverage,THREE_D,176,2,4,2,20.7969,181.805,5.812,0.002,1.899,4.191,0.041
AMD Firepro W9100,Array3dAverage,THREE_D,176,2,4,4,20.7969,184.431,6.308,0.02,1.618,5.703,0.081
AMD Firepro W9100,Array3dAverage,THREE_D,176,2,4,8,20.7969,186.685,6.111,0.018,1.668,5.009,0.057
AMD Firepro W9100,Array3dAverage,THREE_D,176,2,4,16,20.7969,181.41,6.93,0.002,1.718,5.045,0.04
AMD Firepro W9100,Array3dAverage,THREE_D,176,2,8,1,20.7969,197.682,5.931,0.004,2.742,5.771,0.862
AMD Firepro W9100,Array3dAverage,THREE_D,176,2,8,2,20.7969,186.336,6.143,0.003,1.747,5.071,0.057
AMD Firepro W9100,Array3dAverage,THREE_D,176,2,8,4,20.7969,180.578,6.615,0.003,1.774,5.036,0.058
AMD Firepro W9100,Array3dAverage,THREE_D,176,2,8,8,20.7969,183.572,6.739,0.005,1.757,4.99,0.058
AMD Firepro W9100,Array3dAverage,THREE_D,176,2,8,16,20.7969,186.577,6.437,0.003,1.687,5.034,0.04
AMD Firepro W9100,Array3dAverage,THREE_D,176,2,16,1,20.7969,185.613,6.835,0.004,1.892,5.017,0.057
AMD Firepro W9100,Array3dAverage,THREE_D,176,2,16,2,20.7969,180.233,6.445,0.019,1.868,5.042,0.041
AMD Firepro W9100,Array3dAverage,THREE_D,176,2,16,4,20.7969,183.288,5.937,0.003,1.808,5.014,0.056
AMD Firepro W9100,Array3dAverage,THREE_D,176,2,16,8,20.7969,180.657,6.555,0.016,1.827,5.033,0.039
AMD Firepro W9100,Array3dAverage,THREE_D,176,4,1,1,20.7969,208.087,7.606,0.017,7.119,5.974,1.892
AMD Firepro W9100,Array3dAverage,THREE_D,176,4,1,2,20.7969,185.968,5.928,0.002,3.355,5.053,0.04
AMD Firepro W9100,Array3dAverage,THREE_D,176,4,1,4,20.7969,184.166,6.233,0.017,1.923,5.023,0.041
AMD Firepro W9100,Array3dAverage,THREE_D,176,4,1,8,20.7969,185.967,6.219,0.019,1.197,5.628,0.078
AMD Firepro W9100,Array3dAverage,THREE_D,176,4,1,16,20.7969,186.587,6.221,0.005,0.98,5.051,0.04
AMD Firepro W9100,Array3dAverage,THREE_D,176,4,2,1,20.7969,209.819,5.717,0.003,4.13,3.896,1.199
AMD Firepro W9100,Array3dAverage,THREE_D,176,4,2,2,20.7969,179.924,6.201,0.02,1.887,3.908,0.039
AMD Firepro W9100,Array3dAverage,THREE_D,176,4,2,4,20.7969,179.64,6.523,0.002,1.182,5.033,0.057
AMD Firepro W9100,Array3dAverage,THREE_D,176,4,2,8,20.7969,182.044,5.876,0.001,1.075,5.373,0.06
AMD Firepro W9100,Array3dAverage,THREE_D,176,4,2,16,20.7969,185.956,6.363,0.018,1.378,5.004,0.057
AMD Firepro W9100,Array3dAverage,THREE_D,176,4,4,1,20.7969,197.227,5.995,0.018,2.687,5.042,0.625
AMD Firepro W9100,Array3dAverage,THREE_D,176,4,4,2,20.7969,180.893,6.512,0.016,1.136,5.364,0.058
AMD Firepro W9100,Array3dAverage,THREE_D,176,4,4,4,20.7969,184.629,5.942,0.003,1.065,5.028,0.056
AMD Firepro W9100,Array3dAverage,THREE_D,176,4,4,8,20.7969,185.281,6.376,0.002,0.979,4.99,0.044
AMD Firepro W9100,Array3dAverage,THREE_D,176,4,4,16,20.7969,182.734,6.241,0.004,1.112,5.048,0.07
AMD Firepro W9100,Array3dAverage,THREE_D,176,4,8,1,20.7969,184.147,6.564,0.003,1.144,5.028,0.056
AMD Firepro W9100,Array3dAverage,THREE_D,176,4,8,2,20.7969,180.465,6.696,0.003,1.08,5.053,0.04
AMD Firepro W9100,Array3dAverage,THREE_D,176,4,8,4,20.7969,183.08,6.375,0.003,1.115,5.021,0.057
AMD Firepro W9100,Array3dAverage,THREE_D,176,4,8,8,20.7969,180.773,6.348,0.004,1.059,5.035,0.057
AMD Firepro W9100,Array3dAverage,THREE_D,176,4,16,1,20.7969,184.322,6.24,0.018,1.039,5.03,0.056
AMD Firepro W9100,Array3dAverage,THREE_D,176,4,16,2,20.7969,181.15,6.066,0.004,1.148,5.049,0.06
AMD Firepro W9100,Array3dAverage,THREE_D,176,4,16,4,20.7969,183.563,6,0.003,1.123,5.023,0.04
AMD Firepro W9100,Array3dAverage,THREE_D,176,8,1,1,20.7969,212.96,6.608,0.002,4.176,5.359,1.649
AMD Firepro W9100,Array3dAverage,THREE_D,176,8,1,2,20.7969,184.005,6.594,0.002,1.977,5.382,0.059
AMD Firepro W9100,Array3dAverage,THREE_D,176,8,1,4,20.7969,184.338,6.329,0.017,1.123,5.046,0.039
AMD Firepro W9100,Array3dAverage,THREE_D,176,8,1,8,20.7969,185.174,6.353,0.017,0.794,5.027,0.041
AMD Firepro W9100,Array3dAverage,THREE_D,176,8,1,16,20.7969,181.481,6.097,0.003,0.783,5.073,0.038
AMD Firepro W9100,Array3dAverage,THREE_D,176,8,2,1,20.7969,202.525,6.509,0.022,2.66,5.036,0.629
AMD Firepro W9100,Array3dAverage,THREE_D,176,8,2,2,20.7969,182.561,6.186,0.018,1.145,5.069,0.04
AMD Firepro W9100,Array3dAverage,THREE_D,176,8,2,4,20.7969,184.295,6.464,0.017,0.817,5.721,0.081
AMD Firepro W9100,Array3dAverage,THREE_D,176,8,2,8,20.7969,187.131,6.556,0.003,0.771,5.019,0.061
AMD Firepro W9100,Array3dAverage,THREE_D,176,8,2,16,20.7969,181.321,5.629,0.002,0.818,3.894,0.05
AMD Firepro W9100,Array3dAverage,THREE_D,176,8,4,1,20.7969,180.647,6.684,0.003,1.153,5.011,0.056
AMD Firepro W9100,Array3dAverage,THREE_D,176,8,4,2,20.7969,183.345,6.194,0.004,0.75,5.015,0.055
AMD Firepro W9100,Array3dAverage,THREE_D,176,8,4,4,20.7969,180.866,6.387,0.018,0.757,5.047,0.057
AMD Firepro W9100,Array3dAverage,THREE_D,176,8,4,8,20.7969,183.676,6.27,0.019,0.748,5.036,0.043
AMD Firepro W9100,Array3dAverage,THREE_D,176,8,8,1,20.7969,181.518,5.994,0.018,0.752,5.036,0.04
AMD Firepro W9100,Array3dAverage,THREE_D,176,8,8,2,20.7969,179.96,6.06,0.002,0.806,5.012,0.058
AMD Firepro W9100,Array3dAverage,THREE_D,176,8,8,4,20.7969,186.126,6.012,0.017,0.726,5.079,0.043
AMD Firepro W9100,Array3dAverage,THREE_D,176,8,16,1,20.7969,183.099,5.982,0.001,0.822,4.996,0.058
AMD Firepro W9100,Array3dAverage,THREE_D,176,8,16,2,20.7969,182.622,6.453,0.018,0.84,5.055,0.04
AMD Firepro W9100,Array3dAverage,THREE_D,176,16,1,1,20.7969,203.842,6.414,0.017,2.687,5.296,0.734
AMD Firepro W9100,Array3dAverage,THREE_D,176,16,1,2,20.7969,183.267,5.909,0.017,1.143,5.03,0.043
AMD Firepro W9100,Array3dAverage,THREE_D,176,16,1,4,20.7969,184.404,6.355,0.002,0.77,5.035,0.04
AMD Firepro W9100,Array3dAverage,THREE_D,176,16,1,8,20.7969,181.364,6.75,0.001,0.708,5.428,0.06
AMD Firepro W9100,Array3dAverage,THREE_D,176,16,1,16,20.7969,193.099,6.488,0.002,0.59,5.177,0.059
AMD Firepro W9100,Array3dAverage,THREE_D,176,16,2,1,20.7969,204.184,6.432,0.003,1.15,5.084,0.049
AMD Firepro W9100,Array3dAverage,THREE_D,176,16,2,2,20.7969,189.075,6.257,0.018,0.787,5.896,0.097
AMD Firepro W9100,Array3dAverage,THREE_D,176,16,2,4,20.7969,188.478,6.162,0.003,0.731,5.027,0.041
AMD Firepro W9100,Array3dAverage,THREE_D,176,16,2,8,20.7969,181.676,6.213,0.002,0.673,5.038,0.042
AMD Firepro W9100,Array3dAverage,THREE_D,176,16,4,1,20.7969,179.585,6.573,0.017,0.756,5.037,0.058
AMD Firepro W9100,Array3dAverage,THREE_D,176,16,4,2,20.7969,184.527,6.626,0.003,0.712,4.752,0.086
AMD Firepro W9100,Array3dAverage,THREE_D,176,16,4,4,20.7969,187.053,6.535,0.004,0.656,5.049,0.04
AMD Firepro W9100,Array3dAverage,THREE_D,176,16,8,1,20.7969,180.257,6.199,0.017,0.7,4.801,0.04
AMD Firepro W9100,Array3dAverage,THREE_D,176,16,8,2,20.7969,179.594,6.455,0.003,0.698,5.338,0.058
AMD Firepro W9100,Array3dAverage,THREE_D,176,16,16,1,20.7969,184.149,6.143,0.017,0.682,4.986,0.056
AMD Firepro W9100,Array3dAverage,THREE_D,176,1,1,16,20.7969,184.655,6.019,0.001,3.521,4.287,3.61
AMD Firepro W9100,Array3dAverage,THREE_D,176,1,2,16,20.7969,185.13,5.267,0.001,3.874,4.027,3.098
AMD Firepro W9100,Array3dAverage,THREE_D,176,1,4,16,20.7969,185.246,6.181,0.004,4.176,5.436,3.471
AMD Firepro W9100,Array3dAverage,THREE_D,176,1,8,16,20.7969,185.061,6.423,0.002,4.257,5.387,3.458
AMD Firepro W9100,Array3dAverage,THREE_D,176,1,16,1,20.7969,196.895,5.949,0.017,4.067,5.56,0.832
AMD Firepro W9100,Array3dAverage,THREE_D,176,1,16,2,20.7969,185.372,6.161,0.002,3.226,5.043,0.057
AMD Firepro W9100,Array3dAverage,THREE_D,176,1,16,4,20.7969,185.739,5.887,0.017,3.402,5.675,0.076
AMD Firepro W9100,Array3dAverage,THREE_D,176,1,16,8,20.7969,185.971,6.004,0.002,3.402,5.035,0.055
AMD Firepro W9100,Array3dAverage,THREE_D,176,1,16,16,20.7969,183.99,6.258,0.002,3.497,5.742,0.082
AMD Firepro W9100,Array3dAverage,THREE_D,176,2,1,16,20.7969,185.307,6.063,0.001,2.587,5.413,3.604
AMD Firepro W9100,Array3dAverage,THREE_D,176,2,2,16,20.7969,182.27,6.294,0.003,2.513,5.131,2.896
AMD Firepro W9100,Array3dAverage,THREE_D,176,2,4,16,20.7969,188.795,5.418,0.001,2.552,4.009,2.962
AMD Firepro W9100,Array3dAverage,THREE_D,176,2,8,16,20.7969,186.55,6.433,0.002,2.63,5.482,3.477
AMD Firepro W9100,Array3dAverage,THREE_D,176,2,16,1,20.7969,183.536,6.486,0.002,1.912,5.066,0.061
AMD Firepro W9100,Array3dAverage,THREE_D,176,2,16,2,20.7969,185.42,6.619,0.018,1.847,5.039,0.058
AMD Firepro W9100,Array3dAverage,THREE_D,176,2,16,4,20.7969,185.187,6.071,0.003,1.76,5.029,0.057
AMD Firepro W9100,Array3dAverage,THREE_D,176,2,16,8,20.7969,180.608,6.343,0.017,1.842,5.457,0.066
AMD Firepro W9100,Array3dAverage,THREE_D,176,4,1,16,20.7969,180.616,6.324,0.004,1.782,5.135,3.352
AMD Firepro W9100,Array3dAverage,THREE_D,176,4,2,16,20.7969,180.39,5.845,0.002,1.866,5.152,3.361
AMD Firepro W9100,Array3dAverage,THREE_D,176,4,4,16,20.7969,180.743,5.973,0.017,1.826,5.125,3.344
AMD Firepro W9100,Array3dAverage,THREE_D,176,4,16,1,20.7969,180.754,5.663,0.002,1.796,5.133,2.281
AMD Firepro W9100,Array3dAverage,THREE_D,176,4,16,2,20.7969,182.28,5.124,0.002,1.127,3.891,0.042
AMD Firepro W9100,Array3dAverage,THREE_D,176,4,16,4,20.7969,179.739,6.054,0.017,1.084,4.77,0.041
AMD Firepro W9100,Array3dAverage,THREE_D,176,8,1,16,20.7969,181.602,6.183,0.016,1.558,5.156,3.362
AMD Firepro W9100,Array3dAverage,THREE_D,176,8,2,16,20.7969,184.842,6.426,0.001,1.594,5.347,3.421
AMD Firepro W9100,Array3dAverage,THREE_D,176,8,16,1,20.7969,181.6,6.256,0.002,1.54,5.113,2.295
AMD Firepro W9100,Array3dAverage,THREE_D,176,8,16,2,20.7969,182.509,6.081,0.018,0.818,5.075,0.04
AMD Firepro W9100,Array3dAverage,THREE_D,176,16,1,1,20.7969,198.919,6.093,0.021,2.673,5.026,0.629
AMD Firepro W9100,Array3dAverage,THREE_D,176,16,1,2,20.7969,181.663,5.9,0.017,1.117,5.049,0.04
AMD Firepro W9100,Array3dAverage,THREE_D,176,16,1,4,20.7969,183.919,6.004,0.018,0.769,5.022,0.058
AMD Firepro W9100,Array3dAverage,THREE_D,176,16,1,8,20.7969,182.311,6.744,0.013,0.744,5.34,0.057
AMD Firepro W9100,Array3dAverage,THREE_D,176,16,1,16,20.7969,184.491,6.077,0.019,0.694,5.052,0.042
AMD Firepro W9100,Array3dAverage,THREE_D,176,16,2,1,20.7969,180.954,6.548,0.003,1.121,3.843,0.081
AMD Firepro W9100,Array3dAverage,THREE_D,176,16,2,2,20.7969,185.413,6.221,0.002,0.804,5.026,0.058
AMD Firepro W9100,Array3dAverage,THREE_D,176,16,2,4,20.7969,208.612,6.918,0.002,0.815,5.826,0.098
AMD Firepro W9100,Array3dAverage,THREE_D,176,16,2,8,20.7969,199.335,6.611,0.002,0.726,5.634,0.049
AMD Firepro W9100,Array3dAverage,THREE_D,176,16,4,1,20.7969,190.083,6.764,0.001,0.833,5.602,0.048
AMD Firepro W9100,Array3dAverage,THREE_D,176,16,4,2,20.7969,188,6.506,0.002,0.738,5.624,0.046
AMD Firepro W9100,Array3dAverage,THREE_D,176,16,4,4,20.7969,187.344,6.467,0.002,0.729,5.63,0.056
AMD Firepro W9100,Array3dAverage,THREE_D,176,16,8,1,20.7969,188.111,6.29,0.003,0.741,5.553,0.044
AMD Firepro W9100,Array3dAverage,THREE_D,176,16,8,2,20.7969,187.392,6.381,0.001,0.75,5.617,0.044
AMD Firepro W9100,Array3dAverage,THREE_D,176,16,16,1,20.7969,186.74,6.773,0.003,0.718,5.629,0.043
AMD Firepro W9100,Array3dAverage,THREE_D,176,1,1,16,20.7969,181.701,6.263,0.016,3.557,4.668,2.292
AMD Firepro W9100,Array3dAverage,THREE_D,176,1,2,16,20.7969,183.185,6.731,0.005,3.91,5.27,2.424
AMD Firepro W9100,Array3dAverage,THREE_D,176,1,4,16,20.7969,183.224,6.719,0.001,4.169,4.914,2.435
AMD Firepro W9100,Array3dAverage,THREE_D,176,1,8,16,20.7969,186.771,6.585,0.004,4.282,5.187,3.143
AMD Firepro W9100,Array3dAverage,THREE_D,176,1,16,1,20.7969,189.884,6.542,0.019,4.025,5.48,0.782
AMD Firepro W9100,Array3dAverage,THREE_D,176,1,16,2,20.7969,183.51,6.454,0.002,3.362,5.63,0.077
AMD Firepro W9100,Array3dAverage,THREE_D,176,1,16,4,20.7969,184.255,6.423,0.004,3.462,4.663,0.059
AMD Firepro W9100,Array3dAverage,THREE_D,176,1,16,8,20.7969,186.598,6.275,0.002,3.462,5.294,0.074
AMD Firepro W9100,Array3dAverage,THREE_D,176,1,16,16,20.7969,184.253,6.05,0.002,3.49,4.711,0.059
AMD Firepro W9100,Array3dAverage,THREE_D,176,2,1,16,20.7969,184.996,6.68,0.003,2.581,5.273,2.454
AMD Firepro W9100,Array3dAverage,THREE_D,176,2,2,16,20.7969,180.444,6.655,0.004,2.537,5.009,2.276
AMD Firepro W9100,Array3dAverage,THREE_D,176,2,4,16,20.7969,182.657,6.17,0.003,2.645,4.898,2.412
AMD Firepro W9100,Array3dAverage,THREE_D,176,2,8,16,20.7969,180.027,6.263,0.018,2.526,5.266,3.124
AMD Firepro W9100,Array3dAverage,THREE_D,176,2,16,1,20.7969,184.131,6.497,0.001,1.907,5.024,0.042
AMD Firepro W9100,Array3dAverage,THREE_D,176,2,16,2,20.7969,186.009,5.932,0.004,1.888,5.034,0.058
AMD Firepro W9100,Array3dAverage,THREE_D,176,2,16,4,20.7969,185.82,6.242,0.001,1.812,4.631,0.056
AMD Firepro W9100,Array3dAverage,THREE_D,176,2,16,8,20.7969,180.286,6.341,0.004,1.776,5.025,0.04
AMD Firepro W9100,Array3dAverage,THREE_D,176,4,1,16,20.7969,183.375,6.043,0.003,1.788,4.996,2.416
AMD Firepro W9100,Array3dAverage,THREE_D,176,4,2,16,20.7969,184.201,6.164,0.017,1.902,4.916,2.434
AMD Firepro W9100,Array3dAverage,THREE_D,176,4,4,16,20.7969,185.71,5.652,0.002,1.843,4.067,1.794
AMD Firepro W9100,Array3dAverage,THREE_D,176,4,16,1,20.7969,185.327,6.361,0.003,1.822,4.943,2.459
AMD Firepro W9100,Array3dAverage,THREE_D,176,4,16,2,20.7969,184.762,6.492,0.017,1.16,4.58,0.082
AMD Firepro W9100,Array3dAverage,THREE_D,176,4,16,4,20.7969,180.218,6.06,0.003,1.077,4.862,0.044
AMD Firepro W9100,Array3dAverage,THREE_D,176,8,1,16,20.7969,187.411,6.709,0.003,1.658,5.37,3.59
AMD Firepro W9100,Array3dAverage,THREE_D,176,8,2,16,20.7969,183.331,6.416,0.016,1.707,5.553,3.184
AMD Firepro W9100,Array3dAverage,THREE_D,176,8,16,1,20.7969,189.858,6.135,0.001,1.535,4.617,2.194
AMD Firepro W9100,Array3dAverage,THREE_D,176,8,16,2,20.7969,180.638,6.36,0.001,0.808,4.671,0.055
AMD Firepro W9100,Array3dAverage,THREE_D,176,16,1,1,20.7969,188.283,6.01,0.003,2.687,5.184,0.734
AMD Firepro W9100,Array3dAverage,THREE_D,176,16,1,2,20.7969,183.339,6.122,0.016,1.125,4.703,0.054
AMD Firepro W9100,Array3dAverage,THREE_D,176,16,1,4,20.7969,186.273,6.547,0.001,0.746,4.669,0.042
AMD Firepro W9100,Array3dAverage,THREE_D,176,16,1,8,20.7969,181.086,6.55,0.001,0.743,4.972,0.057
AMD Firepro W9100,Array3dAverage,THREE_D,176,16,1,16,20.7969,183.635,6.381,0.018,0.685,4.997,0.055
AMD Firepro W9100,Array3dAverage,THREE_D,176,16,2,1,20.7969,180.946,6.473,0.018,1.167,4.799,0.04
AMD Firepro W9100,Array3dAverage,THREE_D,176,16,2,2,20.7969,179.601,6.597,0.002,0.789,4.652,0.039
AMD Firepro W9100,Array3dAverage,THREE_D,176,16,2,4,20.7969,185.659,6.614,0.002,0.761,4.738,0.045
AMD Firepro W9100,Array3dAverage,THREE_D,176,16,2,8,20.7969,180.47,5.963,0.002,0.698,4.743,0.04
AMD Firepro W9100,Array3dAverage,THREE_D,176,16,4,1,20.7969,179.814,6.003,0.002,0.749,4.133,0.04
AMD Firepro W9100,Array3dAverage,THREE_D,176,16,4,2,20.7969,179.691,6.319,0.002,0.702,4.982,0.057
AMD Firepro W9100,Array3dAverage,THREE_D,176,16,4,4,20.7969,182.761,6.207,0.005,0.721,5.079,0.057
AMD Firepro W9100,Array3dAverage,THREE_D,176,16,8,1,20.7969,186.72,6.497,0.017,0.71,4.811,0.087
AMD Firepro W9100,Array3dAverage,THREE_D,176,16,8,2,20.7969,187.202,6.109,0.017,0.684,5.166,0.054
AMD Firepro W9100,Array3dAverage,THREE_D,176,16,16,1,20.7969,180.895,6.341,0.003,0.695,4.634,0.04
