device/C,kernel/C,workDimension/C,width/F,height/F,xLocal/I,yLocal/I,zLocal/I,MB/F,init/F,memoryCopyOut/F,plan/F,execute/F,memoryCopyIn/F,cleanUp/F
AMD Firepro W9100,FloydWarshall,TWO_D,2985,2985,1,1,1,33,214.205,9.718,0.005,117014,24.797,5.406
AMD Firepro W9100,FloydWarshall,TWO_D,2985,2985,1,2,1,33,278.667,7.587,0.003,59912.5,24.723,5.374
AMD Firepro W9100,FloydWarshall,TWO_D,2985,2985,1,4,1,33,288.709,9.491,0.005,32032.1,31.55,5.769
AMD Firepro W9100,FloydWarshall,TWO_D,2985,2985,1,8,1,33,289.973,15.184,0.005,18491.7,26.823,5.74
AMD Firepro W9100,FloydWarshall,TWO_D,2985,2985,1,16,1,33,285.468,9.605,0.006,12655.7,25.567,5.62
AMD Firepro W9100,FloydWarshall,TWO_D,2985,2985,1,32,1,33,285.1,9.726,0.005,9917.59,28.054,5.229
AMD Firepro W9100,FloydWarshall,TWO_D,2985,2985,1,64,1,33,286.231,9.849,0.004,9950.36,27.962,5.684
AMD Firepro W9100,FloydWarshall,TWO_D,2985,2985,1,128,1,33,286.634,9.572,0.006,9960.64,27.947,5.655
AMD Firepro W9100,FloydWarshall,TWO_D,2985,2985,1,256,1,33,285.269,9.848,0.005,10429.7,28.233,5.672
AMD Firepro W9100,FloydWarshall,TWO_D,2985,2985,2,1,1,33,287.322,9.077,0.005,59914.9,26.693,5.482
AMD Firepro W9100,FloydWarshall,TWO_D,2985,2985,2,2,1,33,286.47,9.331,0.004,32113.4,31.033,5.56
AMD Firepro W9100,FloydWarshall,TWO_D,2985,2985,2,4,1,33,287.503,9.678,0.004,18761.7,27.865,5.67
AMD Firepro W9100,FloydWarshall,TWO_D,2985,2985,2,8,1,33,285.219,9.883,0.005,12258.7,28.324,5.795
AMD Firepro W9100,FloydWarshall,TWO_D,2985,2985,2,16,1,33,288.107,8.024,0.004,9953.99,26.569,5.714
AMD Firepro W9100,FloydWarshall,TWO_D,2985,2985,2,32,1,33,285.709,10.167,0.005,9485.93,25.213,5.178
AMD Firepro W9100,FloydWarshall,TWO_D,2985,2985,2,64,1,33,289.339,9.882,0.005,9229.87,29.135,5.36
AMD Firepro W9100,FloydWarshall,TWO_D,2985,2985,2,128,1,33,283.07,10.071,0.005,9045.65,28.13,5.707
AMD Firepro W9100,FloydWarshall,TWO_D,2985,2985,4,1,1,33,286.436,10.756,0.005,32046.5,26.208,5.81
AMD Firepro W9100,FloydWarshall,TWO_D,2985,2985,4,2,1,33,283.045,10.798,0.006,18697.3,27.683,5.473
AMD Firepro W9100,FloydWarshall,TWO_D,2985,2985,4,4,1,33,285.45,9.666,0.004,12649,25.579,5.567
AMD Firepro W9100,FloydWarshall,TWO_D,2985,2985,4,8,1,33,287.437,9.931,0.006,9869.6,25.739,5.715
AMD Firepro W9100,FloydWarshall,TWO_D,2985,2985,4,16,1,33,285.325,7.862,0.003,9337.48,28.688,5.72
AMD Firepro W9100,FloydWarshall,TWO_D,2985,2985,4,32,1,33,286.47,9.729,0.005,8539.26,28.414,5.355
AMD Firepro W9100,FloydWarshall,TWO_D,2985,2985,4,64,1,33,288.169,9.297,0.004,8958.55,30.655,6.109
AMD Firepro W9100,FloydWarshall,TWO_D,2985,2985,8,1,1,33,284.476,10.677,0.021,18755.6,26.092,5.863
AMD Firepro W9100,FloydWarshall,TWO_D,2985,2985,8,2,1,33,283.734,10.514,0.004,12709.2,27.326,5.828
AMD Firepro W9100,FloydWarshall,TWO_D,2985,2985,8,4,1,33,285.209,10.616,0.005,10078.4,28.367,5.047
AMD Firepro W9100,FloydWarshall,TWO_D,2985,2985,8,8,1,33,283.362,10.778,0.005,9229.93,29.432,5.358
AMD Firepro W9100,FloydWarshall,TWO_D,2985,2985,8,16,1,33,282.453,10.747,0.005,8856.12,27.645,5.06
AMD Firepro W9100,FloydWarshall,TWO_D,2985,2985,8,32,1,33,282.627,10.697,0.005,8687.13,30.282,5.849
AMD Firepro W9100,FloydWarshall,TWO_D,2985,2985,16,1,1,33,282.758,10.408,0.004,12598.6,27.02,5.797
AMD Firepro W9100,FloydWarshall,TWO_D,2985,2985,16,2,1,33,285.348,9.694,0.006,9911.48,27.143,5.8
AMD Firepro W9100,FloydWarshall,TWO_D,2985,2985,16,4,1,33,285.663,9.992,0.005,9109.41,28.409,5.786
AMD Firepro W9100,FloydWarshall,TWO_D,2985,2985,16,8,1,33,286.565,9.591,0.005,8516.59,25.22,5.743
AMD Firepro W9100,FloydWarshall,TWO_D,2985,2985,16,16,1,33,284.512,7.863,0.004,8670.78,27.405,5.423
AMD Firepro W9100,FloydWarshall,TWO_D,2985,2985,32,1,1,33,287.65,9.359,0.004,9978.98,28.076,5.693
AMD Firepro W9100,FloydWarshall,TWO_D,2985,2985,32,2,1,33,286.099,8.522,0.004,9104.26,31.19,5.733
AMD Firepro W9100,FloydWarshall,TWO_D,2985,2985,32,4,1,33,284.38,9.59,0.005,8493.03,25.558,5.687
AMD Firepro W9100,FloydWarshall,TWO_D,2985,2985,32,8,1,33,284.152,10.818,0.005,8335.79,28.816,5.414
AMD Firepro W9100,FloydWarshall,TWO_D,2985,2985,64,1,1,33,282.046,9.588,0.006,9063.03,28.773,5.36
AMD Firepro W9100,FloydWarshall,TWO_D,2985,2985,64,2,1,33,282.83,9.521,0.005,8452.25,29.468,5.754
AMD Firepro W9100,FloydWarshall,TWO_D,2985,2985,64,4,1,33,282.614,10.08,0.005,8473.26,28.659,5.046
AMD Firepro W9100,FloydWarshall,TWO_D,2985,2985,128,1,1,33,282.05,10.93,0.004,8519.75,26.599,3.734
AMD Firepro W9100,FloydWarshall,TWO_D,2985,2985,128,2,1,33,283.498,9.224,0.003,8377.71,26.489,5.953
AMD Firepro W9100,FloydWarshall,TWO_D,2985,2985,256,1,1,33,284.528,10.522,0.005,8459.57,34.396,5.855
AMD Firepro W9100,FloydWarshall,TWO_D,2985,2985,1,1,1,33,216.697,10.449,0.005,117083,40.968,4.744
AMD Firepro W9100,FloydWarshall,TWO_D,2985,2985,1,2,1,33,235.738,10.457,0.005,59966.1,41.688,4.798
AMD Firepro W9100,FloydWarshall,TWO_D,2985,2985,1,4,1,33,252.425,10.511,0.02,31791.4,40.818,4.887
AMD Firepro W9100,FloydWarshall,TWO_D,2985,2985,1,8,1,33,293.608,9.421,0.004,18470.2,27.731,5.203
AMD Firepro W9100,FloydWarshall,TWO_D,2985,2985,1,16,1,33,291.504,9.952,0.004,12604.9,28.114,5.196
AMD Firepro W9100,FloydWarshall,TWO_D,2985,2985,1,32,1,33,291.984,9.762,0.005,10004.4,24.698,3.172
AMD Firepro W9100,FloydWarshall,TWO_D,2985,2985,1,64,1,33,294.589,10.807,0.019,10115.9,28.575,4.863
AMD Firepro W9100,FloydWarshall,TWO_D,2985,2985,1,128,1,33,292.189,9.552,0.005,9979.47,26.614,5.241
AMD Firepro W9100,FloydWarshall,TWO_D,2985,2985,1,256,1,33,290.851,8.008,0.004,10506.6,27.857,5.132
AMD Firepro W9100,FloydWarshall,TWO_D,2985,2985,2,1,1,33,291.72,8.414,0.003,59999.8,26.745,5.288
AMD Firepro W9100,FloydWarshall,TWO_D,2985,2985,2,2,1,33,295.529,9.876,0.005,32019.7,27.669,5.28
AMD Firepro W9100,FloydWarshall,TWO_D,2985,2985,2,4,1,33,291.034,8.913,0.005,18643.3,25.715,4.973
AMD Firepro W9100,FloydWarshall,TWO_D,2985,2985,2,8,1,33,288.552,9.862,0.005,12492,29.027,5.258
AMD Firepro W9100,FloydWarshall,TWO_D,2985,2985,2,16,1,33,291.498,9.653,0.005,10043.4,28.968,5.087
AMD Firepro W9100,FloydWarshall,TWO_D,2985,2985,2,32,1,33,288.064,9.573,0.005,9534.21,26.669,4.728
AMD Firepro W9100,FloydWarshall,TWO_D,2985,2985,2,64,1,33,287.86,9.895,0.006,8953.94,29.279,5.251
AMD Firepro W9100,FloydWarshall,TWO_D,2985,2985,2,128,1,33,288.329,8.112,0.003,8941.4,28.235,4.885
AMD Firepro W9100,FloydWarshall,TWO_D,2985,2985,4,1,1,33,287.934,8.09,0.004,32001.1,25.08,5.078
AMD Firepro W9100,FloydWarshall,TWO_D,2985,2985,4,2,1,33,293.468,10.114,0.004,18745.4,25.081,5.199
AMD Firepro W9100,FloydWarshall,TWO_D,2985,2985,4,4,1,33,293.546,9.477,0.006,12619.3,27.842,5.133
AMD Firepro W9100,FloydWarshall,TWO_D,2985,2985,4,8,1,33,291.888,8.27,0.003,9794.17,25.167,5.379
AMD Firepro W9100,FloydWarshall,TWO_D,2985,2985,4,16,1,33,293.67,10.892,0.019,9461.72,30.258,5.432
AMD Firepro W9100,FloydWarshall,TWO_D,2985,2985,4,32,1,33,288.631,8.807,0.004,8619.85,35.965,5.286
AMD Firepro W9100,FloydWarshall,TWO_D,2985,2985,4,64,1,33,304.676,10.925,0.02,9085.8,28.105,5.473
AMD Firepro W9100,FloydWarshall,TWO_D,2985,2985,8,1,1,33,291.638,10.734,0.005,18881.3,29.035,5.444
AMD Firepro W9100,FloydWarshall,TWO_D,2985,2985,8,2,1,33,292.072,10.824,0.019,12633.3,29.014,5.313
AMD Firepro W9100,FloydWarshall,TWO_D,2985,2985,8,4,1,33,291.897,10.82,0.019,9981.49,29.073,4.933
AMD Firepro W9100,FloydWarshall,TWO_D,2985,2985,8,8,1,33,287.919,10.356,0.005,9060.85,27.55,5.294
AMD Firepro W9100,FloydWarshall,TWO_D,2985,2985,8,16,1,33,291.388,10.897,0.02,8698.85,30.146,5.302
AMD Firepro W9100,FloydWarshall,TWO_D,2985,2985,8,32,1,33,288.427,8.13,0.005,8660.01,25.707,4.91
AMD Firepro W9100,FloydWarshall,TWO_D,2985,2985,16,1,1,33,294.972,9.704,0.004,12615.3,25.794,5.325
AMD Firepro W9100,FloydWarshall,TWO_D,2985,2985,16,2,1,33,288.901,10.382,0.019,9989.44,29.302,4.893
AMD Firepro W9100,FloydWarshall,TWO_D,2985,2985,16,4,1,33,288.197,8.213,0.003,9080.17,28.891,5.27
AMD Firepro W9100,FloydWarshall,TWO_D,2985,2985,16,8,1,33,291.228,10.266,0.003,8390.79,26.139,5.28
AMD Firepro W9100,FloydWarshall,TWO_D,2985,2985,16,16,1,33,290.328,9.308,0.003,8512.01,29.424,4.948
AMD Firepro W9100,FloydWarshall,TWO_D,2985,2985,32,1,1,33,292.542,10.163,0.005,9694.98,28.067,5.287
AMD Firepro W9100,FloydWarshall,TWO_D,2985,2985,32,2,1,33,291.84,9.749,0.005,9158.44,30.429,5.272
AMD Firepro W9100,FloydWarshall,TWO_D,2985,2985,32,4,1,33,288.724,7.93,0.004,8663.4,28.021,5.274
AMD Firepro W9100,FloydWarshall,TWO_D,2985,2985,32,8,1,33,291.882,9.502,0.005,8345.16,28.551,5.252
AMD Firepro W9100,FloydWarshall,TWO_D,2985,2985,64,1,1,33,291.902,7.915,0.003,8896.67,27.858,5.248
AMD Firepro W9100,FloydWarshall,TWO_D,2985,2985,64,2,1,33,291.916,9.724,0.005,8541.22,26.197,5.215
AMD Firepro W9100,FloydWarshall,TWO_D,2985,2985,64,4,1,33,293.843,9.379,0.003,8457.3,28.839,4.678
AMD Firepro W9100,FloydWarshall,TWO_D,2985,2985,128,1,1,33,293.118,10.152,0.005,8637.79,30.975,5.288
AMD Firepro W9100,FloydWarshall,TWO_D,2985,2985,128,2,1,33,289.295,8.204,0.004,8367.47,31.001,5.242
AMD Firepro W9100,FloydWarshall,TWO_D,2985,2985,256,1,1,33,288.486,8.234,0.004,8353.35,28.073,5.239
AMD Firepro W9100,FloydWarshall,TWO_D,2985,2985,1,1,1,33,217.665,10.466,0.005,117142,44.133,5.513
AMD Firepro W9100,FloydWarshall,TWO_D,2985,2985,1,2,1,33,290.822,9.285,0.018,59939.4,40.284,5.311
AMD Firepro W9100,FloydWarshall,TWO_D,2985,2985,1,4,1,33,232.236,10.532,0.004,31862.9,47.874,5.246
AMD Firepro W9100,FloydWarshall,TWO_D,2985,2985,1,8,1,33,246.603,17.717,0.004,18172.3,40.054,5.116
AMD Firepro W9100,FloydWarshall,TWO_D,2985,2985,1,16,1,33,252.303,10.137,0.004,11978.1,41.369,5.316
AMD Firepro W9100,FloydWarshall,TWO_D,2985,2985,1,32,1,33,270.004,8.513,0.004,8940.42,40.978,5.273
AMD Firepro W9100,FloydWarshall,TWO_D,2985,2985,1,64,1,33,291.57,10.665,0.003,9124.04,40.955,5.263
AMD Firepro W9100,FloydWarshall,TWO_D,2985,2985,1,128,1,33,290.09,9.139,0.003,8906.84,40.406,5.982
AMD Firepro W9100,FloydWarshall,TWO_D,2985,2985,1,256,1,33,289.47,9.5,0.004,10401.7,27.88,4.716
AMD Firepro W9100,FloydWarshall,TWO_D,2985,2985,2,1,1,33,288.654,10.849,0.005,60131.1,30.678,5.383
AMD Firepro W9100,FloydWarshall,TWO_D,2985,2985,2,2,1,33,289.38,8.23,0.004,32057.9,28.179,5.471
AMD Firepro W9100,FloydWarshall,TWO_D,2985,2985,2,4,1,33,294.493,10.286,0.005,18619.7,26.851,5.461
AMD Firepro W9100,FloydWarshall,TWO_D,2985,2985,2,8,1,33,291.05,9.592,0.005,12532.9,28.479,5.451
AMD Firepro W9100,FloydWarshall,TWO_D,2985,2985,2,16,1,33,292.415,8.204,0.004,10073.3,29.393,5.444
AMD Firepro W9100,FloydWarshall,TWO_D,2985,2985,2,32,1,33,290.975,8.93,0.006,9477.96,28.091,5.458
AMD Firepro W9100,FloydWarshall,TWO_D,2985,2985,2,64,1,33,292.08,10.049,0.005,9105.28,27.675,5.569
AMD Firepro W9100,FloydWarshall,TWO_D,2985,2985,2,128,1,33,292.251,10.674,0.005,9015.07,27.094,5.581
AMD Firepro W9100,FloydWarshall,TWO_D,2985,2985,4,1,1,33,291.435,10.888,0.005,32216.9,27.057,5.638
AMD Firepro W9100,FloydWarshall,TWO_D,2985,2985,4,2,1,33,290.593,9.408,0.003,18810.6,25.438,5.59
AMD Firepro W9100,FloydWarshall,TWO_D,2985,2985,4,4,1,33,289.834,9.315,0.003,12839.4,26.194,5.594
AMD Firepro W9100,FloydWarshall,TWO_D,2985,2985,4,8,1,33,289.582,9.322,0.003,9867.87,30.106,5.663
AMD Firepro W9100,FloydWarshall,TWO_D,2985,2985,4,16,1,33,293.433,10.548,0.005,9372.57,25.459,5.533
AMD Firepro W9100,FloydWarshall,TWO_D,2985,2985,4,32,1,33,289.746,8.393,0.003,8508.39,26.098,5.485
AMD Firepro W9100,FloydWarshall,TWO_D,2985,2985,4,64,1,33,290.345,9.914,0.006,9035.96,26.794,5.462
AMD Firepro W9100,FloydWarshall,TWO_D,2985,2985,8,1,1,33,289.707,9.664,0.006,18757.2,27.264,5.644
AMD Firepro W9100,FloydWarshall,TWO_D,2985,2985,8,2,1,33,291.247,10.907,0.005,12544.8,27.101,4.833
AMD Firepro W9100,FloydWarshall,TWO_D,2985,2985,8,4,1,33,288.743,8.307,0.004,9910.88,30.988,5.471
AMD Firepro W9100,FloydWarshall,TWO_D,2985,2985,8,8,1,33,293.517,9.587,0.005,9113.3,30.486,5.47
AMD Firepro W9100,FloydWarshall,TWO_D,2985,2985,8,16,1,33,288.962,9.989,0.038,8603.18,26.772,4.775
AMD Firepro W9100,FloydWarshall,TWO_D,2985,2985,8,32,1,33,288.55,7.898,0.004,8556.59,25.21,5.743
AMD Firepro W9100,FloydWarshall,TWO_D,2985,2985,16,1,1,33,289.486,9.355,0.004,12800.3,28.709,5.05
AMD Firepro W9100,FloydWarshall,TWO_D,2985,2985,16,2,1,33,288.62,10.881,0.005,10132.1,26.721,5.573
AMD Firepro W9100,FloydWarshall,TWO_D,2985,2985,16,4,1,33,290.956,10.251,0.005,9098.94,25.686,5.677
AMD Firepro W9100,FloydWarshall,TWO_D,2985,2985,16,8,1,33,290.37,9.309,0.003,8394.02,27.9,5.616
AMD Firepro W9100,FloydWarshall,TWO_D,2985,2985,16,16,1,33,297.149,10.837,0.005,8577.33,28.56,5.659
AMD Firepro W9100,FloydWarshall,TWO_D,2985,2985,32,1,1,33,292.07,10.832,0.02,10010.2,25.336,5.517
AMD Firepro W9100,FloydWarshall,TWO_D,2985,2985,32,2,1,33,289.788,9.946,0.004,9014.9,26.846,5.487
AMD Firepro W9100,FloydWarshall,TWO_D,2985,2985,32,4,1,33,291.545,8.064,0.004,8686.44,27.826,5.49
AMD Firepro W9100,FloydWarshall,TWO_D,2985,2985,32,8,1,33,291.822,9.649,0.006,8328.61,26.122,5.466
AMD Firepro W9100,FloydWarshall,TWO_D,2985,2985,64,1,1,33,290.732,7.951,0.004,8959.85,30.512,5.513
AMD Firepro W9100,FloydWarshall,TWO_D,2985,2985,64,2,1,33,298.648,8.079,0.004,8625.07,27.06,5.577
AMD Firepro W9100,FloydWarshall,TWO_D,2985,2985,64,4,1,33,291.508,8.046,0.004,8437.62,30.989,4.994
AMD Firepro W9100,FloydWarshall,TWO_D,2985,2985,128,1,1,33,294.371,8.614,0.004,8515.97,29.2,5.327
AMD Firepro W9100,FloydWarshall,TWO_D,2985,2985,128,2,1,33,293.028,10.34,0.006,8416.59,31.466,5.414
AMD Firepro W9100,FloydWarshall,TWO_D,2985,2985,256,1,1,33,293.976,10.207,0.008,8499.41,30.664,4.919
AMD Firepro W9100,FloydWarshall,TWO_D,2985,2985,1,1,1,33,213.829,10.512,0.004,117085,40.059,4.514
AMD Firepro W9100,FloydWarshall,TWO_D,2985,2985,1,2,1,33,226.474,8.387,0.017,59976.1,50.78,5.25
AMD Firepro W9100,FloydWarshall,TWO_D,2985,2985,1,4,1,33,235.188,10.485,0.006,31795.1,41.257,5.326
AMD Firepro W9100,FloydWarshall,TWO_D,2985,2985,1,8,1,33,251.791,8.504,0.018,18016,40.743,5.322
AMD Firepro W9100,FloydWarshall,TWO_D,2985,2985,1,16,1,33,252.776,10.55,0.004,11874.8,41.784,5.401
AMD Firepro W9100,FloydWarshall,TWO_D,2985,2985,1,32,1,33,277.925,10.34,0.017,8877.71,41.102,5.769
AMD Firepro W9100,FloydWarshall,TWO_D,2985,2985,1,64,1,33,287.139,10.039,0.005,10207.1,27.419,5.903
AMD Firepro W9100,FloydWarshall,TWO_D,2985,2985,1,128,1,33,287.94,9.862,0.006,9961.89,26.046,5.798
AMD Firepro W9100,FloydWarshall,TWO_D,2985,2985,1,256,1,33,288.133,9.708,0.005,10437.8,27.121,5.865
AMD Firepro W9100,FloydWarshall,TWO_D,2985,2985,2,1,1,33,288.078,10.73,0.005,60159,26.989,5.528
AMD Firepro W9100,FloydWarshall,TWO_D,2985,2985,2,2,1,33,287.358,10.198,0.005,31955.6,24.598,5.502
AMD Firepro W9100,FloydWarshall,TWO_D,2985,2985,2,4,1,33,289.819,9.982,0.013,18682.4,27.848,5.169
AMD Firepro W9100,FloydWarshall,TWO_D,2985,2985,2,8,1,33,284.888,8.296,0.004,12375.1,27.224,5.856
AMD Firepro W9100,FloydWarshall,TWO_D,2985,2985,2,16,1,33,291.864,9.938,0.005,9966.02,26.804,5.33
AMD Firepro W9100,FloydWarshall,TWO_D,2985,2985,2,32,1,33,286.895,8.281,0.005,9525.48,29.658,5.399
AMD Firepro W9100,FloydWarshall,TWO_D,2985,2985,2,64,1,33,285.237,10.023,0.003,9022.67,28.092,5.814
AMD Firepro W9100,FloydWarshall,TWO_D,2985,2985,2,128,1,33,289.948,9.911,0.005,9019.34,30.748,5.891
AMD Firepro W9100,FloydWarshall,TWO_D,2985,2985,4,1,1,33,285.866,9.861,0.005,32119.7,26.367,5.456
AMD Firepro W9100,FloydWarshall,TWO_D,2985,2985,4,2,1,33,285.822,8.543,0.003,18549.9,27.367,5.336
AMD Firepro W9100,FloydWarshall,TWO_D,2985,2985,4,4,1,33,288.782,10.266,0.006,12692.4,30.028,5.963
AMD Firepro W9100,FloydWarshall,TWO_D,2985,2985,4,8,1,33,285.162,9.553,0.006,9719.13,29.825,5.63
AMD Firepro W9100,FloydWarshall,TWO_D,2985,2985,4,16,1,33,290.609,9.632,0.006,9370,27.345,5.842
AMD Firepro W9100,FloydWarshall,TWO_D,2985,2985,4,32,1,33,288.158,10.186,0.005,8553.48,26.002,5.869
AMD Firepro W9100,FloydWarshall,TWO_D,2985,2985,4,64,1,33,286.9,9.944,0.003,8902.57,28.93,5.365
AMD Firepro W9100,FloydWarshall,TWO_D,2985,2985,8,1,1,33,288.721,9.45,0.004,18713.5,27.019,6.185
AMD Firepro W9100,FloydWarshall,TWO_D,2985,2985,8,2,1,33,286.112,10.713,0.02,12673,29.615,5.325
AMD Firepro W9100,FloydWarshall,TWO_D,2985,2985,8,4,1,33,284.285,10.768,0.005,10076.7,30.834,5.963
AMD Firepro W9100,FloydWarshall,TWO_D,2985,2985,8,8,1,33,285.707,10.813,0.019,9010.73,28.986,5.154
AMD Firepro W9100,FloydWarshall,TWO_D,2985,2985,8,16,1,33,283.955,10.76,0.02,8675.71,27.028,6.052
AMD Firepro W9100,FloydWarshall,TWO_D,2985,2985,8,32,1,33,287.055,10.778,0.019,8693.7,28.92,5.58
AMD Firepro W9100,FloydWarshall,TWO_D,2985,2985,16,1,1,33,285.328,8.135,0.004,12661.2,29.559,5.625
AMD Firepro W9100,FloydWarshall,TWO_D,2985,2985,16,2,1,33,285.954,10.161,0.006,9801.46,28.223,5.493
AMD Firepro W9100,FloydWarshall,TWO_D,2985,2985,16,4,1,33,289.053,9.736,0.007,9107.3,28.071,5.268
AMD Firepro W9100,FloydWarshall,TWO_D,2985,2985,16,8,1,33,286.256,8.485,0.003,8583.5,27.823,5.614
AMD Firepro W9100,FloydWarshall,TWO_D,2985,2985,16,16,1,33,280.955,9.914,0.005,7420.83,42.029,4.686
AMD Firepro W9100,FloydWarshall,TWO_D,2985,2985,32,1,1,33,282.418,9.871,0.003,9044.96,40.629,5.497
AMD Firepro W9100,FloydWarshall,TWO_D,2985,2985,32,2,1,33,282.875,8.748,0.004,8002.01,40.522,5.49
AMD Firepro W9100,FloydWarshall,TWO_D,2985,2985,32,4,1,33,277.147,10.237,0.005,7398.99,40.626,5.485
AMD Firepro W9100,FloydWarshall,TWO_D,2985,2985,32,8,1,33,284.802,10.271,0.019,7215.12,40.472,4.654
AMD Firepro W9100,FloydWarshall,TWO_D,2985,2985,64,1,1,33,274.508,8.303,0.004,7865.62,40.575,6.083
AMD Firepro W9100,FloydWarshall,TWO_D,2985,2985,64,2,1,33,285.157,10.384,0.02,8673.83,28.639,5.311
AMD Firepro W9100,FloydWarshall,TWO_D,2985,2985,64,4,1,33,284.553,9.856,0.006,8406.6,26.426,5.423
AMD Firepro W9100,FloydWarshall,TWO_D,2985,2985,128,1,1,33,288.525,8.19,0.003,8498.69,27.604,5.874
AMD Firepro W9100,FloydWarshall,TWO_D,2985,2985,128,2,1,33,288.677,9.922,0.005,8510.18,28.605,5.922
AMD Firepro W9100,FloydWarshall,TWO_D,2985,2985,256,1,1,33,287.786,8.438,0.004,8529.65,30.872,6.196
AMD Firepro W9100,FloydWarshall,TWO_D,2985,2985,1,1,1,33,217.957,10.474,0.005,117072,27.729,5.401
AMD Firepro W9100,FloydWarshall,TWO_D,2985,2985,1,2,1,33,291.674,10.786,0.006,60000.3,25.53,5.207
AMD Firepro W9100,FloydWarshall,TWO_D,2985,2985,1,4,1,33,293.981,9.661,0.007,32132.6,34.673,5.315
AMD Firepro W9100,FloydWarshall,TWO_D,2985,2985,1,8,1,33,291.49,16.491,0.005,18511.2,26.952,5.279
AMD Firepro W9100,FloydWarshall,TWO_D,2985,2985,1,16,1,33,290.726,9.92,0.021,12609.2,29.831,5.267
AMD Firepro W9100,FloydWarshall,TWO_D,2985,2985,1,32,1,33,288.404,9.765,0.008,9948.92,25.384,5.298
AMD Firepro W9100,FloydWarshall,TWO_D,2985,2985,1,64,1,33,290.437,8.212,0.005,10124.2,27.824,4.721
AMD Firepro W9100,FloydWarshall,TWO_D,2985,2985,1,128,1,33,288.077,9.972,0.006,10012.5,26.433,4.658
AMD Firepro W9100,FloydWarshall,TWO_D,2985,2985,1,256,1,33,294.655,10.849,0.007,10371.1,31.535,5.295
AMD Firepro W9100,FloydWarshall,TWO_D,2985,2985,2,1,1,33,289.013,10.063,0.004,60024.1,27.279,5.466
AMD Firepro W9100,FloydWarshall,TWO_D,2985,2985,2,2,1,33,291.42,10.861,0.006,32115,27.256,5.315
AMD Firepro W9100,FloydWarshall,TWO_D,2985,2985,2,4,1,33,291.056,10.263,0.006,18713.9,28.219,5.347
AMD Firepro W9100,FloydWarshall,TWO_D,2985,2985,2,8,1,33,291.97,10.079,0.006,12557.7,30.806,5.343
AMD Firepro W9100,FloydWarshall,TWO_D,2985,2985,2,16,1,33,288.611,8.186,0.004,10063.5,27.873,5.286
AMD Firepro W9100,FloydWarshall,TWO_D,2985,2985,2,32,1,33,291.827,9.689,0.005,9456.23,27.405,3.22
AMD Firepro W9100,FloydWarshall,TWO_D,2985,2985,2,64,1,33,288.227,10.113,0.007,9086.93,29.159,4.762
AMD Firepro W9100,FloydWarshall,TWO_D,2985,2985,2,128,1,33,293.251,10.07,0.008,8916.71,27.57,4.951
AMD Firepro W9100,FloydWarshall,TWO_D,2985,2985,4,1,1,33,292.254,9.253,0.004,32252.9,24.944,5.166
AMD Firepro W9100,FloydWarshall,TWO_D,2985,2985,4,2,1,33,293.626,9.454,0.006,18760.8,27.7,3.232
AMD Firepro W9100,FloydWarshall,TWO_D,2985,2985,4,4,1,33,291.719,10.323,0.007,12563.8,28.642,3.226
AMD Firepro W9100,FloydWarshall,TWO_D,2985,2985,4,8,1,33,288.205,10.193,0.007,9804.59,26.505,4.912
AMD Firepro W9100,FloydWarshall,TWO_D,2985,2985,4,16,1,33,290.678,10.062,0.006,9364.55,28.073,5.274
AMD Firepro W9100,FloydWarshall,TWO_D,2985,2985,4,32,1,33,291.6,9.967,0.006,8601.71,29.157,5.316
AMD Firepro W9100,FloydWarshall,TWO_D,2985,2985,4,64,1,33,288.437,8.165,0.005,9020.03,28.487,5.129
AMD Firepro W9100,FloydWarshall,TWO_D,2985,2985,8,1,1,33,292.42,10.186,0.006,18756.1,28.161,5.327
AMD Firepro W9100,FloydWarshall,TWO_D,2985,2985,8,2,1,33,291.38,10.021,0.006,12699.6,26.45,5.279
AMD Firepro W9100,FloydWarshall,TWO_D,2985,2985,8,4,1,33,290.105,9.56,0.005,10057.7,26.902,5.264
AMD Firepro W9100,FloydWarshall,TWO_D,2985,2985,8,8,1,33,290.22,9.841,0.007,9104.19,28.003,4.064
AMD Firepro W9100,FloydWarshall,TWO_D,2985,2985,8,16,1,33,292.096,8.039,0.005,8711.25,30.301,4.791
AMD Firepro W9100,FloydWarshall,TWO_D,2985,2985,8,32,1,33,293.29,9.359,0.006,8660.6,31.384,5.376
AMD Firepro W9100,FloydWarshall,TWO_D,2985,2985,16,1,1,33,293.826,10.666,0.005,12774.2,25.105,5.399
AMD Firepro W9100,FloydWarshall,TWO_D,2985,2985,16,2,1,33,289.376,9.246,0.004,10154.7,27.402,5.432
AMD Firepro W9100,FloydWarshall,TWO_D,2985,2985,16,4,1,33,291.207,10.286,0.02,9110.53,25.369,5.327
AMD Firepro W9100,FloydWarshall,TWO_D,2985,2985,16,8,1,33,289.651,9.378,0.005,8474.37,27.478,5.223
AMD Firepro W9100,FloydWarshall,TWO_D,2985,2985,16,16,1,33,291.741,10.274,0.006,8627.13,31.102,5.252
AMD Firepro W9100,FloydWarshall,TWO_D,2985,2985,32,1,1,33,289.037,7.811,0.005,9958.36,30.153,5.259
AMD Firepro W9100,FloydWarshall,TWO_D,2985,2985,32,2,1,33,295.376,9.902,0.007,9145.87,27.843,4.674
AMD Firepro W9100,FloydWarshall,TWO_D,2985,2985,32,4,1,33,290.818,9.559,0.006,8526.49,27.988,5.253
AMD Firepro W9100,FloydWarshall,TWO_D,2985,2985,32,8,1,33,291.577,9.975,0.006,8367.14,26.779,5.28
AMD Firepro W9100,FloydWarshall,TWO_D,2985,2985,64,1,1,33,291.177,9.932,0.005,8911.05,29.186,5.284
AMD Firepro W9100,FloydWarshall,TWO_D,2985,2985,64,2,1,33,288.264,10.838,0.006,8477.76,28.929,4.904
AMD Firepro W9100,FloydWarshall,TWO_D,2985,2985,64,4,1,33,288.222,10.895,0.006,8431.23,27.237,4.862
AMD Firepro W9100,FloydWarshall,TWO_D,2985,2985,128,1,1,33,291.095,10.115,0.006,8502.72,28.772,4.773
AMD Firepro W9100,FloydWarshall,TWO_D,2985,2985,128,2,1,33,290.579,9.576,0.007,8259.07,27.477,5.012
AMD Firepro W9100,FloydWarshall,TWO_D,2985,2985,256,1,1,33,291.594,9.465,0.007,8353.97,28.416,5.245
AMD Firepro W9100,FloydWarshall,TWO_D,2985,2985,1,1,1,33,217.103,10.507,0.004,117084,40.711,5.002
AMD Firepro W9100,FloydWarshall,TWO_D,2985,2985,1,2,1,33,247.075,10.505,0.019,59971.4,48.718,4.938
AMD Firepro W9100,FloydWarshall,TWO_D,2985,2985,1,4,1,33,243.158,10.532,0.005,31851.5,41.933,5.005
AMD Firepro W9100,FloydWarshall,TWO_D,2985,2985,1,8,1,33,250.693,10.596,0.005,18003.5,41.417,5.024
AMD Firepro W9100,FloydWarshall,TWO_D,2985,2985,1,16,1,33,262.139,10.558,0.005,11940.1,41.721,4.953
AMD Firepro W9100,FloydWarshall,TWO_D,2985,2985,1,32,1,33,274.608,10.56,0.018,8930.41,40.849,4.997
AMD Firepro W9100,FloydWarshall,TWO_D,2985,2985,1,64,1,33,282.531,10.698,0.019,9029.94,42.387,5.033
AMD Firepro W9100,FloydWarshall,TWO_D,2985,2985,1,128,1,33,277.202,9.023,0.018,8840.42,41.703,5.055
AMD Firepro W9100,FloydWarshall,TWO_D,2985,2985,1,256,1,33,290.955,10.621,0.019,9533.3,41.461,4.985
AMD Firepro W9100,FloydWarshall,TWO_D,2985,2985,2,1,1,33,289.959,10.624,0.019,60100,42.164,5.017
AMD Firepro W9100,FloydWarshall,TWO_D,2985,2985,2,2,1,33,252.977,10.589,0.018,31916.8,40.863,5.028
AMD Firepro W9100,FloydWarshall,TWO_D,2985,2985,2,4,1,33,240.607,10.12,0.019,18340.3,41.958,5.054
AMD Firepro W9100,FloydWarshall,TWO_D,2985,2985,2,8,1,33,257.87,10.579,0.004,11815.7,41.421,5.021
AMD Firepro W9100,FloydWarshall,TWO_D,2985,2985,2,16,1,33,277,10.526,0.018,9078.82,41.984,4.808
AMD Firepro W9100,FloydWarshall,TWO_D,2985,2985,2,32,1,33,268.502,10.352,0.004,8370.01,42.041,4.981
AMD Firepro W9100,FloydWarshall,TWO_D,2985,2985,2,64,1,33,274.813,10.044,0.004,7956.29,41.227,4.961
AMD Firepro W9100,FloydWarshall,TWO_D,2985,2985,2,128,1,33,290.193,10.357,0.004,7842.05,41.68,5.042
AMD Firepro W9100,FloydWarshall,TWO_D,2985,2985,4,1,1,33,290.613,10.644,0.038,31811.4,40.335,4.981
AMD Firepro W9100,FloydWarshall,TWO_D,2985,2985,4,2,1,33,258.896,10.658,0.004,18281.3,41.426,5.016
AMD Firepro W9100,FloydWarshall,TWO_D,2985,2985,4,4,1,33,261.561,10.536,0.018,12006.5,41.82,5.045
AMD Firepro W9100,FloydWarshall,TWO_D,2985,2985,4,8,1,33,276.356,10.037,0.005,8865.4,41.721,5.541
AMD Firepro W9100,FloydWarshall,TWO_D,2985,2985,4,16,1,33,291.18,10.855,0.005,9376.06,26.938,4.762
AMD Firepro W9100,FloydWarshall,TWO_D,2985,2985,4,32,1,33,291.235,10.194,0.004,8713.85,28.389,5.216
AMD Firepro W9100,FloydWarshall,TWO_D,2985,2985,4,64,1,33,291.582,10.009,0.005,8913.06,28.701,5.003
AMD Firepro W9100,FloydWarshall,TWO_D,2985,2985,8,1,1,33,288.043,8.084,0.004,18633.3,27.744,4.629
AMD Firepro W9100,FloydWarshall,TWO_D,2985,2985,8,2,1,33,287.996,10.061,0.005,12600.8,27.295,5.041
AMD Firepro W9100,FloydWarshall,TWO_D,2985,2985,8,4,1,33,290.811,10.139,0.006,10041.9,25.796,5.298
AMD Firepro W9100,FloydWarshall,TWO_D,2985,2985,8,8,1,33,288.868,9.071,0.003,9187.16,30.246,5.214
AMD Firepro W9100,FloydWarshall,TWO_D,2985,2985,8,16,1,33,288.747,9.277,0.003,8721.5,24.855,5.303
AMD Firepro W9100,FloydWarshall,TWO_D,2985,2985,8,32,1,33,288.858,9.641,0.004,8756.25,26.292,5.25
AMD Firepro W9100,FloydWarshall,TWO_D,2985,2985,16,1,1,33,290.772,10.752,0.005,12801.8,28.23,4.794
AMD Firepro W9100,FloydWarshall,TWO_D,2985,2985,16,2,1,33,288.176,9.596,0.006,9883.84,31.011,5.24
AMD Firepro W9100,FloydWarshall,TWO_D,2985,2985,16,4,1,33,288.742,9.722,0.005,9208.66,29.388,5.041
AMD Firepro W9100,FloydWarshall,TWO_D,2985,2985,16,8,1,33,288.033,7.965,0.004,8477.93,30.266,4.749
AMD Firepro W9100,FloydWarshall,TWO_D,2985,2985,16,16,1,33,293.335,10.132,0.005,8562.16,29.339,5.194
AMD Firepro W9100,FloydWarshall,TWO_D,2985,2985,32,1,1,33,289.181,8.584,0.004,9975.91,26.397,6.242
AMD Firepro W9100,FloydWarshall,TWO_D,2985,2985,32,2,1,33,289.276,10.13,0.006,9015.4,27.495,5.399
AMD Firepro W9100,FloydWarshall,TWO_D,2985,2985,32,4,1,33,291.367,10.849,0.005,8597.88,30.179,5.312
AMD Firepro W9100,FloydWarshall,TWO_D,2985,2985,32,8,1,33,288.469,8.805,0.003,8406.48,26.306,5.246
AMD Firepro W9100,FloydWarshall,TWO_D,2985,2985,64,1,1,33,290.654,10.935,0.019,8951.93,28.587,5.304
AMD Firepro W9100,FloydWarshall,TWO_D,2985,2985,64,2,1,33,291.826,10.853,0.005,8599.09,29.859,5.288
AMD Firepro W9100,FloydWarshall,TWO_D,2985,2985,64,4,1,33,288.515,9.134,0.003,8626.89,30.499,6.295
AMD Firepro W9100,FloydWarshall,TWO_D,2985,2985,128,1,1,33,287.622,8.774,0.003,8723.9,31.092,5.284
AMD Firepro W9100,FloydWarshall,TWO_D,2985,2985,128,2,1,33,289.436,9.297,0.003,8453.63,27.64,5.292
AMD Firepro W9100,FloydWarshall,TWO_D,2985,2985,256,1,1,33,291.465,10.532,0.005,8318.85,30.324,4.77
