device/C,kernel/C,workDimension/C,cubeLength/F,xLocal/I,yLocal/I,zLocal/I,MB/F,init/F,memoryCopyOut/F,plan/F,execute/F,memoryCopyIn/F,cleanUp/F
GTX 780,Array3dAverage,THREE_D,192,1,1,4,27,244.056,8.943,0.001,24.217,9.571,0.196
GTX 780,Array3dAverage,THREE_D,192,1,1,8,27,244.437,9,0.001,14.692,9.601,0.195
GTX 780,Array3dAverage,THREE_D,192,1,1,16,27,243.977,8.932,0.001,10.699,9.63,0.196
GTX 780,Array3dAverage,THREE_D,192,1,1,32,27,242.86,8.943,0.001,10.023,9.58,0.196
GTX 780,Array3dAverage,THREE_D,192,1,1,64,27,243.087,8.908,0.001,10.894,9.633,0.203
GTX 780,Array3dAverage,THREE_D,192,8,8,8,27,245.682,8.958,0.001,1.564,9.614,0.202
GTX 780,Array3dAverage,THREE_D,192,8,8,8,27,243.209,8.903,0.001,1.558,9.589,0.202
GTX 780,Array3dAverage,THREE_D,192,8,8,8,27,242.624,8.936,0.001,1.56,9.627,0.193
GTX 780,Array3dAverage,THREE_D,192,8,8,8,27,242.648,8.924,0,1.575,9.62,0.197
GTX 780,Array3dAverage,THREE_D,192,1,2,4,27,243.547,8.93,0.001,14.637,9.565,0.192
GTX 780,Array3dAverage,THREE_D,192,1,2,8,27,246.095,8.981,0.001,10.65,9.584,0.197
GTX 780,Array3dAverage,THREE_D,192,1,2,16,27,243.827,8.924,0.001,9.815,9.693,0.196
GTX 780,Array3dAverage,THREE_D,192,1,2,32,27,243.011,8.913,0.001,9.647,9.586,0.196
GTX 780,Array3dAverage,THREE_D,192,1,2,64,27,242.797,8.917,0.001,9.657,9.593,0.197
GTX 780,Array3dAverage,THREE_D,192,8,8,8,27,245.764,8.974,0.001,1.563,9.625,0.198
GTX 780,Array3dAverage,THREE_D,192,8,8,8,27,243.187,8.934,0.001,1.562,9.671,0.201
GTX 780,Array3dAverage,THREE_D,192,8,8,8,27,244.232,8.94,0.001,1.56,9.613,0.196
GTX 780,Array3dAverage,THREE_D,192,1,4,1,27,243.454,8.97,0.001,23.038,9.66,0.202
GTX 780,Array3dAverage,THREE_D,192,1,4,2,27,246.395,8.927,0.001,14.599,9.643,0.195
GTX 780,Array3dAverage,THREE_D,192,1,4,4,27,243.262,8.913,0.001,10.662,9.577,0.196
GTX 780,Array3dAverage,THREE_D,192,1,4,8,27,242.955,8.925,0.001,9.827,9.581,0.196
GTX 780,Array3dAverage,THREE_D,192,1,4,16,27,244.109,9.024,0.001,9.661,9.593,0.196
GTX 780,Array3dAverage,THREE_D,192,1,4,32,27,243.204,8.944,0.001,9.651,9.598,0.199
GTX 780,Array3dAverage,THREE_D,192,1,4,64,27,242.706,8.926,0.001,9.696,9.631,0.194
GTX 780,Array3dAverage,THREE_D,192,8,8,8,27,242.835,8.925,0.001,1.561,9.6,0.213
GTX 780,Array3dAverage,THREE_D,192,8,8,8,27,245.894,8.977,0.001,1.562,9.624,0.216
GTX 780,Array3dAverage,THREE_D,192,1,8,1,27,243.026,8.902,0.001,14.19,9.637,0.199
GTX 780,Array3dAverage,THREE_D,192,1,8,2,27,242.698,8.918,0.001,10.669,9.565,0.194
GTX 780,Array3dAverage,THREE_D,192,1,8,4,27,242.964,8.976,0.001,9.817,9.663,0.2
GTX 780,Array3dAverage,THREE_D,192,1,8,8,27,243.983,8.941,0.001,9.659,9.592,0.196
GTX 780,Array3dAverage,THREE_D,192,1,8,16,27,242.58,8.911,0.001,9.653,9.584,0.198
GTX 780,Array3dAverage,THREE_D,192,1,8,32,27,242.604,8.915,0.001,9.703,9.49,0.196
GTX 780,Array3dAverage,THREE_D,192,1,8,64,27,244.409,8.926,0.001,9.729,9.646,0.259
GTX 780,Array3dAverage,THREE_D,192,8,8,8,27,241.525,8.866,0.001,1.565,9.547,0.2
GTX 780,Array3dAverage,THREE_D,192,1,16,1,27,239.416,8.87,0.001,10.557,9.56,0.198
GTX 780,Array3dAverage,THREE_D,192,1,16,2,27,239.357,8.906,0.001,9.811,9.624,0.198
GTX 780,Array3dAverage,THREE_D,192,1,16,4,27,241.074,8.902,0.001,9.659,9.598,0.198
GTX 780,Array3dAverage,THREE_D,192,1,16,8,27,240.043,8.871,0.001,9.655,9.541,0.201
GTX 780,Array3dAverage,THREE_D,192,1,16,16,27,239.237,8.885,0.001,9.71,9.637,0.2
GTX 780,Array3dAverage,THREE_D,192,1,16,32,27,239.623,8.961,0.001,9.726,9.532,0.197
GTX 780,Array3dAverage,THREE_D,192,1,16,64,27,242.082,8.9,0.001,9.823,9.52,0.197
GTX 780,Array3dAverage,THREE_D,192,1,32,1,27,239.433,8.872,0.001,9.816,9.545,0.195
GTX 780,Array3dAverage,THREE_D,192,1,32,2,27,239.28,8.858,0.001,9.663,9.612,0.2
GTX 780,Array3dAverage,THREE_D,192,1,32,4,27,240.892,9.002,0.001,9.657,9.53,0.199
GTX 780,Array3dAverage,THREE_D,192,1,32,8,27,241.347,8.946,0.001,9.709,9.541,0.197
GTX 780,Array3dAverage,THREE_D,192,1,32,16,27,239.317,8.866,0.001,9.727,9.534,0.205
GTX 780,Array3dAverage,THREE_D,192,1,32,32,27,239.592,8.882,0.001,9.81,9.529,0.204
GTX 780,Array3dAverage,THREE_D,192,1,64,1,27,241.615,8.982,0.001,9.653,9.528,0.202
GTX 780,Array3dAverage,THREE_D,192,1,64,2,27,239.904,8.84,0.001,9.657,9.56,0.195
GTX 780,Array3dAverage,THREE_D,192,1,64,4,27,239.234,8.868,0.001,9.699,9.535,0.197
GTX 780,Array3dAverage,THREE_D,192,1,64,8,27,239.183,9.113,0.001,9.735,9.533,0.198
GTX 780,Array3dAverage,THREE_D,192,1,64,16,27,240.858,8.9,0.001,9.813,9.607,0.19
GTX 780,Array3dAverage,THREE_D,192,2,1,4,27,241.663,8.878,0.002,12.018,9.591,0.196
GTX 780,Array3dAverage,THREE_D,192,2,1,8,27,240.263,8.879,0.001,7.303,9.545,0.202
GTX 780,Array3dAverage,THREE_D,192,2,1,16,27,247.246,8.956,0.001,5.546,9.56,0.202
GTX 780,Array3dAverage,THREE_D,192,2,1,32,27,241.779,8.932,0.001,5.088,9.576,0.2
GTX 780,Array3dAverage,THREE_D,192,2,1,64,27,240.049,8.907,0.001,5.621,9.605,0.199
GTX 780,Array3dAverage,THREE_D,192,8,8,8,27,240.968,8.96,0.001,1.561,9.572,0.195
GTX 780,Array3dAverage,THREE_D,192,8,8,8,27,240.107,8.935,0.001,1.563,9.58,0.198
GTX 780,Array3dAverage,THREE_D,192,8,8,8,27,241.495,8.936,0.001,1.562,9.57,0.201
GTX 780,Array3dAverage,THREE_D,192,2,2,4,27,240.962,8.932,0.001,7.283,9.54,0.199
GTX 780,Array3dAverage,THREE_D,192,2,2,8,27,241.164,8.899,0.001,5.527,9.567,0.197
GTX 780,Array3dAverage,THREE_D,192,2,2,16,27,239.96,8.923,0.001,5.015,9.557,0.201
GTX 780,Array3dAverage,THREE_D,192,2,2,32,27,239.613,8.914,0.001,5.022,9.562,0.197
GTX 780,Array3dAverage,THREE_D,192,2,2,64,27,242.455,8.944,0.001,5.066,9.573,0.201
GTX 780,Array3dAverage,THREE_D,192,8,8,8,27,240.256,8.937,0.001,1.56,9.594,0.201
GTX 780,Array3dAverage,THREE_D,192,8,8,8,27,239.49,8.889,0.001,1.56,9.58,0.195
GTX 780,Array3dAverage,THREE_D,192,2,4,1,27,239.455,8.936,0.001,11.712,9.549,0.194
GTX 780,Array3dAverage,THREE_D,192,2,4,2,27,241.939,8.972,0.001,7.28,9.626,0.216
GTX 780,Array3dAverage,THREE_D,192,2,4,4,27,239.961,8.877,0.001,5.512,9.549,0.195
GTX 780,Array3dAverage,THREE_D,192,2,4,8,27,239.53,8.944,0.001,5.013,9.558,0.2
GTX 780,Array3dAverage,THREE_D,192,2,4,16,27,239.903,8.923,0.001,5.027,9.584,0.196
GTX 780,Array3dAverage,THREE_D,192,2,4,32,27,241.58,8.894,0.001,5.057,9.556,0.196
GTX 780,Array3dAverage,THREE_D,192,2,4,64,27,239.512,8.947,0.001,5.089,9.572,0.196
GTX 780,Array3dAverage,THREE_D,192,8,8,8,27,239.56,8.895,0.001,1.562,9.551,0.199
GTX 780,Array3dAverage,THREE_D,192,2,8,1,27,241.792,9.056,0.001,7.296,9.596,0.205
GTX 780,Array3dAverage,THREE_D,192,2,8,2,27,242.401,8.937,0.001,5.487,9.607,0.195
GTX 780,Array3dAverage,THREE_D,192,2,8,4,27,239.828,8.91,0.001,4.998,9.574,0.197
GTX 780,Array3dAverage,THREE_D,192,2,8,8,27,239.681,8.905,0.001,5.021,9.568,0.194
GTX 780,Array3dAverage,THREE_D,192,2,8,16,27,241.423,8.949,0.001,5.059,9.599,0.194
GTX 780,Array3dAverage,THREE_D,192,2,8,32,27,240.261,8.915,0.001,5.073,9.566,0.197
GTX 780,Array3dAverage,THREE_D,192,2,8,64,27,239.537,8.922,0.001,5.227,9.567,0.197
GTX 780,Array3dAverage,THREE_D,192,2,16,1,27,239.688,8.892,0.001,5.481,9.598,0.195
GTX 780,Array3dAverage,THREE_D,192,2,16,2,27,240.981,8.885,0.001,5.011,9.583,0.194
GTX 780,Array3dAverage,THREE_D,192,2,16,4,27,239.986,8.918,0.001,5.013,9.573,0.192
GTX 780,Array3dAverage,THREE_D,192,2,16,8,27,239.325,8.956,0.001,5.065,9.57,0.196
GTX 780,Array3dAverage,THREE_D,192,2,16,16,27,239.436,8.983,0.001,5.076,9.687,0.205
GTX 780,Array3dAverage,THREE_D,192,2,16,32,27,241.517,8.979,0.001,5.15,9.587,0.24
GTX 780,Array3dAverage,THREE_D,192,2,32,1,27,239.922,8.905,0.001,5.001,9.558,0.201
GTX 780,Array3dAverage,THREE_D,192,2,32,2,27,239.537,8.916,0.001,5.016,9.578,0.199
GTX 780,Array3dAverage,THREE_D,192,2,32,4,27,239.846,8.929,0.001,5.05,9.625,0.209
GTX 780,Array3dAverage,THREE_D,192,2,32,8,27,240.914,8.894,0.001,5.088,9.559,0.197
GTX 780,Array3dAverage,THREE_D,192,2,32,16,27,239.496,8.899,0.001,5.146,9.601,0.2
GTX 780,Array3dAverage,THREE_D,192,2,64,1,27,239.244,8.895,0.002,5.016,9.563,0.2
GTX 780,Array3dAverage,THREE_D,192,2,64,2,27,240.787,8.946,0.001,5.049,9.558,0.192
GTX 780,Array3dAverage,THREE_D,192,2,64,4,27,240.333,8.934,0.001,5.068,9.559,0.194
GTX 780,Array3dAverage,THREE_D,192,2,64,8,27,240.418,8.879,0.001,5.147,9.559,0.195
GTX 780,Array3dAverage,THREE_D,192,4,1,1,27,248.516,8.939,0.001,18.808,9.63,0.198
GTX 780,Array3dAverage,THREE_D,192,4,1,2,27,241.022,8.891,0.001,10.886,9.561,0.193
GTX 780,Array3dAverage,THREE_D,192,4,1,4,27,240.396,8.893,0.001,6.144,9.638,0.196
GTX 780,Array3dAverage,THREE_D,192,4,1,8,27,240.526,8.903,0.001,3.779,9.637,0.195
GTX 780,Array3dAverage,THREE_D,192,4,1,16,27,241.939,8.928,0.001,2.708,9.567,0.196
GTX 780,Array3dAverage,THREE_D,192,4,1,32,27,240.122,8.891,0.001,2.757,9.549,0.194
GTX 780,Array3dAverage,THREE_D,192,4,1,64,27,239.471,8.925,0.002,3.022,9.544,0.193
GTX 780,Array3dAverage,THREE_D,192,8,8,8,27,239.535,8.932,0.001,1.561,9.564,0.194
GTX 780,Array3dAverage,THREE_D,192,8,8,8,27,241.307,8.962,0.002,1.564,9.584,0.206
GTX 780,Array3dAverage,THREE_D,192,4,2,1,27,239.984,8.892,0.001,10.579,9.563,0.193
GTX 780,Array3dAverage,THREE_D,192,4,2,2,27,239.601,8.898,0.001,6.074,9.59,0.197
GTX 780,Array3dAverage,THREE_D,192,4,2,4,27,240.119,8.909,0.001,3.776,9.67,0.194
GTX 780,Array3dAverage,THREE_D,192,4,2,8,27,241.757,8.922,0.001,2.701,9.569,0.197
GTX 780,Array3dAverage,THREE_D,192,4,2,16,27,239.863,8.911,0.001,2.725,9.596,0.192
GTX 780,Array3dAverage,THREE_D,192,4,2,32,27,239.516,8.909,0.002,2.75,9.561,0.196
GTX 780,Array3dAverage,THREE_D,192,4,2,64,27,241.445,8.95,0.001,2.898,9.57,0.198
GTX 780,Array3dAverage,THREE_D,192,8,8,8,27,240.835,8.977,0.001,1.564,9.601,0.199
GTX 780,Array3dAverage,THREE_D,192,4,4,1,27,239.763,8.898,0.001,5.978,9.559,0.194
GTX 780,Array3dAverage,THREE_D,192,4,4,2,27,239.733,8.905,0.001,3.755,9.561,0.197
GTX 780,Array3dAverage,THREE_D,192,4,4,4,27,241.272,8.923,0.001,2.681,9.635,0.194
GTX 780,Array3dAverage,THREE_D,192,4,4,8,27,240.244,8.909,0.001,2.724,9.563,0.202
GTX 780,Array3dAverage,THREE_D,192,4,4,16,27,239.796,8.892,0.001,2.739,9.565,0.191
GTX 780,Array3dAverage,THREE_D,192,4,4,32,27,239.675,8.892,0.002,2.794,9.559,0.195
GTX 780,Array3dAverage,THREE_D,192,4,4,64,27,241.097,8.915,0.001,2.965,9.571,0.199
GTX 780,Array3dAverage,THREE_D,192,4,8,1,27,239.807,8.989,0.001,3.767,9.595,0.194
GTX 780,Array3dAverage,THREE_D,192,4,8,2,27,239.668,8.883,0.001,2.677,9.559,0.194
GTX 780,Array3dAverage,THREE_D,192,4,8,4,27,239.526,8.913,0.001,2.737,9.647,0.195
GTX 780,Array3dAverage,THREE_D,192,4,8,8,27,241.826,8.923,0.001,2.751,9.592,0.196
GTX 780,Array3dAverage,THREE_D,192,4,8,16,27,239.808,8.903,0.002,2.782,9.578,0.198
GTX 780,Array3dAverage,THREE_D,192,4,8,32,27,239.796,8.986,0.001,2.841,9.58,0.192
GTX 780,Array3dAverage,THREE_D,192,4,16,1,27,239.864,8.949,0.001,2.66,9.553,0.198
GTX 780,Array3dAverage,THREE_D,192,4,16,2,27,241.396,8.908,0.001,2.729,9.558,0.199
GTX 780,Array3dAverage,THREE_D,192,4,16,4,27,239.441,8.87,0.001,2.747,9.55,0.194
GTX 780,Array3dAverage,THREE_D,192,4,16,8,27,239.528,8.904,0.001,2.786,9.587,0.197
GTX 780,Array3dAverage,THREE_D,192,4,16,16,27,240.33,9.131,0.001,2.845,9.615,0.194
GTX 780,Array3dAverage,THREE_D,192,4,32,1,27,240.736,8.922,0,2.731,9.574,0.195
GTX 780,Array3dAverage,THREE_D,192,4,32,2,27,239.589,8.887,0.002,2.737,9.545,0.193
GTX 780,Array3dAverage,THREE_D,192,4,32,4,27,239.235,8.919,0.001,2.782,9.583,0.197
GTX 780,Array3dAverage,THREE_D,192,4,32,8,27,240.361,8.919,0.001,2.843,9.575,0.194
GTX 780,Array3dAverage,THREE_D,192,4,64,1,27,240.073,8.885,0.001,2.747,9.572,0.192
GTX 780,Array3dAverage,THREE_D,192,4,64,2,27,239.415,8.913,0.001,2.78,9.589,0.193
GTX 780,Array3dAverage,THREE_D,192,4,64,4,27,239.451,8.903,0.002,2.832,9.576,0.193
GTX 780,Array3dAverage,THREE_D,192,8,1,1,27,249.002,8.927,0.001,9.548,9.57,0.191
GTX 780,Array3dAverage,THREE_D,192,8,1,2,27,240.482,8.915,0.001,5.552,9.568,0.193
GTX 780,Array3dAverage,THREE_D,192,8,1,4,27,239.62,8.952,0.001,3.175,9.59,0.196
GTX 780,Array3dAverage,THREE_D,192,8,1,8,27,240.632,8.933,0.001,1.804,9.557,0.193
GTX 780,Array3dAverage,THREE_D,192,8,1,16,27,240.211,8.923,0.001,1.564,9.573,0.2
GTX 780,Array3dAverage,THREE_D,192,8,1,32,27,240.137,8.916,0.001,1.567,9.606,0.194
GTX 780,Array3dAverage,THREE_D,192,8,1,64,27,240.318,8.905,0.001,1.685,9.55,0.194
GTX 780,Array3dAverage,THREE_D,192,8,8,8,27,241.551,8.921,0.001,1.56,9.62,0.201
GTX 780,Array3dAverage,THREE_D,192,8,2,1,27,239.965,8.892,0.001,5.405,9.567,0.205
GTX 780,Array3dAverage,THREE_D,192,8,2,2,27,239.388,8.902,0.001,3.144,9.555,0.194
GTX 780,Array3dAverage,THREE_D,192,8,2,4,27,239.228,8.882,0.001,1.791,9.595,0.201
GTX 780,Array3dAverage,THREE_D,192,8,2,8,27,246.093,8.962,0.002,1.567,9.557,0.196
GTX 780,Array3dAverage,THREE_D,192,8,2,16,27,241.254,8.939,0.001,1.559,9.564,0.198
GTX 780,Array3dAverage,THREE_D,192,8,2,32,27,239.866,8.925,0.001,1.566,9.559,0.2
GTX 780,Array3dAverage,THREE_D,192,8,2,64,27,239.965,8.971,0.001,1.642,9.682,0.194
GTX 780,Array3dAverage,THREE_D,192,8,4,1,27,241.559,8.942,0.002,3.097,9.605,0.199
GTX 780,Array3dAverage,THREE_D,192,8,4,2,27,239.669,8.888,0.001,1.766,9.589,0.197
GTX 780,Array3dAverage,THREE_D,192,8,4,4,27,239.596,8.929,0.001,1.558,9.567,0.197
GTX 780,Array3dAverage,THREE_D,192,8,4,8,27,239.562,8.934,0.001,1.564,9.603,0.192
GTX 780,Array3dAverage,THREE_D,192,8,4,16,27,241.158,8.896,0.001,1.565,9.56,0.196
GTX 780,Array3dAverage,THREE_D,192,8,4,32,27,239.648,8.888,0,1.597,9.6,0.194
GTX 780,Array3dAverage,THREE_D,192,8,8,1,27,239.528,8.92,0.001,1.761,9.568,0.195
GTX 780,Array3dAverage,THREE_D,192,8,8,2,27,241.096,9.035,0.001,1.563,9.62,0.195
GTX 780,Array3dAverage,THREE_D,192,8,8,4,27,240.789,8.921,0.001,1.553,9.596,0.191
GTX 780,Array3dAverage,THREE_D,192,8,8,8,27,239.5,8.91,0.002,1.563,9.579,0.193
GTX 780,Array3dAverage,THREE_D,192,8,8,16,27,239.485,8.887,0.001,1.605,9.56,0.193
GTX 780,Array3dAverage,THREE_D,192,8,16,1,27,240.512,8.92,0.001,1.563,9.562,0.198
GTX 780,Array3dAverage,THREE_D,192,8,16,2,27,240.269,8.907,0.001,1.551,9.57,0.192
GTX 780,Array3dAverage,THREE_D,192,8,16,4,27,239.623,8.904,0.002,1.551,9.601,0.191
GTX 780,Array3dAverage,THREE_D,192,8,16,8,27,242.5,9.045,0.001,1.627,9.599,0.202
GTX 780,Array3dAverage,THREE_D,192,8,32,1,27,245.458,8.995,0.001,1.559,9.611,0.194
GTX 780,Array3dAverage,THREE_D,192,8,32,2,27,240.485,8.893,0,1.538,9.58,0.194
GTX 780,Array3dAverage,THREE_D,192,8,32,4,27,239.615,8.895,0.002,1.605,9.563,0.198
GTX 780,Array3dAverage,THREE_D,192,8,64,1,27,239.565,8.941,0.001,1.544,9.609,0.196
GTX 780,Array3dAverage,THREE_D,192,8,64,2,27,241.548,8.915,0.001,1.603,9.68,0.195
GTX 780,Array3dAverage,THREE_D,192,16,1,1,27,260.49,9.196,0.002,4.919,9.618,0.206
GTX 780,Array3dAverage,THREE_D,192,16,1,2,27,244.459,8.913,0.001,2.881,9.623,0.201
GTX 780,Array3dAverage,THREE_D,192,16,1,4,27,242.466,8.981,0.001,1.602,9.568,0.194
GTX 780,Array3dAverage,THREE_D,192,16,1,8,27,240.902,8.881,0.001,0.987,9.604,0.195
GTX 780,Array3dAverage,THREE_D,192,16,1,16,27,240.026,8.91,0.001,1.009,9.563,0.194
GTX 780,Array3dAverage,THREE_D,192,16,1,32,27,239.803,8.928,0.001,1.084,9.539,0.193
GTX 780,Array3dAverage,THREE_D,192,16,1,64,27,241.063,8.911,0.001,1.199,9.58,0.194
GTX 780,Array3dAverage,THREE_D,192,16,2,1,27,240.147,8.899,0.001,2.814,9.603,0.195
GTX 780,Array3dAverage,THREE_D,192,16,2,2,27,239.631,8.879,0.001,1.58,9.563,0.192
GTX 780,Array3dAverage,THREE_D,192,16,2,4,27,239.573,8.88,0.002,0.978,9.563,0.197
GTX 780,Array3dAverage,THREE_D,192,16,2,8,27,241.955,8.989,0.001,1.01,9.568,0.196
GTX 780,Array3dAverage,THREE_D,192,16,2,16,27,240.018,8.894,0.001,1.068,9.605,0.197
GTX 780,Array3dAverage,THREE_D,192,16,2,32,27,239.522,8.895,0.001,1.183,9.553,0.192
GTX 780,Array3dAverage,THREE_D,192,16,4,1,27,239.439,8.895,0.001,1.544,9.595,0.205
GTX 780,Array3dAverage,THREE_D,192,16,4,2,27,244.51,8.933,0.001,0.974,9.564,0.195
GTX 780,Array3dAverage,THREE_D,192,16,4,4,27,240.431,8.936,0.001,0.995,9.602,0.193
GTX 780,Array3dAverage,THREE_D,192,16,4,8,27,241.016,8.923,0.001,1.07,9.563,0.193
GTX 780,Array3dAverage,THREE_D,192,16,4,16,27,240.527,8.965,0.001,1.182,9.555,0.196
GTX 780,Array3dAverage,THREE_D,192,16,8,1,27,241.684,8.973,0.001,0.964,9.603,0.201
GTX 780,Array3dAverage,THREE_D,192,16,8,2,27,239.572,8.896,0.001,0.984,9.574,0.192
GTX 780,Array3dAverage,THREE_D,192,16,8,4,27,239.66,8.945,0.001,1.048,9.567,0.199
GTX 780,Array3dAverage,THREE_D,192,16,8,8,27,240.048,8.968,0.002,1.179,9.591,0.194
GTX 780,Array3dAverage,THREE_D,192,16,16,1,27,240.982,8.905,0.002,0.989,9.604,0.194
GTX 780,Array3dAverage,THREE_D,192,16,16,2,27,239.695,8.927,0.001,1.036,9.629,0.195
GTX 780,Array3dAverage,THREE_D,192,16,16,4,27,239.639,8.869,0.001,1.157,9.562,0.194
GTX 780,Array3dAverage,THREE_D,192,16,32,1,27,241.37,9.011,0.001,1.055,9.572,0.197
GTX 780,Array3dAverage,THREE_D,192,16,32,2,27,240.369,8.935,0.001,1.149,9.583,0.192
GTX 780,Array3dAverage,THREE_D,192,16,64,1,27,239.477,8.881,0.001,1.155,9.548,0.196
GTX 780,Array3dAverage,THREE_D,192,32,1,1,27,239.48,8.905,0.001,2.582,9.57,0.193
GTX 780,Array3dAverage,THREE_D,192,32,1,2,27,240.708,8.908,0.001,1.468,9.558,0.192
GTX 780,Array3dAverage,THREE_D,192,32,1,4,27,240.093,8.938,0.001,0.9,9.54,0.198
GTX 780,Array3dAverage,THREE_D,192,32,1,8,27,239.408,8.934,0.001,0.924,9.579,0.194
GTX 780,Array3dAverage,THREE_D,192,32,1,16,27,239.673,8.902,0.002,0.983,9.555,0.196
GTX 780,Array3dAverage,THREE_D,192,32,1,32,27,241.69,8.97,0.001,1.084,9.555,0.195
GTX 780,Array3dAverage,THREE_D,192,32,2,1,27,240.134,8.904,0.001,1.424,9.571,0.193
GTX 780,Array3dAverage,THREE_D,192,32,2,2,27,239.421,8.933,0.001,0.902,9.559,0.193
GTX 780,Array3dAverage,THREE_D,192,32,2,4,27,239.672,8.951,0.001,0.916,9.588,0.192
GTX 780,Array3dAverage,THREE_D,192,32,2,8,27,241.205,8.911,0.001,0.988,9.643,0.196
GTX 780,Array3dAverage,THREE_D,192,32,2,16,27,239.698,8.895,0.001,1.081,9.573,0.193
GTX 780,Array3dAverage,THREE_D,192,32,4,1,27,239.54,8.9,0.001,0.886,9.567,0.193
GTX 780,Array3dAverage,THREE_D,192,32,4,2,27,239.508,9.159,0.001,0.931,9.672,0.193
GTX 780,Array3dAverage,THREE_D,192,32,4,4,27,241.634,8.937,0.001,0.972,9.566,0.198
GTX 780,Array3dAverage,THREE_D,192,32,4,8,27,239.865,8.89,0.001,1.091,9.553,0.195
GTX 780,Array3dAverage,THREE_D,192,32,8,1,27,239.614,8.934,0.001,0.912,9.573,0.196
GTX 780,Array3dAverage,THREE_D,192,32,8,2,27,239.745,8.902,0.001,0.969,9.578,0.194
GTX 780,Array3dAverage,THREE_D,192,32,8,4,27,240.902,8.904,0.001,1.071,9.581,0.198
GTX 780,Array3dAverage,THREE_D,192,32,16,1,27,239.411,8.918,0.001,0.979,9.563,0.193
GTX 780,Array3dAverage,THREE_D,192,32,16,2,27,239.735,8.895,0.001,1.078,9.623,0.193
GTX 780,Array3dAverage,THREE_D,192,32,32,1,27,240.783,9.061,0.001,1.086,9.623,0.195
GTX 780,Array3dAverage,THREE_D,192,64,1,1,27,240.726,8.916,0.002,1.425,9.583,0.194
GTX 780,Array3dAverage,THREE_D,192,64,1,2,27,239.53,8.903,0.001,0.893,9.605,0.191
GTX 780,Array3dAverage,THREE_D,192,64,1,4,27,239.416,8.932,0.001,0.92,9.571,0.193
GTX 780,Array3dAverage,THREE_D,192,64,1,8,27,242.853,9.024,0.002,0.992,9.551,0.202
GTX 780,Array3dAverage,THREE_D,192,64,1,16,27,242.088,8.956,0.001,1.079,9.559,0.196
GTX 780,Array3dAverage,THREE_D,192,64,2,1,27,239.851,8.908,0.001,0.89,9.554,0.192
GTX 780,Array3dAverage,THREE_D,192,64,2,2,27,239.763,8.903,0.002,0.91,9.592,0.193
GTX 780,Array3dAverage,THREE_D,192,64,2,4,27,241.585,8.975,0.001,0.97,9.61,0.192
GTX 780,Array3dAverage,THREE_D,192,64,2,8,27,240.241,8.925,0.001,1.078,9.562,0.191
GTX 780,Array3dAverage,THREE_D,192,64,4,1,27,239.758,8.898,0,0.914,9.575,0.196
GTX 780,Array3dAverage,THREE_D,192,64,4,2,27,239.656,8.92,0.001,0.964,9.549,0.192
GTX 780,Array3dAverage,THREE_D,192,64,4,4,27,241.149,8.932,0.001,1.074,9.602,0.196
GTX 780,Array3dAverage,THREE_D,192,64,8,1,27,239.664,8.92,0.001,0.975,9.559,0.195
GTX 780,Array3dAverage,THREE_D,192,64,8,2,27,240.234,8.973,0.001,1.072,9.644,0.211
GTX 780,Array3dAverage,THREE_D,192,64,16,1,27,239.9,8.933,0.001,1.082,9.6,0.201
GTX 780,Array3dAverage,THREE_D,192,1,1,16,27,243.777,8.974,0.001,10.701,8.706,0.192
GTX 780,Array3dAverage,THREE_D,192,1,1,32,27,238.742,8.962,0.001,10.031,8.713,0.193
GTX 780,Array3dAverage,THREE_D,192,1,1,64,27,238.46,8.992,0.001,10.905,8.697,0.196
GTX 780,Array3dAverage,THREE_D,192,1,2,16,27,242.797,9.002,0.001,9.815,8.607,0.194
GTX 780,Array3dAverage,THREE_D,192,1,2,32,27,238.801,8.936,0.001,9.649,8.873,0.194
GTX 780,Array3dAverage,THREE_D,192,1,2,64,27,241.497,8.957,0.002,9.658,8.722,0.193
GTX 780,Array3dAverage,THREE_D,192,1,4,16,27,243.468,8.981,0.002,9.666,8.673,0.191
GTX 780,Array3dAverage,THREE_D,192,1,4,32,27,239.361,8.941,0.001,9.647,8.701,0.192
GTX 780,Array3dAverage,THREE_D,192,1,4,64,27,239.814,9.006,0.001,9.699,8.706,0.193
GTX 780,Array3dAverage,THREE_D,192,1,8,16,27,243.59,8.954,0.002,9.655,8.613,0.194
GTX 780,Array3dAverage,THREE_D,192,1,8,32,27,238.801,8.994,0.001,9.7,8.71,0.195
GTX 780,Array3dAverage,THREE_D,192,1,8,64,27,238.146,8.934,0,9.715,8.726,0.194
GTX 780,Array3dAverage,THREE_D,192,1,16,1,27,242.765,8.962,0.001,10.553,8.617,0.191
GTX 780,Array3dAverage,THREE_D,192,1,16,2,27,238.492,8.938,0.001,9.817,8.718,0.195
GTX 780,Array3dAverage,THREE_D,192,1,16,4,27,237.965,8.928,0.001,9.651,8.771,0.194
GTX 780,Array3dAverage,THREE_D,192,1,16,8,27,239.974,8.968,0.001,9.655,8.716,0.193
GTX 780,Array3dAverage,THREE_D,192,1,16,16,27,238.009,8.947,0.001,9.747,8.712,0.193
GTX 780,Array3dAverage,THREE_D,192,1,16,32,27,237.98,8.935,0.001,9.717,8.727,0.191
GTX 780,Array3dAverage,THREE_D,192,1,16,64,27,238.35,8.983,0.001,9.827,8.784,0.206
GTX 780,Array3dAverage,THREE_D,192,1,32,1,27,239.542,8.997,0.001,9.825,8.702,0.192
GTX 780,Array3dAverage,THREE_D,192,1,32,2,27,237.489,8.922,0.001,9.655,8.738,0.191
GTX 780,Array3dAverage,THREE_D,192,1,32,4,27,237.495,8.949,0.001,9.65,8.702,0.19
GTX 780,Array3dAverage,THREE_D,192,1,32,8,27,238.857,9.043,0.001,9.71,8.695,0.195
GTX 780,Array3dAverage,THREE_D,192,1,32,16,27,239.103,8.949,0.001,9.734,8.706,0.191
GTX 780,Array3dAverage,THREE_D,192,1,32,32,27,238.042,8.954,0.001,9.845,8.7,0.192
GTX 780,Array3dAverage,THREE_D,192,1,64,1,27,237.57,9.01,0.001,9.649,8.7,0.193
GTX 780,Array3dAverage,THREE_D,192,1,64,2,27,239.482,8.954,0.001,9.658,8.725,0.194
GTX 780,Array3dAverage,THREE_D,192,1,64,4,27,238.058,8.94,0.001,9.701,8.704,0.195
GTX 780,Array3dAverage,THREE_D,192,1,64,8,27,237.349,8.969,0.001,9.73,8.705,0.197
GTX 780,Array3dAverage,THREE_D,192,1,64,16,27,237.461,8.941,0.001,9.823,8.699,0.196
GTX 780,Array3dAverage,THREE_D,192,2,1,16,27,242.637,8.947,0.001,5.545,8.606,0.205
GTX 780,Array3dAverage,THREE_D,192,2,1,32,27,239.763,8.977,0.001,5.093,8.712,0.191
GTX 780,Array3dAverage,THREE_D,192,2,1,64,27,238.685,8.945,0.001,5.612,8.736,0.198
GTX 780,Array3dAverage,THREE_D,192,2,2,16,27,242.99,8.979,0.001,5.019,8.591,0.189
GTX 780,Array3dAverage,THREE_D,192,2,2,32,27,240.413,9.03,0.002,5.029,8.771,0.199
GTX 780,Array3dAverage,THREE_D,192,2,2,64,27,239.22,8.938,0.001,5.064,8.716,0.191
GTX 780,Array3dAverage,THREE_D,192,2,4,16,27,243.319,8.963,0.001,5.018,8.609,0.191
GTX 780,Array3dAverage,THREE_D,192,2,4,32,27,238.695,9.001,0.001,5.057,8.703,0.206
GTX 780,Array3dAverage,THREE_D,192,2,4,64,27,238.338,8.917,0.001,5.095,8.763,0.192
GTX 780,Array3dAverage,THREE_D,192,2,8,16,27,242.708,8.96,0.001,5.056,8.64,0.19
GTX 780,Array3dAverage,THREE_D,192,2,8,32,27,239.122,8.954,0.002,5.081,8.714,0.196
GTX 780,Array3dAverage,THREE_D,192,2,8,64,27,239.556,8.982,0.001,5.234,8.75,0.194
GTX 780,Array3dAverage,THREE_D,192,2,16,1,27,237.918,8.943,0.001,5.479,8.71,0.192
GTX 780,Array3dAverage,THREE_D,192,2,16,2,27,238.045,8.966,0.001,5.005,8.699,0.192
GTX 780,Array3dAverage,THREE_D,192,2,16,4,27,238.89,9.049,0.002,5.025,8.757,0.194
GTX 780,Array3dAverage,THREE_D,192,2,16,8,27,238.451,8.947,0.001,5.059,8.711,0.191
GTX 780,Array3dAverage,THREE_D,192,2,16,16,27,237.493,8.954,0.001,5.081,8.741,0.192
GTX 780,Array3dAverage,THREE_D,192,2,16,32,27,237.618,8.944,0.001,5.172,8.732,0.191
GTX 780,Array3dAverage,THREE_D,192,2,32,1,27,238.873,8.963,0.001,5.006,8.716,0.197
GTX 780,Array3dAverage,THREE_D,192,2,32,2,27,238.869,8.971,0.002,5.024,8.702,0.196
GTX 780,Array3dAverage,THREE_D,192,2,32,4,27,237.801,8.937,0.001,5.049,8.712,0.193
GTX 780,Array3dAverage,THREE_D,192,2,32,8,27,237.492,8.921,0.002,5.072,8.711,0.193
GTX 780,Array3dAverage,THREE_D,192,2,32,16,27,239.495,8.956,0.001,5.173,8.693,0.193
GTX 780,Array3dAverage,THREE_D,192,2,64,1,27,237.982,8.936,0.001,5.015,8.717,0.188
GTX 780,Array3dAverage,THREE_D,192,2,64,2,27,237.481,8.967,0.001,5.047,8.699,0.191
GTX 780,Array3dAverage,THREE_D,192,2,64,4,27,238.115,8.937,0.001,5.075,8.698,0.193
GTX 780,Array3dAverage,THREE_D,192,2,64,8,27,239.079,9.001,0.001,5.168,8.717,0.194
GTX 780,Array3dAverage,THREE_D,192,4,1,16,27,242.624,8.977,0.001,2.713,8.612,0.194
GTX 780,Array3dAverage,THREE_D,192,4,1,32,27,248.736,9.073,0.001,2.767,8.727,0.2
GTX 780,Array3dAverage,THREE_D,192,4,1,64,27,239.147,8.933,0.001,3.022,8.746,0.194
GTX 780,Array3dAverage,THREE_D,192,4,2,16,27,242.706,8.972,0.001,2.732,8.61,0.189
GTX 780,Array3dAverage,THREE_D,192,4,2,32,27,238.891,9.02,0.002,2.75,8.715,0.192
GTX 780,Array3dAverage,THREE_D,192,4,2,64,27,239.859,9.021,0.001,2.899,8.709,0.193
GTX 780,Array3dAverage,THREE_D,192,4,4,16,27,242.733,8.969,0.001,2.746,8.603,0.19
GTX 780,Array3dAverage,THREE_D,192,4,4,32,27,241.154,8.983,0.002,2.798,8.712,0.204
GTX 780,Array3dAverage,THREE_D,192,4,4,64,27,238.974,8.971,0.001,2.972,8.702,0.191
GTX 780,Array3dAverage,THREE_D,192,4,8,16,27,242.698,8.982,0.001,2.786,8.631,0.19
GTX 780,Array3dAverage,THREE_D,192,4,8,32,27,240.793,8.984,0.001,2.854,8.702,0.19
GTX 780,Array3dAverage,THREE_D,192,4,16,1,27,238.63,8.948,0.001,2.668,8.744,0.196
GTX 780,Array3dAverage,THREE_D,192,4,16,2,27,237.87,8.964,0.002,2.726,8.705,0.197
GTX 780,Array3dAverage,THREE_D,192,4,16,4,27,237.698,8.917,0.001,2.74,8.717,0.193
GTX 780,Array3dAverage,THREE_D,192,4,16,8,27,239.163,9.03,0.001,2.793,8.76,0.194
GTX 780,Array3dAverage,THREE_D,192,4,16,16,27,237.718,8.95,0.001,2.853,8.704,0.188
GTX 780,Array3dAverage,THREE_D,192,4,32,1,27,237.688,8.956,0.001,2.731,8.738,0.195
GTX 780,Array3dAverage,THREE_D,192,4,32,2,27,237.76,8.92,0.001,2.758,8.769,0.191
GTX 780,Array3dAverage,THREE_D,192,4,32,4,27,240.416,9.002,0.001,2.788,8.723,0.192
GTX 780,Array3dAverage,THREE_D,192,4,32,8,27,237.64,8.969,0.001,2.851,8.702,0.194
GTX 780,Array3dAverage,THREE_D,192,4,64,1,27,237.528,8.926,0.001,2.75,8.71,0.193
GTX 780,Array3dAverage,THREE_D,192,4,64,2,27,237.443,9.065,0.001,2.784,8.712,0.191
GTX 780,Array3dAverage,THREE_D,192,4,64,4,27,238.822,8.952,0.001,2.839,8.695,0.193
GTX 780,Array3dAverage,THREE_D,192,8,1,16,27,242.512,8.983,0.001,1.574,8.613,0.192
GTX 780,Array3dAverage,THREE_D,192,8,1,32,27,243.276,9.042,0.001,1.573,8.712,0.196
GTX 780,Array3dAverage,THREE_D,192,8,1,64,27,239.818,8.986,0.002,1.678,8.7,0.193
GTX 780,Array3dAverage,THREE_D,192,8,2,16,27,244.189,9.022,0.001,1.59,8.635,0.193
GTX 780,Array3dAverage,THREE_D,192,8,2,32,27,238.879,8.936,0.001,1.568,8.718,0.191
GTX 780,Array3dAverage,THREE_D,192,8,2,64,27,238.447,8.945,0.001,1.633,8.75,0.197
GTX 780,Array3dAverage,THREE_D,192,8,4,16,27,244.22,9.076,0.002,1.566,8.646,0.191
GTX 780,Array3dAverage,THREE_D,192,8,4,32,27,239.533,8.946,0.001,1.598,8.713,0.19
GTX 780,Array3dAverage,THREE_D,192,8,8,16,27,242.922,8.966,0.001,1.596,8.62,0.187
GTX 780,Array3dAverage,THREE_D,192,8,16,1,27,240.153,8.975,0.001,1.562,8.706,0.192
GTX 780,Array3dAverage,THREE_D,192,8,16,2,27,238.601,8.911,0.001,1.571,8.716,0.192
GTX 780,Array3dAverage,THREE_D,192,8,16,4,27,237.665,8.96,0.001,1.552,8.713,0.191
GTX 780,Array3dAverage,THREE_D,192,8,16,8,27,238.05,8.944,0.001,1.608,8.717,0.189
GTX 780,Array3dAverage,THREE_D,192,8,32,1,27,240.871,9.007,0.002,1.56,8.731,0.19
GTX 780,Array3dAverage,THREE_D,192,8,32,2,27,237.858,8.935,0.001,1.539,8.71,0.191
GTX 780,Array3dAverage,THREE_D,192,8,32,4,27,237.631,8.95,0.001,1.605,8.69,0.195
GTX 780,Array3dAverage,THREE_D,192,8,64,1,27,237.72,8.986,0.001,1.546,8.813,0.193
GTX 780,Array3dAverage,THREE_D,192,8,64,2,27,239.293,8.993,0.001,1.603,8.714,0.194
GTX 780,Array3dAverage,THREE_D,192,16,1,1,27,245.399,8.952,0.001,4.905,8.79,0.191
GTX 780,Array3dAverage,THREE_D,192,16,1,2,27,238.126,8.983,0.001,2.885,8.71,0.189
GTX 780,Array3dAverage,THREE_D,192,16,1,4,27,239.314,8.988,0.002,1.595,8.707,0.193
GTX 780,Array3dAverage,THREE_D,192,16,1,8,27,238.179,8.924,0.002,0.992,8.712,0.19
GTX 780,Array3dAverage,THREE_D,192,16,1,16,27,237.532,8.943,0.002,1.011,8.705,0.19
GTX 780,Array3dAverage,THREE_D,192,16,1,32,27,237.338,8.932,0.002,1.079,8.719,0.189
GTX 780,Array3dAverage,THREE_D,192,16,1,64,27,239.642,8.989,0.001,1.203,8.723,0.193
GTX 780,Array3dAverage,THREE_D,192,16,2,1,27,238.537,8.928,0.001,2.812,8.748,0.188
GTX 780,Array3dAverage,THREE_D,192,16,2,2,27,238.054,8.987,0.001,1.581,8.746,0.188
GTX 780,Array3dAverage,THREE_D,192,16,2,4,27,238.235,8.945,0.001,0.979,8.696,0.187
GTX 780,Array3dAverage,THREE_D,192,16,2,8,27,239.366,8.963,0.001,1.009,8.708,0.198
GTX 780,Array3dAverage,THREE_D,192,16,2,16,27,237.839,8.931,0.001,1.071,8.711,0.189
GTX 780,Array3dAverage,THREE_D,192,16,2,32,27,237.594,8.924,0.002,1.189,8.716,0.194
GTX 780,Array3dAverage,THREE_D,192,16,4,1,27,237.317,8.924,0.001,1.548,8.695,0.192
GTX 780,Array3dAverage,THREE_D,192,16,4,2,27,238.584,8.985,0.001,0.97,8.758,0.191
GTX 780,Array3dAverage,THREE_D,192,16,4,4,27,237.672,8.975,0.001,1.001,8.722,0.189
GTX 780,Array3dAverage,THREE_D,192,16,4,8,27,237.355,8.957,0.001,1.069,8.757,0.192
GTX 780,Array3dAverage,THREE_D,192,16,4,16,27,237.712,8.949,0.001,1.182,8.749,0.192
GTX 780,Array3dAverage,THREE_D,192,16,8,1,27,240.889,9.055,0.002,0.966,8.762,0.191
GTX 780,Array3dAverage,THREE_D,192,16,8,2,27,238.06,8.955,0.001,0.984,8.737,0.19
GTX 780,Array3dAverage,THREE_D,192,16,8,4,27,237.535,8.952,0.001,1.046,8.724,0.19
GTX 780,Array3dAverage,THREE_D,192,16,8,8,27,237.433,8.942,0.001,1.179,8.837,0.188
GTX 780,Array3dAverage,THREE_D,192,16,16,1,27,239.068,8.988,0.001,0.995,8.71,0.19
GTX 780,Array3dAverage,THREE_D,192,16,16,2,27,237.575,8.952,0.001,1.036,8.689,0.188
GTX 780,Array3dAverage,THREE_D,192,16,16,4,27,237.38,8.932,0.001,1.157,8.716,0.195
GTX 780,Array3dAverage,THREE_D,192,16,32,1,27,237.822,8.957,0.001,1.056,8.725,0.19
GTX 780,Array3dAverage,THREE_D,192,16,32,2,27,239.082,8.947,0.001,1.156,8.699,0.191
GTX 780,Array3dAverage,THREE_D,192,16,64,1,27,237.37,8.945,0.001,1.154,8.701,0.189
GTX 780,Array3dAverage,THREE_D,192,32,1,1,27,237.398,8.929,0.001,2.586,8.763,0.189
GTX 780,Array3dAverage,THREE_D,192,32,1,2,27,237.571,8.961,0.001,1.467,8.807,0.189
GTX 780,Array3dAverage,THREE_D,192,32,1,4,27,238.782,8.936,0.001,0.905,8.722,0.193
GTX 780,Array3dAverage,THREE_D,192,32,1,8,27,237.475,8.954,0.001,0.921,8.709,0.194
GTX 780,Array3dAverage,THREE_D,192,32,1,16,27,237.547,8.94,0.001,0.984,8.71,0.189
GTX 780,Array3dAverage,THREE_D,192,32,1,32,27,238.448,8.996,0.001,1.092,8.729,0.193
GTX 780,Array3dAverage,THREE_D,192,32,2,1,27,238.178,8.938,0.002,1.426,8.698,0.189
GTX 780,Array3dAverage,THREE_D,192,32,2,2,27,237.231,8.935,0.001,0.896,8.785,0.187
GTX 780,Array3dAverage,THREE_D,192,32,2,4,27,237.217,8.941,0.001,0.917,8.742,0.189
GTX 780,Array3dAverage,THREE_D,192,32,2,8,27,238.164,8.964,0.001,0.988,8.702,0.194
GTX 780,Array3dAverage,THREE_D,192,32,2,16,27,238.023,8.983,0.001,1.084,8.711,0.188
GTX 780,Array3dAverage,THREE_D,192,32,4,1,27,237.331,8.924,0.001,0.888,8.713,0.19
GTX 780,Array3dAverage,THREE_D,192,32,4,2,27,237.351,8.924,0.001,0.909,8.697,0.189
GTX 780,Array3dAverage,THREE_D,192,32,4,4,27,238.944,8.967,0.001,0.97,8.697,0.195
GTX 780,Array3dAverage,THREE_D,192,32,4,8,27,237.925,8.931,0.001,1.084,8.748,0.19
GTX 780,Array3dAverage,THREE_D,192,32,8,1,27,237.569,8.957,0.001,0.915,8.746,0.188
GTX 780,Array3dAverage,THREE_D,192,32,8,2,27,237.424,8.968,0.001,0.964,8.762,0.192
GTX 780,Array3dAverage,THREE_D,192,32,8,4,27,242.291,9.07,0.002,1.077,8.703,0.193
GTX 780,Array3dAverage,THREE_D,192,32,16,1,27,239.667,8.925,0.001,0.984,8.719,0.192
GTX 780,Array3dAverage,THREE_D,192,32,16,2,27,237.825,8.925,0.001,1.074,8.715,0.19
GTX 780,Array3dAverage,THREE_D,192,32,32,1,27,237.548,8.924,0.001,1.08,8.718,0.194
GTX 780,Array3dAverage,THREE_D,192,64,1,1,27,239.837,8.97,0.001,1.433,8.753,0.191
GTX 780,Array3dAverage,THREE_D,192,64,1,2,27,237.727,8.934,0.001,0.898,8.736,0.19
GTX 780,Array3dAverage,THREE_D,192,64,1,4,27,237.344,8.951,0.001,0.915,8.712,0.196
GTX 780,Array3dAverage,THREE_D,192,64,1,8,27,237.217,8.975,0,0.983,8.702,0.189
GTX 780,Array3dAverage,THREE_D,192,64,1,16,27,238.862,8.96,0.001,1.08,8.715,0.192
GTX 780,Array3dAverage,THREE_D,192,64,2,1,27,237.459,8.934,0.001,0.885,8.726,0.196
GTX 780,Array3dAverage,THREE_D,192,64,2,2,27,238.247,9.019,0.001,0.913,8.698,0.199
GTX 780,Array3dAverage,THREE_D,192,64,2,4,27,237.519,9.073,0.001,0.972,8.818,0.189
GTX 780,Array3dAverage,THREE_D,192,64,2,8,27,239.523,8.962,0.001,1.081,8.699,0.194
GTX 780,Array3dAverage,THREE_D,192,64,4,1,27,237.649,8.946,0.001,0.912,8.727,0.188
GTX 780,Array3dAverage,THREE_D,192,64,4,2,27,238.677,8.988,0.002,0.985,8.71,0.19
GTX 780,Array3dAverage,THREE_D,192,64,4,4,27,237.913,8.931,0.001,1.075,8.681,0.191
GTX 780,Array3dAverage,THREE_D,192,64,8,1,27,238.684,8.971,0.001,0.978,8.721,0.19
GTX 780,Array3dAverage,THREE_D,192,64,8,2,27,237.512,8.935,0.001,1.073,8.713,0.198
GTX 780,Array3dAverage,THREE_D,192,64,16,1,27,237.403,8.926,0.001,1.083,8.743,0.189
GTX 780,Array3dAverage,THREE_D,192,1,1,32,27,260.02,9.072,0.001,10.028,13.401,0.206
GTX 780,Array3dAverage,THREE_D,192,1,1,64,27,245.015,9.094,0.001,10.901,8.789,0.197
GTX 780,Array3dAverage,THREE_D,192,1,2,32,27,254.97,9.038,0.002,9.65,8.667,0.194
GTX 780,Array3dAverage,THREE_D,192,1,2,64,27,242.072,9.025,0.002,9.663,8.778,0.204
GTX 780,Array3dAverage,THREE_D,192,1,4,32,27,256.652,9.046,0.001,9.65,8.693,0.197
GTX 780,Array3dAverage,THREE_D,192,1,4,64,27,242.003,9.013,0.001,9.695,8.773,0.196
GTX 780,Array3dAverage,THREE_D,192,1,8,32,27,255.333,9.057,0.001,9.699,8.659,0.196
GTX 780,Array3dAverage,THREE_D,192,1,8,64,27,242.365,9.036,0.001,9.713,8.736,0.195
GTX 780,Array3dAverage,THREE_D,192,1,16,32,27,256.432,9.089,0.001,9.731,8.713,0.197
GTX 780,Array3dAverage,THREE_D,192,1,16,64,27,242.448,9.024,0.002,9.821,8.753,0.194
GTX 780,Array3dAverage,THREE_D,192,1,32,1,27,240.736,8.995,0.001,9.813,8.758,0.195
GTX 780,Array3dAverage,THREE_D,192,1,32,2,27,240.843,9.016,0.001,9.651,8.765,0.195
GTX 780,Array3dAverage,THREE_D,192,1,32,4,27,242.351,9.134,0.001,9.651,8.784,0.195
GTX 780,Array3dAverage,THREE_D,192,1,32,8,27,240.646,9.011,0.001,9.705,8.797,0.195
GTX 780,Array3dAverage,THREE_D,192,1,32,16,27,240.287,8.988,0.002,9.728,8.754,0.192
GTX 780,Array3dAverage,THREE_D,192,1,32,32,27,240.777,9.008,0.001,9.837,8.806,0.202
GTX 780,Array3dAverage,THREE_D,192,1,64,1,27,242.005,8.976,0.002,9.648,8.797,0.197
GTX 780,Array3dAverage,THREE_D,192,1,64,2,27,240.344,9.002,0.001,9.649,8.764,0.196
GTX 780,Array3dAverage,THREE_D,192,1,64,4,27,240.49,8.978,0.002,9.7,8.743,0.197
GTX 780,Array3dAverage,THREE_D,192,1,64,8,27,240.972,9.012,0.001,9.728,8.78,0.195
GTX 780,Array3dAverage,THREE_D,192,1,64,16,27,240.613,8.985,0.002,9.821,8.777,0.194
GTX 780,Array3dAverage,THREE_D,192,2,1,32,27,254.752,9.002,0.002,5.082,8.671,0.198
GTX 780,Array3dAverage,THREE_D,192,2,1,64,27,243.923,9.04,0.002,5.63,8.761,0.199
GTX 780,Array3dAverage,THREE_D,192,2,2,32,27,255.902,9.021,0.002,5.021,8.683,0.2
GTX 780,Array3dAverage,THREE_D,192,2,2,64,27,242.675,9.006,0.001,5.064,8.771,0.194
GTX 780,Array3dAverage,THREE_D,192,2,4,32,27,255.172,9.028,0.001,5.058,8.666,0.192
GTX 780,Array3dAverage,THREE_D,192,2,4,64,27,241.903,8.994,0.002,5.088,8.745,0.197
GTX 780,Array3dAverage,THREE_D,192,2,8,32,27,255.823,9.037,0.001,5.079,8.774,0.196
GTX 780,Array3dAverage,THREE_D,192,2,8,64,27,242.134,8.989,0.002,5.23,8.768,0.194
GTX 780,Array3dAverage,THREE_D,192,2,16,32,27,254.816,9.02,0.001,5.154,8.677,0.197
GTX 780,Array3dAverage,THREE_D,192,2,32,1,27,241.849,9.142,0.002,4.999,8.742,0.195
GTX 780,Array3dAverage,THREE_D,192,2,32,2,27,242.568,9.029,0.001,5.02,8.758,0.194
GTX 780,Array3dAverage,THREE_D,192,2,32,4,27,242.112,9.018,0.002,5.051,8.745,0.205
GTX 780,Array3dAverage,THREE_D,192,2,32,8,27,240.592,9.014,0.001,5.071,8.757,0.194
GTX 780,Array3dAverage,THREE_D,192,2,32,16,27,240.217,8.97,0.001,5.166,8.765,0.2
GTX 780,Array3dAverage,THREE_D,192,2,64,1,27,245.02,9.073,0.002,5.02,8.764,0.198
GTX 780,Array3dAverage,THREE_D,192,2,64,2,27,242.311,9.024,0.002,5.052,8.791,0.2
GTX 780,Array3dAverage,THREE_D,192,2,64,4,27,240.437,8.996,0.001,5.062,8.769,0.202
GTX 780,Array3dAverage,THREE_D,192,2,64,8,27,240.216,8.997,0.001,5.154,8.802,0.198
GTX 780,Array3dAverage,THREE_D,192,4,1,32,27,256.202,9.019,0.002,2.759,8.68,0.194
GTX 780,Array3dAverage,THREE_D,192,4,1,64,27,241.733,8.99,0.001,3.018,8.776,0.193
GTX 780,Array3dAverage,THREE_D,192,4,2,32,27,255.189,9.001,0.001,2.749,8.665,0.193
GTX 780,Array3dAverage,THREE_D,192,4,2,64,27,241.626,9.004,0.002,2.891,8.771,0.197
GTX 780,Array3dAverage,THREE_D,192,4,4,32,27,257.379,9.102,0.001,2.8,8.676,0.197
GTX 780,Array3dAverage,THREE_D,192,4,4,64,27,264.589,9.146,0.001,2.985,8.785,0.203
GTX 780,Array3dAverage,THREE_D,192,4,8,32,27,254.909,9.029,0.001,2.859,8.676,0.193
GTX 780,Array3dAverage,THREE_D,192,4,32,1,27,254.811,9.001,0.001,2.728,8.675,0.195
GTX 780,Array3dAverage,THREE_D,192,4,32,2,27,241.581,9.021,0.002,2.737,8.75,0.201
GTX 780,Array3dAverage,THREE_D,192,4,32,4,27,241.754,9.075,0.002,2.779,8.769,0.198
GTX 780,Array3dAverage,THREE_D,192,4,32,8,27,241.057,8.999,0.001,2.861,8.764,0.193
GTX 780,Array3dAverage,THREE_D,192,4,64,1,27,240.64,9.022,0.001,2.746,8.778,0.192
GTX 780,Array3dAverage,THREE_D,192,4,64,2,27,241.143,9.034,0.002,2.779,8.743,0.194
GTX 780,Array3dAverage,THREE_D,192,4,64,4,27,242.176,9.027,0.001,2.859,8.77,0.219
GTX 780,Array3dAverage,THREE_D,192,8,1,32,27,255.52,9.028,0.002,1.573,8.659,0.195
GTX 780,Array3dAverage,THREE_D,192,8,1,64,27,241.666,9.036,0.002,1.685,8.802,0.194
GTX 780,Array3dAverage,THREE_D,192,8,2,32,27,257.072,9.192,0.001,1.578,8.731,0.198
GTX 780,Array3dAverage,THREE_D,192,8,2,64,27,244.128,9.002,0.001,1.634,8.793,0.195
GTX 780,Array3dAverage,THREE_D,192,8,4,32,27,254.933,9.005,0.002,1.6,8.709,0.196
GTX 780,Array3dAverage,THREE_D,192,8,32,1,27,255.046,9.013,0.002,1.552,8.663,0.2
GTX 780,Array3dAverage,THREE_D,192,8,32,2,27,243.435,9.027,0.001,1.54,8.763,0.201
GTX 780,Array3dAverage,THREE_D,192,8,32,4,27,241.017,8.979,0.001,1.601,8.793,0.195
GTX 780,Array3dAverage,THREE_D,192,8,64,1,27,241.403,9.058,0.001,1.546,8.848,0.199
GTX 780,Array3dAverage,THREE_D,192,8,64,2,27,240.524,9.057,0.001,1.619,8.825,0.193
GTX 780,Array3dAverage,THREE_D,192,16,1,32,27,256.195,9.091,0.001,1.086,8.688,0.201
GTX 780,Array3dAverage,THREE_D,192,16,1,64,27,242.443,9.003,0.001,1.199,8.743,0.194
GTX 780,Array3dAverage,THREE_D,192,16,2,32,27,255.115,9.057,0.001,1.188,8.674,0.194
GTX 780,Array3dAverage,THREE_D,192,16,32,1,27,254.982,9.072,0.001,1.055,8.777,0.195
GTX 780,Array3dAverage,THREE_D,192,16,32,2,27,242.918,8.989,0.002,1.143,8.753,0.195
GTX 780,Array3dAverage,THREE_D,192,16,64,1,27,240.721,9.037,0.002,1.155,8.77,0.192
GTX 780,Array3dAverage,THREE_D,192,32,1,1,27,240.379,9.025,0.001,2.579,8.757,0.194
GTX 780,Array3dAverage,THREE_D,192,32,1,2,27,242.089,9.01,0.001,1.475,8.761,0.195
GTX 780,Array3dAverage,THREE_D,192,32,1,4,27,241.059,8.988,0.001,0.896,8.767,0.195
GTX 780,Array3dAverage,THREE_D,192,32,1,8,27,240.113,8.998,0.001,0.923,8.806,0.193
GTX 780,Array3dAverage,THREE_D,192,32,1,16,27,240.562,9.017,0.002,0.989,8.774,0.192
GTX 780,Array3dAverage,THREE_D,192,32,1,32,27,241.498,9.052,0.001,1.085,8.751,0.195
GTX 780,Array3dAverage,THREE_D,192,32,2,1,27,240.568,8.999,0.002,1.42,8.745,0.193
GTX 780,Array3dAverage,THREE_D,192,32,2,2,27,240.818,8.988,0.002,0.892,8.734,0.197
GTX 780,Array3dAverage,THREE_D,192,32,2,4,27,240.96,9.02,0.001,0.915,8.737,0.199
GTX 780,Array3dAverage,THREE_D,192,32,2,8,27,242.602,9.039,0.001,0.987,8.752,0.196
GTX 780,Array3dAverage,THREE_D,192,32,2,16,27,240.601,9.019,0.001,1.084,8.743,0.21
GTX 780,Array3dAverage,THREE_D,192,32,4,1,27,239.982,8.972,0.001,0.883,8.745,0.195
GTX 780,Array3dAverage,THREE_D,192,32,4,2,27,239.934,8.988,0.001,0.906,8.756,0.193
GTX 780,Array3dAverage,THREE_D,192,32,4,4,27,246.887,9.052,0.002,0.97,8.799,0.197
GTX 780,Array3dAverage,THREE_D,192,32,4,8,27,241.618,9.017,0.001,1.082,8.752,0.194
GTX 780,Array3dAverage,THREE_D,192,32,8,1,27,240.307,9.043,0.002,0.911,8.762,0.199
GTX 780,Array3dAverage,THREE_D,192,32,8,2,27,240.649,9.032,0.002,0.965,8.765,0.201
GTX 780,Array3dAverage,THREE_D,192,32,8,4,27,242.058,8.992,0.002,1.069,8.779,0.196
GTX 780,Array3dAverage,THREE_D,192,32,16,1,27,240.383,8.989,0.001,0.976,8.748,0.195
GTX 780,Array3dAverage,THREE_D,192,32,16,2,27,240.006,9.025,0.002,1.073,8.754,0.193
GTX 780,Array3dAverage,THREE_D,192,32,32,1,27,240.393,9.02,0.001,1.088,8.745,0.205
GTX 780,Array3dAverage,THREE_D,192,64,1,1,27,241.288,8.997,0.001,1.424,8.758,0.195
GTX 780,Array3dAverage,THREE_D,192,64,1,2,27,239.975,8.978,0.001,0.892,8.784,0.192
GTX 780,Array3dAverage,THREE_D,192,64,1,4,27,240.083,8.986,0.001,0.914,8.813,0.192
GTX 780,Array3dAverage,THREE_D,192,64,1,8,27,241.466,9.125,0.001,0.987,8.765,0.2
GTX 780,Array3dAverage,THREE_D,192,64,1,16,27,240.69,9.052,0.001,1.084,8.76,0.192
GTX 780,Array3dAverage,THREE_D,192,64,2,1,27,239.928,8.972,0.002,0.89,8.805,0.195
GTX 780,Array3dAverage,THREE_D,192,64,2,2,27,240.083,8.993,0.002,0.909,8.754,0.196
GTX 780,Array3dAverage,THREE_D,192,64,2,4,27,240.792,9.003,0.001,0.966,8.764,0.194
GTX 780,Array3dAverage,THREE_D,192,64,2,8,27,240.517,8.999,0.001,1.077,8.791,0.2
GTX 780,Array3dAverage,THREE_D,192,64,4,1,27,239.836,9.084,0.001,0.908,8.767,0.192
GTX 780,Array3dAverage,THREE_D,192,64,4,2,27,240.01,9.003,0.001,0.967,8.744,0.194
GTX 780,Array3dAverage,THREE_D,192,64,4,4,27,241.914,8.984,0.002,1.07,8.777,0.196
GTX 780,Array3dAverage,THREE_D,192,64,8,1,27,240.497,8.974,0.001,0.974,8.772,0.194
GTX 780,Array3dAverage,THREE_D,192,64,8,2,27,239.949,8.961,0.002,1.07,8.781,0.2
GTX 780,Array3dAverage,THREE_D,192,64,16,1,27,240.141,9.006,0.002,1.081,8.781,0.192
GTX 780,Array3dAverage,THREE_D,192,1,1,32,27,254.864,9.017,0.001,10.034,8.777,0.196
GTX 780,Array3dAverage,THREE_D,192,1,1,64,27,242.64,9.22,0.001,10.901,8.903,0.197
GTX 780,Array3dAverage,THREE_D,192,1,2,32,27,256.514,9.037,0.001,9.657,8.825,0.209
GTX 780,Array3dAverage,THREE_D,192,1,2,64,27,241.789,8.969,0.001,9.651,8.823,0.195
GTX 780,Array3dAverage,THREE_D,192,1,4,32,27,255.667,9.106,0.001,9.653,8.791,0.198
GTX 780,Array3dAverage,THREE_D,192,1,4,64,27,243.545,9.049,0.002,9.699,8.814,0.195
GTX 780,Array3dAverage,THREE_D,192,1,8,32,27,255.314,9.027,0.001,9.706,8.746,0.194
GTX 780,Array3dAverage,THREE_D,192,1,8,64,27,241.393,8.984,0.002,9.724,8.806,0.197
GTX 780,Array3dAverage,THREE_D,192,1,16,32,27,256.568,9.038,0.001,9.742,8.747,0.203
GTX 780,Array3dAverage,THREE_D,192,1,16,64,27,241.454,8.983,0.001,9.853,8.831,0.194
GTX 780,Array3dAverage,THREE_D,192,1,32,1,27,240.51,8.987,0.001,9.82,8.829,0.196
GTX 780,Array3dAverage,THREE_D,192,1,32,2,27,240.74,9.105,0.001,9.657,8.908,0.195
GTX 780,Array3dAverage,THREE_D,192,1,32,4,27,240.962,8.976,0.001,9.651,8.806,0.2
GTX 780,Array3dAverage,THREE_D,192,1,32,8,27,239.91,8.98,0.001,9.706,8.822,0.196
GTX 780,Array3dAverage,THREE_D,192,1,32,16,27,239.925,9.053,0.001,9.743,8.931,0.195
GTX 780,Array3dAverage,THREE_D,192,1,32,32,27,241.886,9.013,0.001,9.858,8.82,0.197
GTX 780,Array3dAverage,THREE_D,192,1,64,1,27,240.571,8.968,0.001,9.649,8.846,0.194
GTX 780,Array3dAverage,THREE_D,192,1,64,2,27,239.654,9.04,0,9.648,8.872,0.195
GTX 780,Array3dAverage,THREE_D,192,1,64,4,27,239.835,9.007,0.001,9.699,8.835,0.198
GTX 780,Array3dAverage,THREE_D,192,1,64,8,27,241.43,8.984,0.001,9.746,8.874,0.196
GTX 780,Array3dAverage,THREE_D,192,1,64,16,27,240.032,8.963,0.002,9.856,8.849,0.197
GTX 780,Array3dAverage,THREE_D,192,2,1,32,27,256.339,9.06,0.002,5.087,8.837,0.197
GTX 780,Array3dAverage,THREE_D,192,2,1,64,27,241.587,9.03,0.001,5.62,8.841,0.195
GTX 780,Array3dAverage,THREE_D,192,2,2,32,27,255.904,9.084,0.002,5.047,8.947,0.197
GTX 780,Array3dAverage,THREE_D,192,2,2,64,27,243.015,8.981,0.002,5.066,8.814,0.195
GTX 780,Array3dAverage,THREE_D,192,2,4,32,27,258.079,9.163,0.001,5.071,8.927,0.202
GTX 780,Array3dAverage,THREE_D,192,2,4,64,27,245.026,9.037,0.002,5.1,8.838,0.194
GTX 780,Array3dAverage,THREE_D,192,2,8,32,27,255.572,9.016,0.001,5.084,8.781,0.2
GTX 780,Array3dAverage,THREE_D,192,2,8,64,27,241.246,9.081,0.001,5.253,8.814,0.195
GTX 780,Array3dAverage,THREE_D,192,2,16,32,27,254.836,9.008,0.001,5.198,8.764,0.194
GTX 780,Array3dAverage,THREE_D,192,2,32,1,27,243.071,9.238,0.001,5.007,8.885,0.196
GTX 780,Array3dAverage,THREE_D,192,2,32,2,27,242.312,8.994,0.001,5.014,8.822,0.198
GTX 780,Array3dAverage,THREE_D,192,2,32,4,27,240.32,8.98,0.001,5.049,8.884,0.197
GTX 780,Array3dAverage,THREE_D,192,2,32,8,27,240.536,8.999,0.002,5.069,8.814,0.211
GTX 780,Array3dAverage,THREE_D,192,2,32,16,27,241.98,9.005,0.001,5.189,8.819,0.193
GTX 780,Array3dAverage,THREE_D,192,2,64,1,27,240.413,8.968,0.001,5.025,8.818,0.196
GTX 780,Array3dAverage,THREE_D,192,2,64,2,27,239.84,9.053,0.001,5.051,8.835,0.191
GTX 780,Array3dAverage,THREE_D,192,2,64,4,27,239.934,9.033,0.001,5.072,8.839,0.196
GTX 780,Array3dAverage,THREE_D,192,2,64,8,27,241.189,9.038,0.001,5.18,8.836,0.194
GTX 780,Array3dAverage,THREE_D,192,4,1,32,27,255.985,9.036,0.001,2.762,8.736,0.199
GTX 780,Array3dAverage,THREE_D,192,4,1,64,27,242.103,9.071,0.001,3.029,8.816,0.199
GTX 780,Array3dAverage,THREE_D,192,4,2,32,27,256.345,9.069,0.001,2.752,8.8,0.197
GTX 780,Array3dAverage,THREE_D,192,4,2,64,27,242.35,8.99,0.001,2.892,8.853,0.196
GTX 780,Array3dAverage,THREE_D,192,4,4,32,27,256.333,9.113,0.002,2.795,8.767,0.196
GTX 780,Array3dAverage,THREE_D,192,4,4,64,27,241.992,9.005,0.002,2.98,8.827,0.213
GTX 780,Array3dAverage,THREE_D,192,4,8,32,27,255.059,9.072,0.001,2.865,8.725,0.207
GTX 780,Array3dAverage,THREE_D,192,4,32,1,27,254.745,9.068,0.001,2.732,8.739,0.191
GTX 780,Array3dAverage,THREE_D,192,4,32,2,27,242.781,9.009,0.002,2.74,8.899,0.195
GTX 780,Array3dAverage,THREE_D,192,4,32,4,27,242.639,9.01,0.001,2.776,8.855,0.194
GTX 780,Array3dAverage,THREE_D,192,4,32,8,27,240.207,9.017,0.001,2.882,8.936,0.194
GTX 780,Array3dAverage,THREE_D,192,4,64,1,27,241.07,9.038,0.001,2.754,8.838,0.198
GTX 780,Array3dAverage,THREE_D,192,4,64,2,27,240.838,9.022,0.001,2.78,8.869,0.195
GTX 780,Array3dAverage,THREE_D,192,4,64,4,27,241.936,9,0.002,2.868,8.819,0.193
GTX 780,Array3dAverage,THREE_D,192,8,1,32,27,254.939,8.992,0.001,1.576,8.732,0.195
GTX 780,Array3dAverage,THREE_D,192,8,1,64,27,241.734,8.984,0.001,1.682,8.892,0.197
GTX 780,Array3dAverage,THREE_D,192,8,2,32,27,254.869,9.025,0.002,1.567,8.749,0.194
GTX 780,Array3dAverage,THREE_D,192,8,2,64,27,241.695,8.986,0.001,1.644,8.831,0.195
GTX 780,Array3dAverage,THREE_D,192,8,4,32,27,256.692,9.033,0.001,1.604,8.765,0.197
GTX 780,Array3dAverage,THREE_D,192,8,32,1,27,255.785,9.027,0.001,1.558,8.745,0.197
GTX 780,Array3dAverage,THREE_D,192,8,32,2,27,244.02,9.025,0.001,1.548,8.821,0.197
GTX 780,Array3dAverage,THREE_D,192,8,32,4,27,240.689,8.97,0.001,1.606,8.858,0.192
GTX 780,Array3dAverage,THREE_D,192,8,64,1,27,240.061,8.967,0.002,1.549,8.86,0.196
GTX 780,Array3dAverage,THREE_D,192,8,64,2,27,240.228,9.015,0.001,1.609,8.871,0.194
GTX 780,Array3dAverage,THREE_D,192,16,1,32,27,255.915,9.036,0.002,1.083,8.753,0.21
GTX 780,Array3dAverage,THREE_D,192,16,1,64,27,241.812,8.963,0.001,1.207,8.833,0.194
GTX 780,Array3dAverage,THREE_D,192,16,2,32,27,255.19,9.006,0.001,1.193,8.77,0.214
GTX 780,Array3dAverage,THREE_D,192,16,32,1,27,255.727,9.175,0.001,1.056,8.795,0.199
GTX 780,Array3dAverage,THREE_D,192,16,32,2,27,242.185,8.987,0.001,1.152,8.867,0.201
GTX 780,Array3dAverage,THREE_D,192,16,64,1,27,240.435,9.004,0.002,1.157,8.858,0.194
GTX 780,Array3dAverage,THREE_D,192,32,1,1,27,240.076,9.042,0.001,2.588,8.877,0.194
GTX 780,Array3dAverage,THREE_D,192,32,1,2,27,242.267,9.036,0.002,1.474,8.806,0.194
GTX 780,Array3dAverage,THREE_D,192,32,1,4,27,241.186,8.965,0.001,0.905,8.821,0.191
GTX 780,Array3dAverage,THREE_D,192,32,1,8,27,240.348,8.999,0.001,0.924,8.926,0.192
GTX 780,Array3dAverage,THREE_D,192,32,1,16,27,240.688,9,0.001,0.985,8.919,0.194
GTX 780,Array3dAverage,THREE_D,192,32,1,32,27,243.315,9.009,0.001,1.089,8.874,0.207
GTX 780,Array3dAverage,THREE_D,192,32,2,1,27,240.267,8.972,0.001,1.425,8.825,0.19
GTX 780,Array3dAverage,THREE_D,192,32,2,2,27,239.73,8.993,0.001,0.9,8.828,0.193
GTX 780,Array3dAverage,THREE_D,192,32,2,4,27,239.76,8.981,0.001,0.916,8.86,0.195
GTX 780,Array3dAverage,THREE_D,192,32,2,8,27,241.912,9.003,0.001,0.992,8.901,0.195
GTX 780,Array3dAverage,THREE_D,192,32,2,16,27,240.075,8.965,0.001,1.085,8.879,0.196
GTX 780,Array3dAverage,THREE_D,192,32,4,1,27,239.659,9.023,0.002,0.885,8.819,0.2
GTX 780,Array3dAverage,THREE_D,192,32,4,2,27,239.713,8.996,0.001,0.91,9.017,0.196
GTX 780,Array3dAverage,THREE_D,192,32,4,4,27,242.459,8.997,0.001,0.968,8.904,0.197
GTX 780,Array3dAverage,THREE_D,192,32,4,8,27,240.074,8.972,0.001,1.087,8.879,0.195
GTX 780,Array3dAverage,THREE_D,192,32,8,1,27,239.58,9.006,0.001,0.914,8.864,0.192
GTX 780,Array3dAverage,THREE_D,192,32,8,2,27,239.818,9.088,0.001,0.969,8.816,0.204
GTX 780,Array3dAverage,THREE_D,192,32,8,4,27,249.787,9.054,0.002,1.076,8.834,0.207
GTX 780,Array3dAverage,THREE_D,192,32,16,1,27,241.035,9.009,0.001,0.976,8.845,0.193
GTX 780,Array3dAverage,THREE_D,192,32,16,2,27,240.106,8.978,0.001,1.074,8.845,0.193
GTX 780,Array3dAverage,THREE_D,192,32,32,1,27,240.897,9.041,0.002,1.088,9.062,0.202
GTX 780,Array3dAverage,THREE_D,192,64,1,1,27,241.252,8.985,0.001,1.427,8.83,0.191
GTX 780,Array3dAverage,THREE_D,192,64,1,2,27,241.9,8.995,0.001,0.897,8.907,0.194
GTX 780,Array3dAverage,THREE_D,192,64,1,4,27,265.447,9.142,0.002,0.931,8.848,0.2
GTX 780,Array3dAverage,THREE_D,192,64,1,8,27,243.725,9.019,0.001,0.989,8.818,0.194
GTX 780,Array3dAverage,THREE_D,192,64,1,16,27,241.219,8.997,0.002,1.084,8.827,0.197
GTX 780,Array3dAverage,THREE_D,192,64,2,1,27,240.169,9.227,0.002,0.886,8.832,0.193
GTX 780,Array3dAverage,THREE_D,192,64,2,2,27,240.331,8.972,0.001,0.908,8.965,0.197
GTX 780,Array3dAverage,THREE_D,192,64,2,4,27,242.494,9.051,0.001,0.967,8.829,0.194
GTX 780,Array3dAverage,THREE_D,192,64,2,8,27,240.253,8.964,0.001,1.082,8.88,0.195
GTX 780,Array3dAverage,THREE_D,192,64,4,1,27,239.822,8.987,0.001,0.914,8.83,0.195
GTX 780,Array3dAverage,THREE_D,192,64,4,2,27,240.162,8.96,0.002,0.964,8.869,0.196
GTX 780,Array3dAverage,THREE_D,192,64,4,4,27,241.579,9.01,0.001,1.07,8.916,0.195
GTX 780,Array3dAverage,THREE_D,192,64,8,1,27,239.919,9.007,0.001,0.978,8.817,0.192
GTX 780,Array3dAverage,THREE_D,192,64,8,2,27,239.586,8.984,0.001,1.077,8.831,0.193
GTX 780,Array3dAverage,THREE_D,192,64,16,1,27,239.994,9.042,0.001,1.087,9,0.228
GTX 780,Array3dAverage,THREE_D,192,1,1,64,27,264.815,9.222,0.002,10.904,9.507,0.195
GTX 780,Array3dAverage,THREE_D,192,1,2,64,27,264.752,9.111,0.002,9.661,9.5,0.201
GTX 780,Array3dAverage,THREE_D,192,1,4,64,27,264.396,9.109,0.001,9.701,9.475,0.2
GTX 780,Array3dAverage,THREE_D,192,1,8,64,27,264.225,9.151,0.002,9.714,9.473,0.195
GTX 780,Array3dAverage,THREE_D,192,1,16,64,27,265.181,9.12,0.002,9.849,9.48,0.194
GTX 780,Array3dAverage,THREE_D,192,1,64,1,27,265.531,9.107,0.002,9.651,9.511,0.198
GTX 780,Array3dAverage,THREE_D,192,1,64,2,27,241.358,9.077,0.001,9.65,9.557,0.194
GTX 780,Array3dAverage,THREE_D,192,1,64,4,27,240.294,9.063,0.001,9.711,9.598,0.2
GTX 780,Array3dAverage,THREE_D,192,1,64,8,27,241.609,9.294,0.002,9.751,9.621,0.199
GTX 780,Array3dAverage,THREE_D,192,1,64,16,27,243.273,9.073,0.002,9.857,9.559,0.195
GTX 780,Array3dAverage,THREE_D,192,2,1,64,27,264.372,9.098,0.002,5.621,9.526,0.193
GTX 780,Array3dAverage,THREE_D,192,2,2,64,27,265.028,9.101,0.001,5.07,9.496,0.206
GTX 780,Array3dAverage,THREE_D,192,2,4,64,27,265.31,9.139,0.001,5.095,9.496,0.195
GTX 780,Array3dAverage,THREE_D,192,2,8,64,27,264.469,9.112,0.001,5.25,9.464,0.194
GTX 780,Array3dAverage,THREE_D,192,2,64,1,27,265.589,9.125,0.001,5.019,9.494,0.201
GTX 780,Array3dAverage,THREE_D,192,2,64,2,27,241.518,9.072,0.001,5.047,9.571,0.194
GTX 780,Array3dAverage,THREE_D,192,2,64,4,27,240.056,9.115,0.002,5.066,9.565,0.198
GTX 780,Array3dAverage,THREE_D,192,2,64,8,27,240.048,9.074,0.002,5.179,9.551,0.196
GTX 780,Array3dAverage,THREE_D,192,4,1,64,27,265.817,9.081,0.002,3.027,9.49,0.194
GTX 780,Array3dAverage,THREE_D,192,4,2,64,27,266.068,9.142,0.001,2.9,9.503,0.202
GTX 780,Array3dAverage,THREE_D,192,4,4,64,27,264.385,9.105,0.001,2.989,9.496,0.195
GTX 780,Array3dAverage,THREE_D,192,4,64,1,27,264.54,9.114,0.001,2.756,9.464,0.197
GTX 780,Array3dAverage,THREE_D,192,4,64,2,27,247.266,9.15,0.001,2.787,9.581,0.197
GTX 780,Array3dAverage,THREE_D,192,4,64,4,27,241.348,9.127,0.002,2.856,9.583,0.196
GTX 780,Array3dAverage,THREE_D,192,8,1,64,27,264.376,9.101,0.002,1.69,9.5,0.199
GTX 780,Array3dAverage,THREE_D,192,8,2,64,27,265.519,9.143,0.001,1.641,9.523,0.197
GTX 780,Array3dAverage,THREE_D,192,8,64,1,27,264.281,9.136,0.001,1.549,9.474,0.196
GTX 780,Array3dAverage,THREE_D,192,8,64,2,27,241.276,9.11,0.001,1.61,9.57,0.202
GTX 780,Array3dAverage,THREE_D,192,16,1,64,27,264.953,9.12,0.002,1.207,9.519,0.198
GTX 780,Array3dAverage,THREE_D,192,16,64,1,27,264.366,9.105,0.001,1.161,9.501,0.205
GTX 780,Array3dAverage,THREE_D,192,64,1,1,27,264.898,9.147,0.001,1.431,9.48,0.198
GTX 780,Array3dAverage,THREE_D,192,64,1,2,27,241.662,9.089,0.002,0.899,9.585,0.197
GTX 780,Array3dAverage,THREE_D,192,64,1,4,27,240.946,9.122,0.001,0.945,9.566,0.196
GTX 780,Array3dAverage,THREE_D,192,64,1,8,27,242.665,9.106,0.001,0.991,9.602,0.195
GTX 780,Array3dAverage,THREE_D,192,64,1,16,27,240.807,9.051,0.001,1.082,9.559,0.194
GTX 780,Array3dAverage,THREE_D,192,64,2,1,27,239.419,9.058,0.001,0.887,9.559,0.2
GTX 780,Array3dAverage,THREE_D,192,64,2,2,27,239.693,9.08,0.001,0.918,9.568,0.197
GTX 780,Array3dAverage,THREE_D,192,64,2,4,27,245.236,9.184,0.002,0.981,9.609,0.196
GTX 780,Array3dAverage,THREE_D,192,64,2,8,27,241.346,9.072,0.002,1.083,9.559,0.201
GTX 780,Array3dAverage,THREE_D,192,64,4,1,27,239.679,9.145,0.001,0.927,9.57,0.194
GTX 780,Array3dAverage,THREE_D,192,64,4,2,27,239.743,9.071,0.001,0.971,9.563,0.202
GTX 780,Array3dAverage,THREE_D,192,64,4,4,27,242.486,9.159,0.001,1.076,9.599,0.198
GTX 780,Array3dAverage,THREE_D,192,64,8,1,27,239.524,9.114,0.002,0.981,9.566,0.199
GTX 780,Array3dAverage,THREE_D,192,64,8,2,27,239.269,9.037,0.001,1.075,9.582,0.193
GTX 780,Array3dAverage,THREE_D,192,64,16,1,27,239.424,9.069,0.001,1.086,9.628,0.194
