device/C,kernel/C,workDimension/C,width/F,height/F,steps/F,xLocal/I,yLocal/I,zLocal/I,MB/F,init/F,memoryCopyOut/F,plan/F,execute/F,memoryCopyIn/F,cleanUp/F
GTX 780,MonteCarloAsian,TWO_D,1086,2172,4,1,1,1,35.9923,812.374,2.194,0.001,5008.63,0.002,2.86
GTX 780,MonteCarloAsian,TWO_D,1086,2172,4,1,2,1,35.9923,812.668,2.215,0.002,2673.85,0.002,2.882
GTX 780,MonteCarloAsian,TWO_D,1086,2172,4,1,4,1,35.9923,811.928,2.181,0.002,1481.41,0.002,2.885
GTX 780,MonteCarloAsian,TWO_D,1086,2172,4,1,8,1,35.9923,811.891,2.174,0.002,-1,-1,-1
GTX 780,MonteCarloAsian,TWO_D,1086,2172,4,1,16,1,35.9923,812.511,2.181,0.002,-1,-1,-1
GTX 780,MonteCarloAsian,TWO_D,1086,2172,4,1,32,1,35.9923,811.728,2.186,0.002,-1,-1,-1
GTX 780,MonteCarloAsian,TWO_D,1086,2172,4,1,64,1,35.9923,812.153,2.178,0.001,-1,-1,-1
GTX 780,MonteCarloAsian,TWO_D,1086,2172,4,1,128,1,35.9923,812.241,2.188,0.002,-1,-1,-1
GTX 780,MonteCarloAsian,TWO_D,1086,2172,4,1,256,1,35.9923,812.588,2.19,0.002,-1,-1,-1
GTX 780,MonteCarloAsian,TWO_D,1086,2172,4,1,512,1,35.9923,812.305,2.176,0.002,-1,-1,-1
GTX 780,MonteCarloAsian,TWO_D,1086,2172,4,1,1024,1,35.9923,812.218,2.18,0.002,-1,-1,-1
GTX 780,MonteCarloAsian,TWO_D,1086,2172,4,2,1,1,35.9923,812.469,2.175,0.002,2674.9,0.002,2.9
GTX 780,MonteCarloAsian,TWO_D,1086,2172,4,2,2,1,35.9923,812.224,2.175,0.002,1490.82,0.003,2.87
GTX 780,MonteCarloAsian,TWO_D,1086,2172,4,2,4,1,35.9923,812.08,2.163,0.002,869.036,0.002,2.871
GTX 780,MonteCarloAsian,TWO_D,1086,2172,4,2,8,1,35.9923,812.204,2.183,0.002,-1,-1,-1
GTX 780,MonteCarloAsian,TWO_D,1086,2172,4,2,16,1,35.9923,812.137,2.18,0.001,-1,-1,-1
GTX 780,MonteCarloAsian,TWO_D,1086,2172,4,2,32,1,35.9923,812.138,2.174,0.001,-1,-1,-1
GTX 780,MonteCarloAsian,TWO_D,1086,2172,4,2,64,1,35.9923,811.486,2.17,0.002,-1,-1,-1
GTX 780,MonteCarloAsian,TWO_D,1086,2172,4,2,128,1,35.9923,812.49,2.286,0.001,-1,-1,-1
GTX 780,MonteCarloAsian,TWO_D,1086,2172,4,2,256,1,35.9923,812.467,2.194,0.002,-1,-1,-1
GTX 780,MonteCarloAsian,TWO_D,1086,2172,4,2,512,1,35.9923,812.81,2.177,0.002,-1,-1,-1
GTX 780,MonteCarloAsian,TWO_D,1086,2172,4,4,1,1,35.9923,812.043,2.184,0.002,-1,-1,-1
GTX 780,MonteCarloAsian,TWO_D,1086,2172,4,4,2,1,35.9923,812.129,2.195,0.003,-1,-1,-1
GTX 780,MonteCarloAsian,TWO_D,1086,2172,4,4,4,1,35.9923,811.709,2.18,0.002,-1,-1,-1
GTX 780,MonteCarloAsian,TWO_D,1086,2172,4,4,8,1,35.9923,812.049,2.175,0.002,-1,-1,-1
GTX 780,MonteCarloAsian,TWO_D,1086,2172,4,4,16,1,35.9923,812.191,2.178,0.002,-1,-1,-1
GTX 780,MonteCarloAsian,TWO_D,1086,2172,4,4,32,1,35.9923,815.577,2.178,0.002,-1,-1,-1
GTX 780,MonteCarloAsian,TWO_D,1086,2172,4,4,64,1,35.9923,812.365,2.175,0.001,-1,-1,-1
GTX 780,MonteCarloAsian,TWO_D,1086,2172,4,4,128,1,35.9923,820.165,2.221,0.002,-1,-1,-1
GTX 780,MonteCarloAsian,TWO_D,1086,2172,4,4,256,1,35.9923,811.868,2.187,0.002,-1,-1,-1
GTX 780,MonteCarloAsian,TWO_D,1086,2172,4,8,1,1,35.9923,812.404,2.168,0.001,-1,-1,-1
GTX 780,MonteCarloAsian,TWO_D,1086,2172,4,8,2,1,35.9923,811.781,2.175,0.002,-1,-1,-1
GTX 780,MonteCarloAsian,TWO_D,1086,2172,4,8,4,1,35.9923,812.072,2.193,0.001,-1,-1,-1
GTX 780,MonteCarloAsian,TWO_D,1086,2172,4,8,8,1,35.9923,812.512,2.171,0.002,-1,-1,-1
GTX 780,MonteCarloAsian,TWO_D,1086,2172,4,8,16,1,35.9923,812.11,2.19,0.002,-1,-1,-1
GTX 780,MonteCarloAsian,TWO_D,1086,2172,4,8,32,1,35.9923,812.197,2.173,0.002,-1,-1,-1
GTX 780,MonteCarloAsian,TWO_D,1086,2172,4,8,64,1,35.9923,812.106,2.173,0.001,-1,-1,-1
GTX 780,MonteCarloAsian,TWO_D,1086,2172,4,8,128,1,35.9923,812.767,2.176,0.001,-1,-1,-1
GTX 780,MonteCarloAsian,TWO_D,1086,2172,4,16,1,1,35.9923,812.49,2.172,0.002,-1,-1,-1
GTX 780,MonteCarloAsian,TWO_D,1086,2172,4,16,2,1,35.9923,812.183,2.218,0.001,-1,-1,-1
GTX 780,MonteCarloAsian,TWO_D,1086,2172,4,16,4,1,35.9923,811.673,2.221,0.002,-1,-1,-1
GTX 780,MonteCarloAsian,TWO_D,1086,2172,4,16,8,1,35.9923,812.012,2.276,0.001,-1,-1,-1
GTX 780,MonteCarloAsian,TWO_D,1086,2172,4,16,16,1,35.9923,812.509,2.173,0.002,-1,-1,-1
GTX 780,MonteCarloAsian,TWO_D,1086,2172,4,16,32,1,35.9923,812.094,2.212,0.003,-1,-1,-1
GTX 780,MonteCarloAsian,TWO_D,1086,2172,4,16,64,1,35.9923,812.416,2.17,0.002,-1,-1,-1
GTX 780,MonteCarloAsian,TWO_D,1086,2172,4,32,1,1,35.9923,811.622,2.179,0.002,-1,-1,-1
GTX 780,MonteCarloAsian,TWO_D,1086,2172,4,32,2,1,35.9923,811.682,2.181,0.002,-1,-1,-1
GTX 780,MonteCarloAsian,TWO_D,1086,2172,4,32,4,1,35.9923,812.33,2.201,0.002,-1,-1,-1
GTX 780,MonteCarloAsian,TWO_D,1086,2172,4,32,8,1,35.9923,812.015,2.181,0.002,-1,-1,-1
GTX 780,MonteCarloAsian,TWO_D,1086,2172,4,32,16,1,35.9923,813.548,2.19,0.001,-1,-1,-1
GTX 780,MonteCarloAsian,TWO_D,1086,2172,4,32,32,1,35.9923,813.221,2.169,0.001,-1,-1,-1
GTX 780,MonteCarloAsian,TWO_D,1086,2172,4,64,1,1,35.9923,811.429,2.192,0.002,-1,-1,-1
GTX 780,MonteCarloAsian,TWO_D,1086,2172,4,64,2,1,35.9923,812.584,2.185,0.002,-1,-1,-1
GTX 780,MonteCarloAsian,TWO_D,1086,2172,4,64,4,1,35.9923,812.042,2.185,0.001,-1,-1,-1
GTX 780,MonteCarloAsian,TWO_D,1086,2172,4,64,8,1,35.9923,812.151,2.174,0.002,-1,-1,-1
GTX 780,MonteCarloAsian,TWO_D,1086,2172,4,64,16,1,35.9923,811.944,2.206,0.002,-1,-1,-1
GTX 780,MonteCarloAsian,TWO_D,1086,2172,4,128,1,1,35.9923,812.319,2.203,0.002,-1,-1,-1
GTX 780,MonteCarloAsian,TWO_D,1086,2172,4,128,2,1,35.9923,811.587,2.221,0.002,-1,-1,-1
GTX 780,MonteCarloAsian,TWO_D,1086,2172,4,128,4,1,35.9923,812.566,2.227,0.002,-1,-1,-1
GTX 780,MonteCarloAsian,TWO_D,1086,2172,4,128,8,1,35.9923,812.179,2.179,0.003,-1,-1,-1
GTX 780,MonteCarloAsian,TWO_D,1086,2172,4,256,1,1,35.9923,811.82,2.174,0.002,-1,-1,-1
GTX 780,MonteCarloAsian,TWO_D,1086,2172,4,256,2,1,35.9923,812.536,2.188,0.001,-1,-1,-1
GTX 780,MonteCarloAsian,TWO_D,1086,2172,4,256,4,1,35.9923,811.877,2.184,0.002,-1,-1,-1
GTX 780,MonteCarloAsian,TWO_D,1086,2172,4,512,1,1,35.9923,812.968,2.219,0.002,-1,-1,-1
GTX 780,MonteCarloAsian,TWO_D,1086,2172,4,512,2,1,35.9923,812.452,2.18,0.002,-1,-1,-1
GTX 780,MonteCarloAsian,TWO_D,1086,2172,4,1024,1,1,35.9923,812.088,2.18,0.002,-1,-1,-1
