device/C,kernel/C,workDimension/C,width/F,height/F,xLocal/I,yLocal/I,zLocal/I,MB/F,init/F,memoryCopyOut/F,plan/F,execute/F,memoryCopyIn/F,cleanUp/F
Intel Xeon CPU E5-2695 v2 @ 2.40GHz,FloydWarshall,TWO_D,2896,2896,1,1,1,31,209.273,22.672,0.004,240377,45.961,1.441
Intel Xeon CPU E5-2695 v2 @ 2.40GHz,FloydWarshall,TWO_D,2896,2896,1,2,1,31,206.012,17.342,0.002,128179,22.402,1.677
Intel Xeon CPU E5-2695 v2 @ 2.40GHz,FloydWarshall,TWO_D,2896,2896,1,4,1,31,202.78,17.806,0.004,70685.7,35.775,1.461
Intel Xeon CPU E5-2695 v2 @ 2.40GHz,FloydWarshall,TWO_D,2896,2896,1,8,1,31,202.361,18.439,0.004,50441.6,28.331,1.975
Intel Xeon CPU E5-2695 v2 @ 2.40GHz,FloydWarshall,TWO_D,2896,2896,1,16,1,31,269.93,20.445,0.004,24665.4,42.336,1.472
Intel Xeon CPU E5-2695 v2 @ 2.40GHz,FloydWarshall,TWO_D,2896,2896,1,32,1,31,204.817,19.59,0.004,-1,-1,-1
Intel Xeon CPU E5-2695 v2 @ 2.40GHz,FloydWarshall,TWO_D,2896,2896,1,64,1,31,207.27,20.149,0.005,-1,-1,-1
Intel Xeon CPU E5-2695 v2 @ 2.40GHz,FloydWarshall,TWO_D,2896,2896,1,128,1,31,212.071,22.893,0.005,-1,-1,-1
Intel Xeon CPU E5-2695 v2 @ 2.40GHz,FloydWarshall,TWO_D,2896,2896,1,256,1,31,209.026,21.003,0.018,-1,-1,-1
Intel Xeon CPU E5-2695 v2 @ 2.40GHz,FloydWarshall,TWO_D,2896,2896,1,512,1,31,207.317,20.331,0.004,-1,-1,-1
Intel Xeon CPU E5-2695 v2 @ 2.40GHz,FloydWarshall,TWO_D,2896,2896,1,1024,1,31,207.765,20.278,0.018,-1,-1,-1
Intel Xeon CPU E5-2695 v2 @ 2.40GHz,FloydWarshall,TWO_D,2896,2896,2,1,1,31,208.006,20.133,0.004,122661,40.55,3.238
Intel Xeon CPU E5-2695 v2 @ 2.40GHz,FloydWarshall,TWO_D,2896,2896,2,2,1,31,220.289,19.034,0.004,65185.8,41.392,1.573
Intel Xeon CPU E5-2695 v2 @ 2.40GHz,FloydWarshall,TWO_D,2896,2896,2,4,1,31,209.365,19.111,0.018,36536,25.349,1.779
Intel Xeon CPU E5-2695 v2 @ 2.40GHz,FloydWarshall,TWO_D,2896,2896,2,8,1,31,216.532,16.795,0.004,21450.1,48.544,1.624
Intel Xeon CPU E5-2695 v2 @ 2.40GHz,FloydWarshall,TWO_D,2896,2896,2,16,1,31,207.758,23.169,0.018,12483.2,43.172,2.918
Intel Xeon CPU E5-2695 v2 @ 2.40GHz,FloydWarshall,TWO_D,2896,2896,2,32,1,31,215.06,17.596,0.004,-1,-1,-1
Intel Xeon CPU E5-2695 v2 @ 2.40GHz,FloydWarshall,TWO_D,2896,2896,2,64,1,31,207.621,19.736,0.004,-1,-1,-1
Intel Xeon CPU E5-2695 v2 @ 2.40GHz,FloydWarshall,TWO_D,2896,2896,2,128,1,31,208.862,20.386,0.003,-1,-1,-1
Intel Xeon CPU E5-2695 v2 @ 2.40GHz,FloydWarshall,TWO_D,2896,2896,2,256,1,31,209.165,20.23,0.003,-1,-1,-1
Intel Xeon CPU E5-2695 v2 @ 2.40GHz,FloydWarshall,TWO_D,2896,2896,2,512,1,31,209.378,20.269,0.003,-1,-1,-1
Intel Xeon CPU E5-2695 v2 @ 2.40GHz,FloydWarshall,TWO_D,2896,2896,4,1,1,31,209.724,19.442,0.003,62207.4,24.861,2.67
Intel Xeon CPU E5-2695 v2 @ 2.40GHz,FloydWarshall,TWO_D,2896,2896,4,2,1,31,214.095,17.132,0.002,33537.9,24.775,1.398
Intel Xeon CPU E5-2695 v2 @ 2.40GHz,FloydWarshall,TWO_D,2896,2896,4,4,1,31,209.018,16.646,0.003,19470.7,38.529,1.318
Intel Xeon CPU E5-2695 v2 @ 2.40GHz,FloydWarshall,TWO_D,2896,2896,4,8,1,31,204.321,18.937,0.002,17557.9,44.104,1.827
Intel Xeon CPU E5-2695 v2 @ 2.40GHz,FloydWarshall,TWO_D,2896,2896,4,16,1,31,271.206,20.384,0.003,16386.5,40.641,1.678
Intel Xeon CPU E5-2695 v2 @ 2.40GHz,FloydWarshall,TWO_D,2896,2896,4,32,1,31,268.274,21.155,0.003,-1,-1,-1
Intel Xeon CPU E5-2695 v2 @ 2.40GHz,FloydWarshall,TWO_D,2896,2896,4,64,1,31,269.232,20.577,0.002,-1,-1,-1
Intel Xeon CPU E5-2695 v2 @ 2.40GHz,FloydWarshall,TWO_D,2896,2896,4,128,1,31,269.059,21.971,0.002,-1,-1,-1
Intel Xeon CPU E5-2695 v2 @ 2.40GHz,FloydWarshall,TWO_D,2896,2896,4,256,1,31,269.089,18.347,0.003,-1,-1,-1
Intel Xeon CPU E5-2695 v2 @ 2.40GHz,FloydWarshall,TWO_D,2896,2896,8,1,1,31,269.388,21.056,0.003,48527.4,39.439,1.898
Intel Xeon CPU E5-2695 v2 @ 2.40GHz,FloydWarshall,TWO_D,2896,2896,8,2,1,31,267.667,19.327,0.004,28601.5,27.509,1.856
Intel Xeon CPU E5-2695 v2 @ 2.40GHz,FloydWarshall,TWO_D,2896,2896,8,4,1,31,267.905,19.617,0.004,19994,26.499,1.828
Intel Xeon CPU E5-2695 v2 @ 2.40GHz,FloydWarshall,TWO_D,2896,2896,8,8,1,31,268.095,21.234,0.019,15971.2,49.734,2.643
Intel Xeon CPU E5-2695 v2 @ 2.40GHz,FloydWarshall,TWO_D,2896,2896,8,16,1,31,276.737,20.05,0.02,13451.1,33.753,2.58
Intel Xeon CPU E5-2695 v2 @ 2.40GHz,FloydWarshall,TWO_D,2896,2896,8,32,1,31,274.199,22.887,0.003,-1,-1,-1
Intel Xeon CPU E5-2695 v2 @ 2.40GHz,FloydWarshall,TWO_D,2896,2896,8,64,1,31,268.927,20.348,0.004,-1,-1,-1
Intel Xeon CPU E5-2695 v2 @ 2.40GHz,FloydWarshall,TWO_D,2896,2896,8,128,1,31,272.487,22.066,0.004,-1,-1,-1
Intel Xeon CPU E5-2695 v2 @ 2.40GHz,FloydWarshall,TWO_D,2896,2896,16,1,1,31,268.259,20.318,0.004,27482.6,30.005,1.835
Intel Xeon CPU E5-2695 v2 @ 2.40GHz,FloydWarshall,TWO_D,2896,2896,16,2,1,31,272.484,20.897,0.004,18380.3,27.153,2.522
Intel Xeon CPU E5-2695 v2 @ 2.40GHz,FloydWarshall,TWO_D,2896,2896,16,4,1,31,274.568,23.227,0.004,15297.2,27.405,2.191
Intel Xeon CPU E5-2695 v2 @ 2.40GHz,FloydWarshall,TWO_D,2896,2896,16,8,1,31,268.561,20.082,0.005,12782.5,27.871,2.929
Intel Xeon CPU E5-2695 v2 @ 2.40GHz,FloydWarshall,TWO_D,2896,2896,16,16,1,31,272.044,21.287,0.019,12554.9,34.134,2.77
Intel Xeon CPU E5-2695 v2 @ 2.40GHz,FloydWarshall,TWO_D,2896,2896,16,32,1,31,273.739,22.94,0.004,-1,-1,-1
Intel Xeon CPU E5-2695 v2 @ 2.40GHz,FloydWarshall,TWO_D,2896,2896,16,64,1,31,268.314,20.654,0.003,-1,-1,-1
Intel Xeon CPU E5-2695 v2 @ 2.40GHz,FloydWarshall,TWO_D,2896,2896,32,1,1,31,272.776,22.125,0.004,-1,-1,-1
Intel Xeon CPU E5-2695 v2 @ 2.40GHz,FloydWarshall,TWO_D,2896,2896,32,2,1,31,268.039,20.258,0.004,-1,-1,-1
Intel Xeon CPU E5-2695 v2 @ 2.40GHz,FloydWarshall,TWO_D,2896,2896,32,4,1,31,271.787,22.029,0.004,-1,-1,-1
Intel Xeon CPU E5-2695 v2 @ 2.40GHz,FloydWarshall,TWO_D,2896,2896,32,8,1,31,267.976,19.979,0.004,-1,-1,-1
Intel Xeon CPU E5-2695 v2 @ 2.40GHz,FloydWarshall,TWO_D,2896,2896,32,16,1,31,271.66,22.097,0.004,-1,-1,-1
Intel Xeon CPU E5-2695 v2 @ 2.40GHz,FloydWarshall,TWO_D,2896,2896,32,32,1,31,226.873,17.592,0.003,-1,-1,-1
Intel Xeon CPU E5-2695 v2 @ 2.40GHz,FloydWarshall,TWO_D,2896,2896,64,1,1,31,207.211,20.734,0.004,-1,-1,-1
Intel Xeon CPU E5-2695 v2 @ 2.40GHz,FloydWarshall,TWO_D,2896,2896,64,2,1,31,204.326,19.693,0.004,-1,-1,-1
Intel Xeon CPU E5-2695 v2 @ 2.40GHz,FloydWarshall,TWO_D,2896,2896,64,4,1,31,208.257,21.728,0.004,-1,-1,-1
Intel Xeon CPU E5-2695 v2 @ 2.40GHz,FloydWarshall,TWO_D,2896,2896,64,8,1,31,203.447,20.119,0.004,-1,-1,-1
Intel Xeon CPU E5-2695 v2 @ 2.40GHz,FloydWarshall,TWO_D,2896,2896,64,16,1,31,202.197,19.614,0.004,-1,-1,-1
Intel Xeon CPU E5-2695 v2 @ 2.40GHz,FloydWarshall,TWO_D,2896,2896,128,1,1,31,208.75,16.409,0.004,-1,-1,-1
Intel Xeon CPU E5-2695 v2 @ 2.40GHz,FloydWarshall,TWO_D,2896,2896,128,2,1,31,206.647,21.131,0.003,-1,-1,-1
Intel Xeon CPU E5-2695 v2 @ 2.40GHz,FloydWarshall,TWO_D,2896,2896,128,4,1,31,203.532,19.681,0.003,-1,-1,-1
Intel Xeon CPU E5-2695 v2 @ 2.40GHz,FloydWarshall,TWO_D,2896,2896,128,8,1,31,208.203,21.733,0.004,-1,-1,-1
Intel Xeon CPU E5-2695 v2 @ 2.40GHz,FloydWarshall,TWO_D,2896,2896,256,1,1,31,203.952,19.358,0.003,-1,-1,-1
Intel Xeon CPU E5-2695 v2 @ 2.40GHz,FloydWarshall,TWO_D,2896,2896,256,2,1,31,209.811,16.951,0.004,-1,-1,-1
Intel Xeon CPU E5-2695 v2 @ 2.40GHz,FloydWarshall,TWO_D,2896,2896,256,4,1,31,206.665,21.28,0.004,-1,-1,-1
Intel Xeon CPU E5-2695 v2 @ 2.40GHz,FloydWarshall,TWO_D,2896,2896,512,1,1,31,205.041,18.572,0.004,-1,-1,-1
Intel Xeon CPU E5-2695 v2 @ 2.40GHz,FloydWarshall,TWO_D,2896,2896,512,2,1,31,216.632,17.149,0.003,-1,-1,-1
Intel Xeon CPU E5-2695 v2 @ 2.40GHz,FloydWarshall,TWO_D,2896,2896,1024,1,1,31,223.63,21.672,0.003,-1,-1,-1
Intel Xeon CPU E5-2695 v2 @ 2.40GHz,FloydWarshall,TWO_D,2896,2896,1,1,1,31,208.609,21.903,0.004,224807,25.469,1.631
Intel Xeon CPU E5-2695 v2 @ 2.40GHz,FloydWarshall,TWO_D,2896,2896,1,2,1,31,209.153,19.183,0.003,115189,43.257,1.784
Intel Xeon CPU E5-2695 v2 @ 2.40GHz,FloydWarshall,TWO_D,2896,2896,1,4,1,31,207.465,17.009,0.003,60432,39.684,1.801
Intel Xeon CPU E5-2695 v2 @ 2.40GHz,FloydWarshall,TWO_D,2896,2896,1,8,1,31,205.652,17.074,0.017,32971.9,36.719,1.857
Intel Xeon CPU E5-2695 v2 @ 2.40GHz,FloydWarshall,TWO_D,2896,2896,1,16,1,31,208.08,18.352,0.018,21352.4,39.602,1.875
Intel Xeon CPU E5-2695 v2 @ 2.40GHz,FloydWarshall,TWO_D,2896,2896,1,32,1,31,202.428,17.099,0.019,-1,-1,-1
Intel Xeon CPU E5-2695 v2 @ 2.40GHz,FloydWarshall,TWO_D,2896,2896,1,64,1,31,205.055,17.296,0.004,-1,-1,-1
Intel Xeon CPU E5-2695 v2 @ 2.40GHz,FloydWarshall,TWO_D,2896,2896,1,128,1,31,206.984,18.397,0.003,-1,-1,-1
Intel Xeon CPU E5-2695 v2 @ 2.40GHz,FloydWarshall,TWO_D,2896,2896,1,256,1,31,206.042,19.462,0.004,-1,-1,-1
Intel Xeon CPU E5-2695 v2 @ 2.40GHz,FloydWarshall,TWO_D,2896,2896,1,512,1,31,206.58,19.949,0.004,-1,-1,-1
Intel Xeon CPU E5-2695 v2 @ 2.40GHz,FloydWarshall,TWO_D,2896,2896,1,1024,1,31,206.936,19.503,0.004,-1,-1,-1
Intel Xeon CPU E5-2695 v2 @ 2.40GHz,FloydWarshall,TWO_D,2896,2896,2,1,1,31,206.593,19.942,0.004,118059,34.721,1.911
Intel Xeon CPU E5-2695 v2 @ 2.40GHz,FloydWarshall,TWO_D,2896,2896,2,2,1,31,218.877,19.501,0.004,62013.9,43.193,1.541
Intel Xeon CPU E5-2695 v2 @ 2.40GHz,FloydWarshall,TWO_D,2896,2896,2,4,1,31,202.4,15.626,0.003,34685.1,41.939,1.901
Intel Xeon CPU E5-2695 v2 @ 2.40GHz,FloydWarshall,TWO_D,2896,2896,2,8,1,31,202.743,16.958,0.004,20716.3,25.951,1.905
Intel Xeon CPU E5-2695 v2 @ 2.40GHz,FloydWarshall,TWO_D,2896,2896,2,16,1,31,205.198,20.11,0.004,12104.9,23.171,1.763
Intel Xeon CPU E5-2695 v2 @ 2.40GHz,FloydWarshall,TWO_D,2896,2896,2,32,1,31,214.232,16.942,0.004,-1,-1,-1
Intel Xeon CPU E5-2695 v2 @ 2.40GHz,FloydWarshall,TWO_D,2896,2896,2,64,1,31,204.658,16.597,0.004,-1,-1,-1
Intel Xeon CPU E5-2695 v2 @ 2.40GHz,FloydWarshall,TWO_D,2896,2896,2,128,1,31,204.585,16.641,0.003,-1,-1,-1
Intel Xeon CPU E5-2695 v2 @ 2.40GHz,FloydWarshall,TWO_D,2896,2896,2,256,1,31,204.743,16.636,0.004,-1,-1,-1
Intel Xeon CPU E5-2695 v2 @ 2.40GHz,FloydWarshall,TWO_D,2896,2896,2,512,1,31,204.987,16.53,0.004,-1,-1,-1
Intel Xeon CPU E5-2695 v2 @ 2.40GHz,FloydWarshall,TWO_D,2896,2896,4,1,1,31,204.651,16.591,0.004,59863.6,25.456,1.829
Intel Xeon CPU E5-2695 v2 @ 2.40GHz,FloydWarshall,TWO_D,2896,2896,4,2,1,31,205.23,19.869,0.004,32434.2,25.583,1.808
Intel Xeon CPU E5-2695 v2 @ 2.40GHz,FloydWarshall,TWO_D,2896,2896,4,4,1,31,207.978,34.69,0.019,18642.9,25.603,1.804
Intel Xeon CPU E5-2695 v2 @ 2.40GHz,FloydWarshall,TWO_D,2896,2896,4,8,1,31,208.721,18.526,0.004,12049.3,25.535,1.79
Intel Xeon CPU E5-2695 v2 @ 2.40GHz,FloydWarshall,TWO_D,2896,2896,4,16,1,31,213.181,17.179,0.005,9392.82,25.09,3.169
Intel Xeon CPU E5-2695 v2 @ 2.40GHz,FloydWarshall,TWO_D,2896,2896,4,32,1,31,215.713,22.12,0.004,-1,-1,-1
Intel Xeon CPU E5-2695 v2 @ 2.40GHz,FloydWarshall,TWO_D,2896,2896,4,64,1,31,204.753,16.621,0.004,-1,-1,-1
Intel Xeon CPU E5-2695 v2 @ 2.40GHz,FloydWarshall,TWO_D,2896,2896,4,128,1,31,204.7,16.596,0.004,-1,-1,-1
Intel Xeon CPU E5-2695 v2 @ 2.40GHz,FloydWarshall,TWO_D,2896,2896,4,256,1,31,204.842,16.186,0.004,-1,-1,-1
Intel Xeon CPU E5-2695 v2 @ 2.40GHz,FloydWarshall,TWO_D,2896,2896,8,1,1,31,211.692,16.041,0.003,31481.5,25.736,1.625
Intel Xeon CPU E5-2695 v2 @ 2.40GHz,FloydWarshall,TWO_D,2896,2896,8,2,1,31,209.297,21.813,0.004,17617.2,25.7,1.609
Intel Xeon CPU E5-2695 v2 @ 2.40GHz,FloydWarshall,TWO_D,2896,2896,8,4,1,31,204.873,21.225,0.003,10635.8,25.556,1.618
Intel Xeon CPU E5-2695 v2 @ 2.40GHz,FloydWarshall,TWO_D,2896,2896,8,8,1,31,209.918,18.753,0.004,7253.42,24.638,1.614
Intel Xeon CPU E5-2695 v2 @ 2.40GHz,FloydWarshall,TWO_D,2896,2896,8,16,1,31,214.209,16.297,0.003,5523.71,25.747,2.083
Intel Xeon CPU E5-2695 v2 @ 2.40GHz,FloydWarshall,TWO_D,2896,2896,8,32,1,31,214.719,21.359,0.003,-1,-1,-1
Intel Xeon CPU E5-2695 v2 @ 2.40GHz,FloydWarshall,TWO_D,2896,2896,8,64,1,31,211.927,18.402,0.004,-1,-1,-1
Intel Xeon CPU E5-2695 v2 @ 2.40GHz,FloydWarshall,TWO_D,2896,2896,8,128,1,31,211.073,17.872,0.004,-1,-1,-1
Intel Xeon CPU E5-2695 v2 @ 2.40GHz,FloydWarshall,TWO_D,2896,2896,16,1,1,31,210.948,17.835,0.003,17222,25.752,1.613
Intel Xeon CPU E5-2695 v2 @ 2.40GHz,FloydWarshall,TWO_D,2896,2896,16,2,1,31,215.726,26.935,0.003,10259.2,25.716,1.642
Intel Xeon CPU E5-2695 v2 @ 2.40GHz,FloydWarshall,TWO_D,2896,2896,16,4,1,31,217.076,16.693,0.003,6897.97,25.71,1.63
Intel Xeon CPU E5-2695 v2 @ 2.40GHz,FloydWarshall,TWO_D,2896,2896,16,8,1,31,211.424,16.896,0.003,5199.52,24.542,1.554
Intel Xeon CPU E5-2695 v2 @ 2.40GHz,FloydWarshall,TWO_D,2896,2896,16,16,1,31,210.018,16.185,0.004,4406.39,25.697,1.65
Intel Xeon CPU E5-2695 v2 @ 2.40GHz,FloydWarshall,TWO_D,2896,2896,16,32,1,31,216.389,20.119,0.003,-1,-1,-1
Intel Xeon CPU E5-2695 v2 @ 2.40GHz,FloydWarshall,TWO_D,2896,2896,16,64,1,31,209.76,19.297,0.004,-1,-1,-1
Intel Xeon CPU E5-2695 v2 @ 2.40GHz,FloydWarshall,TWO_D,2896,2896,32,1,1,31,210.016,18.779,0.003,-1,-1,-1
Intel Xeon CPU E5-2695 v2 @ 2.40GHz,FloydWarshall,TWO_D,2896,2896,32,2,1,31,209.518,19.246,0.004,-1,-1,-1
Intel Xeon CPU E5-2695 v2 @ 2.40GHz,FloydWarshall,TWO_D,2896,2896,32,4,1,31,209.94,18.78,0.004,-1,-1,-1
Intel Xeon CPU E5-2695 v2 @ 2.40GHz,FloydWarshall,TWO_D,2896,2896,32,8,1,31,209.757,19.164,0.003,-1,-1,-1
Intel Xeon CPU E5-2695 v2 @ 2.40GHz,FloydWarshall,TWO_D,2896,2896,32,16,1,31,209.516,19.25,0.003,-1,-1,-1
Intel Xeon CPU E5-2695 v2 @ 2.40GHz,FloydWarshall,TWO_D,2896,2896,32,32,1,31,209.437,19.504,0.004,-1,-1,-1
Intel Xeon CPU E5-2695 v2 @ 2.40GHz,FloydWarshall,TWO_D,2896,2896,64,1,1,31,210.648,18.269,0.003,-1,-1,-1
Intel Xeon CPU E5-2695 v2 @ 2.40GHz,FloydWarshall,TWO_D,2896,2896,64,2,1,31,208.868,18.787,0.003,-1,-1,-1
Intel Xeon CPU E5-2695 v2 @ 2.40GHz,FloydWarshall,TWO_D,2896,2896,64,4,1,31,209.682,19.211,0.003,-1,-1,-1
Intel Xeon CPU E5-2695 v2 @ 2.40GHz,FloydWarshall,TWO_D,2896,2896,64,8,1,31,209.419,19.28,0.003,-1,-1,-1
Intel Xeon CPU E5-2695 v2 @ 2.40GHz,FloydWarshall,TWO_D,2896,2896,64,16,1,31,210.836,18.274,0.004,-1,-1,-1
Intel Xeon CPU E5-2695 v2 @ 2.40GHz,FloydWarshall,TWO_D,2896,2896,128,1,1,31,208.899,19.089,0.003,-1,-1,-1
Intel Xeon CPU E5-2695 v2 @ 2.40GHz,FloydWarshall,TWO_D,2896,2896,128,2,1,31,209.45,19.126,0.004,-1,-1,-1
Intel Xeon CPU E5-2695 v2 @ 2.40GHz,FloydWarshall,TWO_D,2896,2896,128,4,1,31,210.57,18.692,0.004,-1,-1,-1
Intel Xeon CPU E5-2695 v2 @ 2.40GHz,FloydWarshall,TWO_D,2896,2896,128,8,1,31,212.617,17.094,0.024,-1,-1,-1
Intel Xeon CPU E5-2695 v2 @ 2.40GHz,FloydWarshall,TWO_D,2896,2896,256,1,1,31,221.266,20.959,0.004,-1,-1,-1
Intel Xeon CPU E5-2695 v2 @ 2.40GHz,FloydWarshall,TWO_D,2896,2896,256,2,1,31,213.255,18.236,0.004,-1,-1,-1
Intel Xeon CPU E5-2695 v2 @ 2.40GHz,FloydWarshall,TWO_D,2896,2896,256,4,1,31,208.728,18.854,0.003,-1,-1,-1
Intel Xeon CPU E5-2695 v2 @ 2.40GHz,FloydWarshall,TWO_D,2896,2896,512,1,1,31,209.116,19.176,0.004,-1,-1,-1
Intel Xeon CPU E5-2695 v2 @ 2.40GHz,FloydWarshall,TWO_D,2896,2896,512,2,1,31,207.812,18.21,0.003,-1,-1,-1
Intel Xeon CPU E5-2695 v2 @ 2.40GHz,FloydWarshall,TWO_D,2896,2896,1024,1,1,31,211.24,17.034,0.004,-1,-1,-1
Intel Xeon CPU E5-2695 v2 @ 2.40GHz,FloydWarshall,TWO_D,2896,2896,1,1,1,31,247.107,13.089,0.005,224922,35.434,0.916
Intel Xeon CPU E5-2695 v2 @ 2.40GHz,FloydWarshall,TWO_D,2896,2896,1,2,1,31,245.937,12.545,0.003,115517,35.916,0.983
Intel Xeon CPU E5-2695 v2 @ 2.40GHz,FloydWarshall,TWO_D,2896,2896,1,4,1,31,251.613,12.953,0.003,60486.2,35.667,0.964
Intel Xeon CPU E5-2695 v2 @ 2.40GHz,FloydWarshall,TWO_D,2896,2896,1,8,1,31,245.759,12.709,0.003,33045.9,35.191,0.937
Intel Xeon CPU E5-2695 v2 @ 2.40GHz,FloydWarshall,TWO_D,2896,2896,1,16,1,31,241.831,16.575,0.003,21068.4,31.892,0.833
Intel Xeon CPU E5-2695 v2 @ 2.40GHz,FloydWarshall,TWO_D,2896,2896,1,32,1,31,241.474,31.234,0.003,-1,-1,-1
Intel Xeon CPU E5-2695 v2 @ 2.40GHz,FloydWarshall,TWO_D,2896,2896,1,64,1,31,252.285,22.884,0.003,-1,-1,-1
Intel Xeon CPU E5-2695 v2 @ 2.40GHz,FloydWarshall,TWO_D,2896,2896,1,128,1,31,240.051,23.71,0.004,-1,-1,-1
Intel Xeon CPU E5-2695 v2 @ 2.40GHz,FloydWarshall,TWO_D,2896,2896,1,256,1,31,241.57,21.349,0.004,-1,-1,-1
Intel Xeon CPU E5-2695 v2 @ 2.40GHz,FloydWarshall,TWO_D,2896,2896,1,512,1,31,243.049,24.406,0.005,-1,-1,-1
Intel Xeon CPU E5-2695 v2 @ 2.40GHz,FloydWarshall,TWO_D,2896,2896,1,1024,1,31,240.603,21.288,0.02,-1,-1,-1
Intel Xeon CPU E5-2695 v2 @ 2.40GHz,FloydWarshall,TWO_D,2896,2896,2,1,1,31,243.187,21.625,0.018,118063,31.538,0.934
Intel Xeon CPU E5-2695 v2 @ 2.40GHz,FloydWarshall,TWO_D,2896,2896,2,2,1,31,225.126,18.207,0.002,62150.7,32.959,0.975
Intel Xeon CPU E5-2695 v2 @ 2.40GHz,FloydWarshall,TWO_D,2896,2896,2,4,1,31,238.381,26.48,0.004,34802.7,30.059,1.011
Intel Xeon CPU E5-2695 v2 @ 2.40GHz,FloydWarshall,TWO_D,2896,2896,2,8,1,31,224.393,24.439,0.018,20896.1,31.322,0.999
Intel Xeon CPU E5-2695 v2 @ 2.40GHz,FloydWarshall,TWO_D,2896,2896,2,16,1,31,235.618,29.173,0.002,12290.1,31.271,0.962
Intel Xeon CPU E5-2695 v2 @ 2.40GHz,FloydWarshall,TWO_D,2896,2896,2,32,1,31,235.817,29.804,0.017,-1,-1,-1
Intel Xeon CPU E5-2695 v2 @ 2.40GHz,FloydWarshall,TWO_D,2896,2896,2,64,1,31,249.147,27.3,0.005,-1,-1,-1
Intel Xeon CPU E5-2695 v2 @ 2.40GHz,FloydWarshall,TWO_D,2896,2896,2,128,1,31,255.605,20.604,0.004,-1,-1,-1
Intel Xeon CPU E5-2695 v2 @ 2.40GHz,FloydWarshall,TWO_D,2896,2896,2,256,1,31,261.838,21.925,0.004,-1,-1,-1
Intel Xeon CPU E5-2695 v2 @ 2.40GHz,FloydWarshall,TWO_D,2896,2896,2,512,1,31,244.297,21.404,0.004,-1,-1,-1
Intel Xeon CPU E5-2695 v2 @ 2.40GHz,FloydWarshall,TWO_D,2896,2896,4,1,1,31,244.792,21.489,0.019,59923.6,31.233,1.213
Intel Xeon CPU E5-2695 v2 @ 2.40GHz,FloydWarshall,TWO_D,2896,2896,4,2,1,31,223.839,24.126,0.002,32421.9,31.487,1.153
Intel Xeon CPU E5-2695 v2 @ 2.40GHz,FloydWarshall,TWO_D,2896,2896,4,4,1,31,230.718,23.944,0.004,18787.4,31.357,1.231
Intel Xeon CPU E5-2695 v2 @ 2.40GHz,FloydWarshall,TWO_D,2896,2896,4,8,1,31,226.644,24.156,0.004,11978.8,35.107,1.247
Intel Xeon CPU E5-2695 v2 @ 2.40GHz,FloydWarshall,TWO_D,2896,2896,4,16,1,31,245.166,12.286,0.004,9512.68,31.924,1.125
Intel Xeon CPU E5-2695 v2 @ 2.40GHz,FloydWarshall,TWO_D,2896,2896,4,32,1,31,237.91,24.663,0.003,-1,-1,-1
Intel Xeon CPU E5-2695 v2 @ 2.40GHz,FloydWarshall,TWO_D,2896,2896,4,64,1,31,241.379,21.679,0.003,-1,-1,-1
Intel Xeon CPU E5-2695 v2 @ 2.40GHz,FloydWarshall,TWO_D,2896,2896,4,128,1,31,242.461,21.271,0.034,-1,-1,-1
Intel Xeon CPU E5-2695 v2 @ 2.40GHz,FloydWarshall,TWO_D,2896,2896,4,256,1,31,243.625,21.456,0.004,-1,-1,-1
Intel Xeon CPU E5-2695 v2 @ 2.40GHz,FloydWarshall,TWO_D,2896,2896,8,1,1,31,244.882,22.184,0.004,31395.7,31.407,1.264
Intel Xeon CPU E5-2695 v2 @ 2.40GHz,FloydWarshall,TWO_D,2896,2896,8,2,1,31,224.78,22.661,0.004,17606.9,30.781,1.209
Intel Xeon CPU E5-2695 v2 @ 2.40GHz,FloydWarshall,TWO_D,2896,2896,8,4,1,31,243.107,18.562,0.003,10603.8,36.527,1.291
Intel Xeon CPU E5-2695 v2 @ 2.40GHz,FloydWarshall,TWO_D,2896,2896,8,8,1,31,241.499,11.886,0.004,7313.77,36.348,1.288
Intel Xeon CPU E5-2695 v2 @ 2.40GHz,FloydWarshall,TWO_D,2896,2896,8,16,1,31,245.552,11.796,0.003,5607.77,36.369,1.237
Intel Xeon CPU E5-2695 v2 @ 2.40GHz,FloydWarshall,TWO_D,2896,2896,8,32,1,31,260.337,14.751,0.003,-1,-1,-1
Intel Xeon CPU E5-2695 v2 @ 2.40GHz,FloydWarshall,TWO_D,2896,2896,8,64,1,31,238.577,11.406,0.003,-1,-1,-1
Intel Xeon CPU E5-2695 v2 @ 2.40GHz,FloydWarshall,TWO_D,2896,2896,8,128,1,31,244.053,11.418,0.003,-1,-1,-1
Intel Xeon CPU E5-2695 v2 @ 2.40GHz,FloydWarshall,TWO_D,2896,2896,16,1,1,31,238.609,11.401,0.003,17140,36.352,1.258
Intel Xeon CPU E5-2695 v2 @ 2.40GHz,FloydWarshall,TWO_D,2896,2896,16,2,1,31,245.308,11.865,0.003,10155.3,36.074,1.255
Intel Xeon CPU E5-2695 v2 @ 2.40GHz,FloydWarshall,TWO_D,2896,2896,16,4,1,31,243.121,11.733,0.003,6874.06,32.432,1.197
Intel Xeon CPU E5-2695 v2 @ 2.40GHz,FloydWarshall,TWO_D,2896,2896,16,8,1,31,263.787,24.488,0.005,5164.38,33.071,1.239
Intel Xeon CPU E5-2695 v2 @ 2.40GHz,FloydWarshall,TWO_D,2896,2896,16,16,1,31,245.614,11.905,0.004,4325.88,32.547,1.188
Intel Xeon CPU E5-2695 v2 @ 2.40GHz,FloydWarshall,TWO_D,2896,2896,16,32,1,31,239.344,19.116,0.002,-1,-1,-1
Intel Xeon CPU E5-2695 v2 @ 2.40GHz,FloydWarshall,TWO_D,2896,2896,16,64,1,31,241.348,16.38,0.002,-1,-1,-1
Intel Xeon CPU E5-2695 v2 @ 2.40GHz,FloydWarshall,TWO_D,2896,2896,32,1,1,31,239.399,20.9,0.018,-1,-1,-1
Intel Xeon CPU E5-2695 v2 @ 2.40GHz,FloydWarshall,TWO_D,2896,2896,32,2,1,31,242.933,21.409,0.004,-1,-1,-1
Intel Xeon CPU E5-2695 v2 @ 2.40GHz,FloydWarshall,TWO_D,2896,2896,32,4,1,31,243.812,21.743,0.004,-1,-1,-1
Intel Xeon CPU E5-2695 v2 @ 2.40GHz,FloydWarshall,TWO_D,2896,2896,32,8,1,31,243.911,21.643,0.019,-1,-1,-1
Intel Xeon CPU E5-2695 v2 @ 2.40GHz,FloydWarshall,TWO_D,2896,2896,32,16,1,31,244.252,21.566,0.004,-1,-1,-1
Intel Xeon CPU E5-2695 v2 @ 2.40GHz,FloydWarshall,TWO_D,2896,2896,32,32,1,31,245.23,21.703,0.005,-1,-1,-1
Intel Xeon CPU E5-2695 v2 @ 2.40GHz,FloydWarshall,TWO_D,2896,2896,64,1,1,31,243.569,21.394,0.019,-1,-1,-1
Intel Xeon CPU E5-2695 v2 @ 2.40GHz,FloydWarshall,TWO_D,2896,2896,64,2,1,31,244.68,21.512,0.019,-1,-1,-1
Intel Xeon CPU E5-2695 v2 @ 2.40GHz,FloydWarshall,TWO_D,2896,2896,64,4,1,31,244.897,21.723,0.004,-1,-1,-1
Intel Xeon CPU E5-2695 v2 @ 2.40GHz,FloydWarshall,TWO_D,2896,2896,64,8,1,31,244.196,21.437,0.004,-1,-1,-1
Intel Xeon CPU E5-2695 v2 @ 2.40GHz,FloydWarshall,TWO_D,2896,2896,64,16,1,31,244.934,21.447,0.018,-1,-1,-1
Intel Xeon CPU E5-2695 v2 @ 2.40GHz,FloydWarshall,TWO_D,2896,2896,128,1,1,31,245.974,21.827,0.018,-1,-1,-1
Intel Xeon CPU E5-2695 v2 @ 2.40GHz,FloydWarshall,TWO_D,2896,2896,128,2,1,31,243.835,21.415,0.004,-1,-1,-1
Intel Xeon CPU E5-2695 v2 @ 2.40GHz,FloydWarshall,TWO_D,2896,2896,128,4,1,31,244.596,24.322,0.019,-1,-1,-1
Intel Xeon CPU E5-2695 v2 @ 2.40GHz,FloydWarshall,TWO_D,2896,2896,128,8,1,31,244.63,21.09,0.017,-1,-1,-1
Intel Xeon CPU E5-2695 v2 @ 2.40GHz,FloydWarshall,TWO_D,2896,2896,256,1,1,31,243.148,21.596,0.004,-1,-1,-1
Intel Xeon CPU E5-2695 v2 @ 2.40GHz,FloydWarshall,TWO_D,2896,2896,256,2,1,31,251.124,22.188,0.02,-1,-1,-1
Intel Xeon CPU E5-2695 v2 @ 2.40GHz,FloydWarshall,TWO_D,2896,2896,256,4,1,31,247.169,21.746,0.004,-1,-1,-1
Intel Xeon CPU E5-2695 v2 @ 2.40GHz,FloydWarshall,TWO_D,2896,2896,512,1,1,31,256.348,21.144,0.018,-1,-1,-1
Intel Xeon CPU E5-2695 v2 @ 2.40GHz,FloydWarshall,TWO_D,2896,2896,512,2,1,31,249.18,22.282,0.035,-1,-1,-1
Intel Xeon CPU E5-2695 v2 @ 2.40GHz,FloydWarshall,TWO_D,2896,2896,1024,1,1,31,246.453,21.445,0.019,-1,-1,-1
Intel Xeon CPU E5-2695 v2 @ 2.40GHz,FloydWarshall,TWO_D,2896,2896,1,1,1,31,205.711,23.075,0.005,225514,25.991,1.757
Intel Xeon CPU E5-2695 v2 @ 2.40GHz,FloydWarshall,TWO_D,2896,2896,1,2,1,31,211.903,21.585,0.004,115652,49.261,1.741
Intel Xeon CPU E5-2695 v2 @ 2.40GHz,FloydWarshall,TWO_D,2896,2896,1,4,1,31,211.574,16.504,0.004,60986.5,23.786,1.488
Intel Xeon CPU E5-2695 v2 @ 2.40GHz,FloydWarshall,TWO_D,2896,2896,1,8,1,31,214.944,21.868,0.003,33256.7,24.82,1.484
Intel Xeon CPU E5-2695 v2 @ 2.40GHz,FloydWarshall,TWO_D,2896,2896,1,16,1,31,210.175,17.765,0.003,21112.8,25.513,1.463
Intel Xeon CPU E5-2695 v2 @ 2.40GHz,FloydWarshall,TWO_D,2896,2896,1,32,1,31,211.516,19.813,0.004,-1,-1,-1
Intel Xeon CPU E5-2695 v2 @ 2.40GHz,FloydWarshall,TWO_D,2896,2896,1,64,1,31,210.436,18.176,0.004,-1,-1,-1
Intel Xeon CPU E5-2695 v2 @ 2.40GHz,FloydWarshall,TWO_D,2896,2896,1,128,1,31,210.618,18.128,0.003,-1,-1,-1
Intel Xeon CPU E5-2695 v2 @ 2.40GHz,FloydWarshall,TWO_D,2896,2896,1,256,1,31,210.512,18.447,0.003,-1,-1,-1
Intel Xeon CPU E5-2695 v2 @ 2.40GHz,FloydWarshall,TWO_D,2896,2896,1,512,1,31,205.185,21.278,0.003,-1,-1,-1
Intel Xeon CPU E5-2695 v2 @ 2.40GHz,FloydWarshall,TWO_D,2896,2896,1,1024,1,31,209.111,20.18,0.003,-1,-1,-1
Intel Xeon CPU E5-2695 v2 @ 2.40GHz,FloydWarshall,TWO_D,2896,2896,2,1,1,31,208.999,20.193,0.004,118421,25.553,1.496
Intel Xeon CPU E5-2695 v2 @ 2.40GHz,FloydWarshall,TWO_D,2896,2896,2,2,1,31,210.531,16.883,0.004,62162.4,25.516,1.513
Intel Xeon CPU E5-2695 v2 @ 2.40GHz,FloydWarshall,TWO_D,2896,2896,2,4,1,31,210.694,16.913,0.003,34714.2,43.313,1.505
Intel Xeon CPU E5-2695 v2 @ 2.40GHz,FloydWarshall,TWO_D,2896,2896,2,8,1,31,204.484,23.043,0.002,20963.5,47.121,1.838
Intel Xeon CPU E5-2695 v2 @ 2.40GHz,FloydWarshall,TWO_D,2896,2896,2,16,1,31,209.023,19.827,0.004,11896.3,25.589,1.587
Intel Xeon CPU E5-2695 v2 @ 2.40GHz,FloydWarshall,TWO_D,2896,2896,2,32,1,31,211.548,17.613,0.005,-1,-1,-1
Intel Xeon CPU E5-2695 v2 @ 2.40GHz,FloydWarshall,TWO_D,2896,2896,2,64,1,31,204.712,21.222,0.004,-1,-1,-1
Intel Xeon CPU E5-2695 v2 @ 2.40GHz,FloydWarshall,TWO_D,2896,2896,2,128,1,31,208.699,16.979,0.005,-1,-1,-1
Intel Xeon CPU E5-2695 v2 @ 2.40GHz,FloydWarshall,TWO_D,2896,2896,2,256,1,31,204.667,17.035,0.005,-1,-1,-1
Intel Xeon CPU E5-2695 v2 @ 2.40GHz,FloydWarshall,TWO_D,2896,2896,2,512,1,31,206.262,16.976,0.005,-1,-1,-1
Intel Xeon CPU E5-2695 v2 @ 2.40GHz,FloydWarshall,TWO_D,2896,2896,4,1,1,31,204.868,17.033,0.004,60115.7,25.702,1.868
Intel Xeon CPU E5-2695 v2 @ 2.40GHz,FloydWarshall,TWO_D,2896,2896,4,2,1,31,210.97,34.003,0.004,32486.6,25.536,3.394
Intel Xeon CPU E5-2695 v2 @ 2.40GHz,FloydWarshall,TWO_D,2896,2896,4,4,1,31,211.83,17.631,0.005,18723.6,25.705,1.851
Intel Xeon CPU E5-2695 v2 @ 2.40GHz,FloydWarshall,TWO_D,2896,2896,4,8,1,31,211.096,19.238,0.004,12006.2,25.672,1.831
Intel Xeon CPU E5-2695 v2 @ 2.40GHz,FloydWarshall,TWO_D,2896,2896,4,16,1,31,211.067,17.894,0.004,9488.82,40.03,2.22
Intel Xeon CPU E5-2695 v2 @ 2.40GHz,FloydWarshall,TWO_D,2896,2896,4,32,1,31,202.1,17.857,0.019,-1,-1,-1
Intel Xeon CPU E5-2695 v2 @ 2.40GHz,FloydWarshall,TWO_D,2896,2896,4,64,1,31,211.966,21.059,0.006,-1,-1,-1
Intel Xeon CPU E5-2695 v2 @ 2.40GHz,FloydWarshall,TWO_D,2896,2896,4,128,1,31,212.83,21.021,0.004,-1,-1,-1
Intel Xeon CPU E5-2695 v2 @ 2.40GHz,FloydWarshall,TWO_D,2896,2896,4,256,1,31,206.892,19.901,0.005,-1,-1,-1
Intel Xeon CPU E5-2695 v2 @ 2.40GHz,FloydWarshall,TWO_D,2896,2896,8,1,1,31,206.083,19.82,0.005,31398.2,41.638,1.877
Intel Xeon CPU E5-2695 v2 @ 2.40GHz,FloydWarshall,TWO_D,2896,2896,8,2,1,31,202.817,17.315,0.005,17457.9,41.223,1.907
Intel Xeon CPU E5-2695 v2 @ 2.40GHz,FloydWarshall,TWO_D,2896,2896,8,4,1,31,207.011,20.554,0.004,10610,26.085,2.056
Intel Xeon CPU E5-2695 v2 @ 2.40GHz,FloydWarshall,TWO_D,2896,2896,8,8,1,31,220.868,17.619,0.004,7310.11,25.636,1.829
Intel Xeon CPU E5-2695 v2 @ 2.40GHz,FloydWarshall,TWO_D,2896,2896,8,16,1,31,206.432,17.195,0.005,5569.66,25.731,1.886
Intel Xeon CPU E5-2695 v2 @ 2.40GHz,FloydWarshall,TWO_D,2896,2896,8,32,1,31,210.876,17.803,0.004,-1,-1,-1
Intel Xeon CPU E5-2695 v2 @ 2.40GHz,FloydWarshall,TWO_D,2896,2896,8,64,1,31,204.393,19.442,0.005,-1,-1,-1
Intel Xeon CPU E5-2695 v2 @ 2.40GHz,FloydWarshall,TWO_D,2896,2896,8,128,1,31,206.955,20.238,0.004,-1,-1,-1
Intel Xeon CPU E5-2695 v2 @ 2.40GHz,FloydWarshall,TWO_D,2896,2896,16,1,1,31,211.778,18.107,0.004,17202.1,41.185,1.703
Intel Xeon CPU E5-2695 v2 @ 2.40GHz,FloydWarshall,TWO_D,2896,2896,16,2,1,31,205.359,17.661,0.019,10235.4,24.651,1.787
Intel Xeon CPU E5-2695 v2 @ 2.40GHz,FloydWarshall,TWO_D,2896,2896,16,4,1,31,203.007,18.25,0.004,6936.24,42.84,1.745
Intel Xeon CPU E5-2695 v2 @ 2.40GHz,FloydWarshall,TWO_D,2896,2896,16,8,1,31,202.145,13.802,0.002,5231.31,42.076,1.707
Intel Xeon CPU E5-2695 v2 @ 2.40GHz,FloydWarshall,TWO_D,2896,2896,16,16,1,31,204.329,18.195,0.003,4393.76,42.521,1.713
Intel Xeon CPU E5-2695 v2 @ 2.40GHz,FloydWarshall,TWO_D,2896,2896,16,32,1,31,202.459,15.954,0.018,-1,-1,-1
Intel Xeon CPU E5-2695 v2 @ 2.40GHz,FloydWarshall,TWO_D,2896,2896,16,64,1,31,209.522,21.422,0.004,-1,-1,-1
Intel Xeon CPU E5-2695 v2 @ 2.40GHz,FloydWarshall,TWO_D,2896,2896,32,1,1,31,206.512,19.973,0.002,-1,-1,-1
Intel Xeon CPU E5-2695 v2 @ 2.40GHz,FloydWarshall,TWO_D,2896,2896,32,2,1,31,205.474,20.029,0.004,-1,-1,-1
Intel Xeon CPU E5-2695 v2 @ 2.40GHz,FloydWarshall,TWO_D,2896,2896,32,4,1,31,205.387,19.609,0.004,-1,-1,-1
Intel Xeon CPU E5-2695 v2 @ 2.40GHz,FloydWarshall,TWO_D,2896,2896,32,8,1,31,205.646,20.26,0.004,-1,-1,-1
Intel Xeon CPU E5-2695 v2 @ 2.40GHz,FloydWarshall,TWO_D,2896,2896,32,16,1,31,205.824,20.164,0.004,-1,-1,-1
Intel Xeon CPU E5-2695 v2 @ 2.40GHz,FloydWarshall,TWO_D,2896,2896,32,32,1,31,205.781,20.252,0.004,-1,-1,-1
Intel Xeon CPU E5-2695 v2 @ 2.40GHz,FloydWarshall,TWO_D,2896,2896,64,1,1,31,205.642,20.177,0.004,-1,-1,-1
Intel Xeon CPU E5-2695 v2 @ 2.40GHz,FloydWarshall,TWO_D,2896,2896,64,2,1,31,205.706,20.159,0.018,-1,-1,-1
Intel Xeon CPU E5-2695 v2 @ 2.40GHz,FloydWarshall,TWO_D,2896,2896,64,4,1,31,206.216,20.238,0.004,-1,-1,-1
Intel Xeon CPU E5-2695 v2 @ 2.40GHz,FloydWarshall,TWO_D,2896,2896,64,8,1,31,205.39,19.648,0.019,-1,-1,-1
Intel Xeon CPU E5-2695 v2 @ 2.40GHz,FloydWarshall,TWO_D,2896,2896,64,16,1,31,206.311,20.15,0.004,-1,-1,-1
Intel Xeon CPU E5-2695 v2 @ 2.40GHz,FloydWarshall,TWO_D,2896,2896,128,1,1,31,205.79,19.735,0.004,-1,-1,-1
Intel Xeon CPU E5-2695 v2 @ 2.40GHz,FloydWarshall,TWO_D,2896,2896,128,2,1,31,206.324,20.182,0.003,-1,-1,-1
Intel Xeon CPU E5-2695 v2 @ 2.40GHz,FloydWarshall,TWO_D,2896,2896,128,4,1,31,205.614,20.297,0.004,-1,-1,-1
Intel Xeon CPU E5-2695 v2 @ 2.40GHz,FloydWarshall,TWO_D,2896,2896,128,8,1,31,206.108,19.666,0.003,-1,-1,-1
Intel Xeon CPU E5-2695 v2 @ 2.40GHz,FloydWarshall,TWO_D,2896,2896,256,1,1,31,206.344,20.081,0.005,-1,-1,-1
Intel Xeon CPU E5-2695 v2 @ 2.40GHz,FloydWarshall,TWO_D,2896,2896,256,2,1,31,205.288,19.641,0.004,-1,-1,-1
Intel Xeon CPU E5-2695 v2 @ 2.40GHz,FloydWarshall,TWO_D,2896,2896,256,4,1,31,205.764,19.675,0.004,-1,-1,-1
Intel Xeon CPU E5-2695 v2 @ 2.40GHz,FloydWarshall,TWO_D,2896,2896,512,1,1,31,205.799,19.681,0.018,-1,-1,-1
Intel Xeon CPU E5-2695 v2 @ 2.40GHz,FloydWarshall,TWO_D,2896,2896,512,2,1,31,205.755,19.657,0.018,-1,-1,-1
Intel Xeon CPU E5-2695 v2 @ 2.40GHz,FloydWarshall,TWO_D,2896,2896,1024,1,1,31,205.677,20.236,0.004,-1,-1,-1
Intel Xeon CPU E5-2695 v2 @ 2.40GHz,FloydWarshall,TWO_D,2896,2896,1,1,1,31,207.965,22.051,0.003,227189,25.008,1.702
Intel Xeon CPU E5-2695 v2 @ 2.40GHz,FloydWarshall,TWO_D,2896,2896,1,2,1,31,210.577,19.823,0.003,116714,36.814,1.709
Intel Xeon CPU E5-2695 v2 @ 2.40GHz,FloydWarshall,TWO_D,2896,2896,1,4,1,31,216.073,17.676,0.002,60544.4,41.379,1.74
Intel Xeon CPU E5-2695 v2 @ 2.40GHz,FloydWarshall,TWO_D,2896,2896,1,8,1,31,202.389,24.756,0.019,33135.6,37.669,1.808
Intel Xeon CPU E5-2695 v2 @ 2.40GHz,FloydWarshall,TWO_D,2896,2896,1,16,1,31,202.106,17.477,0.005,21928,41.164,1.829
Intel Xeon CPU E5-2695 v2 @ 2.40GHz,FloydWarshall,TWO_D,2896,2896,1,32,1,31,229.082,35.425,0.004,-1,-1,-1
Intel Xeon CPU E5-2695 v2 @ 2.40GHz,FloydWarshall,TWO_D,2896,2896,1,64,1,31,212.12,33.482,0.002,-1,-1,-1
Intel Xeon CPU E5-2695 v2 @ 2.40GHz,FloydWarshall,TWO_D,2896,2896,1,128,1,31,206.468,21.338,0.002,-1,-1,-1
Intel Xeon CPU E5-2695 v2 @ 2.40GHz,FloydWarshall,TWO_D,2896,2896,1,256,1,31,224.887,25.618,0.019,-1,-1,-1
Intel Xeon CPU E5-2695 v2 @ 2.40GHz,FloydWarshall,TWO_D,2896,2896,1,512,1,31,227.604,22.673,0.005,-1,-1,-1
Intel Xeon CPU E5-2695 v2 @ 2.40GHz,FloydWarshall,TWO_D,2896,2896,1,1024,1,31,226.167,18.042,0.004,-1,-1,-1
Intel Xeon CPU E5-2695 v2 @ 2.40GHz,FloydWarshall,TWO_D,2896,2896,2,1,1,31,204.679,19.46,0.035,118650,39.373,1.775
Intel Xeon CPU E5-2695 v2 @ 2.40GHz,FloydWarshall,TWO_D,2896,2896,2,2,1,31,202.25,17.824,0.004,62260.2,41.354,1.881
Intel Xeon CPU E5-2695 v2 @ 2.40GHz,FloydWarshall,TWO_D,2896,2896,2,4,1,31,229.516,16.701,0.002,35033.1,41.162,1.782
Intel Xeon CPU E5-2695 v2 @ 2.40GHz,FloydWarshall,TWO_D,2896,2896,2,8,1,31,204.118,19.864,0.002,21131.5,40.889,1.809
Intel Xeon CPU E5-2695 v2 @ 2.40GHz,FloydWarshall,TWO_D,2896,2896,2,16,1,31,202.086,17.762,0.019,12426.2,41.231,1.789
Intel Xeon CPU E5-2695 v2 @ 2.40GHz,FloydWarshall,TWO_D,2896,2896,2,32,1,31,204.151,26.499,0.005,-1,-1,-1
Intel Xeon CPU E5-2695 v2 @ 2.40GHz,FloydWarshall,TWO_D,2896,2896,2,64,1,31,214.696,20.855,0.003,-1,-1,-1
Intel Xeon CPU E5-2695 v2 @ 2.40GHz,FloydWarshall,TWO_D,2896,2896,2,128,1,31,216.288,22.68,0.017,-1,-1,-1
Intel Xeon CPU E5-2695 v2 @ 2.40GHz,FloydWarshall,TWO_D,2896,2896,2,256,1,31,218.976,21.121,0.004,-1,-1,-1
Intel Xeon CPU E5-2695 v2 @ 2.40GHz,FloydWarshall,TWO_D,2896,2896,2,512,1,31,207.582,19.781,0.004,-1,-1,-1
Intel Xeon CPU E5-2695 v2 @ 2.40GHz,FloydWarshall,TWO_D,2896,2896,4,1,1,31,206.816,19.693,0.004,60216.4,36.13,2.033
Intel Xeon CPU E5-2695 v2 @ 2.40GHz,FloydWarshall,TWO_D,2896,2896,4,2,1,31,208.144,19.494,0.004,32703.2,41.224,2.011
Intel Xeon CPU E5-2695 v2 @ 2.40GHz,FloydWarshall,TWO_D,2896,2896,4,4,1,31,209.061,21.857,0.019,18886.9,24.556,2.652
Intel Xeon CPU E5-2695 v2 @ 2.40GHz,FloydWarshall,TWO_D,2896,2896,4,8,1,31,208.813,16.438,0.003,12096.2,24.974,2.005
Intel Xeon CPU E5-2695 v2 @ 2.40GHz,FloydWarshall,TWO_D,2896,2896,4,16,1,31,210.278,16.981,0.003,9489.26,43.133,1.933
Intel Xeon CPU E5-2695 v2 @ 2.40GHz,FloydWarshall,TWO_D,2896,2896,4,32,1,31,204.088,26.219,0.004,-1,-1,-1
Intel Xeon CPU E5-2695 v2 @ 2.40GHz,FloydWarshall,TWO_D,2896,2896,4,64,1,31,215.451,22.481,0.019,-1,-1,-1
Intel Xeon CPU E5-2695 v2 @ 2.40GHz,FloydWarshall,TWO_D,2896,2896,4,128,1,31,212.534,23.122,0.004,-1,-1,-1
Intel Xeon CPU E5-2695 v2 @ 2.40GHz,FloydWarshall,TWO_D,2896,2896,4,256,1,31,210.887,34.212,0.003,-1,-1,-1
Intel Xeon CPU E5-2695 v2 @ 2.40GHz,FloydWarshall,TWO_D,2896,2896,8,1,1,31,235.48,23.446,0.004,31863.2,41.129,2.034
Intel Xeon CPU E5-2695 v2 @ 2.40GHz,FloydWarshall,TWO_D,2896,2896,8,2,1,31,201.643,17.106,0.005,17812.3,43.534,2.259
Intel Xeon CPU E5-2695 v2 @ 2.40GHz,FloydWarshall,TWO_D,2896,2896,8,4,1,31,240.659,26.254,0.005,10714.1,24.806,1.998
Intel Xeon CPU E5-2695 v2 @ 2.40GHz,FloydWarshall,TWO_D,2896,2896,8,8,1,31,206.346,17.068,0.005,7403.68,25.332,2.033
Intel Xeon CPU E5-2695 v2 @ 2.40GHz,FloydWarshall,TWO_D,2896,2896,8,16,1,31,210.292,17.446,0.004,5492.81,25.288,2.467
Intel Xeon CPU E5-2695 v2 @ 2.40GHz,FloydWarshall,TWO_D,2896,2896,8,32,1,31,207.401,17.592,0.005,-1,-1,-1
Intel Xeon CPU E5-2695 v2 @ 2.40GHz,FloydWarshall,TWO_D,2896,2896,8,64,1,31,221.719,21.027,0.005,-1,-1,-1
Intel Xeon CPU E5-2695 v2 @ 2.40GHz,FloydWarshall,TWO_D,2896,2896,8,128,1,31,217.968,34.012,0.005,-1,-1,-1
Intel Xeon CPU E5-2695 v2 @ 2.40GHz,FloydWarshall,TWO_D,2896,2896,16,1,1,31,228.498,19.903,0.004,17331.2,23.913,2.007
Intel Xeon CPU E5-2695 v2 @ 2.40GHz,FloydWarshall,TWO_D,2896,2896,16,2,1,31,202.195,16.618,0.004,10307.9,25.484,2.244
Intel Xeon CPU E5-2695 v2 @ 2.40GHz,FloydWarshall,TWO_D,2896,2896,16,4,1,31,211.058,16.706,0.003,6878.49,23.551,2.041
Intel Xeon CPU E5-2695 v2 @ 2.40GHz,FloydWarshall,TWO_D,2896,2896,16,8,1,31,210.521,17.175,0.003,5151.95,25.199,1.857
Intel Xeon CPU E5-2695 v2 @ 2.40GHz,FloydWarshall,TWO_D,2896,2896,16,16,1,31,212.477,17.208,0.003,4299.27,25.222,1.787
Intel Xeon CPU E5-2695 v2 @ 2.40GHz,FloydWarshall,TWO_D,2896,2896,16,32,1,31,210.498,17.298,0.003,-1,-1,-1
Intel Xeon CPU E5-2695 v2 @ 2.40GHz,FloydWarshall,TWO_D,2896,2896,16,64,1,31,204.659,19.649,0.003,-1,-1,-1
Intel Xeon CPU E5-2695 v2 @ 2.40GHz,FloydWarshall,TWO_D,2896,2896,32,1,1,31,207.025,20.304,0.003,-1,-1,-1
Intel Xeon CPU E5-2695 v2 @ 2.40GHz,FloydWarshall,TWO_D,2896,2896,32,2,1,31,211.086,24.274,0.004,-1,-1,-1
Intel Xeon CPU E5-2695 v2 @ 2.40GHz,FloydWarshall,TWO_D,2896,2896,32,4,1,31,209.592,21.298,0.003,-1,-1,-1
Intel Xeon CPU E5-2695 v2 @ 2.40GHz,FloydWarshall,TWO_D,2896,2896,32,8,1,31,208.151,20.808,0.003,-1,-1,-1
Intel Xeon CPU E5-2695 v2 @ 2.40GHz,FloydWarshall,TWO_D,2896,2896,32,16,1,31,207.715,20.753,0.003,-1,-1,-1
Intel Xeon CPU E5-2695 v2 @ 2.40GHz,FloydWarshall,TWO_D,2896,2896,32,32,1,31,207.986,20.288,0.003,-1,-1,-1
Intel Xeon CPU E5-2695 v2 @ 2.40GHz,FloydWarshall,TWO_D,2896,2896,64,1,1,31,207.707,20.798,0.003,-1,-1,-1
Intel Xeon CPU E5-2695 v2 @ 2.40GHz,FloydWarshall,TWO_D,2896,2896,64,2,1,31,207.75,20.692,0.004,-1,-1,-1
Intel Xeon CPU E5-2695 v2 @ 2.40GHz,FloydWarshall,TWO_D,2896,2896,64,4,1,31,207.619,20.68,0.003,-1,-1,-1
Intel Xeon CPU E5-2695 v2 @ 2.40GHz,FloydWarshall,TWO_D,2896,2896,64,8,1,31,208.692,20.215,0.003,-1,-1,-1
Intel Xeon CPU E5-2695 v2 @ 2.40GHz,FloydWarshall,TWO_D,2896,2896,64,16,1,31,207.266,20.303,0.003,-1,-1,-1
Intel Xeon CPU E5-2695 v2 @ 2.40GHz,FloydWarshall,TWO_D,2896,2896,128,1,1,31,207.778,20.699,0.003,-1,-1,-1
Intel Xeon CPU E5-2695 v2 @ 2.40GHz,FloydWarshall,TWO_D,2896,2896,128,2,1,31,207.669,21.026,0.003,-1,-1,-1
Intel Xeon CPU E5-2695 v2 @ 2.40GHz,FloydWarshall,TWO_D,2896,2896,128,4,1,31,207.556,20.257,0.003,-1,-1,-1
Intel Xeon CPU E5-2695 v2 @ 2.40GHz,FloydWarshall,TWO_D,2896,2896,128,8,1,31,207.609,20.789,0.003,-1,-1,-1
Intel Xeon CPU E5-2695 v2 @ 2.40GHz,FloydWarshall,TWO_D,2896,2896,256,1,1,31,207.716,20.338,0.003,-1,-1,-1
Intel Xeon CPU E5-2695 v2 @ 2.40GHz,FloydWarshall,TWO_D,2896,2896,256,2,1,31,208.661,20.444,0.004,-1,-1,-1
Intel Xeon CPU E5-2695 v2 @ 2.40GHz,FloydWarshall,TWO_D,2896,2896,256,4,1,31,208.247,20.419,0.004,-1,-1,-1
Intel Xeon CPU E5-2695 v2 @ 2.40GHz,FloydWarshall,TWO_D,2896,2896,512,1,1,31,207.437,20.335,0.004,-1,-1,-1
Intel Xeon CPU E5-2695 v2 @ 2.40GHz,FloydWarshall,TWO_D,2896,2896,512,2,1,31,213.692,22.582,0.003,-1,-1,-1
Intel Xeon CPU E5-2695 v2 @ 2.40GHz,FloydWarshall,TWO_D,2896,2896,1024,1,1,31,214.564,18.005,0.004,-1,-1,-1
Intel Xeon CPU E5-2695 v2 @ 2.40GHz,FloydWarshall,TWO_D,2896,2896,1,1,1,31,204.732,18.678,0.004,226187,43.582,1.648
Intel Xeon CPU E5-2695 v2 @ 2.40GHz,FloydWarshall,TWO_D,2896,2896,1,2,1,31,205.3,18.353,0.018,116232,37.695,1.811
Intel Xeon CPU E5-2695 v2 @ 2.40GHz,FloydWarshall,TWO_D,2896,2896,1,4,1,31,203.772,18.715,0.018,60931.3,42.162,1.879
Intel Xeon CPU E5-2695 v2 @ 2.40GHz,FloydWarshall,TWO_D,2896,2896,1,8,1,31,204.372,20.236,0.004,33197.1,25.962,1.851
Intel Xeon CPU E5-2695 v2 @ 2.40GHz,FloydWarshall,TWO_D,2896,2896,1,16,1,31,216.803,16.588,0.002,20999.5,25.531,1.721
Intel Xeon CPU E5-2695 v2 @ 2.40GHz,FloydWarshall,TWO_D,2896,2896,1,32,1,31,207.725,16.702,0.002,-1,-1,-1
Intel Xeon CPU E5-2695 v2 @ 2.40GHz,FloydWarshall,TWO_D,2896,2896,1,64,1,31,203.971,16.991,0.003,-1,-1,-1
Intel Xeon CPU E5-2695 v2 @ 2.40GHz,FloydWarshall,TWO_D,2896,2896,1,128,1,31,205.552,16.96,0.003,-1,-1,-1
Intel Xeon CPU E5-2695 v2 @ 2.40GHz,FloydWarshall,TWO_D,2896,2896,1,256,1,31,205.782,16.944,0.004,-1,-1,-1
Intel Xeon CPU E5-2695 v2 @ 2.40GHz,FloydWarshall,TWO_D,2896,2896,1,512,1,31,204.574,16.936,0.004,-1,-1,-1
Intel Xeon CPU E5-2695 v2 @ 2.40GHz,FloydWarshall,TWO_D,2896,2896,1,1024,1,31,204.874,16.925,0.003,-1,-1,-1
Intel Xeon CPU E5-2695 v2 @ 2.40GHz,FloydWarshall,TWO_D,2896,2896,2,1,1,31,207.58,16.885,0.003,118044,25.759,1.794
Intel Xeon CPU E5-2695 v2 @ 2.40GHz,FloydWarshall,TWO_D,2896,2896,2,2,1,31,211.015,19.946,0.003,62068.2,37.797,1.779
Intel Xeon CPU E5-2695 v2 @ 2.40GHz,FloydWarshall,TWO_D,2896,2896,2,4,1,31,202.142,17.684,0.019,34853.4,25.559,1.876
Intel Xeon CPU E5-2695 v2 @ 2.40GHz,FloydWarshall,TWO_D,2896,2896,2,8,1,31,209.542,17.264,0.003,21052.6,25.699,1.782
Intel Xeon CPU E5-2695 v2 @ 2.40GHz,FloydWarshall,TWO_D,2896,2896,2,16,1,31,211.87,19.864,0.003,12180.7,25.678,1.799
Intel Xeon CPU E5-2695 v2 @ 2.40GHz,FloydWarshall,TWO_D,2896,2896,2,32,1,31,210.789,18.513,0.003,-1,-1,-1
Intel Xeon CPU E5-2695 v2 @ 2.40GHz,FloydWarshall,TWO_D,2896,2896,2,64,1,31,207.324,21.973,0.003,-1,-1,-1
Intel Xeon CPU E5-2695 v2 @ 2.40GHz,FloydWarshall,TWO_D,2896,2896,2,128,1,31,233.133,23.008,0.003,-1,-1,-1
Intel Xeon CPU E5-2695 v2 @ 2.40GHz,FloydWarshall,TWO_D,2896,2896,2,256,1,31,211.855,34.554,0.003,-1,-1,-1
Intel Xeon CPU E5-2695 v2 @ 2.40GHz,FloydWarshall,TWO_D,2896,2896,2,512,1,31,210.108,19.177,0.002,-1,-1,-1
Intel Xeon CPU E5-2695 v2 @ 2.40GHz,FloydWarshall,TWO_D,2896,2896,4,1,1,31,215.831,17.882,0.003,60006.2,23.309,2.008
Intel Xeon CPU E5-2695 v2 @ 2.40GHz,FloydWarshall,TWO_D,2896,2896,4,2,1,31,206.326,20.048,0.003,32397.4,25.583,2.038
Intel Xeon CPU E5-2695 v2 @ 2.40GHz,FloydWarshall,TWO_D,2896,2896,4,4,1,31,210.747,16.938,0.02,18781.4,25.296,1.909
Intel Xeon CPU E5-2695 v2 @ 2.40GHz,FloydWarshall,TWO_D,2896,2896,4,8,1,31,225.619,18.114,0.002,12049.1,23.762,2.028
Intel Xeon CPU E5-2695 v2 @ 2.40GHz,FloydWarshall,TWO_D,2896,2896,4,16,1,31,211.942,18.685,0.004,9490.84,23.724,2.405
Intel Xeon CPU E5-2695 v2 @ 2.40GHz,FloydWarshall,TWO_D,2896,2896,4,32,1,31,216.935,22.393,0.003,-1,-1,-1
Intel Xeon CPU E5-2695 v2 @ 2.40GHz,FloydWarshall,TWO_D,2896,2896,4,64,1,31,207.895,20.349,0.003,-1,-1,-1
Intel Xeon CPU E5-2695 v2 @ 2.40GHz,FloydWarshall,TWO_D,2896,2896,4,128,1,31,207.219,19.835,0.003,-1,-1,-1
Intel Xeon CPU E5-2695 v2 @ 2.40GHz,FloydWarshall,TWO_D,2896,2896,4,256,1,31,207.613,20.215,0.003,-1,-1,-1
Intel Xeon CPU E5-2695 v2 @ 2.40GHz,FloydWarshall,TWO_D,2896,2896,8,1,1,31,207.546,19.782,0.003,31399.2,25.703,2.029
Intel Xeon CPU E5-2695 v2 @ 2.40GHz,FloydWarshall,TWO_D,2896,2896,8,2,1,31,210.922,22.204,0.002,17614.7,43.536,1.97
Intel Xeon CPU E5-2695 v2 @ 2.40GHz,FloydWarshall,TWO_D,2896,2896,8,4,1,31,202.508,15.719,0.002,10609,26.344,2.258
Intel Xeon CPU E5-2695 v2 @ 2.40GHz,FloydWarshall,TWO_D,2896,2896,8,8,1,31,210.915,16.979,0.003,7429.47,25.659,2.05
Intel Xeon CPU E5-2695 v2 @ 2.40GHz,FloydWarshall,TWO_D,2896,2896,8,16,1,31,209.348,17.044,0.003,5476.97,25.68,2.248
Intel Xeon CPU E5-2695 v2 @ 2.40GHz,FloydWarshall,TWO_D,2896,2896,8,32,1,31,211.052,16.97,0.003,-1,-1,-1
Intel Xeon CPU E5-2695 v2 @ 2.40GHz,FloydWarshall,TWO_D,2896,2896,8,64,1,31,204.807,21.371,0.003,-1,-1,-1
Intel Xeon CPU E5-2695 v2 @ 2.40GHz,FloydWarshall,TWO_D,2896,2896,8,128,1,31,204.742,16.798,0.003,-1,-1,-1
Intel Xeon CPU E5-2695 v2 @ 2.40GHz,FloydWarshall,TWO_D,2896,2896,16,1,1,31,204.871,20.655,0.003,17218.6,41.039,2.114
Intel Xeon CPU E5-2695 v2 @ 2.40GHz,FloydWarshall,TWO_D,2896,2896,16,2,1,31,206.335,21.783,0.004,10225,26.196,2.241
Intel Xeon CPU E5-2695 v2 @ 2.40GHz,FloydWarshall,TWO_D,2896,2896,16,4,1,31,208.578,19.024,0.003,6935.63,43.559,1.99
Intel Xeon CPU E5-2695 v2 @ 2.40GHz,FloydWarshall,TWO_D,2896,2896,16,8,1,31,202.333,17.217,0.004,5207.99,43.321,2.229
Intel Xeon CPU E5-2695 v2 @ 2.40GHz,FloydWarshall,TWO_D,2896,2896,16,16,1,31,211.119,16.518,0.002,4373.49,45.977,2.097
Intel Xeon CPU E5-2695 v2 @ 2.40GHz,FloydWarshall,TWO_D,2896,2896,16,32,1,31,208.391,17.189,0.004,-1,-1,-1
Intel Xeon CPU E5-2695 v2 @ 2.40GHz,FloydWarshall,TWO_D,2896,2896,16,64,1,31,211.345,18.32,0.004,-1,-1,-1
Intel Xeon CPU E5-2695 v2 @ 2.40GHz,FloydWarshall,TWO_D,2896,2896,32,1,1,31,211.431,21.685,0.003,-1,-1,-1
Intel Xeon CPU E5-2695 v2 @ 2.40GHz,FloydWarshall,TWO_D,2896,2896,32,2,1,31,210.316,18.787,0.004,-1,-1,-1
Intel Xeon CPU E5-2695 v2 @ 2.40GHz,FloydWarshall,TWO_D,2896,2896,32,4,1,31,205.967,20.46,0.004,-1,-1,-1
Intel Xeon CPU E5-2695 v2 @ 2.40GHz,FloydWarshall,TWO_D,2896,2896,32,8,1,31,205.586,19.704,0.005,-1,-1,-1
Intel Xeon CPU E5-2695 v2 @ 2.40GHz,FloydWarshall,TWO_D,2896,2896,32,16,1,31,205.824,19.743,0.004,-1,-1,-1
Intel Xeon CPU E5-2695 v2 @ 2.40GHz,FloydWarshall,TWO_D,2896,2896,32,32,1,31,205.762,19.683,0.005,-1,-1,-1
Intel Xeon CPU E5-2695 v2 @ 2.40GHz,FloydWarshall,TWO_D,2896,2896,64,1,1,31,206.891,19.243,0.005,-1,-1,-1
Intel Xeon CPU E5-2695 v2 @ 2.40GHz,FloydWarshall,TWO_D,2896,2896,64,2,1,31,205.432,19.724,0.004,-1,-1,-1
Intel Xeon CPU E5-2695 v2 @ 2.40GHz,FloydWarshall,TWO_D,2896,2896,64,4,1,31,205.803,19.638,0.003,-1,-1,-1
Intel Xeon CPU E5-2695 v2 @ 2.40GHz,FloydWarshall,TWO_D,2896,2896,64,8,1,31,206.644,19.893,0.002,-1,-1,-1
Intel Xeon CPU E5-2695 v2 @ 2.40GHz,FloydWarshall,TWO_D,2896,2896,64,16,1,31,205.083,19.817,0.004,-1,-1,-1
Intel Xeon CPU E5-2695 v2 @ 2.40GHz,FloydWarshall,TWO_D,2896,2896,128,1,1,31,206.061,19.644,0.004,-1,-1,-1
Intel Xeon CPU E5-2695 v2 @ 2.40GHz,FloydWarshall,TWO_D,2896,2896,128,2,1,31,206.072,19.683,0.018,-1,-1,-1
Intel Xeon CPU E5-2695 v2 @ 2.40GHz,FloydWarshall,TWO_D,2896,2896,128,4,1,31,206.091,19.776,0.02,-1,-1,-1
Intel Xeon CPU E5-2695 v2 @ 2.40GHz,FloydWarshall,TWO_D,2896,2896,128,8,1,31,205.529,19.704,0.004,-1,-1,-1
Intel Xeon CPU E5-2695 v2 @ 2.40GHz,FloydWarshall,TWO_D,2896,2896,256,1,1,31,205.959,19.684,0.004,-1,-1,-1
Intel Xeon CPU E5-2695 v2 @ 2.40GHz,FloydWarshall,TWO_D,2896,2896,256,2,1,31,206.461,19.701,0.02,-1,-1,-1
Intel Xeon CPU E5-2695 v2 @ 2.40GHz,FloydWarshall,TWO_D,2896,2896,256,4,1,31,211.784,21.694,0.019,-1,-1,-1
Intel Xeon CPU E5-2695 v2 @ 2.40GHz,FloydWarshall,TWO_D,2896,2896,512,1,1,31,210.518,22.743,0.004,-1,-1,-1
Intel Xeon CPU E5-2695 v2 @ 2.40GHz,FloydWarshall,TWO_D,2896,2896,512,2,1,31,207.69,20.293,0.005,-1,-1,-1
Intel Xeon CPU E5-2695 v2 @ 2.40GHz,FloydWarshall,TWO_D,2896,2896,1024,1,1,31,206.272,19.687,0.005,-1,-1,-1
Intel Xeon CPU E5-2695 v2 @ 2.40GHz,FloydWarshall,TWO_D,2896,2896,1,1,1,31,204.717,17.006,0.004,224999,43.369,1.642
Intel Xeon CPU E5-2695 v2 @ 2.40GHz,FloydWarshall,TWO_D,2896,2896,1,2,1,31,210.965,17.548,0.019,115271,41.861,1.666
Intel Xeon CPU E5-2695 v2 @ 2.40GHz,FloydWarshall,TWO_D,2896,2896,1,4,1,31,204.531,18.873,0.004,60656.1,25.924,1.782
Intel Xeon CPU E5-2695 v2 @ 2.40GHz,FloydWarshall,TWO_D,2896,2896,1,8,1,31,205.038,19.101,0.004,33016.9,23.292,1.651
Intel Xeon CPU E5-2695 v2 @ 2.40GHz,FloydWarshall,TWO_D,2896,2896,1,16,1,31,209.714,17.286,0.004,21685,23.05,1.563
Intel Xeon CPU E5-2695 v2 @ 2.40GHz,FloydWarshall,TWO_D,2896,2896,1,32,1,31,212.13,17.506,0.005,-1,-1,-1
Intel Xeon CPU E5-2695 v2 @ 2.40GHz,FloydWarshall,TWO_D,2896,2896,1,64,1,31,204.721,16.387,0.004,-1,-1,-1
Intel Xeon CPU E5-2695 v2 @ 2.40GHz,FloydWarshall,TWO_D,2896,2896,1,128,1,31,205.062,16.45,0.005,-1,-1,-1
Intel Xeon CPU E5-2695 v2 @ 2.40GHz,FloydWarshall,TWO_D,2896,2896,1,256,1,31,205.012,16.434,0.004,-1,-1,-1
Intel Xeon CPU E5-2695 v2 @ 2.40GHz,FloydWarshall,TWO_D,2896,2896,1,512,1,31,205.063,16.4,0.004,-1,-1,-1
Intel Xeon CPU E5-2695 v2 @ 2.40GHz,FloydWarshall,TWO_D,2896,2896,1,1024,1,31,204.642,16.481,0.006,-1,-1,-1
Intel Xeon CPU E5-2695 v2 @ 2.40GHz,FloydWarshall,TWO_D,2896,2896,2,1,1,31,205.294,16.505,0.005,117834,49.532,1.836
Intel Xeon CPU E5-2695 v2 @ 2.40GHz,FloydWarshall,TWO_D,2896,2896,2,2,1,31,210.857,16.605,0.004,61995.1,43.511,1.577
Intel Xeon CPU E5-2695 v2 @ 2.40GHz,FloydWarshall,TWO_D,2896,2896,2,4,1,31,205.048,18.601,0.002,34848.2,42.236,1.616
Intel Xeon CPU E5-2695 v2 @ 2.40GHz,FloydWarshall,TWO_D,2896,2896,2,8,1,31,203.152,25.613,0.018,20794.9,26.095,1.823
Intel Xeon CPU E5-2695 v2 @ 2.40GHz,FloydWarshall,TWO_D,2896,2896,2,16,1,31,211.161,16.99,0.003,12055.8,25.668,3.106
Intel Xeon CPU E5-2695 v2 @ 2.40GHz,FloydWarshall,TWO_D,2896,2896,2,32,1,31,207.352,17.724,0.003,-1,-1,-1
Intel Xeon CPU E5-2695 v2 @ 2.40GHz,FloydWarshall,TWO_D,2896,2896,2,64,1,31,204.145,16.464,0.003,-1,-1,-1
Intel Xeon CPU E5-2695 v2 @ 2.40GHz,FloydWarshall,TWO_D,2896,2896,2,128,1,31,204.163,16.458,0.003,-1,-1,-1
Intel Xeon CPU E5-2695 v2 @ 2.40GHz,FloydWarshall,TWO_D,2896,2896,2,256,1,31,204.131,16.509,0.003,-1,-1,-1
Intel Xeon CPU E5-2695 v2 @ 2.40GHz,FloydWarshall,TWO_D,2896,2896,2,512,1,31,204.183,16.448,0.003,-1,-1,-1
Intel Xeon CPU E5-2695 v2 @ 2.40GHz,FloydWarshall,TWO_D,2896,2896,4,1,1,31,204.272,16.503,0.003,59900.2,23.954,1.642
Intel Xeon CPU E5-2695 v2 @ 2.40GHz,FloydWarshall,TWO_D,2896,2896,4,2,1,31,216.16,16.187,0.003,32381,24.119,2.796
Intel Xeon CPU E5-2695 v2 @ 2.40GHz,FloydWarshall,TWO_D,2896,2896,4,4,1,31,214.674,16.611,0.005,18708.1,25.595,1.712
Intel Xeon CPU E5-2695 v2 @ 2.40GHz,FloydWarshall,TWO_D,2896,2896,4,8,1,31,210.773,16.926,0.003,12048,43.408,1.553
Intel Xeon CPU E5-2695 v2 @ 2.40GHz,FloydWarshall,TWO_D,2896,2896,4,16,1,31,202.014,17.585,0.004,9762.42,25.955,2.022
Intel Xeon CPU E5-2695 v2 @ 2.40GHz,FloydWarshall,TWO_D,2896,2896,4,32,1,31,230.451,17.718,0.004,-1,-1,-1
Intel Xeon CPU E5-2695 v2 @ 2.40GHz,FloydWarshall,TWO_D,2896,2896,4,64,1,31,215.165,16.961,0.004,-1,-1,-1
Intel Xeon CPU E5-2695 v2 @ 2.40GHz,FloydWarshall,TWO_D,2896,2896,4,128,1,31,204.115,16.967,0.003,-1,-1,-1
Intel Xeon CPU E5-2695 v2 @ 2.40GHz,FloydWarshall,TWO_D,2896,2896,4,256,1,31,204.098,16.961,0.003,-1,-1,-1
Intel Xeon CPU E5-2695 v2 @ 2.40GHz,FloydWarshall,TWO_D,2896,2896,8,1,1,31,204.17,16.959,0.003,31453.2,43.664,1.822
Intel Xeon CPU E5-2695 v2 @ 2.40GHz,FloydWarshall,TWO_D,2896,2896,8,2,1,31,203.591,34.927,0.017,17529.1,42.29,1.809
Intel Xeon CPU E5-2695 v2 @ 2.40GHz,FloydWarshall,TWO_D,2896,2896,8,4,1,31,201.746,15.985,0.004,10647.5,25.961,2.123
Intel Xeon CPU E5-2695 v2 @ 2.40GHz,FloydWarshall,TWO_D,2896,2896,8,8,1,31,208.773,15.976,0.003,7277.68,25.858,1.829
Intel Xeon CPU E5-2695 v2 @ 2.40GHz,FloydWarshall,TWO_D,2896,2896,8,16,1,31,214.861,16.86,0.003,5445.15,25.708,1.908
Intel Xeon CPU E5-2695 v2 @ 2.40GHz,FloydWarshall,TWO_D,2896,2896,8,32,1,31,210.495,17.224,0.004,-1,-1,-1
Intel Xeon CPU E5-2695 v2 @ 2.40GHz,FloydWarshall,TWO_D,2896,2896,8,64,1,31,205.965,19.745,0.003,-1,-1,-1
Intel Xeon CPU E5-2695 v2 @ 2.40GHz,FloydWarshall,TWO_D,2896,2896,8,128,1,31,207.444,20.157,0.004,-1,-1,-1
Intel Xeon CPU E5-2695 v2 @ 2.40GHz,FloydWarshall,TWO_D,2896,2896,16,1,1,31,207.307,20.216,0.003,17173.8,44.003,1.66
Intel Xeon CPU E5-2695 v2 @ 2.40GHz,FloydWarshall,TWO_D,2896,2896,16,2,1,31,204.3,24.259,0.002,10293,42.217,1.962
Intel Xeon CPU E5-2695 v2 @ 2.40GHz,FloydWarshall,TWO_D,2896,2896,16,4,1,31,204.433,19.6,0.019,6951.41,42.321,1.875
Intel Xeon CPU E5-2695 v2 @ 2.40GHz,FloydWarshall,TWO_D,2896,2896,16,8,1,31,202.947,21.282,0.02,5218.73,42.374,2.362
Intel Xeon CPU E5-2695 v2 @ 2.40GHz,FloydWarshall,TWO_D,2896,2896,16,16,1,31,204.352,23.034,0.004,4408.24,42.593,2.085
Intel Xeon CPU E5-2695 v2 @ 2.40GHz,FloydWarshall,TWO_D,2896,2896,16,32,1,31,205.074,31.267,0.004,-1,-1,-1
Intel Xeon CPU E5-2695 v2 @ 2.40GHz,FloydWarshall,TWO_D,2896,2896,16,64,1,31,211.3,18.668,0.019,-1,-1,-1
Intel Xeon CPU E5-2695 v2 @ 2.40GHz,FloydWarshall,TWO_D,2896,2896,32,1,1,31,208.725,25.975,0.003,-1,-1,-1
Intel Xeon CPU E5-2695 v2 @ 2.40GHz,FloydWarshall,TWO_D,2896,2896,32,2,1,31,218.802,26.851,0.002,-1,-1,-1
Intel Xeon CPU E5-2695 v2 @ 2.40GHz,FloydWarshall,TWO_D,2896,2896,32,4,1,31,221.205,26.535,0.018,-1,-1,-1
Intel Xeon CPU E5-2695 v2 @ 2.40GHz,FloydWarshall,TWO_D,2896,2896,32,8,1,31,208.312,25.39,0.018,-1,-1,-1
Intel Xeon CPU E5-2695 v2 @ 2.40GHz,FloydWarshall,TWO_D,2896,2896,32,16,1,31,208.832,20.675,0.019,-1,-1,-1
Intel Xeon CPU E5-2695 v2 @ 2.40GHz,FloydWarshall,TWO_D,2896,2896,32,32,1,31,206.248,19.909,0.018,-1,-1,-1
Intel Xeon CPU E5-2695 v2 @ 2.40GHz,FloydWarshall,TWO_D,2896,2896,64,1,1,31,206.058,19.784,0.004,-1,-1,-1
Intel Xeon CPU E5-2695 v2 @ 2.40GHz,FloydWarshall,TWO_D,2896,2896,64,2,1,31,205.51,19.609,0.004,-1,-1,-1
Intel Xeon CPU E5-2695 v2 @ 2.40GHz,FloydWarshall,TWO_D,2896,2896,64,4,1,31,206.062,19.697,0.004,-1,-1,-1
Intel Xeon CPU E5-2695 v2 @ 2.40GHz,FloydWarshall,TWO_D,2896,2896,64,8,1,31,206.191,19.984,0.019,-1,-1,-1
Intel Xeon CPU E5-2695 v2 @ 2.40GHz,FloydWarshall,TWO_D,2896,2896,64,16,1,31,206.111,19.458,0.017,-1,-1,-1
Intel Xeon CPU E5-2695 v2 @ 2.40GHz,FloydWarshall,TWO_D,2896,2896,128,1,1,31,205.947,20.019,0.004,-1,-1,-1
Intel Xeon CPU E5-2695 v2 @ 2.40GHz,FloydWarshall,TWO_D,2896,2896,128,2,1,31,206.173,19.899,0.018,-1,-1,-1
Intel Xeon CPU E5-2695 v2 @ 2.40GHz,FloydWarshall,TWO_D,2896,2896,128,4,1,31,205.724,19.544,0.004,-1,-1,-1
Intel Xeon CPU E5-2695 v2 @ 2.40GHz,FloydWarshall,TWO_D,2896,2896,128,8,1,31,205.804,19.661,0.004,-1,-1,-1
Intel Xeon CPU E5-2695 v2 @ 2.40GHz,FloydWarshall,TWO_D,2896,2896,256,1,1,31,205.939,19.624,0.018,-1,-1,-1
Intel Xeon CPU E5-2695 v2 @ 2.40GHz,FloydWarshall,TWO_D,2896,2896,256,2,1,31,206.362,19.93,0.004,-1,-1,-1
Intel Xeon CPU E5-2695 v2 @ 2.40GHz,FloydWarshall,TWO_D,2896,2896,256,4,1,31,206.627,19.564,0.017,-1,-1,-1
Intel Xeon CPU E5-2695 v2 @ 2.40GHz,FloydWarshall,TWO_D,2896,2896,512,1,1,31,205.603,19.409,0.019,-1,-1,-1
Intel Xeon CPU E5-2695 v2 @ 2.40GHz,FloydWarshall,TWO_D,2896,2896,512,2,1,31,205.67,19.675,0.018,-1,-1,-1
Intel Xeon CPU E5-2695 v2 @ 2.40GHz,FloydWarshall,TWO_D,2896,2896,1024,1,1,31,206.162,19.706,0.018,-1,-1,-1
