device/C,kernel/C,workDimension/C,width/F,height/F,xLocal/I,yLocal/I,zLocal/I,MB/F,init/F,memoryCopyOut/F,plan/F,execute/F,memoryCopyIn/F,cleanUp/F
Intel Xeon CPU E5-2695 v2 @ 2.40GHz,MatrixTranspose,TWO_D,1619,1619,1,1,1,9,51.473,6.831,0.004,28.926,3.567,0.168
Intel Xeon CPU E5-2695 v2 @ 2.40GHz,MatrixTranspose,TWO_D,1619,1619,1,2,1,9,51.584,5.516,0.019,-1,-1,-1
Intel Xeon CPU E5-2695 v2 @ 2.40GHz,MatrixTranspose,TWO_D,1619,1619,1,4,1,9,59.17,7.099,0.003,-1,-1,-1
Intel Xeon CPU E5-2695 v2 @ 2.40GHz,MatrixTranspose,TWO_D,1619,1619,1,8,1,9,62.75,4.819,0.003,-1,-1,-1
Intel Xeon CPU E5-2695 v2 @ 2.40GHz,MatrixTranspose,TWO_D,1619,1619,1,16,1,9,55.139,3.222,0.003,-1,-1,-1
Intel Xeon CPU E5-2695 v2 @ 2.40GHz,MatrixTranspose,TWO_D,1619,1619,1,32,1,9,54.279,3.129,0.003,-1,-1,-1
Intel Xeon CPU E5-2695 v2 @ 2.40GHz,MatrixTranspose,TWO_D,1619,1619,1,64,1,9,54.624,3.265,0.003,-1,-1,-1
Intel Xeon CPU E5-2695 v2 @ 2.40GHz,MatrixTranspose,TWO_D,1619,1619,1,128,1,9,54.629,5.046,0.004,-1,-1,-1
Intel Xeon CPU E5-2695 v2 @ 2.40GHz,MatrixTranspose,TWO_D,1619,1619,1,256,1,9,57.977,3.224,0.003,-1,-1,-1
Intel Xeon CPU E5-2695 v2 @ 2.40GHz,MatrixTranspose,TWO_D,1619,1619,1,512,1,9,53.851,3.096,0.004,-1,-1,-1
Intel Xeon CPU E5-2695 v2 @ 2.40GHz,MatrixTranspose,TWO_D,1619,1619,1,1024,1,9,53.85,3.78,0.003,-1,-1,-1
Intel Xeon CPU E5-2695 v2 @ 2.40GHz,MatrixTranspose,TWO_D,1619,1619,2,1,1,9,54.343,3.102,0.003,-1,-1,-1
Intel Xeon CPU E5-2695 v2 @ 2.40GHz,MatrixTranspose,TWO_D,1619,1619,2,2,1,9,53.853,3.228,0.004,-1,-1,-1
Intel Xeon CPU E5-2695 v2 @ 2.40GHz,MatrixTranspose,TWO_D,1619,1619,2,4,1,9,53.703,3.671,0.004,-1,-1,-1
Intel Xeon CPU E5-2695 v2 @ 2.40GHz,MatrixTranspose,TWO_D,1619,1619,2,8,1,9,54.032,3.237,0.003,-1,-1,-1
Intel Xeon CPU E5-2695 v2 @ 2.40GHz,MatrixTranspose,TWO_D,1619,1619,2,16,1,9,53.742,3.668,0.003,-1,-1,-1
Intel Xeon CPU E5-2695 v2 @ 2.40GHz,MatrixTranspose,TWO_D,1619,1619,2,32,1,9,53.852,3.228,0.003,-1,-1,-1
Intel Xeon CPU E5-2695 v2 @ 2.40GHz,MatrixTranspose,TWO_D,1619,1619,2,64,1,9,53.85,3.669,0.004,-1,-1,-1
Intel Xeon CPU E5-2695 v2 @ 2.40GHz,MatrixTranspose,TWO_D,1619,1619,2,128,1,9,54.32,3.223,0.004,-1,-1,-1
Intel Xeon CPU E5-2695 v2 @ 2.40GHz,MatrixTranspose,TWO_D,1619,1619,2,256,1,9,53.913,3.099,0.004,-1,-1,-1
Intel Xeon CPU E5-2695 v2 @ 2.40GHz,MatrixTranspose,TWO_D,1619,1619,2,512,1,9,53.866,3.22,0.003,-1,-1,-1
Intel Xeon CPU E5-2695 v2 @ 2.40GHz,MatrixTranspose,TWO_D,1619,1619,4,1,1,9,54.393,3.098,0.003,-1,-1,-1
Intel Xeon CPU E5-2695 v2 @ 2.40GHz,MatrixTranspose,TWO_D,1619,1619,4,2,1,9,54.088,3.231,0.003,-1,-1,-1
Intel Xeon CPU E5-2695 v2 @ 2.40GHz,MatrixTranspose,TWO_D,1619,1619,4,4,1,9,53.856,3.675,0.003,-1,-1,-1
Intel Xeon CPU E5-2695 v2 @ 2.40GHz,MatrixTranspose,TWO_D,1619,1619,4,8,1,9,54.507,3.226,0.002,-1,-1,-1
Intel Xeon CPU E5-2695 v2 @ 2.40GHz,MatrixTranspose,TWO_D,1619,1619,4,16,1,9,53.919,3.088,0.003,-1,-1,-1
Intel Xeon CPU E5-2695 v2 @ 2.40GHz,MatrixTranspose,TWO_D,1619,1619,4,32,1,9,53.901,3.227,0.003,-1,-1,-1
Intel Xeon CPU E5-2695 v2 @ 2.40GHz,MatrixTranspose,TWO_D,1619,1619,4,64,1,9,53.876,3.098,0.004,-1,-1,-1
Intel Xeon CPU E5-2695 v2 @ 2.40GHz,MatrixTranspose,TWO_D,1619,1619,4,128,1,9,54.459,3.227,0.003,-1,-1,-1
Intel Xeon CPU E5-2695 v2 @ 2.40GHz,MatrixTranspose,TWO_D,1619,1619,4,256,1,9,54.073,3.091,0.003,-1,-1,-1
Intel Xeon CPU E5-2695 v2 @ 2.40GHz,MatrixTranspose,TWO_D,1619,1619,8,1,1,9,53.799,3.782,0.003,-1,-1,-1
Intel Xeon CPU E5-2695 v2 @ 2.40GHz,MatrixTranspose,TWO_D,1619,1619,8,2,1,9,53.873,3.094,0.004,-1,-1,-1
Intel Xeon CPU E5-2695 v2 @ 2.40GHz,MatrixTranspose,TWO_D,1619,1619,8,4,1,9,53.876,3.788,0.003,-1,-1,-1
Intel Xeon CPU E5-2695 v2 @ 2.40GHz,MatrixTranspose,TWO_D,1619,1619,8,8,1,9,53.8,3.098,0.004,-1,-1,-1
Intel Xeon CPU E5-2695 v2 @ 2.40GHz,MatrixTranspose,TWO_D,1619,1619,8,16,1,9,54.529,3.225,0.004,-1,-1,-1
Intel Xeon CPU E5-2695 v2 @ 2.40GHz,MatrixTranspose,TWO_D,1619,1619,8,32,1,9,53.949,3.096,0.004,-1,-1,-1
Intel Xeon CPU E5-2695 v2 @ 2.40GHz,MatrixTranspose,TWO_D,1619,1619,8,64,1,9,53.916,3.747,0.003,-1,-1,-1
Intel Xeon CPU E5-2695 v2 @ 2.40GHz,MatrixTranspose,TWO_D,1619,1619,8,128,1,9,53.993,3.093,0.017,-1,-1,-1
Intel Xeon CPU E5-2695 v2 @ 2.40GHz,MatrixTranspose,TWO_D,1619,1619,16,1,1,9,53.958,3.235,0.003,-1,-1,-1
Intel Xeon CPU E5-2695 v2 @ 2.40GHz,MatrixTranspose,TWO_D,1619,1619,16,2,1,9,54.476,3.104,0.003,-1,-1,-1
Intel Xeon CPU E5-2695 v2 @ 2.40GHz,MatrixTranspose,TWO_D,1619,1619,16,4,1,9,54.009,3.543,0.003,-1,-1,-1
Intel Xeon CPU E5-2695 v2 @ 2.40GHz,MatrixTranspose,TWO_D,1619,1619,16,8,1,9,54.417,3.105,0.004,-1,-1,-1
Intel Xeon CPU E5-2695 v2 @ 2.40GHz,MatrixTranspose,TWO_D,1619,1619,16,16,1,9,53.975,3.223,0.002,-1,-1,-1
Intel Xeon CPU E5-2695 v2 @ 2.40GHz,MatrixTranspose,TWO_D,1619,1619,16,32,1,9,53.866,3.088,0.004,-1,-1,-1
Intel Xeon CPU E5-2695 v2 @ 2.40GHz,MatrixTranspose,TWO_D,1619,1619,16,64,1,9,53.983,3.229,0.004,-1,-1,-1
Intel Xeon CPU E5-2695 v2 @ 2.40GHz,MatrixTranspose,TWO_D,1619,1619,32,1,1,9,53.866,3.106,0.003,-1,-1,-1
Intel Xeon CPU E5-2695 v2 @ 2.40GHz,MatrixTranspose,TWO_D,1619,1619,32,2,1,9,54.186,3.217,0.003,-1,-1,-1
Intel Xeon CPU E5-2695 v2 @ 2.40GHz,MatrixTranspose,TWO_D,1619,1619,32,4,1,9,54.306,3.09,0.003,-1,-1,-1
Intel Xeon CPU E5-2695 v2 @ 2.40GHz,MatrixTranspose,TWO_D,1619,1619,32,8,1,9,53.913,3.757,0.003,-1,-1,-1
Intel Xeon CPU E5-2695 v2 @ 2.40GHz,MatrixTranspose,TWO_D,1619,1619,32,16,1,9,54.118,3.099,0.003,-1,-1,-1
Intel Xeon CPU E5-2695 v2 @ 2.40GHz,MatrixTranspose,TWO_D,1619,1619,32,32,1,9,54.02,3.219,0.003,-1,-1,-1
Intel Xeon CPU E5-2695 v2 @ 2.40GHz,MatrixTranspose,TWO_D,1619,1619,64,1,1,9,53.921,3.091,0.004,-1,-1,-1
Intel Xeon CPU E5-2695 v2 @ 2.40GHz,MatrixTranspose,TWO_D,1619,1619,64,2,1,9,54.429,3.227,0.003,-1,-1,-1
Intel Xeon CPU E5-2695 v2 @ 2.40GHz,MatrixTranspose,TWO_D,1619,1619,64,4,1,9,53.796,3.099,0.002,-1,-1,-1
Intel Xeon CPU E5-2695 v2 @ 2.40GHz,MatrixTranspose,TWO_D,1619,1619,64,8,1,9,54.304,3.224,0.004,-1,-1,-1
Intel Xeon CPU E5-2695 v2 @ 2.40GHz,MatrixTranspose,TWO_D,1619,1619,64,16,1,9,53.907,3.676,0.003,-1,-1,-1
Intel Xeon CPU E5-2695 v2 @ 2.40GHz,MatrixTranspose,TWO_D,1619,1619,128,1,1,9,54.429,3.222,0.003,-1,-1,-1
Intel Xeon CPU E5-2695 v2 @ 2.40GHz,MatrixTranspose,TWO_D,1619,1619,128,2,1,9,54.135,3.102,0.002,-1,-1,-1
Intel Xeon CPU E5-2695 v2 @ 2.40GHz,MatrixTranspose,TWO_D,1619,1619,128,4,1,9,53.634,3.224,0.003,-1,-1,-1
Intel Xeon CPU E5-2695 v2 @ 2.40GHz,MatrixTranspose,TWO_D,1619,1619,128,8,1,9,53.894,3.63,0.003,-1,-1,-1
Intel Xeon CPU E5-2695 v2 @ 2.40GHz,MatrixTranspose,TWO_D,1619,1619,256,1,1,9,54.133,3.229,0.003,-1,-1,-1
Intel Xeon CPU E5-2695 v2 @ 2.40GHz,MatrixTranspose,TWO_D,1619,1619,256,2,1,9,53.914,3.101,0.003,-1,-1,-1
Intel Xeon CPU E5-2695 v2 @ 2.40GHz,MatrixTranspose,TWO_D,1619,1619,256,4,1,9,53.784,3.779,0.003,-1,-1,-1
Intel Xeon CPU E5-2695 v2 @ 2.40GHz,MatrixTranspose,TWO_D,1619,1619,512,1,1,9,53.841,3.091,0.003,-1,-1,-1
Intel Xeon CPU E5-2695 v2 @ 2.40GHz,MatrixTranspose,TWO_D,1619,1619,512,2,1,9,54.356,3.217,0.003,-1,-1,-1
Intel Xeon CPU E5-2695 v2 @ 2.40GHz,MatrixTranspose,TWO_D,1619,1619,1024,1,1,9,53.705,3.678,0.003,-1,-1,-1
Intel Xeon CPU E5-2695 v2 @ 2.40GHz,MatrixTranspose,TWO_D,1619,1619,1,1,1,9,56.207,6.991,0.004,31.876,4.457,0.278
Intel Xeon CPU E5-2695 v2 @ 2.40GHz,MatrixTranspose,TWO_D,1619,1619,1,2,1,9,66.37,7.94,0.018,-1,-1,-1
Intel Xeon CPU E5-2695 v2 @ 2.40GHz,MatrixTranspose,TWO_D,1619,1619,1,4,1,9,66.48,7.499,0.018,-1,-1,-1
Intel Xeon CPU E5-2695 v2 @ 2.40GHz,MatrixTranspose,TWO_D,1619,1619,1,8,1,9,67.377,7.684,0.003,-1,-1,-1
Intel Xeon CPU E5-2695 v2 @ 2.40GHz,MatrixTranspose,TWO_D,1619,1619,1,16,1,9,67.002,7.953,0.003,-1,-1,-1
Intel Xeon CPU E5-2695 v2 @ 2.40GHz,MatrixTranspose,TWO_D,1619,1619,1,32,1,9,66.924,7.878,0.002,-1,-1,-1
Intel Xeon CPU E5-2695 v2 @ 2.40GHz,MatrixTranspose,TWO_D,1619,1619,1,64,1,9,66.845,8.04,0.018,-1,-1,-1
Intel Xeon CPU E5-2695 v2 @ 2.40GHz,MatrixTranspose,TWO_D,1619,1619,1,128,1,9,66.774,8.228,0.004,-1,-1,-1
Intel Xeon CPU E5-2695 v2 @ 2.40GHz,MatrixTranspose,TWO_D,1619,1619,1,256,1,9,69.152,7.887,0.003,-1,-1,-1
Intel Xeon CPU E5-2695 v2 @ 2.40GHz,MatrixTranspose,TWO_D,1619,1619,1,512,1,9,66.926,8.031,0.017,-1,-1,-1
Intel Xeon CPU E5-2695 v2 @ 2.40GHz,MatrixTranspose,TWO_D,1619,1619,1,1024,1,9,66.713,8.238,0.018,-1,-1,-1
Intel Xeon CPU E5-2695 v2 @ 2.40GHz,MatrixTranspose,TWO_D,1619,1619,2,1,1,9,66.825,8.478,0.018,-1,-1,-1
Intel Xeon CPU E5-2695 v2 @ 2.40GHz,MatrixTranspose,TWO_D,1619,1619,2,2,1,9,66.766,8.343,0.003,-1,-1,-1
Intel Xeon CPU E5-2695 v2 @ 2.40GHz,MatrixTranspose,TWO_D,1619,1619,2,4,1,9,74.74,8.282,0.017,-1,-1,-1
Intel Xeon CPU E5-2695 v2 @ 2.40GHz,MatrixTranspose,TWO_D,1619,1619,2,8,1,9,70.049,8.324,0.004,-1,-1,-1
Intel Xeon CPU E5-2695 v2 @ 2.40GHz,MatrixTranspose,TWO_D,1619,1619,2,16,1,9,68.778,7.842,0.018,-1,-1,-1
Intel Xeon CPU E5-2695 v2 @ 2.40GHz,MatrixTranspose,TWO_D,1619,1619,2,32,1,9,68.255,7.906,0.018,-1,-1,-1
Intel Xeon CPU E5-2695 v2 @ 2.40GHz,MatrixTranspose,TWO_D,1619,1619,2,64,1,9,67.822,7.924,0.003,-1,-1,-1
Intel Xeon CPU E5-2695 v2 @ 2.40GHz,MatrixTranspose,TWO_D,1619,1619,2,128,1,9,72.904,8.271,0.017,-1,-1,-1
Intel Xeon CPU E5-2695 v2 @ 2.40GHz,MatrixTranspose,TWO_D,1619,1619,2,256,1,9,69.672,8.021,0.003,-1,-1,-1
Intel Xeon CPU E5-2695 v2 @ 2.40GHz,MatrixTranspose,TWO_D,1619,1619,2,512,1,9,68.8,7.863,0.003,-1,-1,-1
Intel Xeon CPU E5-2695 v2 @ 2.40GHz,MatrixTranspose,TWO_D,1619,1619,4,1,1,9,68.351,7.921,0.019,-1,-1,-1
Intel Xeon CPU E5-2695 v2 @ 2.40GHz,MatrixTranspose,TWO_D,1619,1619,4,2,1,9,60.181,6.92,0.003,-1,-1,-1
Intel Xeon CPU E5-2695 v2 @ 2.40GHz,MatrixTranspose,TWO_D,1619,1619,4,4,1,9,51.764,8.021,0.003,-1,-1,-1
Intel Xeon CPU E5-2695 v2 @ 2.40GHz,MatrixTranspose,TWO_D,1619,1619,4,8,1,9,54.978,6.613,0.004,-1,-1,-1
Intel Xeon CPU E5-2695 v2 @ 2.40GHz,MatrixTranspose,TWO_D,1619,1619,4,16,1,9,56.198,7.428,0.003,-1,-1,-1
Intel Xeon CPU E5-2695 v2 @ 2.40GHz,MatrixTranspose,TWO_D,1619,1619,4,32,1,9,52.6,8.212,0.003,-1,-1,-1
Intel Xeon CPU E5-2695 v2 @ 2.40GHz,MatrixTranspose,TWO_D,1619,1619,4,64,1,9,55.113,6.622,0.003,-1,-1,-1
Intel Xeon CPU E5-2695 v2 @ 2.40GHz,MatrixTranspose,TWO_D,1619,1619,4,128,1,9,56.362,7.417,0.003,-1,-1,-1
Intel Xeon CPU E5-2695 v2 @ 2.40GHz,MatrixTranspose,TWO_D,1619,1619,4,256,1,9,52.408,8.16,0.003,-1,-1,-1
Intel Xeon CPU E5-2695 v2 @ 2.40GHz,MatrixTranspose,TWO_D,1619,1619,8,1,1,9,54.462,6.863,0.003,-1,-1,-1
Intel Xeon CPU E5-2695 v2 @ 2.40GHz,MatrixTranspose,TWO_D,1619,1619,8,2,1,9,51.791,8.079,0.003,-1,-1,-1
Intel Xeon CPU E5-2695 v2 @ 2.40GHz,MatrixTranspose,TWO_D,1619,1619,8,4,1,9,55.077,6.611,0.003,-1,-1,-1
Intel Xeon CPU E5-2695 v2 @ 2.40GHz,MatrixTranspose,TWO_D,1619,1619,8,8,1,9,56.249,7.45,0.003,-1,-1,-1
Intel Xeon CPU E5-2695 v2 @ 2.40GHz,MatrixTranspose,TWO_D,1619,1619,8,16,1,9,52.472,7.954,0.003,-1,-1,-1
Intel Xeon CPU E5-2695 v2 @ 2.40GHz,MatrixTranspose,TWO_D,1619,1619,8,32,1,9,55.08,6.592,0.004,-1,-1,-1
Intel Xeon CPU E5-2695 v2 @ 2.40GHz,MatrixTranspose,TWO_D,1619,1619,8,64,1,9,57.603,7.189,0.003,-1,-1,-1
Intel Xeon CPU E5-2695 v2 @ 2.40GHz,MatrixTranspose,TWO_D,1619,1619,8,128,1,9,51.783,7.988,0.003,-1,-1,-1
Intel Xeon CPU E5-2695 v2 @ 2.40GHz,MatrixTranspose,TWO_D,1619,1619,16,1,1,9,54.963,6.597,0.003,-1,-1,-1
Intel Xeon CPU E5-2695 v2 @ 2.40GHz,MatrixTranspose,TWO_D,1619,1619,16,2,1,9,56.209,7.426,0.003,-1,-1,-1
Intel Xeon CPU E5-2695 v2 @ 2.40GHz,MatrixTranspose,TWO_D,1619,1619,16,4,1,9,52.388,8.061,0.003,-1,-1,-1
Intel Xeon CPU E5-2695 v2 @ 2.40GHz,MatrixTranspose,TWO_D,1619,1619,16,8,1,9,55.236,6.628,0.003,-1,-1,-1
Intel Xeon CPU E5-2695 v2 @ 2.40GHz,MatrixTranspose,TWO_D,1619,1619,16,16,1,9,56.483,7.594,0.003,-1,-1,-1
Intel Xeon CPU E5-2695 v2 @ 2.40GHz,MatrixTranspose,TWO_D,1619,1619,16,32,1,9,52.928,8.038,0.004,-1,-1,-1
Intel Xeon CPU E5-2695 v2 @ 2.40GHz,MatrixTranspose,TWO_D,1619,1619,16,64,1,9,55.074,6.596,0.003,-1,-1,-1
Intel Xeon CPU E5-2695 v2 @ 2.40GHz,MatrixTranspose,TWO_D,1619,1619,32,1,1,9,56.312,7.409,0.003,-1,-1,-1
Intel Xeon CPU E5-2695 v2 @ 2.40GHz,MatrixTranspose,TWO_D,1619,1619,32,2,1,9,52.447,8.207,0.003,-1,-1,-1
Intel Xeon CPU E5-2695 v2 @ 2.40GHz,MatrixTranspose,TWO_D,1619,1619,32,4,1,9,54.983,6.604,0.003,-1,-1,-1
Intel Xeon CPU E5-2695 v2 @ 2.40GHz,MatrixTranspose,TWO_D,1619,1619,32,8,1,9,56.122,7.424,0.003,-1,-1,-1
Intel Xeon CPU E5-2695 v2 @ 2.40GHz,MatrixTranspose,TWO_D,1619,1619,32,16,1,9,53.012,7.976,0.003,-1,-1,-1
Intel Xeon CPU E5-2695 v2 @ 2.40GHz,MatrixTranspose,TWO_D,1619,1619,32,32,1,9,55.072,6.602,0.003,-1,-1,-1
Intel Xeon CPU E5-2695 v2 @ 2.40GHz,MatrixTranspose,TWO_D,1619,1619,64,1,1,9,57.559,7.203,0.003,-1,-1,-1
Intel Xeon CPU E5-2695 v2 @ 2.40GHz,MatrixTranspose,TWO_D,1619,1619,64,2,1,9,51.741,7.954,0.004,-1,-1,-1
Intel Xeon CPU E5-2695 v2 @ 2.40GHz,MatrixTranspose,TWO_D,1619,1619,64,4,1,9,54.945,6.594,0.003,-1,-1,-1
Intel Xeon CPU E5-2695 v2 @ 2.40GHz,MatrixTranspose,TWO_D,1619,1619,64,8,1,9,56.3,7.426,0.003,-1,-1,-1
Intel Xeon CPU E5-2695 v2 @ 2.40GHz,MatrixTranspose,TWO_D,1619,1619,64,16,1,9,52.311,8.038,0.003,-1,-1,-1
Intel Xeon CPU E5-2695 v2 @ 2.40GHz,MatrixTranspose,TWO_D,1619,1619,128,1,1,9,55.148,6.862,0.003,-1,-1,-1
Intel Xeon CPU E5-2695 v2 @ 2.40GHz,MatrixTranspose,TWO_D,1619,1619,128,2,1,9,56.478,7.432,0.003,-1,-1,-1
Intel Xeon CPU E5-2695 v2 @ 2.40GHz,MatrixTranspose,TWO_D,1619,1619,128,4,1,9,52.488,8.216,0.003,-1,-1,-1
Intel Xeon CPU E5-2695 v2 @ 2.40GHz,MatrixTranspose,TWO_D,1619,1619,128,8,1,9,54.38,6.885,0.003,-1,-1,-1
Intel Xeon CPU E5-2695 v2 @ 2.40GHz,MatrixTranspose,TWO_D,1619,1619,256,1,1,9,51.673,8.062,0.003,-1,-1,-1
Intel Xeon CPU E5-2695 v2 @ 2.40GHz,MatrixTranspose,TWO_D,1619,1619,256,2,1,9,54.97,6.613,0.003,-1,-1,-1
Intel Xeon CPU E5-2695 v2 @ 2.40GHz,MatrixTranspose,TWO_D,1619,1619,256,4,1,9,56.269,7.411,0.003,-1,-1,-1
Intel Xeon CPU E5-2695 v2 @ 2.40GHz,MatrixTranspose,TWO_D,1619,1619,512,1,1,9,52.279,8.09,0.003,-1,-1,-1
Intel Xeon CPU E5-2695 v2 @ 2.40GHz,MatrixTranspose,TWO_D,1619,1619,512,2,1,9,54.716,6.834,0.003,-1,-1,-1
Intel Xeon CPU E5-2695 v2 @ 2.40GHz,MatrixTranspose,TWO_D,1619,1619,1024,1,1,9,51.845,8.158,0.004,-1,-1,-1
