device/C,kernel/C,workDimension/C,length/F,xLocal/I,yLocal/I,zLocal/I,MB/F,init/F,memoryCopyOut/F,plan/F,execute/F,memoryCopyIn/F,cleanUp/F
Tesla K20Xm,Reduction,ONE_D,2.3593e+06,1,1,1,36,190.39,39.385,0.002,6.213,22.02,0.211
Tesla K20Xm,Reduction,ONE_D,2.3593e+06,2,1,1,36,188.221,39.601,0.002,3.982,11.37,0.193
Tesla K20Xm,Reduction,ONE_D,2.3593e+06,4,1,1,36,187.251,39.405,0.002,2.536,6.067,0.173
Tesla K20Xm,Reduction,ONE_D,2.3593e+06,8,1,1,36,187.038,39.457,0.002,1.708,3.277,0.164
Tesla K20Xm,Reduction,ONE_D,2.3593e+06,16,1,1,36,186.007,39.505,0.003,1.217,2.041,0.161
Tesla K20Xm,Reduction,ONE_D,2.3593e+06,32,1,1,36,185.514,39.435,0.003,0.815,1.686,0.135
Tesla K20Xm,Reduction,ONE_D,2.3593e+06,64,1,1,36,185.576,39.443,0.003,0.71,1.6,0.134
Tesla K20Xm,Reduction,ONE_D,2.3593e+06,128,1,1,36,185.634,39.883,0.003,0.651,1.376,0.154
Tesla K20Xm,Reduction,ONE_D,2.3593e+06,256,1,1,36,189.256,39.642,0.003,0.663,1.215,0.124
Tesla K20Xm,Reduction,ONE_D,2.3593e+06,512,1,1,36,185.534,39.51,0.003,0.715,1.187,0.134
Tesla K20Xm,Reduction,ONE_D,2.3593e+06,1024,1,1,36,185.178,39.436,0.003,0.833,1.218,0.137
Tesla K20Xm,Reduction,ONE_D,2.3593e+06,1,1,1,36,190.704,40.032,0.002,6.211,22.334,0.218
Tesla K20Xm,Reduction,ONE_D,2.3593e+06,2,1,1,36,188.88,39.623,0.003,4.002,11.426,0.206
Tesla K20Xm,Reduction,ONE_D,2.3593e+06,4,1,1,36,186.987,39.595,0.002,2.558,6.121,0.175
Tesla K20Xm,Reduction,ONE_D,2.3593e+06,8,1,1,36,186.171,39.5,0.003,1.744,3.332,0.163
Tesla K20Xm,Reduction,ONE_D,2.3593e+06,16,1,1,36,185.762,39.711,0.002,1.218,1.947,0.167
Tesla K20Xm,Reduction,ONE_D,2.3593e+06,32,1,1,36,185.836,39.602,0.002,0.766,1.521,0.134
Tesla K20Xm,Reduction,ONE_D,2.3593e+06,64,1,1,36,185.226,39.653,0.003,0.659,1.371,0.135
Tesla K20Xm,Reduction,ONE_D,2.3593e+06,128,1,1,36,185.812,39.666,0.002,0.648,1.267,0.136
Tesla K20Xm,Reduction,ONE_D,2.3593e+06,256,1,1,36,186.02,39.651,0.003,0.724,1.302,0.133
Tesla K20Xm,Reduction,ONE_D,2.3593e+06,512,1,1,36,186.867,39.686,0.002,0.764,1.37,0.127
Tesla K20Xm,Reduction,ONE_D,2.3593e+06,1024,1,1,36,185.2,39.638,0.003,0.821,1.139,0.135
Tesla K20Xm,Reduction,ONE_D,2.3593e+06,1,1,1,36,190.259,39.629,0.002,6.195,22.2,0.202
Tesla K20Xm,Reduction,ONE_D,2.3593e+06,2,1,1,36,188.308,39.849,0.002,3.984,11.378,0.196
Tesla K20Xm,Reduction,ONE_D,2.3593e+06,4,1,1,36,188.739,39.742,0.002,2.565,6.126,0.171
Tesla K20Xm,Reduction,ONE_D,2.3593e+06,8,1,1,36,186.553,39.776,0.002,1.695,3.269,0.161
Tesla K20Xm,Reduction,ONE_D,2.3593e+06,16,1,1,36,185.477,39.706,0.003,1.193,1.93,0.16
Tesla K20Xm,Reduction,ONE_D,2.3593e+06,32,1,1,36,185.579,39.858,0.003,0.75,1.537,0.134
Tesla K20Xm,Reduction,ONE_D,2.3593e+06,64,1,1,36,185.701,39.844,0.003,0.638,1.549,0.133
Tesla K20Xm,Reduction,ONE_D,2.3593e+06,128,1,1,36,185.604,39.807,0.002,0.699,1.367,0.133
Tesla K20Xm,Reduction,ONE_D,2.3593e+06,256,1,1,36,185.347,39.914,0.002,0.707,1.37,0.129
Tesla K20Xm,Reduction,ONE_D,2.3593e+06,512,1,1,36,185.392,39.809,0.003,0.716,1.193,0.139
Tesla K20Xm,Reduction,ONE_D,2.3593e+06,1024,1,1,36,185.917,40.195,0.002,0.819,1.192,0.134
Tesla K20Xm,Reduction,ONE_D,2.3593e+06,1,1,1,36,190.272,39.525,0.002,6.28,21.959,0.205
Tesla K20Xm,Reduction,ONE_D,2.3593e+06,2,1,1,36,188.692,39.544,0.003,4.061,11.497,0.204
Tesla K20Xm,Reduction,ONE_D,2.3593e+06,4,1,1,36,186.975,39.45,0.002,2.615,5.91,0.164
Tesla K20Xm,Reduction,ONE_D,2.3593e+06,8,1,1,36,187.237,39.75,0.002,1.713,3.361,0.172
Tesla K20Xm,Reduction,ONE_D,2.3593e+06,16,1,1,36,186.063,39.437,0.002,1.27,1.944,0.196
Tesla K20Xm,Reduction,ONE_D,2.3593e+06,32,1,1,36,185.402,39.634,0.003,0.762,1.541,0.131
Tesla K20Xm,Reduction,ONE_D,2.3593e+06,64,1,1,36,185.774,39.418,0.003,0.657,1.346,0.141
Tesla K20Xm,Reduction,ONE_D,2.3593e+06,128,1,1,36,185.808,39.507,0.002,0.631,1.243,0.135
Tesla K20Xm,Reduction,ONE_D,2.3593e+06,256,1,1,36,185.762,39.487,0.003,0.663,1.21,0.135
Tesla K20Xm,Reduction,ONE_D,2.3593e+06,512,1,1,36,185.128,39.628,0.003,0.739,1.177,0.132
Tesla K20Xm,Reduction,ONE_D,2.3593e+06,1024,1,1,36,185.66,39.382,0.003,0.815,1.283,0.136
Tesla K20Xm,Reduction,ONE_D,2.3593e+06,1,1,1,36,190.39,39.564,0.003,6.192,21.873,0.201
Tesla K20Xm,Reduction,ONE_D,2.3593e+06,2,1,1,36,188.631,39.672,0.003,4.01,11.437,0.193
Tesla K20Xm,Reduction,ONE_D,2.3593e+06,4,1,1,36,187.141,39.547,0.002,2.611,5.99,0.162
Tesla K20Xm,Reduction,ONE_D,2.3593e+06,8,1,1,36,186.631,39.455,0.002,1.69,3.259,0.163
Tesla K20Xm,Reduction,ONE_D,2.3593e+06,16,1,1,36,185.836,39.537,0.002,1.218,2.012,0.168
Tesla K20Xm,Reduction,ONE_D,2.3593e+06,32,1,1,36,187.388,39.538,0.002,0.883,1.511,0.133
Tesla K20Xm,Reduction,ONE_D,2.3593e+06,64,1,1,36,185.567,39.515,0.003,0.659,1.345,0.134
Tesla K20Xm,Reduction,ONE_D,2.3593e+06,128,1,1,36,185.612,39.465,0.003,0.654,1.266,0.135
Tesla K20Xm,Reduction,ONE_D,2.3593e+06,256,1,1,36,185.628,39.534,0.002,0.662,1.184,0.138
Tesla K20Xm,Reduction,ONE_D,2.3593e+06,512,1,1,36,185.812,39.672,0.002,0.742,1.169,0.132
Tesla K20Xm,Reduction,ONE_D,2.3593e+06,1024,1,1,36,185.57,39.498,0.002,0.82,1.148,0.134
Tesla K20Xm,Reduction,ONE_D,2.3593e+06,1,1,1,36,190.47,39.364,0.002,6.273,21.955,0.201
Tesla K20Xm,Reduction,ONE_D,2.3593e+06,2,1,1,36,188.32,39.415,0.002,4.038,11.399,0.199
Tesla K20Xm,Reduction,ONE_D,2.3593e+06,4,1,1,36,187.475,39.633,0.002,2.579,5.918,0.175
Tesla K20Xm,Reduction,ONE_D,2.3593e+06,8,1,1,36,186.75,39.314,0.003,1.69,3.367,0.169
Tesla K20Xm,Reduction,ONE_D,2.3593e+06,16,1,1,36,185.768,39.329,0.002,1.265,1.984,0.161
Tesla K20Xm,Reduction,ONE_D,2.3593e+06,32,1,1,36,185.793,39.535,0.002,0.771,1.507,0.13
Tesla K20Xm,Reduction,ONE_D,2.3593e+06,64,1,1,36,185.644,39.453,0.002,0.638,1.325,0.127
Tesla K20Xm,Reduction,ONE_D,2.3593e+06,128,1,1,36,187.096,39.45,0.003,0.629,1.228,0.132
Tesla K20Xm,Reduction,ONE_D,2.3593e+06,256,1,1,36,185.565,39.43,0.003,0.663,1.17,0.128
Tesla K20Xm,Reduction,ONE_D,2.3593e+06,512,1,1,36,185.51,39.596,0.002,0.719,1.192,0.126
Tesla K20Xm,Reduction,ONE_D,2.3593e+06,1024,1,1,36,185.613,39.293,0.002,0.843,1.272,0.129
Tesla K20Xm,Reduction,ONE_D,2.3593e+06,1,1,1,36,190.624,39.321,0.003,6.259,22.011,0.197
Tesla K20Xm,Reduction,ONE_D,2.3593e+06,2,1,1,36,190.219,39.412,0.002,4.053,11.433,0.2
Tesla K20Xm,Reduction,ONE_D,2.3593e+06,4,1,1,36,187.122,39.278,0.002,2.601,5.953,0.161
Tesla K20Xm,Reduction,ONE_D,2.3593e+06,8,1,1,36,186.3,39.289,0.002,1.692,3.389,0.165
Tesla K20Xm,Reduction,ONE_D,2.3593e+06,16,1,1,36,185.739,39.34,0.002,1.226,2.162,0.156
Tesla K20Xm,Reduction,ONE_D,2.3593e+06,32,1,1,36,188.195,39.979,0.002,0.764,1.509,0.126
Tesla K20Xm,Reduction,ONE_D,2.3593e+06,64,1,1,36,185.574,39.24,0.002,0.635,1.362,0.124
Tesla K20Xm,Reduction,ONE_D,2.3593e+06,128,1,1,36,185.451,39.245,0.003,0.624,1.245,0.127
Tesla K20Xm,Reduction,ONE_D,2.3593e+06,256,1,1,36,185.537,39.222,0.002,0.677,1.244,0.126
Tesla K20Xm,Reduction,ONE_D,2.3593e+06,512,1,1,36,186.312,39.52,0.002,0.713,1.363,0.116
Tesla K20Xm,Reduction,ONE_D,2.3593e+06,1024,1,1,36,185.977,39.304,0.002,0.859,1.27,0.122
Tesla K20Xm,Reduction,ONE_D,2.3593e+06,1,1,1,36,190.469,39.189,0.002,6.256,21.941,0.219
Tesla K20Xm,Reduction,ONE_D,2.3593e+06,2,1,1,36,188.361,39.18,0.002,4.041,11.391,0.197
Tesla K20Xm,Reduction,ONE_D,2.3593e+06,4,1,1,36,187.263,39.002,0.003,2.649,5.929,0.161
Tesla K20Xm,Reduction,ONE_D,2.3593e+06,8,1,1,36,186.74,39.527,0.002,1.687,3.351,0.167
Tesla K20Xm,Reduction,ONE_D,2.3593e+06,16,1,1,36,186.86,39.094,0.002,1.381,1.916,0.158
Tesla K20Xm,Reduction,ONE_D,2.3593e+06,32,1,1,36,185.523,39.089,0.002,0.757,1.53,0.125
Tesla K20Xm,Reduction,ONE_D,2.3593e+06,64,1,1,36,185.543,39.183,0.002,0.629,1.309,0.139
Tesla K20Xm,Reduction,ONE_D,2.3593e+06,128,1,1,36,185.349,39.141,0.001,0.627,1.247,0.125
Tesla K20Xm,Reduction,ONE_D,2.3593e+06,256,1,1,36,186.144,39.125,0.003,0.678,1.173,0.127
Tesla K20Xm,Reduction,ONE_D,2.3593e+06,512,1,1,36,185.585,39.216,0.002,0.709,1.158,0.113
Tesla K20Xm,Reduction,ONE_D,2.3593e+06,1024,1,1,36,185.14,39.219,0.002,0.836,1.155,0.122
Tesla K20Xm,Reduction,ONE_D,2.3593e+06,1,1,1,36,190.244,39.072,0.002,6.196,21.832,0.198
Tesla K20Xm,Reduction,ONE_D,2.3593e+06,2,1,1,36,188.242,39.147,0.002,3.961,11.329,0.196
Tesla K20Xm,Reduction,ONE_D,2.3593e+06,4,1,1,36,187.438,39.05,0.001,2.557,5.943,0.161
Tesla K20Xm,Reduction,ONE_D,2.3593e+06,8,1,1,36,186.169,39.06,0.002,1.657,3.233,0.157
Tesla K20Xm,Reduction,ONE_D,2.3593e+06,16,1,1,36,185.583,39.19,0.002,1.175,1.949,0.159
Tesla K20Xm,Reduction,ONE_D,2.3593e+06,32,1,1,36,185.776,39.339,0.002,0.741,1.496,0.127
Tesla K20Xm,Reduction,ONE_D,2.3593e+06,64,1,1,36,185.35,39.275,0.002,0.655,1.438,0.129
Tesla K20Xm,Reduction,ONE_D,2.3593e+06,128,1,1,36,187.51,39.106,0.002,0.669,1.335,0.125
Tesla K20Xm,Reduction,ONE_D,2.3593e+06,256,1,1,36,185.349,39.116,0.003,0.725,1.283,0.112
Tesla K20Xm,Reduction,ONE_D,2.3593e+06,512,1,1,36,185.313,39.13,0.002,0.771,1.246,0.127
Tesla K20Xm,Reduction,ONE_D,2.3593e+06,1024,1,1,36,185.543,39.083,0.002,0.872,1.137,0.114
Tesla K20Xm,Reduction,ONE_D,2.3593e+06,1,1,1,36,190.202,39.168,0.002,6.204,21.842,0.202
Tesla K20Xm,Reduction,ONE_D,2.3593e+06,2,1,1,36,189.133,40.027,0.002,3.965,11.323,0.202
Tesla K20Xm,Reduction,ONE_D,2.3593e+06,4,1,1,36,187.036,39.08,0.002,2.517,6.137,0.174
Tesla K20Xm,Reduction,ONE_D,2.3593e+06,8,1,1,36,186.121,39.155,0.002,1.747,3.227,0.159
Tesla K20Xm,Reduction,ONE_D,2.3593e+06,16,1,1,36,185.591,39.174,0.003,1.202,1.889,0.159
Tesla K20Xm,Reduction,ONE_D,2.3593e+06,32,1,1,36,185.23,39.585,0.002,0.764,1.491,0.128
Tesla K20Xm,Reduction,ONE_D,2.3593e+06,64,1,1,36,185.404,39.337,0.002,0.645,1.312,0.124
Tesla K20Xm,Reduction,ONE_D,2.3593e+06,128,1,1,36,185.251,39.273,0.002,0.629,1.236,0.128
Tesla K20Xm,Reduction,ONE_D,2.3593e+06,256,1,1,36,185.283,39.18,0.002,0.676,1.175,0.128
Tesla K20Xm,Reduction,ONE_D,2.3593e+06,512,1,1,36,185.272,39.197,0.002,0.733,1.317,0.117
Tesla K20Xm,Reduction,ONE_D,2.3593e+06,1024,1,1,36,187.163,39.353,0.002,0.877,1.257,0.13
Tesla K20Xm,Reduction,ONE_D,2.3593e+06,1,1,1,36,190.818,39.417,0.002,6.184,22.035,0.199
Tesla K20Xm,Reduction,ONE_D,2.3593e+06,2,1,1,36,188.223,39.549,0.002,3.983,11.295,0.191
Tesla K20Xm,Reduction,ONE_D,2.3593e+06,4,1,1,36,187.241,39.31,0.002,2.516,5.991,0.161
Tesla K20Xm,Reduction,ONE_D,2.3593e+06,8,1,1,36,186.355,39.489,0.002,1.675,3.237,0.157
Tesla K20Xm,Reduction,ONE_D,2.3593e+06,16,1,1,36,187.507,39.475,0.002,1.243,2.008,0.166
Tesla K20Xm,Reduction,ONE_D,2.3593e+06,32,1,1,36,185.709,39.5,0.002,0.814,1.527,0.126
Tesla K20Xm,Reduction,ONE_D,2.3593e+06,64,1,1,36,185.542,39.45,0.002,0.629,1.397,0.129
Tesla K20Xm,Reduction,ONE_D,2.3593e+06,128,1,1,36,185.692,39.504,0.002,0.65,1.261,0.126
Tesla K20Xm,Reduction,ONE_D,2.3593e+06,256,1,1,36,186.021,39.543,0.002,0.655,1.182,0.124
Tesla K20Xm,Reduction,ONE_D,2.3593e+06,512,1,1,36,185.656,39.551,0.003,0.722,1.158,0.118
Tesla K20Xm,Reduction,ONE_D,2.3593e+06,1024,1,1,36,185.368,39.583,0.003,0.812,1.136,0.132
Tesla K20Xm,Reduction,ONE_D,2.3593e+06,1,1,1,36,190.662,39.268,0.002,6.174,21.801,0.197
Tesla K20Xm,Reduction,ONE_D,2.3593e+06,2,1,1,36,188.728,39.456,0.002,3.992,11.306,0.188
Tesla K20Xm,Reduction,ONE_D,2.3593e+06,4,1,1,36,187.14,39.315,0.002,2.535,6.059,0.158
Tesla K20Xm,Reduction,ONE_D,2.3593e+06,8,1,1,36,186.613,39.829,0.002,1.694,3.255,0.188
Tesla K20Xm,Reduction,ONE_D,2.3593e+06,16,1,1,36,186.638,39.419,0.002,1.196,1.918,0.154
Tesla K20Xm,Reduction,ONE_D,2.3593e+06,32,1,1,36,185.596,39.318,0.002,0.741,1.598,0.121
Tesla K20Xm,Reduction,ONE_D,2.3593e+06,64,1,1,36,185.642,39.319,0.003,0.679,1.41,0.129
Tesla K20Xm,Reduction,ONE_D,2.3593e+06,128,1,1,36,185.428,39.342,0.002,0.698,1.342,0.134
Tesla K20Xm,Reduction,ONE_D,2.3593e+06,256,1,1,36,185.85,39.384,0.001,0.719,1.642,0.122
Tesla K20Xm,Reduction,ONE_D,2.3593e+06,512,1,1,36,185.817,39.428,0.002,0.713,1.159,0.122
Tesla K20Xm,Reduction,ONE_D,2.3593e+06,1024,1,1,36,185.972,39.343,0.003,0.833,1.146,0.124
Tesla K20Xm,Reduction,ONE_D,2.3593e+06,1,1,1,36,189.555,39.464,0.002,6.187,22.003,0.203
Tesla K20Xm,Reduction,ONE_D,2.3593e+06,2,1,1,36,187.876,39.408,0.002,3.989,11.546,0.196
Tesla K20Xm,Reduction,ONE_D,2.3593e+06,4,1,1,36,186.6,39.32,0.003,2.561,6.133,0.166
Tesla K20Xm,Reduction,ONE_D,2.3593e+06,8,1,1,36,185.53,39.253,0.002,1.689,3.321,0.167
Tesla K20Xm,Reduction,ONE_D,2.3593e+06,16,1,1,36,185.045,39.331,0.002,1.208,1.946,0.166
Tesla K20Xm,Reduction,ONE_D,2.3593e+06,32,1,1,36,185.24,39.252,0.002,0.766,1.585,0.128
Tesla K20Xm,Reduction,ONE_D,2.3593e+06,64,1,1,36,186.425,39.368,0.002,0.68,1.548,0.134
Tesla K20Xm,Reduction,ONE_D,2.3593e+06,128,1,1,36,184.939,39.277,0.003,0.686,1.37,0.134
Tesla K20Xm,Reduction,ONE_D,2.3593e+06,256,1,1,36,184.806,39.265,0.002,0.703,1.362,0.141
Tesla K20Xm,Reduction,ONE_D,2.3593e+06,512,1,1,36,184.803,39.234,0.002,0.758,1.333,0.123
Tesla K20Xm,Reduction,ONE_D,2.3593e+06,1024,1,1,36,185.199,39.277,0.002,0.865,1.214,0.134
Tesla K20Xm,Reduction,ONE_D,2.3593e+06,1,1,1,36,190.189,39.409,0.002,6.209,22.017,0.215
Tesla K20Xm,Reduction,ONE_D,2.3593e+06,2,1,1,36,189.296,39.491,0.002,3.985,11.324,0.193
Tesla K20Xm,Reduction,ONE_D,2.3593e+06,4,1,1,36,186.2,39.383,0.002,2.575,5.959,0.17
Tesla K20Xm,Reduction,ONE_D,2.3593e+06,8,1,1,36,185.637,39.383,0.002,1.748,3.355,0.163
Tesla K20Xm,Reduction,ONE_D,2.3593e+06,16,1,1,36,185.041,39.362,0.002,1.22,1.93,0.161
Tesla K20Xm,Reduction,ONE_D,2.3593e+06,32,1,1,36,185.292,39.486,0.002,0.747,1.486,0.132
Tesla K20Xm,Reduction,ONE_D,2.3593e+06,64,1,1,36,184.789,39.472,0.003,0.632,1.34,0.133
Tesla K20Xm,Reduction,ONE_D,2.3593e+06,128,1,1,36,184.965,39.443,0.003,0.634,1.259,0.134
Tesla K20Xm,Reduction,ONE_D,2.3593e+06,256,1,1,36,184.857,39.441,0.002,0.661,1.19,0.133
Tesla K20Xm,Reduction,ONE_D,2.3593e+06,512,1,1,36,184.921,39.503,0.003,0.715,1.15,0.132
Tesla K20Xm,Reduction,ONE_D,2.3593e+06,1024,1,1,36,186.633,39.456,0.002,0.816,1.153,0.125
Tesla K20Xm,Reduction,ONE_D,2.3593e+06,1,1,1,36,189.798,39.509,0.002,6.239,22.054,0.206
Tesla K20Xm,Reduction,ONE_D,2.3593e+06,2,1,1,36,187.897,39.561,0.002,4.036,11.421,0.206
Tesla K20Xm,Reduction,ONE_D,2.3593e+06,4,1,1,36,186.369,39.285,0.002,2.617,5.913,0.164
Tesla K20Xm,Reduction,ONE_D,2.3593e+06,8,1,1,36,185.729,39.468,0.002,1.701,3.321,0.164
Tesla K20Xm,Reduction,ONE_D,2.3593e+06,16,1,1,36,185.117,39.353,0.003,1.272,2.026,0.163
Tesla K20Xm,Reduction,ONE_D,2.3593e+06,32,1,1,36,186.49,39.577,0.003,0.953,1.537,0.135
Tesla K20Xm,Reduction,ONE_D,2.3593e+06,64,1,1,36,184.867,39.369,0.003,0.66,1.348,0.134
Tesla K20Xm,Reduction,ONE_D,2.3593e+06,128,1,1,36,184.969,39.483,0.002,0.63,1.245,0.132
Tesla K20Xm,Reduction,ONE_D,2.3593e+06,256,1,1,36,184.916,39.364,0.002,0.657,1.201,0.134
Tesla K20Xm,Reduction,ONE_D,2.3593e+06,512,1,1,36,185.262,39.472,0.002,0.72,1.147,0.133
Tesla K20Xm,Reduction,ONE_D,2.3593e+06,1024,1,1,36,185.035,39.505,0.002,0.82,1.147,0.13
Tesla K20Xm,Reduction,ONE_D,2.3593e+06,1,1,1,36,189.926,40.139,0.002,6.193,21.913,0.208
Tesla K20Xm,Reduction,ONE_D,2.3593e+06,2,1,1,36,188.156,39.496,0.002,3.979,11.331,0.194
Tesla K20Xm,Reduction,ONE_D,2.3593e+06,4,1,1,36,186.144,39.26,0.002,2.539,6.064,0.173
Tesla K20Xm,Reduction,ONE_D,2.3593e+06,8,1,1,36,185.735,39.418,0.002,1.892,3.264,0.163
Tesla K20Xm,Reduction,ONE_D,2.3593e+06,16,1,1,36,185.217,39.412,0.002,1.213,1.934,0.21
Tesla K20Xm,Reduction,ONE_D,2.3593e+06,32,1,1,36,185.231,39.583,0.002,0.748,1.48,0.126
Tesla K20Xm,Reduction,ONE_D,2.3593e+06,64,1,1,36,184.908,39.347,0.002,0.638,1.33,0.138
Tesla K20Xm,Reduction,ONE_D,2.3593e+06,128,1,1,36,184.701,39.403,0.002,0.65,1.327,0.138
Tesla K20Xm,Reduction,ONE_D,2.3593e+06,256,1,1,36,184.909,39.426,0.003,0.68,1.208,0.133
Tesla K20Xm,Reduction,ONE_D,2.3593e+06,512,1,1,36,186.829,39.342,0.003,0.759,1.269,0.14
Tesla K20Xm,Reduction,ONE_D,2.3593e+06,1024,1,1,36,185.03,39.408,0.002,0.875,1.257,0.123
Tesla K20Xm,Reduction,ONE_D,2.3593e+06,1,1,1,36,190.175,39.435,0.002,6.339,21.891,0.217
Tesla K20Xm,Reduction,ONE_D,2.3593e+06,2,1,1,36,187.738,39.377,0.002,4.145,11.426,0.195
Tesla K20Xm,Reduction,ONE_D,2.3593e+06,4,1,1,36,186.163,39.352,0.002,2.565,5.936,0.166
Tesla K20Xm,Reduction,ONE_D,2.3593e+06,8,1,1,36,185.559,39.316,0.002,1.684,3.361,0.167
Tesla K20Xm,Reduction,ONE_D,2.3593e+06,16,1,1,36,186.294,39.965,0.002,1.273,1.991,0.167
Tesla K20Xm,Reduction,ONE_D,2.3593e+06,32,1,1,36,185.071,39.581,0.003,0.771,1.497,0.13
Tesla K20Xm,Reduction,ONE_D,2.3593e+06,64,1,1,36,184.982,39.336,0.003,0.66,1.327,0.135
Tesla K20Xm,Reduction,ONE_D,2.3593e+06,128,1,1,36,184.89,39.398,0.002,0.629,1.241,0.135
Tesla K20Xm,Reduction,ONE_D,2.3593e+06,256,1,1,36,184.632,39.461,0.002,0.673,1.228,0.135
Tesla K20Xm,Reduction,ONE_D,2.3593e+06,512,1,1,36,185.372,39.418,0.002,0.718,1.184,0.133
Tesla K20Xm,Reduction,ONE_D,2.3593e+06,1024,1,1,36,184.988,39.409,0.002,0.817,1.16,0.123
Tesla K20Xm,Reduction,ONE_D,2.3593e+06,1,1,1,36,189.956,39.462,0.002,6.245,21.872,0.201
Tesla K20Xm,Reduction,ONE_D,2.3593e+06,2,1,1,36,187.225,39.545,0.002,3.976,11.26,0.193
Tesla K20Xm,Reduction,ONE_D,2.3593e+06,4,1,1,36,186.195,39.341,0.002,2.56,5.977,0.164
Tesla K20Xm,Reduction,ONE_D,2.3593e+06,8,1,1,36,185.77,41.607,0.002,1.692,3.297,0.162
Tesla K20Xm,Reduction,ONE_D,2.3593e+06,16,1,1,36,186.893,39.487,0.002,1.267,2.014,0.163
Tesla K20Xm,Reduction,ONE_D,2.3593e+06,32,1,1,36,185.236,39.484,0.002,0.822,1.734,0.128
Tesla K20Xm,Reduction,ONE_D,2.3593e+06,64,1,1,36,185.001,39.437,0.002,0.711,1.371,0.131
Tesla K20Xm,Reduction,ONE_D,2.3593e+06,128,1,1,36,184.958,39.422,0.002,0.657,1.257,0.136
Tesla K20Xm,Reduction,ONE_D,2.3593e+06,256,1,1,36,185.542,39.535,0.002,0.669,1.219,0.129
Tesla K20Xm,Reduction,ONE_D,2.3593e+06,512,1,1,36,184.918,39.43,0.002,0.72,1.173,0.13
Tesla K20Xm,Reduction,ONE_D,2.3593e+06,1024,1,1,36,184.797,39.434,0.002,0.815,1.159,0.124
