device/C,kernel/C,workDimension/C,width/F,height/F,maskwidth/F,maskheight/F,xLocal/I,yLocal/I,zLocal/I,MB/F,init/F,memoryCopyOut/F,plan/F,execute/F,memoryCopyIn/F,cleanUp/F
Intel Xeon CPU E5-2695 v2 @ 2.40GHz,Convolution,ONE_D,2172,2172,64,64,1,1,1,17,131.817,126.807,0.018,1185.95,12.975,1.957
Intel Xeon CPU E5-2695 v2 @ 2.40GHz,Convolution,ONE_D,2172,2172,64,64,2,1,1,17,96.742,57.766,0.012,1124.01,6.179,2.073
Intel Xeon CPU E5-2695 v2 @ 2.40GHz,Convolution,ONE_D,2172,2172,64,64,4,1,1,17,95.719,45.408,0.008,1109.42,28.925,2.029
Intel Xeon CPU E5-2695 v2 @ 2.40GHz,Convolution,ONE_D,2172,2172,64,64,8,1,1,17,96.342,31.994,0.011,1110.99,12.889,2.086
Intel Xeon CPU E5-2695 v2 @ 2.40GHz,Convolution,ONE_D,2172,2172,64,64,16,1,1,17,95.621,39.946,0.008,1130.36,19.678,2.124
Intel Xeon CPU E5-2695 v2 @ 2.40GHz,Convolution,ONE_D,2172,2172,64,64,32,1,1,17,96.18,31.944,0.024,-1,-1,-1
Intel Xeon CPU E5-2695 v2 @ 2.40GHz,Convolution,ONE_D,2172,2172,64,64,64,1,1,17,96.423,46.507,0.012,-1,-1,-1
Intel Xeon CPU E5-2695 v2 @ 2.40GHz,Convolution,ONE_D,2172,2172,64,64,128,1,1,17,95.539,37.603,0.01,-1,-1,-1
Intel Xeon CPU E5-2695 v2 @ 2.40GHz,Convolution,ONE_D,2172,2172,64,64,256,1,1,17,96.586,86.319,0.012,-1,-1,-1
Intel Xeon CPU E5-2695 v2 @ 2.40GHz,Convolution,ONE_D,2172,2172,64,64,512,1,1,17,96.27,34.478,0.008,-1,-1,-1
Intel Xeon CPU E5-2695 v2 @ 2.40GHz,Convolution,ONE_D,2172,2172,64,64,1024,1,1,17,96.167,49.33,0.013,-1,-1,-1
Intel Xeon CPU E5-2695 v2 @ 2.40GHz,Convolution,ONE_D,2172,2172,64,64,2048,1,1,17,96.054,44.217,0.008,-1,-1,-1
Intel Xeon CPU E5-2695 v2 @ 2.40GHz,Convolution,ONE_D,2172,2172,64,64,4096,1,1,17,95.73,29.274,0.01,-1,-1,-1
Intel Xeon CPU E5-2695 v2 @ 2.40GHz,Convolution,ONE_D,2172,2172,64,64,8192,1,1,17,95.918,28.55,0.011,-1,-1,-1
Intel Xeon CPU E5-2695 v2 @ 2.40GHz,Convolution,ONE_D,2172,2172,64,64,1,1,1,17,136.179,40.028,0.017,1132.42,11.109,1.581
Intel Xeon CPU E5-2695 v2 @ 2.40GHz,Convolution,ONE_D,2172,2172,64,64,2,1,1,17,99.247,32.993,0.007,1110.86,11.035,1.576
Intel Xeon CPU E5-2695 v2 @ 2.40GHz,Convolution,ONE_D,2172,2172,64,64,4,1,1,17,94.628,33.273,0.007,1107.8,8.125,1.473
Intel Xeon CPU E5-2695 v2 @ 2.40GHz,Convolution,ONE_D,2172,2172,64,64,8,1,1,17,94.74,31.464,0.007,1105.41,8.251,1.571
Intel Xeon CPU E5-2695 v2 @ 2.40GHz,Convolution,ONE_D,2172,2172,64,64,16,1,1,17,95.659,32.387,0.007,1103.89,11.259,1.608
Intel Xeon CPU E5-2695 v2 @ 2.40GHz,Convolution,ONE_D,2172,2172,64,64,32,1,1,17,94.514,31.726,0.006,-1,-1,-1
Intel Xeon CPU E5-2695 v2 @ 2.40GHz,Convolution,ONE_D,2172,2172,64,64,64,1,1,17,94.278,31.612,0.006,-1,-1,-1
Intel Xeon CPU E5-2695 v2 @ 2.40GHz,Convolution,ONE_D,2172,2172,64,64,128,1,1,17,94.654,31.733,0.006,-1,-1,-1
Intel Xeon CPU E5-2695 v2 @ 2.40GHz,Convolution,ONE_D,2172,2172,64,64,256,1,1,17,94.453,31.843,0.006,-1,-1,-1
Intel Xeon CPU E5-2695 v2 @ 2.40GHz,Convolution,ONE_D,2172,2172,64,64,512,1,1,17,93.288,30.856,0.006,-1,-1,-1
Intel Xeon CPU E5-2695 v2 @ 2.40GHz,Convolution,ONE_D,2172,2172,64,64,1024,1,1,17,94.328,32.192,0.007,-1,-1,-1
Intel Xeon CPU E5-2695 v2 @ 2.40GHz,Convolution,ONE_D,2172,2172,64,64,2048,1,1,17,94.162,31.09,0.006,-1,-1,-1
Intel Xeon CPU E5-2695 v2 @ 2.40GHz,Convolution,ONE_D,2172,2172,64,64,4096,1,1,17,94.245,31.708,0.005,-1,-1,-1
Intel Xeon CPU E5-2695 v2 @ 2.40GHz,Convolution,ONE_D,2172,2172,64,64,8192,1,1,17,94.194,32.844,0.006,-1,-1,-1
Intel Xeon CPU E5-2695 v2 @ 2.40GHz,Convolution,ONE_D,2172,2172,64,64,1,1,1,17,101.323,35.062,0.011,1138.93,10.688,2.095
Intel Xeon CPU E5-2695 v2 @ 2.40GHz,Convolution,ONE_D,2172,2172,64,64,2,1,1,17,94.722,27.965,0.007,1114.74,7.168,2.168
Intel Xeon CPU E5-2695 v2 @ 2.40GHz,Convolution,ONE_D,2172,2172,64,64,4,1,1,17,94.75,26.516,0.008,1111.3,11.17,2.163
Intel Xeon CPU E5-2695 v2 @ 2.40GHz,Convolution,ONE_D,2172,2172,64,64,8,1,1,17,94.615,28.039,0.007,1112.35,11.134,2.119
Intel Xeon CPU E5-2695 v2 @ 2.40GHz,Convolution,ONE_D,2172,2172,64,64,16,1,1,17,94.799,30.197,0.007,1110.2,7.423,2.197
Intel Xeon CPU E5-2695 v2 @ 2.40GHz,Convolution,ONE_D,2172,2172,64,64,32,1,1,17,94.434,32.184,0.008,-1,-1,-1
Intel Xeon CPU E5-2695 v2 @ 2.40GHz,Convolution,ONE_D,2172,2172,64,64,64,1,1,17,90.993,26.279,0.006,-1,-1,-1
Intel Xeon CPU E5-2695 v2 @ 2.40GHz,Convolution,ONE_D,2172,2172,64,64,128,1,1,17,90.721,29.923,0.01,-1,-1,-1
Intel Xeon CPU E5-2695 v2 @ 2.40GHz,Convolution,ONE_D,2172,2172,64,64,256,1,1,17,94.722,27.523,0.006,-1,-1,-1
Intel Xeon CPU E5-2695 v2 @ 2.40GHz,Convolution,ONE_D,2172,2172,64,64,512,1,1,17,93.843,30.203,0.008,-1,-1,-1
Intel Xeon CPU E5-2695 v2 @ 2.40GHz,Convolution,ONE_D,2172,2172,64,64,1024,1,1,17,95.697,29.844,0.009,-1,-1,-1
Intel Xeon CPU E5-2695 v2 @ 2.40GHz,Convolution,ONE_D,2172,2172,64,64,2048,1,1,17,94.807,29.92,0.009,-1,-1,-1
Intel Xeon CPU E5-2695 v2 @ 2.40GHz,Convolution,ONE_D,2172,2172,64,64,4096,1,1,17,94.631,29.457,0.01,-1,-1,-1
Intel Xeon CPU E5-2695 v2 @ 2.40GHz,Convolution,ONE_D,2172,2172,64,64,8192,1,1,17,94.697,29.853,0.009,-1,-1,-1
