device/C,kernel/C,workDimension/C,xLocal/I,yLocal/I,zLocal/I,MB/F,init/F,memoryCopyOut/F,plan/F,execute/F,memoryCopyIn/F,cleanUp/F
Intel Xeon CPU E5-2695 v2 @ 2.40GHz,Empty,ONE_D,1,1,1,32,0,0,0.001,0.243,0,0.689
Intel Xeon CPU E5-2695 v2 @ 2.40GHz,Empty,ONE_D,2,1,1,32,0,0,0,0.088,0,0.437
Intel Xeon CPU E5-2695 v2 @ 2.40GHz,Empty,ONE_D,4,1,1,32,0,0,0,0.133,0,0.573
Intel Xeon CPU E5-2695 v2 @ 2.40GHz,Empty,ONE_D,8,1,1,32,0,0,0,0.431,0,0.438
Intel Xeon CPU E5-2695 v2 @ 2.40GHz,Empty,ONE_D,16,1,1,32,0,0,0,0.053,0,0.702
Intel Xeon CPU E5-2695 v2 @ 2.40GHz,Empty,ONE_D,32,1,1,32,0,0,0,0.052,0.001,0.662
Intel Xeon CPU E5-2695 v2 @ 2.40GHz,Empty,ONE_D,64,1,1,32,0.001,0,0,0.061,0,0.548
Intel Xeon CPU E5-2695 v2 @ 2.40GHz,Empty,ONE_D,128,1,1,32,0,0,0.001,0.044,0,0.507
Intel Xeon CPU E5-2695 v2 @ 2.40GHz,Empty,ONE_D,256,1,1,32,0,0,0,0.067,0.001,0.473
Intel Xeon CPU E5-2695 v2 @ 2.40GHz,Empty,ONE_D,512,1,1,32,0,0,0.001,0.043,0,0.553
Intel Xeon CPU E5-2695 v2 @ 2.40GHz,Empty,ONE_D,1024,1,1,32,0.001,0,0,-1,-1,-1
Intel Xeon CPU E5-2695 v2 @ 2.40GHz,Empty,ONE_D,2048,1,1,32,0.001,0,0,-1,-1,-1
Intel Xeon CPU E5-2695 v2 @ 2.40GHz,Empty,ONE_D,4096,1,1,32,0.001,0,0,-1,-1,-1
Intel Xeon CPU E5-2695 v2 @ 2.40GHz,Empty,ONE_D,8192,1,1,32,0,0,0,-1,-1,-1
Intel Xeon CPU E5-2695 v2 @ 2.40GHz,Empty,ONE_D,1,1,1,32,0,0,0,0.208,0,0.667
Intel Xeon CPU E5-2695 v2 @ 2.40GHz,Empty,ONE_D,2,1,1,32,0,0,0,0.424,0,0.706
Intel Xeon CPU E5-2695 v2 @ 2.40GHz,Empty,ONE_D,4,1,1,32,0,0,0,0.43,0.001,0.65
Intel Xeon CPU E5-2695 v2 @ 2.40GHz,Empty,ONE_D,8,1,1,32,0.001,0,0,0.366,0,0.611
Intel Xeon CPU E5-2695 v2 @ 2.40GHz,Empty,ONE_D,16,1,1,32,0,0,0,0.318,0,0.423
Intel Xeon CPU E5-2695 v2 @ 2.40GHz,Empty,ONE_D,32,1,1,32,0,0,0,0.046,0,0.659
Intel Xeon CPU E5-2695 v2 @ 2.40GHz,Empty,ONE_D,64,1,1,32,0,0,0,0.046,0,0.566
Intel Xeon CPU E5-2695 v2 @ 2.40GHz,Empty,ONE_D,128,1,1,32,0,0,0,0.242,0,0.369
Intel Xeon CPU E5-2695 v2 @ 2.40GHz,Empty,ONE_D,256,1,1,32,0,0,0,0.047,0,0.571
Intel Xeon CPU E5-2695 v2 @ 2.40GHz,Empty,ONE_D,512,1,1,32,0.001,0,0.001,0.053,0,0.63
Intel Xeon CPU E5-2695 v2 @ 2.40GHz,Empty,ONE_D,1024,1,1,32,0,0,0,-1,-1,-1
Intel Xeon CPU E5-2695 v2 @ 2.40GHz,Empty,ONE_D,2048,1,1,32,0,0,0,-1,-1,-1
Intel Xeon CPU E5-2695 v2 @ 2.40GHz,Empty,ONE_D,4096,1,1,32,0,0,0,-1,-1,-1
Intel Xeon CPU E5-2695 v2 @ 2.40GHz,Empty,ONE_D,8192,1,1,32,0,0,0,-1,-1,-1
Intel Xeon CPU E5-2695 v2 @ 2.40GHz,Empty,ONE_D,1,1,1,32,0,0,0,0.244,0,0.524
Intel Xeon CPU E5-2695 v2 @ 2.40GHz,Empty,ONE_D,2,1,1,32,0.001,0,0,0.089,0,0.544
Intel Xeon CPU E5-2695 v2 @ 2.40GHz,Empty,ONE_D,4,1,1,32,0,0,0,0.078,0,0.679
Intel Xeon CPU E5-2695 v2 @ 2.40GHz,Empty,ONE_D,8,1,1,32,0,0.001,0,0.151,0.001,0.666
Intel Xeon CPU E5-2695 v2 @ 2.40GHz,Empty,ONE_D,16,1,1,32,0,0,0,0.102,0,0.719
Intel Xeon CPU E5-2695 v2 @ 2.40GHz,Empty,ONE_D,32,1,1,32,0,0.001,0,0.114,0.001,0.753
Intel Xeon CPU E5-2695 v2 @ 2.40GHz,Empty,ONE_D,64,1,1,32,0,0,0,0.127,0.001,0.569
Intel Xeon CPU E5-2695 v2 @ 2.40GHz,Empty,ONE_D,128,1,1,32,0,0,0,0.042,0,0.449
Intel Xeon CPU E5-2695 v2 @ 2.40GHz,Empty,ONE_D,256,1,1,32,0,0.001,0,0.043,0,0.442
Intel Xeon CPU E5-2695 v2 @ 2.40GHz,Empty,ONE_D,512,1,1,32,0,0,0,0.041,0,0.467
Intel Xeon CPU E5-2695 v2 @ 2.40GHz,Empty,ONE_D,1024,1,1,32,0,0.001,0,-1,-1,-1
Intel Xeon CPU E5-2695 v2 @ 2.40GHz,Empty,ONE_D,2048,1,1,32,0,0,0,-1,-1,-1
Intel Xeon CPU E5-2695 v2 @ 2.40GHz,Empty,ONE_D,4096,1,1,32,0,0,0,-1,-1,-1
Intel Xeon CPU E5-2695 v2 @ 2.40GHz,Empty,ONE_D,8192,1,1,32,0,0,0,-1,-1,-1
Intel Xeon CPU E5-2695 v2 @ 2.40GHz,Empty,ONE_D,1,1,1,32,0.001,0,0,0.158,0,0.838
Intel Xeon CPU E5-2695 v2 @ 2.40GHz,Empty,ONE_D,2,1,1,32,0.001,0.001,0,0.161,0.001,0.866
Intel Xeon CPU E5-2695 v2 @ 2.40GHz,Empty,ONE_D,4,1,1,32,0,0,0,0.354,0,0.433
Intel Xeon CPU E5-2695 v2 @ 2.40GHz,Empty,ONE_D,8,1,1,32,0,0,0,0.427,0.001,0.647
Intel Xeon CPU E5-2695 v2 @ 2.40GHz,Empty,ONE_D,16,1,1,32,0,0,0,0.33,0,0.423
Intel Xeon CPU E5-2695 v2 @ 2.40GHz,Empty,ONE_D,32,1,1,32,0,0,0,0.048,0,0.736
Intel Xeon CPU E5-2695 v2 @ 2.40GHz,Empty,ONE_D,64,1,1,32,0,0,0,0.043,0,0.721
Intel Xeon CPU E5-2695 v2 @ 2.40GHz,Empty,ONE_D,128,1,1,32,0,0,0,0.418,0,0.385
Intel Xeon CPU E5-2695 v2 @ 2.40GHz,Empty,ONE_D,256,1,1,32,0,0,0,0.04,0.001,0.626
Intel Xeon CPU E5-2695 v2 @ 2.40GHz,Empty,ONE_D,512,1,1,32,0,0,0,0.044,0,0.617
Intel Xeon CPU E5-2695 v2 @ 2.40GHz,Empty,ONE_D,1024,1,1,32,0,0,0,-1,-1,-1
Intel Xeon CPU E5-2695 v2 @ 2.40GHz,Empty,ONE_D,2048,1,1,32,0.001,0,0,-1,-1,-1
Intel Xeon CPU E5-2695 v2 @ 2.40GHz,Empty,ONE_D,4096,1,1,32,0.001,0,0,-1,-1,-1
Intel Xeon CPU E5-2695 v2 @ 2.40GHz,Empty,ONE_D,8192,1,1,32,0,0.001,0,-1,-1,-1
Intel Xeon CPU E5-2695 v2 @ 2.40GHz,Empty,ONE_D,1,1,1,32,0,0,0.001,0.321,0.001,0.569
Intel Xeon CPU E5-2695 v2 @ 2.40GHz,Empty,ONE_D,2,1,1,32,0,0,0.001,0.148,0,0.493
Intel Xeon CPU E5-2695 v2 @ 2.40GHz,Empty,ONE_D,4,1,1,32,0,0,0,0.132,0,0.549
Intel Xeon CPU E5-2695 v2 @ 2.40GHz,Empty,ONE_D,8,1,1,32,0,0,0,0.091,0.001,0.449
Intel Xeon CPU E5-2695 v2 @ 2.40GHz,Empty,ONE_D,16,1,1,32,0,0,0,0.055,0,0.449
Intel Xeon CPU E5-2695 v2 @ 2.40GHz,Empty,ONE_D,32,1,1,32,0,0,0,0.051,0,0.46
Intel Xeon CPU E5-2695 v2 @ 2.40GHz,Empty,ONE_D,64,1,1,32,0.001,0,0.001,0.056,0,0.467
Intel Xeon CPU E5-2695 v2 @ 2.40GHz,Empty,ONE_D,128,1,1,32,0,0,0,0.044,0,0.452
Intel Xeon CPU E5-2695 v2 @ 2.40GHz,Empty,ONE_D,256,1,1,32,0,0,0,0.043,0,0.465
Intel Xeon CPU E5-2695 v2 @ 2.40GHz,Empty,ONE_D,512,1,1,32,0,0,0,0.04,0,0.465
Intel Xeon CPU E5-2695 v2 @ 2.40GHz,Empty,ONE_D,1024,1,1,32,0,0,0,-1,-1,-1
Intel Xeon CPU E5-2695 v2 @ 2.40GHz,Empty,ONE_D,2048,1,1,32,0,0,0,-1,-1,-1
Intel Xeon CPU E5-2695 v2 @ 2.40GHz,Empty,ONE_D,4096,1,1,32,0,0,0.001,-1,-1,-1
Intel Xeon CPU E5-2695 v2 @ 2.40GHz,Empty,ONE_D,8192,1,1,32,0,0,0,-1,-1,-1
Intel Xeon CPU E5-2695 v2 @ 2.40GHz,Empty,ONE_D,1,1,1,32,0.001,0,0,0.448,0.001,0.701
Intel Xeon CPU E5-2695 v2 @ 2.40GHz,Empty,ONE_D,2,1,1,32,0,0,0.001,0.679,0,0.819
Intel Xeon CPU E5-2695 v2 @ 2.40GHz,Empty,ONE_D,4,1,1,32,0.001,0,0.001,0.584,0,0.636
Intel Xeon CPU E5-2695 v2 @ 2.40GHz,Empty,ONE_D,8,1,1,32,0,0,0,0.067,0.001,0.761
Intel Xeon CPU E5-2695 v2 @ 2.40GHz,Empty,ONE_D,16,1,1,32,0,0,0,0.054,0.001,0.725
Intel Xeon CPU E5-2695 v2 @ 2.40GHz,Empty,ONE_D,32,1,1,32,0,0,0,0.047,0.001,0.696
Intel Xeon CPU E5-2695 v2 @ 2.40GHz,Empty,ONE_D,64,1,1,32,0,0,0,0.046,0,0.645
Intel Xeon CPU E5-2695 v2 @ 2.40GHz,Empty,ONE_D,128,1,1,32,0,0,0,0.058,0.001,0.686
Intel Xeon CPU E5-2695 v2 @ 2.40GHz,Empty,ONE_D,256,1,1,32,0,0,0,0.421,0,0.401
Intel Xeon CPU E5-2695 v2 @ 2.40GHz,Empty,ONE_D,512,1,1,32,0.001,0,0,0.576,0,0.444
Intel Xeon CPU E5-2695 v2 @ 2.40GHz,Empty,ONE_D,1024,1,1,32,0,0,0,-1,-1,-1
Intel Xeon CPU E5-2695 v2 @ 2.40GHz,Empty,ONE_D,2048,1,1,32,0,0,0,-1,-1,-1
Intel Xeon CPU E5-2695 v2 @ 2.40GHz,Empty,ONE_D,4096,1,1,32,0,0,0,-1,-1,-1
Intel Xeon CPU E5-2695 v2 @ 2.40GHz,Empty,ONE_D,8192,1,1,32,0,0,0,-1,-1,-1
Intel Xeon CPU E5-2695 v2 @ 2.40GHz,Empty,ONE_D,1,1,1,32,0,0.001,0,0.422,0,0.579
Intel Xeon CPU E5-2695 v2 @ 2.40GHz,Empty,ONE_D,2,1,1,32,0,0,0,0.109,0,0.68
Intel Xeon CPU E5-2695 v2 @ 2.40GHz,Empty,ONE_D,4,1,1,32,0,0,0,0.094,0,0.777
Intel Xeon CPU E5-2695 v2 @ 2.40GHz,Empty,ONE_D,8,1,1,32,0,0,0,0.268,0,0.462
Intel Xeon CPU E5-2695 v2 @ 2.40GHz,Empty,ONE_D,16,1,1,32,0,0,0,0.068,0.001,0.624
Intel Xeon CPU E5-2695 v2 @ 2.40GHz,Empty,ONE_D,32,1,1,32,0,0,0,0.046,0,0.603
Intel Xeon CPU E5-2695 v2 @ 2.40GHz,Empty,ONE_D,64,1,1,32,0,0,0,0.045,0.001,0.585
Intel Xeon CPU E5-2695 v2 @ 2.40GHz,Empty,ONE_D,128,1,1,32,0,0.001,0,0.057,0,0.653
Intel Xeon CPU E5-2695 v2 @ 2.40GHz,Empty,ONE_D,256,1,1,32,0,0,0,0.042,0,0.678
Intel Xeon CPU E5-2695 v2 @ 2.40GHz,Empty,ONE_D,512,1,1,32,0,0,0,0.044,0,0.672
Intel Xeon CPU E5-2695 v2 @ 2.40GHz,Empty,ONE_D,1024,1,1,32,0,0,0,-1,-1,-1
Intel Xeon CPU E5-2695 v2 @ 2.40GHz,Empty,ONE_D,2048,1,1,32,0,0,0,-1,-1,-1
Intel Xeon CPU E5-2695 v2 @ 2.40GHz,Empty,ONE_D,4096,1,1,32,0,0,0,-1,-1,-1
Intel Xeon CPU E5-2695 v2 @ 2.40GHz,Empty,ONE_D,8192,1,1,32,0,0,0,-1,-1,-1
Intel Xeon CPU E5-2695 v2 @ 2.40GHz,Empty,ONE_D,1,1,1,32,0,0.001,0,0.213,0,0.716
Intel Xeon CPU E5-2695 v2 @ 2.40GHz,Empty,ONE_D,2,1,1,32,0,0,0,0.227,0.001,0.783
Intel Xeon CPU E5-2695 v2 @ 2.40GHz,Empty,ONE_D,4,1,1,32,0,0,0,0.176,0,0.752
Intel Xeon CPU E5-2695 v2 @ 2.40GHz,Empty,ONE_D,8,1,1,32,0,0,0,0.131,0.001,0.627
Intel Xeon CPU E5-2695 v2 @ 2.40GHz,Empty,ONE_D,16,1,1,32,0,0,0,0.076,0,0.434
Intel Xeon CPU E5-2695 v2 @ 2.40GHz,Empty,ONE_D,32,1,1,32,0,0,0,0.052,0,0.438
Intel Xeon CPU E5-2695 v2 @ 2.40GHz,Empty,ONE_D,64,1,1,32,0,0,0,0.045,0,0.464
Intel Xeon CPU E5-2695 v2 @ 2.40GHz,Empty,ONE_D,128,1,1,32,0,0,0,0.047,0.001,0.463
Intel Xeon CPU E5-2695 v2 @ 2.40GHz,Empty,ONE_D,256,1,1,32,0,0,0,0.055,0,0.59
Intel Xeon CPU E5-2695 v2 @ 2.40GHz,Empty,ONE_D,512,1,1,32,0,0,0,0.076,0.001,0.509
Intel Xeon CPU E5-2695 v2 @ 2.40GHz,Empty,ONE_D,1024,1,1,32,0.001,0,0.001,-1,-1,-1
Intel Xeon CPU E5-2695 v2 @ 2.40GHz,Empty,ONE_D,2048,1,1,32,0,0,0,-1,-1,-1
Intel Xeon CPU E5-2695 v2 @ 2.40GHz,Empty,ONE_D,4096,1,1,32,0.001,0,0.001,-1,-1,-1
Intel Xeon CPU E5-2695 v2 @ 2.40GHz,Empty,ONE_D,8192,1,1,32,0,0,0.001,-1,-1,-1
Intel Xeon CPU E5-2695 v2 @ 2.40GHz,Empty,ONE_D,1,1,1,32,0,0,0,0.518,0,0.677
Intel Xeon CPU E5-2695 v2 @ 2.40GHz,Empty,ONE_D,2,1,1,32,0,0,0,0.099,0,0.938
Intel Xeon CPU E5-2695 v2 @ 2.40GHz,Empty,ONE_D,4,1,1,32,0,0,0,0.169,0.001,1.007
Intel Xeon CPU E5-2695 v2 @ 2.40GHz,Empty,ONE_D,8,1,1,32,0.001,0,0,0.105,0,0.687
Intel Xeon CPU E5-2695 v2 @ 2.40GHz,Empty,ONE_D,16,1,1,32,0,0,0,0.05,0,0.709
Intel Xeon CPU E5-2695 v2 @ 2.40GHz,Empty,ONE_D,32,1,1,32,0.001,0,0.001,0.044,0,0.637
Intel Xeon CPU E5-2695 v2 @ 2.40GHz,Empty,ONE_D,64,1,1,32,0,0,0,0.042,0,0.614
Intel Xeon CPU E5-2695 v2 @ 2.40GHz,Empty,ONE_D,128,1,1,32,0,0,0,0.046,0,0.656
Intel Xeon CPU E5-2695 v2 @ 2.40GHz,Empty,ONE_D,256,1,1,32,0.001,0,0,0.043,0.001,0.709
Intel Xeon CPU E5-2695 v2 @ 2.40GHz,Empty,ONE_D,512,1,1,32,0,0,0,0.248,0.001,0.382
Intel Xeon CPU E5-2695 v2 @ 2.40GHz,Empty,ONE_D,1024,1,1,32,0.001,0,0,-1,-1,-1
Intel Xeon CPU E5-2695 v2 @ 2.40GHz,Empty,ONE_D,2048,1,1,32,0,0,0,-1,-1,-1
Intel Xeon CPU E5-2695 v2 @ 2.40GHz,Empty,ONE_D,4096,1,1,32,0,0.001,0,-1,-1,-1
Intel Xeon CPU E5-2695 v2 @ 2.40GHz,Empty,ONE_D,8192,1,1,32,0,0.001,0,-1,-1,-1
Intel Xeon CPU E5-2695 v2 @ 2.40GHz,Empty,ONE_D,1,1,1,32,0,0,0.001,0.23,0,0.509
Intel Xeon CPU E5-2695 v2 @ 2.40GHz,Empty,ONE_D,2,1,1,32,0,0,0,0.133,0,0.75
Intel Xeon CPU E5-2695 v2 @ 2.40GHz,Empty,ONE_D,4,1,1,32,0,0,0,0.159,0,0.72
Intel Xeon CPU E5-2695 v2 @ 2.40GHz,Empty,ONE_D,8,1,1,32,0,0,0,0.194,0.001,0.526
Intel Xeon CPU E5-2695 v2 @ 2.40GHz,Empty,ONE_D,16,1,1,32,0,0,0,0.059,0,0.645
Intel Xeon CPU E5-2695 v2 @ 2.40GHz,Empty,ONE_D,32,1,1,32,0,0,0,0.045,0,0.456
Intel Xeon CPU E5-2695 v2 @ 2.40GHz,Empty,ONE_D,64,1,1,32,0,0,0,0.048,0,0.559
Intel Xeon CPU E5-2695 v2 @ 2.40GHz,Empty,ONE_D,128,1,1,32,0,0,0,0.061,0,0.425
Intel Xeon CPU E5-2695 v2 @ 2.40GHz,Empty,ONE_D,256,1,1,32,0,0,0,0.047,0,0.454
Intel Xeon CPU E5-2695 v2 @ 2.40GHz,Empty,ONE_D,512,1,1,32,0,0,0,0.045,0,0.447
Intel Xeon CPU E5-2695 v2 @ 2.40GHz,Empty,ONE_D,1024,1,1,32,0,0,0,-1,-1,-1
Intel Xeon CPU E5-2695 v2 @ 2.40GHz,Empty,ONE_D,2048,1,1,32,0,0,0,-1,-1,-1
Intel Xeon CPU E5-2695 v2 @ 2.40GHz,Empty,ONE_D,4096,1,1,32,0,0,0,-1,-1,-1
Intel Xeon CPU E5-2695 v2 @ 2.40GHz,Empty,ONE_D,8192,1,1,32,0,0,0,-1,-1,-1
