device/C,kernel/C,workDimension/C,width/F,height/F,xLocal/I,yLocal/I,zLocal/I,MB/F,init/F,memoryCopyOut/F,plan/F,execute/F,memoryCopyIn/F,cleanUp/F
Intel Xeon CPU E5-2695 v2 @ 2.40GHz,FloydWarshall,TWO_D,1254,1254,1,1,1,5,42.534,3.693,0.006,1993.97,8.494,1.649
Intel Xeon CPU E5-2695 v2 @ 2.40GHz,FloydWarshall,TWO_D,1254,1254,1,2,1,5,49.517,3.332,0.017,1210.67,7.852,1.719
Intel Xeon CPU E5-2695 v2 @ 2.40GHz,FloydWarshall,TWO_D,1254,1254,1,4,1,5,45.344,3.371,0.017,-1,-1,-1
Intel Xeon CPU E5-2695 v2 @ 2.40GHz,FloydWarshall,TWO_D,1254,1254,1,8,1,5,45.184,2.473,0.004,-1,-1,-1
Intel Xeon CPU E5-2695 v2 @ 2.40GHz,FloydWarshall,TWO_D,1254,1254,1,16,1,5,44.877,2.484,0.018,-1,-1,-1
Intel Xeon CPU E5-2695 v2 @ 2.40GHz,FloydWarshall,TWO_D,1254,1254,1,32,1,5,44.748,2.47,0.017,-1,-1,-1
Intel Xeon CPU E5-2695 v2 @ 2.40GHz,FloydWarshall,TWO_D,1254,1254,1,64,1,5,44.673,2.612,0.018,-1,-1,-1
Intel Xeon CPU E5-2695 v2 @ 2.40GHz,FloydWarshall,TWO_D,1254,1254,1,128,1,5,44.825,2.563,0.018,-1,-1,-1
Intel Xeon CPU E5-2695 v2 @ 2.40GHz,FloydWarshall,TWO_D,1254,1254,1,256,1,5,44.735,2.528,0.004,-1,-1,-1
Intel Xeon CPU E5-2695 v2 @ 2.40GHz,FloydWarshall,TWO_D,1254,1254,1,512,1,5,44.991,2.473,0.004,-1,-1,-1
Intel Xeon CPU E5-2695 v2 @ 2.40GHz,FloydWarshall,TWO_D,1254,1254,1,1024,1,5,44.723,2.401,0.003,-1,-1,-1
Intel Xeon CPU E5-2695 v2 @ 2.40GHz,FloydWarshall,TWO_D,1254,1254,1,2048,1,5,44.656,2.426,0.004,-1,-1,-1
Intel Xeon CPU E5-2695 v2 @ 2.40GHz,FloydWarshall,TWO_D,1254,1254,1,4096,1,5,44.782,2.381,0.004,-1,-1,-1
Intel Xeon CPU E5-2695 v2 @ 2.40GHz,FloydWarshall,TWO_D,1254,1254,1,8192,1,5,44.763,2.395,0.003,-1,-1,-1
Intel Xeon CPU E5-2695 v2 @ 2.40GHz,FloydWarshall,TWO_D,1254,1254,2,1,1,5,44.746,2.389,0.003,1143.12,7.677,1.794
Intel Xeon CPU E5-2695 v2 @ 2.40GHz,FloydWarshall,TWO_D,1254,1254,2,2,1,5,44.985,3.481,0.004,776.241,7.062,1.9
Intel Xeon CPU E5-2695 v2 @ 2.40GHz,FloydWarshall,TWO_D,1254,1254,2,4,1,5,45.021,3.417,0.004,-1,-1,-1
Intel Xeon CPU E5-2695 v2 @ 2.40GHz,FloydWarshall,TWO_D,1254,1254,2,8,1,5,45.321,2.51,0.002,-1,-1,-1
Intel Xeon CPU E5-2695 v2 @ 2.40GHz,FloydWarshall,TWO_D,1254,1254,2,16,1,5,44.768,2.48,0.017,-1,-1,-1
Intel Xeon CPU E5-2695 v2 @ 2.40GHz,FloydWarshall,TWO_D,1254,1254,2,32,1,5,44.755,2.429,0.004,-1,-1,-1
Intel Xeon CPU E5-2695 v2 @ 2.40GHz,FloydWarshall,TWO_D,1254,1254,2,64,1,5,45.111,2.518,0.003,-1,-1,-1
Intel Xeon CPU E5-2695 v2 @ 2.40GHz,FloydWarshall,TWO_D,1254,1254,2,128,1,5,45.193,2.426,0.003,-1,-1,-1
Intel Xeon CPU E5-2695 v2 @ 2.40GHz,FloydWarshall,TWO_D,1254,1254,2,256,1,5,45.494,2.687,0.017,-1,-1,-1
Intel Xeon CPU E5-2695 v2 @ 2.40GHz,FloydWarshall,TWO_D,1254,1254,2,512,1,5,44.897,2.447,0.006,-1,-1,-1
Intel Xeon CPU E5-2695 v2 @ 2.40GHz,FloydWarshall,TWO_D,1254,1254,2,1024,1,5,44.823,2.495,0.003,-1,-1,-1
Intel Xeon CPU E5-2695 v2 @ 2.40GHz,FloydWarshall,TWO_D,1254,1254,2,2048,1,5,45.036,2.395,0.003,-1,-1,-1
Intel Xeon CPU E5-2695 v2 @ 2.40GHz,FloydWarshall,TWO_D,1254,1254,2,4096,1,5,44.803,2.388,0.003,-1,-1,-1
Intel Xeon CPU E5-2695 v2 @ 2.40GHz,FloydWarshall,TWO_D,1254,1254,4,1,1,5,44.58,2.49,0.003,-1,-1,-1
Intel Xeon CPU E5-2695 v2 @ 2.40GHz,FloydWarshall,TWO_D,1254,1254,4,2,1,5,44.918,2.558,0.004,-1,-1,-1
Intel Xeon CPU E5-2695 v2 @ 2.40GHz,FloydWarshall,TWO_D,1254,1254,4,4,1,5,44.755,2.366,0.003,-1,-1,-1
Intel Xeon CPU E5-2695 v2 @ 2.40GHz,FloydWarshall,TWO_D,1254,1254,4,8,1,5,44.896,2.387,0.003,-1,-1,-1
Intel Xeon CPU E5-2695 v2 @ 2.40GHz,FloydWarshall,TWO_D,1254,1254,4,16,1,5,44.902,2.487,0.004,-1,-1,-1
Intel Xeon CPU E5-2695 v2 @ 2.40GHz,FloydWarshall,TWO_D,1254,1254,4,32,1,5,44.698,2.532,0.016,-1,-1,-1
Intel Xeon CPU E5-2695 v2 @ 2.40GHz,FloydWarshall,TWO_D,1254,1254,4,64,1,5,44.847,3.143,0.003,-1,-1,-1
Intel Xeon CPU E5-2695 v2 @ 2.40GHz,FloydWarshall,TWO_D,1254,1254,4,128,1,5,44.761,2.488,0.002,-1,-1,-1
Intel Xeon CPU E5-2695 v2 @ 2.40GHz,FloydWarshall,TWO_D,1254,1254,4,256,1,5,44.499,2.495,0.003,-1,-1,-1
Intel Xeon CPU E5-2695 v2 @ 2.40GHz,FloydWarshall,TWO_D,1254,1254,4,512,1,5,44.622,2.433,0.002,-1,-1,-1
Intel Xeon CPU E5-2695 v2 @ 2.40GHz,FloydWarshall,TWO_D,1254,1254,4,1024,1,5,44.791,2.397,0.003,-1,-1,-1
Intel Xeon CPU E5-2695 v2 @ 2.40GHz,FloydWarshall,TWO_D,1254,1254,4,2048,1,5,44.847,2.425,0.003,-1,-1,-1
Intel Xeon CPU E5-2695 v2 @ 2.40GHz,FloydWarshall,TWO_D,1254,1254,8,1,1,5,44.884,2.429,0.003,-1,-1,-1
Intel Xeon CPU E5-2695 v2 @ 2.40GHz,FloydWarshall,TWO_D,1254,1254,8,2,1,5,45.323,2.441,0.002,-1,-1,-1
Intel Xeon CPU E5-2695 v2 @ 2.40GHz,FloydWarshall,TWO_D,1254,1254,8,4,1,5,44.713,2.425,0.003,-1,-1,-1
Intel Xeon CPU E5-2695 v2 @ 2.40GHz,FloydWarshall,TWO_D,1254,1254,8,8,1,5,44.477,2.381,0.003,-1,-1,-1
Intel Xeon CPU E5-2695 v2 @ 2.40GHz,FloydWarshall,TWO_D,1254,1254,8,16,1,5,46.445,2.423,0.003,-1,-1,-1
Intel Xeon CPU E5-2695 v2 @ 2.40GHz,FloydWarshall,TWO_D,1254,1254,8,32,1,5,46.22,2.505,0.003,-1,-1,-1
Intel Xeon CPU E5-2695 v2 @ 2.40GHz,FloydWarshall,TWO_D,1254,1254,8,64,1,5,46.139,2.39,0.002,-1,-1,-1
Intel Xeon CPU E5-2695 v2 @ 2.40GHz,FloydWarshall,TWO_D,1254,1254,8,128,1,5,46.349,2.67,0.004,-1,-1,-1
Intel Xeon CPU E5-2695 v2 @ 2.40GHz,FloydWarshall,TWO_D,1254,1254,8,256,1,5,46.323,3.084,0.018,-1,-1,-1
Intel Xeon CPU E5-2695 v2 @ 2.40GHz,FloydWarshall,TWO_D,1254,1254,8,512,1,5,46.853,2.798,0.003,-1,-1,-1
Intel Xeon CPU E5-2695 v2 @ 2.40GHz,FloydWarshall,TWO_D,1254,1254,8,1024,1,5,46.394,2.616,0.005,-1,-1,-1
Intel Xeon CPU E5-2695 v2 @ 2.40GHz,FloydWarshall,TWO_D,1254,1254,16,1,1,5,46.291,2.482,0.003,-1,-1,-1
Intel Xeon CPU E5-2695 v2 @ 2.40GHz,FloydWarshall,TWO_D,1254,1254,16,2,1,5,46.844,2.716,0.003,-1,-1,-1
Intel Xeon CPU E5-2695 v2 @ 2.40GHz,FloydWarshall,TWO_D,1254,1254,16,4,1,5,46.461,2.563,0.018,-1,-1,-1
Intel Xeon CPU E5-2695 v2 @ 2.40GHz,FloydWarshall,TWO_D,1254,1254,16,8,1,5,46.372,2.687,0.003,-1,-1,-1
Intel Xeon CPU E5-2695 v2 @ 2.40GHz,FloydWarshall,TWO_D,1254,1254,16,16,1,5,46.239,2.843,0.003,-1,-1,-1
Intel Xeon CPU E5-2695 v2 @ 2.40GHz,FloydWarshall,TWO_D,1254,1254,16,32,1,5,46.486,2.598,0.003,-1,-1,-1
Intel Xeon CPU E5-2695 v2 @ 2.40GHz,FloydWarshall,TWO_D,1254,1254,16,64,1,5,46.693,2.517,0.004,-1,-1,-1
Intel Xeon CPU E5-2695 v2 @ 2.40GHz,FloydWarshall,TWO_D,1254,1254,16,128,1,5,47.13,2.518,0.003,-1,-1,-1
Intel Xeon CPU E5-2695 v2 @ 2.40GHz,FloydWarshall,TWO_D,1254,1254,16,256,1,5,46.438,2.496,0.004,-1,-1,-1
Intel Xeon CPU E5-2695 v2 @ 2.40GHz,FloydWarshall,TWO_D,1254,1254,16,512,1,5,46.189,2.672,0.016,-1,-1,-1
Intel Xeon CPU E5-2695 v2 @ 2.40GHz,FloydWarshall,TWO_D,1254,1254,32,1,1,5,46.628,2.857,0.004,-1,-1,-1
Intel Xeon CPU E5-2695 v2 @ 2.40GHz,FloydWarshall,TWO_D,1254,1254,32,2,1,5,46.316,2.58,0.003,-1,-1,-1
Intel Xeon CPU E5-2695 v2 @ 2.40GHz,FloydWarshall,TWO_D,1254,1254,32,4,1,5,46.502,2.464,0.004,-1,-1,-1
Intel Xeon CPU E5-2695 v2 @ 2.40GHz,FloydWarshall,TWO_D,1254,1254,32,8,1,5,46.447,2.467,0.003,-1,-1,-1
Intel Xeon CPU E5-2695 v2 @ 2.40GHz,FloydWarshall,TWO_D,1254,1254,32,16,1,5,46.122,2.452,0.003,-1,-1,-1
Intel Xeon CPU E5-2695 v2 @ 2.40GHz,FloydWarshall,TWO_D,1254,1254,32,32,1,5,46.386,2.493,0.003,-1,-1,-1
Intel Xeon CPU E5-2695 v2 @ 2.40GHz,FloydWarshall,TWO_D,1254,1254,32,64,1,5,46.283,2.493,0.003,-1,-1,-1
Intel Xeon CPU E5-2695 v2 @ 2.40GHz,FloydWarshall,TWO_D,1254,1254,32,128,1,5,46.231,2.496,0.003,-1,-1,-1
Intel Xeon CPU E5-2695 v2 @ 2.40GHz,FloydWarshall,TWO_D,1254,1254,32,256,1,5,46.075,2.467,0.003,-1,-1,-1
Intel Xeon CPU E5-2695 v2 @ 2.40GHz,FloydWarshall,TWO_D,1254,1254,64,1,1,5,46.38,2.499,0.003,-1,-1,-1
Intel Xeon CPU E5-2695 v2 @ 2.40GHz,FloydWarshall,TWO_D,1254,1254,64,2,1,5,46.542,2.505,0.002,-1,-1,-1
Intel Xeon CPU E5-2695 v2 @ 2.40GHz,FloydWarshall,TWO_D,1254,1254,64,4,1,5,46.446,2.456,0.003,-1,-1,-1
Intel Xeon CPU E5-2695 v2 @ 2.40GHz,FloydWarshall,TWO_D,1254,1254,64,8,1,5,46.327,2.445,0.018,-1,-1,-1
Intel Xeon CPU E5-2695 v2 @ 2.40GHz,FloydWarshall,TWO_D,1254,1254,64,16,1,5,46.537,2.673,0.003,-1,-1,-1
Intel Xeon CPU E5-2695 v2 @ 2.40GHz,FloydWarshall,TWO_D,1254,1254,64,32,1,5,46.59,2.638,0.003,-1,-1,-1
Intel Xeon CPU E5-2695 v2 @ 2.40GHz,FloydWarshall,TWO_D,1254,1254,64,64,1,5,46.611,2.53,0.003,-1,-1,-1
Intel Xeon CPU E5-2695 v2 @ 2.40GHz,FloydWarshall,TWO_D,1254,1254,64,128,1,5,46.285,2.499,0.002,-1,-1,-1
Intel Xeon CPU E5-2695 v2 @ 2.40GHz,FloydWarshall,TWO_D,1254,1254,128,1,1,5,46.587,2.498,0.003,-1,-1,-1
Intel Xeon CPU E5-2695 v2 @ 2.40GHz,FloydWarshall,TWO_D,1254,1254,128,2,1,5,46.54,2.493,0.002,-1,-1,-1
Intel Xeon CPU E5-2695 v2 @ 2.40GHz,FloydWarshall,TWO_D,1254,1254,128,4,1,5,46.444,2.459,0.002,-1,-1,-1
Intel Xeon CPU E5-2695 v2 @ 2.40GHz,FloydWarshall,TWO_D,1254,1254,128,8,1,5,46.215,2.477,0.003,-1,-1,-1
Intel Xeon CPU E5-2695 v2 @ 2.40GHz,FloydWarshall,TWO_D,1254,1254,128,16,1,5,46.241,2.503,0.003,-1,-1,-1
Intel Xeon CPU E5-2695 v2 @ 2.40GHz,FloydWarshall,TWO_D,1254,1254,128,32,1,5,46.285,2.468,0.003,-1,-1,-1
Intel Xeon CPU E5-2695 v2 @ 2.40GHz,FloydWarshall,TWO_D,1254,1254,128,64,1,5,46.407,2.496,0.002,-1,-1,-1
Intel Xeon CPU E5-2695 v2 @ 2.40GHz,FloydWarshall,TWO_D,1254,1254,256,1,1,5,46.545,2.479,0.003,-1,-1,-1
Intel Xeon CPU E5-2695 v2 @ 2.40GHz,FloydWarshall,TWO_D,1254,1254,256,2,1,5,46.187,2.505,0.003,-1,-1,-1
Intel Xeon CPU E5-2695 v2 @ 2.40GHz,FloydWarshall,TWO_D,1254,1254,256,4,1,5,46.352,2.47,0.003,-1,-1,-1
Intel Xeon CPU E5-2695 v2 @ 2.40GHz,FloydWarshall,TWO_D,1254,1254,256,8,1,5,46.175,2.475,0.003,-1,-1,-1
Intel Xeon CPU E5-2695 v2 @ 2.40GHz,FloydWarshall,TWO_D,1254,1254,256,16,1,5,46.46,2.473,0.002,-1,-1,-1
Intel Xeon CPU E5-2695 v2 @ 2.40GHz,FloydWarshall,TWO_D,1254,1254,256,32,1,5,46.28,2.495,0.016,-1,-1,-1
Intel Xeon CPU E5-2695 v2 @ 2.40GHz,FloydWarshall,TWO_D,1254,1254,512,1,1,5,46.778,2.73,0.004,-1,-1,-1
Intel Xeon CPU E5-2695 v2 @ 2.40GHz,FloydWarshall,TWO_D,1254,1254,512,2,1,5,46.901,2.895,0.003,-1,-1,-1
Intel Xeon CPU E5-2695 v2 @ 2.40GHz,FloydWarshall,TWO_D,1254,1254,512,4,1,5,47.202,2.65,0.003,-1,-1,-1
Intel Xeon CPU E5-2695 v2 @ 2.40GHz,FloydWarshall,TWO_D,1254,1254,512,8,1,5,46.289,2.448,0.002,-1,-1,-1
Intel Xeon CPU E5-2695 v2 @ 2.40GHz,FloydWarshall,TWO_D,1254,1254,512,16,1,5,46.186,2.583,0.003,-1,-1,-1
Intel Xeon CPU E5-2695 v2 @ 2.40GHz,FloydWarshall,TWO_D,1254,1254,1024,1,1,5,46.37,2.58,0.004,-1,-1,-1
Intel Xeon CPU E5-2695 v2 @ 2.40GHz,FloydWarshall,TWO_D,1254,1254,1024,2,1,5,46.41,2.61,0.003,-1,-1,-1
Intel Xeon CPU E5-2695 v2 @ 2.40GHz,FloydWarshall,TWO_D,1254,1254,1024,4,1,5,46.688,2.494,0.003,-1,-1,-1
Intel Xeon CPU E5-2695 v2 @ 2.40GHz,FloydWarshall,TWO_D,1254,1254,1024,8,1,5,46.721,2.47,0.003,-1,-1,-1
Intel Xeon CPU E5-2695 v2 @ 2.40GHz,FloydWarshall,TWO_D,1254,1254,2048,1,1,5,46.444,2.473,0.003,-1,-1,-1
Intel Xeon CPU E5-2695 v2 @ 2.40GHz,FloydWarshall,TWO_D,1254,1254,2048,2,1,5,46.525,2.473,0.003,-1,-1,-1
Intel Xeon CPU E5-2695 v2 @ 2.40GHz,FloydWarshall,TWO_D,1254,1254,2048,4,1,5,46.32,2.489,0.003,-1,-1,-1
Intel Xeon CPU E5-2695 v2 @ 2.40GHz,FloydWarshall,TWO_D,1254,1254,4096,1,1,5,46.245,2.473,0.002,-1,-1,-1
Intel Xeon CPU E5-2695 v2 @ 2.40GHz,FloydWarshall,TWO_D,1254,1254,4096,2,1,5,46.426,2.468,0.003,-1,-1,-1
Intel Xeon CPU E5-2695 v2 @ 2.40GHz,FloydWarshall,TWO_D,1254,1254,8192,1,1,5,46.319,2.484,0.018,-1,-1,-1
