device/C,kernel/C,workDimension/C,width/F,height/F,xLocal/I,yLocal/I,zLocal/I,MB/F,init/F,memoryCopyOut/F,plan/F,execute/F,memoryCopyIn/F,cleanUp/F
Intel Xeon CPU E5-2695 v2 @ 2.40GHz,FloydWarshall,TWO_D,1619,1619,1,1,1,9,81.639,5.754,0.007,4024.08,6.545,1.545
Intel Xeon CPU E5-2695 v2 @ 2.40GHz,FloydWarshall,TWO_D,1619,1619,1,2,1,9,74.724,5.956,0.005,-1,-1,-1
Intel Xeon CPU E5-2695 v2 @ 2.40GHz,FloydWarshall,TWO_D,1619,1619,1,4,1,9,74.402,4.815,0.006,-1,-1,-1
Intel Xeon CPU E5-2695 v2 @ 2.40GHz,FloydWarshall,TWO_D,1619,1619,1,8,1,9,74.304,5.219,0.006,-1,-1,-1
Intel Xeon CPU E5-2695 v2 @ 2.40GHz,FloydWarshall,TWO_D,1619,1619,1,16,1,9,74.37,5.13,0.02,-1,-1,-1
Intel Xeon CPU E5-2695 v2 @ 2.40GHz,FloydWarshall,TWO_D,1619,1619,1,32,1,9,74.566,5.17,0.006,-1,-1,-1
Intel Xeon CPU E5-2695 v2 @ 2.40GHz,FloydWarshall,TWO_D,1619,1619,1,64,1,9,74.444,4.941,0.006,-1,-1,-1
Intel Xeon CPU E5-2695 v2 @ 2.40GHz,FloydWarshall,TWO_D,1619,1619,1,128,1,9,74.705,5.035,0.006,-1,-1,-1
Intel Xeon CPU E5-2695 v2 @ 2.40GHz,FloydWarshall,TWO_D,1619,1619,1,256,1,9,75.455,5.295,0.007,-1,-1,-1
Intel Xeon CPU E5-2695 v2 @ 2.40GHz,FloydWarshall,TWO_D,1619,1619,1,512,1,9,74.663,4.919,0.005,-1,-1,-1
Intel Xeon CPU E5-2695 v2 @ 2.40GHz,FloydWarshall,TWO_D,1619,1619,1,1024,1,9,74.554,5.255,0.007,-1,-1,-1
Intel Xeon CPU E5-2695 v2 @ 2.40GHz,FloydWarshall,TWO_D,1619,1619,1,2048,1,9,74.787,5.123,0.006,-1,-1,-1
Intel Xeon CPU E5-2695 v2 @ 2.40GHz,FloydWarshall,TWO_D,1619,1619,1,4096,1,9,74.681,4.946,0.005,-1,-1,-1
Intel Xeon CPU E5-2695 v2 @ 2.40GHz,FloydWarshall,TWO_D,1619,1619,1,8192,1,9,74.454,4.955,0.018,-1,-1,-1
Intel Xeon CPU E5-2695 v2 @ 2.40GHz,FloydWarshall,TWO_D,1619,1619,2,1,1,9,74.608,5.255,0.006,-1,-1,-1
Intel Xeon CPU E5-2695 v2 @ 2.40GHz,FloydWarshall,TWO_D,1619,1619,2,2,1,9,74.554,4.885,0.019,-1,-1,-1
Intel Xeon CPU E5-2695 v2 @ 2.40GHz,FloydWarshall,TWO_D,1619,1619,2,4,1,9,74.635,5.18,0.005,-1,-1,-1
Intel Xeon CPU E5-2695 v2 @ 2.40GHz,FloydWarshall,TWO_D,1619,1619,2,8,1,9,74.427,4.95,0.005,-1,-1,-1
Intel Xeon CPU E5-2695 v2 @ 2.40GHz,FloydWarshall,TWO_D,1619,1619,2,16,1,9,74.574,5.027,0.005,-1,-1,-1
Intel Xeon CPU E5-2695 v2 @ 2.40GHz,FloydWarshall,TWO_D,1619,1619,2,32,1,9,75.074,5.049,0.005,-1,-1,-1
Intel Xeon CPU E5-2695 v2 @ 2.40GHz,FloydWarshall,TWO_D,1619,1619,2,64,1,9,77.039,5.03,0.006,-1,-1,-1
Intel Xeon CPU E5-2695 v2 @ 2.40GHz,FloydWarshall,TWO_D,1619,1619,2,128,1,9,77.338,5.854,0.007,-1,-1,-1
Intel Xeon CPU E5-2695 v2 @ 2.40GHz,FloydWarshall,TWO_D,1619,1619,2,256,1,9,77.024,5.088,0.007,-1,-1,-1
Intel Xeon CPU E5-2695 v2 @ 2.40GHz,FloydWarshall,TWO_D,1619,1619,2,512,1,9,77.316,5.272,0.006,-1,-1,-1
Intel Xeon CPU E5-2695 v2 @ 2.40GHz,FloydWarshall,TWO_D,1619,1619,2,1024,1,9,77.318,4.974,0.006,-1,-1,-1
Intel Xeon CPU E5-2695 v2 @ 2.40GHz,FloydWarshall,TWO_D,1619,1619,2,2048,1,9,77.479,5.037,0.005,-1,-1,-1
Intel Xeon CPU E5-2695 v2 @ 2.40GHz,FloydWarshall,TWO_D,1619,1619,2,4096,1,9,77.307,5.008,0.01,-1,-1,-1
Intel Xeon CPU E5-2695 v2 @ 2.40GHz,FloydWarshall,TWO_D,1619,1619,4,1,1,9,77.033,4.953,0.007,-1,-1,-1
Intel Xeon CPU E5-2695 v2 @ 2.40GHz,FloydWarshall,TWO_D,1619,1619,4,2,1,9,77.699,5.105,0.006,-1,-1,-1
Intel Xeon CPU E5-2695 v2 @ 2.40GHz,FloydWarshall,TWO_D,1619,1619,4,4,1,9,78.277,5.075,0.006,-1,-1,-1
Intel Xeon CPU E5-2695 v2 @ 2.40GHz,FloydWarshall,TWO_D,1619,1619,4,8,1,9,77.166,5.011,0.006,-1,-1,-1
Intel Xeon CPU E5-2695 v2 @ 2.40GHz,FloydWarshall,TWO_D,1619,1619,4,16,1,9,77.089,5.003,0.005,-1,-1,-1
Intel Xeon CPU E5-2695 v2 @ 2.40GHz,FloydWarshall,TWO_D,1619,1619,4,32,1,9,77.546,5.025,0.005,-1,-1,-1
Intel Xeon CPU E5-2695 v2 @ 2.40GHz,FloydWarshall,TWO_D,1619,1619,4,64,1,9,77.132,5.005,0.021,-1,-1,-1
Intel Xeon CPU E5-2695 v2 @ 2.40GHz,FloydWarshall,TWO_D,1619,1619,4,128,1,9,77.438,5.269,0.005,-1,-1,-1
Intel Xeon CPU E5-2695 v2 @ 2.40GHz,FloydWarshall,TWO_D,1619,1619,4,256,1,9,77.236,4.993,0.004,-1,-1,-1
Intel Xeon CPU E5-2695 v2 @ 2.40GHz,FloydWarshall,TWO_D,1619,1619,4,512,1,9,77.733,5.045,0.004,-1,-1,-1
Intel Xeon CPU E5-2695 v2 @ 2.40GHz,FloydWarshall,TWO_D,1619,1619,4,1024,1,9,77.032,5.007,0.006,-1,-1,-1
Intel Xeon CPU E5-2695 v2 @ 2.40GHz,FloydWarshall,TWO_D,1619,1619,4,2048,1,9,77.248,5.036,0.006,-1,-1,-1
Intel Xeon CPU E5-2695 v2 @ 2.40GHz,FloydWarshall,TWO_D,1619,1619,8,1,1,9,77.222,5.049,0.006,-1,-1,-1
Intel Xeon CPU E5-2695 v2 @ 2.40GHz,FloydWarshall,TWO_D,1619,1619,8,2,1,9,76.792,5.519,0.003,-1,-1,-1
Intel Xeon CPU E5-2695 v2 @ 2.40GHz,FloydWarshall,TWO_D,1619,1619,8,4,1,9,77.438,5.043,0.005,-1,-1,-1
Intel Xeon CPU E5-2695 v2 @ 2.40GHz,FloydWarshall,TWO_D,1619,1619,8,8,1,9,77.026,5.06,0.005,-1,-1,-1
Intel Xeon CPU E5-2695 v2 @ 2.40GHz,FloydWarshall,TWO_D,1619,1619,8,16,1,9,76.999,5.018,0.005,-1,-1,-1
Intel Xeon CPU E5-2695 v2 @ 2.40GHz,FloydWarshall,TWO_D,1619,1619,8,32,1,9,77.096,5.039,0.004,-1,-1,-1
Intel Xeon CPU E5-2695 v2 @ 2.40GHz,FloydWarshall,TWO_D,1619,1619,8,64,1,9,76.978,4.984,0.006,-1,-1,-1
Intel Xeon CPU E5-2695 v2 @ 2.40GHz,FloydWarshall,TWO_D,1619,1619,8,128,1,9,77.188,5.001,0.007,-1,-1,-1
Intel Xeon CPU E5-2695 v2 @ 2.40GHz,FloydWarshall,TWO_D,1619,1619,8,256,1,9,77.098,5.019,0.006,-1,-1,-1
Intel Xeon CPU E5-2695 v2 @ 2.40GHz,FloydWarshall,TWO_D,1619,1619,8,512,1,9,77.342,5.021,0.005,-1,-1,-1
Intel Xeon CPU E5-2695 v2 @ 2.40GHz,FloydWarshall,TWO_D,1619,1619,8,1024,1,9,78.093,5.075,0.006,-1,-1,-1
Intel Xeon CPU E5-2695 v2 @ 2.40GHz,FloydWarshall,TWO_D,1619,1619,16,1,1,9,77.436,5.453,0.006,-1,-1,-1
Intel Xeon CPU E5-2695 v2 @ 2.40GHz,FloydWarshall,TWO_D,1619,1619,16,2,1,9,76.751,5.411,0.007,-1,-1,-1
Intel Xeon CPU E5-2695 v2 @ 2.40GHz,FloydWarshall,TWO_D,1619,1619,16,4,1,9,77.163,4.939,0.006,-1,-1,-1
Intel Xeon CPU E5-2695 v2 @ 2.40GHz,FloydWarshall,TWO_D,1619,1619,16,8,1,9,76.948,5.32,0.007,-1,-1,-1
Intel Xeon CPU E5-2695 v2 @ 2.40GHz,FloydWarshall,TWO_D,1619,1619,16,16,1,9,77.535,4.839,0.006,-1,-1,-1
Intel Xeon CPU E5-2695 v2 @ 2.40GHz,FloydWarshall,TWO_D,1619,1619,16,32,1,9,76.691,4.818,0.02,-1,-1,-1
Intel Xeon CPU E5-2695 v2 @ 2.40GHz,FloydWarshall,TWO_D,1619,1619,16,64,1,9,77.099,4.905,0.006,-1,-1,-1
Intel Xeon CPU E5-2695 v2 @ 2.40GHz,FloydWarshall,TWO_D,1619,1619,16,128,1,9,76.704,4.804,0.005,-1,-1,-1
Intel Xeon CPU E5-2695 v2 @ 2.40GHz,FloydWarshall,TWO_D,1619,1619,16,256,1,9,77.01,4.831,0.005,-1,-1,-1
Intel Xeon CPU E5-2695 v2 @ 2.40GHz,FloydWarshall,TWO_D,1619,1619,16,512,1,9,77.189,4.832,0.007,-1,-1,-1
Intel Xeon CPU E5-2695 v2 @ 2.40GHz,FloydWarshall,TWO_D,1619,1619,32,1,1,9,77.349,5.28,0.005,-1,-1,-1
Intel Xeon CPU E5-2695 v2 @ 2.40GHz,FloydWarshall,TWO_D,1619,1619,32,2,1,9,76.954,5.276,0.006,-1,-1,-1
Intel Xeon CPU E5-2695 v2 @ 2.40GHz,FloydWarshall,TWO_D,1619,1619,32,4,1,9,77.348,5.327,0.005,-1,-1,-1
Intel Xeon CPU E5-2695 v2 @ 2.40GHz,FloydWarshall,TWO_D,1619,1619,32,8,1,9,76.994,5.21,0.006,-1,-1,-1
Intel Xeon CPU E5-2695 v2 @ 2.40GHz,FloydWarshall,TWO_D,1619,1619,32,16,1,9,77.147,5.347,0.006,-1,-1,-1
Intel Xeon CPU E5-2695 v2 @ 2.40GHz,FloydWarshall,TWO_D,1619,1619,32,32,1,9,77.138,5.295,0.006,-1,-1,-1
Intel Xeon CPU E5-2695 v2 @ 2.40GHz,FloydWarshall,TWO_D,1619,1619,32,64,1,9,76.815,5.34,0.007,-1,-1,-1
Intel Xeon CPU E5-2695 v2 @ 2.40GHz,FloydWarshall,TWO_D,1619,1619,32,128,1,9,77.352,5.337,0.006,-1,-1,-1
Intel Xeon CPU E5-2695 v2 @ 2.40GHz,FloydWarshall,TWO_D,1619,1619,32,256,1,9,77.004,5.189,0.024,-1,-1,-1
Intel Xeon CPU E5-2695 v2 @ 2.40GHz,FloydWarshall,TWO_D,1619,1619,64,1,1,9,77.417,5.661,0.005,-1,-1,-1
Intel Xeon CPU E5-2695 v2 @ 2.40GHz,FloydWarshall,TWO_D,1619,1619,64,2,1,9,77.926,5.469,0.005,-1,-1,-1
Intel Xeon CPU E5-2695 v2 @ 2.40GHz,FloydWarshall,TWO_D,1619,1619,64,4,1,9,76.975,5.229,0.005,-1,-1,-1
Intel Xeon CPU E5-2695 v2 @ 2.40GHz,FloydWarshall,TWO_D,1619,1619,64,8,1,9,77.017,5.337,0.005,-1,-1,-1
Intel Xeon CPU E5-2695 v2 @ 2.40GHz,FloydWarshall,TWO_D,1619,1619,64,16,1,9,77.194,5.342,0.005,-1,-1,-1
Intel Xeon CPU E5-2695 v2 @ 2.40GHz,FloydWarshall,TWO_D,1619,1619,64,32,1,9,76.668,5.158,0.019,-1,-1,-1
Intel Xeon CPU E5-2695 v2 @ 2.40GHz,FloydWarshall,TWO_D,1619,1619,64,64,1,9,77.157,5.323,0.006,-1,-1,-1
Intel Xeon CPU E5-2695 v2 @ 2.40GHz,FloydWarshall,TWO_D,1619,1619,64,128,1,9,76.905,5.181,0.005,-1,-1,-1
Intel Xeon CPU E5-2695 v2 @ 2.40GHz,FloydWarshall,TWO_D,1619,1619,128,1,1,9,77.428,5.282,0.006,-1,-1,-1
Intel Xeon CPU E5-2695 v2 @ 2.40GHz,FloydWarshall,TWO_D,1619,1619,128,2,1,9,77.182,5.29,0.006,-1,-1,-1
Intel Xeon CPU E5-2695 v2 @ 2.40GHz,FloydWarshall,TWO_D,1619,1619,128,4,1,9,77.254,4.658,0.005,-1,-1,-1
Intel Xeon CPU E5-2695 v2 @ 2.40GHz,FloydWarshall,TWO_D,1619,1619,128,8,1,9,77.167,4.686,0.005,-1,-1,-1
Intel Xeon CPU E5-2695 v2 @ 2.40GHz,FloydWarshall,TWO_D,1619,1619,128,16,1,9,77.61,4.488,0.005,-1,-1,-1
Intel Xeon CPU E5-2695 v2 @ 2.40GHz,FloydWarshall,TWO_D,1619,1619,128,32,1,9,77.132,4.465,0.005,-1,-1,-1
Intel Xeon CPU E5-2695 v2 @ 2.40GHz,FloydWarshall,TWO_D,1619,1619,128,64,1,9,77.326,4.463,0.019,-1,-1,-1
Intel Xeon CPU E5-2695 v2 @ 2.40GHz,FloydWarshall,TWO_D,1619,1619,256,1,1,9,76.929,5.297,0.005,-1,-1,-1
Intel Xeon CPU E5-2695 v2 @ 2.40GHz,FloydWarshall,TWO_D,1619,1619,256,2,1,9,77.279,5.25,0.005,-1,-1,-1
Intel Xeon CPU E5-2695 v2 @ 2.40GHz,FloydWarshall,TWO_D,1619,1619,256,4,1,9,77.258,5.317,0.02,-1,-1,-1
Intel Xeon CPU E5-2695 v2 @ 2.40GHz,FloydWarshall,TWO_D,1619,1619,256,8,1,9,77.195,5.328,0.005,-1,-1,-1
Intel Xeon CPU E5-2695 v2 @ 2.40GHz,FloydWarshall,TWO_D,1619,1619,256,16,1,9,76.994,5.265,0.006,-1,-1,-1
Intel Xeon CPU E5-2695 v2 @ 2.40GHz,FloydWarshall,TWO_D,1619,1619,256,32,1,9,76.919,5.316,0.005,-1,-1,-1
Intel Xeon CPU E5-2695 v2 @ 2.40GHz,FloydWarshall,TWO_D,1619,1619,512,1,1,9,77.537,5.38,0.005,-1,-1,-1
Intel Xeon CPU E5-2695 v2 @ 2.40GHz,FloydWarshall,TWO_D,1619,1619,512,2,1,9,78.087,5.481,0.004,-1,-1,-1
Intel Xeon CPU E5-2695 v2 @ 2.40GHz,FloydWarshall,TWO_D,1619,1619,512,4,1,9,76.962,5.274,0.005,-1,-1,-1
Intel Xeon CPU E5-2695 v2 @ 2.40GHz,FloydWarshall,TWO_D,1619,1619,512,8,1,9,77.342,5.304,0.005,-1,-1,-1
Intel Xeon CPU E5-2695 v2 @ 2.40GHz,FloydWarshall,TWO_D,1619,1619,512,16,1,9,77.036,5.251,0.023,-1,-1,-1
Intel Xeon CPU E5-2695 v2 @ 2.40GHz,FloydWarshall,TWO_D,1619,1619,1024,1,1,9,76.996,5.347,0.006,-1,-1,-1
Intel Xeon CPU E5-2695 v2 @ 2.40GHz,FloydWarshall,TWO_D,1619,1619,1024,2,1,9,77.036,5.205,0.005,-1,-1,-1
Intel Xeon CPU E5-2695 v2 @ 2.40GHz,FloydWarshall,TWO_D,1619,1619,1024,4,1,9,76.799,5.349,0.005,-1,-1,-1
Intel Xeon CPU E5-2695 v2 @ 2.40GHz,FloydWarshall,TWO_D,1619,1619,1024,8,1,9,77.41,5.325,0.006,-1,-1,-1
Intel Xeon CPU E5-2695 v2 @ 2.40GHz,FloydWarshall,TWO_D,1619,1619,2048,1,1,9,77.116,5.214,0.005,-1,-1,-1
Intel Xeon CPU E5-2695 v2 @ 2.40GHz,FloydWarshall,TWO_D,1619,1619,2048,2,1,9,77.287,5.359,0.005,-1,-1,-1
Intel Xeon CPU E5-2695 v2 @ 2.40GHz,FloydWarshall,TWO_D,1619,1619,2048,4,1,9,77.461,5.342,0.005,-1,-1,-1
Intel Xeon CPU E5-2695 v2 @ 2.40GHz,FloydWarshall,TWO_D,1619,1619,4096,1,1,9,77.395,5.32,0.005,-1,-1,-1
Intel Xeon CPU E5-2695 v2 @ 2.40GHz,FloydWarshall,TWO_D,1619,1619,4096,2,1,9,77.271,5.365,0.005,-1,-1,-1
Intel Xeon CPU E5-2695 v2 @ 2.40GHz,FloydWarshall,TWO_D,1619,1619,8192,1,1,9,77.275,5.337,0.006,-1,-1,-1
