device/C,kernel/C,workDimension/C,width/F,height/F,xLocal/I,yLocal/I,zLocal/I,MB/F,init/F,memoryCopyOut/F,plan/F,execute/F,memoryCopyIn/F,cleanUp/F
Intel Xeon CPU E5-2695 v2 @ 2.40GHz,MatrixTranspose,TWO_D,2172,2172,1,1,1,17,124.008,11.437,0.009,9.891,13.856,2.848
Intel Xeon CPU E5-2695 v2 @ 2.40GHz,MatrixTranspose,TWO_D,2172,2172,1,2,1,17,122.129,11.422,0.01,7.285,13.926,2.886
Intel Xeon CPU E5-2695 v2 @ 2.40GHz,MatrixTranspose,TWO_D,2172,2172,1,4,1,17,121.669,11.19,0.007,7.193,14.065,3.169
Intel Xeon CPU E5-2695 v2 @ 2.40GHz,MatrixTranspose,TWO_D,2172,2172,1,8,1,17,122.166,11.391,0.009,-1,-1,-1
Intel Xeon CPU E5-2695 v2 @ 2.40GHz,MatrixTranspose,TWO_D,2172,2172,1,16,1,17,122.503,11.164,0.006,-1,-1,-1
Intel Xeon CPU E5-2695 v2 @ 2.40GHz,MatrixTranspose,TWO_D,2172,2172,1,32,1,17,122.404,11.377,0.009,-1,-1,-1
Intel Xeon CPU E5-2695 v2 @ 2.40GHz,MatrixTranspose,TWO_D,2172,2172,1,64,1,17,122.296,11.369,0.009,-1,-1,-1
Intel Xeon CPU E5-2695 v2 @ 2.40GHz,MatrixTranspose,TWO_D,2172,2172,1,128,1,17,121.332,14.358,0.009,-1,-1,-1
Intel Xeon CPU E5-2695 v2 @ 2.40GHz,MatrixTranspose,TWO_D,2172,2172,1,256,1,17,121.959,11.291,0.007,-1,-1,-1
Intel Xeon CPU E5-2695 v2 @ 2.40GHz,MatrixTranspose,TWO_D,2172,2172,1,512,1,17,121.866,11.316,0.006,-1,-1,-1
Intel Xeon CPU E5-2695 v2 @ 2.40GHz,MatrixTranspose,TWO_D,2172,2172,1,1024,1,17,122.239,11.485,0.007,-1,-1,-1
Intel Xeon CPU E5-2695 v2 @ 2.40GHz,MatrixTranspose,TWO_D,2172,2172,1,2048,1,17,121.881,11.509,0.007,-1,-1,-1
Intel Xeon CPU E5-2695 v2 @ 2.40GHz,MatrixTranspose,TWO_D,2172,2172,1,4096,1,17,123.283,12.045,0.008,-1,-1,-1
Intel Xeon CPU E5-2695 v2 @ 2.40GHz,MatrixTranspose,TWO_D,2172,2172,1,8192,1,17,122.258,11.635,0.009,-1,-1,-1
Intel Xeon CPU E5-2695 v2 @ 2.40GHz,MatrixTranspose,TWO_D,2172,2172,2,1,1,17,121.532,12.035,0.006,6.021,7.373,2.278
Intel Xeon CPU E5-2695 v2 @ 2.40GHz,MatrixTranspose,TWO_D,2172,2172,2,2,1,17,121.894,10.699,0.008,9.14,7.375,2.956
Intel Xeon CPU E5-2695 v2 @ 2.40GHz,MatrixTranspose,TWO_D,2172,2172,2,4,1,17,121.81,10.806,0.007,5.089,13.861,2.59
Intel Xeon CPU E5-2695 v2 @ 2.40GHz,MatrixTranspose,TWO_D,2172,2172,2,8,1,17,122.26,11.155,0.009,-1,-1,-1
Intel Xeon CPU E5-2695 v2 @ 2.40GHz,MatrixTranspose,TWO_D,2172,2172,2,16,1,17,122.023,11.267,0.009,-1,-1,-1
Intel Xeon CPU E5-2695 v2 @ 2.40GHz,MatrixTranspose,TWO_D,2172,2172,2,32,1,17,122.171,10.8,0.01,-1,-1,-1
Intel Xeon CPU E5-2695 v2 @ 2.40GHz,MatrixTranspose,TWO_D,2172,2172,2,64,1,17,122.131,10.8,0.009,-1,-1,-1
Intel Xeon CPU E5-2695 v2 @ 2.40GHz,MatrixTranspose,TWO_D,2172,2172,2,128,1,17,122.134,11.401,0.009,-1,-1,-1
Intel Xeon CPU E5-2695 v2 @ 2.40GHz,MatrixTranspose,TWO_D,2172,2172,2,256,1,17,122.03,11.536,0.008,-1,-1,-1
Intel Xeon CPU E5-2695 v2 @ 2.40GHz,MatrixTranspose,TWO_D,2172,2172,2,512,1,17,122.197,12.58,0.01,-1,-1,-1
Intel Xeon CPU E5-2695 v2 @ 2.40GHz,MatrixTranspose,TWO_D,2172,2172,2,1024,1,17,122.247,11.252,0.009,-1,-1,-1
Intel Xeon CPU E5-2695 v2 @ 2.40GHz,MatrixTranspose,TWO_D,2172,2172,2,2048,1,17,123.898,11.299,0.007,-1,-1,-1
Intel Xeon CPU E5-2695 v2 @ 2.40GHz,MatrixTranspose,TWO_D,2172,2172,2,4096,1,17,122.216,12.059,0.007,-1,-1,-1
Intel Xeon CPU E5-2695 v2 @ 2.40GHz,MatrixTranspose,TWO_D,2172,2172,4,1,1,17,121.666,12.045,0.007,4.444,9.674,3.24
Intel Xeon CPU E5-2695 v2 @ 2.40GHz,MatrixTranspose,TWO_D,2172,2172,4,2,1,17,121.862,10.44,0.006,4.764,9.672,2.846
Intel Xeon CPU E5-2695 v2 @ 2.40GHz,MatrixTranspose,TWO_D,2172,2172,4,4,1,17,121.889,10.768,0.009,4.209,9.882,3.033
Intel Xeon CPU E5-2695 v2 @ 2.40GHz,MatrixTranspose,TWO_D,2172,2172,4,8,1,17,122.274,10.69,0.007,-1,-1,-1
Intel Xeon CPU E5-2695 v2 @ 2.40GHz,MatrixTranspose,TWO_D,2172,2172,4,16,1,17,122.266,11.313,0.009,-1,-1,-1
Intel Xeon CPU E5-2695 v2 @ 2.40GHz,MatrixTranspose,TWO_D,2172,2172,4,32,1,17,122.404,11.275,0.009,-1,-1,-1
Intel Xeon CPU E5-2695 v2 @ 2.40GHz,MatrixTranspose,TWO_D,2172,2172,4,64,1,17,121.869,11.501,0.008,-1,-1,-1
Intel Xeon CPU E5-2695 v2 @ 2.40GHz,MatrixTranspose,TWO_D,2172,2172,4,128,1,17,122.187,11.476,0.007,-1,-1,-1
Intel Xeon CPU E5-2695 v2 @ 2.40GHz,MatrixTranspose,TWO_D,2172,2172,4,256,1,17,121.875,12.018,0.008,-1,-1,-1
Intel Xeon CPU E5-2695 v2 @ 2.40GHz,MatrixTranspose,TWO_D,2172,2172,4,512,1,17,121.798,11.257,0.008,-1,-1,-1
Intel Xeon CPU E5-2695 v2 @ 2.40GHz,MatrixTranspose,TWO_D,2172,2172,4,1024,1,17,121.904,12.485,0.009,-1,-1,-1
Intel Xeon CPU E5-2695 v2 @ 2.40GHz,MatrixTranspose,TWO_D,2172,2172,4,2048,1,17,123.176,13.22,0.008,-1,-1,-1
Intel Xeon CPU E5-2695 v2 @ 2.40GHz,MatrixTranspose,TWO_D,2172,2172,8,1,1,17,121.548,13.702,0.007,-1,-1,-1
Intel Xeon CPU E5-2695 v2 @ 2.40GHz,MatrixTranspose,TWO_D,2172,2172,8,2,1,17,121.503,12.826,0.008,-1,-1,-1
Intel Xeon CPU E5-2695 v2 @ 2.40GHz,MatrixTranspose,TWO_D,2172,2172,8,4,1,17,121.953,12.851,0.007,-1,-1,-1
Intel Xeon CPU E5-2695 v2 @ 2.40GHz,MatrixTranspose,TWO_D,2172,2172,8,8,1,17,121.664,28.054,0.011,-1,-1,-1
Intel Xeon CPU E5-2695 v2 @ 2.40GHz,MatrixTranspose,TWO_D,2172,2172,8,16,1,17,122.531,13.363,0.006,-1,-1,-1
Intel Xeon CPU E5-2695 v2 @ 2.40GHz,MatrixTranspose,TWO_D,2172,2172,8,32,1,17,121.445,36.11,0.013,-1,-1,-1
Intel Xeon CPU E5-2695 v2 @ 2.40GHz,MatrixTranspose,TWO_D,2172,2172,8,64,1,17,121.924,20.856,0.013,-1,-1,-1
Intel Xeon CPU E5-2695 v2 @ 2.40GHz,MatrixTranspose,TWO_D,2172,2172,8,128,1,17,122.21,16.125,0.006,-1,-1,-1
Intel Xeon CPU E5-2695 v2 @ 2.40GHz,MatrixTranspose,TWO_D,2172,2172,8,256,1,17,121.834,14.073,0.009,-1,-1,-1
Intel Xeon CPU E5-2695 v2 @ 2.40GHz,MatrixTranspose,TWO_D,2172,2172,8,512,1,17,121.554,14.239,0.008,-1,-1,-1
Intel Xeon CPU E5-2695 v2 @ 2.40GHz,MatrixTranspose,TWO_D,2172,2172,8,1024,1,17,122.199,14.015,0.006,-1,-1,-1
Intel Xeon CPU E5-2695 v2 @ 2.40GHz,MatrixTranspose,TWO_D,2172,2172,16,1,1,17,121.894,13.955,0.006,-1,-1,-1
Intel Xeon CPU E5-2695 v2 @ 2.40GHz,MatrixTranspose,TWO_D,2172,2172,16,2,1,17,123.508,14.695,0.008,-1,-1,-1
Intel Xeon CPU E5-2695 v2 @ 2.40GHz,MatrixTranspose,TWO_D,2172,2172,16,4,1,17,122.18,14.729,0.009,-1,-1,-1
Intel Xeon CPU E5-2695 v2 @ 2.40GHz,MatrixTranspose,TWO_D,2172,2172,16,8,1,17,121.465,25.541,0.011,-1,-1,-1
Intel Xeon CPU E5-2695 v2 @ 2.40GHz,MatrixTranspose,TWO_D,2172,2172,16,16,1,17,122.076,22.771,0.012,-1,-1,-1
Intel Xeon CPU E5-2695 v2 @ 2.40GHz,MatrixTranspose,TWO_D,2172,2172,16,32,1,17,121.676,18.725,0.011,-1,-1,-1
Intel Xeon CPU E5-2695 v2 @ 2.40GHz,MatrixTranspose,TWO_D,2172,2172,16,64,1,17,121.968,14.454,0.006,-1,-1,-1
Intel Xeon CPU E5-2695 v2 @ 2.40GHz,MatrixTranspose,TWO_D,2172,2172,16,128,1,17,121.874,14.766,0.007,-1,-1,-1
Intel Xeon CPU E5-2695 v2 @ 2.40GHz,MatrixTranspose,TWO_D,2172,2172,16,256,1,17,121.836,15.666,0.007,-1,-1,-1
Intel Xeon CPU E5-2695 v2 @ 2.40GHz,MatrixTranspose,TWO_D,2172,2172,16,512,1,17,121.524,14.62,0.005,-1,-1,-1
Intel Xeon CPU E5-2695 v2 @ 2.40GHz,MatrixTranspose,TWO_D,2172,2172,32,1,1,17,122.024,13.751,0.008,-1,-1,-1
Intel Xeon CPU E5-2695 v2 @ 2.40GHz,MatrixTranspose,TWO_D,2172,2172,32,2,1,17,122.439,14.498,0.009,-1,-1,-1
Intel Xeon CPU E5-2695 v2 @ 2.40GHz,MatrixTranspose,TWO_D,2172,2172,32,4,1,17,122.906,22.159,0.011,-1,-1,-1
Intel Xeon CPU E5-2695 v2 @ 2.40GHz,MatrixTranspose,TWO_D,2172,2172,32,8,1,17,121.951,19.72,0.009,-1,-1,-1
Intel Xeon CPU E5-2695 v2 @ 2.40GHz,MatrixTranspose,TWO_D,2172,2172,32,16,1,17,122.973,13.982,0.004,-1,-1,-1
Intel Xeon CPU E5-2695 v2 @ 2.40GHz,MatrixTranspose,TWO_D,2172,2172,32,32,1,17,122.283,13.88,0.009,-1,-1,-1
Intel Xeon CPU E5-2695 v2 @ 2.40GHz,MatrixTranspose,TWO_D,2172,2172,32,64,1,17,122.104,13.891,0.007,-1,-1,-1
Intel Xeon CPU E5-2695 v2 @ 2.40GHz,MatrixTranspose,TWO_D,2172,2172,32,128,1,17,122.233,14.174,0.009,-1,-1,-1
Intel Xeon CPU E5-2695 v2 @ 2.40GHz,MatrixTranspose,TWO_D,2172,2172,32,256,1,17,122.356,13.909,0.008,-1,-1,-1
Intel Xeon CPU E5-2695 v2 @ 2.40GHz,MatrixTranspose,TWO_D,2172,2172,64,1,1,17,121.558,13.868,0.007,-1,-1,-1
Intel Xeon CPU E5-2695 v2 @ 2.40GHz,MatrixTranspose,TWO_D,2172,2172,64,2,1,17,123.182,13.854,0.007,-1,-1,-1
Intel Xeon CPU E5-2695 v2 @ 2.40GHz,MatrixTranspose,TWO_D,2172,2172,64,4,1,17,121.565,12.723,0.008,-1,-1,-1
Intel Xeon CPU E5-2695 v2 @ 2.40GHz,MatrixTranspose,TWO_D,2172,2172,64,8,1,17,121.954,13.304,0.007,-1,-1,-1
Intel Xeon CPU E5-2695 v2 @ 2.40GHz,MatrixTranspose,TWO_D,2172,2172,64,16,1,17,121.449,14.176,0.007,-1,-1,-1
Intel Xeon CPU E5-2695 v2 @ 2.40GHz,MatrixTranspose,TWO_D,2172,2172,64,32,1,17,121.994,13.34,0.009,-1,-1,-1
Intel Xeon CPU E5-2695 v2 @ 2.40GHz,MatrixTranspose,TWO_D,2172,2172,64,64,1,17,121.986,14.419,0.006,-1,-1,-1
Intel Xeon CPU E5-2695 v2 @ 2.40GHz,MatrixTranspose,TWO_D,2172,2172,64,128,1,17,122.3,15.278,0.009,-1,-1,-1
Intel Xeon CPU E5-2695 v2 @ 2.40GHz,MatrixTranspose,TWO_D,2172,2172,128,1,1,17,121.594,14.804,0.006,-1,-1,-1
Intel Xeon CPU E5-2695 v2 @ 2.40GHz,MatrixTranspose,TWO_D,2172,2172,128,2,1,17,122.25,14.931,0.007,-1,-1,-1
Intel Xeon CPU E5-2695 v2 @ 2.40GHz,MatrixTranspose,TWO_D,2172,2172,128,4,1,17,121.672,15.396,0.007,-1,-1,-1
Intel Xeon CPU E5-2695 v2 @ 2.40GHz,MatrixTranspose,TWO_D,2172,2172,128,8,1,17,122.218,14.853,0.004,-1,-1,-1
Intel Xeon CPU E5-2695 v2 @ 2.40GHz,MatrixTranspose,TWO_D,2172,2172,128,16,1,17,122.723,35.321,0.011,-1,-1,-1
Intel Xeon CPU E5-2695 v2 @ 2.40GHz,MatrixTranspose,TWO_D,2172,2172,128,32,1,17,121.483,16.879,0.005,-1,-1,-1
Intel Xeon CPU E5-2695 v2 @ 2.40GHz,MatrixTranspose,TWO_D,2172,2172,128,64,1,17,122.033,15.219,0.008,-1,-1,-1
Intel Xeon CPU E5-2695 v2 @ 2.40GHz,MatrixTranspose,TWO_D,2172,2172,256,1,1,17,121.889,24.429,0.012,-1,-1,-1
Intel Xeon CPU E5-2695 v2 @ 2.40GHz,MatrixTranspose,TWO_D,2172,2172,256,2,1,17,122.156,14.463,0.004,-1,-1,-1
Intel Xeon CPU E5-2695 v2 @ 2.40GHz,MatrixTranspose,TWO_D,2172,2172,256,4,1,17,121.987,14.428,0.007,-1,-1,-1
Intel Xeon CPU E5-2695 v2 @ 2.40GHz,MatrixTranspose,TWO_D,2172,2172,256,8,1,17,121.98,22.256,0.012,-1,-1,-1
Intel Xeon CPU E5-2695 v2 @ 2.40GHz,MatrixTranspose,TWO_D,2172,2172,256,16,1,17,122.429,24.436,0.013,-1,-1,-1
Intel Xeon CPU E5-2695 v2 @ 2.40GHz,MatrixTranspose,TWO_D,2172,2172,256,32,1,17,122.868,15.059,0.006,-1,-1,-1
Intel Xeon CPU E5-2695 v2 @ 2.40GHz,MatrixTranspose,TWO_D,2172,2172,512,1,1,17,122.09,36.498,0.01,-1,-1,-1
Intel Xeon CPU E5-2695 v2 @ 2.40GHz,MatrixTranspose,TWO_D,2172,2172,512,2,1,17,121.403,25.433,0.011,-1,-1,-1
Intel Xeon CPU E5-2695 v2 @ 2.40GHz,MatrixTranspose,TWO_D,2172,2172,512,4,1,17,121.75,23.63,0.012,-1,-1,-1
Intel Xeon CPU E5-2695 v2 @ 2.40GHz,MatrixTranspose,TWO_D,2172,2172,512,8,1,17,121.901,14.39,0.007,-1,-1,-1
Intel Xeon CPU E5-2695 v2 @ 2.40GHz,MatrixTranspose,TWO_D,2172,2172,512,16,1,17,121.842,14.917,0.007,-1,-1,-1
Intel Xeon CPU E5-2695 v2 @ 2.40GHz,MatrixTranspose,TWO_D,2172,2172,1024,1,1,17,121.901,16.294,0.009,-1,-1,-1
Intel Xeon CPU E5-2695 v2 @ 2.40GHz,MatrixTranspose,TWO_D,2172,2172,1024,2,1,17,121.417,19.661,0.006,-1,-1,-1
Intel Xeon CPU E5-2695 v2 @ 2.40GHz,MatrixTranspose,TWO_D,2172,2172,1024,4,1,17,120.788,18.419,0.01,-1,-1,-1
Intel Xeon CPU E5-2695 v2 @ 2.40GHz,MatrixTranspose,TWO_D,2172,2172,1024,8,1,17,121.222,13.57,0.004,-1,-1,-1
Intel Xeon CPU E5-2695 v2 @ 2.40GHz,MatrixTranspose,TWO_D,2172,2172,2048,1,1,17,122.067,17.949,0.011,-1,-1,-1
Intel Xeon CPU E5-2695 v2 @ 2.40GHz,MatrixTranspose,TWO_D,2172,2172,2048,2,1,17,122.474,13.403,0.005,-1,-1,-1
Intel Xeon CPU E5-2695 v2 @ 2.40GHz,MatrixTranspose,TWO_D,2172,2172,2048,4,1,17,122.312,13.671,0.009,-1,-1,-1
Intel Xeon CPU E5-2695 v2 @ 2.40GHz,MatrixTranspose,TWO_D,2172,2172,4096,1,1,17,122.088,13.618,0.007,-1,-1,-1
Intel Xeon CPU E5-2695 v2 @ 2.40GHz,MatrixTranspose,TWO_D,2172,2172,4096,2,1,17,121.923,13.307,0.006,-1,-1,-1
Intel Xeon CPU E5-2695 v2 @ 2.40GHz,MatrixTranspose,TWO_D,2172,2172,8192,1,1,17,122.354,13.327,0.008,-1,-1,-1
