device/C,kernel/C,workDimension/C,width/F,height/F,xLocal/I,yLocal/I,zLocal/I,MB/F,init/F,memoryCopyOut/F,plan/F,execute/F,memoryCopyIn/F,cleanUp/F
Intel Xeon CPU E5-2695 v2 @ 2.40GHz,MatrixTranspose,TWO_D,2508,2508,1,1,1,23,163.091,16.053,0.009,11.808,9.561,1.835
Intel Xeon CPU E5-2695 v2 @ 2.40GHz,MatrixTranspose,TWO_D,2508,2508,1,2,1,23,162.71,16.245,0.008,8.22,9.39,1.918
Intel Xeon CPU E5-2695 v2 @ 2.40GHz,MatrixTranspose,TWO_D,2508,2508,1,4,1,23,163.022,15.923,0.008,7.029,9.745,1.754
Intel Xeon CPU E5-2695 v2 @ 2.40GHz,MatrixTranspose,TWO_D,2508,2508,1,8,1,23,162.386,16.143,0.009,-1,-1,-1
Intel Xeon CPU E5-2695 v2 @ 2.40GHz,MatrixTranspose,TWO_D,2508,2508,1,16,1,23,162.489,16.269,0.007,-1,-1,-1
Intel Xeon CPU E5-2695 v2 @ 2.40GHz,MatrixTranspose,TWO_D,2508,2508,1,32,1,23,159.185,15.976,0.007,-1,-1,-1
Intel Xeon CPU E5-2695 v2 @ 2.40GHz,MatrixTranspose,TWO_D,2508,2508,1,64,1,23,162.533,15.753,0.009,-1,-1,-1
Intel Xeon CPU E5-2695 v2 @ 2.40GHz,MatrixTranspose,TWO_D,2508,2508,1,128,1,23,158.593,15.737,0.006,-1,-1,-1
Intel Xeon CPU E5-2695 v2 @ 2.40GHz,MatrixTranspose,TWO_D,2508,2508,1,256,1,23,158.555,13.279,0.006,-1,-1,-1
Intel Xeon CPU E5-2695 v2 @ 2.40GHz,MatrixTranspose,TWO_D,2508,2508,1,512,1,23,129.67,15.196,0.008,-1,-1,-1
Intel Xeon CPU E5-2695 v2 @ 2.40GHz,MatrixTranspose,TWO_D,2508,2508,1,1024,1,23,127.134,13.429,0.02,-1,-1,-1
Intel Xeon CPU E5-2695 v2 @ 2.40GHz,MatrixTranspose,TWO_D,2508,2508,1,2048,1,23,127.588,12.802,0.007,-1,-1,-1
Intel Xeon CPU E5-2695 v2 @ 2.40GHz,MatrixTranspose,TWO_D,2508,2508,1,4096,1,23,127.014,12.771,0.007,-1,-1,-1
Intel Xeon CPU E5-2695 v2 @ 2.40GHz,MatrixTranspose,TWO_D,2508,2508,1,8192,1,23,120.188,13.153,0.007,-1,-1,-1
Intel Xeon CPU E5-2695 v2 @ 2.40GHz,MatrixTranspose,TWO_D,2508,2508,2,1,1,23,127.497,13.63,0.006,9.399,17.312,1.549
Intel Xeon CPU E5-2695 v2 @ 2.40GHz,MatrixTranspose,TWO_D,2508,2508,2,2,1,23,127.308,13.624,0.007,6.779,17.053,1.551
Intel Xeon CPU E5-2695 v2 @ 2.40GHz,MatrixTranspose,TWO_D,2508,2508,2,4,1,23,128.287,13.138,0.006,6.088,9.099,1.492
Intel Xeon CPU E5-2695 v2 @ 2.40GHz,MatrixTranspose,TWO_D,2508,2508,2,8,1,23,127.772,12.954,0.007,-1,-1,-1
Intel Xeon CPU E5-2695 v2 @ 2.40GHz,MatrixTranspose,TWO_D,2508,2508,2,16,1,23,120.031,12.735,0.007,-1,-1,-1
Intel Xeon CPU E5-2695 v2 @ 2.40GHz,MatrixTranspose,TWO_D,2508,2508,2,32,1,23,127.408,12.425,0.006,-1,-1,-1
Intel Xeon CPU E5-2695 v2 @ 2.40GHz,MatrixTranspose,TWO_D,2508,2508,2,64,1,23,127.758,12.481,0.006,-1,-1,-1
Intel Xeon CPU E5-2695 v2 @ 2.40GHz,MatrixTranspose,TWO_D,2508,2508,2,128,1,23,120.098,12.77,0.005,-1,-1,-1
Intel Xeon CPU E5-2695 v2 @ 2.40GHz,MatrixTranspose,TWO_D,2508,2508,2,256,1,23,128.269,13.112,0.008,-1,-1,-1
Intel Xeon CPU E5-2695 v2 @ 2.40GHz,MatrixTranspose,TWO_D,2508,2508,2,512,1,23,127.969,12.823,0.007,-1,-1,-1
Intel Xeon CPU E5-2695 v2 @ 2.40GHz,MatrixTranspose,TWO_D,2508,2508,2,1024,1,23,120.25,12.718,0.005,-1,-1,-1
Intel Xeon CPU E5-2695 v2 @ 2.40GHz,MatrixTranspose,TWO_D,2508,2508,2,2048,1,23,126.852,12.444,0.008,-1,-1,-1
Intel Xeon CPU E5-2695 v2 @ 2.40GHz,MatrixTranspose,TWO_D,2508,2508,2,4096,1,23,120.184,12.709,0.006,-1,-1,-1
Intel Xeon CPU E5-2695 v2 @ 2.40GHz,MatrixTranspose,TWO_D,2508,2508,4,1,1,23,127.183,12.447,0.007,7.242,17.178,1.502
Intel Xeon CPU E5-2695 v2 @ 2.40GHz,MatrixTranspose,TWO_D,2508,2508,4,2,1,23,127.481,13.254,0.007,4.899,9.195,1.528
Intel Xeon CPU E5-2695 v2 @ 2.40GHz,MatrixTranspose,TWO_D,2508,2508,4,4,1,23,127.575,13.125,0.007,5.65,9.598,1.537
Intel Xeon CPU E5-2695 v2 @ 2.40GHz,MatrixTranspose,TWO_D,2508,2508,4,8,1,23,127.228,13.005,0.006,-1,-1,-1
Intel Xeon CPU E5-2695 v2 @ 2.40GHz,MatrixTranspose,TWO_D,2508,2508,4,16,1,23,127.415,13.058,0.007,-1,-1,-1
Intel Xeon CPU E5-2695 v2 @ 2.40GHz,MatrixTranspose,TWO_D,2508,2508,4,32,1,23,126.732,12.386,0.006,-1,-1,-1
Intel Xeon CPU E5-2695 v2 @ 2.40GHz,MatrixTranspose,TWO_D,2508,2508,4,64,1,23,127.905,12.358,0.006,-1,-1,-1
Intel Xeon CPU E5-2695 v2 @ 2.40GHz,MatrixTranspose,TWO_D,2508,2508,4,128,1,23,120.081,12.732,0.02,-1,-1,-1
Intel Xeon CPU E5-2695 v2 @ 2.40GHz,MatrixTranspose,TWO_D,2508,2508,4,256,1,23,129.579,13.045,0.007,-1,-1,-1
Intel Xeon CPU E5-2695 v2 @ 2.40GHz,MatrixTranspose,TWO_D,2508,2508,4,512,1,23,127.913,12.504,0.006,-1,-1,-1
Intel Xeon CPU E5-2695 v2 @ 2.40GHz,MatrixTranspose,TWO_D,2508,2508,4,1024,1,23,127.51,12.404,0.007,-1,-1,-1
Intel Xeon CPU E5-2695 v2 @ 2.40GHz,MatrixTranspose,TWO_D,2508,2508,4,2048,1,23,120.234,12.742,0.006,-1,-1,-1
Intel Xeon CPU E5-2695 v2 @ 2.40GHz,MatrixTranspose,TWO_D,2508,2508,8,1,1,23,127.93,12.55,0.007,-1,-1,-1
Intel Xeon CPU E5-2695 v2 @ 2.40GHz,MatrixTranspose,TWO_D,2508,2508,8,2,1,23,126.883,12.385,0.007,-1,-1,-1
Intel Xeon CPU E5-2695 v2 @ 2.40GHz,MatrixTranspose,TWO_D,2508,2508,8,4,1,23,127.787,12.485,0.009,-1,-1,-1
Intel Xeon CPU E5-2695 v2 @ 2.40GHz,MatrixTranspose,TWO_D,2508,2508,8,8,1,23,120.308,12.789,0.007,-1,-1,-1
Intel Xeon CPU E5-2695 v2 @ 2.40GHz,MatrixTranspose,TWO_D,2508,2508,8,16,1,23,127.152,12.436,0.006,-1,-1,-1
Intel Xeon CPU E5-2695 v2 @ 2.40GHz,MatrixTranspose,TWO_D,2508,2508,8,32,1,23,127.523,12.501,0.007,-1,-1,-1
Intel Xeon CPU E5-2695 v2 @ 2.40GHz,MatrixTranspose,TWO_D,2508,2508,8,64,1,23,127.326,12.361,0.006,-1,-1,-1
Intel Xeon CPU E5-2695 v2 @ 2.40GHz,MatrixTranspose,TWO_D,2508,2508,8,128,1,23,120.099,12.781,0.007,-1,-1,-1
Intel Xeon CPU E5-2695 v2 @ 2.40GHz,MatrixTranspose,TWO_D,2508,2508,8,256,1,23,128.009,13.238,0.006,-1,-1,-1
Intel Xeon CPU E5-2695 v2 @ 2.40GHz,MatrixTranspose,TWO_D,2508,2508,8,512,1,23,120.673,12.843,0.006,-1,-1,-1
Intel Xeon CPU E5-2695 v2 @ 2.40GHz,MatrixTranspose,TWO_D,2508,2508,8,1024,1,23,127.394,12.579,0.007,-1,-1,-1
Intel Xeon CPU E5-2695 v2 @ 2.40GHz,MatrixTranspose,TWO_D,2508,2508,16,1,1,23,120.179,12.742,0.005,-1,-1,-1
Intel Xeon CPU E5-2695 v2 @ 2.40GHz,MatrixTranspose,TWO_D,2508,2508,16,2,1,23,127.715,12.579,0.006,-1,-1,-1
Intel Xeon CPU E5-2695 v2 @ 2.40GHz,MatrixTranspose,TWO_D,2508,2508,16,4,1,23,127.844,12.397,0.007,-1,-1,-1
Intel Xeon CPU E5-2695 v2 @ 2.40GHz,MatrixTranspose,TWO_D,2508,2508,16,8,1,23,120.482,12.951,0.006,-1,-1,-1
Intel Xeon CPU E5-2695 v2 @ 2.40GHz,MatrixTranspose,TWO_D,2508,2508,16,16,1,23,126.862,13.237,0.006,-1,-1,-1
Intel Xeon CPU E5-2695 v2 @ 2.40GHz,MatrixTranspose,TWO_D,2508,2508,16,32,1,23,127.365,13.045,0.007,-1,-1,-1
Intel Xeon CPU E5-2695 v2 @ 2.40GHz,MatrixTranspose,TWO_D,2508,2508,16,64,1,23,127.855,13.101,0.008,-1,-1,-1
Intel Xeon CPU E5-2695 v2 @ 2.40GHz,MatrixTranspose,TWO_D,2508,2508,16,128,1,23,127.264,13.049,0.007,-1,-1,-1
Intel Xeon CPU E5-2695 v2 @ 2.40GHz,MatrixTranspose,TWO_D,2508,2508,16,256,1,23,127.367,13.002,0.008,-1,-1,-1
Intel Xeon CPU E5-2695 v2 @ 2.40GHz,MatrixTranspose,TWO_D,2508,2508,16,512,1,23,127.607,13.215,0.007,-1,-1,-1
Intel Xeon CPU E5-2695 v2 @ 2.40GHz,MatrixTranspose,TWO_D,2508,2508,32,1,1,23,121.128,12.827,0.006,-1,-1,-1
Intel Xeon CPU E5-2695 v2 @ 2.40GHz,MatrixTranspose,TWO_D,2508,2508,32,2,1,23,126.702,12.961,0.005,-1,-1,-1
Intel Xeon CPU E5-2695 v2 @ 2.40GHz,MatrixTranspose,TWO_D,2508,2508,32,4,1,23,120.296,12.791,0.005,-1,-1,-1
Intel Xeon CPU E5-2695 v2 @ 2.40GHz,MatrixTranspose,TWO_D,2508,2508,32,8,1,23,127.152,13.071,0.007,-1,-1,-1
Intel Xeon CPU E5-2695 v2 @ 2.40GHz,MatrixTranspose,TWO_D,2508,2508,32,16,1,23,127.771,13.054,0.007,-1,-1,-1
Intel Xeon CPU E5-2695 v2 @ 2.40GHz,MatrixTranspose,TWO_D,2508,2508,32,32,1,23,127.36,13.075,0.007,-1,-1,-1
Intel Xeon CPU E5-2695 v2 @ 2.40GHz,MatrixTranspose,TWO_D,2508,2508,32,64,1,23,128.183,13.096,0.007,-1,-1,-1
Intel Xeon CPU E5-2695 v2 @ 2.40GHz,MatrixTranspose,TWO_D,2508,2508,32,128,1,23,120.29,12.762,0.006,-1,-1,-1
Intel Xeon CPU E5-2695 v2 @ 2.40GHz,MatrixTranspose,TWO_D,2508,2508,32,256,1,23,120.271,12.753,0.004,-1,-1,-1
Intel Xeon CPU E5-2695 v2 @ 2.40GHz,MatrixTranspose,TWO_D,2508,2508,64,1,1,23,128.496,13.188,0.007,-1,-1,-1
Intel Xeon CPU E5-2695 v2 @ 2.40GHz,MatrixTranspose,TWO_D,2508,2508,64,2,1,23,120.778,12.696,0.006,-1,-1,-1
Intel Xeon CPU E5-2695 v2 @ 2.40GHz,MatrixTranspose,TWO_D,2508,2508,64,4,1,23,127.264,13.061,0.007,-1,-1,-1
Intel Xeon CPU E5-2695 v2 @ 2.40GHz,MatrixTranspose,TWO_D,2508,2508,64,8,1,23,129.056,13.582,0.007,-1,-1,-1
Intel Xeon CPU E5-2695 v2 @ 2.40GHz,MatrixTranspose,TWO_D,2508,2508,64,16,1,23,127.809,12.999,0.006,-1,-1,-1
Intel Xeon CPU E5-2695 v2 @ 2.40GHz,MatrixTranspose,TWO_D,2508,2508,64,32,1,23,120.185,12.746,0.005,-1,-1,-1
Intel Xeon CPU E5-2695 v2 @ 2.40GHz,MatrixTranspose,TWO_D,2508,2508,64,64,1,23,126.768,13.123,0.006,-1,-1,-1
Intel Xeon CPU E5-2695 v2 @ 2.40GHz,MatrixTranspose,TWO_D,2508,2508,64,128,1,23,127.804,13.069,0.007,-1,-1,-1
Intel Xeon CPU E5-2695 v2 @ 2.40GHz,MatrixTranspose,TWO_D,2508,2508,128,1,1,23,120.192,12.811,0.006,-1,-1,-1
Intel Xeon CPU E5-2695 v2 @ 2.40GHz,MatrixTranspose,TWO_D,2508,2508,128,2,1,23,127.85,13.204,0.007,-1,-1,-1
Intel Xeon CPU E5-2695 v2 @ 2.40GHz,MatrixTranspose,TWO_D,2508,2508,128,4,1,23,127.366,13.088,0.007,-1,-1,-1
Intel Xeon CPU E5-2695 v2 @ 2.40GHz,MatrixTranspose,TWO_D,2508,2508,128,8,1,23,127.162,13.11,0.007,-1,-1,-1
Intel Xeon CPU E5-2695 v2 @ 2.40GHz,MatrixTranspose,TWO_D,2508,2508,128,16,1,23,127.442,12.987,0.006,-1,-1,-1
Intel Xeon CPU E5-2695 v2 @ 2.40GHz,MatrixTranspose,TWO_D,2508,2508,128,32,1,23,127.93,13.082,0.006,-1,-1,-1
Intel Xeon CPU E5-2695 v2 @ 2.40GHz,MatrixTranspose,TWO_D,2508,2508,128,64,1,23,128.058,13.075,0.007,-1,-1,-1
Intel Xeon CPU E5-2695 v2 @ 2.40GHz,MatrixTranspose,TWO_D,2508,2508,256,1,1,23,128.169,13.584,0.008,-1,-1,-1
Intel Xeon CPU E5-2695 v2 @ 2.40GHz,MatrixTranspose,TWO_D,2508,2508,256,2,1,23,127.449,12.978,0.006,-1,-1,-1
Intel Xeon CPU E5-2695 v2 @ 2.40GHz,MatrixTranspose,TWO_D,2508,2508,256,4,1,23,127.543,13.485,0.006,-1,-1,-1
Intel Xeon CPU E5-2695 v2 @ 2.40GHz,MatrixTranspose,TWO_D,2508,2508,256,8,1,23,127.859,13.277,0.006,-1,-1,-1
Intel Xeon CPU E5-2695 v2 @ 2.40GHz,MatrixTranspose,TWO_D,2508,2508,256,16,1,23,127.974,13.296,0.006,-1,-1,-1
Intel Xeon CPU E5-2695 v2 @ 2.40GHz,MatrixTranspose,TWO_D,2508,2508,256,32,1,23,127.991,13.483,0.007,-1,-1,-1
Intel Xeon CPU E5-2695 v2 @ 2.40GHz,MatrixTranspose,TWO_D,2508,2508,512,1,1,23,127.97,13.26,0.007,-1,-1,-1
Intel Xeon CPU E5-2695 v2 @ 2.40GHz,MatrixTranspose,TWO_D,2508,2508,512,2,1,23,120.364,13.094,0.006,-1,-1,-1
Intel Xeon CPU E5-2695 v2 @ 2.40GHz,MatrixTranspose,TWO_D,2508,2508,512,4,1,23,127.464,13.221,0.007,-1,-1,-1
Intel Xeon CPU E5-2695 v2 @ 2.40GHz,MatrixTranspose,TWO_D,2508,2508,512,8,1,23,127.453,13.331,0.007,-1,-1,-1
Intel Xeon CPU E5-2695 v2 @ 2.40GHz,MatrixTranspose,TWO_D,2508,2508,512,16,1,23,120.257,13.028,0.006,-1,-1,-1
Intel Xeon CPU E5-2695 v2 @ 2.40GHz,MatrixTranspose,TWO_D,2508,2508,1024,1,1,23,128.345,13.169,0.022,-1,-1,-1
Intel Xeon CPU E5-2695 v2 @ 2.40GHz,MatrixTranspose,TWO_D,2508,2508,1024,2,1,23,128.616,13.445,0.006,-1,-1,-1
Intel Xeon CPU E5-2695 v2 @ 2.40GHz,MatrixTranspose,TWO_D,2508,2508,1024,4,1,23,120.375,12.923,0.006,-1,-1,-1
Intel Xeon CPU E5-2695 v2 @ 2.40GHz,MatrixTranspose,TWO_D,2508,2508,1024,8,1,23,127.311,13.426,0.006,-1,-1,-1
Intel Xeon CPU E5-2695 v2 @ 2.40GHz,MatrixTranspose,TWO_D,2508,2508,2048,1,1,23,128.1,13.431,0.007,-1,-1,-1
Intel Xeon CPU E5-2695 v2 @ 2.40GHz,MatrixTranspose,TWO_D,2508,2508,2048,2,1,23,120.57,13.103,0.004,-1,-1,-1
Intel Xeon CPU E5-2695 v2 @ 2.40GHz,MatrixTranspose,TWO_D,2508,2508,2048,4,1,23,127.658,13.447,0.006,-1,-1,-1
Intel Xeon CPU E5-2695 v2 @ 2.40GHz,MatrixTranspose,TWO_D,2508,2508,4096,1,1,23,127.682,13.521,0.006,-1,-1,-1
Intel Xeon CPU E5-2695 v2 @ 2.40GHz,MatrixTranspose,TWO_D,2508,2508,4096,2,1,23,127.155,13.44,0.007,-1,-1,-1
Intel Xeon CPU E5-2695 v2 @ 2.40GHz,MatrixTranspose,TWO_D,2508,2508,8192,1,1,23,120.258,13.154,0.006,-1,-1,-1
