device/C,kernel/C,workDimension/C,xLocal/I,yLocal/I,zLocal/I,MB/F,init/F,memoryCopyOut/F,plan/F,execute/F,memoryCopyIn/F,cleanUp/F
Intel Xeon CPU E5-2695 v2 @ 2.40GHz,NoMemory,ONE_D,1,1,1,12,0,0,0.001,0.2,0.001,0.739
Intel Xeon CPU E5-2695 v2 @ 2.40GHz,NoMemory,ONE_D,2,1,1,12,0.001,0,0.001,0.196,0.001,0.539
Intel Xeon CPU E5-2695 v2 @ 2.40GHz,NoMemory,ONE_D,4,1,1,12,0,0,0,0.13,0.001,0.513
Intel Xeon CPU E5-2695 v2 @ 2.40GHz,NoMemory,ONE_D,8,1,1,12,0,0,0,0.094,0,0.46
Intel Xeon CPU E5-2695 v2 @ 2.40GHz,NoMemory,ONE_D,16,1,1,12,0,0,0,0.057,0,0.465
Intel Xeon CPU E5-2695 v2 @ 2.40GHz,NoMemory,ONE_D,32,1,1,12,0,0,0,0.051,0,0.441
Intel Xeon CPU E5-2695 v2 @ 2.40GHz,NoMemory,ONE_D,64,1,1,12,0,0.001,0,0.045,0,0.527
Intel Xeon CPU E5-2695 v2 @ 2.40GHz,NoMemory,ONE_D,128,1,1,12,0,0,0,0.084,0,0.71
Intel Xeon CPU E5-2695 v2 @ 2.40GHz,NoMemory,ONE_D,256,1,1,12,0,0,0,0.044,0,0.44
Intel Xeon CPU E5-2695 v2 @ 2.40GHz,NoMemory,ONE_D,512,1,1,12,0,0.001,0,0.038,0.001,0.442
Intel Xeon CPU E5-2695 v2 @ 2.40GHz,NoMemory,ONE_D,1024,1,1,12,0.001,0,0.001,-1,-1,-1
Intel Xeon CPU E5-2695 v2 @ 2.40GHz,NoMemory,ONE_D,2048,1,1,12,0,0,0,-1,-1,-1
Intel Xeon CPU E5-2695 v2 @ 2.40GHz,NoMemory,ONE_D,4096,1,1,12,0,0,0,-1,-1,-1
Intel Xeon CPU E5-2695 v2 @ 2.40GHz,NoMemory,ONE_D,8192,1,1,12,0,0,0,-1,-1,-1
Intel Xeon CPU E5-2695 v2 @ 2.40GHz,NoMemory,ONE_D,1,1,1,12,0.001,0,0,0.138,0,0.447
Intel Xeon CPU E5-2695 v2 @ 2.40GHz,NoMemory,ONE_D,2,1,1,12,0,0,0,0.153,0,0.444
Intel Xeon CPU E5-2695 v2 @ 2.40GHz,NoMemory,ONE_D,4,1,1,12,0,0,0,0.125,0,0.459
Intel Xeon CPU E5-2695 v2 @ 2.40GHz,NoMemory,ONE_D,8,1,1,12,0,0,0,0.111,0.001,0.426
Intel Xeon CPU E5-2695 v2 @ 2.40GHz,NoMemory,ONE_D,16,1,1,12,0,0,0,0.054,0,0.571
Intel Xeon CPU E5-2695 v2 @ 2.40GHz,NoMemory,ONE_D,32,1,1,12,0.001,0,0,0.051,0,0.425
Intel Xeon CPU E5-2695 v2 @ 2.40GHz,NoMemory,ONE_D,64,1,1,12,0,0.001,0,0.048,0,0.461
Intel Xeon CPU E5-2695 v2 @ 2.40GHz,NoMemory,ONE_D,128,1,1,12,0.001,0,0.001,0.044,0.001,0.457
Intel Xeon CPU E5-2695 v2 @ 2.40GHz,NoMemory,ONE_D,256,1,1,12,0,0,0,0.044,0,0.452
Intel Xeon CPU E5-2695 v2 @ 2.40GHz,NoMemory,ONE_D,512,1,1,12,0.001,0,0,0.041,0,0.436
Intel Xeon CPU E5-2695 v2 @ 2.40GHz,NoMemory,ONE_D,1024,1,1,12,0.001,0,0,-1,-1,-1
Intel Xeon CPU E5-2695 v2 @ 2.40GHz,NoMemory,ONE_D,2048,1,1,12,0.001,0,0.001,-1,-1,-1
Intel Xeon CPU E5-2695 v2 @ 2.40GHz,NoMemory,ONE_D,4096,1,1,12,0,0,0,-1,-1,-1
Intel Xeon CPU E5-2695 v2 @ 2.40GHz,NoMemory,ONE_D,8192,1,1,12,0,0,0,-1,-1,-1
Intel Xeon CPU E5-2695 v2 @ 2.40GHz,NoMemory,ONE_D,1,1,1,12,0,0,0,0.177,0,0.765
Intel Xeon CPU E5-2695 v2 @ 2.40GHz,NoMemory,ONE_D,2,1,1,12,0,0,0,0.451,0,1.147
Intel Xeon CPU E5-2695 v2 @ 2.40GHz,NoMemory,ONE_D,4,1,1,12,0,0,0,0.543,0.001,0.735
Intel Xeon CPU E5-2695 v2 @ 2.40GHz,NoMemory,ONE_D,8,1,1,12,0.001,0,0,0.5,0,1.148
Intel Xeon CPU E5-2695 v2 @ 2.40GHz,NoMemory,ONE_D,16,1,1,12,0,0,0,12.36,0,0.454
Intel Xeon CPU E5-2695 v2 @ 2.40GHz,NoMemory,ONE_D,32,1,1,12,0,0,0,0.078,0,0.461
Intel Xeon CPU E5-2695 v2 @ 2.40GHz,NoMemory,ONE_D,64,1,1,12,0,0,0,0.056,0.001,0.432
Intel Xeon CPU E5-2695 v2 @ 2.40GHz,NoMemory,ONE_D,128,1,1,12,0,0,0,0.067,0,0.446
Intel Xeon CPU E5-2695 v2 @ 2.40GHz,NoMemory,ONE_D,256,1,1,12,0,0,0,0.043,0.001,0.474
Intel Xeon CPU E5-2695 v2 @ 2.40GHz,NoMemory,ONE_D,512,1,1,12,0,0,0,0.04,0.001,0.431
Intel Xeon CPU E5-2695 v2 @ 2.40GHz,NoMemory,ONE_D,1024,1,1,12,0.001,0,0,-1,-1,-1
Intel Xeon CPU E5-2695 v2 @ 2.40GHz,NoMemory,ONE_D,2048,1,1,12,0,0,0,-1,-1,-1
Intel Xeon CPU E5-2695 v2 @ 2.40GHz,NoMemory,ONE_D,4096,1,1,12,0,0,0,-1,-1,-1
Intel Xeon CPU E5-2695 v2 @ 2.40GHz,NoMemory,ONE_D,8192,1,1,12,0,0,0,-1,-1,-1
Intel Xeon CPU E5-2695 v2 @ 2.40GHz,NoMemory,ONE_D,1,1,1,12,0,0,0,0.365,0,0.728
Intel Xeon CPU E5-2695 v2 @ 2.40GHz,NoMemory,ONE_D,2,1,1,12,0.001,0,0,0.127,0,0.813
Intel Xeon CPU E5-2695 v2 @ 2.40GHz,NoMemory,ONE_D,4,1,1,12,0,0,0,0.426,0,0.429
Intel Xeon CPU E5-2695 v2 @ 2.40GHz,NoMemory,ONE_D,8,1,1,12,0.001,0,0,0.057,0,0.652
Intel Xeon CPU E5-2695 v2 @ 2.40GHz,NoMemory,ONE_D,16,1,1,12,0,0.001,0,0.051,0,0.664
Intel Xeon CPU E5-2695 v2 @ 2.40GHz,NoMemory,ONE_D,32,1,1,12,0.001,0,0,0.046,0,0.703
Intel Xeon CPU E5-2695 v2 @ 2.40GHz,NoMemory,ONE_D,64,1,1,12,0.001,0,0.001,0.401,0,0.701
Intel Xeon CPU E5-2695 v2 @ 2.40GHz,NoMemory,ONE_D,128,1,1,12,0,0,0,0.04,0,0.553
Intel Xeon CPU E5-2695 v2 @ 2.40GHz,NoMemory,ONE_D,256,1,1,12,0,0,0,0.045,0,0.587
Intel Xeon CPU E5-2695 v2 @ 2.40GHz,NoMemory,ONE_D,512,1,1,12,0,0,0,0.042,0,0.691
Intel Xeon CPU E5-2695 v2 @ 2.40GHz,NoMemory,ONE_D,1024,1,1,12,0,0.001,0,-1,-1,-1
Intel Xeon CPU E5-2695 v2 @ 2.40GHz,NoMemory,ONE_D,2048,1,1,12,0,0,0,-1,-1,-1
Intel Xeon CPU E5-2695 v2 @ 2.40GHz,NoMemory,ONE_D,4096,1,1,12,0,0.001,0,-1,-1,-1
Intel Xeon CPU E5-2695 v2 @ 2.40GHz,NoMemory,ONE_D,8192,1,1,12,0,0,0,-1,-1,-1
Intel Xeon CPU E5-2695 v2 @ 2.40GHz,NoMemory,ONE_D,1,1,1,12,0.001,0.001,0,0.172,0.001,0.694
Intel Xeon CPU E5-2695 v2 @ 2.40GHz,NoMemory,ONE_D,2,1,1,12,0,0,0.001,0.365,0,0.997
Intel Xeon CPU E5-2695 v2 @ 2.40GHz,NoMemory,ONE_D,4,1,1,12,0,0,0,0.108,0.001,0.934
Intel Xeon CPU E5-2695 v2 @ 2.40GHz,NoMemory,ONE_D,8,1,1,12,0,0,0,0.448,0.001,0.788
Intel Xeon CPU E5-2695 v2 @ 2.40GHz,NoMemory,ONE_D,16,1,1,12,0,0,0,0.049,0,0.669
Intel Xeon CPU E5-2695 v2 @ 2.40GHz,NoMemory,ONE_D,32,1,1,12,0,0,0,0.05,0,0.721
Intel Xeon CPU E5-2695 v2 @ 2.40GHz,NoMemory,ONE_D,64,1,1,12,0,0,0,0.409,0,0.621
Intel Xeon CPU E5-2695 v2 @ 2.40GHz,NoMemory,ONE_D,128,1,1,12,0,0,0,0.043,0,0.598
Intel Xeon CPU E5-2695 v2 @ 2.40GHz,NoMemory,ONE_D,256,1,1,12,0.001,0,0,0.042,0,0.559
Intel Xeon CPU E5-2695 v2 @ 2.40GHz,NoMemory,ONE_D,512,1,1,12,0,0,0,0.057,0,0.594
Intel Xeon CPU E5-2695 v2 @ 2.40GHz,NoMemory,ONE_D,1024,1,1,12,0.001,0,0,-1,-1,-1
Intel Xeon CPU E5-2695 v2 @ 2.40GHz,NoMemory,ONE_D,2048,1,1,12,0,0,0,-1,-1,-1
Intel Xeon CPU E5-2695 v2 @ 2.40GHz,NoMemory,ONE_D,4096,1,1,12,0,0,0.001,-1,-1,-1
Intel Xeon CPU E5-2695 v2 @ 2.40GHz,NoMemory,ONE_D,8192,1,1,12,0,0.001,0,-1,-1,-1
Intel Xeon CPU E5-2695 v2 @ 2.40GHz,NoMemory,ONE_D,1,1,1,12,0.001,0,0,0.146,0.001,0.68
Intel Xeon CPU E5-2695 v2 @ 2.40GHz,NoMemory,ONE_D,2,1,1,12,0,0,0,0.401,0,0.695
Intel Xeon CPU E5-2695 v2 @ 2.40GHz,NoMemory,ONE_D,4,1,1,12,0,0,0,0.08,0.001,0.754
Intel Xeon CPU E5-2695 v2 @ 2.40GHz,NoMemory,ONE_D,8,1,1,12,0,0,0,0.063,0,0.739
Intel Xeon CPU E5-2695 v2 @ 2.40GHz,NoMemory,ONE_D,16,1,1,12,0,0,0,0.05,0,0.76
Intel Xeon CPU E5-2695 v2 @ 2.40GHz,NoMemory,ONE_D,32,1,1,12,0,0,0,0.044,0,0.619
Intel Xeon CPU E5-2695 v2 @ 2.40GHz,NoMemory,ONE_D,64,1,1,12,0,0,0,0.051,0,0.693
Intel Xeon CPU E5-2695 v2 @ 2.40GHz,NoMemory,ONE_D,128,1,1,12,0,0,0,0.333,0.286,0.383
Intel Xeon CPU E5-2695 v2 @ 2.40GHz,NoMemory,ONE_D,256,1,1,12,0,0.001,0,0.048,0,0.591
Intel Xeon CPU E5-2695 v2 @ 2.40GHz,NoMemory,ONE_D,512,1,1,12,0,0,0,0.046,0,0.602
Intel Xeon CPU E5-2695 v2 @ 2.40GHz,NoMemory,ONE_D,1024,1,1,12,0.001,0,0.001,-1,-1,-1
Intel Xeon CPU E5-2695 v2 @ 2.40GHz,NoMemory,ONE_D,2048,1,1,12,0,0,0,-1,-1,-1
Intel Xeon CPU E5-2695 v2 @ 2.40GHz,NoMemory,ONE_D,4096,1,1,12,0.001,0,0,-1,-1,-1
Intel Xeon CPU E5-2695 v2 @ 2.40GHz,NoMemory,ONE_D,8192,1,1,12,0,0,0,-1,-1,-1
Intel Xeon CPU E5-2695 v2 @ 2.40GHz,NoMemory,ONE_D,1,1,1,12,0,0,0,0.2,0,0.639
Intel Xeon CPU E5-2695 v2 @ 2.40GHz,NoMemory,ONE_D,2,1,1,12,0.001,0.001,0,0.122,0,0.682
Intel Xeon CPU E5-2695 v2 @ 2.40GHz,NoMemory,ONE_D,4,1,1,12,0,0,0,0.07,0,0.441
Intel Xeon CPU E5-2695 v2 @ 2.40GHz,NoMemory,ONE_D,8,1,1,12,0,0,0,0.112,0.001,0.453
Intel Xeon CPU E5-2695 v2 @ 2.40GHz,NoMemory,ONE_D,16,1,1,12,0,0,0,0.055,0,0.44
Intel Xeon CPU E5-2695 v2 @ 2.40GHz,NoMemory,ONE_D,32,1,1,12,0,0,0,0.051,0,0.514
Intel Xeon CPU E5-2695 v2 @ 2.40GHz,NoMemory,ONE_D,64,1,1,12,0.001,0,0.001,0.103,0,0.614
Intel Xeon CPU E5-2695 v2 @ 2.40GHz,NoMemory,ONE_D,128,1,1,12,0,0,0,0.096,0,0.694
Intel Xeon CPU E5-2695 v2 @ 2.40GHz,NoMemory,ONE_D,256,1,1,12,0,0,0,0.129,0,0.757
Intel Xeon CPU E5-2695 v2 @ 2.40GHz,NoMemory,ONE_D,512,1,1,12,0.001,0.001,0,0.163,0,0.53
Intel Xeon CPU E5-2695 v2 @ 2.40GHz,NoMemory,ONE_D,1024,1,1,12,0,0,0,-1,-1,-1
Intel Xeon CPU E5-2695 v2 @ 2.40GHz,NoMemory,ONE_D,2048,1,1,12,0,0,0,-1,-1,-1
Intel Xeon CPU E5-2695 v2 @ 2.40GHz,NoMemory,ONE_D,4096,1,1,12,0,0,0,-1,-1,-1
Intel Xeon CPU E5-2695 v2 @ 2.40GHz,NoMemory,ONE_D,8192,1,1,12,0,0,0,-1,-1,-1
Intel Xeon CPU E5-2695 v2 @ 2.40GHz,NoMemory,ONE_D,1,1,1,12,0,0,0,0.118,0,0.52
Intel Xeon CPU E5-2695 v2 @ 2.40GHz,NoMemory,ONE_D,2,1,1,12,0,0,0,0.093,0.001,0.609
Intel Xeon CPU E5-2695 v2 @ 2.40GHz,NoMemory,ONE_D,4,1,1,12,0,0,0,0.106,0.001,0.483
Intel Xeon CPU E5-2695 v2 @ 2.40GHz,NoMemory,ONE_D,8,1,1,12,0.001,0,0.001,0.065,0,0.521
Intel Xeon CPU E5-2695 v2 @ 2.40GHz,NoMemory,ONE_D,16,1,1,12,0.001,0,0.001,0.056,0,0.468
Intel Xeon CPU E5-2695 v2 @ 2.40GHz,NoMemory,ONE_D,32,1,1,12,0.001,0,0,0.058,0,0.441
Intel Xeon CPU E5-2695 v2 @ 2.40GHz,NoMemory,ONE_D,64,1,1,12,0,0,0,0.049,0,0.453
Intel Xeon CPU E5-2695 v2 @ 2.40GHz,NoMemory,ONE_D,128,1,1,12,0,0,0,0.049,0,0.497
Intel Xeon CPU E5-2695 v2 @ 2.40GHz,NoMemory,ONE_D,256,1,1,12,0,0,0,0.047,0,0.487
Intel Xeon CPU E5-2695 v2 @ 2.40GHz,NoMemory,ONE_D,512,1,1,12,0,0,0,0.041,0.001,0.516
Intel Xeon CPU E5-2695 v2 @ 2.40GHz,NoMemory,ONE_D,1024,1,1,12,0,0,0,-1,-1,-1
Intel Xeon CPU E5-2695 v2 @ 2.40GHz,NoMemory,ONE_D,2048,1,1,12,0,0,0,-1,-1,-1
Intel Xeon CPU E5-2695 v2 @ 2.40GHz,NoMemory,ONE_D,4096,1,1,12,0,0,0,-1,-1,-1
Intel Xeon CPU E5-2695 v2 @ 2.40GHz,NoMemory,ONE_D,8192,1,1,12,0,0,0,-1,-1,-1
Intel Xeon CPU E5-2695 v2 @ 2.40GHz,NoMemory,ONE_D,1,1,1,12,0,0,0,0.111,0,0.8
Intel Xeon CPU E5-2695 v2 @ 2.40GHz,NoMemory,ONE_D,2,1,1,12,0,0,0,0.098,0,0.831
Intel Xeon CPU E5-2695 v2 @ 2.40GHz,NoMemory,ONE_D,4,1,1,12,0,0,0,0.079,0,0.842
Intel Xeon CPU E5-2695 v2 @ 2.40GHz,NoMemory,ONE_D,8,1,1,12,0,0.001,0,0.078,0,0.906
Intel Xeon CPU E5-2695 v2 @ 2.40GHz,NoMemory,ONE_D,16,1,1,12,0,0,0,0.05,0.001,0.88
Intel Xeon CPU E5-2695 v2 @ 2.40GHz,NoMemory,ONE_D,32,1,1,12,0,0.001,0,0.094,0,0.839
Intel Xeon CPU E5-2695 v2 @ 2.40GHz,NoMemory,ONE_D,64,1,1,12,0,0,0,0.044,0,0.717
Intel Xeon CPU E5-2695 v2 @ 2.40GHz,NoMemory,ONE_D,128,1,1,12,0,0,0,0.403,0,0.687
Intel Xeon CPU E5-2695 v2 @ 2.40GHz,NoMemory,ONE_D,256,1,1,12,0,0,0,0.048,0,0.577
Intel Xeon CPU E5-2695 v2 @ 2.40GHz,NoMemory,ONE_D,512,1,1,12,0.001,0,0.001,0.048,0.001,0.534
Intel Xeon CPU E5-2695 v2 @ 2.40GHz,NoMemory,ONE_D,1024,1,1,12,0,0,0,-1,-1,-1
Intel Xeon CPU E5-2695 v2 @ 2.40GHz,NoMemory,ONE_D,2048,1,1,12,0,0,0,-1,-1,-1
Intel Xeon CPU E5-2695 v2 @ 2.40GHz,NoMemory,ONE_D,4096,1,1,12,0,0,0,-1,-1,-1
Intel Xeon CPU E5-2695 v2 @ 2.40GHz,NoMemory,ONE_D,8192,1,1,12,0,0,0,-1,-1,-1
Intel Xeon CPU E5-2695 v2 @ 2.40GHz,NoMemory,ONE_D,1,1,1,12,0.001,0.001,0,0.186,0.001,0.751
Intel Xeon CPU E5-2695 v2 @ 2.40GHz,NoMemory,ONE_D,2,1,1,12,0,0,0,0.425,0,0.917
Intel Xeon CPU E5-2695 v2 @ 2.40GHz,NoMemory,ONE_D,4,1,1,12,0,0,0,0.466,0,1.073
Intel Xeon CPU E5-2695 v2 @ 2.40GHz,NoMemory,ONE_D,8,1,1,12,0.001,0,0,0.133,0.001,0.692
Intel Xeon CPU E5-2695 v2 @ 2.40GHz,NoMemory,ONE_D,16,1,1,12,0,0,0,0.055,0.001,0.662
Intel Xeon CPU E5-2695 v2 @ 2.40GHz,NoMemory,ONE_D,32,1,1,12,0,0,0,0.047,0,0.71
Intel Xeon CPU E5-2695 v2 @ 2.40GHz,NoMemory,ONE_D,64,1,1,12,0.006,0,0,0.347,0,0.642
Intel Xeon CPU E5-2695 v2 @ 2.40GHz,NoMemory,ONE_D,128,1,1,12,0,0,0,0.048,0,0.612
Intel Xeon CPU E5-2695 v2 @ 2.40GHz,NoMemory,ONE_D,256,1,1,12,0,0,0,0.041,0.001,0.621
Intel Xeon CPU E5-2695 v2 @ 2.40GHz,NoMemory,ONE_D,512,1,1,12,0,0,0,0.049,0,0.59
Intel Xeon CPU E5-2695 v2 @ 2.40GHz,NoMemory,ONE_D,1024,1,1,12,0,0,0,-1,-1,-1
Intel Xeon CPU E5-2695 v2 @ 2.40GHz,NoMemory,ONE_D,2048,1,1,12,0,0,0,-1,-1,-1
Intel Xeon CPU E5-2695 v2 @ 2.40GHz,NoMemory,ONE_D,4096,1,1,12,0,0,0,-1,-1,-1
Intel Xeon CPU E5-2695 v2 @ 2.40GHz,NoMemory,ONE_D,8192,1,1,12,0,0,0,-1,-1,-1
