device/C,kernel/C,workDimension/C,xLocal/I,yLocal/I,zLocal/I,MB/F,init/F,memoryCopyOut/F,plan/F,execute/F,memoryCopyIn/F,cleanUp/F
Intel Xeon CPU E5-2695 v2 @ 2.40GHz,NoMemory,ONE_D,1,1,1,36,0,0,0.001,0.192,0,0.638
Intel Xeon CPU E5-2695 v2 @ 2.40GHz,NoMemory,ONE_D,2,1,1,36,0,0,0,0.424,0,0.467
Intel Xeon CPU E5-2695 v2 @ 2.40GHz,NoMemory,ONE_D,4,1,1,36,0.001,0,0,0.164,0,0.448
Intel Xeon CPU E5-2695 v2 @ 2.40GHz,NoMemory,ONE_D,8,1,1,36,0,0.001,0,0.067,0,0.502
Intel Xeon CPU E5-2695 v2 @ 2.40GHz,NoMemory,ONE_D,16,1,1,36,0,0,0,0.058,0,0.61
Intel Xeon CPU E5-2695 v2 @ 2.40GHz,NoMemory,ONE_D,32,1,1,36,0.001,0,0.001,0.139,0,0.591
Intel Xeon CPU E5-2695 v2 @ 2.40GHz,NoMemory,ONE_D,64,1,1,36,0,0.001,0,0.089,0,0.601
Intel Xeon CPU E5-2695 v2 @ 2.40GHz,NoMemory,ONE_D,128,1,1,36,0.001,0,0.001,0.173,0,0.604
Intel Xeon CPU E5-2695 v2 @ 2.40GHz,NoMemory,ONE_D,256,1,1,36,0,0,0,0.088,0,0.605
Intel Xeon CPU E5-2695 v2 @ 2.40GHz,NoMemory,ONE_D,512,1,1,36,0,0,0,0.049,0,0.783
Intel Xeon CPU E5-2695 v2 @ 2.40GHz,NoMemory,ONE_D,1024,1,1,36,0,0.001,0,-1,-1,-1
Intel Xeon CPU E5-2695 v2 @ 2.40GHz,NoMemory,ONE_D,2048,1,1,36,0,0,0,-1,-1,-1
Intel Xeon CPU E5-2695 v2 @ 2.40GHz,NoMemory,ONE_D,4096,1,1,36,0,0,0,-1,-1,-1
Intel Xeon CPU E5-2695 v2 @ 2.40GHz,NoMemory,ONE_D,8192,1,1,36,0,0,0,-1,-1,-1
Intel Xeon CPU E5-2695 v2 @ 2.40GHz,NoMemory,ONE_D,1,1,1,36,0.001,0,0,0.137,0,0.574
Intel Xeon CPU E5-2695 v2 @ 2.40GHz,NoMemory,ONE_D,2,1,1,36,0,0,0,0.305,0.001,0.502
Intel Xeon CPU E5-2695 v2 @ 2.40GHz,NoMemory,ONE_D,4,1,1,36,0,0,0,0.092,0,0.675
Intel Xeon CPU E5-2695 v2 @ 2.40GHz,NoMemory,ONE_D,8,1,1,36,0,0,0,0.065,0,0.569
Intel Xeon CPU E5-2695 v2 @ 2.40GHz,NoMemory,ONE_D,16,1,1,36,0,0,0,0.052,0,0.646
Intel Xeon CPU E5-2695 v2 @ 2.40GHz,NoMemory,ONE_D,32,1,1,36,0,0,0,0.051,0,0.562
Intel Xeon CPU E5-2695 v2 @ 2.40GHz,NoMemory,ONE_D,64,1,1,36,0,0,0,0.044,0,0.597
Intel Xeon CPU E5-2695 v2 @ 2.40GHz,NoMemory,ONE_D,128,1,1,36,0,0,0,0.047,0,0.538
Intel Xeon CPU E5-2695 v2 @ 2.40GHz,NoMemory,ONE_D,256,1,1,36,0,0,0,0.044,0,0.63
Intel Xeon CPU E5-2695 v2 @ 2.40GHz,NoMemory,ONE_D,512,1,1,36,0,0.001,0,0.041,0.001,0.678
Intel Xeon CPU E5-2695 v2 @ 2.40GHz,NoMemory,ONE_D,1024,1,1,36,0,0,0,-1,-1,-1
Intel Xeon CPU E5-2695 v2 @ 2.40GHz,NoMemory,ONE_D,2048,1,1,36,0,0,0,-1,-1,-1
Intel Xeon CPU E5-2695 v2 @ 2.40GHz,NoMemory,ONE_D,4096,1,1,36,0,0,0,-1,-1,-1
Intel Xeon CPU E5-2695 v2 @ 2.40GHz,NoMemory,ONE_D,8192,1,1,36,0,0,0,-1,-1,-1
Intel Xeon CPU E5-2695 v2 @ 2.40GHz,NoMemory,ONE_D,1,1,1,36,0,0.001,0,0.187,0.001,0.594
Intel Xeon CPU E5-2695 v2 @ 2.40GHz,NoMemory,ONE_D,2,1,1,36,0,0,0,0.105,0,0.736
Intel Xeon CPU E5-2695 v2 @ 2.40GHz,NoMemory,ONE_D,4,1,1,36,0,0,0,0.071,0,0.439
Intel Xeon CPU E5-2695 v2 @ 2.40GHz,NoMemory,ONE_D,8,1,1,36,0,0,0,0.066,0,0.449
Intel Xeon CPU E5-2695 v2 @ 2.40GHz,NoMemory,ONE_D,16,1,1,36,0,0,0,0.052,0,0.559
Intel Xeon CPU E5-2695 v2 @ 2.40GHz,NoMemory,ONE_D,32,1,1,36,0,0,0,0.177,0.001,0.728
Intel Xeon CPU E5-2695 v2 @ 2.40GHz,NoMemory,ONE_D,64,1,1,36,0,0.001,0,0.083,0,0.694
Intel Xeon CPU E5-2695 v2 @ 2.40GHz,NoMemory,ONE_D,128,1,1,36,0.001,0,0.001,0.184,0,0.551
Intel Xeon CPU E5-2695 v2 @ 2.40GHz,NoMemory,ONE_D,256,1,1,36,0,0,0,0.042,0,0.463
Intel Xeon CPU E5-2695 v2 @ 2.40GHz,NoMemory,ONE_D,512,1,1,36,0,0,0,0.042,0.001,0.466
Intel Xeon CPU E5-2695 v2 @ 2.40GHz,NoMemory,ONE_D,1024,1,1,36,0,0,0,-1,-1,-1
Intel Xeon CPU E5-2695 v2 @ 2.40GHz,NoMemory,ONE_D,2048,1,1,36,0.001,0,0,-1,-1,-1
Intel Xeon CPU E5-2695 v2 @ 2.40GHz,NoMemory,ONE_D,4096,1,1,36,0,0.001,0,-1,-1,-1
Intel Xeon CPU E5-2695 v2 @ 2.40GHz,NoMemory,ONE_D,8192,1,1,36,0,0,0,-1,-1,-1
Intel Xeon CPU E5-2695 v2 @ 2.40GHz,NoMemory,ONE_D,1,1,1,36,0,0,0,0.133,0,0.444
Intel Xeon CPU E5-2695 v2 @ 2.40GHz,NoMemory,ONE_D,2,1,1,36,0,0,0,0.148,0,0.656
Intel Xeon CPU E5-2695 v2 @ 2.40GHz,NoMemory,ONE_D,4,1,1,36,0,0,0,0.163,0,0.595
Intel Xeon CPU E5-2695 v2 @ 2.40GHz,NoMemory,ONE_D,8,1,1,36,0,0,0,0.089,0,0.47
Intel Xeon CPU E5-2695 v2 @ 2.40GHz,NoMemory,ONE_D,16,1,1,36,0,0,0,0.052,0.001,0.698
Intel Xeon CPU E5-2695 v2 @ 2.40GHz,NoMemory,ONE_D,32,1,1,36,0.001,0,0.001,0.113,0.001,0.532
Intel Xeon CPU E5-2695 v2 @ 2.40GHz,NoMemory,ONE_D,64,1,1,36,0,0.001,0,0.05,0,0.661
Intel Xeon CPU E5-2695 v2 @ 2.40GHz,NoMemory,ONE_D,128,1,1,36,0,0,0,0.094,0.001,0.48
Intel Xeon CPU E5-2695 v2 @ 2.40GHz,NoMemory,ONE_D,256,1,1,36,0,0,0.001,0.046,0,0.683
Intel Xeon CPU E5-2695 v2 @ 2.40GHz,NoMemory,ONE_D,512,1,1,36,0,0,0,0.043,0,0.466
Intel Xeon CPU E5-2695 v2 @ 2.40GHz,NoMemory,ONE_D,1024,1,1,36,0,0,0,-1,-1,-1
Intel Xeon CPU E5-2695 v2 @ 2.40GHz,NoMemory,ONE_D,2048,1,1,36,0,0,0.001,-1,-1,-1
Intel Xeon CPU E5-2695 v2 @ 2.40GHz,NoMemory,ONE_D,4096,1,1,36,0,0.001,0,-1,-1,-1
Intel Xeon CPU E5-2695 v2 @ 2.40GHz,NoMemory,ONE_D,8192,1,1,36,0,0,0,-1,-1,-1
Intel Xeon CPU E5-2695 v2 @ 2.40GHz,NoMemory,ONE_D,1,1,1,36,0.001,0,0.001,0.187,0,0.635
Intel Xeon CPU E5-2695 v2 @ 2.40GHz,NoMemory,ONE_D,2,1,1,36,0,0,0,0.075,0,0.821
Intel Xeon CPU E5-2695 v2 @ 2.40GHz,NoMemory,ONE_D,4,1,1,36,0,0,0.001,0.104,0,0.439
Intel Xeon CPU E5-2695 v2 @ 2.40GHz,NoMemory,ONE_D,8,1,1,36,0.001,0,0.001,0.06,0,0.659
Intel Xeon CPU E5-2695 v2 @ 2.40GHz,NoMemory,ONE_D,16,1,1,36,0,0,0,0.13,0.001,0.582
Intel Xeon CPU E5-2695 v2 @ 2.40GHz,NoMemory,ONE_D,32,1,1,36,0,0,0,0.085,0.001,0.766
Intel Xeon CPU E5-2695 v2 @ 2.40GHz,NoMemory,ONE_D,64,1,1,36,0,0,0,0.049,0,0.468
Intel Xeon CPU E5-2695 v2 @ 2.40GHz,NoMemory,ONE_D,128,1,1,36,0,0,0,0.043,0.001,0.488
Intel Xeon CPU E5-2695 v2 @ 2.40GHz,NoMemory,ONE_D,256,1,1,36,0,0,0,0.046,0,0.464
Intel Xeon CPU E5-2695 v2 @ 2.40GHz,NoMemory,ONE_D,512,1,1,36,0.001,0,0,0.046,0,0.468
Intel Xeon CPU E5-2695 v2 @ 2.40GHz,NoMemory,ONE_D,1024,1,1,36,0,0.001,0,-1,-1,-1
Intel Xeon CPU E5-2695 v2 @ 2.40GHz,NoMemory,ONE_D,2048,1,1,36,0,0,0,-1,-1,-1
Intel Xeon CPU E5-2695 v2 @ 2.40GHz,NoMemory,ONE_D,4096,1,1,36,0,0.001,0,-1,-1,-1
Intel Xeon CPU E5-2695 v2 @ 2.40GHz,NoMemory,ONE_D,8192,1,1,36,0,0.001,0,-1,-1,-1
Intel Xeon CPU E5-2695 v2 @ 2.40GHz,NoMemory,ONE_D,1,1,1,36,0.001,0,0,0.233,0,0.587
Intel Xeon CPU E5-2695 v2 @ 2.40GHz,NoMemory,ONE_D,2,1,1,36,0,0,0,0.194,0.001,0.663
Intel Xeon CPU E5-2695 v2 @ 2.40GHz,NoMemory,ONE_D,4,1,1,36,0,0.001,0,0.193,0,0.662
Intel Xeon CPU E5-2695 v2 @ 2.40GHz,NoMemory,ONE_D,8,1,1,36,0,0,0,0.156,0,0.574
Intel Xeon CPU E5-2695 v2 @ 2.40GHz,NoMemory,ONE_D,16,1,1,36,0,0,0,0.056,0,0.509
Intel Xeon CPU E5-2695 v2 @ 2.40GHz,NoMemory,ONE_D,32,1,1,36,0,0.001,0,0.164,0.001,0.691
Intel Xeon CPU E5-2695 v2 @ 2.40GHz,NoMemory,ONE_D,64,1,1,36,0.001,0,0,0.088,0,0.499
Intel Xeon CPU E5-2695 v2 @ 2.40GHz,NoMemory,ONE_D,128,1,1,36,0,0,0,0.047,0,0.473
Intel Xeon CPU E5-2695 v2 @ 2.40GHz,NoMemory,ONE_D,256,1,1,36,0.001,0,0.001,0.041,0,0.469
Intel Xeon CPU E5-2695 v2 @ 2.40GHz,NoMemory,ONE_D,512,1,1,36,0,0,0,0.047,0,0.455
Intel Xeon CPU E5-2695 v2 @ 2.40GHz,NoMemory,ONE_D,1024,1,1,36,0,0,0,-1,-1,-1
Intel Xeon CPU E5-2695 v2 @ 2.40GHz,NoMemory,ONE_D,2048,1,1,36,0,0,0,-1,-1,-1
Intel Xeon CPU E5-2695 v2 @ 2.40GHz,NoMemory,ONE_D,4096,1,1,36,0,0,0,-1,-1,-1
Intel Xeon CPU E5-2695 v2 @ 2.40GHz,NoMemory,ONE_D,8192,1,1,36,0,0,0,-1,-1,-1
Intel Xeon CPU E5-2695 v2 @ 2.40GHz,NoMemory,ONE_D,1,1,1,36,0,0,0,0.17,0.001,0.796
Intel Xeon CPU E5-2695 v2 @ 2.40GHz,NoMemory,ONE_D,2,1,1,36,0.001,0,0.001,0.189,0,0.8
Intel Xeon CPU E5-2695 v2 @ 2.40GHz,NoMemory,ONE_D,4,1,1,36,0,0,0,0.227,0,0.53
Intel Xeon CPU E5-2695 v2 @ 2.40GHz,NoMemory,ONE_D,8,1,1,36,0.001,0,0,0.061,0,0.42
Intel Xeon CPU E5-2695 v2 @ 2.40GHz,NoMemory,ONE_D,16,1,1,36,0,0,0,0.059,0,0.472
Intel Xeon CPU E5-2695 v2 @ 2.40GHz,NoMemory,ONE_D,32,1,1,36,0,0,0,0.051,0.001,0.445
Intel Xeon CPU E5-2695 v2 @ 2.40GHz,NoMemory,ONE_D,64,1,1,36,0,0.001,0,0.046,0.001,0.442
Intel Xeon CPU E5-2695 v2 @ 2.40GHz,NoMemory,ONE_D,128,1,1,36,0,0,0,0.046,0,0.465
Intel Xeon CPU E5-2695 v2 @ 2.40GHz,NoMemory,ONE_D,256,1,1,36,0,0,0,0.048,0,0.45
Intel Xeon CPU E5-2695 v2 @ 2.40GHz,NoMemory,ONE_D,512,1,1,36,0,0,0,0.041,0,0.48
Intel Xeon CPU E5-2695 v2 @ 2.40GHz,NoMemory,ONE_D,1024,1,1,36,0,0,0,-1,-1,-1
Intel Xeon CPU E5-2695 v2 @ 2.40GHz,NoMemory,ONE_D,2048,1,1,36,0,0,0,-1,-1,-1
Intel Xeon CPU E5-2695 v2 @ 2.40GHz,NoMemory,ONE_D,4096,1,1,36,0,0,0,-1,-1,-1
Intel Xeon CPU E5-2695 v2 @ 2.40GHz,NoMemory,ONE_D,8192,1,1,36,0,0,0,-1,-1,-1
Intel Xeon CPU E5-2695 v2 @ 2.40GHz,NoMemory,ONE_D,1,1,1,36,0,0,0.001,0.214,0,0.699
Intel Xeon CPU E5-2695 v2 @ 2.40GHz,NoMemory,ONE_D,2,1,1,36,0,0,0.001,0.202,0,0.741
Intel Xeon CPU E5-2695 v2 @ 2.40GHz,NoMemory,ONE_D,4,1,1,36,0,0,0,0.182,0.001,0.709
Intel Xeon CPU E5-2695 v2 @ 2.40GHz,NoMemory,ONE_D,8,1,1,36,0.001,0,0,0.178,0.001,0.618
Intel Xeon CPU E5-2695 v2 @ 2.40GHz,NoMemory,ONE_D,16,1,1,36,0,0,0,0.181,0,0.729
Intel Xeon CPU E5-2695 v2 @ 2.40GHz,NoMemory,ONE_D,32,1,1,36,0,0,0,0.117,0.001,0.659
Intel Xeon CPU E5-2695 v2 @ 2.40GHz,NoMemory,ONE_D,64,1,1,36,0,0,0,0.123,0,0.635
Intel Xeon CPU E5-2695 v2 @ 2.40GHz,NoMemory,ONE_D,128,1,1,36,0,0,0,0.141,0,0.662
Intel Xeon CPU E5-2695 v2 @ 2.40GHz,NoMemory,ONE_D,256,1,1,36,0,0,0,0.126,0,0.643
Intel Xeon CPU E5-2695 v2 @ 2.40GHz,NoMemory,ONE_D,512,1,1,36,0,0,0,0.128,0,0.596
Intel Xeon CPU E5-2695 v2 @ 2.40GHz,NoMemory,ONE_D,1024,1,1,36,0,0,0,-1,-1,-1
Intel Xeon CPU E5-2695 v2 @ 2.40GHz,NoMemory,ONE_D,2048,1,1,36,0,0,0,-1,-1,-1
Intel Xeon CPU E5-2695 v2 @ 2.40GHz,NoMemory,ONE_D,4096,1,1,36,0.001,0,0,-1,-1,-1
Intel Xeon CPU E5-2695 v2 @ 2.40GHz,NoMemory,ONE_D,8192,1,1,36,0,0,0,-1,-1,-1
Intel Xeon CPU E5-2695 v2 @ 2.40GHz,NoMemory,ONE_D,1,1,1,36,0,0,0,0.221,0,0.682
Intel Xeon CPU E5-2695 v2 @ 2.40GHz,NoMemory,ONE_D,2,1,1,36,0,0,0,0.097,0.001,0.477
Intel Xeon CPU E5-2695 v2 @ 2.40GHz,NoMemory,ONE_D,4,1,1,36,0,0,0,0.122,0,0.643
Intel Xeon CPU E5-2695 v2 @ 2.40GHz,NoMemory,ONE_D,8,1,1,36,0,0,0,0.148,0,0.701
Intel Xeon CPU E5-2695 v2 @ 2.40GHz,NoMemory,ONE_D,16,1,1,36,0.001,0,0.001,0.101,0.001,0.634
Intel Xeon CPU E5-2695 v2 @ 2.40GHz,NoMemory,ONE_D,32,1,1,36,0,0,0,0.178,0.001,0.609
Intel Xeon CPU E5-2695 v2 @ 2.40GHz,NoMemory,ONE_D,64,1,1,36,0.001,0,0.001,0.049,0,0.43
Intel Xeon CPU E5-2695 v2 @ 2.40GHz,NoMemory,ONE_D,128,1,1,36,0,0,0,0.046,0,0.501
Intel Xeon CPU E5-2695 v2 @ 2.40GHz,NoMemory,ONE_D,256,1,1,36,0,0,0,0.044,0,0.464
Intel Xeon CPU E5-2695 v2 @ 2.40GHz,NoMemory,ONE_D,512,1,1,36,0,0.001,0,0.041,0,0.45
Intel Xeon CPU E5-2695 v2 @ 2.40GHz,NoMemory,ONE_D,1024,1,1,36,0,0,0,-1,-1,-1
Intel Xeon CPU E5-2695 v2 @ 2.40GHz,NoMemory,ONE_D,2048,1,1,36,0,0,0.001,-1,-1,-1
Intel Xeon CPU E5-2695 v2 @ 2.40GHz,NoMemory,ONE_D,4096,1,1,36,0,0,0,-1,-1,-1
Intel Xeon CPU E5-2695 v2 @ 2.40GHz,NoMemory,ONE_D,8192,1,1,36,0,0,0,-1,-1,-1
Intel Xeon CPU E5-2695 v2 @ 2.40GHz,NoMemory,ONE_D,1,1,1,36,0.001,0,0.001,0.258,0,0.713
Intel Xeon CPU E5-2695 v2 @ 2.40GHz,NoMemory,ONE_D,2,1,1,36,0,0.001,0,0.224,0,0.597
Intel Xeon CPU E5-2695 v2 @ 2.40GHz,NoMemory,ONE_D,4,1,1,36,0,0,0,0.109,0,0.862
Intel Xeon CPU E5-2695 v2 @ 2.40GHz,NoMemory,ONE_D,8,1,1,36,0,0,0,0.126,0,0.962
Intel Xeon CPU E5-2695 v2 @ 2.40GHz,NoMemory,ONE_D,16,1,1,36,0,0,0,0.117,0.001,0.987
Intel Xeon CPU E5-2695 v2 @ 2.40GHz,NoMemory,ONE_D,32,1,1,36,0.001,0,0,0.098,0,0.876
Intel Xeon CPU E5-2695 v2 @ 2.40GHz,NoMemory,ONE_D,64,1,1,36,0,0,0,0.098,0.001,0.89
Intel Xeon CPU E5-2695 v2 @ 2.40GHz,NoMemory,ONE_D,128,1,1,36,0,0,0,0.139,0.001,0.947
Intel Xeon CPU E5-2695 v2 @ 2.40GHz,NoMemory,ONE_D,256,1,1,36,0,0,0,0.096,0,0.859
Intel Xeon CPU E5-2695 v2 @ 2.40GHz,NoMemory,ONE_D,512,1,1,36,0.001,0,0,0.08,0,0.904
Intel Xeon CPU E5-2695 v2 @ 2.40GHz,NoMemory,ONE_D,1024,1,1,36,0,0,0,-1,-1,-1
Intel Xeon CPU E5-2695 v2 @ 2.40GHz,NoMemory,ONE_D,2048,1,1,36,0,0,0,-1,-1,-1
Intel Xeon CPU E5-2695 v2 @ 2.40GHz,NoMemory,ONE_D,4096,1,1,36,0,0,0,-1,-1,-1
Intel Xeon CPU E5-2695 v2 @ 2.40GHz,NoMemory,ONE_D,8192,1,1,36,0,0,0,-1,-1,-1
