device/C,kernel/C,workDimension/C,width/F,height/F,xLocal/I,yLocal/I,zLocal/I,MB/F,init/F,memoryCopyOut/F,plan/F,execute/F,memoryCopyIn/F,cleanUp/F
Intel Xeon CPU E5-2695 v2 @ 2.40GHz,FloydWarshall,TWO_D,1448,1448,1,1,1,7,56.077,8.929,0.004,28391.9,10.203,1.177
Intel Xeon CPU E5-2695 v2 @ 2.40GHz,FloydWarshall,TWO_D,1448,1448,1,2,1,7,50.722,4.674,0.003,14746.8,11.35,1.232
Intel Xeon CPU E5-2695 v2 @ 2.40GHz,FloydWarshall,TWO_D,1448,1448,1,4,1,7,50.743,4.349,0.003,7860.49,10.052,1.316
Intel Xeon CPU E5-2695 v2 @ 2.40GHz,FloydWarshall,TWO_D,1448,1448,1,8,1,7,50.431,4.566,0.003,4354.84,8.946,1.412
Intel Xeon CPU E5-2695 v2 @ 2.40GHz,FloydWarshall,TWO_D,1448,1448,1,16,1,7,53.488,4.296,0.009,-1,-1,-1
Intel Xeon CPU E5-2695 v2 @ 2.40GHz,FloydWarshall,TWO_D,1448,1448,1,32,1,7,56.579,6.507,0.001,-1,-1,-1
Intel Xeon CPU E5-2695 v2 @ 2.40GHz,FloydWarshall,TWO_D,1448,1448,1,64,1,7,52.439,4.052,0.002,-1,-1,-1
Intel Xeon CPU E5-2695 v2 @ 2.40GHz,FloydWarshall,TWO_D,1448,1448,1,128,1,7,55.011,3.715,0.002,-1,-1,-1
Intel Xeon CPU E5-2695 v2 @ 2.40GHz,FloydWarshall,TWO_D,1448,1448,1,256,1,7,54.739,5.046,0.002,-1,-1,-1
Intel Xeon CPU E5-2695 v2 @ 2.40GHz,FloydWarshall,TWO_D,1448,1448,1,512,1,7,50.96,4.171,0.002,-1,-1,-1
Intel Xeon CPU E5-2695 v2 @ 2.40GHz,FloydWarshall,TWO_D,1448,1448,1,1024,1,7,50.68,4.308,0.002,-1,-1,-1
Intel Xeon CPU E5-2695 v2 @ 2.40GHz,FloydWarshall,TWO_D,1448,1448,2,1,1,7,50.524,4.283,0.002,14730.8,6.143,1.203
Intel Xeon CPU E5-2695 v2 @ 2.40GHz,FloydWarshall,TWO_D,1448,1448,2,2,1,7,52.19,8.115,0.002,7776.49,6.15,1.136
Intel Xeon CPU E5-2695 v2 @ 2.40GHz,FloydWarshall,TWO_D,1448,1448,2,4,1,7,52.221,3.846,0.002,4326.45,6.013,1.084
Intel Xeon CPU E5-2695 v2 @ 2.40GHz,FloydWarshall,TWO_D,1448,1448,2,8,1,7,57.14,4.163,0.002,2572.52,6.077,1.132
Intel Xeon CPU E5-2695 v2 @ 2.40GHz,FloydWarshall,TWO_D,1448,1448,2,16,1,7,54.015,4.777,0.002,-1,-1,-1
Intel Xeon CPU E5-2695 v2 @ 2.40GHz,FloydWarshall,TWO_D,1448,1448,2,32,1,7,55.159,3.915,0.002,-1,-1,-1
Intel Xeon CPU E5-2695 v2 @ 2.40GHz,FloydWarshall,TWO_D,1448,1448,2,64,1,7,54.834,3.673,0.002,-1,-1,-1
Intel Xeon CPU E5-2695 v2 @ 2.40GHz,FloydWarshall,TWO_D,1448,1448,2,128,1,7,54.704,3.658,0.001,-1,-1,-1
Intel Xeon CPU E5-2695 v2 @ 2.40GHz,FloydWarshall,TWO_D,1448,1448,2,256,1,7,54.759,3.672,0.001,-1,-1,-1
Intel Xeon CPU E5-2695 v2 @ 2.40GHz,FloydWarshall,TWO_D,1448,1448,2,512,1,7,53.407,3.719,0.003,-1,-1,-1
Intel Xeon CPU E5-2695 v2 @ 2.40GHz,FloydWarshall,TWO_D,1448,1448,4,1,1,7,53.328,3.704,0.002,7681.85,5.834,1.15
Intel Xeon CPU E5-2695 v2 @ 2.40GHz,FloydWarshall,TWO_D,1448,1448,4,2,1,7,55.956,4.405,0.001,4206.71,6.089,1.186
Intel Xeon CPU E5-2695 v2 @ 2.40GHz,FloydWarshall,TWO_D,1448,1448,4,4,1,7,51.819,4.156,0.002,2497.44,6.127,1.147
Intel Xeon CPU E5-2695 v2 @ 2.40GHz,FloydWarshall,TWO_D,1448,1448,4,8,1,7,52.464,4.348,0.001,1613.07,6.108,1.082
Intel Xeon CPU E5-2695 v2 @ 2.40GHz,FloydWarshall,TWO_D,1448,1448,4,16,1,7,52.765,4.333,0.002,-1,-1,-1
Intel Xeon CPU E5-2695 v2 @ 2.40GHz,FloydWarshall,TWO_D,1448,1448,4,32,1,7,60.269,7.028,0.004,-1,-1,-1
Intel Xeon CPU E5-2695 v2 @ 2.40GHz,FloydWarshall,TWO_D,1448,1448,4,64,1,7,53.565,4.552,0.001,-1,-1,-1
Intel Xeon CPU E5-2695 v2 @ 2.40GHz,FloydWarshall,TWO_D,1448,1448,4,128,1,7,51.672,3.687,0.002,-1,-1,-1
Intel Xeon CPU E5-2695 v2 @ 2.40GHz,FloydWarshall,TWO_D,1448,1448,4,256,1,7,51.158,3.9,0.001,-1,-1,-1
Intel Xeon CPU E5-2695 v2 @ 2.40GHz,FloydWarshall,TWO_D,1448,1448,8,1,1,7,50.528,3.984,0.002,4085.6,5.054,1.058
Intel Xeon CPU E5-2695 v2 @ 2.40GHz,FloydWarshall,TWO_D,1448,1448,8,2,1,7,57.231,8.209,0.002,2342.52,6.167,1.372
Intel Xeon CPU E5-2695 v2 @ 2.40GHz,FloydWarshall,TWO_D,1448,1448,8,4,1,7,57.362,4.558,0.001,1493.95,9.216,1.204
Intel Xeon CPU E5-2695 v2 @ 2.40GHz,FloydWarshall,TWO_D,1448,1448,8,8,1,7,51.349,5.332,0.001,1052.32,10.027,1.828
Intel Xeon CPU E5-2695 v2 @ 2.40GHz,FloydWarshall,TWO_D,1448,1448,8,16,1,7,52.203,3.613,0.001,-1,-1,-1
Intel Xeon CPU E5-2695 v2 @ 2.40GHz,FloydWarshall,TWO_D,1448,1448,8,32,1,7,52.511,6.054,0.001,-1,-1,-1
Intel Xeon CPU E5-2695 v2 @ 2.40GHz,FloydWarshall,TWO_D,1448,1448,8,64,1,7,52.524,6.91,0.001,-1,-1,-1
Intel Xeon CPU E5-2695 v2 @ 2.40GHz,FloydWarshall,TWO_D,1448,1448,8,128,1,7,52.571,6.081,0.001,-1,-1,-1
Intel Xeon CPU E5-2695 v2 @ 2.40GHz,FloydWarshall,TWO_D,1448,1448,16,1,1,7,52.501,4.242,0.002,-1,-1,-1
Intel Xeon CPU E5-2695 v2 @ 2.40GHz,FloydWarshall,TWO_D,1448,1448,16,2,1,7,52.583,6.429,0.001,-1,-1,-1
Intel Xeon CPU E5-2695 v2 @ 2.40GHz,FloydWarshall,TWO_D,1448,1448,16,4,1,7,51.749,6.027,0.003,-1,-1,-1
Intel Xeon CPU E5-2695 v2 @ 2.40GHz,FloydWarshall,TWO_D,1448,1448,16,8,1,7,51.654,6.136,0.002,-1,-1,-1
Intel Xeon CPU E5-2695 v2 @ 2.40GHz,FloydWarshall,TWO_D,1448,1448,16,16,1,7,52.072,6.699,0.003,-1,-1,-1
Intel Xeon CPU E5-2695 v2 @ 2.40GHz,FloydWarshall,TWO_D,1448,1448,16,32,1,7,51.811,6.199,0.002,-1,-1,-1
Intel Xeon CPU E5-2695 v2 @ 2.40GHz,FloydWarshall,TWO_D,1448,1448,16,64,1,7,51.876,6.74,0.003,-1,-1,-1
Intel Xeon CPU E5-2695 v2 @ 2.40GHz,FloydWarshall,TWO_D,1448,1448,32,1,1,7,51.635,6.374,0.003,-1,-1,-1
Intel Xeon CPU E5-2695 v2 @ 2.40GHz,FloydWarshall,TWO_D,1448,1448,32,2,1,7,52.128,5.926,0.002,-1,-1,-1
Intel Xeon CPU E5-2695 v2 @ 2.40GHz,FloydWarshall,TWO_D,1448,1448,32,4,1,7,58.32,4.348,0.003,-1,-1,-1
Intel Xeon CPU E5-2695 v2 @ 2.40GHz,FloydWarshall,TWO_D,1448,1448,32,8,1,7,55.435,4.348,0.003,-1,-1,-1
Intel Xeon CPU E5-2695 v2 @ 2.40GHz,FloydWarshall,TWO_D,1448,1448,32,16,1,7,54.875,4.345,0.002,-1,-1,-1
Intel Xeon CPU E5-2695 v2 @ 2.40GHz,FloydWarshall,TWO_D,1448,1448,32,32,1,7,55.445,3.751,0.002,-1,-1,-1
Intel Xeon CPU E5-2695 v2 @ 2.40GHz,FloydWarshall,TWO_D,1448,1448,64,1,1,7,54.692,4.334,0.003,-1,-1,-1
Intel Xeon CPU E5-2695 v2 @ 2.40GHz,FloydWarshall,TWO_D,1448,1448,64,2,1,7,55.616,4.355,0.003,-1,-1,-1
Intel Xeon CPU E5-2695 v2 @ 2.40GHz,FloydWarshall,TWO_D,1448,1448,64,4,1,7,55.212,3.808,0.001,-1,-1,-1
Intel Xeon CPU E5-2695 v2 @ 2.40GHz,FloydWarshall,TWO_D,1448,1448,64,8,1,7,55.327,3.767,0.002,-1,-1,-1
Intel Xeon CPU E5-2695 v2 @ 2.40GHz,FloydWarshall,TWO_D,1448,1448,64,16,1,7,55.357,3.775,0.002,-1,-1,-1
Intel Xeon CPU E5-2695 v2 @ 2.40GHz,FloydWarshall,TWO_D,1448,1448,128,1,1,7,54.964,4.345,0.002,-1,-1,-1
Intel Xeon CPU E5-2695 v2 @ 2.40GHz,FloydWarshall,TWO_D,1448,1448,128,2,1,7,55.359,3.752,0.002,-1,-1,-1
Intel Xeon CPU E5-2695 v2 @ 2.40GHz,FloydWarshall,TWO_D,1448,1448,128,4,1,7,54.9,4.346,0.002,-1,-1,-1
Intel Xeon CPU E5-2695 v2 @ 2.40GHz,FloydWarshall,TWO_D,1448,1448,128,8,1,7,55.193,3.783,0.001,-1,-1,-1
Intel Xeon CPU E5-2695 v2 @ 2.40GHz,FloydWarshall,TWO_D,1448,1448,256,1,1,7,55.211,4.342,0.003,-1,-1,-1
Intel Xeon CPU E5-2695 v2 @ 2.40GHz,FloydWarshall,TWO_D,1448,1448,256,2,1,7,55.159,3.805,0.001,-1,-1,-1
Intel Xeon CPU E5-2695 v2 @ 2.40GHz,FloydWarshall,TWO_D,1448,1448,256,4,1,7,54.938,4.355,0.003,-1,-1,-1
Intel Xeon CPU E5-2695 v2 @ 2.40GHz,FloydWarshall,TWO_D,1448,1448,512,1,1,7,54.947,4.35,0.002,-1,-1,-1
Intel Xeon CPU E5-2695 v2 @ 2.40GHz,FloydWarshall,TWO_D,1448,1448,512,2,1,7,55.354,3.766,0.003,-1,-1,-1
Intel Xeon CPU E5-2695 v2 @ 2.40GHz,FloydWarshall,TWO_D,1448,1448,1024,1,1,7,55.355,3.768,0.003,-1,-1,-1
Intel Xeon CPU E5-2695 v2 @ 2.40GHz,FloydWarshall,TWO_D,1448,1448,1,1,1,7,50.581,6.309,0.002,28555.4,6.051,1.076
Intel Xeon CPU E5-2695 v2 @ 2.40GHz,FloydWarshall,TWO_D,1448,1448,1,2,1,7,51.321,3.958,0.001,14665.4,5.938,1.001
Intel Xeon CPU E5-2695 v2 @ 2.40GHz,FloydWarshall,TWO_D,1448,1448,1,4,1,7,51.147,8.748,0.003,7950.3,5.669,1.036
Intel Xeon CPU E5-2695 v2 @ 2.40GHz,FloydWarshall,TWO_D,1448,1448,1,8,1,7,57.18,8.864,0.003,4365.45,4.989,0.994
Intel Xeon CPU E5-2695 v2 @ 2.40GHz,FloydWarshall,TWO_D,1448,1448,1,16,1,7,57.02,4.175,0.001,-1,-1,-1
Intel Xeon CPU E5-2695 v2 @ 2.40GHz,FloydWarshall,TWO_D,1448,1448,1,32,1,7,56.96,3.731,0.001,-1,-1,-1
Intel Xeon CPU E5-2695 v2 @ 2.40GHz,FloydWarshall,TWO_D,1448,1448,1,64,1,7,57.317,3.349,0.001,-1,-1,-1
Intel Xeon CPU E5-2695 v2 @ 2.40GHz,FloydWarshall,TWO_D,1448,1448,1,128,1,7,56.899,3.451,0.002,-1,-1,-1
Intel Xeon CPU E5-2695 v2 @ 2.40GHz,FloydWarshall,TWO_D,1448,1448,1,256,1,7,56.985,3.272,0.002,-1,-1,-1
Intel Xeon CPU E5-2695 v2 @ 2.40GHz,FloydWarshall,TWO_D,1448,1448,1,512,1,7,56.857,3.286,0.001,-1,-1,-1
Intel Xeon CPU E5-2695 v2 @ 2.40GHz,FloydWarshall,TWO_D,1448,1448,1,1024,1,7,57.019,3.268,0.002,-1,-1,-1
Intel Xeon CPU E5-2695 v2 @ 2.40GHz,FloydWarshall,TWO_D,1448,1448,2,1,1,7,57.001,3.278,0.001,14724.3,11.691,1.339
Intel Xeon CPU E5-2695 v2 @ 2.40GHz,FloydWarshall,TWO_D,1448,1448,2,2,1,7,52.737,4.35,0.002,7743.23,5.985,1.125
Intel Xeon CPU E5-2695 v2 @ 2.40GHz,FloydWarshall,TWO_D,1448,1448,2,4,1,7,49.993,6.284,0.002,4328.01,6.017,1.192
Intel Xeon CPU E5-2695 v2 @ 2.40GHz,FloydWarshall,TWO_D,1448,1448,2,8,1,7,54.076,4.407,0.001,2570.77,10.031,1.097
Intel Xeon CPU E5-2695 v2 @ 2.40GHz,FloydWarshall,TWO_D,1448,1448,2,16,1,7,51.692,4.379,0.003,-1,-1,-1
Intel Xeon CPU E5-2695 v2 @ 2.40GHz,FloydWarshall,TWO_D,1448,1448,2,32,1,7,55.446,7.378,0.017,-1,-1,-1
Intel Xeon CPU E5-2695 v2 @ 2.40GHz,FloydWarshall,TWO_D,1448,1448,2,64,1,7,58.492,3.851,0.003,-1,-1,-1
Intel Xeon CPU E5-2695 v2 @ 2.40GHz,FloydWarshall,TWO_D,1448,1448,2,128,1,7,56.1,3.74,0.003,-1,-1,-1
Intel Xeon CPU E5-2695 v2 @ 2.40GHz,FloydWarshall,TWO_D,1448,1448,2,256,1,7,55.509,3.677,0.002,-1,-1,-1
Intel Xeon CPU E5-2695 v2 @ 2.40GHz,FloydWarshall,TWO_D,1448,1448,2,512,1,7,56.956,6.086,0.003,-1,-1,-1
Intel Xeon CPU E5-2695 v2 @ 2.40GHz,FloydWarshall,TWO_D,1448,1448,4,1,1,7,52.772,7.504,0.004,7648.16,9.93,1.258
Intel Xeon CPU E5-2695 v2 @ 2.40GHz,FloydWarshall,TWO_D,1448,1448,4,2,1,7,50.686,8.294,0.002,4249.14,9.277,1.159
Intel Xeon CPU E5-2695 v2 @ 2.40GHz,FloydWarshall,TWO_D,1448,1448,4,4,1,7,50.37,3.709,0.001,2561.22,9.908,1.334
Intel Xeon CPU E5-2695 v2 @ 2.40GHz,FloydWarshall,TWO_D,1448,1448,4,8,1,7,50.467,5.301,0.003,1672.43,9.719,1.171
Intel Xeon CPU E5-2695 v2 @ 2.40GHz,FloydWarshall,TWO_D,1448,1448,4,16,1,7,50.535,7.783,0.003,-1,-1,-1
Intel Xeon CPU E5-2695 v2 @ 2.40GHz,FloydWarshall,TWO_D,1448,1448,4,32,1,7,56.209,4.412,0.003,-1,-1,-1
Intel Xeon CPU E5-2695 v2 @ 2.40GHz,FloydWarshall,TWO_D,1448,1448,4,64,1,7,55.105,3.709,0.002,-1,-1,-1
Intel Xeon CPU E5-2695 v2 @ 2.40GHz,FloydWarshall,TWO_D,1448,1448,4,128,1,7,56.122,4.937,0.003,-1,-1,-1
Intel Xeon CPU E5-2695 v2 @ 2.40GHz,FloydWarshall,TWO_D,1448,1448,4,256,1,7,56.785,3.806,0.002,-1,-1,-1
Intel Xeon CPU E5-2695 v2 @ 2.40GHz,FloydWarshall,TWO_D,1448,1448,8,1,1,7,55.819,3.776,0.003,4124.34,8.117,1.084
Intel Xeon CPU E5-2695 v2 @ 2.40GHz,FloydWarshall,TWO_D,1448,1448,8,2,1,7,51.984,3.494,0.001,2386.95,11.044,1.357
Intel Xeon CPU E5-2695 v2 @ 2.40GHz,FloydWarshall,TWO_D,1448,1448,8,4,1,7,50.804,7.499,0.003,1497.8,6.019,1.26
Intel Xeon CPU E5-2695 v2 @ 2.40GHz,FloydWarshall,TWO_D,1448,1448,8,8,1,7,53.519,4.345,0.001,1096.12,11.513,1.283
Intel Xeon CPU E5-2695 v2 @ 2.40GHz,FloydWarshall,TWO_D,1448,1448,8,16,1,7,50.765,4.177,0.002,-1,-1,-1
Intel Xeon CPU E5-2695 v2 @ 2.40GHz,FloydWarshall,TWO_D,1448,1448,8,32,1,7,52.901,3.383,0.001,-1,-1,-1
Intel Xeon CPU E5-2695 v2 @ 2.40GHz,FloydWarshall,TWO_D,1448,1448,8,64,1,7,54.913,4.851,0.001,-1,-1,-1
Intel Xeon CPU E5-2695 v2 @ 2.40GHz,FloydWarshall,TWO_D,1448,1448,8,128,1,7,51.932,7.163,0.002,-1,-1,-1
Intel Xeon CPU E5-2695 v2 @ 2.40GHz,FloydWarshall,TWO_D,1448,1448,16,1,1,7,53.185,3.491,0.001,-1,-1,-1
Intel Xeon CPU E5-2695 v2 @ 2.40GHz,FloydWarshall,TWO_D,1448,1448,16,2,1,7,54.898,4.807,0.001,-1,-1,-1
Intel Xeon CPU E5-2695 v2 @ 2.40GHz,FloydWarshall,TWO_D,1448,1448,16,4,1,7,51.953,7.084,0.001,-1,-1,-1
Intel Xeon CPU E5-2695 v2 @ 2.40GHz,FloydWarshall,TWO_D,1448,1448,16,8,1,7,53.284,3.644,0.002,-1,-1,-1
Intel Xeon CPU E5-2695 v2 @ 2.40GHz,FloydWarshall,TWO_D,1448,1448,16,16,1,7,55.234,4.823,0.001,-1,-1,-1
Intel Xeon CPU E5-2695 v2 @ 2.40GHz,FloydWarshall,TWO_D,1448,1448,16,32,1,7,51.592,7.078,0.002,-1,-1,-1
Intel Xeon CPU E5-2695 v2 @ 2.40GHz,FloydWarshall,TWO_D,1448,1448,16,64,1,7,53.235,3.834,0.001,-1,-1,-1
Intel Xeon CPU E5-2695 v2 @ 2.40GHz,FloydWarshall,TWO_D,1448,1448,32,1,1,7,55.085,4.943,0.002,-1,-1,-1
Intel Xeon CPU E5-2695 v2 @ 2.40GHz,FloydWarshall,TWO_D,1448,1448,32,2,1,7,51.808,6.026,0,-1,-1,-1
Intel Xeon CPU E5-2695 v2 @ 2.40GHz,FloydWarshall,TWO_D,1448,1448,32,4,1,7,53.972,6.27,0.003,-1,-1,-1
Intel Xeon CPU E5-2695 v2 @ 2.40GHz,FloydWarshall,TWO_D,1448,1448,32,8,1,7,58.093,4.993,0.003,-1,-1,-1
Intel Xeon CPU E5-2695 v2 @ 2.40GHz,FloydWarshall,TWO_D,1448,1448,32,16,1,7,55.816,3.808,0.003,-1,-1,-1
Intel Xeon CPU E5-2695 v2 @ 2.40GHz,FloydWarshall,TWO_D,1448,1448,32,32,1,7,55.397,3.786,0.003,-1,-1,-1
Intel Xeon CPU E5-2695 v2 @ 2.40GHz,FloydWarshall,TWO_D,1448,1448,64,1,1,7,55.484,4.368,0.003,-1,-1,-1
Intel Xeon CPU E5-2695 v2 @ 2.40GHz,FloydWarshall,TWO_D,1448,1448,64,2,1,7,55.728,4.376,0.003,-1,-1,-1
Intel Xeon CPU E5-2695 v2 @ 2.40GHz,FloydWarshall,TWO_D,1448,1448,64,4,1,7,55.744,3.783,0.003,-1,-1,-1
Intel Xeon CPU E5-2695 v2 @ 2.40GHz,FloydWarshall,TWO_D,1448,1448,64,8,1,7,56.921,7.361,0.002,-1,-1,-1
Intel Xeon CPU E5-2695 v2 @ 2.40GHz,FloydWarshall,TWO_D,1448,1448,64,16,1,7,53.573,7.345,0.002,-1,-1,-1
Intel Xeon CPU E5-2695 v2 @ 2.40GHz,FloydWarshall,TWO_D,1448,1448,128,1,1,7,57.24,4.741,0.003,-1,-1,-1
Intel Xeon CPU E5-2695 v2 @ 2.40GHz,FloydWarshall,TWO_D,1448,1448,128,2,1,7,55.735,3.777,0.003,-1,-1,-1
Intel Xeon CPU E5-2695 v2 @ 2.40GHz,FloydWarshall,TWO_D,1448,1448,128,4,1,7,55.483,4.363,0.003,-1,-1,-1
Intel Xeon CPU E5-2695 v2 @ 2.40GHz,FloydWarshall,TWO_D,1448,1448,128,8,1,7,55.735,4.369,0.002,-1,-1,-1
Intel Xeon CPU E5-2695 v2 @ 2.40GHz,FloydWarshall,TWO_D,1448,1448,256,1,1,7,55.849,3.83,0.002,-1,-1,-1
Intel Xeon CPU E5-2695 v2 @ 2.40GHz,FloydWarshall,TWO_D,1448,1448,256,2,1,7,55.843,4.001,0.003,-1,-1,-1
Intel Xeon CPU E5-2695 v2 @ 2.40GHz,FloydWarshall,TWO_D,1448,1448,256,4,1,7,55.748,3.774,0.003,-1,-1,-1
Intel Xeon CPU E5-2695 v2 @ 2.40GHz,FloydWarshall,TWO_D,1448,1448,512,1,1,7,55.89,3.789,0.003,-1,-1,-1
Intel Xeon CPU E5-2695 v2 @ 2.40GHz,FloydWarshall,TWO_D,1448,1448,512,2,1,7,56.041,3.791,0.003,-1,-1,-1
Intel Xeon CPU E5-2695 v2 @ 2.40GHz,FloydWarshall,TWO_D,1448,1448,1024,1,1,7,55.463,4.382,0.003,-1,-1,-1
Intel Xeon CPU E5-2695 v2 @ 2.40GHz,FloydWarshall,TWO_D,1448,1448,1,1,1,7,50.501,8.949,0.003,28263,5.989,1.243
Intel Xeon CPU E5-2695 v2 @ 2.40GHz,FloydWarshall,TWO_D,1448,1448,1,2,1,7,50.558,3.283,0.002,14667.7,11.048,1.302
Intel Xeon CPU E5-2695 v2 @ 2.40GHz,FloydWarshall,TWO_D,1448,1448,1,4,1,7,52.1,4.136,0.002,8077.83,11.123,1.536
Intel Xeon CPU E5-2695 v2 @ 2.40GHz,FloydWarshall,TWO_D,1448,1448,1,8,1,7,52.7,4.024,0.002,4319.99,5.951,2.485
Intel Xeon CPU E5-2695 v2 @ 2.40GHz,FloydWarshall,TWO_D,1448,1448,1,16,1,7,54.719,3.897,0.001,-1,-1,-1
Intel Xeon CPU E5-2695 v2 @ 2.40GHz,FloydWarshall,TWO_D,1448,1448,1,32,1,7,49.791,5.213,0.002,-1,-1,-1
Intel Xeon CPU E5-2695 v2 @ 2.40GHz,FloydWarshall,TWO_D,1448,1448,1,64,1,7,49.697,3.661,0.001,-1,-1,-1
Intel Xeon CPU E5-2695 v2 @ 2.40GHz,FloydWarshall,TWO_D,1448,1448,1,128,1,7,49.317,3.578,0.002,-1,-1,-1
Intel Xeon CPU E5-2695 v2 @ 2.40GHz,FloydWarshall,TWO_D,1448,1448,1,256,1,7,49.281,3.605,0.002,-1,-1,-1
Intel Xeon CPU E5-2695 v2 @ 2.40GHz,FloydWarshall,TWO_D,1448,1448,1,512,1,7,55.548,3.578,0.002,-1,-1,-1
Intel Xeon CPU E5-2695 v2 @ 2.40GHz,FloydWarshall,TWO_D,1448,1448,1,1024,1,7,48.917,3.929,0.001,-1,-1,-1
Intel Xeon CPU E5-2695 v2 @ 2.40GHz,FloydWarshall,TWO_D,1448,1448,2,1,1,7,48.538,3.547,0.002,14732.4,5.557,1.06
Intel Xeon CPU E5-2695 v2 @ 2.40GHz,FloydWarshall,TWO_D,1448,1448,2,2,1,7,56.743,4.362,0.001,7757.61,5.914,1.152
Intel Xeon CPU E5-2695 v2 @ 2.40GHz,FloydWarshall,TWO_D,1448,1448,2,4,1,7,57.792,4.607,0.002,4327.67,5.943,1.068
Intel Xeon CPU E5-2695 v2 @ 2.40GHz,FloydWarshall,TWO_D,1448,1448,2,8,1,7,51.824,3.714,0.001,2573.92,5.845,1.095
Intel Xeon CPU E5-2695 v2 @ 2.40GHz,FloydWarshall,TWO_D,1448,1448,2,16,1,7,53.973,5.733,0.002,-1,-1,-1
Intel Xeon CPU E5-2695 v2 @ 2.40GHz,FloydWarshall,TWO_D,1448,1448,2,32,1,7,52.646,7.352,0.003,-1,-1,-1
Intel Xeon CPU E5-2695 v2 @ 2.40GHz,FloydWarshall,TWO_D,1448,1448,2,64,1,7,50.726,5.877,0.001,-1,-1,-1
Intel Xeon CPU E5-2695 v2 @ 2.40GHz,FloydWarshall,TWO_D,1448,1448,2,128,1,7,50.402,4.999,0.002,-1,-1,-1
Intel Xeon CPU E5-2695 v2 @ 2.40GHz,FloydWarshall,TWO_D,1448,1448,2,256,1,7,51.362,6.556,0.003,-1,-1,-1
Intel Xeon CPU E5-2695 v2 @ 2.40GHz,FloydWarshall,TWO_D,1448,1448,2,512,1,7,51.304,5.309,0.001,-1,-1,-1
Intel Xeon CPU E5-2695 v2 @ 2.40GHz,FloydWarshall,TWO_D,1448,1448,4,1,1,7,51.277,4.052,0.002,7624.27,4.981,0.981
Intel Xeon CPU E5-2695 v2 @ 2.40GHz,FloydWarshall,TWO_D,1448,1448,4,2,1,7,57.491,4.438,0.002,4196.67,5.933,1.042
Intel Xeon CPU E5-2695 v2 @ 2.40GHz,FloydWarshall,TWO_D,1448,1448,4,4,1,7,52.221,8.702,0.003,2473.69,5.993,1.102
Intel Xeon CPU E5-2695 v2 @ 2.40GHz,FloydWarshall,TWO_D,1448,1448,4,8,1,7,52.183,4.155,0.002,1612.01,5.911,1.138
Intel Xeon CPU E5-2695 v2 @ 2.40GHz,FloydWarshall,TWO_D,1448,1448,4,16,1,7,57.615,4.415,0.001,-1,-1,-1
Intel Xeon CPU E5-2695 v2 @ 2.40GHz,FloydWarshall,TWO_D,1448,1448,4,32,1,7,56.103,3.179,0.001,-1,-1,-1
Intel Xeon CPU E5-2695 v2 @ 2.40GHz,FloydWarshall,TWO_D,1448,1448,4,64,1,7,56.058,3.099,0.001,-1,-1,-1
Intel Xeon CPU E5-2695 v2 @ 2.40GHz,FloydWarshall,TWO_D,1448,1448,4,128,1,7,56.059,3.097,0.001,-1,-1,-1
Intel Xeon CPU E5-2695 v2 @ 2.40GHz,FloydWarshall,TWO_D,1448,1448,4,256,1,7,56.056,3.103,0.002,-1,-1,-1
Intel Xeon CPU E5-2695 v2 @ 2.40GHz,FloydWarshall,TWO_D,1448,1448,8,1,1,7,56.07,3.09,0.001,4069.57,4.77,1.153
Intel Xeon CPU E5-2695 v2 @ 2.40GHz,FloydWarshall,TWO_D,1448,1448,8,2,1,7,57.089,6.166,0.001,2362.21,6,1.07
Intel Xeon CPU E5-2695 v2 @ 2.40GHz,FloydWarshall,TWO_D,1448,1448,8,4,1,7,51.518,3.941,0.001,1494.61,5.973,1.154
Intel Xeon CPU E5-2695 v2 @ 2.40GHz,FloydWarshall,TWO_D,1448,1448,8,8,1,7,52.351,4.244,0.002,1065.98,5.524,1.081
Intel Xeon CPU E5-2695 v2 @ 2.40GHz,FloydWarshall,TWO_D,1448,1448,8,16,1,7,56.666,4.385,0.001,-1,-1,-1
Intel Xeon CPU E5-2695 v2 @ 2.40GHz,FloydWarshall,TWO_D,1448,1448,8,32,1,7,56.07,3.253,0.001,-1,-1,-1
Intel Xeon CPU E5-2695 v2 @ 2.40GHz,FloydWarshall,TWO_D,1448,1448,8,64,1,7,56.04,3.191,0.001,-1,-1,-1
Intel Xeon CPU E5-2695 v2 @ 2.40GHz,FloydWarshall,TWO_D,1448,1448,8,128,1,7,56.067,3.172,0.001,-1,-1,-1
Intel Xeon CPU E5-2695 v2 @ 2.40GHz,FloydWarshall,TWO_D,1448,1448,16,1,1,7,56.036,3.189,0.001,-1,-1,-1
Intel Xeon CPU E5-2695 v2 @ 2.40GHz,FloydWarshall,TWO_D,1448,1448,16,2,1,7,56.06,3.188,0.001,-1,-1,-1
Intel Xeon CPU E5-2695 v2 @ 2.40GHz,FloydWarshall,TWO_D,1448,1448,16,4,1,7,56.06,3.183,0.002,-1,-1,-1
Intel Xeon CPU E5-2695 v2 @ 2.40GHz,FloydWarshall,TWO_D,1448,1448,16,8,1,7,56.064,3.177,0.001,-1,-1,-1
Intel Xeon CPU E5-2695 v2 @ 2.40GHz,FloydWarshall,TWO_D,1448,1448,16,16,1,7,55.713,3.478,0.002,-1,-1,-1
Intel Xeon CPU E5-2695 v2 @ 2.40GHz,FloydWarshall,TWO_D,1448,1448,16,32,1,7,55.417,3.801,0.001,-1,-1,-1
Intel Xeon CPU E5-2695 v2 @ 2.40GHz,FloydWarshall,TWO_D,1448,1448,16,64,1,7,55.103,4.118,0.001,-1,-1,-1
Intel Xeon CPU E5-2695 v2 @ 2.40GHz,FloydWarshall,TWO_D,1448,1448,32,1,1,7,56.068,3.177,0.001,-1,-1,-1
Intel Xeon CPU E5-2695 v2 @ 2.40GHz,FloydWarshall,TWO_D,1448,1448,32,2,1,7,56.063,3.17,0.002,-1,-1,-1
Intel Xeon CPU E5-2695 v2 @ 2.40GHz,FloydWarshall,TWO_D,1448,1448,32,4,1,7,56.417,3.191,0.001,-1,-1,-1
Intel Xeon CPU E5-2695 v2 @ 2.40GHz,FloydWarshall,TWO_D,1448,1448,32,8,1,7,56.08,3.204,0.002,-1,-1,-1
Intel Xeon CPU E5-2695 v2 @ 2.40GHz,FloydWarshall,TWO_D,1448,1448,32,16,1,7,56.055,3.183,0.001,-1,-1,-1
Intel Xeon CPU E5-2695 v2 @ 2.40GHz,FloydWarshall,TWO_D,1448,1448,32,32,1,7,56.05,3.188,0.002,-1,-1,-1
Intel Xeon CPU E5-2695 v2 @ 2.40GHz,FloydWarshall,TWO_D,1448,1448,64,1,1,7,56.063,3.191,0.001,-1,-1,-1
Intel Xeon CPU E5-2695 v2 @ 2.40GHz,FloydWarshall,TWO_D,1448,1448,64,2,1,7,56.059,3.167,0.001,-1,-1,-1
Intel Xeon CPU E5-2695 v2 @ 2.40GHz,FloydWarshall,TWO_D,1448,1448,64,4,1,7,56.072,3.193,0.001,-1,-1,-1
Intel Xeon CPU E5-2695 v2 @ 2.40GHz,FloydWarshall,TWO_D,1448,1448,64,8,1,7,56.067,3.182,0.002,-1,-1,-1
Intel Xeon CPU E5-2695 v2 @ 2.40GHz,FloydWarshall,TWO_D,1448,1448,64,16,1,7,56.088,3.182,0.002,-1,-1,-1
Intel Xeon CPU E5-2695 v2 @ 2.40GHz,FloydWarshall,TWO_D,1448,1448,128,1,1,7,56.054,3.486,0.002,-1,-1,-1
Intel Xeon CPU E5-2695 v2 @ 2.40GHz,FloydWarshall,TWO_D,1448,1448,128,2,1,7,55.401,3.809,0.001,-1,-1,-1
Intel Xeon CPU E5-2695 v2 @ 2.40GHz,FloydWarshall,TWO_D,1448,1448,128,4,1,7,55.089,4.121,0.002,-1,-1,-1
Intel Xeon CPU E5-2695 v2 @ 2.40GHz,FloydWarshall,TWO_D,1448,1448,128,8,1,7,56.055,3.182,0.002,-1,-1,-1
Intel Xeon CPU E5-2695 v2 @ 2.40GHz,FloydWarshall,TWO_D,1448,1448,256,1,1,7,56.068,3.191,0.001,-1,-1,-1
Intel Xeon CPU E5-2695 v2 @ 2.40GHz,FloydWarshall,TWO_D,1448,1448,256,2,1,7,56.325,3.19,0.002,-1,-1,-1
Intel Xeon CPU E5-2695 v2 @ 2.40GHz,FloydWarshall,TWO_D,1448,1448,256,4,1,7,56.083,6.189,0.002,-1,-1,-1
Intel Xeon CPU E5-2695 v2 @ 2.40GHz,FloydWarshall,TWO_D,1448,1448,512,1,1,7,64.581,6.812,0.003,-1,-1,-1
Intel Xeon CPU E5-2695 v2 @ 2.40GHz,FloydWarshall,TWO_D,1448,1448,512,2,1,7,52.889,4.164,0.002,-1,-1,-1
Intel Xeon CPU E5-2695 v2 @ 2.40GHz,FloydWarshall,TWO_D,1448,1448,1024,1,1,7,50.945,3.528,0.002,-1,-1,-1
Intel Xeon CPU E5-2695 v2 @ 2.40GHz,FloydWarshall,TWO_D,1448,1448,1,1,1,7,57.285,8.677,0.019,28324.8,10.083,1.205
Intel Xeon CPU E5-2695 v2 @ 2.40GHz,FloydWarshall,TWO_D,1448,1448,1,2,1,7,50.822,4.267,0.003,14690.8,11.029,1.327
Intel Xeon CPU E5-2695 v2 @ 2.40GHz,FloydWarshall,TWO_D,1448,1448,1,4,1,7,50.644,4.244,0.003,7784.1,10.609,1.232
Intel Xeon CPU E5-2695 v2 @ 2.40GHz,FloydWarshall,TWO_D,1448,1448,1,8,1,7,50.761,4.021,0.002,4345.18,11.058,1.273
Intel Xeon CPU E5-2695 v2 @ 2.40GHz,FloydWarshall,TWO_D,1448,1448,1,16,1,7,50.733,4.575,0.003,-1,-1,-1
Intel Xeon CPU E5-2695 v2 @ 2.40GHz,FloydWarshall,TWO_D,1448,1448,1,32,1,7,57.554,8.359,0.003,-1,-1,-1
Intel Xeon CPU E5-2695 v2 @ 2.40GHz,FloydWarshall,TWO_D,1448,1448,1,64,1,7,51.466,6.343,0.017,-1,-1,-1
Intel Xeon CPU E5-2695 v2 @ 2.40GHz,FloydWarshall,TWO_D,1448,1448,1,128,1,7,51.971,7.342,0.003,-1,-1,-1
Intel Xeon CPU E5-2695 v2 @ 2.40GHz,FloydWarshall,TWO_D,1448,1448,1,256,1,7,51.444,6.233,0.002,-1,-1,-1
Intel Xeon CPU E5-2695 v2 @ 2.40GHz,FloydWarshall,TWO_D,1448,1448,1,512,1,7,51.999,6.941,0.003,-1,-1,-1
Intel Xeon CPU E5-2695 v2 @ 2.40GHz,FloydWarshall,TWO_D,1448,1448,1,1024,1,7,51.918,7.101,0.003,-1,-1,-1
Intel Xeon CPU E5-2695 v2 @ 2.40GHz,FloydWarshall,TWO_D,1448,1448,2,1,1,7,51.814,7.285,0.003,14730.7,9.776,1.292
Intel Xeon CPU E5-2695 v2 @ 2.40GHz,FloydWarshall,TWO_D,1448,1448,2,2,1,7,50.516,4.01,0.003,7888.32,9.103,2.118
Intel Xeon CPU E5-2695 v2 @ 2.40GHz,FloydWarshall,TWO_D,1448,1448,2,4,1,7,54.045,4.206,0.001,4352.75,10.02,1.083
Intel Xeon CPU E5-2695 v2 @ 2.40GHz,FloydWarshall,TWO_D,1448,1448,2,8,1,7,50.657,4.134,0.002,2583.67,5.949,1.414
Intel Xeon CPU E5-2695 v2 @ 2.40GHz,FloydWarshall,TWO_D,1448,1448,2,16,1,7,52.435,4.464,0.003,-1,-1,-1
Intel Xeon CPU E5-2695 v2 @ 2.40GHz,FloydWarshall,TWO_D,1448,1448,2,32,1,7,52.597,3.265,0.002,-1,-1,-1
Intel Xeon CPU E5-2695 v2 @ 2.40GHz,FloydWarshall,TWO_D,1448,1448,2,64,1,7,51.281,3.235,0.001,-1,-1,-1
Intel Xeon CPU E5-2695 v2 @ 2.40GHz,FloydWarshall,TWO_D,1448,1448,2,128,1,7,55.09,3.159,0.003,-1,-1,-1
Intel Xeon CPU E5-2695 v2 @ 2.40GHz,FloydWarshall,TWO_D,1448,1448,2,256,1,7,54.898,3.105,0.002,-1,-1,-1
Intel Xeon CPU E5-2695 v2 @ 2.40GHz,FloydWarshall,TWO_D,1448,1448,2,512,1,7,52.134,4.352,0.002,-1,-1,-1
Intel Xeon CPU E5-2695 v2 @ 2.40GHz,FloydWarshall,TWO_D,1448,1448,4,1,1,7,50.836,3.734,0.008,7770.13,6.002,1.329
Intel Xeon CPU E5-2695 v2 @ 2.40GHz,FloydWarshall,TWO_D,1448,1448,4,2,1,7,51.725,4.164,0.002,4225.83,10.081,1.16
Intel Xeon CPU E5-2695 v2 @ 2.40GHz,FloydWarshall,TWO_D,1448,1448,4,4,1,7,50.888,4.56,0.002,2575.19,9.904,1.325
Intel Xeon CPU E5-2695 v2 @ 2.40GHz,FloydWarshall,TWO_D,1448,1448,4,8,1,7,50.445,3.951,0.001,1686.99,11.049,1.331
Intel Xeon CPU E5-2695 v2 @ 2.40GHz,FloydWarshall,TWO_D,1448,1448,4,16,1,7,50.904,7.557,0.002,-1,-1,-1
Intel Xeon CPU E5-2695 v2 @ 2.40GHz,FloydWarshall,TWO_D,1448,1448,4,32,1,7,51.234,3.718,0.004,-1,-1,-1
Intel Xeon CPU E5-2695 v2 @ 2.40GHz,FloydWarshall,TWO_D,1448,1448,4,64,1,7,53.327,3.381,0.003,-1,-1,-1
Intel Xeon CPU E5-2695 v2 @ 2.40GHz,FloydWarshall,TWO_D,1448,1448,4,128,1,7,55.356,3.282,0.003,-1,-1,-1
Intel Xeon CPU E5-2695 v2 @ 2.40GHz,FloydWarshall,TWO_D,1448,1448,4,256,1,7,56.168,3.272,0.003,-1,-1,-1
Intel Xeon CPU E5-2695 v2 @ 2.40GHz,FloydWarshall,TWO_D,1448,1448,8,1,1,7,56.204,3.251,0.002,4124.73,9.708,1.212
Intel Xeon CPU E5-2695 v2 @ 2.40GHz,FloydWarshall,TWO_D,1448,1448,8,2,1,7,50.412,3.845,0.003,2388.44,8.57,1.342
Intel Xeon CPU E5-2695 v2 @ 2.40GHz,FloydWarshall,TWO_D,1448,1448,8,4,1,7,51.318,3.762,0.003,1529.86,9.898,1.403
Intel Xeon CPU E5-2695 v2 @ 2.40GHz,FloydWarshall,TWO_D,1448,1448,8,8,1,7,50.336,4.17,0.003,1067.92,6.02,1.295
Intel Xeon CPU E5-2695 v2 @ 2.40GHz,FloydWarshall,TWO_D,1448,1448,8,16,1,7,52.335,4.441,0.002,-1,-1,-1
Intel Xeon CPU E5-2695 v2 @ 2.40GHz,FloydWarshall,TWO_D,1448,1448,8,32,1,7,51.673,3.669,0.001,-1,-1,-1
Intel Xeon CPU E5-2695 v2 @ 2.40GHz,FloydWarshall,TWO_D,1448,1448,8,64,1,7,49.712,4.299,0.002,-1,-1,-1
Intel Xeon CPU E5-2695 v2 @ 2.40GHz,FloydWarshall,TWO_D,1448,1448,8,128,1,7,53.163,6.834,0.004,-1,-1,-1
Intel Xeon CPU E5-2695 v2 @ 2.40GHz,FloydWarshall,TWO_D,1448,1448,16,1,1,7,52.705,4.173,0.002,-1,-1,-1
Intel Xeon CPU E5-2695 v2 @ 2.40GHz,FloydWarshall,TWO_D,1448,1448,16,2,1,7,50.362,3.664,0.002,-1,-1,-1
Intel Xeon CPU E5-2695 v2 @ 2.40GHz,FloydWarshall,TWO_D,1448,1448,16,4,1,7,50.306,3.652,0.002,-1,-1,-1
Intel Xeon CPU E5-2695 v2 @ 2.40GHz,FloydWarshall,TWO_D,1448,1448,16,8,1,7,50.303,4.458,0.002,-1,-1,-1
Intel Xeon CPU E5-2695 v2 @ 2.40GHz,FloydWarshall,TWO_D,1448,1448,16,16,1,7,50.469,3.999,0.002,-1,-1,-1
Intel Xeon CPU E5-2695 v2 @ 2.40GHz,FloydWarshall,TWO_D,1448,1448,16,32,1,7,49.974,3.979,0.002,-1,-1,-1
Intel Xeon CPU E5-2695 v2 @ 2.40GHz,FloydWarshall,TWO_D,1448,1448,16,64,1,7,50.404,3.622,0.002,-1,-1,-1
Intel Xeon CPU E5-2695 v2 @ 2.40GHz,FloydWarshall,TWO_D,1448,1448,32,1,1,7,56.251,6.025,0.002,-1,-1,-1
Intel Xeon CPU E5-2695 v2 @ 2.40GHz,FloydWarshall,TWO_D,1448,1448,32,2,1,7,52.008,4.082,0.002,-1,-1,-1
Intel Xeon CPU E5-2695 v2 @ 2.40GHz,FloydWarshall,TWO_D,1448,1448,32,4,1,7,50.372,3.605,0.002,-1,-1,-1
Intel Xeon CPU E5-2695 v2 @ 2.40GHz,FloydWarshall,TWO_D,1448,1448,32,8,1,7,50.581,3.626,0.002,-1,-1,-1
Intel Xeon CPU E5-2695 v2 @ 2.40GHz,FloydWarshall,TWO_D,1448,1448,32,16,1,7,50.31,3.661,0.002,-1,-1,-1
Intel Xeon CPU E5-2695 v2 @ 2.40GHz,FloydWarshall,TWO_D,1448,1448,32,32,1,7,50.551,3.654,0.002,-1,-1,-1
Intel Xeon CPU E5-2695 v2 @ 2.40GHz,FloydWarshall,TWO_D,1448,1448,64,1,1,7,50.308,3.632,0.002,-1,-1,-1
Intel Xeon CPU E5-2695 v2 @ 2.40GHz,FloydWarshall,TWO_D,1448,1448,64,2,1,7,50.61,3.643,0.002,-1,-1,-1
Intel Xeon CPU E5-2695 v2 @ 2.40GHz,FloydWarshall,TWO_D,1448,1448,64,4,1,7,50.717,3.661,0.002,-1,-1,-1
Intel Xeon CPU E5-2695 v2 @ 2.40GHz,FloydWarshall,TWO_D,1448,1448,64,8,1,7,55.589,3.041,0.002,-1,-1,-1
Intel Xeon CPU E5-2695 v2 @ 2.40GHz,FloydWarshall,TWO_D,1448,1448,64,16,1,7,53.966,5.172,0.002,-1,-1,-1
Intel Xeon CPU E5-2695 v2 @ 2.40GHz,FloydWarshall,TWO_D,1448,1448,128,1,1,7,50.801,3.968,0.002,-1,-1,-1
Intel Xeon CPU E5-2695 v2 @ 2.40GHz,FloydWarshall,TWO_D,1448,1448,128,2,1,7,49.969,3.966,0.003,-1,-1,-1
Intel Xeon CPU E5-2695 v2 @ 2.40GHz,FloydWarshall,TWO_D,1448,1448,128,4,1,7,50.43,3.622,0.002,-1,-1,-1
Intel Xeon CPU E5-2695 v2 @ 2.40GHz,FloydWarshall,TWO_D,1448,1448,128,8,1,7,50.311,3.647,0.002,-1,-1,-1
Intel Xeon CPU E5-2695 v2 @ 2.40GHz,FloydWarshall,TWO_D,1448,1448,256,1,1,7,50.608,3.65,0.002,-1,-1,-1
Intel Xeon CPU E5-2695 v2 @ 2.40GHz,FloydWarshall,TWO_D,1448,1448,256,2,1,7,50.312,3.622,0.001,-1,-1,-1
Intel Xeon CPU E5-2695 v2 @ 2.40GHz,FloydWarshall,TWO_D,1448,1448,256,4,1,7,50.665,3.635,0.002,-1,-1,-1
Intel Xeon CPU E5-2695 v2 @ 2.40GHz,FloydWarshall,TWO_D,1448,1448,512,1,1,7,50.322,3.632,0.003,-1,-1,-1
Intel Xeon CPU E5-2695 v2 @ 2.40GHz,FloydWarshall,TWO_D,1448,1448,512,2,1,7,50.689,3.64,0.002,-1,-1,-1
Intel Xeon CPU E5-2695 v2 @ 2.40GHz,FloydWarshall,TWO_D,1448,1448,1024,1,1,7,50.31,3.626,0.002,-1,-1,-1
Intel Xeon CPU E5-2695 v2 @ 2.40GHz,FloydWarshall,TWO_D,1448,1448,1,1,1,7,57.215,3.887,0.018,28323.4,6.169,0.524
Intel Xeon CPU E5-2695 v2 @ 2.40GHz,FloydWarshall,TWO_D,1448,1448,1,2,1,7,57.087,2.035,0,14746.8,6.398,0.492
Intel Xeon CPU E5-2695 v2 @ 2.40GHz,FloydWarshall,TWO_D,1448,1448,1,4,1,7,58.812,2.208,0.002,7793.51,6.126,0.503
Intel Xeon CPU E5-2695 v2 @ 2.40GHz,FloydWarshall,TWO_D,1448,1448,1,8,1,7,52.164,4.496,0.003,4312.46,5.029,0.411
Intel Xeon CPU E5-2695 v2 @ 2.40GHz,FloydWarshall,TWO_D,1448,1448,1,16,1,7,60.967,2.565,0.002,-1,-1,-1
Intel Xeon CPU E5-2695 v2 @ 2.40GHz,FloydWarshall,TWO_D,1448,1448,1,32,1,7,59.013,3.158,0.002,-1,-1,-1
Intel Xeon CPU E5-2695 v2 @ 2.40GHz,FloydWarshall,TWO_D,1448,1448,1,64,1,7,59.102,2.099,0.001,-1,-1,-1
Intel Xeon CPU E5-2695 v2 @ 2.40GHz,FloydWarshall,TWO_D,1448,1448,1,128,1,7,59.046,2.043,0.002,-1,-1,-1
Intel Xeon CPU E5-2695 v2 @ 2.40GHz,FloydWarshall,TWO_D,1448,1448,1,256,1,7,59.084,2.058,0.001,-1,-1,-1
Intel Xeon CPU E5-2695 v2 @ 2.40GHz,FloydWarshall,TWO_D,1448,1448,1,512,1,7,59.07,2.057,0.001,-1,-1,-1
Intel Xeon CPU E5-2695 v2 @ 2.40GHz,FloydWarshall,TWO_D,1448,1448,1,1024,1,7,59.038,2.049,0.002,-1,-1,-1
Intel Xeon CPU E5-2695 v2 @ 2.40GHz,FloydWarshall,TWO_D,1448,1448,2,1,1,7,58.957,2.051,0.001,14739.9,10.201,0.474
Intel Xeon CPU E5-2695 v2 @ 2.40GHz,FloydWarshall,TWO_D,1448,1448,2,2,1,7,54.991,6.886,0.003,7821.7,9.711,0.487
Intel Xeon CPU E5-2695 v2 @ 2.40GHz,FloydWarshall,TWO_D,1448,1448,2,4,1,7,53.398,4.724,0.003,4327.69,10.266,0.493
Intel Xeon CPU E5-2695 v2 @ 2.40GHz,FloydWarshall,TWO_D,1448,1448,2,8,1,7,59.722,3.568,0.001,2580.12,10.276,0.486
Intel Xeon CPU E5-2695 v2 @ 2.40GHz,FloydWarshall,TWO_D,1448,1448,2,16,1,7,53.238,4.581,0.002,-1,-1,-1
Intel Xeon CPU E5-2695 v2 @ 2.40GHz,FloydWarshall,TWO_D,1448,1448,2,32,1,7,75.752,7.17,0.003,-1,-1,-1
Intel Xeon CPU E5-2695 v2 @ 2.40GHz,FloydWarshall,TWO_D,1448,1448,2,64,1,7,60.978,5.362,0.004,-1,-1,-1
Intel Xeon CPU E5-2695 v2 @ 2.40GHz,FloydWarshall,TWO_D,1448,1448,2,128,1,7,56.617,5.199,0.003,-1,-1,-1
Intel Xeon CPU E5-2695 v2 @ 2.40GHz,FloydWarshall,TWO_D,1448,1448,2,256,1,7,61.619,5.265,0.003,-1,-1,-1
Intel Xeon CPU E5-2695 v2 @ 2.40GHz,FloydWarshall,TWO_D,1448,1448,2,512,1,7,56.809,5.21,0.004,-1,-1,-1
Intel Xeon CPU E5-2695 v2 @ 2.40GHz,FloydWarshall,TWO_D,1448,1448,4,1,1,7,61.738,5.44,0.003,7643.12,10.379,0.493
Intel Xeon CPU E5-2695 v2 @ 2.40GHz,FloydWarshall,TWO_D,1448,1448,4,2,1,7,53.547,4.758,0.003,4258.4,9.348,0.541
Intel Xeon CPU E5-2695 v2 @ 2.40GHz,FloydWarshall,TWO_D,1448,1448,4,4,1,7,53.851,3.474,0.001,2526.06,10.256,0.531
Intel Xeon CPU E5-2695 v2 @ 2.40GHz,FloydWarshall,TWO_D,1448,1448,4,8,1,7,53.496,4.715,0.003,1648.61,9.239,0.484
Intel Xeon CPU E5-2695 v2 @ 2.40GHz,FloydWarshall,TWO_D,1448,1448,4,16,1,7,55.172,6.884,0.002,-1,-1,-1
Intel Xeon CPU E5-2695 v2 @ 2.40GHz,FloydWarshall,TWO_D,1448,1448,4,32,1,7,60.926,6.479,0.003,-1,-1,-1
Intel Xeon CPU E5-2695 v2 @ 2.40GHz,FloydWarshall,TWO_D,1448,1448,4,64,1,7,54.991,3.438,0.003,-1,-1,-1
Intel Xeon CPU E5-2695 v2 @ 2.40GHz,FloydWarshall,TWO_D,1448,1448,4,128,1,7,57.802,5.076,0.004,-1,-1,-1
Intel Xeon CPU E5-2695 v2 @ 2.40GHz,FloydWarshall,TWO_D,1448,1448,4,256,1,7,61.536,5.038,0.003,-1,-1,-1
Intel Xeon CPU E5-2695 v2 @ 2.40GHz,FloydWarshall,TWO_D,1448,1448,8,1,1,7,57.284,5.224,0.003,4114.72,10.269,0.507
Intel Xeon CPU E5-2695 v2 @ 2.40GHz,FloydWarshall,TWO_D,1448,1448,8,2,1,7,60.094,3.562,0.002,2378.21,6.407,0.473
Intel Xeon CPU E5-2695 v2 @ 2.40GHz,FloydWarshall,TWO_D,1448,1448,8,4,1,7,59.261,2.406,0.002,1475.38,5.541,0.438
Intel Xeon CPU E5-2695 v2 @ 2.40GHz,FloydWarshall,TWO_D,1448,1448,8,8,1,7,55.361,2.364,0.002,1039.87,4.777,1.854
Intel Xeon CPU E5-2695 v2 @ 2.40GHz,FloydWarshall,TWO_D,1448,1448,8,16,1,7,64.485,4.429,0.002,-1,-1,-1
Intel Xeon CPU E5-2695 v2 @ 2.40GHz,FloydWarshall,TWO_D,1448,1448,8,32,1,7,59.243,2.825,0.001,-1,-1,-1
Intel Xeon CPU E5-2695 v2 @ 2.40GHz,FloydWarshall,TWO_D,1448,1448,8,64,1,7,59.14,4.318,0.003,-1,-1,-1
Intel Xeon CPU E5-2695 v2 @ 2.40GHz,FloydWarshall,TWO_D,1448,1448,8,128,1,7,59.047,3.562,0.003,-1,-1,-1
Intel Xeon CPU E5-2695 v2 @ 2.40GHz,FloydWarshall,TWO_D,1448,1448,16,1,1,7,59.004,4.281,0.003,-1,-1,-1
Intel Xeon CPU E5-2695 v2 @ 2.40GHz,FloydWarshall,TWO_D,1448,1448,16,2,1,7,58.962,3.532,0.003,-1,-1,-1
Intel Xeon CPU E5-2695 v2 @ 2.40GHz,FloydWarshall,TWO_D,1448,1448,16,4,1,7,58.955,4.264,0.004,-1,-1,-1
Intel Xeon CPU E5-2695 v2 @ 2.40GHz,FloydWarshall,TWO_D,1448,1448,16,8,1,7,58.957,3.425,0.004,-1,-1,-1
Intel Xeon CPU E5-2695 v2 @ 2.40GHz,FloydWarshall,TWO_D,1448,1448,16,16,1,7,59.016,4.256,0.003,-1,-1,-1
Intel Xeon CPU E5-2695 v2 @ 2.40GHz,FloydWarshall,TWO_D,1448,1448,16,32,1,7,59.066,3.561,0.003,-1,-1,-1
Intel Xeon CPU E5-2695 v2 @ 2.40GHz,FloydWarshall,TWO_D,1448,1448,16,64,1,7,59.023,4.253,0.003,-1,-1,-1
Intel Xeon CPU E5-2695 v2 @ 2.40GHz,FloydWarshall,TWO_D,1448,1448,32,1,1,7,59.061,3.6,0.003,-1,-1,-1
Intel Xeon CPU E5-2695 v2 @ 2.40GHz,FloydWarshall,TWO_D,1448,1448,32,2,1,7,59.073,3.406,0.003,-1,-1,-1
Intel Xeon CPU E5-2695 v2 @ 2.40GHz,FloydWarshall,TWO_D,1448,1448,32,4,1,7,59.037,4.265,0.003,-1,-1,-1
Intel Xeon CPU E5-2695 v2 @ 2.40GHz,FloydWarshall,TWO_D,1448,1448,32,8,1,7,58.968,3.412,0.004,-1,-1,-1
Intel Xeon CPU E5-2695 v2 @ 2.40GHz,FloydWarshall,TWO_D,1448,1448,32,16,1,7,59.223,3.499,0.003,-1,-1,-1
Intel Xeon CPU E5-2695 v2 @ 2.40GHz,FloydWarshall,TWO_D,1448,1448,32,32,1,7,62.185,4.381,0.004,-1,-1,-1
Intel Xeon CPU E5-2695 v2 @ 2.40GHz,FloydWarshall,TWO_D,1448,1448,64,1,1,7,58.014,3.971,0.004,-1,-1,-1
Intel Xeon CPU E5-2695 v2 @ 2.40GHz,FloydWarshall,TWO_D,1448,1448,64,2,1,7,57.487,3.972,0.003,-1,-1,-1
Intel Xeon CPU E5-2695 v2 @ 2.40GHz,FloydWarshall,TWO_D,1448,1448,64,4,1,7,56.881,2.6,0.003,-1,-1,-1
Intel Xeon CPU E5-2695 v2 @ 2.40GHz,FloydWarshall,TWO_D,1448,1448,64,8,1,7,54.368,3.53,0.003,-1,-1,-1
Intel Xeon CPU E5-2695 v2 @ 2.40GHz,FloydWarshall,TWO_D,1448,1448,64,16,1,7,56.983,3.096,0.001,-1,-1,-1
Intel Xeon CPU E5-2695 v2 @ 2.40GHz,FloydWarshall,TWO_D,1448,1448,128,1,1,7,54.495,4.125,0.003,-1,-1,-1
Intel Xeon CPU E5-2695 v2 @ 2.40GHz,FloydWarshall,TWO_D,1448,1448,128,2,1,7,56.811,2.595,0.002,-1,-1,-1
Intel Xeon CPU E5-2695 v2 @ 2.40GHz,FloydWarshall,TWO_D,1448,1448,128,4,1,7,54.357,3.556,0.003,-1,-1,-1
Intel Xeon CPU E5-2695 v2 @ 2.40GHz,FloydWarshall,TWO_D,1448,1448,128,8,1,7,56.861,3.16,0.002,-1,-1,-1
Intel Xeon CPU E5-2695 v2 @ 2.40GHz,FloydWarshall,TWO_D,1448,1448,256,1,1,7,54.553,4.122,0.003,-1,-1,-1
Intel Xeon CPU E5-2695 v2 @ 2.40GHz,FloydWarshall,TWO_D,1448,1448,256,2,1,7,56.885,2.601,0.001,-1,-1,-1
Intel Xeon CPU E5-2695 v2 @ 2.40GHz,FloydWarshall,TWO_D,1448,1448,256,4,1,7,54.412,3.753,0.003,-1,-1,-1
Intel Xeon CPU E5-2695 v2 @ 2.40GHz,FloydWarshall,TWO_D,1448,1448,512,1,1,7,56.928,3.031,0.002,-1,-1,-1
Intel Xeon CPU E5-2695 v2 @ 2.40GHz,FloydWarshall,TWO_D,1448,1448,512,2,1,7,54.508,3.677,0.004,-1,-1,-1
Intel Xeon CPU E5-2695 v2 @ 2.40GHz,FloydWarshall,TWO_D,1448,1448,1024,1,1,7,58.054,1.982,0.001,-1,-1,-1
Intel Xeon CPU E5-2695 v2 @ 2.40GHz,FloydWarshall,TWO_D,1448,1448,1,1,1,7,56.455,7.19,0.003,28261.8,10.293,0.542
Intel Xeon CPU E5-2695 v2 @ 2.40GHz,FloydWarshall,TWO_D,1448,1448,1,2,1,7,55.882,5.879,0.003,14670.9,10.143,0.532
Intel Xeon CPU E5-2695 v2 @ 2.40GHz,FloydWarshall,TWO_D,1448,1448,1,4,1,7,54.164,5.912,0.003,7768.88,10.502,0.548
Intel Xeon CPU E5-2695 v2 @ 2.40GHz,FloydWarshall,TWO_D,1448,1448,1,8,1,7,54.896,5.916,0.002,4327.6,9.39,0.477
Intel Xeon CPU E5-2695 v2 @ 2.40GHz,FloydWarshall,TWO_D,1448,1448,1,16,1,7,57.817,5.844,0.002,-1,-1,-1
Intel Xeon CPU E5-2695 v2 @ 2.40GHz,FloydWarshall,TWO_D,1448,1448,1,32,1,7,69.919,5.345,0.002,-1,-1,-1
Intel Xeon CPU E5-2695 v2 @ 2.40GHz,FloydWarshall,TWO_D,1448,1448,1,64,1,7,69.587,5.249,0.003,-1,-1,-1
Intel Xeon CPU E5-2695 v2 @ 2.40GHz,FloydWarshall,TWO_D,1448,1448,1,128,1,7,61.387,5.249,0.003,-1,-1,-1
Intel Xeon CPU E5-2695 v2 @ 2.40GHz,FloydWarshall,TWO_D,1448,1448,1,256,1,7,72.265,5.53,0.017,-1,-1,-1
Intel Xeon CPU E5-2695 v2 @ 2.40GHz,FloydWarshall,TWO_D,1448,1448,1,512,1,7,57.721,5.651,0.017,-1,-1,-1
Intel Xeon CPU E5-2695 v2 @ 2.40GHz,FloydWarshall,TWO_D,1448,1448,1,1024,1,7,60.483,5.163,0.002,-1,-1,-1
Intel Xeon CPU E5-2695 v2 @ 2.40GHz,FloydWarshall,TWO_D,1448,1448,2,1,1,7,68.434,5.483,0.002,14699.1,9.544,0.54
Intel Xeon CPU E5-2695 v2 @ 2.40GHz,FloydWarshall,TWO_D,1448,1448,2,2,1,7,56.26,7.492,0.003,7720.79,9.968,0.496
Intel Xeon CPU E5-2695 v2 @ 2.40GHz,FloydWarshall,TWO_D,1448,1448,2,4,1,7,54.386,6.272,0.003,4305.44,9.9,0.493
Intel Xeon CPU E5-2695 v2 @ 2.40GHz,FloydWarshall,TWO_D,1448,1448,2,8,1,7,54.231,5.767,0.003,2532.57,9.933,0.504
Intel Xeon CPU E5-2695 v2 @ 2.40GHz,FloydWarshall,TWO_D,1448,1448,2,16,1,7,54.261,5.83,0.002,-1,-1,-1
Intel Xeon CPU E5-2695 v2 @ 2.40GHz,FloydWarshall,TWO_D,1448,1448,2,32,1,7,61.991,5.599,0.003,-1,-1,-1
Intel Xeon CPU E5-2695 v2 @ 2.40GHz,FloydWarshall,TWO_D,1448,1448,2,64,1,7,57.818,4.784,0.004,-1,-1,-1
Intel Xeon CPU E5-2695 v2 @ 2.40GHz,FloydWarshall,TWO_D,1448,1448,2,128,1,7,62.266,5.253,0.003,-1,-1,-1
Intel Xeon CPU E5-2695 v2 @ 2.40GHz,FloydWarshall,TWO_D,1448,1448,2,256,1,7,57.321,5.189,0.003,-1,-1,-1
Intel Xeon CPU E5-2695 v2 @ 2.40GHz,FloydWarshall,TWO_D,1448,1448,2,512,1,7,62.298,5.252,0.003,-1,-1,-1
Intel Xeon CPU E5-2695 v2 @ 2.40GHz,FloydWarshall,TWO_D,1448,1448,4,1,1,7,57.307,5.165,0.003,7591.76,10.016,0.525
Intel Xeon CPU E5-2695 v2 @ 2.40GHz,FloydWarshall,TWO_D,1448,1448,4,2,1,7,54.5,3.956,0.001,4187.64,10.51,0.565
Intel Xeon CPU E5-2695 v2 @ 2.40GHz,FloydWarshall,TWO_D,1448,1448,4,4,1,7,54.569,5.909,0.003,2462.58,9.931,0.55
Intel Xeon CPU E5-2695 v2 @ 2.40GHz,FloydWarshall,TWO_D,1448,1448,4,8,1,7,55.32,6.027,0.003,1585.93,8.783,0.505
Intel Xeon CPU E5-2695 v2 @ 2.40GHz,FloydWarshall,TWO_D,1448,1448,4,16,1,7,55.496,4.34,0.001,-1,-1,-1
Intel Xeon CPU E5-2695 v2 @ 2.40GHz,FloydWarshall,TWO_D,1448,1448,4,32,1,7,56.697,5.285,0.003,-1,-1,-1
Intel Xeon CPU E5-2695 v2 @ 2.40GHz,FloydWarshall,TWO_D,1448,1448,4,64,1,7,62.831,5.311,0.002,-1,-1,-1
Intel Xeon CPU E5-2695 v2 @ 2.40GHz,FloydWarshall,TWO_D,1448,1448,4,128,1,7,57.412,5.13,0.001,-1,-1,-1
Intel Xeon CPU E5-2695 v2 @ 2.40GHz,FloydWarshall,TWO_D,1448,1448,4,256,1,7,62.48,5.364,0.002,-1,-1,-1
Intel Xeon CPU E5-2695 v2 @ 2.40GHz,FloydWarshall,TWO_D,1448,1448,8,1,1,7,57.637,4.726,0.003,4051.66,9.94,0.474
Intel Xeon CPU E5-2695 v2 @ 2.40GHz,FloydWarshall,TWO_D,1448,1448,8,2,1,7,55.287,5.417,0.002,2304.41,9.967,0.475
Intel Xeon CPU E5-2695 v2 @ 2.40GHz,FloydWarshall,TWO_D,1448,1448,8,4,1,7,54.144,5.533,0.003,1449.02,9.114,0.485
Intel Xeon CPU E5-2695 v2 @ 2.40GHz,FloydWarshall,TWO_D,1448,1448,8,8,1,7,54.036,5.665,0.002,1027.9,9.969,0.469
Intel Xeon CPU E5-2695 v2 @ 2.40GHz,FloydWarshall,TWO_D,1448,1448,8,16,1,7,54.275,5.571,0.003,-1,-1,-1
Intel Xeon CPU E5-2695 v2 @ 2.40GHz,FloydWarshall,TWO_D,1448,1448,8,32,1,7,61.953,4.812,0.003,-1,-1,-1
Intel Xeon CPU E5-2695 v2 @ 2.40GHz,FloydWarshall,TWO_D,1448,1448,8,64,1,7,63.573,5.605,0.003,-1,-1,-1
Intel Xeon CPU E5-2695 v2 @ 2.40GHz,FloydWarshall,TWO_D,1448,1448,8,128,1,7,64.169,5.861,0.002,-1,-1,-1
Intel Xeon CPU E5-2695 v2 @ 2.40GHz,FloydWarshall,TWO_D,1448,1448,16,1,1,7,64.414,5.341,0.002,-1,-1,-1
Intel Xeon CPU E5-2695 v2 @ 2.40GHz,FloydWarshall,TWO_D,1448,1448,16,2,1,7,64.324,5.756,0.002,-1,-1,-1
Intel Xeon CPU E5-2695 v2 @ 2.40GHz,FloydWarshall,TWO_D,1448,1448,16,4,1,7,64.322,5.69,0.002,-1,-1,-1
Intel Xeon CPU E5-2695 v2 @ 2.40GHz,FloydWarshall,TWO_D,1448,1448,16,8,1,7,64.355,5.793,0.003,-1,-1,-1
Intel Xeon CPU E5-2695 v2 @ 2.40GHz,FloydWarshall,TWO_D,1448,1448,16,16,1,7,64.408,5.887,0.003,-1,-1,-1
Intel Xeon CPU E5-2695 v2 @ 2.40GHz,FloydWarshall,TWO_D,1448,1448,16,32,1,7,64.457,5.34,0.002,-1,-1,-1
Intel Xeon CPU E5-2695 v2 @ 2.40GHz,FloydWarshall,TWO_D,1448,1448,16,64,1,7,64.661,5.34,0.002,-1,-1,-1
Intel Xeon CPU E5-2695 v2 @ 2.40GHz,FloydWarshall,TWO_D,1448,1448,32,1,1,7,59.479,3.392,0.002,-1,-1,-1
Intel Xeon CPU E5-2695 v2 @ 2.40GHz,FloydWarshall,TWO_D,1448,1448,32,2,1,7,58.421,3.849,0.001,-1,-1,-1
Intel Xeon CPU E5-2695 v2 @ 2.40GHz,FloydWarshall,TWO_D,1448,1448,32,4,1,7,58.449,3.852,0.001,-1,-1,-1
Intel Xeon CPU E5-2695 v2 @ 2.40GHz,FloydWarshall,TWO_D,1448,1448,32,8,1,7,58.355,4.285,0.001,-1,-1,-1
Intel Xeon CPU E5-2695 v2 @ 2.40GHz,FloydWarshall,TWO_D,1448,1448,32,16,1,7,58.265,4.279,0.001,-1,-1,-1
Intel Xeon CPU E5-2695 v2 @ 2.40GHz,FloydWarshall,TWO_D,1448,1448,32,32,1,7,58.359,4.284,0.002,-1,-1,-1
Intel Xeon CPU E5-2695 v2 @ 2.40GHz,FloydWarshall,TWO_D,1448,1448,64,1,1,7,58.48,4.289,0.001,-1,-1,-1
Intel Xeon CPU E5-2695 v2 @ 2.40GHz,FloydWarshall,TWO_D,1448,1448,64,2,1,7,58.347,4.287,0.001,-1,-1,-1
Intel Xeon CPU E5-2695 v2 @ 2.40GHz,FloydWarshall,TWO_D,1448,1448,64,4,1,7,58.24,4.285,0.001,-1,-1,-1
Intel Xeon CPU E5-2695 v2 @ 2.40GHz,FloydWarshall,TWO_D,1448,1448,64,8,1,7,58.432,4.313,0.001,-1,-1,-1
Intel Xeon CPU E5-2695 v2 @ 2.40GHz,FloydWarshall,TWO_D,1448,1448,64,16,1,7,58.233,4.292,0.001,-1,-1,-1
Intel Xeon CPU E5-2695 v2 @ 2.40GHz,FloydWarshall,TWO_D,1448,1448,128,1,1,7,58.477,4.289,0.001,-1,-1,-1
Intel Xeon CPU E5-2695 v2 @ 2.40GHz,FloydWarshall,TWO_D,1448,1448,128,2,1,7,58.56,3.836,0.001,-1,-1,-1
Intel Xeon CPU E5-2695 v2 @ 2.40GHz,FloydWarshall,TWO_D,1448,1448,128,4,1,7,58.344,4.864,0.002,-1,-1,-1
Intel Xeon CPU E5-2695 v2 @ 2.40GHz,FloydWarshall,TWO_D,1448,1448,128,8,1,7,62.936,5.456,0.003,-1,-1,-1
Intel Xeon CPU E5-2695 v2 @ 2.40GHz,FloydWarshall,TWO_D,1448,1448,256,1,1,7,62.822,5.646,0.003,-1,-1,-1
Intel Xeon CPU E5-2695 v2 @ 2.40GHz,FloydWarshall,TWO_D,1448,1448,256,2,1,7,57.604,4.823,0.003,-1,-1,-1
Intel Xeon CPU E5-2695 v2 @ 2.40GHz,FloydWarshall,TWO_D,1448,1448,256,4,1,7,62.348,5.384,0.002,-1,-1,-1
Intel Xeon CPU E5-2695 v2 @ 2.40GHz,FloydWarshall,TWO_D,1448,1448,512,1,1,7,57.28,4.824,0.003,-1,-1,-1
Intel Xeon CPU E5-2695 v2 @ 2.40GHz,FloydWarshall,TWO_D,1448,1448,512,2,1,7,62.289,5.881,0.003,-1,-1,-1
Intel Xeon CPU E5-2695 v2 @ 2.40GHz,FloydWarshall,TWO_D,1448,1448,1024,1,1,7,57.477,4.819,0.002,-1,-1,-1
