device/C,kernel/C,workDimension/C,width/F,height/F,xLocal/I,yLocal/I,zLocal/I,MB/F,init/F,memoryCopyOut/F,plan/F,execute/F,memoryCopyIn/F,cleanUp/F
Intel Xeon CPU E5-2695 v2 @ 2.40GHz,FloydWarshall,TWO_D,1254,1254,1,1,1,5,44.544,5.223,0.019,18736.7,7.853,0.497
Intel Xeon CPU E5-2695 v2 @ 2.40GHz,FloydWarshall,TWO_D,1254,1254,1,2,1,5,40.6,3.122,0.001,9617.87,7.688,0.496
Intel Xeon CPU E5-2695 v2 @ 2.40GHz,FloydWarshall,TWO_D,1254,1254,1,4,1,5,40.529,4.009,0.003,-1,-1,-1
Intel Xeon CPU E5-2695 v2 @ 2.40GHz,FloydWarshall,TWO_D,1254,1254,1,8,1,5,72.802,4.05,0.003,-1,-1,-1
Intel Xeon CPU E5-2695 v2 @ 2.40GHz,FloydWarshall,TWO_D,1254,1254,1,16,1,5,44.081,4.013,0.003,-1,-1,-1
Intel Xeon CPU E5-2695 v2 @ 2.40GHz,FloydWarshall,TWO_D,1254,1254,1,32,1,5,45.965,3.851,0.003,-1,-1,-1
Intel Xeon CPU E5-2695 v2 @ 2.40GHz,FloydWarshall,TWO_D,1254,1254,1,64,1,5,45.738,3.089,0.003,-1,-1,-1
Intel Xeon CPU E5-2695 v2 @ 2.40GHz,FloydWarshall,TWO_D,1254,1254,1,128,1,5,42.601,3.855,0.003,-1,-1,-1
Intel Xeon CPU E5-2695 v2 @ 2.40GHz,FloydWarshall,TWO_D,1254,1254,1,256,1,5,45.872,4.076,0.003,-1,-1,-1
Intel Xeon CPU E5-2695 v2 @ 2.40GHz,FloydWarshall,TWO_D,1254,1254,1,512,1,5,45.912,3.084,0.003,-1,-1,-1
Intel Xeon CPU E5-2695 v2 @ 2.40GHz,FloydWarshall,TWO_D,1254,1254,1,1024,1,5,42.737,4.245,0.003,-1,-1,-1
Intel Xeon CPU E5-2695 v2 @ 2.40GHz,FloydWarshall,TWO_D,1254,1254,2,1,1,5,51.657,3.853,0.003,9671.03,7.635,0.495
Intel Xeon CPU E5-2695 v2 @ 2.40GHz,FloydWarshall,TWO_D,1254,1254,2,2,1,5,40.31,4.179,0.003,5096.89,5.134,0.421
Intel Xeon CPU E5-2695 v2 @ 2.40GHz,FloydWarshall,TWO_D,1254,1254,2,4,1,5,44.003,2.234,0.002,-1,-1,-1
Intel Xeon CPU E5-2695 v2 @ 2.40GHz,FloydWarshall,TWO_D,1254,1254,2,8,1,5,44.039,1.797,0.001,-1,-1,-1
Intel Xeon CPU E5-2695 v2 @ 2.40GHz,FloydWarshall,TWO_D,1254,1254,2,16,1,5,44.068,2.047,0.002,-1,-1,-1
Intel Xeon CPU E5-2695 v2 @ 2.40GHz,FloydWarshall,TWO_D,1254,1254,2,32,1,5,44.322,1.453,0.001,-1,-1,-1
Intel Xeon CPU E5-2695 v2 @ 2.40GHz,FloydWarshall,TWO_D,1254,1254,2,64,1,5,44.313,1.454,0.001,-1,-1,-1
Intel Xeon CPU E5-2695 v2 @ 2.40GHz,FloydWarshall,TWO_D,1254,1254,2,128,1,5,44.27,1.449,0.001,-1,-1,-1
Intel Xeon CPU E5-2695 v2 @ 2.40GHz,FloydWarshall,TWO_D,1254,1254,2,256,1,5,44.376,1.454,0.001,-1,-1,-1
Intel Xeon CPU E5-2695 v2 @ 2.40GHz,FloydWarshall,TWO_D,1254,1254,2,512,1,5,44.3,1.456,0.001,-1,-1,-1
Intel Xeon CPU E5-2695 v2 @ 2.40GHz,FloydWarshall,TWO_D,1254,1254,4,1,1,5,48.149,2.95,0.001,-1,-1,-1
Intel Xeon CPU E5-2695 v2 @ 2.40GHz,FloydWarshall,TWO_D,1254,1254,4,2,1,5,44.895,2.049,0.002,-1,-1,-1
Intel Xeon CPU E5-2695 v2 @ 2.40GHz,FloydWarshall,TWO_D,1254,1254,4,4,1,5,44.335,2.048,0.001,-1,-1,-1
Intel Xeon CPU E5-2695 v2 @ 2.40GHz,FloydWarshall,TWO_D,1254,1254,4,8,1,5,44.284,1.467,0.001,-1,-1,-1
Intel Xeon CPU E5-2695 v2 @ 2.40GHz,FloydWarshall,TWO_D,1254,1254,4,16,1,5,44.321,1.454,0.001,-1,-1,-1
Intel Xeon CPU E5-2695 v2 @ 2.40GHz,FloydWarshall,TWO_D,1254,1254,4,32,1,5,44.339,1.456,0.001,-1,-1,-1
Intel Xeon CPU E5-2695 v2 @ 2.40GHz,FloydWarshall,TWO_D,1254,1254,4,64,1,5,44.318,1.451,0.002,-1,-1,-1
Intel Xeon CPU E5-2695 v2 @ 2.40GHz,FloydWarshall,TWO_D,1254,1254,4,128,1,5,48.222,1.451,0.004,-1,-1,-1
Intel Xeon CPU E5-2695 v2 @ 2.40GHz,FloydWarshall,TWO_D,1254,1254,4,256,1,5,44.3,1.459,0.001,-1,-1,-1
Intel Xeon CPU E5-2695 v2 @ 2.40GHz,FloydWarshall,TWO_D,1254,1254,8,1,1,5,44.336,1.449,0.002,-1,-1,-1
Intel Xeon CPU E5-2695 v2 @ 2.40GHz,FloydWarshall,TWO_D,1254,1254,8,2,1,5,44.308,1.456,0.002,-1,-1,-1
Intel Xeon CPU E5-2695 v2 @ 2.40GHz,FloydWarshall,TWO_D,1254,1254,8,4,1,5,48.179,1.454,0.002,-1,-1,-1
Intel Xeon CPU E5-2695 v2 @ 2.40GHz,FloydWarshall,TWO_D,1254,1254,8,8,1,5,44.33,1.457,0.001,-1,-1,-1
Intel Xeon CPU E5-2695 v2 @ 2.40GHz,FloydWarshall,TWO_D,1254,1254,8,16,1,5,44.242,1.452,0.001,-1,-1,-1
Intel Xeon CPU E5-2695 v2 @ 2.40GHz,FloydWarshall,TWO_D,1254,1254,8,32,1,5,44.324,1.459,0.002,-1,-1,-1
Intel Xeon CPU E5-2695 v2 @ 2.40GHz,FloydWarshall,TWO_D,1254,1254,8,64,1,5,44.263,1.453,0.002,-1,-1,-1
Intel Xeon CPU E5-2695 v2 @ 2.40GHz,FloydWarshall,TWO_D,1254,1254,8,128,1,5,44.288,1.451,0.002,-1,-1,-1
Intel Xeon CPU E5-2695 v2 @ 2.40GHz,FloydWarshall,TWO_D,1254,1254,16,1,1,5,44.326,1.452,0.001,-1,-1,-1
Intel Xeon CPU E5-2695 v2 @ 2.40GHz,FloydWarshall,TWO_D,1254,1254,16,2,1,5,48.304,1.472,0.001,-1,-1,-1
Intel Xeon CPU E5-2695 v2 @ 2.40GHz,FloydWarshall,TWO_D,1254,1254,16,4,1,5,46.319,1.34,0.002,-1,-1,-1
Intel Xeon CPU E5-2695 v2 @ 2.40GHz,FloydWarshall,TWO_D,1254,1254,16,8,1,5,39.498,1.272,0.001,-1,-1,-1
Intel Xeon CPU E5-2695 v2 @ 2.40GHz,FloydWarshall,TWO_D,1254,1254,16,16,1,5,39.511,1.268,0.001,-1,-1,-1
Intel Xeon CPU E5-2695 v2 @ 2.40GHz,FloydWarshall,TWO_D,1254,1254,16,32,1,5,42.843,1.27,0.001,-1,-1,-1
Intel Xeon CPU E5-2695 v2 @ 2.40GHz,FloydWarshall,TWO_D,1254,1254,16,64,1,5,42.858,1.269,0.001,-1,-1,-1
Intel Xeon CPU E5-2695 v2 @ 2.40GHz,FloydWarshall,TWO_D,1254,1254,32,1,1,5,39.405,1.276,0.002,-1,-1,-1
Intel Xeon CPU E5-2695 v2 @ 2.40GHz,FloydWarshall,TWO_D,1254,1254,32,2,1,5,44.674,1.274,0.002,-1,-1,-1
Intel Xeon CPU E5-2695 v2 @ 2.40GHz,FloydWarshall,TWO_D,1254,1254,32,4,1,5,44.656,1.279,0.002,-1,-1,-1
Intel Xeon CPU E5-2695 v2 @ 2.40GHz,FloydWarshall,TWO_D,1254,1254,32,8,1,5,45.04,3.217,0.002,-1,-1,-1
Intel Xeon CPU E5-2695 v2 @ 2.40GHz,FloydWarshall,TWO_D,1254,1254,32,16,1,5,39.519,1.273,0.002,-1,-1,-1
Intel Xeon CPU E5-2695 v2 @ 2.40GHz,FloydWarshall,TWO_D,1254,1254,32,32,1,5,44.616,1.27,0.003,-1,-1,-1
Intel Xeon CPU E5-2695 v2 @ 2.40GHz,FloydWarshall,TWO_D,1254,1254,64,1,1,5,45.25,1.275,0.001,-1,-1,-1
Intel Xeon CPU E5-2695 v2 @ 2.40GHz,FloydWarshall,TWO_D,1254,1254,64,2,1,5,42.738,1.269,0.001,-1,-1,-1
Intel Xeon CPU E5-2695 v2 @ 2.40GHz,FloydWarshall,TWO_D,1254,1254,64,4,1,5,39.422,1.271,0.001,-1,-1,-1
Intel Xeon CPU E5-2695 v2 @ 2.40GHz,FloydWarshall,TWO_D,1254,1254,64,8,1,5,42.874,1.276,0.002,-1,-1,-1
Intel Xeon CPU E5-2695 v2 @ 2.40GHz,FloydWarshall,TWO_D,1254,1254,64,16,1,5,39.436,1.275,0.001,-1,-1,-1
Intel Xeon CPU E5-2695 v2 @ 2.40GHz,FloydWarshall,TWO_D,1254,1254,128,1,1,5,42.731,1.276,0.001,-1,-1,-1
Intel Xeon CPU E5-2695 v2 @ 2.40GHz,FloydWarshall,TWO_D,1254,1254,128,2,1,5,42.766,1.27,0.001,-1,-1,-1
Intel Xeon CPU E5-2695 v2 @ 2.40GHz,FloydWarshall,TWO_D,1254,1254,128,4,1,5,39.369,1.716,0.003,-1,-1,-1
Intel Xeon CPU E5-2695 v2 @ 2.40GHz,FloydWarshall,TWO_D,1254,1254,128,8,1,5,43.084,1.354,0.001,-1,-1,-1
Intel Xeon CPU E5-2695 v2 @ 2.40GHz,FloydWarshall,TWO_D,1254,1254,256,1,1,5,39.461,2.403,0.003,-1,-1,-1
Intel Xeon CPU E5-2695 v2 @ 2.40GHz,FloydWarshall,TWO_D,1254,1254,256,2,1,5,44.006,1.277,0.002,-1,-1,-1
Intel Xeon CPU E5-2695 v2 @ 2.40GHz,FloydWarshall,TWO_D,1254,1254,256,4,1,5,42.791,1.28,0.001,-1,-1,-1
Intel Xeon CPU E5-2695 v2 @ 2.40GHz,FloydWarshall,TWO_D,1254,1254,512,1,1,5,39.551,1.273,0.002,-1,-1,-1
Intel Xeon CPU E5-2695 v2 @ 2.40GHz,FloydWarshall,TWO_D,1254,1254,512,2,1,5,44.657,1.272,0.001,-1,-1,-1
Intel Xeon CPU E5-2695 v2 @ 2.40GHz,FloydWarshall,TWO_D,1254,1254,1024,1,1,5,42.861,1.273,0.001,-1,-1,-1
Intel Xeon CPU E5-2695 v2 @ 2.40GHz,FloydWarshall,TWO_D,1254,1254,1,1,1,5,51.671,4.812,0.004,18642.1,7.859,0.432
Intel Xeon CPU E5-2695 v2 @ 2.40GHz,FloydWarshall,TWO_D,1254,1254,1,2,1,5,46.394,3.557,0.001,9631.61,7.327,0.374
Intel Xeon CPU E5-2695 v2 @ 2.40GHz,FloydWarshall,TWO_D,1254,1254,1,4,1,5,47.045,3.412,0.002,-1,-1,-1
Intel Xeon CPU E5-2695 v2 @ 2.40GHz,FloydWarshall,TWO_D,1254,1254,1,8,1,5,46.977,3.756,0.002,-1,-1,-1
Intel Xeon CPU E5-2695 v2 @ 2.40GHz,FloydWarshall,TWO_D,1254,1254,1,16,1,5,45.864,3.304,0.003,-1,-1,-1
Intel Xeon CPU E5-2695 v2 @ 2.40GHz,FloydWarshall,TWO_D,1254,1254,1,32,1,5,45.972,2.057,0.001,-1,-1,-1
Intel Xeon CPU E5-2695 v2 @ 2.40GHz,FloydWarshall,TWO_D,1254,1254,1,64,1,5,44.952,3.232,0.003,-1,-1,-1
Intel Xeon CPU E5-2695 v2 @ 2.40GHz,FloydWarshall,TWO_D,1254,1254,1,128,1,5,44.691,2.01,0.001,-1,-1,-1
Intel Xeon CPU E5-2695 v2 @ 2.40GHz,FloydWarshall,TWO_D,1254,1254,1,256,1,5,45.22,2.032,0.001,-1,-1,-1
Intel Xeon CPU E5-2695 v2 @ 2.40GHz,FloydWarshall,TWO_D,1254,1254,1,512,1,5,44.803,2.023,0.002,-1,-1,-1
Intel Xeon CPU E5-2695 v2 @ 2.40GHz,FloydWarshall,TWO_D,1254,1254,1,1024,1,5,44.772,2.022,0.001,-1,-1,-1
Intel Xeon CPU E5-2695 v2 @ 2.40GHz,FloydWarshall,TWO_D,1254,1254,2,1,1,5,51.009,1.964,0.001,9629.39,7.401,0.304
Intel Xeon CPU E5-2695 v2 @ 2.40GHz,FloydWarshall,TWO_D,1254,1254,2,2,1,5,44.629,3.568,0.001,5136.28,7.217,0.306
Intel Xeon CPU E5-2695 v2 @ 2.40GHz,FloydWarshall,TWO_D,1254,1254,2,4,1,5,45.011,3.568,0.001,-1,-1,-1
Intel Xeon CPU E5-2695 v2 @ 2.40GHz,FloydWarshall,TWO_D,1254,1254,2,8,1,5,46.218,3.196,0.031,-1,-1,-1
Intel Xeon CPU E5-2695 v2 @ 2.40GHz,FloydWarshall,TWO_D,1254,1254,2,16,1,5,49.73,3.45,0.002,-1,-1,-1
Intel Xeon CPU E5-2695 v2 @ 2.40GHz,FloydWarshall,TWO_D,1254,1254,2,32,1,5,45.975,3.483,0.003,-1,-1,-1
Intel Xeon CPU E5-2695 v2 @ 2.40GHz,FloydWarshall,TWO_D,1254,1254,2,64,1,5,47.716,3.582,0.003,-1,-1,-1
Intel Xeon CPU E5-2695 v2 @ 2.40GHz,FloydWarshall,TWO_D,1254,1254,2,128,1,5,48.018,3.416,0.002,-1,-1,-1
Intel Xeon CPU E5-2695 v2 @ 2.40GHz,FloydWarshall,TWO_D,1254,1254,2,256,1,5,48.122,3.287,0.002,-1,-1,-1
Intel Xeon CPU E5-2695 v2 @ 2.40GHz,FloydWarshall,TWO_D,1254,1254,2,512,1,5,48.407,3.352,0.003,-1,-1,-1
Intel Xeon CPU E5-2695 v2 @ 2.40GHz,FloydWarshall,TWO_D,1254,1254,4,1,1,5,54.581,2.544,0.001,-1,-1,-1
Intel Xeon CPU E5-2695 v2 @ 2.40GHz,FloydWarshall,TWO_D,1254,1254,4,2,1,5,46.008,3.265,0.002,-1,-1,-1
Intel Xeon CPU E5-2695 v2 @ 2.40GHz,FloydWarshall,TWO_D,1254,1254,4,4,1,5,46.192,3.639,0.003,-1,-1,-1
Intel Xeon CPU E5-2695 v2 @ 2.40GHz,FloydWarshall,TWO_D,1254,1254,4,8,1,5,49.044,3.649,0.003,-1,-1,-1
Intel Xeon CPU E5-2695 v2 @ 2.40GHz,FloydWarshall,TWO_D,1254,1254,4,16,1,5,47.785,3.346,0.003,-1,-1,-1
Intel Xeon CPU E5-2695 v2 @ 2.40GHz,FloydWarshall,TWO_D,1254,1254,4,32,1,5,48.499,3.604,0.003,-1,-1,-1
Intel Xeon CPU E5-2695 v2 @ 2.40GHz,FloydWarshall,TWO_D,1254,1254,4,64,1,5,47.968,3.43,0.002,-1,-1,-1
Intel Xeon CPU E5-2695 v2 @ 2.40GHz,FloydWarshall,TWO_D,1254,1254,4,128,1,5,49.098,3.634,0.002,-1,-1,-1
Intel Xeon CPU E5-2695 v2 @ 2.40GHz,FloydWarshall,TWO_D,1254,1254,4,256,1,5,46.532,3.623,0.003,-1,-1,-1
Intel Xeon CPU E5-2695 v2 @ 2.40GHz,FloydWarshall,TWO_D,1254,1254,8,1,1,5,47.863,3.505,0.003,-1,-1,-1
Intel Xeon CPU E5-2695 v2 @ 2.40GHz,FloydWarshall,TWO_D,1254,1254,8,2,1,5,47.774,3.387,0.002,-1,-1,-1
Intel Xeon CPU E5-2695 v2 @ 2.40GHz,FloydWarshall,TWO_D,1254,1254,8,4,1,5,48.543,3.602,0.003,-1,-1,-1
Intel Xeon CPU E5-2695 v2 @ 2.40GHz,FloydWarshall,TWO_D,1254,1254,8,8,1,5,47.767,3.309,0.003,-1,-1,-1
Intel Xeon CPU E5-2695 v2 @ 2.40GHz,FloydWarshall,TWO_D,1254,1254,8,16,1,5,48.467,3.419,0.003,-1,-1,-1
Intel Xeon CPU E5-2695 v2 @ 2.40GHz,FloydWarshall,TWO_D,1254,1254,8,32,1,5,48.343,3.321,0.002,-1,-1,-1
Intel Xeon CPU E5-2695 v2 @ 2.40GHz,FloydWarshall,TWO_D,1254,1254,8,64,1,5,48.32,3.467,0.003,-1,-1,-1
Intel Xeon CPU E5-2695 v2 @ 2.40GHz,FloydWarshall,TWO_D,1254,1254,8,128,1,5,48.405,3.593,0.003,-1,-1,-1
Intel Xeon CPU E5-2695 v2 @ 2.40GHz,FloydWarshall,TWO_D,1254,1254,16,1,1,5,47.858,3.36,0.002,-1,-1,-1
Intel Xeon CPU E5-2695 v2 @ 2.40GHz,FloydWarshall,TWO_D,1254,1254,16,2,1,5,48.334,3.385,0.003,-1,-1,-1
Intel Xeon CPU E5-2695 v2 @ 2.40GHz,FloydWarshall,TWO_D,1254,1254,16,4,1,5,48.898,3.172,0.003,-1,-1,-1
Intel Xeon CPU E5-2695 v2 @ 2.40GHz,FloydWarshall,TWO_D,1254,1254,16,8,1,5,47.927,3.398,0.003,-1,-1,-1
Intel Xeon CPU E5-2695 v2 @ 2.40GHz,FloydWarshall,TWO_D,1254,1254,16,16,1,5,48.388,3.466,0.003,-1,-1,-1
Intel Xeon CPU E5-2695 v2 @ 2.40GHz,FloydWarshall,TWO_D,1254,1254,16,32,1,5,48.389,3.575,0.003,-1,-1,-1
Intel Xeon CPU E5-2695 v2 @ 2.40GHz,FloydWarshall,TWO_D,1254,1254,16,64,1,5,47.789,3.294,0.003,-1,-1,-1
Intel Xeon CPU E5-2695 v2 @ 2.40GHz,FloydWarshall,TWO_D,1254,1254,32,1,1,5,48.422,3.376,0.002,-1,-1,-1
Intel Xeon CPU E5-2695 v2 @ 2.40GHz,FloydWarshall,TWO_D,1254,1254,32,2,1,5,48.334,3.41,0.003,-1,-1,-1
Intel Xeon CPU E5-2695 v2 @ 2.40GHz,FloydWarshall,TWO_D,1254,1254,32,4,1,5,48.818,3.648,0.003,-1,-1,-1
Intel Xeon CPU E5-2695 v2 @ 2.40GHz,FloydWarshall,TWO_D,1254,1254,32,8,1,5,47.773,3.462,0.003,-1,-1,-1
Intel Xeon CPU E5-2695 v2 @ 2.40GHz,FloydWarshall,TWO_D,1254,1254,32,16,1,5,48.373,3.541,0.003,-1,-1,-1
Intel Xeon CPU E5-2695 v2 @ 2.40GHz,FloydWarshall,TWO_D,1254,1254,32,32,1,5,47.713,3.235,0.002,-1,-1,-1
Intel Xeon CPU E5-2695 v2 @ 2.40GHz,FloydWarshall,TWO_D,1254,1254,64,1,1,5,48.303,3.207,0.002,-1,-1,-1
Intel Xeon CPU E5-2695 v2 @ 2.40GHz,FloydWarshall,TWO_D,1254,1254,64,2,1,5,48.33,3.373,0.003,-1,-1,-1
Intel Xeon CPU E5-2695 v2 @ 2.40GHz,FloydWarshall,TWO_D,1254,1254,64,4,1,5,48.467,3.514,0.003,-1,-1,-1
Intel Xeon CPU E5-2695 v2 @ 2.40GHz,FloydWarshall,TWO_D,1254,1254,64,8,1,5,48.447,3.645,0.002,-1,-1,-1
Intel Xeon CPU E5-2695 v2 @ 2.40GHz,FloydWarshall,TWO_D,1254,1254,64,16,1,5,47.801,3.401,0.003,-1,-1,-1
Intel Xeon CPU E5-2695 v2 @ 2.40GHz,FloydWarshall,TWO_D,1254,1254,128,1,1,5,48.729,3.641,0.003,-1,-1,-1
Intel Xeon CPU E5-2695 v2 @ 2.40GHz,FloydWarshall,TWO_D,1254,1254,128,2,1,5,48.036,3.628,0.003,-1,-1,-1
Intel Xeon CPU E5-2695 v2 @ 2.40GHz,FloydWarshall,TWO_D,1254,1254,128,4,1,5,47.869,3.651,0.003,-1,-1,-1
Intel Xeon CPU E5-2695 v2 @ 2.40GHz,FloydWarshall,TWO_D,1254,1254,128,8,1,5,47.803,3.259,0.002,-1,-1,-1
Intel Xeon CPU E5-2695 v2 @ 2.40GHz,FloydWarshall,TWO_D,1254,1254,256,1,1,5,48.525,3.424,0.003,-1,-1,-1
Intel Xeon CPU E5-2695 v2 @ 2.40GHz,FloydWarshall,TWO_D,1254,1254,256,2,1,5,48.447,3.592,0.002,-1,-1,-1
Intel Xeon CPU E5-2695 v2 @ 2.40GHz,FloydWarshall,TWO_D,1254,1254,256,4,1,5,47.822,3.313,0.003,-1,-1,-1
Intel Xeon CPU E5-2695 v2 @ 2.40GHz,FloydWarshall,TWO_D,1254,1254,512,1,1,5,48.466,3.437,0.002,-1,-1,-1
Intel Xeon CPU E5-2695 v2 @ 2.40GHz,FloydWarshall,TWO_D,1254,1254,512,2,1,5,48.407,3.545,0.002,-1,-1,-1
Intel Xeon CPU E5-2695 v2 @ 2.40GHz,FloydWarshall,TWO_D,1254,1254,1024,1,1,5,47.77,3.243,0.003,-1,-1,-1
