device/C,kernel/C,workDimension/C,width/F,height/F,xLocal/I,yLocal/I,zLocal/I,MB/F,init/F,memoryCopyOut/F,plan/F,execute/F,memoryCopyIn/F,cleanUp/F
Intel Xeon CPU E5-2695 v2 @ 2.40GHz,LUDecomposition,TWO_D,2348,2348,1,1,1,42,115.804,21.03,0.003,11609.7,37.093,0.791
Intel Xeon CPU E5-2695 v2 @ 2.40GHz,LUDecomposition,TWO_D,2348,2348,1,2,1,42,115.693,21.168,0.005,6372.59,25.715,0.783
Intel Xeon CPU E5-2695 v2 @ 2.40GHz,LUDecomposition,TWO_D,2348,2348,1,4,1,42,120.404,22.611,0.004,4011.75,43.695,0.825
Intel Xeon CPU E5-2695 v2 @ 2.40GHz,LUDecomposition,TWO_D,2348,2348,1,8,1,42,118.598,22.031,0.004,3089.7,33.135,0.832
Intel Xeon CPU E5-2695 v2 @ 2.40GHz,LUDecomposition,TWO_D,2348,2348,1,16,1,42,115.655,21.548,0.003,2401.51,30.112,0.827
Intel Xeon CPU E5-2695 v2 @ 2.40GHz,LUDecomposition,TWO_D,2348,2348,1,32,1,42,118.998,21.92,0.004,1906.91,30.648,0.911
Intel Xeon CPU E5-2695 v2 @ 2.40GHz,LUDecomposition,TWO_D,2348,2348,1,64,1,42,115.644,21.124,0.005,1676.47,33.075,0.836
Intel Xeon CPU E5-2695 v2 @ 2.40GHz,LUDecomposition,TWO_D,2348,2348,1,128,1,42,116.535,21.574,0.02,1502.93,25.668,0.81
Intel Xeon CPU E5-2695 v2 @ 2.40GHz,LUDecomposition,TWO_D,2348,2348,1,256,1,42,116.107,21.114,0.006,1405.23,31.217,0.807
Intel Xeon CPU E5-2695 v2 @ 2.40GHz,LUDecomposition,TWO_D,2348,2348,1,512,1,42,115.876,21.228,0.006,1058.66,32.142,0.866
Intel Xeon CPU E5-2695 v2 @ 2.40GHz,LUDecomposition,TWO_D,2348,2348,1,1024,1,42,115.765,21.214,0.005,1135.68,31.862,0.941
Intel Xeon CPU E5-2695 v2 @ 2.40GHz,LUDecomposition,TWO_D,2348,2348,2,1,1,42,152.487,26.227,0.007,6478.54,27.659,0.782
Intel Xeon CPU E5-2695 v2 @ 2.40GHz,LUDecomposition,TWO_D,2348,2348,2,2,1,42,115.893,21.569,0.004,4024.87,33.193,0.762
Intel Xeon CPU E5-2695 v2 @ 2.40GHz,LUDecomposition,TWO_D,2348,2348,2,4,1,42,115.894,21.245,0.005,2986.61,29.968,0.793
Intel Xeon CPU E5-2695 v2 @ 2.40GHz,LUDecomposition,TWO_D,2348,2348,2,8,1,42,115.732,21.254,0.005,2333.24,44.558,0.986
Intel Xeon CPU E5-2695 v2 @ 2.40GHz,LUDecomposition,TWO_D,2348,2348,2,16,1,42,115.585,21.465,0.005,1914.14,31.436,0.789
Intel Xeon CPU E5-2695 v2 @ 2.40GHz,LUDecomposition,TWO_D,2348,2348,2,32,1,42,116.591,22.329,0.005,1665.64,32.831,0.793
Intel Xeon CPU E5-2695 v2 @ 2.40GHz,LUDecomposition,TWO_D,2348,2348,2,64,1,42,115.741,21.552,0.005,1516.05,29.355,0.811
Intel Xeon CPU E5-2695 v2 @ 2.40GHz,LUDecomposition,TWO_D,2348,2348,2,128,1,42,115.692,21.484,0.005,1426.69,23.403,0.787
Intel Xeon CPU E5-2695 v2 @ 2.40GHz,LUDecomposition,TWO_D,2348,2348,2,256,1,42,115.654,21.378,0.003,1118.94,26.875,0.824
Intel Xeon CPU E5-2695 v2 @ 2.40GHz,LUDecomposition,TWO_D,2348,2348,2,512,1,42,116.323,21.754,0.004,1172.82,30.819,0.954
Intel Xeon CPU E5-2695 v2 @ 2.40GHz,LUDecomposition,TWO_D,2348,2348,4,1,1,42,152.269,26.17,0.006,4194.34,25.671,0.786
Intel Xeon CPU E5-2695 v2 @ 2.40GHz,LUDecomposition,TWO_D,2348,2348,4,2,1,42,129.952,23.248,0.003,2987.04,33.357,0.781
Intel Xeon CPU E5-2695 v2 @ 2.40GHz,LUDecomposition,TWO_D,2348,2348,4,4,1,42,115.923,21.276,0.005,2327.23,33.302,0.877
Intel Xeon CPU E5-2695 v2 @ 2.40GHz,LUDecomposition,TWO_D,2348,2348,4,8,1,42,115.845,21.23,0.014,1925.44,34.698,1.105
Intel Xeon CPU E5-2695 v2 @ 2.40GHz,LUDecomposition,TWO_D,2348,2348,4,16,1,42,115.576,20.92,0.002,1724.32,34.078,0.967
Intel Xeon CPU E5-2695 v2 @ 2.40GHz,LUDecomposition,TWO_D,2348,2348,4,32,1,42,115.63,21.091,0.003,1579.4,26.793,1.035
Intel Xeon CPU E5-2695 v2 @ 2.40GHz,LUDecomposition,TWO_D,2348,2348,4,64,1,42,117.842,21.239,0.004,1486.29,29.357,0.892
Intel Xeon CPU E5-2695 v2 @ 2.40GHz,LUDecomposition,TWO_D,2348,2348,4,128,1,42,115.57,21.223,0.004,1196.75,23.652,0.873
Intel Xeon CPU E5-2695 v2 @ 2.40GHz,LUDecomposition,TWO_D,2348,2348,4,256,1,42,116.09,22.183,0.003,1196.42,26.297,1.093
Intel Xeon CPU E5-2695 v2 @ 2.40GHz,LUDecomposition,TWO_D,2348,2348,8,1,1,42,152.363,25.443,0.005,3182.43,25.672,0.936
Intel Xeon CPU E5-2695 v2 @ 2.40GHz,LUDecomposition,TWO_D,2348,2348,8,2,1,42,116.293,21.973,0.004,2415.56,28.184,0.927
Intel Xeon CPU E5-2695 v2 @ 2.40GHz,LUDecomposition,TWO_D,2348,2348,8,4,1,42,115.773,21.054,0.005,1996.88,27.238,0.838
Intel Xeon CPU E5-2695 v2 @ 2.40GHz,LUDecomposition,TWO_D,2348,2348,8,8,1,42,115.96,21.804,0.004,1770.57,35.36,0.903
Intel Xeon CPU E5-2695 v2 @ 2.40GHz,LUDecomposition,TWO_D,2348,2348,8,16,1,42,115.416,21.038,0.005,1601.1,23.719,0.919
Intel Xeon CPU E5-2695 v2 @ 2.40GHz,LUDecomposition,TWO_D,2348,2348,8,32,1,42,117.707,21.778,0.004,1405.88,23.653,0.863
Intel Xeon CPU E5-2695 v2 @ 2.40GHz,LUDecomposition,TWO_D,2348,2348,8,64,1,42,115.644,21.201,0.003,1128.51,30.271,1.047
Intel Xeon CPU E5-2695 v2 @ 2.40GHz,LUDecomposition,TWO_D,2348,2348,8,128,1,42,152.49,26.417,0.006,1116.15,31.5,1.063
Intel Xeon CPU E5-2695 v2 @ 2.40GHz,LUDecomposition,TWO_D,2348,2348,16,1,1,42,152.522,26.058,0.006,2423.95,31.676,0.872
Intel Xeon CPU E5-2695 v2 @ 2.40GHz,LUDecomposition,TWO_D,2348,2348,16,2,1,42,117.605,21.661,0.003,1907.71,31.898,0.898
Intel Xeon CPU E5-2695 v2 @ 2.40GHz,LUDecomposition,TWO_D,2348,2348,16,4,1,42,116.774,21.7,0.006,1680.32,40.115,0.909
Intel Xeon CPU E5-2695 v2 @ 2.40GHz,LUDecomposition,TWO_D,2348,2348,16,8,1,42,116.017,21.408,0.006,1569.45,27.453,0.868
Intel Xeon CPU E5-2695 v2 @ 2.40GHz,LUDecomposition,TWO_D,2348,2348,16,16,1,42,115.813,21.816,0.004,1429.26,29.385,0.936
Intel Xeon CPU E5-2695 v2 @ 2.40GHz,LUDecomposition,TWO_D,2348,2348,16,32,1,42,115.941,21.736,0.004,1075.29,29.153,0.85
Intel Xeon CPU E5-2695 v2 @ 2.40GHz,LUDecomposition,TWO_D,2348,2348,16,64,1,42,115.541,21.78,0.004,1157.2,32.634,1.376
Intel Xeon CPU E5-2695 v2 @ 2.40GHz,LUDecomposition,TWO_D,2348,2348,32,1,1,42,152.409,26.804,0.004,2280.24,31.368,1.239
Intel Xeon CPU E5-2695 v2 @ 2.40GHz,LUDecomposition,TWO_D,2348,2348,32,2,1,42,152.399,26.618,0.005,2045.82,45.441,1.305
Intel Xeon CPU E5-2695 v2 @ 2.40GHz,LUDecomposition,TWO_D,2348,2348,32,4,1,42,152.65,26.452,0.004,1834.29,30.631,1.229
Intel Xeon CPU E5-2695 v2 @ 2.40GHz,LUDecomposition,TWO_D,2348,2348,32,8,1,42,152.428,26.442,0.005,1654.3,31.178,1.216
Intel Xeon CPU E5-2695 v2 @ 2.40GHz,LUDecomposition,TWO_D,2348,2348,32,16,1,42,152.139,26.527,0.006,1282.46,32.924,1.263
Intel Xeon CPU E5-2695 v2 @ 2.40GHz,LUDecomposition,TWO_D,2348,2348,32,32,1,42,152.485,26.383,0.004,1222.39,31.54,1.363
Intel Xeon CPU E5-2695 v2 @ 2.40GHz,LUDecomposition,TWO_D,2348,2348,64,1,1,42,152.406,26.447,0.006,2029.48,29.654,1.245
Intel Xeon CPU E5-2695 v2 @ 2.40GHz,LUDecomposition,TWO_D,2348,2348,64,2,1,42,152.765,26.404,0.004,1841.46,35.859,1.281
Intel Xeon CPU E5-2695 v2 @ 2.40GHz,LUDecomposition,TWO_D,2348,2348,64,4,1,42,152.499,27.589,0.005,1629.92,34.924,1.965
Intel Xeon CPU E5-2695 v2 @ 2.40GHz,LUDecomposition,TWO_D,2348,2348,64,8,1,42,151.906,27.005,0.006,1163.38,35.229,1.263
Intel Xeon CPU E5-2695 v2 @ 2.40GHz,LUDecomposition,TWO_D,2348,2348,64,16,1,42,152.631,27.117,0.006,989.413,37.452,1.283
Intel Xeon CPU E5-2695 v2 @ 2.40GHz,LUDecomposition,TWO_D,2348,2348,128,1,1,42,152.355,27,0.006,1744.11,32.335,2.005
Intel Xeon CPU E5-2695 v2 @ 2.40GHz,LUDecomposition,TWO_D,2348,2348,128,2,1,42,151.666,27.098,0.006,1593.27,32.934,1.266
Intel Xeon CPU E5-2695 v2 @ 2.40GHz,LUDecomposition,TWO_D,2348,2348,128,4,1,42,152.608,26.705,0.005,1222.12,30.823,1.595
Intel Xeon CPU E5-2695 v2 @ 2.40GHz,LUDecomposition,TWO_D,2348,2348,128,8,1,42,152.639,26.163,0.005,1118.53,45.414,1.787
Intel Xeon CPU E5-2695 v2 @ 2.40GHz,LUDecomposition,TWO_D,2348,2348,256,1,1,42,152.382,26.127,0.003,1612.84,30.812,1.39
Intel Xeon CPU E5-2695 v2 @ 2.40GHz,LUDecomposition,TWO_D,2348,2348,256,2,1,42,152.643,26.613,0.004,1197.85,31.885,2.208
Intel Xeon CPU E5-2695 v2 @ 2.40GHz,LUDecomposition,TWO_D,2348,2348,256,4,1,42,151.899,26.815,0.003,1056.2,32.179,1.349
Intel Xeon CPU E5-2695 v2 @ 2.40GHz,LUDecomposition,TWO_D,2348,2348,512,1,1,42,152.629,26.687,0.004,1205.55,28.643,2.174
Intel Xeon CPU E5-2695 v2 @ 2.40GHz,LUDecomposition,TWO_D,2348,2348,512,2,1,42,151.799,26.478,0.005,1070.89,28.901,1.521
Intel Xeon CPU E5-2695 v2 @ 2.40GHz,LUDecomposition,TWO_D,2348,2348,1024,1,1,42,152.705,26.554,0.006,1005.75,25.363,1.962
Intel Xeon CPU E5-2695 v2 @ 2.40GHz,LUDecomposition,TWO_D,2348,2348,1,1,1,42,151.542,26.12,0.003,11571.6,26.848,0.666
Intel Xeon CPU E5-2695 v2 @ 2.40GHz,LUDecomposition,TWO_D,2348,2348,1,2,1,42,117.509,21.6,0.003,6377.1,26.104,0.652
Intel Xeon CPU E5-2695 v2 @ 2.40GHz,LUDecomposition,TWO_D,2348,2348,1,4,1,42,115.396,21.159,0.003,4065.54,30.445,0.631
Intel Xeon CPU E5-2695 v2 @ 2.40GHz,LUDecomposition,TWO_D,2348,2348,1,8,1,42,115.472,21.132,0.004,3071.41,33.802,0.649
Intel Xeon CPU E5-2695 v2 @ 2.40GHz,LUDecomposition,TWO_D,2348,2348,1,16,1,42,115.507,21.038,0.005,2404.01,28.164,0.621
Intel Xeon CPU E5-2695 v2 @ 2.40GHz,LUDecomposition,TWO_D,2348,2348,1,32,1,42,115.805,21.478,0.004,1971.47,28.281,0.626
Intel Xeon CPU E5-2695 v2 @ 2.40GHz,LUDecomposition,TWO_D,2348,2348,1,64,1,42,115.665,21.222,0.005,1763,30.246,0.636
Intel Xeon CPU E5-2695 v2 @ 2.40GHz,LUDecomposition,TWO_D,2348,2348,1,128,1,42,118.276,21.481,0.004,1594.51,21.47,0.629
Intel Xeon CPU E5-2695 v2 @ 2.40GHz,LUDecomposition,TWO_D,2348,2348,1,256,1,42,117.086,21.863,0.004,1432.02,31.005,0.632
Intel Xeon CPU E5-2695 v2 @ 2.40GHz,LUDecomposition,TWO_D,2348,2348,1,512,1,42,115.485,21.429,0.006,1034.49,28.452,0.658
Intel Xeon CPU E5-2695 v2 @ 2.40GHz,LUDecomposition,TWO_D,2348,2348,1,1024,1,42,115.717,21.56,0.005,1108.84,33.634,0.686
Intel Xeon CPU E5-2695 v2 @ 2.40GHz,LUDecomposition,TWO_D,2348,2348,2,1,1,42,152.128,26.249,0.005,6543.16,29.002,0.651
Intel Xeon CPU E5-2695 v2 @ 2.40GHz,LUDecomposition,TWO_D,2348,2348,2,2,1,42,118.018,21.596,0.004,4114.64,27.777,0.637
Intel Xeon CPU E5-2695 v2 @ 2.40GHz,LUDecomposition,TWO_D,2348,2348,2,4,1,42,115.543,21.427,0.004,3095.73,26.292,0.62
Intel Xeon CPU E5-2695 v2 @ 2.40GHz,LUDecomposition,TWO_D,2348,2348,2,8,1,42,115.621,21.427,0.003,2397.64,25.608,0.609
Intel Xeon CPU E5-2695 v2 @ 2.40GHz,LUDecomposition,TWO_D,2348,2348,2,16,1,42,117.505,21.873,0.005,2000.04,23.577,0.597
Intel Xeon CPU E5-2695 v2 @ 2.40GHz,LUDecomposition,TWO_D,2348,2348,2,32,1,42,115.66,21.863,0.004,1705.43,29.156,0.61
Intel Xeon CPU E5-2695 v2 @ 2.40GHz,LUDecomposition,TWO_D,2348,2348,2,64,1,42,118.536,21.679,0.005,1512.73,32.651,0.641
Intel Xeon CPU E5-2695 v2 @ 2.40GHz,LUDecomposition,TWO_D,2348,2348,2,128,1,42,115.596,21.718,0.005,1409.45,32.762,0.667
Intel Xeon CPU E5-2695 v2 @ 2.40GHz,LUDecomposition,TWO_D,2348,2348,2,256,1,42,116.985,22.374,0.006,1123.16,25.205,0.619
Intel Xeon CPU E5-2695 v2 @ 2.40GHz,LUDecomposition,TWO_D,2348,2348,2,512,1,42,117.097,22.188,0.004,1241.03,29.346,0.695
Intel Xeon CPU E5-2695 v2 @ 2.40GHz,LUDecomposition,TWO_D,2348,2348,4,1,1,42,152.206,26.437,0.006,4201.32,38.353,0.582
Intel Xeon CPU E5-2695 v2 @ 2.40GHz,LUDecomposition,TWO_D,2348,2348,4,2,1,42,115.406,21.639,0.003,3070.49,28.096,0.664
Intel Xeon CPU E5-2695 v2 @ 2.40GHz,LUDecomposition,TWO_D,2348,2348,4,4,1,42,115.535,21.42,0.004,2420.59,29.931,0.689
Intel Xeon CPU E5-2695 v2 @ 2.40GHz,LUDecomposition,TWO_D,2348,2348,4,8,1,42,115.274,21.319,0.003,1917.57,32.309,0.665
Intel Xeon CPU E5-2695 v2 @ 2.40GHz,LUDecomposition,TWO_D,2348,2348,4,16,1,42,115.251,21.089,0.003,1670.58,27.544,0.693
Intel Xeon CPU E5-2695 v2 @ 2.40GHz,LUDecomposition,TWO_D,2348,2348,4,32,1,42,115.148,21.39,0.002,1504.22,42.559,0.68
Intel Xeon CPU E5-2695 v2 @ 2.40GHz,LUDecomposition,TWO_D,2348,2348,4,64,1,42,115.004,21.914,0.002,1349.25,28.777,0.637
Intel Xeon CPU E5-2695 v2 @ 2.40GHz,LUDecomposition,TWO_D,2348,2348,4,128,1,42,115.157,21.566,0.002,1149.49,28.841,0.774
Intel Xeon CPU E5-2695 v2 @ 2.40GHz,LUDecomposition,TWO_D,2348,2348,4,256,1,42,152.438,26.429,0.005,1221.03,45.148,0.86
Intel Xeon CPU E5-2695 v2 @ 2.40GHz,LUDecomposition,TWO_D,2348,2348,8,1,1,42,152.054,26.283,0.005,3173.66,34.323,0.601
Intel Xeon CPU E5-2695 v2 @ 2.40GHz,LUDecomposition,TWO_D,2348,2348,8,2,1,42,116.255,22.551,0.004,2401.52,29.34,0.575
Intel Xeon CPU E5-2695 v2 @ 2.40GHz,LUDecomposition,TWO_D,2348,2348,8,4,1,42,118.515,21.308,0.004,1942.06,28.805,0.673
Intel Xeon CPU E5-2695 v2 @ 2.40GHz,LUDecomposition,TWO_D,2348,2348,8,8,1,42,115.748,21.874,0.006,1743.57,28.191,0.571
Intel Xeon CPU E5-2695 v2 @ 2.40GHz,LUDecomposition,TWO_D,2348,2348,8,16,1,42,115.546,21.163,0.004,1588.39,26.129,0.602
Intel Xeon CPU E5-2695 v2 @ 2.40GHz,LUDecomposition,TWO_D,2348,2348,8,32,1,42,120.591,22.525,0.003,1465.34,28.48,0.644
Intel Xeon CPU E5-2695 v2 @ 2.40GHz,LUDecomposition,TWO_D,2348,2348,8,64,1,42,118.075,21.769,0.004,1112.69,28.291,0.63
Intel Xeon CPU E5-2695 v2 @ 2.40GHz,LUDecomposition,TWO_D,2348,2348,8,128,1,42,118.581,21.817,0.004,1207.22,44.781,1.145
Intel Xeon CPU E5-2695 v2 @ 2.40GHz,LUDecomposition,TWO_D,2348,2348,16,1,1,42,163.826,26.335,0.007,2595.01,31.585,0.743
Intel Xeon CPU E5-2695 v2 @ 2.40GHz,LUDecomposition,TWO_D,2348,2348,16,2,1,42,152.046,26.572,0.004,2122.71,33.359,0.717
Intel Xeon CPU E5-2695 v2 @ 2.40GHz,LUDecomposition,TWO_D,2348,2348,16,4,1,42,151.927,25.724,0.005,1830.18,31.372,0.705
Intel Xeon CPU E5-2695 v2 @ 2.40GHz,LUDecomposition,TWO_D,2348,2348,16,8,1,42,118.321,22.034,0.006,1639.91,44.237,1.032
Intel Xeon CPU E5-2695 v2 @ 2.40GHz,LUDecomposition,TWO_D,2348,2348,16,16,1,42,118.992,22.051,0.014,1512.6,30.769,0.601
Intel Xeon CPU E5-2695 v2 @ 2.40GHz,LUDecomposition,TWO_D,2348,2348,16,32,1,42,115.69,21.769,0.007,1090.84,30.215,0.667
Intel Xeon CPU E5-2695 v2 @ 2.40GHz,LUDecomposition,TWO_D,2348,2348,16,64,1,42,115.751,21.656,0.007,1148.25,30.07,0.695
Intel Xeon CPU E5-2695 v2 @ 2.40GHz,LUDecomposition,TWO_D,2348,2348,32,1,1,42,152.259,26.26,0.005,2281.72,33.278,0.681
Intel Xeon CPU E5-2695 v2 @ 2.40GHz,LUDecomposition,TWO_D,2348,2348,32,2,1,42,152.507,26.013,0.005,2002.95,45.243,1.161
Intel Xeon CPU E5-2695 v2 @ 2.40GHz,LUDecomposition,TWO_D,2348,2348,32,4,1,42,172.822,26.524,0.006,1781.57,27.842,0.667
Intel Xeon CPU E5-2695 v2 @ 2.40GHz,LUDecomposition,TWO_D,2348,2348,32,8,1,42,152.407,26.082,0.006,1617.37,34.69,0.644
Intel Xeon CPU E5-2695 v2 @ 2.40GHz,LUDecomposition,TWO_D,2348,2348,32,16,1,42,152.312,26.219,0.006,1208.29,33.818,0.686
Intel Xeon CPU E5-2695 v2 @ 2.40GHz,LUDecomposition,TWO_D,2348,2348,32,32,1,42,152.31,26.245,0.006,1008.42,40.291,0.718
Intel Xeon CPU E5-2695 v2 @ 2.40GHz,LUDecomposition,TWO_D,2348,2348,64,1,1,42,152.002,26.109,0.006,2025.23,31.407,0.696
Intel Xeon CPU E5-2695 v2 @ 2.40GHz,LUDecomposition,TWO_D,2348,2348,64,2,1,42,152.282,25.992,0.006,1772.21,44.83,0.897
Intel Xeon CPU E5-2695 v2 @ 2.40GHz,LUDecomposition,TWO_D,2348,2348,64,4,1,42,152.092,26.334,0.006,1635.04,37.244,0.746
Intel Xeon CPU E5-2695 v2 @ 2.40GHz,LUDecomposition,TWO_D,2348,2348,64,8,1,42,152.125,26.225,0.005,1259.62,32.584,0.697
Intel Xeon CPU E5-2695 v2 @ 2.40GHz,LUDecomposition,TWO_D,2348,2348,64,16,1,42,152.345,26.464,0.005,1209.48,36.05,1.615
Intel Xeon CPU E5-2695 v2 @ 2.40GHz,LUDecomposition,TWO_D,2348,2348,128,1,1,42,151.428,26.375,0.007,1834.65,31.824,0.66
Intel Xeon CPU E5-2695 v2 @ 2.40GHz,LUDecomposition,TWO_D,2348,2348,128,2,1,42,152.334,26.465,0.006,1634.04,29.327,1.549
Intel Xeon CPU E5-2695 v2 @ 2.40GHz,LUDecomposition,TWO_D,2348,2348,128,4,1,42,151.367,26.491,0.004,1288.28,35.961,0.699
Intel Xeon CPU E5-2695 v2 @ 2.40GHz,LUDecomposition,TWO_D,2348,2348,128,8,1,42,152.006,26.373,0.005,1276.71,29.041,1.644
Intel Xeon CPU E5-2695 v2 @ 2.40GHz,LUDecomposition,TWO_D,2348,2348,256,1,1,42,151.43,26.717,0.006,1647.06,32.098,0.649
Intel Xeon CPU E5-2695 v2 @ 2.40GHz,LUDecomposition,TWO_D,2348,2348,256,2,1,42,152.34,26.757,0.004,1295.26,32.573,0.738
Intel Xeon CPU E5-2695 v2 @ 2.40GHz,LUDecomposition,TWO_D,2348,2348,256,4,1,42,152.243,26.574,0.006,1237.34,32.795,1.589
Intel Xeon CPU E5-2695 v2 @ 2.40GHz,LUDecomposition,TWO_D,2348,2348,512,1,1,42,151.446,26.201,0.005,1308.05,29.15,0.671
Intel Xeon CPU E5-2695 v2 @ 2.40GHz,LUDecomposition,TWO_D,2348,2348,512,2,1,42,152.373,26.677,0.007,1228.26,35.202,1.582
Intel Xeon CPU E5-2695 v2 @ 2.40GHz,LUDecomposition,TWO_D,2348,2348,1024,1,1,42,151.383,26.731,0.007,1243.05,35.213,1.577
Intel Xeon CPU E5-2695 v2 @ 2.40GHz,LUDecomposition,TWO_D,2348,2348,1,1,1,42,118.152,21.424,0.003,11663.8,29.18,0.904
Intel Xeon CPU E5-2695 v2 @ 2.40GHz,LUDecomposition,TWO_D,2348,2348,1,2,1,42,111.084,21.26,0.002,6450.64,32.467,1.027
Intel Xeon CPU E5-2695 v2 @ 2.40GHz,LUDecomposition,TWO_D,2348,2348,1,4,1,42,113.82,22.07,0.004,4102.95,26.6,0.957
Intel Xeon CPU E5-2695 v2 @ 2.40GHz,LUDecomposition,TWO_D,2348,2348,1,8,1,42,111.334,21.47,0.004,3100.56,30.023,1.004
Intel Xeon CPU E5-2695 v2 @ 2.40GHz,LUDecomposition,TWO_D,2348,2348,1,16,1,42,111.198,21.403,0.005,2432.06,43.309,1.081
Intel Xeon CPU E5-2695 v2 @ 2.40GHz,LUDecomposition,TWO_D,2348,2348,1,32,1,42,110.303,21.359,0.003,1981.32,29.242,1.082
Intel Xeon CPU E5-2695 v2 @ 2.40GHz,LUDecomposition,TWO_D,2348,2348,1,64,1,42,111.238,21.275,0.004,1811.03,21.705,1.061
Intel Xeon CPU E5-2695 v2 @ 2.40GHz,LUDecomposition,TWO_D,2348,2348,1,128,1,42,111.148,21.303,0.002,1605.52,26.847,1.106
Intel Xeon CPU E5-2695 v2 @ 2.40GHz,LUDecomposition,TWO_D,2348,2348,1,256,1,42,111.109,21.399,0.005,1459.25,27.15,1.129
Intel Xeon CPU E5-2695 v2 @ 2.40GHz,LUDecomposition,TWO_D,2348,2348,1,512,1,42,113.11,21.85,0.004,1162.42,30.956,1.237
Intel Xeon CPU E5-2695 v2 @ 2.40GHz,LUDecomposition,TWO_D,2348,2348,1,1024,1,42,151.8,25.902,0.004,1205.64,28.953,1.363
Intel Xeon CPU E5-2695 v2 @ 2.40GHz,LUDecomposition,TWO_D,2348,2348,2,1,1,42,151.853,26.167,0.003,6514.14,30.068,0.996
Intel Xeon CPU E5-2695 v2 @ 2.40GHz,LUDecomposition,TWO_D,2348,2348,2,2,1,42,111.236,21.422,0.005,4133.07,26.747,1.102
Intel Xeon CPU E5-2695 v2 @ 2.40GHz,LUDecomposition,TWO_D,2348,2348,2,4,1,42,111.213,21.757,0.004,3117,32.88,1.095
Intel Xeon CPU E5-2695 v2 @ 2.40GHz,LUDecomposition,TWO_D,2348,2348,2,8,1,42,114.453,22.044,0.005,2422.25,26.938,1.004
Intel Xeon CPU E5-2695 v2 @ 2.40GHz,LUDecomposition,TWO_D,2348,2348,2,16,1,42,114.018,21.506,0.005,1995.73,27.525,1.086
Intel Xeon CPU E5-2695 v2 @ 2.40GHz,LUDecomposition,TWO_D,2348,2348,2,32,1,42,111.323,21.814,0.004,1769.24,26.756,1.108
Intel Xeon CPU E5-2695 v2 @ 2.40GHz,LUDecomposition,TWO_D,2348,2348,2,64,1,42,111.248,21.631,0.004,1594.21,39.935,1.021
Intel Xeon CPU E5-2695 v2 @ 2.40GHz,LUDecomposition,TWO_D,2348,2348,2,128,1,42,110.38,21.402,0.003,1390.63,27.25,1.053
Intel Xeon CPU E5-2695 v2 @ 2.40GHz,LUDecomposition,TWO_D,2348,2348,2,256,1,42,111.663,21.793,0.003,1036.71,30.155,1.153
Intel Xeon CPU E5-2695 v2 @ 2.40GHz,LUDecomposition,TWO_D,2348,2348,2,512,1,42,150.682,25.964,0.004,1033.34,29.788,1.223
Intel Xeon CPU E5-2695 v2 @ 2.40GHz,LUDecomposition,TWO_D,2348,2348,4,1,1,42,151.563,26.027,0.003,4127.58,27.724,1.038
Intel Xeon CPU E5-2695 v2 @ 2.40GHz,LUDecomposition,TWO_D,2348,2348,4,2,1,42,111.132,21.327,0.003,3067.17,25.312,1.245
Intel Xeon CPU E5-2695 v2 @ 2.40GHz,LUDecomposition,TWO_D,2348,2348,4,4,1,42,116.217,21.333,0.004,2345.94,25.176,1.207
Intel Xeon CPU E5-2695 v2 @ 2.40GHz,LUDecomposition,TWO_D,2348,2348,4,8,1,42,114.312,21.475,0.005,1886.34,30.797,1.16
Intel Xeon CPU E5-2695 v2 @ 2.40GHz,LUDecomposition,TWO_D,2348,2348,4,16,1,42,111.51,21.742,0.006,1663.01,26.933,1.117
Intel Xeon CPU E5-2695 v2 @ 2.40GHz,LUDecomposition,TWO_D,2348,2348,4,32,1,42,111.95,21.408,0.003,1519.69,26.4,0.993
Intel Xeon CPU E5-2695 v2 @ 2.40GHz,LUDecomposition,TWO_D,2348,2348,4,64,1,42,111.336,21.692,0.003,1405.99,27.747,0.985
Intel Xeon CPU E5-2695 v2 @ 2.40GHz,LUDecomposition,TWO_D,2348,2348,4,128,1,42,111.363,21.444,0.003,1037.32,31.021,1.212
Intel Xeon CPU E5-2695 v2 @ 2.40GHz,LUDecomposition,TWO_D,2348,2348,4,256,1,42,150.557,26.656,0.006,1018.7,31.142,1.165
Intel Xeon CPU E5-2695 v2 @ 2.40GHz,LUDecomposition,TWO_D,2348,2348,8,1,1,42,149.791,25.88,0.004,3116.08,27.931,0.965
Intel Xeon CPU E5-2695 v2 @ 2.40GHz,LUDecomposition,TWO_D,2348,2348,8,2,1,42,111.145,21.466,0.002,2350.19,31.33,1.057
Intel Xeon CPU E5-2695 v2 @ 2.40GHz,LUDecomposition,TWO_D,2348,2348,8,4,1,42,112.05,21.637,0.003,1923.35,27.204,1.041
Intel Xeon CPU E5-2695 v2 @ 2.40GHz,LUDecomposition,TWO_D,2348,2348,8,8,1,42,114.733,22.243,0.003,1672.22,32.669,0.977
Intel Xeon CPU E5-2695 v2 @ 2.40GHz,LUDecomposition,TWO_D,2348,2348,8,16,1,42,111.805,21.973,0.002,1516,26.46,0.972
Intel Xeon CPU E5-2695 v2 @ 2.40GHz,LUDecomposition,TWO_D,2348,2348,8,32,1,42,113.867,21.74,0.002,1364.75,23.167,1.02
Intel Xeon CPU E5-2695 v2 @ 2.40GHz,LUDecomposition,TWO_D,2348,2348,8,64,1,42,111.383,21.271,0.003,1046.95,27.877,1.133
Intel Xeon CPU E5-2695 v2 @ 2.40GHz,LUDecomposition,TWO_D,2348,2348,8,128,1,42,150.569,25.91,0.003,1080.36,44.381,1.407
Intel Xeon CPU E5-2695 v2 @ 2.40GHz,LUDecomposition,TWO_D,2348,2348,16,1,1,42,150.189,25.906,0.005,2644.79,40.887,1.075
Intel Xeon CPU E5-2695 v2 @ 2.40GHz,LUDecomposition,TWO_D,2348,2348,16,2,1,42,148.51,25.753,0.004,2141.92,37.672,1.094
Intel Xeon CPU E5-2695 v2 @ 2.40GHz,LUDecomposition,TWO_D,2348,2348,16,4,1,42,150.524,25.894,0.003,1908.09,30.546,1.197
Intel Xeon CPU E5-2695 v2 @ 2.40GHz,LUDecomposition,TWO_D,2348,2348,16,8,1,42,150.664,26.064,0.003,1669.87,25.959,1.157
Intel Xeon CPU E5-2695 v2 @ 2.40GHz,LUDecomposition,TWO_D,2348,2348,16,16,1,42,150.535,26.285,0.003,1521.44,32.895,1.117
Intel Xeon CPU E5-2695 v2 @ 2.40GHz,LUDecomposition,TWO_D,2348,2348,16,32,1,42,150.583,25.923,0.004,1236.27,30.134,1.327
Intel Xeon CPU E5-2695 v2 @ 2.40GHz,LUDecomposition,TWO_D,2348,2348,16,64,1,42,151.694,26.096,0.004,1217.2,31.804,1.398
Intel Xeon CPU E5-2695 v2 @ 2.40GHz,LUDecomposition,TWO_D,2348,2348,32,1,1,42,151.705,26.261,0.005,2326.98,41.329,1.397
Intel Xeon CPU E5-2695 v2 @ 2.40GHz,LUDecomposition,TWO_D,2348,2348,32,2,1,42,155.67,25.944,0.003,2023.18,29.502,1.212
Intel Xeon CPU E5-2695 v2 @ 2.40GHz,LUDecomposition,TWO_D,2348,2348,32,4,1,42,151.919,26.307,0.003,1789.01,31.913,1.385
Intel Xeon CPU E5-2695 v2 @ 2.40GHz,LUDecomposition,TWO_D,2348,2348,32,8,1,42,150.949,25.871,0.005,1639.12,26.758,1.425
Intel Xeon CPU E5-2695 v2 @ 2.40GHz,LUDecomposition,TWO_D,2348,2348,32,16,1,42,151.782,26.495,0.007,1249.03,32.776,1.413
Intel Xeon CPU E5-2695 v2 @ 2.40GHz,LUDecomposition,TWO_D,2348,2348,32,32,1,42,151.944,26.394,0.005,1030.37,31.192,1.529
Intel Xeon CPU E5-2695 v2 @ 2.40GHz,LUDecomposition,TWO_D,2348,2348,64,1,1,42,152.242,25.963,0.006,1992.56,25.354,1.494
Intel Xeon CPU E5-2695 v2 @ 2.40GHz,LUDecomposition,TWO_D,2348,2348,64,2,1,42,152.018,26.751,0.006,1790.47,37.931,1.523
Intel Xeon CPU E5-2695 v2 @ 2.40GHz,LUDecomposition,TWO_D,2348,2348,64,4,1,42,152.172,26.934,0.006,1610.21,31.833,1.571
Intel Xeon CPU E5-2695 v2 @ 2.40GHz,LUDecomposition,TWO_D,2348,2348,64,8,1,42,152.202,26.082,0.006,1197.76,45.774,1.666
Intel Xeon CPU E5-2695 v2 @ 2.40GHz,LUDecomposition,TWO_D,2348,2348,64,16,1,42,150.387,26.783,0.006,1023.26,45.824,1.647
Intel Xeon CPU E5-2695 v2 @ 2.40GHz,LUDecomposition,TWO_D,2348,2348,128,1,1,42,150.343,26.87,0.007,1804.76,34.443,1.458
Intel Xeon CPU E5-2695 v2 @ 2.40GHz,LUDecomposition,TWO_D,2348,2348,128,2,1,42,150.24,26.197,0.006,1624.09,32.571,1.386
Intel Xeon CPU E5-2695 v2 @ 2.40GHz,LUDecomposition,TWO_D,2348,2348,128,4,1,42,150.342,25.908,0.004,1277.56,30.144,1.397
Intel Xeon CPU E5-2695 v2 @ 2.40GHz,LUDecomposition,TWO_D,2348,2348,128,8,1,42,152.172,26.009,0.005,1249.53,31.534,1.496
Intel Xeon CPU E5-2695 v2 @ 2.40GHz,LUDecomposition,TWO_D,2348,2348,256,1,1,42,152.002,25.871,0.004,1663.32,25.283,1.407
Intel Xeon CPU E5-2695 v2 @ 2.40GHz,LUDecomposition,TWO_D,2348,2348,256,2,1,42,152.236,26.824,0.004,1298.91,34.06,1.445
Intel Xeon CPU E5-2695 v2 @ 2.40GHz,LUDecomposition,TWO_D,2348,2348,256,4,1,42,151.438,27.643,0.004,1054.64,36.502,1.552
Intel Xeon CPU E5-2695 v2 @ 2.40GHz,LUDecomposition,TWO_D,2348,2348,512,1,1,42,151.92,26.791,0.006,1189.6,24.853,1.493
Intel Xeon CPU E5-2695 v2 @ 2.40GHz,LUDecomposition,TWO_D,2348,2348,512,2,1,42,151.949,26.294,0.006,1044.5,34.114,1.547
Intel Xeon CPU E5-2695 v2 @ 2.40GHz,LUDecomposition,TWO_D,2348,2348,1024,1,1,42,151.983,26.262,0.006,1018.1,33.502,1.529
Intel Xeon CPU E5-2695 v2 @ 2.40GHz,LUDecomposition,TWO_D,2348,2348,1,1,1,42,112.843,20.859,0.004,11610.2,27.942,1.059
Intel Xeon CPU E5-2695 v2 @ 2.40GHz,LUDecomposition,TWO_D,2348,2348,1,2,1,42,111.862,21.304,0.003,6427.24,28.863,0.997
Intel Xeon CPU E5-2695 v2 @ 2.40GHz,LUDecomposition,TWO_D,2348,2348,1,4,1,42,108.977,21.227,0.003,4048.83,27.914,0.99
Intel Xeon CPU E5-2695 v2 @ 2.40GHz,LUDecomposition,TWO_D,2348,2348,1,8,1,42,111.798,21.133,0.003,3018.38,44.225,1.29
Intel Xeon CPU E5-2695 v2 @ 2.40GHz,LUDecomposition,TWO_D,2348,2348,1,16,1,42,108.483,21.261,0.003,2330.07,26.932,1.047
Intel Xeon CPU E5-2695 v2 @ 2.40GHz,LUDecomposition,TWO_D,2348,2348,1,32,1,42,109.115,21.309,0.003,1900.95,26.855,1.016
Intel Xeon CPU E5-2695 v2 @ 2.40GHz,LUDecomposition,TWO_D,2348,2348,1,64,1,42,109.043,21.172,0.003,1705.85,25.14,1.067
Intel Xeon CPU E5-2695 v2 @ 2.40GHz,LUDecomposition,TWO_D,2348,2348,1,128,1,42,109.046,21.124,0.003,1575.95,34,1.111
Intel Xeon CPU E5-2695 v2 @ 2.40GHz,LUDecomposition,TWO_D,2348,2348,1,256,1,42,108.54,21.275,0.005,1462.25,25.124,1.168
Intel Xeon CPU E5-2695 v2 @ 2.40GHz,LUDecomposition,TWO_D,2348,2348,1,512,1,42,110.739,22.065,0.003,1165.02,30.313,1.354
Intel Xeon CPU E5-2695 v2 @ 2.40GHz,LUDecomposition,TWO_D,2348,2348,1,1024,1,42,148.191,25.673,0.005,1082.71,43.791,2.105
Intel Xeon CPU E5-2695 v2 @ 2.40GHz,LUDecomposition,TWO_D,2348,2348,2,1,1,42,167.253,25.447,0.004,6490.67,28.855,1.057
Intel Xeon CPU E5-2695 v2 @ 2.40GHz,LUDecomposition,TWO_D,2348,2348,2,2,1,42,109.105,21.456,0.003,4069.89,29.174,1.061
Intel Xeon CPU E5-2695 v2 @ 2.40GHz,LUDecomposition,TWO_D,2348,2348,2,4,1,42,111.676,21.726,0.005,3133.9,43.412,1.169
Intel Xeon CPU E5-2695 v2 @ 2.40GHz,LUDecomposition,TWO_D,2348,2348,2,8,1,42,108.711,21.074,0.006,2435.19,25.35,1.13
Intel Xeon CPU E5-2695 v2 @ 2.40GHz,LUDecomposition,TWO_D,2348,2348,2,16,1,42,109.02,20.943,0.005,2007.16,43.851,1.512
Intel Xeon CPU E5-2695 v2 @ 2.40GHz,LUDecomposition,TWO_D,2348,2348,2,32,1,42,121.529,23.042,0.004,1789.9,27.757,1.158
Intel Xeon CPU E5-2695 v2 @ 2.40GHz,LUDecomposition,TWO_D,2348,2348,2,64,1,42,108.997,21.219,0.004,1635.28,25.968,1.306
Intel Xeon CPU E5-2695 v2 @ 2.40GHz,LUDecomposition,TWO_D,2348,2348,2,128,1,42,109.021,21.255,0.005,1489.66,29.015,1.128
Intel Xeon CPU E5-2695 v2 @ 2.40GHz,LUDecomposition,TWO_D,2348,2348,2,256,1,42,108.936,21.423,0.004,1179.97,24.958,1.275
Intel Xeon CPU E5-2695 v2 @ 2.40GHz,LUDecomposition,TWO_D,2348,2348,2,512,1,42,149.278,26.143,0.005,1083.71,31.525,1.282
Intel Xeon CPU E5-2695 v2 @ 2.40GHz,LUDecomposition,TWO_D,2348,2348,4,1,1,42,149.433,25.614,0.005,4193.77,28.532,1.29
Intel Xeon CPU E5-2695 v2 @ 2.40GHz,LUDecomposition,TWO_D,2348,2348,4,2,1,42,108.972,21.215,0.005,3116.33,26.164,1.352
Intel Xeon CPU E5-2695 v2 @ 2.40GHz,LUDecomposition,TWO_D,2348,2348,4,4,1,42,110.739,21.671,0.006,2396.73,32.761,1.338
Intel Xeon CPU E5-2695 v2 @ 2.40GHz,LUDecomposition,TWO_D,2348,2348,4,8,1,42,109.349,21.455,0.003,1978.18,26.207,1.323
Intel Xeon CPU E5-2695 v2 @ 2.40GHz,LUDecomposition,TWO_D,2348,2348,4,16,1,42,109.302,21.421,0.005,1775.18,30.544,1.355
Intel Xeon CPU E5-2695 v2 @ 2.40GHz,LUDecomposition,TWO_D,2348,2348,4,32,1,42,109.293,21.286,0.003,1589.86,28.642,1.287
Intel Xeon CPU E5-2695 v2 @ 2.40GHz,LUDecomposition,TWO_D,2348,2348,4,64,1,42,118.134,22.444,0.005,1490.41,22.175,1.314
Intel Xeon CPU E5-2695 v2 @ 2.40GHz,LUDecomposition,TWO_D,2348,2348,4,128,1,42,111.691,21.358,0.004,1149.72,27.907,1.636
Intel Xeon CPU E5-2695 v2 @ 2.40GHz,LUDecomposition,TWO_D,2348,2348,4,256,1,42,149.236,25.897,0.005,1196.5,32.206,1.592
Intel Xeon CPU E5-2695 v2 @ 2.40GHz,LUDecomposition,TWO_D,2348,2348,8,1,1,42,147.915,25.78,0.005,3124.57,33.104,1.377
Intel Xeon CPU E5-2695 v2 @ 2.40GHz,LUDecomposition,TWO_D,2348,2348,8,2,1,42,109.024,21.009,0.003,2317.9,27.13,1.255
Intel Xeon CPU E5-2695 v2 @ 2.40GHz,LUDecomposition,TWO_D,2348,2348,8,4,1,42,109.387,20.918,0.003,1938.72,28.843,1.267
Intel Xeon CPU E5-2695 v2 @ 2.40GHz,LUDecomposition,TWO_D,2348,2348,8,8,1,42,116.31,21.884,0.003,1788.06,25.523,1.27
Intel Xeon CPU E5-2695 v2 @ 2.40GHz,LUDecomposition,TWO_D,2348,2348,8,16,1,42,114.107,22.588,0.004,1687.35,28.917,1.243
Intel Xeon CPU E5-2695 v2 @ 2.40GHz,LUDecomposition,TWO_D,2348,2348,8,32,1,42,116.561,22.68,0.004,1535.91,27.405,1.298
Intel Xeon CPU E5-2695 v2 @ 2.40GHz,LUDecomposition,TWO_D,2348,2348,8,64,1,42,116.48,22.176,0.005,1216.36,41.607,1.421
Intel Xeon CPU E5-2695 v2 @ 2.40GHz,LUDecomposition,TWO_D,2348,2348,8,128,1,42,115.583,22.415,0.005,991.626,31.359,1.647
Intel Xeon CPU E5-2695 v2 @ 2.40GHz,LUDecomposition,TWO_D,2348,2348,16,1,1,42,154.34,26.676,0.006,2422.73,25.602,1.262
Intel Xeon CPU E5-2695 v2 @ 2.40GHz,LUDecomposition,TWO_D,2348,2348,16,2,1,42,117.366,22.408,0.005,1990.01,26.79,1.227
Intel Xeon CPU E5-2695 v2 @ 2.40GHz,LUDecomposition,TWO_D,2348,2348,16,4,1,42,113.71,21.767,0.005,1761.86,28.274,1.26
Intel Xeon CPU E5-2695 v2 @ 2.40GHz,LUDecomposition,TWO_D,2348,2348,16,8,1,42,113.601,22.036,0.004,1591.18,26.327,1.274
Intel Xeon CPU E5-2695 v2 @ 2.40GHz,LUDecomposition,TWO_D,2348,2348,16,16,1,42,112.24,22.317,0.004,1407.27,23.509,1.245
Intel Xeon CPU E5-2695 v2 @ 2.40GHz,LUDecomposition,TWO_D,2348,2348,16,32,1,42,113.568,21.974,0.004,1203.33,28.46,1.318
Intel Xeon CPU E5-2695 v2 @ 2.40GHz,LUDecomposition,TWO_D,2348,2348,16,64,1,42,116.772,22.553,0.004,1164.1,43.02,1.545
Intel Xeon CPU E5-2695 v2 @ 2.40GHz,LUDecomposition,TWO_D,2348,2348,32,1,1,42,152.202,26.39,0.006,2272.95,30.731,1.485
Intel Xeon CPU E5-2695 v2 @ 2.40GHz,LUDecomposition,TWO_D,2348,2348,32,2,1,42,154.352,26.297,0.004,2039.8,35.027,1.531
Intel Xeon CPU E5-2695 v2 @ 2.40GHz,LUDecomposition,TWO_D,2348,2348,32,4,1,42,154.201,26.398,0.004,1840.03,44.128,1.614
Intel Xeon CPU E5-2695 v2 @ 2.40GHz,LUDecomposition,TWO_D,2348,2348,32,8,1,42,152.672,26.382,0.007,1606.78,31.559,1.574
Intel Xeon CPU E5-2695 v2 @ 2.40GHz,LUDecomposition,TWO_D,2348,2348,32,16,1,42,154.13,26.506,0.005,1199.66,30.031,1.528
Intel Xeon CPU E5-2695 v2 @ 2.40GHz,LUDecomposition,TWO_D,2348,2348,32,32,1,42,154.386,26.596,0.006,1248.07,29.807,1.472
Intel Xeon CPU E5-2695 v2 @ 2.40GHz,LUDecomposition,TWO_D,2348,2348,64,1,1,42,154.118,26.544,0.005,2036.94,33.445,1.497
Intel Xeon CPU E5-2695 v2 @ 2.40GHz,LUDecomposition,TWO_D,2348,2348,64,2,1,42,154.384,26.723,0.005,1818.61,32.535,1.536
Intel Xeon CPU E5-2695 v2 @ 2.40GHz,LUDecomposition,TWO_D,2348,2348,64,4,1,42,154.322,26.628,0.005,1643.05,29.094,1.588
Intel Xeon CPU E5-2695 v2 @ 2.40GHz,LUDecomposition,TWO_D,2348,2348,64,8,1,42,154.299,26.613,0.004,1193.6,35.197,1.611
Intel Xeon CPU E5-2695 v2 @ 2.40GHz,LUDecomposition,TWO_D,2348,2348,64,16,1,42,154.619,26.601,0.007,1022.18,30.871,1.64
Intel Xeon CPU E5-2695 v2 @ 2.40GHz,LUDecomposition,TWO_D,2348,2348,128,1,1,42,154.052,26.827,0.007,1757.59,25.127,1.602
Intel Xeon CPU E5-2695 v2 @ 2.40GHz,LUDecomposition,TWO_D,2348,2348,128,2,1,42,154.204,26.721,0.005,1645.6,33.243,1.697
Intel Xeon CPU E5-2695 v2 @ 2.40GHz,LUDecomposition,TWO_D,2348,2348,128,4,1,42,154.477,26.618,0.005,1169.06,45.809,1.784
Intel Xeon CPU E5-2695 v2 @ 2.40GHz,LUDecomposition,TWO_D,2348,2348,128,8,1,42,151.704,26.593,0.007,1209.54,33.135,1.586
Intel Xeon CPU E5-2695 v2 @ 2.40GHz,LUDecomposition,TWO_D,2348,2348,256,1,1,42,154.302,26.599,0.005,1653.56,29.401,1.483
Intel Xeon CPU E5-2695 v2 @ 2.40GHz,LUDecomposition,TWO_D,2348,2348,256,2,1,42,154.411,26.804,0.005,1267.06,33.95,1.593
Intel Xeon CPU E5-2695 v2 @ 2.40GHz,LUDecomposition,TWO_D,2348,2348,256,4,1,42,154.295,26.921,0.005,1023.99,33.548,1.667
Intel Xeon CPU E5-2695 v2 @ 2.40GHz,LUDecomposition,TWO_D,2348,2348,512,1,1,42,154.201,26.88,0.006,1262.26,29.357,1.557
Intel Xeon CPU E5-2695 v2 @ 2.40GHz,LUDecomposition,TWO_D,2348,2348,512,2,1,42,154.217,26.576,0.004,1225.71,30.278,1.561
Intel Xeon CPU E5-2695 v2 @ 2.40GHz,LUDecomposition,TWO_D,2348,2348,1024,1,1,42,153.988,26.29,0.006,1025.3,32.054,1.628
Intel Xeon CPU E5-2695 v2 @ 2.40GHz,LUDecomposition,TWO_D,2348,2348,1,1,1,42,117.082,21.258,0.003,11615.2,30.173,1.03
Intel Xeon CPU E5-2695 v2 @ 2.40GHz,LUDecomposition,TWO_D,2348,2348,1,2,1,42,111.251,21.44,0.003,6359.95,28.049,1.077
Intel Xeon CPU E5-2695 v2 @ 2.40GHz,LUDecomposition,TWO_D,2348,2348,1,4,1,42,111.361,21.581,0.003,4024.57,28.216,1.103
Intel Xeon CPU E5-2695 v2 @ 2.40GHz,LUDecomposition,TWO_D,2348,2348,1,8,1,42,111.137,21.737,0.004,3005.62,40.264,1.106
Intel Xeon CPU E5-2695 v2 @ 2.40GHz,LUDecomposition,TWO_D,2348,2348,1,16,1,42,110.492,21.606,0.003,2311.04,28.052,1.066
Intel Xeon CPU E5-2695 v2 @ 2.40GHz,LUDecomposition,TWO_D,2348,2348,1,32,1,42,111.25,21.346,0.003,1905.96,28.547,1.128
Intel Xeon CPU E5-2695 v2 @ 2.40GHz,LUDecomposition,TWO_D,2348,2348,1,64,1,42,111.368,21.471,0.002,1684.57,26.504,1.122
Intel Xeon CPU E5-2695 v2 @ 2.40GHz,LUDecomposition,TWO_D,2348,2348,1,128,1,42,111.409,21.933,0.003,1513.05,28.476,1.074
Intel Xeon CPU E5-2695 v2 @ 2.40GHz,LUDecomposition,TWO_D,2348,2348,1,256,1,42,111.241,21.529,0.002,1470.63,22.082,1.274
Intel Xeon CPU E5-2695 v2 @ 2.40GHz,LUDecomposition,TWO_D,2348,2348,1,512,1,42,111.981,22.051,0.003,1157.17,32.388,1.455
Intel Xeon CPU E5-2695 v2 @ 2.40GHz,LUDecomposition,TWO_D,2348,2348,1,1024,1,42,151.616,26.385,0.005,1191.63,45.262,1.61
Intel Xeon CPU E5-2695 v2 @ 2.40GHz,LUDecomposition,TWO_D,2348,2348,2,1,1,42,150.005,26.012,0.004,6567.19,28.661,1.216
Intel Xeon CPU E5-2695 v2 @ 2.40GHz,LUDecomposition,TWO_D,2348,2348,2,2,1,42,111.454,21.34,0.003,4116.93,29.077,1.211
Intel Xeon CPU E5-2695 v2 @ 2.40GHz,LUDecomposition,TWO_D,2348,2348,2,4,1,42,111.303,21.788,0.005,3099.95,27.385,1.291
Intel Xeon CPU E5-2695 v2 @ 2.40GHz,LUDecomposition,TWO_D,2348,2348,2,8,1,42,114.407,21.441,0.004,2393.99,26.871,1.224
Intel Xeon CPU E5-2695 v2 @ 2.40GHz,LUDecomposition,TWO_D,2348,2348,2,16,1,42,113.32,22.361,0.004,2015.78,32.985,1.245
Intel Xeon CPU E5-2695 v2 @ 2.40GHz,LUDecomposition,TWO_D,2348,2348,2,32,1,42,111.461,21.301,0.004,1726.39,26.6,1.239
Intel Xeon CPU E5-2695 v2 @ 2.40GHz,LUDecomposition,TWO_D,2348,2348,2,64,1,42,111.235,21.542,0.003,1506.2,32.686,1.125
Intel Xeon CPU E5-2695 v2 @ 2.40GHz,LUDecomposition,TWO_D,2348,2348,2,128,1,42,111.428,21.305,0.002,1410.56,28.273,1.165
Intel Xeon CPU E5-2695 v2 @ 2.40GHz,LUDecomposition,TWO_D,2348,2348,2,256,1,42,111.304,21.548,0.003,982.01,29.823,1.35
Intel Xeon CPU E5-2695 v2 @ 2.40GHz,LUDecomposition,TWO_D,2348,2348,2,512,1,42,150.487,26.187,0.004,1184.48,39.711,1.459
Intel Xeon CPU E5-2695 v2 @ 2.40GHz,LUDecomposition,TWO_D,2348,2348,4,1,1,42,150.359,26.64,0.005,4198.51,27.821,1.428
Intel Xeon CPU E5-2695 v2 @ 2.40GHz,LUDecomposition,TWO_D,2348,2348,4,2,1,42,113.953,22.887,0.004,3082.34,28.165,1.415
Intel Xeon CPU E5-2695 v2 @ 2.40GHz,LUDecomposition,TWO_D,2348,2348,4,4,1,42,111.151,22.412,0.004,2361.44,31.548,1.482
Intel Xeon CPU E5-2695 v2 @ 2.40GHz,LUDecomposition,TWO_D,2348,2348,4,8,1,42,113.857,22.44,0.003,1897.1,30.491,1.328
Intel Xeon CPU E5-2695 v2 @ 2.40GHz,LUDecomposition,TWO_D,2348,2348,4,16,1,42,119.056,23.912,0.003,1686.56,27.164,1.388
Intel Xeon CPU E5-2695 v2 @ 2.40GHz,LUDecomposition,TWO_D,2348,2348,4,32,1,42,111.316,22.06,0.003,1508.03,34.668,1.427
Intel Xeon CPU E5-2695 v2 @ 2.40GHz,LUDecomposition,TWO_D,2348,2348,4,64,1,42,110.162,22.531,0.003,1378.18,29.167,1.414
Intel Xeon CPU E5-2695 v2 @ 2.40GHz,LUDecomposition,TWO_D,2348,2348,4,128,1,42,111.121,22.311,0.003,1034.97,31.913,1.606
Intel Xeon CPU E5-2695 v2 @ 2.40GHz,LUDecomposition,TWO_D,2348,2348,4,256,1,42,149.981,27.021,0.004,1112.7,25.06,1.697
Intel Xeon CPU E5-2695 v2 @ 2.40GHz,LUDecomposition,TWO_D,2348,2348,8,1,1,42,151.737,27.08,0.003,3064.43,28.424,1.339
Intel Xeon CPU E5-2695 v2 @ 2.40GHz,LUDecomposition,TWO_D,2348,2348,8,2,1,42,111.294,22.366,0.003,2407.61,28.055,1.454
Intel Xeon CPU E5-2695 v2 @ 2.40GHz,LUDecomposition,TWO_D,2348,2348,8,4,1,42,110.515,22.361,0.006,1943.63,28.374,1.335
Intel Xeon CPU E5-2695 v2 @ 2.40GHz,LUDecomposition,TWO_D,2348,2348,8,8,1,42,111.258,22.096,0.004,1687.25,24.978,1.379
Intel Xeon CPU E5-2695 v2 @ 2.40GHz,LUDecomposition,TWO_D,2348,2348,8,16,1,42,112.794,22.642,0.003,1507.03,29.951,1.413
Intel Xeon CPU E5-2695 v2 @ 2.40GHz,LUDecomposition,TWO_D,2348,2348,8,32,1,42,111.201,22.583,0.003,1492.72,44.28,1.901
Intel Xeon CPU E5-2695 v2 @ 2.40GHz,LUDecomposition,TWO_D,2348,2348,8,64,1,42,110.436,22.473,0.005,1231.35,32.638,1.739
Intel Xeon CPU E5-2695 v2 @ 2.40GHz,LUDecomposition,TWO_D,2348,2348,8,128,1,42,152.041,26.807,0.003,1215.66,32.827,1.79
Intel Xeon CPU E5-2695 v2 @ 2.40GHz,LUDecomposition,TWO_D,2348,2348,16,1,1,42,151.916,26.77,0.005,2628.73,25.936,1.873
Intel Xeon CPU E5-2695 v2 @ 2.40GHz,LUDecomposition,TWO_D,2348,2348,16,2,1,42,115.245,22.265,0.004,2105.84,28.338,1.762
Intel Xeon CPU E5-2695 v2 @ 2.40GHz,LUDecomposition,TWO_D,2348,2348,16,4,1,42,112.721,21.911,0.004,1891.95,26.11,1.608
Intel Xeon CPU E5-2695 v2 @ 2.40GHz,LUDecomposition,TWO_D,2348,2348,16,8,1,42,112.629,21.868,0.005,1712.43,28.082,1.71
Intel Xeon CPU E5-2695 v2 @ 2.40GHz,LUDecomposition,TWO_D,2348,2348,16,16,1,42,112.547,22.102,0.005,1561.1,25.835,1.654
Intel Xeon CPU E5-2695 v2 @ 2.40GHz,LUDecomposition,TWO_D,2348,2348,16,32,1,42,113.523,21.887,0.004,1240.38,31.537,2.378
Intel Xeon CPU E5-2695 v2 @ 2.40GHz,LUDecomposition,TWO_D,2348,2348,16,64,1,42,151.954,26.617,0.005,1183.25,28.804,1.805
Intel Xeon CPU E5-2695 v2 @ 2.40GHz,LUDecomposition,TWO_D,2348,2348,32,1,1,42,151.858,26.672,0.005,2301.23,33.223,1.748
Intel Xeon CPU E5-2695 v2 @ 2.40GHz,LUDecomposition,TWO_D,2348,2348,32,2,1,42,151.908,26.905,0.005,2072.77,24.767,1.742
Intel Xeon CPU E5-2695 v2 @ 2.40GHz,LUDecomposition,TWO_D,2348,2348,32,4,1,42,151.94,26.734,0.003,1783.46,30.829,1.681
Intel Xeon CPU E5-2695 v2 @ 2.40GHz,LUDecomposition,TWO_D,2348,2348,32,8,1,42,151.7,26.536,0.005,1633.41,33.462,1.676
Intel Xeon CPU E5-2695 v2 @ 2.40GHz,LUDecomposition,TWO_D,2348,2348,32,16,1,42,151.921,26.823,0.003,1210.23,32.219,2.683
Intel Xeon CPU E5-2695 v2 @ 2.40GHz,LUDecomposition,TWO_D,2348,2348,32,32,1,42,153.398,26.974,0.004,1105.88,31.425,1.741
Intel Xeon CPU E5-2695 v2 @ 2.40GHz,LUDecomposition,TWO_D,2348,2348,64,1,1,42,151.866,26.473,0.003,2004.82,37.229,1.673
Intel Xeon CPU E5-2695 v2 @ 2.40GHz,LUDecomposition,TWO_D,2348,2348,64,2,1,42,149.708,26.024,0.004,1898.24,31.33,1.853
Intel Xeon CPU E5-2695 v2 @ 2.40GHz,LUDecomposition,TWO_D,2348,2348,64,4,1,42,151.952,26.251,0.006,1617.46,44.804,1.729
Intel Xeon CPU E5-2695 v2 @ 2.40GHz,LUDecomposition,TWO_D,2348,2348,64,8,1,42,151.478,26.374,0.003,1269.39,34.174,1.81
Intel Xeon CPU E5-2695 v2 @ 2.40GHz,LUDecomposition,TWO_D,2348,2348,64,16,1,42,150.254,26.525,0.004,1198,30.874,2.068
Intel Xeon CPU E5-2695 v2 @ 2.40GHz,LUDecomposition,TWO_D,2348,2348,128,1,1,42,152.12,26.182,0.006,1799.5,29.809,1.942
Intel Xeon CPU E5-2695 v2 @ 2.40GHz,LUDecomposition,TWO_D,2348,2348,128,2,1,42,151.892,26.122,0.007,1638.45,25.305,1.914
Intel Xeon CPU E5-2695 v2 @ 2.40GHz,LUDecomposition,TWO_D,2348,2348,128,4,1,42,151.732,26.129,0.004,1276.79,30.669,1.941
Intel Xeon CPU E5-2695 v2 @ 2.40GHz,LUDecomposition,TWO_D,2348,2348,128,8,1,42,150.2,26.132,0.004,1233.43,32.946,1.986
Intel Xeon CPU E5-2695 v2 @ 2.40GHz,LUDecomposition,TWO_D,2348,2348,256,1,1,42,151.546,26.184,0.006,1631.74,38.68,1.955
Intel Xeon CPU E5-2695 v2 @ 2.40GHz,LUDecomposition,TWO_D,2348,2348,256,2,1,42,151.695,26.14,0.005,1285.58,38.939,1.96
Intel Xeon CPU E5-2695 v2 @ 2.40GHz,LUDecomposition,TWO_D,2348,2348,256,4,1,42,150.326,26.162,0.007,1224.32,32.69,1.987
Intel Xeon CPU E5-2695 v2 @ 2.40GHz,LUDecomposition,TWO_D,2348,2348,512,1,1,42,151.855,26.089,0.005,1297.71,39.358,1.975
Intel Xeon CPU E5-2695 v2 @ 2.40GHz,LUDecomposition,TWO_D,2348,2348,512,2,1,42,150.518,26.161,0.006,1242.05,32.747,2.038
Intel Xeon CPU E5-2695 v2 @ 2.40GHz,LUDecomposition,TWO_D,2348,2348,1024,1,1,42,151.861,26.332,0.007,1232.1,26.75,2.021
Intel Xeon CPU E5-2695 v2 @ 2.40GHz,LUDecomposition,TWO_D,2348,2348,1,1,1,42,120.783,21.907,0.004,11754.5,29.276,1.142
Intel Xeon CPU E5-2695 v2 @ 2.40GHz,LUDecomposition,TWO_D,2348,2348,1,2,1,42,112.517,22.246,0.004,6553.29,25.42,1.16
Intel Xeon CPU E5-2695 v2 @ 2.40GHz,LUDecomposition,TWO_D,2348,2348,1,4,1,42,112.643,22.089,0.004,4148.84,23.363,1.116
Intel Xeon CPU E5-2695 v2 @ 2.40GHz,LUDecomposition,TWO_D,2348,2348,1,8,1,42,112.895,22.102,0.004,3115.46,23.234,1.129
Intel Xeon CPU E5-2695 v2 @ 2.40GHz,LUDecomposition,TWO_D,2348,2348,1,16,1,42,112.239,22.019,0.003,2431.52,22.35,1.043
Intel Xeon CPU E5-2695 v2 @ 2.40GHz,LUDecomposition,TWO_D,2348,2348,1,32,1,42,113.649,23.114,0.004,2007.33,28.254,1.17
Intel Xeon CPU E5-2695 v2 @ 2.40GHz,LUDecomposition,TWO_D,2348,2348,1,64,1,42,114.699,21.72,0.004,1899.85,30.69,1.168
Intel Xeon CPU E5-2695 v2 @ 2.40GHz,LUDecomposition,TWO_D,2348,2348,1,128,1,42,115.076,21.991,0.006,1653.3,29.729,1.295
Intel Xeon CPU E5-2695 v2 @ 2.40GHz,LUDecomposition,TWO_D,2348,2348,1,256,1,42,117.937,22.606,0.006,1565.33,31.073,1.237
Intel Xeon CPU E5-2695 v2 @ 2.40GHz,LUDecomposition,TWO_D,2348,2348,1,512,1,42,114.733,21.867,0.005,1149.77,29.362,1.462
Intel Xeon CPU E5-2695 v2 @ 2.40GHz,LUDecomposition,TWO_D,2348,2348,1,1024,1,42,153.036,26.231,0.004,1028.25,34.227,1.261
Intel Xeon CPU E5-2695 v2 @ 2.40GHz,LUDecomposition,TWO_D,2348,2348,2,1,1,42,152.838,26.548,0.006,6498.66,31.254,1.259
Intel Xeon CPU E5-2695 v2 @ 2.40GHz,LUDecomposition,TWO_D,2348,2348,2,2,1,42,113.398,22.166,0.006,4106.45,28.311,1.203
Intel Xeon CPU E5-2695 v2 @ 2.40GHz,LUDecomposition,TWO_D,2348,2348,2,4,1,42,112.701,21.984,0.003,3088.23,27.594,1.19
Intel Xeon CPU E5-2695 v2 @ 2.40GHz,LUDecomposition,TWO_D,2348,2348,2,8,1,42,114.246,22.483,0.004,2416.85,26.223,1.093
Intel Xeon CPU E5-2695 v2 @ 2.40GHz,LUDecomposition,TWO_D,2348,2348,2,16,1,42,112.581,21.754,0.004,2011.39,42.95,1.152
Intel Xeon CPU E5-2695 v2 @ 2.40GHz,LUDecomposition,TWO_D,2348,2348,2,32,1,42,112.199,21.928,0.003,1767.47,26.677,1.166
Intel Xeon CPU E5-2695 v2 @ 2.40GHz,LUDecomposition,TWO_D,2348,2348,2,64,1,42,112.827,21.81,0.003,1597.09,27.215,1.164
Intel Xeon CPU E5-2695 v2 @ 2.40GHz,LUDecomposition,TWO_D,2348,2348,2,128,1,42,114.428,22.046,0.004,1465.58,26.758,1.142
Intel Xeon CPU E5-2695 v2 @ 2.40GHz,LUDecomposition,TWO_D,2348,2348,2,256,1,42,112.549,21.934,0.004,1076.19,28.188,1.531
Intel Xeon CPU E5-2695 v2 @ 2.40GHz,LUDecomposition,TWO_D,2348,2348,2,512,1,42,150.03,25.578,0.004,1026.2,33.203,1.408
Intel Xeon CPU E5-2695 v2 @ 2.40GHz,LUDecomposition,TWO_D,2348,2348,4,1,1,42,150.294,25.724,0.005,4334.46,28.046,1.245
Intel Xeon CPU E5-2695 v2 @ 2.40GHz,LUDecomposition,TWO_D,2348,2348,4,2,1,42,109.932,21.796,0.004,3133.34,26.654,1.243
Intel Xeon CPU E5-2695 v2 @ 2.40GHz,LUDecomposition,TWO_D,2348,2348,4,4,1,42,110.167,21.682,0.003,2441.04,26.776,1.207
Intel Xeon CPU E5-2695 v2 @ 2.40GHz,LUDecomposition,TWO_D,2348,2348,4,8,1,42,111.062,22.092,0.005,2007.98,27.109,1.278
Intel Xeon CPU E5-2695 v2 @ 2.40GHz,LUDecomposition,TWO_D,2348,2348,4,16,1,42,111.208,21.376,0.005,1775.95,28.352,1.321
Intel Xeon CPU E5-2695 v2 @ 2.40GHz,LUDecomposition,TWO_D,2348,2348,4,32,1,42,110.112,21.305,0.004,1622.73,26.518,1.349
Intel Xeon CPU E5-2695 v2 @ 2.40GHz,LUDecomposition,TWO_D,2348,2348,4,64,1,42,110.075,21.51,0.004,1456.85,28.424,1.228
Intel Xeon CPU E5-2695 v2 @ 2.40GHz,LUDecomposition,TWO_D,2348,2348,4,128,1,42,110.035,21.512,0.015,1184.06,28.776,1.642
Intel Xeon CPU E5-2695 v2 @ 2.40GHz,LUDecomposition,TWO_D,2348,2348,4,256,1,42,150.13,25.887,0.006,1180.2,34.669,1.637
Intel Xeon CPU E5-2695 v2 @ 2.40GHz,LUDecomposition,TWO_D,2348,2348,8,1,1,42,153.248,26.213,0.005,3200.82,30.206,1.315
Intel Xeon CPU E5-2695 v2 @ 2.40GHz,LUDecomposition,TWO_D,2348,2348,8,2,1,42,112.851,22.096,0.005,2400.7,26.072,1.266
Intel Xeon CPU E5-2695 v2 @ 2.40GHz,LUDecomposition,TWO_D,2348,2348,8,4,1,42,112.528,21.737,0.004,2008.4,26.264,1.275
Intel Xeon CPU E5-2695 v2 @ 2.40GHz,LUDecomposition,TWO_D,2348,2348,8,8,1,42,113.466,22.611,0.004,1900.44,28.373,1.307
Intel Xeon CPU E5-2695 v2 @ 2.40GHz,LUDecomposition,TWO_D,2348,2348,8,16,1,42,115.959,21.83,0.006,1683.1,33.445,1.326
Intel Xeon CPU E5-2695 v2 @ 2.40GHz,LUDecomposition,TWO_D,2348,2348,8,32,1,42,114.883,21.951,0.004,1562.74,31.913,1.478
Intel Xeon CPU E5-2695 v2 @ 2.40GHz,LUDecomposition,TWO_D,2348,2348,8,64,1,42,115.124,22.42,0.006,1121.3,30.729,1.515
Intel Xeon CPU E5-2695 v2 @ 2.40GHz,LUDecomposition,TWO_D,2348,2348,8,128,1,42,117.256,22.55,0.006,962.468,25.698,1.531
Intel Xeon CPU E5-2695 v2 @ 2.40GHz,LUDecomposition,TWO_D,2348,2348,16,1,1,42,152.622,27.046,0.006,2364.68,27.243,1.332
Intel Xeon CPU E5-2695 v2 @ 2.40GHz,LUDecomposition,TWO_D,2348,2348,16,2,1,42,112.457,21.739,0.006,1941.1,30.447,1.411
Intel Xeon CPU E5-2695 v2 @ 2.40GHz,LUDecomposition,TWO_D,2348,2348,16,4,1,42,112.654,22.2,0.006,1702.66,30.573,1.412
Intel Xeon CPU E5-2695 v2 @ 2.40GHz,LUDecomposition,TWO_D,2348,2348,16,8,1,42,112.567,22.143,0.005,1519.34,32.62,1.411
Intel Xeon CPU E5-2695 v2 @ 2.40GHz,LUDecomposition,TWO_D,2348,2348,16,16,1,42,112.92,22.169,0.005,1421.61,32.071,1.394
Intel Xeon CPU E5-2695 v2 @ 2.40GHz,LUDecomposition,TWO_D,2348,2348,16,32,1,42,116.605,21.934,0.003,1143.71,31.561,1.567
Intel Xeon CPU E5-2695 v2 @ 2.40GHz,LUDecomposition,TWO_D,2348,2348,16,64,1,42,153.906,26.82,0.006,1233.15,32.851,1.611
Intel Xeon CPU E5-2695 v2 @ 2.40GHz,LUDecomposition,TWO_D,2348,2348,32,1,1,42,152.872,26.159,0.006,2265.7,33.183,1.537
Intel Xeon CPU E5-2695 v2 @ 2.40GHz,LUDecomposition,TWO_D,2348,2348,32,2,1,42,151.457,26.092,0.004,2048.27,32.925,1.675
Intel Xeon CPU E5-2695 v2 @ 2.40GHz,LUDecomposition,TWO_D,2348,2348,32,4,1,42,153.053,26.225,0.005,1773.76,45.882,1.677
Intel Xeon CPU E5-2695 v2 @ 2.40GHz,LUDecomposition,TWO_D,2348,2348,32,8,1,42,150.827,26.41,0.006,1608.63,35.067,1.662
Intel Xeon CPU E5-2695 v2 @ 2.40GHz,LUDecomposition,TWO_D,2348,2348,32,16,1,42,150.863,26.062,0.006,1205.78,45.274,1.909
Intel Xeon CPU E5-2695 v2 @ 2.40GHz,LUDecomposition,TWO_D,2348,2348,32,32,1,42,148.723,25.69,0.006,1060.18,45.599,1.841
Intel Xeon CPU E5-2695 v2 @ 2.40GHz,LUDecomposition,TWO_D,2348,2348,64,1,1,42,149.64,26.456,0.005,2085.49,28.661,1.619
Intel Xeon CPU E5-2695 v2 @ 2.40GHz,LUDecomposition,TWO_D,2348,2348,64,2,1,42,148.897,26.179,0.004,1824.92,32.793,1.616
Intel Xeon CPU E5-2695 v2 @ 2.40GHz,LUDecomposition,TWO_D,2348,2348,64,4,1,42,150.13,26.342,0.004,1641.03,28.717,1.627
Intel Xeon CPU E5-2695 v2 @ 2.40GHz,LUDecomposition,TWO_D,2348,2348,64,8,1,42,150.293,25.742,0.006,1230.39,46.204,1.85
Intel Xeon CPU E5-2695 v2 @ 2.40GHz,LUDecomposition,TWO_D,2348,2348,64,16,1,42,148.443,25.981,0.006,1050.97,31.246,1.66
Intel Xeon CPU E5-2695 v2 @ 2.40GHz,LUDecomposition,TWO_D,2348,2348,128,1,1,42,150.218,25.895,0.003,1802.47,25.325,1.592
Intel Xeon CPU E5-2695 v2 @ 2.40GHz,LUDecomposition,TWO_D,2348,2348,128,2,1,42,150.158,26.147,0.003,1621.94,32.863,1.587
Intel Xeon CPU E5-2695 v2 @ 2.40GHz,LUDecomposition,TWO_D,2348,2348,128,4,1,42,150.038,26.368,0.004,1231.13,27.316,1.677
Intel Xeon CPU E5-2695 v2 @ 2.40GHz,LUDecomposition,TWO_D,2348,2348,128,8,1,42,150.193,26.149,0.006,1132.65,32.495,1.656
Intel Xeon CPU E5-2695 v2 @ 2.40GHz,LUDecomposition,TWO_D,2348,2348,256,1,1,42,156.104,26.015,0.003,1654.1,32.414,1.632
Intel Xeon CPU E5-2695 v2 @ 2.40GHz,LUDecomposition,TWO_D,2348,2348,256,2,1,42,150.271,25.703,0.005,1316.64,34.008,1.664
Intel Xeon CPU E5-2695 v2 @ 2.40GHz,LUDecomposition,TWO_D,2348,2348,256,4,1,42,150.1,25.998,0.005,1194.33,31.136,1.73
Intel Xeon CPU E5-2695 v2 @ 2.40GHz,LUDecomposition,TWO_D,2348,2348,512,1,1,42,150.136,25.7,0.005,1372.49,30.405,1.72
Intel Xeon CPU E5-2695 v2 @ 2.40GHz,LUDecomposition,TWO_D,2348,2348,512,2,1,42,150.153,25.719,0.005,1070.68,31.051,1.644
Intel Xeon CPU E5-2695 v2 @ 2.40GHz,LUDecomposition,TWO_D,2348,2348,1024,1,1,42,150.078,25.749,0.005,1123.72,30.04,1.61
