device/C,kernel/C,workDimension/C,N/F,P/F,M/F,xLocal/I,yLocal/I,zLocal/I,MB/F,init/F,memoryCopyOut/F,plan/F,execute/F,memoryCopyIn/F,cleanUp/F
Intel Xeon CPU E5-2695 v2 @ 2.40GHz,MatrixMultiplication,TWO_D,2172,2172,2172,1,1,1,17,245.923,22.192,0.004,1144.18,9.956,0.282
Intel Xeon CPU E5-2695 v2 @ 2.40GHz,MatrixMultiplication,TWO_D,2172,2172,2172,1,2,1,17,186.795,19.474,0.004,1054.39,12.425,0.329
Intel Xeon CPU E5-2695 v2 @ 2.40GHz,MatrixMultiplication,TWO_D,2172,2172,2172,1,4,1,17,182.75,19.425,0.004,1014.04,12.234,0.325
Intel Xeon CPU E5-2695 v2 @ 2.40GHz,MatrixMultiplication,TWO_D,2172,2172,2172,1,8,1,17,182.936,19.536,0.005,-1,-1,-1
Intel Xeon CPU E5-2695 v2 @ 2.40GHz,MatrixMultiplication,TWO_D,2172,2172,2172,1,16,1,17,182.76,20.371,0.004,-1,-1,-1
Intel Xeon CPU E5-2695 v2 @ 2.40GHz,MatrixMultiplication,TWO_D,2172,2172,2172,1,32,1,17,185.512,20.44,0.004,-1,-1,-1
Intel Xeon CPU E5-2695 v2 @ 2.40GHz,MatrixMultiplication,TWO_D,2172,2172,2172,1,64,1,17,184.23,18.73,0.004,-1,-1,-1
Intel Xeon CPU E5-2695 v2 @ 2.40GHz,MatrixMultiplication,TWO_D,2172,2172,2172,1,128,1,17,182.602,19.997,0.004,-1,-1,-1
Intel Xeon CPU E5-2695 v2 @ 2.40GHz,MatrixMultiplication,TWO_D,2172,2172,2172,1,256,1,17,185.475,20.466,0.005,-1,-1,-1
Intel Xeon CPU E5-2695 v2 @ 2.40GHz,MatrixMultiplication,TWO_D,2172,2172,2172,1,512,1,17,186.536,18.826,0.004,-1,-1,-1
Intel Xeon CPU E5-2695 v2 @ 2.40GHz,MatrixMultiplication,TWO_D,2172,2172,2172,1,1024,1,17,188.337,20.963,0.004,-1,-1,-1
Intel Xeon CPU E5-2695 v2 @ 2.40GHz,MatrixMultiplication,TWO_D,2172,2172,2172,2,1,1,17,186.001,20.671,0.004,990.349,11.705,0.326
Intel Xeon CPU E5-2695 v2 @ 2.40GHz,MatrixMultiplication,TWO_D,2172,2172,2172,2,2,1,17,182.839,20.222,0.004,991.41,12.412,0.374
Intel Xeon CPU E5-2695 v2 @ 2.40GHz,MatrixMultiplication,TWO_D,2172,2172,2172,2,4,1,17,182.998,20.927,0.004,993.082,12.493,0.354
Intel Xeon CPU E5-2695 v2 @ 2.40GHz,MatrixMultiplication,TWO_D,2172,2172,2172,2,8,1,17,183.405,21.038,0.004,-1,-1,-1
Intel Xeon CPU E5-2695 v2 @ 2.40GHz,MatrixMultiplication,TWO_D,2172,2172,2172,2,16,1,17,190.391,19.241,0.004,-1,-1,-1
Intel Xeon CPU E5-2695 v2 @ 2.40GHz,MatrixMultiplication,TWO_D,2172,2172,2172,2,32,1,17,182.579,20.368,0.004,-1,-1,-1
Intel Xeon CPU E5-2695 v2 @ 2.40GHz,MatrixMultiplication,TWO_D,2172,2172,2172,2,64,1,17,185.324,20.53,0.004,-1,-1,-1
Intel Xeon CPU E5-2695 v2 @ 2.40GHz,MatrixMultiplication,TWO_D,2172,2172,2172,2,128,1,17,186.366,20.8,0.004,-1,-1,-1
Intel Xeon CPU E5-2695 v2 @ 2.40GHz,MatrixMultiplication,TWO_D,2172,2172,2172,2,256,1,17,186.766,20.744,0.004,-1,-1,-1
Intel Xeon CPU E5-2695 v2 @ 2.40GHz,MatrixMultiplication,TWO_D,2172,2172,2172,2,512,1,17,186.119,20.806,0.004,-1,-1,-1
Intel Xeon CPU E5-2695 v2 @ 2.40GHz,MatrixMultiplication,TWO_D,2172,2172,2172,4,1,1,17,186.389,20.822,0.004,1011.32,12.347,0.326
Intel Xeon CPU E5-2695 v2 @ 2.40GHz,MatrixMultiplication,TWO_D,2172,2172,2172,4,2,1,17,182.827,19.683,0.004,990.313,12.374,1.487
Intel Xeon CPU E5-2695 v2 @ 2.40GHz,MatrixMultiplication,TWO_D,2172,2172,2172,4,4,1,17,195.115,19.999,0.004,926.724,12.412,0.305
Intel Xeon CPU E5-2695 v2 @ 2.40GHz,MatrixMultiplication,TWO_D,2172,2172,2172,4,8,1,17,183.077,19.259,0.003,-1,-1,-1
Intel Xeon CPU E5-2695 v2 @ 2.40GHz,MatrixMultiplication,TWO_D,2172,2172,2172,4,16,1,17,187.764,18.923,0.004,-1,-1,-1
Intel Xeon CPU E5-2695 v2 @ 2.40GHz,MatrixMultiplication,TWO_D,2172,2172,2172,4,32,1,17,188.679,18.611,0.004,-1,-1,-1
Intel Xeon CPU E5-2695 v2 @ 2.40GHz,MatrixMultiplication,TWO_D,2172,2172,2172,4,64,1,17,191.038,20.243,0.004,-1,-1,-1
Intel Xeon CPU E5-2695 v2 @ 2.40GHz,MatrixMultiplication,TWO_D,2172,2172,2172,4,128,1,17,187.05,20.434,0.005,-1,-1,-1
Intel Xeon CPU E5-2695 v2 @ 2.40GHz,MatrixMultiplication,TWO_D,2172,2172,2172,4,256,1,17,186.012,20.473,0.004,-1,-1,-1
Intel Xeon CPU E5-2695 v2 @ 2.40GHz,MatrixMultiplication,TWO_D,2172,2172,2172,8,1,1,17,186.469,20.491,0.004,-1,-1,-1
Intel Xeon CPU E5-2695 v2 @ 2.40GHz,MatrixMultiplication,TWO_D,2172,2172,2172,8,2,1,17,186.773,20.474,0.005,-1,-1,-1
Intel Xeon CPU E5-2695 v2 @ 2.40GHz,MatrixMultiplication,TWO_D,2172,2172,2172,8,4,1,17,186.944,20.484,0.004,-1,-1,-1
Intel Xeon CPU E5-2695 v2 @ 2.40GHz,MatrixMultiplication,TWO_D,2172,2172,2172,8,8,1,17,187.402,20.472,0.005,-1,-1,-1
Intel Xeon CPU E5-2695 v2 @ 2.40GHz,MatrixMultiplication,TWO_D,2172,2172,2172,8,16,1,17,186.605,20.432,0.005,-1,-1,-1
Intel Xeon CPU E5-2695 v2 @ 2.40GHz,MatrixMultiplication,TWO_D,2172,2172,2172,8,32,1,17,186.809,18.288,0.005,-1,-1,-1
Intel Xeon CPU E5-2695 v2 @ 2.40GHz,MatrixMultiplication,TWO_D,2172,2172,2172,8,64,1,17,188.246,18.37,0.004,-1,-1,-1
Intel Xeon CPU E5-2695 v2 @ 2.40GHz,MatrixMultiplication,TWO_D,2172,2172,2172,8,128,1,17,183.621,19.823,0.004,-1,-1,-1
Intel Xeon CPU E5-2695 v2 @ 2.40GHz,MatrixMultiplication,TWO_D,2172,2172,2172,16,1,1,17,186.618,20.651,0.004,-1,-1,-1
Intel Xeon CPU E5-2695 v2 @ 2.40GHz,MatrixMultiplication,TWO_D,2172,2172,2172,16,2,1,17,184.528,20.858,0.004,-1,-1,-1
Intel Xeon CPU E5-2695 v2 @ 2.40GHz,MatrixMultiplication,TWO_D,2172,2172,2172,16,4,1,17,185.28,21.077,0.019,-1,-1,-1
Intel Xeon CPU E5-2695 v2 @ 2.40GHz,MatrixMultiplication,TWO_D,2172,2172,2172,16,8,1,17,185.522,21.073,0.005,-1,-1,-1
Intel Xeon CPU E5-2695 v2 @ 2.40GHz,MatrixMultiplication,TWO_D,2172,2172,2172,16,16,1,17,186.001,20.874,0.004,-1,-1,-1
Intel Xeon CPU E5-2695 v2 @ 2.40GHz,MatrixMultiplication,TWO_D,2172,2172,2172,16,32,1,17,185.631,20.879,0.004,-1,-1,-1
Intel Xeon CPU E5-2695 v2 @ 2.40GHz,MatrixMultiplication,TWO_D,2172,2172,2172,16,64,1,17,185.453,20.889,0.005,-1,-1,-1
Intel Xeon CPU E5-2695 v2 @ 2.40GHz,MatrixMultiplication,TWO_D,2172,2172,2172,32,1,1,17,185.744,20.898,0.019,-1,-1,-1
Intel Xeon CPU E5-2695 v2 @ 2.40GHz,MatrixMultiplication,TWO_D,2172,2172,2172,32,2,1,17,186.134,20.947,0.005,-1,-1,-1
Intel Xeon CPU E5-2695 v2 @ 2.40GHz,MatrixMultiplication,TWO_D,2172,2172,2172,32,4,1,17,185.951,20.807,0.004,-1,-1,-1
Intel Xeon CPU E5-2695 v2 @ 2.40GHz,MatrixMultiplication,TWO_D,2172,2172,2172,32,8,1,17,185.244,20.901,0.004,-1,-1,-1
Intel Xeon CPU E5-2695 v2 @ 2.40GHz,MatrixMultiplication,TWO_D,2172,2172,2172,32,16,1,17,185.015,21.084,0.004,-1,-1,-1
Intel Xeon CPU E5-2695 v2 @ 2.40GHz,MatrixMultiplication,TWO_D,2172,2172,2172,32,32,1,17,185.737,21.092,0.004,-1,-1,-1
Intel Xeon CPU E5-2695 v2 @ 2.40GHz,MatrixMultiplication,TWO_D,2172,2172,2172,64,1,1,17,186.063,20.856,0.004,-1,-1,-1
Intel Xeon CPU E5-2695 v2 @ 2.40GHz,MatrixMultiplication,TWO_D,2172,2172,2172,64,2,1,17,185.307,20.876,0.004,-1,-1,-1
Intel Xeon CPU E5-2695 v2 @ 2.40GHz,MatrixMultiplication,TWO_D,2172,2172,2172,64,4,1,17,185.098,21.1,0.004,-1,-1,-1
Intel Xeon CPU E5-2695 v2 @ 2.40GHz,MatrixMultiplication,TWO_D,2172,2172,2172,64,8,1,17,185.592,21.126,0.004,-1,-1,-1
Intel Xeon CPU E5-2695 v2 @ 2.40GHz,MatrixMultiplication,TWO_D,2172,2172,2172,64,16,1,17,185.918,21.172,0.004,-1,-1,-1
Intel Xeon CPU E5-2695 v2 @ 2.40GHz,MatrixMultiplication,TWO_D,2172,2172,2172,128,1,1,17,185.882,20.966,0.004,-1,-1,-1
Intel Xeon CPU E5-2695 v2 @ 2.40GHz,MatrixMultiplication,TWO_D,2172,2172,2172,128,2,1,17,185.384,20.879,0.004,-1,-1,-1
Intel Xeon CPU E5-2695 v2 @ 2.40GHz,MatrixMultiplication,TWO_D,2172,2172,2172,128,4,1,17,185.362,21.109,0.004,-1,-1,-1
Intel Xeon CPU E5-2695 v2 @ 2.40GHz,MatrixMultiplication,TWO_D,2172,2172,2172,128,8,1,17,185.314,21.069,0.005,-1,-1,-1
Intel Xeon CPU E5-2695 v2 @ 2.40GHz,MatrixMultiplication,TWO_D,2172,2172,2172,256,1,1,17,186.084,20.986,0.005,-1,-1,-1
Intel Xeon CPU E5-2695 v2 @ 2.40GHz,MatrixMultiplication,TWO_D,2172,2172,2172,256,2,1,17,185.373,21.027,0.005,-1,-1,-1
Intel Xeon CPU E5-2695 v2 @ 2.40GHz,MatrixMultiplication,TWO_D,2172,2172,2172,256,4,1,17,185.129,21.123,0.004,-1,-1,-1
Intel Xeon CPU E5-2695 v2 @ 2.40GHz,MatrixMultiplication,TWO_D,2172,2172,2172,512,1,1,17,185.739,21.047,0.005,-1,-1,-1
Intel Xeon CPU E5-2695 v2 @ 2.40GHz,MatrixMultiplication,TWO_D,2172,2172,2172,512,2,1,17,185.623,21.148,0.005,-1,-1,-1
Intel Xeon CPU E5-2695 v2 @ 2.40GHz,MatrixMultiplication,TWO_D,2172,2172,2172,1024,1,1,17,186.237,20.816,0.004,-1,-1,-1
Intel Xeon CPU E5-2695 v2 @ 2.40GHz,MatrixMultiplication,TWO_D,2172,2172,2172,1,1,1,17,253.624,24.314,0.005,1314.38,9.548,1.18
Intel Xeon CPU E5-2695 v2 @ 2.40GHz,MatrixMultiplication,TWO_D,2172,2172,2172,1,2,1,17,187.289,18.902,0.004,1148.71,9.646,1.121
Intel Xeon CPU E5-2695 v2 @ 2.40GHz,MatrixMultiplication,TWO_D,2172,2172,2172,1,4,1,17,187.562,19.066,0.003,1089.34,9.353,1.245
Intel Xeon CPU E5-2695 v2 @ 2.40GHz,MatrixMultiplication,TWO_D,2172,2172,2172,1,8,1,17,186.265,19.121,0.003,-1,-1,-1
Intel Xeon CPU E5-2695 v2 @ 2.40GHz,MatrixMultiplication,TWO_D,2172,2172,2172,1,16,1,17,184.387,18.578,0.003,-1,-1,-1
Intel Xeon CPU E5-2695 v2 @ 2.40GHz,MatrixMultiplication,TWO_D,2172,2172,2172,1,32,1,17,184.419,18.617,0.004,-1,-1,-1
Intel Xeon CPU E5-2695 v2 @ 2.40GHz,MatrixMultiplication,TWO_D,2172,2172,2172,1,64,1,17,184.901,18.876,0.002,-1,-1,-1
Intel Xeon CPU E5-2695 v2 @ 2.40GHz,MatrixMultiplication,TWO_D,2172,2172,2172,1,128,1,17,186.327,18.608,0.003,-1,-1,-1
Intel Xeon CPU E5-2695 v2 @ 2.40GHz,MatrixMultiplication,TWO_D,2172,2172,2172,1,256,1,17,186.646,18.565,0.004,-1,-1,-1
Intel Xeon CPU E5-2695 v2 @ 2.40GHz,MatrixMultiplication,TWO_D,2172,2172,2172,1,512,1,17,184.73,18.661,0.003,-1,-1,-1
Intel Xeon CPU E5-2695 v2 @ 2.40GHz,MatrixMultiplication,TWO_D,2172,2172,2172,1,1024,1,17,184.747,18.553,0.003,-1,-1,-1
Intel Xeon CPU E5-2695 v2 @ 2.40GHz,MatrixMultiplication,TWO_D,2172,2172,2172,2,1,1,17,185.642,18.69,0.003,1161.86,9.728,1.386
Intel Xeon CPU E5-2695 v2 @ 2.40GHz,MatrixMultiplication,TWO_D,2172,2172,2172,2,2,1,17,186.546,20.187,0.003,1065.27,9.872,1.453
Intel Xeon CPU E5-2695 v2 @ 2.40GHz,MatrixMultiplication,TWO_D,2172,2172,2172,2,4,1,17,186.61,24.634,0.002,1032.47,9.979,1.487
Intel Xeon CPU E5-2695 v2 @ 2.40GHz,MatrixMultiplication,TWO_D,2172,2172,2172,2,8,1,17,188.344,26.27,0.002,-1,-1,-1
Intel Xeon CPU E5-2695 v2 @ 2.40GHz,MatrixMultiplication,TWO_D,2172,2172,2172,2,16,1,17,187.673,19.404,0.001,-1,-1,-1
Intel Xeon CPU E5-2695 v2 @ 2.40GHz,MatrixMultiplication,TWO_D,2172,2172,2172,2,32,1,17,186.917,18.982,0.002,-1,-1,-1
Intel Xeon CPU E5-2695 v2 @ 2.40GHz,MatrixMultiplication,TWO_D,2172,2172,2172,2,64,1,17,192.938,21.097,0.002,-1,-1,-1
Intel Xeon CPU E5-2695 v2 @ 2.40GHz,MatrixMultiplication,TWO_D,2172,2172,2172,2,128,1,17,187.077,19.393,0.003,-1,-1,-1
Intel Xeon CPU E5-2695 v2 @ 2.40GHz,MatrixMultiplication,TWO_D,2172,2172,2172,2,256,1,17,187.526,18.213,0.001,-1,-1,-1
Intel Xeon CPU E5-2695 v2 @ 2.40GHz,MatrixMultiplication,TWO_D,2172,2172,2172,2,512,1,17,192.265,20.842,0.001,-1,-1,-1
Intel Xeon CPU E5-2695 v2 @ 2.40GHz,MatrixMultiplication,TWO_D,2172,2172,2172,4,1,1,17,187.588,19.281,0.001,1081.67,9.804,1.554
Intel Xeon CPU E5-2695 v2 @ 2.40GHz,MatrixMultiplication,TWO_D,2172,2172,2172,4,2,1,17,186.535,22.208,0.002,1023.87,9.462,1.482
Intel Xeon CPU E5-2695 v2 @ 2.40GHz,MatrixMultiplication,TWO_D,2172,2172,2172,4,4,1,17,186.795,19.667,0.001,1031.29,9.65,1.611
Intel Xeon CPU E5-2695 v2 @ 2.40GHz,MatrixMultiplication,TWO_D,2172,2172,2172,4,8,1,17,186.57,19.798,0.002,-1,-1,-1
Intel Xeon CPU E5-2695 v2 @ 2.40GHz,MatrixMultiplication,TWO_D,2172,2172,2172,4,16,1,17,191.36,20.351,0.001,-1,-1,-1
Intel Xeon CPU E5-2695 v2 @ 2.40GHz,MatrixMultiplication,TWO_D,2172,2172,2172,4,32,1,17,187.928,18.855,0.001,-1,-1,-1
Intel Xeon CPU E5-2695 v2 @ 2.40GHz,MatrixMultiplication,TWO_D,2172,2172,2172,4,64,1,17,187.507,18.409,0.002,-1,-1,-1
Intel Xeon CPU E5-2695 v2 @ 2.40GHz,MatrixMultiplication,TWO_D,2172,2172,2172,4,128,1,17,186.748,18.272,0.001,-1,-1,-1
Intel Xeon CPU E5-2695 v2 @ 2.40GHz,MatrixMultiplication,TWO_D,2172,2172,2172,4,256,1,17,186.746,18.788,0.001,-1,-1,-1
Intel Xeon CPU E5-2695 v2 @ 2.40GHz,MatrixMultiplication,TWO_D,2172,2172,2172,8,1,1,17,186.738,18.827,0.001,-1,-1,-1
Intel Xeon CPU E5-2695 v2 @ 2.40GHz,MatrixMultiplication,TWO_D,2172,2172,2172,8,2,1,17,186.698,19.052,0.001,-1,-1,-1
Intel Xeon CPU E5-2695 v2 @ 2.40GHz,MatrixMultiplication,TWO_D,2172,2172,2172,8,4,1,17,187.372,18.4,0.001,-1,-1,-1
Intel Xeon CPU E5-2695 v2 @ 2.40GHz,MatrixMultiplication,TWO_D,2172,2172,2172,8,8,1,17,192.547,20.441,0.002,-1,-1,-1
Intel Xeon CPU E5-2695 v2 @ 2.40GHz,MatrixMultiplication,TWO_D,2172,2172,2172,8,16,1,17,187.866,19.391,0.002,-1,-1,-1
Intel Xeon CPU E5-2695 v2 @ 2.40GHz,MatrixMultiplication,TWO_D,2172,2172,2172,8,32,1,17,187.064,18.841,0.001,-1,-1,-1
Intel Xeon CPU E5-2695 v2 @ 2.40GHz,MatrixMultiplication,TWO_D,2172,2172,2172,8,64,1,17,187.156,18.869,0.002,-1,-1,-1
Intel Xeon CPU E5-2695 v2 @ 2.40GHz,MatrixMultiplication,TWO_D,2172,2172,2172,8,128,1,17,186.768,18.786,0.002,-1,-1,-1
Intel Xeon CPU E5-2695 v2 @ 2.40GHz,MatrixMultiplication,TWO_D,2172,2172,2172,16,1,1,17,186.75,18.795,0.002,-1,-1,-1
Intel Xeon CPU E5-2695 v2 @ 2.40GHz,MatrixMultiplication,TWO_D,2172,2172,2172,16,2,1,17,186.739,18.793,0.001,-1,-1,-1
Intel Xeon CPU E5-2695 v2 @ 2.40GHz,MatrixMultiplication,TWO_D,2172,2172,2172,16,4,1,17,186.639,19.13,0.003,-1,-1,-1
Intel Xeon CPU E5-2695 v2 @ 2.40GHz,MatrixMultiplication,TWO_D,2172,2172,2172,16,8,1,17,187.524,17.788,0.002,-1,-1,-1
Intel Xeon CPU E5-2695 v2 @ 2.40GHz,MatrixMultiplication,TWO_D,2172,2172,2172,16,16,1,17,186.713,18.277,0.001,-1,-1,-1
Intel Xeon CPU E5-2695 v2 @ 2.40GHz,MatrixMultiplication,TWO_D,2172,2172,2172,16,32,1,17,186.961,18.839,0.001,-1,-1,-1
Intel Xeon CPU E5-2695 v2 @ 2.40GHz,MatrixMultiplication,TWO_D,2172,2172,2172,16,64,1,17,186.969,18.83,0.002,-1,-1,-1
Intel Xeon CPU E5-2695 v2 @ 2.40GHz,MatrixMultiplication,TWO_D,2172,2172,2172,32,1,1,17,187.093,18.887,0.001,-1,-1,-1
Intel Xeon CPU E5-2695 v2 @ 2.40GHz,MatrixMultiplication,TWO_D,2172,2172,2172,32,2,1,17,186.977,18.846,0.002,-1,-1,-1
Intel Xeon CPU E5-2695 v2 @ 2.40GHz,MatrixMultiplication,TWO_D,2172,2172,2172,32,4,1,17,187.141,18.837,0.001,-1,-1,-1
Intel Xeon CPU E5-2695 v2 @ 2.40GHz,MatrixMultiplication,TWO_D,2172,2172,2172,32,8,1,17,186.653,18.823,0.002,-1,-1,-1
Intel Xeon CPU E5-2695 v2 @ 2.40GHz,MatrixMultiplication,TWO_D,2172,2172,2172,32,16,1,17,187.062,18.45,0.001,-1,-1,-1
Intel Xeon CPU E5-2695 v2 @ 2.40GHz,MatrixMultiplication,TWO_D,2172,2172,2172,32,32,1,17,188.032,17.844,0.001,-1,-1,-1
Intel Xeon CPU E5-2695 v2 @ 2.40GHz,MatrixMultiplication,TWO_D,2172,2172,2172,64,1,1,17,186.669,18.287,0.001,-1,-1,-1
Intel Xeon CPU E5-2695 v2 @ 2.40GHz,MatrixMultiplication,TWO_D,2172,2172,2172,64,2,1,17,186.724,18.848,0.001,-1,-1,-1
Intel Xeon CPU E5-2695 v2 @ 2.40GHz,MatrixMultiplication,TWO_D,2172,2172,2172,64,4,1,17,186.687,18.805,0.002,-1,-1,-1
Intel Xeon CPU E5-2695 v2 @ 2.40GHz,MatrixMultiplication,TWO_D,2172,2172,2172,64,8,1,17,186.845,18.36,0.001,-1,-1,-1
Intel Xeon CPU E5-2695 v2 @ 2.40GHz,MatrixMultiplication,TWO_D,2172,2172,2172,64,16,1,17,186.784,18.806,0.002,-1,-1,-1
Intel Xeon CPU E5-2695 v2 @ 2.40GHz,MatrixMultiplication,TWO_D,2172,2172,2172,128,1,1,17,186.8,18.787,0.002,-1,-1,-1
Intel Xeon CPU E5-2695 v2 @ 2.40GHz,MatrixMultiplication,TWO_D,2172,2172,2172,128,2,1,17,187.139,18.377,0.001,-1,-1,-1
Intel Xeon CPU E5-2695 v2 @ 2.40GHz,MatrixMultiplication,TWO_D,2172,2172,2172,128,4,1,17,186.696,18.815,0.002,-1,-1,-1
Intel Xeon CPU E5-2695 v2 @ 2.40GHz,MatrixMultiplication,TWO_D,2172,2172,2172,128,8,1,17,187.729,18.383,0.002,-1,-1,-1
Intel Xeon CPU E5-2695 v2 @ 2.40GHz,MatrixMultiplication,TWO_D,2172,2172,2172,256,1,1,17,192.461,20.926,0.002,-1,-1,-1
Intel Xeon CPU E5-2695 v2 @ 2.40GHz,MatrixMultiplication,TWO_D,2172,2172,2172,256,2,1,17,187.228,18.867,0.001,-1,-1,-1
Intel Xeon CPU E5-2695 v2 @ 2.40GHz,MatrixMultiplication,TWO_D,2172,2172,2172,256,4,1,17,186.666,18.794,0.001,-1,-1,-1
Intel Xeon CPU E5-2695 v2 @ 2.40GHz,MatrixMultiplication,TWO_D,2172,2172,2172,512,1,1,17,186.812,18.391,0.002,-1,-1,-1
Intel Xeon CPU E5-2695 v2 @ 2.40GHz,MatrixMultiplication,TWO_D,2172,2172,2172,512,2,1,17,187.076,18.835,0.001,-1,-1,-1
Intel Xeon CPU E5-2695 v2 @ 2.40GHz,MatrixMultiplication,TWO_D,2172,2172,2172,1024,1,1,17,186.732,18.798,0.002,-1,-1,-1
Intel Xeon CPU E5-2695 v2 @ 2.40GHz,MatrixMultiplication,TWO_D,2172,2172,2172,1,1,1,17,247.349,23.652,0.003,1611.28,10.346,0.24
Intel Xeon CPU E5-2695 v2 @ 2.40GHz,MatrixMultiplication,TWO_D,2172,2172,2172,1,2,1,17,187.908,18.148,0.003,1445.02,11.314,0.286
Intel Xeon CPU E5-2695 v2 @ 2.40GHz,MatrixMultiplication,TWO_D,2172,2172,2172,1,4,1,17,186.76,17.56,0.003,1394.38,10.573,1.919
Intel Xeon CPU E5-2695 v2 @ 2.40GHz,MatrixMultiplication,TWO_D,2172,2172,2172,1,8,1,17,198.594,20.811,0.003,-1,-1,-1
Intel Xeon CPU E5-2695 v2 @ 2.40GHz,MatrixMultiplication,TWO_D,2172,2172,2172,1,16,1,17,191.518,18.545,0.002,-1,-1,-1
Intel Xeon CPU E5-2695 v2 @ 2.40GHz,MatrixMultiplication,TWO_D,2172,2172,2172,1,32,1,17,190.612,18.605,0.003,-1,-1,-1
Intel Xeon CPU E5-2695 v2 @ 2.40GHz,MatrixMultiplication,TWO_D,2172,2172,2172,1,64,1,17,192.846,17.593,0.003,-1,-1,-1
Intel Xeon CPU E5-2695 v2 @ 2.40GHz,MatrixMultiplication,TWO_D,2172,2172,2172,1,128,1,17,189.912,18.184,0.003,-1,-1,-1
Intel Xeon CPU E5-2695 v2 @ 2.40GHz,MatrixMultiplication,TWO_D,2172,2172,2172,1,256,1,17,190.965,18.176,0.002,-1,-1,-1
Intel Xeon CPU E5-2695 v2 @ 2.40GHz,MatrixMultiplication,TWO_D,2172,2172,2172,1,512,1,17,190.185,18.519,0.002,-1,-1,-1
Intel Xeon CPU E5-2695 v2 @ 2.40GHz,MatrixMultiplication,TWO_D,2172,2172,2172,1,1024,1,17,190.734,18.476,0.003,-1,-1,-1
Intel Xeon CPU E5-2695 v2 @ 2.40GHz,MatrixMultiplication,TWO_D,2172,2172,2172,2,1,1,17,190.85,18.116,0.003,1434.39,10.658,0.294
Intel Xeon CPU E5-2695 v2 @ 2.40GHz,MatrixMultiplication,TWO_D,2172,2172,2172,2,2,1,17,186.109,19.422,0.003,1368.52,10.67,0.32
Intel Xeon CPU E5-2695 v2 @ 2.40GHz,MatrixMultiplication,TWO_D,2172,2172,2172,2,4,1,17,188.319,20.635,0.004,1349.8,9.199,0.321
Intel Xeon CPU E5-2695 v2 @ 2.40GHz,MatrixMultiplication,TWO_D,2172,2172,2172,2,8,1,17,187.018,17.107,0.003,-1,-1,-1
Intel Xeon CPU E5-2695 v2 @ 2.40GHz,MatrixMultiplication,TWO_D,2172,2172,2172,2,16,1,17,188.909,18.01,0.003,-1,-1,-1
Intel Xeon CPU E5-2695 v2 @ 2.40GHz,MatrixMultiplication,TWO_D,2172,2172,2172,2,32,1,17,191.925,17.663,0.003,-1,-1,-1
Intel Xeon CPU E5-2695 v2 @ 2.40GHz,MatrixMultiplication,TWO_D,2172,2172,2172,2,64,1,17,189.503,18.564,0.002,-1,-1,-1
Intel Xeon CPU E5-2695 v2 @ 2.40GHz,MatrixMultiplication,TWO_D,2172,2172,2172,2,128,1,17,190.56,18.567,0.003,-1,-1,-1
Intel Xeon CPU E5-2695 v2 @ 2.40GHz,MatrixMultiplication,TWO_D,2172,2172,2172,2,256,1,17,189.933,18.675,0.003,-1,-1,-1
Intel Xeon CPU E5-2695 v2 @ 2.40GHz,MatrixMultiplication,TWO_D,2172,2172,2172,2,512,1,17,191.47,18.134,0.003,-1,-1,-1
Intel Xeon CPU E5-2695 v2 @ 2.40GHz,MatrixMultiplication,TWO_D,2172,2172,2172,4,1,1,17,197.176,20,0.002,1309.67,10.572,0.3
Intel Xeon CPU E5-2695 v2 @ 2.40GHz,MatrixMultiplication,TWO_D,2172,2172,2172,4,2,1,17,186.37,17.473,0.003,1348.66,10.57,0.329
Intel Xeon CPU E5-2695 v2 @ 2.40GHz,MatrixMultiplication,TWO_D,2172,2172,2172,4,4,1,17,186.813,20.28,0.003,1367.21,10.162,0.29
Intel Xeon CPU E5-2695 v2 @ 2.40GHz,MatrixMultiplication,TWO_D,2172,2172,2172,4,8,1,17,187.261,17.894,0.003,-1,-1,-1
Intel Xeon CPU E5-2695 v2 @ 2.40GHz,MatrixMultiplication,TWO_D,2172,2172,2172,4,16,1,17,190.878,17.25,0.003,-1,-1,-1
Intel Xeon CPU E5-2695 v2 @ 2.40GHz,MatrixMultiplication,TWO_D,2172,2172,2172,4,32,1,17,189.658,18.284,0.002,-1,-1,-1
Intel Xeon CPU E5-2695 v2 @ 2.40GHz,MatrixMultiplication,TWO_D,2172,2172,2172,4,64,1,17,190.757,18.354,0.003,-1,-1,-1
Intel Xeon CPU E5-2695 v2 @ 2.40GHz,MatrixMultiplication,TWO_D,2172,2172,2172,4,128,1,17,190.288,18.542,0.002,-1,-1,-1
Intel Xeon CPU E5-2695 v2 @ 2.40GHz,MatrixMultiplication,TWO_D,2172,2172,2172,4,256,1,17,190.598,18.414,0.003,-1,-1,-1
Intel Xeon CPU E5-2695 v2 @ 2.40GHz,MatrixMultiplication,TWO_D,2172,2172,2172,8,1,1,17,191.045,18.502,0.003,-1,-1,-1
Intel Xeon CPU E5-2695 v2 @ 2.40GHz,MatrixMultiplication,TWO_D,2172,2172,2172,8,2,1,17,190.585,18.397,0.003,-1,-1,-1
Intel Xeon CPU E5-2695 v2 @ 2.40GHz,MatrixMultiplication,TWO_D,2172,2172,2172,8,4,1,17,190.901,18.393,0.002,-1,-1,-1
Intel Xeon CPU E5-2695 v2 @ 2.40GHz,MatrixMultiplication,TWO_D,2172,2172,2172,8,8,1,17,190.465,18.478,0.003,-1,-1,-1
Intel Xeon CPU E5-2695 v2 @ 2.40GHz,MatrixMultiplication,TWO_D,2172,2172,2172,8,16,1,17,192.632,17.596,0.003,-1,-1,-1
Intel Xeon CPU E5-2695 v2 @ 2.40GHz,MatrixMultiplication,TWO_D,2172,2172,2172,8,32,1,17,190.192,17.988,0.003,-1,-1,-1
Intel Xeon CPU E5-2695 v2 @ 2.40GHz,MatrixMultiplication,TWO_D,2172,2172,2172,8,64,1,17,190.852,18.363,0.003,-1,-1,-1
Intel Xeon CPU E5-2695 v2 @ 2.40GHz,MatrixMultiplication,TWO_D,2172,2172,2172,8,128,1,17,190.979,18.334,0.002,-1,-1,-1
Intel Xeon CPU E5-2695 v2 @ 2.40GHz,MatrixMultiplication,TWO_D,2172,2172,2172,16,1,1,17,192.58,17.841,0.002,-1,-1,-1
Intel Xeon CPU E5-2695 v2 @ 2.40GHz,MatrixMultiplication,TWO_D,2172,2172,2172,16,2,1,17,191.952,17.222,0.003,-1,-1,-1
Intel Xeon CPU E5-2695 v2 @ 2.40GHz,MatrixMultiplication,TWO_D,2172,2172,2172,16,4,1,17,190.862,17.323,0.003,-1,-1,-1
Intel Xeon CPU E5-2695 v2 @ 2.40GHz,MatrixMultiplication,TWO_D,2172,2172,2172,16,8,1,17,191.812,17.189,0.003,-1,-1,-1
Intel Xeon CPU E5-2695 v2 @ 2.40GHz,MatrixMultiplication,TWO_D,2172,2172,2172,16,16,1,17,191.124,17.32,0.003,-1,-1,-1
Intel Xeon CPU E5-2695 v2 @ 2.40GHz,MatrixMultiplication,TWO_D,2172,2172,2172,16,32,1,17,193.222,16.452,0.004,-1,-1,-1
Intel Xeon CPU E5-2695 v2 @ 2.40GHz,MatrixMultiplication,TWO_D,2172,2172,2172,16,64,1,17,190.544,17.193,0.003,-1,-1,-1
Intel Xeon CPU E5-2695 v2 @ 2.40GHz,MatrixMultiplication,TWO_D,2172,2172,2172,32,1,1,17,190.929,17.346,0.003,-1,-1,-1
Intel Xeon CPU E5-2695 v2 @ 2.40GHz,MatrixMultiplication,TWO_D,2172,2172,2172,32,2,1,17,191.55,17.264,0.003,-1,-1,-1
Intel Xeon CPU E5-2695 v2 @ 2.40GHz,MatrixMultiplication,TWO_D,2172,2172,2172,32,4,1,17,190.988,17.296,0.003,-1,-1,-1
Intel Xeon CPU E5-2695 v2 @ 2.40GHz,MatrixMultiplication,TWO_D,2172,2172,2172,32,8,1,17,191.749,17.277,0.004,-1,-1,-1
Intel Xeon CPU E5-2695 v2 @ 2.40GHz,MatrixMultiplication,TWO_D,2172,2172,2172,32,16,1,17,191.036,17.332,0.003,-1,-1,-1
Intel Xeon CPU E5-2695 v2 @ 2.40GHz,MatrixMultiplication,TWO_D,2172,2172,2172,32,32,1,17,191.599,17.217,0.003,-1,-1,-1
Intel Xeon CPU E5-2695 v2 @ 2.40GHz,MatrixMultiplication,TWO_D,2172,2172,2172,64,1,1,17,190.631,17.311,0.003,-1,-1,-1
Intel Xeon CPU E5-2695 v2 @ 2.40GHz,MatrixMultiplication,TWO_D,2172,2172,2172,64,2,1,17,192.941,16.813,0.003,-1,-1,-1
Intel Xeon CPU E5-2695 v2 @ 2.40GHz,MatrixMultiplication,TWO_D,2172,2172,2172,64,4,1,17,190.762,17.315,0.002,-1,-1,-1
Intel Xeon CPU E5-2695 v2 @ 2.40GHz,MatrixMultiplication,TWO_D,2172,2172,2172,64,8,1,17,191.264,17.314,0.003,-1,-1,-1
Intel Xeon CPU E5-2695 v2 @ 2.40GHz,MatrixMultiplication,TWO_D,2172,2172,2172,64,16,1,17,190.647,17.629,0.003,-1,-1,-1
Intel Xeon CPU E5-2695 v2 @ 2.40GHz,MatrixMultiplication,TWO_D,2172,2172,2172,128,1,1,17,191.206,17.283,0.002,-1,-1,-1
Intel Xeon CPU E5-2695 v2 @ 2.40GHz,MatrixMultiplication,TWO_D,2172,2172,2172,128,2,1,17,191.87,17.249,0.003,-1,-1,-1
Intel Xeon CPU E5-2695 v2 @ 2.40GHz,MatrixMultiplication,TWO_D,2172,2172,2172,128,4,1,17,190.959,17.341,0.003,-1,-1,-1
Intel Xeon CPU E5-2695 v2 @ 2.40GHz,MatrixMultiplication,TWO_D,2172,2172,2172,128,8,1,17,191.721,17.276,0.003,-1,-1,-1
Intel Xeon CPU E5-2695 v2 @ 2.40GHz,MatrixMultiplication,TWO_D,2172,2172,2172,256,1,1,17,191.564,17.173,0.003,-1,-1,-1
Intel Xeon CPU E5-2695 v2 @ 2.40GHz,MatrixMultiplication,TWO_D,2172,2172,2172,256,2,1,17,191.875,16.975,0.003,-1,-1,-1
Intel Xeon CPU E5-2695 v2 @ 2.40GHz,MatrixMultiplication,TWO_D,2172,2172,2172,256,4,1,17,191.307,17.306,0.002,-1,-1,-1
Intel Xeon CPU E5-2695 v2 @ 2.40GHz,MatrixMultiplication,TWO_D,2172,2172,2172,512,1,1,17,198.872,18.253,0.003,-1,-1,-1
Intel Xeon CPU E5-2695 v2 @ 2.40GHz,MatrixMultiplication,TWO_D,2172,2172,2172,512,2,1,17,191.236,17.728,0.003,-1,-1,-1
Intel Xeon CPU E5-2695 v2 @ 2.40GHz,MatrixMultiplication,TWO_D,2172,2172,2172,1024,1,1,17,190.938,17.695,0.003,-1,-1,-1
