device/C,kernel/C,workDimension/C,xLocal/I,yLocal/I,zLocal/I,MB/F,init/F,memoryCopyOut/F,plan/F,execute/F,memoryCopyIn/F,cleanUp/F
Intel Xeon CPU E5-2695 v2 @ 2.40GHz,NoMemory,ONE_D,1,1,1,24,0.001,0,0,0.185,0,0.06
Intel Xeon CPU E5-2695 v2 @ 2.40GHz,NoMemory,ONE_D,2,1,1,24,0,0.001,0,0.258,0,0.056
Intel Xeon CPU E5-2695 v2 @ 2.40GHz,NoMemory,ONE_D,4,1,1,24,0.001,0,0,0.174,0.001,0.064
Intel Xeon CPU E5-2695 v2 @ 2.40GHz,NoMemory,ONE_D,8,1,1,24,0,0,0,0.172,0,0.11
Intel Xeon CPU E5-2695 v2 @ 2.40GHz,NoMemory,ONE_D,16,1,1,24,0,0,0,0.183,0,0.084
Intel Xeon CPU E5-2695 v2 @ 2.40GHz,NoMemory,ONE_D,32,1,1,24,0.001,0,0.001,0.113,0,0.083
Intel Xeon CPU E5-2695 v2 @ 2.40GHz,NoMemory,ONE_D,64,1,1,24,0,0,0.001,0.073,0,0.061
Intel Xeon CPU E5-2695 v2 @ 2.40GHz,NoMemory,ONE_D,128,1,1,24,0,0.001,0,0.049,0,0.076
Intel Xeon CPU E5-2695 v2 @ 2.40GHz,NoMemory,ONE_D,256,1,1,24,0,0,0.001,0.045,0.016,0.035
Intel Xeon CPU E5-2695 v2 @ 2.40GHz,NoMemory,ONE_D,512,1,1,24,0,0.001,0,0.046,0,0.065
Intel Xeon CPU E5-2695 v2 @ 2.40GHz,NoMemory,ONE_D,1024,1,1,24,0,0,0,-1,-1,-1
Intel Xeon CPU E5-2695 v2 @ 2.40GHz,NoMemory,ONE_D,1,1,1,24,0.001,0,0.001,0.337,0,0.161
Intel Xeon CPU E5-2695 v2 @ 2.40GHz,NoMemory,ONE_D,2,1,1,24,0,0,0,0.2,0,0.055
Intel Xeon CPU E5-2695 v2 @ 2.40GHz,NoMemory,ONE_D,4,1,1,24,0.001,0,0,0.171,0,0.054
Intel Xeon CPU E5-2695 v2 @ 2.40GHz,NoMemory,ONE_D,8,1,1,24,0,0,0,0.227,0,0.082
Intel Xeon CPU E5-2695 v2 @ 2.40GHz,NoMemory,ONE_D,16,1,1,24,0.001,0,0,0.17,0,0.069
Intel Xeon CPU E5-2695 v2 @ 2.40GHz,NoMemory,ONE_D,32,1,1,24,0,0,0,0.088,0,0.065
Intel Xeon CPU E5-2695 v2 @ 2.40GHz,NoMemory,ONE_D,64,1,1,24,0,0.001,0,0.056,0,0.059
Intel Xeon CPU E5-2695 v2 @ 2.40GHz,NoMemory,ONE_D,128,1,1,24,0,0.001,0,0.042,0,0.062
Intel Xeon CPU E5-2695 v2 @ 2.40GHz,NoMemory,ONE_D,256,1,1,24,0,0,0,0.043,0.001,0.147
Intel Xeon CPU E5-2695 v2 @ 2.40GHz,NoMemory,ONE_D,512,1,1,24,0,0,0,0.071,0,0.068
Intel Xeon CPU E5-2695 v2 @ 2.40GHz,NoMemory,ONE_D,1024,1,1,24,0.001,0,0,-1,-1,-1
Intel Xeon CPU E5-2695 v2 @ 2.40GHz,NoMemory,ONE_D,1,1,1,24,0,0,0,0.32,0.001,0.147
Intel Xeon CPU E5-2695 v2 @ 2.40GHz,NoMemory,ONE_D,2,1,1,24,0,0,0,0.266,0,0.085
Intel Xeon CPU E5-2695 v2 @ 2.40GHz,NoMemory,ONE_D,4,1,1,24,0,0,0,0.218,0.001,0.054
Intel Xeon CPU E5-2695 v2 @ 2.40GHz,NoMemory,ONE_D,8,1,1,24,0.001,0,0,0.235,0,0.054
Intel Xeon CPU E5-2695 v2 @ 2.40GHz,NoMemory,ONE_D,16,1,1,24,0,0,0,0.166,0,0.05
Intel Xeon CPU E5-2695 v2 @ 2.40GHz,NoMemory,ONE_D,32,1,1,24,0,0,0,0.09,0,0.045
Intel Xeon CPU E5-2695 v2 @ 2.40GHz,NoMemory,ONE_D,64,1,1,24,0,0,0,0.06,0,0.041
Intel Xeon CPU E5-2695 v2 @ 2.40GHz,NoMemory,ONE_D,128,1,1,24,0,0,0,0.044,0.001,0.038
Intel Xeon CPU E5-2695 v2 @ 2.40GHz,NoMemory,ONE_D,256,1,1,24,0,0,0,0.058,0,0.048
Intel Xeon CPU E5-2695 v2 @ 2.40GHz,NoMemory,ONE_D,512,1,1,24,0.001,0,0,0.056,0,0.077
Intel Xeon CPU E5-2695 v2 @ 2.40GHz,NoMemory,ONE_D,1024,1,1,24,0,0,0,-1,-1,-1
Intel Xeon CPU E5-2695 v2 @ 2.40GHz,NoMemory,ONE_D,1,1,1,24,0.001,0,0,0.203,0,0.1
Intel Xeon CPU E5-2695 v2 @ 2.40GHz,NoMemory,ONE_D,2,1,1,24,0,0,0,0.172,0,0.061
Intel Xeon CPU E5-2695 v2 @ 2.40GHz,NoMemory,ONE_D,4,1,1,24,0,0,0,0.219,0,0.141
Intel Xeon CPU E5-2695 v2 @ 2.40GHz,NoMemory,ONE_D,8,1,1,24,0.001,0,0,0.227,0,0.055
Intel Xeon CPU E5-2695 v2 @ 2.40GHz,NoMemory,ONE_D,16,1,1,24,0,0,0,0.104,0.001,0.051
Intel Xeon CPU E5-2695 v2 @ 2.40GHz,NoMemory,ONE_D,32,1,1,24,0.001,0,0.001,0.064,0,0.046
Intel Xeon CPU E5-2695 v2 @ 2.40GHz,NoMemory,ONE_D,64,1,1,24,0,0,0,0.043,0,0.043
Intel Xeon CPU E5-2695 v2 @ 2.40GHz,NoMemory,ONE_D,128,1,1,24,0,0,0,0.033,0,0.041
Intel Xeon CPU E5-2695 v2 @ 2.40GHz,NoMemory,ONE_D,256,1,1,24,0,0,0,0.024,0.001,0.061
Intel Xeon CPU E5-2695 v2 @ 2.40GHz,NoMemory,ONE_D,512,1,1,24,0,0,0,0.023,0,0.039
Intel Xeon CPU E5-2695 v2 @ 2.40GHz,NoMemory,ONE_D,1024,1,1,24,0,0,0,-1,-1,-1
Intel Xeon CPU E5-2695 v2 @ 2.40GHz,NoMemory,ONE_D,1,1,1,24,0,0.001,0,0.205,0.001,0.103
Intel Xeon CPU E5-2695 v2 @ 2.40GHz,NoMemory,ONE_D,2,1,1,24,0,0,0,0.23,0.001,0.093
Intel Xeon CPU E5-2695 v2 @ 2.40GHz,NoMemory,ONE_D,4,1,1,24,0,0,0,0.23,0,0.086
Intel Xeon CPU E5-2695 v2 @ 2.40GHz,NoMemory,ONE_D,8,1,1,24,0,0,0,0.227,0.001,0.087
Intel Xeon CPU E5-2695 v2 @ 2.40GHz,NoMemory,ONE_D,16,1,1,24,0,0,0,0.159,0,0.08
Intel Xeon CPU E5-2695 v2 @ 2.40GHz,NoMemory,ONE_D,32,1,1,24,0,0,0,0.079,0,0.099
Intel Xeon CPU E5-2695 v2 @ 2.40GHz,NoMemory,ONE_D,64,1,1,24,0.001,0,0,0.103,0.001,0.09
Intel Xeon CPU E5-2695 v2 @ 2.40GHz,NoMemory,ONE_D,128,1,1,24,0,0.001,0,0.057,0,0.084
Intel Xeon CPU E5-2695 v2 @ 2.40GHz,NoMemory,ONE_D,256,1,1,24,0.001,0,0,0.045,0,0.082
Intel Xeon CPU E5-2695 v2 @ 2.40GHz,NoMemory,ONE_D,512,1,1,24,0,0,0,0.045,0.001,0.082
Intel Xeon CPU E5-2695 v2 @ 2.40GHz,NoMemory,ONE_D,1024,1,1,24,0,0.001,0,-1,-1,-1
Intel Xeon CPU E5-2695 v2 @ 2.40GHz,NoMemory,ONE_D,1,1,1,24,0,0,0,0.226,0,0.075
Intel Xeon CPU E5-2695 v2 @ 2.40GHz,NoMemory,ONE_D,2,1,1,24,0,0,0,0.183,0,0.095
Intel Xeon CPU E5-2695 v2 @ 2.40GHz,NoMemory,ONE_D,4,1,1,24,0.001,0,0,0.239,0,0.063
Intel Xeon CPU E5-2695 v2 @ 2.40GHz,NoMemory,ONE_D,8,1,1,24,0,0,0,0.171,0,0.061
Intel Xeon CPU E5-2695 v2 @ 2.40GHz,NoMemory,ONE_D,16,1,1,24,0,0,0,0.142,0.001,0.098
Intel Xeon CPU E5-2695 v2 @ 2.40GHz,NoMemory,ONE_D,32,1,1,24,0,0,0,0.118,0,0.096
Intel Xeon CPU E5-2695 v2 @ 2.40GHz,NoMemory,ONE_D,64,1,1,24,0,0,0,0.081,0,0.07
Intel Xeon CPU E5-2695 v2 @ 2.40GHz,NoMemory,ONE_D,128,1,1,24,0,0,0,0.028,0.001,0.044
Intel Xeon CPU E5-2695 v2 @ 2.40GHz,NoMemory,ONE_D,256,1,1,24,0.001,0,0,0.022,0,0.045
Intel Xeon CPU E5-2695 v2 @ 2.40GHz,NoMemory,ONE_D,512,1,1,24,0,0,0,0.022,0.001,0.044
Intel Xeon CPU E5-2695 v2 @ 2.40GHz,NoMemory,ONE_D,1024,1,1,24,0,0,0,-1,-1,-1
Intel Xeon CPU E5-2695 v2 @ 2.40GHz,NoMemory,ONE_D,1,1,1,24,0,0,0,0.277,0,0.136
Intel Xeon CPU E5-2695 v2 @ 2.40GHz,NoMemory,ONE_D,2,1,1,24,0,0,0,0.225,0,0.094
Intel Xeon CPU E5-2695 v2 @ 2.40GHz,NoMemory,ONE_D,4,1,1,24,0,0,0,0.256,0,0.088
Intel Xeon CPU E5-2695 v2 @ 2.40GHz,NoMemory,ONE_D,8,1,1,24,0,0,0,0.34,0,0.17
Intel Xeon CPU E5-2695 v2 @ 2.40GHz,NoMemory,ONE_D,16,1,1,24,0.001,0,0.001,0.171,0,0.106
Intel Xeon CPU E5-2695 v2 @ 2.40GHz,NoMemory,ONE_D,32,1,1,24,0,0.001,0,0.099,0,0.097
Intel Xeon CPU E5-2695 v2 @ 2.40GHz,NoMemory,ONE_D,64,1,1,24,0,0,0,0.08,0,0.046
Intel Xeon CPU E5-2695 v2 @ 2.40GHz,NoMemory,ONE_D,128,1,1,24,0,0,0,0.027,0.001,0.049
Intel Xeon CPU E5-2695 v2 @ 2.40GHz,NoMemory,ONE_D,256,1,1,24,0.001,0,0.001,0.023,0,0.043
Intel Xeon CPU E5-2695 v2 @ 2.40GHz,NoMemory,ONE_D,512,1,1,24,0,0,0,0.021,0,0.043
Intel Xeon CPU E5-2695 v2 @ 2.40GHz,NoMemory,ONE_D,1024,1,1,24,0,0,0.001,-1,-1,-1
Intel Xeon CPU E5-2695 v2 @ 2.40GHz,NoMemory,ONE_D,1,1,1,24,0,0,0,0.204,0.001,0.082
Intel Xeon CPU E5-2695 v2 @ 2.40GHz,NoMemory,ONE_D,2,1,1,24,0,0,0,0.174,0,0.067
Intel Xeon CPU E5-2695 v2 @ 2.40GHz,NoMemory,ONE_D,4,1,1,24,0.001,0,0,0.181,0.001,0.106
Intel Xeon CPU E5-2695 v2 @ 2.40GHz,NoMemory,ONE_D,8,1,1,24,0,0,0.001,0.212,0,0.126
Intel Xeon CPU E5-2695 v2 @ 2.40GHz,NoMemory,ONE_D,16,1,1,24,0,0,0,0.111,0,0.062
Intel Xeon CPU E5-2695 v2 @ 2.40GHz,NoMemory,ONE_D,32,1,1,24,0,0,0,0.069,0,0.08
Intel Xeon CPU E5-2695 v2 @ 2.40GHz,NoMemory,ONE_D,64,1,1,24,0,0.001,0,0.077,0,0.081
Intel Xeon CPU E5-2695 v2 @ 2.40GHz,NoMemory,ONE_D,128,1,1,24,0,0,0,0.066,0,0.067
Intel Xeon CPU E5-2695 v2 @ 2.40GHz,NoMemory,ONE_D,256,1,1,24,0,0,0,0.046,0,0.064
Intel Xeon CPU E5-2695 v2 @ 2.40GHz,NoMemory,ONE_D,512,1,1,24,0.001,0,0,0.064,0,0.045
Intel Xeon CPU E5-2695 v2 @ 2.40GHz,NoMemory,ONE_D,1024,1,1,24,0.001,0,0,-1,-1,-1
Intel Xeon CPU E5-2695 v2 @ 2.40GHz,NoMemory,ONE_D,1,1,1,24,0,0,0,0.247,0,0.089
Intel Xeon CPU E5-2695 v2 @ 2.40GHz,NoMemory,ONE_D,2,1,1,24,0,0,0,0.258,0,0.089
Intel Xeon CPU E5-2695 v2 @ 2.40GHz,NoMemory,ONE_D,4,1,1,24,0,0,0,0.256,0.001,0.065
Intel Xeon CPU E5-2695 v2 @ 2.40GHz,NoMemory,ONE_D,8,1,1,24,0,0,0,0.224,0,0.065
Intel Xeon CPU E5-2695 v2 @ 2.40GHz,NoMemory,ONE_D,16,1,1,24,0,0,0,0.168,0,0.066
Intel Xeon CPU E5-2695 v2 @ 2.40GHz,NoMemory,ONE_D,32,1,1,24,0,0,0,0.092,0.001,0.054
Intel Xeon CPU E5-2695 v2 @ 2.40GHz,NoMemory,ONE_D,64,1,1,24,0,0,0,0.062,0,0.05
Intel Xeon CPU E5-2695 v2 @ 2.40GHz,NoMemory,ONE_D,128,1,1,24,0,0,0,0.047,0,0.049
Intel Xeon CPU E5-2695 v2 @ 2.40GHz,NoMemory,ONE_D,256,1,1,24,0,0,0,0.041,0,0.047
Intel Xeon CPU E5-2695 v2 @ 2.40GHz,NoMemory,ONE_D,512,1,1,24,0,0,0,0.071,0,0.09
Intel Xeon CPU E5-2695 v2 @ 2.40GHz,NoMemory,ONE_D,1024,1,1,24,0,0,0,-1,-1,-1
Intel Xeon CPU E5-2695 v2 @ 2.40GHz,NoMemory,ONE_D,1,1,1,24,0,0,0,0.216,0.001,0.165
Intel Xeon CPU E5-2695 v2 @ 2.40GHz,NoMemory,ONE_D,2,1,1,24,0,0,0,0.227,0.001,0.138
Intel Xeon CPU E5-2695 v2 @ 2.40GHz,NoMemory,ONE_D,4,1,1,24,0,0,0,0.237,0.001,0.105
Intel Xeon CPU E5-2695 v2 @ 2.40GHz,NoMemory,ONE_D,8,1,1,24,0,0,0,0.254,0,0.097
Intel Xeon CPU E5-2695 v2 @ 2.40GHz,NoMemory,ONE_D,16,1,1,24,0,0,0,0.164,0.001,0.091
Intel Xeon CPU E5-2695 v2 @ 2.40GHz,NoMemory,ONE_D,32,1,1,24,0,0,0,0.105,0,0.087
Intel Xeon CPU E5-2695 v2 @ 2.40GHz,NoMemory,ONE_D,64,1,1,24,0,0,0,0.044,0.016,0.114
Intel Xeon CPU E5-2695 v2 @ 2.40GHz,NoMemory,ONE_D,128,1,1,24,0,0,0,0.031,0,0.107
Intel Xeon CPU E5-2695 v2 @ 2.40GHz,NoMemory,ONE_D,256,1,1,24,0,0,0,0.037,0,0.05
Intel Xeon CPU E5-2695 v2 @ 2.40GHz,NoMemory,ONE_D,512,1,1,24,0,0,0,0.025,0,0.049
Intel Xeon CPU E5-2695 v2 @ 2.40GHz,NoMemory,ONE_D,1024,1,1,24,0,0,0,-1,-1,-1
Intel Xeon CPU E5-2695 v2 @ 2.40GHz,NoMemory,ONE_D,1,1,1,24,0,0,0.001,0.328,0,0.061
Intel Xeon CPU E5-2695 v2 @ 2.40GHz,NoMemory,ONE_D,2,1,1,24,0.001,0,0.001,0.234,0.001,0.055
Intel Xeon CPU E5-2695 v2 @ 2.40GHz,NoMemory,ONE_D,4,1,1,24,0,0,0,0.256,0,0.057
Intel Xeon CPU E5-2695 v2 @ 2.40GHz,NoMemory,ONE_D,8,1,1,24,0,0,0.001,0.228,0,0.052
Intel Xeon CPU E5-2695 v2 @ 2.40GHz,NoMemory,ONE_D,16,1,1,24,0,0,0,0.18,0,0.092
Intel Xeon CPU E5-2695 v2 @ 2.40GHz,NoMemory,ONE_D,32,1,1,24,0,0,0.001,0.147,0,0.082
Intel Xeon CPU E5-2695 v2 @ 2.40GHz,NoMemory,ONE_D,64,1,1,24,0,0,0,0.09,0.001,0.036
Intel Xeon CPU E5-2695 v2 @ 2.40GHz,NoMemory,ONE_D,128,1,1,24,0,0,0,0.06,0,0.036
Intel Xeon CPU E5-2695 v2 @ 2.40GHz,NoMemory,ONE_D,256,1,1,24,0,0,0,0.038,0,0.035
Intel Xeon CPU E5-2695 v2 @ 2.40GHz,NoMemory,ONE_D,512,1,1,24,0,0,0,0.042,0,0.034
Intel Xeon CPU E5-2695 v2 @ 2.40GHz,NoMemory,ONE_D,1024,1,1,24,0,0.001,0,-1,-1,-1
Intel Xeon CPU E5-2695 v2 @ 2.40GHz,NoMemory,ONE_D,1,1,1,24,0,0,0,0.4,0,0.062
Intel Xeon CPU E5-2695 v2 @ 2.40GHz,NoMemory,ONE_D,2,1,1,24,0,0,0,0.16,0,0.073
Intel Xeon CPU E5-2695 v2 @ 2.40GHz,NoMemory,ONE_D,4,1,1,24,0,0,0,0.169,0,0.052
Intel Xeon CPU E5-2695 v2 @ 2.40GHz,NoMemory,ONE_D,8,1,1,24,0.001,0,0,0.146,0,0.051
Intel Xeon CPU E5-2695 v2 @ 2.40GHz,NoMemory,ONE_D,16,1,1,24,0,0,0,0.106,0,0.044
Intel Xeon CPU E5-2695 v2 @ 2.40GHz,NoMemory,ONE_D,32,1,1,24,0,0,0,0.068,0,0.04
Intel Xeon CPU E5-2695 v2 @ 2.40GHz,NoMemory,ONE_D,64,1,1,24,0,0,0,0.052,0,0.039
Intel Xeon CPU E5-2695 v2 @ 2.40GHz,NoMemory,ONE_D,128,1,1,24,0,0,0,0.041,0,0.043
Intel Xeon CPU E5-2695 v2 @ 2.40GHz,NoMemory,ONE_D,256,1,1,24,0,0,0,0.038,0,0.037
Intel Xeon CPU E5-2695 v2 @ 2.40GHz,NoMemory,ONE_D,512,1,1,24,0,0,0,0.028,0,0.035
Intel Xeon CPU E5-2695 v2 @ 2.40GHz,NoMemory,ONE_D,1024,1,1,24,0,0,0,-1,-1,-1
Intel Xeon CPU E5-2695 v2 @ 2.40GHz,NoMemory,ONE_D,1,1,1,24,0,0,0,0.321,0,0.064
Intel Xeon CPU E5-2695 v2 @ 2.40GHz,NoMemory,ONE_D,2,1,1,24,0,0,0,0.233,0,0.066
Intel Xeon CPU E5-2695 v2 @ 2.40GHz,NoMemory,ONE_D,4,1,1,24,0,0,0,0.265,0,0.058
Intel Xeon CPU E5-2695 v2 @ 2.40GHz,NoMemory,ONE_D,8,1,1,24,0,0,0.001,0.23,0,0.055
Intel Xeon CPU E5-2695 v2 @ 2.40GHz,NoMemory,ONE_D,16,1,1,24,0,0.001,0,0.161,0,0.05
Intel Xeon CPU E5-2695 v2 @ 2.40GHz,NoMemory,ONE_D,32,1,1,24,0,0,0,0.099,0.001,0.062
Intel Xeon CPU E5-2695 v2 @ 2.40GHz,NoMemory,ONE_D,64,1,1,24,0,0,0,0.064,0.001,0.04
Intel Xeon CPU E5-2695 v2 @ 2.40GHz,NoMemory,ONE_D,128,1,1,24,0,0,0,0.048,0,0.039
Intel Xeon CPU E5-2695 v2 @ 2.40GHz,NoMemory,ONE_D,256,1,1,24,0,0,0,0.037,0.001,0.037
Intel Xeon CPU E5-2695 v2 @ 2.40GHz,NoMemory,ONE_D,512,1,1,24,0,0,0,0.04,0,0.037
Intel Xeon CPU E5-2695 v2 @ 2.40GHz,NoMemory,ONE_D,1024,1,1,24,0,0,0,-1,-1,-1
Intel Xeon CPU E5-2695 v2 @ 2.40GHz,NoMemory,ONE_D,1,1,1,24,0,0,0,0.283,0,0.067
Intel Xeon CPU E5-2695 v2 @ 2.40GHz,NoMemory,ONE_D,2,1,1,24,0,0,0,0.229,0,0.06
Intel Xeon CPU E5-2695 v2 @ 2.40GHz,NoMemory,ONE_D,4,1,1,24,0,0,0,0.217,0,0.059
Intel Xeon CPU E5-2695 v2 @ 2.40GHz,NoMemory,ONE_D,8,1,1,24,0,0,0,0.211,0,0.056
Intel Xeon CPU E5-2695 v2 @ 2.40GHz,NoMemory,ONE_D,16,1,1,24,0,0,0,0.16,0,0.048
Intel Xeon CPU E5-2695 v2 @ 2.40GHz,NoMemory,ONE_D,32,1,1,24,0,0,0,0.1,0,0.044
Intel Xeon CPU E5-2695 v2 @ 2.40GHz,NoMemory,ONE_D,64,1,1,24,0,0,0,0.074,0,0.042
Intel Xeon CPU E5-2695 v2 @ 2.40GHz,NoMemory,ONE_D,128,1,1,24,0,0,0,0.046,0,0.038
Intel Xeon CPU E5-2695 v2 @ 2.40GHz,NoMemory,ONE_D,256,1,1,24,0,0,0,0.04,0,0.038
Intel Xeon CPU E5-2695 v2 @ 2.40GHz,NoMemory,ONE_D,512,1,1,24,0,0,0.001,0.041,0,0.038
Intel Xeon CPU E5-2695 v2 @ 2.40GHz,NoMemory,ONE_D,1024,1,1,24,0.001,0,0,-1,-1,-1
Intel Xeon CPU E5-2695 v2 @ 2.40GHz,NoMemory,ONE_D,1,1,1,24,0.001,0.001,0,0.356,0,0.102
Intel Xeon CPU E5-2695 v2 @ 2.40GHz,NoMemory,ONE_D,2,1,1,24,0,0,0,0.294,0,0.061
Intel Xeon CPU E5-2695 v2 @ 2.40GHz,NoMemory,ONE_D,4,1,1,24,0,0,0,0.252,0,0.106
Intel Xeon CPU E5-2695 v2 @ 2.40GHz,NoMemory,ONE_D,8,1,1,24,0,0.001,0,0.259,0,0.056
Intel Xeon CPU E5-2695 v2 @ 2.40GHz,NoMemory,ONE_D,16,1,1,24,0,0,0,0.164,0,0.051
Intel Xeon CPU E5-2695 v2 @ 2.40GHz,NoMemory,ONE_D,32,1,1,24,0,0,0,0.106,0,0.046
Intel Xeon CPU E5-2695 v2 @ 2.40GHz,NoMemory,ONE_D,64,1,1,24,0.001,0,0,0.065,0,0.041
Intel Xeon CPU E5-2695 v2 @ 2.40GHz,NoMemory,ONE_D,128,1,1,24,0,0,0,0.044,0,0.041
Intel Xeon CPU E5-2695 v2 @ 2.40GHz,NoMemory,ONE_D,256,1,1,24,0,0,0,0.037,0.001,0.04
Intel Xeon CPU E5-2695 v2 @ 2.40GHz,NoMemory,ONE_D,512,1,1,24,0,0,0,0.042,0.001,0.039
Intel Xeon CPU E5-2695 v2 @ 2.40GHz,NoMemory,ONE_D,1024,1,1,24,0,0,0.001,-1,-1,-1
Intel Xeon CPU E5-2695 v2 @ 2.40GHz,NoMemory,ONE_D,1,1,1,24,0,0.006,0.001,0.335,0.001,0.142
Intel Xeon CPU E5-2695 v2 @ 2.40GHz,NoMemory,ONE_D,2,1,1,24,0,0,0,0.326,0,0.089
Intel Xeon CPU E5-2695 v2 @ 2.40GHz,NoMemory,ONE_D,4,1,1,24,0.001,0,0,0.269,0.001,0.06
Intel Xeon CPU E5-2695 v2 @ 2.40GHz,NoMemory,ONE_D,8,1,1,24,0,0,0.001,0.238,0.001,0.057
Intel Xeon CPU E5-2695 v2 @ 2.40GHz,NoMemory,ONE_D,16,1,1,24,0,0,0,0.19,0,0.081
Intel Xeon CPU E5-2695 v2 @ 2.40GHz,NoMemory,ONE_D,32,1,1,24,0,0,0,0.125,0,0.098
Intel Xeon CPU E5-2695 v2 @ 2.40GHz,NoMemory,ONE_D,64,1,1,24,0,0,0,0.088,0,0.078
Intel Xeon CPU E5-2695 v2 @ 2.40GHz,NoMemory,ONE_D,128,1,1,24,0,0,0,0.064,0.001,0.078
Intel Xeon CPU E5-2695 v2 @ 2.40GHz,NoMemory,ONE_D,256,1,1,24,0.001,0,0,0.038,0,0.046
Intel Xeon CPU E5-2695 v2 @ 2.40GHz,NoMemory,ONE_D,512,1,1,24,0,0,0,0.06,0,0.077
Intel Xeon CPU E5-2695 v2 @ 2.40GHz,NoMemory,ONE_D,1024,1,1,24,0.001,0,0,-1,-1,-1
Intel Xeon CPU E5-2695 v2 @ 2.40GHz,NoMemory,ONE_D,1,1,1,24,0,0,0,0.361,0,0.073
Intel Xeon CPU E5-2695 v2 @ 2.40GHz,NoMemory,ONE_D,2,1,1,24,0,0,0,0.255,0,0.124
Intel Xeon CPU E5-2695 v2 @ 2.40GHz,NoMemory,ONE_D,4,1,1,24,0,0,0,0.26,0,0.063
Intel Xeon CPU E5-2695 v2 @ 2.40GHz,NoMemory,ONE_D,8,1,1,24,0,0,0,0.228,0.001,0.06
Intel Xeon CPU E5-2695 v2 @ 2.40GHz,NoMemory,ONE_D,16,1,1,24,0,0,0.001,0.162,0,0.117
Intel Xeon CPU E5-2695 v2 @ 2.40GHz,NoMemory,ONE_D,32,1,1,24,0,0,0,0.13,0,0.054
Intel Xeon CPU E5-2695 v2 @ 2.40GHz,NoMemory,ONE_D,64,1,1,24,0,0,0,0.062,0,0.045
Intel Xeon CPU E5-2695 v2 @ 2.40GHz,NoMemory,ONE_D,128,1,1,24,0,0,0,0.045,0.001,0.043
Intel Xeon CPU E5-2695 v2 @ 2.40GHz,NoMemory,ONE_D,256,1,1,24,0,0,0,0.037,0,0.044
Intel Xeon CPU E5-2695 v2 @ 2.40GHz,NoMemory,ONE_D,512,1,1,24,0,0,0,0.04,0,0.043
Intel Xeon CPU E5-2695 v2 @ 2.40GHz,NoMemory,ONE_D,1024,1,1,24,0,0,0,-1,-1,-1
Intel Xeon CPU E5-2695 v2 @ 2.40GHz,NoMemory,ONE_D,1,1,1,24,0,0,0,0.336,0,0.137
Intel Xeon CPU E5-2695 v2 @ 2.40GHz,NoMemory,ONE_D,2,1,1,24,0,0,0,0.307,0.001,0.095
Intel Xeon CPU E5-2695 v2 @ 2.40GHz,NoMemory,ONE_D,4,1,1,24,0,0,0,0.27,0.001,0.085
Intel Xeon CPU E5-2695 v2 @ 2.40GHz,NoMemory,ONE_D,8,1,1,24,0,0,0.001,0.248,0,0.083
Intel Xeon CPU E5-2695 v2 @ 2.40GHz,NoMemory,ONE_D,16,1,1,24,0,0,0.001,0.174,0,0.089
Intel Xeon CPU E5-2695 v2 @ 2.40GHz,NoMemory,ONE_D,32,1,1,24,0,0,0,0.153,0,0.072
Intel Xeon CPU E5-2695 v2 @ 2.40GHz,NoMemory,ONE_D,64,1,1,24,0,0,0,0.096,0,0.067
Intel Xeon CPU E5-2695 v2 @ 2.40GHz,NoMemory,ONE_D,128,1,1,24,0,0,0,0.049,0.001,0.048
Intel Xeon CPU E5-2695 v2 @ 2.40GHz,NoMemory,ONE_D,256,1,1,24,0,0,0,0.038,0,0.048
Intel Xeon CPU E5-2695 v2 @ 2.40GHz,NoMemory,ONE_D,512,1,1,24,0,0,0,0.043,0,0.049
Intel Xeon CPU E5-2695 v2 @ 2.40GHz,NoMemory,ONE_D,1024,1,1,24,0,0.001,0,-1,-1,-1
Intel Xeon CPU E5-2695 v2 @ 2.40GHz,NoMemory,ONE_D,1,1,1,24,0,0,0,0.356,0,0.089
Intel Xeon CPU E5-2695 v2 @ 2.40GHz,NoMemory,ONE_D,2,1,1,24,0,0,0,0.235,0.001,0.066
Intel Xeon CPU E5-2695 v2 @ 2.40GHz,NoMemory,ONE_D,4,1,1,24,0,0.001,0,0.242,0,0.068
Intel Xeon CPU E5-2695 v2 @ 2.40GHz,NoMemory,ONE_D,8,1,1,24,0,0.001,0,0.251,0,0.063
Intel Xeon CPU E5-2695 v2 @ 2.40GHz,NoMemory,ONE_D,16,1,1,24,0,0,0,0.164,0.001,0.057
Intel Xeon CPU E5-2695 v2 @ 2.40GHz,NoMemory,ONE_D,32,1,1,24,0,0,0,0.103,0,0.053
Intel Xeon CPU E5-2695 v2 @ 2.40GHz,NoMemory,ONE_D,64,1,1,24,0,0,0.001,0.064,0,0.07
Intel Xeon CPU E5-2695 v2 @ 2.40GHz,NoMemory,ONE_D,128,1,1,24,0.001,0,0,0.048,0,0.048
Intel Xeon CPU E5-2695 v2 @ 2.40GHz,NoMemory,ONE_D,256,1,1,24,0.001,0,0,0.042,0,0.073
Intel Xeon CPU E5-2695 v2 @ 2.40GHz,NoMemory,ONE_D,512,1,1,24,0,0,0,0.045,0,0.053
Intel Xeon CPU E5-2695 v2 @ 2.40GHz,NoMemory,ONE_D,1024,1,1,24,0,0,0,-1,-1,-1
Intel Xeon CPU E5-2695 v2 @ 2.40GHz,NoMemory,ONE_D,1,1,1,24,0,0,0,0.336,0,0.13
Intel Xeon CPU E5-2695 v2 @ 2.40GHz,NoMemory,ONE_D,2,1,1,24,0.001,0,0,0.296,0,0.066
Intel Xeon CPU E5-2695 v2 @ 2.40GHz,NoMemory,ONE_D,4,1,1,24,0.001,0,0,0.254,0,0.118
Intel Xeon CPU E5-2695 v2 @ 2.40GHz,NoMemory,ONE_D,8,1,1,24,0,0,0.001,0.313,0,0.064
Intel Xeon CPU E5-2695 v2 @ 2.40GHz,NoMemory,ONE_D,16,1,1,24,0,0,0.001,0.174,0,0.057
Intel Xeon CPU E5-2695 v2 @ 2.40GHz,NoMemory,ONE_D,32,1,1,24,0,0,0,0.099,0,0.053
Intel Xeon CPU E5-2695 v2 @ 2.40GHz,NoMemory,ONE_D,64,1,1,24,0,0,0,0.065,0.001,0.049
Intel Xeon CPU E5-2695 v2 @ 2.40GHz,NoMemory,ONE_D,128,1,1,24,0.001,0,0,0.07,0,0.049
Intel Xeon CPU E5-2695 v2 @ 2.40GHz,NoMemory,ONE_D,256,1,1,24,0,0,0,0.038,0,0.047
Intel Xeon CPU E5-2695 v2 @ 2.40GHz,NoMemory,ONE_D,512,1,1,24,0.001,0,0,0.037,0,0.046
Intel Xeon CPU E5-2695 v2 @ 2.40GHz,NoMemory,ONE_D,1024,1,1,24,0,0,0,-1,-1,-1
Intel Xeon CPU E5-2695 v2 @ 2.40GHz,NoMemory,ONE_D,1,1,1,24,0,0,0,0.331,0.001,0.124
Intel Xeon CPU E5-2695 v2 @ 2.40GHz,NoMemory,ONE_D,2,1,1,24,0,0,0,0.277,0,0.138
Intel Xeon CPU E5-2695 v2 @ 2.40GHz,NoMemory,ONE_D,4,1,1,24,0,0,0,0.218,0,0.055
Intel Xeon CPU E5-2695 v2 @ 2.40GHz,NoMemory,ONE_D,8,1,1,24,0,0,0,0.223,0,0.053
Intel Xeon CPU E5-2695 v2 @ 2.40GHz,NoMemory,ONE_D,16,1,1,24,0.001,0,0.001,0.164,0,0.051
Intel Xeon CPU E5-2695 v2 @ 2.40GHz,NoMemory,ONE_D,32,1,1,24,0,0,0,0.09,0,0.043
Intel Xeon CPU E5-2695 v2 @ 2.40GHz,NoMemory,ONE_D,64,1,1,24,0,0,0,0.062,0,0.039
Intel Xeon CPU E5-2695 v2 @ 2.40GHz,NoMemory,ONE_D,128,1,1,24,0,0,0,0.044,0,0.038
Intel Xeon CPU E5-2695 v2 @ 2.40GHz,NoMemory,ONE_D,256,1,1,24,0,0,0,0.041,0,0.062
Intel Xeon CPU E5-2695 v2 @ 2.40GHz,NoMemory,ONE_D,512,1,1,24,0,0,0,0.042,0.001,0.053
Intel Xeon CPU E5-2695 v2 @ 2.40GHz,NoMemory,ONE_D,1024,1,1,24,0,0,0,-1,-1,-1
Intel Xeon CPU E5-2695 v2 @ 2.40GHz,NoMemory,ONE_D,1,1,1,24,0,0,0,0.238,0.001,0.078
Intel Xeon CPU E5-2695 v2 @ 2.40GHz,NoMemory,ONE_D,2,1,1,24,0,0,0,0.215,0.001,0.148
Intel Xeon CPU E5-2695 v2 @ 2.40GHz,NoMemory,ONE_D,4,1,1,24,0,0.001,0,0.194,0.001,0.062
Intel Xeon CPU E5-2695 v2 @ 2.40GHz,NoMemory,ONE_D,8,1,1,24,0,0.001,0,0.18,0,0.085
Intel Xeon CPU E5-2695 v2 @ 2.40GHz,NoMemory,ONE_D,16,1,1,24,0,0,0,0.227,0.001,0.076
Intel Xeon CPU E5-2695 v2 @ 2.40GHz,NoMemory,ONE_D,32,1,1,24,0,0,0,0.079,0,0.069
Intel Xeon CPU E5-2695 v2 @ 2.40GHz,NoMemory,ONE_D,64,1,1,24,0,0,0,0.051,0.001,0.041
Intel Xeon CPU E5-2695 v2 @ 2.40GHz,NoMemory,ONE_D,128,1,1,24,0,0.001,0,0.025,0,0.04
Intel Xeon CPU E5-2695 v2 @ 2.40GHz,NoMemory,ONE_D,256,1,1,24,0,0,0,0.023,0,0.039
Intel Xeon CPU E5-2695 v2 @ 2.40GHz,NoMemory,ONE_D,512,1,1,24,0,0,0,0.026,0,0.045
Intel Xeon CPU E5-2695 v2 @ 2.40GHz,NoMemory,ONE_D,1024,1,1,24,0,0,0.001,-1,-1,-1
Intel Xeon CPU E5-2695 v2 @ 2.40GHz,NoMemory,ONE_D,1,1,1,24,0,0.001,0,0.265,0,0.069
Intel Xeon CPU E5-2695 v2 @ 2.40GHz,NoMemory,ONE_D,2,1,1,24,0,0,0,0.175,0,0.059
Intel Xeon CPU E5-2695 v2 @ 2.40GHz,NoMemory,ONE_D,4,1,1,24,0,0,0,0.172,0,0.057
Intel Xeon CPU E5-2695 v2 @ 2.40GHz,NoMemory,ONE_D,8,1,1,24,0,0,0,0.174,0,0.057
Intel Xeon CPU E5-2695 v2 @ 2.40GHz,NoMemory,ONE_D,16,1,1,24,0,0,0,0.145,0,0.054
Intel Xeon CPU E5-2695 v2 @ 2.40GHz,NoMemory,ONE_D,32,1,1,24,0,0,0,0.07,0,0.045
Intel Xeon CPU E5-2695 v2 @ 2.40GHz,NoMemory,ONE_D,64,1,1,24,0.001,0,0,0.037,0,0.04
Intel Xeon CPU E5-2695 v2 @ 2.40GHz,NoMemory,ONE_D,128,1,1,24,0,0,0,0.025,0,0.04
Intel Xeon CPU E5-2695 v2 @ 2.40GHz,NoMemory,ONE_D,256,1,1,24,0,0,0,0.026,0.001,0.138
Intel Xeon CPU E5-2695 v2 @ 2.40GHz,NoMemory,ONE_D,512,1,1,24,0,0.001,0,0.06,0,0.044
Intel Xeon CPU E5-2695 v2 @ 2.40GHz,NoMemory,ONE_D,1024,1,1,24,0,0,0.001,-1,-1,-1
Intel Xeon CPU E5-2695 v2 @ 2.40GHz,NoMemory,ONE_D,1,1,1,24,0.001,0,0,0.35,0,0.14
Intel Xeon CPU E5-2695 v2 @ 2.40GHz,NoMemory,ONE_D,2,1,1,24,0,0,0,0.197,0,0.13
Intel Xeon CPU E5-2695 v2 @ 2.40GHz,NoMemory,ONE_D,4,1,1,24,0,0,0,0.264,0,0.09
Intel Xeon CPU E5-2695 v2 @ 2.40GHz,NoMemory,ONE_D,8,1,1,24,0,0,0,0.185,0,0.085
Intel Xeon CPU E5-2695 v2 @ 2.40GHz,NoMemory,ONE_D,16,1,1,24,0,0,0,0.122,0,0.1
Intel Xeon CPU E5-2695 v2 @ 2.40GHz,NoMemory,ONE_D,32,1,1,24,0,0,0,0.077,0.001,0.089
Intel Xeon CPU E5-2695 v2 @ 2.40GHz,NoMemory,ONE_D,64,1,1,24,0,0,0,0.049,0,0.098
Intel Xeon CPU E5-2695 v2 @ 2.40GHz,NoMemory,ONE_D,128,1,1,24,0,0,0,0.065,0,0.08
Intel Xeon CPU E5-2695 v2 @ 2.40GHz,NoMemory,ONE_D,256,1,1,24,0,0.001,0,0.061,0,0.086
Intel Xeon CPU E5-2695 v2 @ 2.40GHz,NoMemory,ONE_D,512,1,1,24,0,0,0.001,0.065,0,0.101
Intel Xeon CPU E5-2695 v2 @ 2.40GHz,NoMemory,ONE_D,1024,1,1,24,0.001,0,0,-1,-1,-1
Intel Xeon CPU E5-2695 v2 @ 2.40GHz,NoMemory,ONE_D,1,1,1,24,0,0,0.001,0.343,0,0.154
Intel Xeon CPU E5-2695 v2 @ 2.40GHz,NoMemory,ONE_D,2,1,1,24,0,0,0,0.324,0,0.16
Intel Xeon CPU E5-2695 v2 @ 2.40GHz,NoMemory,ONE_D,4,1,1,24,0,0,0,0.273,0.001,0.122
Intel Xeon CPU E5-2695 v2 @ 2.40GHz,NoMemory,ONE_D,8,1,1,24,0.001,0,0.001,0.318,0,0.13
Intel Xeon CPU E5-2695 v2 @ 2.40GHz,NoMemory,ONE_D,16,1,1,24,0,0,0,0.262,0,0.066
Intel Xeon CPU E5-2695 v2 @ 2.40GHz,NoMemory,ONE_D,32,1,1,24,0,0,0,0.087,0,0.065
Intel Xeon CPU E5-2695 v2 @ 2.40GHz,NoMemory,ONE_D,64,1,1,24,0,0,0,0.071,0,0.054
Intel Xeon CPU E5-2695 v2 @ 2.40GHz,NoMemory,ONE_D,128,1,1,24,0,0.001,0,0.062,0.001,0.102
Intel Xeon CPU E5-2695 v2 @ 2.40GHz,NoMemory,ONE_D,256,1,1,24,0.001,0.001,0,0.076,0.001,0.103
Intel Xeon CPU E5-2695 v2 @ 2.40GHz,NoMemory,ONE_D,512,1,1,24,0,0,0,0.07,0,0.086
Intel Xeon CPU E5-2695 v2 @ 2.40GHz,NoMemory,ONE_D,1024,1,1,24,0,0,0,-1,-1,-1
Intel Xeon CPU E5-2695 v2 @ 2.40GHz,NoMemory,ONE_D,1,1,1,24,0,0.001,0,0.377,0,0.148
Intel Xeon CPU E5-2695 v2 @ 2.40GHz,NoMemory,ONE_D,2,1,1,24,0.001,0,0,0.28,0,0.135
Intel Xeon CPU E5-2695 v2 @ 2.40GHz,NoMemory,ONE_D,4,1,1,24,0,0.001,0,0.289,0,0.114
Intel Xeon CPU E5-2695 v2 @ 2.40GHz,NoMemory,ONE_D,8,1,1,24,0,0.001,0,0.245,0.001,0.111
Intel Xeon CPU E5-2695 v2 @ 2.40GHz,NoMemory,ONE_D,16,1,1,24,0,0,0.001,0.196,0.001,0.124
Intel Xeon CPU E5-2695 v2 @ 2.40GHz,NoMemory,ONE_D,32,1,1,24,0,0,0,0.114,0,0.126
Intel Xeon CPU E5-2695 v2 @ 2.40GHz,NoMemory,ONE_D,64,1,1,24,0,0,0,0.084,0.001,0.115
Intel Xeon CPU E5-2695 v2 @ 2.40GHz,NoMemory,ONE_D,128,1,1,24,0.001,0,0,0.048,0,0.088
Intel Xeon CPU E5-2695 v2 @ 2.40GHz,NoMemory,ONE_D,256,1,1,24,0,0,0,0.046,0.001,0.174
Intel Xeon CPU E5-2695 v2 @ 2.40GHz,NoMemory,ONE_D,512,1,1,24,0,0,0.001,0.054,0.001,0.167
Intel Xeon CPU E5-2695 v2 @ 2.40GHz,NoMemory,ONE_D,1024,1,1,24,0.001,0,0,-1,-1,-1
Intel Xeon CPU E5-2695 v2 @ 2.40GHz,NoMemory,ONE_D,1,1,1,24,0,0.001,0,0.286,0.001,0.159
Intel Xeon CPU E5-2695 v2 @ 2.40GHz,NoMemory,ONE_D,2,1,1,24,0,0.001,0,0.242,0.001,0.161
Intel Xeon CPU E5-2695 v2 @ 2.40GHz,NoMemory,ONE_D,4,1,1,24,0,0,0,0.249,0,0.1
Intel Xeon CPU E5-2695 v2 @ 2.40GHz,NoMemory,ONE_D,8,1,1,24,0,0,0,0.215,0.001,0.097
Intel Xeon CPU E5-2695 v2 @ 2.40GHz,NoMemory,ONE_D,16,1,1,24,0,0,0,0.157,0.001,0.1
Intel Xeon CPU E5-2695 v2 @ 2.40GHz,NoMemory,ONE_D,32,1,1,24,0.001,0,0,0.112,0,0.082
Intel Xeon CPU E5-2695 v2 @ 2.40GHz,NoMemory,ONE_D,64,1,1,24,0,0,0,0.074,0.001,0.088
Intel Xeon CPU E5-2695 v2 @ 2.40GHz,NoMemory,ONE_D,128,1,1,24,0,0,0,0.028,0,0.054
Intel Xeon CPU E5-2695 v2 @ 2.40GHz,NoMemory,ONE_D,256,1,1,24,0,0,0,0.025,0,0.053
Intel Xeon CPU E5-2695 v2 @ 2.40GHz,NoMemory,ONE_D,512,1,1,24,0,0,0,0.026,0,0.053
Intel Xeon CPU E5-2695 v2 @ 2.40GHz,NoMemory,ONE_D,1024,1,1,24,0.001,0,0,-1,-1,-1
Intel Xeon CPU E5-2695 v2 @ 2.40GHz,NoMemory,ONE_D,1,1,1,24,0,0,0,0.288,0.001,0.124
Intel Xeon CPU E5-2695 v2 @ 2.40GHz,NoMemory,ONE_D,2,1,1,24,0.001,0.001,0,0.181,0,0.077
Intel Xeon CPU E5-2695 v2 @ 2.40GHz,NoMemory,ONE_D,4,1,1,24,0,0.001,0,0.192,0,0.073
Intel Xeon CPU E5-2695 v2 @ 2.40GHz,NoMemory,ONE_D,8,1,1,24,0,0,0,0.173,0,0.074
Intel Xeon CPU E5-2695 v2 @ 2.40GHz,NoMemory,ONE_D,16,1,1,24,0,0,0,0.118,0,0.065
Intel Xeon CPU E5-2695 v2 @ 2.40GHz,NoMemory,ONE_D,32,1,1,24,0,0.001,0,0.077,0,0.064
Intel Xeon CPU E5-2695 v2 @ 2.40GHz,NoMemory,ONE_D,64,1,1,24,0,0,0,0.041,0,0.058
Intel Xeon CPU E5-2695 v2 @ 2.40GHz,NoMemory,ONE_D,128,1,1,24,0,0.001,0,0.028,0,0.059
Intel Xeon CPU E5-2695 v2 @ 2.40GHz,NoMemory,ONE_D,256,1,1,24,0,0,0,0.023,0,0.062
Intel Xeon CPU E5-2695 v2 @ 2.40GHz,NoMemory,ONE_D,512,1,1,24,0,0,0,0.023,0,0.058
Intel Xeon CPU E5-2695 v2 @ 2.40GHz,NoMemory,ONE_D,1024,1,1,24,0,0,0,-1,-1,-1
Intel Xeon CPU E5-2695 v2 @ 2.40GHz,NoMemory,ONE_D,1,1,1,24,0,0.001,0,0.257,0,0.108
Intel Xeon CPU E5-2695 v2 @ 2.40GHz,NoMemory,ONE_D,2,1,1,24,0,0,0,0.182,0,0.083
Intel Xeon CPU E5-2695 v2 @ 2.40GHz,NoMemory,ONE_D,4,1,1,24,0,0,0,0.239,0,0.082
Intel Xeon CPU E5-2695 v2 @ 2.40GHz,NoMemory,ONE_D,8,1,1,24,0,0.001,0,0.175,0,0.08
Intel Xeon CPU E5-2695 v2 @ 2.40GHz,NoMemory,ONE_D,16,1,1,24,0,0,0,0.121,0.001,0.14
Intel Xeon CPU E5-2695 v2 @ 2.40GHz,NoMemory,ONE_D,32,1,1,24,0,0,0.001,0.133,0.001,0.133
Intel Xeon CPU E5-2695 v2 @ 2.40GHz,NoMemory,ONE_D,64,1,1,24,0,0,0,0.083,0,0.063
Intel Xeon CPU E5-2695 v2 @ 2.40GHz,NoMemory,ONE_D,128,1,1,24,0,0.001,0,0.034,0,0.062
Intel Xeon CPU E5-2695 v2 @ 2.40GHz,NoMemory,ONE_D,256,1,1,24,0,0.001,0,0.03,0,0.062
Intel Xeon CPU E5-2695 v2 @ 2.40GHz,NoMemory,ONE_D,512,1,1,24,0,0.001,0,0.023,0,0.061
Intel Xeon CPU E5-2695 v2 @ 2.40GHz,NoMemory,ONE_D,1024,1,1,24,0,0,0,-1,-1,-1
Intel Xeon CPU E5-2695 v2 @ 2.40GHz,NoMemory,ONE_D,1,1,1,24,0,0,0,0.325,0,0.161
Intel Xeon CPU E5-2695 v2 @ 2.40GHz,NoMemory,ONE_D,2,1,1,24,0.001,0,0,0.377,0,0.115
Intel Xeon CPU E5-2695 v2 @ 2.40GHz,NoMemory,ONE_D,4,1,1,24,0,0,0,0.266,0,0.082
Intel Xeon CPU E5-2695 v2 @ 2.40GHz,NoMemory,ONE_D,8,1,1,24,0,0.001,0,0.3,0,0.113
Intel Xeon CPU E5-2695 v2 @ 2.40GHz,NoMemory,ONE_D,16,1,1,24,0,0.001,0,0.212,0,0.112
Intel Xeon CPU E5-2695 v2 @ 2.40GHz,NoMemory,ONE_D,32,1,1,24,0,0,0,0.127,0,0.07
Intel Xeon CPU E5-2695 v2 @ 2.40GHz,NoMemory,ONE_D,64,1,1,24,0,0,0,0.078,0,0.099
Intel Xeon CPU E5-2695 v2 @ 2.40GHz,NoMemory,ONE_D,128,1,1,24,0,0,0,0.058,0,0.101
Intel Xeon CPU E5-2695 v2 @ 2.40GHz,NoMemory,ONE_D,256,1,1,24,0,0,0,0.061,0,0.104
Intel Xeon CPU E5-2695 v2 @ 2.40GHz,NoMemory,ONE_D,512,1,1,24,0.001,0,0,0.056,0,0.103
Intel Xeon CPU E5-2695 v2 @ 2.40GHz,NoMemory,ONE_D,1024,1,1,24,0,0.001,0,-1,-1,-1
Intel Xeon CPU E5-2695 v2 @ 2.40GHz,NoMemory,ONE_D,1,1,1,24,0,0,0.001,0.216,0,0.099
Intel Xeon CPU E5-2695 v2 @ 2.40GHz,NoMemory,ONE_D,2,1,1,24,0,0,0,0.219,0,0.451
Intel Xeon CPU E5-2695 v2 @ 2.40GHz,NoMemory,ONE_D,4,1,1,24,0,0,0,0.166,0,0.094
Intel Xeon CPU E5-2695 v2 @ 2.40GHz,NoMemory,ONE_D,8,1,1,24,0.001,0,0.001,0.215,0,0.105
Intel Xeon CPU E5-2695 v2 @ 2.40GHz,NoMemory,ONE_D,16,1,1,24,0,0,0,0.118,0.001,0.077
Intel Xeon CPU E5-2695 v2 @ 2.40GHz,NoMemory,ONE_D,32,1,1,24,0,0,0,0.065,0,0.073
Intel Xeon CPU E5-2695 v2 @ 2.40GHz,NoMemory,ONE_D,64,1,1,24,0,0,0,0.039,0,0.068
Intel Xeon CPU E5-2695 v2 @ 2.40GHz,NoMemory,ONE_D,128,1,1,24,0,0.001,0,0.026,0,0.065
Intel Xeon CPU E5-2695 v2 @ 2.40GHz,NoMemory,ONE_D,256,1,1,24,0,0,0,0.019,0,0.071
Intel Xeon CPU E5-2695 v2 @ 2.40GHz,NoMemory,ONE_D,512,1,1,24,0.001,0,0,0.022,0,0.063
Intel Xeon CPU E5-2695 v2 @ 2.40GHz,NoMemory,ONE_D,1024,1,1,24,0,0,0,-1,-1,-1
Intel Xeon CPU E5-2695 v2 @ 2.40GHz,NoMemory,ONE_D,1,1,1,24,0.001,0,0,0.192,0,0.142
Intel Xeon CPU E5-2695 v2 @ 2.40GHz,NoMemory,ONE_D,2,1,1,24,0,0,0,0.199,0,0.094
Intel Xeon CPU E5-2695 v2 @ 2.40GHz,NoMemory,ONE_D,4,1,1,24,0,0,0,0.147,0.001,0.091
Intel Xeon CPU E5-2695 v2 @ 2.40GHz,NoMemory,ONE_D,8,1,1,24,0,0,0,0.142,0.001,0.09
Intel Xeon CPU E5-2695 v2 @ 2.40GHz,NoMemory,ONE_D,16,1,1,24,0,0,0,0.15,0,0.115
Intel Xeon CPU E5-2695 v2 @ 2.40GHz,NoMemory,ONE_D,32,1,1,24,0,0,0,0.068,0,0.082
Intel Xeon CPU E5-2695 v2 @ 2.40GHz,NoMemory,ONE_D,64,1,1,24,0,0,0,0.042,0,0.076
Intel Xeon CPU E5-2695 v2 @ 2.40GHz,NoMemory,ONE_D,128,1,1,24,0,0,0,0.038,0,0.075
Intel Xeon CPU E5-2695 v2 @ 2.40GHz,NoMemory,ONE_D,256,1,1,24,0,0,0,0.025,0.001,0.072
Intel Xeon CPU E5-2695 v2 @ 2.40GHz,NoMemory,ONE_D,512,1,1,24,0,0,0,0.026,0,0.072
Intel Xeon CPU E5-2695 v2 @ 2.40GHz,NoMemory,ONE_D,1024,1,1,24,0,0,0,-1,-1,-1
Intel Xeon CPU E5-2695 v2 @ 2.40GHz,NoMemory,ONE_D,1,1,1,24,0,0,0,0.214,0.001,0.181
Intel Xeon CPU E5-2695 v2 @ 2.40GHz,NoMemory,ONE_D,2,1,1,24,0,0,0,0.209,0,0.131
Intel Xeon CPU E5-2695 v2 @ 2.40GHz,NoMemory,ONE_D,4,1,1,24,0,0,0,0.21,0.001,0.172
Intel Xeon CPU E5-2695 v2 @ 2.40GHz,NoMemory,ONE_D,8,1,1,24,0,0,0,0.208,0.001,0.122
Intel Xeon CPU E5-2695 v2 @ 2.40GHz,NoMemory,ONE_D,16,1,1,24,0,0,0,0.154,0.001,0.11
Intel Xeon CPU E5-2695 v2 @ 2.40GHz,NoMemory,ONE_D,32,1,1,24,0,0,0,0.085,0,0.107
Intel Xeon CPU E5-2695 v2 @ 2.40GHz,NoMemory,ONE_D,64,1,1,24,0,0,0,0.036,0,0.075
Intel Xeon CPU E5-2695 v2 @ 2.40GHz,NoMemory,ONE_D,128,1,1,24,0,0,0,0.023,0,0.073
Intel Xeon CPU E5-2695 v2 @ 2.40GHz,NoMemory,ONE_D,256,1,1,24,0,0,0,0.019,0,0.072
Intel Xeon CPU E5-2695 v2 @ 2.40GHz,NoMemory,ONE_D,512,1,1,24,0,0,0,0.02,0,0.071
Intel Xeon CPU E5-2695 v2 @ 2.40GHz,NoMemory,ONE_D,1024,1,1,24,0,0,0,-1,-1,-1
Intel Xeon CPU E5-2695 v2 @ 2.40GHz,NoMemory,ONE_D,1,1,1,24,0.001,0,0.001,0.26,0,0.141
Intel Xeon CPU E5-2695 v2 @ 2.40GHz,NoMemory,ONE_D,2,1,1,24,0,0,0,0.25,0,0.137
Intel Xeon CPU E5-2695 v2 @ 2.40GHz,NoMemory,ONE_D,4,1,1,24,0,0,0,0.255,0.001,0.128
Intel Xeon CPU E5-2695 v2 @ 2.40GHz,NoMemory,ONE_D,8,1,1,24,0,0,0,0.249,0.001,0.128
Intel Xeon CPU E5-2695 v2 @ 2.40GHz,NoMemory,ONE_D,16,1,1,24,0,0,0.001,0.172,0.001,0.24
Intel Xeon CPU E5-2695 v2 @ 2.40GHz,NoMemory,ONE_D,32,1,1,24,0,0,0,0.138,0.001,0.171
Intel Xeon CPU E5-2695 v2 @ 2.40GHz,NoMemory,ONE_D,64,1,1,24,0,0,0,0.088,0,0.166
Intel Xeon CPU E5-2695 v2 @ 2.40GHz,NoMemory,ONE_D,128,1,1,24,0,0.001,0,0.07,0.001,0.197
Intel Xeon CPU E5-2695 v2 @ 2.40GHz,NoMemory,ONE_D,256,1,1,24,0,0.001,0,0.047,0,0.161
Intel Xeon CPU E5-2695 v2 @ 2.40GHz,NoMemory,ONE_D,512,1,1,24,0,0.001,0,0.05,0,0.157
Intel Xeon CPU E5-2695 v2 @ 2.40GHz,NoMemory,ONE_D,1024,1,1,24,0,0,0,-1,-1,-1
Intel Xeon CPU E5-2695 v2 @ 2.40GHz,NoMemory,ONE_D,1,1,1,24,0.001,0.001,0,0.39,0,0.2
Intel Xeon CPU E5-2695 v2 @ 2.40GHz,NoMemory,ONE_D,2,1,1,24,0,0,0,0.237,0,0.105
Intel Xeon CPU E5-2695 v2 @ 2.40GHz,NoMemory,ONE_D,4,1,1,24,0,0,0,0.228,0,0.103
Intel Xeon CPU E5-2695 v2 @ 2.40GHz,NoMemory,ONE_D,8,1,1,24,0,0,0,0.247,0,0.183
Intel Xeon CPU E5-2695 v2 @ 2.40GHz,NoMemory,ONE_D,16,1,1,24,0,0,0.001,0.156,0,0.096
Intel Xeon CPU E5-2695 v2 @ 2.40GHz,NoMemory,ONE_D,32,1,1,24,0.001,0,0,0.096,0,0.091
Intel Xeon CPU E5-2695 v2 @ 2.40GHz,NoMemory,ONE_D,64,1,1,24,0,0,0,0.073,0.001,0.096
Intel Xeon CPU E5-2695 v2 @ 2.40GHz,NoMemory,ONE_D,128,1,1,24,0,0,0,0.056,0,0.128
Intel Xeon CPU E5-2695 v2 @ 2.40GHz,NoMemory,ONE_D,256,1,1,24,0,0,0,0.045,0,0.102
Intel Xeon CPU E5-2695 v2 @ 2.40GHz,NoMemory,ONE_D,512,1,1,24,0,0,0,0.048,0,0.117
Intel Xeon CPU E5-2695 v2 @ 2.40GHz,NoMemory,ONE_D,1024,1,1,24,0.001,0,0,-1,-1,-1
Intel Xeon CPU E5-2695 v2 @ 2.40GHz,NoMemory,ONE_D,1,1,1,24,0,0,0,0.364,0.001,0.169
Intel Xeon CPU E5-2695 v2 @ 2.40GHz,NoMemory,ONE_D,2,1,1,24,0,0,0,0.253,0,0.131
Intel Xeon CPU E5-2695 v2 @ 2.40GHz,NoMemory,ONE_D,4,1,1,24,0,0,0,0.281,0,0.154
Intel Xeon CPU E5-2695 v2 @ 2.40GHz,NoMemory,ONE_D,8,1,1,24,0,0.001,0,0.285,0.001,0.128
Intel Xeon CPU E5-2695 v2 @ 2.40GHz,NoMemory,ONE_D,16,1,1,24,0.001,0,0,0.208,0.001,0.165
Intel Xeon CPU E5-2695 v2 @ 2.40GHz,NoMemory,ONE_D,32,1,1,24,0,0,0,0.133,0,0.101
Intel Xeon CPU E5-2695 v2 @ 2.40GHz,NoMemory,ONE_D,64,1,1,24,0,0,0,0.077,0,0.121
Intel Xeon CPU E5-2695 v2 @ 2.40GHz,NoMemory,ONE_D,128,1,1,24,0.001,0,0,0.06,0,0.122
Intel Xeon CPU E5-2695 v2 @ 2.40GHz,NoMemory,ONE_D,256,1,1,24,0.001,0,0.001,0.056,0,0.123
Intel Xeon CPU E5-2695 v2 @ 2.40GHz,NoMemory,ONE_D,512,1,1,24,0,0,0,0.056,0,0.122
Intel Xeon CPU E5-2695 v2 @ 2.40GHz,NoMemory,ONE_D,1024,1,1,24,0,0,0,-1,-1,-1
Intel Xeon CPU E5-2695 v2 @ 2.40GHz,NoMemory,ONE_D,1,1,1,24,0,0,0,0.284,0,0.161
Intel Xeon CPU E5-2695 v2 @ 2.40GHz,NoMemory,ONE_D,2,1,1,24,0.001,0,0,0.293,0,0.197
Intel Xeon CPU E5-2695 v2 @ 2.40GHz,NoMemory,ONE_D,4,1,1,24,0,0,0,0.265,0.001,0.148
Intel Xeon CPU E5-2695 v2 @ 2.40GHz,NoMemory,ONE_D,8,1,1,24,0,0,0,0.284,0.001,0.17
Intel Xeon CPU E5-2695 v2 @ 2.40GHz,NoMemory,ONE_D,16,1,1,24,0,0,0.001,0.198,0.001,0.1
Intel Xeon CPU E5-2695 v2 @ 2.40GHz,NoMemory,ONE_D,32,1,1,24,0,0,0,0.097,0,0.095
Intel Xeon CPU E5-2695 v2 @ 2.40GHz,NoMemory,ONE_D,64,1,1,24,0,0,0,0.079,0,0.092
Intel Xeon CPU E5-2695 v2 @ 2.40GHz,NoMemory,ONE_D,128,1,1,24,0,0,0,0.054,0,0.097
Intel Xeon CPU E5-2695 v2 @ 2.40GHz,NoMemory,ONE_D,256,1,1,24,0,0,0,0.048,0,0.091
Intel Xeon CPU E5-2695 v2 @ 2.40GHz,NoMemory,ONE_D,512,1,1,24,0,0,0,0.048,0,0.104
Intel Xeon CPU E5-2695 v2 @ 2.40GHz,NoMemory,ONE_D,1024,1,1,24,0,0,0.001,-1,-1,-1
Intel Xeon CPU E5-2695 v2 @ 2.40GHz,NoMemory,ONE_D,1,1,1,24,0,0,0,0.298,0.001,0.176
Intel Xeon CPU E5-2695 v2 @ 2.40GHz,NoMemory,ONE_D,2,1,1,24,0,0,0,0.231,0,0.139
Intel Xeon CPU E5-2695 v2 @ 2.40GHz,NoMemory,ONE_D,4,1,1,24,0,0,0,0.25,0.001,0.141
Intel Xeon CPU E5-2695 v2 @ 2.40GHz,NoMemory,ONE_D,8,1,1,24,0,0,0,0.243,0,0.137
Intel Xeon CPU E5-2695 v2 @ 2.40GHz,NoMemory,ONE_D,16,1,1,24,0,0,0,0.171,0,0.176
Intel Xeon CPU E5-2695 v2 @ 2.40GHz,NoMemory,ONE_D,32,1,1,24,0,0,0.001,0.09,0,0.136
Intel Xeon CPU E5-2695 v2 @ 2.40GHz,NoMemory,ONE_D,64,1,1,24,0,0,0,0.036,0,0.151
Intel Xeon CPU E5-2695 v2 @ 2.40GHz,NoMemory,ONE_D,128,1,1,24,0,0,0,0.025,0,0.091
Intel Xeon CPU E5-2695 v2 @ 2.40GHz,NoMemory,ONE_D,256,1,1,24,0,0,0,0.021,0,0.089
Intel Xeon CPU E5-2695 v2 @ 2.40GHz,NoMemory,ONE_D,512,1,1,24,0,0,0,0.02,0,0.09
Intel Xeon CPU E5-2695 v2 @ 2.40GHz,NoMemory,ONE_D,1024,1,1,24,0,0,0,-1,-1,-1
Intel Xeon CPU E5-2695 v2 @ 2.40GHz,NoMemory,ONE_D,1,1,1,24,0,0.001,0,0.284,0,0.234
Intel Xeon CPU E5-2695 v2 @ 2.40GHz,NoMemory,ONE_D,2,1,1,24,0,0,0,0.173,0,0.177
Intel Xeon CPU E5-2695 v2 @ 2.40GHz,NoMemory,ONE_D,4,1,1,24,0,0,0,0.185,0,0.241
Intel Xeon CPU E5-2695 v2 @ 2.40GHz,NoMemory,ONE_D,8,1,1,24,0,0.001,0,0.165,0.001,0.117
Intel Xeon CPU E5-2695 v2 @ 2.40GHz,NoMemory,ONE_D,16,1,1,24,0,0,0,0.165,0.001,0.233
Intel Xeon CPU E5-2695 v2 @ 2.40GHz,NoMemory,ONE_D,32,1,1,24,0,0,0,0.091,0,0.22
Intel Xeon CPU E5-2695 v2 @ 2.40GHz,NoMemory,ONE_D,64,1,1,24,0.001,0,0.001,0.063,0.001,0.173
Intel Xeon CPU E5-2695 v2 @ 2.40GHz,NoMemory,ONE_D,128,1,1,24,0,0,0,0.026,0,0.103
Intel Xeon CPU E5-2695 v2 @ 2.40GHz,NoMemory,ONE_D,256,1,1,24,0.001,0,0,0.022,0,0.097
Intel Xeon CPU E5-2695 v2 @ 2.40GHz,NoMemory,ONE_D,512,1,1,24,0,0,0,0.026,0,0.097
Intel Xeon CPU E5-2695 v2 @ 2.40GHz,NoMemory,ONE_D,1024,1,1,24,0,0,0,-1,-1,-1
Intel Xeon CPU E5-2695 v2 @ 2.40GHz,NoMemory,ONE_D,1,1,1,24,0,0,0.001,0.377,0,0.225
Intel Xeon CPU E5-2695 v2 @ 2.40GHz,NoMemory,ONE_D,2,1,1,24,0,0.001,0,0.305,0,0.18
Intel Xeon CPU E5-2695 v2 @ 2.40GHz,NoMemory,ONE_D,4,1,1,24,0,0,0,0.386,0.001,0.285
Intel Xeon CPU E5-2695 v2 @ 2.40GHz,NoMemory,ONE_D,8,1,1,24,0,0,0,0.284,0,0.252
Intel Xeon CPU E5-2695 v2 @ 2.40GHz,NoMemory,ONE_D,16,1,1,24,0,0.001,0,0.163,0,0.246
Intel Xeon CPU E5-2695 v2 @ 2.40GHz,NoMemory,ONE_D,32,1,1,24,0,0,0,0.081,0,0.21
Intel Xeon CPU E5-2695 v2 @ 2.40GHz,NoMemory,ONE_D,64,1,1,24,0,0.001,0,0.052,0,0.204
Intel Xeon CPU E5-2695 v2 @ 2.40GHz,NoMemory,ONE_D,128,1,1,24,0,0.001,0,0.04,0,0.213
Intel Xeon CPU E5-2695 v2 @ 2.40GHz,NoMemory,ONE_D,256,1,1,24,0.001,0,0.001,0.039,0.001,0.202
Intel Xeon CPU E5-2695 v2 @ 2.40GHz,NoMemory,ONE_D,512,1,1,24,0.001,0,0,0.039,0.001,0.209
Intel Xeon CPU E5-2695 v2 @ 2.40GHz,NoMemory,ONE_D,1024,1,1,24,0,0,0.001,-1,-1,-1
Intel Xeon CPU E5-2695 v2 @ 2.40GHz,NoMemory,ONE_D,1,1,1,24,0,0,0,0.18,0,0.205
Intel Xeon CPU E5-2695 v2 @ 2.40GHz,NoMemory,ONE_D,2,1,1,24,0,0,0,0.167,0,0.13
Intel Xeon CPU E5-2695 v2 @ 2.40GHz,NoMemory,ONE_D,4,1,1,24,0,0,0,0.171,0,0.151
Intel Xeon CPU E5-2695 v2 @ 2.40GHz,NoMemory,ONE_D,8,1,1,24,0,0,0,0.172,0,0.126
Intel Xeon CPU E5-2695 v2 @ 2.40GHz,NoMemory,ONE_D,16,1,1,24,0,0,0,0.119,0.001,0.118
Intel Xeon CPU E5-2695 v2 @ 2.40GHz,NoMemory,ONE_D,32,1,1,24,0,0,0,0.068,0,0.124
Intel Xeon CPU E5-2695 v2 @ 2.40GHz,NoMemory,ONE_D,64,1,1,24,0,0.001,0,0.041,0,0.111
Intel Xeon CPU E5-2695 v2 @ 2.40GHz,NoMemory,ONE_D,128,1,1,24,0,0,0,0.035,0,0.109
Intel Xeon CPU E5-2695 v2 @ 2.40GHz,NoMemory,ONE_D,256,1,1,24,0,0,0,0.025,0,0.108
Intel Xeon CPU E5-2695 v2 @ 2.40GHz,NoMemory,ONE_D,512,1,1,24,0,0,0.001,0.026,0.001,0.106
Intel Xeon CPU E5-2695 v2 @ 2.40GHz,NoMemory,ONE_D,1024,1,1,24,0,0,0,-1,-1,-1
Intel Xeon CPU E5-2695 v2 @ 2.40GHz,NoMemory,ONE_D,1,1,1,24,0.001,0,0.001,0.199,0,0.211
Intel Xeon CPU E5-2695 v2 @ 2.40GHz,NoMemory,ONE_D,2,1,1,24,0,0,0,0.186,0,0.169
Intel Xeon CPU E5-2695 v2 @ 2.40GHz,NoMemory,ONE_D,4,1,1,24,0,0,0,0.174,0,0.133
Intel Xeon CPU E5-2695 v2 @ 2.40GHz,NoMemory,ONE_D,8,1,1,24,0,0,0,0.18,0,0.142
Intel Xeon CPU E5-2695 v2 @ 2.40GHz,NoMemory,ONE_D,16,1,1,24,0.001,0,0,0.121,0.001,0.137
Intel Xeon CPU E5-2695 v2 @ 2.40GHz,NoMemory,ONE_D,32,1,1,24,0,0,0,0.067,0,0.119
Intel Xeon CPU E5-2695 v2 @ 2.40GHz,NoMemory,ONE_D,64,1,1,24,0,0,0,0.039,0,0.114
Intel Xeon CPU E5-2695 v2 @ 2.40GHz,NoMemory,ONE_D,128,1,1,24,0,0,0,0.028,0,0.113
Intel Xeon CPU E5-2695 v2 @ 2.40GHz,NoMemory,ONE_D,256,1,1,24,0,0,0,0.023,0.001,0.111
Intel Xeon CPU E5-2695 v2 @ 2.40GHz,NoMemory,ONE_D,512,1,1,24,0,0,0.001,0.025,0,0.111
Intel Xeon CPU E5-2695 v2 @ 2.40GHz,NoMemory,ONE_D,1024,1,1,24,0,0,0,-1,-1,-1
Intel Xeon CPU E5-2695 v2 @ 2.40GHz,NoMemory,ONE_D,1,1,1,24,0.001,0.001,0,0.293,0,0.272
Intel Xeon CPU E5-2695 v2 @ 2.40GHz,NoMemory,ONE_D,2,1,1,24,0,0,0,0.246,0,0.164
Intel Xeon CPU E5-2695 v2 @ 2.40GHz,NoMemory,ONE_D,4,1,1,24,0,0,0,0.165,0.001,0.181
Intel Xeon CPU E5-2695 v2 @ 2.40GHz,NoMemory,ONE_D,8,1,1,24,0,0,0,0.152,0,0.131
Intel Xeon CPU E5-2695 v2 @ 2.40GHz,NoMemory,ONE_D,16,1,1,24,0,0.001,0,0.111,0,0.129
Intel Xeon CPU E5-2695 v2 @ 2.40GHz,NoMemory,ONE_D,32,1,1,24,0,0,0,0.065,0,0.125
Intel Xeon CPU E5-2695 v2 @ 2.40GHz,NoMemory,ONE_D,64,1,1,24,0,0,0,0.041,0,0.12
Intel Xeon CPU E5-2695 v2 @ 2.40GHz,NoMemory,ONE_D,128,1,1,24,0,0,0,0.031,0,0.121
Intel Xeon CPU E5-2695 v2 @ 2.40GHz,NoMemory,ONE_D,256,1,1,24,0.001,0,0,0.042,0,0.234
Intel Xeon CPU E5-2695 v2 @ 2.40GHz,NoMemory,ONE_D,512,1,1,24,0,0,0,0.038,0.001,0.242
Intel Xeon CPU E5-2695 v2 @ 2.40GHz,NoMemory,ONE_D,1024,1,1,24,0,0,0.001,-1,-1,-1
Intel Xeon CPU E5-2695 v2 @ 2.40GHz,NoMemory,ONE_D,1,1,1,24,0.001,0,0,0.311,0,0.154
Intel Xeon CPU E5-2695 v2 @ 2.40GHz,NoMemory,ONE_D,2,1,1,24,0,0,0,0.23,0,0.14
Intel Xeon CPU E5-2695 v2 @ 2.40GHz,NoMemory,ONE_D,4,1,1,24,0,0,0,0.233,0.001,0.137
Intel Xeon CPU E5-2695 v2 @ 2.40GHz,NoMemory,ONE_D,8,1,1,24,0,0,0,0.227,0.001,0.135
Intel Xeon CPU E5-2695 v2 @ 2.40GHz,NoMemory,ONE_D,16,1,1,24,0,0,0,0.164,0,0.13
Intel Xeon CPU E5-2695 v2 @ 2.40GHz,NoMemory,ONE_D,32,1,1,24,0,0,0,0.142,0,0.216
Intel Xeon CPU E5-2695 v2 @ 2.40GHz,NoMemory,ONE_D,64,1,1,24,0.001,0,0,0.071,0,0.174
Intel Xeon CPU E5-2695 v2 @ 2.40GHz,NoMemory,ONE_D,128,1,1,24,0.001,0.001,0,0.065,0,0.197
Intel Xeon CPU E5-2695 v2 @ 2.40GHz,NoMemory,ONE_D,256,1,1,24,0,0,0.001,0.045,0,0.179
Intel Xeon CPU E5-2695 v2 @ 2.40GHz,NoMemory,ONE_D,512,1,1,24,0.001,0,0,0.065,0,0.201
Intel Xeon CPU E5-2695 v2 @ 2.40GHz,NoMemory,ONE_D,1024,1,1,24,0,0,0,-1,-1,-1
Intel Xeon CPU E5-2695 v2 @ 2.40GHz,NoMemory,ONE_D,1,1,1,24,0,0,0,0.22,0.001,0.252
Intel Xeon CPU E5-2695 v2 @ 2.40GHz,NoMemory,ONE_D,2,1,1,24,0,0,0,0.218,0.001,0.208
Intel Xeon CPU E5-2695 v2 @ 2.40GHz,NoMemory,ONE_D,4,1,1,24,0,0.001,0,0.245,0.001,0.182
Intel Xeon CPU E5-2695 v2 @ 2.40GHz,NoMemory,ONE_D,8,1,1,24,0.001,0,0.001,0.243,0,0.211
Intel Xeon CPU E5-2695 v2 @ 2.40GHz,NoMemory,ONE_D,16,1,1,24,0.001,0,0.001,0.161,0.001,0.21
Intel Xeon CPU E5-2695 v2 @ 2.40GHz,NoMemory,ONE_D,32,1,1,24,0,0,0,0.102,0,0.163
Intel Xeon CPU E5-2695 v2 @ 2.40GHz,NoMemory,ONE_D,64,1,1,24,0,0,0,0.044,0,0.132
Intel Xeon CPU E5-2695 v2 @ 2.40GHz,NoMemory,ONE_D,128,1,1,24,0,0,0,0.05,0,0.256
Intel Xeon CPU E5-2695 v2 @ 2.40GHz,NoMemory,ONE_D,256,1,1,24,0,0,0,0.054,0,0.186
Intel Xeon CPU E5-2695 v2 @ 2.40GHz,NoMemory,ONE_D,512,1,1,24,0.001,0,0,0.025,0,0.125
Intel Xeon CPU E5-2695 v2 @ 2.40GHz,NoMemory,ONE_D,1024,1,1,24,0,0,0,-1,-1,-1
Intel Xeon CPU E5-2695 v2 @ 2.40GHz,NoMemory,ONE_D,1,1,1,24,0,0,0,0.357,0.001,0.228
Intel Xeon CPU E5-2695 v2 @ 2.40GHz,NoMemory,ONE_D,2,1,1,24,0,0,0,0.251,0,0.181
Intel Xeon CPU E5-2695 v2 @ 2.40GHz,NoMemory,ONE_D,4,1,1,24,0,0.001,0,0.213,0,0.153
Intel Xeon CPU E5-2695 v2 @ 2.40GHz,NoMemory,ONE_D,8,1,1,24,0,0,0,0.234,0,0.143
Intel Xeon CPU E5-2695 v2 @ 2.40GHz,NoMemory,ONE_D,16,1,1,24,0.001,0,0,0.166,0,0.14
Intel Xeon CPU E5-2695 v2 @ 2.40GHz,NoMemory,ONE_D,32,1,1,24,0,0,0,0.095,0,0.139
Intel Xeon CPU E5-2695 v2 @ 2.40GHz,NoMemory,ONE_D,64,1,1,24,0,0,0,0.077,0,0.165
Intel Xeon CPU E5-2695 v2 @ 2.40GHz,NoMemory,ONE_D,128,1,1,24,0.001,0,0,0.07,0,0.151
Intel Xeon CPU E5-2695 v2 @ 2.40GHz,NoMemory,ONE_D,256,1,1,24,0,0.001,0,0.05,0.001,0.235
Intel Xeon CPU E5-2695 v2 @ 2.40GHz,NoMemory,ONE_D,512,1,1,24,0.001,0,0,0.069,0,0.293
Intel Xeon CPU E5-2695 v2 @ 2.40GHz,NoMemory,ONE_D,1024,1,1,24,0,0,0.001,-1,-1,-1
Intel Xeon CPU E5-2695 v2 @ 2.40GHz,NoMemory,ONE_D,1,1,1,24,0,0,0,0.247,0.001,0.177
Intel Xeon CPU E5-2695 v2 @ 2.40GHz,NoMemory,ONE_D,2,1,1,24,0,0,0,0.174,0.001,0.163
Intel Xeon CPU E5-2695 v2 @ 2.40GHz,NoMemory,ONE_D,4,1,1,24,0,0,0,0.175,0,0.153
Intel Xeon CPU E5-2695 v2 @ 2.40GHz,NoMemory,ONE_D,8,1,1,24,0,0,0,0.171,0,0.151
Intel Xeon CPU E5-2695 v2 @ 2.40GHz,NoMemory,ONE_D,16,1,1,24,0,0.001,0,0.117,0,0.165
Intel Xeon CPU E5-2695 v2 @ 2.40GHz,NoMemory,ONE_D,32,1,1,24,0,0,0,0.08,0.001,0.156
Intel Xeon CPU E5-2695 v2 @ 2.40GHz,NoMemory,ONE_D,64,1,1,24,0,0,0,0.042,0.001,0.137
Intel Xeon CPU E5-2695 v2 @ 2.40GHz,NoMemory,ONE_D,128,1,1,24,0,0,0,0.029,0,0.137
Intel Xeon CPU E5-2695 v2 @ 2.40GHz,NoMemory,ONE_D,256,1,1,24,0,0,0,0.023,0,0.135
Intel Xeon CPU E5-2695 v2 @ 2.40GHz,NoMemory,ONE_D,512,1,1,24,0,0,0,0.023,0,0.234
Intel Xeon CPU E5-2695 v2 @ 2.40GHz,NoMemory,ONE_D,1024,1,1,24,0,0,0,-1,-1,-1
Intel Xeon CPU E5-2695 v2 @ 2.40GHz,NoMemory,ONE_D,1,1,1,24,0,0,0,0.307,0.001,0.3
Intel Xeon CPU E5-2695 v2 @ 2.40GHz,NoMemory,ONE_D,2,1,1,24,0,0,0,0.219,0,0.286
Intel Xeon CPU E5-2695 v2 @ 2.40GHz,NoMemory,ONE_D,4,1,1,24,0,0,0,0.214,0,0.255
Intel Xeon CPU E5-2695 v2 @ 2.40GHz,NoMemory,ONE_D,8,1,1,24,0,0,0,0.224,0,0.246
Intel Xeon CPU E5-2695 v2 @ 2.40GHz,NoMemory,ONE_D,16,1,1,24,0,0,0,0.202,0,0.258
Intel Xeon CPU E5-2695 v2 @ 2.40GHz,NoMemory,ONE_D,32,1,1,24,0,0.001,0,0.103,0.001,0.225
Intel Xeon CPU E5-2695 v2 @ 2.40GHz,NoMemory,ONE_D,64,1,1,24,0,0,0,0.057,0,0.167
Intel Xeon CPU E5-2695 v2 @ 2.40GHz,NoMemory,ONE_D,128,1,1,24,0,0,0,0.03,0,0.171
Intel Xeon CPU E5-2695 v2 @ 2.40GHz,NoMemory,ONE_D,256,1,1,24,0,0,0,0.028,0,0.163
Intel Xeon CPU E5-2695 v2 @ 2.40GHz,NoMemory,ONE_D,512,1,1,24,0,0,0,0.025,0,0.168
Intel Xeon CPU E5-2695 v2 @ 2.40GHz,NoMemory,ONE_D,1024,1,1,24,0,0.001,0,-1,-1,-1
Intel Xeon CPU E5-2695 v2 @ 2.40GHz,NoMemory,ONE_D,1,1,1,24,0,0,0.001,0.207,0,0.237
Intel Xeon CPU E5-2695 v2 @ 2.40GHz,NoMemory,ONE_D,2,1,1,24,0,0,0,0.202,0,0.165
Intel Xeon CPU E5-2695 v2 @ 2.40GHz,NoMemory,ONE_D,4,1,1,24,0,0,0,0.188,0.001,0.165
Intel Xeon CPU E5-2695 v2 @ 2.40GHz,NoMemory,ONE_D,8,1,1,24,0,0,0,0.244,0,0.226
Intel Xeon CPU E5-2695 v2 @ 2.40GHz,NoMemory,ONE_D,16,1,1,24,0,0,0,0.166,0,0.221
Intel Xeon CPU E5-2695 v2 @ 2.40GHz,NoMemory,ONE_D,32,1,1,24,0,0,0,0.118,0,0.207
Intel Xeon CPU E5-2695 v2 @ 2.40GHz,NoMemory,ONE_D,64,1,1,24,0,0,0,0.069,0,0.189
Intel Xeon CPU E5-2695 v2 @ 2.40GHz,NoMemory,ONE_D,128,1,1,24,0.001,0,0.001,0.032,0,0.143
Intel Xeon CPU E5-2695 v2 @ 2.40GHz,NoMemory,ONE_D,256,1,1,24,0,0,0,0.023,0,0.333
Intel Xeon CPU E5-2695 v2 @ 2.40GHz,NoMemory,ONE_D,512,1,1,24,0,0,0,0.05,0,0.298
Intel Xeon CPU E5-2695 v2 @ 2.40GHz,NoMemory,ONE_D,1024,1,1,24,0,0,0,-1,-1,-1
Intel Xeon CPU E5-2695 v2 @ 2.40GHz,NoMemory,ONE_D,1,1,1,24,0,0,0,0.333,0,0.256
Intel Xeon CPU E5-2695 v2 @ 2.40GHz,NoMemory,ONE_D,2,1,1,24,0,0,0,0.281,0,0.215
Intel Xeon CPU E5-2695 v2 @ 2.40GHz,NoMemory,ONE_D,4,1,1,24,0,0.001,0,0.26,0,0.199
Intel Xeon CPU E5-2695 v2 @ 2.40GHz,NoMemory,ONE_D,8,1,1,24,0,0,0,0.276,0,0.187
Intel Xeon CPU E5-2695 v2 @ 2.40GHz,NoMemory,ONE_D,16,1,1,24,0,0,0,0.163,0,0.168
Intel Xeon CPU E5-2695 v2 @ 2.40GHz,NoMemory,ONE_D,32,1,1,24,0,0,0,0.132,0,0.163
Intel Xeon CPU E5-2695 v2 @ 2.40GHz,NoMemory,ONE_D,64,1,1,24,0,0,0,0.104,0,0.174
Intel Xeon CPU E5-2695 v2 @ 2.40GHz,NoMemory,ONE_D,128,1,1,24,0,0,0,0.074,0.001,0.181
Intel Xeon CPU E5-2695 v2 @ 2.40GHz,NoMemory,ONE_D,256,1,1,24,0,0,0,0.064,0,0.184
Intel Xeon CPU E5-2695 v2 @ 2.40GHz,NoMemory,ONE_D,512,1,1,24,0.001,0,0,0.06,0,0.185
Intel Xeon CPU E5-2695 v2 @ 2.40GHz,NoMemory,ONE_D,1024,1,1,24,0,0,0,-1,-1,-1
Intel Xeon CPU E5-2695 v2 @ 2.40GHz,NoMemory,ONE_D,1,1,1,24,0,0,0,0.186,0,0.315
Intel Xeon CPU E5-2695 v2 @ 2.40GHz,NoMemory,ONE_D,2,1,1,24,0,0,0,0.205,0,0.343
Intel Xeon CPU E5-2695 v2 @ 2.40GHz,NoMemory,ONE_D,4,1,1,24,0,0.001,0,0.166,0,0.22
Intel Xeon CPU E5-2695 v2 @ 2.40GHz,NoMemory,ONE_D,8,1,1,24,0,0,0,0.225,0,0.342
Intel Xeon CPU E5-2695 v2 @ 2.40GHz,NoMemory,ONE_D,16,1,1,24,0,0,0,0.099,0,0.163
Intel Xeon CPU E5-2695 v2 @ 2.40GHz,NoMemory,ONE_D,32,1,1,24,0,0.001,0,0.064,0,0.16
Intel Xeon CPU E5-2695 v2 @ 2.40GHz,NoMemory,ONE_D,64,1,1,24,0,0.001,0,0.036,0,0.164
Intel Xeon CPU E5-2695 v2 @ 2.40GHz,NoMemory,ONE_D,128,1,1,24,0.001,0,0,0.025,0.001,0.16
Intel Xeon CPU E5-2695 v2 @ 2.40GHz,NoMemory,ONE_D,256,1,1,24,0,0,0,0.024,0,0.154
Intel Xeon CPU E5-2695 v2 @ 2.40GHz,NoMemory,ONE_D,512,1,1,24,0.001,0,0,0.026,0,0.153
Intel Xeon CPU E5-2695 v2 @ 2.40GHz,NoMemory,ONE_D,1024,1,1,24,0,0,0,-1,-1,-1
Intel Xeon CPU E5-2695 v2 @ 2.40GHz,NoMemory,ONE_D,1,1,1,24,0,0,0,0.306,0,0.282
Intel Xeon CPU E5-2695 v2 @ 2.40GHz,NoMemory,ONE_D,2,1,1,24,0.001,0,0.001,0.22,0,0.221
Intel Xeon CPU E5-2695 v2 @ 2.40GHz,NoMemory,ONE_D,4,1,1,24,0,0,0,0.173,0,0.223
Intel Xeon CPU E5-2695 v2 @ 2.40GHz,NoMemory,ONE_D,8,1,1,24,0,0,0,0.172,0,0.306
Intel Xeon CPU E5-2695 v2 @ 2.40GHz,NoMemory,ONE_D,16,1,1,24,0,0,0,0.118,0,0.169
Intel Xeon CPU E5-2695 v2 @ 2.40GHz,NoMemory,ONE_D,32,1,1,24,0,0,0,0.09,0,0.383
Intel Xeon CPU E5-2695 v2 @ 2.40GHz,NoMemory,ONE_D,64,1,1,24,0.001,0.001,0,0.085,0,0.355
Intel Xeon CPU E5-2695 v2 @ 2.40GHz,NoMemory,ONE_D,128,1,1,24,0.001,0,0,0.059,0,0.198
Intel Xeon CPU E5-2695 v2 @ 2.40GHz,NoMemory,ONE_D,256,1,1,24,0,0,0,0.024,0,0.159
Intel Xeon CPU E5-2695 v2 @ 2.40GHz,NoMemory,ONE_D,512,1,1,24,0.001,0,0,0.022,0.001,0.162
Intel Xeon CPU E5-2695 v2 @ 2.40GHz,NoMemory,ONE_D,1024,1,1,24,0.001,0,0,-1,-1,-1
Intel Xeon CPU E5-2695 v2 @ 2.40GHz,NoMemory,ONE_D,1,1,1,24,0,0,0,0.338,0,0.286
Intel Xeon CPU E5-2695 v2 @ 2.40GHz,NoMemory,ONE_D,2,1,1,24,0,0.001,0,0.407,0.001,0.301
Intel Xeon CPU E5-2695 v2 @ 2.40GHz,NoMemory,ONE_D,4,1,1,24,0.001,0.001,0,0.212,0,0.205
Intel Xeon CPU E5-2695 v2 @ 2.40GHz,NoMemory,ONE_D,8,1,1,24,0,0,0,0.227,0,0.264
Intel Xeon CPU E5-2695 v2 @ 2.40GHz,NoMemory,ONE_D,16,1,1,24,0,0,0,0.147,0.001,0.242
Intel Xeon CPU E5-2695 v2 @ 2.40GHz,NoMemory,ONE_D,32,1,1,24,0,0,0,0.165,0.001,0.374
Intel Xeon CPU E5-2695 v2 @ 2.40GHz,NoMemory,ONE_D,64,1,1,24,0,0.001,0,0.108,0,0.251
Intel Xeon CPU E5-2695 v2 @ 2.40GHz,NoMemory,ONE_D,128,1,1,24,0,0,0,0.084,0.001,0.367
Intel Xeon CPU E5-2695 v2 @ 2.40GHz,NoMemory,ONE_D,256,1,1,24,0,0,0,0.087,0,0.33
Intel Xeon CPU E5-2695 v2 @ 2.40GHz,NoMemory,ONE_D,512,1,1,24,0,0,0,0.084,0,0.301
Intel Xeon CPU E5-2695 v2 @ 2.40GHz,NoMemory,ONE_D,1024,1,1,24,0.001,0,0,-1,-1,-1
Intel Xeon CPU E5-2695 v2 @ 2.40GHz,NoMemory,ONE_D,1,1,1,24,0,0,0,0.256,0.001,0.375
Intel Xeon CPU E5-2695 v2 @ 2.40GHz,NoMemory,ONE_D,2,1,1,24,0,0,0,0.228,0,0.256
Intel Xeon CPU E5-2695 v2 @ 2.40GHz,NoMemory,ONE_D,4,1,1,24,0.001,0,0.001,0.226,0.001,0.378
Intel Xeon CPU E5-2695 v2 @ 2.40GHz,NoMemory,ONE_D,8,1,1,24,0,0,0,0.274,0,0.416
Intel Xeon CPU E5-2695 v2 @ 2.40GHz,NoMemory,ONE_D,16,1,1,24,0.001,0.001,0,0.195,0,0.417
Intel Xeon CPU E5-2695 v2 @ 2.40GHz,NoMemory,ONE_D,32,1,1,24,0,0,0,0.129,0,0.432
Intel Xeon CPU E5-2695 v2 @ 2.40GHz,NoMemory,ONE_D,64,1,1,24,0,0,0,0.106,0.001,0.385
Intel Xeon CPU E5-2695 v2 @ 2.40GHz,NoMemory,ONE_D,128,1,1,24,0,0,0,0.078,0,0.398
Intel Xeon CPU E5-2695 v2 @ 2.40GHz,NoMemory,ONE_D,256,1,1,24,0,0,0,0.072,0,0.366
Intel Xeon CPU E5-2695 v2 @ 2.40GHz,NoMemory,ONE_D,512,1,1,24,0,0,0,0.049,0.001,0.343
Intel Xeon CPU E5-2695 v2 @ 2.40GHz,NoMemory,ONE_D,1024,1,1,24,0.001,0,0.001,-1,-1,-1
Intel Xeon CPU E5-2695 v2 @ 2.40GHz,NoMemory,ONE_D,1,1,1,24,0,0,0,0.324,0.001,0.293
Intel Xeon CPU E5-2695 v2 @ 2.40GHz,NoMemory,ONE_D,2,1,1,24,0,0,0,0.315,0.001,0.262
Intel Xeon CPU E5-2695 v2 @ 2.40GHz,NoMemory,ONE_D,4,1,1,24,0,0,0,0.205,0,0.229
Intel Xeon CPU E5-2695 v2 @ 2.40GHz,NoMemory,ONE_D,8,1,1,24,0,0,0,0.287,0,0.258
Intel Xeon CPU E5-2695 v2 @ 2.40GHz,NoMemory,ONE_D,16,1,1,24,0,0.001,0,0.192,0.001,0.271
Intel Xeon CPU E5-2695 v2 @ 2.40GHz,NoMemory,ONE_D,32,1,1,24,0,0,0,0.113,0,0.258
Intel Xeon CPU E5-2695 v2 @ 2.40GHz,NoMemory,ONE_D,64,1,1,24,0,0,0,0.07,0,0.215
Intel Xeon CPU E5-2695 v2 @ 2.40GHz,NoMemory,ONE_D,128,1,1,24,0,0.001,0,0.065,0,0.211
Intel Xeon CPU E5-2695 v2 @ 2.40GHz,NoMemory,ONE_D,256,1,1,24,0,0,0,0.059,0,0.217
Intel Xeon CPU E5-2695 v2 @ 2.40GHz,NoMemory,ONE_D,512,1,1,24,0,0.001,0,0.041,0,0.178
Intel Xeon CPU E5-2695 v2 @ 2.40GHz,NoMemory,ONE_D,1024,1,1,24,0,0,0,-1,-1,-1
Intel Xeon CPU E5-2695 v2 @ 2.40GHz,NoMemory,ONE_D,1,1,1,24,0,0,0,0.17,0,0.304
Intel Xeon CPU E5-2695 v2 @ 2.40GHz,NoMemory,ONE_D,2,1,1,24,0,0,0,0.171,0.001,0.451
Intel Xeon CPU E5-2695 v2 @ 2.40GHz,NoMemory,ONE_D,4,1,1,24,0,0,0,0.277,0,0.285
Intel Xeon CPU E5-2695 v2 @ 2.40GHz,NoMemory,ONE_D,8,1,1,24,0,0,0,0.258,0,0.278
Intel Xeon CPU E5-2695 v2 @ 2.40GHz,NoMemory,ONE_D,16,1,1,24,0.001,0,0,0.193,0.001,0.315
Intel Xeon CPU E5-2695 v2 @ 2.40GHz,NoMemory,ONE_D,32,1,1,24,0.001,0,0,0.187,0,0.258
Intel Xeon CPU E5-2695 v2 @ 2.40GHz,NoMemory,ONE_D,64,1,1,24,0,0.001,0,0.061,0.001,0.245
Intel Xeon CPU E5-2695 v2 @ 2.40GHz,NoMemory,ONE_D,128,1,1,24,0,0,0,0.036,0,0.273
Intel Xeon CPU E5-2695 v2 @ 2.40GHz,NoMemory,ONE_D,256,1,1,24,0,0,0,0.026,0.001,0.188
Intel Xeon CPU E5-2695 v2 @ 2.40GHz,NoMemory,ONE_D,512,1,1,24,0,0,0,0.026,0.001,0.193
Intel Xeon CPU E5-2695 v2 @ 2.40GHz,NoMemory,ONE_D,1024,1,1,24,0,0,0,-1,-1,-1
Intel Xeon CPU E5-2695 v2 @ 2.40GHz,NoMemory,ONE_D,1,1,1,24,0.001,0,0,0.327,0.001,0.36
Intel Xeon CPU E5-2695 v2 @ 2.40GHz,NoMemory,ONE_D,2,1,1,24,0,0,0,0.306,0,0.346
Intel Xeon CPU E5-2695 v2 @ 2.40GHz,NoMemory,ONE_D,4,1,1,24,0.001,0,0,0.206,0,0.261
Intel Xeon CPU E5-2695 v2 @ 2.40GHz,NoMemory,ONE_D,8,1,1,24,0,0,0,0.215,0,0.268
Intel Xeon CPU E5-2695 v2 @ 2.40GHz,NoMemory,ONE_D,16,1,1,24,0,0.001,0,0.147,0,0.311
Intel Xeon CPU E5-2695 v2 @ 2.40GHz,NoMemory,ONE_D,32,1,1,24,0.001,0.001,0,0.104,0.001,0.381
Intel Xeon CPU E5-2695 v2 @ 2.40GHz,NoMemory,ONE_D,64,1,1,24,0,0,0,0.104,0,0.235
Intel Xeon CPU E5-2695 v2 @ 2.40GHz,NoMemory,ONE_D,128,1,1,24,0,0,0,0.069,0,0.423
Intel Xeon CPU E5-2695 v2 @ 2.40GHz,NoMemory,ONE_D,256,1,1,24,0,0,0,0.089,0,0.302
Intel Xeon CPU E5-2695 v2 @ 2.40GHz,NoMemory,ONE_D,512,1,1,24,0.001,0,0,0.065,0,0.408
Intel Xeon CPU E5-2695 v2 @ 2.40GHz,NoMemory,ONE_D,1024,1,1,24,0,0,0,-1,-1,-1
Intel Xeon CPU E5-2695 v2 @ 2.40GHz,NoMemory,ONE_D,1,1,1,24,0,0,0,0.359,0,0.311
Intel Xeon CPU E5-2695 v2 @ 2.40GHz,NoMemory,ONE_D,2,1,1,24,0,0,0,0.258,0.001,0.286
Intel Xeon CPU E5-2695 v2 @ 2.40GHz,NoMemory,ONE_D,4,1,1,24,0,0,0,0.269,0.001,0.464
Intel Xeon CPU E5-2695 v2 @ 2.40GHz,NoMemory,ONE_D,8,1,1,24,0,0,0,0.234,0.001,0.5
Intel Xeon CPU E5-2695 v2 @ 2.40GHz,NoMemory,ONE_D,16,1,1,24,0,0.001,0,0.183,0.001,0.462
Intel Xeon CPU E5-2695 v2 @ 2.40GHz,NoMemory,ONE_D,32,1,1,24,0,0,0,0.13,0,0.447
Intel Xeon CPU E5-2695 v2 @ 2.40GHz,NoMemory,ONE_D,64,1,1,24,0.001,0,0.001,0.108,0,0.447
Intel Xeon CPU E5-2695 v2 @ 2.40GHz,NoMemory,ONE_D,128,1,1,24,0,0,0,0.095,0,0.427
Intel Xeon CPU E5-2695 v2 @ 2.40GHz,NoMemory,ONE_D,256,1,1,24,0.001,0,0,0.083,0,0.437
Intel Xeon CPU E5-2695 v2 @ 2.40GHz,NoMemory,ONE_D,512,1,1,24,0.001,0,0,0.067,0,0.425
Intel Xeon CPU E5-2695 v2 @ 2.40GHz,NoMemory,ONE_D,1024,1,1,24,0,0,0.001,-1,-1,-1
Intel Xeon CPU E5-2695 v2 @ 2.40GHz,NoMemory,ONE_D,1,1,1,24,0,0,0,0.225,0.001,0.341
Intel Xeon CPU E5-2695 v2 @ 2.40GHz,NoMemory,ONE_D,2,1,1,24,0,0,0,0.197,0,0.26
Intel Xeon CPU E5-2695 v2 @ 2.40GHz,NoMemory,ONE_D,4,1,1,24,0,0.001,0,0.142,0,0.269
Intel Xeon CPU E5-2695 v2 @ 2.40GHz,NoMemory,ONE_D,8,1,1,24,0,0,0,0.251,0.001,0.275
Intel Xeon CPU E5-2695 v2 @ 2.40GHz,NoMemory,ONE_D,16,1,1,24,0.001,0,0.001,0.164,0,0.308
Intel Xeon CPU E5-2695 v2 @ 2.40GHz,NoMemory,ONE_D,32,1,1,24,0,0,0,0.097,0,0.477
Intel Xeon CPU E5-2695 v2 @ 2.40GHz,NoMemory,ONE_D,64,1,1,24,0,0,0,0.048,0,0.21
Intel Xeon CPU E5-2695 v2 @ 2.40GHz,NoMemory,ONE_D,128,1,1,24,0,0,0,0.033,0,0.455
Intel Xeon CPU E5-2695 v2 @ 2.40GHz,NoMemory,ONE_D,256,1,1,24,0.001,0,0.001,0.069,0,0.285
Intel Xeon CPU E5-2695 v2 @ 2.40GHz,NoMemory,ONE_D,512,1,1,24,0,0.001,0,0.033,0,0.435
Intel Xeon CPU E5-2695 v2 @ 2.40GHz,NoMemory,ONE_D,1024,1,1,24,0,0,0,-1,-1,-1
Intel Xeon CPU E5-2695 v2 @ 2.40GHz,NoMemory,ONE_D,1,1,1,24,0,0,0,0.31,0,0.381
Intel Xeon CPU E5-2695 v2 @ 2.40GHz,NoMemory,ONE_D,2,1,1,24,0,0,0,0.239,0,0.295
Intel Xeon CPU E5-2695 v2 @ 2.40GHz,NoMemory,ONE_D,4,1,1,24,0,0,0,0.22,0,0.487
Intel Xeon CPU E5-2695 v2 @ 2.40GHz,NoMemory,ONE_D,8,1,1,24,0.001,0,0.001,0.164,0,0.253
Intel Xeon CPU E5-2695 v2 @ 2.40GHz,NoMemory,ONE_D,16,1,1,24,0,0,0,0.154,0,0.413
Intel Xeon CPU E5-2695 v2 @ 2.40GHz,NoMemory,ONE_D,32,1,1,24,0,0,0,0.097,0,0.28
Intel Xeon CPU E5-2695 v2 @ 2.40GHz,NoMemory,ONE_D,64,1,1,24,0,0,0,0.049,0,0.226
Intel Xeon CPU E5-2695 v2 @ 2.40GHz,NoMemory,ONE_D,128,1,1,24,0,0,0,0.034,0.001,0.219
Intel Xeon CPU E5-2695 v2 @ 2.40GHz,NoMemory,ONE_D,256,1,1,24,0,0,0,0.025,0.001,0.255
Intel Xeon CPU E5-2695 v2 @ 2.40GHz,NoMemory,ONE_D,512,1,1,24,0,0,0,0.028,0,0.219
Intel Xeon CPU E5-2695 v2 @ 2.40GHz,NoMemory,ONE_D,1024,1,1,24,0,0,0,-1,-1,-1
Intel Xeon CPU E5-2695 v2 @ 2.40GHz,NoMemory,ONE_D,1,1,1,24,0.001,0,0,0.251,0.001,0.454
Intel Xeon CPU E5-2695 v2 @ 2.40GHz,NoMemory,ONE_D,2,1,1,24,0,0,0,0.176,0,0.285
Intel Xeon CPU E5-2695 v2 @ 2.40GHz,NoMemory,ONE_D,4,1,1,24,0,0,0,0.199,0,0.283
Intel Xeon CPU E5-2695 v2 @ 2.40GHz,NoMemory,ONE_D,8,1,1,24,0.001,0,0,0.165,0,0.282
Intel Xeon CPU E5-2695 v2 @ 2.40GHz,NoMemory,ONE_D,16,1,1,24,0.001,0,0.001,0.126,0,0.344
Intel Xeon CPU E5-2695 v2 @ 2.40GHz,NoMemory,ONE_D,32,1,1,24,0,0,0,0.087,0.001,0.258
Intel Xeon CPU E5-2695 v2 @ 2.40GHz,NoMemory,ONE_D,64,1,1,24,0,0,0,0.049,0,0.237
Intel Xeon CPU E5-2695 v2 @ 2.40GHz,NoMemory,ONE_D,128,1,1,24,0,0,0,0.03,0.001,0.236
Intel Xeon CPU E5-2695 v2 @ 2.40GHz,NoMemory,ONE_D,256,1,1,24,0,0,0,0.024,0,0.22
Intel Xeon CPU E5-2695 v2 @ 2.40GHz,NoMemory,ONE_D,512,1,1,24,0,0,0,0.022,0,0.22
Intel Xeon CPU E5-2695 v2 @ 2.40GHz,NoMemory,ONE_D,1024,1,1,24,0,0,0,-1,-1,-1
Intel Xeon CPU E5-2695 v2 @ 2.40GHz,NoMemory,ONE_D,1,1,1,24,0.001,0.001,0,0.228,0,0.455
Intel Xeon CPU E5-2695 v2 @ 2.40GHz,NoMemory,ONE_D,2,1,1,24,0,0,0,0.198,0.001,0.414
Intel Xeon CPU E5-2695 v2 @ 2.40GHz,NoMemory,ONE_D,4,1,1,24,0,0,0,0.166,0,0.292
Intel Xeon CPU E5-2695 v2 @ 2.40GHz,NoMemory,ONE_D,8,1,1,24,0,0,0,0.197,0,0.332
Intel Xeon CPU E5-2695 v2 @ 2.40GHz,NoMemory,ONE_D,16,1,1,24,0,0,0,0.152,0,0.293
Intel Xeon CPU E5-2695 v2 @ 2.40GHz,NoMemory,ONE_D,32,1,1,24,0,0,0,0.084,0,0.276
Intel Xeon CPU E5-2695 v2 @ 2.40GHz,NoMemory,ONE_D,64,1,1,24,0,0.001,0,0.039,0,0.232
Intel Xeon CPU E5-2695 v2 @ 2.40GHz,NoMemory,ONE_D,128,1,1,24,0,0,0,0.026,0,0.23
Intel Xeon CPU E5-2695 v2 @ 2.40GHz,NoMemory,ONE_D,256,1,1,24,0.001,0,0,0.022,0,0.365
Intel Xeon CPU E5-2695 v2 @ 2.40GHz,NoMemory,ONE_D,512,1,1,24,0,0,0,0.03,0,0.228
Intel Xeon CPU E5-2695 v2 @ 2.40GHz,NoMemory,ONE_D,1024,1,1,24,0.001,0,0,-1,-1,-1
