device/C,kernel/C,workDimension/C,width/F,height/F,xLocal/I,yLocal/I,zLocal/I,MB/F,init/F,memoryCopyOut/F,plan/F,execute/F,memoryCopyIn/F,cleanUp/F
Tesla K20Xm,FloydWarshall,TWO_D,3072,3072,1,1,1,36,300.717,13.149,0.003,147426,24.989,0.483
Tesla K20Xm,FloydWarshall,TWO_D,3072,3072,1,2,1,36,301.303,13.157,0.003,78132.2,24.176,0.502
Tesla K20Xm,FloydWarshall,TWO_D,3072,3072,1,4,1,36,300.8,13.193,0.003,41937.6,24.882,0.556
Tesla K20Xm,FloydWarshall,TWO_D,3072,3072,1,8,1,36,301.389,13.166,0.003,23884.1,23.945,0.521
Tesla K20Xm,FloydWarshall,TWO_D,3072,3072,1,16,1,36,301.164,13.146,0.003,15517.1,22.916,0.517
Tesla K20Xm,FloydWarshall,TWO_D,3072,3072,1,32,1,36,301.592,13.13,0.002,12575.8,22.965,0.507
Tesla K20Xm,FloydWarshall,TWO_D,3072,3072,1,64,1,36,302.827,13.11,0.002,12154.9,23.983,0.509
Tesla K20Xm,FloydWarshall,TWO_D,3072,3072,1,128,1,36,300.787,13.259,0.002,12139.7,22.81,0.513
Tesla K20Xm,FloydWarshall,TWO_D,3072,3072,1,256,1,36,301.067,13.121,0.002,12206.3,22.871,0.507
Tesla K20Xm,FloydWarshall,TWO_D,3072,3072,1,512,1,36,301.732,13.186,0.002,12352.7,22.912,0.529
Tesla K20Xm,FloydWarshall,TWO_D,3072,3072,1,1024,1,36,301.538,13.117,0.002,12746.3,24.105,0.515
Tesla K20Xm,FloydWarshall,TWO_D,3072,3072,2,1,1,36,300.921,13.118,0.002,73862,24.027,0.523
Tesla K20Xm,FloydWarshall,TWO_D,3072,3072,2,2,1,36,300.747,13.134,0.003,39201.2,24.047,0.521
Tesla K20Xm,FloydWarshall,TWO_D,3072,3072,2,4,1,36,301.038,13.143,0.002,21104.4,22.957,0.511
Tesla K20Xm,FloydWarshall,TWO_D,3072,3072,2,8,1,36,301.03,13.104,0.002,12070.4,23.916,0.512
Tesla K20Xm,FloydWarshall,TWO_D,3072,3072,2,16,1,36,300.837,13.102,0.001,7873.77,22.866,0.512
Tesla K20Xm,FloydWarshall,TWO_D,3072,3072,2,32,1,36,301.417,13.099,0.002,6517.39,22.834,0.506
Tesla K20Xm,FloydWarshall,TWO_D,3072,3072,2,64,1,36,302.889,13.143,0.001,6476.09,22.838,0.511
Tesla K20Xm,FloydWarshall,TWO_D,3072,3072,2,128,1,36,301.348,13.231,0.003,6557.13,22.934,0.502
Tesla K20Xm,FloydWarshall,TWO_D,3072,3072,2,256,1,36,301.335,13.128,0.003,6668.34,22.976,0.51
Tesla K20Xm,FloydWarshall,TWO_D,3072,3072,2,512,1,36,300.846,13.099,0.002,6861.77,23.023,0.507
Tesla K20Xm,FloydWarshall,TWO_D,3072,3072,4,1,1,36,302.279,13.155,0.002,37028.9,24.02,0.525
Tesla K20Xm,FloydWarshall,TWO_D,3072,3072,4,2,1,36,300.441,13.163,0.003,19673.6,24.084,0.517
Tesla K20Xm,FloydWarshall,TWO_D,3072,3072,4,4,1,36,300.852,13.186,0.002,10632.3,23.003,0.514
Tesla K20Xm,FloydWarshall,TWO_D,3072,3072,4,8,1,36,301.454,13.144,0.002,6108.71,22.802,0.504
Tesla K20Xm,FloydWarshall,TWO_D,3072,3072,4,16,1,36,301.465,13.133,0.003,3748.68,22.726,0.516
Tesla K20Xm,FloydWarshall,TWO_D,3072,3072,4,32,1,36,301.335,13.103,0.002,3666.05,22.79,0.51
Tesla K20Xm,FloydWarshall,TWO_D,3072,3072,4,64,1,36,301.134,13.122,0.002,3708.16,22.8,0.515
Tesla K20Xm,FloydWarshall,TWO_D,3072,3072,4,128,1,36,301.414,13.135,0.003,3792.15,22.889,0.506
Tesla K20Xm,FloydWarshall,TWO_D,3072,3072,4,256,1,36,301.197,13.184,0.002,3903.62,22.822,0.514
Tesla K20Xm,FloydWarshall,TWO_D,3072,3072,8,1,1,36,301.475,13.158,0.002,18781.9,24.076,0.516
Tesla K20Xm,FloydWarshall,TWO_D,3072,3072,8,2,1,36,300.924,13.101,0.002,9977.24,22.791,0.516
Tesla K20Xm,FloydWarshall,TWO_D,3072,3072,8,4,1,36,301.151,13.136,0.001,5417.72,22.851,0.53
Tesla K20Xm,FloydWarshall,TWO_D,3072,3072,8,8,1,36,301.099,13.126,0.002,2874,22.897,0.512
Tesla K20Xm,FloydWarshall,TWO_D,3072,3072,8,16,1,36,301.25,13.276,0.002,2159.34,22.846,0.508
Tesla K20Xm,FloydWarshall,TWO_D,3072,3072,8,32,1,36,302.951,13.174,0.002,2165.54,22.849,0.511
Tesla K20Xm,FloydWarshall,TWO_D,3072,3072,8,64,1,36,300.821,13.185,0.002,2249.19,22.842,0.522
Tesla K20Xm,FloydWarshall,TWO_D,3072,3072,8,128,1,36,301.37,13.203,0.002,2751.07,22.906,0.513
Tesla K20Xm,FloydWarshall,TWO_D,3072,3072,16,1,1,36,301.097,13.167,0.002,9494.53,24.012,0.509
Tesla K20Xm,FloydWarshall,TWO_D,3072,3072,16,2,1,36,302.33,13.162,0.002,5082.22,22.94,0.506
Tesla K20Xm,FloydWarshall,TWO_D,3072,3072,16,4,1,36,301.084,13.154,0.002,2666.07,22.94,0.512
Tesla K20Xm,FloydWarshall,TWO_D,3072,3072,16,8,1,36,300.951,13.136,0.003,1582.99,22.777,0.504
Tesla K20Xm,FloydWarshall,TWO_D,3072,3072,16,16,1,36,301.199,13.104,0.002,1632.95,22.828,0.508
Tesla K20Xm,FloydWarshall,TWO_D,3072,3072,16,32,1,36,301.103,13.131,0.002,1785.35,22.9,0.513
Tesla K20Xm,FloydWarshall,TWO_D,3072,3072,16,64,1,36,301.112,13.112,0.002,2171.6,22.788,0.498
Tesla K20Xm,FloydWarshall,TWO_D,3072,3072,32,1,1,36,301.581,13.145,0.002,4876.92,23.01,0.509
Tesla K20Xm,FloydWarshall,TWO_D,3072,3072,32,2,1,36,301.044,13.142,0.002,2555.1,22.789,0.509
Tesla K20Xm,FloydWarshall,TWO_D,3072,3072,32,4,1,36,301.891,13.184,0.002,1499.14,22.739,0.505
Tesla K20Xm,FloydWarshall,TWO_D,3072,3072,32,8,1,36,301.24,13.089,0.001,1512.52,22.763,0.508
Tesla K20Xm,FloydWarshall,TWO_D,3072,3072,32,16,1,36,301.464,13.163,0.002,1663.3,22.781,0.513
Tesla K20Xm,FloydWarshall,TWO_D,3072,3072,32,32,1,36,301.155,13.155,0.002,2065.32,22.748,0.503
Tesla K20Xm,FloydWarshall,TWO_D,3072,3072,64,1,1,36,301.376,13.127,0.002,2673.99,23.061,0.513
Tesla K20Xm,FloydWarshall,TWO_D,3072,3072,64,2,1,36,301.233,13.16,0.002,1539.32,22.735,0.508
Tesla K20Xm,FloydWarshall,TWO_D,3072,3072,64,4,1,36,302.691,13.176,0.002,1536.12,22.637,0.511
Tesla K20Xm,FloydWarshall,TWO_D,3072,3072,64,8,1,36,302.498,13.109,0.002,1656.8,22.631,0.502
Tesla K20Xm,FloydWarshall,TWO_D,3072,3072,64,16,1,36,302.76,13.107,0.002,2082.96,22.724,0.508
Tesla K20Xm,FloydWarshall,TWO_D,3072,3072,128,1,1,36,301.008,13.14,0.002,1568.69,23.023,0.507
Tesla K20Xm,FloydWarshall,TWO_D,3072,3072,128,2,1,36,301.265,13.168,0.003,1592.15,24.017,0.511
Tesla K20Xm,FloydWarshall,TWO_D,3072,3072,128,4,1,36,300.765,13.205,0.002,1688.01,22.802,0.508
Tesla K20Xm,FloydWarshall,TWO_D,3072,3072,128,8,1,36,301.376,13.191,0.002,2121.71,22.824,0.508
Tesla K20Xm,FloydWarshall,TWO_D,3072,3072,256,1,1,36,301.085,13.198,0.002,1623.44,22.758,0.5
Tesla K20Xm,FloydWarshall,TWO_D,3072,3072,256,2,1,36,301.583,13.116,0.002,1736.9,22.794,0.508
Tesla K20Xm,FloydWarshall,TWO_D,3072,3072,256,4,1,36,301.07,13.118,0.002,2135.11,22.875,0.508
Tesla K20Xm,FloydWarshall,TWO_D,3072,3072,512,1,1,36,301.163,13.211,0.002,1765.06,22.809,0.51
Tesla K20Xm,FloydWarshall,TWO_D,3072,3072,512,2,1,36,301.098,13.213,0.001,2153.74,22.731,0.51
Tesla K20Xm,FloydWarshall,TWO_D,3072,3072,1024,1,1,36,301.845,13.339,0.001,2169.8,22.83,0.5
Tesla K20Xm,FloydWarshall,TWO_D,3072,3072,1,1,1,36,300.196,12.834,0.002,147429,24.703,0.364
Tesla K20Xm,FloydWarshall,TWO_D,3072,3072,1,2,1,36,300.311,12.844,0.002,78133.8,24.389,0.371
Tesla K20Xm,FloydWarshall,TWO_D,3072,3072,1,4,1,36,300.277,12.855,0.002,41938.6,23.316,0.374
Tesla K20Xm,FloydWarshall,TWO_D,3072,3072,1,8,1,36,300.526,12.966,0.002,23884.4,23.844,0.364
Tesla K20Xm,FloydWarshall,TWO_D,3072,3072,1,16,1,36,300.115,12.794,0.002,15517,23.161,0.397
Tesla K20Xm,FloydWarshall,TWO_D,3072,3072,1,32,1,36,300.356,12.804,0.003,12577.8,24.25,0.4
Tesla K20Xm,FloydWarshall,TWO_D,3072,3072,1,64,1,36,301.062,12.835,0.002,12154.2,22.908,0.365
Tesla K20Xm,FloydWarshall,TWO_D,3072,3072,1,128,1,36,300.429,12.804,0.002,12140.1,22.825,0.389
Tesla K20Xm,FloydWarshall,TWO_D,3072,3072,1,256,1,36,300.507,12.806,0.002,12205.9,22.89,0.371
Tesla K20Xm,FloydWarshall,TWO_D,3072,3072,1,512,1,36,300.105,12.894,0.003,12353.4,23.961,0.379
Tesla K20Xm,FloydWarshall,TWO_D,3072,3072,1,1024,1,36,300.283,12.814,0.002,12731.5,22.932,0.385
Tesla K20Xm,FloydWarshall,TWO_D,3072,3072,2,1,1,36,300.441,12.859,0.003,73863.3,24.099,0.378
Tesla K20Xm,FloydWarshall,TWO_D,3072,3072,2,2,1,36,299.739,12.9,0.006,39201.9,24.116,0.37
Tesla K20Xm,FloydWarshall,TWO_D,3072,3072,2,4,1,36,300.234,12.824,0.002,21105.1,24.1,0.368
Tesla K20Xm,FloydWarshall,TWO_D,3072,3072,2,8,1,36,299.834,12.86,0.002,12070.9,23.173,0.377
Tesla K20Xm,FloydWarshall,TWO_D,3072,3072,2,16,1,36,300.447,12.791,0.002,7872.22,23.039,0.378
Tesla K20Xm,FloydWarshall,TWO_D,3072,3072,2,32,1,36,300.569,12.814,0.003,6517.37,22.784,0.381
Tesla K20Xm,FloydWarshall,TWO_D,3072,3072,2,64,1,36,301.679,12.868,0.002,6476.17,22.888,0.385
Tesla K20Xm,FloydWarshall,TWO_D,3072,3072,2,128,1,36,300.71,12.898,0.002,6557.53,22.891,0.377
Tesla K20Xm,FloydWarshall,TWO_D,3072,3072,2,256,1,36,300.977,12.864,0.002,6669.73,23.897,0.377
Tesla K20Xm,FloydWarshall,TWO_D,3072,3072,2,512,1,36,299.94,12.837,0.002,6861.88,22.95,0.363
Tesla K20Xm,FloydWarshall,TWO_D,3072,3072,4,1,1,36,302.401,12.811,0.002,37029.7,23.028,0.373
Tesla K20Xm,FloydWarshall,TWO_D,3072,3072,4,2,1,36,300.11,12.821,0.003,19674.2,24.085,0.375
Tesla K20Xm,FloydWarshall,TWO_D,3072,3072,4,4,1,36,300.353,12.948,0.002,10632.1,22.82,0.397
Tesla K20Xm,FloydWarshall,TWO_D,3072,3072,4,8,1,36,300.3,12.86,0.002,6108.15,22.896,0.368
Tesla K20Xm,FloydWarshall,TWO_D,3072,3072,4,16,1,36,300.543,12.844,0.002,3747.65,22.748,0.361
Tesla K20Xm,FloydWarshall,TWO_D,3072,3072,4,32,1,36,300.191,12.827,0.002,3665.74,22.775,0.377
Tesla K20Xm,FloydWarshall,TWO_D,3072,3072,4,64,1,36,300.259,12.849,0.002,3706.38,22.935,0.365
Tesla K20Xm,FloydWarshall,TWO_D,3072,3072,4,128,1,36,300.499,12.797,0.002,3790.86,23.051,0.369
Tesla K20Xm,FloydWarshall,TWO_D,3072,3072,4,256,1,36,300.652,12.811,0.002,3901.65,23.899,0.357
Tesla K20Xm,FloydWarshall,TWO_D,3072,3072,8,1,1,36,299.8,12.882,0.002,18781.6,22.843,0.364
Tesla K20Xm,FloydWarshall,TWO_D,3072,3072,8,2,1,36,300.338,12.863,0.003,9977.49,22.816,0.375
Tesla K20Xm,FloydWarshall,TWO_D,3072,3072,8,4,1,36,300.734,12.852,0.002,5418.56,22.802,0.376
Tesla K20Xm,FloydWarshall,TWO_D,3072,3072,8,8,1,36,300.345,12.81,0.002,2875.05,22.77,0.366
Tesla K20Xm,FloydWarshall,TWO_D,3072,3072,8,16,1,36,300.746,12.866,0.002,2159.53,22.941,0.365
Tesla K20Xm,FloydWarshall,TWO_D,3072,3072,8,32,1,36,301.176,12.87,0.002,2164.92,22.787,0.361
Tesla K20Xm,FloydWarshall,TWO_D,3072,3072,8,64,1,36,300.565,12.862,0.002,2250.1,23.234,0.369
Tesla K20Xm,FloydWarshall,TWO_D,3072,3072,8,128,1,36,308.28,12.916,0.002,2751.64,22.937,0.381
Tesla K20Xm,FloydWarshall,TWO_D,3072,3072,16,1,1,36,300.3,12.809,0.001,9494.57,22.97,0.359
Tesla K20Xm,FloydWarshall,TWO_D,3072,3072,16,2,1,36,301.127,12.893,0.002,5081.83,22.798,0.356
Tesla K20Xm,FloydWarshall,TWO_D,3072,3072,16,4,1,36,300.394,12.808,0.002,2666.36,22.8,0.354
Tesla K20Xm,FloydWarshall,TWO_D,3072,3072,16,8,1,36,300.288,12.801,0.002,1583.3,22.738,0.368
Tesla K20Xm,FloydWarshall,TWO_D,3072,3072,16,16,1,36,300.309,12.784,0.002,1634.29,22.815,0.371
Tesla K20Xm,FloydWarshall,TWO_D,3072,3072,16,32,1,36,300.29,12.846,0.002,1785.28,22.869,0.379
Tesla K20Xm,FloydWarshall,TWO_D,3072,3072,16,64,1,36,300.535,12.82,0.002,2171.52,22.782,0.374
Tesla K20Xm,FloydWarshall,TWO_D,3072,3072,32,1,1,36,300.846,12.789,0.002,4877.13,22.894,0.378
Tesla K20Xm,FloydWarshall,TWO_D,3072,3072,32,2,1,36,300.329,12.799,0.002,2556.26,22.965,0.385
Tesla K20Xm,FloydWarshall,TWO_D,3072,3072,32,4,1,36,300.178,12.818,0.002,1497.89,22.759,0.377
Tesla K20Xm,FloydWarshall,TWO_D,3072,3072,32,8,1,36,300.639,12.894,0.002,1511.14,22.784,0.354
Tesla K20Xm,FloydWarshall,TWO_D,3072,3072,32,16,1,36,300.124,12.836,0.003,1663.43,22.749,0.377
Tesla K20Xm,FloydWarshall,TWO_D,3072,3072,32,32,1,36,300.233,12.867,0.002,2066.13,22.705,0.354
Tesla K20Xm,FloydWarshall,TWO_D,3072,3072,64,1,1,36,300.315,12.83,0.002,2673.8,23.035,0.378
Tesla K20Xm,FloydWarshall,TWO_D,3072,3072,64,2,1,36,300.286,12.837,0.002,1539.19,24.049,0.372
Tesla K20Xm,FloydWarshall,TWO_D,3072,3072,64,4,1,36,300.477,12.832,0.003,1536.57,22.657,0.378
Tesla K20Xm,FloydWarshall,TWO_D,3072,3072,64,8,1,36,301.644,12.896,0.003,1657.96,22.743,0.37
Tesla K20Xm,FloydWarshall,TWO_D,3072,3072,64,16,1,36,302.279,12.865,0.002,2082.98,22.824,0.373
Tesla K20Xm,FloydWarshall,TWO_D,3072,3072,128,1,1,36,300.268,12.847,0.002,1568.12,22.746,0.365
Tesla K20Xm,FloydWarshall,TWO_D,3072,3072,128,2,1,36,300.406,12.847,0.002,1592.59,22.774,0.357
Tesla K20Xm,FloydWarshall,TWO_D,3072,3072,128,4,1,36,300.333,12.799,0.002,1687.17,22.887,0.371
Tesla K20Xm,FloydWarshall,TWO_D,3072,3072,128,8,1,36,300.476,12.851,0.002,2121.9,22.72,0.379
Tesla K20Xm,FloydWarshall,TWO_D,3072,3072,256,1,1,36,300.378,12.843,0.002,1623.72,22.768,0.362
Tesla K20Xm,FloydWarshall,TWO_D,3072,3072,256,2,1,36,300.79,12.848,0.002,1736.54,22.811,0.363
Tesla K20Xm,FloydWarshall,TWO_D,3072,3072,256,4,1,36,300.352,12.831,0.002,2135.12,22.742,0.381
Tesla K20Xm,FloydWarshall,TWO_D,3072,3072,512,1,1,36,300.527,12.906,0.002,1764.79,22.753,0.366
Tesla K20Xm,FloydWarshall,TWO_D,3072,3072,512,2,1,36,300.371,12.872,0.003,2153.79,22.783,0.375
Tesla K20Xm,FloydWarshall,TWO_D,3072,3072,1024,1,1,36,301.895,13.009,0.002,2169.61,22.714,0.361
Tesla K20Xm,FloydWarshall,TWO_D,3072,3072,1,1,1,36,298.715,13.027,0.002,147431,24.509,0.369
Tesla K20Xm,FloydWarshall,TWO_D,3072,3072,1,2,1,36,298.629,13.013,0.002,78132.9,24.223,0.382
Tesla K20Xm,FloydWarshall,TWO_D,3072,3072,1,4,1,36,298.231,12.972,0.002,41931.4,23.937,0.368
Tesla K20Xm,FloydWarshall,TWO_D,3072,3072,1,8,1,36,298.023,13.058,0.003,23905.6,22.688,0.371
Tesla K20Xm,FloydWarshall,TWO_D,3072,3072,1,16,1,36,300.042,12.972,0.002,15532.3,22.582,0.362
Tesla K20Xm,FloydWarshall,TWO_D,3072,3072,1,32,1,36,298.971,13.171,0.002,12576.9,23.869,0.369
Tesla K20Xm,FloydWarshall,TWO_D,3072,3072,1,64,1,36,298.34,13.021,0.002,12154.2,22.804,0.352
Tesla K20Xm,FloydWarshall,TWO_D,3072,3072,1,128,1,36,298.378,12.983,0.003,12139.3,22.836,0.374
Tesla K20Xm,FloydWarshall,TWO_D,3072,3072,1,256,1,36,298.892,12.945,0.002,12205.1,22.901,0.355
Tesla K20Xm,FloydWarshall,TWO_D,3072,3072,1,512,1,36,298.57,12.97,0.002,12352.1,23.765,0.36
Tesla K20Xm,FloydWarshall,TWO_D,3072,3072,1,1024,1,36,298.391,12.953,0.002,12731.8,22.483,0.372
Tesla K20Xm,FloydWarshall,TWO_D,3072,3072,2,1,1,36,299.876,13.098,0.002,73862.3,24.044,0.391
Tesla K20Xm,FloydWarshall,TWO_D,3072,3072,2,2,1,36,298.805,13.035,0.002,39202.5,23.755,0.371
Tesla K20Xm,FloydWarshall,TWO_D,3072,3072,2,4,1,36,297.968,12.99,0.002,21102.4,23.895,0.369
Tesla K20Xm,FloydWarshall,TWO_D,3072,3072,2,8,1,36,298.545,13.058,0.002,12076.6,22.519,0.378
Tesla K20Xm,FloydWarshall,TWO_D,3072,3072,2,16,1,36,298.81,13.04,0.003,7887.21,22.494,0.375
Tesla K20Xm,FloydWarshall,TWO_D,3072,3072,2,32,1,36,298.555,13.156,0.002,6516.37,22.454,0.372
Tesla K20Xm,FloydWarshall,TWO_D,3072,3072,2,64,1,36,298.566,12.983,0.003,6474.83,22.502,0.373
Tesla K20Xm,FloydWarshall,TWO_D,3072,3072,2,128,1,36,298.432,12.97,0.003,6556.96,23.711,0.366
Tesla K20Xm,FloydWarshall,TWO_D,3072,3072,2,256,1,36,298.11,12.977,0.002,6668.28,22.688,0.378
Tesla K20Xm,FloydWarshall,TWO_D,3072,3072,2,512,1,36,298.4,12.979,0.002,6858.99,22.62,0.374
Tesla K20Xm,FloydWarshall,TWO_D,3072,3072,4,1,1,36,298.346,12.981,0.003,37031.6,23.732,0.371
Tesla K20Xm,FloydWarshall,TWO_D,3072,3072,4,2,1,36,299.533,13.328,0.003,19670.1,22.655,0.368
Tesla K20Xm,FloydWarshall,TWO_D,3072,3072,4,4,1,36,300.333,13.018,0.002,10629,22.657,0.368
Tesla K20Xm,FloydWarshall,TWO_D,3072,3072,4,8,1,36,298.45,13.053,0.002,6112.38,22.511,0.372
Tesla K20Xm,FloydWarshall,TWO_D,3072,3072,4,16,1,36,298.551,13.053,0.002,3748.39,22.488,0.371
Tesla K20Xm,FloydWarshall,TWO_D,3072,3072,4,32,1,36,298.334,12.938,0.002,3662.71,22.453,0.379
Tesla K20Xm,FloydWarshall,TWO_D,3072,3072,4,64,1,36,301.188,12.951,0.002,3706.66,23.705,0.362
Tesla K20Xm,FloydWarshall,TWO_D,3072,3072,4,128,1,36,298.053,13.021,0.003,3790.32,22.53,0.363
Tesla K20Xm,FloydWarshall,TWO_D,3072,3072,4,256,1,36,298.765,13.013,0.002,3901.18,22.509,0.372
Tesla K20Xm,FloydWarshall,TWO_D,3072,3072,8,1,1,36,298.552,13.165,0.002,18777.8,22.518,0.365
Tesla K20Xm,FloydWarshall,TWO_D,3072,3072,8,2,1,36,299.183,12.972,0.002,9977.31,22.675,0.387
Tesla K20Xm,FloydWarshall,TWO_D,3072,3072,8,4,1,36,298.346,13.043,0.003,5418.73,22.467,0.379
Tesla K20Xm,FloydWarshall,TWO_D,3072,3072,8,8,1,36,298.999,13.028,0.002,2876.21,23.055,0.364
Tesla K20Xm,FloydWarshall,TWO_D,3072,3072,8,16,1,36,298.959,13.089,0.002,2159.87,23.624,0.351
Tesla K20Xm,FloydWarshall,TWO_D,3072,3072,8,32,1,36,298.234,13.015,0.002,2164.57,22.518,0.391
Tesla K20Xm,FloydWarshall,TWO_D,3072,3072,8,64,1,36,298.71,13.121,0.003,2248.47,22.448,0.361
Tesla K20Xm,FloydWarshall,TWO_D,3072,3072,8,128,1,36,298.691,13.011,0.002,2748.14,22.44,0.373
Tesla K20Xm,FloydWarshall,TWO_D,3072,3072,16,1,1,36,298.837,12.952,0.002,9493.54,22.496,0.373
Tesla K20Xm,FloydWarshall,TWO_D,3072,3072,16,2,1,36,298.407,12.996,0.002,5081.5,22.568,0.351
Tesla K20Xm,FloydWarshall,TWO_D,3072,3072,16,4,1,36,300.083,12.984,0.003,2664.46,22.447,0.369
Tesla K20Xm,FloydWarshall,TWO_D,3072,3072,16,8,1,36,299.409,12.955,0.002,1582.76,22.417,0.371
Tesla K20Xm,FloydWarshall,TWO_D,3072,3072,16,16,1,36,298.717,12.941,0.001,1629.39,22.397,0.375
Tesla K20Xm,FloydWarshall,TWO_D,3072,3072,16,32,1,36,299.019,13.014,0.003,1781.62,22.493,0.38
Tesla K20Xm,FloydWarshall,TWO_D,3072,3072,16,64,1,36,299.083,12.983,0.002,2170.39,22.471,0.343
Tesla K20Xm,FloydWarshall,TWO_D,3072,3072,32,1,1,36,298.395,12.963,0.003,4878.93,22.421,0.371
Tesla K20Xm,FloydWarshall,TWO_D,3072,3072,32,2,1,36,298.765,12.965,0.002,2556.7,22.471,0.363
Tesla K20Xm,FloydWarshall,TWO_D,3072,3072,32,4,1,36,299.492,12.989,0.002,1497.43,22.481,0.357
Tesla K20Xm,FloydWarshall,TWO_D,3072,3072,32,8,1,36,298.361,13.011,0.003,1512.51,22.784,0.363
Tesla K20Xm,FloydWarshall,TWO_D,3072,3072,32,16,1,36,298.32,13.032,0.003,1663.15,23.688,0.367
Tesla K20Xm,FloydWarshall,TWO_D,3072,3072,32,32,1,36,298.036,13.035,0.002,2067.72,22.496,0.374
Tesla K20Xm,FloydWarshall,TWO_D,3072,3072,64,1,1,36,298.945,13.154,0.002,2673.47,22.58,0.362
Tesla K20Xm,FloydWarshall,TWO_D,3072,3072,64,2,1,36,298.635,12.955,0.002,1538.97,22.439,0.358
Tesla K20Xm,FloydWarshall,TWO_D,3072,3072,64,4,1,36,298.765,13.061,0.002,1535.36,22.42,0.368
Tesla K20Xm,FloydWarshall,TWO_D,3072,3072,64,8,1,36,298.484,13.034,0.002,1657.74,22.452,0.375
Tesla K20Xm,FloydWarshall,TWO_D,3072,3072,64,16,1,36,298.219,13.03,0.002,2083.76,22.416,0.354
Tesla K20Xm,FloydWarshall,TWO_D,3072,3072,128,1,1,36,299.037,12.965,0.002,1568.34,22.377,0.353
Tesla K20Xm,FloydWarshall,TWO_D,3072,3072,128,2,1,36,298.618,13.022,0.003,1592.28,22.465,0.367
Tesla K20Xm,FloydWarshall,TWO_D,3072,3072,128,4,1,36,298.398,13.031,0.003,1687.36,22.539,0.363
Tesla K20Xm,FloydWarshall,TWO_D,3072,3072,128,8,1,36,298.563,12.951,0.002,2121.91,22.408,0.368
Tesla K20Xm,FloydWarshall,TWO_D,3072,3072,256,1,1,36,298.594,13.028,0.003,1623.51,22.809,0.366
Tesla K20Xm,FloydWarshall,TWO_D,3072,3072,256,2,1,36,298.858,12.997,0.002,1737.27,22.392,0.368
Tesla K20Xm,FloydWarshall,TWO_D,3072,3072,256,4,1,36,298.604,12.985,0.002,2135.1,22.486,0.369
Tesla K20Xm,FloydWarshall,TWO_D,3072,3072,512,1,1,36,298.504,12.948,0.002,1763.93,22.61,0.369
Tesla K20Xm,FloydWarshall,TWO_D,3072,3072,512,2,1,36,299.559,12.986,0.002,2153.71,22.498,0.374
Tesla K20Xm,FloydWarshall,TWO_D,3072,3072,1024,1,1,36,298.607,12.978,0.002,2169.53,22.493,0.366
Tesla K20Xm,FloydWarshall,TWO_D,3072,3072,1,1,1,36,294.123,12.941,0.002,147431,24.257,0.363
Tesla K20Xm,FloydWarshall,TWO_D,3072,3072,1,2,1,36,293.516,12.924,0.002,78132.7,23.929,0.364
Tesla K20Xm,FloydWarshall,TWO_D,3072,3072,1,4,1,36,294.043,13.111,0.002,41930.4,23.492,0.369
Tesla K20Xm,FloydWarshall,TWO_D,3072,3072,1,8,1,36,294.781,12.948,0.002,23905.5,22.146,0.362
Tesla K20Xm,FloydWarshall,TWO_D,3072,3072,1,16,1,36,294.218,12.932,0.002,15531.2,22.205,0.367
Tesla K20Xm,FloydWarshall,TWO_D,3072,3072,1,32,1,36,294.269,12.936,0.002,12577.3,23.256,0.353
Tesla K20Xm,FloydWarshall,TWO_D,3072,3072,1,64,1,36,293.849,12.96,0.002,12153.5,22.175,0.352
Tesla K20Xm,FloydWarshall,TWO_D,3072,3072,1,128,1,36,293.865,12.936,0.002,12138.9,22.123,0.368
Tesla K20Xm,FloydWarshall,TWO_D,3072,3072,1,256,1,36,295.485,12.996,0.002,12205.3,22.126,0.357
Tesla K20Xm,FloydWarshall,TWO_D,3072,3072,1,512,1,36,293.871,13.03,0.002,12351.5,23.694,0.384
Tesla K20Xm,FloydWarshall,TWO_D,3072,3072,1,1024,1,36,293.898,12.918,0.002,12740.1,22.201,0.365
Tesla K20Xm,FloydWarshall,TWO_D,3072,3072,2,1,1,36,294.18,12.916,0.002,73862.4,23.578,0.354
Tesla K20Xm,FloydWarshall,TWO_D,3072,3072,2,2,1,36,293.632,12.969,0.002,39202,23.558,0.366
Tesla K20Xm,FloydWarshall,TWO_D,3072,3072,2,4,1,36,294.459,12.936,0.003,21102.6,23.836,0.374
Tesla K20Xm,FloydWarshall,TWO_D,3072,3072,2,8,1,36,293.375,12.965,0.002,12075.5,22.222,0.368
Tesla K20Xm,FloydWarshall,TWO_D,3072,3072,2,16,1,36,294.639,13.099,0.002,7887.1,22.135,0.352
Tesla K20Xm,FloydWarshall,TWO_D,3072,3072,2,32,1,36,294.919,12.992,0.003,6516.17,22.07,0.349
Tesla K20Xm,FloydWarshall,TWO_D,3072,3072,2,64,1,36,294.231,12.954,0.003,6474.53,22.053,0.358
Tesla K20Xm,FloydWarshall,TWO_D,3072,3072,2,128,1,36,293.732,12.979,0.002,6556.68,22.368,0.36
Tesla K20Xm,FloydWarshall,TWO_D,3072,3072,2,256,1,36,293.954,12.964,0.002,6668.88,23.374,0.363
Tesla K20Xm,FloydWarshall,TWO_D,3072,3072,2,512,1,36,293.558,12.925,0.002,6859.25,22.107,0.362
Tesla K20Xm,FloydWarshall,TWO_D,3072,3072,4,1,1,36,293.616,12.951,0.002,37031.8,23.672,0.378
Tesla K20Xm,FloydWarshall,TWO_D,3072,3072,4,2,1,36,293.906,12.992,0.002,19669.4,22.57,0.41
Tesla K20Xm,FloydWarshall,TWO_D,3072,3072,4,4,1,36,293.645,12.909,0.002,10628,22.05,0.373
Tesla K20Xm,FloydWarshall,TWO_D,3072,3072,4,8,1,36,294.223,12.991,0.002,6111.66,22.038,0.354
Tesla K20Xm,FloydWarshall,TWO_D,3072,3072,4,16,1,36,293.809,12.986,0.003,3747.44,22.022,0.379
Tesla K20Xm,FloydWarshall,TWO_D,3072,3072,4,32,1,36,294.01,12.965,0.002,3663.17,22.046,0.361
Tesla K20Xm,FloydWarshall,TWO_D,3072,3072,4,64,1,36,293.87,12.897,0.002,3705.64,23.238,0.359
Tesla K20Xm,FloydWarshall,TWO_D,3072,3072,4,128,1,36,293.671,12.981,0.002,3790.79,22.046,0.362
Tesla K20Xm,FloydWarshall,TWO_D,3072,3072,4,256,1,36,294.411,13.179,0.002,3899.64,22.008,0.364
Tesla K20Xm,FloydWarshall,TWO_D,3072,3072,8,1,1,36,295.351,12.956,0.003,18777.5,22.329,0.359
Tesla K20Xm,FloydWarshall,TWO_D,3072,3072,8,2,1,36,293.68,12.937,0.002,9977.31,22.07,0.364
Tesla K20Xm,FloydWarshall,TWO_D,3072,3072,8,4,1,36,293.966,12.911,0.002,5419.08,22.289,0.356
Tesla K20Xm,FloydWarshall,TWO_D,3072,3072,8,8,1,36,293.665,12.928,0.003,2874.94,21.994,0.357
Tesla K20Xm,FloydWarshall,TWO_D,3072,3072,8,16,1,36,297.013,12.953,0.002,2157.67,23.242,0.358
Tesla K20Xm,FloydWarshall,TWO_D,3072,3072,8,32,1,36,293.366,13.047,0.002,2164.44,22.035,0.358
Tesla K20Xm,FloydWarshall,TWO_D,3072,3072,8,64,1,36,293.904,12.899,0.002,2248.23,22.037,0.366
Tesla K20Xm,FloydWarshall,TWO_D,3072,3072,8,128,1,36,295.315,12.958,0.003,2750.69,22.047,0.359
Tesla K20Xm,FloydWarshall,TWO_D,3072,3072,16,1,1,36,294.286,12.954,0.002,9493.33,22.088,0.383
Tesla K20Xm,FloydWarshall,TWO_D,3072,3072,16,2,1,36,293.88,12.987,0.002,5081.3,22.054,0.36
Tesla K20Xm,FloydWarshall,TWO_D,3072,3072,16,4,1,36,294.1,12.966,0.002,2663.42,22.002,0.369
Tesla K20Xm,FloydWarshall,TWO_D,3072,3072,16,8,1,36,293.737,12.921,0.002,1581.73,21.984,0.366
Tesla K20Xm,FloydWarshall,TWO_D,3072,3072,16,16,1,36,293.93,13.001,0.002,1628.93,22.01,0.368
Tesla K20Xm,FloydWarshall,TWO_D,3072,3072,16,32,1,36,293.979,12.923,0.002,1782.87,22.115,0.365
Tesla K20Xm,FloydWarshall,TWO_D,3072,3072,16,64,1,36,294.265,12.966,0.002,2170.69,22.054,0.37
Tesla K20Xm,FloydWarshall,TWO_D,3072,3072,32,1,1,36,295.122,22.923,0.002,4878.44,21.993,0.373
Tesla K20Xm,FloydWarshall,TWO_D,3072,3072,32,2,1,36,294.065,12.952,0.002,2555.74,22.023,0.354
Tesla K20Xm,FloydWarshall,TWO_D,3072,3072,32,4,1,36,294.593,13.06,0.003,1497.77,21.933,0.367
Tesla K20Xm,FloydWarshall,TWO_D,3072,3072,32,8,1,36,294.14,12.968,0.002,1512.73,22.023,0.351
Tesla K20Xm,FloydWarshall,TWO_D,3072,3072,32,16,1,36,293.54,12.984,0.002,1663.1,22.371,0.35
Tesla K20Xm,FloydWarshall,TWO_D,3072,3072,32,32,1,36,308.134,12.901,0.003,2067.93,22.103,0.365
Tesla K20Xm,FloydWarshall,TWO_D,3072,3072,64,1,1,36,295.222,12.91,0.002,2672.8,22.002,0.367
Tesla K20Xm,FloydWarshall,TWO_D,3072,3072,64,2,1,36,294.037,12.891,0.002,1539.26,21.943,0.363
Tesla K20Xm,FloydWarshall,TWO_D,3072,3072,64,4,1,36,293.831,12.947,0.002,1535.27,21.961,0.365
Tesla K20Xm,FloydWarshall,TWO_D,3072,3072,64,8,1,36,294.222,12.966,0.002,1658.45,21.977,0.36
Tesla K20Xm,FloydWarshall,TWO_D,3072,3072,64,16,1,36,293.771,12.903,0.002,2083,21.954,0.355
Tesla K20Xm,FloydWarshall,TWO_D,3072,3072,128,1,1,36,294.173,12.882,0.003,1567.09,21.969,0.367
Tesla K20Xm,FloydWarshall,TWO_D,3072,3072,128,2,1,36,293.97,12.905,0.002,1590.42,21.977,0.468
Tesla K20Xm,FloydWarshall,TWO_D,3072,3072,128,4,1,36,293.894,12.948,0.002,1686.58,22.044,0.37
Tesla K20Xm,FloydWarshall,TWO_D,3072,3072,128,8,1,36,294.319,12.914,0.003,2121.46,21.971,0.37
Tesla K20Xm,FloydWarshall,TWO_D,3072,3072,256,1,1,36,294.088,12.915,0.002,1623.14,22.056,0.361
Tesla K20Xm,FloydWarshall,TWO_D,3072,3072,256,2,1,36,293.706,13.013,0.002,1736.61,21.95,0.369
Tesla K20Xm,FloydWarshall,TWO_D,3072,3072,256,4,1,36,293.921,12.902,0.002,2134.77,22.128,0.372
Tesla K20Xm,FloydWarshall,TWO_D,3072,3072,512,1,1,36,294.706,12.904,0.002,1764.01,22.013,0.342
Tesla K20Xm,FloydWarshall,TWO_D,3072,3072,512,2,1,36,295.263,12.911,0.002,2153.49,22.038,0.364
Tesla K20Xm,FloydWarshall,TWO_D,3072,3072,1024,1,1,36,293.942,12.958,0.002,2169.39,22.089,0.389
Tesla K20Xm,FloydWarshall,TWO_D,3072,3072,1,1,1,36,293.669,12.841,0.003,147430,23.276,0.375
Tesla K20Xm,FloydWarshall,TWO_D,3072,3072,1,2,1,36,294.961,12.791,0.002,78133.6,23.005,0.372
Tesla K20Xm,FloydWarshall,TWO_D,3072,3072,1,4,1,36,293.163,12.831,0.002,41930.1,22.034,0.365
Tesla K20Xm,FloydWarshall,TWO_D,3072,3072,1,8,1,36,293.792,12.883,0.003,23905.7,22.836,0.369
Tesla K20Xm,FloydWarshall,TWO_D,3072,3072,1,16,1,36,293.886,12.817,0.002,15533,21.32,0.362
Tesla K20Xm,FloydWarshall,TWO_D,3072,3072,1,32,1,36,293.994,12.854,0.002,12576.7,21.415,0.377
Tesla K20Xm,FloydWarshall,TWO_D,3072,3072,1,64,1,36,294.142,12.851,0.002,12153.4,22.824,0.374
Tesla K20Xm,FloydWarshall,TWO_D,3072,3072,1,128,1,36,293.491,12.784,0.002,12138.2,21.385,0.363
Tesla K20Xm,FloydWarshall,TWO_D,3072,3072,1,256,1,36,293.639,12.799,0.002,12205.3,21.358,0.36
Tesla K20Xm,FloydWarshall,TWO_D,3072,3072,1,512,1,36,294.116,12.771,0.003,12350.4,21.294,0.376
Tesla K20Xm,FloydWarshall,TWO_D,3072,3072,1,1024,1,36,295.276,12.93,0.002,12735.8,22.541,0.375
Tesla K20Xm,FloydWarshall,TWO_D,3072,3072,2,1,1,36,293.846,12.799,0.002,73862.2,22.655,0.371
Tesla K20Xm,FloydWarshall,TWO_D,3072,3072,2,2,1,36,293.857,12.777,0.002,39201.8,22.705,0.357
Tesla K20Xm,FloydWarshall,TWO_D,3072,3072,2,4,1,36,293.405,12.858,0.002,21102.4,21.392,0.374
Tesla K20Xm,FloydWarshall,TWO_D,3072,3072,2,8,1,36,295.195,12.757,0.002,12076,22.544,0.388
Tesla K20Xm,FloydWarshall,TWO_D,3072,3072,2,16,1,36,293.416,12.819,0.003,7887.79,21.301,0.372
Tesla K20Xm,FloydWarshall,TWO_D,3072,3072,2,32,1,36,293.799,12.817,0.002,6516.24,21.277,0.364
Tesla K20Xm,FloydWarshall,TWO_D,3072,3072,2,64,1,36,293.877,12.781,0.002,6474.75,21.307,0.364
Tesla K20Xm,FloydWarshall,TWO_D,3072,3072,2,128,1,36,293.983,12.764,0.002,6557.23,21.41,0.364
Tesla K20Xm,FloydWarshall,TWO_D,3072,3072,2,256,1,36,293.629,12.802,0.003,6669.34,21.282,0.38
Tesla K20Xm,FloydWarshall,TWO_D,3072,3072,2,512,1,36,293.97,12.859,0.003,6860.06,22.409,0.373
Tesla K20Xm,FloydWarshall,TWO_D,3072,3072,4,1,1,36,293.343,12.79,0.002,37031.6,21.455,0.354
Tesla K20Xm,FloydWarshall,TWO_D,3072,3072,4,2,1,36,293.782,12.783,0.003,19669.5,22.633,0.368
Tesla K20Xm,FloydWarshall,TWO_D,3072,3072,4,4,1,36,293.968,12.775,0.002,10628.6,21.374,0.423
Tesla K20Xm,FloydWarshall,TWO_D,3072,3072,4,8,1,36,294.049,12.818,0.002,6111.66,21.484,0.353
Tesla K20Xm,FloydWarshall,TWO_D,3072,3072,4,16,1,36,294.154,12.767,0.002,3748.61,21.315,0.37
Tesla K20Xm,FloydWarshall,TWO_D,3072,3072,4,32,1,36,293.985,12.785,0.002,3662.55,21.289,0.358
Tesla K20Xm,FloydWarshall,TWO_D,3072,3072,4,64,1,36,294.004,12.809,0.002,3706.24,21.237,0.371
Tesla K20Xm,FloydWarshall,TWO_D,3072,3072,4,128,1,36,294.11,12.811,0.002,3789.19,21.294,0.376
Tesla K20Xm,FloydWarshall,TWO_D,3072,3072,4,256,1,36,293.934,12.765,0.002,3898.83,21.584,0.407
Tesla K20Xm,FloydWarshall,TWO_D,3072,3072,8,1,1,36,293.811,12.789,0.002,18778,22.457,0.418
Tesla K20Xm,FloydWarshall,TWO_D,3072,3072,8,2,1,36,293.482,12.806,0.002,9977.71,21.24,0.37
Tesla K20Xm,FloydWarshall,TWO_D,3072,3072,8,4,1,36,295.107,12.831,0.002,5418.94,21.248,0.374
Tesla K20Xm,FloydWarshall,TWO_D,3072,3072,8,8,1,36,294.028,12.814,0.003,2874.86,21.315,0.362
Tesla K20Xm,FloydWarshall,TWO_D,3072,3072,8,16,1,36,294.113,12.775,0.002,2159.2,21.258,0.368
Tesla K20Xm,FloydWarshall,TWO_D,3072,3072,8,32,1,36,294.374,12.777,0.002,2165.27,21.255,0.366
Tesla K20Xm,FloydWarshall,TWO_D,3072,3072,8,64,1,36,295.328,12.812,0.002,2249.2,21.276,0.364
Tesla K20Xm,FloydWarshall,TWO_D,3072,3072,8,128,1,36,293.916,12.809,0.002,2748.23,21.272,0.415
Tesla K20Xm,FloydWarshall,TWO_D,3072,3072,16,1,1,36,294.008,12.813,0.002,9493.73,22.415,0.363
Tesla K20Xm,FloydWarshall,TWO_D,3072,3072,16,2,1,36,293.367,12.77,0.002,5081.24,21.398,0.414
Tesla K20Xm,FloydWarshall,TWO_D,3072,3072,16,4,1,36,294.085,12.862,0.002,2664.3,21.284,0.372
Tesla K20Xm,FloydWarshall,TWO_D,3072,3072,16,8,1,36,294.554,12.898,0.002,1582.62,21.309,0.372
Tesla K20Xm,FloydWarshall,TWO_D,3072,3072,16,16,1,36,294.117,12.772,0.002,1629.68,21.196,0.367
Tesla K20Xm,FloydWarshall,TWO_D,3072,3072,16,32,1,36,293.925,12.808,0.002,1783.59,21.288,0.379
Tesla K20Xm,FloydWarshall,TWO_D,3072,3072,16,64,1,36,294.97,12.846,0.002,2170.48,21.267,0.388
Tesla K20Xm,FloydWarshall,TWO_D,3072,3072,32,1,1,36,293.761,12.806,0.003,4878.84,21.349,0.367
Tesla K20Xm,FloydWarshall,TWO_D,3072,3072,32,2,1,36,293.722,12.827,0.002,2556.73,21.244,0.369
Tesla K20Xm,FloydWarshall,TWO_D,3072,3072,32,4,1,36,293.819,12.835,0.002,1497.36,21.313,0.355
Tesla K20Xm,FloydWarshall,TWO_D,3072,3072,32,8,1,36,293.675,12.776,0.002,1511.98,21.162,0.369
Tesla K20Xm,FloydWarshall,TWO_D,3072,3072,32,16,1,36,294.839,12.777,0.002,1663.11,21.156,0.371
Tesla K20Xm,FloydWarshall,TWO_D,3072,3072,32,32,1,36,295.087,12.798,0.002,2067.8,21.251,0.36
Tesla K20Xm,FloydWarshall,TWO_D,3072,3072,64,1,1,36,293.75,12.803,0.002,2672.67,21.233,0.369
Tesla K20Xm,FloydWarshall,TWO_D,3072,3072,64,2,1,36,293.722,12.808,0.002,1539.36,21.266,0.371
Tesla K20Xm,FloydWarshall,TWO_D,3072,3072,64,4,1,36,293.803,12.803,0.002,1535.37,21.3,0.374
Tesla K20Xm,FloydWarshall,TWO_D,3072,3072,64,8,1,36,293.952,12.774,0.002,1658.09,24.724,0.367
Tesla K20Xm,FloydWarshall,TWO_D,3072,3072,64,16,1,36,294.32,12.776,0.002,2083.4,21.239,0.365
Tesla K20Xm,FloydWarshall,TWO_D,3072,3072,128,1,1,36,294.063,12.741,0.002,1567.76,21.286,0.361
Tesla K20Xm,FloydWarshall,TWO_D,3072,3072,128,2,1,36,293.848,12.8,0.002,1591.64,21.282,0.369
Tesla K20Xm,FloydWarshall,TWO_D,3072,3072,128,4,1,36,293.681,12.793,0.002,1685.65,21.286,0.383
Tesla K20Xm,FloydWarshall,TWO_D,3072,3072,128,8,1,36,293.727,12.851,0.002,2121.65,21.218,0.366
Tesla K20Xm,FloydWarshall,TWO_D,3072,3072,256,1,1,36,296.207,12.879,0.003,1622.62,21.335,0.373
Tesla K20Xm,FloydWarshall,TWO_D,3072,3072,256,2,1,36,295.032,12.911,0.002,1735.78,21.204,0.417
Tesla K20Xm,FloydWarshall,TWO_D,3072,3072,256,4,1,36,295.644,12.825,0.002,2135.08,21.559,0.365
Tesla K20Xm,FloydWarshall,TWO_D,3072,3072,512,1,1,36,293.589,12.788,0.002,1764.26,21.215,0.366
Tesla K20Xm,FloydWarshall,TWO_D,3072,3072,512,2,1,36,293.774,12.781,0.002,2153.12,21.288,0.369
Tesla K20Xm,FloydWarshall,TWO_D,3072,3072,1024,1,1,36,294.403,12.763,0.003,2169.39,21.259,0.376
Tesla K20Xm,FloydWarshall,TWO_D,3072,3072,1,1,1,36,294.14,12.746,0.002,147430,24.242,0.374
Tesla K20Xm,FloydWarshall,TWO_D,3072,3072,1,2,1,36,294.233,12.859,0.003,78132.5,24.622,0.38
Tesla K20Xm,FloydWarshall,TWO_D,3072,3072,1,4,1,36,296.023,13.699,0.002,41931.3,25.4,0.541
Tesla K20Xm,FloydWarshall,TWO_D,3072,3072,1,8,1,36,296.671,12.73,0.002,23905.3,24.035,0.37
Tesla K20Xm,FloydWarshall,TWO_D,3072,3072,1,16,1,36,294.331,12.733,0.002,15534.4,22.481,0.362
Tesla K20Xm,FloydWarshall,TWO_D,3072,3072,1,32,1,36,294.052,12.763,0.002,12576.5,23.152,0.364
Tesla K20Xm,FloydWarshall,TWO_D,3072,3072,1,64,1,36,293.855,12.744,0.002,12154.1,23.737,0.368
Tesla K20Xm,FloydWarshall,TWO_D,3072,3072,1,128,1,36,293.787,12.762,0.002,12139.1,22.462,0.377
Tesla K20Xm,FloydWarshall,TWO_D,3072,3072,1,256,1,36,293.909,12.728,0.002,12204.9,22.258,0.363
Tesla K20Xm,FloydWarshall,TWO_D,3072,3072,1,512,1,36,293.97,12.78,0.002,12351.2,22.178,0.371
Tesla K20Xm,FloydWarshall,TWO_D,3072,3072,1,1024,1,36,293.431,12.754,0.002,12738.7,23.432,0.36
Tesla K20Xm,FloydWarshall,TWO_D,3072,3072,2,1,1,36,293.456,12.734,0.002,73862.7,24.092,0.373
Tesla K20Xm,FloydWarshall,TWO_D,3072,3072,2,2,1,36,294.012,12.74,0.003,39202.4,24.651,0.45
Tesla K20Xm,FloydWarshall,TWO_D,3072,3072,2,4,1,36,293.883,12.763,0.002,21102.3,22.403,0.369
Tesla K20Xm,FloydWarshall,TWO_D,3072,3072,2,8,1,36,294.829,12.775,0.002,12076.5,23.436,0.356
Tesla K20Xm,FloydWarshall,TWO_D,3072,3072,2,16,1,36,295.013,12.807,0.002,7885.68,22.155,0.357
Tesla K20Xm,FloydWarshall,TWO_D,3072,3072,2,32,1,36,293.926,12.808,0.002,6515.6,22.195,0.372
Tesla K20Xm,FloydWarshall,TWO_D,3072,3072,2,64,1,36,294.351,12.736,0.002,6475.36,22.044,0.366
Tesla K20Xm,FloydWarshall,TWO_D,3072,3072,2,128,1,36,295.678,12.737,0.002,6556.87,22.132,0.369
Tesla K20Xm,FloydWarshall,TWO_D,3072,3072,2,256,1,36,294.311,12.747,0.002,6668.68,22.232,0.372
Tesla K20Xm,FloydWarshall,TWO_D,3072,3072,2,512,1,36,294.878,12.951,0.002,6860.46,22.453,0.362
Tesla K20Xm,FloydWarshall,TWO_D,3072,3072,4,1,1,36,294.216,12.71,0.002,37032.1,23.286,0.353
Tesla K20Xm,FloydWarshall,TWO_D,3072,3072,4,2,1,36,293.296,12.816,0.002,19669.4,23.438,0.353
Tesla K20Xm,FloydWarshall,TWO_D,3072,3072,4,4,1,36,293.569,12.735,0.002,10628.1,22.261,0.354
Tesla K20Xm,FloydWarshall,TWO_D,3072,3072,4,8,1,36,293.913,12.757,0.002,6112.27,22.081,0.366
Tesla K20Xm,FloydWarshall,TWO_D,3072,3072,4,16,1,36,294.298,12.733,0.002,3747.62,22.225,0.375
Tesla K20Xm,FloydWarshall,TWO_D,3072,3072,4,32,1,36,294.788,12.743,0.003,3663.84,22.159,0.36
Tesla K20Xm,FloydWarshall,TWO_D,3072,3072,4,64,1,36,295.716,12.827,0.002,3706.91,22.102,0.375
Tesla K20Xm,FloydWarshall,TWO_D,3072,3072,4,128,1,36,294.869,12.901,0.003,3790.75,22.12,0.361
Tesla K20Xm,FloydWarshall,TWO_D,3072,3072,4,256,1,36,295.509,12.721,0.002,3900.06,22.307,0.389
Tesla K20Xm,FloydWarshall,TWO_D,3072,3072,8,1,1,36,293.724,12.753,0.002,18777.9,23.497,0.373
Tesla K20Xm,FloydWarshall,TWO_D,3072,3072,8,2,1,36,293.788,12.777,0.003,9977.01,22.333,0.386
Tesla K20Xm,FloydWarshall,TWO_D,3072,3072,8,4,1,36,294.599,12.701,0.002,5419.61,22.234,0.366
Tesla K20Xm,FloydWarshall,TWO_D,3072,3072,8,8,1,36,293.828,12.794,0.002,2877.14,22.058,0.378
Tesla K20Xm,FloydWarshall,TWO_D,3072,3072,8,16,1,36,293.827,12.778,0.002,2158.63,22.058,0.384
Tesla K20Xm,FloydWarshall,TWO_D,3072,3072,8,32,1,36,294.031,12.814,0.002,2164.36,22.104,0.359
Tesla K20Xm,FloydWarshall,TWO_D,3072,3072,8,64,1,36,294.001,12.772,0.002,2248.21,22.15,0.352
Tesla K20Xm,FloydWarshall,TWO_D,3072,3072,8,128,1,36,294.622,12.743,0.002,2750.21,22.108,0.376
Tesla K20Xm,FloydWarshall,TWO_D,3072,3072,16,1,1,36,293.917,12.725,0.003,9494.11,23.509,0.368
Tesla K20Xm,FloydWarshall,TWO_D,3072,3072,16,2,1,36,294.292,12.763,0.002,5081.62,22.117,0.367
Tesla K20Xm,FloydWarshall,TWO_D,3072,3072,16,4,1,36,293.776,12.774,0.002,2664.27,22.121,0.369
Tesla K20Xm,FloydWarshall,TWO_D,3072,3072,16,8,1,36,294.161,12.812,0.002,1581.73,22.043,0.369
Tesla K20Xm,FloydWarshall,TWO_D,3072,3072,16,16,1,36,294.167,12.718,0.002,1629.7,21.994,0.36
Tesla K20Xm,FloydWarshall,TWO_D,3072,3072,16,32,1,36,294.23,12.77,0.002,1782.74,22.069,0.374
Tesla K20Xm,FloydWarshall,TWO_D,3072,3072,16,64,1,36,293.917,12.832,0.002,2170.75,22.03,0.385
Tesla K20Xm,FloydWarshall,TWO_D,3072,3072,32,1,1,36,295.438,12.869,0.002,4878.73,22.11,0.373
Tesla K20Xm,FloydWarshall,TWO_D,3072,3072,32,2,1,36,294.116,12.791,0.002,2556.34,22.026,0.372
Tesla K20Xm,FloydWarshall,TWO_D,3072,3072,32,4,1,36,295.03,12.8,0.002,1496.82,22.131,0.367
Tesla K20Xm,FloydWarshall,TWO_D,3072,3072,32,8,1,36,295.046,12.924,0.002,1512.7,22.022,0.369
Tesla K20Xm,FloydWarshall,TWO_D,3072,3072,32,16,1,36,294.168,12.74,0.002,1663.15,22.129,0.366
Tesla K20Xm,FloydWarshall,TWO_D,3072,3072,32,32,1,36,294.619,12.707,0.002,2067.67,22.095,0.371
Tesla K20Xm,FloydWarshall,TWO_D,3072,3072,64,1,1,36,295.324,12.72,0.002,2672.1,22.104,0.363
Tesla K20Xm,FloydWarshall,TWO_D,3072,3072,64,2,1,36,294.122,12.746,0.002,1539.03,22.037,0.364
Tesla K20Xm,FloydWarshall,TWO_D,3072,3072,64,4,1,36,294.074,12.839,0.003,1535.51,22.007,0.368
Tesla K20Xm,FloydWarshall,TWO_D,3072,3072,64,8,1,36,293.966,12.765,0.002,1658.18,22.017,0.376
Tesla K20Xm,FloydWarshall,TWO_D,3072,3072,64,16,1,36,294.254,12.719,0.002,2083.19,22.368,0.369
Tesla K20Xm,FloydWarshall,TWO_D,3072,3072,128,1,1,36,293.735,12.774,0.002,1568.36,23.156,0.36
Tesla K20Xm,FloydWarshall,TWO_D,3072,3072,128,2,1,36,293.826,12.708,0.003,1591.74,22.078,0.376
Tesla K20Xm,FloydWarshall,TWO_D,3072,3072,128,4,1,36,293.989,12.702,0.002,1686.59,22.093,0.351
Tesla K20Xm,FloydWarshall,TWO_D,3072,3072,128,8,1,36,294.535,12.753,0.002,2122.19,22.049,0.362
Tesla K20Xm,FloydWarshall,TWO_D,3072,3072,256,1,1,36,294.041,12.716,0.002,1622.93,22.152,0.372
Tesla K20Xm,FloydWarshall,TWO_D,3072,3072,256,2,1,36,294.457,12.735,0.002,1736.43,22.066,0.411
Tesla K20Xm,FloydWarshall,TWO_D,3072,3072,256,4,1,36,293.866,12.761,0.002,2134.91,22.234,0.352
Tesla K20Xm,FloydWarshall,TWO_D,3072,3072,512,1,1,36,295.38,12.795,0.002,1764.94,22.036,0.379
Tesla K20Xm,FloydWarshall,TWO_D,3072,3072,512,2,1,36,295.285,12.778,0.002,2153.78,22.113,0.375
Tesla K20Xm,FloydWarshall,TWO_D,3072,3072,1024,1,1,36,293.922,12.751,0.002,2169.75,22.14,0.371
Tesla K20Xm,FloydWarshall,TWO_D,3072,3072,1,1,1,36,300.692,13.115,0.002,147437,24.663,0.388
Tesla K20Xm,FloydWarshall,TWO_D,3072,3072,1,2,1,36,302.453,13.114,0.003,78131.4,24.17,0.379
Tesla K20Xm,FloydWarshall,TWO_D,3072,3072,1,4,1,36,300.787,13.072,0.002,41919.5,24.08,0.376
Tesla K20Xm,FloydWarshall,TWO_D,3072,3072,1,8,1,36,300.516,13.025,0.003,23876.8,24.487,0.43
Tesla K20Xm,FloydWarshall,TWO_D,3072,3072,1,16,1,36,300.313,13.049,0.002,15320.9,22.935,0.364
Tesla K20Xm,FloydWarshall,TWO_D,3072,3072,1,32,1,36,301.338,13.04,0.003,12568.6,22.802,0.464
Tesla K20Xm,FloydWarshall,TWO_D,3072,3072,1,64,1,36,301.156,13.029,0.002,12154.7,24.017,0.369
Tesla K20Xm,FloydWarshall,TWO_D,3072,3072,1,128,1,36,301.816,13.111,0.002,12139.7,22.842,0.373
Tesla K20Xm,FloydWarshall,TWO_D,3072,3072,1,256,1,36,300.893,13.013,0.002,12206.2,22.928,0.389
Tesla K20Xm,FloydWarshall,TWO_D,3072,3072,1,512,1,36,301.204,12.999,0.001,12352,22.837,0.379
Tesla K20Xm,FloydWarshall,TWO_D,3072,3072,1,1024,1,36,301.346,13.209,0.003,12736.3,24.02,0.376
Tesla K20Xm,FloydWarshall,TWO_D,3072,3072,2,1,1,36,300.861,13.021,0.003,73863.9,24.016,0.386
Tesla K20Xm,FloydWarshall,TWO_D,3072,3072,2,2,1,36,300.707,13.011,0.002,39195.8,24.218,0.375
Tesla K20Xm,FloydWarshall,TWO_D,3072,3072,2,4,1,36,300.782,13.019,0.002,21098.5,22.855,0.394
Tesla K20Xm,FloydWarshall,TWO_D,3072,3072,2,8,1,36,302.375,13.001,0.002,12068.6,24.016,0.372
Tesla K20Xm,FloydWarshall,TWO_D,3072,3072,2,16,1,36,300.892,13.016,0.003,7802.71,22.887,0.379
Tesla K20Xm,FloydWarshall,TWO_D,3072,3072,2,32,1,36,300.592,13.095,0.002,6511.7,22.818,0.375
Tesla K20Xm,FloydWarshall,TWO_D,3072,3072,2,64,1,36,301.185,13.018,0.003,6477.87,22.789,0.386
Tesla K20Xm,FloydWarshall,TWO_D,3072,3072,2,128,1,36,300.895,13.028,0.002,6558.48,22.74,0.38
Tesla K20Xm,FloydWarshall,TWO_D,3072,3072,2,256,1,36,301.133,13.053,0.002,6671.63,22.989,0.386
Tesla K20Xm,FloydWarshall,TWO_D,3072,3072,2,512,1,36,301.473,13.027,0.002,6861.36,22.718,0.381
Tesla K20Xm,FloydWarshall,TWO_D,3072,3072,4,1,1,36,300.953,13.054,0.002,37034.1,24.04,0.376
Tesla K20Xm,FloydWarshall,TWO_D,3072,3072,4,2,1,36,300.311,13.006,0.002,19668,24.062,0.366
Tesla K20Xm,FloydWarshall,TWO_D,3072,3072,4,4,1,36,300.583,13.038,0.002,10628.1,22.884,0.377
Tesla K20Xm,FloydWarshall,TWO_D,3072,3072,4,8,1,36,300.805,13.002,0.002,6109.01,22.783,0.356
Tesla K20Xm,FloydWarshall,TWO_D,3072,3072,4,16,1,36,301.802,13.039,0.003,3732.93,22.78,0.386
Tesla K20Xm,FloydWarshall,TWO_D,3072,3072,4,32,1,36,300.866,12.983,0.002,3652.69,23.052,0.382
Tesla K20Xm,FloydWarshall,TWO_D,3072,3072,4,64,1,36,301.276,13.047,0.002,3710.34,22.696,0.38
Tesla K20Xm,FloydWarshall,TWO_D,3072,3072,4,128,1,36,300.986,12.999,0.003,3794.1,22.71,0.368
Tesla K20Xm,FloydWarshall,TWO_D,3072,3072,4,256,1,36,301.223,13.117,0.002,3911.63,22.74,0.384
Tesla K20Xm,FloydWarshall,TWO_D,3072,3072,8,1,1,36,300.542,13.016,0.003,18774.5,24.066,0.381
Tesla K20Xm,FloydWarshall,TWO_D,3072,3072,8,2,1,36,300.795,13.078,0.002,9974.57,22.874,0.373
Tesla K20Xm,FloydWarshall,TWO_D,3072,3072,8,4,1,36,301.93,13.048,0.002,5418.44,22.777,0.373
Tesla K20Xm,FloydWarshall,TWO_D,3072,3072,8,8,1,36,301.906,13.053,0.002,2871.98,22.706,0.368
Tesla K20Xm,FloydWarshall,TWO_D,3072,3072,8,16,1,36,301.053,12.988,0.002,2153.85,22.711,0.367
Tesla K20Xm,FloydWarshall,TWO_D,3072,3072,8,32,1,36,301.865,13.122,0.002,2153.88,22.725,0.385
Tesla K20Xm,FloydWarshall,TWO_D,3072,3072,8,64,1,36,301.891,13.071,0.002,2250.74,22.84,0.382
Tesla K20Xm,FloydWarshall,TWO_D,3072,3072,8,128,1,36,301.159,13.088,0.002,2753.19,22.747,0.382
Tesla K20Xm,FloydWarshall,TWO_D,3072,3072,16,1,1,36,300.907,13.082,0.002,9493.82,24.015,0.376
Tesla K20Xm,FloydWarshall,TWO_D,3072,3072,16,2,1,36,300.895,13.014,0.002,5081.11,22.778,0.379
Tesla K20Xm,FloydWarshall,TWO_D,3072,3072,16,4,1,36,301.038,13.023,0.002,2665.57,22.75,0.374
Tesla K20Xm,FloydWarshall,TWO_D,3072,3072,16,8,1,36,303.148,12.987,0.002,1579.69,22.66,0.374
Tesla K20Xm,FloydWarshall,TWO_D,3072,3072,16,16,1,36,301.926,13.147,0.002,1621.49,22.747,0.375
Tesla K20Xm,FloydWarshall,TWO_D,3072,3072,16,32,1,36,302.11,13.013,0.002,1769.34,22.717,0.37
Tesla K20Xm,FloydWarshall,TWO_D,3072,3072,16,64,1,36,302.665,12.995,0.002,2172.4,22.766,0.378
Tesla K20Xm,FloydWarshall,TWO_D,3072,3072,32,1,1,36,301.307,13.004,0.003,4877.73,22.832,0.378
Tesla K20Xm,FloydWarshall,TWO_D,3072,3072,32,2,1,36,300.916,13.036,0.002,2554.56,22.772,0.381
Tesla K20Xm,FloydWarshall,TWO_D,3072,3072,32,4,1,36,301.213,13.05,0.002,1498.14,22.71,0.419
Tesla K20Xm,FloydWarshall,TWO_D,3072,3072,32,8,1,36,300.855,12.982,0.002,1509.21,22.71,0.383
Tesla K20Xm,FloydWarshall,TWO_D,3072,3072,32,16,1,36,300.857,13.106,0.002,1656.31,22.744,0.364
Tesla K20Xm,FloydWarshall,TWO_D,3072,3072,32,32,1,36,300.516,13.067,0.002,2061.33,22.741,0.374
Tesla K20Xm,FloydWarshall,TWO_D,3072,3072,64,1,1,36,301.383,13.044,0.002,2674.7,22.958,0.357
Tesla K20Xm,FloydWarshall,TWO_D,3072,3072,64,2,1,36,300.91,13.004,0.002,1540.46,22.755,0.373
Tesla K20Xm,FloydWarshall,TWO_D,3072,3072,64,4,1,36,301.019,13.1,0.002,1535.01,22.762,0.373
Tesla K20Xm,FloydWarshall,TWO_D,3072,3072,64,8,1,36,301.008,13.007,0.002,1655.33,22.779,0.362
Tesla K20Xm,FloydWarshall,TWO_D,3072,3072,64,16,1,36,301.643,12.975,0.002,2082.92,22.68,0.375
Tesla K20Xm,FloydWarshall,TWO_D,3072,3072,128,1,1,36,301.203,13.187,0.003,1567.62,22.796,0.375
Tesla K20Xm,FloydWarshall,TWO_D,3072,3072,128,2,1,36,301.276,13.018,0.003,1591.69,22.987,0.374
Tesla K20Xm,FloydWarshall,TWO_D,3072,3072,128,4,1,36,302.82,14.612,0.003,1686.78,23.732,0.367
Tesla K20Xm,FloydWarshall,TWO_D,3072,3072,128,8,1,36,300.624,13.061,0.002,2122.11,23.15,0.378
Tesla K20Xm,FloydWarshall,TWO_D,3072,3072,256,1,1,36,301.911,12.988,0.002,1623.09,22.689,0.382
Tesla K20Xm,FloydWarshall,TWO_D,3072,3072,256,2,1,36,302.333,13.033,0.002,1737.01,22.676,0.372
Tesla K20Xm,FloydWarshall,TWO_D,3072,3072,256,4,1,36,301.186,13.051,0.002,2135.29,22.732,0.376
Tesla K20Xm,FloydWarshall,TWO_D,3072,3072,512,1,1,36,301.143,13,0.002,1764.61,22.721,0.378
Tesla K20Xm,FloydWarshall,TWO_D,3072,3072,512,2,1,36,300.577,13.038,0.002,2154.09,22.739,0.387
Tesla K20Xm,FloydWarshall,TWO_D,3072,3072,1024,1,1,36,300.667,13.065,0.002,2170.18,22.775,0.367
