device/C,kernel/C,workDimension/C,width/F,height/F,xLocal/I,yLocal/I,zLocal/I,MB/F,init/F,memoryCopyOut/F,plan/F,execute/F,memoryCopyIn/F,cleanUp/F
Tesla K20Xm,LUDecomposition,TWO_D,1916,1916,1,1,1,28,72.05,26.349,0.002,6142.23,10.004,4.168
Tesla K20Xm,LUDecomposition,TWO_D,1916,1916,1,2,1,28,73.026,26.078,0.002,3128.12,9.873,4.191
Tesla K20Xm,LUDecomposition,TWO_D,1916,1916,1,4,1,28,72.553,26.09,0.002,1806.28,9.898,4.174
Tesla K20Xm,LUDecomposition,TWO_D,1916,1916,1,8,1,28,72.622,25.99,0.002,1238.19,10.12,4.187
Tesla K20Xm,LUDecomposition,TWO_D,1916,1916,1,16,1,28,72.504,26.001,0.003,866.838,10.063,4.205
Tesla K20Xm,LUDecomposition,TWO_D,1916,1916,1,32,1,28,72.572,25.921,0.002,675.857,10.103,4.203
Tesla K20Xm,LUDecomposition,TWO_D,1916,1916,1,64,1,28,72.614,25.951,0.002,645.089,10.094,4.193
Tesla K20Xm,LUDecomposition,TWO_D,1916,1916,1,128,1,28,72.866,26.204,0.003,587.404,10.126,4.217
Tesla K20Xm,LUDecomposition,TWO_D,1916,1916,1,256,1,28,72.575,26.062,0.002,521.51,10.084,4.186
Tesla K20Xm,LUDecomposition,TWO_D,1916,1916,1,512,1,28,72.606,25.931,0.002,319.447,10.119,4.24
Tesla K20Xm,LUDecomposition,TWO_D,1916,1916,1,1024,1,28,72.709,25.931,0.002,386.345,10.14,4.208
Tesla K20Xm,LUDecomposition,TWO_D,1916,1916,2,1,1,28,72.613,25.922,0.002,3128.4,10.112,4.247
Tesla K20Xm,LUDecomposition,TWO_D,1916,1916,2,2,1,28,72.567,25.961,0.003,1806.46,9.885,4.202
Tesla K20Xm,LUDecomposition,TWO_D,1916,1916,2,4,1,28,72.546,25.953,0.002,1238.32,9.911,4.229
Tesla K20Xm,LUDecomposition,TWO_D,1916,1916,2,8,1,28,72.489,25.936,0.002,866.54,10.151,4.223
Tesla K20Xm,LUDecomposition,TWO_D,1916,1916,2,16,1,28,72.605,25.917,0.002,675.822,10.037,4.191
Tesla K20Xm,LUDecomposition,TWO_D,1916,1916,2,32,1,28,72.556,25.9,0.002,645.019,10.133,4.189
Tesla K20Xm,LUDecomposition,TWO_D,1916,1916,2,64,1,28,72.466,25.973,0.002,587.318,10.096,4.186
Tesla K20Xm,LUDecomposition,TWO_D,1916,1916,2,128,1,28,72.899,26.024,0.002,521.482,10.057,4.205
Tesla K20Xm,LUDecomposition,TWO_D,1916,1916,2,256,1,28,72.595,25.971,0.003,319.399,10.143,4.242
Tesla K20Xm,LUDecomposition,TWO_D,1916,1916,2,512,1,28,72.571,25.909,0.003,386.477,10.094,4.26
Tesla K20Xm,LUDecomposition,TWO_D,1916,1916,4,1,1,28,72.417,25.905,0.002,1806.56,9.874,4.236
Tesla K20Xm,LUDecomposition,TWO_D,1916,1916,4,2,1,28,72.521,25.973,0.003,1238.43,9.85,4.225
Tesla K20Xm,LUDecomposition,TWO_D,1916,1916,4,4,1,28,72.657,25.948,0.002,866.669,9.875,4.183
Tesla K20Xm,LUDecomposition,TWO_D,1916,1916,4,8,1,28,72.454,26.098,0.002,675.606,10.075,4.234
Tesla K20Xm,LUDecomposition,TWO_D,1916,1916,4,16,1,28,72.489,26.039,0.002,645.135,10.118,4.202
Tesla K20Xm,LUDecomposition,TWO_D,1916,1916,4,32,1,28,72.47,25.945,0.003,587.336,10.129,4.216
Tesla K20Xm,LUDecomposition,TWO_D,1916,1916,4,64,1,28,72.609,25.91,0.003,521.502,10.077,4.183
Tesla K20Xm,LUDecomposition,TWO_D,1916,1916,4,128,1,28,72.613,26.093,0.002,319.453,10.078,4.188
Tesla K20Xm,LUDecomposition,TWO_D,1916,1916,4,256,1,28,72.613,25.999,0.003,386.593,10.052,4.214
Tesla K20Xm,LUDecomposition,TWO_D,1916,1916,8,1,1,28,72.625,25.928,0.003,1238.72,9.939,4.191
Tesla K20Xm,LUDecomposition,TWO_D,1916,1916,8,2,1,28,72.926,26.076,0.002,866.519,9.947,4.237
Tesla K20Xm,LUDecomposition,TWO_D,1916,1916,8,4,1,28,72.89,26.165,0.003,675.58,9.864,4.255
Tesla K20Xm,LUDecomposition,TWO_D,1916,1916,8,8,1,28,72.653,25.92,0.003,644.831,10.038,4.219
Tesla K20Xm,LUDecomposition,TWO_D,1916,1916,8,16,1,28,72.518,25.906,0.002,587.275,10.041,4.182
Tesla K20Xm,LUDecomposition,TWO_D,1916,1916,8,32,1,28,72.504,25.996,0.002,521.503,10.049,4.22
Tesla K20Xm,LUDecomposition,TWO_D,1916,1916,8,64,1,28,72.595,25.99,0.002,319.456,10.117,4.201
Tesla K20Xm,LUDecomposition,TWO_D,1916,1916,8,128,1,28,72.505,25.937,0.002,386.618,10.124,4.199
Tesla K20Xm,LUDecomposition,TWO_D,1916,1916,16,1,1,28,72.61,26.024,0.002,866.857,10.106,4.179
Tesla K20Xm,LUDecomposition,TWO_D,1916,1916,16,2,1,28,72.654,25.988,0.002,675.725,10.037,4.215
Tesla K20Xm,LUDecomposition,TWO_D,1916,1916,16,4,1,28,72.514,25.971,0.002,645.107,10.152,4.192
Tesla K20Xm,LUDecomposition,TWO_D,1916,1916,16,8,1,28,72.544,25.918,0.002,587.365,10.057,4.214
Tesla K20Xm,LUDecomposition,TWO_D,1916,1916,16,16,1,28,73.046,25.96,0.002,521.502,10.045,4.254
Tesla K20Xm,LUDecomposition,TWO_D,1916,1916,16,32,1,28,72.48,26.012,0.003,319.477,10.217,4.241
Tesla K20Xm,LUDecomposition,TWO_D,1916,1916,16,64,1,28,72.585,25.971,0.003,386.613,10.124,4.23
Tesla K20Xm,LUDecomposition,TWO_D,1916,1916,32,1,1,28,72.453,25.894,0.002,675.961,10.058,4.221
Tesla K20Xm,LUDecomposition,TWO_D,1916,1916,32,2,1,28,72.533,25.905,0.002,645.008,10.067,4.215
Tesla K20Xm,LUDecomposition,TWO_D,1916,1916,32,4,1,28,72.567,25.887,0.002,587.332,10.123,4.182
Tesla K20Xm,LUDecomposition,TWO_D,1916,1916,32,8,1,28,72.555,26.016,0.002,521.575,10.022,4.227
Tesla K20Xm,LUDecomposition,TWO_D,1916,1916,32,16,1,28,72.514,25.952,0.002,319.464,10.076,4.197
Tesla K20Xm,LUDecomposition,TWO_D,1916,1916,32,32,1,28,72.721,26.185,0.003,386.173,10.157,4.181
Tesla K20Xm,LUDecomposition,TWO_D,1916,1916,64,1,1,28,72.474,26.005,0.002,645.084,10.075,4.207
Tesla K20Xm,LUDecomposition,TWO_D,1916,1916,64,2,1,28,72.583,25.972,0.002,587.345,10.085,4.207
Tesla K20Xm,LUDecomposition,TWO_D,1916,1916,64,4,1,28,72.609,25.954,0.002,521.535,10.147,4.178
Tesla K20Xm,LUDecomposition,TWO_D,1916,1916,64,8,1,28,72.603,26.031,0.002,319.552,10.111,4.203
Tesla K20Xm,LUDecomposition,TWO_D,1916,1916,64,16,1,28,73.086,26.085,0.002,386.865,10.064,4.207
Tesla K20Xm,LUDecomposition,TWO_D,1916,1916,128,1,1,28,72.603,25.995,0.002,587.328,10.066,4.21
Tesla K20Xm,LUDecomposition,TWO_D,1916,1916,128,2,1,28,72.594,25.932,0.002,521.457,10.104,4.226
Tesla K20Xm,LUDecomposition,TWO_D,1916,1916,128,4,1,28,72.667,25.984,0.003,319.44,10.208,4.202
Tesla K20Xm,LUDecomposition,TWO_D,1916,1916,128,8,1,28,72.429,25.995,0.002,386.647,10.281,4.243
Tesla K20Xm,LUDecomposition,TWO_D,1916,1916,256,1,1,28,72.691,26.015,0.002,521.561,10.106,4.221
Tesla K20Xm,LUDecomposition,TWO_D,1916,1916,256,2,1,28,72.535,25.931,0.002,319.458,10.071,4.233
Tesla K20Xm,LUDecomposition,TWO_D,1916,1916,256,4,1,28,72.698,25.906,0.003,386.507,10.108,4.233
Tesla K20Xm,LUDecomposition,TWO_D,1916,1916,512,1,1,28,72.5,26.031,0.003,319.397,10.17,4.224
Tesla K20Xm,LUDecomposition,TWO_D,1916,1916,512,2,1,28,72.53,26.128,0.002,386.632,10.171,4.214
Tesla K20Xm,LUDecomposition,TWO_D,1916,1916,1024,1,1,28,72.56,25.929,0.002,386.551,10.137,4.286
Tesla K20Xm,LUDecomposition,TWO_D,1916,1916,1,1,1,28,71.692,25.919,0.003,6146.22,9.97,3.997
Tesla K20Xm,LUDecomposition,TWO_D,1916,1916,1,2,1,28,72.519,25.768,0.002,3131.26,9.933,4.003
Tesla K20Xm,LUDecomposition,TWO_D,1916,1916,1,4,1,28,72.483,25.65,0.003,1809.41,9.916,3.993
Tesla K20Xm,LUDecomposition,TWO_D,1916,1916,1,8,1,28,72.516,25.694,0.003,1241.47,9.964,4.04
Tesla K20Xm,LUDecomposition,TWO_D,1916,1916,1,16,1,28,72.407,25.717,0.003,869.428,10.005,3.982
Tesla K20Xm,LUDecomposition,TWO_D,1916,1916,1,32,1,28,72.468,25.748,0.003,678.412,9.953,3.992
Tesla K20Xm,LUDecomposition,TWO_D,1916,1916,1,64,1,28,72.544,25.683,0.003,647.739,10.145,3.989
Tesla K20Xm,LUDecomposition,TWO_D,1916,1916,1,128,1,28,72.571,25.657,0.003,590.387,10.171,4.003
Tesla K20Xm,LUDecomposition,TWO_D,1916,1916,1,256,1,28,72.555,25.698,0.003,524.686,10.145,4.017
Tesla K20Xm,LUDecomposition,TWO_D,1916,1916,1,512,1,28,72.564,25.747,0.003,322.618,10.112,3.983
Tesla K20Xm,LUDecomposition,TWO_D,1916,1916,1,1024,1,28,72.497,25.734,0.003,389.645,10.15,4.002
Tesla K20Xm,LUDecomposition,TWO_D,1916,1916,2,1,1,28,72.611,25.725,0.003,3131.46,9.944,4.008
Tesla K20Xm,LUDecomposition,TWO_D,1916,1916,2,2,1,28,72.55,25.706,0.003,1809.32,9.948,4.034
Tesla K20Xm,LUDecomposition,TWO_D,1916,1916,2,4,1,28,72.642,25.743,0.003,1241.36,10.199,4.001
Tesla K20Xm,LUDecomposition,TWO_D,1916,1916,2,8,1,28,73.175,25.835,0.003,869.855,10.137,3.991
Tesla K20Xm,LUDecomposition,TWO_D,1916,1916,2,16,1,28,72.467,25.718,0.002,678.681,10.107,3.986
Tesla K20Xm,LUDecomposition,TWO_D,1916,1916,2,32,1,28,72.553,25.743,0.002,647.898,10.15,3.993
Tesla K20Xm,LUDecomposition,TWO_D,1916,1916,2,64,1,28,72.674,25.716,0.003,590.223,10.117,3.987
Tesla K20Xm,LUDecomposition,TWO_D,1916,1916,2,128,1,28,72.478,25.636,0.003,524.604,10.176,4.021
Tesla K20Xm,LUDecomposition,TWO_D,1916,1916,2,256,1,28,72.574,25.699,0.003,322.624,10.191,3.992
Tesla K20Xm,LUDecomposition,TWO_D,1916,1916,2,512,1,28,72.448,25.671,0.003,389.681,10.217,4.008
Tesla K20Xm,LUDecomposition,TWO_D,1916,1916,4,1,1,28,72.53,25.662,0.002,1809.79,9.935,3.985
Tesla K20Xm,LUDecomposition,TWO_D,1916,1916,4,2,1,28,72.663,25.693,0.003,1241.68,9.967,4.007
Tesla K20Xm,LUDecomposition,TWO_D,1916,1916,4,4,1,28,73.205,25.773,0.003,869.597,10.125,3.999
Tesla K20Xm,LUDecomposition,TWO_D,1916,1916,4,8,1,28,72.823,25.73,0.002,678.98,10.124,4.012
Tesla K20Xm,LUDecomposition,TWO_D,1916,1916,4,16,1,28,72.573,25.674,0.003,647.903,10.08,4.016
Tesla K20Xm,LUDecomposition,TWO_D,1916,1916,4,32,1,28,72.646,25.58,0.003,590.189,10.076,4.009
Tesla K20Xm,LUDecomposition,TWO_D,1916,1916,4,64,1,28,72.491,25.543,0.004,524.548,10.117,4.016
Tesla K20Xm,LUDecomposition,TWO_D,1916,1916,4,128,1,28,72.509,26.056,0.003,322.523,10.068,3.998
Tesla K20Xm,LUDecomposition,TWO_D,1916,1916,4,256,1,28,72.461,25.617,0.002,389.44,10.119,4.015
Tesla K20Xm,LUDecomposition,TWO_D,1916,1916,8,1,1,28,72.491,25.551,0.003,1241.66,10.166,4.004
Tesla K20Xm,LUDecomposition,TWO_D,1916,1916,8,2,1,28,72.421,25.681,0.003,869.64,10.128,4.019
Tesla K20Xm,LUDecomposition,TWO_D,1916,1916,8,4,1,28,72.511,25.631,0.003,678.646,10.103,4.016
Tesla K20Xm,LUDecomposition,TWO_D,1916,1916,8,8,1,28,73.258,26.007,0.003,648.016,10.101,4.027
Tesla K20Xm,LUDecomposition,TWO_D,1916,1916,8,16,1,28,72.503,25.614,0.003,590.145,10.117,4.015
Tesla K20Xm,LUDecomposition,TWO_D,1916,1916,8,32,1,28,72.587,25.559,0.003,524.499,10.238,4.067
Tesla K20Xm,LUDecomposition,TWO_D,1916,1916,8,64,1,28,72.683,25.543,0.002,322.429,10.153,4.04
Tesla K20Xm,LUDecomposition,TWO_D,1916,1916,8,128,1,28,72.558,25.64,0.002,389.317,10.193,4.036
Tesla K20Xm,LUDecomposition,TWO_D,1916,1916,16,1,1,28,72.805,25.774,0.002,869.883,10.229,4.094
Tesla K20Xm,LUDecomposition,TWO_D,1916,1916,16,2,1,28,73.444,25.883,0.002,678.65,10.138,4.024
Tesla K20Xm,LUDecomposition,TWO_D,1916,1916,16,4,1,28,72.524,25.674,0.002,648.093,10.137,4.024
Tesla K20Xm,LUDecomposition,TWO_D,1916,1916,16,8,1,28,72.54,25.726,0.002,590.388,10.116,4.037
Tesla K20Xm,LUDecomposition,TWO_D,1916,1916,16,16,1,28,72.479,25.594,0.003,524.462,10.069,4.036
Tesla K20Xm,LUDecomposition,TWO_D,1916,1916,16,32,1,28,72.566,25.611,0.002,322.219,10.071,4.034
Tesla K20Xm,LUDecomposition,TWO_D,1916,1916,16,64,1,28,72.405,25.636,0.003,389.608,10.095,4.018
Tesla K20Xm,LUDecomposition,TWO_D,1916,1916,32,1,1,28,72.47,25.649,0.003,678.407,10.085,4.03
Tesla K20Xm,LUDecomposition,TWO_D,1916,1916,32,2,1,28,72.468,25.635,0.003,647.681,10.057,4.019
Tesla K20Xm,LUDecomposition,TWO_D,1916,1916,32,4,1,28,72.636,25.542,0.003,590.113,10.191,4.078
Tesla K20Xm,LUDecomposition,TWO_D,1916,1916,32,8,1,28,72.845,25.618,0.003,524.426,10.112,4.034
Tesla K20Xm,LUDecomposition,TWO_D,1916,1916,32,16,1,28,72.6,25.604,0.003,322.437,10.089,4.029
Tesla K20Xm,LUDecomposition,TWO_D,1916,1916,32,32,1,28,72.448,25.644,0.003,389.4,10.111,4.024
Tesla K20Xm,LUDecomposition,TWO_D,1916,1916,64,1,1,28,72.711,25.737,0.003,647.907,10.134,4.034
Tesla K20Xm,LUDecomposition,TWO_D,1916,1916,64,2,1,28,72.504,27.389,0.004,590.351,10,4.101
Tesla K20Xm,LUDecomposition,TWO_D,1916,1916,64,4,1,28,72.406,25.582,0.003,524.548,10.032,4.108
Tesla K20Xm,LUDecomposition,TWO_D,1916,1916,64,8,1,28,72.648,25.533,0.003,322.516,10.024,4.077
Tesla K20Xm,LUDecomposition,TWO_D,1916,1916,64,16,1,28,72.67,25.454,0.004,389.24,9.998,4.084
Tesla K20Xm,LUDecomposition,TWO_D,1916,1916,128,1,1,28,72.626,25.522,0.003,590.308,10.023,4.095
Tesla K20Xm,LUDecomposition,TWO_D,1916,1916,128,2,1,28,72.663,25.45,0.009,525.355,10.039,4.101
Tesla K20Xm,LUDecomposition,TWO_D,1916,1916,128,4,1,28,73.415,25.465,0.003,322.624,10.089,4.074
Tesla K20Xm,LUDecomposition,TWO_D,1916,1916,128,8,1,28,72.733,25.465,0.003,389.791,10.064,4.086
Tesla K20Xm,LUDecomposition,TWO_D,1916,1916,256,1,1,28,72.661,25.647,0.003,524.696,10.322,4.072
Tesla K20Xm,LUDecomposition,TWO_D,1916,1916,256,2,1,28,72.616,25.497,0.003,322.512,10.126,4.067
Tesla K20Xm,LUDecomposition,TWO_D,1916,1916,256,4,1,28,73.33,25.529,0.003,389.663,10.048,4.069
Tesla K20Xm,LUDecomposition,TWO_D,1916,1916,512,1,1,28,72.884,26.064,0.003,322.374,10.011,4.072
Tesla K20Xm,LUDecomposition,TWO_D,1916,1916,512,2,1,28,72.819,25.597,0.002,389.208,10.036,4.072
Tesla K20Xm,LUDecomposition,TWO_D,1916,1916,1024,1,1,28,73.97,25.711,0.003,389.133,10.133,4.19
Tesla K20Xm,LUDecomposition,TWO_D,1916,1916,1,1,1,28,76.498,26.327,0.002,6152.91,14.241,4.275
Tesla K20Xm,LUDecomposition,TWO_D,1916,1916,1,2,1,28,77.068,25.997,0.002,3134.9,14.166,4.284
Tesla K20Xm,LUDecomposition,TWO_D,1916,1916,1,4,1,28,77.344,25.958,0.002,1811.45,14.299,4.31
Tesla K20Xm,LUDecomposition,TWO_D,1916,1916,1,8,1,28,77.099,26.081,0.002,1242.76,14.277,4.267
Tesla K20Xm,LUDecomposition,TWO_D,1916,1916,1,16,1,28,77.174,25.967,0.002,870.426,14.499,4.373
Tesla K20Xm,LUDecomposition,TWO_D,1916,1916,1,32,1,28,77.071,25.97,0.002,679.526,14.504,4.37
Tesla K20Xm,LUDecomposition,TWO_D,1916,1916,1,64,1,28,77.117,25.973,0.002,648.671,14.696,4.316
Tesla K20Xm,LUDecomposition,TWO_D,1916,1916,1,128,1,28,77.54,26,0.002,590.866,14.513,4.301
Tesla K20Xm,LUDecomposition,TWO_D,1916,1916,1,256,1,28,77.316,25.88,0.002,525.027,14.419,4.287
Tesla K20Xm,LUDecomposition,TWO_D,1916,1916,1,512,1,28,77.175,25.979,0.002,322.802,14.501,4.263
Tesla K20Xm,LUDecomposition,TWO_D,1916,1916,1,1024,1,28,77.179,26.003,0.003,389.71,14.439,4.332
Tesla K20Xm,LUDecomposition,TWO_D,1916,1916,2,1,1,28,77.157,25.894,0.002,3135.05,14.253,4.313
Tesla K20Xm,LUDecomposition,TWO_D,1916,1916,2,2,1,28,77.124,25.966,0.003,1811.56,14.268,4.279
Tesla K20Xm,LUDecomposition,TWO_D,1916,1916,2,4,1,28,77.062,26.009,0.002,1242.87,14.296,4.27
Tesla K20Xm,LUDecomposition,TWO_D,1916,1916,2,8,1,28,77.114,25.972,0.002,870.498,14.313,4.261
Tesla K20Xm,LUDecomposition,TWO_D,1916,1916,2,16,1,28,77.537,26.169,0.002,679.225,14.427,4.257
Tesla K20Xm,LUDecomposition,TWO_D,1916,1916,2,32,1,28,77.275,26.055,0.003,648.56,14.422,4.267
Tesla K20Xm,LUDecomposition,TWO_D,1916,1916,2,64,1,28,77.166,25.946,0.002,590.879,14.453,4.278
Tesla K20Xm,LUDecomposition,TWO_D,1916,1916,2,128,1,28,77.267,25.929,0.002,525.025,14.492,4.381
Tesla K20Xm,LUDecomposition,TWO_D,1916,1916,2,256,1,28,77.111,26.004,0.002,322.87,14.511,4.275
Tesla K20Xm,LUDecomposition,TWO_D,1916,1916,2,512,1,28,77.138,25.918,0.002,389.865,14.461,4.26
Tesla K20Xm,LUDecomposition,TWO_D,1916,1916,4,1,1,28,77.284,25.952,0.003,1811.73,14.528,4.275
Tesla K20Xm,LUDecomposition,TWO_D,1916,1916,4,2,1,28,77.337,25.996,0.002,1243.26,14.51,4.279
Tesla K20Xm,LUDecomposition,TWO_D,1916,1916,4,4,1,28,77.212,25.954,0.003,870.809,14.525,4.286
Tesla K20Xm,LUDecomposition,TWO_D,1916,1916,4,8,1,28,77.127,25.95,0.002,679.242,14.482,4.28
Tesla K20Xm,LUDecomposition,TWO_D,1916,1916,4,16,1,28,77.156,25.89,0.002,648.59,14.573,4.287
Tesla K20Xm,LUDecomposition,TWO_D,1916,1916,4,32,1,28,77.235,26.04,0.003,590.771,14.449,4.34
Tesla K20Xm,LUDecomposition,TWO_D,1916,1916,4,64,1,28,77.149,25.919,0.002,524.855,14.458,4.326
Tesla K20Xm,LUDecomposition,TWO_D,1916,1916,4,128,1,28,77.375,25.961,0.002,322.728,14.53,4.289
Tesla K20Xm,LUDecomposition,TWO_D,1916,1916,4,256,1,28,77.102,26.011,0.003,389.705,14.59,4.334
Tesla K20Xm,LUDecomposition,TWO_D,1916,1916,8,1,1,28,77.813,26.238,0.002,1243.18,14.455,4.267
Tesla K20Xm,LUDecomposition,TWO_D,1916,1916,8,2,1,28,77.078,26.043,0.002,871.044,14.505,4.29
Tesla K20Xm,LUDecomposition,TWO_D,1916,1916,8,4,1,28,79.368,26.145,0.002,679.476,14.446,4.266
Tesla K20Xm,LUDecomposition,TWO_D,1916,1916,8,8,1,28,77.103,26.073,0.002,648.686,16.014,4.896
Tesla K20Xm,LUDecomposition,TWO_D,1916,1916,8,16,1,28,82.774,25.961,0.002,591.01,14.423,4.275
Tesla K20Xm,LUDecomposition,TWO_D,1916,1916,8,32,1,28,77.112,25.872,0.002,525.035,14.439,4.253
Tesla K20Xm,LUDecomposition,TWO_D,1916,1916,8,64,1,28,77.191,25.879,0.003,322.841,14.602,4.266
Tesla K20Xm,LUDecomposition,TWO_D,1916,1916,8,128,1,28,77.323,25.856,0.002,390.057,14.466,4.325
Tesla K20Xm,LUDecomposition,TWO_D,1916,1916,16,1,1,28,77.241,25.91,0.002,870.614,14.385,4.282
Tesla K20Xm,LUDecomposition,TWO_D,1916,1916,16,2,1,28,77.267,25.881,0.003,679.42,14.48,4.232
Tesla K20Xm,LUDecomposition,TWO_D,1916,1916,16,4,1,28,77.955,25.891,0.002,648.635,14.413,4.321
Tesla K20Xm,LUDecomposition,TWO_D,1916,1916,16,8,1,28,77.225,25.821,0.003,590.863,14.362,4.284
Tesla K20Xm,LUDecomposition,TWO_D,1916,1916,16,16,1,28,77.098,25.89,0.002,525.201,14.417,4.263
Tesla K20Xm,LUDecomposition,TWO_D,1916,1916,16,32,1,28,77.325,25.981,0.002,322.843,14.357,4.345
Tesla K20Xm,LUDecomposition,TWO_D,1916,1916,16,64,1,28,77.133,25.898,0.002,389.875,14.459,4.261
Tesla K20Xm,LUDecomposition,TWO_D,1916,1916,32,1,1,28,77.167,25.988,0.002,679.428,14.389,4.261
Tesla K20Xm,LUDecomposition,TWO_D,1916,1916,32,2,1,28,77.976,26.061,0.002,648.699,14.353,4.266
Tesla K20Xm,LUDecomposition,TWO_D,1916,1916,32,4,1,28,77.336,25.934,0.002,591.041,14.331,4.265
Tesla K20Xm,LUDecomposition,TWO_D,1916,1916,32,8,1,28,77.19,25.82,0.003,525.133,14.566,4.291
Tesla K20Xm,LUDecomposition,TWO_D,1916,1916,32,16,1,28,77.51,25.892,0.003,322.794,14.376,4.267
Tesla K20Xm,LUDecomposition,TWO_D,1916,1916,32,32,1,28,77.123,25.935,0.002,389.999,14.409,4.285
Tesla K20Xm,LUDecomposition,TWO_D,1916,1916,64,1,1,28,77.381,25.88,0.003,648.324,14.44,4.333
Tesla K20Xm,LUDecomposition,TWO_D,1916,1916,64,2,1,28,77.146,26.059,0.002,590.898,14.466,4.266
Tesla K20Xm,LUDecomposition,TWO_D,1916,1916,64,4,1,28,77.115,25.998,0.003,525.086,14.322,4.318
Tesla K20Xm,LUDecomposition,TWO_D,1916,1916,64,8,1,28,77.171,26.017,0.002,322.681,14.413,4.277
Tesla K20Xm,LUDecomposition,TWO_D,1916,1916,64,16,1,28,77.11,26.054,0.002,390.127,14.436,4.269
Tesla K20Xm,LUDecomposition,TWO_D,1916,1916,128,1,1,28,77.134,26.03,0.002,591.06,14.381,4.28
Tesla K20Xm,LUDecomposition,TWO_D,1916,1916,128,2,1,28,77.229,25.91,0.002,525.226,14.379,4.271
Tesla K20Xm,LUDecomposition,TWO_D,1916,1916,128,4,1,28,77.132,25.949,0.002,322.942,14.348,4.287
Tesla K20Xm,LUDecomposition,TWO_D,1916,1916,128,8,1,28,77.437,26.368,0.002,389.954,14.348,4.265
Tesla K20Xm,LUDecomposition,TWO_D,1916,1916,256,1,1,28,77.182,25.922,0.002,525.186,14.415,4.294
Tesla K20Xm,LUDecomposition,TWO_D,1916,1916,256,2,1,28,77.324,25.898,0.003,322.917,14.326,4.263
Tesla K20Xm,LUDecomposition,TWO_D,1916,1916,256,4,1,28,77.114,25.98,0.002,389.891,14.417,4.28
Tesla K20Xm,LUDecomposition,TWO_D,1916,1916,512,1,1,28,77.91,25.927,0.003,322.955,14.453,4.275
Tesla K20Xm,LUDecomposition,TWO_D,1916,1916,512,2,1,28,77.175,25.9,0.002,389.921,14.393,4.303
Tesla K20Xm,LUDecomposition,TWO_D,1916,1916,1024,1,1,28,77.248,25.962,0.003,389.705,14.362,4.279
Tesla K20Xm,LUDecomposition,TWO_D,1916,1916,1,1,1,28,72.287,26.129,0.002,6152.48,9.971,4.107
Tesla K20Xm,LUDecomposition,TWO_D,1916,1916,1,2,1,28,73.196,25.852,0.002,3134.67,9.994,4.093
Tesla K20Xm,LUDecomposition,TWO_D,1916,1916,1,4,1,28,72.825,25.942,0.002,1811.23,10.263,4.126
Tesla K20Xm,LUDecomposition,TWO_D,1916,1916,1,8,1,28,72.795,26.02,0.002,1242.91,10.276,4.093
Tesla K20Xm,LUDecomposition,TWO_D,1916,1916,1,16,1,28,72.887,25.907,0.003,870.664,10.194,4.168
Tesla K20Xm,LUDecomposition,TWO_D,1916,1916,1,32,1,28,72.857,25.898,0.002,679.272,10.166,4.089
Tesla K20Xm,LUDecomposition,TWO_D,1916,1916,1,64,1,28,72.895,25.932,0.003,648.372,10.311,4.156
Tesla K20Xm,LUDecomposition,TWO_D,1916,1916,1,128,1,28,72.863,25.909,0.002,590.628,10.194,4.106
Tesla K20Xm,LUDecomposition,TWO_D,1916,1916,1,256,1,28,72.808,25.94,0.002,524.952,10.202,4.086
Tesla K20Xm,LUDecomposition,TWO_D,1916,1916,1,512,1,28,72.833,25.871,0.003,322.48,10.206,4.092
Tesla K20Xm,LUDecomposition,TWO_D,1916,1916,1,1024,1,28,72.858,25.953,0.003,389.983,10.217,4.083
Tesla K20Xm,LUDecomposition,TWO_D,1916,1916,2,1,1,28,72.783,25.929,0.003,3134.87,10.033,4.145
Tesla K20Xm,LUDecomposition,TWO_D,1916,1916,2,2,1,28,72.841,25.837,0.002,1811.38,9.924,4.112
Tesla K20Xm,LUDecomposition,TWO_D,1916,1916,2,4,1,28,72.882,25.778,0.002,1242.68,9.979,4.088
Tesla K20Xm,LUDecomposition,TWO_D,1916,1916,2,8,1,28,73.035,25.864,0.003,870.297,10.11,4.156
Tesla K20Xm,LUDecomposition,TWO_D,1916,1916,2,16,1,28,72.984,25.901,0.002,679.211,10.154,4.081
Tesla K20Xm,LUDecomposition,TWO_D,1916,1916,2,32,1,28,72.774,25.89,0.002,648.566,10.12,4.097
Tesla K20Xm,LUDecomposition,TWO_D,1916,1916,2,64,1,28,72.875,25.986,0.003,590.893,10.142,4.164
Tesla K20Xm,LUDecomposition,TWO_D,1916,1916,2,128,1,28,72.88,25.847,0.002,524.969,10.139,4.125
Tesla K20Xm,LUDecomposition,TWO_D,1916,1916,2,256,1,28,72.837,25.866,0.003,322.776,10.143,4.146
Tesla K20Xm,LUDecomposition,TWO_D,1916,1916,2,512,1,28,73.289,26.202,0.002,389.987,10.153,4.132
Tesla K20Xm,LUDecomposition,TWO_D,1916,1916,4,1,1,28,72.846,25.86,0.002,1811.69,9.929,4.131
Tesla K20Xm,LUDecomposition,TWO_D,1916,1916,4,2,1,28,72.883,25.872,0.002,1242.6,9.95,4.166
Tesla K20Xm,LUDecomposition,TWO_D,1916,1916,4,4,1,28,73.136,26.168,0.002,870.22,10.153,4.142
Tesla K20Xm,LUDecomposition,TWO_D,1916,1916,4,8,1,28,73.448,26.407,0.002,679.289,10.125,4.204
Tesla K20Xm,LUDecomposition,TWO_D,1916,1916,4,16,1,28,72.942,25.851,0.002,648.454,10.1,4.239
Tesla K20Xm,LUDecomposition,TWO_D,1916,1916,4,32,1,28,72.797,25.963,0.002,590.601,10.116,4.123
Tesla K20Xm,LUDecomposition,TWO_D,1916,1916,4,64,1,28,72.888,25.85,0.002,524.746,10.12,4.17
Tesla K20Xm,LUDecomposition,TWO_D,1916,1916,4,128,1,28,72.874,25.847,0.003,322.647,10.126,4.139
Tesla K20Xm,LUDecomposition,TWO_D,1916,1916,4,256,1,28,72.906,25.847,0.003,389.807,10.14,4.145
Tesla K20Xm,LUDecomposition,TWO_D,1916,1916,8,1,1,28,72.917,25.776,0.002,1242.84,10.123,4.111
Tesla K20Xm,LUDecomposition,TWO_D,1916,1916,8,2,1,28,72.878,25.798,0.003,870.627,10.203,4.123
Tesla K20Xm,LUDecomposition,TWO_D,1916,1916,8,4,1,28,72.91,25.801,0.003,679.209,10.127,4.147
Tesla K20Xm,LUDecomposition,TWO_D,1916,1916,8,8,1,28,72.853,25.819,0.002,648.333,10.129,4.142
Tesla K20Xm,LUDecomposition,TWO_D,1916,1916,8,16,1,28,72.813,25.826,0.003,590.783,10.116,4.188
Tesla K20Xm,LUDecomposition,TWO_D,1916,1916,8,32,1,28,72.815,25.834,0.002,524.88,10.134,4.196
Tesla K20Xm,LUDecomposition,TWO_D,1916,1916,8,64,1,28,73.057,25.863,0.003,322.734,10.109,4.398
Tesla K20Xm,LUDecomposition,TWO_D,1916,1916,8,128,1,28,72.793,25.876,0.003,389.678,10.158,4.138
Tesla K20Xm,LUDecomposition,TWO_D,1916,1916,16,1,1,28,73.561,26.281,0.002,870.425,10.102,4.148
Tesla K20Xm,LUDecomposition,TWO_D,1916,1916,16,2,1,28,72.821,25.963,0.003,679.063,10.259,4.136
Tesla K20Xm,LUDecomposition,TWO_D,1916,1916,16,4,1,28,72.874,25.829,0.003,648.452,10.116,4.135
Tesla K20Xm,LUDecomposition,TWO_D,1916,1916,16,8,1,28,72.945,25.858,0.003,590.726,10.224,4.127
Tesla K20Xm,LUDecomposition,TWO_D,1916,1916,16,16,1,28,72.814,25.806,0.002,524.708,10.113,4.147
Tesla K20Xm,LUDecomposition,TWO_D,1916,1916,16,32,1,28,72.846,25.889,0.003,322.86,10.127,4.193
Tesla K20Xm,LUDecomposition,TWO_D,1916,1916,16,64,1,28,72.733,25.963,0.002,389.606,10.079,4.135
Tesla K20Xm,LUDecomposition,TWO_D,1916,1916,32,1,1,28,72.884,26.032,0.003,679.214,10.183,4.132
Tesla K20Xm,LUDecomposition,TWO_D,1916,1916,32,2,1,28,72.816,25.978,0.003,648.474,10.22,4.124
Tesla K20Xm,LUDecomposition,TWO_D,1916,1916,32,4,1,28,72.851,25.938,0.003,590.803,10.231,4.135
Tesla K20Xm,LUDecomposition,TWO_D,1916,1916,32,8,1,28,73.024,25.861,0.003,524.897,10.227,4.15
Tesla K20Xm,LUDecomposition,TWO_D,1916,1916,32,16,1,28,73.064,25.983,0.002,322.706,10.141,4.149
Tesla K20Xm,LUDecomposition,TWO_D,1916,1916,32,32,1,28,72.844,25.914,0.003,389.554,10.1,4.167
Tesla K20Xm,LUDecomposition,TWO_D,1916,1916,64,1,1,28,72.796,25.876,0.003,648.449,10.125,4.126
Tesla K20Xm,LUDecomposition,TWO_D,1916,1916,64,2,1,28,72.713,25.926,0.002,590.841,10.183,4.147
Tesla K20Xm,LUDecomposition,TWO_D,1916,1916,64,4,1,28,72.818,25.997,0.002,524.861,10.137,4.186
Tesla K20Xm,LUDecomposition,TWO_D,1916,1916,64,8,1,28,72.872,25.893,0.002,322.315,10.112,4.137
Tesla K20Xm,LUDecomposition,TWO_D,1916,1916,64,16,1,28,72.891,25.868,0.003,389.391,10.091,4.128
Tesla K20Xm,LUDecomposition,TWO_D,1916,1916,128,1,1,28,73.297,25.906,0.003,590.596,10.13,4.165
Tesla K20Xm,LUDecomposition,TWO_D,1916,1916,128,2,1,28,72.84,25.836,0.002,524.843,10.116,4.177
Tesla K20Xm,LUDecomposition,TWO_D,1916,1916,128,4,1,28,73.105,25.913,0.003,322.534,10.21,4.122
Tesla K20Xm,LUDecomposition,TWO_D,1916,1916,128,8,1,28,72.894,25.963,0.003,389.704,10.185,4.156
Tesla K20Xm,LUDecomposition,TWO_D,1916,1916,256,1,1,28,73.439,26.069,0.002,524.891,10.112,4.116
Tesla K20Xm,LUDecomposition,TWO_D,1916,1916,256,2,1,28,72.897,25.945,0.002,322.518,10.154,4.113
Tesla K20Xm,LUDecomposition,TWO_D,1916,1916,256,4,1,28,73.197,25.853,0.002,389.681,10.099,4.129
Tesla K20Xm,LUDecomposition,TWO_D,1916,1916,512,1,1,28,72.884,25.933,0.002,322.513,10.111,4.138
Tesla K20Xm,LUDecomposition,TWO_D,1916,1916,512,2,1,28,73.528,26.196,0.002,389.634,10.085,4.141
Tesla K20Xm,LUDecomposition,TWO_D,1916,1916,1024,1,1,28,72.854,25.933,0.002,389.468,10.14,4.203
Tesla K20Xm,LUDecomposition,TWO_D,1916,1916,1,1,1,28,72.041,26.1,0.003,6152.85,9.893,4.159
Tesla K20Xm,LUDecomposition,TWO_D,1916,1916,1,2,1,28,72.735,25.949,0.002,3134.98,9.888,4.143
Tesla K20Xm,LUDecomposition,TWO_D,1916,1916,1,4,1,28,72.845,25.707,0.002,1811.68,9.917,4.097
Tesla K20Xm,LUDecomposition,TWO_D,1916,1916,1,8,1,28,72.943,25.728,0.002,1242.81,10.105,4.124
Tesla K20Xm,LUDecomposition,TWO_D,1916,1916,1,16,1,28,72.789,25.906,0.002,870.346,9.94,4.163
Tesla K20Xm,LUDecomposition,TWO_D,1916,1916,1,32,1,28,72.933,26,0.002,679.692,10.134,4.12
Tesla K20Xm,LUDecomposition,TWO_D,1916,1916,1,64,1,28,72.806,25.8,0.002,648.445,10.052,4.158
Tesla K20Xm,LUDecomposition,TWO_D,1916,1916,1,128,1,28,72.834,25.748,0.003,590.801,10.103,4.133
Tesla K20Xm,LUDecomposition,TWO_D,1916,1916,1,256,1,28,72.776,26.09,0.002,524.918,10.064,4.114
Tesla K20Xm,LUDecomposition,TWO_D,1916,1916,1,512,1,28,72.717,25.804,0.003,322.593,10.091,4.14
Tesla K20Xm,LUDecomposition,TWO_D,1916,1916,1,1024,1,28,72.805,25.844,0.002,390.124,10.082,4.114
Tesla K20Xm,LUDecomposition,TWO_D,1916,1916,2,1,1,28,72.766,25.752,0.002,3135.09,10.069,4.113
Tesla K20Xm,LUDecomposition,TWO_D,1916,1916,2,2,1,28,72.958,25.826,0.002,1811.4,10.091,4.134
Tesla K20Xm,LUDecomposition,TWO_D,1916,1916,2,4,1,28,72.757,25.792,0.003,1243.19,10.331,4.184
Tesla K20Xm,LUDecomposition,TWO_D,1916,1916,2,8,1,28,73.579,26.225,0.002,870.517,10.073,4.155
Tesla K20Xm,LUDecomposition,TWO_D,1916,1916,2,16,1,28,72.906,25.792,0.002,679.373,10.075,4.135
Tesla K20Xm,LUDecomposition,TWO_D,1916,1916,2,32,1,28,72.766,25.792,0.003,648.504,10.063,4.148
Tesla K20Xm,LUDecomposition,TWO_D,1916,1916,2,64,1,28,72.805,25.811,0.002,590.688,10.147,4.142
Tesla K20Xm,LUDecomposition,TWO_D,1916,1916,2,128,1,28,72.702,25.707,0.002,524.931,10.113,4.128
Tesla K20Xm,LUDecomposition,TWO_D,1916,1916,2,256,1,28,72.731,25.893,0.002,322.807,10.136,4.13
Tesla K20Xm,LUDecomposition,TWO_D,1916,1916,2,512,1,28,72.804,25.752,0.002,389.911,10.142,4.157
Tesla K20Xm,LUDecomposition,TWO_D,1916,1916,4,1,1,28,72.774,25.867,0.002,1811.87,10.072,4.158
Tesla K20Xm,LUDecomposition,TWO_D,1916,1916,4,2,1,28,72.951,25.763,0.002,1243.46,10.08,4.13
Tesla K20Xm,LUDecomposition,TWO_D,1916,1916,4,4,1,28,72.785,25.79,0.002,870.456,10.131,4.456
Tesla K20Xm,LUDecomposition,TWO_D,1916,1916,4,8,1,28,72.706,25.816,0.002,679.459,10.161,4.358
Tesla K20Xm,LUDecomposition,TWO_D,1916,1916,4,16,1,28,72.907,25.811,0.002,648.419,10.171,4.165
Tesla K20Xm,LUDecomposition,TWO_D,1916,1916,4,32,1,28,72.74,25.721,0.002,590.79,10.133,4.131
Tesla K20Xm,LUDecomposition,TWO_D,1916,1916,4,64,1,28,72.874,25.748,0.002,524.922,10.146,4.158
Tesla K20Xm,LUDecomposition,TWO_D,1916,1916,4,128,1,28,73.885,25.862,0.002,323.211,10.159,4.138
Tesla K20Xm,LUDecomposition,TWO_D,1916,1916,4,256,1,28,72.768,25.795,0.002,389.439,10.164,4.133
Tesla K20Xm,LUDecomposition,TWO_D,1916,1916,8,1,1,28,72.685,25.791,0.002,1243.01,10.105,4.185
Tesla K20Xm,LUDecomposition,TWO_D,1916,1916,8,2,1,28,72.666,25.848,0.002,870.491,10.1,4.164
Tesla K20Xm,LUDecomposition,TWO_D,1916,1916,8,4,1,28,72.739,25.678,0.002,679.143,10.103,4.218
Tesla K20Xm,LUDecomposition,TWO_D,1916,1916,8,8,1,28,73.545,25.736,0.002,648.538,10.1,4.175
Tesla K20Xm,LUDecomposition,TWO_D,1916,1916,8,16,1,28,72.723,25.765,0.002,590.89,10.129,4.134
Tesla K20Xm,LUDecomposition,TWO_D,1916,1916,8,32,1,28,72.685,25.766,0.002,525.38,10.097,4.161
Tesla K20Xm,LUDecomposition,TWO_D,1916,1916,8,64,1,28,72.873,25.77,0.002,322.555,10.138,4.151
Tesla K20Xm,LUDecomposition,TWO_D,1916,1916,8,128,1,28,72.782,25.779,0.003,389.875,10.382,4.142
Tesla K20Xm,LUDecomposition,TWO_D,1916,1916,16,1,1,28,72.735,25.815,0.003,870.614,10.246,4.203
Tesla K20Xm,LUDecomposition,TWO_D,1916,1916,16,2,1,28,73.127,25.737,0.002,679.189,10.113,4.152
Tesla K20Xm,LUDecomposition,TWO_D,1916,1916,16,4,1,28,72.727,25.717,0.003,648.427,10.282,4.127
Tesla K20Xm,LUDecomposition,TWO_D,1916,1916,16,8,1,28,72.818,25.808,0.002,590.805,10.159,4.119
Tesla K20Xm,LUDecomposition,TWO_D,1916,1916,16,16,1,28,72.866,25.721,0.003,524.922,10.117,4.124
Tesla K20Xm,LUDecomposition,TWO_D,1916,1916,16,32,1,28,72.917,25.876,0.002,322.583,10.101,4.149
Tesla K20Xm,LUDecomposition,TWO_D,1916,1916,16,64,1,28,72.728,25.745,0.003,389.76,10.08,4.136
Tesla K20Xm,LUDecomposition,TWO_D,1916,1916,32,1,1,28,72.882,26.278,0.002,679.115,10.087,4.142
Tesla K20Xm,LUDecomposition,TWO_D,1916,1916,32,2,1,28,72.848,25.798,0.003,648.488,10.103,4.147
Tesla K20Xm,LUDecomposition,TWO_D,1916,1916,32,4,1,28,72.995,25.888,0.002,590.954,10.074,4.149
Tesla K20Xm,LUDecomposition,TWO_D,1916,1916,32,8,1,28,72.837,25.684,0.003,524.967,10.124,4.163
Tesla K20Xm,LUDecomposition,TWO_D,1916,1916,32,16,1,28,72.748,25.827,0.002,322.905,10.137,4.171
Tesla K20Xm,LUDecomposition,TWO_D,1916,1916,32,32,1,28,72.718,25.727,0.002,389.364,10.076,4.136
Tesla K20Xm,LUDecomposition,TWO_D,1916,1916,64,1,1,28,72.884,25.738,0.002,648.509,10.121,4.14
Tesla K20Xm,LUDecomposition,TWO_D,1916,1916,64,2,1,28,72.701,25.752,0.002,590.659,10.088,4.132
Tesla K20Xm,LUDecomposition,TWO_D,1916,1916,64,4,1,28,72.888,25.839,0.002,524.383,10.154,4.143
Tesla K20Xm,LUDecomposition,TWO_D,1916,1916,64,8,1,28,72.779,25.766,0.002,323.111,10.095,4.16
Tesla K20Xm,LUDecomposition,TWO_D,1916,1916,64,16,1,28,72.801,25.844,0.002,389.728,10.099,4.142
Tesla K20Xm,LUDecomposition,TWO_D,1916,1916,128,1,1,28,72.864,25.704,0.002,590.836,10.075,4.135
Tesla K20Xm,LUDecomposition,TWO_D,1916,1916,128,2,1,28,72.797,25.8,0.002,525.423,10.111,4.169
Tesla K20Xm,LUDecomposition,TWO_D,1916,1916,128,4,1,28,72.802,25.857,0.003,322.668,10.089,4.128
Tesla K20Xm,LUDecomposition,TWO_D,1916,1916,128,8,1,28,72.736,25.781,0.002,389.519,10.141,4.149
Tesla K20Xm,LUDecomposition,TWO_D,1916,1916,256,1,1,28,73.177,25.701,0.003,524.884,10.131,4.136
Tesla K20Xm,LUDecomposition,TWO_D,1916,1916,256,2,1,28,72.986,25.783,0.003,323.184,10.151,4.151
Tesla K20Xm,LUDecomposition,TWO_D,1916,1916,256,4,1,28,72.79,25.705,0.002,389.445,10.13,4.146
Tesla K20Xm,LUDecomposition,TWO_D,1916,1916,512,1,1,28,72.777,25.731,0.002,322.863,10.095,4.17
Tesla K20Xm,LUDecomposition,TWO_D,1916,1916,512,2,1,28,73.134,25.692,0.002,389.62,10.097,4.148
Tesla K20Xm,LUDecomposition,TWO_D,1916,1916,1024,1,1,28,72.855,25.722,0.003,389.868,10.235,4.184
Tesla K20Xm,LUDecomposition,TWO_D,1916,1916,1,1,1,28,72.114,26.032,0.002,6152.42,9.922,4.154
Tesla K20Xm,LUDecomposition,TWO_D,1916,1916,1,2,1,28,72.912,25.738,0.002,3134.76,9.905,4.157
Tesla K20Xm,LUDecomposition,TWO_D,1916,1916,1,4,1,28,72.676,25.94,0.003,1811.34,9.883,4.179
Tesla K20Xm,LUDecomposition,TWO_D,1916,1916,1,8,1,28,73.012,25.717,0.002,1242.87,9.94,4.197
Tesla K20Xm,LUDecomposition,TWO_D,1916,1916,1,16,1,28,72.948,25.715,0.003,870.507,9.858,4.222
Tesla K20Xm,LUDecomposition,TWO_D,1916,1916,1,32,1,28,72.967,25.7,0.003,679.287,10.232,4.231
Tesla K20Xm,LUDecomposition,TWO_D,1916,1916,1,64,1,28,73.523,26.072,0.002,648.578,10.066,4.239
Tesla K20Xm,LUDecomposition,TWO_D,1916,1916,1,128,1,28,72.723,25.755,0.003,590.908,10.05,4.179
Tesla K20Xm,LUDecomposition,TWO_D,1916,1916,1,256,1,28,72.798,25.694,0.003,525.827,11.004,4.767
Tesla K20Xm,LUDecomposition,TWO_D,1916,1916,1,512,1,28,77.832,25.773,0.003,322.782,10.154,4.161
Tesla K20Xm,LUDecomposition,TWO_D,1916,1916,1,1024,1,28,72.693,25.905,0.002,389.794,10.26,4.227
Tesla K20Xm,LUDecomposition,TWO_D,1916,1916,2,1,1,28,73.009,25.857,0.002,3134.91,9.841,4.163
Tesla K20Xm,LUDecomposition,TWO_D,1916,1916,2,2,1,28,72.832,25.783,0.002,1811.55,9.934,4.177
Tesla K20Xm,LUDecomposition,TWO_D,1916,1916,2,4,1,28,72.943,25.637,0.002,1242.86,10.056,4.189
Tesla K20Xm,LUDecomposition,TWO_D,1916,1916,2,8,1,28,72.878,25.754,0.002,870.69,10.134,4.213
Tesla K20Xm,LUDecomposition,TWO_D,1916,1916,2,16,1,28,72.661,25.835,0.003,679.219,10.09,4.278
Tesla K20Xm,LUDecomposition,TWO_D,1916,1916,2,32,1,28,72.751,25.883,0.002,648.989,10.071,4.186
Tesla K20Xm,LUDecomposition,TWO_D,1916,1916,2,64,1,28,72.737,25.807,0.003,590.63,10.043,4.194
Tesla K20Xm,LUDecomposition,TWO_D,1916,1916,2,128,1,28,73.013,25.745,0.002,524.817,10.089,4.238
Tesla K20Xm,LUDecomposition,TWO_D,1916,1916,2,256,1,28,72.67,25.752,0.003,322.555,10.085,4.211
Tesla K20Xm,LUDecomposition,TWO_D,1916,1916,2,512,1,28,72.886,26.085,0.002,389.857,10.274,4.18
Tesla K20Xm,LUDecomposition,TWO_D,1916,1916,4,1,1,28,72.867,25.745,0.002,1811.62,9.89,4.228
Tesla K20Xm,LUDecomposition,TWO_D,1916,1916,4,2,1,28,72.886,25.737,0.003,1242.77,9.927,4.193
Tesla K20Xm,LUDecomposition,TWO_D,1916,1916,4,4,1,28,73.202,25.857,0.002,870.515,10.103,4.248
Tesla K20Xm,LUDecomposition,TWO_D,1916,1916,4,8,1,28,72.741,25.884,0.002,679.356,10.155,4.205
Tesla K20Xm,LUDecomposition,TWO_D,1916,1916,4,16,1,28,72.81,25.841,0.002,648.63,10.138,4.248
Tesla K20Xm,LUDecomposition,TWO_D,1916,1916,4,32,1,28,72.988,25.756,0.003,590.164,10.142,4.206
Tesla K20Xm,LUDecomposition,TWO_D,1916,1916,4,64,1,28,72.735,25.712,0.002,524.848,10.086,4.21
Tesla K20Xm,LUDecomposition,TWO_D,1916,1916,4,128,1,28,72.664,26.003,0.002,322.544,10.271,4.29
Tesla K20Xm,LUDecomposition,TWO_D,1916,1916,4,256,1,28,73.452,26.368,0.003,389.847,10.096,4.211
Tesla K20Xm,LUDecomposition,TWO_D,1916,1916,8,1,1,28,72.868,25.737,0.002,1242.88,10.173,4.192
Tesla K20Xm,LUDecomposition,TWO_D,1916,1916,8,2,1,28,72.772,25.824,0.003,870.543,10.082,4.22
Tesla K20Xm,LUDecomposition,TWO_D,1916,1916,8,4,1,28,72.932,25.78,0.002,679.154,10.094,4.199
Tesla K20Xm,LUDecomposition,TWO_D,1916,1916,8,8,1,28,72.803,25.781,0.002,648.653,10.141,4.174
Tesla K20Xm,LUDecomposition,TWO_D,1916,1916,8,16,1,28,72.844,25.872,0.002,590.767,10.42,4.177
Tesla K20Xm,LUDecomposition,TWO_D,1916,1916,8,32,1,28,72.76,25.871,0.003,524.794,10.078,4.179
Tesla K20Xm,LUDecomposition,TWO_D,1916,1916,8,64,1,28,72.961,25.824,0.002,322.88,10.11,4.204
Tesla K20Xm,LUDecomposition,TWO_D,1916,1916,8,128,1,28,72.839,25.775,0.003,389.865,10.107,4.183
Tesla K20Xm,LUDecomposition,TWO_D,1916,1916,16,1,1,28,72.783,25.816,0.003,870.595,10.158,4.193
Tesla K20Xm,LUDecomposition,TWO_D,1916,1916,16,2,1,28,73.104,25.922,0.002,679.43,10.141,4.242
Tesla K20Xm,LUDecomposition,TWO_D,1916,1916,16,4,1,28,72.809,25.746,0.003,648.952,10.153,4.197
Tesla K20Xm,LUDecomposition,TWO_D,1916,1916,16,8,1,28,72.976,25.751,0.002,590.842,10.137,4.2
Tesla K20Xm,LUDecomposition,TWO_D,1916,1916,16,16,1,28,73.079,26.133,0.002,525.048,10.11,4.187
Tesla K20Xm,LUDecomposition,TWO_D,1916,1916,16,32,1,28,72.788,25.825,0.002,322.47,10.142,4.237
Tesla K20Xm,LUDecomposition,TWO_D,1916,1916,16,64,1,28,72.864,25.851,0.002,389.873,10.16,4.21
Tesla K20Xm,LUDecomposition,TWO_D,1916,1916,32,1,1,28,72.77,25.799,0.002,679.693,9.963,4.181
Tesla K20Xm,LUDecomposition,TWO_D,1916,1916,32,2,1,28,72.801,25.77,0.003,648.333,10.084,4.234
Tesla K20Xm,LUDecomposition,TWO_D,1916,1916,32,4,1,28,73.276,25.785,0.002,590.657,10.174,4.233
Tesla K20Xm,LUDecomposition,TWO_D,1916,1916,32,8,1,28,72.805,25.759,0.003,524.898,10.102,4.181
Tesla K20Xm,LUDecomposition,TWO_D,1916,1916,32,16,1,28,72.873,25.708,0.002,322.375,10.079,4.203
Tesla K20Xm,LUDecomposition,TWO_D,1916,1916,32,32,1,28,72.981,25.75,0.003,389.355,10.105,4.173
Tesla K20Xm,LUDecomposition,TWO_D,1916,1916,64,1,1,28,72.865,25.719,0.002,648.743,10.205,4.543
Tesla K20Xm,LUDecomposition,TWO_D,1916,1916,64,2,1,28,72.799,25.709,0.002,590.755,10.137,4.204
Tesla K20Xm,LUDecomposition,TWO_D,1916,1916,64,4,1,28,73.003,25.808,0.003,525.107,10.105,4.192
Tesla K20Xm,LUDecomposition,TWO_D,1916,1916,64,8,1,28,72.846,25.734,0.002,322.627,10.117,4.182
Tesla K20Xm,LUDecomposition,TWO_D,1916,1916,64,16,1,28,72.86,25.758,0.002,389.71,10.08,4.211
Tesla K20Xm,LUDecomposition,TWO_D,1916,1916,128,1,1,28,72.747,25.881,0.003,590.84,10.077,4.247
Tesla K20Xm,LUDecomposition,TWO_D,1916,1916,128,2,1,28,73.182,25.749,0.002,524.883,10.354,4.224
Tesla K20Xm,LUDecomposition,TWO_D,1916,1916,128,4,1,28,73.131,25.851,0.002,322.86,10.106,4.251
Tesla K20Xm,LUDecomposition,TWO_D,1916,1916,128,8,1,28,72.808,25.813,0.002,389.739,10.124,4.31
Tesla K20Xm,LUDecomposition,TWO_D,1916,1916,256,1,1,28,72.833,25.893,0.003,524.82,9.965,4.177
Tesla K20Xm,LUDecomposition,TWO_D,1916,1916,256,2,1,28,72.868,25.739,0.002,322.559,10.201,4.189
Tesla K20Xm,LUDecomposition,TWO_D,1916,1916,256,4,1,28,72.789,25.835,0.002,390.052,10.132,4.207
Tesla K20Xm,LUDecomposition,TWO_D,1916,1916,512,1,1,28,72.806,25.805,0.002,322.712,10.149,4.189
Tesla K20Xm,LUDecomposition,TWO_D,1916,1916,512,2,1,28,72.831,25.876,0.003,389.983,10.11,4.201
Tesla K20Xm,LUDecomposition,TWO_D,1916,1916,1024,1,1,28,72.93,25.893,0.002,389.71,10.13,4.185
Tesla K20Xm,LUDecomposition,TWO_D,1916,1916,1,1,1,28,72.144,25.759,0.002,6152.34,9.861,4.1
Tesla K20Xm,LUDecomposition,TWO_D,1916,1916,1,2,1,28,72.756,25.641,0.002,3134.54,9.782,4.094
Tesla K20Xm,LUDecomposition,TWO_D,1916,1916,1,4,1,28,72.848,25.597,0.003,1811.28,9.767,4.117
Tesla K20Xm,LUDecomposition,TWO_D,1916,1916,1,8,1,28,72.851,25.488,0.002,1242.67,9.773,4.115
Tesla K20Xm,LUDecomposition,TWO_D,1916,1916,1,16,1,28,72.853,25.5,0.002,870.287,9.811,4.113
Tesla K20Xm,LUDecomposition,TWO_D,1916,1916,1,32,1,28,72.777,25.917,0.002,678.818,9.821,4.109
Tesla K20Xm,LUDecomposition,TWO_D,1916,1916,1,64,1,28,72.828,25.668,0.002,648.19,9.958,4.124
Tesla K20Xm,LUDecomposition,TWO_D,1916,1916,1,128,1,28,72.811,25.526,0.003,590.723,9.971,4.116
Tesla K20Xm,LUDecomposition,TWO_D,1916,1916,1,256,1,28,72.962,25.541,0.002,524.651,10.042,4.103
Tesla K20Xm,LUDecomposition,TWO_D,1916,1916,1,512,1,28,72.698,25.675,0.002,322.544,10.052,4.118
Tesla K20Xm,LUDecomposition,TWO_D,1916,1916,1,1024,1,28,72.776,25.464,0.002,389.852,9.978,4.166
Tesla K20Xm,LUDecomposition,TWO_D,1916,1916,2,1,1,28,72.913,25.48,0.002,3134.78,9.791,4.165
Tesla K20Xm,LUDecomposition,TWO_D,1916,1916,2,2,1,28,72.879,25.521,0.003,1811.31,9.8,4.089
Tesla K20Xm,LUDecomposition,TWO_D,1916,1916,2,4,1,28,72.758,25.625,0.002,1242.65,9.765,4.121
Tesla K20Xm,LUDecomposition,TWO_D,1916,1916,2,8,1,28,72.817,25.504,0.002,870.183,9.971,4.138
Tesla K20Xm,LUDecomposition,TWO_D,1916,1916,2,16,1,28,73.153,25.719,0.002,679.408,9.987,4.105
Tesla K20Xm,LUDecomposition,TWO_D,1916,1916,2,32,1,28,73.476,25.628,0.002,648.09,10.029,4.131
Tesla K20Xm,LUDecomposition,TWO_D,1916,1916,2,64,1,28,72.766,27.295,0.003,590.5,10.02,4.134
Tesla K20Xm,LUDecomposition,TWO_D,1916,1916,2,128,1,28,72.791,25.563,0.003,524.888,9.985,4.181
Tesla K20Xm,LUDecomposition,TWO_D,1916,1916,2,256,1,28,72.734,25.607,0.002,322.675,9.988,4.142
Tesla K20Xm,LUDecomposition,TWO_D,1916,1916,2,512,1,28,72.778,25.495,0.002,389.699,10.084,4.143
Tesla K20Xm,LUDecomposition,TWO_D,1916,1916,4,1,1,28,73.088,25.475,0.002,1811.36,9.84,4.162
Tesla K20Xm,LUDecomposition,TWO_D,1916,1916,4,2,1,28,72.916,25.7,0.002,1242.8,9.809,4.151
Tesla K20Xm,LUDecomposition,TWO_D,1916,1916,4,4,1,28,72.784,25.565,0.002,870.202,10.005,4.159
Tesla K20Xm,LUDecomposition,TWO_D,1916,1916,4,8,1,28,72.843,25.6,0.002,679.24,9.975,4.198
Tesla K20Xm,LUDecomposition,TWO_D,1916,1916,4,16,1,28,72.871,25.634,0.003,648.283,10.213,70.964
Tesla K20Xm,LUDecomposition,TWO_D,1916,1916,4,32,1,28,73.118,25.599,0.003,590.658,9.988,4.177
Tesla K20Xm,LUDecomposition,TWO_D,1916,1916,4,64,1,28,72.85,25.685,0.002,524.653,9.993,4.195
Tesla K20Xm,LUDecomposition,TWO_D,1916,1916,4,128,1,28,72.802,25.627,0.002,322.744,10.004,4.182
Tesla K20Xm,LUDecomposition,TWO_D,1916,1916,4,256,1,28,72.927,25.614,0.002,389.421,10.013,4.158
Tesla K20Xm,LUDecomposition,TWO_D,1916,1916,8,1,1,28,72.748,25.587,0.003,1242.8,10.065,4.168
Tesla K20Xm,LUDecomposition,TWO_D,1916,1916,8,2,1,28,72.769,25.594,0.003,870.309,9.985,4.132
Tesla K20Xm,LUDecomposition,TWO_D,1916,1916,8,4,1,28,72.787,25.553,0.002,679.079,10.011,4.172
Tesla K20Xm,LUDecomposition,TWO_D,1916,1916,8,8,1,28,72.801,25.572,0.002,648.379,10.047,4.148
Tesla K20Xm,LUDecomposition,TWO_D,1916,1916,8,16,1,28,72.793,25.598,0.002,590.72,10.014,4.155
Tesla K20Xm,LUDecomposition,TWO_D,1916,1916,8,32,1,28,72.792,25.567,0.003,524.891,10.016,4.113
Tesla K20Xm,LUDecomposition,TWO_D,1916,1916,8,64,1,28,72.787,25.596,0.002,322.193,10.017,4.138
Tesla K20Xm,LUDecomposition,TWO_D,1916,1916,8,128,1,28,72.845,25.561,0.003,389.215,10.031,4.221
Tesla K20Xm,LUDecomposition,TWO_D,1916,1916,16,1,1,28,72.723,25.552,0.002,870.43,10.049,4.164
Tesla K20Xm,LUDecomposition,TWO_D,1916,1916,16,2,1,28,72.718,25.579,0.002,679.169,10.007,4.188
Tesla K20Xm,LUDecomposition,TWO_D,1916,1916,16,4,1,28,72.826,25.539,0.002,648.287,10.024,4.187
Tesla K20Xm,LUDecomposition,TWO_D,1916,1916,16,8,1,28,73.343,25.675,0.002,590.632,9.995,4.156
Tesla K20Xm,LUDecomposition,TWO_D,1916,1916,16,16,1,28,72.823,25.71,0.002,524.906,9.989,4.215
Tesla K20Xm,LUDecomposition,TWO_D,1916,1916,16,32,1,28,72.83,25.548,0.002,322.387,10.004,4.144
Tesla K20Xm,LUDecomposition,TWO_D,1916,1916,16,64,1,28,72.914,25.593,0.002,389.506,10.009,4.165
Tesla K20Xm,LUDecomposition,TWO_D,1916,1916,32,1,1,28,72.78,25.53,0.002,679.159,10.024,4.175
Tesla K20Xm,LUDecomposition,TWO_D,1916,1916,32,2,1,28,72.963,25.7,0.003,648.471,9.985,4.176
Tesla K20Xm,LUDecomposition,TWO_D,1916,1916,32,4,1,28,72.883,25.606,0.002,590.612,9.999,4.15
Tesla K20Xm,LUDecomposition,TWO_D,1916,1916,32,8,1,28,72.783,25.585,0.001,524.637,9.991,4.178
Tesla K20Xm,LUDecomposition,TWO_D,1916,1916,32,16,1,28,72.856,25.554,0.002,322.532,10.008,4.147
Tesla K20Xm,LUDecomposition,TWO_D,1916,1916,32,32,1,28,72.797,25.589,0.002,389.687,10.026,4.18
Tesla K20Xm,LUDecomposition,TWO_D,1916,1916,64,1,1,28,73.675,25.608,0.002,648.404,10,4.169
Tesla K20Xm,LUDecomposition,TWO_D,1916,1916,64,2,1,28,72.844,25.512,0.002,590.411,9.989,4.142
Tesla K20Xm,LUDecomposition,TWO_D,1916,1916,64,4,1,28,72.875,25.54,0.002,524.951,10.012,4.161
Tesla K20Xm,LUDecomposition,TWO_D,1916,1916,64,8,1,28,72.944,25.558,0.003,322.483,10.037,4.142
Tesla K20Xm,LUDecomposition,TWO_D,1916,1916,64,16,1,28,72.841,25.58,0.003,389.673,10.034,4.306
Tesla K20Xm,LUDecomposition,TWO_D,1916,1916,128,1,1,28,72.748,25.598,0.003,590.777,10.142,4.175
Tesla K20Xm,LUDecomposition,TWO_D,1916,1916,128,2,1,28,72.866,25.615,0.003,524.777,10.007,4.183
Tesla K20Xm,LUDecomposition,TWO_D,1916,1916,128,4,1,28,72.835,25.469,0.002,322.537,10.028,4.141
Tesla K20Xm,LUDecomposition,TWO_D,1916,1916,128,8,1,28,72.675,25.648,0.002,389.641,10.071,4.154
Tesla K20Xm,LUDecomposition,TWO_D,1916,1916,256,1,1,28,72.787,25.62,0.002,524.556,10.203,4.227
Tesla K20Xm,LUDecomposition,TWO_D,1916,1916,256,2,1,28,73.282,25.909,0.002,322.604,10.014,4.168
Tesla K20Xm,LUDecomposition,TWO_D,1916,1916,256,4,1,28,72.794,25.548,0.002,389.603,10.008,4.168
Tesla K20Xm,LUDecomposition,TWO_D,1916,1916,512,1,1,28,72.836,25.518,0.002,322.613,9.992,4.155
Tesla K20Xm,LUDecomposition,TWO_D,1916,1916,512,2,1,28,72.804,25.573,0.002,389.792,9.985,4.196
Tesla K20Xm,LUDecomposition,TWO_D,1916,1916,1024,1,1,28,72.738,25.619,0.002,389.88,10.007,4.207
Tesla K20Xm,LUDecomposition,TWO_D,1916,1916,1,1,1,28,72.258,26.106,0.003,6152.65,9.947,4.193
Tesla K20Xm,LUDecomposition,TWO_D,1916,1916,1,2,1,28,72.701,25.994,0.002,3134.77,9.903,4.183
Tesla K20Xm,LUDecomposition,TWO_D,1916,1916,1,4,1,28,72.985,25.886,0.002,1811.43,9.91,4.185
Tesla K20Xm,LUDecomposition,TWO_D,1916,1916,1,8,1,28,72.837,26.025,0.003,1242.69,9.893,4.149
Tesla K20Xm,LUDecomposition,TWO_D,1916,1916,1,16,1,28,72.941,25.96,0.003,870.157,10.142,4.166
Tesla K20Xm,LUDecomposition,TWO_D,1916,1916,1,32,1,28,73.276,26.638,0.002,679.371,10.145,4.182
Tesla K20Xm,LUDecomposition,TWO_D,1916,1916,1,64,1,28,72.93,25.929,0.002,648.557,10.105,4.171
Tesla K20Xm,LUDecomposition,TWO_D,1916,1916,1,128,1,28,72.811,25.947,0.002,590.814,10.1,4.159
Tesla K20Xm,LUDecomposition,TWO_D,1916,1916,1,256,1,28,72.805,25.92,0.002,525.034,10.106,4.209
Tesla K20Xm,LUDecomposition,TWO_D,1916,1916,1,512,1,28,72.77,26.11,0.002,322.856,10.097,4.156
Tesla K20Xm,LUDecomposition,TWO_D,1916,1916,1,1024,1,28,72.829,25.933,0.002,390.032,10.108,4.192
Tesla K20Xm,LUDecomposition,TWO_D,1916,1916,2,1,1,28,72.814,25.882,0.002,3135.02,9.964,4.198
Tesla K20Xm,LUDecomposition,TWO_D,1916,1916,2,2,1,28,72.915,25.944,0.002,1811.43,9.923,4.177
Tesla K20Xm,LUDecomposition,TWO_D,1916,1916,2,4,1,28,72.865,25.89,0.002,1242.87,10.133,4.161
Tesla K20Xm,LUDecomposition,TWO_D,1916,1916,2,8,1,28,72.86,25.905,0.002,870.637,10.146,4.165
Tesla K20Xm,LUDecomposition,TWO_D,1916,1916,2,16,1,28,72.763,25.979,0.002,679.515,10.087,4.186
Tesla K20Xm,LUDecomposition,TWO_D,1916,1916,2,32,1,28,72.803,25.877,0.003,648.462,10.187,4.164
Tesla K20Xm,LUDecomposition,TWO_D,1916,1916,2,64,1,28,72.708,26.047,0.002,590.722,10.097,4.166
Tesla K20Xm,LUDecomposition,TWO_D,1916,1916,2,128,1,28,72.837,25.915,0.003,525.205,10.122,4.178
Tesla K20Xm,LUDecomposition,TWO_D,1916,1916,2,256,1,28,72.808,25.955,0.002,322.779,10.112,4.156
Tesla K20Xm,LUDecomposition,TWO_D,1916,1916,2,512,1,28,72.786,25.871,0.002,389.702,10.091,4.189
Tesla K20Xm,LUDecomposition,TWO_D,1916,1916,4,1,1,28,72.892,25.989,0.003,1811.72,9.931,4.18
Tesla K20Xm,LUDecomposition,TWO_D,1916,1916,4,2,1,28,72.872,25.931,0.002,1242.92,9.918,4.176
Tesla K20Xm,LUDecomposition,TWO_D,1916,1916,4,4,1,28,72.789,25.94,0.003,870.694,10.184,4.169
Tesla K20Xm,LUDecomposition,TWO_D,1916,1916,4,8,1,28,72.797,25.891,0.002,679.442,10.116,4.213
Tesla K20Xm,LUDecomposition,TWO_D,1916,1916,4,16,1,28,72.866,25.933,0.002,648.676,10.137,4.204
Tesla K20Xm,LUDecomposition,TWO_D,1916,1916,4,32,1,28,72.788,25.952,0.003,590.902,10.167,4.222
Tesla K20Xm,LUDecomposition,TWO_D,1916,1916,4,64,1,28,72.964,25.914,0.002,525.072,10.179,4.152
Tesla K20Xm,LUDecomposition,TWO_D,1916,1916,4,128,1,28,72.792,25.937,0.002,322.829,10.138,4.205
Tesla K20Xm,LUDecomposition,TWO_D,1916,1916,4,256,1,28,72.843,25.89,0.002,389.875,10.167,4.176
Tesla K20Xm,LUDecomposition,TWO_D,1916,1916,8,1,1,28,72.765,25.836,0.002,1243.04,9.922,4.228
Tesla K20Xm,LUDecomposition,TWO_D,1916,1916,8,2,1,28,72.712,25.963,0.003,870.33,9.907,4.19
Tesla K20Xm,LUDecomposition,TWO_D,1916,1916,8,4,1,28,72.727,25.943,0.002,679.266,9.934,4.183
Tesla K20Xm,LUDecomposition,TWO_D,1916,1916,8,8,1,28,72.836,25.928,0.002,648.396,10.079,4.181
Tesla K20Xm,LUDecomposition,TWO_D,1916,1916,8,16,1,28,72.878,25.898,0.002,590.991,10.101,4.183
Tesla K20Xm,LUDecomposition,TWO_D,1916,1916,8,32,1,28,72.767,25.865,0.002,524.905,10.141,4.173
Tesla K20Xm,LUDecomposition,TWO_D,1916,1916,8,64,1,28,72.83,25.912,0.002,322.745,10.08,4.175
Tesla K20Xm,LUDecomposition,TWO_D,1916,1916,8,128,1,28,72.817,25.945,0.002,389.641,10.091,4.195
Tesla K20Xm,LUDecomposition,TWO_D,1916,1916,16,1,1,28,72.823,25.96,0.002,870.572,10.152,4.217
Tesla K20Xm,LUDecomposition,TWO_D,1916,1916,16,2,1,28,72.66,25.912,0.003,679.581,10.129,4.193
Tesla K20Xm,LUDecomposition,TWO_D,1916,1916,16,4,1,28,72.879,25.942,0.002,648.415,10.106,4.208
Tesla K20Xm,LUDecomposition,TWO_D,1916,1916,16,8,1,28,73.421,26.237,0.002,591.056,10.177,4.194
Tesla K20Xm,LUDecomposition,TWO_D,1916,1916,16,16,1,28,73.115,25.914,0.002,525.058,10.086,4.199
Tesla K20Xm,LUDecomposition,TWO_D,1916,1916,16,32,1,28,72.777,25.947,0.002,322.833,10.083,4.177
Tesla K20Xm,LUDecomposition,TWO_D,1916,1916,16,64,1,28,72.923,25.962,0.002,389.983,10.116,4.246
Tesla K20Xm,LUDecomposition,TWO_D,1916,1916,32,1,1,28,72.827,25.874,0.003,679.374,10.082,4.182
Tesla K20Xm,LUDecomposition,TWO_D,1916,1916,32,2,1,28,73.149,25.864,0.002,648.437,10.116,4.173
Tesla K20Xm,LUDecomposition,TWO_D,1916,1916,32,4,1,28,72.877,25.926,0.002,590.734,10.116,4.177
Tesla K20Xm,LUDecomposition,TWO_D,1916,1916,32,8,1,28,72.766,25.915,0.002,525.057,10.107,4.19
Tesla K20Xm,LUDecomposition,TWO_D,1916,1916,32,16,1,28,72.785,25.863,0.002,322.787,10.136,4.202
Tesla K20Xm,LUDecomposition,TWO_D,1916,1916,32,32,1,28,72.776,25.811,0.002,389.957,10.241,4.24
Tesla K20Xm,LUDecomposition,TWO_D,1916,1916,64,1,1,28,72.988,25.947,0.003,648.567,10.087,4.224
Tesla K20Xm,LUDecomposition,TWO_D,1916,1916,64,2,1,28,72.901,25.849,0.002,590.692,10.184,4.219
Tesla K20Xm,LUDecomposition,TWO_D,1916,1916,64,4,1,28,72.82,25.922,0.003,524.748,10.104,4.203
Tesla K20Xm,LUDecomposition,TWO_D,1916,1916,64,8,1,28,72.858,25.866,0.003,322.594,10.15,4.185
Tesla K20Xm,LUDecomposition,TWO_D,1916,1916,64,16,1,28,72.682,26.001,0.002,389.848,10.108,4.175
Tesla K20Xm,LUDecomposition,TWO_D,1916,1916,128,1,1,28,72.808,25.965,0.002,590.789,10.113,4.183
Tesla K20Xm,LUDecomposition,TWO_D,1916,1916,128,2,1,28,72.835,25.898,0.002,524.982,10.108,4.183
Tesla K20Xm,LUDecomposition,TWO_D,1916,1916,128,4,1,28,72.851,25.898,0.002,322.77,10.081,4.222
Tesla K20Xm,LUDecomposition,TWO_D,1916,1916,128,8,1,28,72.875,25.877,0.002,389.686,10.063,4.219
Tesla K20Xm,LUDecomposition,TWO_D,1916,1916,256,1,1,28,72.813,25.916,0.003,525.124,10.101,4.193
Tesla K20Xm,LUDecomposition,TWO_D,1916,1916,256,2,1,28,73.521,25.879,0.002,322.561,10.134,4.175
Tesla K20Xm,LUDecomposition,TWO_D,1916,1916,256,4,1,28,72.853,25.864,0.002,389.638,10.154,4.157
Tesla K20Xm,LUDecomposition,TWO_D,1916,1916,512,1,1,28,72.994,25.875,0.002,322.676,10.232,4.174
Tesla K20Xm,LUDecomposition,TWO_D,1916,1916,512,2,1,28,72.729,25.921,0.002,389.504,10.164,4.188
Tesla K20Xm,LUDecomposition,TWO_D,1916,1916,1024,1,1,28,72.971,26.358,0.002,389.821,10.133,4.24
Tesla K20Xm,LUDecomposition,TWO_D,1916,1916,1,1,1,28,72.113,26.093,0.002,6152.53,9.889,4.2
Tesla K20Xm,LUDecomposition,TWO_D,1916,1916,1,2,1,28,72.767,25.728,0.002,3134.85,9.945,4.208
Tesla K20Xm,LUDecomposition,TWO_D,1916,1916,1,4,1,28,73.01,25.768,0.002,1811.35,9.887,4.225
Tesla K20Xm,LUDecomposition,TWO_D,1916,1916,1,8,1,28,72.912,26.09,0.002,1242.77,9.963,4.181
Tesla K20Xm,LUDecomposition,TWO_D,1916,1916,1,16,1,28,72.908,25.837,0.003,870.355,9.863,4.193
Tesla K20Xm,LUDecomposition,TWO_D,1916,1916,1,32,1,28,72.924,26.028,0.003,679.924,10.082,4.205
Tesla K20Xm,LUDecomposition,TWO_D,1916,1916,1,64,1,28,72.838,25.833,0.003,648.528,10.117,4.185
Tesla K20Xm,LUDecomposition,TWO_D,1916,1916,1,128,1,28,72.81,25.805,0.002,590.715,10.087,4.166
Tesla K20Xm,LUDecomposition,TWO_D,1916,1916,1,256,1,28,72.798,25.819,0.002,525.003,10.105,4.177
Tesla K20Xm,LUDecomposition,TWO_D,1916,1916,1,512,1,28,72.782,25.741,0.002,322.61,10.077,4.204
Tesla K20Xm,LUDecomposition,TWO_D,1916,1916,1,1024,1,28,72.695,25.881,0.002,389.823,10.095,4.179
Tesla K20Xm,LUDecomposition,TWO_D,1916,1916,2,1,1,28,72.746,25.867,0.002,3135.05,9.923,4.189
Tesla K20Xm,LUDecomposition,TWO_D,1916,1916,2,2,1,28,72.892,25.7,0.002,1811.28,10.074,4.166
Tesla K20Xm,LUDecomposition,TWO_D,1916,1916,2,4,1,28,72.927,25.844,0.003,1242.79,10.108,4.174
Tesla K20Xm,LUDecomposition,TWO_D,1916,1916,2,8,1,28,72.906,25.75,0.002,870.496,10.083,4.191
Tesla K20Xm,LUDecomposition,TWO_D,1916,1916,2,16,1,28,72.902,25.862,0.002,679.257,10.071,4.182
Tesla K20Xm,LUDecomposition,TWO_D,1916,1916,2,32,1,28,72.674,25.801,0.002,648.638,10.149,4.176
Tesla K20Xm,LUDecomposition,TWO_D,1916,1916,2,64,1,28,72.805,25.737,0.003,590.788,10.065,4.195
Tesla K20Xm,LUDecomposition,TWO_D,1916,1916,2,128,1,28,72.795,25.68,0.003,524.945,10.079,4.158
Tesla K20Xm,LUDecomposition,TWO_D,1916,1916,2,256,1,28,72.815,25.767,0.002,322.925,10.231,4.248
Tesla K20Xm,LUDecomposition,TWO_D,1916,1916,2,512,1,28,73.353,26.166,0.002,389.726,10.086,4.192
Tesla K20Xm,LUDecomposition,TWO_D,1916,1916,4,1,1,28,72.844,25.835,0.002,1811.61,9.926,4.18
Tesla K20Xm,LUDecomposition,TWO_D,1916,1916,4,2,1,28,72.921,25.744,0.002,1242.96,9.893,4.229
Tesla K20Xm,LUDecomposition,TWO_D,1916,1916,4,4,1,28,72.83,25.72,0.002,870.527,10.102,4.185
Tesla K20Xm,LUDecomposition,TWO_D,1916,1916,4,8,1,28,72.867,25.762,0.003,679.195,10.078,4.205
Tesla K20Xm,LUDecomposition,TWO_D,1916,1916,4,16,1,28,72.856,25.813,0.002,648.669,10.07,4.185
Tesla K20Xm,LUDecomposition,TWO_D,1916,1916,4,32,1,28,72.836,25.834,0.003,590.659,10.056,4.202
Tesla K20Xm,LUDecomposition,TWO_D,1916,1916,4,64,1,28,73.129,25.745,0.002,524.949,10.097,4.223
Tesla K20Xm,LUDecomposition,TWO_D,1916,1916,4,128,1,28,72.881,25.769,0.003,323.516,10.136,4.167
Tesla K20Xm,LUDecomposition,TWO_D,1916,1916,4,256,1,28,72.79,25.794,0.001,389.883,10.213,4.186
Tesla K20Xm,LUDecomposition,TWO_D,1916,1916,8,1,1,28,72.82,25.797,0.002,1242.89,10.092,4.169
Tesla K20Xm,LUDecomposition,TWO_D,1916,1916,8,2,1,28,73.431,26.1,0.003,870.902,10.143,4.189
Tesla K20Xm,LUDecomposition,TWO_D,1916,1916,8,4,1,28,72.872,25.828,0.003,679.64,10.088,4.193
Tesla K20Xm,LUDecomposition,TWO_D,1916,1916,8,8,1,28,72.888,25.761,0.002,648.485,10.071,4.233
Tesla K20Xm,LUDecomposition,TWO_D,1916,1916,8,16,1,28,72.72,25.79,0.003,591.09,10.07,4.271
Tesla K20Xm,LUDecomposition,TWO_D,1916,1916,8,32,1,28,72.727,25.802,0.002,524.957,10.048,4.223
Tesla K20Xm,LUDecomposition,TWO_D,1916,1916,8,64,1,28,72.833,25.778,0.003,322.912,10.09,4.188
Tesla K20Xm,LUDecomposition,TWO_D,1916,1916,8,128,1,28,72.777,25.806,0.002,389.569,10.09,4.179
Tesla K20Xm,LUDecomposition,TWO_D,1916,1916,16,1,1,28,72.802,25.794,0.002,870.495,10.079,4.179
Tesla K20Xm,LUDecomposition,TWO_D,1916,1916,16,2,1,28,72.862,25.794,0.002,679.545,10.149,4.215
Tesla K20Xm,LUDecomposition,TWO_D,1916,1916,16,4,1,28,72.751,25.838,0.002,648.394,10.081,4.208
Tesla K20Xm,LUDecomposition,TWO_D,1916,1916,16,8,1,28,72.757,26.045,0.002,590.914,10.147,4.196
Tesla K20Xm,LUDecomposition,TWO_D,1916,1916,16,16,1,28,73.688,25.888,0.003,524.911,10.1,4.182
Tesla K20Xm,LUDecomposition,TWO_D,1916,1916,16,32,1,28,72.793,25.837,0.003,323.219,10.044,4.22
Tesla K20Xm,LUDecomposition,TWO_D,1916,1916,16,64,1,28,72.814,25.813,0.002,389.716,10.054,4.207
Tesla K20Xm,LUDecomposition,TWO_D,1916,1916,32,1,1,28,72.835,25.799,0.002,679.419,10.125,4.204
Tesla K20Xm,LUDecomposition,TWO_D,1916,1916,32,2,1,28,73.01,25.842,0.002,648.552,10.178,4.193
Tesla K20Xm,LUDecomposition,TWO_D,1916,1916,32,4,1,28,73.006,25.833,0.002,590.813,10.085,4.21
Tesla K20Xm,LUDecomposition,TWO_D,1916,1916,32,8,1,28,72.76,25.878,0.003,525.04,10.106,4.208
Tesla K20Xm,LUDecomposition,TWO_D,1916,1916,32,16,1,28,72.839,25.857,0.002,322.765,10.067,4.21
Tesla K20Xm,LUDecomposition,TWO_D,1916,1916,32,32,1,28,72.667,25.903,0.002,390.085,10.133,4.201
Tesla K20Xm,LUDecomposition,TWO_D,1916,1916,64,1,1,28,72.733,25.837,0.003,648.533,10.128,4.206
Tesla K20Xm,LUDecomposition,TWO_D,1916,1916,64,2,1,28,72.885,25.843,0.002,590.67,10.119,4.232
Tesla K20Xm,LUDecomposition,TWO_D,1916,1916,64,4,1,28,72.737,25.877,0.002,525.011,10.062,4.21
Tesla K20Xm,LUDecomposition,TWO_D,1916,1916,64,8,1,28,72.86,25.826,0.002,322.583,10.072,4.207
Tesla K20Xm,LUDecomposition,TWO_D,1916,1916,64,16,1,28,73.63,26.029,0.002,390.017,10.064,4.201
Tesla K20Xm,LUDecomposition,TWO_D,1916,1916,128,1,1,28,72.704,25.729,0.002,590.641,10.063,4.205
Tesla K20Xm,LUDecomposition,TWO_D,1916,1916,128,2,1,28,72.946,25.773,0.002,524.8,10.135,4.194
Tesla K20Xm,LUDecomposition,TWO_D,1916,1916,128,4,1,28,72.814,25.777,0.003,322.727,10.216,4.211
Tesla K20Xm,LUDecomposition,TWO_D,1916,1916,128,8,1,28,72.758,25.846,0.002,389.758,10.323,4.215
Tesla K20Xm,LUDecomposition,TWO_D,1916,1916,256,1,1,28,72.979,25.847,0.002,524.913,10.06,4.238
Tesla K20Xm,LUDecomposition,TWO_D,1916,1916,256,2,1,28,73.013,25.777,0.003,322.652,10.136,4.186
Tesla K20Xm,LUDecomposition,TWO_D,1916,1916,256,4,1,28,72.814,25.829,0.003,389.9,10.109,4.186
Tesla K20Xm,LUDecomposition,TWO_D,1916,1916,512,1,1,28,72.881,26.015,0.003,322.497,10.074,4.196
Tesla K20Xm,LUDecomposition,TWO_D,1916,1916,512,2,1,28,72.979,25.736,0.002,389.791,10.064,4.213
Tesla K20Xm,LUDecomposition,TWO_D,1916,1916,1024,1,1,28,72.762,25.759,0.002,389.78,10.095,4.276
Tesla K20Xm,LUDecomposition,TWO_D,1916,1916,1,1,1,28,72.373,26.182,0.003,6152.88,9.97,4.219
Tesla K20Xm,LUDecomposition,TWO_D,1916,1916,1,2,1,28,73.079,26.043,0.002,3134.99,14.515,4.786
Tesla K20Xm,LUDecomposition,TWO_D,1916,1916,1,4,1,28,77.079,26.079,0.003,1811.52,14.534,4.252
Tesla K20Xm,LUDecomposition,TWO_D,1916,1916,1,8,1,28,72.837,26.079,0.002,1242.95,10.074,4.333
Tesla K20Xm,LUDecomposition,TWO_D,1916,1916,1,16,1,28,73.575,25.957,0.002,870.458,9.98,4.265
Tesla K20Xm,LUDecomposition,TWO_D,1916,1916,1,32,1,28,73.054,26.056,0.002,679.307,9.943,4.252
Tesla K20Xm,LUDecomposition,TWO_D,1916,1916,1,64,1,28,72.89,26.079,0.002,648.694,10.187,4.263
Tesla K20Xm,LUDecomposition,TWO_D,1916,1916,1,128,1,28,72.74,26.078,0.003,590.795,10.246,4.267
Tesla K20Xm,LUDecomposition,TWO_D,1916,1916,1,256,1,28,72.848,25.977,0.002,524.978,10.148,4.266
Tesla K20Xm,LUDecomposition,TWO_D,1916,1916,1,512,1,28,72.873,26.428,0.002,322.729,10.224,4.267
Tesla K20Xm,LUDecomposition,TWO_D,1916,1916,1,1024,1,28,72.887,25.951,0.002,390.064,10.199,4.262
Tesla K20Xm,LUDecomposition,TWO_D,1916,1916,2,1,1,28,72.903,25.948,0.003,3135.3,9.978,4.303
Tesla K20Xm,LUDecomposition,TWO_D,1916,1916,2,2,1,28,72.734,26.085,0.002,1811.55,10.091,4.357
Tesla K20Xm,LUDecomposition,TWO_D,1916,1916,2,4,1,28,73.65,25.991,0.002,1242.81,10.053,4.305
Tesla K20Xm,LUDecomposition,TWO_D,1916,1916,2,8,1,28,72.823,26.079,0.002,870.495,10.141,4.309
Tesla K20Xm,LUDecomposition,TWO_D,1916,1916,2,16,1,28,72.81,26.042,0.002,679.266,10.205,4.34
Tesla K20Xm,LUDecomposition,TWO_D,1916,1916,2,32,1,28,72.918,25.976,0.003,648.723,10.16,4.309
Tesla K20Xm,LUDecomposition,TWO_D,1916,1916,2,64,1,28,72.945,26.816,0.002,591.032,10.182,4.3
Tesla K20Xm,LUDecomposition,TWO_D,1916,1916,2,128,1,28,72.902,25.956,0.002,525.07,10.143,4.331
Tesla K20Xm,LUDecomposition,TWO_D,1916,1916,2,256,1,28,72.813,25.938,0.002,323.327,11.374,5.013
Tesla K20Xm,LUDecomposition,TWO_D,1916,1916,2,512,1,28,77.881,26.113,0.002,389.993,10.171,4.304
Tesla K20Xm,LUDecomposition,TWO_D,1916,1916,4,1,1,28,72.84,25.973,0.002,1811.85,9.977,4.293
Tesla K20Xm,LUDecomposition,TWO_D,1916,1916,4,2,1,28,72.849,25.954,0.002,1243.09,10.14,4.292
Tesla K20Xm,LUDecomposition,TWO_D,1916,1916,4,4,1,28,72.717,26.09,0.002,870.515,10.244,4.286
Tesla K20Xm,LUDecomposition,TWO_D,1916,1916,4,8,1,28,72.853,25.922,0.002,679.483,10.142,4.313
Tesla K20Xm,LUDecomposition,TWO_D,1916,1916,4,16,1,28,72.877,25.974,0.003,648.896,10.338,4.311
Tesla K20Xm,LUDecomposition,TWO_D,1916,1916,4,32,1,28,73.598,25.945,0.003,590.88,10.209,4.306
Tesla K20Xm,LUDecomposition,TWO_D,1916,1916,4,64,1,28,72.919,25.987,0.002,525.107,10.143,4.319
Tesla K20Xm,LUDecomposition,TWO_D,1916,1916,4,128,1,28,72.798,25.971,0.002,322.834,10.15,4.338
Tesla K20Xm,LUDecomposition,TWO_D,1916,1916,4,256,1,28,72.793,26.085,0.002,389.77,10.165,4.323
Tesla K20Xm,LUDecomposition,TWO_D,1916,1916,8,1,1,28,72.742,26.015,0.003,1243.01,10.167,4.355
Tesla K20Xm,LUDecomposition,TWO_D,1916,1916,8,2,1,28,72.916,26.013,0.003,870.728,10.205,4.307
Tesla K20Xm,LUDecomposition,TWO_D,1916,1916,8,4,1,28,72.892,25.894,0.002,679.547,10.181,4.316
Tesla K20Xm,LUDecomposition,TWO_D,1916,1916,8,8,1,28,72.971,25.946,0.002,648.722,10.273,4.306
Tesla K20Xm,LUDecomposition,TWO_D,1916,1916,8,16,1,28,72.749,26.056,0.001,590.891,10.178,4.319
Tesla K20Xm,LUDecomposition,TWO_D,1916,1916,8,32,1,28,72.769,26.057,0.002,524.98,10.329,4.364
Tesla K20Xm,LUDecomposition,TWO_D,1916,1916,8,64,1,28,72.969,25.917,0.003,322.832,10.167,4.365
Tesla K20Xm,LUDecomposition,TWO_D,1916,1916,8,128,1,28,73.475,26.497,0.002,389.813,10.174,4.274
Tesla K20Xm,LUDecomposition,TWO_D,1916,1916,16,1,1,28,72.819,25.966,0.002,870.81,10.175,4.308
Tesla K20Xm,LUDecomposition,TWO_D,1916,1916,16,2,1,28,72.824,25.998,0.002,679.302,10.139,4.331
Tesla K20Xm,LUDecomposition,TWO_D,1916,1916,16,4,1,28,72.86,25.926,0.003,648.644,10.138,4.317
Tesla K20Xm,LUDecomposition,TWO_D,1916,1916,16,8,1,28,73.152,25.968,0.002,591.057,10.194,4.328
Tesla K20Xm,LUDecomposition,TWO_D,1916,1916,16,16,1,28,72.909,25.996,0.002,524.993,10.143,4.319
Tesla K20Xm,LUDecomposition,TWO_D,1916,1916,16,32,1,28,72.852,25.962,0.003,322.933,10.186,4.358
Tesla K20Xm,LUDecomposition,TWO_D,1916,1916,16,64,1,28,72.836,26.056,0.002,389.773,10.242,4.313
Tesla K20Xm,LUDecomposition,TWO_D,1916,1916,32,1,1,28,72.778,26.027,0.002,679.687,10.245,4.363
Tesla K20Xm,LUDecomposition,TWO_D,1916,1916,32,2,1,28,72.826,26.01,0.003,648.51,10.168,4.342
Tesla K20Xm,LUDecomposition,TWO_D,1916,1916,32,4,1,28,72.92,25.916,0.003,590.764,10.131,4.344
Tesla K20Xm,LUDecomposition,TWO_D,1916,1916,32,8,1,28,72.849,25.925,0.003,525.194,10.168,4.322
Tesla K20Xm,LUDecomposition,TWO_D,1916,1916,32,16,1,28,72.833,25.986,0.002,322.75,10.137,4.328
Tesla K20Xm,LUDecomposition,TWO_D,1916,1916,32,32,1,28,72.964,25.937,0.002,389.886,10.173,4.337
Tesla K20Xm,LUDecomposition,TWO_D,1916,1916,64,1,1,28,72.883,25.955,0.003,648.904,10.175,4.353
Tesla K20Xm,LUDecomposition,TWO_D,1916,1916,64,2,1,28,72.907,26.332,0.002,590.89,10.185,4.342
Tesla K20Xm,LUDecomposition,TWO_D,1916,1916,64,4,1,28,72.763,25.945,0.002,525.149,10.233,4.311
Tesla K20Xm,LUDecomposition,TWO_D,1916,1916,64,8,1,28,72.892,25.977,0.003,322.649,10.192,4.328
Tesla K20Xm,LUDecomposition,TWO_D,1916,1916,64,16,1,28,73.247,25.984,0.002,389.948,10.211,4.333
Tesla K20Xm,LUDecomposition,TWO_D,1916,1916,128,1,1,28,72.848,26.073,0.002,590.918,10.242,4.325
Tesla K20Xm,LUDecomposition,TWO_D,1916,1916,128,2,1,28,72.813,26.083,0.002,525.002,10.149,4.29
Tesla K20Xm,LUDecomposition,TWO_D,1916,1916,128,4,1,28,72.75,26.062,0.002,322.656,10.176,4.31
Tesla K20Xm,LUDecomposition,TWO_D,1916,1916,128,8,1,28,73.376,26.194,0.003,389.951,10.157,4.31
Tesla K20Xm,LUDecomposition,TWO_D,1916,1916,256,1,1,28,72.886,25.988,0.002,525.104,10.182,4.31
Tesla K20Xm,LUDecomposition,TWO_D,1916,1916,256,2,1,28,72.784,25.957,0.002,322.977,10.146,4.318
Tesla K20Xm,LUDecomposition,TWO_D,1916,1916,256,4,1,28,72.857,25.92,0.002,389.981,10.257,4.32
Tesla K20Xm,LUDecomposition,TWO_D,1916,1916,512,1,1,28,73.619,25.929,0.002,322.782,10.186,4.297
Tesla K20Xm,LUDecomposition,TWO_D,1916,1916,512,2,1,28,72.864,25.965,0.002,389.776,10.216,4.29
Tesla K20Xm,LUDecomposition,TWO_D,1916,1916,1024,1,1,28,72.94,26.07,0.003,389.751,10.156,4.299
