device/C,kernel/C,workDimension/C,N/F,P/F,M/F,xLocal/I,yLocal/I,zLocal/I,MB/F,init/F,memoryCopyOut/F,plan/F,execute/F,memoryCopyIn/F,cleanUp/F
Tesla K20Xm,MatrixMultiplication,TWO_D,1024,1024,1024,1,1,1,4,39.91,3.162,0.001,1149.09,1.6,0.227
Tesla K20Xm,MatrixMultiplication,TWO_D,1024,1024,1024,1,2,1,4,39.606,3.162,0,583.241,1.588,0.225
Tesla K20Xm,MatrixMultiplication,TWO_D,1024,1024,1024,1,4,1,4,39.468,3.145,0,313.76,1.57,0.221
Tesla K20Xm,MatrixMultiplication,TWO_D,1024,1024,1024,1,8,1,4,39.622,3.173,0,256.761,1.621,0.228
Tesla K20Xm,MatrixMultiplication,TWO_D,1024,1024,1024,1,16,1,4,39.919,3.152,0.001,238.154,1.578,0.224
Tesla K20Xm,MatrixMultiplication,TWO_D,1024,1024,1024,1,32,1,4,39.556,3.182,0,228.47,1.571,0.225
Tesla K20Xm,MatrixMultiplication,TWO_D,1024,1024,1024,1,64,1,4,39.48,3.144,0,227.011,1.573,0.221
Tesla K20Xm,MatrixMultiplication,TWO_D,1024,1024,1024,1,128,1,4,39.524,3.149,0.001,227.703,1.581,0.219
Tesla K20Xm,MatrixMultiplication,TWO_D,1024,1024,1024,1,256,1,4,39.577,3.153,0.001,228.066,1.581,0.22
Tesla K20Xm,MatrixMultiplication,TWO_D,1024,1024,1024,1,512,1,4,39.503,3.144,0.001,228.793,1.579,0.219
Tesla K20Xm,MatrixMultiplication,TWO_D,1024,1024,1024,1,1024,1,4,39.895,3.136,0,228.65,1.603,0.236
Tesla K20Xm,MatrixMultiplication,TWO_D,1024,1024,1024,2,1,1,4,39.863,3.145,0.001,586.857,1.61,0.221
Tesla K20Xm,MatrixMultiplication,TWO_D,1024,1024,1024,2,2,1,4,39.424,3.154,0,295.572,1.574,0.221
Tesla K20Xm,MatrixMultiplication,TWO_D,1024,1024,1024,2,4,1,4,39.66,3.145,0,160.715,1.581,0.227
Tesla K20Xm,MatrixMultiplication,TWO_D,1024,1024,1024,2,8,1,4,39.58,3.142,0.001,129.071,1.579,0.219
Tesla K20Xm,MatrixMultiplication,TWO_D,1024,1024,1024,2,16,1,4,39.559,3.146,0.001,119.502,1.574,0.22
Tesla K20Xm,MatrixMultiplication,TWO_D,1024,1024,1024,2,32,1,4,39.524,3.195,0.001,117.413,1.575,0.219
Tesla K20Xm,MatrixMultiplication,TWO_D,1024,1024,1024,2,64,1,4,39.581,3.149,0.001,117.768,1.581,0.219
Tesla K20Xm,MatrixMultiplication,TWO_D,1024,1024,1024,2,128,1,4,39.484,3.146,0.001,118.267,1.618,0.221
Tesla K20Xm,MatrixMultiplication,TWO_D,1024,1024,1024,2,256,1,4,39.704,3.147,0,118.355,1.577,0.22
Tesla K20Xm,MatrixMultiplication,TWO_D,1024,1024,1024,2,512,1,4,39.543,3.154,0.001,118.227,1.582,0.219
Tesla K20Xm,MatrixMultiplication,TWO_D,1024,1024,1024,4,1,1,4,39.577,3.143,0.001,297.289,1.578,0.219
Tesla K20Xm,MatrixMultiplication,TWO_D,1024,1024,1024,4,2,1,4,39.538,3.154,0.001,151.154,1.578,0.22
Tesla K20Xm,MatrixMultiplication,TWO_D,1024,1024,1024,4,4,1,4,39.57,3.148,0.001,83.603,1.577,0.224
Tesla K20Xm,MatrixMultiplication,TWO_D,1024,1024,1024,4,8,1,4,39.719,3.212,0.001,65.486,1.657,0.239
Tesla K20Xm,MatrixMultiplication,TWO_D,1024,1024,1024,4,16,1,4,39.676,3.147,0.001,62.325,1.585,0.224
Tesla K20Xm,MatrixMultiplication,TWO_D,1024,1024,1024,4,32,1,4,39.5,3.152,0,62.464,1.58,0.219
Tesla K20Xm,MatrixMultiplication,TWO_D,1024,1024,1024,4,64,1,4,39.578,3.149,0,62.383,1.583,0.222
Tesla K20Xm,MatrixMultiplication,TWO_D,1024,1024,1024,4,128,1,4,39.474,3.146,0,62.646,1.584,0.218
Tesla K20Xm,MatrixMultiplication,TWO_D,1024,1024,1024,4,256,1,4,39.913,3.185,0,62.543,1.576,0.218
Tesla K20Xm,MatrixMultiplication,TWO_D,1024,1024,1024,8,1,1,4,39.481,3.149,0,148.087,1.585,0.221
Tesla K20Xm,MatrixMultiplication,TWO_D,1024,1024,1024,8,2,1,4,39.529,3.146,0,75.673,1.538,0.22
Tesla K20Xm,MatrixMultiplication,TWO_D,1024,1024,1024,8,4,1,4,39.59,3.138,0.001,42.387,1.585,0.233
Tesla K20Xm,MatrixMultiplication,TWO_D,1024,1024,1024,8,8,1,4,39.462,3.177,0,35.635,1.58,0.219
Tesla K20Xm,MatrixMultiplication,TWO_D,1024,1024,1024,8,16,1,4,39.565,3.145,0.001,35.507,1.578,0.217
Tesla K20Xm,MatrixMultiplication,TWO_D,1024,1024,1024,8,32,1,4,39.556,3.153,0.001,35.357,1.579,0.216
Tesla K20Xm,MatrixMultiplication,TWO_D,1024,1024,1024,8,64,1,4,39.591,3.141,0.001,35.252,1.575,0.223
Tesla K20Xm,MatrixMultiplication,TWO_D,1024,1024,1024,8,128,1,4,39.513,3.127,0,35.194,1.573,0.23
Tesla K20Xm,MatrixMultiplication,TWO_D,1024,1024,1024,16,1,1,4,39.451,3.142,0,73.903,1.624,0.222
Tesla K20Xm,MatrixMultiplication,TWO_D,1024,1024,1024,16,2,1,4,39.518,3.125,0.001,37.639,1.575,0.228
Tesla K20Xm,MatrixMultiplication,TWO_D,1024,1024,1024,16,4,1,4,39.43,3.142,0.001,22.201,1.578,0.239
Tesla K20Xm,MatrixMultiplication,TWO_D,1024,1024,1024,16,8,1,4,39.747,3.136,0.001,22.15,1.573,0.217
Tesla K20Xm,MatrixMultiplication,TWO_D,1024,1024,1024,16,16,1,4,39.56,3.159,0,22.135,1.579,0.227
Tesla K20Xm,MatrixMultiplication,TWO_D,1024,1024,1024,16,32,1,4,39.508,3.14,0.001,21.973,1.572,0.22
Tesla K20Xm,MatrixMultiplication,TWO_D,1024,1024,1024,16,64,1,4,39.602,3.144,0.001,21.481,1.572,0.217
Tesla K20Xm,MatrixMultiplication,TWO_D,1024,1024,1024,32,1,1,4,39.582,3.179,0.001,37.629,1.568,0.22
Tesla K20Xm,MatrixMultiplication,TWO_D,1024,1024,1024,32,2,1,4,39.698,3.183,0.001,20.094,1.603,0.223
Tesla K20Xm,MatrixMultiplication,TWO_D,1024,1024,1024,32,4,1,4,39.741,3.148,0.001,17.133,1.576,0.218
Tesla K20Xm,MatrixMultiplication,TWO_D,1024,1024,1024,32,8,1,4,39.59,3.153,0.001,17.077,1.578,0.225
Tesla K20Xm,MatrixMultiplication,TWO_D,1024,1024,1024,32,16,1,4,39.437,3.185,0.001,17.148,1.576,0.218
Tesla K20Xm,MatrixMultiplication,TWO_D,1024,1024,1024,32,32,1,4,39.614,3.147,0.001,17.288,1.579,0.217
Tesla K20Xm,MatrixMultiplication,TWO_D,1024,1024,1024,64,1,1,4,39.519,3.174,0.001,20.002,1.582,0.222
Tesla K20Xm,MatrixMultiplication,TWO_D,1024,1024,1024,64,2,1,4,39.465,3.127,0,17.149,1.583,0.217
Tesla K20Xm,MatrixMultiplication,TWO_D,1024,1024,1024,64,4,1,4,39.508,3.128,0.001,17.079,1.579,0.222
Tesla K20Xm,MatrixMultiplication,TWO_D,1024,1024,1024,64,8,1,4,39.563,3.135,0.001,17.048,1.575,0.218
Tesla K20Xm,MatrixMultiplication,TWO_D,1024,1024,1024,64,16,1,4,39.515,3.128,0.001,17.281,1.579,0.216
Tesla K20Xm,MatrixMultiplication,TWO_D,1024,1024,1024,128,1,1,4,39.561,3.151,0.001,17.483,1.651,0.236
Tesla K20Xm,MatrixMultiplication,TWO_D,1024,1024,1024,128,2,1,4,39.66,3.136,0.001,17.139,1.581,0.217
Tesla K20Xm,MatrixMultiplication,TWO_D,1024,1024,1024,128,4,1,4,39.594,3.152,0,17.115,1.575,0.218
Tesla K20Xm,MatrixMultiplication,TWO_D,1024,1024,1024,128,8,1,4,39.552,3.132,0.001,17.174,1.573,0.218
Tesla K20Xm,MatrixMultiplication,TWO_D,1024,1024,1024,256,1,1,4,39.582,3.141,0.001,17.416,1.587,0.217
Tesla K20Xm,MatrixMultiplication,TWO_D,1024,1024,1024,256,2,1,4,39.696,3.139,0,17.074,1.58,0.217
Tesla K20Xm,MatrixMultiplication,TWO_D,1024,1024,1024,256,4,1,4,39.563,3.18,0.001,17.191,1.641,0.224
Tesla K20Xm,MatrixMultiplication,TWO_D,1024,1024,1024,512,1,1,4,39.659,3.144,0.001,17.525,1.573,0.228
Tesla K20Xm,MatrixMultiplication,TWO_D,1024,1024,1024,512,2,1,4,39.537,3.149,0.001,17.269,1.571,0.217
Tesla K20Xm,MatrixMultiplication,TWO_D,1024,1024,1024,1024,1,1,4,39.519,3.15,0.001,17.688,1.576,0.225
Tesla K20Xm,MatrixMultiplication,TWO_D,1024,1024,1024,1,1,1,4,40.197,6.102,0.001,1152.38,2.422,0.247
Tesla K20Xm,MatrixMultiplication,TWO_D,1024,1024,1024,1,2,1,4,39.878,4.859,0,584.592,1.596,0.221
Tesla K20Xm,MatrixMultiplication,TWO_D,1024,1024,1024,1,4,1,4,39.598,6.079,0.001,313.801,1.583,0.226
Tesla K20Xm,MatrixMultiplication,TWO_D,1024,1024,1024,1,8,1,4,39.786,6.125,0,256.741,1.592,0.224
Tesla K20Xm,MatrixMultiplication,TWO_D,1024,1024,1024,1,16,1,4,39.623,6.075,0.001,238.354,1.585,0.223
Tesla K20Xm,MatrixMultiplication,TWO_D,1024,1024,1024,1,32,1,4,39.594,6.078,0.001,228.689,1.598,0.222
Tesla K20Xm,MatrixMultiplication,TWO_D,1024,1024,1024,1,64,1,4,39.552,6.053,0.001,227.093,1.625,0.22
Tesla K20Xm,MatrixMultiplication,TWO_D,1024,1024,1024,1,128,1,4,39.584,6.141,0,227.883,1.592,0.223
Tesla K20Xm,MatrixMultiplication,TWO_D,1024,1024,1024,1,256,1,4,41.355,6.519,0.001,228.188,1.593,0.235
Tesla K20Xm,MatrixMultiplication,TWO_D,1024,1024,1024,1,512,1,4,39.582,6.064,0.001,228.975,1.591,0.221
Tesla K20Xm,MatrixMultiplication,TWO_D,1024,1024,1024,1,1024,1,4,39.554,6.083,0.001,228.963,1.585,0.218
Tesla K20Xm,MatrixMultiplication,TWO_D,1024,1024,1024,2,1,1,4,39.558,6.078,0.001,587.975,1.599,0.218
Tesla K20Xm,MatrixMultiplication,TWO_D,1024,1024,1024,2,2,1,4,39.585,6.07,0.001,295.778,1.586,0.226
Tesla K20Xm,MatrixMultiplication,TWO_D,1024,1024,1024,2,4,1,4,39.602,6.075,0,160.834,1.588,0.22
Tesla K20Xm,MatrixMultiplication,TWO_D,1024,1024,1024,2,8,1,4,39.675,6.102,0,129.086,1.587,0.219
Tesla K20Xm,MatrixMultiplication,TWO_D,1024,1024,1024,2,16,1,4,39.632,6.082,0.001,119.578,1.583,0.218
Tesla K20Xm,MatrixMultiplication,TWO_D,1024,1024,1024,2,32,1,4,39.52,6.089,0,117.43,1.59,0.219
Tesla K20Xm,MatrixMultiplication,TWO_D,1024,1024,1024,2,64,1,4,39.562,6.083,0.001,117.664,1.583,0.218
Tesla K20Xm,MatrixMultiplication,TWO_D,1024,1024,1024,2,128,1,4,39.642,6.08,0.001,117.995,1.596,0.22
Tesla K20Xm,MatrixMultiplication,TWO_D,1024,1024,1024,2,256,1,4,39.556,6.073,0.001,118.17,1.637,0.219
Tesla K20Xm,MatrixMultiplication,TWO_D,1024,1024,1024,2,512,1,4,39.634,6.084,0,118.257,1.59,0.225
Tesla K20Xm,MatrixMultiplication,TWO_D,1024,1024,1024,4,1,1,4,39.633,6.074,0,297.453,1.59,0.22
Tesla K20Xm,MatrixMultiplication,TWO_D,1024,1024,1024,4,2,1,4,39.891,6.184,0,151.127,1.593,0.221
Tesla K20Xm,MatrixMultiplication,TWO_D,1024,1024,1024,4,4,1,4,39.577,6.08,0,83.692,1.583,0.217
Tesla K20Xm,MatrixMultiplication,TWO_D,1024,1024,1024,4,8,1,4,39.526,6.066,0.001,65.404,1.592,0.218
Tesla K20Xm,MatrixMultiplication,TWO_D,1024,1024,1024,4,16,1,4,39.592,6.101,0.001,62.357,1.595,0.226
Tesla K20Xm,MatrixMultiplication,TWO_D,1024,1024,1024,4,32,1,4,39.642,6.056,0.002,62.349,1.598,0.218
Tesla K20Xm,MatrixMultiplication,TWO_D,1024,1024,1024,4,64,1,4,39.588,6.077,0,62.339,1.602,0.218
Tesla K20Xm,MatrixMultiplication,TWO_D,1024,1024,1024,4,128,1,4,39.663,6.095,0.001,62.307,1.589,0.231
Tesla K20Xm,MatrixMultiplication,TWO_D,1024,1024,1024,4,256,1,4,39.615,6.094,0.001,62.561,1.633,0.217
Tesla K20Xm,MatrixMultiplication,TWO_D,1024,1024,1024,8,1,1,4,39.556,6.076,0.001,148.234,1.59,0.217
Tesla K20Xm,MatrixMultiplication,TWO_D,1024,1024,1024,8,2,1,4,39.642,6.086,0.003,75.66,1.591,0.226
Tesla K20Xm,MatrixMultiplication,TWO_D,1024,1024,1024,8,4,1,4,39.559,6.112,0,42.392,1.587,0.222
Tesla K20Xm,MatrixMultiplication,TWO_D,1024,1024,1024,8,8,1,4,39.567,6.068,0.001,35.609,1.59,0.222
Tesla K20Xm,MatrixMultiplication,TWO_D,1024,1024,1024,8,16,1,4,39.715,6.107,0.001,35.583,1.592,0.216
Tesla K20Xm,MatrixMultiplication,TWO_D,1024,1024,1024,8,32,1,4,39.719,6.064,0.001,35.413,1.594,0.221
Tesla K20Xm,MatrixMultiplication,TWO_D,1024,1024,1024,8,64,1,4,39.523,6.194,0.001,35.255,1.6,0.224
Tesla K20Xm,MatrixMultiplication,TWO_D,1024,1024,1024,8,128,1,4,39.599,6.073,0,35.154,1.59,0.218
Tesla K20Xm,MatrixMultiplication,TWO_D,1024,1024,1024,16,1,1,4,39.518,6.073,0.001,73.967,1.585,0.223
Tesla K20Xm,MatrixMultiplication,TWO_D,1024,1024,1024,16,2,1,4,39.52,6.078,0.001,37.686,1.593,0.217
Tesla K20Xm,MatrixMultiplication,TWO_D,1024,1024,1024,16,4,1,4,39.99,6.04,0,22.142,1.603,0.218
Tesla K20Xm,MatrixMultiplication,TWO_D,1024,1024,1024,16,8,1,4,40.063,6.046,0.001,22.187,1.622,0.234
Tesla K20Xm,MatrixMultiplication,TWO_D,1024,1024,1024,16,16,1,4,39.602,6.103,0.001,22.141,1.584,0.231
Tesla K20Xm,MatrixMultiplication,TWO_D,1024,1024,1024,16,32,1,4,39.586,6.073,0.001,21.967,1.59,0.217
Tesla K20Xm,MatrixMultiplication,TWO_D,1024,1024,1024,16,64,1,4,39.557,6.049,0,21.518,1.594,0.215
Tesla K20Xm,MatrixMultiplication,TWO_D,1024,1024,1024,32,1,1,4,39.713,6.087,0.001,37.69,1.579,0.222
Tesla K20Xm,MatrixMultiplication,TWO_D,1024,1024,1024,32,2,1,4,39.754,6.069,0.001,20.153,1.591,0.215
Tesla K20Xm,MatrixMultiplication,TWO_D,1024,1024,1024,32,4,1,4,39.556,6.073,0.001,17.1,1.589,0.24
Tesla K20Xm,MatrixMultiplication,TWO_D,1024,1024,1024,32,8,1,4,39.655,6.063,0,17.165,1.593,0.216
Tesla K20Xm,MatrixMultiplication,TWO_D,1024,1024,1024,32,16,1,4,39.565,6.104,0,17.061,1.59,0.216
Tesla K20Xm,MatrixMultiplication,TWO_D,1024,1024,1024,32,32,1,4,39.556,6.073,0,17.259,1.58,0.231
Tesla K20Xm,MatrixMultiplication,TWO_D,1024,1024,1024,64,1,1,4,39.742,6.071,0.001,20.066,1.589,0.215
Tesla K20Xm,MatrixMultiplication,TWO_D,1024,1024,1024,64,2,1,4,39.522,6.142,0.001,17.103,1.588,0.215
Tesla K20Xm,MatrixMultiplication,TWO_D,1024,1024,1024,64,4,1,4,39.631,6.047,0.002,17.091,1.589,0.217
Tesla K20Xm,MatrixMultiplication,TWO_D,1024,1024,1024,64,8,1,4,39.638,6.063,0,17.103,1.597,0.215
Tesla K20Xm,MatrixMultiplication,TWO_D,1024,1024,1024,64,16,1,4,39.546,6.118,0,17.244,1.594,0.217
Tesla K20Xm,MatrixMultiplication,TWO_D,1024,1024,1024,128,1,1,4,39.656,6.096,0.002,17.49,1.594,0.216
Tesla K20Xm,MatrixMultiplication,TWO_D,1024,1024,1024,128,2,1,4,39.624,6.059,0.001,17.165,1.587,0.22
Tesla K20Xm,MatrixMultiplication,TWO_D,1024,1024,1024,128,4,1,4,39.678,6.067,0.001,17.068,1.599,0.233
Tesla K20Xm,MatrixMultiplication,TWO_D,1024,1024,1024,128,8,1,4,39.57,6.061,0.001,17.171,1.594,0.217
Tesla K20Xm,MatrixMultiplication,TWO_D,1024,1024,1024,256,1,1,4,39.712,6.084,0.001,17.474,1.597,0.215
Tesla K20Xm,MatrixMultiplication,TWO_D,1024,1024,1024,256,2,1,4,39.524,6.141,0.001,17.122,1.606,0.216
Tesla K20Xm,MatrixMultiplication,TWO_D,1024,1024,1024,256,4,1,4,39.551,6.073,0.001,17.209,1.591,0.217
Tesla K20Xm,MatrixMultiplication,TWO_D,1024,1024,1024,512,1,1,4,39.647,6.115,0.001,17.508,1.589,0.217
Tesla K20Xm,MatrixMultiplication,TWO_D,1024,1024,1024,512,2,1,4,39.517,6.072,0.001,17.235,1.632,0.217
Tesla K20Xm,MatrixMultiplication,TWO_D,1024,1024,1024,1024,1,1,4,39.602,6.047,0,17.664,1.595,0.223
Tesla K20Xm,MatrixMultiplication,TWO_D,1024,1024,1024,1,1,1,4,39.93,6.11,0.001,1145.99,2.683,0.269
Tesla K20Xm,MatrixMultiplication,TWO_D,1024,1024,1024,1,2,1,4,39.624,6.088,0.001,581.986,1.714,0.249
Tesla K20Xm,MatrixMultiplication,TWO_D,1024,1024,1024,1,4,1,4,39.42,6.086,0.001,313.589,1.716,0.251
Tesla K20Xm,MatrixMultiplication,TWO_D,1024,1024,1024,1,8,1,4,39.598,6.099,0.001,256.716,1.725,0.243
Tesla K20Xm,MatrixMultiplication,TWO_D,1024,1024,1024,1,16,1,4,39.437,6.078,0.004,238.121,1.717,0.256
Tesla K20Xm,MatrixMultiplication,TWO_D,1024,1024,1024,1,32,1,4,39.432,6.054,0,228.56,1.712,0.247
Tesla K20Xm,MatrixMultiplication,TWO_D,1024,1024,1024,1,64,1,4,39.437,6.156,0,227,1.723,0.244
Tesla K20Xm,MatrixMultiplication,TWO_D,1024,1024,1024,1,128,1,4,39.547,6.074,0,227.467,1.723,0.25
Tesla K20Xm,MatrixMultiplication,TWO_D,1024,1024,1024,1,256,1,4,39.431,6.094,0.001,228.271,1.72,0.256
Tesla K20Xm,MatrixMultiplication,TWO_D,1024,1024,1024,1,512,1,4,39.438,6.067,0.001,228.593,1.725,0.243
Tesla K20Xm,MatrixMultiplication,TWO_D,1024,1024,1024,1,1024,1,4,39.449,6.204,0.001,228.802,1.709,0.246
Tesla K20Xm,MatrixMultiplication,TWO_D,1024,1024,1024,2,1,1,4,39.436,6.082,0.001,585.573,1.722,0.249
Tesla K20Xm,MatrixMultiplication,TWO_D,1024,1024,1024,2,2,1,4,39.585,6.141,0,295.198,1.715,0.244
Tesla K20Xm,MatrixMultiplication,TWO_D,1024,1024,1024,2,4,1,4,39.433,6.097,0,160.671,1.709,0.255
Tesla K20Xm,MatrixMultiplication,TWO_D,1024,1024,1024,2,8,1,4,39.43,6.083,0,129.063,1.719,0.241
Tesla K20Xm,MatrixMultiplication,TWO_D,1024,1024,1024,2,16,1,4,39.44,6.099,0.001,119.534,1.721,0.242
Tesla K20Xm,MatrixMultiplication,TWO_D,1024,1024,1024,2,32,1,4,39.442,6.077,0.001,117.468,1.726,0.241
Tesla K20Xm,MatrixMultiplication,TWO_D,1024,1024,1024,2,64,1,4,39.435,6.154,0.001,117.872,1.711,0.247
Tesla K20Xm,MatrixMultiplication,TWO_D,1024,1024,1024,2,128,1,4,39.433,6.096,0.001,118.051,1.719,0.241
Tesla K20Xm,MatrixMultiplication,TWO_D,1024,1024,1024,2,256,1,4,39.446,6.082,0.001,118.481,1.711,0.239
Tesla K20Xm,MatrixMultiplication,TWO_D,1024,1024,1024,2,512,1,4,39.443,6.081,0.001,118.244,1.725,0.239
Tesla K20Xm,MatrixMultiplication,TWO_D,1024,1024,1024,4,1,1,4,39.438,6.066,0,296.942,1.712,0.243
Tesla K20Xm,MatrixMultiplication,TWO_D,1024,1024,1024,4,2,1,4,39.541,6.149,0.001,151.056,1.729,0.242
Tesla K20Xm,MatrixMultiplication,TWO_D,1024,1024,1024,4,4,1,4,39.551,6.083,0.001,83.571,1.723,0.238
Tesla K20Xm,MatrixMultiplication,TWO_D,1024,1024,1024,4,8,1,4,39.438,6.059,0.001,65.44,1.722,0.24
Tesla K20Xm,MatrixMultiplication,TWO_D,1024,1024,1024,4,16,1,4,39.424,6.087,0.001,62.337,1.719,0.24
Tesla K20Xm,MatrixMultiplication,TWO_D,1024,1024,1024,4,32,1,4,39.437,6.095,0,62.38,1.719,0.24
Tesla K20Xm,MatrixMultiplication,TWO_D,1024,1024,1024,4,64,1,4,39.431,6.071,0,62.381,1.709,0.246
Tesla K20Xm,MatrixMultiplication,TWO_D,1024,1024,1024,4,128,1,4,39.435,6.084,0.001,62.244,1.715,0.239
Tesla K20Xm,MatrixMultiplication,TWO_D,1024,1024,1024,4,256,1,4,39.438,6.08,0.001,62.54,1.711,0.242
Tesla K20Xm,MatrixMultiplication,TWO_D,1024,1024,1024,8,1,1,4,39.433,6.051,0,147.83,1.716,0.246
Tesla K20Xm,MatrixMultiplication,TWO_D,1024,1024,1024,8,2,1,4,39.472,6.085,0.001,75.552,1.71,0.247
Tesla K20Xm,MatrixMultiplication,TWO_D,1024,1024,1024,8,4,1,4,39.437,6.085,0.001,42.451,1.717,0.245
Tesla K20Xm,MatrixMultiplication,TWO_D,1024,1024,1024,8,8,1,4,39.438,6.082,0.001,35.681,1.722,0.239
Tesla K20Xm,MatrixMultiplication,TWO_D,1024,1024,1024,8,16,1,4,39.441,6.092,0.001,35.464,1.725,0.24
Tesla K20Xm,MatrixMultiplication,TWO_D,1024,1024,1024,8,32,1,4,39.433,6.091,0.001,35.326,1.713,0.275
Tesla K20Xm,MatrixMultiplication,TWO_D,1024,1024,1024,8,64,1,4,39.677,6.151,0,35.276,1.719,0.244
Tesla K20Xm,MatrixMultiplication,TWO_D,1024,1024,1024,8,128,1,4,39.625,6.147,0.001,35.207,1.718,0.265
Tesla K20Xm,MatrixMultiplication,TWO_D,1024,1024,1024,16,1,1,4,39.498,6.105,0.001,73.844,1.715,0.239
Tesla K20Xm,MatrixMultiplication,TWO_D,1024,1024,1024,16,2,1,4,39.635,6.125,0.001,37.671,1.713,0.245
Tesla K20Xm,MatrixMultiplication,TWO_D,1024,1024,1024,16,4,1,4,39.794,6.183,0.001,22.353,1.738,0.239
Tesla K20Xm,MatrixMultiplication,TWO_D,1024,1024,1024,16,8,1,4,39.45,6.084,0.001,22.173,1.702,0.239
Tesla K20Xm,MatrixMultiplication,TWO_D,1024,1024,1024,16,16,1,4,39.443,6.094,0.001,22.176,1.723,0.241
Tesla K20Xm,MatrixMultiplication,TWO_D,1024,1024,1024,16,32,1,4,39.507,6.125,0.001,22.035,1.716,0.238
Tesla K20Xm,MatrixMultiplication,TWO_D,1024,1024,1024,16,64,1,4,39.435,6.1,0.001,21.572,1.72,0.238
Tesla K20Xm,MatrixMultiplication,TWO_D,1024,1024,1024,32,1,1,4,39.44,6.091,0.001,37.584,1.742,0.242
Tesla K20Xm,MatrixMultiplication,TWO_D,1024,1024,1024,32,2,1,4,39.455,6.088,0.002,20.087,1.71,0.246
Tesla K20Xm,MatrixMultiplication,TWO_D,1024,1024,1024,32,4,1,4,39.466,6.105,0.001,17.168,1.711,0.237
Tesla K20Xm,MatrixMultiplication,TWO_D,1024,1024,1024,32,8,1,4,39.444,6.102,0.001,17.155,1.719,0.241
Tesla K20Xm,MatrixMultiplication,TWO_D,1024,1024,1024,32,16,1,4,39.429,6.093,0.001,17.15,1.717,0.244
Tesla K20Xm,MatrixMultiplication,TWO_D,1024,1024,1024,32,32,1,4,39.503,6.07,0.001,17.309,1.708,0.238
Tesla K20Xm,MatrixMultiplication,TWO_D,1024,1024,1024,64,1,1,4,39.429,6.099,0.001,19.986,1.72,0.247
Tesla K20Xm,MatrixMultiplication,TWO_D,1024,1024,1024,64,2,1,4,39.44,6.085,0.001,17.201,1.713,0.251
Tesla K20Xm,MatrixMultiplication,TWO_D,1024,1024,1024,64,4,1,4,39.419,6.086,0.001,17.137,1.718,0.242
Tesla K20Xm,MatrixMultiplication,TWO_D,1024,1024,1024,64,8,1,4,39.45,6.085,0.001,17.106,1.73,0.242
Tesla K20Xm,MatrixMultiplication,TWO_D,1024,1024,1024,64,16,1,4,39.59,6.087,0.001,17.269,1.716,0.238
Tesla K20Xm,MatrixMultiplication,TWO_D,1024,1024,1024,128,1,1,4,39.429,6.081,0.001,17.521,1.708,0.243
Tesla K20Xm,MatrixMultiplication,TWO_D,1024,1024,1024,128,2,1,4,39.473,6.077,0.001,17.173,1.713,0.241
Tesla K20Xm,MatrixMultiplication,TWO_D,1024,1024,1024,128,4,1,4,39.503,6.095,0,17.114,1.718,0.237
Tesla K20Xm,MatrixMultiplication,TWO_D,1024,1024,1024,128,8,1,4,39.437,6.086,0.001,17.246,1.719,0.238
Tesla K20Xm,MatrixMultiplication,TWO_D,1024,1024,1024,256,1,1,4,39.437,6.106,0,17.536,1.723,0.238
Tesla K20Xm,MatrixMultiplication,TWO_D,1024,1024,1024,256,2,1,4,39.442,6.104,0.001,17.112,1.703,0.238
Tesla K20Xm,MatrixMultiplication,TWO_D,1024,1024,1024,256,4,1,4,39.446,6.079,0.001,17.24,1.717,0.238
Tesla K20Xm,MatrixMultiplication,TWO_D,1024,1024,1024,512,1,1,4,39.442,6.105,0,17.407,1.715,0.237
Tesla K20Xm,MatrixMultiplication,TWO_D,1024,1024,1024,512,2,1,4,39.482,6.074,0.001,17.311,1.712,0.236
Tesla K20Xm,MatrixMultiplication,TWO_D,1024,1024,1024,1024,1,1,4,39.455,6.103,0.001,17.652,1.712,0.239
Tesla K20Xm,MatrixMultiplication,TWO_D,1024,1024,1024,1,1,1,4,40.373,3.21,0.001,1146.18,2.438,0.227
Tesla K20Xm,MatrixMultiplication,TWO_D,1024,1024,1024,1,2,1,4,39.677,3.166,0.001,582.093,1.579,0.222
Tesla K20Xm,MatrixMultiplication,TWO_D,1024,1024,1024,1,4,1,4,39.608,3.17,0.001,313.631,1.579,0.222
Tesla K20Xm,MatrixMultiplication,TWO_D,1024,1024,1024,1,8,1,4,39.66,3.178,0.001,256.753,1.59,0.22
Tesla K20Xm,MatrixMultiplication,TWO_D,1024,1024,1024,1,16,1,4,40.046,3.163,0,238.252,1.586,0.237
Tesla K20Xm,MatrixMultiplication,TWO_D,1024,1024,1024,1,32,1,4,39.719,3.169,0.001,228.486,1.578,0.22
Tesla K20Xm,MatrixMultiplication,TWO_D,1024,1024,1024,1,64,1,4,39.572,3.167,0.002,226.952,1.581,0.219
Tesla K20Xm,MatrixMultiplication,TWO_D,1024,1024,1024,1,128,1,4,39.681,3.159,0.001,227.916,1.611,0.221
Tesla K20Xm,MatrixMultiplication,TWO_D,1024,1024,1024,1,256,1,4,39.942,3.16,0.001,228.017,1.579,0.221
Tesla K20Xm,MatrixMultiplication,TWO_D,1024,1024,1024,1,512,1,4,39.646,3.156,0.002,228.795,1.601,0.225
Tesla K20Xm,MatrixMultiplication,TWO_D,1024,1024,1024,1,1024,1,4,39.848,3.163,0,228.713,1.575,0.222
Tesla K20Xm,MatrixMultiplication,TWO_D,1024,1024,1024,2,1,1,4,39.679,3.156,0.001,585.571,1.582,0.225
Tesla K20Xm,MatrixMultiplication,TWO_D,1024,1024,1024,2,2,1,4,39.562,3.16,0.001,295.244,1.578,0.222
Tesla K20Xm,MatrixMultiplication,TWO_D,1024,1024,1024,2,4,1,4,39.704,3.145,0.001,160.861,1.603,0.22
Tesla K20Xm,MatrixMultiplication,TWO_D,1024,1024,1024,2,8,1,4,39.723,3.207,0.002,129.05,1.582,0.226
Tesla K20Xm,MatrixMultiplication,TWO_D,1024,1024,1024,2,16,1,4,39.678,3.195,0,119.499,1.583,0.235
Tesla K20Xm,MatrixMultiplication,TWO_D,1024,1024,1024,2,32,1,4,39.641,3.168,0,117.476,1.581,0.221
Tesla K20Xm,MatrixMultiplication,TWO_D,1024,1024,1024,2,64,1,4,39.987,3.245,0,117.751,1.593,0.223
Tesla K20Xm,MatrixMultiplication,TWO_D,1024,1024,1024,2,128,1,4,39.631,3.168,0.002,117.83,1.581,0.22
Tesla K20Xm,MatrixMultiplication,TWO_D,1024,1024,1024,2,256,1,4,39.653,3.162,0.001,118.189,1.579,0.228
Tesla K20Xm,MatrixMultiplication,TWO_D,1024,1024,1024,2,512,1,4,39.741,3.161,0,118.256,1.582,0.22
Tesla K20Xm,MatrixMultiplication,TWO_D,1024,1024,1024,4,1,1,4,39.614,3.233,0.001,296.951,1.582,0.234
Tesla K20Xm,MatrixMultiplication,TWO_D,1024,1024,1024,4,2,1,4,39.701,3.231,0.001,151.018,1.584,0.227
Tesla K20Xm,MatrixMultiplication,TWO_D,1024,1024,1024,4,4,1,4,39.667,3.157,0.001,83.583,1.61,0.227
Tesla K20Xm,MatrixMultiplication,TWO_D,1024,1024,1024,4,8,1,4,39.732,3.162,0.008,65.417,1.575,0.226
Tesla K20Xm,MatrixMultiplication,TWO_D,1024,1024,1024,4,16,1,4,39.788,3.197,0.001,62.331,1.629,0.22
Tesla K20Xm,MatrixMultiplication,TWO_D,1024,1024,1024,4,32,1,4,39.604,3.167,0,62.629,1.612,0.236
Tesla K20Xm,MatrixMultiplication,TWO_D,1024,1024,1024,4,64,1,4,39.647,3.166,0,62.359,1.583,0.222
Tesla K20Xm,MatrixMultiplication,TWO_D,1024,1024,1024,4,128,1,4,39.57,3.158,0.001,62.37,1.58,0.218
Tesla K20Xm,MatrixMultiplication,TWO_D,1024,1024,1024,4,256,1,4,39.606,3.171,0.001,62.495,1.619,0.221
Tesla K20Xm,MatrixMultiplication,TWO_D,1024,1024,1024,8,1,1,4,39.936,3.183,0,147.808,1.586,0.225
Tesla K20Xm,MatrixMultiplication,TWO_D,1024,1024,1024,8,2,1,4,39.642,3.159,0.002,75.573,1.579,0.22
Tesla K20Xm,MatrixMultiplication,TWO_D,1024,1024,1024,8,4,1,4,39.606,3.229,0.002,42.391,1.581,0.221
Tesla K20Xm,MatrixMultiplication,TWO_D,1024,1024,1024,8,8,1,4,39.564,3.16,0,35.539,1.575,0.222
Tesla K20Xm,MatrixMultiplication,TWO_D,1024,1024,1024,8,16,1,4,39.724,3.164,0.001,35.587,1.577,0.22
Tesla K20Xm,MatrixMultiplication,TWO_D,1024,1024,1024,8,32,1,4,39.644,3.164,0.002,35.37,1.605,0.221
Tesla K20Xm,MatrixMultiplication,TWO_D,1024,1024,1024,8,64,1,4,39.68,3.179,0,35.277,1.572,0.218
Tesla K20Xm,MatrixMultiplication,TWO_D,1024,1024,1024,8,128,1,4,39.742,3.204,0.001,35.168,1.579,0.221
Tesla K20Xm,MatrixMultiplication,TWO_D,1024,1024,1024,16,1,1,4,39.57,3.17,0.001,73.775,1.572,0.225
Tesla K20Xm,MatrixMultiplication,TWO_D,1024,1024,1024,16,2,1,4,39.687,3.173,0.002,37.577,1.586,0.217
Tesla K20Xm,MatrixMultiplication,TWO_D,1024,1024,1024,16,4,1,4,39.603,3.154,0.001,22.171,1.572,0.226
Tesla K20Xm,MatrixMultiplication,TWO_D,1024,1024,1024,16,8,1,4,39.805,3.256,0,22.177,1.573,0.225
Tesla K20Xm,MatrixMultiplication,TWO_D,1024,1024,1024,16,16,1,4,39.711,3.161,0.001,22.205,1.583,0.224
Tesla K20Xm,MatrixMultiplication,TWO_D,1024,1024,1024,16,32,1,4,39.647,3.157,0,21.924,1.582,0.218
Tesla K20Xm,MatrixMultiplication,TWO_D,1024,1024,1024,16,64,1,4,39.662,3.185,0,21.497,1.573,0.217
Tesla K20Xm,MatrixMultiplication,TWO_D,1024,1024,1024,32,1,1,4,39.698,3.169,0.001,37.688,1.578,0.224
Tesla K20Xm,MatrixMultiplication,TWO_D,1024,1024,1024,32,2,1,4,39.603,3.198,0.001,20.093,1.579,0.218
Tesla K20Xm,MatrixMultiplication,TWO_D,1024,1024,1024,32,4,1,4,39.718,3.164,0.001,17.164,1.597,0.218
Tesla K20Xm,MatrixMultiplication,TWO_D,1024,1024,1024,32,8,1,4,39.651,3.194,0.001,17.163,1.581,0.219
Tesla K20Xm,MatrixMultiplication,TWO_D,1024,1024,1024,32,16,1,4,39.613,3.168,0,17.141,1.586,0.218
Tesla K20Xm,MatrixMultiplication,TWO_D,1024,1024,1024,32,32,1,4,39.675,3.18,0,17.281,1.578,0.226
Tesla K20Xm,MatrixMultiplication,TWO_D,1024,1024,1024,64,1,1,4,39.766,3.198,0.001,19.987,1.577,0.22
Tesla K20Xm,MatrixMultiplication,TWO_D,1024,1024,1024,64,2,1,4,39.566,3.169,0.001,17.138,1.579,0.219
Tesla K20Xm,MatrixMultiplication,TWO_D,1024,1024,1024,64,4,1,4,39.665,3.162,0.002,17.099,1.575,0.22
Tesla K20Xm,MatrixMultiplication,TWO_D,1024,1024,1024,64,8,1,4,39.649,3.201,0.001,17.068,1.573,0.241
Tesla K20Xm,MatrixMultiplication,TWO_D,1024,1024,1024,64,16,1,4,40.187,3.177,0.001,17.274,1.586,0.22
Tesla K20Xm,MatrixMultiplication,TWO_D,1024,1024,1024,128,1,1,4,39.937,3.223,0.001,17.48,1.578,0.221
Tesla K20Xm,MatrixMultiplication,TWO_D,1024,1024,1024,128,2,1,4,39.647,3.163,0,17.081,1.582,0.221
Tesla K20Xm,MatrixMultiplication,TWO_D,1024,1024,1024,128,4,1,4,39.649,3.163,0,17.096,1.581,0.227
Tesla K20Xm,MatrixMultiplication,TWO_D,1024,1024,1024,128,8,1,4,39.715,3.164,0.001,17.153,1.578,0.221
Tesla K20Xm,MatrixMultiplication,TWO_D,1024,1024,1024,256,1,1,4,39.601,3.169,0.001,17.413,1.584,0.219
Tesla K20Xm,MatrixMultiplication,TWO_D,1024,1024,1024,256,2,1,4,39.669,3.174,0.003,17.146,1.575,0.223
Tesla K20Xm,MatrixMultiplication,TWO_D,1024,1024,1024,256,4,1,4,39.568,3.16,0.002,17.185,1.577,0.219
Tesla K20Xm,MatrixMultiplication,TWO_D,1024,1024,1024,512,1,1,4,39.729,3.168,0.001,17.489,1.58,0.419
Tesla K20Xm,MatrixMultiplication,TWO_D,1024,1024,1024,512,2,1,4,43.678,3.216,0.001,17.29,1.588,0.233
Tesla K20Xm,MatrixMultiplication,TWO_D,1024,1024,1024,1024,1,1,4,40.74,3.199,0.001,17.651,1.598,0.227
Tesla K20Xm,MatrixMultiplication,TWO_D,1024,1024,1024,1,1,1,4,40.149,3.236,0.001,1146.32,2.445,0.225
Tesla K20Xm,MatrixMultiplication,TWO_D,1024,1024,1024,1,2,1,4,39.586,3.168,0.001,582.165,1.585,0.225
Tesla K20Xm,MatrixMultiplication,TWO_D,1024,1024,1024,1,4,1,4,39.639,3.158,0.001,313.615,1.57,0.223
Tesla K20Xm,MatrixMultiplication,TWO_D,1024,1024,1024,1,8,1,4,39.583,3.155,0.001,256.71,1.575,0.229
Tesla K20Xm,MatrixMultiplication,TWO_D,1024,1024,1024,1,16,1,4,39.544,3.156,0.001,238.206,1.577,0.219
Tesla K20Xm,MatrixMultiplication,TWO_D,1024,1024,1024,1,32,1,4,39.55,3.145,0.001,228.404,1.577,0.23
Tesla K20Xm,MatrixMultiplication,TWO_D,1024,1024,1024,1,64,1,4,39.684,3.142,0,227.01,1.583,0.221
Tesla K20Xm,MatrixMultiplication,TWO_D,1024,1024,1024,1,128,1,4,39.983,3.162,0.001,228.128,1.588,0.219
Tesla K20Xm,MatrixMultiplication,TWO_D,1024,1024,1024,1,256,1,4,39.545,3.151,0.001,228.022,1.575,0.217
Tesla K20Xm,MatrixMultiplication,TWO_D,1024,1024,1024,1,512,1,4,39.677,3.142,0.001,228.808,1.58,0.217
Tesla K20Xm,MatrixMultiplication,TWO_D,1024,1024,1024,1,1024,1,4,39.609,3.136,0.001,228.873,1.573,0.221
Tesla K20Xm,MatrixMultiplication,TWO_D,1024,1024,1024,2,1,1,4,39.573,3.147,0.001,585.552,1.571,0.219
Tesla K20Xm,MatrixMultiplication,TWO_D,1024,1024,1024,2,2,1,4,39.645,3.18,0.001,295.238,1.571,0.219
Tesla K20Xm,MatrixMultiplication,TWO_D,1024,1024,1024,2,4,1,4,39.585,3.149,0.001,160.729,1.575,0.22
Tesla K20Xm,MatrixMultiplication,TWO_D,1024,1024,1024,2,8,1,4,39.555,3.137,0,129.012,1.577,0.22
Tesla K20Xm,MatrixMultiplication,TWO_D,1024,1024,1024,2,16,1,4,39.558,3.15,0,119.563,1.576,0.217
Tesla K20Xm,MatrixMultiplication,TWO_D,1024,1024,1024,2,32,1,4,39.626,3.143,0,117.347,1.609,0.218
Tesla K20Xm,MatrixMultiplication,TWO_D,1024,1024,1024,2,64,1,4,39.569,3.149,0,117.732,1.573,0.232
Tesla K20Xm,MatrixMultiplication,TWO_D,1024,1024,1024,2,128,1,4,39.93,3.143,0.001,117.916,1.574,0.22
Tesla K20Xm,MatrixMultiplication,TWO_D,1024,1024,1024,2,256,1,4,39.8,3.15,0.001,118.464,1.576,0.219
Tesla K20Xm,MatrixMultiplication,TWO_D,1024,1024,1024,2,512,1,4,39.552,3.144,0.001,118.105,1.577,0.216
Tesla K20Xm,MatrixMultiplication,TWO_D,1024,1024,1024,4,1,1,4,39.674,3.141,0.001,296.963,1.58,0.22
Tesla K20Xm,MatrixMultiplication,TWO_D,1024,1024,1024,4,2,1,4,39.635,3.129,0,151.007,1.579,0.218
Tesla K20Xm,MatrixMultiplication,TWO_D,1024,1024,1024,4,4,1,4,39.661,3.154,0,83.608,1.582,0.219
Tesla K20Xm,MatrixMultiplication,TWO_D,1024,1024,1024,4,8,1,4,39.791,3.145,0.001,65.406,1.576,0.218
Tesla K20Xm,MatrixMultiplication,TWO_D,1024,1024,1024,4,16,1,4,40.358,3.176,0.001,62.325,1.572,0.218
Tesla K20Xm,MatrixMultiplication,TWO_D,1024,1024,1024,4,32,1,4,39.643,3.153,0.001,62.439,1.583,0.218
Tesla K20Xm,MatrixMultiplication,TWO_D,1024,1024,1024,4,64,1,4,39.677,3.149,0.001,62.426,1.58,0.216
Tesla K20Xm,MatrixMultiplication,TWO_D,1024,1024,1024,4,128,1,4,39.662,3.146,0.001,62.263,1.58,0.22
Tesla K20Xm,MatrixMultiplication,TWO_D,1024,1024,1024,4,256,1,4,39.683,3.152,0,62.56,1.574,0.229
Tesla K20Xm,MatrixMultiplication,TWO_D,1024,1024,1024,8,1,1,4,39.696,3.152,0.001,147.86,1.614,0.218
Tesla K20Xm,MatrixMultiplication,TWO_D,1024,1024,1024,8,2,1,4,40.001,3.2,0.001,75.592,1.611,0.22
Tesla K20Xm,MatrixMultiplication,TWO_D,1024,1024,1024,8,4,1,4,39.569,3.143,0.001,42.403,1.574,0.233
Tesla K20Xm,MatrixMultiplication,TWO_D,1024,1024,1024,8,8,1,4,39.75,3.144,0.001,35.575,1.567,0.223
Tesla K20Xm,MatrixMultiplication,TWO_D,1024,1024,1024,8,16,1,4,39.633,3.144,0.001,35.62,1.573,0.216
Tesla K20Xm,MatrixMultiplication,TWO_D,1024,1024,1024,8,32,1,4,39.573,3.16,0.001,35.421,1.575,0.218
Tesla K20Xm,MatrixMultiplication,TWO_D,1024,1024,1024,8,64,1,4,39.557,3.197,0,35.22,1.578,0.222
Tesla K20Xm,MatrixMultiplication,TWO_D,1024,1024,1024,8,128,1,4,39.565,3.144,0,35.182,1.57,0.231
Tesla K20Xm,MatrixMultiplication,TWO_D,1024,1024,1024,16,1,1,4,39.704,3.147,0.001,73.853,1.572,0.224
Tesla K20Xm,MatrixMultiplication,TWO_D,1024,1024,1024,16,2,1,4,39.673,3.14,0.001,37.599,1.572,0.232
Tesla K20Xm,MatrixMultiplication,TWO_D,1024,1024,1024,16,4,1,4,39.69,3.141,0.001,22.206,1.574,0.215
Tesla K20Xm,MatrixMultiplication,TWO_D,1024,1024,1024,16,8,1,4,39.559,3.224,0,22.23,1.582,0.224
Tesla K20Xm,MatrixMultiplication,TWO_D,1024,1024,1024,16,16,1,4,39.54,3.179,0.002,22.103,1.569,0.23
Tesla K20Xm,MatrixMultiplication,TWO_D,1024,1024,1024,16,32,1,4,39.649,3.162,0.001,21.915,1.571,0.217
Tesla K20Xm,MatrixMultiplication,TWO_D,1024,1024,1024,16,64,1,4,39.897,3.156,0.001,21.577,1.577,0.217
Tesla K20Xm,MatrixMultiplication,TWO_D,1024,1024,1024,32,1,1,4,39.555,3.145,0,37.562,1.569,0.219
Tesla K20Xm,MatrixMultiplication,TWO_D,1024,1024,1024,32,2,1,4,39.678,3.147,0,20.073,1.572,0.216
Tesla K20Xm,MatrixMultiplication,TWO_D,1024,1024,1024,32,4,1,4,39.643,3.152,0.001,17.139,1.571,0.222
Tesla K20Xm,MatrixMultiplication,TWO_D,1024,1024,1024,32,8,1,4,39.549,3.147,0,17.108,1.577,0.218
Tesla K20Xm,MatrixMultiplication,TWO_D,1024,1024,1024,32,16,1,4,39.647,3.146,0.001,17.147,1.581,0.216
Tesla K20Xm,MatrixMultiplication,TWO_D,1024,1024,1024,32,32,1,4,39.598,3.174,0,17.31,1.576,0.216
Tesla K20Xm,MatrixMultiplication,TWO_D,1024,1024,1024,64,1,1,4,39.555,3.144,0,20.003,1.57,0.215
Tesla K20Xm,MatrixMultiplication,TWO_D,1024,1024,1024,64,2,1,4,39.654,3.14,0,17.258,1.619,0.217
Tesla K20Xm,MatrixMultiplication,TWO_D,1024,1024,1024,64,4,1,4,39.561,3.136,0,17.067,1.603,0.217
Tesla K20Xm,MatrixMultiplication,TWO_D,1024,1024,1024,64,8,1,4,39.621,3.164,0.001,17.061,1.573,0.222
Tesla K20Xm,MatrixMultiplication,TWO_D,1024,1024,1024,64,16,1,4,39.638,3.153,0.001,17.259,1.569,0.217
Tesla K20Xm,MatrixMultiplication,TWO_D,1024,1024,1024,128,1,1,4,39.56,3.146,0.001,17.42,1.571,0.233
Tesla K20Xm,MatrixMultiplication,TWO_D,1024,1024,1024,128,2,1,4,39.614,3.141,0.001,17.14,1.572,0.216
Tesla K20Xm,MatrixMultiplication,TWO_D,1024,1024,1024,128,4,1,4,39.802,3.187,0.001,17.034,1.583,0.217
Tesla K20Xm,MatrixMultiplication,TWO_D,1024,1024,1024,128,8,1,4,39.816,3.174,0.001,17.164,1.59,0.216
Tesla K20Xm,MatrixMultiplication,TWO_D,1024,1024,1024,256,1,1,4,39.986,3.151,0.001,17.355,1.567,0.215
Tesla K20Xm,MatrixMultiplication,TWO_D,1024,1024,1024,256,2,1,4,39.56,3.151,0.001,17.055,1.57,0.223
Tesla K20Xm,MatrixMultiplication,TWO_D,1024,1024,1024,256,4,1,4,39.628,3.146,0.001,17.204,1.567,0.215
Tesla K20Xm,MatrixMultiplication,TWO_D,1024,1024,1024,512,1,1,4,39.588,3.152,0.001,17.465,1.576,0.218
Tesla K20Xm,MatrixMultiplication,TWO_D,1024,1024,1024,512,2,1,4,39.552,3.138,0.001,17.241,1.574,0.217
Tesla K20Xm,MatrixMultiplication,TWO_D,1024,1024,1024,1024,1,1,4,39.631,3.165,0.001,17.703,1.57,0.217
