device/C,kernel/C,workDimension/C,cubeLength/F,xLocal/I,yLocal/I,zLocal/I,MB/F,init/F,memoryCopyOut/F,plan/F,execute/F,memoryCopyIn/F,cleanUp/F
Tesla K20Xm,Array3dAverage,THREE_D,200,1,1,4,30.5176,282.924,21.178,0.002,32.136,11.956,0.209
Tesla K20Xm,Array3dAverage,THREE_D,200,1,1,8,30.5176,280.725,21.094,0.002,19.485,11.955,0.208
Tesla K20Xm,Array3dAverage,THREE_D,200,8,8,8,30.5176,277.58,21.133,0.002,2.24,11.929,0.212
Tesla K20Xm,Array3dAverage,THREE_D,200,8,8,8,30.5176,279.834,21.137,0.002,2.191,11.938,0.209
Tesla K20Xm,Array3dAverage,THREE_D,200,8,8,8,30.5176,280.407,21.131,0.002,2.22,11.985,0.213
Tesla K20Xm,Array3dAverage,THREE_D,200,8,8,8,30.5176,279.366,21.074,0.002,2.211,11.923,0.214
Tesla K20Xm,Array3dAverage,THREE_D,200,1,2,4,30.5176,278.637,21.141,0.001,19.604,11.919,0.212
Tesla K20Xm,Array3dAverage,THREE_D,200,1,2,8,30.5176,279.816,21.106,0.002,14.125,11.934,0.213
Tesla K20Xm,Array3dAverage,THREE_D,200,8,8,8,30.5176,279.213,21.119,0.001,2.212,11.946,0.211
Tesla K20Xm,Array3dAverage,THREE_D,200,8,8,8,30.5176,280.005,21.098,0.001,2.21,11.95,0.211
Tesla K20Xm,Array3dAverage,THREE_D,200,8,8,8,30.5176,279.403,21.124,0.002,2.187,11.942,0.208
Tesla K20Xm,Array3dAverage,THREE_D,200,1,4,1,30.5176,279.091,21.171,0.002,30.785,11.944,0.213
Tesla K20Xm,Array3dAverage,THREE_D,200,1,4,2,30.5176,279.378,21.132,0.002,19.422,11.948,0.213
Tesla K20Xm,Array3dAverage,THREE_D,200,1,4,4,30.5176,278.793,21.113,0.001,14.14,11.936,0.211
Tesla K20Xm,Array3dAverage,THREE_D,200,1,4,8,30.5176,280.186,21.113,0.001,12.924,11.964,0.216
Tesla K20Xm,Array3dAverage,THREE_D,200,8,8,8,30.5176,277.946,21.143,0.002,2.219,11.943,0.21
Tesla K20Xm,Array3dAverage,THREE_D,200,8,8,8,30.5176,279.231,21.126,0.002,2.185,11.945,0.209
Tesla K20Xm,Array3dAverage,THREE_D,200,1,8,1,30.5176,279.271,21.121,0.001,18.982,11.949,0.208
Tesla K20Xm,Array3dAverage,THREE_D,200,1,8,2,30.5176,281.856,21.19,0.002,14.164,12.001,0.212
Tesla K20Xm,Array3dAverage,THREE_D,200,1,8,4,30.5176,279.441,21.106,0.002,12.935,11.931,0.208
Tesla K20Xm,Array3dAverage,THREE_D,200,1,8,8,30.5176,278.998,21.139,0.002,12.678,11.933,0.209
Tesla K20Xm,Array3dAverage,THREE_D,200,8,8,8,30.5176,278.169,21.256,0.002,2.194,12.102,0.218
Tesla K20Xm,Array3dAverage,THREE_D,200,2,1,4,30.5176,279.153,21.13,0.002,16.135,11.917,0.208
Tesla K20Xm,Array3dAverage,THREE_D,200,2,1,8,30.5176,280.057,21.159,0.001,9.822,11.947,0.208
Tesla K20Xm,Array3dAverage,THREE_D,200,8,8,8,30.5176,278.174,21.098,0.002,2.198,11.936,0.208
Tesla K20Xm,Array3dAverage,THREE_D,200,8,8,8,30.5176,281.636,21.126,0.002,2.238,11.92,0.207
Tesla K20Xm,Array3dAverage,THREE_D,200,8,8,8,30.5176,279.646,21.045,0.001,2.182,11.948,0.208
Tesla K20Xm,Array3dAverage,THREE_D,200,2,2,4,30.5176,278.538,21.109,0.001,9.851,11.927,0.206
Tesla K20Xm,Array3dAverage,THREE_D,200,2,2,8,30.5176,279.939,21.332,0.001,7.4,12.035,0.216
Tesla K20Xm,Array3dAverage,THREE_D,200,8,8,8,30.5176,278.11,21.125,0.002,2.198,11.936,0.209
Tesla K20Xm,Array3dAverage,THREE_D,200,8,8,8,30.5176,280.004,21.135,0.002,2.187,11.945,0.214
Tesla K20Xm,Array3dAverage,THREE_D,200,2,4,1,30.5176,279.366,21.111,0.001,15.75,11.943,0.209
Tesla K20Xm,Array3dAverage,THREE_D,200,2,4,2,30.5176,280.961,20.97,0.002,9.799,12.318,0.236
Tesla K20Xm,Array3dAverage,THREE_D,200,2,4,4,30.5176,299.599,21.204,0.002,7.434,11.938,0.217
Tesla K20Xm,Array3dAverage,THREE_D,200,2,4,8,30.5176,281.547,21.198,0.002,6.678,11.995,0.209
Tesla K20Xm,Array3dAverage,THREE_D,200,8,8,8,30.5176,278.909,21.127,0.001,2.211,11.936,0.21
Tesla K20Xm,Array3dAverage,THREE_D,200,2,8,1,30.5176,283.026,21.172,0.002,9.827,12.011,0.207
Tesla K20Xm,Array3dAverage,THREE_D,200,2,8,2,30.5176,280.182,21.127,0.001,7.345,11.954,0.213
Tesla K20Xm,Array3dAverage,THREE_D,200,2,8,4,30.5176,279.444,21.124,0.001,6.677,11.938,0.211
Tesla K20Xm,Array3dAverage,THREE_D,200,2,8,8,30.5176,279.829,21.093,0.002,6.67,11.939,0.21
Tesla K20Xm,Array3dAverage,THREE_D,200,4,1,1,30.5176,283.442,21.105,0.002,25.135,11.923,0.217
Tesla K20Xm,Array3dAverage,THREE_D,200,4,1,2,30.5176,280.843,21.119,0.002,14.587,12.008,0.212
Tesla K20Xm,Array3dAverage,THREE_D,200,4,1,4,30.5176,280.602,21.158,0.002,8.308,11.927,0.213
Tesla K20Xm,Array3dAverage,THREE_D,200,4,1,8,30.5176,279.331,21.151,0.001,5.207,11.941,0.215
Tesla K20Xm,Array3dAverage,THREE_D,200,8,8,8,30.5176,277.605,21.15,0.002,2.271,11.957,0.209
Tesla K20Xm,Array3dAverage,THREE_D,200,8,8,8,30.5176,279.873,21.144,0.002,2.202,11.972,0.209
Tesla K20Xm,Array3dAverage,THREE_D,200,4,2,1,30.5176,279.807,21.082,0.001,14.267,11.945,0.214
Tesla K20Xm,Array3dAverage,THREE_D,200,4,2,2,30.5176,279.079,21.126,0.002,8.253,11.96,0.209
Tesla K20Xm,Array3dAverage,THREE_D,200,4,2,4,30.5176,281.162,21.153,0.002,5.193,11.944,0.21
Tesla K20Xm,Array3dAverage,THREE_D,200,4,2,8,30.5176,279.823,21.143,0.002,3.682,11.94,0.209
Tesla K20Xm,Array3dAverage,THREE_D,200,8,8,8,30.5176,277.495,21.145,0.002,2.191,11.921,0.218
Tesla K20Xm,Array3dAverage,THREE_D,200,4,4,1,30.5176,280.862,21.11,0.002,8.126,11.94,0.208
Tesla K20Xm,Array3dAverage,THREE_D,200,4,4,2,30.5176,282.034,21.116,0.002,5.171,11.934,0.208
Tesla K20Xm,Array3dAverage,THREE_D,200,4,4,4,30.5176,279.609,21.105,0.002,3.66,11.951,0.208
Tesla K20Xm,Array3dAverage,THREE_D,200,4,4,8,30.5176,279.219,21.162,0.001,3.679,11.94,0.206
Tesla K20Xm,Array3dAverage,THREE_D,200,4,8,1,30.5176,277.662,21.422,0.002,5.181,12.078,0.209
Tesla K20Xm,Array3dAverage,THREE_D,200,4,8,2,30.5176,281.651,21.107,0.002,3.643,11.938,0.206
Tesla K20Xm,Array3dAverage,THREE_D,200,4,8,4,30.5176,279.703,21.122,0.001,3.682,11.936,0.214
Tesla K20Xm,Array3dAverage,THREE_D,200,4,8,8,30.5176,279.077,21.113,0.001,3.778,11.954,0.207
Tesla K20Xm,Array3dAverage,THREE_D,200,8,1,1,30.5176,283.967,21.175,0.002,12.955,11.933,0.205
Tesla K20Xm,Array3dAverage,THREE_D,200,8,1,2,30.5176,281.204,21.168,0.001,7.535,11.977,0.211
Tesla K20Xm,Array3dAverage,THREE_D,200,8,1,4,30.5176,279.82,21.118,0.002,4.446,11.965,0.205
Tesla K20Xm,Array3dAverage,THREE_D,200,8,1,8,30.5176,282.23,21.114,0.002,2.581,11.919,0.208
Tesla K20Xm,Array3dAverage,THREE_D,200,8,8,8,30.5176,278.388,21.156,0.001,2.191,11.932,0.208
Tesla K20Xm,Array3dAverage,THREE_D,200,8,2,1,30.5176,279.406,21.124,0.002,7.329,11.943,0.206
Tesla K20Xm,Array3dAverage,THREE_D,200,8,2,2,30.5176,279.458,21.242,0.002,4.385,12.095,0.218
Tesla K20Xm,Array3dAverage,THREE_D,200,8,2,4,30.5176,281.88,21.128,0.002,2.591,11.938,0.206
Tesla K20Xm,Array3dAverage,THREE_D,200,8,2,8,30.5176,279.286,21.115,0.001,2.152,11.95,0.208
Tesla K20Xm,Array3dAverage,THREE_D,200,8,4,1,30.5176,277.812,21.222,0.001,4.365,11.959,0.208
Tesla K20Xm,Array3dAverage,THREE_D,200,8,4,2,30.5176,281.13,21.419,0.002,2.543,11.988,0.213
Tesla K20Xm,Array3dAverage,THREE_D,200,8,4,4,30.5176,280.563,21.167,0.002,2.164,11.934,0.208
Tesla K20Xm,Array3dAverage,THREE_D,200,8,4,8,30.5176,279.102,21.065,0.001,2.158,11.937,0.202
Tesla K20Xm,Array3dAverage,THREE_D,200,8,8,1,30.5176,277.447,21.102,0.001,2.518,11.943,0.207
Tesla K20Xm,Array3dAverage,THREE_D,200,8,8,2,30.5176,279.19,21.149,0.002,2.151,11.917,0.208
Tesla K20Xm,Array3dAverage,THREE_D,200,8,8,4,30.5176,282.027,21.159,0.002,2.152,11.924,0.206
Tesla K20Xm,Array3dAverage,THREE_D,200,8,8,8,30.5176,279.323,21.086,0.001,2.212,11.96,0.207
Tesla K20Xm,Array3dAverage,THREE_D,200,1,1,8,30.5176,319.937,21.536,0.002,19.292,16.571,0.216
Tesla K20Xm,Array3dAverage,THREE_D,200,8,8,8,30.5176,278.924,21.538,0.002,2.222,11.979,0.21
Tesla K20Xm,Array3dAverage,THREE_D,200,8,8,8,30.5176,281.638,21.528,0.002,2.182,12.005,0.224
Tesla K20Xm,Array3dAverage,THREE_D,200,8,8,8,30.5176,280.987,21.5,0.001,2.218,12.553,0.234
Tesla K20Xm,Array3dAverage,THREE_D,200,8,8,8,30.5176,300.287,21.663,0.002,2.194,11.981,0.223
Tesla K20Xm,Array3dAverage,THREE_D,200,1,2,8,30.5176,283.819,21.467,0.002,14.147,11.94,0.211
Tesla K20Xm,Array3dAverage,THREE_D,200,8,8,8,30.5176,277.116,21.567,0.002,2.185,11.986,0.21
Tesla K20Xm,Array3dAverage,THREE_D,200,8,8,8,30.5176,281.849,21.586,0.002,2.215,11.981,0.221
Tesla K20Xm,Array3dAverage,THREE_D,200,8,8,8,30.5176,281.212,21.564,0.001,2.181,11.972,0.209
Tesla K20Xm,Array3dAverage,THREE_D,200,1,4,8,30.5176,283.281,21.492,0.003,12.94,11.948,0.209
Tesla K20Xm,Array3dAverage,THREE_D,200,8,8,8,30.5176,277.306,21.55,0.003,2.211,12.034,0.209
Tesla K20Xm,Array3dAverage,THREE_D,200,8,8,8,30.5176,281.465,21.5,0.002,2.203,11.998,0.209
Tesla K20Xm,Array3dAverage,THREE_D,200,1,8,1,30.5176,280.802,21.547,0.002,18.956,12.016,0.215
Tesla K20Xm,Array3dAverage,THREE_D,200,1,8,2,30.5176,281.449,21.531,0.001,14.139,12.129,0.21
Tesla K20Xm,Array3dAverage,THREE_D,200,1,8,4,30.5176,282.793,21.566,0.003,12.912,12.023,0.216
Tesla K20Xm,Array3dAverage,THREE_D,200,1,8,8,30.5176,280.263,21.514,0.002,12.668,11.975,0.207
Tesla K20Xm,Array3dAverage,THREE_D,200,8,8,8,30.5176,277.208,21.56,0.002,2.187,11.976,0.209
Tesla K20Xm,Array3dAverage,THREE_D,200,2,1,8,30.5176,283.773,21.519,0.002,9.847,11.954,0.216
Tesla K20Xm,Array3dAverage,THREE_D,200,8,8,8,30.5176,277.19,21.537,0.002,2.188,12.001,0.21
Tesla K20Xm,Array3dAverage,THREE_D,200,8,8,8,30.5176,282.068,21.582,0.002,2.196,11.985,0.212
Tesla K20Xm,Array3dAverage,THREE_D,200,8,8,8,30.5176,281.057,21.508,0.002,2.188,11.979,0.208
Tesla K20Xm,Array3dAverage,THREE_D,200,2,2,8,30.5176,284.585,21.557,0.002,7.395,11.951,0.208
Tesla K20Xm,Array3dAverage,THREE_D,200,8,8,8,30.5176,277.222,21.548,0.001,2.212,11.978,0.207
Tesla K20Xm,Array3dAverage,THREE_D,200,8,8,8,30.5176,281.665,21.575,0.002,2.187,11.985,0.207
Tesla K20Xm,Array3dAverage,THREE_D,200,2,4,8,30.5176,283.272,21.502,0.002,6.668,11.965,0.214
Tesla K20Xm,Array3dAverage,THREE_D,200,8,8,8,30.5176,277.062,21.518,0.002,2.188,11.917,0.215
Tesla K20Xm,Array3dAverage,THREE_D,200,2,8,1,30.5176,282.665,21.502,0.002,9.823,11.949,0.208
Tesla K20Xm,Array3dAverage,THREE_D,200,2,8,2,30.5176,281.029,21.529,0.002,7.368,11.967,0.206
Tesla K20Xm,Array3dAverage,THREE_D,200,2,8,4,30.5176,280.166,21.495,0.001,6.688,11.972,0.208
Tesla K20Xm,Array3dAverage,THREE_D,200,2,8,8,30.5176,280.168,21.49,0.002,6.668,11.989,0.21
Tesla K20Xm,Array3dAverage,THREE_D,200,4,1,8,30.5176,283.991,21.604,0.002,5.183,12.021,0.208
Tesla K20Xm,Array3dAverage,THREE_D,200,8,8,8,30.5176,277.296,21.538,0.002,2.187,11.955,0.209
Tesla K20Xm,Array3dAverage,THREE_D,200,8,8,8,30.5176,281.304,21.548,0.001,2.212,12.031,0.211
Tesla K20Xm,Array3dAverage,THREE_D,200,4,2,8,30.5176,283.419,21.535,0.002,3.677,11.942,0.21
Tesla K20Xm,Array3dAverage,THREE_D,200,8,8,8,30.5176,277.024,21.554,0.002,2.186,11.968,0.208
Tesla K20Xm,Array3dAverage,THREE_D,200,4,4,8,30.5176,283.465,21.574,0.001,3.69,11.954,0.206
Tesla K20Xm,Array3dAverage,THREE_D,200,4,8,1,30.5176,279.252,21.569,0.002,5.155,11.939,0.206
Tesla K20Xm,Array3dAverage,THREE_D,200,4,8,2,30.5176,280.817,21.538,0.001,3.644,11.975,0.212
Tesla K20Xm,Array3dAverage,THREE_D,200,4,8,4,30.5176,280.327,21.55,0.001,3.672,11.98,0.206
Tesla K20Xm,Array3dAverage,THREE_D,200,4,8,8,30.5176,280.596,21.508,0.002,3.695,11.959,0.207
Tesla K20Xm,Array3dAverage,THREE_D,200,8,1,1,30.5176,283.472,21.524,0.002,12.918,11.979,0.212
Tesla K20Xm,Array3dAverage,THREE_D,200,8,1,2,30.5176,282.463,21.549,0.002,7.534,11.994,0.206
Tesla K20Xm,Array3dAverage,THREE_D,200,8,1,4,30.5176,282.641,21.479,0.002,4.419,11.99,0.213
Tesla K20Xm,Array3dAverage,THREE_D,200,8,1,8,30.5176,280.65,21.519,0.001,2.602,11.936,0.203
Tesla K20Xm,Array3dAverage,THREE_D,200,8,8,8,30.5176,277.332,21.526,0.002,2.189,11.994,0.211
Tesla K20Xm,Array3dAverage,THREE_D,200,8,2,1,30.5176,280.203,21.507,0.001,7.352,11.993,0.206
Tesla K20Xm,Array3dAverage,THREE_D,200,8,2,2,30.5176,282.883,21.526,0.002,4.361,11.961,0.206
Tesla K20Xm,Array3dAverage,THREE_D,200,8,2,4,30.5176,280.438,21.545,0.002,2.596,11.976,0.208
Tesla K20Xm,Array3dAverage,THREE_D,200,8,2,8,30.5176,279.682,21.52,0.002,2.182,11.975,0.206
Tesla K20Xm,Array3dAverage,THREE_D,200,8,4,1,30.5176,277.687,21.52,0.003,4.32,12.107,0.217
Tesla K20Xm,Array3dAverage,THREE_D,200,8,4,2,30.5176,281.605,21.512,0.001,2.512,12.009,0.213
Tesla K20Xm,Array3dAverage,THREE_D,200,8,4,4,30.5176,280.352,21.566,0.002,2.178,11.967,0.207
Tesla K20Xm,Array3dAverage,THREE_D,200,8,4,8,30.5176,282.353,21.602,0.002,2.19,12.049,0.212
Tesla K20Xm,Array3dAverage,THREE_D,200,8,8,1,30.5176,277.078,21.515,0.001,2.51,11.971,0.206
Tesla K20Xm,Array3dAverage,THREE_D,200,8,8,2,30.5176,282.059,21.536,0.002,2.168,11.964,0.206
Tesla K20Xm,Array3dAverage,THREE_D,200,8,8,4,30.5176,289.933,22.069,0.002,2.216,11.987,0.218
Tesla K20Xm,Array3dAverage,THREE_D,200,8,8,8,30.5176,284.771,21.507,0.002,2.185,11.951,0.207
Tesla K20Xm,Array3dAverage,THREE_D,200,1,1,4,30.5176,283.499,21.488,0.001,32.175,17.193,0.216
Tesla K20Xm,Array3dAverage,THREE_D,200,1,1,8,30.5176,287.127,21.349,0.002,19.502,12.195,0.205
Tesla K20Xm,Array3dAverage,THREE_D,200,8,8,8,30.5176,280.461,21.323,0.002,2.221,12.067,0.204
Tesla K20Xm,Array3dAverage,THREE_D,200,8,8,8,30.5176,283.447,21.332,0.001,2.207,12.039,0.205
Tesla K20Xm,Array3dAverage,THREE_D,200,8,8,8,30.5176,282.968,21.297,0.002,2.208,12.053,0.204
Tesla K20Xm,Array3dAverage,THREE_D,200,8,8,8,30.5176,284.46,21.423,0.001,2.194,12.089,0.206
Tesla K20Xm,Array3dAverage,THREE_D,200,1,2,4,30.5176,282.332,21.303,0.002,19.475,12.05,0.207
Tesla K20Xm,Array3dAverage,THREE_D,200,1,2,8,30.5176,284.001,21.33,0.002,14.147,12.055,0.204
Tesla K20Xm,Array3dAverage,THREE_D,200,8,8,8,30.5176,280.11,21.338,0.002,2.188,12.096,0.223
Tesla K20Xm,Array3dAverage,THREE_D,200,8,8,8,30.5176,283.121,21.402,0.002,2.194,12.082,0.205
Tesla K20Xm,Array3dAverage,THREE_D,200,8,8,8,30.5176,283.791,21.332,0.002,2.182,12.06,0.204
Tesla K20Xm,Array3dAverage,THREE_D,200,1,4,1,30.5176,282.54,21.295,0.002,30.766,12.055,0.205
Tesla K20Xm,Array3dAverage,THREE_D,200,1,4,2,30.5176,282.593,21.523,0.002,19.407,12.084,0.216
Tesla K20Xm,Array3dAverage,THREE_D,200,1,4,4,30.5176,284.847,21.269,0.002,14.154,12.089,0.21
Tesla K20Xm,Array3dAverage,THREE_D,200,1,4,8,30.5176,283.007,21.301,0.002,12.916,12.062,0.204
Tesla K20Xm,Array3dAverage,THREE_D,200,8,8,8,30.5176,281.151,21.392,0.002,2.216,12.065,0.205
Tesla K20Xm,Array3dAverage,THREE_D,200,8,8,8,30.5176,285.281,21.371,0.001,2.206,12.059,0.207
Tesla K20Xm,Array3dAverage,THREE_D,200,1,8,1,30.5176,283.781,21.318,0.001,18.958,12.087,0.208
Tesla K20Xm,Array3dAverage,THREE_D,200,1,8,2,30.5176,282.694,21.345,0.002,14.145,12.064,0.205
Tesla K20Xm,Array3dAverage,THREE_D,200,1,8,4,30.5176,282.942,21.291,0.001,12.913,12.071,0.206
Tesla K20Xm,Array3dAverage,THREE_D,200,1,8,8,30.5176,282.47,21.309,0.001,12.653,12.051,0.206
Tesla K20Xm,Array3dAverage,THREE_D,200,8,8,8,30.5176,279.968,21.305,0.002,2.188,12.055,0.203
Tesla K20Xm,Array3dAverage,THREE_D,200,2,1,4,30.5176,283.014,21.321,0.002,16.063,12.041,0.203
Tesla K20Xm,Array3dAverage,THREE_D,200,2,1,8,30.5176,284.006,21.328,0.002,9.83,12.062,0.209
Tesla K20Xm,Array3dAverage,THREE_D,200,8,8,8,30.5176,280.036,21.304,0.002,2.208,12.093,0.205
Tesla K20Xm,Array3dAverage,THREE_D,200,8,8,8,30.5176,283.154,21.286,0.001,2.181,12.104,0.203
Tesla K20Xm,Array3dAverage,THREE_D,200,8,8,8,30.5176,283.957,21.261,0.002,2.203,12.057,0.205
Tesla K20Xm,Array3dAverage,THREE_D,200,2,2,4,30.5176,284.159,21.356,0.002,9.848,12.091,0.206
Tesla K20Xm,Array3dAverage,THREE_D,200,2,2,8,30.5176,283.617,21.35,0.002,7.39,12.062,0.209
Tesla K20Xm,Array3dAverage,THREE_D,200,8,8,8,30.5176,280.036,21.279,0.002,2.208,12.085,0.202
Tesla K20Xm,Array3dAverage,THREE_D,200,8,8,8,30.5176,284.896,21.35,0.002,2.199,12.102,0.209
Tesla K20Xm,Array3dAverage,THREE_D,200,2,4,1,30.5176,283.566,21.354,0.002,15.747,12.051,0.201
Tesla K20Xm,Array3dAverage,THREE_D,200,2,4,2,30.5176,282.547,21.295,0.001,9.791,12.049,0.199
Tesla K20Xm,Array3dAverage,THREE_D,200,2,4,4,30.5176,282.647,21.334,0.001,7.382,12.055,0.209
Tesla K20Xm,Array3dAverage,THREE_D,200,2,4,8,30.5176,282.441,21.263,0.002,6.668,12.099,0.202
Tesla K20Xm,Array3dAverage,THREE_D,200,8,8,8,30.5176,280.086,21.295,0.002,2.21,12.066,0.202
Tesla K20Xm,Array3dAverage,THREE_D,200,2,8,1,30.5176,282.655,21.304,0.002,9.803,12.07,0.206
Tesla K20Xm,Array3dAverage,THREE_D,200,2,8,2,30.5176,283.546,21.265,0.001,7.493,12.094,0.202
Tesla K20Xm,Array3dAverage,THREE_D,200,2,8,4,30.5176,282.299,21.332,0.001,6.662,12.068,0.2
Tesla K20Xm,Array3dAverage,THREE_D,200,2,8,8,30.5176,282.012,21.306,0.002,6.664,12.06,0.202
Tesla K20Xm,Array3dAverage,THREE_D,200,4,1,1,30.5176,286.29,21.342,0.002,25.326,12.072,0.207
Tesla K20Xm,Array3dAverage,THREE_D,200,4,1,2,30.5176,285.22,21.472,0.002,14.567,12.075,0.204
Tesla K20Xm,Array3dAverage,THREE_D,200,4,1,4,30.5176,285.615,21.361,0.002,8.11,12.154,0.207
Tesla K20Xm,Array3dAverage,THREE_D,200,4,1,8,30.5176,283.594,21.366,0.002,5.212,12.064,0.206
Tesla K20Xm,Array3dAverage,THREE_D,200,8,8,8,30.5176,280.161,21.339,0.002,2.215,12.073,0.204
Tesla K20Xm,Array3dAverage,THREE_D,200,8,8,8,30.5176,283.031,21.307,0.001,2.205,12.084,0.203
Tesla K20Xm,Array3dAverage,THREE_D,200,4,2,1,30.5176,286.315,21.375,0.002,14.243,12.05,0.205
Tesla K20Xm,Array3dAverage,THREE_D,200,4,2,2,30.5176,282.938,21.352,0.001,8.231,12.06,0.202
Tesla K20Xm,Array3dAverage,THREE_D,200,4,2,4,30.5176,282.963,21.302,0.002,5.186,12.057,0.208
Tesla K20Xm,Array3dAverage,THREE_D,200,4,2,8,30.5176,283.27,21.302,0.002,3.695,12.058,0.2
Tesla K20Xm,Array3dAverage,THREE_D,200,8,8,8,30.5176,280.871,21.338,0.001,2.191,12.052,0.202
Tesla K20Xm,Array3dAverage,THREE_D,200,4,4,1,30.5176,283.218,21.328,0.001,8.126,12.055,0.212
Tesla K20Xm,Array3dAverage,THREE_D,200,4,4,2,30.5176,283.046,21.314,0.001,5.169,12.076,0.204
Tesla K20Xm,Array3dAverage,THREE_D,200,4,4,4,30.5176,283.16,21.325,0.002,3.655,12.099,0.21
Tesla K20Xm,Array3dAverage,THREE_D,200,4,4,8,30.5176,282.147,21.34,0.001,3.665,12.066,0.202
Tesla K20Xm,Array3dAverage,THREE_D,200,4,8,1,30.5176,279.977,21.344,0.002,5.157,12.064,0.203
Tesla K20Xm,Array3dAverage,THREE_D,200,4,8,2,30.5176,283.267,21.322,0.001,3.663,12.057,0.208
Tesla K20Xm,Array3dAverage,THREE_D,200,4,8,4,30.5176,282.934,21.313,0.001,3.67,12.081,0.203
Tesla K20Xm,Array3dAverage,THREE_D,200,4,8,8,30.5176,282.172,21.312,0.001,3.716,12.059,0.203
Tesla K20Xm,Array3dAverage,THREE_D,200,8,1,1,30.5176,287.607,21.297,0.001,12.973,12.062,0.207
Tesla K20Xm,Array3dAverage,THREE_D,200,8,1,2,30.5176,284.955,21.284,0.002,7.532,12.091,0.209
Tesla K20Xm,Array3dAverage,THREE_D,200,8,1,4,30.5176,283.358,21.376,0.001,4.427,12.071,0.202
Tesla K20Xm,Array3dAverage,THREE_D,200,8,1,8,30.5176,283.021,21.318,0.001,2.604,12.073,0.201
Tesla K20Xm,Array3dAverage,THREE_D,200,8,8,8,30.5176,282.593,21.349,0.002,2.191,12.062,0.209
Tesla K20Xm,Array3dAverage,THREE_D,200,8,2,1,30.5176,283.253,21.253,0.001,7.346,12.071,0.203
Tesla K20Xm,Array3dAverage,THREE_D,200,8,2,2,30.5176,282.882,21.342,0.001,4.359,12.043,0.207
Tesla K20Xm,Array3dAverage,THREE_D,200,8,2,4,30.5176,283.307,21.359,0.001,2.57,12.063,0.203
Tesla K20Xm,Array3dAverage,THREE_D,200,8,2,8,30.5176,282.245,21.315,0.002,2.149,12.061,0.202
Tesla K20Xm,Array3dAverage,THREE_D,200,8,4,1,30.5176,279.927,21.312,0.002,4.3,12.108,0.201
Tesla K20Xm,Array3dAverage,THREE_D,200,8,4,2,30.5176,282.727,21.398,0.002,2.517,12.051,0.202
Tesla K20Xm,Array3dAverage,THREE_D,200,8,4,4,30.5176,283.417,21.314,0.002,2.167,12.061,0.199
Tesla K20Xm,Array3dAverage,THREE_D,200,8,4,8,30.5176,282.197,21.281,0.001,2.162,12.054,0.199
Tesla K20Xm,Array3dAverage,THREE_D,200,8,8,1,30.5176,280.246,21.322,0.001,2.507,12.075,0.201
Tesla K20Xm,Array3dAverage,THREE_D,200,8,8,2,30.5176,282.588,21.328,0.002,2.196,12.06,0.2
Tesla K20Xm,Array3dAverage,THREE_D,200,8,8,4,30.5176,283.16,21.322,0.002,2.15,12.059,0.203
Tesla K20Xm,Array3dAverage,THREE_D,200,8,8,8,30.5176,282.442,21.281,0.001,2.206,12.045,0.2
Tesla K20Xm,Array3dAverage,THREE_D,200,1,1,8,30.5176,321.446,21.44,0.001,19.298,16.214,0.207
Tesla K20Xm,Array3dAverage,THREE_D,200,8,8,8,30.5176,279.281,21.415,0.001,2.21,11.215,0.202
Tesla K20Xm,Array3dAverage,THREE_D,200,8,8,8,30.5176,281.151,21.381,0.002,2.189,11.189,0.202
Tesla K20Xm,Array3dAverage,THREE_D,200,8,8,8,30.5176,281.245,21.412,0.002,2.209,11.171,0.218
Tesla K20Xm,Array3dAverage,THREE_D,200,8,8,8,30.5176,281.106,21.41,0.002,2.184,11.185,0.202
Tesla K20Xm,Array3dAverage,THREE_D,200,1,2,8,30.5176,284.938,21.447,0.002,14.121,11.188,0.217
Tesla K20Xm,Array3dAverage,THREE_D,200,8,8,8,30.5176,280.416,21.414,0.001,2.213,11.182,0.201
Tesla K20Xm,Array3dAverage,THREE_D,200,8,8,8,30.5176,281.27,21.431,0.002,2.183,11.239,0.203
Tesla K20Xm,Array3dAverage,THREE_D,200,8,8,8,30.5176,292.367,21.575,0.002,2.222,11.19,0.21
Tesla K20Xm,Array3dAverage,THREE_D,200,1,4,8,30.5176,287.022,21.406,0.002,12.921,11.184,0.204
Tesla K20Xm,Array3dAverage,THREE_D,200,8,8,8,30.5176,279.317,21.449,0.002,2.187,11.186,0.208
Tesla K20Xm,Array3dAverage,THREE_D,200,8,8,8,30.5176,280.431,21.451,0.002,2.185,11.201,0.202
Tesla K20Xm,Array3dAverage,THREE_D,200,1,8,1,30.5176,280.349,21.601,0.001,18.962,11.218,0.21
Tesla K20Xm,Array3dAverage,THREE_D,200,1,8,2,30.5176,282.998,21.401,0.002,14.165,11.239,0.209
Tesla K20Xm,Array3dAverage,THREE_D,200,1,8,4,30.5176,280.192,21.439,0.002,12.911,11.179,0.203
Tesla K20Xm,Array3dAverage,THREE_D,200,1,8,8,30.5176,279.896,21.377,0.002,12.659,11.266,0.391
Tesla K20Xm,Array3dAverage,THREE_D,200,8,8,8,30.5176,280.565,21.508,0.002,2.194,11.185,0.207
Tesla K20Xm,Array3dAverage,THREE_D,200,2,1,8,30.5176,284.528,21.484,0.002,9.896,11.19,0.202
Tesla K20Xm,Array3dAverage,THREE_D,200,8,8,8,30.5176,280.555,21.434,0.002,2.214,11.23,0.213
Tesla K20Xm,Array3dAverage,THREE_D,200,8,8,8,30.5176,280.967,21.435,0.001,2.196,11.188,0.206
Tesla K20Xm,Array3dAverage,THREE_D,200,8,8,8,30.5176,280.455,21.388,0.002,2.21,11.198,0.208
Tesla K20Xm,Array3dAverage,THREE_D,200,2,2,8,30.5176,287.151,21.429,0.001,7.399,11.18,0.238
Tesla K20Xm,Array3dAverage,THREE_D,200,8,8,8,30.5176,279.296,21.485,0.002,2.196,11.178,0.204
Tesla K20Xm,Array3dAverage,THREE_D,200,8,8,8,30.5176,280.632,21.385,0.002,2.184,11.181,0.199
Tesla K20Xm,Array3dAverage,THREE_D,200,2,4,8,30.5176,284.644,21.121,0.001,6.692,11.23,0.218
Tesla K20Xm,Array3dAverage,THREE_D,200,8,8,8,30.5176,280.846,21.432,0.002,2.191,11.261,0.202
Tesla K20Xm,Array3dAverage,THREE_D,200,2,8,1,30.5176,280.766,21.389,0.002,9.801,11.225,0.213
Tesla K20Xm,Array3dAverage,THREE_D,200,2,8,2,30.5176,280.492,21.444,0.003,7.342,11.202,0.202
Tesla K20Xm,Array3dAverage,THREE_D,200,2,8,4,30.5176,280.973,21.445,0.002,6.663,11.184,0.2
Tesla K20Xm,Array3dAverage,THREE_D,200,2,8,8,30.5176,280.276,21.367,0.003,6.684,11.173,0.206
Tesla K20Xm,Array3dAverage,THREE_D,200,4,1,8,30.5176,285.953,21.454,0.002,5.192,11.197,0.199
Tesla K20Xm,Array3dAverage,THREE_D,200,8,8,8,30.5176,279.499,21.459,0.002,2.191,11.182,0.206
Tesla K20Xm,Array3dAverage,THREE_D,200,8,8,8,30.5176,280.59,21.396,0.002,2.184,11.243,0.202
Tesla K20Xm,Array3dAverage,THREE_D,200,4,2,8,30.5176,284.779,21.382,0.002,3.679,11.177,0.206
Tesla K20Xm,Array3dAverage,THREE_D,200,8,8,8,30.5176,280.419,21.512,0.002,2.197,11.185,0.202
Tesla K20Xm,Array3dAverage,THREE_D,200,4,4,8,30.5176,284.947,21.418,0.002,3.685,11.196,0.199
Tesla K20Xm,Array3dAverage,THREE_D,200,4,8,1,30.5176,278.649,21.402,0.002,5.233,11.195,0.207
Tesla K20Xm,Array3dAverage,THREE_D,200,4,8,2,30.5176,280.409,21.407,0.001,3.646,11.181,0.198
Tesla K20Xm,Array3dAverage,THREE_D,200,4,8,4,30.5176,281.452,21.416,0.002,3.672,11.202,0.198
Tesla K20Xm,Array3dAverage,THREE_D,200,4,8,8,30.5176,280.041,21.401,0.002,3.693,11.2,0.201
Tesla K20Xm,Array3dAverage,THREE_D,200,8,1,1,30.5176,284.358,21.37,0.001,12.943,11.179,0.203
Tesla K20Xm,Array3dAverage,THREE_D,200,8,1,2,30.5176,283.788,21.441,0.001,7.539,11.307,0.208
Tesla K20Xm,Array3dAverage,THREE_D,200,8,1,4,30.5176,281.305,21.443,0.001,4.452,11.203,0.205
Tesla K20Xm,Array3dAverage,THREE_D,200,8,1,8,30.5176,280.274,21.371,0.001,2.657,11.16,0.194
Tesla K20Xm,Array3dAverage,THREE_D,200,8,8,8,30.5176,278.49,21.388,0.001,2.215,11.173,0.2
Tesla K20Xm,Array3dAverage,THREE_D,200,8,2,1,30.5176,283.477,21.533,0.002,7.33,11.191,0.201
Tesla K20Xm,Array3dAverage,THREE_D,200,8,2,2,30.5176,280.647,21.379,0.001,4.356,11.236,0.205
Tesla K20Xm,Array3dAverage,THREE_D,200,8,2,4,30.5176,280.088,21.431,0.002,2.581,11.199,0.2
Tesla K20Xm,Array3dAverage,THREE_D,200,8,2,8,30.5176,280.716,21.416,0.001,2.15,11.204,0.201
Tesla K20Xm,Array3dAverage,THREE_D,200,8,4,1,30.5176,280.242,21.422,0.001,4.296,11.2,0.205
Tesla K20Xm,Array3dAverage,THREE_D,200,8,4,2,30.5176,280.328,21.41,0.001,2.53,11.199,0.2
Tesla K20Xm,Array3dAverage,THREE_D,200,8,4,4,30.5176,280.18,21.408,0.002,2.177,11.231,0.2
Tesla K20Xm,Array3dAverage,THREE_D,200,8,4,8,30.5176,281.115,21.429,0.001,2.159,11.19,0.206
Tesla K20Xm,Array3dAverage,THREE_D,200,8,8,1,30.5176,280.66,21.479,0.002,2.534,11.198,0.207
Tesla K20Xm,Array3dAverage,THREE_D,200,8,8,2,30.5176,280.736,21.379,0.002,2.139,11.204,0.198
Tesla K20Xm,Array3dAverage,THREE_D,200,8,8,4,30.5176,280.089,21.393,0.002,2.151,11.192,0.199
Tesla K20Xm,Array3dAverage,THREE_D,200,8,8,8,30.5176,280.14,21.435,0.001,2.209,11.183,0.202
Tesla K20Xm,Array3dAverage,THREE_D,200,1,1,4,30.5176,291.705,21.594,0.001,32.146,16.409,0.21
Tesla K20Xm,Array3dAverage,THREE_D,200,1,1,8,30.5176,291.464,21.515,0.002,19.292,12.056,0.199
Tesla K20Xm,Array3dAverage,THREE_D,200,8,8,8,30.5176,287.839,21.757,0.002,2.218,12.08,0.199
Tesla K20Xm,Array3dAverage,THREE_D,200,8,8,8,30.5176,289.63,21.502,0.001,2.203,12.038,0.198
Tesla K20Xm,Array3dAverage,THREE_D,200,8,8,8,30.5176,288.916,21.533,0.001,2.262,12.04,0.198
Tesla K20Xm,Array3dAverage,THREE_D,200,8,8,8,30.5176,288.484,21.509,0.002,2.191,12.061,0.198
Tesla K20Xm,Array3dAverage,THREE_D,200,1,2,4,30.5176,289.309,21.57,0.002,19.463,11.988,0.202
Tesla K20Xm,Array3dAverage,THREE_D,200,1,2,8,30.5176,289.399,21.556,0.002,14.144,12.028,0.202
Tesla K20Xm,Array3dAverage,THREE_D,200,8,8,8,30.5176,286.47,21.522,0.002,2.213,12.062,0.201
Tesla K20Xm,Array3dAverage,THREE_D,200,8,8,8,30.5176,288.508,21.705,0.002,2.189,12.074,0.21
Tesla K20Xm,Array3dAverage,THREE_D,200,8,8,8,30.5176,290.464,21.545,0.001,2.208,12.046,0.199
Tesla K20Xm,Array3dAverage,THREE_D,200,1,4,1,30.5176,288.607,21.517,0.001,30.783,12.044,0.198
Tesla K20Xm,Array3dAverage,THREE_D,200,1,4,2,30.5176,288.157,21.53,0.002,19.409,12.05,0.208
Tesla K20Xm,Array3dAverage,THREE_D,200,1,4,4,30.5176,288.646,21.491,0.002,14.138,12.069,0.197
Tesla K20Xm,Array3dAverage,THREE_D,200,1,4,8,30.5176,288.22,21.483,0.002,12.919,12.049,0.2
Tesla K20Xm,Array3dAverage,THREE_D,200,8,8,8,30.5176,286.844,21.511,0.001,2.191,12.04,0.201
Tesla K20Xm,Array3dAverage,THREE_D,200,8,8,8,30.5176,289.14,21.538,0.002,2.191,12.038,0.2
Tesla K20Xm,Array3dAverage,THREE_D,200,1,8,1,30.5176,288.684,21.503,0.002,18.958,12.064,0.199
Tesla K20Xm,Array3dAverage,THREE_D,200,1,8,2,30.5176,288.251,21.497,0.002,14.141,12.055,0.2
Tesla K20Xm,Array3dAverage,THREE_D,200,1,8,4,30.5176,300.345,21.712,0.002,12.928,12.119,0.205
Tesla K20Xm,Array3dAverage,THREE_D,200,1,8,8,30.5176,292.455,21.517,0.001,12.661,12.047,0.197
Tesla K20Xm,Array3dAverage,THREE_D,200,8,8,8,30.5176,286.486,21.526,0.001,2.191,12.077,0.199
Tesla K20Xm,Array3dAverage,THREE_D,200,2,1,4,30.5176,288.928,21.5,0.001,16.087,12.042,0.199
Tesla K20Xm,Array3dAverage,THREE_D,200,2,1,8,30.5176,289.216,21.553,0.002,9.848,12.051,0.198
Tesla K20Xm,Array3dAverage,THREE_D,200,8,8,8,30.5176,286.259,21.494,0.001,2.187,12.053,0.206
Tesla K20Xm,Array3dAverage,THREE_D,200,8,8,8,30.5176,290.979,21.523,0.001,2.189,12.041,0.208
Tesla K20Xm,Array3dAverage,THREE_D,200,8,8,8,30.5176,288.873,21.512,0.002,2.185,12.059,0.199
Tesla K20Xm,Array3dAverage,THREE_D,200,2,2,4,30.5176,287.466,21.499,0.001,9.853,12.042,0.2
Tesla K20Xm,Array3dAverage,THREE_D,200,2,2,8,30.5176,288.773,21.513,0.001,7.419,12.051,0.197
Tesla K20Xm,Array3dAverage,THREE_D,200,8,8,8,30.5176,286.552,21.491,0.002,2.19,12.05,0.196
Tesla K20Xm,Array3dAverage,THREE_D,200,8,8,8,30.5176,288.743,21.528,0.001,2.185,12.042,0.203
Tesla K20Xm,Array3dAverage,THREE_D,200,2,4,1,30.5176,288.504,21.506,0.002,15.751,12.028,0.204
Tesla K20Xm,Array3dAverage,THREE_D,200,2,4,2,30.5176,290.339,21.5,0.002,9.938,12.055,0.202
Tesla K20Xm,Array3dAverage,THREE_D,200,2,4,4,30.5176,288.979,21.516,0.001,7.401,12.04,0.197
Tesla K20Xm,Array3dAverage,THREE_D,200,2,4,8,30.5176,288.515,21.473,0.002,6.666,12.057,0.198
Tesla K20Xm,Array3dAverage,THREE_D,200,8,8,8,30.5176,287.352,21.565,0.001,2.19,12.199,0.197
Tesla K20Xm,Array3dAverage,THREE_D,200,2,8,1,30.5176,290.89,21.552,0.002,9.799,12.052,0.198
Tesla K20Xm,Array3dAverage,THREE_D,200,2,8,2,30.5176,288.737,21.51,0.002,7.338,12.041,0.196
Tesla K20Xm,Array3dAverage,THREE_D,200,2,8,4,30.5176,288.374,21.541,0.001,6.656,12.036,0.201
Tesla K20Xm,Array3dAverage,THREE_D,200,2,8,8,30.5176,288.928,21.489,0.002,6.66,12.042,0.193
Tesla K20Xm,Array3dAverage,THREE_D,200,4,1,1,30.5176,292.065,21.468,0.001,25.134,12.072,0.202
Tesla K20Xm,Array3dAverage,THREE_D,200,4,1,2,30.5176,289.935,21.504,0.001,14.565,12.102,0.196
Tesla K20Xm,Array3dAverage,THREE_D,200,4,1,4,30.5176,288.909,21.519,0.001,8.333,12.057,0.198
Tesla K20Xm,Array3dAverage,THREE_D,200,4,1,8,30.5176,289.507,21.705,0.002,5.038,12.054,0.205
Tesla K20Xm,Array3dAverage,THREE_D,200,8,8,8,30.5176,286.776,21.518,0.002,2.198,12.068,0.196
Tesla K20Xm,Array3dAverage,THREE_D,200,8,8,8,30.5176,292.635,21.507,0.001,2.182,12.066,0.197
Tesla K20Xm,Array3dAverage,THREE_D,200,4,2,1,30.5176,289.147,21.456,0.002,14.38,12.043,0.2
Tesla K20Xm,Array3dAverage,THREE_D,200,4,2,2,30.5176,290.719,21.559,0.001,8.254,12.031,0.197
Tesla K20Xm,Array3dAverage,THREE_D,200,4,2,4,30.5176,288.711,21.533,0.002,5.185,12.06,0.196
Tesla K20Xm,Array3dAverage,THREE_D,200,4,2,8,30.5176,288.29,21.494,0.001,3.729,12.044,0.196
Tesla K20Xm,Array3dAverage,THREE_D,200,8,8,8,30.5176,287.326,21.725,0.002,2.218,12.037,0.2
Tesla K20Xm,Array3dAverage,THREE_D,200,4,4,1,30.5176,290.164,21.46,0.002,8.17,12.048,0.196
Tesla K20Xm,Array3dAverage,THREE_D,200,4,4,2,30.5176,288.862,21.488,0.002,5.169,12.052,0.196
Tesla K20Xm,Array3dAverage,THREE_D,200,4,4,4,30.5176,289.279,21.531,0.002,3.655,12.051,0.195
Tesla K20Xm,Array3dAverage,THREE_D,200,4,4,8,30.5176,289.589,21.476,0.002,3.664,12.054,0.205
Tesla K20Xm,Array3dAverage,THREE_D,200,4,8,1,30.5176,286.61,21.534,0.001,5.177,12.054,0.201
Tesla K20Xm,Array3dAverage,THREE_D,200,4,8,2,30.5176,288.34,21.489,0.001,3.648,12.061,0.196
Tesla K20Xm,Array3dAverage,THREE_D,200,4,8,4,30.5176,288.822,21.512,0.002,3.692,12.039,0.199
Tesla K20Xm,Array3dAverage,THREE_D,200,4,8,8,30.5176,288.266,21.497,0.001,3.717,12.058,0.195
Tesla K20Xm,Array3dAverage,THREE_D,200,8,1,1,30.5176,291.97,21.488,0.001,12.917,12.057,0.195
Tesla K20Xm,Array3dAverage,THREE_D,200,8,1,2,30.5176,291.697,21.528,0.001,7.537,12.044,0.199
Tesla K20Xm,Array3dAverage,THREE_D,200,8,1,4,30.5176,289.083,21.5,0.001,4.435,12.051,0.193
Tesla K20Xm,Array3dAverage,THREE_D,200,8,1,8,30.5176,288.536,21.514,0.001,2.575,12.034,0.195
Tesla K20Xm,Array3dAverage,THREE_D,200,8,8,8,30.5176,286.903,21.811,0.001,2.215,12.087,0.199
Tesla K20Xm,Array3dAverage,THREE_D,200,8,2,1,30.5176,289.431,21.512,0.001,7.362,12.045,0.2
Tesla K20Xm,Array3dAverage,THREE_D,200,8,2,2,30.5176,288.711,21.503,0.002,4.38,12.097,0.199
Tesla K20Xm,Array3dAverage,THREE_D,200,8,2,4,30.5176,288.679,21.505,0.001,2.565,12.068,0.196
Tesla K20Xm,Array3dAverage,THREE_D,200,8,2,8,30.5176,288.716,21.518,0.002,2.148,12.044,0.2
Tesla K20Xm,Array3dAverage,THREE_D,200,8,4,1,30.5176,286.574,21.483,0.002,4.291,12.05,0.205
Tesla K20Xm,Array3dAverage,THREE_D,200,8,4,2,30.5176,288.386,21.513,0.002,2.518,12.048,0.194
Tesla K20Xm,Array3dAverage,THREE_D,200,8,4,4,30.5176,288.738,21.508,0.002,2.169,12.039,0.194
Tesla K20Xm,Array3dAverage,THREE_D,200,8,4,8,30.5176,288.483,21.514,0.001,2.159,12.049,0.197
Tesla K20Xm,Array3dAverage,THREE_D,200,8,8,1,30.5176,286.553,21.48,0.003,2.503,12.045,0.193
Tesla K20Xm,Array3dAverage,THREE_D,200,8,8,2,30.5176,288.498,21.507,0.002,2.196,12.034,0.195
Tesla K20Xm,Array3dAverage,THREE_D,200,8,8,4,30.5176,288.255,21.515,0.002,2.147,12.082,0.195
Tesla K20Xm,Array3dAverage,THREE_D,200,8,8,8,30.5176,288.51,21.488,0.002,2.187,12.039,0.195
Tesla K20Xm,Array3dAverage,THREE_D,200,1,1,8,30.5176,357.517,21.515,0.002,19.543,15.906,0.204
Tesla K20Xm,Array3dAverage,THREE_D,200,8,8,8,30.5176,290.61,21.449,0.001,2.21,11.109,0.199
Tesla K20Xm,Array3dAverage,THREE_D,200,8,8,8,30.5176,301.891,21.472,0.002,2.183,11.119,0.202
Tesla K20Xm,Array3dAverage,THREE_D,200,8,8,8,30.5176,300.869,21.445,0.002,2.181,11.128,0.201
Tesla K20Xm,Array3dAverage,THREE_D,200,8,8,8,30.5176,299.652,21.408,0.001,2.208,11.138,0.196
Tesla K20Xm,Array3dAverage,THREE_D,200,1,2,8,30.5176,309.251,21.539,0.002,14.141,11.119,0.2
Tesla K20Xm,Array3dAverage,THREE_D,200,8,8,8,30.5176,290.115,21.473,0.001,2.206,11.14,0.201
Tesla K20Xm,Array3dAverage,THREE_D,200,8,8,8,30.5176,300.648,21.421,0.002,2.202,11.125,0.199
Tesla K20Xm,Array3dAverage,THREE_D,200,8,8,8,30.5176,301.29,21.469,0.002,2.184,11.12,0.199
Tesla K20Xm,Array3dAverage,THREE_D,200,1,4,8,30.5176,308.281,21.511,0.002,12.938,11.105,0.201
Tesla K20Xm,Array3dAverage,THREE_D,200,8,8,8,30.5176,292.198,21.629,0.002,2.187,11.224,0.218
Tesla K20Xm,Array3dAverage,THREE_D,200,8,8,8,30.5176,302.894,21.442,0.002,2.178,11.122,0.196
Tesla K20Xm,Array3dAverage,THREE_D,200,1,8,1,30.5176,300.027,21.406,0.001,18.975,11.172,0.198
Tesla K20Xm,Array3dAverage,THREE_D,200,1,8,2,30.5176,299.436,21.482,0.002,14.141,11.131,0.2
Tesla K20Xm,Array3dAverage,THREE_D,200,1,8,4,30.5176,299.513,21.431,0.001,12.91,11.125,0.199
Tesla K20Xm,Array3dAverage,THREE_D,200,1,8,8,30.5176,298.223,21.477,0.001,12.683,11.129,0.202
Tesla K20Xm,Array3dAverage,THREE_D,200,8,8,8,30.5176,289.9,21.451,0.002,2.203,11.126,0.199
Tesla K20Xm,Array3dAverage,THREE_D,200,2,1,8,30.5176,309.462,21.758,0.001,9.826,11.161,0.198
Tesla K20Xm,Array3dAverage,THREE_D,200,8,8,8,30.5176,290.637,21.488,0.001,2.209,11.118,0.199
Tesla K20Xm,Array3dAverage,THREE_D,200,8,8,8,30.5176,300.168,21.457,0.001,2.238,11.121,0.195
Tesla K20Xm,Array3dAverage,THREE_D,200,8,8,8,30.5176,302.07,21.406,0.002,2.29,11.113,0.2
Tesla K20Xm,Array3dAverage,THREE_D,200,2,2,8,30.5176,308.68,21.474,0.002,7.407,11.15,0.196
Tesla K20Xm,Array3dAverage,THREE_D,200,8,8,8,30.5176,289.914,21.493,0.002,2.19,11.107,0.198
Tesla K20Xm,Array3dAverage,THREE_D,200,8,8,8,30.5176,300.056,21.443,0.002,2.187,11.115,0.196
Tesla K20Xm,Array3dAverage,THREE_D,200,2,4,8,30.5176,313.926,22.479,0.002,6.692,11.13,0.206
Tesla K20Xm,Array3dAverage,THREE_D,200,8,8,8,30.5176,290.346,21.539,0.002,2.216,11.123,0.2
Tesla K20Xm,Array3dAverage,THREE_D,200,2,8,1,30.5176,301.114,21.539,0.002,9.823,11.243,0.199
Tesla K20Xm,Array3dAverage,THREE_D,200,2,8,2,30.5176,303.518,21.471,0.002,7.338,11.101,0.201
Tesla K20Xm,Array3dAverage,THREE_D,200,2,8,4,30.5176,299.61,21.437,0.002,6.684,11.126,0.198
Tesla K20Xm,Array3dAverage,THREE_D,200,2,8,8,30.5176,298.907,21.466,0.002,6.661,11.19,0.197
Tesla K20Xm,Array3dAverage,THREE_D,200,4,1,8,30.5176,308.442,21.473,0.001,4.976,11.101,0.194
Tesla K20Xm,Array3dAverage,THREE_D,200,8,8,8,30.5176,290.17,21.447,0.002,2.188,11.184,0.201
Tesla K20Xm,Array3dAverage,THREE_D,200,8,8,8,30.5176,300.974,21.444,0.001,2.191,11.135,0.194
Tesla K20Xm,Array3dAverage,THREE_D,200,4,2,8,30.5176,307.928,21.529,0.001,3.671,11.11,0.194
Tesla K20Xm,Array3dAverage,THREE_D,200,8,8,8,30.5176,293.176,21.616,0.002,2.192,11.122,0.208
Tesla K20Xm,Array3dAverage,THREE_D,200,4,4,8,30.5176,293.146,10.373,0.001,3.685,20.997,0.199
Tesla K20Xm,Array3dAverage,THREE_D,200,4,8,1,30.5176,283.112,10.331,0.002,5.151,19.859,0.2
Tesla K20Xm,Array3dAverage,THREE_D,200,4,8,2,30.5176,283.826,10.436,0.001,3.646,19.78,0.199
Tesla K20Xm,Array3dAverage,THREE_D,200,4,8,4,30.5176,289.037,10.574,0.002,3.706,22.973,0.251
Tesla K20Xm,Array3dAverage,THREE_D,200,4,8,8,30.5176,298.621,10.419,0.002,3.694,20.948,0.2
Tesla K20Xm,Array3dAverage,THREE_D,200,8,1,1,30.5176,291.352,10.356,0.002,12.938,21.164,0.206
Tesla K20Xm,Array3dAverage,THREE_D,200,8,1,2,30.5176,289.796,10.44,0.001,7.556,21.083,0.201
Tesla K20Xm,Array3dAverage,THREE_D,200,8,1,4,30.5176,287.474,10.394,0.002,4.443,21.066,0.203
Tesla K20Xm,Array3dAverage,THREE_D,200,8,1,8,30.5176,287.879,10.503,0.002,2.605,21.048,0.204
Tesla K20Xm,Array3dAverage,THREE_D,200,8,8,8,30.5176,289.74,10.605,0.002,2.193,21.127,0.203
Tesla K20Xm,Array3dAverage,THREE_D,200,8,2,1,30.5176,287.826,10.468,0.002,7.354,20.968,0.2
Tesla K20Xm,Array3dAverage,THREE_D,200,8,2,2,30.5176,287.542,10.38,0.002,4.387,21.146,0.198
Tesla K20Xm,Array3dAverage,THREE_D,200,8,2,4,30.5176,288.412,10.707,0.001,2.589,21.176,0.206
Tesla K20Xm,Array3dAverage,THREE_D,200,8,2,8,30.5176,288.171,10.419,0.002,2.162,21.072,0.208
Tesla K20Xm,Array3dAverage,THREE_D,200,8,4,1,30.5176,287.739,10.38,0.003,4.313,21.156,0.202
Tesla K20Xm,Array3dAverage,THREE_D,200,8,4,2,30.5176,286.9,10.375,0.002,2.511,20.98,0.202
Tesla K20Xm,Array3dAverage,THREE_D,200,8,4,4,30.5176,289.218,10.363,0.001,2.146,21.077,0.219
Tesla K20Xm,Array3dAverage,THREE_D,200,8,4,8,30.5176,284.87,10.336,0.002,2.178,21.059,0.206
Tesla K20Xm,Array3dAverage,THREE_D,200,8,8,1,30.5176,286.139,10.342,0.001,2.505,20.965,0.202
Tesla K20Xm,Array3dAverage,THREE_D,200,8,8,2,30.5176,284.741,10.353,0.002,2.16,21.065,0.201
Tesla K20Xm,Array3dAverage,THREE_D,200,8,8,4,30.5176,284.77,10.339,0.003,2.172,21.028,0.201
Tesla K20Xm,Array3dAverage,THREE_D,200,8,8,8,30.5176,285.572,10.376,0.002,2.205,20.985,0.211
Tesla K20Xm,Array3dAverage,THREE_D,200,1,1,4,30.5176,293.38,21.612,0.001,32.172,11.996,1.179
Tesla K20Xm,Array3dAverage,THREE_D,200,1,1,8,30.5176,282.432,21.629,0.002,19.296,17.286,0.218
Tesla K20Xm,Array3dAverage,THREE_D,200,8,8,8,30.5176,277.76,21.513,0.002,2.214,11.981,0.202
Tesla K20Xm,Array3dAverage,THREE_D,200,8,8,8,30.5176,280.611,21.508,0.002,2.206,11.989,0.199
Tesla K20Xm,Array3dAverage,THREE_D,200,8,8,8,30.5176,281.158,21.536,0.002,2.188,11.991,0.205
Tesla K20Xm,Array3dAverage,THREE_D,200,8,8,8,30.5176,280.324,21.517,0.002,2.21,12.011,0.203
Tesla K20Xm,Array3dAverage,THREE_D,200,1,2,4,30.5176,279.18,21.53,0.002,19.452,11.977,0.207
Tesla K20Xm,Array3dAverage,THREE_D,200,1,2,8,30.5176,280.667,21.521,0.001,14.138,11.979,0.201
Tesla K20Xm,Array3dAverage,THREE_D,200,8,8,8,30.5176,279.152,21.573,0.002,2.192,11.99,0.206
Tesla K20Xm,Array3dAverage,THREE_D,200,8,8,8,30.5176,281.187,21.541,0.001,2.267,11.985,0.202
Tesla K20Xm,Array3dAverage,THREE_D,200,8,8,8,30.5176,280.376,21.516,0.002,2.183,11.991,0.204
Tesla K20Xm,Array3dAverage,THREE_D,200,1,4,1,30.5176,280.09,21.556,0.001,30.782,12.024,0.207
Tesla K20Xm,Array3dAverage,THREE_D,200,1,4,2,30.5176,281.149,21.538,0.001,19.412,12.009,0.205
Tesla K20Xm,Array3dAverage,THREE_D,200,1,4,4,30.5176,279.888,21.557,0.001,14.133,11.999,0.202
Tesla K20Xm,Array3dAverage,THREE_D,200,1,4,8,30.5176,280.834,21.734,0.001,12.922,12.001,0.204
Tesla K20Xm,Array3dAverage,THREE_D,200,8,8,8,30.5176,278.123,21.622,0.002,2.214,12.004,0.205
Tesla K20Xm,Array3dAverage,THREE_D,200,8,8,8,30.5176,280.196,21.502,0.001,2.182,11.991,0.203
Tesla K20Xm,Array3dAverage,THREE_D,200,1,8,1,30.5176,280.177,21.511,0.002,18.958,11.99,0.204
Tesla K20Xm,Array3dAverage,THREE_D,200,1,8,2,30.5176,282.524,21.564,0.001,14.169,12.055,0.206
Tesla K20Xm,Array3dAverage,THREE_D,200,1,8,4,30.5176,280.333,21.503,0.001,12.911,11.991,0.202
Tesla K20Xm,Array3dAverage,THREE_D,200,1,8,8,30.5176,279.886,21.537,0.001,12.679,11.99,0.2
Tesla K20Xm,Array3dAverage,THREE_D,200,8,8,8,30.5176,279.017,21.648,0.001,2.216,12.16,0.205
Tesla K20Xm,Array3dAverage,THREE_D,200,2,1,4,30.5176,279.859,21.49,0.001,15.857,11.987,0.205
Tesla K20Xm,Array3dAverage,THREE_D,200,2,1,8,30.5176,280.808,21.546,0.002,9.827,11.959,0.202
Tesla K20Xm,Array3dAverage,THREE_D,200,8,8,8,30.5176,277.694,21.744,0.001,2.196,12.105,0.203
Tesla K20Xm,Array3dAverage,THREE_D,200,8,8,8,30.5176,282.448,21.556,0.001,2.215,11.977,0.202
Tesla K20Xm,Array3dAverage,THREE_D,200,8,8,8,30.5176,280.655,21.47,0.001,2.181,11.984,0.203
Tesla K20Xm,Array3dAverage,THREE_D,200,2,2,4,30.5176,279.16,21.529,0.002,9.833,11.98,0.199
Tesla K20Xm,Array3dAverage,THREE_D,200,2,2,8,30.5176,287.47,21.571,0.001,7.4,12.15,0.206
Tesla K20Xm,Array3dAverage,THREE_D,200,8,8,8,30.5176,278.161,21.535,0.001,2.188,11.975,0.204
Tesla K20Xm,Array3dAverage,THREE_D,200,8,8,8,30.5176,294.67,21.664,0.003,2.218,12.004,0.211
Tesla K20Xm,Array3dAverage,THREE_D,200,2,4,1,30.5176,284.016,21.574,0.002,15.749,12.053,0.213
Tesla K20Xm,Array3dAverage,THREE_D,200,2,4,2,30.5176,283.936,21.582,0.002,9.824,11.989,0.205
Tesla K20Xm,Array3dAverage,THREE_D,200,2,4,4,30.5176,281.6,21.527,0.002,7.38,11.991,0.204
Tesla K20Xm,Array3dAverage,THREE_D,200,2,4,8,30.5176,280.432,21.579,0.002,6.672,11.969,0.203
Tesla K20Xm,Array3dAverage,THREE_D,200,8,8,8,30.5176,277.905,21.546,0.002,2.187,11.964,0.201
Tesla K20Xm,Array3dAverage,THREE_D,200,2,8,1,30.5176,283.063,21.475,0.002,9.803,11.981,0.214
Tesla K20Xm,Array3dAverage,THREE_D,200,2,8,2,30.5176,281.066,21.487,0.001,7.34,11.996,0.209
Tesla K20Xm,Array3dAverage,THREE_D,200,2,8,4,30.5176,280.177,21.489,0.001,6.661,12.065,0.201
Tesla K20Xm,Array3dAverage,THREE_D,200,2,8,8,30.5176,280.486,21.533,0.002,6.66,11.998,0.202
Tesla K20Xm,Array3dAverage,THREE_D,200,4,1,1,30.5176,283.19,21.508,0.002,25.36,11.988,0.203
Tesla K20Xm,Array3dAverage,THREE_D,200,4,1,2,30.5176,281.311,21.518,0.001,14.587,12.037,0.208
Tesla K20Xm,Array3dAverage,THREE_D,200,4,1,4,30.5176,281.32,21.509,0.001,8.105,12.01,0.206
Tesla K20Xm,Array3dAverage,THREE_D,200,4,1,8,30.5176,285.695,21.548,0.001,5.215,11.97,0.202
Tesla K20Xm,Array3dAverage,THREE_D,200,8,8,8,30.5176,277.854,21.478,0.001,2.201,11.979,0.202
Tesla K20Xm,Array3dAverage,THREE_D,200,8,8,8,30.5176,281.143,21.54,0.001,2.21,12.004,0.204
Tesla K20Xm,Array3dAverage,THREE_D,200,4,2,1,30.5176,280.667,21.534,0.001,14.244,11.999,0.215
Tesla K20Xm,Array3dAverage,THREE_D,200,4,2,2,30.5176,281.262,21.701,0.002,8.232,12.003,0.202
Tesla K20Xm,Array3dAverage,THREE_D,200,4,2,4,30.5176,281.985,21.509,0.005,5.204,11.99,0.202
Tesla K20Xm,Array3dAverage,THREE_D,200,4,2,8,30.5176,280.698,21.519,0.001,3.697,11.998,0.199
Tesla K20Xm,Array3dAverage,THREE_D,200,8,8,8,30.5176,277.785,21.484,0.002,2.188,12.011,0.208
Tesla K20Xm,Array3dAverage,THREE_D,200,4,4,1,30.5176,280.339,21.515,0.001,8.123,11.997,0.204
Tesla K20Xm,Array3dAverage,THREE_D,200,4,4,2,30.5176,283.21,21.521,0.001,5.15,11.98,0.204
Tesla K20Xm,Array3dAverage,THREE_D,200,4,4,4,30.5176,280.464,21.507,0.002,3.662,11.995,0.199
Tesla K20Xm,Array3dAverage,THREE_D,200,4,4,8,30.5176,279.951,21.534,0.002,3.662,12.002,0.201
Tesla K20Xm,Array3dAverage,THREE_D,200,4,8,1,30.5176,278.207,21.56,0.001,5.156,12.155,0.202
Tesla K20Xm,Array3dAverage,THREE_D,200,4,8,2,30.5176,281.633,21.521,0.001,3.648,12.01,0.2
Tesla K20Xm,Array3dAverage,THREE_D,200,4,8,4,30.5176,280.29,21.527,0.001,3.695,11.979,0.2
Tesla K20Xm,Array3dAverage,THREE_D,200,4,8,8,30.5176,279.814,21.505,0.002,3.714,12.081,0.205
Tesla K20Xm,Array3dAverage,THREE_D,200,8,1,1,30.5176,283.623,21.548,0.001,12.917,11.971,0.214
Tesla K20Xm,Array3dAverage,THREE_D,200,8,1,2,30.5176,281.191,21.515,0.001,7.56,11.991,0.202
Tesla K20Xm,Array3dAverage,THREE_D,200,8,1,4,30.5176,281.032,21.5,0.002,4.416,12.027,0.201
Tesla K20Xm,Array3dAverage,THREE_D,200,8,1,8,30.5176,283.213,21.572,0.001,2.578,11.972,0.204
Tesla K20Xm,Array3dAverage,THREE_D,200,8,8,8,30.5176,278.113,21.561,0.001,2.218,11.986,0.201
Tesla K20Xm,Array3dAverage,THREE_D,200,8,2,1,30.5176,280.537,21.552,0.001,7.339,12.057,0.209
Tesla K20Xm,Array3dAverage,THREE_D,200,8,2,2,30.5176,281.797,21.664,0.002,4.386,12.084,0.206
Tesla K20Xm,Array3dAverage,THREE_D,200,8,2,4,30.5176,281.423,21.52,0.002,2.564,12.015,0.201
Tesla K20Xm,Array3dAverage,THREE_D,200,8,2,8,30.5176,279.985,21.506,0.002,2.155,12.008,0.199
Tesla K20Xm,Array3dAverage,THREE_D,200,8,4,1,30.5176,277.659,21.531,0.002,4.294,11.98,0.202
Tesla K20Xm,Array3dAverage,THREE_D,200,8,4,2,30.5176,281.97,21.565,0.001,2.54,11.983,0.204
Tesla K20Xm,Array3dAverage,THREE_D,200,8,4,4,30.5176,280.741,21.487,0.001,2.171,12,0.201
Tesla K20Xm,Array3dAverage,THREE_D,200,8,4,8,30.5176,279.93,21.483,0.002,2.161,11.979,0.198
Tesla K20Xm,Array3dAverage,THREE_D,200,8,8,1,30.5176,277.647,21.544,0.002,2.51,12.001,0.198
Tesla K20Xm,Array3dAverage,THREE_D,200,8,8,2,30.5176,279.943,21.518,0.001,2.142,12.009,0.213
Tesla K20Xm,Array3dAverage,THREE_D,200,8,8,4,30.5176,282.896,21.578,0.001,2.176,11.972,0.209
Tesla K20Xm,Array3dAverage,THREE_D,200,8,8,8,30.5176,280.188,21.527,0.001,2.203,11.96,0.206
Tesla K20Xm,Array3dAverage,THREE_D,200,1,1,8,30.5176,324.729,21.405,0.001,19.294,16.292,0.208
Tesla K20Xm,Array3dAverage,THREE_D,200,8,8,8,30.5176,281.161,21.394,0.002,2.212,11.007,0.208
Tesla K20Xm,Array3dAverage,THREE_D,200,8,8,8,30.5176,283.81,21.362,0.002,2.187,11.045,0.201
Tesla K20Xm,Array3dAverage,THREE_D,200,8,8,8,30.5176,283.671,21.378,0.001,2.191,11.009,0.205
Tesla K20Xm,Array3dAverage,THREE_D,200,8,8,8,30.5176,283.19,21.385,0.002,2.187,11.057,0.204
Tesla K20Xm,Array3dAverage,THREE_D,200,1,2,8,30.5176,287.142,21.403,0.001,14.146,11.013,0.205
Tesla K20Xm,Array3dAverage,THREE_D,200,8,8,8,30.5176,282.314,21.36,0.002,2.194,11.046,0.203
Tesla K20Xm,Array3dAverage,THREE_D,200,8,8,8,30.5176,283.964,21.363,0.001,2.192,11.047,0.201
Tesla K20Xm,Array3dAverage,THREE_D,200,8,8,8,30.5176,283.28,21.408,0.001,2.21,11.027,0.207
Tesla K20Xm,Array3dAverage,THREE_D,200,1,4,8,30.5176,289.729,21.407,0.003,12.923,11.004,0.203
Tesla K20Xm,Array3dAverage,THREE_D,200,8,8,8,30.5176,281.128,21.422,0.001,2.193,11.016,0.205
Tesla K20Xm,Array3dAverage,THREE_D,200,8,8,8,30.5176,283.613,21.495,0.002,2.187,11.027,0.203
Tesla K20Xm,Array3dAverage,THREE_D,200,1,8,1,30.5176,284.485,21.287,0.002,19.001,11.167,0.204
Tesla K20Xm,Array3dAverage,THREE_D,200,1,8,2,30.5176,285.035,21.365,0.001,14.15,11.045,0.206
Tesla K20Xm,Array3dAverage,THREE_D,200,1,8,4,30.5176,282.889,21.407,0.002,12.923,11.006,0.201
Tesla K20Xm,Array3dAverage,THREE_D,200,1,8,8,30.5176,282.911,21.455,0.001,12.668,11.002,0.207
Tesla K20Xm,Array3dAverage,THREE_D,200,8,8,8,30.5176,282.373,21.373,0.001,2.363,11.02,0.205
Tesla K20Xm,Array3dAverage,THREE_D,200,2,1,8,30.5176,287.309,21.445,0.001,9.833,10.995,0.205
Tesla K20Xm,Array3dAverage,THREE_D,200,8,8,8,30.5176,282.687,21.495,0.002,2.214,11.018,0.201
Tesla K20Xm,Array3dAverage,THREE_D,200,8,8,8,30.5176,283.535,21.354,0.002,2.19,11.01,0.209
Tesla K20Xm,Array3dAverage,THREE_D,200,8,8,8,30.5176,283.234,21.387,0.001,2.192,11.069,0.203
Tesla K20Xm,Array3dAverage,THREE_D,200,2,2,8,30.5176,288.927,21.38,0.001,7.395,11.009,0.206
Tesla K20Xm,Array3dAverage,THREE_D,200,8,8,8,30.5176,280.674,21.368,0.002,2.186,11.057,0.208
Tesla K20Xm,Array3dAverage,THREE_D,200,8,8,8,30.5176,283.274,21.395,0.001,2.21,11.022,0.2
Tesla K20Xm,Array3dAverage,THREE_D,200,2,4,8,30.5176,287.274,21.457,0.002,6.748,11.024,0.201
Tesla K20Xm,Array3dAverage,THREE_D,200,8,8,8,30.5176,282.26,21.356,0.001,2.201,11.019,0.204
Tesla K20Xm,Array3dAverage,THREE_D,200,2,8,1,30.5176,283.388,21.341,0.001,9.827,11.079,0.209
Tesla K20Xm,Array3dAverage,THREE_D,200,2,8,2,30.5176,283.037,21.393,0.002,7.46,11.044,0.2
Tesla K20Xm,Array3dAverage,THREE_D,200,2,8,4,30.5176,283.424,21.336,0.001,6.663,11.015,0.202
Tesla K20Xm,Array3dAverage,THREE_D,200,2,8,8,30.5176,282.645,21.325,0.001,6.689,11.014,0.202
Tesla K20Xm,Array3dAverage,THREE_D,200,4,1,8,30.5176,289.687,21.374,0.002,5.199,11.008,0.201
Tesla K20Xm,Array3dAverage,THREE_D,200,8,8,8,30.5176,280.737,21.364,0.002,2.214,11.018,0.205
Tesla K20Xm,Array3dAverage,THREE_D,200,8,8,8,30.5176,283.371,21.39,0.002,2.21,11.025,0.202
Tesla K20Xm,Array3dAverage,THREE_D,200,4,2,8,30.5176,287.073,21.367,0.001,3.681,11.003,0.203
Tesla K20Xm,Array3dAverage,THREE_D,200,8,8,8,30.5176,282.863,21.363,0.002,2.194,11.021,0.204
Tesla K20Xm,Array3dAverage,THREE_D,200,4,4,8,30.5176,286.783,21.35,0.002,3.688,11.003,0.203
Tesla K20Xm,Array3dAverage,THREE_D,200,4,8,1,30.5176,280.38,21.339,0.002,5.159,11.068,0.213
Tesla K20Xm,Array3dAverage,THREE_D,200,4,8,2,30.5176,283.351,21.434,0.001,3.654,11.026,0.2
Tesla K20Xm,Array3dAverage,THREE_D,200,4,8,4,30.5176,283.727,21.329,0.002,3.68,11.025,0.205
Tesla K20Xm,Array3dAverage,THREE_D,200,4,8,8,30.5176,282.794,21.312,0.002,3.73,10.999,0.201
Tesla K20Xm,Array3dAverage,THREE_D,200,8,1,1,30.5176,286.395,21.501,0.002,12.948,11.041,0.204
Tesla K20Xm,Array3dAverage,THREE_D,200,8,1,2,30.5176,284.694,21.373,0.002,7.617,11.05,0.2
Tesla K20Xm,Array3dAverage,THREE_D,200,8,1,4,30.5176,283.341,21.431,0.002,4.448,11.084,0.205
Tesla K20Xm,Array3dAverage,THREE_D,200,8,1,8,30.5176,282.919,21.386,0.001,2.581,11.022,0.203
Tesla K20Xm,Array3dAverage,THREE_D,200,8,8,8,30.5176,282.496,21.35,0.002,2.192,11.021,0.202
Tesla K20Xm,Array3dAverage,THREE_D,200,8,2,1,30.5176,283.432,21.379,0.002,7.388,11.062,0.214
Tesla K20Xm,Array3dAverage,THREE_D,200,8,2,2,30.5176,282.875,21.433,0.002,4.387,11.008,0.213
Tesla K20Xm,Array3dAverage,THREE_D,200,8,2,4,30.5176,282.929,21.344,0.001,2.569,11.02,0.206
Tesla K20Xm,Array3dAverage,THREE_D,200,8,2,8,30.5176,282.583,21.366,0.002,2.175,11.035,0.202
Tesla K20Xm,Array3dAverage,THREE_D,200,8,4,1,30.5176,280.477,21.399,0.002,4.413,11.109,0.203
Tesla K20Xm,Array3dAverage,THREE_D,200,8,4,2,30.5176,282.67,21.418,0.002,2.518,11.015,0.307
Tesla K20Xm,Array3dAverage,THREE_D,200,8,4,4,30.5176,283.563,21.386,0.001,2.153,11.024,0.2
Tesla K20Xm,Array3dAverage,THREE_D,200,8,4,8,30.5176,282.726,21.326,0.001,2.163,11.01,0.205
Tesla K20Xm,Array3dAverage,THREE_D,200,8,8,1,30.5176,280.599,21.431,0.002,2.512,11.018,0.199
Tesla K20Xm,Array3dAverage,THREE_D,200,8,8,2,30.5176,282.902,21.392,0.002,2.148,11.021,0.2
Tesla K20Xm,Array3dAverage,THREE_D,200,8,8,4,30.5176,282.792,21.39,0.002,2.153,11.031,0.206
Tesla K20Xm,Array3dAverage,THREE_D,200,8,8,8,30.5176,282.704,21.399,0.002,2.207,11.014,0.201
