device/C,kernel/C,workDimension/C,width/F,height/F,maskwidth/F,maskheight/F,xLocal/I,yLocal/I,zLocal/I,MB/F,init/F,memoryCopyOut/F,plan/F,execute/F,memoryCopyIn/F,cleanUp/F
Tesla K20Xm,Convolution,ONE_D,3396,3396,64,64,1,1,1,43,246.468,72.921,0.003,59064.6,17.054,0.777
Tesla K20Xm,Convolution,ONE_D,3396,3396,64,64,2,1,1,43,230.92,71.356,0.003,29638.8,17.94,0.801
Tesla K20Xm,Convolution,ONE_D,3396,3396,64,64,4,1,1,43,236.498,73.305,0.003,14926.9,18.058,0.795
Tesla K20Xm,Convolution,ONE_D,3396,3396,64,64,8,1,1,43,230.863,71.377,0.004,7547.58,15.921,0.732
Tesla K20Xm,Convolution,ONE_D,3396,3396,64,64,16,1,1,43,230.884,71.418,0.003,3864.79,15.99,0.757
Tesla K20Xm,Convolution,ONE_D,3396,3396,64,64,32,1,1,43,230.808,71.488,0.003,-1,-1,-1
Tesla K20Xm,Convolution,ONE_D,3396,3396,64,64,64,1,1,43,230.83,71.445,0.003,-1,-1,-1
Tesla K20Xm,Convolution,ONE_D,3396,3396,64,64,128,1,1,43,230.871,71.416,0.017,-1,-1,-1
Tesla K20Xm,Convolution,ONE_D,3396,3396,64,64,256,1,1,43,230.916,71.415,0.003,-1,-1,-1
Tesla K20Xm,Convolution,ONE_D,3396,3396,64,64,512,1,1,43,230.836,72.035,0.003,-1,-1,-1
Tesla K20Xm,Convolution,ONE_D,3396,3396,64,64,1024,1,1,43,231.311,71.406,0.003,-1,-1,-1
Tesla K20Xm,Convolution,ONE_D,3396,3396,64,64,1,1,1,43,233.989,40.044,0.004,59064.6,16.081,0.788
Tesla K20Xm,Convolution,ONE_D,3396,3396,64,64,2,1,1,43,231.341,40.261,0.004,29638.7,14.922,0.721
Tesla K20Xm,Convolution,ONE_D,3396,3396,64,64,4,1,1,43,232.045,40.21,0.003,14926.8,15.376,0.727
Tesla K20Xm,Convolution,ONE_D,3396,3396,64,64,8,1,1,43,231.198,40.217,0.004,7547.6,15.076,0.721
Tesla K20Xm,Convolution,ONE_D,3396,3396,64,64,16,1,1,43,231.534,40.263,0.004,3864.81,14.665,0.729
Tesla K20Xm,Convolution,ONE_D,3396,3396,64,64,32,1,1,43,231.35,40.226,0.003,-1,-1,-1
Tesla K20Xm,Convolution,ONE_D,3396,3396,64,64,64,1,1,43,231.321,40.12,0.004,-1,-1,-1
Tesla K20Xm,Convolution,ONE_D,3396,3396,64,64,128,1,1,43,231.839,40.382,0.003,-1,-1,-1
Tesla K20Xm,Convolution,ONE_D,3396,3396,64,64,256,1,1,43,231.77,40.156,0.003,-1,-1,-1
Tesla K20Xm,Convolution,ONE_D,3396,3396,64,64,512,1,1,43,231.342,40.214,0.003,-1,-1,-1
Tesla K20Xm,Convolution,ONE_D,3396,3396,64,64,1024,1,1,43,231.272,40.318,0.003,-1,-1,-1
Tesla K20Xm,Convolution,ONE_D,3396,3396,64,64,1,1,1,43,253.14,40.194,0.003,59064.6,16.076,0.785
Tesla K20Xm,Convolution,ONE_D,3396,3396,64,64,2,1,1,43,231.09,40.136,0.003,29638.8,15.854,0.734
Tesla K20Xm,Convolution,ONE_D,3396,3396,64,64,4,1,1,43,231.318,40.03,0.004,14926.9,14.7,0.734
Tesla K20Xm,Convolution,ONE_D,3396,3396,64,64,8,1,1,43,231.131,40.032,0.003,7547.65,14.61,0.782
Tesla K20Xm,Convolution,ONE_D,3396,3396,64,64,16,1,1,43,231.093,40.106,0.003,3864.79,14.608,0.736
Tesla K20Xm,Convolution,ONE_D,3396,3396,64,64,32,1,1,43,230.96,40.012,0.003,-1,-1,-1
Tesla K20Xm,Convolution,ONE_D,3396,3396,64,64,64,1,1,43,230.976,40.109,0.003,-1,-1,-1
Tesla K20Xm,Convolution,ONE_D,3396,3396,64,64,128,1,1,43,236.747,40.237,0.004,-1,-1,-1
Tesla K20Xm,Convolution,ONE_D,3396,3396,64,64,256,1,1,43,231.071,40.129,0.004,-1,-1,-1
Tesla K20Xm,Convolution,ONE_D,3396,3396,64,64,512,1,1,43,230.992,40.085,0.005,-1,-1,-1
Tesla K20Xm,Convolution,ONE_D,3396,3396,64,64,1024,1,1,43,231.246,40.923,0.004,-1,-1,-1
Tesla K20Xm,Convolution,ONE_D,3396,3396,64,64,1,1,1,43,230.543,67.996,0.003,59064.5,17.276,0.736
Tesla K20Xm,Convolution,ONE_D,3396,3396,64,64,2,1,1,43,231.003,71.473,0.002,29638.8,15.999,0.726
Tesla K20Xm,Convolution,ONE_D,3396,3396,64,64,4,1,1,43,231.111,71.518,0.002,14926.9,16.648,0.733
Tesla K20Xm,Convolution,ONE_D,3396,3396,64,64,8,1,1,43,230.957,71.542,0.003,7547.62,16.088,0.741
Tesla K20Xm,Convolution,ONE_D,3396,3396,64,64,16,1,1,43,231.307,71.569,0.003,3864.8,15.951,0.787
Tesla K20Xm,Convolution,ONE_D,3396,3396,64,64,32,1,1,43,231.028,71.59,0.003,-1,-1,-1
Tesla K20Xm,Convolution,ONE_D,3396,3396,64,64,64,1,1,43,230.926,71.499,0.002,-1,-1,-1
Tesla K20Xm,Convolution,ONE_D,3396,3396,64,64,128,1,1,43,231.141,71.556,0.003,-1,-1,-1
Tesla K20Xm,Convolution,ONE_D,3396,3396,64,64,256,1,1,43,231.084,71.427,0.003,-1,-1,-1
Tesla K20Xm,Convolution,ONE_D,3396,3396,64,64,512,1,1,43,230.958,71.408,0.003,-1,-1,-1
Tesla K20Xm,Convolution,ONE_D,3396,3396,64,64,1024,1,1,43,231.783,71.544,0.004,-1,-1,-1
Tesla K20Xm,Convolution,ONE_D,3396,3396,64,64,1,1,1,43,229.183,68.302,0.003,59064.6,17.332,0.761
Tesla K20Xm,Convolution,ONE_D,3396,3396,64,64,2,1,1,43,231.036,71.425,0.003,29638.7,16.677,0.772
Tesla K20Xm,Convolution,ONE_D,3396,3396,64,64,4,1,1,43,230.905,71.453,0.003,14926.9,16.22,0.737
Tesla K20Xm,Convolution,ONE_D,3396,3396,64,64,8,1,1,43,231.039,71.417,0.002,7547.63,15.957,0.74
Tesla K20Xm,Convolution,ONE_D,3396,3396,64,64,16,1,1,43,231.181,71.639,0.003,3864.79,15.947,0.75
Tesla K20Xm,Convolution,ONE_D,3396,3396,64,64,32,1,1,43,231.077,71.464,0.003,-1,-1,-1
Tesla K20Xm,Convolution,ONE_D,3396,3396,64,64,64,1,1,43,231.929,71.414,0.002,-1,-1,-1
Tesla K20Xm,Convolution,ONE_D,3396,3396,64,64,128,1,1,43,230.944,71.418,0.003,-1,-1,-1
Tesla K20Xm,Convolution,ONE_D,3396,3396,64,64,256,1,1,43,231.055,71.484,0.003,-1,-1,-1
Tesla K20Xm,Convolution,ONE_D,3396,3396,64,64,512,1,1,43,231,71.539,0.003,-1,-1,-1
Tesla K20Xm,Convolution,ONE_D,3396,3396,64,64,1024,1,1,43,230.928,71.463,0.002,-1,-1,-1
Tesla K20Xm,Convolution,ONE_D,3396,3396,64,64,1,1,1,43,231.145,71.442,0.003,59064.5,17.533,0.763
Tesla K20Xm,Convolution,ONE_D,3396,3396,64,64,2,1,1,43,231.921,71.701,0.003,29638.7,16.43,0.748
Tesla K20Xm,Convolution,ONE_D,3396,3396,64,64,4,1,1,43,232.161,71.563,0.003,14926.9,16.378,0.755
Tesla K20Xm,Convolution,ONE_D,3396,3396,64,64,8,1,1,43,231.084,71.674,0.003,7547.62,16.827,0.745
Tesla K20Xm,Convolution,ONE_D,3396,3396,64,64,16,1,1,43,231.14,71.699,0.003,3864.78,16.274,0.763
Tesla K20Xm,Convolution,ONE_D,3396,3396,64,64,32,1,1,43,231.253,71.657,0.003,-1,-1,-1
Tesla K20Xm,Convolution,ONE_D,3396,3396,64,64,64,1,1,43,231.056,71.567,0.002,-1,-1,-1
Tesla K20Xm,Convolution,ONE_D,3396,3396,64,64,128,1,1,43,231.551,71.791,0.002,-1,-1,-1
Tesla K20Xm,Convolution,ONE_D,3396,3396,64,64,256,1,1,43,231.074,71.616,0.003,-1,-1,-1
Tesla K20Xm,Convolution,ONE_D,3396,3396,64,64,512,1,1,43,231.032,71.672,0.003,-1,-1,-1
Tesla K20Xm,Convolution,ONE_D,3396,3396,64,64,1024,1,1,43,230.951,71.686,0.003,-1,-1,-1
