device/C,kernel/C,workDimension/C,width/F,height/F,xLocal/I,yLocal/I,zLocal/I,MB/F,init/F,memoryCopyOut/F,plan/F,execute/F,memoryCopyIn/F,cleanUp/F
Tesla K20Xm,MatrixTranspose,TWO_D,3072,3072,1,1,1,36,202.561,12.955,0.003,38.306,18.738,0.439
Tesla K20Xm,MatrixTranspose,TWO_D,3072,3072,1,2,1,36,201.667,12.825,0.002,21.014,18.778,0.459
Tesla K20Xm,MatrixTranspose,TWO_D,3072,3072,1,4,1,36,201.88,12.797,0.002,11.393,18.718,0.439
Tesla K20Xm,MatrixTranspose,TWO_D,3072,3072,1,8,1,36,202.226,12.83,0.001,6.601,18.644,0.453
Tesla K20Xm,MatrixTranspose,TWO_D,3072,3072,1,16,1,36,201.797,12.882,0.002,4.795,18.665,0.457
Tesla K20Xm,MatrixTranspose,TWO_D,3072,3072,1,32,1,36,202.342,13,0.002,3.838,18.733,0.458
Tesla K20Xm,MatrixTranspose,TWO_D,3072,3072,1,64,1,36,201.874,12.816,0.002,3.572,18.724,0.445
Tesla K20Xm,MatrixTranspose,TWO_D,3072,3072,1,128,1,36,203.436,12.874,0.002,3.332,18.667,0.451
Tesla K20Xm,MatrixTranspose,TWO_D,3072,3072,1,256,1,36,201.7,12.788,0.002,3.608,18.619,0.454
Tesla K20Xm,MatrixTranspose,TWO_D,3072,3072,1,512,1,36,201.849,12.878,0.002,3.609,18.613,0.463
Tesla K20Xm,MatrixTranspose,TWO_D,3072,3072,1,1024,1,36,201.788,12.822,0.002,3.934,18.68,0.448
Tesla K20Xm,MatrixTranspose,TWO_D,3072,3072,2,1,1,36,202.041,12.828,0.002,19.134,18.676,0.439
Tesla K20Xm,MatrixTranspose,TWO_D,3072,3072,2,2,1,36,201.982,12.793,0.003,10.835,18.671,0.44
Tesla K20Xm,MatrixTranspose,TWO_D,3072,3072,2,4,1,36,201.589,12.777,0.003,5.941,18.625,0.46
Tesla K20Xm,MatrixTranspose,TWO_D,3072,3072,2,8,1,36,201.93,12.853,0.002,3.66,18.591,0.452
Tesla K20Xm,MatrixTranspose,TWO_D,3072,3072,2,16,1,36,203.776,12.903,0.002,2.647,18.624,0.457
Tesla K20Xm,MatrixTranspose,TWO_D,3072,3072,2,32,1,36,202.063,12.787,0.003,2.046,18.718,0.445
Tesla K20Xm,MatrixTranspose,TWO_D,3072,3072,2,64,1,36,201.953,12.855,0.002,2.012,18.68,0.441
Tesla K20Xm,MatrixTranspose,TWO_D,3072,3072,2,128,1,36,202.074,12.911,0.002,2.012,18.618,0.455
Tesla K20Xm,MatrixTranspose,TWO_D,3072,3072,2,256,1,36,202.144,12.812,0.002,2.089,18.838,0.453
Tesla K20Xm,MatrixTranspose,TWO_D,3072,3072,2,512,1,36,201.984,12.831,0.002,2.336,18.688,0.452
Tesla K20Xm,MatrixTranspose,TWO_D,3072,3072,4,1,1,36,201.957,12.845,0.002,9.692,18.638,0.454
Tesla K20Xm,MatrixTranspose,TWO_D,3072,3072,4,2,1,36,201.922,12.931,0.002,5.662,18.617,0.457
Tesla K20Xm,MatrixTranspose,TWO_D,3072,3072,4,4,1,36,202.595,12.877,0.003,3.213,18.748,0.444
Tesla K20Xm,MatrixTranspose,TWO_D,3072,3072,4,8,1,36,202.666,12.84,0.002,2.103,18.746,0.45
Tesla K20Xm,MatrixTranspose,TWO_D,3072,3072,4,16,1,36,201.83,12.829,0.002,1.4,18.681,0.437
Tesla K20Xm,MatrixTranspose,TWO_D,3072,3072,4,32,1,36,201.957,12.858,0.002,1.454,18.649,0.453
Tesla K20Xm,MatrixTranspose,TWO_D,3072,3072,4,64,1,36,201.771,12.809,0.002,1.299,18.704,0.444
Tesla K20Xm,MatrixTranspose,TWO_D,3072,3072,4,128,1,36,202.043,12.803,0.002,1.329,18.799,0.439
Tesla K20Xm,MatrixTranspose,TWO_D,3072,3072,4,256,1,36,201.688,12.886,0.003,1.538,18.637,0.439
Tesla K20Xm,MatrixTranspose,TWO_D,3072,3072,8,1,1,36,201.694,12.841,0.002,5.145,18.616,0.439
Tesla K20Xm,MatrixTranspose,TWO_D,3072,3072,8,2,1,36,201.944,12.844,0.002,3.041,18.668,0.446
Tesla K20Xm,MatrixTranspose,TWO_D,3072,3072,8,4,1,36,203.223,12.829,0.002,1.859,18.606,0.452
Tesla K20Xm,MatrixTranspose,TWO_D,3072,3072,8,8,1,36,201.739,12.867,0.002,1.231,18.616,0.441
Tesla K20Xm,MatrixTranspose,TWO_D,3072,3072,8,16,1,36,201.78,12.848,0.002,1.004,18.677,0.459
Tesla K20Xm,MatrixTranspose,TWO_D,3072,3072,8,32,1,36,201.837,12.826,0.002,1.022,18.684,0.448
Tesla K20Xm,MatrixTranspose,TWO_D,3072,3072,8,64,1,36,202.164,12.866,0.002,1.048,18.666,0.455
Tesla K20Xm,MatrixTranspose,TWO_D,3072,3072,8,128,1,36,201.933,12.809,0.002,1.172,18.702,0.452
Tesla K20Xm,MatrixTranspose,TWO_D,3072,3072,16,1,1,36,201.878,12.808,0.002,2.847,18.706,0.459
Tesla K20Xm,MatrixTranspose,TWO_D,3072,3072,16,2,1,36,201.854,12.795,0.002,1.806,18.671,0.449
Tesla K20Xm,MatrixTranspose,TWO_D,3072,3072,16,4,1,36,202.409,12.862,0.001,1.24,18.821,0.452
Tesla K20Xm,MatrixTranspose,TWO_D,3072,3072,16,8,1,36,202.133,12.81,0.001,0.972,18.71,0.445
Tesla K20Xm,MatrixTranspose,TWO_D,3072,3072,16,16,1,36,201.642,12.812,0.002,0.982,18.674,0.444
Tesla K20Xm,MatrixTranspose,TWO_D,3072,3072,16,32,1,36,201.79,12.835,0.002,0.98,18.669,0.457
Tesla K20Xm,MatrixTranspose,TWO_D,3072,3072,16,64,1,36,201.835,12.824,0.002,1.027,18.705,0.457
Tesla K20Xm,MatrixTranspose,TWO_D,3072,3072,32,1,1,36,202.146,12.788,0.002,1.715,18.611,0.438
Tesla K20Xm,MatrixTranspose,TWO_D,3072,3072,32,2,1,36,201.702,12.893,0.002,1.145,18.65,0.451
Tesla K20Xm,MatrixTranspose,TWO_D,3072,3072,32,4,1,36,201.734,12.86,0.002,0.94,18.697,0.449
Tesla K20Xm,MatrixTranspose,TWO_D,3072,3072,32,8,1,36,201.919,12.849,0.002,0.955,18.695,0.449
Tesla K20Xm,MatrixTranspose,TWO_D,3072,3072,32,16,1,36,203.584,12.838,0.002,0.948,18.607,0.452
Tesla K20Xm,MatrixTranspose,TWO_D,3072,3072,32,32,1,36,201.633,12.873,0.002,1.018,18.614,0.453
Tesla K20Xm,MatrixTranspose,TWO_D,3072,3072,64,1,1,36,201.681,12.851,0.002,1.114,18.664,0.453
Tesla K20Xm,MatrixTranspose,TWO_D,3072,3072,64,2,1,36,201.77,12.821,0.002,0.943,18.599,0.455
Tesla K20Xm,MatrixTranspose,TWO_D,3072,3072,64,4,1,36,202.093,13.031,0.002,0.925,18.634,0.445
Tesla K20Xm,MatrixTranspose,TWO_D,3072,3072,64,8,1,36,201.545,12.813,0.002,0.946,18.71,0.443
Tesla K20Xm,MatrixTranspose,TWO_D,3072,3072,64,16,1,36,202.288,12.897,0.002,0.98,18.614,0.458
Tesla K20Xm,MatrixTranspose,TWO_D,3072,3072,128,1,1,36,202.285,12.978,0.002,0.918,18.689,0.45
Tesla K20Xm,MatrixTranspose,TWO_D,3072,3072,128,2,1,36,202.368,12.822,0.002,0.955,18.885,0.461
Tesla K20Xm,MatrixTranspose,TWO_D,3072,3072,128,4,1,36,202.358,12.847,0.002,0.966,18.744,0.439
Tesla K20Xm,MatrixTranspose,TWO_D,3072,3072,128,8,1,36,202.006,12.805,0.002,0.971,18.673,0.452
Tesla K20Xm,MatrixTranspose,TWO_D,3072,3072,256,1,1,36,201.821,12.825,0.003,0.935,18.659,0.465
Tesla K20Xm,MatrixTranspose,TWO_D,3072,3072,256,2,1,36,201.966,12.8,0.002,0.938,18.7,0.447
Tesla K20Xm,MatrixTranspose,TWO_D,3072,3072,256,4,1,36,202.185,12.794,0.002,0.994,18.666,0.469
Tesla K20Xm,MatrixTranspose,TWO_D,3072,3072,512,1,1,36,201.922,12.876,0.002,1.141,18.657,0.455
Tesla K20Xm,MatrixTranspose,TWO_D,3072,3072,512,2,1,36,202.117,12.811,0.002,0.976,18.694,0.46
Tesla K20Xm,MatrixTranspose,TWO_D,3072,3072,1024,1,1,36,201.826,12.853,0.002,0.966,18.6,0.459
Tesla K20Xm,MatrixTranspose,TWO_D,3072,3072,1,1,1,36,202.191,12.606,0.002,38.311,18.178,0.363
Tesla K20Xm,MatrixTranspose,TWO_D,3072,3072,1,2,1,36,201.739,12.622,0.002,21.028,18.122,0.36
Tesla K20Xm,MatrixTranspose,TWO_D,3072,3072,1,4,1,36,202.046,12.635,0.002,11.405,18.105,0.369
Tesla K20Xm,MatrixTranspose,TWO_D,3072,3072,1,8,1,36,202.118,12.589,0.003,6.799,18.093,0.359
Tesla K20Xm,MatrixTranspose,TWO_D,3072,3072,1,16,1,36,201.643,12.554,0.002,4.796,18.209,0.354
Tesla K20Xm,MatrixTranspose,TWO_D,3072,3072,1,32,1,36,201.692,12.568,0.002,3.62,18.242,0.366
Tesla K20Xm,MatrixTranspose,TWO_D,3072,3072,1,64,1,36,201.831,12.551,0.002,3.542,18.288,0.348
Tesla K20Xm,MatrixTranspose,TWO_D,3072,3072,1,128,1,36,202.783,12.69,0.002,3.528,18.186,0.35
Tesla K20Xm,MatrixTranspose,TWO_D,3072,3072,1,256,1,36,201.795,12.505,0.002,3.573,18.156,0.353
Tesla K20Xm,MatrixTranspose,TWO_D,3072,3072,1,512,1,36,201.657,12.559,0.001,3.59,18.099,0.359
Tesla K20Xm,MatrixTranspose,TWO_D,3072,3072,1,1024,1,36,201.836,12.585,0.002,3.949,18.116,0.349
Tesla K20Xm,MatrixTranspose,TWO_D,3072,3072,2,1,1,36,202.04,12.661,0.002,19.159,18.094,0.355
Tesla K20Xm,MatrixTranspose,TWO_D,3072,3072,2,2,1,36,201.908,12.557,0.003,10.866,18.118,0.352
Tesla K20Xm,MatrixTranspose,TWO_D,3072,3072,2,4,1,36,201.789,12.628,0.002,5.932,18.123,0.343
Tesla K20Xm,MatrixTranspose,TWO_D,3072,3072,2,8,1,36,201.715,12.526,0.003,3.656,18.203,0.363
Tesla K20Xm,MatrixTranspose,TWO_D,3072,3072,2,16,1,36,203.311,12.568,0.002,2.808,18.145,0.366
Tesla K20Xm,MatrixTranspose,TWO_D,3072,3072,2,32,1,36,201.993,12.58,0.002,2.022,18.104,0.411
Tesla K20Xm,MatrixTranspose,TWO_D,3072,3072,2,64,1,36,201.549,12.529,0.003,2.001,18.21,0.37
Tesla K20Xm,MatrixTranspose,TWO_D,3072,3072,2,128,1,36,201.95,12.536,0.002,2.04,18.188,0.353
Tesla K20Xm,MatrixTranspose,TWO_D,3072,3072,2,256,1,36,201.68,12.642,0.003,2.087,18.16,0.361
Tesla K20Xm,MatrixTranspose,TWO_D,3072,3072,2,512,1,36,202.018,12.533,0.002,2.35,18.156,0.363
Tesla K20Xm,MatrixTranspose,TWO_D,3072,3072,4,1,1,36,201.759,12.558,0.003,9.69,18.206,0.363
Tesla K20Xm,MatrixTranspose,TWO_D,3072,3072,4,2,1,36,201.798,12.542,0.002,5.682,18.167,0.348
Tesla K20Xm,MatrixTranspose,TWO_D,3072,3072,4,4,1,36,202.141,12.828,0.002,3.261,18.115,0.345
Tesla K20Xm,MatrixTranspose,TWO_D,3072,3072,4,8,1,36,203.188,12.615,0.002,2.075,18.097,0.362
Tesla K20Xm,MatrixTranspose,TWO_D,3072,3072,4,16,1,36,201.774,12.537,0.002,1.401,18.202,0.369
Tesla K20Xm,MatrixTranspose,TWO_D,3072,3072,4,32,1,36,201.74,12.596,0.002,1.368,18.095,0.351
Tesla K20Xm,MatrixTranspose,TWO_D,3072,3072,4,64,1,36,201.878,12.632,0.002,1.327,18.099,0.345
Tesla K20Xm,MatrixTranspose,TWO_D,3072,3072,4,128,1,36,201.996,12.545,0.002,1.329,18.249,0.367
Tesla K20Xm,MatrixTranspose,TWO_D,3072,3072,4,256,1,36,201.874,12.55,0.003,1.523,18.114,0.371
Tesla K20Xm,MatrixTranspose,TWO_D,3072,3072,8,1,1,36,201.824,12.616,0.003,5.144,18.141,0.342
Tesla K20Xm,MatrixTranspose,TWO_D,3072,3072,8,2,1,36,201.801,12.545,0.002,3.053,18.146,0.36
Tesla K20Xm,MatrixTranspose,TWO_D,3072,3072,8,4,1,36,203.133,12.566,0.002,1.882,18.255,0.362
Tesla K20Xm,MatrixTranspose,TWO_D,3072,3072,8,8,1,36,202.153,12.515,0.002,1.249,18.1,0.369
Tesla K20Xm,MatrixTranspose,TWO_D,3072,3072,8,16,1,36,201.781,12.58,0.002,1.014,18.157,0.357
Tesla K20Xm,MatrixTranspose,TWO_D,3072,3072,8,32,1,36,201.916,12.546,0.002,1.024,18.2,0.368
Tesla K20Xm,MatrixTranspose,TWO_D,3072,3072,8,64,1,36,201.802,12.525,0.002,1.043,18.21,0.35
Tesla K20Xm,MatrixTranspose,TWO_D,3072,3072,8,128,1,36,201.897,12.539,0.002,1.195,18.159,0.362
Tesla K20Xm,MatrixTranspose,TWO_D,3072,3072,16,1,1,36,201.671,12.548,0.002,2.842,18.205,0.354
Tesla K20Xm,MatrixTranspose,TWO_D,3072,3072,16,2,1,36,201.69,12.545,0.002,1.795,18.116,0.348
Tesla K20Xm,MatrixTranspose,TWO_D,3072,3072,16,4,1,36,202.23,12.688,0.002,1.19,18.202,0.361
Tesla K20Xm,MatrixTranspose,TWO_D,3072,3072,16,8,1,36,202.497,12.591,0.002,0.94,18.162,0.348
Tesla K20Xm,MatrixTranspose,TWO_D,3072,3072,16,16,1,36,201.675,12.533,0.002,0.966,18.116,0.343
Tesla K20Xm,MatrixTranspose,TWO_D,3072,3072,16,32,1,36,201.657,12.57,0.002,0.995,18.107,0.36
Tesla K20Xm,MatrixTranspose,TWO_D,3072,3072,16,64,1,36,201.963,12.565,0.002,1.035,18.15,0.366
Tesla K20Xm,MatrixTranspose,TWO_D,3072,3072,32,1,1,36,201.958,12.54,0.002,1.699,18.212,0.348
Tesla K20Xm,MatrixTranspose,TWO_D,3072,3072,32,2,1,36,201.754,12.584,0.002,1.126,18.102,0.348
Tesla K20Xm,MatrixTranspose,TWO_D,3072,3072,32,4,1,36,202.21,12.571,0.002,0.917,18.165,0.362
Tesla K20Xm,MatrixTranspose,TWO_D,3072,3072,32,8,1,36,202.248,12.51,0.002,0.941,18.111,0.366
Tesla K20Xm,MatrixTranspose,TWO_D,3072,3072,32,16,1,36,203.327,12.608,0.003,0.956,18.107,0.36
Tesla K20Xm,MatrixTranspose,TWO_D,3072,3072,32,32,1,36,201.867,12.61,0.002,1.001,18.105,0.354
Tesla K20Xm,MatrixTranspose,TWO_D,3072,3072,64,1,1,36,201.898,12.538,0.002,1.12,18.17,0.359
Tesla K20Xm,MatrixTranspose,TWO_D,3072,3072,64,2,1,36,201.57,12.602,0.002,0.977,18.108,0.363
Tesla K20Xm,MatrixTranspose,TWO_D,3072,3072,64,4,1,36,201.813,12.68,0.002,0.934,18.104,0.349
Tesla K20Xm,MatrixTranspose,TWO_D,3072,3072,64,8,1,36,201.856,12.553,0.002,0.947,18.103,0.364
Tesla K20Xm,MatrixTranspose,TWO_D,3072,3072,64,16,1,36,201.989,12.577,0.002,1.059,18.104,0.41
Tesla K20Xm,MatrixTranspose,TWO_D,3072,3072,128,1,1,36,201.875,12.635,0.002,0.923,18.1,0.349
Tesla K20Xm,MatrixTranspose,TWO_D,3072,3072,128,2,1,36,201.885,12.695,0.003,0.926,18.413,0.355
Tesla K20Xm,MatrixTranspose,TWO_D,3072,3072,128,4,1,36,202.59,12.698,0.003,0.966,18.145,0.355
Tesla K20Xm,MatrixTranspose,TWO_D,3072,3072,128,8,1,36,201.704,12.573,0.002,0.997,18.089,0.35
Tesla K20Xm,MatrixTranspose,TWO_D,3072,3072,256,1,1,36,201.727,12.536,0.002,0.919,18.11,0.358
Tesla K20Xm,MatrixTranspose,TWO_D,3072,3072,256,2,1,36,201.862,12.601,0.002,0.942,18.163,0.359
Tesla K20Xm,MatrixTranspose,TWO_D,3072,3072,256,4,1,36,202.103,12.611,0.002,0.983,18.119,0.344
Tesla K20Xm,MatrixTranspose,TWO_D,3072,3072,512,1,1,36,201.541,12.512,0.002,0.94,18.163,0.355
Tesla K20Xm,MatrixTranspose,TWO_D,3072,3072,512,2,1,36,201.742,12.581,0.002,0.966,18.163,0.356
Tesla K20Xm,MatrixTranspose,TWO_D,3072,3072,1024,1,1,36,201.93,12.544,0.002,0.969,18.088,0.355
Tesla K20Xm,MatrixTranspose,TWO_D,3072,3072,1,1,1,36,202.455,12.78,0.002,38.309,17.779,0.342
Tesla K20Xm,MatrixTranspose,TWO_D,3072,3072,1,2,1,36,202.409,12.709,0.002,20.811,17.809,0.345
Tesla K20Xm,MatrixTranspose,TWO_D,3072,3072,1,4,1,36,201.733,12.764,0.003,11.393,17.814,0.359
Tesla K20Xm,MatrixTranspose,TWO_D,3072,3072,1,8,1,36,202.247,12.72,0.002,6.807,17.763,0.351
Tesla K20Xm,MatrixTranspose,TWO_D,3072,3072,1,16,1,36,202.761,12.724,0.002,4.796,17.892,0.352
Tesla K20Xm,MatrixTranspose,TWO_D,3072,3072,1,32,1,36,203.754,12.752,0.002,3.621,17.77,0.353
Tesla K20Xm,MatrixTranspose,TWO_D,3072,3072,1,64,1,36,201.788,12.687,0.003,3.564,17.823,0.358
Tesla K20Xm,MatrixTranspose,TWO_D,3072,3072,1,128,1,36,202.038,12.726,0.003,3.533,17.839,0.356
Tesla K20Xm,MatrixTranspose,TWO_D,3072,3072,1,256,1,36,201.931,12.737,0.002,3.547,17.768,0.339
Tesla K20Xm,MatrixTranspose,TWO_D,3072,3072,1,512,1,36,202.099,12.699,0.002,3.577,17.827,0.35
Tesla K20Xm,MatrixTranspose,TWO_D,3072,3072,1,1024,1,36,202.323,12.783,0.002,3.969,17.774,0.357
Tesla K20Xm,MatrixTranspose,TWO_D,3072,3072,2,1,1,36,202.212,12.673,0.002,19.148,17.858,0.356
Tesla K20Xm,MatrixTranspose,TWO_D,3072,3072,2,2,1,36,201.53,12.731,0.002,10.868,17.754,0.358
Tesla K20Xm,MatrixTranspose,TWO_D,3072,3072,2,4,1,36,202.351,12.889,0.002,5.939,17.85,0.344
Tesla K20Xm,MatrixTranspose,TWO_D,3072,3072,2,8,1,36,203.297,12.772,0.002,3.679,17.809,0.359
Tesla K20Xm,MatrixTranspose,TWO_D,3072,3072,2,16,1,36,202.044,12.682,0.003,2.632,17.765,0.348
Tesla K20Xm,MatrixTranspose,TWO_D,3072,3072,2,32,1,36,201.967,12.745,0.002,2.047,17.756,0.358
Tesla K20Xm,MatrixTranspose,TWO_D,3072,3072,2,64,1,36,201.838,12.742,0.002,2.002,17.862,0.358
Tesla K20Xm,MatrixTranspose,TWO_D,3072,3072,2,128,1,36,202.386,12.707,0.002,2.091,17.804,0.345
Tesla K20Xm,MatrixTranspose,TWO_D,3072,3072,2,256,1,36,202.055,12.732,0.002,2.094,17.825,0.358
Tesla K20Xm,MatrixTranspose,TWO_D,3072,3072,2,512,1,36,202.036,12.692,0.003,2.334,17.877,0.356
Tesla K20Xm,MatrixTranspose,TWO_D,3072,3072,4,1,1,36,202.215,12.7,0.002,9.69,17.77,0.347
Tesla K20Xm,MatrixTranspose,TWO_D,3072,3072,4,2,1,36,203.884,12.774,0.003,5.658,17.778,0.363
Tesla K20Xm,MatrixTranspose,TWO_D,3072,3072,4,4,1,36,202.138,12.815,0.002,3.215,17.819,0.354
Tesla K20Xm,MatrixTranspose,TWO_D,3072,3072,4,8,1,36,201.779,12.7,0.002,2.099,17.766,0.358
Tesla K20Xm,MatrixTranspose,TWO_D,3072,3072,4,16,1,36,201.938,12.744,0.003,1.392,17.766,0.337
Tesla K20Xm,MatrixTranspose,TWO_D,3072,3072,4,32,1,36,202.167,13.126,0.003,1.29,17.763,0.361
Tesla K20Xm,MatrixTranspose,TWO_D,3072,3072,4,64,1,36,201.749,12.681,0.002,1.295,17.769,0.35
Tesla K20Xm,MatrixTranspose,TWO_D,3072,3072,4,128,1,36,201.984,12.735,0.002,1.352,17.846,0.372
Tesla K20Xm,MatrixTranspose,TWO_D,3072,3072,4,256,1,36,202.01,12.707,0.002,1.56,17.82,0.359
Tesla K20Xm,MatrixTranspose,TWO_D,3072,3072,8,1,1,36,202.68,12.795,0.002,5.121,17.773,0.361
Tesla K20Xm,MatrixTranspose,TWO_D,3072,3072,8,2,1,36,203.08,12.709,0.002,3.069,17.858,0.357
Tesla K20Xm,MatrixTranspose,TWO_D,3072,3072,8,4,1,36,201.939,12.685,0.002,1.856,17.761,0.359
Tesla K20Xm,MatrixTranspose,TWO_D,3072,3072,8,8,1,36,201.912,12.686,0.002,1.246,17.865,0.357
Tesla K20Xm,MatrixTranspose,TWO_D,3072,3072,8,16,1,36,202.005,12.7,0.002,1.003,17.815,0.346
Tesla K20Xm,MatrixTranspose,TWO_D,3072,3072,8,32,1,36,202.206,12.731,0.002,1.036,17.88,0.355
Tesla K20Xm,MatrixTranspose,TWO_D,3072,3072,8,64,1,36,202.069,12.711,0.002,1.039,17.813,0.347
Tesla K20Xm,MatrixTranspose,TWO_D,3072,3072,8,128,1,36,201.927,12.695,0.002,1.165,17.859,0.358
Tesla K20Xm,MatrixTranspose,TWO_D,3072,3072,16,1,1,36,201.909,12.71,0.002,2.821,17.776,0.339
Tesla K20Xm,MatrixTranspose,TWO_D,3072,3072,16,2,1,36,203.443,12.72,0.002,1.77,17.881,0.365
Tesla K20Xm,MatrixTranspose,TWO_D,3072,3072,16,4,1,36,201.99,12.796,0.002,1.176,17.786,0.358
Tesla K20Xm,MatrixTranspose,TWO_D,3072,3072,16,8,1,36,201.844,12.766,0.002,0.933,17.765,0.358
Tesla K20Xm,MatrixTranspose,TWO_D,3072,3072,16,16,1,36,202.073,12.781,0.003,0.977,17.817,0.349
Tesla K20Xm,MatrixTranspose,TWO_D,3072,3072,16,32,1,36,202.103,12.809,0.002,0.989,18.045,0.362
Tesla K20Xm,MatrixTranspose,TWO_D,3072,3072,16,64,1,36,202.01,12.698,0.003,1.044,17.772,0.356
Tesla K20Xm,MatrixTranspose,TWO_D,3072,3072,32,1,1,36,201.973,12.725,0.002,1.696,17.804,0.365
Tesla K20Xm,MatrixTranspose,TWO_D,3072,3072,32,2,1,36,201.842,12.784,0.002,1.124,17.764,0.362
Tesla K20Xm,MatrixTranspose,TWO_D,3072,3072,32,4,1,36,202.261,12.849,0.002,0.92,17.871,0.358
Tesla K20Xm,MatrixTranspose,TWO_D,3072,3072,32,8,1,36,202.819,12.701,0.002,0.938,17.83,0.362
Tesla K20Xm,MatrixTranspose,TWO_D,3072,3072,32,16,1,36,201.828,12.784,0.003,0.963,17.759,0.352
Tesla K20Xm,MatrixTranspose,TWO_D,3072,3072,32,32,1,36,201.607,12.706,0.002,1.002,17.76,0.366
Tesla K20Xm,MatrixTranspose,TWO_D,3072,3072,64,1,1,36,202.113,12.708,0.002,1.122,17.826,0.347
Tesla K20Xm,MatrixTranspose,TWO_D,3072,3072,64,2,1,36,202.56,12.795,0.002,0.916,17.813,0.357
Tesla K20Xm,MatrixTranspose,TWO_D,3072,3072,64,4,1,36,201.905,12.68,0.003,0.95,17.766,0.343
Tesla K20Xm,MatrixTranspose,TWO_D,3072,3072,64,8,1,36,202.195,12.72,0.002,0.968,17.806,0.361
Tesla K20Xm,MatrixTranspose,TWO_D,3072,3072,64,16,1,36,202.379,12.743,0.002,0.991,17.772,0.338
Tesla K20Xm,MatrixTranspose,TWO_D,3072,3072,128,1,1,36,203.732,12.719,0.002,0.918,17.761,0.359
Tesla K20Xm,MatrixTranspose,TWO_D,3072,3072,128,2,1,36,201.751,12.694,0.002,0.945,17.895,0.356
Tesla K20Xm,MatrixTranspose,TWO_D,3072,3072,128,4,1,36,201.901,12.731,0.002,0.961,17.807,0.351
Tesla K20Xm,MatrixTranspose,TWO_D,3072,3072,128,8,1,36,201.976,12.708,0.002,0.971,17.767,0.341
Tesla K20Xm,MatrixTranspose,TWO_D,3072,3072,256,1,1,36,202.055,12.777,0.002,0.922,17.856,0.356
Tesla K20Xm,MatrixTranspose,TWO_D,3072,3072,256,2,1,36,202.018,12.727,0.002,0.935,17.779,0.362
Tesla K20Xm,MatrixTranspose,TWO_D,3072,3072,256,4,1,36,201.652,12.693,0.003,0.99,17.754,0.359
Tesla K20Xm,MatrixTranspose,TWO_D,3072,3072,512,1,1,36,201.987,12.716,0.002,0.956,17.81,0.335
Tesla K20Xm,MatrixTranspose,TWO_D,3072,3072,512,2,1,36,202.019,12.885,0.003,0.966,18.071,0.352
Tesla K20Xm,MatrixTranspose,TWO_D,3072,3072,1024,1,1,36,202.757,12.712,0.002,0.964,17.755,0.36
Tesla K20Xm,MatrixTranspose,TWO_D,3072,3072,1,1,1,36,202.364,12.677,0.003,38.075,17.476,0.349
Tesla K20Xm,MatrixTranspose,TWO_D,3072,3072,1,2,1,36,201.781,12.659,0.002,21.009,17.49,0.338
Tesla K20Xm,MatrixTranspose,TWO_D,3072,3072,1,4,1,36,201.824,12.631,0.002,11.424,17.495,0.354
Tesla K20Xm,MatrixTranspose,TWO_D,3072,3072,1,8,1,36,201.718,12.635,0.002,6.809,17.491,0.336
Tesla K20Xm,MatrixTranspose,TWO_D,3072,3072,1,16,1,36,201.676,12.69,0.003,4.586,17.51,0.333
Tesla K20Xm,MatrixTranspose,TWO_D,3072,3072,1,32,1,36,201.637,12.659,0.002,3.809,17.447,0.356
Tesla K20Xm,MatrixTranspose,TWO_D,3072,3072,1,64,1,36,203.113,12.66,0.002,3.566,17.49,0.348
Tesla K20Xm,MatrixTranspose,TWO_D,3072,3072,1,128,1,36,201.744,12.664,0.003,3.559,17.508,0.349
Tesla K20Xm,MatrixTranspose,TWO_D,3072,3072,1,256,1,36,201.561,12.635,0.002,3.551,17.462,0.35
Tesla K20Xm,MatrixTranspose,TWO_D,3072,3072,1,512,1,36,201.885,12.699,0.002,3.577,17.511,0.342
Tesla K20Xm,MatrixTranspose,TWO_D,3072,3072,1,1024,1,36,202.025,12.672,0.002,3.965,17.452,0.345
Tesla K20Xm,MatrixTranspose,TWO_D,3072,3072,2,1,1,36,201.91,12.599,0.002,19.172,17.536,0.346
Tesla K20Xm,MatrixTranspose,TWO_D,3072,3072,2,2,1,36,201.677,12.661,0.002,10.845,17.488,0.336
Tesla K20Xm,MatrixTranspose,TWO_D,3072,3072,2,4,1,36,201.739,12.617,0.002,5.937,17.444,0.333
Tesla K20Xm,MatrixTranspose,TWO_D,3072,3072,2,8,1,36,202.886,12.854,0.002,3.657,17.686,0.343
Tesla K20Xm,MatrixTranspose,TWO_D,3072,3072,2,16,1,36,201.917,12.649,0.002,2.628,17.436,0.344
Tesla K20Xm,MatrixTranspose,TWO_D,3072,3072,2,32,1,36,201.848,12.624,0.002,2.026,17.458,0.351
Tesla K20Xm,MatrixTranspose,TWO_D,3072,3072,2,64,1,36,201.906,12.675,0.002,2.13,17.492,0.343
Tesla K20Xm,MatrixTranspose,TWO_D,3072,3072,2,128,1,36,201.89,12.695,0.002,2.016,17.451,0.348
Tesla K20Xm,MatrixTranspose,TWO_D,3072,3072,2,256,1,36,202.373,12.63,0.002,2.073,17.469,0.338
Tesla K20Xm,MatrixTranspose,TWO_D,3072,3072,2,512,1,36,201.718,12.66,0.002,2.329,17.486,0.345
Tesla K20Xm,MatrixTranspose,TWO_D,3072,3072,4,1,1,36,201.735,12.703,0.002,9.7,17.49,0.348
Tesla K20Xm,MatrixTranspose,TWO_D,3072,3072,4,2,1,36,201.678,12.614,0.002,5.653,17.68,0.354
Tesla K20Xm,MatrixTranspose,TWO_D,3072,3072,4,4,1,36,203.054,12.667,0.002,3.237,17.592,0.351
Tesla K20Xm,MatrixTranspose,TWO_D,3072,3072,4,8,1,36,201.765,12.632,0.002,2.075,17.443,0.347
Tesla K20Xm,MatrixTranspose,TWO_D,3072,3072,4,16,1,36,201.869,12.647,0.003,1.4,17.543,0.336
Tesla K20Xm,MatrixTranspose,TWO_D,3072,3072,4,32,1,36,201.908,12.656,0.003,1.29,17.462,0.342
Tesla K20Xm,MatrixTranspose,TWO_D,3072,3072,4,64,1,36,201.929,12.681,0.002,1.292,17.455,0.345
Tesla K20Xm,MatrixTranspose,TWO_D,3072,3072,4,128,1,36,201.82,12.612,0.003,1.325,17.522,0.348
Tesla K20Xm,MatrixTranspose,TWO_D,3072,3072,4,256,1,36,201.73,12.681,0.003,1.561,17.446,0.345
Tesla K20Xm,MatrixTranspose,TWO_D,3072,3072,8,1,1,36,201.799,12.63,0.002,5.142,17.498,0.346
Tesla K20Xm,MatrixTranspose,TWO_D,3072,3072,8,2,1,36,202.705,12.926,0.002,3.084,17.538,0.344
Tesla K20Xm,MatrixTranspose,TWO_D,3072,3072,8,4,1,36,201.688,12.687,0.002,1.881,17.452,0.357
Tesla K20Xm,MatrixTranspose,TWO_D,3072,3072,8,8,1,36,201.788,12.641,0.002,1.221,17.445,0.336
Tesla K20Xm,MatrixTranspose,TWO_D,3072,3072,8,16,1,36,201.634,12.676,0.002,1.06,17.451,0.344
Tesla K20Xm,MatrixTranspose,TWO_D,3072,3072,8,32,1,36,201.68,12.663,0.002,1.041,17.464,0.349
Tesla K20Xm,MatrixTranspose,TWO_D,3072,3072,8,64,1,36,202.092,12.605,0.002,1.046,17.445,0.341
Tesla K20Xm,MatrixTranspose,TWO_D,3072,3072,8,128,1,36,201.612,12.669,0.003,1.246,17.521,0.343
Tesla K20Xm,MatrixTranspose,TWO_D,3072,3072,16,1,1,36,201.563,12.713,0.002,2.829,17.452,0.335
Tesla K20Xm,MatrixTranspose,TWO_D,3072,3072,16,2,1,36,201.696,12.607,0.003,1.773,17.464,0.349
Tesla K20Xm,MatrixTranspose,TWO_D,3072,3072,16,4,1,36,203.42,12.701,0.002,1.175,17.503,0.347
Tesla K20Xm,MatrixTranspose,TWO_D,3072,3072,16,8,1,36,201.804,12.667,0.002,0.95,17.452,0.34
Tesla K20Xm,MatrixTranspose,TWO_D,3072,3072,16,16,1,36,201.83,12.628,0.002,0.954,17.462,0.349
Tesla K20Xm,MatrixTranspose,TWO_D,3072,3072,16,32,1,36,201.866,12.737,0.001,0.998,17.507,0.344
Tesla K20Xm,MatrixTranspose,TWO_D,3072,3072,16,64,1,36,202.027,12.678,0.003,1.022,17.458,0.331
Tesla K20Xm,MatrixTranspose,TWO_D,3072,3072,32,1,1,36,201.644,12.63,0.002,1.687,17.424,0.354
Tesla K20Xm,MatrixTranspose,TWO_D,3072,3072,32,2,1,36,202.242,12.686,0.002,1.123,17.481,0.351
Tesla K20Xm,MatrixTranspose,TWO_D,3072,3072,32,4,1,36,202.448,12.658,0.003,0.926,17.507,0.331
Tesla K20Xm,MatrixTranspose,TWO_D,3072,3072,32,8,1,36,202.368,12.888,0.002,0.957,17.71,0.359
Tesla K20Xm,MatrixTranspose,TWO_D,3072,3072,32,16,1,36,202.042,12.661,0.002,0.956,17.542,0.34
Tesla K20Xm,MatrixTranspose,TWO_D,3072,3072,32,32,1,36,201.729,12.674,0.003,0.977,17.518,0.349
Tesla K20Xm,MatrixTranspose,TWO_D,3072,3072,64,1,1,36,201.45,12.664,0.003,1.117,17.44,0.351
Tesla K20Xm,MatrixTranspose,TWO_D,3072,3072,64,2,1,36,201.686,12.674,0.002,0.917,17.456,0.347
Tesla K20Xm,MatrixTranspose,TWO_D,3072,3072,64,4,1,36,202.13,12.634,0.003,0.928,17.502,0.348
Tesla K20Xm,MatrixTranspose,TWO_D,3072,3072,64,8,1,36,201.626,12.6,0.002,0.969,17.435,0.344
Tesla K20Xm,MatrixTranspose,TWO_D,3072,3072,64,16,1,36,201.79,12.713,0.002,0.995,17.513,0.342
Tesla K20Xm,MatrixTranspose,TWO_D,3072,3072,128,1,1,36,201.964,12.606,0.002,0.938,17.467,0.345
Tesla K20Xm,MatrixTranspose,TWO_D,3072,3072,128,2,1,36,203.057,12.68,0.002,0.92,17.459,0.352
Tesla K20Xm,MatrixTranspose,TWO_D,3072,3072,128,4,1,36,201.697,12.709,0.003,0.96,17.491,0.343
Tesla K20Xm,MatrixTranspose,TWO_D,3072,3072,128,8,1,36,201.741,12.621,0.002,0.971,17.492,0.349
Tesla K20Xm,MatrixTranspose,TWO_D,3072,3072,256,1,1,36,201.877,12.64,0.002,0.928,17.439,0.347
Tesla K20Xm,MatrixTranspose,TWO_D,3072,3072,256,2,1,36,201.815,12.737,0.002,0.958,17.544,0.34
Tesla K20Xm,MatrixTranspose,TWO_D,3072,3072,256,4,1,36,202.261,12.629,0.002,0.999,17.427,0.341
Tesla K20Xm,MatrixTranspose,TWO_D,3072,3072,512,1,1,36,201.696,12.665,0.002,0.931,17.451,0.345
Tesla K20Xm,MatrixTranspose,TWO_D,3072,3072,512,2,1,36,201.458,12.653,0.003,1.037,17.492,0.338
Tesla K20Xm,MatrixTranspose,TWO_D,3072,3072,1024,1,1,36,202.174,12.745,0.001,0.994,17.467,0.35
Tesla K20Xm,MatrixTranspose,TWO_D,3072,3072,1,1,1,36,202.564,12.613,0.002,38.286,17.481,0.353
Tesla K20Xm,MatrixTranspose,TWO_D,3072,3072,1,2,1,36,201.843,12.533,0.002,20.804,17.429,0.365
Tesla K20Xm,MatrixTranspose,TWO_D,3072,3072,1,4,1,36,201.82,12.586,0.002,11.44,17.489,0.354
Tesla K20Xm,MatrixTranspose,TWO_D,3072,3072,1,8,1,36,201.701,12.804,0.002,6.814,17.697,0.363
Tesla K20Xm,MatrixTranspose,TWO_D,3072,3072,1,16,1,36,202.589,12.492,0.002,4.818,17.469,0.351
Tesla K20Xm,MatrixTranspose,TWO_D,3072,3072,1,32,1,36,201.96,12.536,0.002,3.615,17.419,0.358
Tesla K20Xm,MatrixTranspose,TWO_D,3072,3072,1,64,1,36,201.641,12.498,0.002,3.547,17.462,0.375
Tesla K20Xm,MatrixTranspose,TWO_D,3072,3072,1,128,1,36,202.022,12.508,0.003,3.555,17.492,0.347
Tesla K20Xm,MatrixTranspose,TWO_D,3072,3072,1,256,1,36,201.87,12.543,0.002,3.578,17.437,0.349
Tesla K20Xm,MatrixTranspose,TWO_D,3072,3072,1,512,1,36,201.705,12.489,0.002,3.578,17.443,0.352
Tesla K20Xm,MatrixTranspose,TWO_D,3072,3072,1,1024,1,36,201.638,12.549,0.002,3.99,17.525,0.355
Tesla K20Xm,MatrixTranspose,TWO_D,3072,3072,2,1,1,36,201.696,12.54,0.002,19.198,17.431,0.353
Tesla K20Xm,MatrixTranspose,TWO_D,3072,3072,2,2,1,36,203.194,12.537,0.002,10.855,17.461,0.343
Tesla K20Xm,MatrixTranspose,TWO_D,3072,3072,2,4,1,36,201.799,12.583,0.003,5.939,17.415,0.354
Tesla K20Xm,MatrixTranspose,TWO_D,3072,3072,2,8,1,36,201.725,12.494,0.002,3.655,17.48,0.36
Tesla K20Xm,MatrixTranspose,TWO_D,3072,3072,2,16,1,36,201.891,12.497,0.002,2.713,17.511,0.362
Tesla K20Xm,MatrixTranspose,TWO_D,3072,3072,2,32,1,36,202.029,12.63,0.002,2.025,17.427,0.348
Tesla K20Xm,MatrixTranspose,TWO_D,3072,3072,2,64,1,36,201.521,12.505,0.002,2.026,17.475,0.353
Tesla K20Xm,MatrixTranspose,TWO_D,3072,3072,2,128,1,36,201.667,12.499,0.002,2.032,17.516,0.345
Tesla K20Xm,MatrixTranspose,TWO_D,3072,3072,2,256,1,36,201.558,12.503,0.002,2.068,17.426,0.357
Tesla K20Xm,MatrixTranspose,TWO_D,3072,3072,2,512,1,36,202.288,12.566,0.002,2.355,17.553,0.344
Tesla K20Xm,MatrixTranspose,TWO_D,3072,3072,4,1,1,36,203.24,12.551,0.002,9.699,17.515,0.362
Tesla K20Xm,MatrixTranspose,TWO_D,3072,3072,4,2,1,36,201.845,12.501,0.002,5.66,17.47,0.358
Tesla K20Xm,MatrixTranspose,TWO_D,3072,3072,4,4,1,36,201.626,12.51,0.002,3.217,17.48,0.357
Tesla K20Xm,MatrixTranspose,TWO_D,3072,3072,4,8,1,36,201.922,12.553,0.002,2.101,17.422,0.36
Tesla K20Xm,MatrixTranspose,TWO_D,3072,3072,4,16,1,36,201.957,12.49,0.002,1.418,17.432,0.349
Tesla K20Xm,MatrixTranspose,TWO_D,3072,3072,4,32,1,36,201.884,12.574,0.002,1.279,17.498,0.352
Tesla K20Xm,MatrixTranspose,TWO_D,3072,3072,4,64,1,36,202.146,12.545,0.002,1.292,17.558,0.356
Tesla K20Xm,MatrixTranspose,TWO_D,3072,3072,4,128,1,36,202.252,12.508,0.002,1.347,17.429,0.354
Tesla K20Xm,MatrixTranspose,TWO_D,3072,3072,4,256,1,36,203.026,12.571,0.003,1.529,17.47,0.341
Tesla K20Xm,MatrixTranspose,TWO_D,3072,3072,8,1,1,36,201.775,12.576,0.003,5.151,17.423,0.347
Tesla K20Xm,MatrixTranspose,TWO_D,3072,3072,8,2,1,36,201.493,12.497,0.002,3.056,17.458,0.356
Tesla K20Xm,MatrixTranspose,TWO_D,3072,3072,8,4,1,36,201.608,12.534,0.002,1.993,17.462,0.352
Tesla K20Xm,MatrixTranspose,TWO_D,3072,3072,8,8,1,36,201.823,12.617,0.002,1.229,17.419,0.37
Tesla K20Xm,MatrixTranspose,TWO_D,3072,3072,8,16,1,36,201.611,12.498,0.002,1.02,17.413,0.407
Tesla K20Xm,MatrixTranspose,TWO_D,3072,3072,8,32,1,36,201.615,12.535,0.003,1.073,17.473,0.347
Tesla K20Xm,MatrixTranspose,TWO_D,3072,3072,8,64,1,36,201.701,12.55,0.002,1.069,17.415,0.357
Tesla K20Xm,MatrixTranspose,TWO_D,3072,3072,8,128,1,36,202.124,12.612,0.002,1.172,17.487,0.347
Tesla K20Xm,MatrixTranspose,TWO_D,3072,3072,16,1,1,36,202.498,12.529,0.002,2.877,17.461,0.355
Tesla K20Xm,MatrixTranspose,TWO_D,3072,3072,16,2,1,36,201.929,12.601,0.002,1.778,17.428,0.348
Tesla K20Xm,MatrixTranspose,TWO_D,3072,3072,16,4,1,36,201.676,12.582,0.002,1.168,17.459,0.361
Tesla K20Xm,MatrixTranspose,TWO_D,3072,3072,16,8,1,36,201.709,12.541,0.002,1.011,17.5,0.363
Tesla K20Xm,MatrixTranspose,TWO_D,3072,3072,16,16,1,36,202.059,12.515,0.003,0.99,17.412,0.349
Tesla K20Xm,MatrixTranspose,TWO_D,3072,3072,16,32,1,36,201.649,12.504,0.002,0.999,17.508,0.374
Tesla K20Xm,MatrixTranspose,TWO_D,3072,3072,16,64,1,36,201.712,12.462,0.002,1.087,17.466,0.351
Tesla K20Xm,MatrixTranspose,TWO_D,3072,3072,32,1,1,36,201.979,12.513,0.002,1.67,17.564,0.389
Tesla K20Xm,MatrixTranspose,TWO_D,3072,3072,32,2,1,36,203.429,12.507,0.002,1.152,17.456,0.359
Tesla K20Xm,MatrixTranspose,TWO_D,3072,3072,32,4,1,36,201.757,12.508,0.003,0.918,17.472,0.356
Tesla K20Xm,MatrixTranspose,TWO_D,3072,3072,32,8,1,36,201.706,12.546,0.002,0.932,17.432,0.351
Tesla K20Xm,MatrixTranspose,TWO_D,3072,3072,32,16,1,36,201.768,12.486,0.003,0.973,17.515,0.351
Tesla K20Xm,MatrixTranspose,TWO_D,3072,3072,32,32,1,36,201.612,12.588,0.002,1.089,17.497,0.352
Tesla K20Xm,MatrixTranspose,TWO_D,3072,3072,64,1,1,36,201.772,12.558,0.002,1.116,17.412,0.36
Tesla K20Xm,MatrixTranspose,TWO_D,3072,3072,64,2,1,36,201.445,12.506,0.002,0.941,17.461,0.356
Tesla K20Xm,MatrixTranspose,TWO_D,3072,3072,64,4,1,36,201.714,12.577,0.002,0.979,17.476,0.364
Tesla K20Xm,MatrixTranspose,TWO_D,3072,3072,64,8,1,36,201.925,12.665,0.002,0.948,17.693,0.372
Tesla K20Xm,MatrixTranspose,TWO_D,3072,3072,64,16,1,36,202.556,12.576,0.002,0.984,17.538,0.35
Tesla K20Xm,MatrixTranspose,TWO_D,3072,3072,128,1,1,36,201.719,12.505,0.003,0.973,17.455,0.357
Tesla K20Xm,MatrixTranspose,TWO_D,3072,3072,128,2,1,36,201.626,12.528,0.002,0.927,17.421,0.349
Tesla K20Xm,MatrixTranspose,TWO_D,3072,3072,128,4,1,36,201.745,12.485,0.002,0.961,17.46,0.352
Tesla K20Xm,MatrixTranspose,TWO_D,3072,3072,128,8,1,36,202.202,12.536,0.003,1.025,17.485,0.353
Tesla K20Xm,MatrixTranspose,TWO_D,3072,3072,256,1,1,36,201.942,12.567,0.002,0.924,17.424,0.339
Tesla K20Xm,MatrixTranspose,TWO_D,3072,3072,256,2,1,36,201.624,12.498,0.003,0.937,17.495,0.375
Tesla K20Xm,MatrixTranspose,TWO_D,3072,3072,256,4,1,36,201.618,12.479,0.002,1.08,17.562,0.342
Tesla K20Xm,MatrixTranspose,TWO_D,3072,3072,512,1,1,36,203.216,12.712,0.002,0.934,17.422,0.349
Tesla K20Xm,MatrixTranspose,TWO_D,3072,3072,512,2,1,36,201.652,12.491,0.003,0.97,17.473,0.356
Tesla K20Xm,MatrixTranspose,TWO_D,3072,3072,1024,1,1,36,201.763,12.506,0.002,1.021,17.42,0.349
Tesla K20Xm,MatrixTranspose,TWO_D,3072,3072,1,1,1,36,202.319,12.517,0.002,38.113,17.433,0.364
Tesla K20Xm,MatrixTranspose,TWO_D,3072,3072,1,2,1,36,202.146,12.502,0.002,21.039,17.506,0.358
Tesla K20Xm,MatrixTranspose,TWO_D,3072,3072,1,4,1,36,201.739,12.493,0.002,11.414,17.401,0.36
Tesla K20Xm,MatrixTranspose,TWO_D,3072,3072,1,8,1,36,201.79,12.529,0.002,6.819,17.417,0.354
Tesla K20Xm,MatrixTranspose,TWO_D,3072,3072,1,16,1,36,201.981,12.462,0.002,4.586,17.472,0.36
Tesla K20Xm,MatrixTranspose,TWO_D,3072,3072,1,32,1,36,203.132,12.503,0.002,3.839,17.52,0.35
Tesla K20Xm,MatrixTranspose,TWO_D,3072,3072,1,64,1,36,201.962,12.435,0.002,3.545,17.421,0.367
Tesla K20Xm,MatrixTranspose,TWO_D,3072,3072,1,128,1,36,201.706,12.475,0.002,3.531,17.474,0.353
Tesla K20Xm,MatrixTranspose,TWO_D,3072,3072,1,256,1,36,201.773,12.474,0.002,3.555,17.5,0.357
Tesla K20Xm,MatrixTranspose,TWO_D,3072,3072,1,512,1,36,202,12.458,0.002,3.604,17.416,0.369
Tesla K20Xm,MatrixTranspose,TWO_D,3072,3072,1,1024,1,36,201.758,12.442,0.002,3.985,17.477,0.353
Tesla K20Xm,MatrixTranspose,TWO_D,3072,3072,2,1,1,36,201.924,12.484,0.002,19.182,17.421,0.358
Tesla K20Xm,MatrixTranspose,TWO_D,3072,3072,2,2,1,36,201.938,12.48,0.002,10.85,17.476,0.35
Tesla K20Xm,MatrixTranspose,TWO_D,3072,3072,2,4,1,36,202.57,12.915,0.003,6.204,17.708,0.362
Tesla K20Xm,MatrixTranspose,TWO_D,3072,3072,2,8,1,36,201.857,12.458,0.002,3.659,17.419,0.354
Tesla K20Xm,MatrixTranspose,TWO_D,3072,3072,2,16,1,36,201.843,12.483,0.002,2.706,17.427,0.353
Tesla K20Xm,MatrixTranspose,TWO_D,3072,3072,2,32,1,36,201.814,12.621,0.002,2.013,17.418,0.346
Tesla K20Xm,MatrixTranspose,TWO_D,3072,3072,2,64,1,36,201.695,12.488,0.002,2.018,17.433,0.348
Tesla K20Xm,MatrixTranspose,TWO_D,3072,3072,2,128,1,36,201.938,12.489,0.002,2.091,17.413,0.364
Tesla K20Xm,MatrixTranspose,TWO_D,3072,3072,2,256,1,36,201.676,12.548,0.003,2.067,17.432,0.349
Tesla K20Xm,MatrixTranspose,TWO_D,3072,3072,2,512,1,36,201.778,12.475,0.002,2.328,17.415,0.362
Tesla K20Xm,MatrixTranspose,TWO_D,3072,3072,4,1,1,36,201.653,12.484,0.002,9.68,17.479,0.36
Tesla K20Xm,MatrixTranspose,TWO_D,3072,3072,4,2,1,36,203.546,12.482,0.003,5.665,17.414,0.354
Tesla K20Xm,MatrixTranspose,TWO_D,3072,3072,4,4,1,36,202.003,12.522,0.002,3.208,17.465,0.35
Tesla K20Xm,MatrixTranspose,TWO_D,3072,3072,4,8,1,36,201.681,12.473,0.003,2.1,17.55,0.365
Tesla K20Xm,MatrixTranspose,TWO_D,3072,3072,4,16,1,36,201.678,12.442,0.002,1.393,17.431,0.362
Tesla K20Xm,MatrixTranspose,TWO_D,3072,3072,4,32,1,36,202.043,12.468,0.002,1.289,17.48,0.363
Tesla K20Xm,MatrixTranspose,TWO_D,3072,3072,4,64,1,36,201.975,12.454,0.002,1.322,17.566,0.34
Tesla K20Xm,MatrixTranspose,TWO_D,3072,3072,4,128,1,36,202.264,12.459,0.002,1.32,17.43,0.343
Tesla K20Xm,MatrixTranspose,TWO_D,3072,3072,4,256,1,36,202.221,12.463,0.002,1.556,17.48,0.359
Tesla K20Xm,MatrixTranspose,TWO_D,3072,3072,8,1,1,36,202.593,12.637,0.002,5.137,17.722,0.364
Tesla K20Xm,MatrixTranspose,TWO_D,3072,3072,8,2,1,36,201.925,12.435,0.002,3.046,17.414,0.361
Tesla K20Xm,MatrixTranspose,TWO_D,3072,3072,8,4,1,36,201.779,12.431,0.002,1.88,17.472,0.354
Tesla K20Xm,MatrixTranspose,TWO_D,3072,3072,8,8,1,36,201.645,12.546,0.002,1.216,17.488,0.35
Tesla K20Xm,MatrixTranspose,TWO_D,3072,3072,8,16,1,36,201.764,12.451,0.002,1.021,17.405,0.355
Tesla K20Xm,MatrixTranspose,TWO_D,3072,3072,8,32,1,36,202.038,12.462,0.002,1.041,17.481,0.346
Tesla K20Xm,MatrixTranspose,TWO_D,3072,3072,8,64,1,36,201.843,12.513,0.002,1.035,17.466,0.366
Tesla K20Xm,MatrixTranspose,TWO_D,3072,3072,8,128,1,36,201.744,12.456,0.002,1.184,17.461,0.364
Tesla K20Xm,MatrixTranspose,TWO_D,3072,3072,16,1,1,36,201.927,12.452,0.002,2.819,17.509,0.358
Tesla K20Xm,MatrixTranspose,TWO_D,3072,3072,16,2,1,36,203.17,12.531,0.003,1.769,17.476,0.358
Tesla K20Xm,MatrixTranspose,TWO_D,3072,3072,16,4,1,36,201.815,12.478,0.003,1.164,17.463,0.361
Tesla K20Xm,MatrixTranspose,TWO_D,3072,3072,16,8,1,36,201.839,12.453,0.002,1.01,17.484,0.353
Tesla K20Xm,MatrixTranspose,TWO_D,3072,3072,16,16,1,36,201.859,12.548,0.002,0.972,17.503,0.353
Tesla K20Xm,MatrixTranspose,TWO_D,3072,3072,16,32,1,36,201.996,12.462,0.002,0.999,17.421,0.344
Tesla K20Xm,MatrixTranspose,TWO_D,3072,3072,16,64,1,36,201.65,12.449,0.002,1.104,17.458,0.362
Tesla K20Xm,MatrixTranspose,TWO_D,3072,3072,32,1,1,36,201.576,12.509,0.002,1.69,17.477,0.355
Tesla K20Xm,MatrixTranspose,TWO_D,3072,3072,32,2,1,36,202.037,12.452,0.002,1.127,17.416,0.345
Tesla K20Xm,MatrixTranspose,TWO_D,3072,3072,32,4,1,36,202.367,12.471,0.002,0.973,17.718,0.36
Tesla K20Xm,MatrixTranspose,TWO_D,3072,3072,32,8,1,36,202.219,12.574,0.002,0.928,17.477,0.362
Tesla K20Xm,MatrixTranspose,TWO_D,3072,3072,32,16,1,36,201.655,12.456,0.002,0.942,17.427,0.351
Tesla K20Xm,MatrixTranspose,TWO_D,3072,3072,32,32,1,36,201.887,12.466,0.003,1.036,17.504,0.364
Tesla K20Xm,MatrixTranspose,TWO_D,3072,3072,64,1,1,36,201.887,12.526,0.002,1.114,17.482,0.356
Tesla K20Xm,MatrixTranspose,TWO_D,3072,3072,64,2,1,36,202.054,12.509,0.002,0.936,17.507,0.355
Tesla K20Xm,MatrixTranspose,TWO_D,3072,3072,64,4,1,36,202.059,12.465,0.002,1.008,17.458,0.354
Tesla K20Xm,MatrixTranspose,TWO_D,3072,3072,64,8,1,36,201.489,12.523,0.003,0.951,17.459,0.354
Tesla K20Xm,MatrixTranspose,TWO_D,3072,3072,64,16,1,36,202.182,12.458,0.002,1.001,17.436,0.344
Tesla K20Xm,MatrixTranspose,TWO_D,3072,3072,128,1,1,36,203.009,12.441,0.002,0.996,17.482,0.362
Tesla K20Xm,MatrixTranspose,TWO_D,3072,3072,128,2,1,36,201.724,12.519,0.002,0.935,17.491,0.359
Tesla K20Xm,MatrixTranspose,TWO_D,3072,3072,128,4,1,36,201.683,12.456,0.002,0.961,17.413,0.358
Tesla K20Xm,MatrixTranspose,TWO_D,3072,3072,128,8,1,36,201.938,12.463,0.002,1.048,17.472,0.363
Tesla K20Xm,MatrixTranspose,TWO_D,3072,3072,256,1,1,36,201.557,12.558,0.002,0.938,17.557,0.361
Tesla K20Xm,MatrixTranspose,TWO_D,3072,3072,256,2,1,36,201.609,12.474,0.002,0.957,17.409,0.363
Tesla K20Xm,MatrixTranspose,TWO_D,3072,3072,256,4,1,36,201.655,12.423,0.001,0.99,17.46,0.353
Tesla K20Xm,MatrixTranspose,TWO_D,3072,3072,512,1,1,36,201.902,12.541,0.002,0.925,17.486,0.367
Tesla K20Xm,MatrixTranspose,TWO_D,3072,3072,512,2,1,36,201.853,12.582,0.002,0.964,17.458,0.35
Tesla K20Xm,MatrixTranspose,TWO_D,3072,3072,1024,1,1,36,202.498,12.485,0.002,0.979,17.475,0.36
Tesla K20Xm,MatrixTranspose,TWO_D,3072,3072,1,1,1,36,202.612,12.829,0.002,38.38,18.568,0.36
Tesla K20Xm,MatrixTranspose,TWO_D,3072,3072,1,2,1,36,203.491,12.815,0.003,21.045,18.142,0.362
Tesla K20Xm,MatrixTranspose,TWO_D,3072,3072,1,4,1,36,201.648,12.731,0.002,11.418,18.098,0.371
Tesla K20Xm,MatrixTranspose,TWO_D,3072,3072,1,8,1,36,202.131,12.752,0.005,6.596,18.148,0.372
Tesla K20Xm,MatrixTranspose,TWO_D,3072,3072,1,16,1,36,202.086,12.772,0.002,4.801,18.117,0.369
Tesla K20Xm,MatrixTranspose,TWO_D,3072,3072,1,32,1,36,202.24,12.788,0.003,3.802,18.196,0.359
Tesla K20Xm,MatrixTranspose,TWO_D,3072,3072,1,64,1,36,201.787,12.781,0.002,3.544,18.21,0.406
Tesla K20Xm,MatrixTranspose,TWO_D,3072,3072,1,128,1,36,201.982,12.773,0.002,3.33,18.14,0.367
Tesla K20Xm,MatrixTranspose,TWO_D,3072,3072,1,256,1,36,202.207,12.719,0.003,3.581,18.099,0.411
Tesla K20Xm,MatrixTranspose,TWO_D,3072,3072,1,512,1,36,203.263,12.812,0.003,3.585,18.092,0.37
Tesla K20Xm,MatrixTranspose,TWO_D,3072,3072,1,1024,1,36,202.035,12.728,0.002,4.031,18.141,0.363
Tesla K20Xm,MatrixTranspose,TWO_D,3072,3072,2,1,1,36,202.129,12.761,0.002,19.156,18.238,0.407
Tesla K20Xm,MatrixTranspose,TWO_D,3072,3072,2,2,1,36,202.366,12.722,0.002,10.866,18.109,0.364
Tesla K20Xm,MatrixTranspose,TWO_D,3072,3072,2,4,1,36,202.326,12.784,0.002,5.938,18.089,0.369
Tesla K20Xm,MatrixTranspose,TWO_D,3072,3072,2,8,1,36,201.904,12.775,0.002,3.688,18.102,0.413
Tesla K20Xm,MatrixTranspose,TWO_D,3072,3072,2,16,1,36,201.963,12.75,0.002,2.631,18.213,0.353
Tesla K20Xm,MatrixTranspose,TWO_D,3072,3072,2,32,1,36,202.144,12.726,0.002,2.048,18.195,0.358
Tesla K20Xm,MatrixTranspose,TWO_D,3072,3072,2,64,1,36,202.846,12.946,0.002,2.01,18.343,0.375
Tesla K20Xm,MatrixTranspose,TWO_D,3072,3072,2,128,1,36,202.083,12.729,0.002,2.045,18.157,0.353
Tesla K20Xm,MatrixTranspose,TWO_D,3072,3072,2,256,1,36,202.066,12.742,0.002,2.084,18.203,0.407
Tesla K20Xm,MatrixTranspose,TWO_D,3072,3072,2,512,1,36,202.081,12.758,0.002,2.352,18.157,0.355
Tesla K20Xm,MatrixTranspose,TWO_D,3072,3072,4,1,1,36,201.88,12.726,0.002,9.685,18.096,0.406
Tesla K20Xm,MatrixTranspose,TWO_D,3072,3072,4,2,1,36,202.549,12.781,0.003,5.677,18.1,0.414
Tesla K20Xm,MatrixTranspose,TWO_D,3072,3072,4,4,1,36,202.001,12.716,0.002,3.215,18.21,0.363
Tesla K20Xm,MatrixTranspose,TWO_D,3072,3072,4,8,1,36,202.743,12.848,0.002,2.168,18.278,0.373
Tesla K20Xm,MatrixTranspose,TWO_D,3072,3072,4,16,1,36,202.021,12.777,0.002,1.415,18.141,0.371
Tesla K20Xm,MatrixTranspose,TWO_D,3072,3072,4,32,1,36,203.174,12.803,0.002,1.31,18.167,0.405
Tesla K20Xm,MatrixTranspose,TWO_D,3072,3072,4,64,1,36,201.891,12.778,0.002,1.293,18.183,0.357
Tesla K20Xm,MatrixTranspose,TWO_D,3072,3072,4,128,1,36,201.864,12.733,0.002,1.352,18.087,0.366
Tesla K20Xm,MatrixTranspose,TWO_D,3072,3072,4,256,1,36,202.042,12.735,0.002,1.563,18.158,0.361
Tesla K20Xm,MatrixTranspose,TWO_D,3072,3072,8,1,1,36,202.446,12.766,0.003,5.131,18.185,0.363
Tesla K20Xm,MatrixTranspose,TWO_D,3072,3072,8,2,1,36,201.978,12.72,0.002,3.073,18.148,0.361
Tesla K20Xm,MatrixTranspose,TWO_D,3072,3072,8,4,1,36,202.129,12.786,0.002,1.856,18.107,0.403
Tesla K20Xm,MatrixTranspose,TWO_D,3072,3072,8,8,1,36,202.066,12.731,0.002,1.241,18.242,0.365
Tesla K20Xm,MatrixTranspose,TWO_D,3072,3072,8,16,1,36,202.686,12.884,0.002,1.003,18.301,0.367
Tesla K20Xm,MatrixTranspose,TWO_D,3072,3072,8,32,1,36,201.817,12.775,0.002,1.016,18.091,0.358
Tesla K20Xm,MatrixTranspose,TWO_D,3072,3072,8,64,1,36,201.833,12.81,0.002,1.05,18.155,0.412
Tesla K20Xm,MatrixTranspose,TWO_D,3072,3072,8,128,1,36,202.246,12.739,0.003,1.181,18.167,0.363
Tesla K20Xm,MatrixTranspose,TWO_D,3072,3072,16,1,1,36,201.993,12.785,0.003,2.821,18.101,0.349
Tesla K20Xm,MatrixTranspose,TWO_D,3072,3072,16,2,1,36,202.176,12.768,0.002,1.789,18.114,0.373
Tesla K20Xm,MatrixTranspose,TWO_D,3072,3072,16,4,1,36,201.826,12.724,0.002,1.193,18.154,0.408
Tesla K20Xm,MatrixTranspose,TWO_D,3072,3072,16,8,1,36,202.126,12.77,0.002,1.005,18.104,0.367
Tesla K20Xm,MatrixTranspose,TWO_D,3072,3072,16,16,1,36,202.038,12.82,0.002,0.974,18.114,0.417
Tesla K20Xm,MatrixTranspose,TWO_D,3072,3072,16,32,1,36,203.208,12.794,0.003,0.962,18.144,0.364
Tesla K20Xm,MatrixTranspose,TWO_D,3072,3072,16,64,1,36,202.027,12.743,0.002,1.051,18.091,0.375
Tesla K20Xm,MatrixTranspose,TWO_D,3072,3072,32,1,1,36,201.997,12.805,0.002,1.704,18.111,0.37
Tesla K20Xm,MatrixTranspose,TWO_D,3072,3072,32,2,1,36,201.961,12.706,0.002,1.155,18.155,0.405
Tesla K20Xm,MatrixTranspose,TWO_D,3072,3072,32,4,1,36,202.31,12.75,0.002,0.94,18.134,0.352
Tesla K20Xm,MatrixTranspose,TWO_D,3072,3072,32,8,1,36,202.246,12.748,0.002,0.942,18.098,0.367
Tesla K20Xm,MatrixTranspose,TWO_D,3072,3072,32,16,1,36,202.011,12.819,0.002,0.962,18.175,0.362
Tesla K20Xm,MatrixTranspose,TWO_D,3072,3072,32,32,1,36,202.219,12.724,0.003,0.974,18.158,0.368
Tesla K20Xm,MatrixTranspose,TWO_D,3072,3072,64,1,1,36,202.848,13.004,0.002,1.128,18.397,0.364
Tesla K20Xm,MatrixTranspose,TWO_D,3072,3072,64,2,1,36,201.841,12.745,0.003,0.948,18.149,0.376
Tesla K20Xm,MatrixTranspose,TWO_D,3072,3072,64,4,1,36,201.919,12.743,0.002,0.954,18.138,0.367
Tesla K20Xm,MatrixTranspose,TWO_D,3072,3072,64,8,1,36,202.321,12.79,0.002,0.947,18.159,0.406
Tesla K20Xm,MatrixTranspose,TWO_D,3072,3072,64,16,1,36,202.242,12.764,0.003,0.968,18.102,0.38
Tesla K20Xm,MatrixTranspose,TWO_D,3072,3072,128,1,1,36,202.421,12.745,0.002,0.948,18.193,0.353
Tesla K20Xm,MatrixTranspose,TWO_D,3072,3072,128,2,1,36,202.043,12.727,0.002,0.946,18.096,0.367
Tesla K20Xm,MatrixTranspose,TWO_D,3072,3072,128,4,1,36,202.007,12.759,0.002,0.943,18.16,0.361
Tesla K20Xm,MatrixTranspose,TWO_D,3072,3072,128,8,1,36,201.854,12.725,0.002,1.002,18.219,0.409
Tesla K20Xm,MatrixTranspose,TWO_D,3072,3072,256,1,1,36,203.686,12.756,0.003,0.931,18.181,0.364
Tesla K20Xm,MatrixTranspose,TWO_D,3072,3072,256,2,1,36,201.961,12.776,0.003,0.927,18.148,0.403
Tesla K20Xm,MatrixTranspose,TWO_D,3072,3072,256,4,1,36,202.086,12.788,0.002,0.964,18.224,0.365
Tesla K20Xm,MatrixTranspose,TWO_D,3072,3072,512,1,1,36,202.185,12.748,0.002,0.961,18.109,0.369
Tesla K20Xm,MatrixTranspose,TWO_D,3072,3072,512,2,1,36,202.286,12.801,0.003,0.99,18.108,0.368
Tesla K20Xm,MatrixTranspose,TWO_D,3072,3072,1024,1,1,36,202.048,12.715,0.002,0.999,18.217,0.408
