device/C,kernel/C,workDimension/C,nElements/F,xLocal/I,yLocal/I,zLocal/I,MB/F,init/F,memoryCopyOut/F,plan/F,execute/F,memoryCopyIn/F,cleanUp/F
Tesla K20Xm,SquareArray,ONE_D,8.9129e+06,1,1,1,34,172.475,11.943,0.003,34.241,16.649,0.306
Tesla K20Xm,SquareArray,ONE_D,8.9129e+06,2,1,1,34,170.957,11.913,0.002,17.107,16.633,0.302
Tesla K20Xm,SquareArray,ONE_D,8.9129e+06,4,1,1,34,171.275,11.857,0.002,8.758,16.69,0.304
Tesla K20Xm,SquareArray,ONE_D,8.9129e+06,8,1,1,34,171.258,11.893,0.002,4.405,16.685,0.311
Tesla K20Xm,SquareArray,ONE_D,8.9129e+06,16,1,1,34,171.222,11.866,0.002,2.579,16.885,0.304
Tesla K20Xm,SquareArray,ONE_D,8.9129e+06,32,1,1,34,172.278,11.913,0.003,1.566,16.709,0.303
Tesla K20Xm,SquareArray,ONE_D,8.9129e+06,64,1,1,34,171.117,11.889,0.002,1.096,16.67,0.303
Tesla K20Xm,SquareArray,ONE_D,8.9129e+06,128,1,1,34,171.234,11.88,0.002,0.927,16.657,0.301
Tesla K20Xm,SquareArray,ONE_D,8.9129e+06,256,1,1,34,171.3,11.892,0.001,0.687,16.628,0.3
Tesla K20Xm,SquareArray,ONE_D,8.9129e+06,512,1,1,34,172.015,12.318,0.002,0.903,16.895,0.303
Tesla K20Xm,SquareArray,ONE_D,8.9129e+06,1024,1,1,34,171.475,11.908,0.002,0.927,16.622,0.3
Tesla K20Xm,SquareArray,ONE_D,8.9129e+06,1,1,1,34,172.455,23.791,0.002,34.187,18.013,0.568
Tesla K20Xm,SquareArray,ONE_D,8.9129e+06,2,1,1,34,172.396,23.774,0.002,17.117,17.969,0.565
Tesla K20Xm,SquareArray,ONE_D,8.9129e+06,4,1,1,34,172.201,23.778,0.002,8.512,17.968,0.571
Tesla K20Xm,SquareArray,ONE_D,8.9129e+06,8,1,1,34,172.134,23.733,0.002,4.618,17.972,0.563
Tesla K20Xm,SquareArray,ONE_D,8.9129e+06,16,1,1,34,172.267,23.711,0.001,2.536,18.009,0.568
Tesla K20Xm,SquareArray,ONE_D,8.9129e+06,32,1,1,34,172.138,23.707,0.002,1.53,17.97,0.562
Tesla K20Xm,SquareArray,ONE_D,8.9129e+06,64,1,1,34,172.089,23.794,0.002,0.848,17.978,0.575
Tesla K20Xm,SquareArray,ONE_D,8.9129e+06,128,1,1,34,172.101,23.759,0.002,0.922,17.932,0.561
Tesla K20Xm,SquareArray,ONE_D,8.9129e+06,256,1,1,34,172.543,23.782,0.002,0.875,18.266,0.588
Tesla K20Xm,SquareArray,ONE_D,8.9129e+06,512,1,1,34,172.329,23.791,0.001,0.904,17.953,0.582
Tesla K20Xm,SquareArray,ONE_D,8.9129e+06,1024,1,1,34,172.102,23.707,0.002,0.9,17.963,0.562
Tesla K20Xm,SquareArray,ONE_D,8.9129e+06,1,1,1,34,172.476,23.796,0.001,34.24,18.255,0.574
Tesla K20Xm,SquareArray,ONE_D,8.9129e+06,2,1,1,34,173.272,23.831,0.002,17.142,18.009,0.577
Tesla K20Xm,SquareArray,ONE_D,8.9129e+06,4,1,1,34,172.521,23.752,0.002,8.719,18.623,0.664
Tesla K20Xm,SquareArray,ONE_D,8.9129e+06,8,1,1,34,177.801,23.815,0.002,4.405,18.046,0.574
Tesla K20Xm,SquareArray,ONE_D,8.9129e+06,16,1,1,34,172.386,23.762,0.002,2.571,18.037,0.567
Tesla K20Xm,SquareArray,ONE_D,8.9129e+06,32,1,1,34,172.745,23.779,0.001,1.543,18.001,0.575
Tesla K20Xm,SquareArray,ONE_D,8.9129e+06,64,1,1,34,172.534,23.738,0.002,1.071,17.998,0.564
Tesla K20Xm,SquareArray,ONE_D,8.9129e+06,128,1,1,34,172.398,23.697,0.002,0.863,17.983,0.573
Tesla K20Xm,SquareArray,ONE_D,8.9129e+06,256,1,1,34,172.379,23.738,0.002,0.663,18.034,0.561
Tesla K20Xm,SquareArray,ONE_D,8.9129e+06,512,1,1,34,172.376,23.815,0.002,0.898,18.388,0.57
Tesla K20Xm,SquareArray,ONE_D,8.9129e+06,1024,1,1,34,173.223,23.722,0.002,0.907,18.158,0.567
Tesla K20Xm,SquareArray,ONE_D,8.9129e+06,1,1,1,34,171.429,24.124,0.002,34.207,18.181,0.328
Tesla K20Xm,SquareArray,ONE_D,8.9129e+06,2,1,1,34,170.978,24.161,0.002,17.105,18.129,0.326
Tesla K20Xm,SquareArray,ONE_D,8.9129e+06,4,1,1,34,171.13,24.133,0.002,8.524,18.109,0.32
Tesla K20Xm,SquareArray,ONE_D,8.9129e+06,8,1,1,34,171.048,24.071,0.002,4.622,18.13,0.333
Tesla K20Xm,SquareArray,ONE_D,8.9129e+06,16,1,1,34,171.133,24.278,0.002,2.579,18.255,0.32
Tesla K20Xm,SquareArray,ONE_D,8.9129e+06,32,1,1,34,171.492,24.11,0.002,1.537,18.173,0.326
Tesla K20Xm,SquareArray,ONE_D,8.9129e+06,64,1,1,34,172.074,24.081,0.002,0.855,18.144,0.322
Tesla K20Xm,SquareArray,ONE_D,8.9129e+06,128,1,1,34,170.881,24.071,0.002,0.902,18.12,0.315
Tesla K20Xm,SquareArray,ONE_D,8.9129e+06,256,1,1,34,171.135,24.089,0.002,0.898,18.168,0.328
Tesla K20Xm,SquareArray,ONE_D,8.9129e+06,512,1,1,34,170.899,24.142,0.001,0.892,18.139,0.32
Tesla K20Xm,SquareArray,ONE_D,8.9129e+06,1024,1,1,34,170.895,24.056,0.002,0.925,18.142,0.343
Tesla K20Xm,SquareArray,ONE_D,8.9129e+06,1,1,1,34,172.454,11.699,0.003,33.982,16.839,0.57
Tesla K20Xm,SquareArray,ONE_D,8.9129e+06,2,1,1,34,172.716,11.688,0.002,17.122,16.827,0.563
Tesla K20Xm,SquareArray,ONE_D,8.9129e+06,4,1,1,34,172.604,11.659,0.002,8.749,16.856,0.557
Tesla K20Xm,SquareArray,ONE_D,8.9129e+06,8,1,1,34,172.819,11.668,0.002,4.63,16.874,0.565
Tesla K20Xm,SquareArray,ONE_D,8.9129e+06,16,1,1,34,172.518,11.67,0.002,2.344,16.823,0.566
Tesla K20Xm,SquareArray,ONE_D,8.9129e+06,32,1,1,34,172.883,11.69,0.003,1.563,16.816,0.561
Tesla K20Xm,SquareArray,ONE_D,8.9129e+06,64,1,1,34,172.863,11.678,0.003,1.08,16.833,0.557
Tesla K20Xm,SquareArray,ONE_D,8.9129e+06,128,1,1,34,172.559,11.787,0.003,0.881,17.063,0.556
Tesla K20Xm,SquareArray,ONE_D,8.9129e+06,256,1,1,34,173.531,11.717,0.002,0.889,16.817,0.567
Tesla K20Xm,SquareArray,ONE_D,8.9129e+06,512,1,1,34,172.548,11.684,0.002,0.884,16.823,0.555
Tesla K20Xm,SquareArray,ONE_D,8.9129e+06,1024,1,1,34,172.479,11.646,0.003,0.917,16.837,0.58
Tesla K20Xm,SquareArray,ONE_D,8.9129e+06,1,1,1,34,173.406,11.687,0.002,33.966,16.841,0.595
Tesla K20Xm,SquareArray,ONE_D,8.9129e+06,2,1,1,34,172.821,11.661,0.002,17.14,16.82,0.59
Tesla K20Xm,SquareArray,ONE_D,8.9129e+06,4,1,1,34,172.684,11.669,0.003,8.728,16.867,0.594
Tesla K20Xm,SquareArray,ONE_D,8.9129e+06,8,1,1,34,172.653,11.671,0.003,4.632,16.818,0.588
Tesla K20Xm,SquareArray,ONE_D,8.9129e+06,16,1,1,34,172.503,11.651,0.003,2.558,16.957,0.601
Tesla K20Xm,SquareArray,ONE_D,8.9129e+06,32,1,1,34,172.667,11.634,0.002,1.34,16.826,0.593
Tesla K20Xm,SquareArray,ONE_D,8.9129e+06,64,1,1,34,172.482,11.648,0.002,1.066,16.844,0.592
Tesla K20Xm,SquareArray,ONE_D,8.9129e+06,128,1,1,34,173.033,11.676,0.003,0.883,16.825,0.588
Tesla K20Xm,SquareArray,ONE_D,8.9129e+06,256,1,1,34,173.085,11.654,0.002,0.886,16.826,0.589
Tesla K20Xm,SquareArray,ONE_D,8.9129e+06,512,1,1,34,173.311,11.885,0.003,0.909,17.082,0.594
Tesla K20Xm,SquareArray,ONE_D,8.9129e+06,1024,1,1,34,172.646,11.652,0.002,0.924,16.827,0.595
