device/C,kernel/C,workDimension/C,width/F,height/F,xLocal/I,yLocal/I,zLocal/I,MB/F,init/F,memoryCopyOut/F,plan/F,execute/F,memoryCopyIn/F,cleanUp/F
Intel Xeon Phi coprocessor x100 family,LUDecomposition,TWO_D,1776,1776,1,1,1,24,64.82,18.547,0.009,3135.68,21.873,3.565
Intel Xeon Phi coprocessor x100 family,LUDecomposition,TWO_D,1776,1776,1,2,1,24,85.549,21.717,0.009,2296.93,21.753,4.162
Intel Xeon Phi coprocessor x100 family,LUDecomposition,TWO_D,1776,1776,1,4,1,24,85.57,22.06,0.008,1793.32,19.299,4.683
Intel Xeon Phi coprocessor x100 family,LUDecomposition,TWO_D,1776,1776,1,8,1,24,92.587,21.922,0.009,1522.44,22.686,4.619
Intel Xeon Phi coprocessor x100 family,LUDecomposition,TWO_D,1776,1776,1,16,1,24,85.609,21.915,0.009,1371.39,20.297,3.959
Intel Xeon Phi coprocessor x100 family,LUDecomposition,TWO_D,1776,1776,1,32,1,24,88.77,21.96,0.009,1279.21,18.857,3.588
Intel Xeon Phi coprocessor x100 family,LUDecomposition,TWO_D,1776,1776,1,64,1,24,88.534,21.457,0.013,1229.49,18.044,3.64
Intel Xeon Phi coprocessor x100 family,LUDecomposition,TWO_D,1776,1776,1,128,1,24,88.519,21.578,0.013,1166.14,22.462,4.09
Intel Xeon Phi coprocessor x100 family,LUDecomposition,TWO_D,1776,1776,1,256,1,24,85.806,21.724,0.008,1089.67,21.032,3.223
Intel Xeon Phi coprocessor x100 family,LUDecomposition,TWO_D,1776,1776,1,512,1,24,85.564,21.287,0.011,943.653,23.554,4.534
Intel Xeon Phi coprocessor x100 family,LUDecomposition,TWO_D,1776,1776,1,1024,1,24,89.703,21.467,0.008,1010.09,19.498,3.766
Intel Xeon Phi coprocessor x100 family,LUDecomposition,TWO_D,1776,1776,1,2048,1,24,89.319,21.093,0.013,1175.68,23.515,4.056
Intel Xeon Phi coprocessor x100 family,LUDecomposition,TWO_D,1776,1776,1,4096,1,24,91.388,20.788,0.015,1503.79,23.479,4.354
Intel Xeon Phi coprocessor x100 family,LUDecomposition,TWO_D,1776,1776,1,8192,1,24,90.991,20.521,0.013,-1,-1,-1
Intel Xeon Phi coprocessor x100 family,LUDecomposition,TWO_D,1776,1776,2,1,1,24,90.476,19.277,0.009,2256.22,22.722,3.744
Intel Xeon Phi coprocessor x100 family,LUDecomposition,TWO_D,1776,1776,2,2,1,24,86.042,21.894,0.009,1775.07,22.852,4.041
Intel Xeon Phi coprocessor x100 family,LUDecomposition,TWO_D,1776,1776,2,4,1,24,86.029,21.899,0.009,1525.94,18.941,3.955
Intel Xeon Phi coprocessor x100 family,LUDecomposition,TWO_D,1776,1776,2,8,1,24,87.771,21.787,0.01,1369.42,18.104,4.447
Intel Xeon Phi coprocessor x100 family,LUDecomposition,TWO_D,1776,1776,2,16,1,24,91.759,21.499,0.009,1278.08,20.414,3.929
Intel Xeon Phi coprocessor x100 family,LUDecomposition,TWO_D,1776,1776,2,32,1,24,89.118,21.753,0.009,1228.35,22.876,4.574
Intel Xeon Phi coprocessor x100 family,LUDecomposition,TWO_D,1776,1776,2,64,1,24,87.56,21.734,0.009,1162.47,19.381,4.504
Intel Xeon Phi coprocessor x100 family,LUDecomposition,TWO_D,1776,1776,2,128,1,24,87.905,21.389,0.009,1086.77,23.102,3.74
Intel Xeon Phi coprocessor x100 family,LUDecomposition,TWO_D,1776,1776,2,256,1,24,86.609,21.393,0.009,926.802,22.566,3.905
Intel Xeon Phi coprocessor x100 family,LUDecomposition,TWO_D,1776,1776,2,512,1,24,85.783,21.213,0.009,1005.94,19.033,3.859
Intel Xeon Phi coprocessor x100 family,LUDecomposition,TWO_D,1776,1776,2,1024,1,24,87.788,20.732,0.009,1181.99,21.346,3.334
Intel Xeon Phi coprocessor x100 family,LUDecomposition,TWO_D,1776,1776,2,2048,1,24,85.52,20.177,0.01,1504.51,19.52,3.35
Intel Xeon Phi coprocessor x100 family,LUDecomposition,TWO_D,1776,1776,2,4096,1,24,89.485,20.846,0.011,-1,-1,-1
Intel Xeon Phi coprocessor x100 family,LUDecomposition,TWO_D,1776,1776,4,1,1,24,87.873,19.364,0.009,1776.83,21.458,3.168
Intel Xeon Phi coprocessor x100 family,LUDecomposition,TWO_D,1776,1776,4,2,1,24,85.578,21.837,0.008,1557.66,21.39,4.314
Intel Xeon Phi coprocessor x100 family,LUDecomposition,TWO_D,1776,1776,4,4,1,24,89.548,21.958,0.013,1363.18,21.347,4.486
Intel Xeon Phi coprocessor x100 family,LUDecomposition,TWO_D,1776,1776,4,8,1,24,89.603,21.914,0.01,1302.35,21.486,4.522
Intel Xeon Phi coprocessor x100 family,LUDecomposition,TWO_D,1776,1776,4,16,1,24,89.423,21.844,0.01,1236.11,20.119,3.828
Intel Xeon Phi coprocessor x100 family,LUDecomposition,TWO_D,1776,1776,4,32,1,24,88.886,21.701,0.026,1156.98,23.184,3.002
Intel Xeon Phi coprocessor x100 family,LUDecomposition,TWO_D,1776,1776,4,64,1,24,89.285,21.562,0.013,1083.42,19.365,3.529
Intel Xeon Phi coprocessor x100 family,LUDecomposition,TWO_D,1776,1776,4,128,1,24,89.271,21.682,0.008,930.766,21.402,4.054
Intel Xeon Phi coprocessor x100 family,LUDecomposition,TWO_D,1776,1776,4,256,1,24,89.708,21.14,0.009,1005.61,20.708,3.24
Intel Xeon Phi coprocessor x100 family,LUDecomposition,TWO_D,1776,1776,4,512,1,24,85.578,21.423,0.008,1188.56,20.762,3.991
Intel Xeon Phi coprocessor x100 family,LUDecomposition,TWO_D,1776,1776,4,1024,1,24,89.257,20.542,0.009,1498.52,19.622,3.51
Intel Xeon Phi coprocessor x100 family,LUDecomposition,TWO_D,1776,1776,4,2048,1,24,89.387,20.204,0.014,-1,-1,-1
Intel Xeon Phi coprocessor x100 family,LUDecomposition,TWO_D,1776,1776,8,1,1,24,87.175,19.644,0.009,1520.45,23.677,4.034
Intel Xeon Phi coprocessor x100 family,LUDecomposition,TWO_D,1776,1776,8,2,1,24,86.76,21.904,0.008,1363.34,19.823,4.114
Intel Xeon Phi coprocessor x100 family,LUDecomposition,TWO_D,1776,1776,8,4,1,24,88.453,21.837,0.008,1277.65,17.586,3.502
Intel Xeon Phi coprocessor x100 family,LUDecomposition,TWO_D,1776,1776,8,8,1,24,90.29,21.728,0.011,1236.87,19.258,3.464
Intel Xeon Phi coprocessor x100 family,LUDecomposition,TWO_D,1776,1776,8,16,1,24,89.307,21.486,0.013,1163.4,20.408,4.099
Intel Xeon Phi coprocessor x100 family,LUDecomposition,TWO_D,1776,1776,8,32,1,24,88.812,21.878,0.01,1082.1,21.322,4.481
Intel Xeon Phi coprocessor x100 family,LUDecomposition,TWO_D,1776,1776,8,64,1,24,89.438,21.184,0.01,929.647,22.716,4.317
Intel Xeon Phi coprocessor x100 family,LUDecomposition,TWO_D,1776,1776,8,128,1,24,85.868,21.424,0.009,999.446,21.468,3.932
Intel Xeon Phi coprocessor x100 family,LUDecomposition,TWO_D,1776,1776,8,256,1,24,89.703,21.296,0.008,1188.33,23.239,4.118
Intel Xeon Phi coprocessor x100 family,LUDecomposition,TWO_D,1776,1776,8,512,1,24,86.41,20.846,0.009,1497.72,18.693,4.095
Intel Xeon Phi coprocessor x100 family,LUDecomposition,TWO_D,1776,1776,8,1024,1,24,87.463,20.913,0.01,-1,-1,-1
Intel Xeon Phi coprocessor x100 family,LUDecomposition,TWO_D,1776,1776,16,1,1,24,87.349,19.589,0.009,1360.37,23.454,4.985
Intel Xeon Phi coprocessor x100 family,LUDecomposition,TWO_D,1776,1776,16,2,1,24,91.296,22.007,0.009,1287.26,20.323,4.613
Intel Xeon Phi coprocessor x100 family,LUDecomposition,TWO_D,1776,1776,16,4,1,24,88.57,21.768,0.013,1245.83,19.96,4.031
Intel Xeon Phi coprocessor x100 family,LUDecomposition,TWO_D,1776,1776,16,8,1,24,88.418,22.048,0.009,1171.09,21.61,4.879
Intel Xeon Phi coprocessor x100 family,LUDecomposition,TWO_D,1776,1776,16,16,1,24,89.66,21.857,0.008,1092,21.66,4.217
Intel Xeon Phi coprocessor x100 family,LUDecomposition,TWO_D,1776,1776,16,32,1,24,89.508,21.459,0.008,934.839,21.019,4.047
Intel Xeon Phi coprocessor x100 family,LUDecomposition,TWO_D,1776,1776,16,64,1,24,89.404,21.238,0.009,1017.58,19.793,3.523
Intel Xeon Phi coprocessor x100 family,LUDecomposition,TWO_D,1776,1776,16,128,1,24,89.356,21.123,0.013,1182.33,21.194,4.048
Intel Xeon Phi coprocessor x100 family,LUDecomposition,TWO_D,1776,1776,16,256,1,24,89.408,20.396,0.008,1505.45,20.9,4.161
Intel Xeon Phi coprocessor x100 family,LUDecomposition,TWO_D,1776,1776,16,512,1,24,89.244,20.24,0.01,-1,-1,-1
Intel Xeon Phi coprocessor x100 family,LUDecomposition,TWO_D,1776,1776,32,1,1,24,88.298,19.383,0.009,1279.59,20.47,4.006
Intel Xeon Phi coprocessor x100 family,LUDecomposition,TWO_D,1776,1776,32,2,1,24,89.005,21.787,0.009,1242.25,21.6,3.481
Intel Xeon Phi coprocessor x100 family,LUDecomposition,TWO_D,1776,1776,32,4,1,24,85.643,21.723,0.008,1172.56,23.512,3.348
Intel Xeon Phi coprocessor x100 family,LUDecomposition,TWO_D,1776,1776,32,8,1,24,88.83,21.23,0.008,1082.49,19.829,3.625
Intel Xeon Phi coprocessor x100 family,LUDecomposition,TWO_D,1776,1776,32,16,1,24,90.048,21.492,0.008,929.725,21.862,3.705
Intel Xeon Phi coprocessor x100 family,LUDecomposition,TWO_D,1776,1776,32,32,1,24,85.541,21.506,0.009,1004.81,19.115,3.435
Intel Xeon Phi coprocessor x100 family,LUDecomposition,TWO_D,1776,1776,32,64,1,24,89.285,21.415,0.013,1177.27,18.933,3.453
Intel Xeon Phi coprocessor x100 family,LUDecomposition,TWO_D,1776,1776,32,128,1,24,88.601,20.308,0.012,1505.8,19.803,4.093
Intel Xeon Phi coprocessor x100 family,LUDecomposition,TWO_D,1776,1776,32,256,1,24,88.857,20.04,0.009,-1,-1,-1
Intel Xeon Phi coprocessor x100 family,LUDecomposition,TWO_D,1776,1776,64,1,1,24,88.037,19.526,0.009,1226.62,21.503,3.464
Intel Xeon Phi coprocessor x100 family,LUDecomposition,TWO_D,1776,1776,64,2,1,24,85.555,21.449,0.008,1163.18,19.407,3.176
Intel Xeon Phi coprocessor x100 family,LUDecomposition,TWO_D,1776,1776,64,4,1,24,89.5,21.599,0.013,1088.7,22.436,4.398
Intel Xeon Phi coprocessor x100 family,LUDecomposition,TWO_D,1776,1776,64,8,1,24,90.494,21.538,0.008,930.236,18.915,3.75
Intel Xeon Phi coprocessor x100 family,LUDecomposition,TWO_D,1776,1776,64,16,1,24,88.228,21.55,0.026,1009.73,21.846,4.842
Intel Xeon Phi coprocessor x100 family,LUDecomposition,TWO_D,1776,1776,64,32,1,24,89.587,20.939,0.009,1180.23,22.767,3.819
Intel Xeon Phi coprocessor x100 family,LUDecomposition,TWO_D,1776,1776,64,64,1,24,90.908,21.243,0.008,1504.22,21.821,3.447
Intel Xeon Phi coprocessor x100 family,LUDecomposition,TWO_D,1776,1776,64,128,1,24,85.494,20.453,0.009,-1,-1,-1
Intel Xeon Phi coprocessor x100 family,LUDecomposition,TWO_D,1776,1776,128,1,1,24,84.835,19.22,0.007,1143.04,19.883,4.151
Intel Xeon Phi coprocessor x100 family,LUDecomposition,TWO_D,1776,1776,128,2,1,24,88.362,21.772,0.008,1079.1,18.787,3.891
Intel Xeon Phi coprocessor x100 family,LUDecomposition,TWO_D,1776,1776,128,4,1,24,87.566,21.798,0.009,924.568,20.119,4.08
Intel Xeon Phi coprocessor x100 family,LUDecomposition,TWO_D,1776,1776,128,8,1,24,88.52,21.877,0.008,1017.57,23.007,4.7
Intel Xeon Phi coprocessor x100 family,LUDecomposition,TWO_D,1776,1776,128,16,1,24,86.149,21.492,0.008,1175.36,18.887,4.616
Intel Xeon Phi coprocessor x100 family,LUDecomposition,TWO_D,1776,1776,128,32,1,24,92.098,20.551,0.009,1495.09,18.393,3.376
Intel Xeon Phi coprocessor x100 family,LUDecomposition,TWO_D,1776,1776,128,64,1,24,88.387,20.576,0.014,-1,-1,-1
Intel Xeon Phi coprocessor x100 family,LUDecomposition,TWO_D,1776,1776,256,1,1,24,85.458,19.847,0.007,1081.29,22.375,3.923
Intel Xeon Phi coprocessor x100 family,LUDecomposition,TWO_D,1776,1776,256,2,1,24,85.767,21.73,0.009,931.84,20.288,3.532
Intel Xeon Phi coprocessor x100 family,LUDecomposition,TWO_D,1776,1776,256,4,1,24,87.678,21.521,0.008,1005.8,20.779,2.93
Intel Xeon Phi coprocessor x100 family,LUDecomposition,TWO_D,1776,1776,256,8,1,24,85.595,21.523,0.009,1165.38,18.24,3.959
Intel Xeon Phi coprocessor x100 family,LUDecomposition,TWO_D,1776,1776,256,16,1,24,87.264,21.458,0.007,1498.95,18.307,3.992
Intel Xeon Phi coprocessor x100 family,LUDecomposition,TWO_D,1776,1776,256,32,1,24,87.347,20.437,0.008,-1,-1,-1
Intel Xeon Phi coprocessor x100 family,LUDecomposition,TWO_D,1776,1776,512,1,1,24,87.81,19.341,0.009,924.165,18.689,3.467
Intel Xeon Phi coprocessor x100 family,LUDecomposition,TWO_D,1776,1776,512,2,1,24,88.5,21.68,0.012,1007.96,18.422,3.41
Intel Xeon Phi coprocessor x100 family,LUDecomposition,TWO_D,1776,1776,512,4,1,24,88.331,21.565,0.007,1181.13,23.672,4.823
Intel Xeon Phi coprocessor x100 family,LUDecomposition,TWO_D,1776,1776,512,8,1,24,92.823,21.472,0.008,1504.67,22.007,4.003
Intel Xeon Phi coprocessor x100 family,LUDecomposition,TWO_D,1776,1776,512,16,1,24,90.159,20.971,0.008,-1,-1,-1
Intel Xeon Phi coprocessor x100 family,LUDecomposition,TWO_D,1776,1776,1024,1,1,24,88.448,19.674,0.007,1023.05,22.948,4.336
Intel Xeon Phi coprocessor x100 family,LUDecomposition,TWO_D,1776,1776,1024,2,1,24,86.134,21.699,0.009,1181.12,20.575,4.064
Intel Xeon Phi coprocessor x100 family,LUDecomposition,TWO_D,1776,1776,1024,4,1,24,89.038,21.978,0.011,1509.87,18.578,4.039
Intel Xeon Phi coprocessor x100 family,LUDecomposition,TWO_D,1776,1776,1024,8,1,24,87.292,20.805,0.008,-1,-1,-1
Intel Xeon Phi coprocessor x100 family,LUDecomposition,TWO_D,1776,1776,2048,1,1,24,87.957,19.392,0.009,1183.71,18.653,4.754
Intel Xeon Phi coprocessor x100 family,LUDecomposition,TWO_D,1776,1776,2048,2,1,24,91.893,21.775,0.008,1507.4,20.773,4.118
Intel Xeon Phi coprocessor x100 family,LUDecomposition,TWO_D,1776,1776,2048,4,1,24,89.435,21.201,0.008,-1,-1,-1
Intel Xeon Phi coprocessor x100 family,LUDecomposition,TWO_D,1776,1776,4096,1,1,24,88.217,19.107,0.008,1501.91,23.343,3.998
Intel Xeon Phi coprocessor x100 family,LUDecomposition,TWO_D,1776,1776,4096,2,1,24,87.296,22.199,0.01,-1,-1,-1
Intel Xeon Phi coprocessor x100 family,LUDecomposition,TWO_D,1776,1776,8192,1,1,24,88.501,18.986,0.008,-1,-1,-1
