device/C,kernel/C,workDimension/C,width/F,height/F,xLocal/I,yLocal/I,zLocal/I,MB/F,init/F,memoryCopyOut/F,plan/F,execute/F,memoryCopyIn/F,cleanUp/F
Intel Xeon Phi coprocessor x100 family,MatrixTranspose,TWO_D,1619,1619,1,1,1,9,57.304,3.064,0.007,17.747,15.68,1.291
Intel Xeon Phi coprocessor x100 family,MatrixTranspose,TWO_D,1619,1619,1,2,1,9,49.926,3.306,0.005,-1,-1,-1
Intel Xeon Phi coprocessor x100 family,MatrixTranspose,TWO_D,1619,1619,1,4,1,9,51.141,2.852,0.006,-1,-1,-1
Intel Xeon Phi coprocessor x100 family,MatrixTranspose,TWO_D,1619,1619,1,8,1,9,50.719,2.681,0.007,-1,-1,-1
Intel Xeon Phi coprocessor x100 family,MatrixTranspose,TWO_D,1619,1619,1,16,1,9,50.577,2.791,0.004,-1,-1,-1
Intel Xeon Phi coprocessor x100 family,MatrixTranspose,TWO_D,1619,1619,1,32,1,9,50.674,2.902,0.005,-1,-1,-1
Intel Xeon Phi coprocessor x100 family,MatrixTranspose,TWO_D,1619,1619,1,64,1,9,50.516,2.942,0.004,-1,-1,-1
Intel Xeon Phi coprocessor x100 family,MatrixTranspose,TWO_D,1619,1619,1,128,1,9,50.622,2.745,0.004,-1,-1,-1
Intel Xeon Phi coprocessor x100 family,MatrixTranspose,TWO_D,1619,1619,1,256,1,9,50.685,2.883,0.004,-1,-1,-1
Intel Xeon Phi coprocessor x100 family,MatrixTranspose,TWO_D,1619,1619,1,512,1,9,50.532,2.904,0.004,-1,-1,-1
Intel Xeon Phi coprocessor x100 family,MatrixTranspose,TWO_D,1619,1619,1,1024,1,9,50.681,2.67,0.005,-1,-1,-1
Intel Xeon Phi coprocessor x100 family,MatrixTranspose,TWO_D,1619,1619,1,2048,1,9,50.612,3.086,0.005,-1,-1,-1
Intel Xeon Phi coprocessor x100 family,MatrixTranspose,TWO_D,1619,1619,1,4096,1,9,50.6,2.686,0.004,-1,-1,-1
Intel Xeon Phi coprocessor x100 family,MatrixTranspose,TWO_D,1619,1619,1,8192,1,9,50.67,3.132,0.004,-1,-1,-1
Intel Xeon Phi coprocessor x100 family,MatrixTranspose,TWO_D,1619,1619,2,1,1,9,50.655,2.796,0.004,-1,-1,-1
Intel Xeon Phi coprocessor x100 family,MatrixTranspose,TWO_D,1619,1619,2,2,1,9,50.767,3.059,0.005,-1,-1,-1
Intel Xeon Phi coprocessor x100 family,MatrixTranspose,TWO_D,1619,1619,2,4,1,9,50.707,2.75,0.004,-1,-1,-1
Intel Xeon Phi coprocessor x100 family,MatrixTranspose,TWO_D,1619,1619,2,8,1,9,50.698,3.015,0.005,-1,-1,-1
Intel Xeon Phi coprocessor x100 family,MatrixTranspose,TWO_D,1619,1619,2,16,1,9,52.335,2.736,0.004,-1,-1,-1
Intel Xeon Phi coprocessor x100 family,MatrixTranspose,TWO_D,1619,1619,2,32,1,9,50.781,3.024,0.004,-1,-1,-1
Intel Xeon Phi coprocessor x100 family,MatrixTranspose,TWO_D,1619,1619,2,64,1,9,50.798,2.755,0.004,-1,-1,-1
Intel Xeon Phi coprocessor x100 family,MatrixTranspose,TWO_D,1619,1619,2,128,1,9,50.635,3.052,0.005,-1,-1,-1
Intel Xeon Phi coprocessor x100 family,MatrixTranspose,TWO_D,1619,1619,2,256,1,9,50.655,2.837,0.005,-1,-1,-1
Intel Xeon Phi coprocessor x100 family,MatrixTranspose,TWO_D,1619,1619,2,512,1,9,50.777,2.812,0.003,-1,-1,-1
Intel Xeon Phi coprocessor x100 family,MatrixTranspose,TWO_D,1619,1619,2,1024,1,9,50.67,3.007,0.005,-1,-1,-1
Intel Xeon Phi coprocessor x100 family,MatrixTranspose,TWO_D,1619,1619,2,2048,1,9,50.802,2.912,0.004,-1,-1,-1
Intel Xeon Phi coprocessor x100 family,MatrixTranspose,TWO_D,1619,1619,2,4096,1,9,50.606,2.813,0.004,-1,-1,-1
Intel Xeon Phi coprocessor x100 family,MatrixTranspose,TWO_D,1619,1619,4,1,1,9,50.775,3.031,0.02,-1,-1,-1
Intel Xeon Phi coprocessor x100 family,MatrixTranspose,TWO_D,1619,1619,4,2,1,9,50.629,2.745,0.005,-1,-1,-1
Intel Xeon Phi coprocessor x100 family,MatrixTranspose,TWO_D,1619,1619,4,4,1,9,50.676,2.716,0.005,-1,-1,-1
Intel Xeon Phi coprocessor x100 family,MatrixTranspose,TWO_D,1619,1619,4,8,1,9,50.682,2.676,0.019,-1,-1,-1
Intel Xeon Phi coprocessor x100 family,MatrixTranspose,TWO_D,1619,1619,4,16,1,9,50.733,2.752,0.005,-1,-1,-1
Intel Xeon Phi coprocessor x100 family,MatrixTranspose,TWO_D,1619,1619,4,32,1,9,50.666,2.697,0.005,-1,-1,-1
Intel Xeon Phi coprocessor x100 family,MatrixTranspose,TWO_D,1619,1619,4,64,1,9,50.578,2.865,0.004,-1,-1,-1
Intel Xeon Phi coprocessor x100 family,MatrixTranspose,TWO_D,1619,1619,4,128,1,9,50.635,2.656,0.005,-1,-1,-1
Intel Xeon Phi coprocessor x100 family,MatrixTranspose,TWO_D,1619,1619,4,256,1,9,51.285,2.781,0.004,-1,-1,-1
Intel Xeon Phi coprocessor x100 family,MatrixTranspose,TWO_D,1619,1619,4,512,1,9,51.088,2.725,0.005,-1,-1,-1
Intel Xeon Phi coprocessor x100 family,MatrixTranspose,TWO_D,1619,1619,4,1024,1,9,50.758,2.747,0.005,-1,-1,-1
Intel Xeon Phi coprocessor x100 family,MatrixTranspose,TWO_D,1619,1619,4,2048,1,9,50.791,3.395,0.004,-1,-1,-1
Intel Xeon Phi coprocessor x100 family,MatrixTranspose,TWO_D,1619,1619,8,1,1,9,50.732,3.01,0.005,-1,-1,-1
Intel Xeon Phi coprocessor x100 family,MatrixTranspose,TWO_D,1619,1619,8,2,1,9,50.795,2.749,0.004,-1,-1,-1
Intel Xeon Phi coprocessor x100 family,MatrixTranspose,TWO_D,1619,1619,8,4,1,9,50.66,3.043,0.004,-1,-1,-1
Intel Xeon Phi coprocessor x100 family,MatrixTranspose,TWO_D,1619,1619,8,8,1,9,50.639,3.48,0.005,-1,-1,-1
Intel Xeon Phi coprocessor x100 family,MatrixTranspose,TWO_D,1619,1619,8,16,1,9,50.615,2.947,0.004,-1,-1,-1
Intel Xeon Phi coprocessor x100 family,MatrixTranspose,TWO_D,1619,1619,8,32,1,9,50.701,2.973,0.004,-1,-1,-1
Intel Xeon Phi coprocessor x100 family,MatrixTranspose,TWO_D,1619,1619,8,64,1,9,50.647,2.904,0.005,-1,-1,-1
Intel Xeon Phi coprocessor x100 family,MatrixTranspose,TWO_D,1619,1619,8,128,1,9,50.78,2.758,0.004,-1,-1,-1
Intel Xeon Phi coprocessor x100 family,MatrixTranspose,TWO_D,1619,1619,8,256,1,9,50.757,3.387,0.003,-1,-1,-1
Intel Xeon Phi coprocessor x100 family,MatrixTranspose,TWO_D,1619,1619,8,512,1,9,50.655,2.747,0.018,-1,-1,-1
Intel Xeon Phi coprocessor x100 family,MatrixTranspose,TWO_D,1619,1619,8,1024,1,9,50.623,3.003,0.003,-1,-1,-1
Intel Xeon Phi coprocessor x100 family,MatrixTranspose,TWO_D,1619,1619,16,1,1,9,50.779,2.814,0.004,-1,-1,-1
Intel Xeon Phi coprocessor x100 family,MatrixTranspose,TWO_D,1619,1619,16,2,1,9,50.731,2.712,0.005,-1,-1,-1
Intel Xeon Phi coprocessor x100 family,MatrixTranspose,TWO_D,1619,1619,16,4,1,9,50.7,2.765,0.005,-1,-1,-1
Intel Xeon Phi coprocessor x100 family,MatrixTranspose,TWO_D,1619,1619,16,8,1,9,50.751,2.715,0.005,-1,-1,-1
Intel Xeon Phi coprocessor x100 family,MatrixTranspose,TWO_D,1619,1619,16,16,1,9,50.692,2.712,0.004,-1,-1,-1
Intel Xeon Phi coprocessor x100 family,MatrixTranspose,TWO_D,1619,1619,16,32,1,9,50.673,2.869,0.004,-1,-1,-1
Intel Xeon Phi coprocessor x100 family,MatrixTranspose,TWO_D,1619,1619,16,64,1,9,50.773,2.715,0.005,-1,-1,-1
Intel Xeon Phi coprocessor x100 family,MatrixTranspose,TWO_D,1619,1619,16,128,1,9,50.726,2.736,0.02,-1,-1,-1
Intel Xeon Phi coprocessor x100 family,MatrixTranspose,TWO_D,1619,1619,16,256,1,9,50.756,2.728,0.004,-1,-1,-1
Intel Xeon Phi coprocessor x100 family,MatrixTranspose,TWO_D,1619,1619,16,512,1,9,50.705,2.742,0.005,-1,-1,-1
Intel Xeon Phi coprocessor x100 family,MatrixTranspose,TWO_D,1619,1619,32,1,1,9,50.682,2.719,0.004,-1,-1,-1
Intel Xeon Phi coprocessor x100 family,MatrixTranspose,TWO_D,1619,1619,32,2,1,9,50.741,3.029,0.004,-1,-1,-1
Intel Xeon Phi coprocessor x100 family,MatrixTranspose,TWO_D,1619,1619,32,4,1,9,50.801,2.723,0.004,-1,-1,-1
Intel Xeon Phi coprocessor x100 family,MatrixTranspose,TWO_D,1619,1619,32,8,1,9,50.753,3.005,0.004,-1,-1,-1
Intel Xeon Phi coprocessor x100 family,MatrixTranspose,TWO_D,1619,1619,32,16,1,9,50.634,2.88,0.003,-1,-1,-1
Intel Xeon Phi coprocessor x100 family,MatrixTranspose,TWO_D,1619,1619,32,32,1,9,50.688,2.713,0.005,-1,-1,-1
Intel Xeon Phi coprocessor x100 family,MatrixTranspose,TWO_D,1619,1619,32,64,1,9,50.827,3.024,0.004,-1,-1,-1
Intel Xeon Phi coprocessor x100 family,MatrixTranspose,TWO_D,1619,1619,32,128,1,9,50.668,2.868,0.005,-1,-1,-1
Intel Xeon Phi coprocessor x100 family,MatrixTranspose,TWO_D,1619,1619,32,256,1,9,50.658,2.92,0.005,-1,-1,-1
Intel Xeon Phi coprocessor x100 family,MatrixTranspose,TWO_D,1619,1619,64,1,1,9,51.203,2.938,0.004,-1,-1,-1
Intel Xeon Phi coprocessor x100 family,MatrixTranspose,TWO_D,1619,1619,64,2,1,9,51.329,2.775,0.004,-1,-1,-1
Intel Xeon Phi coprocessor x100 family,MatrixTranspose,TWO_D,1619,1619,64,4,1,9,50.975,2.996,0.02,-1,-1,-1
Intel Xeon Phi coprocessor x100 family,MatrixTranspose,TWO_D,1619,1619,64,8,1,9,50.784,2.992,0.003,-1,-1,-1
Intel Xeon Phi coprocessor x100 family,MatrixTranspose,TWO_D,1619,1619,64,16,1,9,50.766,2.778,0.004,-1,-1,-1
Intel Xeon Phi coprocessor x100 family,MatrixTranspose,TWO_D,1619,1619,64,32,1,9,50.617,2.719,0.003,-1,-1,-1
Intel Xeon Phi coprocessor x100 family,MatrixTranspose,TWO_D,1619,1619,64,64,1,9,50.66,2.716,0.004,-1,-1,-1
Intel Xeon Phi coprocessor x100 family,MatrixTranspose,TWO_D,1619,1619,64,128,1,9,50.778,2.723,0.004,-1,-1,-1
Intel Xeon Phi coprocessor x100 family,MatrixTranspose,TWO_D,1619,1619,128,1,1,9,50.623,2.718,0.005,-1,-1,-1
Intel Xeon Phi coprocessor x100 family,MatrixTranspose,TWO_D,1619,1619,128,2,1,9,50.637,2.721,0.004,-1,-1,-1
Intel Xeon Phi coprocessor x100 family,MatrixTranspose,TWO_D,1619,1619,128,4,1,9,50.763,2.929,0.005,-1,-1,-1
Intel Xeon Phi coprocessor x100 family,MatrixTranspose,TWO_D,1619,1619,128,8,1,9,51.148,2.938,0.004,-1,-1,-1
Intel Xeon Phi coprocessor x100 family,MatrixTranspose,TWO_D,1619,1619,128,16,1,9,50.752,3.078,0.004,-1,-1,-1
Intel Xeon Phi coprocessor x100 family,MatrixTranspose,TWO_D,1619,1619,128,32,1,9,50.71,2.978,0.003,-1,-1,-1
Intel Xeon Phi coprocessor x100 family,MatrixTranspose,TWO_D,1619,1619,128,64,1,9,50.741,3.177,0.003,-1,-1,-1
Intel Xeon Phi coprocessor x100 family,MatrixTranspose,TWO_D,1619,1619,256,1,1,9,50.692,2.731,0.003,-1,-1,-1
Intel Xeon Phi coprocessor x100 family,MatrixTranspose,TWO_D,1619,1619,256,2,1,9,50.652,3.289,0.005,-1,-1,-1
Intel Xeon Phi coprocessor x100 family,MatrixTranspose,TWO_D,1619,1619,256,4,1,9,50.743,2.72,0.004,-1,-1,-1
Intel Xeon Phi coprocessor x100 family,MatrixTranspose,TWO_D,1619,1619,256,8,1,9,50.768,3.094,0.003,-1,-1,-1
Intel Xeon Phi coprocessor x100 family,MatrixTranspose,TWO_D,1619,1619,256,16,1,9,50.696,2.733,0.003,-1,-1,-1
Intel Xeon Phi coprocessor x100 family,MatrixTranspose,TWO_D,1619,1619,256,32,1,9,50.717,3.053,0.004,-1,-1,-1
Intel Xeon Phi coprocessor x100 family,MatrixTranspose,TWO_D,1619,1619,512,1,1,9,50.751,2.958,0.003,-1,-1,-1
Intel Xeon Phi coprocessor x100 family,MatrixTranspose,TWO_D,1619,1619,512,2,1,9,50.726,2.681,0.004,-1,-1,-1
Intel Xeon Phi coprocessor x100 family,MatrixTranspose,TWO_D,1619,1619,512,4,1,9,50.767,2.676,0.005,-1,-1,-1
Intel Xeon Phi coprocessor x100 family,MatrixTranspose,TWO_D,1619,1619,512,8,1,9,50.518,2.897,0.003,-1,-1,-1
Intel Xeon Phi coprocessor x100 family,MatrixTranspose,TWO_D,1619,1619,512,16,1,9,50.669,2.748,0.003,-1,-1,-1
Intel Xeon Phi coprocessor x100 family,MatrixTranspose,TWO_D,1619,1619,1024,1,1,9,50.628,3.023,0.005,-1,-1,-1
Intel Xeon Phi coprocessor x100 family,MatrixTranspose,TWO_D,1619,1619,1024,2,1,9,50.649,3.103,0.003,-1,-1,-1
Intel Xeon Phi coprocessor x100 family,MatrixTranspose,TWO_D,1619,1619,1024,4,1,9,50.64,2.811,0.004,-1,-1,-1
Intel Xeon Phi coprocessor x100 family,MatrixTranspose,TWO_D,1619,1619,1024,8,1,9,50.691,2.805,0.004,-1,-1,-1
Intel Xeon Phi coprocessor x100 family,MatrixTranspose,TWO_D,1619,1619,2048,1,1,9,50.796,3.246,0.002,-1,-1,-1
Intel Xeon Phi coprocessor x100 family,MatrixTranspose,TWO_D,1619,1619,2048,2,1,9,50.7,2.72,0.004,-1,-1,-1
Intel Xeon Phi coprocessor x100 family,MatrixTranspose,TWO_D,1619,1619,2048,4,1,9,50.665,2.876,0.004,-1,-1,-1
Intel Xeon Phi coprocessor x100 family,MatrixTranspose,TWO_D,1619,1619,4096,1,1,9,50.543,2.663,0.004,-1,-1,-1
Intel Xeon Phi coprocessor x100 family,MatrixTranspose,TWO_D,1619,1619,4096,2,1,9,51.321,2.891,0.004,-1,-1,-1
Intel Xeon Phi coprocessor x100 family,MatrixTranspose,TWO_D,1619,1619,8192,1,1,9,51.311,2.988,0.004,-1,-1,-1
