device/C,kernel/C,workDimension/C,width/F,height/F,xLocal/I,yLocal/I,zLocal/I,MB/F,init/F,memoryCopyOut/F,plan/F,execute/F,memoryCopyIn/F,cleanUp/F
Tesla K20Xm,MatrixTranspose,TWO_D,3396,3396,1,1,1,43,252.736,15.623,0.002,46.871,22.593,0.721
Tesla K20Xm,MatrixTranspose,TWO_D,3396,3396,1,2,1,43,250.347,15.582,0.002,25.492,22.566,0.764
Tesla K20Xm,MatrixTranspose,TWO_D,3396,3396,1,4,1,43,250.078,15.447,0.003,13.944,22.592,0.691
Tesla K20Xm,MatrixTranspose,TWO_D,3396,3396,1,8,1,43,250.107,15.431,0.002,-1,-1,-1
Tesla K20Xm,MatrixTranspose,TWO_D,3396,3396,1,16,1,43,250.578,15.469,0.002,-1,-1,-1
Tesla K20Xm,MatrixTranspose,TWO_D,3396,3396,1,32,1,43,250.386,15.468,0.003,-1,-1,-1
Tesla K20Xm,MatrixTranspose,TWO_D,3396,3396,1,64,1,43,250.044,15.493,0.002,-1,-1,-1
Tesla K20Xm,MatrixTranspose,TWO_D,3396,3396,1,128,1,43,251.02,15.473,0.003,-1,-1,-1
Tesla K20Xm,MatrixTranspose,TWO_D,3396,3396,1,256,1,43,250.097,15.427,0.002,-1,-1,-1
Tesla K20Xm,MatrixTranspose,TWO_D,3396,3396,1,512,1,43,250.054,15.443,0.002,-1,-1,-1
Tesla K20Xm,MatrixTranspose,TWO_D,3396,3396,1,1024,1,43,250.007,15.42,0.002,-1,-1,-1
Tesla K20Xm,MatrixTranspose,TWO_D,3396,3396,2,1,1,43,250.464,15.402,0.002,23.316,22.677,0.663
Tesla K20Xm,MatrixTranspose,TWO_D,3396,3396,2,2,1,43,249.971,15.431,0.002,13.246,22.663,0.7
Tesla K20Xm,MatrixTranspose,TWO_D,3396,3396,2,4,1,43,250.25,15.436,0.002,7.22,22.694,0.695
Tesla K20Xm,MatrixTranspose,TWO_D,3396,3396,2,8,1,43,251.266,15.453,0.002,-1,-1,-1
Tesla K20Xm,MatrixTranspose,TWO_D,3396,3396,2,16,1,43,250.066,15.405,0.003,-1,-1,-1
Tesla K20Xm,MatrixTranspose,TWO_D,3396,3396,2,32,1,43,250.146,15.433,0.002,-1,-1,-1
Tesla K20Xm,MatrixTranspose,TWO_D,3396,3396,2,64,1,43,250.329,15.419,0.002,-1,-1,-1
Tesla K20Xm,MatrixTranspose,TWO_D,3396,3396,2,128,1,43,250.226,15.441,0.002,-1,-1,-1
Tesla K20Xm,MatrixTranspose,TWO_D,3396,3396,2,256,1,43,249.906,15.461,0.002,-1,-1,-1
Tesla K20Xm,MatrixTranspose,TWO_D,3396,3396,2,512,1,43,250.114,15.488,0.002,-1,-1,-1
Tesla K20Xm,MatrixTranspose,TWO_D,3396,3396,4,1,1,43,250.984,15.439,0.002,11.825,22.671,0.754
Tesla K20Xm,MatrixTranspose,TWO_D,3396,3396,4,2,1,43,249.96,15.424,0.003,6.879,22.608,0.687
Tesla K20Xm,MatrixTranspose,TWO_D,3396,3396,4,4,1,43,249.997,15.433,0.003,3.881,22.683,0.71
Tesla K20Xm,MatrixTranspose,TWO_D,3396,3396,4,8,1,43,250.405,15.476,0.003,-1,-1,-1
Tesla K20Xm,MatrixTranspose,TWO_D,3396,3396,4,16,1,43,250.071,15.413,0.002,-1,-1,-1
Tesla K20Xm,MatrixTranspose,TWO_D,3396,3396,4,32,1,43,250.121,15.429,0.002,-1,-1,-1
Tesla K20Xm,MatrixTranspose,TWO_D,3396,3396,4,64,1,43,250.428,15.572,0.002,-1,-1,-1
Tesla K20Xm,MatrixTranspose,TWO_D,3396,3396,4,128,1,43,250.809,15.415,0.003,-1,-1,-1
Tesla K20Xm,MatrixTranspose,TWO_D,3396,3396,4,256,1,43,250.038,15.457,0.002,-1,-1,-1
Tesla K20Xm,MatrixTranspose,TWO_D,3396,3396,8,1,1,43,250.065,15.502,0.003,-1,-1,-1
Tesla K20Xm,MatrixTranspose,TWO_D,3396,3396,8,2,1,43,250.182,15.52,0.002,-1,-1,-1
Tesla K20Xm,MatrixTranspose,TWO_D,3396,3396,8,4,1,43,250.037,15.443,0.002,-1,-1,-1
Tesla K20Xm,MatrixTranspose,TWO_D,3396,3396,8,8,1,43,250.854,15.455,0.002,-1,-1,-1
Tesla K20Xm,MatrixTranspose,TWO_D,3396,3396,8,16,1,43,250.488,15.462,0.003,-1,-1,-1
Tesla K20Xm,MatrixTranspose,TWO_D,3396,3396,8,32,1,43,250.472,15.426,0.002,-1,-1,-1
Tesla K20Xm,MatrixTranspose,TWO_D,3396,3396,8,64,1,43,250.091,15.43,0.002,-1,-1,-1
Tesla K20Xm,MatrixTranspose,TWO_D,3396,3396,8,128,1,43,250.134,15.43,0.002,-1,-1,-1
Tesla K20Xm,MatrixTranspose,TWO_D,3396,3396,16,1,1,43,250.254,15.465,0.003,-1,-1,-1
Tesla K20Xm,MatrixTranspose,TWO_D,3396,3396,16,2,1,43,250.34,15.452,0.002,-1,-1,-1
Tesla K20Xm,MatrixTranspose,TWO_D,3396,3396,16,4,1,43,249.978,15.511,0.003,-1,-1,-1
Tesla K20Xm,MatrixTranspose,TWO_D,3396,3396,16,8,1,43,250.521,15.668,0.002,-1,-1,-1
Tesla K20Xm,MatrixTranspose,TWO_D,3396,3396,16,16,1,43,250.238,15.422,0.002,-1,-1,-1
Tesla K20Xm,MatrixTranspose,TWO_D,3396,3396,16,32,1,43,250.19,15.446,0.003,-1,-1,-1
Tesla K20Xm,MatrixTranspose,TWO_D,3396,3396,16,64,1,43,250.207,15.429,0.002,-1,-1,-1
Tesla K20Xm,MatrixTranspose,TWO_D,3396,3396,32,1,1,43,250.337,15.443,0.002,-1,-1,-1
Tesla K20Xm,MatrixTranspose,TWO_D,3396,3396,32,2,1,43,250.149,15.428,0.002,-1,-1,-1
Tesla K20Xm,MatrixTranspose,TWO_D,3396,3396,32,4,1,43,250.087,15.501,0.002,-1,-1,-1
Tesla K20Xm,MatrixTranspose,TWO_D,3396,3396,32,8,1,43,251.193,15.644,0.002,-1,-1,-1
Tesla K20Xm,MatrixTranspose,TWO_D,3396,3396,32,16,1,43,250.086,15.453,0.003,-1,-1,-1
Tesla K20Xm,MatrixTranspose,TWO_D,3396,3396,32,32,1,43,250.001,15.497,0.002,-1,-1,-1
Tesla K20Xm,MatrixTranspose,TWO_D,3396,3396,64,1,1,43,250.047,15.406,0.002,-1,-1,-1
Tesla K20Xm,MatrixTranspose,TWO_D,3396,3396,64,2,1,43,250.373,15.456,0.002,-1,-1,-1
Tesla K20Xm,MatrixTranspose,TWO_D,3396,3396,64,4,1,43,250.024,15.388,0.002,-1,-1,-1
Tesla K20Xm,MatrixTranspose,TWO_D,3396,3396,64,8,1,43,250.154,15.46,0.002,-1,-1,-1
Tesla K20Xm,MatrixTranspose,TWO_D,3396,3396,64,16,1,43,251.468,15.451,0.002,-1,-1,-1
Tesla K20Xm,MatrixTranspose,TWO_D,3396,3396,128,1,1,43,250.226,15.474,0.003,-1,-1,-1
Tesla K20Xm,MatrixTranspose,TWO_D,3396,3396,128,2,1,43,249.959,15.483,0.002,-1,-1,-1
Tesla K20Xm,MatrixTranspose,TWO_D,3396,3396,128,4,1,43,250.129,15.464,0.003,-1,-1,-1
Tesla K20Xm,MatrixTranspose,TWO_D,3396,3396,128,8,1,43,250.328,15.532,0.003,-1,-1,-1
Tesla K20Xm,MatrixTranspose,TWO_D,3396,3396,256,1,1,43,249.967,15.454,0.002,-1,-1,-1
Tesla K20Xm,MatrixTranspose,TWO_D,3396,3396,256,2,1,43,250.09,15.434,0.002,-1,-1,-1
Tesla K20Xm,MatrixTranspose,TWO_D,3396,3396,256,4,1,43,251.464,15.435,0.002,-1,-1,-1
Tesla K20Xm,MatrixTranspose,TWO_D,3396,3396,512,1,1,43,250.156,15.43,0.003,-1,-1,-1
Tesla K20Xm,MatrixTranspose,TWO_D,3396,3396,512,2,1,43,250.075,15.44,0.002,-1,-1,-1
Tesla K20Xm,MatrixTranspose,TWO_D,3396,3396,1024,1,1,43,250.292,15.465,0.002,-1,-1,-1
Tesla K20Xm,MatrixTranspose,TWO_D,3396,3396,1,1,1,43,252.518,15.56,0.002,46.746,22.602,0.681
Tesla K20Xm,MatrixTranspose,TWO_D,3396,3396,1,2,1,43,250.651,15.463,0.002,25.722,22.584,0.702
Tesla K20Xm,MatrixTranspose,TWO_D,3396,3396,1,4,1,43,250.852,15.499,0.003,13.719,23.161,0.725
Tesla K20Xm,MatrixTranspose,TWO_D,3396,3396,1,8,1,43,251.974,15.501,0.002,-1,-1,-1
Tesla K20Xm,MatrixTranspose,TWO_D,3396,3396,1,16,1,43,250.79,15.461,0.002,-1,-1,-1
Tesla K20Xm,MatrixTranspose,TWO_D,3396,3396,1,32,1,43,250.826,15.481,0.002,-1,-1,-1
Tesla K20Xm,MatrixTranspose,TWO_D,3396,3396,1,64,1,43,250.908,15.476,0.002,-1,-1,-1
Tesla K20Xm,MatrixTranspose,TWO_D,3396,3396,1,128,1,43,250.818,15.449,0.003,-1,-1,-1
Tesla K20Xm,MatrixTranspose,TWO_D,3396,3396,1,256,1,43,250.632,15.624,0.002,-1,-1,-1
Tesla K20Xm,MatrixTranspose,TWO_D,3396,3396,1,512,1,43,250.988,15.678,0.002,-1,-1,-1
Tesla K20Xm,MatrixTranspose,TWO_D,3396,3396,1,1024,1,43,251.498,15.438,0.003,-1,-1,-1
Tesla K20Xm,MatrixTranspose,TWO_D,3396,3396,2,1,1,43,250.721,15.467,0.002,23.369,22.59,0.723
Tesla K20Xm,MatrixTranspose,TWO_D,3396,3396,2,2,1,43,250.866,15.537,0.002,13.274,22.704,0.715
Tesla K20Xm,MatrixTranspose,TWO_D,3396,3396,2,4,1,43,250.825,15.526,0.002,7.188,22.688,0.762
Tesla K20Xm,MatrixTranspose,TWO_D,3396,3396,2,8,1,43,250.751,15.496,0.002,-1,-1,-1
Tesla K20Xm,MatrixTranspose,TWO_D,3396,3396,2,16,1,43,250.781,15.423,0.002,-1,-1,-1
Tesla K20Xm,MatrixTranspose,TWO_D,3396,3396,2,32,1,43,251.646,15.714,0.002,-1,-1,-1
Tesla K20Xm,MatrixTranspose,TWO_D,3396,3396,2,64,1,43,250.795,15.553,0.002,-1,-1,-1
Tesla K20Xm,MatrixTranspose,TWO_D,3396,3396,2,128,1,43,250.665,15.422,0.003,-1,-1,-1
Tesla K20Xm,MatrixTranspose,TWO_D,3396,3396,2,256,1,43,250.772,15.498,0.002,-1,-1,-1
Tesla K20Xm,MatrixTranspose,TWO_D,3396,3396,2,512,1,43,250.85,15.471,0.003,-1,-1,-1
Tesla K20Xm,MatrixTranspose,TWO_D,3396,3396,4,1,1,43,250.789,15.441,0.003,11.831,22.609,0.716
Tesla K20Xm,MatrixTranspose,TWO_D,3396,3396,4,2,1,43,250.678,15.43,0.002,6.863,22.574,0.719
Tesla K20Xm,MatrixTranspose,TWO_D,3396,3396,4,4,1,43,251.988,15.471,0.003,3.881,22.629,0.713
Tesla K20Xm,MatrixTranspose,TWO_D,3396,3396,4,8,1,43,250.777,15.448,0.003,-1,-1,-1
Tesla K20Xm,MatrixTranspose,TWO_D,3396,3396,4,16,1,43,250.622,15.573,0.002,-1,-1,-1
Tesla K20Xm,MatrixTranspose,TWO_D,3396,3396,4,32,1,43,250.701,15.471,0.002,-1,-1,-1
Tesla K20Xm,MatrixTranspose,TWO_D,3396,3396,4,64,1,43,250.957,15.449,0.002,-1,-1,-1
Tesla K20Xm,MatrixTranspose,TWO_D,3396,3396,4,128,1,43,251.148,15.428,0.002,-1,-1,-1
Tesla K20Xm,MatrixTranspose,TWO_D,3396,3396,4,256,1,43,251.2,15.455,0.002,-1,-1,-1
Tesla K20Xm,MatrixTranspose,TWO_D,3396,3396,8,1,1,43,252.068,15.422,0.003,-1,-1,-1
Tesla K20Xm,MatrixTranspose,TWO_D,3396,3396,8,2,1,43,250.827,15.468,0.002,-1,-1,-1
Tesla K20Xm,MatrixTranspose,TWO_D,3396,3396,8,4,1,43,250.719,15.556,0.002,-1,-1,-1
Tesla K20Xm,MatrixTranspose,TWO_D,3396,3396,8,8,1,43,250.702,15.452,0.002,-1,-1,-1
Tesla K20Xm,MatrixTranspose,TWO_D,3396,3396,8,16,1,43,250.936,15.486,0.002,-1,-1,-1
Tesla K20Xm,MatrixTranspose,TWO_D,3396,3396,8,32,1,43,250.663,15.482,0.003,-1,-1,-1
Tesla K20Xm,MatrixTranspose,TWO_D,3396,3396,8,64,1,43,250.826,15.486,0.002,-1,-1,-1
Tesla K20Xm,MatrixTranspose,TWO_D,3396,3396,8,128,1,43,252.038,15.501,0.002,-1,-1,-1
Tesla K20Xm,MatrixTranspose,TWO_D,3396,3396,16,1,1,43,250.711,15.502,0.002,-1,-1,-1
Tesla K20Xm,MatrixTranspose,TWO_D,3396,3396,16,2,1,43,250.781,15.499,0.002,-1,-1,-1
Tesla K20Xm,MatrixTranspose,TWO_D,3396,3396,16,4,1,43,250.76,15.462,0.002,-1,-1,-1
Tesla K20Xm,MatrixTranspose,TWO_D,3396,3396,16,8,1,43,250.798,15.521,0.002,-1,-1,-1
Tesla K20Xm,MatrixTranspose,TWO_D,3396,3396,16,16,1,43,250.713,15.459,0.003,-1,-1,-1
Tesla K20Xm,MatrixTranspose,TWO_D,3396,3396,16,32,1,43,250.88,15.443,0.003,-1,-1,-1
Tesla K20Xm,MatrixTranspose,TWO_D,3396,3396,16,64,1,43,251.902,15.516,0.002,-1,-1,-1
Tesla K20Xm,MatrixTranspose,TWO_D,3396,3396,32,1,1,43,250.722,15.49,0.002,-1,-1,-1
Tesla K20Xm,MatrixTranspose,TWO_D,3396,3396,32,2,1,43,250.78,15.473,0.002,-1,-1,-1
Tesla K20Xm,MatrixTranspose,TWO_D,3396,3396,32,4,1,43,251.156,15.599,0.002,-1,-1,-1
Tesla K20Xm,MatrixTranspose,TWO_D,3396,3396,32,8,1,43,250.803,15.479,0.003,-1,-1,-1
Tesla K20Xm,MatrixTranspose,TWO_D,3396,3396,32,16,1,43,250.626,15.437,0.003,-1,-1,-1
Tesla K20Xm,MatrixTranspose,TWO_D,3396,3396,32,32,1,43,250.862,15.496,0.003,-1,-1,-1
Tesla K20Xm,MatrixTranspose,TWO_D,3396,3396,64,1,1,43,251.81,15.464,0.002,-1,-1,-1
Tesla K20Xm,MatrixTranspose,TWO_D,3396,3396,64,2,1,43,250.768,15.454,0.003,-1,-1,-1
Tesla K20Xm,MatrixTranspose,TWO_D,3396,3396,64,4,1,43,250.827,15.453,0.002,-1,-1,-1
Tesla K20Xm,MatrixTranspose,TWO_D,3396,3396,64,8,1,43,250.92,15.462,0.002,-1,-1,-1
Tesla K20Xm,MatrixTranspose,TWO_D,3396,3396,64,16,1,43,250.875,15.453,0.002,-1,-1,-1
Tesla K20Xm,MatrixTranspose,TWO_D,3396,3396,128,1,1,43,250.671,15.509,0.002,-1,-1,-1
Tesla K20Xm,MatrixTranspose,TWO_D,3396,3396,128,2,1,43,250.807,15.692,0.002,-1,-1,-1
Tesla K20Xm,MatrixTranspose,TWO_D,3396,3396,128,4,1,43,251.366,15.492,0.002,-1,-1,-1
Tesla K20Xm,MatrixTranspose,TWO_D,3396,3396,128,8,1,43,250.71,15.469,0.002,-1,-1,-1
Tesla K20Xm,MatrixTranspose,TWO_D,3396,3396,256,1,1,43,250.68,15.49,0.002,-1,-1,-1
Tesla K20Xm,MatrixTranspose,TWO_D,3396,3396,256,2,1,43,250.993,15.467,0.003,-1,-1,-1
Tesla K20Xm,MatrixTranspose,TWO_D,3396,3396,256,4,1,43,250.739,15.45,0.002,-1,-1,-1
Tesla K20Xm,MatrixTranspose,TWO_D,3396,3396,512,1,1,43,250.739,15.427,0.002,-1,-1,-1
Tesla K20Xm,MatrixTranspose,TWO_D,3396,3396,512,2,1,43,251.276,15.527,0.002,-1,-1,-1
Tesla K20Xm,MatrixTranspose,TWO_D,3396,3396,1024,1,1,43,251.327,15.494,0.003,-1,-1,-1
Tesla K20Xm,MatrixTranspose,TWO_D,3396,3396,1,1,1,43,251.427,15.45,0.003,46.835,22.292,0.699
Tesla K20Xm,MatrixTranspose,TWO_D,3396,3396,1,2,1,43,253.252,15.349,0.003,25.484,22.25,0.701
Tesla K20Xm,MatrixTranspose,TWO_D,3396,3396,1,4,1,43,252.134,15.383,0.003,13.925,22.243,0.705
Tesla K20Xm,MatrixTranspose,TWO_D,3396,3396,1,8,1,43,252.102,15.442,0.003,-1,-1,-1
Tesla K20Xm,MatrixTranspose,TWO_D,3396,3396,1,16,1,43,252.589,15.389,0.002,-1,-1,-1
Tesla K20Xm,MatrixTranspose,TWO_D,3396,3396,1,32,1,43,252.254,15.407,0.003,-1,-1,-1
Tesla K20Xm,MatrixTranspose,TWO_D,3396,3396,1,64,1,43,252.907,15.397,0.002,-1,-1,-1
Tesla K20Xm,MatrixTranspose,TWO_D,3396,3396,1,128,1,43,253.323,15.82,0.003,-1,-1,-1
Tesla K20Xm,MatrixTranspose,TWO_D,3396,3396,1,256,1,43,252.249,15.375,0.002,-1,-1,-1
Tesla K20Xm,MatrixTranspose,TWO_D,3396,3396,1,512,1,43,252.138,15.421,0.002,-1,-1,-1
Tesla K20Xm,MatrixTranspose,TWO_D,3396,3396,1,1024,1,43,252.228,15.373,0.002,-1,-1,-1
Tesla K20Xm,MatrixTranspose,TWO_D,3396,3396,2,1,1,43,252.549,15.44,0.003,23.346,22.159,0.707
Tesla K20Xm,MatrixTranspose,TWO_D,3396,3396,2,2,1,43,252.268,15.429,0.002,13.234,22.185,0.703
Tesla K20Xm,MatrixTranspose,TWO_D,3396,3396,2,4,1,43,252.325,15.436,0.003,7.196,22.179,0.716
Tesla K20Xm,MatrixTranspose,TWO_D,3396,3396,2,8,1,43,253.618,15.411,0.002,-1,-1,-1
Tesla K20Xm,MatrixTranspose,TWO_D,3396,3396,2,16,1,43,252.316,15.413,0.003,-1,-1,-1
Tesla K20Xm,MatrixTranspose,TWO_D,3396,3396,2,32,1,43,252.132,15.454,0.002,-1,-1,-1
Tesla K20Xm,MatrixTranspose,TWO_D,3396,3396,2,64,1,43,252.168,15.424,0.003,-1,-1,-1
Tesla K20Xm,MatrixTranspose,TWO_D,3396,3396,2,128,1,43,252.605,15.41,0.002,-1,-1,-1
Tesla K20Xm,MatrixTranspose,TWO_D,3396,3396,2,256,1,43,252.15,15.38,0.002,-1,-1,-1
Tesla K20Xm,MatrixTranspose,TWO_D,3396,3396,2,512,1,43,252.308,15.44,0.003,-1,-1,-1
Tesla K20Xm,MatrixTranspose,TWO_D,3396,3396,4,1,1,43,253.574,15.436,0.002,11.801,22.354,0.7
Tesla K20Xm,MatrixTranspose,TWO_D,3396,3396,4,2,1,43,252.189,15.411,0.002,6.882,22.225,0.708
Tesla K20Xm,MatrixTranspose,TWO_D,3396,3396,4,4,1,43,252.369,15.39,0.003,3.896,22.155,0.711
Tesla K20Xm,MatrixTranspose,TWO_D,3396,3396,4,8,1,43,252.378,15.813,0.002,-1,-1,-1
Tesla K20Xm,MatrixTranspose,TWO_D,3396,3396,4,16,1,43,252.397,15.42,0.003,-1,-1,-1
Tesla K20Xm,MatrixTranspose,TWO_D,3396,3396,4,32,1,43,252.16,15.426,0.002,-1,-1,-1
Tesla K20Xm,MatrixTranspose,TWO_D,3396,3396,4,64,1,43,252.41,15.453,0.003,-1,-1,-1
Tesla K20Xm,MatrixTranspose,TWO_D,3396,3396,4,128,1,43,253.449,15.406,0.003,-1,-1,-1
Tesla K20Xm,MatrixTranspose,TWO_D,3396,3396,4,256,1,43,252.243,15.427,0.002,-1,-1,-1
Tesla K20Xm,MatrixTranspose,TWO_D,3396,3396,8,1,1,43,252.123,15.479,0.003,-1,-1,-1
Tesla K20Xm,MatrixTranspose,TWO_D,3396,3396,8,2,1,43,252.518,15.44,0.002,-1,-1,-1
Tesla K20Xm,MatrixTranspose,TWO_D,3396,3396,8,4,1,43,252.365,15.378,0.002,-1,-1,-1
Tesla K20Xm,MatrixTranspose,TWO_D,3396,3396,8,8,1,43,252.171,15.449,0.002,-1,-1,-1
Tesla K20Xm,MatrixTranspose,TWO_D,3396,3396,8,16,1,43,252.659,15.587,0.002,-1,-1,-1
Tesla K20Xm,MatrixTranspose,TWO_D,3396,3396,8,32,1,43,253.178,15.375,0.002,-1,-1,-1
Tesla K20Xm,MatrixTranspose,TWO_D,3396,3396,8,64,1,43,252.261,15.377,0.002,-1,-1,-1
Tesla K20Xm,MatrixTranspose,TWO_D,3396,3396,8,128,1,43,252.227,15.418,0.003,-1,-1,-1
Tesla K20Xm,MatrixTranspose,TWO_D,3396,3396,16,1,1,43,252.612,15.416,0.002,-1,-1,-1
Tesla K20Xm,MatrixTranspose,TWO_D,3396,3396,16,2,1,43,252.175,15.424,0.002,-1,-1,-1
Tesla K20Xm,MatrixTranspose,TWO_D,3396,3396,16,4,1,43,252.142,15.465,0.003,-1,-1,-1
Tesla K20Xm,MatrixTranspose,TWO_D,3396,3396,16,8,1,43,252.7,15.455,0.003,-1,-1,-1
Tesla K20Xm,MatrixTranspose,TWO_D,3396,3396,16,16,1,43,252.711,15.415,0.002,-1,-1,-1
Tesla K20Xm,MatrixTranspose,TWO_D,3396,3396,16,32,1,43,252.197,15.382,0.002,-1,-1,-1
Tesla K20Xm,MatrixTranspose,TWO_D,3396,3396,16,64,1,43,252.179,15.462,0.002,-1,-1,-1
Tesla K20Xm,MatrixTranspose,TWO_D,3396,3396,32,1,1,43,252.602,15.381,0.003,-1,-1,-1
Tesla K20Xm,MatrixTranspose,TWO_D,3396,3396,32,2,1,43,252.181,15.416,0.002,-1,-1,-1
Tesla K20Xm,MatrixTranspose,TWO_D,3396,3396,32,4,1,43,252.939,15.407,0.003,-1,-1,-1
Tesla K20Xm,MatrixTranspose,TWO_D,3396,3396,32,8,1,43,253.091,15.857,0.002,-1,-1,-1
Tesla K20Xm,MatrixTranspose,TWO_D,3396,3396,32,16,1,43,252.227,15.453,0.003,-1,-1,-1
Tesla K20Xm,MatrixTranspose,TWO_D,3396,3396,32,32,1,43,252.099,15.417,0.002,-1,-1,-1
Tesla K20Xm,MatrixTranspose,TWO_D,3396,3396,64,1,1,43,252.263,15.447,0.002,-1,-1,-1
Tesla K20Xm,MatrixTranspose,TWO_D,3396,3396,64,2,1,43,252.493,15.482,0.002,-1,-1,-1
Tesla K20Xm,MatrixTranspose,TWO_D,3396,3396,64,4,1,43,252.207,15.408,0.003,-1,-1,-1
Tesla K20Xm,MatrixTranspose,TWO_D,3396,3396,64,8,1,43,252.209,15.362,0.002,-1,-1,-1
Tesla K20Xm,MatrixTranspose,TWO_D,3396,3396,64,16,1,43,253.551,15.438,0.002,-1,-1,-1
Tesla K20Xm,MatrixTranspose,TWO_D,3396,3396,128,1,1,43,252.268,15.385,0.002,-1,-1,-1
Tesla K20Xm,MatrixTranspose,TWO_D,3396,3396,128,2,1,43,252.173,15.382,0.002,-1,-1,-1
Tesla K20Xm,MatrixTranspose,TWO_D,3396,3396,128,4,1,43,252.265,15.388,0.002,-1,-1,-1
Tesla K20Xm,MatrixTranspose,TWO_D,3396,3396,128,8,1,43,252.73,15.408,0.003,-1,-1,-1
Tesla K20Xm,MatrixTranspose,TWO_D,3396,3396,256,1,1,43,252.23,15.389,0.003,-1,-1,-1
Tesla K20Xm,MatrixTranspose,TWO_D,3396,3396,256,2,1,43,252.376,15.786,0.002,-1,-1,-1
Tesla K20Xm,MatrixTranspose,TWO_D,3396,3396,256,4,1,43,253.536,15.437,0.002,-1,-1,-1
Tesla K20Xm,MatrixTranspose,TWO_D,3396,3396,512,1,1,43,252.261,15.416,0.003,-1,-1,-1
Tesla K20Xm,MatrixTranspose,TWO_D,3396,3396,512,2,1,43,252.248,15.407,0.002,-1,-1,-1
Tesla K20Xm,MatrixTranspose,TWO_D,3396,3396,1024,1,1,43,252.118,15.384,0.003,-1,-1,-1
Tesla K20Xm,MatrixTranspose,TWO_D,3396,3396,1,1,1,43,251.435,15.312,0.002,46.788,21.775,0.689
Tesla K20Xm,MatrixTranspose,TWO_D,3396,3396,1,2,1,43,252.07,15.229,0.003,25.496,21.787,0.706
Tesla K20Xm,MatrixTranspose,TWO_D,3396,3396,1,4,1,43,252.179,15.266,0.002,13.936,21.8,0.699
Tesla K20Xm,MatrixTranspose,TWO_D,3396,3396,1,8,1,43,251.857,15.261,0.002,-1,-1,-1
Tesla K20Xm,MatrixTranspose,TWO_D,3396,3396,1,16,1,43,252.006,15.274,0.002,-1,-1,-1
Tesla K20Xm,MatrixTranspose,TWO_D,3396,3396,1,32,1,43,253.028,15.252,0.003,-1,-1,-1
Tesla K20Xm,MatrixTranspose,TWO_D,3396,3396,1,64,1,43,251.744,15.347,0.002,-1,-1,-1
Tesla K20Xm,MatrixTranspose,TWO_D,3396,3396,1,128,1,43,251.687,15.381,0.002,-1,-1,-1
Tesla K20Xm,MatrixTranspose,TWO_D,3396,3396,1,256,1,43,251.829,15.324,0.002,-1,-1,-1
Tesla K20Xm,MatrixTranspose,TWO_D,3396,3396,1,512,1,43,252.063,15.284,0.003,-1,-1,-1
Tesla K20Xm,MatrixTranspose,TWO_D,3396,3396,1,1024,1,43,251.699,15.315,0.002,-1,-1,-1
Tesla K20Xm,MatrixTranspose,TWO_D,3396,3396,2,1,1,43,251.891,15.228,0.002,23.375,21.791,0.703
Tesla K20Xm,MatrixTranspose,TWO_D,3396,3396,2,2,1,43,253.175,15.335,0.002,13.212,21.842,0.707
Tesla K20Xm,MatrixTranspose,TWO_D,3396,3396,2,4,1,43,251.732,15.31,0.002,7.182,21.751,0.715
Tesla K20Xm,MatrixTranspose,TWO_D,3396,3396,2,8,1,43,251.815,15.297,0.003,-1,-1,-1
Tesla K20Xm,MatrixTranspose,TWO_D,3396,3396,2,16,1,43,251.888,15.379,0.003,-1,-1,-1
Tesla K20Xm,MatrixTranspose,TWO_D,3396,3396,2,32,1,43,251.741,15.288,0.003,-1,-1,-1
Tesla K20Xm,MatrixTranspose,TWO_D,3396,3396,2,64,1,43,252.211,15.265,0.003,-1,-1,-1
Tesla K20Xm,MatrixTranspose,TWO_D,3396,3396,2,128,1,43,252.373,15.297,0.002,-1,-1,-1
Tesla K20Xm,MatrixTranspose,TWO_D,3396,3396,2,256,1,43,253.094,15.33,0.002,-1,-1,-1
Tesla K20Xm,MatrixTranspose,TWO_D,3396,3396,2,512,1,43,251.749,15.352,0.003,-1,-1,-1
Tesla K20Xm,MatrixTranspose,TWO_D,3396,3396,4,1,1,43,251.801,15.251,0.002,11.792,21.787,0.709
Tesla K20Xm,MatrixTranspose,TWO_D,3396,3396,4,2,1,43,252.106,15.354,0.002,6.876,21.757,0.704
Tesla K20Xm,MatrixTranspose,TWO_D,3396,3396,4,4,1,43,251.839,15.273,0.003,3.884,21.841,0.708
Tesla K20Xm,MatrixTranspose,TWO_D,3396,3396,4,8,1,43,251.707,15.313,0.002,-1,-1,-1
Tesla K20Xm,MatrixTranspose,TWO_D,3396,3396,4,16,1,43,251.847,15.375,0.002,-1,-1,-1
Tesla K20Xm,MatrixTranspose,TWO_D,3396,3396,4,32,1,43,252.534,15.339,0.003,-1,-1,-1
Tesla K20Xm,MatrixTranspose,TWO_D,3396,3396,4,64,1,43,251.836,15.289,0.003,-1,-1,-1
Tesla K20Xm,MatrixTranspose,TWO_D,3396,3396,4,128,1,43,252.009,15.267,0.003,-1,-1,-1
Tesla K20Xm,MatrixTranspose,TWO_D,3396,3396,4,256,1,43,251.979,15.261,0.002,-1,-1,-1
Tesla K20Xm,MatrixTranspose,TWO_D,3396,3396,8,1,1,43,251.892,15.248,0.002,-1,-1,-1
Tesla K20Xm,MatrixTranspose,TWO_D,3396,3396,8,2,1,43,252.131,15.405,0.002,-1,-1,-1
Tesla K20Xm,MatrixTranspose,TWO_D,3396,3396,8,4,1,43,252.038,15.55,0.002,-1,-1,-1
Tesla K20Xm,MatrixTranspose,TWO_D,3396,3396,8,8,1,43,252.456,15.311,0.002,-1,-1,-1
Tesla K20Xm,MatrixTranspose,TWO_D,3396,3396,8,16,1,43,251.734,15.279,0.002,-1,-1,-1
Tesla K20Xm,MatrixTranspose,TWO_D,3396,3396,8,32,1,43,252.008,15.304,0.002,-1,-1,-1
Tesla K20Xm,MatrixTranspose,TWO_D,3396,3396,8,64,1,43,251.935,15.325,0.002,-1,-1,-1
Tesla K20Xm,MatrixTranspose,TWO_D,3396,3396,8,128,1,43,251.898,15.295,0.002,-1,-1,-1
Tesla K20Xm,MatrixTranspose,TWO_D,3396,3396,16,1,1,43,251.827,15.34,0.002,-1,-1,-1
Tesla K20Xm,MatrixTranspose,TWO_D,3396,3396,16,2,1,43,252.465,15.309,0.002,-1,-1,-1
Tesla K20Xm,MatrixTranspose,TWO_D,3396,3396,16,4,1,43,252.197,15.295,0.002,-1,-1,-1
Tesla K20Xm,MatrixTranspose,TWO_D,3396,3396,16,8,1,43,251.786,15.341,0.002,-1,-1,-1
Tesla K20Xm,MatrixTranspose,TWO_D,3396,3396,16,16,1,43,251.844,15.314,0.002,-1,-1,-1
Tesla K20Xm,MatrixTranspose,TWO_D,3396,3396,16,32,1,43,252.086,15.25,0.002,-1,-1,-1
Tesla K20Xm,MatrixTranspose,TWO_D,3396,3396,16,64,1,43,251.721,15.269,0.003,-1,-1,-1
Tesla K20Xm,MatrixTranspose,TWO_D,3396,3396,32,1,1,43,251.863,15.247,0.002,-1,-1,-1
Tesla K20Xm,MatrixTranspose,TWO_D,3396,3396,32,2,1,43,252.595,15.504,0.002,-1,-1,-1
Tesla K20Xm,MatrixTranspose,TWO_D,3396,3396,32,4,1,43,251.76,15.301,0.003,-1,-1,-1
Tesla K20Xm,MatrixTranspose,TWO_D,3396,3396,32,8,1,43,251.78,15.284,0.003,-1,-1,-1
Tesla K20Xm,MatrixTranspose,TWO_D,3396,3396,32,16,1,43,251.918,15.271,0.002,-1,-1,-1
Tesla K20Xm,MatrixTranspose,TWO_D,3396,3396,32,32,1,43,252.018,15.239,0.002,-1,-1,-1
Tesla K20Xm,MatrixTranspose,TWO_D,3396,3396,64,1,1,43,251.726,15.32,0.002,-1,-1,-1
Tesla K20Xm,MatrixTranspose,TWO_D,3396,3396,64,2,1,43,251.877,15.331,0.003,-1,-1,-1
Tesla K20Xm,MatrixTranspose,TWO_D,3396,3396,64,4,1,43,252.775,15.279,0.002,-1,-1,-1
Tesla K20Xm,MatrixTranspose,TWO_D,3396,3396,64,8,1,43,251.7,15.308,0.003,-1,-1,-1
Tesla K20Xm,MatrixTranspose,TWO_D,3396,3396,64,16,1,43,251.729,15.297,0.002,-1,-1,-1
Tesla K20Xm,MatrixTranspose,TWO_D,3396,3396,128,1,1,43,252.083,15.316,0.002,-1,-1,-1
Tesla K20Xm,MatrixTranspose,TWO_D,3396,3396,128,2,1,43,252.038,15.311,0.003,-1,-1,-1
Tesla K20Xm,MatrixTranspose,TWO_D,3396,3396,128,4,1,43,252.081,15.352,0.003,-1,-1,-1
Tesla K20Xm,MatrixTranspose,TWO_D,3396,3396,128,8,1,43,252.3,15.275,0.002,-1,-1,-1
Tesla K20Xm,MatrixTranspose,TWO_D,3396,3396,256,1,1,43,252.96,15.32,0.002,-1,-1,-1
Tesla K20Xm,MatrixTranspose,TWO_D,3396,3396,256,2,1,43,251.888,15.378,0.003,-1,-1,-1
Tesla K20Xm,MatrixTranspose,TWO_D,3396,3396,256,4,1,43,251.796,15.296,0.002,-1,-1,-1
Tesla K20Xm,MatrixTranspose,TWO_D,3396,3396,512,1,1,43,251.892,15.285,0.002,-1,-1,-1
Tesla K20Xm,MatrixTranspose,TWO_D,3396,3396,512,2,1,43,251.935,15.282,0.003,-1,-1,-1
Tesla K20Xm,MatrixTranspose,TWO_D,3396,3396,1024,1,1,43,251.768,15.234,0.002,-1,-1,-1
Tesla K20Xm,MatrixTranspose,TWO_D,3396,3396,1,1,1,43,252.281,15.47,0.003,46.79,22.255,0.709
Tesla K20Xm,MatrixTranspose,TWO_D,3396,3396,1,2,1,43,253.228,15.476,0.002,25.682,22.174,0.719
Tesla K20Xm,MatrixTranspose,TWO_D,3396,3396,1,4,1,43,251.971,15.389,0.002,13.713,22.162,0.7
Tesla K20Xm,MatrixTranspose,TWO_D,3396,3396,1,8,1,43,251.94,15.401,0.002,-1,-1,-1
Tesla K20Xm,MatrixTranspose,TWO_D,3396,3396,1,16,1,43,252.417,15.445,0.002,-1,-1,-1
Tesla K20Xm,MatrixTranspose,TWO_D,3396,3396,1,32,1,43,252.023,15.441,0.002,-1,-1,-1
Tesla K20Xm,MatrixTranspose,TWO_D,3396,3396,1,64,1,43,251.91,15.381,0.002,-1,-1,-1
Tesla K20Xm,MatrixTranspose,TWO_D,3396,3396,1,128,1,43,252.01,15.492,0.002,-1,-1,-1
Tesla K20Xm,MatrixTranspose,TWO_D,3396,3396,1,256,1,43,252.702,15.456,0.003,-1,-1,-1
Tesla K20Xm,MatrixTranspose,TWO_D,3396,3396,1,512,1,43,251.956,15.48,0.001,-1,-1,-1
Tesla K20Xm,MatrixTranspose,TWO_D,3396,3396,1,1024,1,43,251.909,15.402,0.002,-1,-1,-1
Tesla K20Xm,MatrixTranspose,TWO_D,3396,3396,2,1,1,43,252.288,15.435,0.002,23.332,22.175,0.723
Tesla K20Xm,MatrixTranspose,TWO_D,3396,3396,2,2,1,43,252.277,15.409,0.002,13.248,22.196,0.814
Tesla K20Xm,MatrixTranspose,TWO_D,3396,3396,2,4,1,43,252.026,15.474,0.002,7.193,22.176,0.718
Tesla K20Xm,MatrixTranspose,TWO_D,3396,3396,2,8,1,43,252.271,15.643,0.003,-1,-1,-1
Tesla K20Xm,MatrixTranspose,TWO_D,3396,3396,2,16,1,43,252.056,15.402,0.002,-1,-1,-1
Tesla K20Xm,MatrixTranspose,TWO_D,3396,3396,2,32,1,43,251.871,15.376,0.003,-1,-1,-1
Tesla K20Xm,MatrixTranspose,TWO_D,3396,3396,2,64,1,43,251.958,15.446,0.002,-1,-1,-1
Tesla K20Xm,MatrixTranspose,TWO_D,3396,3396,2,128,1,43,252.312,15.508,0.002,-1,-1,-1
Tesla K20Xm,MatrixTranspose,TWO_D,3396,3396,2,256,1,43,252.018,15.414,0.002,-1,-1,-1
Tesla K20Xm,MatrixTranspose,TWO_D,3396,3396,2,512,1,43,251.929,15.442,0.002,-1,-1,-1
Tesla K20Xm,MatrixTranspose,TWO_D,3396,3396,4,1,1,43,253.35,15.448,0.002,11.8,22.228,0.705
Tesla K20Xm,MatrixTranspose,TWO_D,3396,3396,4,2,1,43,252.074,15.412,0.003,6.843,22.164,0.719
Tesla K20Xm,MatrixTranspose,TWO_D,3396,3396,4,4,1,43,251.901,15.467,0.003,3.867,22.261,0.71
Tesla K20Xm,MatrixTranspose,TWO_D,3396,3396,4,8,1,43,251.965,15.413,0.003,-1,-1,-1
Tesla K20Xm,MatrixTranspose,TWO_D,3396,3396,4,16,1,43,252.443,15.462,0.002,-1,-1,-1
Tesla K20Xm,MatrixTranspose,TWO_D,3396,3396,4,32,1,43,251.891,15.475,0.003,-1,-1,-1
Tesla K20Xm,MatrixTranspose,TWO_D,3396,3396,4,64,1,43,251.889,15.429,0.003,-1,-1,-1
Tesla K20Xm,MatrixTranspose,TWO_D,3396,3396,4,128,1,43,253.148,15.44,0.002,-1,-1,-1
Tesla K20Xm,MatrixTranspose,TWO_D,3396,3396,4,256,1,43,251.868,15.403,0.002,-1,-1,-1
Tesla K20Xm,MatrixTranspose,TWO_D,3396,3396,8,1,1,43,251.909,15.436,0.002,-1,-1,-1
Tesla K20Xm,MatrixTranspose,TWO_D,3396,3396,8,2,1,43,251.929,15.412,0.001,-1,-1,-1
Tesla K20Xm,MatrixTranspose,TWO_D,3396,3396,8,4,1,43,252.187,15.403,0.002,-1,-1,-1
Tesla K20Xm,MatrixTranspose,TWO_D,3396,3396,8,8,1,43,251.97,15.46,0.002,-1,-1,-1
Tesla K20Xm,MatrixTranspose,TWO_D,3396,3396,8,16,1,43,251.898,15.433,0.002,-1,-1,-1
Tesla K20Xm,MatrixTranspose,TWO_D,3396,3396,8,32,1,43,253.271,15.416,0.003,-1,-1,-1
Tesla K20Xm,MatrixTranspose,TWO_D,3396,3396,8,64,1,43,251.74,15.446,0.002,-1,-1,-1
Tesla K20Xm,MatrixTranspose,TWO_D,3396,3396,8,128,1,43,251.887,15.459,0.002,-1,-1,-1
Tesla K20Xm,MatrixTranspose,TWO_D,3396,3396,16,1,1,43,251.962,15.421,0.002,-1,-1,-1
Tesla K20Xm,MatrixTranspose,TWO_D,3396,3396,16,2,1,43,252.013,15.404,0.003,-1,-1,-1
Tesla K20Xm,MatrixTranspose,TWO_D,3396,3396,16,4,1,43,252.269,15.402,0.002,-1,-1,-1
Tesla K20Xm,MatrixTranspose,TWO_D,3396,3396,16,8,1,43,252.426,15.494,0.002,-1,-1,-1
Tesla K20Xm,MatrixTranspose,TWO_D,3396,3396,16,16,1,43,253.242,15.398,0.002,-1,-1,-1
Tesla K20Xm,MatrixTranspose,TWO_D,3396,3396,16,32,1,43,252.05,15.411,0.002,-1,-1,-1
Tesla K20Xm,MatrixTranspose,TWO_D,3396,3396,16,64,1,43,251.929,15.443,0.002,-1,-1,-1
Tesla K20Xm,MatrixTranspose,TWO_D,3396,3396,32,1,1,43,252.262,15.454,0.003,-1,-1,-1
Tesla K20Xm,MatrixTranspose,TWO_D,3396,3396,32,2,1,43,251.901,15.462,0.003,-1,-1,-1
Tesla K20Xm,MatrixTranspose,TWO_D,3396,3396,32,4,1,43,251.849,15.481,0.002,-1,-1,-1
Tesla K20Xm,MatrixTranspose,TWO_D,3396,3396,32,8,1,43,252.14,15.401,0.003,-1,-1,-1
Tesla K20Xm,MatrixTranspose,TWO_D,3396,3396,32,16,1,43,253.018,15.413,0.002,-1,-1,-1
Tesla K20Xm,MatrixTranspose,TWO_D,3396,3396,32,32,1,43,251.982,15.388,0.002,-1,-1,-1
Tesla K20Xm,MatrixTranspose,TWO_D,3396,3396,64,1,1,43,251.987,15.4,0.002,-1,-1,-1
Tesla K20Xm,MatrixTranspose,TWO_D,3396,3396,64,2,1,43,252.267,15.437,0.003,-1,-1,-1
Tesla K20Xm,MatrixTranspose,TWO_D,3396,3396,64,4,1,43,252.033,15.44,0.002,-1,-1,-1
Tesla K20Xm,MatrixTranspose,TWO_D,3396,3396,64,8,1,43,251.991,15.446,0.003,-1,-1,-1
Tesla K20Xm,MatrixTranspose,TWO_D,3396,3396,64,16,1,43,252.286,15.626,0.002,-1,-1,-1
Tesla K20Xm,MatrixTranspose,TWO_D,3396,3396,128,1,1,43,252.797,15.463,0.003,-1,-1,-1
Tesla K20Xm,MatrixTranspose,TWO_D,3396,3396,128,2,1,43,251.958,15.466,0.002,-1,-1,-1
Tesla K20Xm,MatrixTranspose,TWO_D,3396,3396,128,4,1,43,251.852,15.433,0.003,-1,-1,-1
Tesla K20Xm,MatrixTranspose,TWO_D,3396,3396,128,8,1,43,252.33,15.414,0.002,-1,-1,-1
Tesla K20Xm,MatrixTranspose,TWO_D,3396,3396,256,1,1,43,251.953,15.367,0.003,-1,-1,-1
Tesla K20Xm,MatrixTranspose,TWO_D,3396,3396,256,2,1,43,251.972,15.444,0.002,-1,-1,-1
Tesla K20Xm,MatrixTranspose,TWO_D,3396,3396,256,4,1,43,252.339,15.388,0.002,-1,-1,-1
Tesla K20Xm,MatrixTranspose,TWO_D,3396,3396,512,1,1,43,252.584,15.461,0.002,-1,-1,-1
Tesla K20Xm,MatrixTranspose,TWO_D,3396,3396,512,2,1,43,251.963,15.409,0.002,-1,-1,-1
Tesla K20Xm,MatrixTranspose,TWO_D,3396,3396,1024,1,1,43,252.04,15.466,0.003,-1,-1,-1
Tesla K20Xm,MatrixTranspose,TWO_D,3396,3396,1,1,1,43,251.723,15.567,0.002,46.845,22.051,0.702
Tesla K20Xm,MatrixTranspose,TWO_D,3396,3396,1,2,1,43,252.948,15.369,0.002,25.488,21.973,0.726
Tesla K20Xm,MatrixTranspose,TWO_D,3396,3396,1,4,1,43,252.277,15.471,0.002,13.93,22.016,0.728
Tesla K20Xm,MatrixTranspose,TWO_D,3396,3396,1,8,1,43,252.168,15.487,0.003,-1,-1,-1
Tesla K20Xm,MatrixTranspose,TWO_D,3396,3396,1,16,1,43,252.51,15.365,0.002,-1,-1,-1
Tesla K20Xm,MatrixTranspose,TWO_D,3396,3396,1,32,1,43,253.24,15.412,0.003,-1,-1,-1
Tesla K20Xm,MatrixTranspose,TWO_D,3396,3396,1,64,1,43,252.717,15.456,0.003,-1,-1,-1
Tesla K20Xm,MatrixTranspose,TWO_D,3396,3396,1,128,1,43,253.323,15.358,0.003,-1,-1,-1
Tesla K20Xm,MatrixTranspose,TWO_D,3396,3396,1,256,1,43,252.595,15.35,0.003,-1,-1,-1
Tesla K20Xm,MatrixTranspose,TWO_D,3396,3396,1,512,1,43,252.599,15.359,0.003,-1,-1,-1
Tesla K20Xm,MatrixTranspose,TWO_D,3396,3396,1,1024,1,43,252.406,15.336,0.003,-1,-1,-1
Tesla K20Xm,MatrixTranspose,TWO_D,3396,3396,2,1,1,43,252.424,15.409,0.003,23.339,21.888,0.72
Tesla K20Xm,MatrixTranspose,TWO_D,3396,3396,2,2,1,43,252.465,15.342,0.002,13.237,22.049,0.723
Tesla K20Xm,MatrixTranspose,TWO_D,3396,3396,2,4,1,43,252.523,15.511,0.002,7.244,22.223,0.732
Tesla K20Xm,MatrixTranspose,TWO_D,3396,3396,2,8,1,43,253.01,15.332,0.002,-1,-1,-1
Tesla K20Xm,MatrixTranspose,TWO_D,3396,3396,2,16,1,43,252.829,15.406,0.002,-1,-1,-1
Tesla K20Xm,MatrixTranspose,TWO_D,3396,3396,2,32,1,43,252.371,15.429,0.003,-1,-1,-1
Tesla K20Xm,MatrixTranspose,TWO_D,3396,3396,2,64,1,43,252.754,15.349,0.003,-1,-1,-1
Tesla K20Xm,MatrixTranspose,TWO_D,3396,3396,2,128,1,43,252.606,15.341,0.002,-1,-1,-1
Tesla K20Xm,MatrixTranspose,TWO_D,3396,3396,2,256,1,43,252.57,15.457,0.003,-1,-1,-1
Tesla K20Xm,MatrixTranspose,TWO_D,3396,3396,2,512,1,43,252.691,15.356,0.002,-1,-1,-1
Tesla K20Xm,MatrixTranspose,TWO_D,3396,3396,4,1,1,43,252.938,15.386,0.003,11.787,21.893,0.716
Tesla K20Xm,MatrixTranspose,TWO_D,3396,3396,4,2,1,43,252.668,15.369,0.002,6.858,22.039,0.716
Tesla K20Xm,MatrixTranspose,TWO_D,3396,3396,4,4,1,43,252.447,15.373,0.002,3.901,22.027,0.71
Tesla K20Xm,MatrixTranspose,TWO_D,3396,3396,4,8,1,43,252.588,15.317,0.003,-1,-1,-1
Tesla K20Xm,MatrixTranspose,TWO_D,3396,3396,4,16,1,43,252.609,15.482,0.002,-1,-1,-1
Tesla K20Xm,MatrixTranspose,TWO_D,3396,3396,4,32,1,43,252.572,15.368,0.002,-1,-1,-1
Tesla K20Xm,MatrixTranspose,TWO_D,3396,3396,4,64,1,43,253.479,15.613,0.003,-1,-1,-1
Tesla K20Xm,MatrixTranspose,TWO_D,3396,3396,4,128,1,43,252.382,15.593,0.002,-1,-1,-1
Tesla K20Xm,MatrixTranspose,TWO_D,3396,3396,4,256,1,43,252.276,15.43,0.003,-1,-1,-1
Tesla K20Xm,MatrixTranspose,TWO_D,3396,3396,8,1,1,43,252.486,15.334,0.003,-1,-1,-1
Tesla K20Xm,MatrixTranspose,TWO_D,3396,3396,8,2,1,43,252.522,15.368,0.003,-1,-1,-1
Tesla K20Xm,MatrixTranspose,TWO_D,3396,3396,8,4,1,43,252.892,15.441,0.003,-1,-1,-1
Tesla K20Xm,MatrixTranspose,TWO_D,3396,3396,8,8,1,43,252.327,15.473,0.003,-1,-1,-1
Tesla K20Xm,MatrixTranspose,TWO_D,3396,3396,8,16,1,43,253.406,15.323,0.002,-1,-1,-1
Tesla K20Xm,MatrixTranspose,TWO_D,3396,3396,8,32,1,43,252.639,15.367,0.003,-1,-1,-1
Tesla K20Xm,MatrixTranspose,TWO_D,3396,3396,8,64,1,43,252.396,15.484,0.002,-1,-1,-1
Tesla K20Xm,MatrixTranspose,TWO_D,3396,3396,8,128,1,43,252.345,15.36,0.003,-1,-1,-1
Tesla K20Xm,MatrixTranspose,TWO_D,3396,3396,16,1,1,43,252.552,15.345,0.003,-1,-1,-1
Tesla K20Xm,MatrixTranspose,TWO_D,3396,3396,16,2,1,43,252.547,15.406,0.003,-1,-1,-1
Tesla K20Xm,MatrixTranspose,TWO_D,3396,3396,16,4,1,43,252.298,15.378,0.002,-1,-1,-1
Tesla K20Xm,MatrixTranspose,TWO_D,3396,3396,16,8,1,43,253.65,15.375,0.002,-1,-1,-1
Tesla K20Xm,MatrixTranspose,TWO_D,3396,3396,16,16,1,43,252.651,15.36,0.002,-1,-1,-1
Tesla K20Xm,MatrixTranspose,TWO_D,3396,3396,16,32,1,43,252.454,15.447,0.002,-1,-1,-1
Tesla K20Xm,MatrixTranspose,TWO_D,3396,3396,16,64,1,43,252.229,15.488,0.002,-1,-1,-1
Tesla K20Xm,MatrixTranspose,TWO_D,3396,3396,32,1,1,43,252.52,15.359,0.002,-1,-1,-1
Tesla K20Xm,MatrixTranspose,TWO_D,3396,3396,32,2,1,43,252.938,15.347,0.002,-1,-1,-1
Tesla K20Xm,MatrixTranspose,TWO_D,3396,3396,32,4,1,43,252.743,15.494,0.003,-1,-1,-1
Tesla K20Xm,MatrixTranspose,TWO_D,3396,3396,32,8,1,43,253.52,15.366,0.002,-1,-1,-1
Tesla K20Xm,MatrixTranspose,TWO_D,3396,3396,32,16,1,43,252.738,15.352,0.002,-1,-1,-1
Tesla K20Xm,MatrixTranspose,TWO_D,3396,3396,32,32,1,43,252.253,15.453,0.002,-1,-1,-1
Tesla K20Xm,MatrixTranspose,TWO_D,3396,3396,64,1,1,43,252.472,15.392,0.003,-1,-1,-1
Tesla K20Xm,MatrixTranspose,TWO_D,3396,3396,64,2,1,43,252.367,15.38,0.002,-1,-1,-1
Tesla K20Xm,MatrixTranspose,TWO_D,3396,3396,64,4,1,43,252.264,15.322,0.003,-1,-1,-1
Tesla K20Xm,MatrixTranspose,TWO_D,3396,3396,64,8,1,43,252.327,15.446,0.003,-1,-1,-1
Tesla K20Xm,MatrixTranspose,TWO_D,3396,3396,64,16,1,43,253.353,15.487,0.002,-1,-1,-1
Tesla K20Xm,MatrixTranspose,TWO_D,3396,3396,128,1,1,43,252.76,15.344,0.002,-1,-1,-1
Tesla K20Xm,MatrixTranspose,TWO_D,3396,3396,128,2,1,43,252.37,15.349,0.002,-1,-1,-1
Tesla K20Xm,MatrixTranspose,TWO_D,3396,3396,128,4,1,43,252.413,15.469,0.002,-1,-1,-1
Tesla K20Xm,MatrixTranspose,TWO_D,3396,3396,128,8,1,43,252.676,15.375,0.002,-1,-1,-1
Tesla K20Xm,MatrixTranspose,TWO_D,3396,3396,256,1,1,43,252.317,15.395,0.002,-1,-1,-1
Tesla K20Xm,MatrixTranspose,TWO_D,3396,3396,256,2,1,43,252.397,15.524,0.002,-1,-1,-1
Tesla K20Xm,MatrixTranspose,TWO_D,3396,3396,256,4,1,43,253.366,15.363,0.002,-1,-1,-1
Tesla K20Xm,MatrixTranspose,TWO_D,3396,3396,512,1,1,43,252.594,15.365,0.002,-1,-1,-1
Tesla K20Xm,MatrixTranspose,TWO_D,3396,3396,512,2,1,43,252.49,15.353,0.002,-1,-1,-1
Tesla K20Xm,MatrixTranspose,TWO_D,3396,3396,1024,1,1,43,252.646,15.37,0.003,-1,-1,-1
Tesla K20Xm,MatrixTranspose,TWO_D,3396,3396,1,1,1,43,251.391,15.517,0.002,46.84,22.523,0.723
Tesla K20Xm,MatrixTranspose,TWO_D,3396,3396,1,2,1,43,252.369,15.537,0.003,25.496,22.543,0.731
Tesla K20Xm,MatrixTranspose,TWO_D,3396,3396,1,4,1,43,252.532,15.528,0.003,13.912,22.411,0.731
Tesla K20Xm,MatrixTranspose,TWO_D,3396,3396,1,8,1,43,252.39,15.556,0.002,-1,-1,-1
Tesla K20Xm,MatrixTranspose,TWO_D,3396,3396,1,16,1,43,252.637,15.549,0.002,-1,-1,-1
Tesla K20Xm,MatrixTranspose,TWO_D,3396,3396,1,32,1,43,253.79,15.49,0.002,-1,-1,-1
Tesla K20Xm,MatrixTranspose,TWO_D,3396,3396,1,64,1,43,252.369,15.582,0.002,-1,-1,-1
Tesla K20Xm,MatrixTranspose,TWO_D,3396,3396,1,128,1,43,252.536,15.525,0.002,-1,-1,-1
Tesla K20Xm,MatrixTranspose,TWO_D,3396,3396,1,256,1,43,252.641,15.596,0.002,-1,-1,-1
Tesla K20Xm,MatrixTranspose,TWO_D,3396,3396,1,512,1,43,252.417,15.5,0.002,-1,-1,-1
Tesla K20Xm,MatrixTranspose,TWO_D,3396,3396,1,1024,1,43,252.846,15.622,0.002,-1,-1,-1
Tesla K20Xm,MatrixTranspose,TWO_D,3396,3396,2,1,1,43,252.805,15.699,0.003,23.341,22.427,0.721
Tesla K20Xm,MatrixTranspose,TWO_D,3396,3396,2,2,1,43,253.058,15.494,0.002,13.236,22.464,0.725
Tesla K20Xm,MatrixTranspose,TWO_D,3396,3396,2,4,1,43,252.453,15.506,0.003,7.248,22.401,0.713
Tesla K20Xm,MatrixTranspose,TWO_D,3396,3396,2,8,1,43,252.655,15.53,0.002,-1,-1,-1
Tesla K20Xm,MatrixTranspose,TWO_D,3396,3396,2,16,1,43,252.609,15.519,0.002,-1,-1,-1
Tesla K20Xm,MatrixTranspose,TWO_D,3396,3396,2,32,1,43,252.47,15.559,0.002,-1,-1,-1
Tesla K20Xm,MatrixTranspose,TWO_D,3396,3396,2,64,1,43,252.593,15.542,0.002,-1,-1,-1
Tesla K20Xm,MatrixTranspose,TWO_D,3396,3396,2,128,1,43,253.773,15.783,0.003,-1,-1,-1
Tesla K20Xm,MatrixTranspose,TWO_D,3396,3396,2,256,1,43,252.423,15.576,0.003,-1,-1,-1
Tesla K20Xm,MatrixTranspose,TWO_D,3396,3396,2,512,1,43,252.34,15.566,0.003,-1,-1,-1
Tesla K20Xm,MatrixTranspose,TWO_D,3396,3396,4,1,1,43,252.688,15.476,0.002,11.793,22.423,0.732
Tesla K20Xm,MatrixTranspose,TWO_D,3396,3396,4,2,1,43,252.602,15.526,0.002,6.883,22.435,0.722
Tesla K20Xm,MatrixTranspose,TWO_D,3396,3396,4,4,1,43,252.396,15.508,0.002,3.874,22.445,0.722
Tesla K20Xm,MatrixTranspose,TWO_D,3396,3396,4,8,1,43,252.489,15.594,0.002,-1,-1,-1
Tesla K20Xm,MatrixTranspose,TWO_D,3396,3396,4,16,1,43,253.644,15.584,0.002,-1,-1,-1
Tesla K20Xm,MatrixTranspose,TWO_D,3396,3396,4,32,1,43,252.473,15.532,0.002,-1,-1,-1
Tesla K20Xm,MatrixTranspose,TWO_D,3396,3396,4,64,1,43,252.356,15.553,0.002,-1,-1,-1
Tesla K20Xm,MatrixTranspose,TWO_D,3396,3396,4,128,1,43,252.54,15.522,0.003,-1,-1,-1
Tesla K20Xm,MatrixTranspose,TWO_D,3396,3396,4,256,1,43,252.639,15.49,0.002,-1,-1,-1
Tesla K20Xm,MatrixTranspose,TWO_D,3396,3396,8,1,1,43,252.462,15.509,0.003,-1,-1,-1
Tesla K20Xm,MatrixTranspose,TWO_D,3396,3396,8,2,1,43,252.731,15.509,0.002,-1,-1,-1
Tesla K20Xm,MatrixTranspose,TWO_D,3396,3396,8,4,1,43,253.705,15.576,0.003,-1,-1,-1
Tesla K20Xm,MatrixTranspose,TWO_D,3396,3396,8,8,1,43,252.486,15.569,0.002,-1,-1,-1
Tesla K20Xm,MatrixTranspose,TWO_D,3396,3396,8,16,1,43,252.53,15.549,0.002,-1,-1,-1
Tesla K20Xm,MatrixTranspose,TWO_D,3396,3396,8,32,1,43,252.387,15.567,0.002,-1,-1,-1
Tesla K20Xm,MatrixTranspose,TWO_D,3396,3396,8,64,1,43,252.677,15.57,0.003,-1,-1,-1
Tesla K20Xm,MatrixTranspose,TWO_D,3396,3396,8,128,1,43,252.385,15.491,0.002,-1,-1,-1
Tesla K20Xm,MatrixTranspose,TWO_D,3396,3396,16,1,1,43,252.58,15.554,0.002,-1,-1,-1
Tesla K20Xm,MatrixTranspose,TWO_D,3396,3396,16,2,1,43,253.497,15.55,0.002,-1,-1,-1
Tesla K20Xm,MatrixTranspose,TWO_D,3396,3396,16,4,1,43,252.41,15.528,0.002,-1,-1,-1
Tesla K20Xm,MatrixTranspose,TWO_D,3396,3396,16,8,1,43,252.568,15.483,0.002,-1,-1,-1
Tesla K20Xm,MatrixTranspose,TWO_D,3396,3396,16,16,1,43,252.805,15.533,0.002,-1,-1,-1
Tesla K20Xm,MatrixTranspose,TWO_D,3396,3396,16,32,1,43,252.489,15.54,0.002,-1,-1,-1
Tesla K20Xm,MatrixTranspose,TWO_D,3396,3396,16,64,1,43,252.416,15.551,0.003,-1,-1,-1
Tesla K20Xm,MatrixTranspose,TWO_D,3396,3396,32,1,1,43,252.553,15.603,0.002,-1,-1,-1
Tesla K20Xm,MatrixTranspose,TWO_D,3396,3396,32,2,1,43,253.104,15.562,0.003,-1,-1,-1
Tesla K20Xm,MatrixTranspose,TWO_D,3396,3396,32,4,1,43,252.389,15.54,0.002,-1,-1,-1
Tesla K20Xm,MatrixTranspose,TWO_D,3396,3396,32,8,1,43,252.429,15.563,0.002,-1,-1,-1
Tesla K20Xm,MatrixTranspose,TWO_D,3396,3396,32,16,1,43,252.57,15.552,0.002,-1,-1,-1
Tesla K20Xm,MatrixTranspose,TWO_D,3396,3396,32,32,1,43,252.494,15.518,0.002,-1,-1,-1
Tesla K20Xm,MatrixTranspose,TWO_D,3396,3396,64,1,1,43,253.014,15.668,0.002,-1,-1,-1
Tesla K20Xm,MatrixTranspose,TWO_D,3396,3396,64,2,1,43,252.888,15.664,0.002,-1,-1,-1
Tesla K20Xm,MatrixTranspose,TWO_D,3396,3396,64,4,1,43,253.231,15.503,0.002,-1,-1,-1
Tesla K20Xm,MatrixTranspose,TWO_D,3396,3396,64,8,1,43,252.441,15.518,0.002,-1,-1,-1
Tesla K20Xm,MatrixTranspose,TWO_D,3396,3396,64,16,1,43,252.522,15.535,0.002,-1,-1,-1
Tesla K20Xm,MatrixTranspose,TWO_D,3396,3396,128,1,1,43,252.788,15.55,0.002,-1,-1,-1
Tesla K20Xm,MatrixTranspose,TWO_D,3396,3396,128,2,1,43,252.408,15.527,0.002,-1,-1,-1
Tesla K20Xm,MatrixTranspose,TWO_D,3396,3396,128,4,1,43,252.461,15.562,0.003,-1,-1,-1
Tesla K20Xm,MatrixTranspose,TWO_D,3396,3396,128,8,1,43,252.86,15.723,0.003,-1,-1,-1
Tesla K20Xm,MatrixTranspose,TWO_D,3396,3396,256,1,1,43,252.617,15.509,0.002,-1,-1,-1
Tesla K20Xm,MatrixTranspose,TWO_D,3396,3396,256,2,1,43,252.403,15.496,0.002,-1,-1,-1
Tesla K20Xm,MatrixTranspose,TWO_D,3396,3396,256,4,1,43,252.547,15.601,0.003,-1,-1,-1
Tesla K20Xm,MatrixTranspose,TWO_D,3396,3396,512,1,1,43,252.65,15.575,0.003,-1,-1,-1
Tesla K20Xm,MatrixTranspose,TWO_D,3396,3396,512,2,1,43,252.449,15.511,0.003,-1,-1,-1
Tesla K20Xm,MatrixTranspose,TWO_D,3396,3396,1024,1,1,43,252.962,15.504,0.002,-1,-1,-1
