device/C,kernel/C,workDimension/C,N/F,P/F,M/F,xLocal/I,yLocal/I,zLocal/I,MB/F,init/F,memoryCopyOut/F,plan/F,execute/F,memoryCopyIn/F,cleanUp/F
Tesla K20Xm,MatrixMultiplication,TWO_D,2709,2709,2709,1,1,1,27,285.949,20.028,0.003,21544.9,14.307,0.911
Tesla K20Xm,MatrixMultiplication,TWO_D,2709,2709,2709,1,2,1,27,291.092,20.058,0.002,-1,-1,-1
Tesla K20Xm,MatrixMultiplication,TWO_D,2709,2709,2709,1,4,1,27,292.075,20.028,0.003,-1,-1,-1
Tesla K20Xm,MatrixMultiplication,TWO_D,2709,2709,2709,1,8,1,27,290.398,20.086,0.002,-1,-1,-1
Tesla K20Xm,MatrixMultiplication,TWO_D,2709,2709,2709,1,16,1,27,290.589,20.065,0.002,-1,-1,-1
Tesla K20Xm,MatrixMultiplication,TWO_D,2709,2709,2709,1,32,1,27,291.189,20.098,0.002,-1,-1,-1
Tesla K20Xm,MatrixMultiplication,TWO_D,2709,2709,2709,1,64,1,27,290.399,20.055,0.003,-1,-1,-1
Tesla K20Xm,MatrixMultiplication,TWO_D,2709,2709,2709,1,128,1,27,290.516,20.018,0.002,-1,-1,-1
Tesla K20Xm,MatrixMultiplication,TWO_D,2709,2709,2709,1,256,1,27,291.19,20.062,0.002,-1,-1,-1
Tesla K20Xm,MatrixMultiplication,TWO_D,2709,2709,2709,1,512,1,27,290.313,20.089,0.002,-1,-1,-1
Tesla K20Xm,MatrixMultiplication,TWO_D,2709,2709,2709,1,1024,1,27,290.646,20.096,0.002,-1,-1,-1
Tesla K20Xm,MatrixMultiplication,TWO_D,2709,2709,2709,2,1,1,27,291.172,20.04,0.002,-1,-1,-1
Tesla K20Xm,MatrixMultiplication,TWO_D,2709,2709,2709,2,2,1,27,290.47,20.064,0.002,-1,-1,-1
Tesla K20Xm,MatrixMultiplication,TWO_D,2709,2709,2709,2,4,1,27,290.48,20.155,0.002,-1,-1,-1
Tesla K20Xm,MatrixMultiplication,TWO_D,2709,2709,2709,2,8,1,27,291.138,20.018,0.002,-1,-1,-1
Tesla K20Xm,MatrixMultiplication,TWO_D,2709,2709,2709,2,16,1,27,290.43,20.023,0.002,-1,-1,-1
Tesla K20Xm,MatrixMultiplication,TWO_D,2709,2709,2709,2,32,1,27,290.6,20.073,0.002,-1,-1,-1
Tesla K20Xm,MatrixMultiplication,TWO_D,2709,2709,2709,2,64,1,27,291.083,20.117,0.002,-1,-1,-1
Tesla K20Xm,MatrixMultiplication,TWO_D,2709,2709,2709,2,128,1,27,290.559,20.037,0.002,-1,-1,-1
Tesla K20Xm,MatrixMultiplication,TWO_D,2709,2709,2709,2,256,1,27,290.488,20.02,0.002,-1,-1,-1
Tesla K20Xm,MatrixMultiplication,TWO_D,2709,2709,2709,2,512,1,27,291.174,20.104,0.003,-1,-1,-1
Tesla K20Xm,MatrixMultiplication,TWO_D,2709,2709,2709,4,1,1,27,290.502,20.057,0.003,-1,-1,-1
Tesla K20Xm,MatrixMultiplication,TWO_D,2709,2709,2709,4,2,1,27,290.459,20.072,0.002,-1,-1,-1
Tesla K20Xm,MatrixMultiplication,TWO_D,2709,2709,2709,4,4,1,27,291.004,20.31,0.003,-1,-1,-1
Tesla K20Xm,MatrixMultiplication,TWO_D,2709,2709,2709,4,8,1,27,290.453,20.055,0.002,-1,-1,-1
Tesla K20Xm,MatrixMultiplication,TWO_D,2709,2709,2709,4,16,1,27,290.369,20.043,0.002,-1,-1,-1
Tesla K20Xm,MatrixMultiplication,TWO_D,2709,2709,2709,4,32,1,27,290.836,20.174,0.003,-1,-1,-1
Tesla K20Xm,MatrixMultiplication,TWO_D,2709,2709,2709,4,64,1,27,290.468,20.044,0.002,-1,-1,-1
Tesla K20Xm,MatrixMultiplication,TWO_D,2709,2709,2709,4,128,1,27,290.379,20.049,0.003,-1,-1,-1
Tesla K20Xm,MatrixMultiplication,TWO_D,2709,2709,2709,4,256,1,27,290.885,20.056,0.003,-1,-1,-1
Tesla K20Xm,MatrixMultiplication,TWO_D,2709,2709,2709,8,1,1,27,290.688,20.092,0.002,-1,-1,-1
Tesla K20Xm,MatrixMultiplication,TWO_D,2709,2709,2709,8,2,1,27,290.448,20.124,0.002,-1,-1,-1
Tesla K20Xm,MatrixMultiplication,TWO_D,2709,2709,2709,8,4,1,27,290.77,20.242,0.003,-1,-1,-1
Tesla K20Xm,MatrixMultiplication,TWO_D,2709,2709,2709,8,8,1,27,291.216,20.016,0.003,-1,-1,-1
Tesla K20Xm,MatrixMultiplication,TWO_D,2709,2709,2709,8,16,1,27,290.943,20.044,0.002,-1,-1,-1
Tesla K20Xm,MatrixMultiplication,TWO_D,2709,2709,2709,8,32,1,27,291.089,20.125,0.002,-1,-1,-1
Tesla K20Xm,MatrixMultiplication,TWO_D,2709,2709,2709,8,64,1,27,290.859,20.151,0.002,-1,-1,-1
Tesla K20Xm,MatrixMultiplication,TWO_D,2709,2709,2709,8,128,1,27,290.433,20.026,0.002,-1,-1,-1
Tesla K20Xm,MatrixMultiplication,TWO_D,2709,2709,2709,16,1,1,27,290.725,20.037,0.002,-1,-1,-1
Tesla K20Xm,MatrixMultiplication,TWO_D,2709,2709,2709,16,2,1,27,290.904,20.024,0.002,-1,-1,-1
Tesla K20Xm,MatrixMultiplication,TWO_D,2709,2709,2709,16,4,1,27,290.428,20.082,0.002,-1,-1,-1
Tesla K20Xm,MatrixMultiplication,TWO_D,2709,2709,2709,16,8,1,27,290.616,20.113,0.002,-1,-1,-1
Tesla K20Xm,MatrixMultiplication,TWO_D,2709,2709,2709,16,16,1,27,291.046,20.028,0.002,-1,-1,-1
Tesla K20Xm,MatrixMultiplication,TWO_D,2709,2709,2709,16,32,1,27,290.438,20.065,0.002,-1,-1,-1
Tesla K20Xm,MatrixMultiplication,TWO_D,2709,2709,2709,16,64,1,27,290.573,20.185,0.002,-1,-1,-1
Tesla K20Xm,MatrixMultiplication,TWO_D,2709,2709,2709,32,1,1,27,291.139,20.033,0.002,-1,-1,-1
Tesla K20Xm,MatrixMultiplication,TWO_D,2709,2709,2709,32,2,1,27,290.444,20.03,0.002,-1,-1,-1
Tesla K20Xm,MatrixMultiplication,TWO_D,2709,2709,2709,32,4,1,27,290.762,20.046,0.003,-1,-1,-1
Tesla K20Xm,MatrixMultiplication,TWO_D,2709,2709,2709,32,8,1,27,291.282,20.071,0.002,-1,-1,-1
Tesla K20Xm,MatrixMultiplication,TWO_D,2709,2709,2709,32,16,1,27,290.357,20.076,0.002,-1,-1,-1
Tesla K20Xm,MatrixMultiplication,TWO_D,2709,2709,2709,32,32,1,27,290.567,20.071,0.002,-1,-1,-1
Tesla K20Xm,MatrixMultiplication,TWO_D,2709,2709,2709,64,1,1,27,291.147,20.152,0.002,-1,-1,-1
Tesla K20Xm,MatrixMultiplication,TWO_D,2709,2709,2709,64,2,1,27,290.356,20.05,0.002,-1,-1,-1
Tesla K20Xm,MatrixMultiplication,TWO_D,2709,2709,2709,64,4,1,27,290.535,20.022,0.002,-1,-1,-1
Tesla K20Xm,MatrixMultiplication,TWO_D,2709,2709,2709,64,8,1,27,291.131,20.038,0.003,-1,-1,-1
Tesla K20Xm,MatrixMultiplication,TWO_D,2709,2709,2709,64,16,1,27,290.314,20.093,0.002,-1,-1,-1
Tesla K20Xm,MatrixMultiplication,TWO_D,2709,2709,2709,128,1,1,27,290.605,20.077,0.003,-1,-1,-1
Tesla K20Xm,MatrixMultiplication,TWO_D,2709,2709,2709,128,2,1,27,291.144,20.041,0.002,-1,-1,-1
Tesla K20Xm,MatrixMultiplication,TWO_D,2709,2709,2709,128,4,1,27,290.445,20.047,0.003,-1,-1,-1
Tesla K20Xm,MatrixMultiplication,TWO_D,2709,2709,2709,128,8,1,27,290.464,20.143,0.002,-1,-1,-1
Tesla K20Xm,MatrixMultiplication,TWO_D,2709,2709,2709,256,1,1,27,291.121,20.108,0.002,-1,-1,-1
Tesla K20Xm,MatrixMultiplication,TWO_D,2709,2709,2709,256,2,1,27,290.356,20.023,0.002,-1,-1,-1
Tesla K20Xm,MatrixMultiplication,TWO_D,2709,2709,2709,256,4,1,27,290.566,20.065,0.003,-1,-1,-1
Tesla K20Xm,MatrixMultiplication,TWO_D,2709,2709,2709,512,1,1,27,291.625,20.14,0.002,-1,-1,-1
Tesla K20Xm,MatrixMultiplication,TWO_D,2709,2709,2709,512,2,1,27,292.84,20.004,0.002,-1,-1,-1
Tesla K20Xm,MatrixMultiplication,TWO_D,2709,2709,2709,1024,1,1,27,290.45,20.059,0.003,-1,-1,-1
Tesla K20Xm,MatrixMultiplication,TWO_D,2709,2709,2709,1,1,1,27,285.674,40.285,0.004,21584,13.924,0.844
Tesla K20Xm,MatrixMultiplication,TWO_D,2709,2709,2709,1,2,1,27,291.49,40.277,0.002,-1,-1,-1
Tesla K20Xm,MatrixMultiplication,TWO_D,2709,2709,2709,1,4,1,27,290.324,40.234,0.002,-1,-1,-1
Tesla K20Xm,MatrixMultiplication,TWO_D,2709,2709,2709,1,8,1,27,291.304,40.543,0.003,-1,-1,-1
Tesla K20Xm,MatrixMultiplication,TWO_D,2709,2709,2709,1,16,1,27,297.741,40.243,0.003,-1,-1,-1
Tesla K20Xm,MatrixMultiplication,TWO_D,2709,2709,2709,1,32,1,27,290.333,40.226,0.003,-1,-1,-1
Tesla K20Xm,MatrixMultiplication,TWO_D,2709,2709,2709,1,64,1,27,290.327,40.306,0.003,-1,-1,-1
Tesla K20Xm,MatrixMultiplication,TWO_D,2709,2709,2709,1,128,1,27,291.056,40.155,0.003,-1,-1,-1
Tesla K20Xm,MatrixMultiplication,TWO_D,2709,2709,2709,1,256,1,27,290.323,40.286,0.003,-1,-1,-1
Tesla K20Xm,MatrixMultiplication,TWO_D,2709,2709,2709,1,512,1,27,290.164,40.258,0.003,-1,-1,-1
Tesla K20Xm,MatrixMultiplication,TWO_D,2709,2709,2709,1,1024,1,27,290.419,40.204,0.003,-1,-1,-1
Tesla K20Xm,MatrixMultiplication,TWO_D,2709,2709,2709,2,1,1,27,290.463,40.26,0.003,-1,-1,-1
Tesla K20Xm,MatrixMultiplication,TWO_D,2709,2709,2709,2,2,1,27,290.835,40.4,0.003,-1,-1,-1
Tesla K20Xm,MatrixMultiplication,TWO_D,2709,2709,2709,2,4,1,27,290.176,40.285,0.003,-1,-1,-1
Tesla K20Xm,MatrixMultiplication,TWO_D,2709,2709,2709,2,8,1,27,290.429,40.258,0.003,-1,-1,-1
Tesla K20Xm,MatrixMultiplication,TWO_D,2709,2709,2709,2,16,1,27,290.484,40.367,0.002,-1,-1,-1
Tesla K20Xm,MatrixMultiplication,TWO_D,2709,2709,2709,2,32,1,27,290.172,40.25,0.003,-1,-1,-1
Tesla K20Xm,MatrixMultiplication,TWO_D,2709,2709,2709,2,64,1,27,291.41,40.205,0.002,-1,-1,-1
Tesla K20Xm,MatrixMultiplication,TWO_D,2709,2709,2709,2,128,1,27,291.511,40.234,0.003,-1,-1,-1
Tesla K20Xm,MatrixMultiplication,TWO_D,2709,2709,2709,2,256,1,27,290.151,40.207,0.003,-1,-1,-1
Tesla K20Xm,MatrixMultiplication,TWO_D,2709,2709,2709,2,512,1,27,290.343,40.27,0.004,-1,-1,-1
Tesla K20Xm,MatrixMultiplication,TWO_D,2709,2709,2709,4,1,1,27,290.441,40.217,0.003,-1,-1,-1
Tesla K20Xm,MatrixMultiplication,TWO_D,2709,2709,2709,4,2,1,27,290.226,40.278,0.002,-1,-1,-1
Tesla K20Xm,MatrixMultiplication,TWO_D,2709,2709,2709,4,4,1,27,290.482,40.226,0.003,-1,-1,-1
Tesla K20Xm,MatrixMultiplication,TWO_D,2709,2709,2709,4,8,1,27,291.782,40.314,0.003,-1,-1,-1
Tesla K20Xm,MatrixMultiplication,TWO_D,2709,2709,2709,4,16,1,27,290.274,40.228,0.003,-1,-1,-1
Tesla K20Xm,MatrixMultiplication,TWO_D,2709,2709,2709,4,32,1,27,290.435,40.244,0.003,-1,-1,-1
Tesla K20Xm,MatrixMultiplication,TWO_D,2709,2709,2709,4,64,1,27,290.442,40.24,0.003,-1,-1,-1
Tesla K20Xm,MatrixMultiplication,TWO_D,2709,2709,2709,4,128,1,27,290.297,40.303,0.003,-1,-1,-1
Tesla K20Xm,MatrixMultiplication,TWO_D,2709,2709,2709,4,256,1,27,290.307,40.198,0.003,-1,-1,-1
Tesla K20Xm,MatrixMultiplication,TWO_D,2709,2709,2709,8,1,1,27,291.503,40.248,0.003,-1,-1,-1
Tesla K20Xm,MatrixMultiplication,TWO_D,2709,2709,2709,8,2,1,27,290.497,40.235,0.003,-1,-1,-1
Tesla K20Xm,MatrixMultiplication,TWO_D,2709,2709,2709,8,4,1,27,290.631,40.342,0.002,-1,-1,-1
Tesla K20Xm,MatrixMultiplication,TWO_D,2709,2709,2709,8,8,1,27,290.525,40.263,0.003,-1,-1,-1
Tesla K20Xm,MatrixMultiplication,TWO_D,2709,2709,2709,8,16,1,27,290.302,40.315,0.003,-1,-1,-1
Tesla K20Xm,MatrixMultiplication,TWO_D,2709,2709,2709,8,32,1,27,290.503,40.844,0.003,-1,-1,-1
Tesla K20Xm,MatrixMultiplication,TWO_D,2709,2709,2709,8,64,1,27,291.395,40.202,0.003,-1,-1,-1
Tesla K20Xm,MatrixMultiplication,TWO_D,2709,2709,2709,8,128,1,27,290.554,40.199,0.003,-1,-1,-1
Tesla K20Xm,MatrixMultiplication,TWO_D,2709,2709,2709,16,1,1,27,290.279,40.278,0.003,-1,-1,-1
Tesla K20Xm,MatrixMultiplication,TWO_D,2709,2709,2709,16,2,1,27,290.317,40.234,0.003,-1,-1,-1
Tesla K20Xm,MatrixMultiplication,TWO_D,2709,2709,2709,16,4,1,27,290.473,40.28,0.003,-1,-1,-1
Tesla K20Xm,MatrixMultiplication,TWO_D,2709,2709,2709,16,8,1,27,291.027,40.574,0.003,-1,-1,-1
Tesla K20Xm,MatrixMultiplication,TWO_D,2709,2709,2709,16,16,1,27,290.186,40.235,0.003,-1,-1,-1
Tesla K20Xm,MatrixMultiplication,TWO_D,2709,2709,2709,16,32,1,27,290.521,40.169,0.003,-1,-1,-1
Tesla K20Xm,MatrixMultiplication,TWO_D,2709,2709,2709,16,64,1,27,290.482,40.315,0.002,-1,-1,-1
Tesla K20Xm,MatrixMultiplication,TWO_D,2709,2709,2709,32,1,1,27,290.162,40.297,0.003,-1,-1,-1
Tesla K20Xm,MatrixMultiplication,TWO_D,2709,2709,2709,32,2,1,27,290.331,40.221,0.002,-1,-1,-1
Tesla K20Xm,MatrixMultiplication,TWO_D,2709,2709,2709,32,4,1,27,291.853,40.234,0.003,-1,-1,-1
Tesla K20Xm,MatrixMultiplication,TWO_D,2709,2709,2709,32,8,1,27,290.258,40.266,0.003,-1,-1,-1
Tesla K20Xm,MatrixMultiplication,TWO_D,2709,2709,2709,32,16,1,27,290.356,40.177,0.003,-1,-1,-1
Tesla K20Xm,MatrixMultiplication,TWO_D,2709,2709,2709,32,32,1,27,290.428,40.262,0.003,-1,-1,-1
Tesla K20Xm,MatrixMultiplication,TWO_D,2709,2709,2709,64,1,1,27,290.361,40.482,0.003,-1,-1,-1
Tesla K20Xm,MatrixMultiplication,TWO_D,2709,2709,2709,64,2,1,27,290.896,40.314,0.003,-1,-1,-1
Tesla K20Xm,MatrixMultiplication,TWO_D,2709,2709,2709,64,4,1,27,291.336,40.203,0.003,-1,-1,-1
Tesla K20Xm,MatrixMultiplication,TWO_D,2709,2709,2709,64,8,1,27,290.301,40.289,0.003,-1,-1,-1
Tesla K20Xm,MatrixMultiplication,TWO_D,2709,2709,2709,64,16,1,27,290.285,40.211,0.003,-1,-1,-1
Tesla K20Xm,MatrixMultiplication,TWO_D,2709,2709,2709,128,1,1,27,290.513,40.263,0.003,-1,-1,-1
Tesla K20Xm,MatrixMultiplication,TWO_D,2709,2709,2709,128,2,1,27,290.334,40.21,0.003,-1,-1,-1
Tesla K20Xm,MatrixMultiplication,TWO_D,2709,2709,2709,128,4,1,27,290.351,40.084,0.003,-1,-1,-1
Tesla K20Xm,MatrixMultiplication,TWO_D,2709,2709,2709,128,8,1,27,291.259,40.211,0.003,-1,-1,-1
Tesla K20Xm,MatrixMultiplication,TWO_D,2709,2709,2709,256,1,1,27,290.338,40.242,0.003,-1,-1,-1
Tesla K20Xm,MatrixMultiplication,TWO_D,2709,2709,2709,256,2,1,27,290.386,40.34,0.003,-1,-1,-1
Tesla K20Xm,MatrixMultiplication,TWO_D,2709,2709,2709,256,4,1,27,290.549,40.24,0.002,-1,-1,-1
Tesla K20Xm,MatrixMultiplication,TWO_D,2709,2709,2709,512,1,1,27,290.549,40.384,0.002,-1,-1,-1
Tesla K20Xm,MatrixMultiplication,TWO_D,2709,2709,2709,512,2,1,27,290.841,39.911,0.003,-1,-1,-1
Tesla K20Xm,MatrixMultiplication,TWO_D,2709,2709,2709,1024,1,1,27,290.49,41.12,0.003,-1,-1,-1
Tesla K20Xm,MatrixMultiplication,TWO_D,2709,2709,2709,1,1,1,27,292.773,20.114,0.002,21605.7,13.994,0.654
Tesla K20Xm,MatrixMultiplication,TWO_D,2709,2709,2709,1,2,1,27,292.164,20.453,0.003,-1,-1,-1
Tesla K20Xm,MatrixMultiplication,TWO_D,2709,2709,2709,1,4,1,27,293.67,20.212,0.002,-1,-1,-1
Tesla K20Xm,MatrixMultiplication,TWO_D,2709,2709,2709,1,8,1,27,292.411,20.117,0.003,-1,-1,-1
Tesla K20Xm,MatrixMultiplication,TWO_D,2709,2709,2709,1,16,1,27,292.122,20.168,0.002,-1,-1,-1
Tesla K20Xm,MatrixMultiplication,TWO_D,2709,2709,2709,1,32,1,27,292.422,20.14,0.002,-1,-1,-1
Tesla K20Xm,MatrixMultiplication,TWO_D,2709,2709,2709,1,64,1,27,292.306,20.048,0.002,-1,-1,-1
Tesla K20Xm,MatrixMultiplication,TWO_D,2709,2709,2709,1,128,1,27,292.114,20.265,0.003,-1,-1,-1
Tesla K20Xm,MatrixMultiplication,TWO_D,2709,2709,2709,1,256,1,27,292.74,20.434,0.002,-1,-1,-1
Tesla K20Xm,MatrixMultiplication,TWO_D,2709,2709,2709,1,512,1,27,292.509,20.047,0.002,-1,-1,-1
Tesla K20Xm,MatrixMultiplication,TWO_D,2709,2709,2709,1,1024,1,27,292.014,20.148,0.002,-1,-1,-1
Tesla K20Xm,MatrixMultiplication,TWO_D,2709,2709,2709,2,1,1,27,292.139,20.178,0.002,-1,-1,-1
Tesla K20Xm,MatrixMultiplication,TWO_D,2709,2709,2709,2,2,1,27,292.365,20.057,0.002,-1,-1,-1
Tesla K20Xm,MatrixMultiplication,TWO_D,2709,2709,2709,2,4,1,27,292.025,20.059,0.003,-1,-1,-1
Tesla K20Xm,MatrixMultiplication,TWO_D,2709,2709,2709,2,8,1,27,292.842,20.205,0.003,-1,-1,-1
Tesla K20Xm,MatrixMultiplication,TWO_D,2709,2709,2709,2,16,1,27,292.861,20.23,0.002,-1,-1,-1
Tesla K20Xm,MatrixMultiplication,TWO_D,2709,2709,2709,2,32,1,27,291.939,20.107,0.002,-1,-1,-1
Tesla K20Xm,MatrixMultiplication,TWO_D,2709,2709,2709,2,64,1,27,292.356,20.042,0.002,-1,-1,-1
Tesla K20Xm,MatrixMultiplication,TWO_D,2709,2709,2709,2,128,1,27,292.469,20.179,0.003,-1,-1,-1
Tesla K20Xm,MatrixMultiplication,TWO_D,2709,2709,2709,2,256,1,27,291.926,20.136,0.003,-1,-1,-1
Tesla K20Xm,MatrixMultiplication,TWO_D,2709,2709,2709,2,512,1,27,292.453,20.23,0.002,-1,-1,-1
Tesla K20Xm,MatrixMultiplication,TWO_D,2709,2709,2709,4,1,1,27,296.307,20.055,0.002,-1,-1,-1
Tesla K20Xm,MatrixMultiplication,TWO_D,2709,2709,2709,4,2,1,27,291.948,20.23,0.003,-1,-1,-1
Tesla K20Xm,MatrixMultiplication,TWO_D,2709,2709,2709,4,4,1,27,292.423,20.119,0.002,-1,-1,-1
Tesla K20Xm,MatrixMultiplication,TWO_D,2709,2709,2709,4,8,1,27,292.417,20.049,0.002,-1,-1,-1
Tesla K20Xm,MatrixMultiplication,TWO_D,2709,2709,2709,4,16,1,27,300.261,21.029,0.003,-1,-1,-1
Tesla K20Xm,MatrixMultiplication,TWO_D,2709,2709,2709,4,32,1,27,292.895,20.107,0.002,-1,-1,-1
Tesla K20Xm,MatrixMultiplication,TWO_D,2709,2709,2709,4,64,1,27,293.169,20.109,0.002,-1,-1,-1
Tesla K20Xm,MatrixMultiplication,TWO_D,2709,2709,2709,4,128,1,27,292.005,20.05,0.002,-1,-1,-1
Tesla K20Xm,MatrixMultiplication,TWO_D,2709,2709,2709,4,256,1,27,292.247,20.25,0.002,-1,-1,-1
Tesla K20Xm,MatrixMultiplication,TWO_D,2709,2709,2709,8,1,1,27,292.397,20.135,0.002,-1,-1,-1
Tesla K20Xm,MatrixMultiplication,TWO_D,2709,2709,2709,8,2,1,27,292.058,20.08,0.003,-1,-1,-1
Tesla K20Xm,MatrixMultiplication,TWO_D,2709,2709,2709,8,4,1,27,292.321,20.092,0.003,-1,-1,-1
Tesla K20Xm,MatrixMultiplication,TWO_D,2709,2709,2709,8,8,1,27,293.469,20.291,0.003,-1,-1,-1
Tesla K20Xm,MatrixMultiplication,TWO_D,2709,2709,2709,8,16,1,27,292.146,20.124,0.003,-1,-1,-1
Tesla K20Xm,MatrixMultiplication,TWO_D,2709,2709,2709,8,32,1,27,292.43,20.069,0.002,-1,-1,-1
Tesla K20Xm,MatrixMultiplication,TWO_D,2709,2709,2709,8,64,1,27,292.52,20.102,0.002,-1,-1,-1
Tesla K20Xm,MatrixMultiplication,TWO_D,2709,2709,2709,8,128,1,27,292.46,20.074,0.002,-1,-1,-1
Tesla K20Xm,MatrixMultiplication,TWO_D,2709,2709,2709,16,1,1,27,292.401,20.078,0.003,-1,-1,-1
Tesla K20Xm,MatrixMultiplication,TWO_D,2709,2709,2709,16,2,1,27,293.32,20.132,0.003,-1,-1,-1
Tesla K20Xm,MatrixMultiplication,TWO_D,2709,2709,2709,16,4,1,27,292.145,20.21,0.002,-1,-1,-1
Tesla K20Xm,MatrixMultiplication,TWO_D,2709,2709,2709,16,8,1,27,292.364,20.093,0.002,-1,-1,-1
Tesla K20Xm,MatrixMultiplication,TWO_D,2709,2709,2709,16,16,1,27,292.38,20.085,0.002,-1,-1,-1
Tesla K20Xm,MatrixMultiplication,TWO_D,2709,2709,2709,16,32,1,27,292.228,20.06,0.002,-1,-1,-1
Tesla K20Xm,MatrixMultiplication,TWO_D,2709,2709,2709,16,64,1,27,292.163,20.252,0.002,-1,-1,-1
Tesla K20Xm,MatrixMultiplication,TWO_D,2709,2709,2709,32,1,1,27,293.744,20.323,0.002,-1,-1,-1
Tesla K20Xm,MatrixMultiplication,TWO_D,2709,2709,2709,32,2,1,27,292.249,20.076,0.002,-1,-1,-1
Tesla K20Xm,MatrixMultiplication,TWO_D,2709,2709,2709,32,4,1,27,292.443,20.069,0.002,-1,-1,-1
Tesla K20Xm,MatrixMultiplication,TWO_D,2709,2709,2709,32,8,1,27,292.288,20.1,0.002,-1,-1,-1
Tesla K20Xm,MatrixMultiplication,TWO_D,2709,2709,2709,32,16,1,27,292.223,20.081,0.003,-1,-1,-1
Tesla K20Xm,MatrixMultiplication,TWO_D,2709,2709,2709,32,32,1,27,292.267,20.106,0.003,-1,-1,-1
Tesla K20Xm,MatrixMultiplication,TWO_D,2709,2709,2709,64,1,1,27,293.536,20.197,0.002,-1,-1,-1
Tesla K20Xm,MatrixMultiplication,TWO_D,2709,2709,2709,64,2,1,27,292.192,20.109,0.002,-1,-1,-1
Tesla K20Xm,MatrixMultiplication,TWO_D,2709,2709,2709,64,4,1,27,292.319,20.131,0.003,-1,-1,-1
Tesla K20Xm,MatrixMultiplication,TWO_D,2709,2709,2709,64,8,1,27,292.255,20.073,0.002,-1,-1,-1
Tesla K20Xm,MatrixMultiplication,TWO_D,2709,2709,2709,64,16,1,27,292.127,20.232,0.002,-1,-1,-1
Tesla K20Xm,MatrixMultiplication,TWO_D,2709,2709,2709,128,1,1,27,292.188,20.161,0.003,-1,-1,-1
Tesla K20Xm,MatrixMultiplication,TWO_D,2709,2709,2709,128,2,1,27,293.702,20.033,0.002,-1,-1,-1
Tesla K20Xm,MatrixMultiplication,TWO_D,2709,2709,2709,128,4,1,27,292.19,20.053,0.002,-1,-1,-1
Tesla K20Xm,MatrixMultiplication,TWO_D,2709,2709,2709,128,8,1,27,292.024,20.178,0.002,-1,-1,-1
Tesla K20Xm,MatrixMultiplication,TWO_D,2709,2709,2709,256,1,1,27,292.18,20.278,0.002,-1,-1,-1
Tesla K20Xm,MatrixMultiplication,TWO_D,2709,2709,2709,256,2,1,27,292.346,20.043,0.002,-1,-1,-1
Tesla K20Xm,MatrixMultiplication,TWO_D,2709,2709,2709,256,4,1,27,292.903,20.303,0.003,-1,-1,-1
Tesla K20Xm,MatrixMultiplication,TWO_D,2709,2709,2709,512,1,1,27,292.902,20.336,0.003,-1,-1,-1
Tesla K20Xm,MatrixMultiplication,TWO_D,2709,2709,2709,512,2,1,27,292.307,20.073,0.003,-1,-1,-1
Tesla K20Xm,MatrixMultiplication,TWO_D,2709,2709,2709,1024,1,1,27,292.009,20.058,0.002,-1,-1,-1
Tesla K20Xm,MatrixMultiplication,TWO_D,2709,2709,2709,1,1,1,27,286.354,20.296,0.002,21602.3,14.586,0.897
Tesla K20Xm,MatrixMultiplication,TWO_D,2709,2709,2709,1,2,1,27,291.926,20.351,0.003,-1,-1,-1
Tesla K20Xm,MatrixMultiplication,TWO_D,2709,2709,2709,1,4,1,27,291.195,20.156,0.002,-1,-1,-1
Tesla K20Xm,MatrixMultiplication,TWO_D,2709,2709,2709,1,8,1,27,291.291,20.252,0.002,-1,-1,-1
Tesla K20Xm,MatrixMultiplication,TWO_D,2709,2709,2709,1,16,1,27,292.702,20.138,0.002,-1,-1,-1
Tesla K20Xm,MatrixMultiplication,TWO_D,2709,2709,2709,1,32,1,27,291.241,20.218,0.003,-1,-1,-1
Tesla K20Xm,MatrixMultiplication,TWO_D,2709,2709,2709,1,64,1,27,291.223,20.152,0.002,-1,-1,-1
Tesla K20Xm,MatrixMultiplication,TWO_D,2709,2709,2709,1,128,1,27,291.409,20.295,0.002,-1,-1,-1
Tesla K20Xm,MatrixMultiplication,TWO_D,2709,2709,2709,1,256,1,27,291.235,20.17,0.003,-1,-1,-1
Tesla K20Xm,MatrixMultiplication,TWO_D,2709,2709,2709,1,512,1,27,291.187,20.218,0.002,-1,-1,-1
Tesla K20Xm,MatrixMultiplication,TWO_D,2709,2709,2709,1,1024,1,27,292.74,20.198,0.003,-1,-1,-1
Tesla K20Xm,MatrixMultiplication,TWO_D,2709,2709,2709,2,1,1,27,291.239,20.161,0.002,-1,-1,-1
Tesla K20Xm,MatrixMultiplication,TWO_D,2709,2709,2709,2,2,1,27,291.185,20.196,0.003,-1,-1,-1
Tesla K20Xm,MatrixMultiplication,TWO_D,2709,2709,2709,2,4,1,27,291.415,20.211,0.002,-1,-1,-1
Tesla K20Xm,MatrixMultiplication,TWO_D,2709,2709,2709,2,8,1,27,291.305,20.214,0.002,-1,-1,-1
Tesla K20Xm,MatrixMultiplication,TWO_D,2709,2709,2709,2,16,1,27,291.982,20.162,0.002,-1,-1,-1
Tesla K20Xm,MatrixMultiplication,TWO_D,2709,2709,2709,2,32,1,27,292.502,20.195,0.002,-1,-1,-1
Tesla K20Xm,MatrixMultiplication,TWO_D,2709,2709,2709,2,64,1,27,291.344,20.142,0.002,-1,-1,-1
Tesla K20Xm,MatrixMultiplication,TWO_D,2709,2709,2709,2,128,1,27,291.147,20.173,0.003,-1,-1,-1
Tesla K20Xm,MatrixMultiplication,TWO_D,2709,2709,2709,2,256,1,27,291.381,20.183,0.002,-1,-1,-1
Tesla K20Xm,MatrixMultiplication,TWO_D,2709,2709,2709,2,512,1,27,291.239,20.191,0.003,-1,-1,-1
Tesla K20Xm,MatrixMultiplication,TWO_D,2709,2709,2709,4,1,1,27,291.359,20.164,0.003,-1,-1,-1
Tesla K20Xm,MatrixMultiplication,TWO_D,2709,2709,2709,4,2,1,27,292.741,20.167,0.002,-1,-1,-1
Tesla K20Xm,MatrixMultiplication,TWO_D,2709,2709,2709,4,4,1,27,291.313,20.229,0.003,-1,-1,-1
Tesla K20Xm,MatrixMultiplication,TWO_D,2709,2709,2709,4,8,1,27,291.203,20.2,0.002,-1,-1,-1
Tesla K20Xm,MatrixMultiplication,TWO_D,2709,2709,2709,4,16,1,27,291.394,20.346,0.002,-1,-1,-1
Tesla K20Xm,MatrixMultiplication,TWO_D,2709,2709,2709,4,32,1,27,291.337,20.169,0.002,-1,-1,-1
Tesla K20Xm,MatrixMultiplication,TWO_D,2709,2709,2709,4,64,1,27,291.165,20.195,0.002,-1,-1,-1
Tesla K20Xm,MatrixMultiplication,TWO_D,2709,2709,2709,4,128,1,27,292.171,20.435,0.002,-1,-1,-1
Tesla K20Xm,MatrixMultiplication,TWO_D,2709,2709,2709,4,256,1,27,291.309,20.223,0.002,-1,-1,-1
Tesla K20Xm,MatrixMultiplication,TWO_D,2709,2709,2709,8,1,1,27,291.188,20.224,0.003,-1,-1,-1
Tesla K20Xm,MatrixMultiplication,TWO_D,2709,2709,2709,8,2,1,27,291.301,20.333,0.003,-1,-1,-1
Tesla K20Xm,MatrixMultiplication,TWO_D,2709,2709,2709,8,4,1,27,291.481,20.221,0.002,-1,-1,-1
Tesla K20Xm,MatrixMultiplication,TWO_D,2709,2709,2709,8,8,1,27,291.113,20.203,0.002,-1,-1,-1
Tesla K20Xm,MatrixMultiplication,TWO_D,2709,2709,2709,8,16,1,27,292.142,20.216,0.002,-1,-1,-1
Tesla K20Xm,MatrixMultiplication,TWO_D,2709,2709,2709,8,32,1,27,291.933,20.221,0.002,-1,-1,-1
Tesla K20Xm,MatrixMultiplication,TWO_D,2709,2709,2709,8,64,1,27,291.147,20.241,0.003,-1,-1,-1
Tesla K20Xm,MatrixMultiplication,TWO_D,2709,2709,2709,8,128,1,27,291.58,20.15,0.002,-1,-1,-1
Tesla K20Xm,MatrixMultiplication,TWO_D,2709,2709,2709,16,1,1,27,291.487,20.226,0.002,-1,-1,-1
Tesla K20Xm,MatrixMultiplication,TWO_D,2709,2709,2709,16,2,1,27,291.205,20.191,0.003,-1,-1,-1
Tesla K20Xm,MatrixMultiplication,TWO_D,2709,2709,2709,16,4,1,27,291.338,20.509,0.002,-1,-1,-1
Tesla K20Xm,MatrixMultiplication,TWO_D,2709,2709,2709,16,8,1,27,291.876,20.158,0.003,-1,-1,-1
Tesla K20Xm,MatrixMultiplication,TWO_D,2709,2709,2709,16,16,1,27,291.178,20.21,0.002,-1,-1,-1
Tesla K20Xm,MatrixMultiplication,TWO_D,2709,2709,2709,16,32,1,27,291.33,20.193,0.003,-1,-1,-1
Tesla K20Xm,MatrixMultiplication,TWO_D,2709,2709,2709,16,64,1,27,291.426,20.174,0.002,-1,-1,-1
Tesla K20Xm,MatrixMultiplication,TWO_D,2709,2709,2709,32,1,1,27,291.148,20.193,0.002,-1,-1,-1
Tesla K20Xm,MatrixMultiplication,TWO_D,2709,2709,2709,32,2,1,27,291.241,20.23,0.002,-1,-1,-1
Tesla K20Xm,MatrixMultiplication,TWO_D,2709,2709,2709,32,4,1,27,292.495,20.246,0.003,-1,-1,-1
Tesla K20Xm,MatrixMultiplication,TWO_D,2709,2709,2709,32,8,1,27,291.157,20.19,0.002,-1,-1,-1
Tesla K20Xm,MatrixMultiplication,TWO_D,2709,2709,2709,32,16,1,27,291.24,20.199,0.002,-1,-1,-1
Tesla K20Xm,MatrixMultiplication,TWO_D,2709,2709,2709,32,32,1,27,291.46,20.211,0.003,-1,-1,-1
Tesla K20Xm,MatrixMultiplication,TWO_D,2709,2709,2709,64,1,1,27,291.724,20.191,0.003,-1,-1,-1
Tesla K20Xm,MatrixMultiplication,TWO_D,2709,2709,2709,64,2,1,27,291.944,20.274,0.002,-1,-1,-1
Tesla K20Xm,MatrixMultiplication,TWO_D,2709,2709,2709,64,4,1,27,292.45,20.2,0.003,-1,-1,-1
Tesla K20Xm,MatrixMultiplication,TWO_D,2709,2709,2709,64,8,1,27,291.29,20.171,0.003,-1,-1,-1
Tesla K20Xm,MatrixMultiplication,TWO_D,2709,2709,2709,64,16,1,27,291.189,20.214,0.002,-1,-1,-1
Tesla K20Xm,MatrixMultiplication,TWO_D,2709,2709,2709,128,1,1,27,291.424,20.194,0.002,-1,-1,-1
Tesla K20Xm,MatrixMultiplication,TWO_D,2709,2709,2709,128,2,1,27,291.156,20.22,0.003,-1,-1,-1
Tesla K20Xm,MatrixMultiplication,TWO_D,2709,2709,2709,128,4,1,27,291.286,20.204,0.006,-1,-1,-1
Tesla K20Xm,MatrixMultiplication,TWO_D,2709,2709,2709,128,8,1,27,292.513,20.268,0.003,-1,-1,-1
Tesla K20Xm,MatrixMultiplication,TWO_D,2709,2709,2709,256,1,1,27,291.198,20.164,0.003,-1,-1,-1
Tesla K20Xm,MatrixMultiplication,TWO_D,2709,2709,2709,256,2,1,27,291.334,20.218,0.002,-1,-1,-1
Tesla K20Xm,MatrixMultiplication,TWO_D,2709,2709,2709,256,4,1,27,291.391,20.235,0.002,-1,-1,-1
Tesla K20Xm,MatrixMultiplication,TWO_D,2709,2709,2709,512,1,1,27,291.29,20.148,0.002,-1,-1,-1
Tesla K20Xm,MatrixMultiplication,TWO_D,2709,2709,2709,512,2,1,27,291.276,20.195,0.003,-1,-1,-1
Tesla K20Xm,MatrixMultiplication,TWO_D,2709,2709,2709,1024,1,1,27,292.372,20.223,0.002,-1,-1,-1
Tesla K20Xm,MatrixMultiplication,TWO_D,2709,2709,2709,1,1,1,27,285.978,20.257,0.002,21604.7,14.398,0.904
Tesla K20Xm,MatrixMultiplication,TWO_D,2709,2709,2709,1,2,1,27,291.825,20.287,0.002,-1,-1,-1
Tesla K20Xm,MatrixMultiplication,TWO_D,2709,2709,2709,1,4,1,27,290.159,20.314,0.006,-1,-1,-1
Tesla K20Xm,MatrixMultiplication,TWO_D,2709,2709,2709,1,8,1,27,290.207,20.29,0.002,-1,-1,-1
Tesla K20Xm,MatrixMultiplication,TWO_D,2709,2709,2709,1,16,1,27,290.683,20.257,0.003,-1,-1,-1
Tesla K20Xm,MatrixMultiplication,TWO_D,2709,2709,2709,1,32,1,27,290.216,20.269,0.002,-1,-1,-1
Tesla K20Xm,MatrixMultiplication,TWO_D,2709,2709,2709,1,64,1,27,290.303,20.218,0.002,-1,-1,-1
Tesla K20Xm,MatrixMultiplication,TWO_D,2709,2709,2709,1,128,1,27,291.588,20.239,0.003,-1,-1,-1
Tesla K20Xm,MatrixMultiplication,TWO_D,2709,2709,2709,1,256,1,27,290.169,20.251,0.003,-1,-1,-1
Tesla K20Xm,MatrixMultiplication,TWO_D,2709,2709,2709,1,512,1,27,290.181,20.28,0.003,-1,-1,-1
Tesla K20Xm,MatrixMultiplication,TWO_D,2709,2709,2709,1,1024,1,27,290.531,20.233,0.002,-1,-1,-1
Tesla K20Xm,MatrixMultiplication,TWO_D,2709,2709,2709,2,1,1,27,290.632,20.209,0.003,-1,-1,-1
Tesla K20Xm,MatrixMultiplication,TWO_D,2709,2709,2709,2,2,1,27,290.682,20.253,0.002,-1,-1,-1
Tesla K20Xm,MatrixMultiplication,TWO_D,2709,2709,2709,2,4,1,27,291.709,20.302,0.003,-1,-1,-1
Tesla K20Xm,MatrixMultiplication,TWO_D,2709,2709,2709,2,8,1,27,290.211,20.236,0.003,-1,-1,-1
Tesla K20Xm,MatrixMultiplication,TWO_D,2709,2709,2709,2,16,1,27,290.266,20.215,0.002,-1,-1,-1
Tesla K20Xm,MatrixMultiplication,TWO_D,2709,2709,2709,2,32,1,27,290.464,20.241,0.003,-1,-1,-1
Tesla K20Xm,MatrixMultiplication,TWO_D,2709,2709,2709,2,64,1,27,290.211,20.239,0.003,-1,-1,-1
Tesla K20Xm,MatrixMultiplication,TWO_D,2709,2709,2709,2,128,1,27,290.428,20.221,0.002,-1,-1,-1
Tesla K20Xm,MatrixMultiplication,TWO_D,2709,2709,2709,2,256,1,27,291.686,20.194,0.003,-1,-1,-1
Tesla K20Xm,MatrixMultiplication,TWO_D,2709,2709,2709,2,512,1,27,290.185,20.303,0.002,-1,-1,-1
Tesla K20Xm,MatrixMultiplication,TWO_D,2709,2709,2709,4,1,1,27,290.233,20.323,0.003,-1,-1,-1
Tesla K20Xm,MatrixMultiplication,TWO_D,2709,2709,2709,4,2,1,27,290.581,20.228,0.003,-1,-1,-1
Tesla K20Xm,MatrixMultiplication,TWO_D,2709,2709,2709,4,4,1,27,290.349,20.248,0.002,-1,-1,-1
Tesla K20Xm,MatrixMultiplication,TWO_D,2709,2709,2709,4,8,1,27,290.316,20.26,0.002,-1,-1,-1
Tesla K20Xm,MatrixMultiplication,TWO_D,2709,2709,2709,4,16,1,27,291.442,20.228,0.002,-1,-1,-1
Tesla K20Xm,MatrixMultiplication,TWO_D,2709,2709,2709,4,32,1,27,290.413,20.233,0.002,-1,-1,-1
Tesla K20Xm,MatrixMultiplication,TWO_D,2709,2709,2709,4,64,1,27,290.35,20.256,0.003,-1,-1,-1
Tesla K20Xm,MatrixMultiplication,TWO_D,2709,2709,2709,4,128,1,27,290.523,20.253,0.002,-1,-1,-1
Tesla K20Xm,MatrixMultiplication,TWO_D,2709,2709,2709,4,256,1,27,290.331,20.207,0.003,-1,-1,-1
Tesla K20Xm,MatrixMultiplication,TWO_D,2709,2709,2709,8,1,1,27,290.251,20.314,0.002,-1,-1,-1
Tesla K20Xm,MatrixMultiplication,TWO_D,2709,2709,2709,8,2,1,27,291.6,20.234,0.002,-1,-1,-1
Tesla K20Xm,MatrixMultiplication,TWO_D,2709,2709,2709,8,4,1,27,290.289,20.273,0.002,-1,-1,-1
Tesla K20Xm,MatrixMultiplication,TWO_D,2709,2709,2709,8,8,1,27,290.35,20.216,0.002,-1,-1,-1
Tesla K20Xm,MatrixMultiplication,TWO_D,2709,2709,2709,8,16,1,27,290.603,20.302,0.003,-1,-1,-1
Tesla K20Xm,MatrixMultiplication,TWO_D,2709,2709,2709,8,32,1,27,290.283,20.262,0.003,-1,-1,-1
Tesla K20Xm,MatrixMultiplication,TWO_D,2709,2709,2709,8,64,1,27,290.137,20.341,0.002,-1,-1,-1
Tesla K20Xm,MatrixMultiplication,TWO_D,2709,2709,2709,8,128,1,27,291.217,20.763,0.003,-1,-1,-1
Tesla K20Xm,MatrixMultiplication,TWO_D,2709,2709,2709,16,1,1,27,290.26,20.207,0.002,-1,-1,-1
Tesla K20Xm,MatrixMultiplication,TWO_D,2709,2709,2709,16,2,1,27,290.166,20.284,0.002,-1,-1,-1
Tesla K20Xm,MatrixMultiplication,TWO_D,2709,2709,2709,16,4,1,27,290.09,20.411,0.002,-1,-1,-1
Tesla K20Xm,MatrixMultiplication,TWO_D,2709,2709,2709,16,8,1,27,290.525,20.236,0.002,-1,-1,-1
Tesla K20Xm,MatrixMultiplication,TWO_D,2709,2709,2709,16,16,1,27,290.181,20.268,0.003,-1,-1,-1
Tesla K20Xm,MatrixMultiplication,TWO_D,2709,2709,2709,16,32,1,27,290.785,20.223,0.002,-1,-1,-1
Tesla K20Xm,MatrixMultiplication,TWO_D,2709,2709,2709,16,64,1,27,291.034,20.307,0.003,-1,-1,-1
Tesla K20Xm,MatrixMultiplication,TWO_D,2709,2709,2709,32,1,1,27,290.163,20.239,0.003,-1,-1,-1
Tesla K20Xm,MatrixMultiplication,TWO_D,2709,2709,2709,32,2,1,27,290.24,20.276,0.003,-1,-1,-1
Tesla K20Xm,MatrixMultiplication,TWO_D,2709,2709,2709,32,4,1,27,290.647,20.245,0.002,-1,-1,-1
Tesla K20Xm,MatrixMultiplication,TWO_D,2709,2709,2709,32,8,1,27,290.633,20.268,0.002,-1,-1,-1
Tesla K20Xm,MatrixMultiplication,TWO_D,2709,2709,2709,32,16,1,27,290.665,20.485,0.003,-1,-1,-1
Tesla K20Xm,MatrixMultiplication,TWO_D,2709,2709,2709,32,32,1,27,291.087,20.26,0.003,-1,-1,-1
Tesla K20Xm,MatrixMultiplication,TWO_D,2709,2709,2709,64,1,1,27,290.386,20.267,0.002,-1,-1,-1
Tesla K20Xm,MatrixMultiplication,TWO_D,2709,2709,2709,64,2,1,27,290.485,20.213,0.003,-1,-1,-1
Tesla K20Xm,MatrixMultiplication,TWO_D,2709,2709,2709,64,4,1,27,290.561,20.199,0.003,-1,-1,-1
Tesla K20Xm,MatrixMultiplication,TWO_D,2709,2709,2709,64,8,1,27,290.162,20.244,0.002,-1,-1,-1
Tesla K20Xm,MatrixMultiplication,TWO_D,2709,2709,2709,64,16,1,27,290.375,20.264,0.002,-1,-1,-1
Tesla K20Xm,MatrixMultiplication,TWO_D,2709,2709,2709,128,1,1,27,291.675,20.205,0.003,-1,-1,-1
Tesla K20Xm,MatrixMultiplication,TWO_D,2709,2709,2709,128,2,1,27,290.175,20.217,0.002,-1,-1,-1
Tesla K20Xm,MatrixMultiplication,TWO_D,2709,2709,2709,128,4,1,27,290.336,20.268,0.002,-1,-1,-1
Tesla K20Xm,MatrixMultiplication,TWO_D,2709,2709,2709,128,8,1,27,290.912,20.303,0.003,-1,-1,-1
Tesla K20Xm,MatrixMultiplication,TWO_D,2709,2709,2709,256,1,1,27,290.203,20.248,0.002,-1,-1,-1
Tesla K20Xm,MatrixMultiplication,TWO_D,2709,2709,2709,256,2,1,27,290.375,20.274,0.003,-1,-1,-1
Tesla K20Xm,MatrixMultiplication,TWO_D,2709,2709,2709,256,4,1,27,291.604,20.213,0.002,-1,-1,-1
Tesla K20Xm,MatrixMultiplication,TWO_D,2709,2709,2709,512,1,1,27,290.159,20.288,0.002,-1,-1,-1
Tesla K20Xm,MatrixMultiplication,TWO_D,2709,2709,2709,512,2,1,27,290.33,20.217,0.002,-1,-1,-1
Tesla K20Xm,MatrixMultiplication,TWO_D,2709,2709,2709,1024,1,1,27,290.598,20.359,0.003,-1,-1,-1
Tesla K20Xm,MatrixMultiplication,TWO_D,2709,2709,2709,1,1,1,27,286.174,20.135,0.003,21607.7,14.301,0.789
Tesla K20Xm,MatrixMultiplication,TWO_D,2709,2709,2709,1,2,1,27,290.41,20.058,0.002,-1,-1,-1
Tesla K20Xm,MatrixMultiplication,TWO_D,2709,2709,2709,1,4,1,27,290.171,20.107,0.002,-1,-1,-1
Tesla K20Xm,MatrixMultiplication,TWO_D,2709,2709,2709,1,8,1,27,288.577,20.038,0.002,-1,-1,-1
Tesla K20Xm,MatrixMultiplication,TWO_D,2709,2709,2709,1,16,1,27,288.673,20.02,0.003,-1,-1,-1
Tesla K20Xm,MatrixMultiplication,TWO_D,2709,2709,2709,1,32,1,27,288.838,20.12,0.002,-1,-1,-1
Tesla K20Xm,MatrixMultiplication,TWO_D,2709,2709,2709,1,64,1,27,288.583,20.12,0.003,-1,-1,-1
Tesla K20Xm,MatrixMultiplication,TWO_D,2709,2709,2709,1,128,1,27,288.719,20.697,0.002,-1,-1,-1
Tesla K20Xm,MatrixMultiplication,TWO_D,2709,2709,2709,1,256,1,27,292.313,20.01,0.002,-1,-1,-1
Tesla K20Xm,MatrixMultiplication,TWO_D,2709,2709,2709,1,512,1,27,288.775,20.01,0.002,-1,-1,-1
Tesla K20Xm,MatrixMultiplication,TWO_D,2709,2709,2709,1,1024,1,27,288.612,20.116,0.002,-1,-1,-1
Tesla K20Xm,MatrixMultiplication,TWO_D,2709,2709,2709,2,1,1,27,288.857,20.051,0.003,-1,-1,-1
Tesla K20Xm,MatrixMultiplication,TWO_D,2709,2709,2709,2,2,1,27,288.758,20.036,0.002,-1,-1,-1
Tesla K20Xm,MatrixMultiplication,TWO_D,2709,2709,2709,2,4,1,27,288.631,20.069,0.003,-1,-1,-1
Tesla K20Xm,MatrixMultiplication,TWO_D,2709,2709,2709,2,8,1,27,290.215,20.105,0.002,-1,-1,-1
Tesla K20Xm,MatrixMultiplication,TWO_D,2709,2709,2709,2,16,1,27,288.781,20.049,0.002,-1,-1,-1
Tesla K20Xm,MatrixMultiplication,TWO_D,2709,2709,2709,2,32,1,27,288.616,19.971,0.002,-1,-1,-1
Tesla K20Xm,MatrixMultiplication,TWO_D,2709,2709,2709,2,64,1,27,289.111,20.177,0.006,-1,-1,-1
Tesla K20Xm,MatrixMultiplication,TWO_D,2709,2709,2709,2,128,1,27,288.725,20.085,0.002,-1,-1,-1
Tesla K20Xm,MatrixMultiplication,TWO_D,2709,2709,2709,2,256,1,27,288.593,20.029,0.002,-1,-1,-1
Tesla K20Xm,MatrixMultiplication,TWO_D,2709,2709,2709,2,512,1,27,290.147,20.333,0.002,-1,-1,-1
Tesla K20Xm,MatrixMultiplication,TWO_D,2709,2709,2709,4,1,1,27,288.68,20.02,0.003,-1,-1,-1
Tesla K20Xm,MatrixMultiplication,TWO_D,2709,2709,2709,4,2,1,27,288.533,20.068,0.002,-1,-1,-1
Tesla K20Xm,MatrixMultiplication,TWO_D,2709,2709,2709,4,4,1,27,288.661,20.163,0.002,-1,-1,-1
Tesla K20Xm,MatrixMultiplication,TWO_D,2709,2709,2709,4,8,1,27,288.875,20.049,0.002,-1,-1,-1
Tesla K20Xm,MatrixMultiplication,TWO_D,2709,2709,2709,4,16,1,27,288.687,20.002,0.001,-1,-1,-1
Tesla K20Xm,MatrixMultiplication,TWO_D,2709,2709,2709,4,32,1,27,289.22,20.041,0.002,-1,-1,-1
Tesla K20Xm,MatrixMultiplication,TWO_D,2709,2709,2709,4,64,1,27,289.384,20.024,0.002,-1,-1,-1
Tesla K20Xm,MatrixMultiplication,TWO_D,2709,2709,2709,4,128,1,27,288.562,20.05,0.002,-1,-1,-1
Tesla K20Xm,MatrixMultiplication,TWO_D,2709,2709,2709,4,256,1,27,288.743,20.043,0.002,-1,-1,-1
Tesla K20Xm,MatrixMultiplication,TWO_D,2709,2709,2709,8,1,1,27,289.112,19.997,0.002,-1,-1,-1
Tesla K20Xm,MatrixMultiplication,TWO_D,2709,2709,2709,8,2,1,27,288.848,20.13,0.003,-1,-1,-1
Tesla K20Xm,MatrixMultiplication,TWO_D,2709,2709,2709,8,4,1,27,289.055,20.124,0.002,-1,-1,-1
Tesla K20Xm,MatrixMultiplication,TWO_D,2709,2709,2709,8,8,1,27,289.821,20.016,0.003,-1,-1,-1
Tesla K20Xm,MatrixMultiplication,TWO_D,2709,2709,2709,8,16,1,27,288.614,20.015,0.003,-1,-1,-1
Tesla K20Xm,MatrixMultiplication,TWO_D,2709,2709,2709,8,32,1,27,288.46,20.084,0.002,-1,-1,-1
Tesla K20Xm,MatrixMultiplication,TWO_D,2709,2709,2709,8,64,1,27,288.949,20.073,0.002,-1,-1,-1
Tesla K20Xm,MatrixMultiplication,TWO_D,2709,2709,2709,8,128,1,27,288.633,20.019,0.001,-1,-1,-1
Tesla K20Xm,MatrixMultiplication,TWO_D,2709,2709,2709,16,1,1,27,288.691,20.027,0.002,-1,-1,-1
Tesla K20Xm,MatrixMultiplication,TWO_D,2709,2709,2709,16,2,1,27,289.852,20.123,0.002,-1,-1,-1
Tesla K20Xm,MatrixMultiplication,TWO_D,2709,2709,2709,16,4,1,27,288.583,19.982,0.002,-1,-1,-1
Tesla K20Xm,MatrixMultiplication,TWO_D,2709,2709,2709,16,8,1,27,288.634,20.004,0.003,-1,-1,-1
Tesla K20Xm,MatrixMultiplication,TWO_D,2709,2709,2709,16,16,1,27,288.881,20.133,0.002,-1,-1,-1
Tesla K20Xm,MatrixMultiplication,TWO_D,2709,2709,2709,16,32,1,27,288.649,20.133,0.002,-1,-1,-1
Tesla K20Xm,MatrixMultiplication,TWO_D,2709,2709,2709,16,64,1,27,288.693,20.062,0.002,-1,-1,-1
Tesla K20Xm,MatrixMultiplication,TWO_D,2709,2709,2709,32,1,1,27,290.147,20.011,0.002,-1,-1,-1
Tesla K20Xm,MatrixMultiplication,TWO_D,2709,2709,2709,32,2,1,27,288.767,20.026,0.002,-1,-1,-1
Tesla K20Xm,MatrixMultiplication,TWO_D,2709,2709,2709,32,4,1,27,288.661,20.168,0.003,-1,-1,-1
Tesla K20Xm,MatrixMultiplication,TWO_D,2709,2709,2709,32,8,1,27,288.958,20.022,0.002,-1,-1,-1
Tesla K20Xm,MatrixMultiplication,TWO_D,2709,2709,2709,32,16,1,27,288.716,19.978,0.003,-1,-1,-1
Tesla K20Xm,MatrixMultiplication,TWO_D,2709,2709,2709,32,32,1,27,288.586,20.011,0.003,-1,-1,-1
Tesla K20Xm,MatrixMultiplication,TWO_D,2709,2709,2709,64,1,1,27,290.271,20.027,0.003,-1,-1,-1
Tesla K20Xm,MatrixMultiplication,TWO_D,2709,2709,2709,64,2,1,27,288.699,20.083,0.003,-1,-1,-1
Tesla K20Xm,MatrixMultiplication,TWO_D,2709,2709,2709,64,4,1,27,288.617,20.005,0.002,-1,-1,-1
Tesla K20Xm,MatrixMultiplication,TWO_D,2709,2709,2709,64,8,1,27,289.011,20.017,0.002,-1,-1,-1
Tesla K20Xm,MatrixMultiplication,TWO_D,2709,2709,2709,64,16,1,27,288.691,20.037,0.003,-1,-1,-1
Tesla K20Xm,MatrixMultiplication,TWO_D,2709,2709,2709,128,1,1,27,288.577,20.092,0.003,-1,-1,-1
Tesla K20Xm,MatrixMultiplication,TWO_D,2709,2709,2709,128,2,1,27,289.831,20.395,0.003,-1,-1,-1
Tesla K20Xm,MatrixMultiplication,TWO_D,2709,2709,2709,128,4,1,27,288.669,20.032,0.002,-1,-1,-1
Tesla K20Xm,MatrixMultiplication,TWO_D,2709,2709,2709,128,8,1,27,288.538,20.041,0.002,-1,-1,-1
Tesla K20Xm,MatrixMultiplication,TWO_D,2709,2709,2709,256,1,1,27,288.664,20.17,0.002,-1,-1,-1
Tesla K20Xm,MatrixMultiplication,TWO_D,2709,2709,2709,256,2,1,27,288.613,20.028,0.002,-1,-1,-1
Tesla K20Xm,MatrixMultiplication,TWO_D,2709,2709,2709,256,4,1,27,288.532,20.005,0.002,-1,-1,-1
Tesla K20Xm,MatrixMultiplication,TWO_D,2709,2709,2709,512,1,1,27,289.284,20.044,0.002,-1,-1,-1
Tesla K20Xm,MatrixMultiplication,TWO_D,2709,2709,2709,512,2,1,27,289.292,20.089,0.002,-1,-1,-1
Tesla K20Xm,MatrixMultiplication,TWO_D,2709,2709,2709,1024,1,1,27,288.604,20.004,0.002,-1,-1,-1
Tesla K20Xm,MatrixMultiplication,TWO_D,2709,2709,2709,1,1,1,27,285.428,19.82,0.003,21608.3,13.424,0.923
Tesla K20Xm,MatrixMultiplication,TWO_D,2709,2709,2709,1,2,1,27,289.664,19.872,0.002,-1,-1,-1
Tesla K20Xm,MatrixMultiplication,TWO_D,2709,2709,2709,1,4,1,27,288.103,19.844,0.002,-1,-1,-1
Tesla K20Xm,MatrixMultiplication,TWO_D,2709,2709,2709,1,8,1,27,288.135,19.861,0.002,-1,-1,-1
Tesla K20Xm,MatrixMultiplication,TWO_D,2709,2709,2709,1,16,1,27,287.928,19.85,0.002,-1,-1,-1
Tesla K20Xm,MatrixMultiplication,TWO_D,2709,2709,2709,1,32,1,27,288.136,19.785,0.003,-1,-1,-1
Tesla K20Xm,MatrixMultiplication,TWO_D,2709,2709,2709,1,64,1,27,289.531,19.825,0.002,-1,-1,-1
Tesla K20Xm,MatrixMultiplication,TWO_D,2709,2709,2709,1,128,1,27,287.921,19.833,0.002,-1,-1,-1
Tesla K20Xm,MatrixMultiplication,TWO_D,2709,2709,2709,1,256,1,27,288.037,19.967,0.002,-1,-1,-1
Tesla K20Xm,MatrixMultiplication,TWO_D,2709,2709,2709,1,512,1,27,288.27,19.746,0.003,-1,-1,-1
Tesla K20Xm,MatrixMultiplication,TWO_D,2709,2709,2709,1,1024,1,27,288.068,19.982,0.003,-1,-1,-1
Tesla K20Xm,MatrixMultiplication,TWO_D,2709,2709,2709,2,1,1,27,288.602,19.816,0.002,-1,-1,-1
Tesla K20Xm,MatrixMultiplication,TWO_D,2709,2709,2709,2,2,1,27,289.134,19.886,0.002,-1,-1,-1
Tesla K20Xm,MatrixMultiplication,TWO_D,2709,2709,2709,2,4,1,27,287.961,19.847,0.003,-1,-1,-1
Tesla K20Xm,MatrixMultiplication,TWO_D,2709,2709,2709,2,8,1,27,288.128,19.81,0.002,-1,-1,-1
Tesla K20Xm,MatrixMultiplication,TWO_D,2709,2709,2709,2,16,1,27,288.116,19.81,0.002,-1,-1,-1
Tesla K20Xm,MatrixMultiplication,TWO_D,2709,2709,2709,2,32,1,27,287.966,19.811,0.002,-1,-1,-1
Tesla K20Xm,MatrixMultiplication,TWO_D,2709,2709,2709,2,64,1,27,288.161,19.984,0.003,-1,-1,-1
Tesla K20Xm,MatrixMultiplication,TWO_D,2709,2709,2709,2,128,1,27,289.565,19.767,0.002,-1,-1,-1
Tesla K20Xm,MatrixMultiplication,TWO_D,2709,2709,2709,2,256,1,27,288.042,19.842,0.002,-1,-1,-1
Tesla K20Xm,MatrixMultiplication,TWO_D,2709,2709,2709,2,512,1,27,288.071,19.903,0.003,-1,-1,-1
Tesla K20Xm,MatrixMultiplication,TWO_D,2709,2709,2709,4,1,1,27,288.159,19.983,0.003,-1,-1,-1
Tesla K20Xm,MatrixMultiplication,TWO_D,2709,2709,2709,4,2,1,27,288.138,19.846,0.003,-1,-1,-1
Tesla K20Xm,MatrixMultiplication,TWO_D,2709,2709,2709,4,4,1,27,287.989,19.836,0.002,-1,-1,-1
Tesla K20Xm,MatrixMultiplication,TWO_D,2709,2709,2709,4,8,1,27,288.771,20.029,0.003,-1,-1,-1
Tesla K20Xm,MatrixMultiplication,TWO_D,2709,2709,2709,4,16,1,27,288.34,19.912,0.002,-1,-1,-1
Tesla K20Xm,MatrixMultiplication,TWO_D,2709,2709,2709,4,32,1,27,287.901,19.824,0.002,-1,-1,-1
Tesla K20Xm,MatrixMultiplication,TWO_D,2709,2709,2709,4,64,1,27,288.235,19.794,0.002,-1,-1,-1
Tesla K20Xm,MatrixMultiplication,TWO_D,2709,2709,2709,4,128,1,27,288.312,19.806,0.002,-1,-1,-1
Tesla K20Xm,MatrixMultiplication,TWO_D,2709,2709,2709,4,256,1,27,287.946,19.792,0.003,-1,-1,-1
Tesla K20Xm,MatrixMultiplication,TWO_D,2709,2709,2709,8,1,1,27,288.265,20.323,0.002,-1,-1,-1
Tesla K20Xm,MatrixMultiplication,TWO_D,2709,2709,2709,8,2,1,27,289.058,19.841,0.003,-1,-1,-1
Tesla K20Xm,MatrixMultiplication,TWO_D,2709,2709,2709,8,4,1,27,287.965,19.774,0.003,-1,-1,-1
Tesla K20Xm,MatrixMultiplication,TWO_D,2709,2709,2709,8,8,1,27,288.139,19.828,0.002,-1,-1,-1
Tesla K20Xm,MatrixMultiplication,TWO_D,2709,2709,2709,8,16,1,27,288.172,19.829,0.002,-1,-1,-1
Tesla K20Xm,MatrixMultiplication,TWO_D,2709,2709,2709,8,32,1,27,288.103,19.846,0.002,-1,-1,-1
Tesla K20Xm,MatrixMultiplication,TWO_D,2709,2709,2709,8,64,1,27,288.159,19.786,0.003,-1,-1,-1
Tesla K20Xm,MatrixMultiplication,TWO_D,2709,2709,2709,8,128,1,27,289.239,19.805,0.002,-1,-1,-1
Tesla K20Xm,MatrixMultiplication,TWO_D,2709,2709,2709,16,1,1,27,287.953,19.905,0.003,-1,-1,-1
Tesla K20Xm,MatrixMultiplication,TWO_D,2709,2709,2709,16,2,1,27,288.117,19.855,0.003,-1,-1,-1
Tesla K20Xm,MatrixMultiplication,TWO_D,2709,2709,2709,16,4,1,27,288.295,19.809,0.002,-1,-1,-1
Tesla K20Xm,MatrixMultiplication,TWO_D,2709,2709,2709,16,8,1,27,287.941,19.768,0.002,-1,-1,-1
Tesla K20Xm,MatrixMultiplication,TWO_D,2709,2709,2709,16,16,1,27,288.151,19.813,0.002,-1,-1,-1
Tesla K20Xm,MatrixMultiplication,TWO_D,2709,2709,2709,16,32,1,27,289.092,19.838,0.003,-1,-1,-1
Tesla K20Xm,MatrixMultiplication,TWO_D,2709,2709,2709,16,64,1,27,288.018,19.866,0.002,-1,-1,-1
Tesla K20Xm,MatrixMultiplication,TWO_D,2709,2709,2709,32,1,1,27,288.119,19.78,0.002,-1,-1,-1
Tesla K20Xm,MatrixMultiplication,TWO_D,2709,2709,2709,32,2,1,27,288.197,19.809,0.003,-1,-1,-1
Tesla K20Xm,MatrixMultiplication,TWO_D,2709,2709,2709,32,4,1,27,287.946,19.845,0.002,-1,-1,-1
Tesla K20Xm,MatrixMultiplication,TWO_D,2709,2709,2709,32,8,1,27,288.863,19.9,0.002,-1,-1,-1
Tesla K20Xm,MatrixMultiplication,TWO_D,2709,2709,2709,32,16,1,27,289.266,19.822,0.002,-1,-1,-1
Tesla K20Xm,MatrixMultiplication,TWO_D,2709,2709,2709,32,32,1,27,287.966,19.831,0.003,-1,-1,-1
Tesla K20Xm,MatrixMultiplication,TWO_D,2709,2709,2709,64,1,1,27,287.996,19.817,0.003,-1,-1,-1
Tesla K20Xm,MatrixMultiplication,TWO_D,2709,2709,2709,64,2,1,27,288.161,19.903,0.002,-1,-1,-1
Tesla K20Xm,MatrixMultiplication,TWO_D,2709,2709,2709,64,4,1,27,287.97,19.858,0.002,-1,-1,-1
Tesla K20Xm,MatrixMultiplication,TWO_D,2709,2709,2709,64,8,1,27,287.903,19.841,0.002,-1,-1,-1
Tesla K20Xm,MatrixMultiplication,TWO_D,2709,2709,2709,64,16,1,27,288.643,20.092,0.002,-1,-1,-1
Tesla K20Xm,MatrixMultiplication,TWO_D,2709,2709,2709,128,1,1,27,288.246,19.909,0.002,-1,-1,-1
Tesla K20Xm,MatrixMultiplication,TWO_D,2709,2709,2709,128,2,1,27,287.841,19.84,0.002,-1,-1,-1
Tesla K20Xm,MatrixMultiplication,TWO_D,2709,2709,2709,128,4,1,27,288.1,19.849,0.003,-1,-1,-1
Tesla K20Xm,MatrixMultiplication,TWO_D,2709,2709,2709,128,8,1,27,288.257,19.811,0.002,-1,-1,-1
Tesla K20Xm,MatrixMultiplication,TWO_D,2709,2709,2709,256,1,1,27,287.949,19.812,0.002,-1,-1,-1
Tesla K20Xm,MatrixMultiplication,TWO_D,2709,2709,2709,256,2,1,27,288.225,20.174,0.002,-1,-1,-1
Tesla K20Xm,MatrixMultiplication,TWO_D,2709,2709,2709,256,4,1,27,288.798,19.849,0.002,-1,-1,-1
Tesla K20Xm,MatrixMultiplication,TWO_D,2709,2709,2709,512,1,1,27,288.105,19.79,0.002,-1,-1,-1
Tesla K20Xm,MatrixMultiplication,TWO_D,2709,2709,2709,512,2,1,27,288.356,19.858,0.002,-1,-1,-1
Tesla K20Xm,MatrixMultiplication,TWO_D,2709,2709,2709,1024,1,1,27,288.266,19.842,0.002,-1,-1,-1
Tesla K20Xm,MatrixMultiplication,TWO_D,2709,2709,2709,1,1,1,27,286.161,20.016,0.003,21606.5,13.74,0.933
Tesla K20Xm,MatrixMultiplication,TWO_D,2709,2709,2709,1,2,1,27,296.787,19.976,0.003,-1,-1,-1
Tesla K20Xm,MatrixMultiplication,TWO_D,2709,2709,2709,1,4,1,27,289.026,20.029,0.003,-1,-1,-1
Tesla K20Xm,MatrixMultiplication,TWO_D,2709,2709,2709,1,8,1,27,289.196,20.006,0.002,-1,-1,-1
Tesla K20Xm,MatrixMultiplication,TWO_D,2709,2709,2709,1,16,1,27,288.806,20.058,0.002,-1,-1,-1
Tesla K20Xm,MatrixMultiplication,TWO_D,2709,2709,2709,1,32,1,27,289.009,20.004,0.002,-1,-1,-1
Tesla K20Xm,MatrixMultiplication,TWO_D,2709,2709,2709,1,64,1,27,290.233,20.006,0.003,-1,-1,-1
Tesla K20Xm,MatrixMultiplication,TWO_D,2709,2709,2709,1,128,1,27,288.807,20.043,0.002,-1,-1,-1
Tesla K20Xm,MatrixMultiplication,TWO_D,2709,2709,2709,1,256,1,27,289.005,20.062,0.003,-1,-1,-1
Tesla K20Xm,MatrixMultiplication,TWO_D,2709,2709,2709,1,512,1,27,289.137,20.043,0.002,-1,-1,-1
Tesla K20Xm,MatrixMultiplication,TWO_D,2709,2709,2709,1,1024,1,27,288.846,20.042,0.003,-1,-1,-1
Tesla K20Xm,MatrixMultiplication,TWO_D,2709,2709,2709,2,1,1,27,288.974,20.045,0.003,-1,-1,-1
Tesla K20Xm,MatrixMultiplication,TWO_D,2709,2709,2709,2,2,1,27,290.241,20.037,0.002,-1,-1,-1
Tesla K20Xm,MatrixMultiplication,TWO_D,2709,2709,2709,2,4,1,27,288.937,20.02,0.003,-1,-1,-1
Tesla K20Xm,MatrixMultiplication,TWO_D,2709,2709,2709,2,8,1,27,289.037,22.166,0.003,-1,-1,-1
Tesla K20Xm,MatrixMultiplication,TWO_D,2709,2709,2709,2,16,1,27,289.084,20.057,0.002,-1,-1,-1
Tesla K20Xm,MatrixMultiplication,TWO_D,2709,2709,2709,2,32,1,27,288.865,20.088,0.002,-1,-1,-1
Tesla K20Xm,MatrixMultiplication,TWO_D,2709,2709,2709,2,64,1,27,288.875,20.04,0.002,-1,-1,-1
Tesla K20Xm,MatrixMultiplication,TWO_D,2709,2709,2709,2,128,1,27,290.766,20.043,0.002,-1,-1,-1
Tesla K20Xm,MatrixMultiplication,TWO_D,2709,2709,2709,2,256,1,27,288.772,20.058,0.002,-1,-1,-1
Tesla K20Xm,MatrixMultiplication,TWO_D,2709,2709,2709,2,512,1,27,288.899,20.049,0.002,-1,-1,-1
Tesla K20Xm,MatrixMultiplication,TWO_D,2709,2709,2709,4,1,1,27,289.037,20.006,0.003,-1,-1,-1
Tesla K20Xm,MatrixMultiplication,TWO_D,2709,2709,2709,4,2,1,27,288.892,20.025,0.002,-1,-1,-1
Tesla K20Xm,MatrixMultiplication,TWO_D,2709,2709,2709,4,4,1,27,289.699,20.091,0.002,-1,-1,-1
Tesla K20Xm,MatrixMultiplication,TWO_D,2709,2709,2709,4,8,1,27,290.165,20.025,0.002,-1,-1,-1
Tesla K20Xm,MatrixMultiplication,TWO_D,2709,2709,2709,4,16,1,27,288.907,20.032,0.003,-1,-1,-1
Tesla K20Xm,MatrixMultiplication,TWO_D,2709,2709,2709,4,32,1,27,288.844,20.018,0.002,-1,-1,-1
Tesla K20Xm,MatrixMultiplication,TWO_D,2709,2709,2709,4,64,1,27,289.111,20.106,0.003,-1,-1,-1
Tesla K20Xm,MatrixMultiplication,TWO_D,2709,2709,2709,4,128,1,27,288.789,20.014,0.002,-1,-1,-1
Tesla K20Xm,MatrixMultiplication,TWO_D,2709,2709,2709,4,256,1,27,288.856,20.077,0.003,-1,-1,-1
Tesla K20Xm,MatrixMultiplication,TWO_D,2709,2709,2709,8,1,1,27,290.213,20.343,0.003,-1,-1,-1
Tesla K20Xm,MatrixMultiplication,TWO_D,2709,2709,2709,8,2,1,27,288.892,20.11,0.002,-1,-1,-1
Tesla K20Xm,MatrixMultiplication,TWO_D,2709,2709,2709,8,4,1,27,288.799,20.07,0.003,-1,-1,-1
Tesla K20Xm,MatrixMultiplication,TWO_D,2709,2709,2709,8,8,1,27,288.868,20.162,0.002,-1,-1,-1
Tesla K20Xm,MatrixMultiplication,TWO_D,2709,2709,2709,8,16,1,27,289.025,20.056,0.002,-1,-1,-1
Tesla K20Xm,MatrixMultiplication,TWO_D,2709,2709,2709,8,32,1,27,288.973,20.017,0.002,-1,-1,-1
Tesla K20Xm,MatrixMultiplication,TWO_D,2709,2709,2709,8,64,1,27,289.518,20.062,0.002,-1,-1,-1
Tesla K20Xm,MatrixMultiplication,TWO_D,2709,2709,2709,8,128,1,27,289.642,20.041,0.003,-1,-1,-1
Tesla K20Xm,MatrixMultiplication,TWO_D,2709,2709,2709,16,1,1,27,288.833,20.022,0.002,-1,-1,-1
Tesla K20Xm,MatrixMultiplication,TWO_D,2709,2709,2709,16,2,1,27,289.042,20.019,0.002,-1,-1,-1
Tesla K20Xm,MatrixMultiplication,TWO_D,2709,2709,2709,16,4,1,27,289.103,20.061,0.002,-1,-1,-1
Tesla K20Xm,MatrixMultiplication,TWO_D,2709,2709,2709,16,8,1,27,288.796,20.011,0.002,-1,-1,-1
Tesla K20Xm,MatrixMultiplication,TWO_D,2709,2709,2709,16,16,1,27,288.91,20.045,0.003,-1,-1,-1
Tesla K20Xm,MatrixMultiplication,TWO_D,2709,2709,2709,16,32,1,27,290.112,20.012,0.002,-1,-1,-1
Tesla K20Xm,MatrixMultiplication,TWO_D,2709,2709,2709,16,64,1,27,288.733,20.027,0.002,-1,-1,-1
Tesla K20Xm,MatrixMultiplication,TWO_D,2709,2709,2709,32,1,1,27,288.985,20.044,0.003,-1,-1,-1
Tesla K20Xm,MatrixMultiplication,TWO_D,2709,2709,2709,32,2,1,27,289.094,20.073,0.003,-1,-1,-1
Tesla K20Xm,MatrixMultiplication,TWO_D,2709,2709,2709,32,4,1,27,288.789,20.011,0.002,-1,-1,-1
Tesla K20Xm,MatrixMultiplication,TWO_D,2709,2709,2709,32,8,1,27,288.975,20.072,0.002,-1,-1,-1
Tesla K20Xm,MatrixMultiplication,TWO_D,2709,2709,2709,32,16,1,27,290.023,20.006,0.002,-1,-1,-1
Tesla K20Xm,MatrixMultiplication,TWO_D,2709,2709,2709,32,32,1,27,288.774,20.074,0.002,-1,-1,-1
Tesla K20Xm,MatrixMultiplication,TWO_D,2709,2709,2709,64,1,1,27,288.92,19.994,0.002,-1,-1,-1
Tesla K20Xm,MatrixMultiplication,TWO_D,2709,2709,2709,64,2,1,27,289.067,20.072,0.003,-1,-1,-1
Tesla K20Xm,MatrixMultiplication,TWO_D,2709,2709,2709,64,4,1,27,288.868,19.976,0.002,-1,-1,-1
Tesla K20Xm,MatrixMultiplication,TWO_D,2709,2709,2709,64,8,1,27,288.891,20.119,0.002,-1,-1,-1
Tesla K20Xm,MatrixMultiplication,TWO_D,2709,2709,2709,64,16,1,27,290.251,20.085,0.002,-1,-1,-1
Tesla K20Xm,MatrixMultiplication,TWO_D,2709,2709,2709,128,1,1,27,288.906,20.065,0.003,-1,-1,-1
Tesla K20Xm,MatrixMultiplication,TWO_D,2709,2709,2709,128,2,1,27,288.85,19.985,0.003,-1,-1,-1
Tesla K20Xm,MatrixMultiplication,TWO_D,2709,2709,2709,128,4,1,27,289.039,20.039,0.002,-1,-1,-1
Tesla K20Xm,MatrixMultiplication,TWO_D,2709,2709,2709,128,8,1,27,288.895,20.021,0.003,-1,-1,-1
Tesla K20Xm,MatrixMultiplication,TWO_D,2709,2709,2709,256,1,1,27,289.812,20.029,0.002,-1,-1,-1
Tesla K20Xm,MatrixMultiplication,TWO_D,2709,2709,2709,256,2,1,27,290.142,19.995,0.002,-1,-1,-1
Tesla K20Xm,MatrixMultiplication,TWO_D,2709,2709,2709,256,4,1,27,289.025,19.989,0.002,-1,-1,-1
Tesla K20Xm,MatrixMultiplication,TWO_D,2709,2709,2709,512,1,1,27,288.868,20.064,0.003,-1,-1,-1
Tesla K20Xm,MatrixMultiplication,TWO_D,2709,2709,2709,512,2,1,27,289.079,20.02,0.002,-1,-1,-1
Tesla K20Xm,MatrixMultiplication,TWO_D,2709,2709,2709,1024,1,1,27,288.827,20.061,0.002,-1,-1,-1
Tesla K20Xm,MatrixMultiplication,TWO_D,2709,2709,2709,1,1,1,27,287.918,20.326,0.003,21609.4,14.451,0.938
Tesla K20Xm,MatrixMultiplication,TWO_D,2709,2709,2709,1,2,1,27,290.847,20.071,0.003,-1,-1,-1
Tesla K20Xm,MatrixMultiplication,TWO_D,2709,2709,2709,1,4,1,27,290.726,20.002,0.002,-1,-1,-1
Tesla K20Xm,MatrixMultiplication,TWO_D,2709,2709,2709,1,8,1,27,290.033,20.11,0.002,-1,-1,-1
Tesla K20Xm,MatrixMultiplication,TWO_D,2709,2709,2709,1,16,1,27,290.07,19.986,0.002,-1,-1,-1
Tesla K20Xm,MatrixMultiplication,TWO_D,2709,2709,2709,1,32,1,27,290.364,20.015,0.002,-1,-1,-1
Tesla K20Xm,MatrixMultiplication,TWO_D,2709,2709,2709,1,64,1,27,290.032,20.025,0.002,-1,-1,-1
Tesla K20Xm,MatrixMultiplication,TWO_D,2709,2709,2709,1,128,1,27,290,20.286,0.003,-1,-1,-1
Tesla K20Xm,MatrixMultiplication,TWO_D,2709,2709,2709,1,256,1,27,291.088,19.998,0.002,-1,-1,-1
Tesla K20Xm,MatrixMultiplication,TWO_D,2709,2709,2709,1,512,1,27,290.027,20.052,0.002,-1,-1,-1
Tesla K20Xm,MatrixMultiplication,TWO_D,2709,2709,2709,1,1024,1,27,289.972,20.024,0.003,-1,-1,-1
Tesla K20Xm,MatrixMultiplication,TWO_D,2709,2709,2709,2,1,1,27,290.433,19.96,0.002,-1,-1,-1
Tesla K20Xm,MatrixMultiplication,TWO_D,2709,2709,2709,2,2,1,27,289.981,19.993,0.002,-1,-1,-1
Tesla K20Xm,MatrixMultiplication,TWO_D,2709,2709,2709,2,4,1,27,290.003,20.075,0.002,-1,-1,-1
Tesla K20Xm,MatrixMultiplication,TWO_D,2709,2709,2709,2,8,1,27,291.473,20.012,0.002,-1,-1,-1
Tesla K20Xm,MatrixMultiplication,TWO_D,2709,2709,2709,2,16,1,27,292.856,19.94,0.002,-1,-1,-1
Tesla K20Xm,MatrixMultiplication,TWO_D,2709,2709,2709,2,32,1,27,289.986,19.939,0.002,-1,-1,-1
Tesla K20Xm,MatrixMultiplication,TWO_D,2709,2709,2709,2,64,1,27,290.485,20.064,0.002,-1,-1,-1
Tesla K20Xm,MatrixMultiplication,TWO_D,2709,2709,2709,2,128,1,27,289.943,20.025,0.003,-1,-1,-1
Tesla K20Xm,MatrixMultiplication,TWO_D,2709,2709,2709,2,256,1,27,291.127,20.001,0.002,-1,-1,-1
Tesla K20Xm,MatrixMultiplication,TWO_D,2709,2709,2709,2,512,1,27,299.947,20.02,0.003,-1,-1,-1
Tesla K20Xm,MatrixMultiplication,TWO_D,2709,2709,2709,4,1,1,27,289.992,19.977,0.002,-1,-1,-1
Tesla K20Xm,MatrixMultiplication,TWO_D,2709,2709,2709,4,2,1,27,289.954,19.994,0.003,-1,-1,-1
Tesla K20Xm,MatrixMultiplication,TWO_D,2709,2709,2709,4,4,1,27,290.274,19.988,0.002,-1,-1,-1
Tesla K20Xm,MatrixMultiplication,TWO_D,2709,2709,2709,4,8,1,27,290.02,20.047,0.002,-1,-1,-1
Tesla K20Xm,MatrixMultiplication,TWO_D,2709,2709,2709,4,16,1,27,289.958,19.994,0.002,-1,-1,-1
Tesla K20Xm,MatrixMultiplication,TWO_D,2709,2709,2709,4,32,1,27,291.221,20.007,0.002,-1,-1,-1
Tesla K20Xm,MatrixMultiplication,TWO_D,2709,2709,2709,4,64,1,27,289.991,19.957,0.003,-1,-1,-1
Tesla K20Xm,MatrixMultiplication,TWO_D,2709,2709,2709,4,128,1,27,290.006,20.064,0.003,-1,-1,-1
Tesla K20Xm,MatrixMultiplication,TWO_D,2709,2709,2709,4,256,1,27,290.268,20.022,0.002,-1,-1,-1
Tesla K20Xm,MatrixMultiplication,TWO_D,2709,2709,2709,8,1,1,27,290.068,19.952,0.002,-1,-1,-1
Tesla K20Xm,MatrixMultiplication,TWO_D,2709,2709,2709,8,2,1,27,290.768,20.026,0.003,-1,-1,-1
Tesla K20Xm,MatrixMultiplication,TWO_D,2709,2709,2709,8,4,1,27,291.501,20.042,0.002,-1,-1,-1
Tesla K20Xm,MatrixMultiplication,TWO_D,2709,2709,2709,8,8,1,27,290.071,19.998,0.002,-1,-1,-1
Tesla K20Xm,MatrixMultiplication,TWO_D,2709,2709,2709,8,16,1,27,290.118,19.973,0.002,-1,-1,-1
Tesla K20Xm,MatrixMultiplication,TWO_D,2709,2709,2709,8,32,1,27,290.393,20.016,0.002,-1,-1,-1
Tesla K20Xm,MatrixMultiplication,TWO_D,2709,2709,2709,8,64,1,27,289.992,20.047,0.002,-1,-1,-1
Tesla K20Xm,MatrixMultiplication,TWO_D,2709,2709,2709,8,128,1,27,289.899,20.004,0.002,-1,-1,-1
Tesla K20Xm,MatrixMultiplication,TWO_D,2709,2709,2709,16,1,1,27,291.619,20.024,0.002,-1,-1,-1
Tesla K20Xm,MatrixMultiplication,TWO_D,2709,2709,2709,16,2,1,27,289.958,20.106,0.002,-1,-1,-1
Tesla K20Xm,MatrixMultiplication,TWO_D,2709,2709,2709,16,4,1,27,289.802,20.095,0.003,-1,-1,-1
Tesla K20Xm,MatrixMultiplication,TWO_D,2709,2709,2709,16,8,1,27,289.977,20.046,0.002,-1,-1,-1
Tesla K20Xm,MatrixMultiplication,TWO_D,2709,2709,2709,16,16,1,27,289.908,20.035,0.002,-1,-1,-1
Tesla K20Xm,MatrixMultiplication,TWO_D,2709,2709,2709,16,32,1,27,289.957,20.064,0.002,-1,-1,-1
Tesla K20Xm,MatrixMultiplication,TWO_D,2709,2709,2709,16,64,1,27,290.42,20.215,0.002,-1,-1,-1
Tesla K20Xm,MatrixMultiplication,TWO_D,2709,2709,2709,32,1,1,27,290.421,20.013,0.002,-1,-1,-1
Tesla K20Xm,MatrixMultiplication,TWO_D,2709,2709,2709,32,2,1,27,290.126,19.986,0.003,-1,-1,-1
Tesla K20Xm,MatrixMultiplication,TWO_D,2709,2709,2709,32,4,1,27,289.989,20.004,0.002,-1,-1,-1
Tesla K20Xm,MatrixMultiplication,TWO_D,2709,2709,2709,32,8,1,27,290.143,20.075,0.003,-1,-1,-1
Tesla K20Xm,MatrixMultiplication,TWO_D,2709,2709,2709,32,16,1,27,290.06,20.016,0.002,-1,-1,-1
Tesla K20Xm,MatrixMultiplication,TWO_D,2709,2709,2709,32,32,1,27,290.71,20.217,0.002,-1,-1,-1
Tesla K20Xm,MatrixMultiplication,TWO_D,2709,2709,2709,64,1,1,27,290.946,19.964,0.002,-1,-1,-1
Tesla K20Xm,MatrixMultiplication,TWO_D,2709,2709,2709,64,2,1,27,290.085,20.012,0.003,-1,-1,-1
Tesla K20Xm,MatrixMultiplication,TWO_D,2709,2709,2709,64,4,1,27,289.993,20.053,0.003,-1,-1,-1
Tesla K20Xm,MatrixMultiplication,TWO_D,2709,2709,2709,64,8,1,27,290.48,19.989,0.002,-1,-1,-1
Tesla K20Xm,MatrixMultiplication,TWO_D,2709,2709,2709,64,16,1,27,290.056,20.016,0.002,-1,-1,-1
Tesla K20Xm,MatrixMultiplication,TWO_D,2709,2709,2709,128,1,1,27,289.945,20.034,0.002,-1,-1,-1
Tesla K20Xm,MatrixMultiplication,TWO_D,2709,2709,2709,128,2,1,27,291.252,20.018,0.003,-1,-1,-1
Tesla K20Xm,MatrixMultiplication,TWO_D,2709,2709,2709,128,4,1,27,290.007,19.98,0.003,-1,-1,-1
Tesla K20Xm,MatrixMultiplication,TWO_D,2709,2709,2709,128,8,1,27,289.931,20.043,0.003,-1,-1,-1
Tesla K20Xm,MatrixMultiplication,TWO_D,2709,2709,2709,256,1,1,27,290.306,19.98,0.003,-1,-1,-1
Tesla K20Xm,MatrixMultiplication,TWO_D,2709,2709,2709,256,2,1,27,290,20.009,0.002,-1,-1,-1
Tesla K20Xm,MatrixMultiplication,TWO_D,2709,2709,2709,256,4,1,27,289.919,19.976,0.002,-1,-1,-1
Tesla K20Xm,MatrixMultiplication,TWO_D,2709,2709,2709,512,1,1,27,291.675,20.027,0.002,-1,-1,-1
Tesla K20Xm,MatrixMultiplication,TWO_D,2709,2709,2709,512,2,1,27,289.973,19.974,0.002,-1,-1,-1
Tesla K20Xm,MatrixMultiplication,TWO_D,2709,2709,2709,1024,1,1,27,289.929,20.03,0.002,-1,-1,-1
Tesla K20Xm,MatrixMultiplication,TWO_D,2709,2709,2709,1,1,1,27,286.082,20.133,0.002,21608.6,13.756,0.758
Tesla K20Xm,MatrixMultiplication,TWO_D,2709,2709,2709,1,2,1,27,291.012,20.134,0.003,-1,-1,-1
Tesla K20Xm,MatrixMultiplication,TWO_D,2709,2709,2709,1,4,1,27,290.632,20.362,0.003,-1,-1,-1
Tesla K20Xm,MatrixMultiplication,TWO_D,2709,2709,2709,1,8,1,27,289.857,20.087,0.002,-1,-1,-1
Tesla K20Xm,MatrixMultiplication,TWO_D,2709,2709,2709,1,16,1,27,289.912,20.128,0.002,-1,-1,-1
Tesla K20Xm,MatrixMultiplication,TWO_D,2709,2709,2709,1,32,1,27,289.979,20.159,0.002,-1,-1,-1
Tesla K20Xm,MatrixMultiplication,TWO_D,2709,2709,2709,1,64,1,27,290.152,20.076,0.002,-1,-1,-1
Tesla K20Xm,MatrixMultiplication,TWO_D,2709,2709,2709,1,128,1,27,290.005,20.093,0.002,-1,-1,-1
Tesla K20Xm,MatrixMultiplication,TWO_D,2709,2709,2709,1,256,1,27,290.827,20.236,0.002,-1,-1,-1
Tesla K20Xm,MatrixMultiplication,TWO_D,2709,2709,2709,1,512,1,27,290.636,20.122,0.002,-1,-1,-1
Tesla K20Xm,MatrixMultiplication,TWO_D,2709,2709,2709,1,1024,1,27,289.787,20.103,0.002,-1,-1,-1
Tesla K20Xm,MatrixMultiplication,TWO_D,2709,2709,2709,2,1,1,27,290.026,20.069,0.002,-1,-1,-1
Tesla K20Xm,MatrixMultiplication,TWO_D,2709,2709,2709,2,2,1,27,290.199,20.055,0.003,-1,-1,-1
Tesla K20Xm,MatrixMultiplication,TWO_D,2709,2709,2709,2,4,1,27,289.802,20.11,0.003,-1,-1,-1
Tesla K20Xm,MatrixMultiplication,TWO_D,2709,2709,2709,2,8,1,27,290.122,20.083,0.002,-1,-1,-1
Tesla K20Xm,MatrixMultiplication,TWO_D,2709,2709,2709,2,16,1,27,290.98,20.078,0.002,-1,-1,-1
Tesla K20Xm,MatrixMultiplication,TWO_D,2709,2709,2709,2,32,1,27,289.822,20.037,0.003,-1,-1,-1
Tesla K20Xm,MatrixMultiplication,TWO_D,2709,2709,2709,2,64,1,27,289.983,20.087,0.003,-1,-1,-1
Tesla K20Xm,MatrixMultiplication,TWO_D,2709,2709,2709,2,128,1,27,290.195,20.094,0.002,-1,-1,-1
Tesla K20Xm,MatrixMultiplication,TWO_D,2709,2709,2709,2,256,1,27,289.794,20.063,0.002,-1,-1,-1
Tesla K20Xm,MatrixMultiplication,TWO_D,2709,2709,2709,2,512,1,27,290.025,20.075,0.002,-1,-1,-1
Tesla K20Xm,MatrixMultiplication,TWO_D,2709,2709,2709,4,1,1,27,291.535,20.08,0.002,-1,-1,-1
Tesla K20Xm,MatrixMultiplication,TWO_D,2709,2709,2709,4,2,1,27,289.87,20.112,0.002,-1,-1,-1
Tesla K20Xm,MatrixMultiplication,TWO_D,2709,2709,2709,4,4,1,27,289.922,20.11,0.002,-1,-1,-1
Tesla K20Xm,MatrixMultiplication,TWO_D,2709,2709,2709,4,8,1,27,290.005,20.05,0.002,-1,-1,-1
Tesla K20Xm,MatrixMultiplication,TWO_D,2709,2709,2709,4,16,1,27,290.082,20.272,0.002,-1,-1,-1
Tesla K20Xm,MatrixMultiplication,TWO_D,2709,2709,2709,4,32,1,27,290.455,20.143,0.003,-1,-1,-1
Tesla K20Xm,MatrixMultiplication,TWO_D,2709,2709,2709,4,64,1,27,291.043,20.089,0.003,-1,-1,-1
Tesla K20Xm,MatrixMultiplication,TWO_D,2709,2709,2709,4,128,1,27,289.845,20.048,0.003,-1,-1,-1
Tesla K20Xm,MatrixMultiplication,TWO_D,2709,2709,2709,4,256,1,27,289.876,20.099,0.002,-1,-1,-1
Tesla K20Xm,MatrixMultiplication,TWO_D,2709,2709,2709,8,1,1,27,290.141,20.094,0.002,-1,-1,-1
Tesla K20Xm,MatrixMultiplication,TWO_D,2709,2709,2709,8,2,1,27,289.892,20.085,0.003,-1,-1,-1
Tesla K20Xm,MatrixMultiplication,TWO_D,2709,2709,2709,8,4,1,27,289.889,20.103,0.002,-1,-1,-1
Tesla K20Xm,MatrixMultiplication,TWO_D,2709,2709,2709,8,8,1,27,291.025,20.059,0.002,-1,-1,-1
Tesla K20Xm,MatrixMultiplication,TWO_D,2709,2709,2709,8,16,1,27,289.894,20.176,0.002,-1,-1,-1
Tesla K20Xm,MatrixMultiplication,TWO_D,2709,2709,2709,8,32,1,27,290.048,20.063,0.003,-1,-1,-1
Tesla K20Xm,MatrixMultiplication,TWO_D,2709,2709,2709,8,64,1,27,290.076,20.058,0.002,-1,-1,-1
Tesla K20Xm,MatrixMultiplication,TWO_D,2709,2709,2709,8,128,1,27,289.839,20.122,0.003,-1,-1,-1
Tesla K20Xm,MatrixMultiplication,TWO_D,2709,2709,2709,16,1,1,27,290.155,20.219,0.003,-1,-1,-1
Tesla K20Xm,MatrixMultiplication,TWO_D,2709,2709,2709,16,2,1,27,290.797,20.145,0.002,-1,-1,-1
Tesla K20Xm,MatrixMultiplication,TWO_D,2709,2709,2709,16,4,1,27,289.815,20.059,0.002,-1,-1,-1
Tesla K20Xm,MatrixMultiplication,TWO_D,2709,2709,2709,16,8,1,27,289.811,20.107,0.002,-1,-1,-1
Tesla K20Xm,MatrixMultiplication,TWO_D,2709,2709,2709,16,16,1,27,289.889,20.196,0.002,-1,-1,-1
Tesla K20Xm,MatrixMultiplication,TWO_D,2709,2709,2709,16,32,1,27,289.848,20.105,0.003,-1,-1,-1
Tesla K20Xm,MatrixMultiplication,TWO_D,2709,2709,2709,16,64,1,27,289.765,20.132,0.002,-1,-1,-1
Tesla K20Xm,MatrixMultiplication,TWO_D,2709,2709,2709,32,1,1,27,290.739,20.209,0.003,-1,-1,-1
Tesla K20Xm,MatrixMultiplication,TWO_D,2709,2709,2709,32,2,1,27,290.118,20.179,0.003,-1,-1,-1
Tesla K20Xm,MatrixMultiplication,TWO_D,2709,2709,2709,32,4,1,27,289.753,20.071,0.003,-1,-1,-1
Tesla K20Xm,MatrixMultiplication,TWO_D,2709,2709,2709,32,8,1,27,289.964,20.044,0.002,-1,-1,-1
Tesla K20Xm,MatrixMultiplication,TWO_D,2709,2709,2709,32,16,1,27,290.176,20.043,0.002,-1,-1,-1
Tesla K20Xm,MatrixMultiplication,TWO_D,2709,2709,2709,32,32,1,27,289.741,20.171,0.002,-1,-1,-1
Tesla K20Xm,MatrixMultiplication,TWO_D,2709,2709,2709,64,1,1,27,290.164,20.409,0.002,-1,-1,-1
Tesla K20Xm,MatrixMultiplication,TWO_D,2709,2709,2709,64,2,1,27,290.731,20.051,0.003,-1,-1,-1
Tesla K20Xm,MatrixMultiplication,TWO_D,2709,2709,2709,64,4,1,27,289.864,20.042,0.002,-1,-1,-1
Tesla K20Xm,MatrixMultiplication,TWO_D,2709,2709,2709,64,8,1,27,289.952,20.192,0.002,-1,-1,-1
Tesla K20Xm,MatrixMultiplication,TWO_D,2709,2709,2709,64,16,1,27,290.016,20.057,0.003,-1,-1,-1
Tesla K20Xm,MatrixMultiplication,TWO_D,2709,2709,2709,128,1,1,27,289.848,20.062,0.002,-1,-1,-1
Tesla K20Xm,MatrixMultiplication,TWO_D,2709,2709,2709,128,2,1,27,289.985,20.046,0.002,-1,-1,-1
Tesla K20Xm,MatrixMultiplication,TWO_D,2709,2709,2709,128,4,1,27,290.907,20.215,0.002,-1,-1,-1
Tesla K20Xm,MatrixMultiplication,TWO_D,2709,2709,2709,128,8,1,27,289.789,20.07,0.002,-1,-1,-1
Tesla K20Xm,MatrixMultiplication,TWO_D,2709,2709,2709,256,1,1,27,289.988,20.046,0.003,-1,-1,-1
Tesla K20Xm,MatrixMultiplication,TWO_D,2709,2709,2709,256,2,1,27,289.984,20.085,0.002,-1,-1,-1
Tesla K20Xm,MatrixMultiplication,TWO_D,2709,2709,2709,256,4,1,27,290.261,20.159,0.002,-1,-1,-1
Tesla K20Xm,MatrixMultiplication,TWO_D,2709,2709,2709,512,1,1,27,290.416,20.064,0.002,-1,-1,-1
Tesla K20Xm,MatrixMultiplication,TWO_D,2709,2709,2709,512,2,1,27,290.971,20.053,0.002,-1,-1,-1
Tesla K20Xm,MatrixMultiplication,TWO_D,2709,2709,2709,1024,1,1,27,289.907,20.078,0.003,-1,-1,-1
