device/C,kernel/C,workDimension/C,width/F,height/F,xLocal/I,yLocal/I,zLocal/I,MB/F,init/F,memoryCopyOut/F,plan/F,execute/F,memoryCopyIn/F,cleanUp/F
Tesla K20Xm,MatrixTranspose,TWO_D,2896,2896,1,1,1,31,183.974,11.291,0.002,34.102,16.741,0.648
Tesla K20Xm,MatrixTranspose,TWO_D,2896,2896,1,2,1,31,182.014,11.315,0.002,18.804,16.769,0.63
Tesla K20Xm,MatrixTranspose,TWO_D,2896,2896,1,4,1,31,182.421,11.356,0.003,10.191,16.768,0.67
Tesla K20Xm,MatrixTranspose,TWO_D,2896,2896,1,8,1,31,182.248,11.265,0.002,5.893,16.699,0.633
Tesla K20Xm,MatrixTranspose,TWO_D,2896,2896,1,16,1,31,183.092,11.361,0.002,4.296,16.634,0.629
Tesla K20Xm,MatrixTranspose,TWO_D,2896,2896,1,32,1,31,182.145,11.277,0.003,-1,-1,-1
Tesla K20Xm,MatrixTranspose,TWO_D,2896,2896,1,64,1,31,181.986,11.266,0.002,-1,-1,-1
Tesla K20Xm,MatrixTranspose,TWO_D,2896,2896,1,128,1,31,181.947,11.314,0.002,-1,-1,-1
Tesla K20Xm,MatrixTranspose,TWO_D,2896,2896,1,256,1,31,182.141,11.256,0.002,-1,-1,-1
Tesla K20Xm,MatrixTranspose,TWO_D,2896,2896,1,512,1,31,182.141,11.248,0.002,-1,-1,-1
Tesla K20Xm,MatrixTranspose,TWO_D,2896,2896,1,1024,1,31,181.968,11.323,0.003,-1,-1,-1
Tesla K20Xm,MatrixTranspose,TWO_D,2896,2896,2,1,1,31,182.086,11.329,0.002,16.83,16.662,0.637
Tesla K20Xm,MatrixTranspose,TWO_D,2896,2896,2,2,1,31,182.081,11.31,0.002,9.708,16.663,0.63
Tesla K20Xm,MatrixTranspose,TWO_D,2896,2896,2,4,1,31,182.815,11.42,0.002,5.376,16.801,0.639
Tesla K20Xm,MatrixTranspose,TWO_D,2896,2896,2,8,1,31,182.128,11.308,0.002,3.339,16.696,0.638
Tesla K20Xm,MatrixTranspose,TWO_D,2896,2896,2,16,1,31,182.118,11.244,0.002,2.375,16.666,0.633
Tesla K20Xm,MatrixTranspose,TWO_D,2896,2896,2,32,1,31,181.931,11.294,0.002,-1,-1,-1
Tesla K20Xm,MatrixTranspose,TWO_D,2896,2896,2,64,1,31,182.129,11.312,0.002,-1,-1,-1
Tesla K20Xm,MatrixTranspose,TWO_D,2896,2896,2,128,1,31,182.105,11.254,0.002,-1,-1,-1
Tesla K20Xm,MatrixTranspose,TWO_D,2896,2896,2,256,1,31,182.031,11.373,0.002,-1,-1,-1
Tesla K20Xm,MatrixTranspose,TWO_D,2896,2896,2,512,1,31,181.98,11.256,0.002,-1,-1,-1
Tesla K20Xm,MatrixTranspose,TWO_D,2896,2896,4,1,1,31,181.956,11.265,0.002,8.644,16.636,0.631
Tesla K20Xm,MatrixTranspose,TWO_D,2896,2896,4,2,1,31,182.085,11.591,0.002,5.139,16.974,0.627
Tesla K20Xm,MatrixTranspose,TWO_D,2896,2896,4,4,1,31,182.745,11.274,0.002,2.883,16.804,0.632
Tesla K20Xm,MatrixTranspose,TWO_D,2896,2896,4,8,1,31,182.005,11.356,0.002,1.873,16.627,0.633
Tesla K20Xm,MatrixTranspose,TWO_D,2896,2896,4,16,1,31,181.975,11.243,0.002,1.272,16.676,0.634
Tesla K20Xm,MatrixTranspose,TWO_D,2896,2896,4,32,1,31,182.09,11.254,0.002,-1,-1,-1
Tesla K20Xm,MatrixTranspose,TWO_D,2896,2896,4,64,1,31,182.103,11.373,0.002,-1,-1,-1
Tesla K20Xm,MatrixTranspose,TWO_D,2896,2896,4,128,1,31,182.207,11.254,0.002,-1,-1,-1
Tesla K20Xm,MatrixTranspose,TWO_D,2896,2896,4,256,1,31,182.103,11.284,0.002,-1,-1,-1
Tesla K20Xm,MatrixTranspose,TWO_D,2896,2896,8,1,1,31,181.943,11.298,0.002,4.651,16.642,0.629
Tesla K20Xm,MatrixTranspose,TWO_D,2896,2896,8,2,1,31,182.211,11.25,0.002,2.763,16.716,0.629
Tesla K20Xm,MatrixTranspose,TWO_D,2896,2896,8,4,1,31,182.95,11.324,0.001,1.705,16.677,0.633
Tesla K20Xm,MatrixTranspose,TWO_D,2896,2896,8,8,1,31,182.032,11.337,0.003,1.115,16.767,0.628
Tesla K20Xm,MatrixTranspose,TWO_D,2896,2896,8,16,1,31,181.964,11.249,0.002,0.929,16.667,0.628
Tesla K20Xm,MatrixTranspose,TWO_D,2896,2896,8,32,1,31,181.994,11.316,0.002,-1,-1,-1
Tesla K20Xm,MatrixTranspose,TWO_D,2896,2896,8,64,1,31,182.107,11.291,0.002,-1,-1,-1
Tesla K20Xm,MatrixTranspose,TWO_D,2896,2896,8,128,1,31,182.118,11.288,0.001,-1,-1,-1
Tesla K20Xm,MatrixTranspose,TWO_D,2896,2896,16,1,1,31,182.188,11.254,0.002,2.555,16.621,0.634
Tesla K20Xm,MatrixTranspose,TWO_D,2896,2896,16,2,1,31,181.97,11.227,0.002,1.612,16.76,0.631
Tesla K20Xm,MatrixTranspose,TWO_D,2896,2896,16,4,1,31,182.009,11.299,0.002,1.062,16.775,0.628
Tesla K20Xm,MatrixTranspose,TWO_D,2896,2896,16,8,1,31,182.417,11.416,0.002,0.891,16.63,0.635
Tesla K20Xm,MatrixTranspose,TWO_D,2896,2896,16,16,1,31,182.971,11.269,0.002,0.882,16.685,0.622
Tesla K20Xm,MatrixTranspose,TWO_D,2896,2896,16,32,1,31,182.036,11.257,0.002,-1,-1,-1
Tesla K20Xm,MatrixTranspose,TWO_D,2896,2896,16,64,1,31,181.955,11.294,0.002,-1,-1,-1
Tesla K20Xm,MatrixTranspose,TWO_D,2896,2896,32,1,1,31,182.094,11.271,0.002,-1,-1,-1
Tesla K20Xm,MatrixTranspose,TWO_D,2896,2896,32,2,1,31,182.005,11.308,0.002,-1,-1,-1
Tesla K20Xm,MatrixTranspose,TWO_D,2896,2896,32,4,1,31,181.972,11.283,0.003,-1,-1,-1
Tesla K20Xm,MatrixTranspose,TWO_D,2896,2896,32,8,1,31,182.12,11.249,0.002,-1,-1,-1
Tesla K20Xm,MatrixTranspose,TWO_D,2896,2896,32,16,1,31,181.923,11.264,0.002,-1,-1,-1
Tesla K20Xm,MatrixTranspose,TWO_D,2896,2896,32,32,1,31,182.062,11.3,0.002,-1,-1,-1
Tesla K20Xm,MatrixTranspose,TWO_D,2896,2896,64,1,1,31,183.092,11.29,0.002,-1,-1,-1
Tesla K20Xm,MatrixTranspose,TWO_D,2896,2896,64,2,1,31,181.977,11.302,0.002,-1,-1,-1
Tesla K20Xm,MatrixTranspose,TWO_D,2896,2896,64,4,1,31,181.979,11.287,0.003,-1,-1,-1
Tesla K20Xm,MatrixTranspose,TWO_D,2896,2896,64,8,1,31,181.977,11.262,0.003,-1,-1,-1
Tesla K20Xm,MatrixTranspose,TWO_D,2896,2896,64,16,1,31,182.186,11.298,0.002,-1,-1,-1
Tesla K20Xm,MatrixTranspose,TWO_D,2896,2896,128,1,1,31,182.157,11.326,0.002,-1,-1,-1
Tesla K20Xm,MatrixTranspose,TWO_D,2896,2896,128,2,1,31,182.072,11.284,0.002,-1,-1,-1
Tesla K20Xm,MatrixTranspose,TWO_D,2896,2896,128,4,1,31,182.298,11.287,0.002,-1,-1,-1
Tesla K20Xm,MatrixTranspose,TWO_D,2896,2896,128,8,1,31,182.379,11.304,0.002,-1,-1,-1
Tesla K20Xm,MatrixTranspose,TWO_D,2896,2896,256,1,1,31,182.489,11.368,0.002,-1,-1,-1
Tesla K20Xm,MatrixTranspose,TWO_D,2896,2896,256,2,1,31,182.616,11.264,0.002,-1,-1,-1
Tesla K20Xm,MatrixTranspose,TWO_D,2896,2896,256,4,1,31,182.101,11.282,0.002,-1,-1,-1
Tesla K20Xm,MatrixTranspose,TWO_D,2896,2896,512,1,1,31,181.944,11.252,0.002,-1,-1,-1
Tesla K20Xm,MatrixTranspose,TWO_D,2896,2896,512,2,1,31,182.1,11.288,0.002,-1,-1,-1
Tesla K20Xm,MatrixTranspose,TWO_D,2896,2896,1024,1,1,31,182.055,11.325,0.003,-1,-1,-1
Tesla K20Xm,MatrixTranspose,TWO_D,2896,2896,1,1,1,31,183.463,11.078,0.002,34.143,16.678,0.642
Tesla K20Xm,MatrixTranspose,TWO_D,2896,2896,1,2,1,31,181.372,11.033,0.002,18.789,16.597,0.656
Tesla K20Xm,MatrixTranspose,TWO_D,2896,2896,1,4,1,31,180.62,10.969,0.002,10.225,16.601,0.64
Tesla K20Xm,MatrixTranspose,TWO_D,2896,2896,1,8,1,31,180.291,11.003,0.003,6.109,16.641,0.65
Tesla K20Xm,MatrixTranspose,TWO_D,2896,2896,1,16,1,31,180.361,10.99,0.002,4.299,16.597,0.615
Tesla K20Xm,MatrixTranspose,TWO_D,2896,2896,1,32,1,31,180.23,10.981,0.002,-1,-1,-1
Tesla K20Xm,MatrixTranspose,TWO_D,2896,2896,1,64,1,31,180.635,10.973,0.002,-1,-1,-1
Tesla K20Xm,MatrixTranspose,TWO_D,2896,2896,1,128,1,31,180.364,10.961,0.001,-1,-1,-1
Tesla K20Xm,MatrixTranspose,TWO_D,2896,2896,1,256,1,31,180.287,10.978,0.002,-1,-1,-1
Tesla K20Xm,MatrixTranspose,TWO_D,2896,2896,1,512,1,31,180.32,10.983,0.002,-1,-1,-1
Tesla K20Xm,MatrixTranspose,TWO_D,2896,2896,1,1024,1,31,181.087,11.223,0.002,-1,-1,-1
Tesla K20Xm,MatrixTranspose,TWO_D,2896,2896,2,1,1,31,180.721,10.99,0.002,16.824,16.651,0.642
Tesla K20Xm,MatrixTranspose,TWO_D,2896,2896,2,2,1,31,180.334,10.975,0.002,9.689,16.594,0.632
Tesla K20Xm,MatrixTranspose,TWO_D,2896,2896,2,4,1,31,180.219,11.031,0.002,5.324,16.599,0.642
Tesla K20Xm,MatrixTranspose,TWO_D,2896,2896,2,8,1,31,180.293,10.95,0.002,3.265,16.646,0.628
Tesla K20Xm,MatrixTranspose,TWO_D,2896,2896,2,16,1,31,180.534,10.973,0.002,2.386,16.672,0.654
Tesla K20Xm,MatrixTranspose,TWO_D,2896,2896,2,32,1,31,180.218,10.985,0.002,-1,-1,-1
Tesla K20Xm,MatrixTranspose,TWO_D,2896,2896,2,64,1,31,180.192,11.028,0.003,-1,-1,-1
Tesla K20Xm,MatrixTranspose,TWO_D,2896,2896,2,128,1,31,180.355,11.016,0.003,-1,-1,-1
Tesla K20Xm,MatrixTranspose,TWO_D,2896,2896,2,256,1,31,180.307,11.003,0.002,-1,-1,-1
Tesla K20Xm,MatrixTranspose,TWO_D,2896,2896,2,512,1,31,181.65,11.03,0.001,-1,-1,-1
Tesla K20Xm,MatrixTranspose,TWO_D,2896,2896,4,1,1,31,180.286,10.982,0.002,8.645,16.58,0.633
Tesla K20Xm,MatrixTranspose,TWO_D,2896,2896,4,2,1,31,180.235,10.978,0.002,5.052,16.59,0.63
Tesla K20Xm,MatrixTranspose,TWO_D,2896,2896,4,4,1,31,180.391,10.978,0.002,2.871,16.596,0.622
Tesla K20Xm,MatrixTranspose,TWO_D,2896,2896,4,8,1,31,180.232,10.965,0.002,1.869,16.727,0.637
Tesla K20Xm,MatrixTranspose,TWO_D,2896,2896,4,16,1,31,180.458,10.971,0.002,1.263,16.681,0.625
Tesla K20Xm,MatrixTranspose,TWO_D,2896,2896,4,32,1,31,180.183,11.007,0.002,-1,-1,-1
Tesla K20Xm,MatrixTranspose,TWO_D,2896,2896,4,64,1,31,180.152,11.041,0.002,-1,-1,-1
Tesla K20Xm,MatrixTranspose,TWO_D,2896,2896,4,128,1,31,180.407,10.982,0.002,-1,-1,-1
Tesla K20Xm,MatrixTranspose,TWO_D,2896,2896,4,256,1,31,181.278,11.172,0.001,-1,-1,-1
Tesla K20Xm,MatrixTranspose,TWO_D,2896,2896,8,1,1,31,180.252,10.944,0.002,4.583,16.648,0.638
Tesla K20Xm,MatrixTranspose,TWO_D,2896,2896,8,2,1,31,180.313,11.02,0.002,2.768,16.592,0.641
Tesla K20Xm,MatrixTranspose,TWO_D,2896,2896,8,4,1,31,180.248,10.989,0.002,1.701,16.588,0.629
Tesla K20Xm,MatrixTranspose,TWO_D,2896,2896,8,8,1,31,180.425,10.978,0.003,1.126,16.645,0.625
Tesla K20Xm,MatrixTranspose,TWO_D,2896,2896,8,16,1,31,180.457,10.974,0.002,0.937,16.641,0.692
Tesla K20Xm,MatrixTranspose,TWO_D,2896,2896,8,32,1,31,180.22,11.047,0.001,-1,-1,-1
Tesla K20Xm,MatrixTranspose,TWO_D,2896,2896,8,64,1,31,180.198,10.938,0.003,-1,-1,-1
Tesla K20Xm,MatrixTranspose,TWO_D,2896,2896,8,128,1,31,180.173,11.052,0.002,-1,-1,-1
Tesla K20Xm,MatrixTranspose,TWO_D,2896,2896,16,1,1,31,180.307,10.967,0.002,2.527,16.941,0.639
Tesla K20Xm,MatrixTranspose,TWO_D,2896,2896,16,2,1,31,181.504,11.033,0.002,1.624,16.732,0.636
Tesla K20Xm,MatrixTranspose,TWO_D,2896,2896,16,4,1,31,180.237,10.954,0.002,1.054,16.649,0.648
Tesla K20Xm,MatrixTranspose,TWO_D,2896,2896,16,8,1,31,180.234,11.001,0.002,0.857,16.594,0.638
Tesla K20Xm,MatrixTranspose,TWO_D,2896,2896,16,16,1,31,180.434,10.968,0.002,0.873,16.591,0.624
Tesla K20Xm,MatrixTranspose,TWO_D,2896,2896,16,32,1,31,180.219,10.985,0.002,-1,-1,-1
Tesla K20Xm,MatrixTranspose,TWO_D,2896,2896,16,64,1,31,180.692,10.981,0.003,-1,-1,-1
Tesla K20Xm,MatrixTranspose,TWO_D,2896,2896,32,1,1,31,180.237,10.946,0.003,-1,-1,-1
Tesla K20Xm,MatrixTranspose,TWO_D,2896,2896,32,2,1,31,180.807,10.985,0.002,-1,-1,-1
Tesla K20Xm,MatrixTranspose,TWO_D,2896,2896,32,4,1,31,180.69,10.996,0.002,-1,-1,-1
Tesla K20Xm,MatrixTranspose,TWO_D,2896,2896,32,8,1,31,181.415,11.234,0.003,-1,-1,-1
Tesla K20Xm,MatrixTranspose,TWO_D,2896,2896,32,16,1,31,180.316,10.982,0.001,-1,-1,-1
Tesla K20Xm,MatrixTranspose,TWO_D,2896,2896,32,32,1,31,180.372,11.013,0.002,-1,-1,-1
Tesla K20Xm,MatrixTranspose,TWO_D,2896,2896,64,1,1,31,180.148,11.002,0.002,-1,-1,-1
Tesla K20Xm,MatrixTranspose,TWO_D,2896,2896,64,2,1,31,180.241,11.02,0.002,-1,-1,-1
Tesla K20Xm,MatrixTranspose,TWO_D,2896,2896,64,4,1,31,180.523,10.969,0.002,-1,-1,-1
Tesla K20Xm,MatrixTranspose,TWO_D,2896,2896,64,8,1,31,180.238,10.949,0.001,-1,-1,-1
Tesla K20Xm,MatrixTranspose,TWO_D,2896,2896,64,16,1,31,180.277,10.949,0.003,-1,-1,-1
Tesla K20Xm,MatrixTranspose,TWO_D,2896,2896,128,1,1,31,180.178,10.96,0.002,-1,-1,-1
Tesla K20Xm,MatrixTranspose,TWO_D,2896,2896,128,2,1,31,180.281,10.994,0.002,-1,-1,-1
Tesla K20Xm,MatrixTranspose,TWO_D,2896,2896,128,4,1,31,181.407,11,0.002,-1,-1,-1
Tesla K20Xm,MatrixTranspose,TWO_D,2896,2896,128,8,1,31,180.271,11.012,0.002,-1,-1,-1
Tesla K20Xm,MatrixTranspose,TWO_D,2896,2896,256,1,1,31,180.225,11.019,0.001,-1,-1,-1
Tesla K20Xm,MatrixTranspose,TWO_D,2896,2896,256,2,1,31,180.303,10.967,0.001,-1,-1,-1
Tesla K20Xm,MatrixTranspose,TWO_D,2896,2896,256,4,1,31,180.289,10.965,0.002,-1,-1,-1
Tesla K20Xm,MatrixTranspose,TWO_D,2896,2896,512,1,1,31,180.522,11.008,0.002,-1,-1,-1
Tesla K20Xm,MatrixTranspose,TWO_D,2896,2896,512,2,1,31,180.289,10.963,0.002,-1,-1,-1
Tesla K20Xm,MatrixTranspose,TWO_D,2896,2896,1024,1,1,31,180.225,10.978,0.002,-1,-1,-1
Tesla K20Xm,MatrixTranspose,TWO_D,2896,2896,1,1,1,31,183.073,11.244,0.003,34.13,16.467,0.621
Tesla K20Xm,MatrixTranspose,TWO_D,2896,2896,1,2,1,31,182.226,11.211,0.002,18.593,16.387,0.709
Tesla K20Xm,MatrixTranspose,TWO_D,2896,2896,1,4,1,31,182.296,11.14,0.002,10.169,16.434,0.637
Tesla K20Xm,MatrixTranspose,TWO_D,2896,2896,1,8,1,31,181.534,11.161,0.002,6.087,16.379,0.623
Tesla K20Xm,MatrixTranspose,TWO_D,2896,2896,1,16,1,31,181.559,11.114,0.002,4.31,16.388,0.636
Tesla K20Xm,MatrixTranspose,TWO_D,2896,2896,1,32,1,31,181.736,11.151,0.002,-1,-1,-1
Tesla K20Xm,MatrixTranspose,TWO_D,2896,2896,1,64,1,31,182.04,11.136,0.002,-1,-1,-1
Tesla K20Xm,MatrixTranspose,TWO_D,2896,2896,1,128,1,31,181.652,11.095,0.002,-1,-1,-1
Tesla K20Xm,MatrixTranspose,TWO_D,2896,2896,1,256,1,31,181.565,11.149,0.003,-1,-1,-1
Tesla K20Xm,MatrixTranspose,TWO_D,2896,2896,1,512,1,31,181.588,11.163,0.002,-1,-1,-1
Tesla K20Xm,MatrixTranspose,TWO_D,2896,2896,1,1024,1,31,181.644,11.12,0.002,-1,-1,-1
Tesla K20Xm,MatrixTranspose,TWO_D,2896,2896,2,1,1,31,182.998,11.142,0.002,17.035,16.322,0.629
Tesla K20Xm,MatrixTranspose,TWO_D,2896,2896,2,2,1,31,181.641,11.091,0.003,9.688,16.331,0.61
Tesla K20Xm,MatrixTranspose,TWO_D,2896,2896,2,4,1,31,181.484,11.074,0.002,5.328,16.387,0.646
Tesla K20Xm,MatrixTranspose,TWO_D,2896,2896,2,8,1,31,181.567,11.181,0.002,3.301,16.347,0.632
Tesla K20Xm,MatrixTranspose,TWO_D,2896,2896,2,16,1,31,181.682,11.206,0.002,2.391,16.319,0.633
Tesla K20Xm,MatrixTranspose,TWO_D,2896,2896,2,32,1,31,181.976,11.125,0.002,-1,-1,-1
Tesla K20Xm,MatrixTranspose,TWO_D,2896,2896,2,64,1,31,181.498,11.104,0.002,-1,-1,-1
Tesla K20Xm,MatrixTranspose,TWO_D,2896,2896,2,128,1,31,181.469,11.11,0.002,-1,-1,-1
Tesla K20Xm,MatrixTranspose,TWO_D,2896,2896,2,256,1,31,181.681,11.14,0.001,-1,-1,-1
Tesla K20Xm,MatrixTranspose,TWO_D,2896,2896,2,512,1,31,182.989,11.167,0.002,-1,-1,-1
Tesla K20Xm,MatrixTranspose,TWO_D,2896,2896,4,1,1,31,181.578,11.134,0.003,8.658,16.38,0.637
Tesla K20Xm,MatrixTranspose,TWO_D,2896,2896,4,2,1,31,181.555,11.09,0.002,5.059,16.345,0.608
Tesla K20Xm,MatrixTranspose,TWO_D,2896,2896,4,4,1,31,181.557,11.156,0.002,2.986,16.33,0.631
Tesla K20Xm,MatrixTranspose,TWO_D,2896,2896,4,8,1,31,181.658,11.143,0.002,1.89,16.34,0.635
Tesla K20Xm,MatrixTranspose,TWO_D,2896,2896,4,16,1,31,181.879,11.093,0.003,1.289,16.403,0.636
Tesla K20Xm,MatrixTranspose,TWO_D,2896,2896,4,32,1,31,181.553,11.099,0.002,-1,-1,-1
Tesla K20Xm,MatrixTranspose,TWO_D,2896,2896,4,64,1,31,181.459,11.12,0.003,-1,-1,-1
Tesla K20Xm,MatrixTranspose,TWO_D,2896,2896,4,128,1,31,181.663,11.102,0.002,-1,-1,-1
Tesla K20Xm,MatrixTranspose,TWO_D,2896,2896,4,256,1,31,182.088,11.274,0.002,-1,-1,-1
Tesla K20Xm,MatrixTranspose,TWO_D,2896,2896,8,1,1,31,182.53,11.115,0.002,4.605,16.448,0.64
Tesla K20Xm,MatrixTranspose,TWO_D,2896,2896,8,2,1,31,181.47,11.146,0.002,2.753,16.353,0.623
Tesla K20Xm,MatrixTranspose,TWO_D,2896,2896,8,4,1,31,181.511,11.139,0.002,1.683,16.331,0.63
Tesla K20Xm,MatrixTranspose,TWO_D,2896,2896,8,8,1,31,181.59,11.112,0.002,1.112,16.432,0.632
Tesla K20Xm,MatrixTranspose,TWO_D,2896,2896,8,16,1,31,181.612,11.112,0.001,0.916,16.695,0.62
Tesla K20Xm,MatrixTranspose,TWO_D,2896,2896,8,32,1,31,181.542,11.114,0.002,-1,-1,-1
Tesla K20Xm,MatrixTranspose,TWO_D,2896,2896,8,64,1,31,181.532,11.166,0.002,-1,-1,-1
Tesla K20Xm,MatrixTranspose,TWO_D,2896,2896,8,128,1,31,181.417,11.114,0.003,-1,-1,-1
Tesla K20Xm,MatrixTranspose,TWO_D,2896,2896,16,1,1,31,181.682,11.147,0.002,2.529,16.399,0.621
Tesla K20Xm,MatrixTranspose,TWO_D,2896,2896,16,2,1,31,182.989,11.149,0.002,1.604,16.382,0.635
Tesla K20Xm,MatrixTranspose,TWO_D,2896,2896,16,4,1,31,181.486,11.144,0.002,1.057,16.349,0.62
Tesla K20Xm,MatrixTranspose,TWO_D,2896,2896,16,8,1,31,181.587,11.119,0.003,1.037,16.33,0.628
Tesla K20Xm,MatrixTranspose,TWO_D,2896,2896,16,16,1,31,181.602,11.162,0.002,0.901,16.343,0.628
Tesla K20Xm,MatrixTranspose,TWO_D,2896,2896,16,32,1,31,181.526,11.092,0.002,-1,-1,-1
Tesla K20Xm,MatrixTranspose,TWO_D,2896,2896,16,64,1,31,182.075,11.102,0.002,-1,-1,-1
Tesla K20Xm,MatrixTranspose,TWO_D,2896,2896,32,1,1,31,181.468,11.065,0.002,-1,-1,-1
Tesla K20Xm,MatrixTranspose,TWO_D,2896,2896,32,2,1,31,181.907,11.141,0.003,-1,-1,-1
Tesla K20Xm,MatrixTranspose,TWO_D,2896,2896,32,4,1,31,182.038,11.114,0.002,-1,-1,-1
Tesla K20Xm,MatrixTranspose,TWO_D,2896,2896,32,8,1,31,181.991,11.178,0.002,-1,-1,-1
Tesla K20Xm,MatrixTranspose,TWO_D,2896,2896,32,16,1,31,182.578,11.098,0.003,-1,-1,-1
Tesla K20Xm,MatrixTranspose,TWO_D,2896,2896,32,32,1,31,181.624,11.182,0.002,-1,-1,-1
Tesla K20Xm,MatrixTranspose,TWO_D,2896,2896,64,1,1,31,181.483,11.093,0.002,-1,-1,-1
Tesla K20Xm,MatrixTranspose,TWO_D,2896,2896,64,2,1,31,181.588,11.097,0.003,-1,-1,-1
Tesla K20Xm,MatrixTranspose,TWO_D,2896,2896,64,4,1,31,181.552,11.094,0.002,-1,-1,-1
Tesla K20Xm,MatrixTranspose,TWO_D,2896,2896,64,8,1,31,181.565,11.089,0.003,-1,-1,-1
Tesla K20Xm,MatrixTranspose,TWO_D,2896,2896,64,16,1,31,181.583,11.079,0.002,-1,-1,-1
Tesla K20Xm,MatrixTranspose,TWO_D,2896,2896,128,1,1,31,181.437,11.152,0.002,-1,-1,-1
Tesla K20Xm,MatrixTranspose,TWO_D,2896,2896,128,2,1,31,181.709,11.144,0.002,-1,-1,-1
Tesla K20Xm,MatrixTranspose,TWO_D,2896,2896,128,4,1,31,183.009,11.156,0.002,-1,-1,-1
Tesla K20Xm,MatrixTranspose,TWO_D,2896,2896,128,8,1,31,181.522,11.111,0.002,-1,-1,-1
Tesla K20Xm,MatrixTranspose,TWO_D,2896,2896,256,1,1,31,181.545,11.128,0.003,-1,-1,-1
Tesla K20Xm,MatrixTranspose,TWO_D,2896,2896,256,2,1,31,181.54,11.156,0.002,-1,-1,-1
Tesla K20Xm,MatrixTranspose,TWO_D,2896,2896,256,4,1,31,181.758,11.114,0.002,-1,-1,-1
Tesla K20Xm,MatrixTranspose,TWO_D,2896,2896,512,1,1,31,181.918,11.135,0.002,-1,-1,-1
Tesla K20Xm,MatrixTranspose,TWO_D,2896,2896,512,2,1,31,181.598,11.141,0.002,-1,-1,-1
Tesla K20Xm,MatrixTranspose,TWO_D,2896,2896,1024,1,1,31,181.44,11.096,0.002,-1,-1,-1
Tesla K20Xm,MatrixTranspose,TWO_D,2896,2896,1,1,1,31,181.985,11.138,0.002,34.118,15.443,0.657
Tesla K20Xm,MatrixTranspose,TWO_D,2896,2896,1,2,1,31,183.695,11.057,0.002,18.823,15.346,0.635
Tesla K20Xm,MatrixTranspose,TWO_D,2896,2896,1,4,1,31,183.103,11.065,0.003,9.971,15.303,0.623
Tesla K20Xm,MatrixTranspose,TWO_D,2896,2896,1,8,1,31,183.136,11.038,0.002,6.122,15.331,0.679
Tesla K20Xm,MatrixTranspose,TWO_D,2896,2896,1,16,1,31,183.062,11.026,0.001,4.292,15.305,0.633
Tesla K20Xm,MatrixTranspose,TWO_D,2896,2896,1,32,1,31,183.237,11.019,0.002,-1,-1,-1
Tesla K20Xm,MatrixTranspose,TWO_D,2896,2896,1,64,1,31,183.104,11.017,0.002,-1,-1,-1
Tesla K20Xm,MatrixTranspose,TWO_D,2896,2896,1,128,1,31,183.136,11.027,0.002,-1,-1,-1
Tesla K20Xm,MatrixTranspose,TWO_D,2896,2896,1,256,1,31,182.992,11.086,0.003,-1,-1,-1
Tesla K20Xm,MatrixTranspose,TWO_D,2896,2896,1,512,1,31,183.107,11.039,0.002,-1,-1,-1
Tesla K20Xm,MatrixTranspose,TWO_D,2896,2896,1,1024,1,31,184.065,11.072,0.002,-1,-1,-1
Tesla K20Xm,MatrixTranspose,TWO_D,2896,2896,2,1,1,31,183.259,11.041,0.002,16.858,15.338,0.629
Tesla K20Xm,MatrixTranspose,TWO_D,2896,2896,2,2,1,31,183.013,11.044,0.002,9.688,15.304,0.63
Tesla K20Xm,MatrixTranspose,TWO_D,2896,2896,2,4,1,31,183.105,11.024,0.003,5.324,15.408,0.621
Tesla K20Xm,MatrixTranspose,TWO_D,2896,2896,2,8,1,31,182.978,11.059,0.002,3.298,15.296,0.629
Tesla K20Xm,MatrixTranspose,TWO_D,2896,2896,2,16,1,31,183.44,11.14,0.002,2.389,15.35,0.622
Tesla K20Xm,MatrixTranspose,TWO_D,2896,2896,2,32,1,31,183.121,11.057,0.002,-1,-1,-1
Tesla K20Xm,MatrixTranspose,TWO_D,2896,2896,2,64,1,31,183.053,11.03,0.003,-1,-1,-1
Tesla K20Xm,MatrixTranspose,TWO_D,2896,2896,2,128,1,31,183.103,11.005,0.002,-1,-1,-1
Tesla K20Xm,MatrixTranspose,TWO_D,2896,2896,2,256,1,31,184.333,11.069,0.003,-1,-1,-1
Tesla K20Xm,MatrixTranspose,TWO_D,2896,2896,2,512,1,31,183.034,11.056,0.002,-1,-1,-1
Tesla K20Xm,MatrixTranspose,TWO_D,2896,2896,4,1,1,31,183.132,11.018,0.003,8.726,15.334,0.633
Tesla K20Xm,MatrixTranspose,TWO_D,2896,2896,4,2,1,31,183.008,11.034,0.003,5.062,15.296,0.627
Tesla K20Xm,MatrixTranspose,TWO_D,2896,2896,4,4,1,31,183.055,11.068,0.002,2.883,15.345,0.625
Tesla K20Xm,MatrixTranspose,TWO_D,2896,2896,4,8,1,31,183.268,11.043,0.002,1.875,15.285,0.632
Tesla K20Xm,MatrixTranspose,TWO_D,2896,2896,4,16,1,31,183.056,11.041,0.003,1.289,15.374,0.633
Tesla K20Xm,MatrixTranspose,TWO_D,2896,2896,4,32,1,31,183.449,11.026,0.002,-1,-1,-1
Tesla K20Xm,MatrixTranspose,TWO_D,2896,2896,4,64,1,31,183.538,11.031,0.002,-1,-1,-1
Tesla K20Xm,MatrixTranspose,TWO_D,2896,2896,4,128,1,31,183.369,11.153,0.003,-1,-1,-1
Tesla K20Xm,MatrixTranspose,TWO_D,2896,2896,4,256,1,31,183.669,11.024,0.002,-1,-1,-1
Tesla K20Xm,MatrixTranspose,TWO_D,2896,2896,8,1,1,31,183.147,11.022,0.002,4.667,15.34,0.617
Tesla K20Xm,MatrixTranspose,TWO_D,2896,2896,8,2,1,31,183.041,11.064,0.002,2.78,15.345,0.635
Tesla K20Xm,MatrixTranspose,TWO_D,2896,2896,8,4,1,31,183.094,11.013,0.003,1.674,15.305,0.624
Tesla K20Xm,MatrixTranspose,TWO_D,2896,2896,8,8,1,31,183.177,11.057,0.002,1.112,15.39,0.624
Tesla K20Xm,MatrixTranspose,TWO_D,2896,2896,8,16,1,31,183.1,10.994,0.003,0.925,15.299,0.61
Tesla K20Xm,MatrixTranspose,TWO_D,2896,2896,8,32,1,31,183.186,11.007,0.002,-1,-1,-1
Tesla K20Xm,MatrixTranspose,TWO_D,2896,2896,8,64,1,31,183.076,10.998,0.002,-1,-1,-1
Tesla K20Xm,MatrixTranspose,TWO_D,2896,2896,8,128,1,31,183.133,11.037,0.002,-1,-1,-1
Tesla K20Xm,MatrixTranspose,TWO_D,2896,2896,16,1,1,31,184.124,11.039,0.003,2.538,15.297,0.633
Tesla K20Xm,MatrixTranspose,TWO_D,2896,2896,16,2,1,31,183.152,11.006,0.002,1.623,15.358,0.628
Tesla K20Xm,MatrixTranspose,TWO_D,2896,2896,16,4,1,31,183.139,11.047,0.001,1.061,15.353,0.629
Tesla K20Xm,MatrixTranspose,TWO_D,2896,2896,16,8,1,31,183.123,11.015,0.002,0.926,15.276,0.625
Tesla K20Xm,MatrixTranspose,TWO_D,2896,2896,16,16,1,31,183.006,11.078,0.002,0.885,15.289,0.621
Tesla K20Xm,MatrixTranspose,TWO_D,2896,2896,16,32,1,31,183.75,11.054,0.003,-1,-1,-1
Tesla K20Xm,MatrixTranspose,TWO_D,2896,2896,16,64,1,31,183.175,11.096,0.002,-1,-1,-1
Tesla K20Xm,MatrixTranspose,TWO_D,2896,2896,32,1,1,31,183.08,11.029,0.002,-1,-1,-1
Tesla K20Xm,MatrixTranspose,TWO_D,2896,2896,32,2,1,31,183.114,11.052,0.002,-1,-1,-1
Tesla K20Xm,MatrixTranspose,TWO_D,2896,2896,32,4,1,31,183.505,11.106,0.002,-1,-1,-1
Tesla K20Xm,MatrixTranspose,TWO_D,2896,2896,32,8,1,31,183.611,11.07,0.002,-1,-1,-1
Tesla K20Xm,MatrixTranspose,TWO_D,2896,2896,32,16,1,31,183.137,11.012,0.002,-1,-1,-1
Tesla K20Xm,MatrixTranspose,TWO_D,2896,2896,32,32,1,31,182.953,11.057,0.002,-1,-1,-1
Tesla K20Xm,MatrixTranspose,TWO_D,2896,2896,64,1,1,31,183.156,11.058,0.002,-1,-1,-1
Tesla K20Xm,MatrixTranspose,TWO_D,2896,2896,64,2,1,31,183.193,11.129,0.002,-1,-1,-1
Tesla K20Xm,MatrixTranspose,TWO_D,2896,2896,64,4,1,31,183.162,11.026,0.002,-1,-1,-1
Tesla K20Xm,MatrixTranspose,TWO_D,2896,2896,64,8,1,31,183.173,11.022,0.002,-1,-1,-1
Tesla K20Xm,MatrixTranspose,TWO_D,2896,2896,64,16,1,31,183.054,11.078,0.001,-1,-1,-1
Tesla K20Xm,MatrixTranspose,TWO_D,2896,2896,128,1,1,31,183.056,11.044,0.002,-1,-1,-1
Tesla K20Xm,MatrixTranspose,TWO_D,2896,2896,128,2,1,31,184.105,11.044,0.002,-1,-1,-1
Tesla K20Xm,MatrixTranspose,TWO_D,2896,2896,128,4,1,31,183.185,11.012,0.002,-1,-1,-1
Tesla K20Xm,MatrixTranspose,TWO_D,2896,2896,128,8,1,31,183.142,11.015,0.002,-1,-1,-1
Tesla K20Xm,MatrixTranspose,TWO_D,2896,2896,256,1,1,31,183.106,11.08,0.003,-1,-1,-1
Tesla K20Xm,MatrixTranspose,TWO_D,2896,2896,256,2,1,31,183.026,11.043,0.002,-1,-1,-1
Tesla K20Xm,MatrixTranspose,TWO_D,2896,2896,256,4,1,31,185.397,11.109,0.002,-1,-1,-1
Tesla K20Xm,MatrixTranspose,TWO_D,2896,2896,512,1,1,31,183.335,11.052,0.002,-1,-1,-1
Tesla K20Xm,MatrixTranspose,TWO_D,2896,2896,512,2,1,31,183.063,11,0.002,-1,-1,-1
Tesla K20Xm,MatrixTranspose,TWO_D,2896,2896,1024,1,1,31,183.075,11.043,0.002,-1,-1,-1
Tesla K20Xm,MatrixTranspose,TWO_D,2896,2896,1,1,1,31,181.74,11.119,0.002,34.124,16.017,0.621
Tesla K20Xm,MatrixTranspose,TWO_D,2896,2896,1,2,1,31,183.169,11.132,0.002,18.796,16.095,0.662
Tesla K20Xm,MatrixTranspose,TWO_D,2896,2896,1,4,1,31,183.459,11.146,0.002,10.173,16.068,0.648
Tesla K20Xm,MatrixTranspose,TWO_D,2896,2896,1,8,1,31,183.562,11.214,0.002,6.093,16.063,0.639
Tesla K20Xm,MatrixTranspose,TWO_D,2896,2896,1,16,1,31,183.689,11.168,0.002,4.09,16.129,0.69
Tesla K20Xm,MatrixTranspose,TWO_D,2896,2896,1,32,1,31,183.779,11.127,0.002,-1,-1,-1
Tesla K20Xm,MatrixTranspose,TWO_D,2896,2896,1,64,1,31,183.136,11.121,0.002,-1,-1,-1
Tesla K20Xm,MatrixTranspose,TWO_D,2896,2896,1,128,1,31,183.063,11.174,0.002,-1,-1,-1
Tesla K20Xm,MatrixTranspose,TWO_D,2896,2896,1,256,1,31,183.228,11.159,0.003,-1,-1,-1
Tesla K20Xm,MatrixTranspose,TWO_D,2896,2896,1,512,1,31,183.276,11.256,0.003,-1,-1,-1
Tesla K20Xm,MatrixTranspose,TWO_D,2896,2896,1,1024,1,31,183.036,11.171,0.003,-1,-1,-1
Tesla K20Xm,MatrixTranspose,TWO_D,2896,2896,2,1,1,31,183.213,11.179,0.002,16.82,16.058,0.644
Tesla K20Xm,MatrixTranspose,TWO_D,2896,2896,2,2,1,31,183.24,11.154,0.002,9.696,16.004,0.649
Tesla K20Xm,MatrixTranspose,TWO_D,2896,2896,2,4,1,31,183.222,11.132,0.003,5.307,16.11,0.64
Tesla K20Xm,MatrixTranspose,TWO_D,2896,2896,2,8,1,31,184.23,11.154,0.002,3.305,16.072,0.66
Tesla K20Xm,MatrixTranspose,TWO_D,2896,2896,2,16,1,31,183.162,11.155,0.002,2.372,16.114,0.634
Tesla K20Xm,MatrixTranspose,TWO_D,2896,2896,2,32,1,31,183.016,11.211,0.002,-1,-1,-1
Tesla K20Xm,MatrixTranspose,TWO_D,2896,2896,2,64,1,31,183.318,11.161,0.003,-1,-1,-1
Tesla K20Xm,MatrixTranspose,TWO_D,2896,2896,2,128,1,31,183.175,11.159,0.001,-1,-1,-1
Tesla K20Xm,MatrixTranspose,TWO_D,2896,2896,2,256,1,31,183.381,11.147,0.002,-1,-1,-1
Tesla K20Xm,MatrixTranspose,TWO_D,2896,2896,2,512,1,31,183.172,11.129,0.002,-1,-1,-1
Tesla K20Xm,MatrixTranspose,TWO_D,2896,2896,4,1,1,31,183.071,11.185,0.002,8.654,16.011,0.636
Tesla K20Xm,MatrixTranspose,TWO_D,2896,2896,4,2,1,31,183.646,11.132,0.002,5.067,16.108,0.631
Tesla K20Xm,MatrixTranspose,TWO_D,2896,2896,4,4,1,31,184.176,11.212,0.002,2.908,16.068,0.623
Tesla K20Xm,MatrixTranspose,TWO_D,2896,2896,4,8,1,31,183.158,11.161,0.002,1.9,16.011,0.63
Tesla K20Xm,MatrixTranspose,TWO_D,2896,2896,4,16,1,31,183.147,11.131,0.002,1.292,16.024,0.635
Tesla K20Xm,MatrixTranspose,TWO_D,2896,2896,4,32,1,31,183.168,11.143,0.002,-1,-1,-1
Tesla K20Xm,MatrixTranspose,TWO_D,2896,2896,4,64,1,31,183.26,11.146,0.002,-1,-1,-1
Tesla K20Xm,MatrixTranspose,TWO_D,2896,2896,4,128,1,31,183.338,11.128,0.002,-1,-1,-1
Tesla K20Xm,MatrixTranspose,TWO_D,2896,2896,4,256,1,31,183.18,11.179,0.003,-1,-1,-1
Tesla K20Xm,MatrixTranspose,TWO_D,2896,2896,8,1,1,31,183.097,11.127,0.002,4.604,16.145,0.639
Tesla K20Xm,MatrixTranspose,TWO_D,2896,2896,8,2,1,31,183.184,11.158,0.003,2.77,16.1,0.634
Tesla K20Xm,MatrixTranspose,TWO_D,2896,2896,8,4,1,31,183.586,11.338,0.002,1.679,16.023,0.64
Tesla K20Xm,MatrixTranspose,TWO_D,2896,2896,8,8,1,31,183.793,11.198,0.002,1.135,16.056,0.64
Tesla K20Xm,MatrixTranspose,TWO_D,2896,2896,8,16,1,31,183.154,11.137,0.002,0.919,16.032,0.631
Tesla K20Xm,MatrixTranspose,TWO_D,2896,2896,8,32,1,31,183.093,11.111,0.003,-1,-1,-1
Tesla K20Xm,MatrixTranspose,TWO_D,2896,2896,8,64,1,31,183.225,11.143,0.002,-1,-1,-1
Tesla K20Xm,MatrixTranspose,TWO_D,2896,2896,8,128,1,31,183.254,11.136,0.003,-1,-1,-1
Tesla K20Xm,MatrixTranspose,TWO_D,2896,2896,16,1,1,31,183.131,11.119,0.002,2.534,16.043,0.741
Tesla K20Xm,MatrixTranspose,TWO_D,2896,2896,16,2,1,31,183.08,11.175,0.003,1.604,16.097,0.645
Tesla K20Xm,MatrixTranspose,TWO_D,2896,2896,16,4,1,31,183.044,11.209,0.003,1.087,16.059,0.643
Tesla K20Xm,MatrixTranspose,TWO_D,2896,2896,16,8,1,31,183.331,11.125,0.003,0.891,16.021,0.635
Tesla K20Xm,MatrixTranspose,TWO_D,2896,2896,16,16,1,31,184.66,11.168,0.002,0.885,16.02,0.639
Tesla K20Xm,MatrixTranspose,TWO_D,2896,2896,16,32,1,31,183.095,11.142,0.002,-1,-1,-1
Tesla K20Xm,MatrixTranspose,TWO_D,2896,2896,16,64,1,31,183.134,11.125,0.002,-1,-1,-1
Tesla K20Xm,MatrixTranspose,TWO_D,2896,2896,32,1,1,31,183.357,11.148,0.003,-1,-1,-1
Tesla K20Xm,MatrixTranspose,TWO_D,2896,2896,32,2,1,31,183.288,11.133,0.002,-1,-1,-1
Tesla K20Xm,MatrixTranspose,TWO_D,2896,2896,32,4,1,31,183.315,11.155,0.002,-1,-1,-1
Tesla K20Xm,MatrixTranspose,TWO_D,2896,2896,32,8,1,31,183.01,11.213,0.002,-1,-1,-1
Tesla K20Xm,MatrixTranspose,TWO_D,2896,2896,32,16,1,31,183.053,11.164,0.002,-1,-1,-1
Tesla K20Xm,MatrixTranspose,TWO_D,2896,2896,32,32,1,31,183.173,11.125,0.002,-1,-1,-1
Tesla K20Xm,MatrixTranspose,TWO_D,2896,2896,64,1,1,31,183.68,11.152,0.002,-1,-1,-1
Tesla K20Xm,MatrixTranspose,TWO_D,2896,2896,64,2,1,31,183.581,11.14,0.002,-1,-1,-1
Tesla K20Xm,MatrixTranspose,TWO_D,2896,2896,64,4,1,31,183.122,11.12,0.002,-1,-1,-1
Tesla K20Xm,MatrixTranspose,TWO_D,2896,2896,64,8,1,31,183.037,11.163,0.002,-1,-1,-1
Tesla K20Xm,MatrixTranspose,TWO_D,2896,2896,64,16,1,31,183.203,11.16,0.002,-1,-1,-1
Tesla K20Xm,MatrixTranspose,TWO_D,2896,2896,128,1,1,31,183.448,11.191,0.002,-1,-1,-1
Tesla K20Xm,MatrixTranspose,TWO_D,2896,2896,128,2,1,31,183.041,11.195,0.002,-1,-1,-1
Tesla K20Xm,MatrixTranspose,TWO_D,2896,2896,128,4,1,31,183.135,11.228,0.003,-1,-1,-1
Tesla K20Xm,MatrixTranspose,TWO_D,2896,2896,128,8,1,31,183.541,11.231,0.002,-1,-1,-1
Tesla K20Xm,MatrixTranspose,TWO_D,2896,2896,256,1,1,31,183.281,11.104,0.002,-1,-1,-1
Tesla K20Xm,MatrixTranspose,TWO_D,2896,2896,256,2,1,31,184.254,11.185,0.002,-1,-1,-1
Tesla K20Xm,MatrixTranspose,TWO_D,2896,2896,256,4,1,31,183.126,11.128,0.002,-1,-1,-1
Tesla K20Xm,MatrixTranspose,TWO_D,2896,2896,512,1,1,31,183.135,11.115,0.002,-1,-1,-1
Tesla K20Xm,MatrixTranspose,TWO_D,2896,2896,512,2,1,31,183.306,11.143,0.002,-1,-1,-1
Tesla K20Xm,MatrixTranspose,TWO_D,2896,2896,1024,1,1,31,183.085,11.116,0.003,-1,-1,-1
Tesla K20Xm,MatrixTranspose,TWO_D,2896,2896,1,1,1,31,181.618,11.133,0.003,34.126,16.517,0.652
Tesla K20Xm,MatrixTranspose,TWO_D,2896,2896,1,2,1,31,183.534,11.164,0.002,18.805,16.541,0.659
Tesla K20Xm,MatrixTranspose,TWO_D,2896,2896,1,4,1,31,183.624,11.188,0.002,9.975,16.561,0.644
Tesla K20Xm,MatrixTranspose,TWO_D,2896,2896,1,8,1,31,183.619,11.199,0.002,6.093,16.545,0.656
Tesla K20Xm,MatrixTranspose,TWO_D,2896,2896,1,16,1,31,183.731,11.156,0.002,4.305,16.545,0.64
Tesla K20Xm,MatrixTranspose,TWO_D,2896,2896,1,32,1,31,183.557,11.225,0.002,-1,-1,-1
Tesla K20Xm,MatrixTranspose,TWO_D,2896,2896,1,64,1,31,183.941,11.185,0.002,-1,-1,-1
Tesla K20Xm,MatrixTranspose,TWO_D,2896,2896,1,128,1,31,184.055,11.228,0.002,-1,-1,-1
Tesla K20Xm,MatrixTranspose,TWO_D,2896,2896,1,256,1,31,183.784,11.326,0.002,-1,-1,-1
Tesla K20Xm,MatrixTranspose,TWO_D,2896,2896,1,512,1,31,184.405,11.18,0.002,-1,-1,-1
Tesla K20Xm,MatrixTranspose,TWO_D,2896,2896,1,1024,1,31,183.575,11.219,0.002,-1,-1,-1
Tesla K20Xm,MatrixTranspose,TWO_D,2896,2896,2,1,1,31,183.622,11.189,0.002,17.02,16.518,0.643
Tesla K20Xm,MatrixTranspose,TWO_D,2896,2896,2,2,1,31,183.602,11.211,0.003,9.685,16.512,0.635
Tesla K20Xm,MatrixTranspose,TWO_D,2896,2896,2,4,1,31,183.698,11.172,0.003,5.331,16.502,0.647
Tesla K20Xm,MatrixTranspose,TWO_D,2896,2896,2,8,1,31,183.532,11.141,0.003,3.277,16.555,0.64
Tesla K20Xm,MatrixTranspose,TWO_D,2896,2896,2,16,1,31,183.572,11.158,0.002,2.37,16.546,0.649
Tesla K20Xm,MatrixTranspose,TWO_D,2896,2896,2,32,1,31,183.5,11.214,0.002,-1,-1,-1
Tesla K20Xm,MatrixTranspose,TWO_D,2896,2896,2,64,1,31,183.556,11.167,0.002,-1,-1,-1
Tesla K20Xm,MatrixTranspose,TWO_D,2896,2896,2,128,1,31,184.538,11.216,0.002,-1,-1,-1
Tesla K20Xm,MatrixTranspose,TWO_D,2896,2896,2,256,1,31,183.658,11.17,0.002,-1,-1,-1
Tesla K20Xm,MatrixTranspose,TWO_D,2896,2896,2,512,1,31,183.505,11.233,0.002,-1,-1,-1
Tesla K20Xm,MatrixTranspose,TWO_D,2896,2896,4,1,1,31,183.704,11.188,0.002,8.652,16.503,0.641
Tesla K20Xm,MatrixTranspose,TWO_D,2896,2896,4,2,1,31,183.498,11.174,0.002,5.077,16.665,0.643
Tesla K20Xm,MatrixTranspose,TWO_D,2896,2896,4,4,1,31,183.67,11.208,0.003,2.877,16.548,0.644
Tesla K20Xm,MatrixTranspose,TWO_D,2896,2896,4,8,1,31,183.531,11.172,0.002,1.87,16.562,0.642
Tesla K20Xm,MatrixTranspose,TWO_D,2896,2896,4,16,1,31,183.534,11.193,0.003,1.293,16.485,0.642
Tesla K20Xm,MatrixTranspose,TWO_D,2896,2896,4,32,1,31,183.655,11.224,0.002,-1,-1,-1
Tesla K20Xm,MatrixTranspose,TWO_D,2896,2896,4,64,1,31,184.744,11.213,0.003,-1,-1,-1
Tesla K20Xm,MatrixTranspose,TWO_D,2896,2896,4,128,1,31,183.781,11.167,0.003,-1,-1,-1
Tesla K20Xm,MatrixTranspose,TWO_D,2896,2896,4,256,1,31,183.579,11.165,0.003,-1,-1,-1
Tesla K20Xm,MatrixTranspose,TWO_D,2896,2896,8,1,1,31,183.58,11.212,0.003,4.595,16.563,0.646
Tesla K20Xm,MatrixTranspose,TWO_D,2896,2896,8,2,1,31,183.561,11.174,0.002,2.767,16.519,0.647
Tesla K20Xm,MatrixTranspose,TWO_D,2896,2896,8,4,1,31,183.728,11.145,0.002,1.682,16.546,0.626
Tesla K20Xm,MatrixTranspose,TWO_D,2896,2896,8,8,1,31,183.563,11.169,0.002,1.113,16.597,0.645
Tesla K20Xm,MatrixTranspose,TWO_D,2896,2896,8,16,1,31,183.514,11.2,0.002,1.001,16.515,0.637
Tesla K20Xm,MatrixTranspose,TWO_D,2896,2896,8,32,1,31,183.71,11.22,0.002,-1,-1,-1
Tesla K20Xm,MatrixTranspose,TWO_D,2896,2896,8,64,1,31,183.961,11.257,0.002,-1,-1,-1
Tesla K20Xm,MatrixTranspose,TWO_D,2896,2896,8,128,1,31,184.462,11.164,0.002,-1,-1,-1
Tesla K20Xm,MatrixTranspose,TWO_D,2896,2896,16,1,1,31,183.547,11.238,0.003,2.544,16.511,0.648
Tesla K20Xm,MatrixTranspose,TWO_D,2896,2896,16,2,1,31,183.549,11.154,0.002,1.633,16.562,0.643
Tesla K20Xm,MatrixTranspose,TWO_D,2896,2896,16,4,1,31,183.699,11.168,0.002,1.097,16.507,0.642
Tesla K20Xm,MatrixTranspose,TWO_D,2896,2896,16,8,1,31,183.644,11.318,0.002,0.887,16.545,0.643
Tesla K20Xm,MatrixTranspose,TWO_D,2896,2896,16,16,1,31,183.686,11.163,0.002,0.883,16.498,0.642
Tesla K20Xm,MatrixTranspose,TWO_D,2896,2896,16,32,1,31,183.536,11.186,0.003,-1,-1,-1
Tesla K20Xm,MatrixTranspose,TWO_D,2896,2896,16,64,1,31,183.605,11.212,0.002,-1,-1,-1
Tesla K20Xm,MatrixTranspose,TWO_D,2896,2896,32,1,1,31,183.631,11.189,0.002,-1,-1,-1
Tesla K20Xm,MatrixTranspose,TWO_D,2896,2896,32,2,1,31,184.548,11.176,0.002,-1,-1,-1
Tesla K20Xm,MatrixTranspose,TWO_D,2896,2896,32,4,1,31,183.578,11.147,0.002,-1,-1,-1
Tesla K20Xm,MatrixTranspose,TWO_D,2896,2896,32,8,1,31,183.492,11.171,0.003,-1,-1,-1
Tesla K20Xm,MatrixTranspose,TWO_D,2896,2896,32,16,1,31,183.604,11.205,0.002,-1,-1,-1
Tesla K20Xm,MatrixTranspose,TWO_D,2896,2896,32,32,1,31,183.533,11.199,0.002,-1,-1,-1
Tesla K20Xm,MatrixTranspose,TWO_D,2896,2896,64,1,1,31,183.707,11.156,0.002,-1,-1,-1
Tesla K20Xm,MatrixTranspose,TWO_D,2896,2896,64,2,1,31,183.615,11.212,0.003,-1,-1,-1
Tesla K20Xm,MatrixTranspose,TWO_D,2896,2896,64,4,1,31,183.515,11.214,0.002,-1,-1,-1
Tesla K20Xm,MatrixTranspose,TWO_D,2896,2896,64,8,1,31,183.602,11.176,0.002,-1,-1,-1
Tesla K20Xm,MatrixTranspose,TWO_D,2896,2896,64,16,1,31,184.238,11.299,0.002,-1,-1,-1
Tesla K20Xm,MatrixTranspose,TWO_D,2896,2896,128,1,1,31,183.706,11.171,0.002,-1,-1,-1
Tesla K20Xm,MatrixTranspose,TWO_D,2896,2896,128,2,1,31,183.502,11.197,0.002,-1,-1,-1
Tesla K20Xm,MatrixTranspose,TWO_D,2896,2896,128,4,1,31,183.578,11.164,0.002,-1,-1,-1
Tesla K20Xm,MatrixTranspose,TWO_D,2896,2896,128,8,1,31,183.663,11.175,0.003,-1,-1,-1
Tesla K20Xm,MatrixTranspose,TWO_D,2896,2896,256,1,1,31,183.75,11.164,0.002,-1,-1,-1
Tesla K20Xm,MatrixTranspose,TWO_D,2896,2896,256,2,1,31,183.549,11.158,0.002,-1,-1,-1
Tesla K20Xm,MatrixTranspose,TWO_D,2896,2896,256,4,1,31,183.791,11.325,0.002,-1,-1,-1
Tesla K20Xm,MatrixTranspose,TWO_D,2896,2896,512,1,1,31,184.028,11.164,0.002,-1,-1,-1
Tesla K20Xm,MatrixTranspose,TWO_D,2896,2896,512,2,1,31,183.537,11.173,0.002,-1,-1,-1
Tesla K20Xm,MatrixTranspose,TWO_D,2896,2896,1024,1,1,31,184.519,11.201,0.003,-1,-1,-1
Tesla K20Xm,MatrixTranspose,TWO_D,2896,2896,1,1,1,31,181.218,10.989,0.002,34.136,16.717,0.659
Tesla K20Xm,MatrixTranspose,TWO_D,2896,2896,1,2,1,31,183.681,11.153,0.002,18.591,16.62,0.643
Tesla K20Xm,MatrixTranspose,TWO_D,2896,2896,1,4,1,31,183.617,11.054,0.002,10.17,16.614,0.651
Tesla K20Xm,MatrixTranspose,TWO_D,2896,2896,1,8,1,31,184.645,11.109,0.002,6.089,16.661,0.66
Tesla K20Xm,MatrixTranspose,TWO_D,2896,2896,1,16,1,31,183.527,11.065,0.002,4.296,16.596,0.626
Tesla K20Xm,MatrixTranspose,TWO_D,2896,2896,1,32,1,31,183.7,11.112,0.002,-1,-1,-1
Tesla K20Xm,MatrixTranspose,TWO_D,2896,2896,1,64,1,31,183.531,11.125,0.002,-1,-1,-1
Tesla K20Xm,MatrixTranspose,TWO_D,2896,2896,1,128,1,31,183.583,11.141,0.002,-1,-1,-1
Tesla K20Xm,MatrixTranspose,TWO_D,2896,2896,1,256,1,31,183.785,11.085,0.002,-1,-1,-1
Tesla K20Xm,MatrixTranspose,TWO_D,2896,2896,1,512,1,31,183.564,11.089,0.002,-1,-1,-1
Tesla K20Xm,MatrixTranspose,TWO_D,2896,2896,1,1024,1,31,183.851,11.067,0.002,-1,-1,-1
Tesla K20Xm,MatrixTranspose,TWO_D,2896,2896,2,1,1,31,183.621,11.111,0.003,17.032,16.615,0.656
Tesla K20Xm,MatrixTranspose,TWO_D,2896,2896,2,2,1,31,184.346,11.167,0.003,9.724,16.929,0.642
Tesla K20Xm,MatrixTranspose,TWO_D,2896,2896,2,4,1,31,183.729,11.134,0.003,5.448,16.616,0.665
Tesla K20Xm,MatrixTranspose,TWO_D,2896,2896,2,8,1,31,183.626,11.125,0.003,3.276,16.617,0.646
Tesla K20Xm,MatrixTranspose,TWO_D,2896,2896,2,16,1,31,183.596,11.084,0.002,2.393,16.614,0.667
Tesla K20Xm,MatrixTranspose,TWO_D,2896,2896,2,32,1,31,183.612,11.042,0.002,-1,-1,-1
Tesla K20Xm,MatrixTranspose,TWO_D,2896,2896,2,64,1,31,183.768,11.079,0.002,-1,-1,-1
Tesla K20Xm,MatrixTranspose,TWO_D,2896,2896,2,128,1,31,183.511,11.267,0.002,-1,-1,-1
Tesla K20Xm,MatrixTranspose,TWO_D,2896,2896,2,256,1,31,184.085,11.15,0.001,-1,-1,-1
Tesla K20Xm,MatrixTranspose,TWO_D,2896,2896,2,512,1,31,184.004,11.147,0.003,-1,-1,-1
Tesla K20Xm,MatrixTranspose,TWO_D,2896,2896,4,1,1,31,183.592,11.117,0.002,8.648,16.858,0.663
Tesla K20Xm,MatrixTranspose,TWO_D,2896,2896,4,2,1,31,184.284,11.081,0.003,5.088,16.631,0.644
Tesla K20Xm,MatrixTranspose,TWO_D,2896,2896,4,4,1,31,183.554,11.085,0.002,2.898,16.692,0.64
Tesla K20Xm,MatrixTranspose,TWO_D,2896,2896,4,8,1,31,183.657,11.074,0.003,1.873,16.617,0.651
Tesla K20Xm,MatrixTranspose,TWO_D,2896,2896,4,16,1,31,183.623,11.128,0.002,1.289,16.742,0.675
Tesla K20Xm,MatrixTranspose,TWO_D,2896,2896,4,32,1,31,183.511,11.126,0.002,-1,-1,-1
Tesla K20Xm,MatrixTranspose,TWO_D,2896,2896,4,64,1,31,183.552,11.157,0.002,-1,-1,-1
Tesla K20Xm,MatrixTranspose,TWO_D,2896,2896,4,128,1,31,183.584,11.122,0.003,-1,-1,-1
Tesla K20Xm,MatrixTranspose,TWO_D,2896,2896,4,256,1,31,183.621,11.088,0.002,-1,-1,-1
Tesla K20Xm,MatrixTranspose,TWO_D,2896,2896,8,1,1,31,183.587,11.075,0.002,4.58,16.593,0.656
Tesla K20Xm,MatrixTranspose,TWO_D,2896,2896,8,2,1,31,184.613,11.102,0.002,2.783,16.661,0.653
Tesla K20Xm,MatrixTranspose,TWO_D,2896,2896,8,4,1,31,183.584,11.103,0.002,1.684,16.646,0.653
Tesla K20Xm,MatrixTranspose,TWO_D,2896,2896,8,8,1,31,183.665,11.058,0.002,1.145,16.736,0.664
Tesla K20Xm,MatrixTranspose,TWO_D,2896,2896,8,16,1,31,183.54,11.159,0.002,0.942,16.598,0.635
Tesla K20Xm,MatrixTranspose,TWO_D,2896,2896,8,32,1,31,183.595,11.081,0.002,-1,-1,-1
Tesla K20Xm,MatrixTranspose,TWO_D,2896,2896,8,64,1,31,183.831,11.067,0.002,-1,-1,-1
Tesla K20Xm,MatrixTranspose,TWO_D,2896,2896,8,128,1,31,183.627,11.086,0.002,-1,-1,-1
Tesla K20Xm,MatrixTranspose,TWO_D,2896,2896,16,1,1,31,183.684,11.058,0.002,2.538,16.626,0.639
Tesla K20Xm,MatrixTranspose,TWO_D,2896,2896,16,2,1,31,183.649,11.075,0.003,1.604,16.599,0.649
Tesla K20Xm,MatrixTranspose,TWO_D,2896,2896,16,4,1,31,184.31,11.156,0.002,1.089,16.916,0.658
Tesla K20Xm,MatrixTranspose,TWO_D,2896,2896,16,8,1,31,183.827,11.072,0.002,0.863,16.724,0.647
Tesla K20Xm,MatrixTranspose,TWO_D,2896,2896,16,16,1,31,183.509,11.163,0.002,0.961,16.686,0.65
Tesla K20Xm,MatrixTranspose,TWO_D,2896,2896,16,32,1,31,183.603,11.082,0.003,-1,-1,-1
Tesla K20Xm,MatrixTranspose,TWO_D,2896,2896,16,64,1,31,183.793,11.097,0.002,-1,-1,-1
Tesla K20Xm,MatrixTranspose,TWO_D,2896,2896,32,1,1,31,183.807,11.089,0.002,-1,-1,-1
Tesla K20Xm,MatrixTranspose,TWO_D,2896,2896,32,2,1,31,183.632,11.069,0.002,-1,-1,-1
Tesla K20Xm,MatrixTranspose,TWO_D,2896,2896,32,4,1,31,183.685,11.138,0.002,-1,-1,-1
Tesla K20Xm,MatrixTranspose,TWO_D,2896,2896,32,8,1,31,183.661,11.113,0.003,-1,-1,-1
Tesla K20Xm,MatrixTranspose,TWO_D,2896,2896,32,16,1,31,183.489,11.085,0.001,-1,-1,-1
Tesla K20Xm,MatrixTranspose,TWO_D,2896,2896,32,32,1,31,184.456,11.195,0.003,-1,-1,-1
Tesla K20Xm,MatrixTranspose,TWO_D,2896,2896,64,1,1,31,183.636,11.111,0.002,-1,-1,-1
Tesla K20Xm,MatrixTranspose,TWO_D,2896,2896,64,2,1,31,183.789,11.102,0.002,-1,-1,-1
Tesla K20Xm,MatrixTranspose,TWO_D,2896,2896,64,4,1,31,183.688,11.1,0.002,-1,-1,-1
Tesla K20Xm,MatrixTranspose,TWO_D,2896,2896,64,8,1,31,183.595,11.047,0.002,-1,-1,-1
Tesla K20Xm,MatrixTranspose,TWO_D,2896,2896,64,16,1,31,183.833,11.069,0.002,-1,-1,-1
Tesla K20Xm,MatrixTranspose,TWO_D,2896,2896,128,1,1,31,183.624,11.057,0.002,-1,-1,-1
Tesla K20Xm,MatrixTranspose,TWO_D,2896,2896,128,2,1,31,183.662,11.099,0.002,-1,-1,-1
Tesla K20Xm,MatrixTranspose,TWO_D,2896,2896,128,4,1,31,183.489,11.158,0.002,-1,-1,-1
Tesla K20Xm,MatrixTranspose,TWO_D,2896,2896,128,8,1,31,184.425,11.308,0.002,-1,-1,-1
Tesla K20Xm,MatrixTranspose,TWO_D,2896,2896,256,1,1,31,183.561,11.043,0.002,-1,-1,-1
Tesla K20Xm,MatrixTranspose,TWO_D,2896,2896,256,2,1,31,183.697,11.103,0.002,-1,-1,-1
Tesla K20Xm,MatrixTranspose,TWO_D,2896,2896,256,4,1,31,183.535,11.054,0.002,-1,-1,-1
Tesla K20Xm,MatrixTranspose,TWO_D,2896,2896,512,1,1,31,183.621,11.108,0.002,-1,-1,-1
Tesla K20Xm,MatrixTranspose,TWO_D,2896,2896,512,2,1,31,183.743,11.076,0.002,-1,-1,-1
Tesla K20Xm,MatrixTranspose,TWO_D,2896,2896,1024,1,1,31,183.591,11.091,0.002,-1,-1,-1
