device/C,kernel/C,workDimension/C,nElements/F,xLocal/I,yLocal/I,zLocal/I,MB/F,init/F,memoryCopyOut/F,plan/F,execute/F,memoryCopyIn/F,cleanUp/F
Tesla K20Xm,Oxxxxx,ONE_D,1.04858e+07,1,1,1,320,354.16,162.766,0.002,59.667,251.372,2.061
Tesla K20Xm,Oxxxxx,ONE_D,1.04858e+07,2,1,1,320,354.449,162.548,0.002,31.411,251.153,2.039
Tesla K20Xm,Oxxxxx,ONE_D,1.04858e+07,4,1,1,320,353.759,162.658,0.002,17.781,251.065,2.044
Tesla K20Xm,Oxxxxx,ONE_D,1.04858e+07,8,1,1,320,354.558,163.644,0.002,9.904,251.228,2.027
Tesla K20Xm,Oxxxxx,ONE_D,1.04858e+07,16,1,1,320,353.64,162.759,0.002,7.347,251.019,2.029
Tesla K20Xm,Oxxxxx,ONE_D,1.04858e+07,32,1,1,320,353.872,162.578,0.003,7.411,250.987,2.028
Tesla K20Xm,Oxxxxx,ONE_D,1.04858e+07,64,1,1,320,354.781,162.526,0.002,7.197,251.056,2.015
Tesla K20Xm,Oxxxxx,ONE_D,1.04858e+07,128,1,1,320,353.622,162.722,0.002,9.854,251.093,2.06
Tesla K20Xm,Oxxxxx,ONE_D,1.04858e+07,256,1,1,320,353.636,162.969,0.003,9.47,251.41,2.165
Tesla K20Xm,Oxxxxx,ONE_D,1.04858e+07,512,1,1,320,353.73,162.668,0.001,7.345,251.012,2.026
Tesla K20Xm,Oxxxxx,ONE_D,1.04858e+07,1024,1,1,320,353.973,162.554,0.002,8.348,251.014,2.009
Tesla K20Xm,Oxxxxx,ONE_D,1.04858e+07,1,1,1,320,354.727,162.516,0.002,59.887,250.953,2.071
Tesla K20Xm,Oxxxxx,ONE_D,1.04858e+07,2,1,1,320,353.506,162.5,0.002,31.415,250.992,2.044
Tesla K20Xm,Oxxxxx,ONE_D,1.04858e+07,4,1,1,320,353.4,163.581,0.002,17.557,251.022,2.058
Tesla K20Xm,Oxxxxx,ONE_D,1.04858e+07,8,1,1,320,354.382,162.445,0.002,9.912,250.973,2.101
Tesla K20Xm,Oxxxxx,ONE_D,1.04858e+07,16,1,1,320,353.4,162.5,0.002,7.338,250.956,2.029
Tesla K20Xm,Oxxxxx,ONE_D,1.04858e+07,32,1,1,320,354.36,162.573,0.002,7.365,250.976,2.047
Tesla K20Xm,Oxxxxx,ONE_D,1.04858e+07,64,1,1,320,353.448,164.933,0.002,7.24,251.139,2.044
Tesla K20Xm,Oxxxxx,ONE_D,1.04858e+07,128,1,1,320,353.382,162.62,0.002,9.856,251.758,2.097
Tesla K20Xm,Oxxxxx,ONE_D,1.04858e+07,256,1,1,320,353.387,162.6,0.002,9.505,251.006,2.051
Tesla K20Xm,Oxxxxx,ONE_D,1.04858e+07,512,1,1,320,353.545,162.531,0.002,7.354,251.071,2.043
Tesla K20Xm,Oxxxxx,ONE_D,1.04858e+07,1024,1,1,320,354.372,162.58,0.002,8.377,250.986,2.031
Tesla K20Xm,Oxxxxx,ONE_D,1.04858e+07,1,1,1,320,364.471,162.299,0.002,59.663,250.846,2.044
Tesla K20Xm,Oxxxxx,ONE_D,1.04858e+07,2,1,1,320,353.344,163.302,0.003,31.625,251.158,2.052
Tesla K20Xm,Oxxxxx,ONE_D,1.04858e+07,4,1,1,320,353.299,162.389,0.002,17.75,251.079,2.063
Tesla K20Xm,Oxxxxx,ONE_D,1.04858e+07,8,1,1,320,353.41,162.48,0.003,9.932,250.876,2.057
Tesla K20Xm,Oxxxxx,ONE_D,1.04858e+07,16,1,1,320,354.385,162.426,0.002,7.355,250.871,2.054
Tesla K20Xm,Oxxxxx,ONE_D,1.04858e+07,32,1,1,320,353.319,162.531,0.002,7.346,251.154,2.04
Tesla K20Xm,Oxxxxx,ONE_D,1.04858e+07,64,1,1,320,353.275,162.722,0.002,7.212,251.441,2.044
Tesla K20Xm,Oxxxxx,ONE_D,1.04858e+07,128,1,1,320,353.454,162.502,0.003,9.864,251.089,2.067
Tesla K20Xm,Oxxxxx,ONE_D,1.04858e+07,256,1,1,320,353.494,162.428,0.002,9.619,250.898,2.038
Tesla K20Xm,Oxxxxx,ONE_D,1.04858e+07,512,1,1,320,354.202,162.806,0.003,7.371,255.016,2.183
Tesla K20Xm,Oxxxxx,ONE_D,1.04858e+07,1024,1,1,320,353.339,162.644,0.003,8.362,251.154,2.053
Tesla K20Xm,Oxxxxx,ONE_D,1.04858e+07,1,1,1,320,355.07,163.254,0.002,59.862,251.041,2.066
Tesla K20Xm,Oxxxxx,ONE_D,1.04858e+07,2,1,1,320,353.432,162.507,0.003,31.402,255.003,2.057
Tesla K20Xm,Oxxxxx,ONE_D,1.04858e+07,4,1,1,320,353.384,162.593,0.002,17.549,251.655,2.083
Tesla K20Xm,Oxxxxx,ONE_D,1.04858e+07,8,1,1,320,353.522,162.472,0.002,9.912,250.808,2.092
Tesla K20Xm,Oxxxxx,ONE_D,1.04858e+07,16,1,1,320,353.338,162.655,0.002,7.328,250.829,2.06
Tesla K20Xm,Oxxxxx,ONE_D,1.04858e+07,32,1,1,320,353.396,163.35,0.002,7.337,250.878,2.065
Tesla K20Xm,Oxxxxx,ONE_D,1.04858e+07,64,1,1,320,353.278,162.489,0.002,7.205,251.102,2.073
Tesla K20Xm,Oxxxxx,ONE_D,1.04858e+07,128,1,1,320,353.322,162.385,0.002,9.881,250.885,2.059
Tesla K20Xm,Oxxxxx,ONE_D,1.04858e+07,256,1,1,320,354.272,162.613,0.002,9.507,250.868,2.056
Tesla K20Xm,Oxxxxx,ONE_D,1.04858e+07,512,1,1,320,353.335,162.457,0.002,7.376,250.816,2.082
Tesla K20Xm,Oxxxxx,ONE_D,1.04858e+07,1024,1,1,320,353.282,162.967,0.002,8.426,251.399,2.08
