device/C,kernel/C,workDimension/C,nElements/F,xLocal/I,yLocal/I,zLocal/I,MB/F,init/F,memoryCopyOut/F,plan/F,execute/F,memoryCopyIn/F,cleanUp/F
Tesla K20Xm,Oxxxxx,ONE_D,524288,1,1,1,16,23.475,9.458,0.002,3.353,15.336,0.353
Tesla K20Xm,Oxxxxx,ONE_D,524288,2,1,1,16,23.583,9.288,0,2.003,13.493,0.26
Tesla K20Xm,Oxxxxx,ONE_D,524288,4,1,1,16,22.313,6.379,0.001,1.214,10.135,0.249
Tesla K20Xm,Oxxxxx,ONE_D,524288,8,1,1,16,22.302,6.374,0.001,0.875,10.124,0.235
Tesla K20Xm,Oxxxxx,ONE_D,524288,16,1,1,16,22.317,6.375,0.001,0.706,10.144,0.235
Tesla K20Xm,Oxxxxx,ONE_D,524288,32,1,1,16,22.355,6.362,0.002,0.739,10.139,0.236
Tesla K20Xm,Oxxxxx,ONE_D,524288,64,1,1,16,22.304,6.359,0,0.693,10.121,0.232
Tesla K20Xm,Oxxxxx,ONE_D,524288,128,1,1,16,22.306,6.388,0.001,0.855,10.136,0.248
Tesla K20Xm,Oxxxxx,ONE_D,524288,256,1,1,16,22.311,6.379,0.001,0.566,10.141,0.233
Tesla K20Xm,Oxxxxx,ONE_D,524288,512,1,1,16,22.311,6.375,0,0.695,10.124,0.234
Tesla K20Xm,Oxxxxx,ONE_D,524288,1024,1,1,16,22.31,6.364,0.001,0.789,10.128,0.238
Tesla K20Xm,Oxxxxx,ONE_D,524288,1,1,1,16,18.641,6.095,0.002,3.327,10.265,0.232
Tesla K20Xm,Oxxxxx,ONE_D,524288,2,1,1,16,16.709,5.568,0.001,1.916,10.247,0.198
Tesla K20Xm,Oxxxxx,ONE_D,524288,4,1,1,16,16.707,5.505,0.001,1.182,10.229,0.21
Tesla K20Xm,Oxxxxx,ONE_D,524288,8,1,1,16,16.804,5.517,0,0.824,10.237,0.195
Tesla K20Xm,Oxxxxx,ONE_D,524288,16,1,1,16,16.711,5.529,0,0.713,10.232,0.191
Tesla K20Xm,Oxxxxx,ONE_D,524288,32,1,1,16,16.784,5.524,0.001,0.667,10.267,0.206
Tesla K20Xm,Oxxxxx,ONE_D,524288,64,1,1,16,16.859,5.507,0,0.689,10.245,0.197
Tesla K20Xm,Oxxxxx,ONE_D,524288,128,1,1,16,16.7,5.535,0.001,0.826,10.249,0.19
Tesla K20Xm,Oxxxxx,ONE_D,524288,256,1,1,16,16.706,5.504,0,0.69,10.286,0.19
Tesla K20Xm,Oxxxxx,ONE_D,524288,512,1,1,16,16.783,5.525,0.001,0.679,10.25,0.196
Tesla K20Xm,Oxxxxx,ONE_D,524288,1024,1,1,16,16.703,5.528,0.001,0.769,10.253,0.19
Tesla K20Xm,Oxxxxx,ONE_D,524288,1,1,1,16,18.437,5.998,0.002,3.339,9.383,0.236
Tesla K20Xm,Oxxxxx,ONE_D,524288,2,1,1,16,16.746,5.518,0.001,1.872,9.309,0.194
Tesla K20Xm,Oxxxxx,ONE_D,524288,4,1,1,16,16.714,5.466,0.001,1.249,9.293,0.191
Tesla K20Xm,Oxxxxx,ONE_D,524288,8,1,1,16,16.711,5.474,0,0.793,9.33,0.219
Tesla K20Xm,Oxxxxx,ONE_D,524288,16,1,1,16,16.742,5.489,0.001,0.676,9.291,0.191
Tesla K20Xm,Oxxxxx,ONE_D,524288,32,1,1,16,16.704,5.467,0,0.731,9.316,0.193
Tesla K20Xm,Oxxxxx,ONE_D,524288,64,1,1,16,16.712,5.475,0,0.658,9.301,0.192
Tesla K20Xm,Oxxxxx,ONE_D,524288,128,1,1,16,16.75,5.517,0,0.791,9.299,0.2
Tesla K20Xm,Oxxxxx,ONE_D,524288,256,1,1,16,16.711,5.486,0,0.723,9.325,0.192
Tesla K20Xm,Oxxxxx,ONE_D,524288,512,1,1,16,16.717,5.488,0.001,0.671,9.291,0.19
Tesla K20Xm,Oxxxxx,ONE_D,524288,1024,1,1,16,16.748,5.52,0,0.724,9.326,0.206
Tesla K20Xm,Oxxxxx,ONE_D,524288,1,1,1,16,18.435,5.982,0.002,3.35,13.226,0.239
Tesla K20Xm,Oxxxxx,ONE_D,524288,2,1,1,16,16.712,5.502,0.001,1.917,9.487,0.194
Tesla K20Xm,Oxxxxx,ONE_D,524288,4,1,1,16,16.713,5.448,0.001,1.204,9.452,0.192
Tesla K20Xm,Oxxxxx,ONE_D,524288,8,1,1,16,16.826,5.455,0.001,0.813,9.432,0.206
Tesla K20Xm,Oxxxxx,ONE_D,524288,16,1,1,16,16.698,5.461,0.001,0.734,9.5,0.192
Tesla K20Xm,Oxxxxx,ONE_D,524288,32,1,1,16,16.718,5.461,0,0.692,9.421,0.189
Tesla K20Xm,Oxxxxx,ONE_D,524288,64,1,1,16,16.75,5.455,0.001,0.654,9.444,0.206
Tesla K20Xm,Oxxxxx,ONE_D,524288,128,1,1,16,16.707,5.452,0,0.823,9.479,0.191
Tesla K20Xm,Oxxxxx,ONE_D,524288,256,1,1,16,16.709,5.448,0.001,0.734,9.434,0.189
Tesla K20Xm,Oxxxxx,ONE_D,524288,512,1,1,16,16.748,5.438,0.001,0.694,9.443,0.189
Tesla K20Xm,Oxxxxx,ONE_D,524288,1024,1,1,16,16.71,5.443,0,0.751,9.483,0.194
Tesla K20Xm,Oxxxxx,ONE_D,524288,1,1,1,16,18.105,8.186,0.002,3.152,12.785,0.231
Tesla K20Xm,Oxxxxx,ONE_D,524288,2,1,1,16,16.751,5.449,0.001,1.908,8.699,0.193
Tesla K20Xm,Oxxxxx,ONE_D,524288,4,1,1,16,17.094,5.743,0,1.187,9.156,0.204
Tesla K20Xm,Oxxxxx,ONE_D,524288,8,1,1,16,17.336,5.446,0.001,0.854,8.68,0.191
Tesla K20Xm,Oxxxxx,ONE_D,524288,16,1,1,16,16.862,5.481,0.001,0.694,8.797,0.192
Tesla K20Xm,Oxxxxx,ONE_D,524288,32,1,1,16,16.934,5.446,0.001,0.666,8.698,0.191
Tesla K20Xm,Oxxxxx,ONE_D,524288,64,1,1,16,16.758,5.438,0.001,0.698,8.684,0.19
Tesla K20Xm,Oxxxxx,ONE_D,524288,128,1,1,16,16.708,5.471,0,0.757,8.701,0.194
Tesla K20Xm,Oxxxxx,ONE_D,524288,256,1,1,16,16.708,5.44,0.001,0.729,8.68,0.19
Tesla K20Xm,Oxxxxx,ONE_D,524288,512,1,1,16,16.71,5.441,0.001,0.735,8.686,0.191
Tesla K20Xm,Oxxxxx,ONE_D,524288,1024,1,1,16,16.709,5.442,0,0.733,8.739,0.19
