-------------------------Client: 1-------------------------
kernel,width,height,nSteps,xLocal,yLocal,zLocal,memoryCopyOut,plan,execute,memoryCopyIn,cleanUp,
FluidSimulation	2048	2048	5	1	1	1	141.6	0.005	1623.2	0.001	27.902	
FluidSimulation	2048	2048	5	1	2	1	103.693	0.002	1581.13	0.002	16.298	
FluidSimulation	2048	2048	5	1	4	1	99.89	0.006	1408.6	0.001	16.15	
FluidSimulation	2048	2048	5	1	8	1	99.221	0.005	1412.16	0.001	16.603	
FluidSimulation	2048	2048	5	1	16	1	101.102	0.005	1451.85	0.001	16.559	
FluidSimulation	2048	2048	5	1	32	1	98.377	0.006	1617.17	0.001	16.58	
FluidSimulation	2048	2048	5	1	64	1	103.05	0.003	1769.76	0.002	16.585	
FluidSimulation	2048	2048	5	1	128	1	98.677	0.003	1947.93	0.001	16.845	
FluidSimulation	2048	2048	5	1	256	1	102.926	0.003	2502.18	0.001	16.637	
FluidSimulation	2048	2048	5	2	1	1	97.867	0.003	1508.44	0.002	16.605	
FluidSimulation	2048	2048	5	2	2	1	98.335	0.003	1408.01	0.001	16.624	
FluidSimulation	2048	2048	5	2	4	1	98.291	0.003	1396.53	0.001	16.624	
FluidSimulation	2048	2048	5	2	8	1	99.177	0.005	1415.41	0.001	16.504	
FluidSimulation	2048	2048	5	2	16	1	99.166	0.005	1431.73	0.002	16.536	
FluidSimulation	2048	2048	5	2	32	1	100.808	0.005	1436.47	0.001	16.51	
FluidSimulation	2048	2048	5	2	64	1	98.36	0.032	1547.6	0.001	16.537	
FluidSimulation	2048	2048	5	2	128	1	99.335	0.005	1686.08	0.001	16.565	
FluidSimulation	2048	2048	5	4	1	1	98.116	0.005	1391.68	0.001	16.47	
FluidSimulation	2048	2048	5	4	2	1	101.546	0.004	1399.44	0.001	16.495	
FluidSimulation	2048	2048	5	4	4	1	101.335	0.005	1412.56	0.002	16.51	
FluidSimulation	2048	2048	5	4	8	1	100.003	0.006	1418.13	0.002	16.484	
FluidSimulation	2048	2048	5	4	16	1	101.502	0.003	1388.55	0.001	16.513	
FluidSimulation	2048	2048	5	4	32	1	98.342	0.005	1395.47	0.001	16.5	
FluidSimulation	2048	2048	5	4	64	1	98.046	0.016	1442.19	0.001	16.486	
FluidSimulation	2048	2048	5	8	1	1	97.047	0.002	1366.18	0.001	16.462	
FluidSimulation	2048	2048	5	8	2	1	93.777	0.005	1403.37	0.002	16.494	
FluidSimulation	2048	2048	5	8	4	1	99.068	0.005	1405.86	0.001	16.495	
FluidSimulation	2048	2048	5	8	8	1	97.428	0.003	1402.29	0.001	16.5	
FluidSimulation	2048	2048	5	8	16	1	96.834	0.005	1405.36	0.002	16.599	
FluidSimulation	2048	2048	5	8	32	1	98.315	0.003	1395.19	0.002	16.575	
FluidSimulation	2048	2048	5	16	1	1	97.352	0.003	1402.03	0.001	16.745	
FluidSimulation	2048	2048	5	16	2	1	104.375	0.006	1397.83	0.001	16.643	
FluidSimulation	2048	2048	5	16	4	1	98.143	0.006	1407.48	0.001	16.604	
FluidSimulation	2048	2048	5	16	8	1	99.198	0.005	1399.58	0.001	16.637	
FluidSimulation	2048	2048	5	16	16	1	104.025	0.006	1400.73	0.002	16.659	
FluidSimulation	2048	2048	5	32	1	1	96.596	0.004	1402.51	0.001	16.608	
FluidSimulation	2048	2048	5	32	2	1	102.948	0.003	1402.38	0.001	16.628	
FluidSimulation	2048	2048	5	32	4	1	96.944	0.003	1398.02	0.001	16.64	
FluidSimulation	2048	2048	5	32	8	1	98.079	0.005	1408.54	0.001	16.652	
FluidSimulation	2048	2048	5	64	1	1	97.691	0.004	1404.91	0.001	16.604	
FluidSimulation	2048	2048	5	64	2	1	100.852	0.006	1408.53	0.001	16.62	
FluidSimulation	2048	2048	5	64	4	1	100.501	0.006	1412.58	0.001	16.621	
FluidSimulation	2048	2048	5	128	1	1	98.63	0.003	1399.47	0.001	16.718	
FluidSimulation	2048	2048	5	128	2	1	104.22	0.007	1417.23	0.002	16.604	
FluidSimulation	2048	2048	5	256	1	1	98.028	0.003	1400.31	0.001	16.544	
kernel,width,height,xLocal,yLocal,zLocal,memoryCopyOut,plan,execute,memoryCopyIn,cleanUp,
LUDecomposition	2048	2048	1	1	1	32.055	0.006	3606.18	32.212	0.951	
LUDecomposition	2048	2048	1	2	1	20.408	0.005	1976.09	31.032	0.547	
LUDecomposition	2048	2048	1	4	1	20.74	0.007	1197.87	25.365	0.514	
LUDecomposition	2048	2048	1	8	1	20.457	0.022	822.754	29.546	0.505	
LUDecomposition	2048	2048	1	16	1	20.345	0.023	635.795	30.473	0.533	
LUDecomposition	2048	2048	1	32	1	20.866	0.007	609.337	29.081	0.505	
LUDecomposition	2048	2048	1	64	1	20.736	0.005	643.768	30.727	0.504	
LUDecomposition	2048	2048	1	128	1	20.815	0.006	633.567	31.695	0.57	
LUDecomposition	2048	2048	1	256	1	20.58	0.006	632.115	25.228	0.586	
LUDecomposition	2048	2048	2	1	1	20.761	0.006	1967.46	27.985	0.575	
LUDecomposition	2048	2048	2	2	1	20.168	0.006	1158.4	27.897	0.536	
LUDecomposition	2048	2048	2	4	1	20.842	0.021	831.063	27.174	0.552	
LUDecomposition	2048	2048	2	8	1	20.909	0.021	633.679	25.634	0.578	
LUDecomposition	2048	2048	2	16	1	20.869	0.006	611.869	29.619	0.513	
LUDecomposition	2048	2048	2	32	1	20.783	0.005	649.461	28.061	0.572	
LUDecomposition	2048	2048	2	64	1	20.654	0.005	635.698	25.594	0.5	
LUDecomposition	2048	2048	2	128	1	20.826	0.005	636.866	27.629	0.503	
LUDecomposition	2048	2048	4	1	1	20.233	0.005	1179.49	27.838	0.507	
LUDecomposition	2048	2048	4	2	1	20.18	0.006	756.582	29.528	0.516	
LUDecomposition	2048	2048	4	4	1	20.333	0.004	636.405	24.889	0.507	
LUDecomposition	2048	2048	4	8	1	20.847	0.038	609.019	26.412	0.497	
LUDecomposition	2048	2048	4	16	1	21.045	0.006	646.115	28.397	0.515	
LUDecomposition	2048	2048	4	32	1	20.826	0.005	633.288	30.793	0.49	
LUDecomposition	2048	2048	4	64	1	20.337	0.005	635.522	30.546	0.541	
LUDecomposition	2048	2048	8	1	1	20.235	0.006	835.622	26.493	0.539	
LUDecomposition	2048	2048	8	2	1	20.487	0.005	633.015	30.175	0.514	
LUDecomposition	2048	2048	8	4	1	20.426	0.005	607.26	28.919	0.541	
LUDecomposition	2048	2048	8	8	1	20.654	0.005	649.819	27.645	0.6	
LUDecomposition	2048	2048	8	16	1	20.735	0.006	637.907	32.452	0.552	
LUDecomposition	2048	2048	8	32	1	21.054	0.005	629.198	31.167	0.51	
LUDecomposition	2048	2048	16	1	1	20.488	0.021	635.141	26.227	0.507	
LUDecomposition	2048	2048	16	2	1	20.329	0.005	609.233	27.014	0.501	
LUDecomposition	2048	2048	16	4	1	20.857	0.005	646.685	28.585	0.503	
LUDecomposition	2048	2048	16	8	1	20.577	0.005	633.762	25.66	0.508	
LUDecomposition	2048	2048	16	16	1	20.54	0.005	616.406	28.838	0.496	
LUDecomposition	2048	2048	32	1	1	20.528	0.004	611.743	30.524	0.503	
LUDecomposition	2048	2048	32	2	1	20.954	0.005	649.608	28.806	0.501	
LUDecomposition	2048	2048	32	4	1	20.729	0.006	634.254	26.314	0.467	
LUDecomposition	2048	2048	32	8	1	21.088	0.005	629.799	30.465	0.516	
LUDecomposition	2048	2048	64	1	1	20.711	0.005	645.634	30.792	0.491	
LUDecomposition	2048	2048	64	2	1	20.389	0.006	633.957	27.286	0.556	
LUDecomposition	2048	2048	64	4	1	20.704	0.004	629.318	31.235	0.528	
LUDecomposition	2048	2048	128	1	1	20.762	0.005	634.686	27.64	0.525	
LUDecomposition	2048	2048	128	2	1	20.388	0.005	628.853	32.271	0.537	
LUDecomposition	2048	2048	256	1	1	20.303	0.006	634.481	32.695	0.535	
kernel,width,height,xLocal,yLocal,zLocal,memoryCopyOut,plan,execute,memoryCopyIn,cleanUp,
FloydWarshall	2048	2048	1	1	1	6.998	0.018	38167.3	19.329	5.387	
FloydWarshall	2048	2048	1	2	1	6.208	0.004	19766.6	19.956	4.023	
FloydWarshall	2048	2048	1	4	1	5.316	0.002	10801.7	20.313	4.062	
FloydWarshall	2048	2048	1	8	1	6.254	0.003	6580.47	19.34	4.055	
FloydWarshall	2048	2048	1	16	1	5.534	0.003	4655.44	19.987	4.064	
FloydWarshall	2048	2048	1	32	1	6.27	0.003	4244.49	20.13	4.025	
FloydWarshall	2048	2048	1	64	1	5.396	0.001	8233.43	22.077	4.089	
FloydWarshall	2048	2048	1	128	1	7.87	0.003	10179.7	14.476	3.527	
FloydWarshall	2048	2048	1	256	1	7.645	0.002	11126.1	17.35	3.784	
FloydWarshall	2048	2048	2	1	1	5.967	0.003	19751.8	15.896	4.027	
FloydWarshall	2048	2048	2	2	1	5.61	0.004	10955.7	13.595	3.045	
FloydWarshall	2048	2048	2	4	1	6.071	0.003	6734.48	13.295	4.022	
FloydWarshall	2048	2048	2	8	1	5.699	0.003	4912.33	16.59	3.974	
FloydWarshall	2048	2048	2	16	1	5.829	0.002	4260.78	15.748	3.963	
FloydWarshall	2048	2048	2	32	1	6.004	0.003	4785.66	13.87	3.021	
FloydWarshall	2048	2048	2	64	1	6.342	0.004	5624.9	17.439	3.856	
FloydWarshall	2048	2048	2	128	1	5.565	0.002	6569.59	12.532	2.526	
FloydWarshall	2048	2048	4	1	1	4.868	0.002	10912	17.182	3.871	
FloydWarshall	2048	2048	4	2	1	5.333	0.002	6641.35	15.791	3.83	
FloydWarshall	2048	2048	4	4	1	5.409	0.003	4875.91	17.346	4.001	
FloydWarshall	2048	2048	4	8	1	5.869	0.002	4227.58	16.685	3.994	
FloydWarshall	2048	2048	4	16	1	5.258	0.002	4204.9	15.263	3.947	
FloydWarshall	2048	2048	4	32	1	5.135	0.003	4255.1	15.405	3.654	
FloydWarshall	2048	2048	4	64	1	6.433	0.003	4530.29	15.237	3.865	
FloydWarshall	2048	2048	8	1	1	5.639	0.002	6712.97	14.514	3.835	
FloydWarshall	2048	2048	8	2	1	5.074	0.003	4883.55	16.631	3.804	
FloydWarshall	2048	2048	8	4	1	5.708	0.002	4133.49	17.199	3.83	
FloydWarshall	2048	2048	8	8	1	5.332	0.003	3919.6	17.279	4.112	
FloydWarshall	2048	2048	8	16	1	5.622	0.004	3938.63	17.298	3.81	
FloydWarshall	2048	2048	8	32	1	4.912	0.002	3887.78	17.119	3.818	
FloydWarshall	2048	2048	16	1	1	5.495	0.002	4943.42	15.104	3.808	
FloydWarshall	2048	2048	16	2	1	5.36	0.002	4046.27	13.454	3.793	
FloydWarshall	2048	2048	16	4	1	4.842	0.002	3786.9	14.849	3.828	
FloydWarshall	2048	2048	16	8	1	4.996	0.002	3681.5	15.416	3.803	
FloydWarshall	2048	2048	16	16	1	5.59	0.003	3690.81	15.354	3.805	
FloydWarshall	2048	2048	32	1	1	5.277	0.003	4033.91	14.55	3.698	
FloydWarshall	2048	2048	32	2	1	5.073	0.002	3769.57	16.132	3.806	
FloydWarshall	2048	2048	32	4	1	5.076	0.002	3606.54	13.461	3.125	
FloydWarshall	2048	2048	32	8	1	5.26	0.003	3665.89	16.895	3.833	
FloydWarshall	2048	2048	64	1	1	5.568	0.002	3814.9	17.461	3.885	
FloydWarshall	2048	2048	64	2	1	5.156	0.002	3683.22	15.658	3.804	
FloydWarshall	2048	2048	64	4	1	5.09	0.002	3668.73	16.892	3.803	
FloydWarshall	2048	2048	128	1	1	5.212	0.002	3630.86	15.576	3.792	
FloydWarshall	2048	2048	128	2	1	5.277	0.003	3669.73	16.429	3.8	
FloydWarshall	2048	2048	256	1	1	5.194	0.002	3595.77	17.094	3.792	
kernel,nElements,xLocal,yLocal,zLocal,memoryCopyOut,plan,execute,memoryCopyIn,cleanUp,
FWT	32768	1	1	1	0.544	0.003	3.154	0.203	0.038	
FWT	32768	2	1	1	0.463	0.001	1.634	0.214	0.038	
FWT	32768	4	1	1	0.265	0.001	1.208	0.201	0.039	
FWT	32768	8	1	1	0.248	0.001	0.812	0.203	0.037	
FWT	32768	16	1	1	0.302	0.002	0.602	0.276	0.037	
FWT	32768	32	1	1	0.395	0.002	0.672	0.202	0.038	
FWT	32768	64	1	1	0.388	0.001	0.544	0.344	0.054	
FWT	32768	128	1	1	0.421	0.001	0.544	0.346	0.07	
FWT	32768	256	1	1	0.302	0.001	0.454	0.347	0.037	
kernel,nBodies,timeStep,nSteps,xLocal,yLocal,zLocal,memoryCopyOut,plan,execute,memoryCopyIn,cleanUp,
NBody	8192	0.005	100	1	1	1	0.826	0.002	4236.93	0.001	0.114	
NBody	8192	0.005	100	2	1	1	0.765	0.003	2178.62	0.001	0.124	
NBody	8192	0.005	100	4	1	1	0.706	0.001	1103.35	0.001	0.126	
NBody	8192	0.005	100	8	1	1	0.54	0.002	569.805	0.001	0.119	
NBody	8192	0.005	100	16	1	1	0.627	0.001	303.187	0.001	0.118	
NBody	8192	0.005	100	32	1	1	0.705	0.003	211.928	0.001	0.154	
NBody	8192	0.005	100	64	1	1	0.537	0.002	124.181	0.001	0.093	
NBody	8192	0.005	100	128	1	1	0.688	0.001	212.431	0.001	0.125	
NBody	8192	0.005	100	256	1	1	0.701	0.001	124.777	0.001	0.148	
kernel,nElements,xLocal,yLocal,zLocal,memoryCopyOut,plan,execute,memoryCopyIn,cleanUp,
VectorAdd	262144	1	1	1	1.171	0.003	2.365	0.302	0.046	
VectorAdd	262144	2	1	1	1.044	0.003	1.416	0.31	0.045	
VectorAdd	262144	4	1	1	0.951	0.001	1.146	0.312	0.045	
VectorAdd	262144	8	1	1	1.022	0.003	0.573	0.698	0.074	
VectorAdd	262144	16	1	1	0.991	0.003	0.549	0.58	0.044	
VectorAdd	262144	32	1	1	1.057	0.003	0.465	0.638	0.044	
VectorAdd	262144	64	1	1	0.931	0.002	0.344	0.592	0.047	
VectorAdd	262144	128	1	1	0.929	0.001	0.345	0.653	0.061	
VectorAdd	262144	256	1	1	1.022	0.003	0.308	0.758	0.045	
kernel,nElements,xLocal,yLocal,zLocal,memoryCopyOut,plan,execute,memoryCopyIn,cleanUp,
SquareArray	262144	1	1	1	0.634	0.001	2.452	0.293	0.045	
SquareArray	262144	2	1	1	0.704	0.002	1.444	0.319	0.041	
SquareArray	262144	4	1	1	0.781	0.003	0.844	0.669	0.041	
SquareArray	262144	8	1	1	0.813	0.002	0.701	0.683	0.042	
SquareArray	262144	16	1	1	0.824	0.001	0.685	0.695	0.041	
SquareArray	262144	32	1	1	0.827	0.002	0.401	0.652	0.06	
SquareArray	262144	64	1	1	0.789	0.001	0.346	0.513	0.04	
SquareArray	262144	128	1	1	0.727	0.002	0.463	0.619	0.04	
SquareArray	262144	256	1	1	0.78	0.001	0.43	0.544	0.047	
kernel,N,P,M,xLocal,yLocal,zLocal,memoryCopyOut,plan,execute,memoryCopyIn,cleanUp,
MatrixMultiplication	2048	4096	1024	1	1	1	14.94	0.004	2771.82	6.837	0.278	
MatrixMultiplication	2048	4096	1024	1	2	1	11.735	0.002	1434.97	2.595	0.261	
MatrixMultiplication	2048	4096	1024	1	4	1	14.068	0.003	719.415	2.255	0.17	
MatrixMultiplication	2048	4096	1024	1	8	1	12.837	0.001	611.431	2.56	0.253	
MatrixMultiplication	2048	4096	1024	1	16	1	14.512	0.003	671.103	2.59	0.251	
MatrixMultiplication	2048	4096	1024	1	32	1	12.894	0.002	815.883	2.582	0.251	
MatrixMultiplication	2048	4096	1024	1	64	1	13.702	0.002	1169.08	2.58	0.259	
MatrixMultiplication	2048	4096	1024	1	128	1	13.062	0.001	1934.59	2.572	0.253	
MatrixMultiplication	2048	4096	1024	1	256	1	14.162	0.003	2760.59	2.557	0.298	
MatrixMultiplication	2048	4096	1024	2	1	1	13.344	0.001	1414.61	2.519	0.146	
MatrixMultiplication	2048	4096	1024	2	2	1	15.137	0.003	721.016	2.595	0.269	
MatrixMultiplication	2048	4096	1024	2	4	1	14.01	0.002	432.804	2.512	0.194	
MatrixMultiplication	2048	4096	1024	2	8	1	13.688	0.003	320.651	2.329	0.17	
MatrixMultiplication	2048	4096	1024	2	16	1	14.235	0.003	356.529	2.604	0.231	
MatrixMultiplication	2048	4096	1024	2	32	1	13.806	0.004	434.872	2.582	0.258	
MatrixMultiplication	2048	4096	1024	2	64	1	14.221	0.003	540.048	2.579	0.257	
MatrixMultiplication	2048	4096	1024	2	128	1	11.537	0.002	876.937	2.334	0.134	
MatrixMultiplication	2048	4096	1024	4	1	1	13.188	0.002	843.498	2.359	0.166	
MatrixMultiplication	2048	4096	1024	4	2	1	14.875	0.003	372.182	2.349	0.168	
MatrixMultiplication	2048	4096	1024	4	4	1	12.902	0.002	187.944	2.588	0.25	
MatrixMultiplication	2048	4096	1024	4	8	1	14.748	0.003	160.689	2.373	0.168	
MatrixMultiplication	2048	4096	1024	4	16	1	13.13	0.001	178.249	2.376	0.167	
MatrixMultiplication	2048	4096	1024	4	32	1	14.348	0.003	186.258	2.587	0.252	
MatrixMultiplication	2048	4096	1024	4	64	1	14.537	0.003	225.584	2.586	0.257	
MatrixMultiplication	2048	4096	1024	8	1	1	14.119	0.003	431.975	2.553	0.259	
MatrixMultiplication	2048	4096	1024	8	2	1	13.138	0.003	205.098	2.598	0.258	
MatrixMultiplication	2048	4096	1024	8	4	1	13.248	0.002	100.282	2.078	0.131	
MatrixMultiplication	2048	4096	1024	8	8	1	13.818	0.003	78.522	2.34	0.166	
MatrixMultiplication	2048	4096	1024	8	16	1	13.241	0.001	62.255	2.582	0.232	
MatrixMultiplication	2048	4096	1024	8	32	1	13.415	0.003	82.763	2.859	0.257	
MatrixMultiplication	2048	4096	1024	16	1	1	10.942	0.001	244.943	2.306	0.129	
MatrixMultiplication	2048	4096	1024	16	2	1	14.904	0.003	115.231	2.392	0.166	
MatrixMultiplication	2048	4096	1024	16	4	1	13.827	0.004	64.437	2.404	0.145	
MatrixMultiplication	2048	4096	1024	16	8	1	13.604	0.003	60.311	2.296	0.171	
MatrixMultiplication	2048	4096	1024	16	16	1	15.375	0.003	53.818	2.316	0.169	
MatrixMultiplication	2048	4096	1024	32	1	1	13.707	0.003	111.208	2.334	0.165	
MatrixMultiplication	2048	4096	1024	32	2	1	14.295	0.004	59.249	2.589	0.231	
MatrixMultiplication	2048	4096	1024	32	4	1	11.28	0.002	51.292	2.305	0.133	
MatrixMultiplication	2048	4096	1024	32	8	1	13.972	0.003	53.118	2.359	0.169	
MatrixMultiplication	2048	4096	1024	64	1	1	13.367	0.003	96.897	2.365	0.188	
MatrixMultiplication	2048	4096	1024	64	2	1	13.777	0.004	51.343	2.307	0.147	
MatrixMultiplication	2048	4096	1024	64	4	1	14.951	0.003	66.611	2.406	0.167	
MatrixMultiplication	2048	4096	1024	128	1	1	14.158	0.003	77.517	2.387	0.165	
MatrixMultiplication	2048	4096	1024	128	2	1	13.871	0.003	51.725	2.408	0.146	
MatrixMultiplication	2048	4096	1024	256	1	1	13.655	0.003	73.183	2.561	0.252	
kernel,ImageHeight,ImageWidth,xLocal,yLocal,zLocal,memoryCopyOut,plan,execute,memoryCopyIn,cleanUp,
RotateImage	2048	2048	1	1	1	5.656	0.002	19.43	9.845	118.162	
RotateImage	2048	2048	1	2	1	5.224	0.002	9.68	9.666	116.654	
RotateImage	2048	2048	1	4	1	5.222	0.002	5.129	11.899	118.822	
RotateImage	2048	2048	1	8	1	5.721	0.002	2.843	13.135	115.671	
RotateImage	2048	2048	1	16	1	5.862	0.001	1.724	12.605	120.372	
RotateImage	2048	2048	1	32	1	5.886	0.001	1.408	9.997	116.474	
RotateImage	2048	2048	1	64	1	4.649	0.002	1.551	7.526	117.453	
RotateImage	2048	2048	1	128	1	5.766	0.002	2.078	12.862	114.794	
RotateImage	2048	2048	1	256	1	5.329	0.001	3.124	12.227	119.684	
RotateImage	2048	2048	2	1	1	5.838	0.002	9.713	12.218	116.654	
RotateImage	2048	2048	2	2	1	5.608	0.002	5.15	12.444	117.933	
RotateImage	2048	2048	2	4	1	5.614	0.001	2.866	12.985	119.724	
RotateImage	2048	2048	2	8	1	6.163	0.002	1.704	13.018	114.771	
RotateImage	2048	2048	2	16	1	6.19	0.002	1.118	13.849	119.114	
RotateImage	2048	2048	2	32	1	5.925	0.002	0.922	10.635	116.735	
RotateImage	2048	2048	2	64	1	5.845	0.002	1.103	12.491	127.014	
RotateImage	2048	2048	2	128	1	6.26	0.002	1.314	11.346	117.508	
RotateImage	2048	2048	4	1	1	6.076	0.002	5.121	11.907	128.91	
RotateImage	2048	2048	4	2	1	5.838	0.002	2.894	12.263	119.475	
RotateImage	2048	2048	4	4	1	5.699	0.002	1.682	13.283	114.69	
RotateImage	2048	2048	4	8	1	6.02	0.002	1.113	13.11	119.225	
RotateImage	2048	2048	4	16	1	5.892	0.002	0.782	13.26	119.057	
RotateImage	2048	2048	4	32	1	6.28	0.001	0.672	10.703	116.222	
RotateImage	2048	2048	4	64	1	5.188	0.002	0.846	13.141	114.351	
RotateImage	2048	2048	8	1	1	5.663	0.002	2.885	13.067	117.8	
RotateImage	2048	2048	8	2	1	5.398	0.001	1.692	12.988	115.019	
RotateImage	2048	2048	8	4	1	6.07	0.001	1.091	12.786	119.868	
RotateImage	2048	2048	8	8	1	6.056	0.002	0.77	10.813	116.874	
RotateImage	2048	2048	8	16	1	4.767	0.002	0.513	7.406	117.97	
RotateImage	2048	2048	8	32	1	5.743	0.002	0.569	11.613	116.868	
RotateImage	2048	2048	16	1	1	5.347	0.002	1.727	13.423	120.61	
RotateImage	2048	2048	16	2	1	6.119	0.003	1.095	10.194	118.784	
RotateImage	2048	2048	16	4	1	5.919	0.002	0.876	12.544	118.288	
RotateImage	2048	2048	16	8	1	5.409	0.001	0.605	12.707	120.174	
RotateImage	2048	2048	16	16	1	4.891	0.003	0.504	7.283	117.607	
RotateImage	2048	2048	32	1	1	6.075	0.003	1.141	12.213	117.525	
RotateImage	2048	2048	32	2	1	5.776	0.001	0.776	13.183	119.759	
RotateImage	2048	2048	32	4	1	5.824	0.003	0.562	13.359	117.276	
RotateImage	2048	2048	32	8	1	5.531	0.001	0.567	11.405	116.15	
RotateImage	2048	2048	64	1	1	6.138	0.002	0.787	12.886	114.66	
RotateImage	2048	2048	64	2	1	5.432	0.002	0.528	11.197	117.243	
RotateImage	2048	2048	64	4	1	4.773	0.001	0.51	7.622	117.686	
RotateImage	2048	2048	128	1	1	5.46	0.003	0.606	11.746	116.805	
RotateImage	2048	2048	128	2	1	5.471	0.002	0.56	13.134	115.281	
RotateImage	2048	2048	256	1	1	5.411	0.002	0.61	13.29	118.557	
kernel,width,height,xLocal,yLocal,zLocal,memoryCopyOut,plan,execute,memoryCopyIn,cleanUp,
MatrixTranspose	8192	8192	1	1	1	75.044	0.004	322.213	127.765	20.96	
MatrixTranspose	8192	8192	1	2	1	67.243	0.003	157.281	124.116	13.042	
MatrixTranspose	8192	8192	1	4	1	72.364	0.004	84.212	142.031	18.569	
MatrixTranspose	8192	8192	1	8	1	74.71	0.019	42.984	144.472	18.449	
MatrixTranspose	8192	8192	1	16	1	73.46	0.004	24.882	144.281	23.448	
MatrixTranspose	8192	8192	1	32	1	71.38	0.019	24.124	145.778	18.458	
MatrixTranspose	8192	8192	1	64	1	71.903	0.004	25.521	146.568	18.336	
MatrixTranspose	8192	8192	1	128	1	70.931	0.019	62.465	142.245	13.373	
MatrixTranspose	8192	8192	1	256	1	72.42	0.003	206.024	144.62	23.531	
MatrixTranspose	8192	8192	2	1	1	71.536	0.005	157.29	145.962	23.305	
MatrixTranspose	8192	8192	2	2	1	71.385	0.003	79.694	143.636	18.471	
MatrixTranspose	8192	8192	2	4	1	76.64	0.004	42.888	147.045	18.516	
MatrixTranspose	8192	8192	2	8	1	74.555	0.004	24.637	147.789	18.495	
MatrixTranspose	8192	8192	2	16	1	69.785	0.004	15.523	146.507	18.69	
MatrixTranspose	8192	8192	2	32	1	71.262	0.004	14.165	147.591	18.565	
MatrixTranspose	8192	8192	2	64	1	71.054	0.004	16.732	145.275	18.601	
MatrixTranspose	8192	8192	2	128	1	74.6	0.004	30.709	146.064	18.576	
MatrixTranspose	8192	8192	4	1	1	72.509	0.004	79.615	143.188	18.424	
MatrixTranspose	8192	8192	4	2	1	71.923	0.003	47.758	145.065	18.537	
MatrixTranspose	8192	8192	4	4	1	71.896	0.004	24.862	144.249	18.553	
MatrixTranspose	8192	8192	4	8	1	71.109	0.004	15.557	146.083	18.583	
MatrixTranspose	8192	8192	4	16	1	72.34	0.019	10.858	146.27	18.531	
MatrixTranspose	8192	8192	4	32	1	74.678	0.003	10.46	144.794	18.543	
MatrixTranspose	8192	8192	4	64	1	73.324	0.004	12.857	148.132	18.469	
MatrixTranspose	8192	8192	8	1	1	73.451	0.004	47.883	143.112	18.518	
MatrixTranspose	8192	8192	8	2	1	71.483	0.003	29.661	145.571	18.547	
MatrixTranspose	8192	8192	8	4	1	72.459	0.003	15.492	142.663	13.348	
MatrixTranspose	8192	8192	8	8	1	72.777	0.004	15.83	148.299	18.528	
MatrixTranspose	8192	8192	8	16	1	73.658	0.004	13.865	147.677	18.636	
MatrixTranspose	8192	8192	8	32	1	74.659	0.004	9.557	146.655	18.522	
MatrixTranspose	8192	8192	16	1	1	74.75	0.004	24.509	147.167	18.33	
MatrixTranspose	8192	8192	16	2	1	74.434	0.004	15.624	142.041	18.434	
MatrixTranspose	8192	8192	16	4	1	72.096	0.019	10.709	140.858	18.376	