device/C,kernel/C,workDimension/C,cubeLength/F,xLocal/I,yLocal/I,zLocal/I,MB/F,init/F,memoryCopyOut/F,plan/F,execute/F,memoryCopyIn/F,cleanUp/F
GTX 780,Array3dAverage,THREE_D,96,1,1,8,3.375,38.759,1.49,0.001,1.884,1.544,0.178
GTX 780,Array3dAverage,THREE_D,96,1,1,16,3.375,38.791,1.506,0.001,1.443,1.502,0.177
GTX 780,Array3dAverage,THREE_D,96,1,1,32,3.375,38.894,1.482,0.001,1.346,1.499,0.177
GTX 780,Array3dAverage,THREE_D,96,8,8,8,3.375,40.904,1.498,0.001,0.311,1.508,0.175
GTX 780,Array3dAverage,THREE_D,96,8,8,8,3.375,38.759,1.485,0.001,0.311,1.509,0.175
GTX 780,Array3dAverage,THREE_D,96,8,8,8,3.375,38.847,1.48,0.001,0.316,1.501,0.177
GTX 780,Array3dAverage,THREE_D,96,8,8,8,3.375,38.885,1.481,0,0.312,1.521,0.176
GTX 780,Array3dAverage,THREE_D,96,1,2,8,3.375,33.297,1.247,0.001,1.416,1.225,0.142
GTX 780,Array3dAverage,THREE_D,96,1,2,16,3.375,29.156,1.247,0,1.32,1.278,0.143
GTX 780,Array3dAverage,THREE_D,96,1,2,32,3.375,29.27,1.246,0.001,1.299,1.272,0.152
GTX 780,Array3dAverage,THREE_D,96,8,8,8,3.375,30.517,1.248,0,0.287,1.269,0.142
GTX 780,Array3dAverage,THREE_D,96,8,8,8,3.375,29.116,1.252,0.001,0.289,1.274,0.142
GTX 780,Array3dAverage,THREE_D,96,8,8,8,3.375,29.093,1.245,0.001,0.286,1.277,0.142
GTX 780,Array3dAverage,THREE_D,96,1,4,8,3.375,29.131,1.256,0,1.32,1.237,0.142
GTX 780,Array3dAverage,THREE_D,96,1,4,16,3.375,29.197,1.253,0.001,1.301,1.274,0.144
GTX 780,Array3dAverage,THREE_D,96,1,4,32,3.375,29.048,1.258,0,1.3,1.273,0.144
GTX 780,Array3dAverage,THREE_D,96,8,8,8,3.375,30.53,1.243,0.001,0.285,1.273,0.141
GTX 780,Array3dAverage,THREE_D,96,8,8,8,3.375,29.099,1.258,0.001,0.286,1.266,0.142
GTX 780,Array3dAverage,THREE_D,96,1,8,1,3.375,29.048,1.243,0.001,1.86,1.27,0.145
GTX 780,Array3dAverage,THREE_D,96,1,8,2,3.375,29.045,1.248,0.001,1.414,1.284,0.141
GTX 780,Array3dAverage,THREE_D,96,1,8,4,3.375,29.099,1.254,0.001,1.318,1.276,0.142
GTX 780,Array3dAverage,THREE_D,96,1,8,8,3.375,29.065,1.254,0,1.3,1.281,0.144
GTX 780,Array3dAverage,THREE_D,96,1,8,16,3.375,29.046,1.248,0.001,1.3,1.272,0.144
GTX 780,Array3dAverage,THREE_D,96,1,8,32,3.375,29.094,1.249,0,1.31,1.27,0.142
GTX 780,Array3dAverage,THREE_D,96,8,8,8,3.375,30.501,1.248,0,0.286,1.279,0.141
GTX 780,Array3dAverage,THREE_D,96,1,16,1,3.375,29.066,1.247,0,1.407,1.272,0.147
GTX 780,Array3dAverage,THREE_D,96,1,16,2,3.375,29.088,1.247,0.001,1.317,1.277,0.142
GTX 780,Array3dAverage,THREE_D,96,1,16,4,3.375,29.179,1.249,0.001,1.298,1.286,0.142
GTX 780,Array3dAverage,THREE_D,96,1,16,8,3.375,29.053,1.25,0.001,1.299,1.281,0.142
GTX 780,Array3dAverage,THREE_D,96,1,16,16,3.375,29.089,1.244,0,1.31,1.273,0.142
GTX 780,Array3dAverage,THREE_D,96,1,16,32,3.375,29.054,1.249,0,1.318,1.278,0.14
GTX 780,Array3dAverage,THREE_D,96,1,32,1,3.375,30.792,1.249,0,1.319,1.311,0.144
GTX 780,Array3dAverage,THREE_D,96,1,32,2,3.375,29.282,1.246,0,1.303,1.27,0.142
GTX 780,Array3dAverage,THREE_D,96,1,32,4,3.375,29.467,1.25,0.001,1.299,1.239,0.154
GTX 780,Array3dAverage,THREE_D,96,1,32,8,3.375,29.573,1.245,0,1.307,1.273,0.161
GTX 780,Array3dAverage,THREE_D,96,1,32,16,3.375,29.069,1.246,0.001,1.316,1.274,0.142
GTX 780,Array3dAverage,THREE_D,96,1,32,32,3.375,29.049,1.246,0.001,1.323,1.278,0.143
GTX 780,Array3dAverage,THREE_D,96,2,1,8,3.375,29.062,1.258,0,1.002,1.231,0.149
GTX 780,Array3dAverage,THREE_D,96,2,1,16,3.375,29.103,1.284,0.001,0.781,1.276,0.144
GTX 780,Array3dAverage,THREE_D,96,2,1,32,3.375,29.048,1.244,0.001,0.721,1.277,0.153
GTX 780,Array3dAverage,THREE_D,96,8,8,8,3.375,30.513,1.243,0,0.286,1.278,0.145
GTX 780,Array3dAverage,THREE_D,96,8,8,8,3.375,29.098,1.253,0,0.286,1.271,0.143
GTX 780,Array3dAverage,THREE_D,96,8,8,8,3.375,29.051,1.245,0.001,0.284,1.275,0.141
GTX 780,Array3dAverage,THREE_D,96,2,2,8,3.375,29.057,1.253,0.001,0.779,1.236,0.142
GTX 780,Array3dAverage,THREE_D,96,2,2,16,3.375,29.158,1.251,0,0.716,1.27,0.141
GTX 780,Array3dAverage,THREE_D,96,2,2,32,3.375,29.05,1.244,0.001,0.718,1.274,0.141
GTX 780,Array3dAverage,THREE_D,96,8,8,8,3.375,30.533,1.254,0.001,0.29,1.277,0.141
GTX 780,Array3dAverage,THREE_D,96,8,8,8,3.375,29.084,1.242,0,0.289,1.279,0.141
GTX 780,Array3dAverage,THREE_D,96,2,4,8,3.375,29.05,1.241,0,0.722,1.23,0.146
GTX 780,Array3dAverage,THREE_D,96,2,4,16,3.375,29.093,1.251,0.001,0.718,1.28,0.142
GTX 780,Array3dAverage,THREE_D,96,2,4,32,3.375,29.052,1.25,0.001,0.727,1.274,0.142
GTX 780,Array3dAverage,THREE_D,96,8,8,8,3.375,30.566,1.243,0.001,0.284,1.322,0.182
GTX 780,Array3dAverage,THREE_D,96,2,8,1,3.375,29.092,1.249,0.001,0.998,1.276,0.142
GTX 780,Array3dAverage,THREE_D,96,2,8,2,3.375,29.042,1.25,0.001,0.775,1.279,0.142
GTX 780,Array3dAverage,THREE_D,96,2,8,4,3.375,29.048,1.253,0,0.719,1.277,0.142
GTX 780,Array3dAverage,THREE_D,96,2,8,8,3.375,29.097,1.247,0.001,0.718,1.273,0.142
GTX 780,Array3dAverage,THREE_D,96,2,8,16,3.375,29.133,1.247,0,0.724,1.288,0.141
GTX 780,Array3dAverage,THREE_D,96,2,8,32,3.375,29.092,1.254,0,0.729,1.275,0.147
GTX 780,Array3dAverage,THREE_D,96,2,16,1,3.375,30.51,1.246,0,0.775,1.271,0.141
GTX 780,Array3dAverage,THREE_D,96,2,16,2,3.375,29.057,1.25,0.001,0.723,1.281,0.148
GTX 780,Array3dAverage,THREE_D,96,2,16,4,3.375,29.062,1.252,0,0.722,1.278,0.143
GTX 780,Array3dAverage,THREE_D,96,2,16,8,3.375,29.089,1.244,0.001,0.728,1.277,0.148
GTX 780,Array3dAverage,THREE_D,96,2,16,16,3.375,29.062,1.253,0.001,0.727,1.274,0.142
GTX 780,Array3dAverage,THREE_D,96,2,16,32,3.375,29.049,1.244,0,0.73,1.277,0.193
GTX 780,Array3dAverage,THREE_D,96,2,32,1,3.375,29.088,1.248,0.001,0.718,1.275,0.144
GTX 780,Array3dAverage,THREE_D,96,2,32,2,3.375,29.046,1.245,0.001,0.719,1.278,0.141
GTX 780,Array3dAverage,THREE_D,96,2,32,4,3.375,29.05,1.254,0,0.726,1.27,0.14
GTX 780,Array3dAverage,THREE_D,96,2,32,8,3.375,29.093,1.249,0.001,0.727,1.277,0.14
GTX 780,Array3dAverage,THREE_D,96,2,32,16,3.375,29.061,1.242,0,0.733,1.279,0.142
GTX 780,Array3dAverage,THREE_D,96,4,1,8,3.375,29.084,1.251,0,0.576,1.235,0.148
GTX 780,Array3dAverage,THREE_D,96,4,1,16,3.375,29.058,1.24,0.001,0.427,1.284,0.144
GTX 780,Array3dAverage,THREE_D,96,4,1,32,3.375,29.058,1.247,0,0.433,1.278,0.14
GTX 780,Array3dAverage,THREE_D,96,8,8,8,3.375,30.501,1.244,0,0.289,1.274,0.14
GTX 780,Array3dAverage,THREE_D,96,8,8,8,3.375,29.064,1.254,0.001,0.286,1.269,0.142
GTX 780,Array3dAverage,THREE_D,96,4,2,8,3.375,29.086,1.247,0.001,0.426,1.232,0.143
GTX 780,Array3dAverage,THREE_D,96,4,2,16,3.375,29.048,1.244,0.001,0.432,1.274,0.141
GTX 780,Array3dAverage,THREE_D,96,4,2,32,3.375,29.048,1.248,0,0.433,1.276,0.141
GTX 780,Array3dAverage,THREE_D,96,8,8,8,3.375,30.66,1.243,0,0.284,1.278,0.147
GTX 780,Array3dAverage,THREE_D,96,4,4,8,3.375,29.061,1.249,0.001,0.436,1.227,0.147
GTX 780,Array3dAverage,THREE_D,96,4,4,16,3.375,29.065,1.252,0.001,0.433,1.283,0.144
GTX 780,Array3dAverage,THREE_D,96,4,4,32,3.375,29.084,1.247,0,0.438,1.276,0.141
GTX 780,Array3dAverage,THREE_D,96,4,8,1,3.375,30.527,1.246,0,0.56,1.272,0.146
GTX 780,Array3dAverage,THREE_D,96,4,8,2,3.375,29.1,1.248,0.001,0.43,1.284,0.143
GTX 780,Array3dAverage,THREE_D,96,4,8,4,3.375,29.049,1.247,0,0.432,1.274,0.14
GTX 780,Array3dAverage,THREE_D,96,4,8,8,3.375,29.046,1.247,0,0.433,1.278,0.145
GTX 780,Array3dAverage,THREE_D,96,4,8,16,3.375,29.065,1.286,0.001,0.44,1.285,0.142
GTX 780,Array3dAverage,THREE_D,96,4,8,32,3.375,29.043,1.251,0.001,0.445,1.291,0.143
GTX 780,Array3dAverage,THREE_D,96,4,16,1,3.375,29.055,1.25,0,0.429,1.276,0.139
GTX 780,Array3dAverage,THREE_D,96,4,16,2,3.375,29.059,1.246,0.001,0.436,1.291,0.143
GTX 780,Array3dAverage,THREE_D,96,4,16,4,3.375,29.159,1.244,0,0.434,1.277,0.146
GTX 780,Array3dAverage,THREE_D,96,4,16,8,3.375,29.048,1.247,0,0.439,1.291,0.145
GTX 780,Array3dAverage,THREE_D,96,4,16,16,3.375,29.058,1.245,0.001,0.444,1.279,0.14
GTX 780,Array3dAverage,THREE_D,96,4,32,1,3.375,29.085,1.244,0.001,0.432,1.283,0.141
GTX 780,Array3dAverage,THREE_D,96,4,32,2,3.375,29.107,1.244,0.001,0.438,1.281,0.141
GTX 780,Array3dAverage,THREE_D,96,4,32,4,3.375,29.059,1.254,0.001,0.439,1.273,0.151
GTX 780,Array3dAverage,THREE_D,96,4,32,8,3.375,29.081,1.259,0.001,0.446,1.279,0.14
GTX 780,Array3dAverage,THREE_D,96,8,1,1,3.375,30.522,1.247,0,1.287,1.278,0.143
GTX 780,Array3dAverage,THREE_D,96,8,1,2,3.375,29.095,1.248,0.001,0.789,1.275,0.142
GTX 780,Array3dAverage,THREE_D,96,8,1,4,3.375,29.709,1.259,0.001,0.486,1.28,0.146
GTX 780,Array3dAverage,THREE_D,96,8,1,8,3.375,29.168,1.258,0.001,0.315,1.278,0.142
GTX 780,Array3dAverage,THREE_D,96,8,1,16,3.375,29.088,1.243,0,0.286,1.281,0.141
GTX 780,Array3dAverage,THREE_D,96,8,1,32,3.375,29.047,1.24,0.001,0.286,1.276,0.14
GTX 780,Array3dAverage,THREE_D,96,8,8,8,3.375,30.547,1.24,0.001,0.285,1.273,0.141
GTX 780,Array3dAverage,THREE_D,96,8,2,1,3.375,29.158,1.239,0.001,0.769,1.281,0.142
GTX 780,Array3dAverage,THREE_D,96,8,2,2,3.375,29.072,1.246,0,0.484,1.29,0.144
GTX 780,Array3dAverage,THREE_D,96,8,2,4,3.375,29.061,1.248,0.001,0.315,1.276,0.142
GTX 780,Array3dAverage,THREE_D,96,8,2,8,3.375,29.088,1.248,0,0.285,1.28,0.142
GTX 780,Array3dAverage,THREE_D,96,8,2,16,3.375,29.054,1.25,0,0.286,1.274,0.141
GTX 780,Array3dAverage,THREE_D,96,8,2,32,3.375,29.069,1.25,0.001,0.287,1.278,0.14
GTX 780,Array3dAverage,THREE_D,96,8,4,1,3.375,30.547,1.258,0.001,0.476,1.272,0.146
GTX 780,Array3dAverage,THREE_D,96,8,4,2,3.375,29.059,1.243,0.001,0.311,1.281,0.152
GTX 780,Array3dAverage,THREE_D,96,8,4,4,3.375,29.058,1.26,0.001,0.286,1.283,0.141
GTX 780,Array3dAverage,THREE_D,96,8,4,8,3.375,29.086,1.244,0.001,0.284,1.275,0.141
GTX 780,Array3dAverage,THREE_D,96,8,4,16,3.375,29.045,1.248,0.001,0.285,1.28,0.14
GTX 780,Array3dAverage,THREE_D,96,8,4,32,3.375,29.059,1.252,0.001,0.291,1.282,0.14
GTX 780,Array3dAverage,THREE_D,96,8,8,1,3.375,29.09,1.241,0,0.31,1.285,0.141
GTX 780,Array3dAverage,THREE_D,96,8,8,2,3.375,29.097,1.259,0.001,0.287,1.273,0.141
GTX 780,Array3dAverage,THREE_D,96,8,8,4,3.375,29.058,1.248,0.001,0.285,1.274,0.141
GTX 780,Array3dAverage,THREE_D,96,8,8,8,3.375,29.159,1.248,0.001,0.284,1.272,0.14
GTX 780,Array3dAverage,THREE_D,96,8,8,16,3.375,29.053,1.245,0.001,0.29,1.274,0.141
GTX 780,Array3dAverage,THREE_D,96,8,16,1,3.375,29.051,1.247,0.001,0.295,1.287,0.143
GTX 780,Array3dAverage,THREE_D,96,8,16,2,3.375,29.082,1.248,0.001,0.285,1.282,0.14
GTX 780,Array3dAverage,THREE_D,96,8,16,4,3.375,29.104,1.253,0.001,0.289,1.277,0.14
GTX 780,Array3dAverage,THREE_D,96,8,16,8,3.375,29.049,1.237,0.001,0.296,1.282,0.142
GTX 780,Array3dAverage,THREE_D,96,8,32,1,3.375,29.094,1.254,0.001,0.285,1.273,0.141
GTX 780,Array3dAverage,THREE_D,96,8,32,2,3.375,29.046,1.238,0,0.289,1.284,0.141
GTX 780,Array3dAverage,THREE_D,96,8,32,4,3.375,29.056,1.246,0.001,0.291,1.278,0.143
GTX 780,Array3dAverage,THREE_D,96,16,1,1,3.375,30.841,1.28,0,0.704,1.274,0.147
GTX 780,Array3dAverage,THREE_D,96,16,1,2,3.375,29.358,1.251,0.001,0.452,1.312,0.141
GTX 780,Array3dAverage,THREE_D,96,16,1,4,3.375,29.408,1.254,0.001,0.291,1.272,0.141
GTX 780,Array3dAverage,THREE_D,96,16,1,8,3.375,29.086,1.248,0,0.215,1.266,0.141
GTX 780,Array3dAverage,THREE_D,96,16,1,16,3.375,29.048,1.249,0,0.216,1.278,0.14
GTX 780,Array3dAverage,THREE_D,96,16,1,32,3.375,29.057,1.252,0,0.226,1.275,0.141
GTX 780,Array3dAverage,THREE_D,96,16,2,1,3.375,30.614,1.246,0.001,0.441,1.292,0.14
GTX 780,Array3dAverage,THREE_D,96,16,2,2,3.375,29.077,1.252,0,0.288,1.273,0.146
GTX 780,Array3dAverage,THREE_D,96,16,2,4,3.375,29.06,1.251,0.001,0.213,1.283,0.141
GTX 780,Array3dAverage,THREE_D,96,16,2,8,3.375,29.091,1.246,0.001,0.216,1.276,0.14
GTX 780,Array3dAverage,THREE_D,96,16,2,16,3.375,29.058,1.256,0.001,0.225,1.284,0.142
GTX 780,Array3dAverage,THREE_D,96,16,2,32,3.375,29.066,1.244,0.001,0.239,1.283,0.142
GTX 780,Array3dAverage,THREE_D,96,16,4,1,3.375,29.084,1.242,0.001,0.283,1.279,0.139
GTX 780,Array3dAverage,THREE_D,96,16,4,2,3.375,29.061,1.246,0,0.212,1.286,0.141
GTX 780,Array3dAverage,THREE_D,96,16,4,4,3.375,29.062,1.242,0.001,0.216,1.281,0.141
GTX 780,Array3dAverage,THREE_D,96,16,4,8,3.375,29.092,1.248,0.001,0.223,1.273,0.144
GTX 780,Array3dAverage,THREE_D,96,16,4,16,3.375,29.047,1.242,0.001,0.236,1.292,0.145
GTX 780,Array3dAverage,THREE_D,96,16,8,1,3.375,29.058,1.249,0.001,0.212,1.277,0.147
GTX 780,Array3dAverage,THREE_D,96,16,8,2,3.375,29.085,1.254,0,0.214,1.274,0.146
GTX 780,Array3dAverage,THREE_D,96,16,8,4,3.375,29.065,1.245,0.001,0.222,1.275,0.141
GTX 780,Array3dAverage,THREE_D,96,16,8,8,3.375,29.045,1.251,0.001,0.238,1.273,0.217
GTX 780,Array3dAverage,THREE_D,96,16,16,1,3.375,29.086,1.246,0,0.213,1.35,0.148
GTX 780,Array3dAverage,THREE_D,96,16,16,2,3.375,29.046,1.243,0,0.221,1.271,0.144
GTX 780,Array3dAverage,THREE_D,96,16,16,4,3.375,29.047,1.246,0.001,0.236,1.277,0.141
GTX 780,Array3dAverage,THREE_D,96,16,32,1,3.375,29.095,1.244,0,0.223,1.276,0.141
GTX 780,Array3dAverage,THREE_D,96,16,32,2,3.375,29.097,1.258,0.001,0.236,1.269,0.141
GTX 780,Array3dAverage,THREE_D,96,32,1,1,3.375,30.54,1.255,0.001,0.414,1.274,0.142
GTX 780,Array3dAverage,THREE_D,96,32,1,2,3.375,29.088,1.254,0.001,0.274,1.284,0.14
GTX 780,Array3dAverage,THREE_D,96,32,1,4,3.375,29.049,1.244,0,0.204,1.284,0.139
GTX 780,Array3dAverage,THREE_D,96,32,1,8,3.375,29.048,1.246,0.001,0.205,1.279,0.14
GTX 780,Array3dAverage,THREE_D,96,32,1,16,3.375,29.096,1.255,0,0.214,1.293,0.141
GTX 780,Array3dAverage,THREE_D,96,32,1,32,3.375,29.056,1.251,0.001,0.226,1.276,0.14
GTX 780,Array3dAverage,THREE_D,96,32,2,1,3.375,29.131,1.238,0.001,0.268,1.282,0.144
GTX 780,Array3dAverage,THREE_D,96,32,2,2,3.375,29.2,1.248,0.001,0.202,1.282,0.14
GTX 780,Array3dAverage,THREE_D,96,32,2,4,3.375,29.049,1.251,0.001,0.205,1.284,0.141
GTX 780,Array3dAverage,THREE_D,96,32,2,8,3.375,29.046,1.244,0.001,0.212,1.287,0.139
GTX 780,Array3dAverage,THREE_D,96,32,2,16,3.375,29.056,1.245,0.001,0.225,1.309,0.141
GTX 780,Array3dAverage,THREE_D,96,32,4,1,3.375,29.122,1.255,0.001,0.203,1.274,0.14
GTX 780,Array3dAverage,THREE_D,96,32,4,2,3.375,29.07,1.254,0.001,0.212,1.28,0.145
GTX 780,Array3dAverage,THREE_D,96,32,4,4,3.375,29.058,1.249,0.001,0.212,1.28,0.14
GTX 780,Array3dAverage,THREE_D,96,32,4,8,3.375,29.085,1.252,0,0.224,1.276,0.149
GTX 780,Array3dAverage,THREE_D,96,32,8,1,3.375,29.056,1.251,0,0.205,1.274,0.146
GTX 780,Array3dAverage,THREE_D,96,32,8,2,3.375,29.066,1.245,0,0.211,1.277,0.145
GTX 780,Array3dAverage,THREE_D,96,32,8,4,3.375,29.085,1.248,0,0.225,1.278,0.144
GTX 780,Array3dAverage,THREE_D,96,32,16,1,3.375,29.061,1.248,0,0.213,1.273,0.14
GTX 780,Array3dAverage,THREE_D,96,32,16,2,3.375,29.061,1.243,0,0.225,1.271,0.141
GTX 780,Array3dAverage,THREE_D,96,32,32,1,3.375,29.088,1.256,0.001,0.226,1.272,0.14
GTX 780,Array3dAverage,THREE_D,96,1,1,8,3.375,29.564,1.237,0,1.866,1.256,0.141
GTX 780,Array3dAverage,THREE_D,96,1,1,16,3.375,29.524,1.234,0.001,1.42,1.291,0.141
GTX 780,Array3dAverage,THREE_D,96,1,1,32,3.375,29.483,1.24,0.001,1.319,1.294,0.14
GTX 780,Array3dAverage,THREE_D,96,8,8,8,3.375,30.901,1.238,0,0.286,1.286,0.14
GTX 780,Array3dAverage,THREE_D,96,8,8,8,3.375,29.501,1.249,0,0.285,1.29,0.139
GTX 780,Array3dAverage,THREE_D,96,8,8,8,3.375,29.488,1.236,0,0.286,1.289,0.14
GTX 780,Array3dAverage,THREE_D,96,8,8,8,3.375,29.489,1.238,0.001,0.285,1.289,0.14
GTX 780,Array3dAverage,THREE_D,96,1,2,8,3.375,29.483,1.235,0,1.433,1.249,0.141
GTX 780,Array3dAverage,THREE_D,96,1,2,16,3.375,29.488,1.247,0,1.321,1.293,0.143
GTX 780,Array3dAverage,THREE_D,96,1,2,32,3.375,29.482,1.234,0.001,1.298,1.292,0.141
GTX 780,Array3dAverage,THREE_D,96,8,8,8,3.375,30.93,1.237,0.001,0.285,1.3,0.141
GTX 780,Array3dAverage,THREE_D,96,8,8,8,3.375,29.616,1.26,0.001,0.291,1.29,0.144
GTX 780,Array3dAverage,THREE_D,96,8,8,8,3.375,29.873,1.235,0.001,0.286,1.287,0.141
GTX 780,Array3dAverage,THREE_D,96,1,4,8,3.375,29.455,1.242,0.001,1.319,1.255,0.142
GTX 780,Array3dAverage,THREE_D,96,1,4,16,3.375,29.49,1.268,0.001,1.297,1.301,0.141
GTX 780,Array3dAverage,THREE_D,96,1,4,32,3.375,29.551,1.253,0.001,1.299,1.29,0.14
GTX 780,Array3dAverage,THREE_D,96,8,8,8,3.375,30.959,1.239,0.001,0.285,1.295,0.142
GTX 780,Array3dAverage,THREE_D,96,8,8,8,3.375,29.479,1.238,0,0.285,1.295,0.14
GTX 780,Array3dAverage,THREE_D,96,1,8,1,3.375,29.484,1.271,0,1.865,1.295,0.141
GTX 780,Array3dAverage,THREE_D,96,1,8,2,3.375,29.532,1.237,0.001,1.416,1.297,0.141
GTX 780,Array3dAverage,THREE_D,96,1,8,4,3.375,29.482,1.235,0.001,1.319,1.287,0.141
GTX 780,Array3dAverage,THREE_D,96,1,8,8,3.375,29.524,1.231,0.001,1.298,1.299,0.14
GTX 780,Array3dAverage,THREE_D,96,1,8,16,3.375,29.561,1.241,0,1.3,1.294,0.138
GTX 780,Array3dAverage,THREE_D,96,1,8,32,3.375,29.524,1.237,0,1.308,1.292,0.14
GTX 780,Array3dAverage,THREE_D,96,8,8,8,3.375,30.902,1.238,0,0.287,1.292,0.14
GTX 780,Array3dAverage,THREE_D,96,1,16,1,3.375,29.449,1.239,0,1.408,1.291,0.14
GTX 780,Array3dAverage,THREE_D,96,1,16,2,3.375,29.518,1.241,0.001,1.318,1.287,0.139
GTX 780,Array3dAverage,THREE_D,96,1,16,4,3.375,29.488,1.237,0,1.297,1.325,0.141
GTX 780,Array3dAverage,THREE_D,96,1,16,8,3.375,29.451,1.229,0,1.3,1.297,0.141
GTX 780,Array3dAverage,THREE_D,96,1,16,16,3.375,29.59,1.238,0,1.305,1.292,0.14
GTX 780,Array3dAverage,THREE_D,96,1,16,32,3.375,29.57,1.233,0,1.311,1.29,0.141
GTX 780,Array3dAverage,THREE_D,96,1,32,1,3.375,30.926,1.237,0.001,1.327,1.283,0.141
GTX 780,Array3dAverage,THREE_D,96,1,32,2,3.375,29.486,1.238,0.001,1.298,1.289,0.145
GTX 780,Array3dAverage,THREE_D,96,1,32,4,3.375,29.525,1.233,0.001,1.298,1.284,0.141
GTX 780,Array3dAverage,THREE_D,96,1,32,8,3.375,29.485,1.245,0,1.308,1.288,0.146
GTX 780,Array3dAverage,THREE_D,96,1,32,16,3.375,29.482,1.232,0,1.318,1.292,0.14
GTX 780,Array3dAverage,THREE_D,96,1,32,32,3.375,29.454,1.231,0.001,1.323,1.292,0.149
GTX 780,Array3dAverage,THREE_D,96,2,1,8,3.375,29.458,1.239,0,1,1.253,0.143
GTX 780,Array3dAverage,THREE_D,96,2,1,16,3.375,29.484,1.237,0,0.781,1.366,0.141
GTX 780,Array3dAverage,THREE_D,96,2,1,32,3.375,29.524,1.231,0.001,0.718,1.295,0.141
GTX 780,Array3dAverage,THREE_D,96,8,8,8,3.375,31.024,1.245,0,0.286,1.294,0.142
GTX 780,Array3dAverage,THREE_D,96,8,8,8,3.375,29.521,1.239,0.001,0.287,1.3,0.141
GTX 780,Array3dAverage,THREE_D,96,8,8,8,3.375,29.52,1.244,0,0.287,1.295,0.142
GTX 780,Array3dAverage,THREE_D,96,2,2,8,3.375,29.563,1.242,0.001,0.781,1.246,0.142
GTX 780,Array3dAverage,THREE_D,96,2,2,16,3.375,29.483,1.236,0,0.717,1.282,0.141
GTX 780,Array3dAverage,THREE_D,96,2,2,32,3.375,29.451,1.232,0.001,0.719,1.291,0.14
GTX 780,Array3dAverage,THREE_D,96,8,8,8,3.375,30.931,1.239,0,0.286,1.297,0.141
GTX 780,Array3dAverage,THREE_D,96,8,8,8,3.375,29.522,1.237,0.001,0.29,1.289,0.14
GTX 780,Array3dAverage,THREE_D,96,2,4,8,3.375,29.447,1.235,0,0.718,1.25,0.151
GTX 780,Array3dAverage,THREE_D,96,2,4,16,3.375,29.515,1.248,0,0.719,1.294,0.141
GTX 780,Array3dAverage,THREE_D,96,2,4,32,3.375,29.49,1.237,0.001,0.723,1.287,0.141
GTX 780,Array3dAverage,THREE_D,96,8,8,8,3.375,30.932,1.232,0.001,0.285,1.293,0.14
GTX 780,Array3dAverage,THREE_D,96,2,8,1,3.375,29.484,1.24,0,1.001,1.29,0.141
GTX 780,Array3dAverage,THREE_D,96,2,8,2,3.375,29.467,1.236,0,0.776,1.287,0.143
GTX 780,Array3dAverage,THREE_D,96,2,8,4,3.375,29.87,1.264,0.001,0.718,1.288,0.141
GTX 780,Array3dAverage,THREE_D,96,2,8,8,3.375,29.616,1.238,0,0.72,1.295,0.141
GTX 780,Array3dAverage,THREE_D,96,2,8,16,3.375,29.885,1.273,0.001,0.725,1.303,0.165
GTX 780,Array3dAverage,THREE_D,96,2,8,32,3.375,29.729,1.234,0,0.727,1.297,0.141
GTX 780,Array3dAverage,THREE_D,96,2,16,1,3.375,30.992,1.237,0,0.781,1.296,0.14
GTX 780,Array3dAverage,THREE_D,96,2,16,2,3.375,29.452,1.233,0.001,0.718,1.293,0.147
GTX 780,Array3dAverage,THREE_D,96,2,16,4,3.375,29.483,1.239,0.001,0.72,1.289,0.14
GTX 780,Array3dAverage,THREE_D,96,2,16,8,3.375,29.595,1.244,0,0.725,1.29,0.139
GTX 780,Array3dAverage,THREE_D,96,2,16,16,3.375,29.491,1.244,0.001,0.726,1.294,0.143
GTX 780,Array3dAverage,THREE_D,96,2,16,32,3.375,29.486,1.229,0.001,0.738,1.295,0.141
GTX 780,Array3dAverage,THREE_D,96,2,32,1,3.375,29.482,1.233,0,0.718,1.294,0.141
GTX 780,Array3dAverage,THREE_D,96,2,32,2,3.375,29.607,1.231,0,0.72,1.288,0.141
GTX 780,Array3dAverage,THREE_D,96,2,32,4,3.375,29.485,1.238,0,0.725,1.29,0.14
GTX 780,Array3dAverage,THREE_D,96,2,32,8,3.375,29.483,1.236,0.001,0.727,1.295,0.141
GTX 780,Array3dAverage,THREE_D,96,2,32,16,3.375,29.527,1.245,0,0.74,1.325,0.14
GTX 780,Array3dAverage,THREE_D,96,4,1,8,3.375,29.529,1.244,0.001,0.561,1.246,0.146
GTX 780,Array3dAverage,THREE_D,96,4,1,16,3.375,29.449,1.254,0.001,0.445,1.289,0.146
GTX 780,Array3dAverage,THREE_D,96,4,1,32,3.375,29.583,1.23,0.001,0.433,1.289,0.14
GTX 780,Array3dAverage,THREE_D,96,8,8,8,3.375,30.958,1.243,0,0.286,1.295,0.141
GTX 780,Array3dAverage,THREE_D,96,8,8,8,3.375,29.484,1.236,0,0.286,1.294,0.146
GTX 780,Array3dAverage,THREE_D,96,4,2,8,3.375,29.46,1.234,0.001,0.426,1.25,0.14
GTX 780,Array3dAverage,THREE_D,96,4,2,16,3.375,29.453,1.239,0.001,0.433,1.288,0.148
GTX 780,Array3dAverage,THREE_D,96,4,2,32,3.375,29.481,1.233,0.001,0.434,1.289,0.14
GTX 780,Array3dAverage,THREE_D,96,8,8,8,3.375,31.081,1.252,0.001,0.289,1.292,0.14
GTX 780,Array3dAverage,THREE_D,96,4,4,8,3.375,29.482,1.241,0.001,0.432,1.252,0.147
GTX 780,Array3dAverage,THREE_D,96,4,4,16,3.375,29.555,1.232,0.001,0.433,1.295,0.139
GTX 780,Array3dAverage,THREE_D,96,4,4,32,3.375,29.537,1.242,0.001,0.439,1.288,0.141
GTX 780,Array3dAverage,THREE_D,96,4,8,1,3.375,30.932,1.242,0.001,0.562,1.29,0.14
GTX 780,Array3dAverage,THREE_D,96,4,8,2,3.375,29.521,1.267,0,0.426,1.292,0.14
GTX 780,Array3dAverage,THREE_D,96,4,8,4,3.375,29.533,1.242,0.001,0.439,1.287,0.141
GTX 780,Array3dAverage,THREE_D,96,4,8,8,3.375,29.484,1.236,0,0.433,1.298,0.14
GTX 780,Array3dAverage,THREE_D,96,4,8,16,3.375,29.516,1.249,0.001,0.439,1.289,0.147
GTX 780,Array3dAverage,THREE_D,96,4,8,32,3.375,29.564,1.234,0,0.451,1.293,0.142
GTX 780,Array3dAverage,THREE_D,96,4,16,1,3.375,29.525,1.239,0.001,0.423,1.285,0.141
GTX 780,Array3dAverage,THREE_D,96,4,16,2,3.375,29.484,1.239,0.001,0.432,1.338,0.144
GTX 780,Array3dAverage,THREE_D,96,4,16,4,3.375,29.449,1.239,0,0.434,1.287,0.139
GTX 780,Array3dAverage,THREE_D,96,4,16,8,3.375,29.485,1.24,0.001,0.439,1.333,0.14
GTX 780,Array3dAverage,THREE_D,96,4,16,16,3.375,29.483,1.231,0,0.456,1.328,0.141
GTX 780,Array3dAverage,THREE_D,96,4,32,1,3.375,29.492,1.245,0,0.434,1.288,0.141
GTX 780,Array3dAverage,THREE_D,96,4,32,2,3.375,29.482,1.238,0.001,0.434,1.291,0.146
GTX 780,Array3dAverage,THREE_D,96,4,32,4,3.375,29.523,1.233,0.001,0.438,1.291,0.14
GTX 780,Array3dAverage,THREE_D,96,4,32,8,3.375,29.534,1.24,0,0.451,1.289,0.141
GTX 780,Array3dAverage,THREE_D,96,8,1,1,3.375,30.925,1.237,0.001,1.291,1.289,0.142
GTX 780,Array3dAverage,THREE_D,96,8,1,2,3.375,29.536,1.239,0.001,0.787,1.29,0.141
GTX 780,Array3dAverage,THREE_D,96,8,1,4,3.375,29.486,1.238,0,0.489,1.3,0.141
GTX 780,Array3dAverage,THREE_D,96,8,1,8,3.375,29.478,1.241,0.001,0.316,1.294,0.139
GTX 780,Array3dAverage,THREE_D,96,8,1,16,3.375,29.467,1.236,0.001,0.287,1.304,0.144
GTX 780,Array3dAverage,THREE_D,96,8,1,32,3.375,29.869,1.253,0,0.29,1.29,0.147
GTX 780,Array3dAverage,THREE_D,96,8,8,8,3.375,31.103,1.234,0.001,0.286,1.297,0.141
GTX 780,Array3dAverage,THREE_D,96,8,2,1,3.375,29.925,1.239,0,0.768,1.294,0.142
GTX 780,Array3dAverage,THREE_D,96,8,2,2,3.375,29.629,1.234,0.001,0.484,1.296,0.141
GTX 780,Array3dAverage,THREE_D,96,8,2,4,3.375,29.482,1.237,0.001,0.316,1.295,0.141
GTX 780,Array3dAverage,THREE_D,96,8,2,8,3.375,29.455,1.233,0,0.286,1.295,0.141
GTX 780,Array3dAverage,THREE_D,96,8,2,16,3.375,29.487,1.236,0,0.29,1.291,0.141
GTX 780,Array3dAverage,THREE_D,96,8,2,32,3.375,29.486,1.236,0,0.286,1.305,0.157
GTX 780,Array3dAverage,THREE_D,96,8,4,1,3.375,30.942,1.247,0,0.479,1.294,0.141
GTX 780,Array3dAverage,THREE_D,96,8,4,2,3.375,29.482,1.226,0.001,0.316,1.29,0.14
GTX 780,Array3dAverage,THREE_D,96,8,4,4,3.375,29.557,1.235,0.001,0.285,1.295,0.139
GTX 780,Array3dAverage,THREE_D,96,8,4,8,3.375,29.528,1.237,0.001,0.29,1.292,0.14
GTX 780,Array3dAverage,THREE_D,96,8,4,16,3.375,29.479,1.242,0.001,0.285,1.289,0.145
GTX 780,Array3dAverage,THREE_D,96,8,4,32,3.375,29.52,1.237,0.001,0.292,1.29,0.14
GTX 780,Array3dAverage,THREE_D,96,8,8,1,3.375,29.564,1.237,0.001,0.31,1.301,0.142
GTX 780,Array3dAverage,THREE_D,96,8,8,2,3.375,29.522,1.232,0,0.291,1.293,0.141
GTX 780,Array3dAverage,THREE_D,96,8,8,4,3.375,29.487,1.239,0.001,0.285,1.289,0.145
GTX 780,Array3dAverage,THREE_D,96,8,8,8,3.375,29.452,1.238,0.001,0.285,1.286,0.14
GTX 780,Array3dAverage,THREE_D,96,8,8,16,3.375,29.485,1.232,0.001,0.293,1.29,0.14
GTX 780,Array3dAverage,THREE_D,96,8,16,1,3.375,29.485,1.234,0.001,0.285,1.32,0.14
GTX 780,Array3dAverage,THREE_D,96,8,16,2,3.375,29.494,1.246,0.001,0.286,1.29,0.14
GTX 780,Array3dAverage,THREE_D,96,8,16,4,3.375,29.485,1.239,0.001,0.285,1.29,0.14
GTX 780,Array3dAverage,THREE_D,96,8,16,8,3.375,29.488,1.241,0.001,0.291,1.294,0.14
GTX 780,Array3dAverage,THREE_D,96,8,32,1,3.375,29.53,1.232,0,0.285,1.294,0.14
GTX 780,Array3dAverage,THREE_D,96,8,32,2,3.375,29.485,1.231,0.001,0.285,1.287,0.14
GTX 780,Array3dAverage,THREE_D,96,8,32,4,3.375,29.487,1.237,0.001,0.291,1.294,0.139
GTX 780,Array3dAverage,THREE_D,96,16,1,1,3.375,30.981,1.242,0.001,0.713,1.288,0.148
GTX 780,Array3dAverage,THREE_D,96,16,1,2,3.375,29.521,1.238,0.001,0.452,1.299,0.141
GTX 780,Array3dAverage,THREE_D,96,16,1,4,3.375,29.445,1.231,0.001,0.294,1.293,0.139
GTX 780,Array3dAverage,THREE_D,96,16,1,8,3.375,29.454,1.234,0,0.219,1.29,0.147
GTX 780,Array3dAverage,THREE_D,96,16,1,16,3.375,29.479,1.237,0,0.266,1.307,0.141
GTX 780,Array3dAverage,THREE_D,96,16,1,32,3.375,29.567,1.234,0.001,0.225,1.294,0.139
GTX 780,Array3dAverage,THREE_D,96,16,2,1,3.375,31.038,1.238,0.001,0.441,1.287,0.146
GTX 780,Array3dAverage,THREE_D,96,16,2,2,3.375,29.522,1.231,0.001,0.288,1.29,0.14
GTX 780,Array3dAverage,THREE_D,96,16,2,4,3.375,29.448,1.236,0.001,0.214,1.291,0.14
GTX 780,Array3dAverage,THREE_D,96,16,2,8,3.375,29.452,1.241,0.001,0.217,1.295,0.141
GTX 780,Array3dAverage,THREE_D,96,16,2,16,3.375,29.596,1.235,0.001,0.223,1.289,0.14
GTX 780,Array3dAverage,THREE_D,96,16,2,32,3.375,29.485,1.227,0,0.239,1.303,0.145
GTX 780,Array3dAverage,THREE_D,96,16,4,1,3.375,29.49,1.238,0.001,0.291,1.282,0.14
GTX 780,Array3dAverage,THREE_D,96,16,4,2,3.375,29.524,1.24,0.001,0.213,1.283,0.14
GTX 780,Array3dAverage,THREE_D,96,16,4,4,3.375,29.523,1.23,0.001,0.216,1.291,0.14
GTX 780,Array3dAverage,THREE_D,96,16,4,8,3.375,29.533,1.236,0,0.227,1.29,0.147
GTX 780,Array3dAverage,THREE_D,96,16,4,16,3.375,29.484,1.271,0.001,0.238,1.295,0.14
GTX 780,Array3dAverage,THREE_D,96,16,8,1,3.375,29.484,1.231,0.001,0.221,1.286,0.14
GTX 780,Array3dAverage,THREE_D,96,16,8,2,3.375,29.606,1.234,0.001,0.218,1.292,0.146
GTX 780,Array3dAverage,THREE_D,96,16,8,4,3.375,29.481,1.232,0.001,0.222,1.289,0.14
GTX 780,Array3dAverage,THREE_D,96,16,8,8,3.375,29.482,1.24,0,0.237,1.291,0.14
GTX 780,Array3dAverage,THREE_D,96,16,16,1,3.375,29.456,1.233,0.001,0.215,1.302,0.141
GTX 780,Array3dAverage,THREE_D,96,16,16,2,3.375,29.484,1.234,0,0.224,1.308,0.159
GTX 780,Array3dAverage,THREE_D,96,16,16,4,3.375,29.523,1.234,0,0.236,1.288,0.144
GTX 780,Array3dAverage,THREE_D,96,16,32,1,3.375,29.489,1.236,0,0.223,1.296,0.143
GTX 780,Array3dAverage,THREE_D,96,16,32,2,3.375,29.484,1.238,0,0.236,1.298,0.141
GTX 780,Array3dAverage,THREE_D,96,32,1,1,3.375,30.923,1.23,0.001,0.418,1.29,0.14
GTX 780,Array3dAverage,THREE_D,96,32,1,2,3.375,29.495,1.27,0.001,0.28,1.294,0.145
GTX 780,Array3dAverage,THREE_D,96,32,1,4,3.375,29.498,1.316,0.001,0.204,1.287,0.14
GTX 780,Array3dAverage,THREE_D,96,32,1,8,3.375,29.486,1.24,0.001,0.206,1.295,0.14
GTX 780,Array3dAverage,THREE_D,96,32,1,16,3.375,29.49,1.24,0,0.219,1.29,0.142
GTX 780,Array3dAverage,THREE_D,96,32,1,32,3.375,29.482,1.231,0,0.227,1.292,0.228
GTX 780,Array3dAverage,THREE_D,96,32,2,1,3.375,29.47,1.24,0.001,0.269,1.287,0.139
GTX 780,Array3dAverage,THREE_D,96,32,2,2,3.375,29.579,1.277,0,0.222,1.376,0.153
GTX 780,Array3dAverage,THREE_D,96,32,2,4,3.375,30.014,1.235,0,0.207,1.292,0.141
GTX 780,Array3dAverage,THREE_D,96,32,2,8,3.375,29.602,1.254,0,0.214,1.305,0.144
GTX 780,Array3dAverage,THREE_D,96,32,2,16,3.375,30.456,1.245,0.001,0.227,1.327,0.143
GTX 780,Array3dAverage,THREE_D,96,32,4,1,3.375,29.561,1.23,0,0.202,1.288,0.141
GTX 780,Array3dAverage,THREE_D,96,32,4,2,3.375,29.484,1.234,0,0.205,1.293,0.139
GTX 780,Array3dAverage,THREE_D,96,32,4,4,3.375,29.452,1.235,0,0.213,1.292,0.14
GTX 780,Array3dAverage,THREE_D,96,32,4,8,3.375,29.49,1.236,0,0.226,1.293,0.141
GTX 780,Array3dAverage,THREE_D,96,32,8,1,3.375,29.519,1.246,0.001,0.204,1.292,0.14
GTX 780,Array3dAverage,THREE_D,96,32,8,2,3.375,29.491,1.237,0.001,0.211,1.29,0.14
GTX 780,Array3dAverage,THREE_D,96,32,8,4,3.375,29.484,1.238,0.001,0.23,1.288,0.141
GTX 780,Array3dAverage,THREE_D,96,32,16,1,3.375,29.486,1.23,0.001,0.213,1.29,0.139
GTX 780,Array3dAverage,THREE_D,96,32,16,2,3.375,29.6,1.247,0,0.226,1.284,0.141
GTX 780,Array3dAverage,THREE_D,96,32,32,1,3.375,29.484,1.235,0.001,0.226,1.288,0.14
GTX 780,Array3dAverage,THREE_D,96,1,1,8,3.375,29.144,1.222,0,1.859,1.247,0.16
GTX 780,Array3dAverage,THREE_D,96,1,1,16,3.375,29.127,1.233,0.001,1.415,1.275,0.14
GTX 780,Array3dAverage,THREE_D,96,1,1,32,3.375,29.142,1.225,0.001,1.318,1.274,0.139
GTX 780,Array3dAverage,THREE_D,96,8,8,8,3.375,30.661,1.225,0,0.284,1.283,0.139
GTX 780,Array3dAverage,THREE_D,96,8,8,8,3.375,29.073,1.233,0,0.285,1.284,0.14
GTX 780,Array3dAverage,THREE_D,96,8,8,8,3.375,29.143,1.227,0,0.284,1.281,0.139
GTX 780,Array3dAverage,THREE_D,96,8,8,8,3.375,29.15,1.259,0.001,0.285,1.28,0.139
GTX 780,Array3dAverage,THREE_D,96,1,2,8,3.375,29.069,1.22,0,1.417,1.269,0.14
GTX 780,Array3dAverage,THREE_D,96,1,2,16,3.375,29.105,1.223,0,1.319,1.275,0.14
GTX 780,Array3dAverage,THREE_D,96,1,2,32,3.375,29.246,1.228,0.001,1.302,1.284,0.141
GTX 780,Array3dAverage,THREE_D,96,8,8,8,3.375,30.535,1.218,0,0.286,1.274,0.139
GTX 780,Array3dAverage,THREE_D,96,8,8,8,3.375,29.105,1.224,0,0.284,1.313,0.143
GTX 780,Array3dAverage,THREE_D,96,8,8,8,3.375,29.107,1.227,0.001,0.285,1.277,0.139
GTX 780,Array3dAverage,THREE_D,96,1,4,8,3.375,29.065,1.224,0.001,1.319,1.234,0.146
GTX 780,Array3dAverage,THREE_D,96,1,4,16,3.375,29.215,1.22,0,1.297,1.28,0.138
GTX 780,Array3dAverage,THREE_D,96,1,4,32,3.375,29.073,1.226,0.001,1.299,1.281,0.139
GTX 780,Array3dAverage,THREE_D,96,8,8,8,3.375,30.649,1.23,0,0.286,1.282,0.139
GTX 780,Array3dAverage,THREE_D,96,8,8,8,3.375,29.226,1.223,0,0.292,1.278,0.144
GTX 780,Array3dAverage,THREE_D,96,1,8,1,3.375,29.071,1.226,0,1.861,1.279,0.14
GTX 780,Array3dAverage,THREE_D,96,1,8,2,3.375,29.069,1.224,0,1.418,1.28,0.138
GTX 780,Array3dAverage,THREE_D,96,1,8,4,3.375,29.178,1.228,0.001,1.321,1.276,0.137
GTX 780,Array3dAverage,THREE_D,96,1,8,8,3.375,29.111,1.235,0.001,1.297,1.286,0.145
GTX 780,Array3dAverage,THREE_D,96,1,8,16,3.375,29.181,1.229,0.001,1.298,1.292,0.14
GTX 780,Array3dAverage,THREE_D,96,1,8,32,3.375,29.173,1.23,0,1.313,1.316,0.141
GTX 780,Array3dAverage,THREE_D,96,8,8,8,3.375,30.585,1.226,0,0.285,1.282,0.144
GTX 780,Array3dAverage,THREE_D,96,1,16,1,3.375,29.107,1.255,0.001,1.406,1.285,0.143
GTX 780,Array3dAverage,THREE_D,96,1,16,2,3.375,29.141,1.231,0.001,1.317,1.277,0.14
GTX 780,Array3dAverage,THREE_D,96,1,16,4,3.375,29.149,1.228,0.001,1.297,1.276,0.139
GTX 780,Array3dAverage,THREE_D,96,1,16,8,3.375,29.068,1.258,0,1.301,1.279,0.142
GTX 780,Array3dAverage,THREE_D,96,1,16,16,3.375,29.145,1.23,0.001,1.306,1.278,0.139
GTX 780,Array3dAverage,THREE_D,96,1,16,32,3.375,29.069,1.221,0.001,1.31,1.276,0.139
GTX 780,Array3dAverage,THREE_D,96,1,32,1,3.375,30.714,1.228,0,1.317,1.286,0.14
GTX 780,Array3dAverage,THREE_D,96,1,32,2,3.375,29.441,1.274,0.001,1.298,1.318,0.14
GTX 780,Array3dAverage,THREE_D,96,1,32,4,3.375,29.306,1.227,0,1.3,1.284,0.141
GTX 780,Array3dAverage,THREE_D,96,1,32,8,3.375,29.405,1.244,0,1.307,1.318,0.141
GTX 780,Array3dAverage,THREE_D,96,1,32,16,3.375,29.643,1.229,0,1.319,1.276,0.14
GTX 780,Array3dAverage,THREE_D,96,1,32,32,3.375,29.109,1.22,0.001,1.322,1.278,0.14
GTX 780,Array3dAverage,THREE_D,96,2,1,8,3.375,29.066,1.228,0.001,0.997,1.241,0.141
GTX 780,Array3dAverage,THREE_D,96,2,1,16,3.375,29.219,1.227,0.001,0.779,1.281,0.139
GTX 780,Array3dAverage,THREE_D,96,2,1,32,3.375,29.072,1.227,0,0.717,1.275,0.139
GTX 780,Array3dAverage,THREE_D,96,8,8,8,3.375,30.628,1.226,0.001,0.284,1.281,0.14
GTX 780,Array3dAverage,THREE_D,96,8,8,8,3.375,29.213,1.228,0,0.293,1.278,0.146
GTX 780,Array3dAverage,THREE_D,96,8,8,8,3.375,29.072,1.23,0,0.285,1.285,0.139
GTX 780,Array3dAverage,THREE_D,96,2,2,8,3.375,29.145,1.228,0,0.778,1.232,0.145
GTX 780,Array3dAverage,THREE_D,96,2,2,16,3.375,29.147,1.232,0,0.718,1.28,0.14
GTX 780,Array3dAverage,THREE_D,96,2,2,32,3.375,29.142,1.22,0.001,0.718,1.278,0.139
GTX 780,Array3dAverage,THREE_D,96,8,8,8,3.375,30.669,1.224,0.001,0.283,1.275,0.139
GTX 780,Array3dAverage,THREE_D,96,8,8,8,3.375,29.078,1.236,0,0.286,1.281,0.139
GTX 780,Array3dAverage,THREE_D,96,2,4,8,3.375,29.066,1.222,0.001,0.717,1.24,0.139
GTX 780,Array3dAverage,THREE_D,96,2,4,16,3.375,29.182,1.227,0.001,0.719,1.281,0.145
GTX 780,Array3dAverage,THREE_D,96,2,4,32,3.375,29.071,1.224,0.001,0.723,1.275,0.14
GTX 780,Array3dAverage,THREE_D,96,8,8,8,3.375,30.559,1.231,0,0.285,1.333,0.145
GTX 780,Array3dAverage,THREE_D,96,2,8,1,3.375,29.179,1.232,0.001,0.998,1.562,0.143
GTX 780,Array3dAverage,THREE_D,96,2,8,2,3.375,29.105,1.23,0.001,0.776,1.282,0.14
GTX 780,Array3dAverage,THREE_D,96,2,8,4,3.375,29.063,1.228,0,0.72,1.28,0.143
GTX 780,Array3dAverage,THREE_D,96,2,8,8,3.375,29.179,1.229,0,0.724,1.281,0.139
GTX 780,Array3dAverage,THREE_D,96,2,8,16,3.375,29.071,1.235,0.001,0.724,1.285,0.139
GTX 780,Array3dAverage,THREE_D,96,2,8,32,3.375,29.214,1.221,0.001,0.73,1.288,0.139
GTX 780,Array3dAverage,THREE_D,96,2,16,1,3.375,30.584,1.23,0.001,0.775,1.276,0.14
GTX 780,Array3dAverage,THREE_D,96,2,16,2,3.375,29.067,1.223,0.001,0.716,1.284,0.139
GTX 780,Array3dAverage,THREE_D,96,2,16,4,3.375,29.104,1.228,0,0.719,1.311,0.14
GTX 780,Array3dAverage,THREE_D,96,2,16,8,3.375,29.144,1.231,0.001,0.723,1.281,0.14
GTX 780,Array3dAverage,THREE_D,96,2,16,16,3.375,29.145,1.226,0,0.726,1.279,0.14
GTX 780,Array3dAverage,THREE_D,96,2,16,32,3.375,29.106,1.231,0.001,0.741,1.278,0.14
GTX 780,Array3dAverage,THREE_D,96,2,32,1,3.375,29.218,1.225,0.001,0.716,1.282,0.141
GTX 780,Array3dAverage,THREE_D,96,2,32,2,3.375,29.071,1.229,0,0.719,1.286,0.14
GTX 780,Array3dAverage,THREE_D,96,2,32,4,3.375,29.069,1.221,0.001,0.723,1.28,0.139
GTX 780,Array3dAverage,THREE_D,96,2,32,8,3.375,29.179,1.24,0,0.727,1.286,0.14
GTX 780,Array3dAverage,THREE_D,96,2,32,16,3.375,29.108,1.227,0.001,0.74,1.297,0.143
GTX 780,Array3dAverage,THREE_D,96,4,1,8,3.375,29.076,1.224,0.001,0.56,1.236,0.14
GTX 780,Array3dAverage,THREE_D,96,4,1,16,3.375,29.145,1.233,0.001,0.427,1.276,0.14
GTX 780,Array3dAverage,THREE_D,96,4,1,32,3.375,29.179,1.229,0.001,0.431,1.285,0.139
GTX 780,Array3dAverage,THREE_D,96,8,8,8,3.375,30.55,1.229,0,0.285,1.278,0.139
GTX 780,Array3dAverage,THREE_D,96,8,8,8,3.375,29.066,1.218,0.001,0.284,1.28,0.139
GTX 780,Array3dAverage,THREE_D,96,4,2,8,3.375,29.797,1.269,0.001,0.427,1.233,0.141
GTX 780,Array3dAverage,THREE_D,96,4,2,16,3.375,29.069,1.218,0,0.432,1.284,0.139
GTX 780,Array3dAverage,THREE_D,96,4,2,32,3.375,29.069,1.219,0,0.434,1.28,0.139
GTX 780,Array3dAverage,THREE_D,96,8,8,8,3.375,30.514,1.227,0.001,0.284,1.29,0.139
GTX 780,Array3dAverage,THREE_D,96,4,4,8,3.375,29.062,1.226,0.001,0.43,1.242,0.14
GTX 780,Array3dAverage,THREE_D,96,4,4,16,3.375,29.221,1.224,0.001,0.432,1.276,0.144
GTX 780,Array3dAverage,THREE_D,96,4,4,32,3.375,29.075,1.228,0,0.438,1.278,0.14
GTX 780,Array3dAverage,THREE_D,96,4,8,1,3.375,30.647,1.221,0.001,0.559,1.283,0.139
GTX 780,Array3dAverage,THREE_D,96,4,8,2,3.375,29.22,1.223,0,0.428,1.279,0.142
GTX 780,Array3dAverage,THREE_D,96,4,8,4,3.375,29.073,1.23,0.001,0.431,1.277,0.14
GTX 780,Array3dAverage,THREE_D,96,4,8,8,3.375,29.067,1.232,0.001,0.433,1.276,0.138
GTX 780,Array3dAverage,THREE_D,96,4,8,16,3.375,29.179,1.222,0,0.438,1.281,0.138
GTX 780,Array3dAverage,THREE_D,96,4,8,32,3.375,29.106,1.237,0,0.449,1.277,0.145
GTX 780,Array3dAverage,THREE_D,96,4,16,1,3.375,29.182,1.229,0,0.423,1.273,0.139
GTX 780,Array3dAverage,THREE_D,96,4,16,2,3.375,29.186,1.227,0.001,0.431,1.283,0.139
GTX 780,Array3dAverage,THREE_D,96,4,16,4,3.375,29.071,1.224,0,0.438,1.278,0.14
GTX 780,Array3dAverage,THREE_D,96,4,16,8,3.375,29.068,1.227,0,0.438,1.285,0.139
GTX 780,Array3dAverage,THREE_D,96,4,16,16,3.375,29.215,1.222,0,0.45,1.278,0.139
GTX 780,Array3dAverage,THREE_D,96,4,32,1,3.375,29.079,1.229,0,0.433,1.281,0.139
GTX 780,Array3dAverage,THREE_D,96,4,32,2,3.375,29.144,1.225,0.001,0.433,1.277,0.138
GTX 780,Array3dAverage,THREE_D,96,4,32,4,3.375,29.181,1.217,0.001,0.437,1.277,0.138
GTX 780,Array3dAverage,THREE_D,96,4,32,8,3.375,29.073,1.238,0.001,0.449,1.28,0.144
GTX 780,Array3dAverage,THREE_D,96,8,1,1,3.375,30.572,1.228,0.001,1.285,1.313,0.141
GTX 780,Array3dAverage,THREE_D,96,8,1,2,3.375,29.07,1.227,0.001,0.785,1.277,0.146
GTX 780,Array3dAverage,THREE_D,96,8,1,4,3.375,29.144,1.224,0.001,0.487,1.282,0.14
GTX 780,Array3dAverage,THREE_D,96,8,1,8,3.375,29.145,1.264,0.001,0.315,1.274,0.143
GTX 780,Array3dAverage,THREE_D,96,8,1,16,3.375,29.41,1.226,0.001,0.285,1.281,0.139
GTX 780,Array3dAverage,THREE_D,96,8,1,32,3.375,29.066,1.227,0,0.286,1.285,0.139
GTX 780,Array3dAverage,THREE_D,96,8,8,8,3.375,30.628,1.22,0.001,0.285,1.287,0.139
GTX 780,Array3dAverage,THREE_D,96,8,2,1,3.375,29.07,1.234,0.001,0.765,1.277,0.14
GTX 780,Array3dAverage,THREE_D,96,8,2,2,3.375,29.145,1.223,0.001,0.484,1.278,0.144
GTX 780,Array3dAverage,THREE_D,96,8,2,4,3.375,29.142,1.237,0,0.318,1.276,0.143
GTX 780,Array3dAverage,THREE_D,96,8,2,8,3.375,29.068,1.229,0.001,0.284,1.285,0.139
GTX 780,Array3dAverage,THREE_D,96,8,2,16,3.375,29.065,1.229,0,0.286,1.287,0.139
GTX 780,Array3dAverage,THREE_D,96,8,2,32,3.375,29.141,1.218,0.001,0.285,1.278,0.143
GTX 780,Array3dAverage,THREE_D,96,8,4,1,3.375,30.558,1.226,0.001,0.48,1.281,0.139
GTX 780,Array3dAverage,THREE_D,96,8,4,2,3.375,29.146,1.228,0.001,0.311,1.281,0.139
GTX 780,Array3dAverage,THREE_D,96,8,4,4,3.375,29.254,1.23,0.001,0.286,1.281,0.143
GTX 780,Array3dAverage,THREE_D,96,8,4,8,3.375,29.072,1.221,0,0.286,1.279,0.143
GTX 780,Array3dAverage,THREE_D,96,8,4,16,3.375,29.066,1.222,0,0.285,1.276,0.142
GTX 780,Array3dAverage,THREE_D,96,8,4,32,3.375,29.147,1.224,0,0.293,1.301,0.139
GTX 780,Array3dAverage,THREE_D,96,8,8,1,3.375,29.067,1.224,0,0.31,1.324,0.14
GTX 780,Array3dAverage,THREE_D,96,8,8,2,3.375,29.142,1.232,0,0.285,1.278,0.139
GTX 780,Array3dAverage,THREE_D,96,8,8,4,3.375,29.125,1.243,0,0.286,1.293,0.17
GTX 780,Array3dAverage,THREE_D,96,8,8,8,3.375,29.124,1.223,0,0.285,1.275,0.139
GTX 780,Array3dAverage,THREE_D,96,8,8,16,3.375,29.07,1.225,0,0.292,1.28,0.138
GTX 780,Array3dAverage,THREE_D,96,8,16,1,3.375,29.104,1.22,0.001,0.288,1.282,0.142
GTX 780,Array3dAverage,THREE_D,96,8,16,2,3.375,29.176,1.239,0.001,0.285,1.276,0.139
GTX 780,Array3dAverage,THREE_D,96,8,16,4,3.375,29.135,1.24,0.001,0.284,1.279,0.138
GTX 780,Array3dAverage,THREE_D,96,8,16,8,3.375,29.067,1.226,0,0.292,1.28,0.139
GTX 780,Array3dAverage,THREE_D,96,8,32,1,3.375,29.18,1.223,0.001,0.283,1.283,0.139
GTX 780,Array3dAverage,THREE_D,96,8,32,2,3.375,29.074,1.227,0.001,0.284,1.283,0.14
GTX 780,Array3dAverage,THREE_D,96,8,32,4,3.375,29.071,1.226,0.001,0.29,1.284,0.138
GTX 780,Array3dAverage,THREE_D,96,16,1,1,3.375,30.866,1.22,0.001,0.711,1.311,0.146
GTX 780,Array3dAverage,THREE_D,96,16,1,2,3.375,29.267,1.229,0,0.452,1.28,0.141
GTX 780,Array3dAverage,THREE_D,96,16,1,4,3.375,29.407,1.272,0,0.291,1.278,0.14
GTX 780,Array3dAverage,THREE_D,96,16,1,8,3.375,29.558,1.227,0,0.215,1.277,0.14
GTX 780,Array3dAverage,THREE_D,96,16,1,16,3.375,29.068,1.223,0,0.216,1.279,0.139
GTX 780,Array3dAverage,THREE_D,96,16,1,32,3.375,29.14,1.23,0.001,0.224,1.32,0.139
GTX 780,Array3dAverage,THREE_D,96,16,2,1,3.375,30.588,1.23,0,0.452,1.281,0.14
GTX 780,Array3dAverage,THREE_D,96,16,2,2,3.375,29.146,1.226,0.001,0.287,1.277,0.139
GTX 780,Array3dAverage,THREE_D,96,16,2,4,3.375,29.18,1.226,0.001,0.213,1.28,0.138
GTX 780,Array3dAverage,THREE_D,96,16,2,8,3.375,29.074,1.223,0.001,0.216,1.281,0.138
GTX 780,Array3dAverage,THREE_D,96,16,2,16,3.375,29.065,1.225,0.001,0.222,1.277,0.139
GTX 780,Array3dAverage,THREE_D,96,16,2,32,3.375,29.215,1.232,0.001,0.238,1.277,0.138
GTX 780,Array3dAverage,THREE_D,96,16,4,1,3.375,29.07,1.226,0,0.283,1.273,0.139
GTX 780,Array3dAverage,THREE_D,96,16,4,2,3.375,29.147,1.224,0,0.212,1.282,0.138
GTX 780,Array3dAverage,THREE_D,96,16,4,4,3.375,29.221,1.228,0.001,0.216,1.291,0.148
GTX 780,Array3dAverage,THREE_D,96,16,4,8,3.375,29.088,1.224,0.001,0.223,1.276,0.149
GTX 780,Array3dAverage,THREE_D,96,16,4,16,3.375,29.063,1.237,0.001,0.237,1.279,0.139
GTX 780,Array3dAverage,THREE_D,96,16,8,1,3.375,29.067,1.218,0,0.211,1.32,0.142
GTX 780,Array3dAverage,THREE_D,96,16,8,2,3.375,29.149,1.23,0,0.214,1.277,0.139
GTX 780,Array3dAverage,THREE_D,96,16,8,4,3.375,29.18,1.227,0.001,0.221,1.276,0.144
GTX 780,Array3dAverage,THREE_D,96,16,8,8,3.375,29.106,1.225,0.001,0.235,1.281,0.148
GTX 780,Array3dAverage,THREE_D,96,16,16,1,3.375,29.172,1.224,0,0.214,1.28,0.145
GTX 780,Array3dAverage,THREE_D,96,16,16,2,3.375,29.076,1.223,0.001,0.22,1.277,0.14
GTX 780,Array3dAverage,THREE_D,96,16,16,4,3.375,29.103,1.224,0,0.235,1.278,0.14
GTX 780,Array3dAverage,THREE_D,96,16,32,1,3.375,29.181,1.237,0,0.222,1.279,0.145
GTX 780,Array3dAverage,THREE_D,96,16,32,2,3.375,29.075,1.224,0.001,0.233,1.28,0.151
GTX 780,Array3dAverage,THREE_D,96,32,1,1,3.375,30.519,1.217,0.001,0.413,1.309,0.143
GTX 780,Array3dAverage,THREE_D,96,32,1,2,3.375,29.146,1.224,0,0.274,1.277,0.139
GTX 780,Array3dAverage,THREE_D,96,32,1,4,3.375,29.07,1.224,0,0.202,1.274,0.139
GTX 780,Array3dAverage,THREE_D,96,32,1,8,3.375,29.066,1.222,0.001,0.205,1.278,0.138
GTX 780,Array3dAverage,THREE_D,96,32,1,16,3.375,29.186,1.22,0.001,0.213,1.28,0.138
GTX 780,Array3dAverage,THREE_D,96,32,1,32,3.375,29.085,1.255,0.001,0.227,1.297,0.14
GTX 780,Array3dAverage,THREE_D,96,32,2,1,3.375,29.068,1.222,0.001,0.268,1.334,0.139
GTX 780,Array3dAverage,THREE_D,96,32,2,2,3.375,29.179,1.228,0.001,0.202,1.535,0.14
GTX 780,Array3dAverage,THREE_D,96,32,2,4,3.375,29.11,1.236,0,0.205,1.275,0.139
GTX 780,Array3dAverage,THREE_D,96,32,2,8,3.375,29.064,1.226,0,0.214,1.277,0.139
GTX 780,Array3dAverage,THREE_D,96,32,2,16,3.375,29.178,1.227,0.001,0.224,1.277,0.143
GTX 780,Array3dAverage,THREE_D,96,32,4,1,3.375,29.076,1.226,0,0.201,1.275,0.14
GTX 780,Array3dAverage,THREE_D,96,32,4,2,3.375,29.145,1.225,0.001,0.204,1.28,0.138
GTX 780,Array3dAverage,THREE_D,96,32,4,4,3.375,29.178,1.229,0,0.212,1.278,0.139
GTX 780,Array3dAverage,THREE_D,96,32,4,8,3.375,29.073,1.233,0.001,0.225,1.28,0.139
GTX 780,Array3dAverage,THREE_D,96,32,8,1,3.375,29.064,1.22,0.001,0.209,1.281,0.138
GTX 780,Array3dAverage,THREE_D,96,32,8,2,3.375,29.219,1.223,0.001,0.211,1.284,0.139
GTX 780,Array3dAverage,THREE_D,96,32,8,4,3.375,29.071,1.23,0,0.23,1.281,0.14
GTX 780,Array3dAverage,THREE_D,96,32,16,1,3.375,29.139,1.227,0.001,0.216,1.277,0.139
GTX 780,Array3dAverage,THREE_D,96,32,16,2,3.375,29.221,1.264,0.001,0.225,1.276,0.139
GTX 780,Array3dAverage,THREE_D,96,32,32,1,3.375,29.071,1.232,0,0.225,1.278,0.14
GTX 780,Array3dAverage,THREE_D,96,1,1,8,3.375,29.104,1.241,0.001,1.858,1.248,0.14
GTX 780,Array3dAverage,THREE_D,96,1,1,16,3.375,29.119,1.239,0.001,1.415,1.282,0.14
GTX 780,Array3dAverage,THREE_D,96,1,1,32,3.375,29.299,1.26,0.001,1.319,1.291,0.139
GTX 780,Array3dAverage,THREE_D,96,8,8,8,3.375,30.723,1.233,0.001,0.288,1.284,0.14
GTX 780,Array3dAverage,THREE_D,96,8,8,8,3.375,29.108,1.236,0,0.288,1.287,0.138
GTX 780,Array3dAverage,THREE_D,96,8,8,8,3.375,29.186,1.243,0,0.284,1.285,0.138
GTX 780,Array3dAverage,THREE_D,96,8,8,8,3.375,29.111,1.244,0,0.285,1.295,0.139
GTX 780,Array3dAverage,THREE_D,96,1,2,8,3.375,29.226,1.234,0,1.414,1.249,0.138
GTX 780,Array3dAverage,THREE_D,96,1,2,16,3.375,29.105,1.236,0.001,1.324,1.282,0.145
GTX 780,Array3dAverage,THREE_D,96,1,2,32,3.375,29.108,1.232,0,1.296,1.287,0.138
GTX 780,Array3dAverage,THREE_D,96,8,8,8,3.375,30.606,1.235,0.001,0.285,1.291,0.138
GTX 780,Array3dAverage,THREE_D,96,8,8,8,3.375,29.077,1.234,0.001,0.284,1.295,0.138
GTX 780,Array3dAverage,THREE_D,96,8,8,8,3.375,29.231,1.236,0,0.297,1.298,0.138
GTX 780,Array3dAverage,THREE_D,96,1,4,8,3.375,29.104,1.233,0.001,1.318,1.246,0.139
GTX 780,Array3dAverage,THREE_D,96,1,4,16,3.375,29.067,1.235,0,1.296,1.294,0.139
GTX 780,Array3dAverage,THREE_D,96,1,4,32,3.375,29.148,1.232,0.001,1.3,1.279,0.139
GTX 780,Array3dAverage,THREE_D,96,8,8,8,3.375,30.637,1.24,0,0.292,1.287,0.142
GTX 780,Array3dAverage,THREE_D,96,8,8,8,3.375,29.11,1.233,0.001,0.285,1.295,0.139
GTX 780,Array3dAverage,THREE_D,96,1,8,1,3.375,29.177,1.243,0.001,1.862,1.283,0.138
GTX 780,Array3dAverage,THREE_D,96,1,8,2,3.375,29.068,1.233,0,1.412,1.319,0.144
GTX 780,Array3dAverage,THREE_D,96,1,8,4,3.375,29.09,1.248,0.001,1.317,1.296,0.138
GTX 780,Array3dAverage,THREE_D,96,1,8,8,3.375,29.179,1.241,0.001,1.297,1.284,0.139
GTX 780,Array3dAverage,THREE_D,96,1,8,16,3.375,29.107,1.237,0.001,1.298,1.28,0.142
GTX 780,Array3dAverage,THREE_D,96,1,8,32,3.375,29.107,1.234,0,1.308,1.284,0.137
GTX 780,Array3dAverage,THREE_D,96,8,8,8,3.375,30.622,1.23,0,0.285,1.288,0.138
GTX 780,Array3dAverage,THREE_D,96,1,16,1,3.375,29.068,1.228,0,1.405,1.286,0.138
GTX 780,Array3dAverage,THREE_D,96,1,16,2,3.375,29.068,1.231,0.001,1.316,1.28,0.138
GTX 780,Array3dAverage,THREE_D,96,1,16,4,3.375,29.219,1.234,0,1.296,1.285,0.138
GTX 780,Array3dAverage,THREE_D,96,1,16,8,3.375,29.106,1.234,0.001,1.298,1.285,0.139
GTX 780,Array3dAverage,THREE_D,96,1,16,16,3.375,29.106,1.229,0,1.311,1.29,0.139
GTX 780,Array3dAverage,THREE_D,96,1,16,32,3.375,29.223,1.233,0,1.312,1.279,0.14
GTX 780,Array3dAverage,THREE_D,96,1,32,1,3.375,30.626,1.231,0.001,1.317,1.277,0.138
GTX 780,Array3dAverage,THREE_D,96,1,32,2,3.375,29.15,1.237,0.001,1.297,1.281,0.139
GTX 780,Array3dAverage,THREE_D,96,1,32,4,3.375,29.142,1.245,0.001,1.3,1.283,0.138
GTX 780,Array3dAverage,THREE_D,96,1,32,8,3.375,29.103,1.238,0,1.311,1.287,0.138
GTX 780,Array3dAverage,THREE_D,96,1,32,16,3.375,29.155,1.235,0.001,1.321,1.289,0.144
GTX 780,Array3dAverage,THREE_D,96,1,32,32,3.375,29.139,1.235,0.001,1.331,1.289,0.138
GTX 780,Array3dAverage,THREE_D,96,2,1,8,3.375,29.227,1.235,0.001,0.997,1.249,0.142
GTX 780,Array3dAverage,THREE_D,96,2,1,16,3.375,29.074,1.235,0,0.78,1.287,0.14
GTX 780,Array3dAverage,THREE_D,96,2,1,32,3.375,29.151,1.231,0,0.717,1.29,0.14
GTX 780,Array3dAverage,THREE_D,96,8,8,8,3.375,30.532,1.237,0.001,0.288,1.284,0.141
GTX 780,Array3dAverage,THREE_D,96,8,8,8,3.375,29.113,1.236,0,0.284,1.295,0.139
GTX 780,Array3dAverage,THREE_D,96,8,8,8,3.375,29.181,1.228,0.001,0.284,1.279,0.14
GTX 780,Array3dAverage,THREE_D,96,2,2,8,3.375,29.109,1.232,0,0.779,1.254,0.141
GTX 780,Array3dAverage,THREE_D,96,2,2,16,3.375,29.108,1.238,0.001,0.717,1.32,0.14
GTX 780,Array3dAverage,THREE_D,96,2,2,32,3.375,29.142,1.236,0,0.719,1.284,0.138
GTX 780,Array3dAverage,THREE_D,96,8,8,8,3.375,30.512,1.233,0,0.289,1.28,0.14
GTX 780,Array3dAverage,THREE_D,96,8,8,8,3.375,29.108,1.231,0,0.288,1.289,0.139
GTX 780,Array3dAverage,THREE_D,96,2,4,8,3.375,29.081,1.252,0.001,0.718,1.255,0.151
GTX 780,Array3dAverage,THREE_D,96,2,4,16,3.375,29.088,1.233,0,0.718,1.282,0.139
GTX 780,Array3dAverage,THREE_D,96,2,4,32,3.375,29.188,1.232,0.001,0.723,1.327,0.141
GTX 780,Array3dAverage,THREE_D,96,8,8,8,3.375,30.563,1.238,0.001,0.284,1.284,0.148
GTX 780,Array3dAverage,THREE_D,96,2,8,1,3.375,29.104,1.228,0.001,0.999,1.285,0.138
GTX 780,Array3dAverage,THREE_D,96,2,8,2,3.375,29.184,1.237,0.001,0.774,1.283,0.139
GTX 780,Array3dAverage,THREE_D,96,2,8,4,3.375,29.074,1.232,0,0.715,1.283,0.141
GTX 780,Array3dAverage,THREE_D,96,2,8,8,3.375,29.269,1.328,0,0.721,1.3,0.158
GTX 780,Array3dAverage,THREE_D,96,2,8,16,3.375,29.469,1.245,0.001,0.722,1.279,0.14
GTX 780,Array3dAverage,THREE_D,96,2,8,32,3.375,29.227,1.277,0,0.731,1.343,0.143
GTX 780,Array3dAverage,THREE_D,96,2,16,1,3.375,31.082,1.274,0.001,0.775,1.29,0.139
GTX 780,Array3dAverage,THREE_D,96,2,16,2,3.375,29.177,1.226,0.001,0.717,1.282,0.139
GTX 780,Array3dAverage,THREE_D,96,2,16,4,3.375,29.07,1.241,0,0.719,1.289,0.14
GTX 780,Array3dAverage,THREE_D,96,2,16,8,3.375,29.068,1.239,0.001,0.723,1.319,0.139
GTX 780,Array3dAverage,THREE_D,96,2,16,16,3.375,29.177,1.228,0,0.726,1.287,0.138
GTX 780,Array3dAverage,THREE_D,96,2,16,32,3.375,29.104,1.233,0.001,0.743,1.282,0.139
GTX 780,Array3dAverage,THREE_D,96,2,32,1,3.375,29.198,1.233,0,0.716,1.324,0.161
GTX 780,Array3dAverage,THREE_D,96,2,32,2,3.375,29.314,1.232,0.001,0.722,1.329,0.139
GTX 780,Array3dAverage,THREE_D,96,2,32,4,3.375,29.227,1.233,0,0.724,1.286,0.139
GTX 780,Array3dAverage,THREE_D,96,2,32,8,3.375,29.28,1.268,0.001,0.726,1.285,0.139
GTX 780,Array3dAverage,THREE_D,96,2,32,16,3.375,29.307,1.229,0,0.744,1.298,0.139
GTX 780,Array3dAverage,THREE_D,96,4,1,8,3.375,29.225,1.238,0.001,0.561,1.241,0.14
GTX 780,Array3dAverage,THREE_D,96,4,1,16,3.375,29.109,1.239,0,0.433,1.285,0.144
GTX 780,Array3dAverage,THREE_D,96,4,1,32,3.375,29.104,1.234,0,0.433,1.282,0.14
GTX 780,Array3dAverage,THREE_D,96,8,8,8,3.375,30.752,1.244,0,0.285,1.292,0.14
GTX 780,Array3dAverage,THREE_D,96,8,8,8,3.375,29.146,1.234,0,0.285,1.286,0.144
GTX 780,Array3dAverage,THREE_D,96,4,2,8,3.375,29.113,1.231,0.001,0.426,1.245,0.14
GTX 780,Array3dAverage,THREE_D,96,4,2,16,3.375,29.14,1.235,0,0.432,1.286,0.139
GTX 780,Array3dAverage,THREE_D,96,4,2,32,3.375,29.071,1.231,0.001,0.433,1.282,0.144
GTX 780,Array3dAverage,THREE_D,96,8,8,8,3.375,30.615,1.232,0,0.284,1.283,0.139
GTX 780,Array3dAverage,THREE_D,96,4,4,8,3.375,29.066,1.23,0,0.441,1.24,0.144
GTX 780,Array3dAverage,THREE_D,96,4,4,16,3.375,29.071,1.231,0.001,0.433,1.278,0.139
GTX 780,Array3dAverage,THREE_D,96,4,4,32,3.375,29.3,1.235,0.001,0.437,1.279,0.138
GTX 780,Array3dAverage,THREE_D,96,4,8,1,3.375,30.55,1.236,0.001,0.56,1.284,0.14
GTX 780,Array3dAverage,THREE_D,96,4,8,2,3.375,29.108,1.234,0.001,0.435,1.281,0.14
GTX 780,Array3dAverage,THREE_D,96,4,8,4,3.375,29.183,1.233,0.001,0.432,1.282,0.145
GTX 780,Array3dAverage,THREE_D,96,4,8,8,3.375,29.104,1.231,0.001,0.432,1.289,0.139
GTX 780,Array3dAverage,THREE_D,96,4,8,16,3.375,29.068,1.235,0.001,0.438,1.28,0.14
GTX 780,Array3dAverage,THREE_D,96,4,8,32,3.375,29.183,1.233,0.001,0.449,1.289,0.14
GTX 780,Array3dAverage,THREE_D,96,4,16,1,3.375,29.103,1.25,0,0.423,1.282,0.143
GTX 780,Array3dAverage,THREE_D,96,4,16,2,3.375,29.106,1.235,0,0.431,1.281,0.142
GTX 780,Array3dAverage,THREE_D,96,4,16,4,3.375,29.188,1.239,0,0.437,1.283,0.14
GTX 780,Array3dAverage,THREE_D,96,4,16,8,3.375,29.066,1.232,0.001,0.442,1.282,0.142
GTX 780,Array3dAverage,THREE_D,96,4,16,16,3.375,29.069,1.235,0.001,0.458,1.285,0.139
GTX 780,Array3dAverage,THREE_D,96,4,32,1,3.375,29.144,1.247,0.001,0.435,1.321,0.145
GTX 780,Array3dAverage,THREE_D,96,4,32,2,3.375,29.103,1.227,0,0.434,1.288,0.144
GTX 780,Array3dAverage,THREE_D,96,4,32,4,3.375,29.107,1.231,0,0.438,1.279,0.14
GTX 780,Array3dAverage,THREE_D,96,4,32,8,3.375,29.188,1.233,0.001,0.452,1.352,0.139
GTX 780,Array3dAverage,THREE_D,96,8,1,1,3.375,30.582,1.23,0.001,1.284,1.275,0.141
GTX 780,Array3dAverage,THREE_D,96,8,1,2,3.375,29.15,1.263,0,0.786,1.281,0.14
GTX 780,Array3dAverage,THREE_D,96,8,1,4,3.375,29.106,1.235,0,0.486,1.296,0.14
GTX 780,Array3dAverage,THREE_D,96,8,1,8,3.375,29.141,1.235,0.001,0.315,1.285,0.139
GTX 780,Array3dAverage,THREE_D,96,8,1,16,3.375,29.11,1.234,0.001,0.285,1.281,0.139
GTX 780,Array3dAverage,THREE_D,96,8,1,32,3.375,29.141,1.228,0.001,0.285,1.281,0.139
GTX 780,Array3dAverage,THREE_D,96,8,8,8,3.375,30.56,1.238,0,0.285,1.304,0.14
GTX 780,Array3dAverage,THREE_D,96,8,2,1,3.375,29.53,1.236,0,0.766,1.308,0.144
GTX 780,Array3dAverage,THREE_D,96,8,2,2,3.375,29.138,1.238,0.001,0.483,1.356,0.141
GTX 780,Array3dAverage,THREE_D,96,8,2,4,3.375,29.481,1.233,0,0.319,1.534,0.141
GTX 780,Array3dAverage,THREE_D,96,8,2,8,3.375,29.187,1.232,0.001,0.284,1.28,0.153
GTX 780,Array3dAverage,THREE_D,96,8,2,16,3.375,29.1,1.234,0,0.285,1.286,0.143
GTX 780,Array3dAverage,THREE_D,96,8,2,32,3.375,29.068,1.232,0.001,0.287,1.289,0.139
GTX 780,Array3dAverage,THREE_D,96,8,4,1,3.375,30.725,1.235,0,0.481,1.324,0.139
GTX 780,Array3dAverage,THREE_D,96,8,4,2,3.375,29.106,1.238,0.001,0.316,1.281,0.141
GTX 780,Array3dAverage,THREE_D,96,8,4,4,3.375,29.107,1.237,0.001,0.286,1.282,0.143
GTX 780,Array3dAverage,THREE_D,96,8,4,8,3.375,29.194,1.243,0.001,0.285,1.323,0.14
GTX 780,Array3dAverage,THREE_D,96,8,4,16,3.375,29.07,1.234,0.001,0.285,1.305,0.145
GTX 780,Array3dAverage,THREE_D,96,8,4,32,3.375,29.081,1.236,0,0.292,1.284,0.138
GTX 780,Array3dAverage,THREE_D,96,8,8,1,3.375,29.22,1.233,0,0.311,1.289,0.139
GTX 780,Array3dAverage,THREE_D,96,8,8,2,3.375,29.098,1.238,0.001,0.286,1.317,0.141
GTX 780,Array3dAverage,THREE_D,96,8,8,4,3.375,29.113,1.228,0,0.291,1.283,0.141
GTX 780,Array3dAverage,THREE_D,96,8,8,8,3.375,29.112,1.236,0.001,0.285,1.317,0.14
GTX 780,Array3dAverage,THREE_D,96,8,8,16,3.375,29.104,1.237,0,0.291,1.281,0.14
GTX 780,Array3dAverage,THREE_D,96,8,16,1,3.375,29.068,1.235,0.001,0.285,1.287,0.14
GTX 780,Array3dAverage,THREE_D,96,8,16,2,3.375,29.105,1.251,0.001,0.284,1.277,0.139
GTX 780,Array3dAverage,THREE_D,96,8,16,4,3.375,29.184,1.23,0.001,0.285,1.284,0.143
GTX 780,Array3dAverage,THREE_D,96,8,16,8,3.375,29.104,1.231,0,0.292,1.321,0.144
GTX 780,Array3dAverage,THREE_D,96,8,32,1,3.375,29.144,1.233,0,0.284,1.291,0.14
GTX 780,Array3dAverage,THREE_D,96,8,32,2,3.375,29.252,1.234,0,0.288,1.282,0.14
GTX 780,Array3dAverage,THREE_D,96,8,32,4,3.375,29.14,1.231,0.001,0.291,1.28,0.139
GTX 780,Array3dAverage,THREE_D,96,16,1,1,3.375,30.661,1.256,0.001,0.704,1.283,0.14
GTX 780,Array3dAverage,THREE_D,96,16,1,2,3.375,29.106,1.235,0,0.456,1.281,0.145
GTX 780,Array3dAverage,THREE_D,96,16,1,4,3.375,29.109,1.237,0.001,0.299,1.286,0.139
GTX 780,Array3dAverage,THREE_D,96,16,1,8,3.375,29.145,1.236,0.001,0.214,1.281,0.138
GTX 780,Array3dAverage,THREE_D,96,16,1,16,3.375,29.105,1.233,0,0.217,1.279,0.139
GTX 780,Array3dAverage,THREE_D,96,16,1,32,3.375,29.072,1.232,0,0.229,1.284,0.139
GTX 780,Array3dAverage,THREE_D,96,16,2,1,3.375,30.613,1.234,0,0.441,1.293,0.144
GTX 780,Array3dAverage,THREE_D,96,16,2,2,3.375,29.189,1.234,0.001,0.287,1.285,0.141
GTX 780,Array3dAverage,THREE_D,96,16,2,4,3.375,29.416,1.231,0,0.218,1.284,0.14
GTX 780,Array3dAverage,THREE_D,96,16,2,8,3.375,29.184,1.232,0.001,0.219,1.282,0.139
GTX 780,Array3dAverage,THREE_D,96,16,2,16,3.375,29.066,1.242,0.001,0.231,1.278,0.141
GTX 780,Array3dAverage,THREE_D,96,16,2,32,3.375,29.065,1.232,0.001,0.246,1.287,0.139
GTX 780,Array3dAverage,THREE_D,96,16,4,1,3.375,29.22,1.232,0,0.283,1.286,0.14
GTX 780,Array3dAverage,THREE_D,96,16,4,2,3.375,29.144,1.237,0.001,0.211,1.28,0.139
GTX 780,Array3dAverage,THREE_D,96,16,4,4,3.375,29.112,1.236,0,0.216,1.288,0.138
GTX 780,Array3dAverage,THREE_D,96,16,4,8,3.375,29.146,1.236,0.001,0.222,1.284,0.138
GTX 780,Array3dAverage,THREE_D,96,16,4,16,3.375,29.105,1.24,0,0.237,1.287,0.138
GTX 780,Array3dAverage,THREE_D,96,16,8,1,3.375,29.106,1.237,0.001,0.209,1.28,0.138
GTX 780,Array3dAverage,THREE_D,96,16,8,2,3.375,29.111,1.234,0,0.213,1.277,0.138
GTX 780,Array3dAverage,THREE_D,96,16,8,4,3.375,29.14,1.236,0,0.221,1.282,0.138
GTX 780,Array3dAverage,THREE_D,96,16,8,8,3.375,29.107,1.25,0,0.24,1.283,0.139
GTX 780,Array3dAverage,THREE_D,96,16,16,1,3.375,29.111,1.238,0.001,0.214,1.281,0.139
GTX 780,Array3dAverage,THREE_D,96,16,16,2,3.375,29.145,1.233,0.001,0.22,1.285,0.138
GTX 780,Array3dAverage,THREE_D,96,16,16,4,3.375,29.068,1.236,0.001,0.235,1.282,0.139
GTX 780,Array3dAverage,THREE_D,96,16,32,1,3.375,29.107,1.24,0.001,0.222,1.283,0.139
GTX 780,Array3dAverage,THREE_D,96,16,32,2,3.375,29.187,1.234,0,0.234,1.282,0.139
GTX 780,Array3dAverage,THREE_D,96,32,1,1,3.375,30.565,1.234,0,0.413,1.288,0.138
GTX 780,Array3dAverage,THREE_D,96,32,1,2,3.375,29.108,1.23,0.001,0.273,1.278,0.139
GTX 780,Array3dAverage,THREE_D,96,32,1,4,3.375,29.253,1.231,0.001,0.203,1.283,0.138
GTX 780,Array3dAverage,THREE_D,96,32,1,8,3.375,29.144,1.232,0,0.206,1.285,0.138
GTX 780,Array3dAverage,THREE_D,96,32,1,16,3.375,29.106,1.233,0.001,0.212,1.282,0.138
GTX 780,Array3dAverage,THREE_D,96,32,1,32,3.375,29.14,1.226,0.001,0.225,1.278,0.139
GTX 780,Array3dAverage,THREE_D,96,32,2,1,3.375,29.105,1.232,0,0.269,1.28,0.139
GTX 780,Array3dAverage,THREE_D,96,32,2,2,3.375,29.15,1.233,0,0.202,1.285,0.138
GTX 780,Array3dAverage,THREE_D,96,32,2,4,3.375,29.14,1.229,0,0.209,1.28,0.138
GTX 780,Array3dAverage,THREE_D,96,32,2,8,3.375,29.08,1.232,0.001,0.212,1.283,0.14
GTX 780,Array3dAverage,THREE_D,96,32,2,16,3.375,29.334,1.239,0,0.238,1.342,0.138
GTX 780,Array3dAverage,THREE_D,96,32,4,1,3.375,29.312,1.243,0,0.201,1.285,0.139
GTX 780,Array3dAverage,THREE_D,96,32,4,2,3.375,29.313,1.297,0,0.205,1.284,0.139
GTX 780,Array3dAverage,THREE_D,96,32,4,4,3.375,29.728,1.234,0,0.212,1.291,0.139
GTX 780,Array3dAverage,THREE_D,96,32,4,8,3.375,29.265,1.229,0.001,0.224,1.284,0.139
GTX 780,Array3dAverage,THREE_D,96,32,8,1,3.375,29.067,1.232,0.001,0.204,1.285,0.14
GTX 780,Array3dAverage,THREE_D,96,32,8,2,3.375,29.068,1.233,0,0.211,1.284,0.138
GTX 780,Array3dAverage,THREE_D,96,32,8,4,3.375,29.262,1.234,0.001,0.224,1.287,0.139
GTX 780,Array3dAverage,THREE_D,96,32,16,1,3.375,29.104,1.241,0.001,0.22,1.286,0.149
GTX 780,Array3dAverage,THREE_D,96,32,16,2,3.375,29.106,1.233,0,0.226,1.284,0.145
GTX 780,Array3dAverage,THREE_D,96,32,32,1,3.375,29.143,1.232,0.001,0.224,1.289,0.144
GTX 780,Array3dAverage,THREE_D,96,1,1,8,3.375,29.236,1.291,0.001,1.859,1.28,0.143
GTX 780,Array3dAverage,THREE_D,96,1,1,16,3.375,29.673,1.287,0,1.415,1.287,0.139
GTX 780,Array3dAverage,THREE_D,96,1,1,32,3.375,29.142,1.251,0.001,1.318,1.281,0.143
GTX 780,Array3dAverage,THREE_D,96,8,8,8,3.375,30.559,1.242,0,0.285,1.286,0.146
GTX 780,Array3dAverage,THREE_D,96,8,8,8,3.375,29.077,1.249,0.001,0.285,1.287,0.144
GTX 780,Array3dAverage,THREE_D,96,8,8,8,3.375,29.18,1.247,0.001,0.284,1.285,0.139
GTX 780,Array3dAverage,THREE_D,96,8,8,8,3.375,29.106,1.238,0.001,0.284,1.288,0.139
GTX 780,Array3dAverage,THREE_D,96,1,2,8,3.375,29.181,1.249,0,1.415,1.238,0.139
GTX 780,Array3dAverage,THREE_D,96,1,2,16,3.375,29.106,1.244,0.003,1.317,1.277,0.143
GTX 780,Array3dAverage,THREE_D,96,1,2,32,3.375,29.069,1.243,0,1.3,1.284,0.14
GTX 780,Array3dAverage,THREE_D,96,8,8,8,3.375,30.615,1.256,0.001,0.289,1.285,0.143
GTX 780,Array3dAverage,THREE_D,96,8,8,8,3.375,29.106,1.244,0.001,0.284,1.286,0.14
GTX 780,Array3dAverage,THREE_D,96,8,8,8,3.375,29.068,1.241,0.001,0.284,1.285,0.138
GTX 780,Array3dAverage,THREE_D,96,1,4,8,3.375,29.26,1.247,0,1.319,1.236,0.145
GTX 780,Array3dAverage,THREE_D,96,1,4,16,3.375,29.102,1.243,0.001,1.297,1.278,0.154
GTX 780,Array3dAverage,THREE_D,96,1,4,32,3.375,29.148,1.252,0,1.3,1.283,0.14
GTX 780,Array3dAverage,THREE_D,96,8,8,8,3.375,30.611,1.247,0,0.286,1.277,0.146
GTX 780,Array3dAverage,THREE_D,96,8,8,8,3.375,29.113,1.246,0,0.285,1.281,0.144
GTX 780,Array3dAverage,THREE_D,96,1,8,1,3.375,29.148,1.246,0.001,1.862,1.29,0.14
GTX 780,Array3dAverage,THREE_D,96,1,8,2,3.375,29.107,1.251,0,1.415,1.275,0.139
GTX 780,Array3dAverage,THREE_D,96,1,8,4,3.375,29.07,1.249,0.001,1.317,1.287,0.144
GTX 780,Array3dAverage,THREE_D,96,1,8,8,3.375,29.105,1.245,0,1.298,1.294,0.143
GTX 780,Array3dAverage,THREE_D,96,1,8,16,3.375,29.188,1.239,0.001,1.297,1.353,0.14
GTX 780,Array3dAverage,THREE_D,96,1,8,32,3.375,29.069,1.242,0.001,1.309,1.441,0.14
GTX 780,Array3dAverage,THREE_D,96,8,8,8,3.375,30.605,1.248,0.001,0.285,1.284,0.144
GTX 780,Array3dAverage,THREE_D,96,1,16,1,3.375,29.106,1.245,0,1.404,1.278,0.139
GTX 780,Array3dAverage,THREE_D,96,1,16,2,3.375,29.069,1.253,0.001,1.317,1.282,0.14
GTX 780,Array3dAverage,THREE_D,96,1,16,4,3.375,29.216,1.25,0.001,1.297,1.279,0.141
GTX 780,Array3dAverage,THREE_D,96,1,16,8,3.375,29.105,1.247,0,1.297,1.282,0.14
GTX 780,Array3dAverage,THREE_D,96,1,16,16,3.375,29.071,1.258,0.001,1.632,1.287,0.14
GTX 780,Array3dAverage,THREE_D,96,1,16,32,3.375,29.142,1.238,0,1.312,1.285,0.144
GTX 780,Array3dAverage,THREE_D,96,1,32,1,3.375,30.553,1.241,0,1.318,1.28,0.146
GTX 780,Array3dAverage,THREE_D,96,1,32,2,3.375,29.066,1.244,0.001,1.297,1.28,0.145
GTX 780,Array3dAverage,THREE_D,96,1,32,4,3.375,29.142,1.244,0.001,1.297,1.286,0.14
GTX 780,Array3dAverage,THREE_D,96,1,32,8,3.375,29.066,1.244,0.001,1.309,1.277,0.139
GTX 780,Array3dAverage,THREE_D,96,1,32,16,3.375,29.111,1.237,0.001,1.317,1.287,0.139
GTX 780,Array3dAverage,THREE_D,96,1,32,32,3.375,29.14,1.247,0,1.333,1.298,0.14
GTX 780,Array3dAverage,THREE_D,96,2,1,8,3.375,29.291,1.247,0.001,0.996,1.253,0.139
GTX 780,Array3dAverage,THREE_D,96,2,1,16,3.375,29.105,1.244,0.001,0.778,1.279,0.14
GTX 780,Array3dAverage,THREE_D,96,2,1,32,3.375,29.11,1.253,0.001,0.716,1.289,0.139
GTX 780,Array3dAverage,THREE_D,96,8,8,8,3.375,30.604,1.249,0.001,0.285,1.28,0.139
GTX 780,Array3dAverage,THREE_D,96,8,8,8,3.375,29.106,1.243,0.001,0.284,1.287,0.14
GTX 780,Array3dAverage,THREE_D,96,8,8,8,3.375,29.111,1.251,0,0.284,1.318,0.145
GTX 780,Array3dAverage,THREE_D,96,2,2,8,3.375,29.316,1.285,0.001,0.779,1.273,0.14
GTX 780,Array3dAverage,THREE_D,96,2,2,16,3.375,29.678,1.244,0,0.716,1.28,0.14
GTX 780,Array3dAverage,THREE_D,96,2,2,32,3.375,29.144,1.257,0,0.719,1.279,0.141
GTX 780,Array3dAverage,THREE_D,96,8,8,8,3.375,30.5,1.249,0.001,0.285,1.273,0.14
GTX 780,Array3dAverage,THREE_D,96,8,8,8,3.375,29.07,1.24,0.001,0.285,1.285,0.139
GTX 780,Array3dAverage,THREE_D,96,2,4,8,3.375,29.139,1.257,0.001,0.717,1.238,0.14
GTX 780,Array3dAverage,THREE_D,96,2,4,16,3.375,29.104,1.246,0.001,0.721,1.276,0.144
GTX 780,Array3dAverage,THREE_D,96,2,4,32,3.375,29.067,1.252,0.001,0.723,1.278,0.139
GTX 780,Array3dAverage,THREE_D,96,8,8,8,3.375,30.581,1.244,0.001,0.284,1.284,0.145
GTX 780,Array3dAverage,THREE_D,96,2,8,1,3.375,29.067,1.245,0.001,0.998,1.278,0.14
GTX 780,Array3dAverage,THREE_D,96,2,8,2,3.375,29.18,1.248,0,0.775,1.28,0.14
GTX 780,Array3dAverage,THREE_D,96,2,8,4,3.375,29.105,1.241,0,0.715,1.281,0.142
GTX 780,Array3dAverage,THREE_D,96,2,8,8,3.375,29.065,1.25,0.001,0.717,1.278,0.138
GTX 780,Array3dAverage,THREE_D,96,2,8,16,3.375,29.103,1.252,0.001,0.723,1.309,0.139
GTX 780,Array3dAverage,THREE_D,96,2,8,32,3.375,29.107,1.246,0.001,0.725,1.278,0.139
GTX 780,Array3dAverage,THREE_D,96,2,16,1,3.375,30.573,1.241,0,0.774,1.286,0.14
GTX 780,Array3dAverage,THREE_D,96,2,16,2,3.375,29.252,1.245,0.001,0.716,1.282,0.147
GTX 780,Array3dAverage,THREE_D,96,2,16,4,3.375,29.143,1.243,0.001,0.718,1.277,0.139
GTX 780,Array3dAverage,THREE_D,96,2,16,8,3.375,29.11,1.248,0.001,0.727,1.275,0.144
GTX 780,Array3dAverage,THREE_D,96,2,16,16,3.375,29.177,1.252,0.001,0.726,1.284,0.139
GTX 780,Array3dAverage,THREE_D,96,2,16,32,3.375,29.101,1.247,0.001,0.763,1.284,0.138
GTX 780,Array3dAverage,THREE_D,96,2,32,1,3.375,29.068,1.241,0.001,0.716,1.281,0.154
GTX 780,Array3dAverage,THREE_D,96,2,32,2,3.375,29.169,1.253,0,0.717,1.281,0.139
GTX 780,Array3dAverage,THREE_D,96,2,32,4,3.375,29.108,1.245,0,0.723,1.286,0.143
GTX 780,Array3dAverage,THREE_D,96,2,32,8,3.375,29.065,1.242,0.001,0.725,1.287,0.141
GTX 780,Array3dAverage,THREE_D,96,2,32,16,3.375,29.108,1.277,0.001,0.745,1.279,0.139
GTX 780,Array3dAverage,THREE_D,96,4,1,8,3.375,29.109,1.251,0.001,0.559,1.24,0.145
GTX 780,Array3dAverage,THREE_D,96,4,1,16,3.375,29.256,1.245,0,0.427,1.278,0.14
GTX 780,Array3dAverage,THREE_D,96,4,1,32,3.375,29.067,1.244,0,0.432,1.278,0.138
GTX 780,Array3dAverage,THREE_D,96,8,8,8,3.375,30.578,1.266,0.001,0.302,1.277,0.143
GTX 780,Array3dAverage,THREE_D,96,8,8,8,3.375,29.142,1.245,0,0.284,1.281,0.144
GTX 780,Array3dAverage,THREE_D,96,4,2,8,3.375,29.072,1.266,0.001,0.43,1.242,0.14
GTX 780,Array3dAverage,THREE_D,96,4,2,16,3.375,29.142,1.249,0.001,0.43,1.277,0.151
GTX 780,Array3dAverage,THREE_D,96,4,2,32,3.375,29.104,1.248,0.001,0.433,1.287,0.139
GTX 780,Array3dAverage,THREE_D,96,8,8,8,3.375,30.505,1.249,0,0.289,1.277,0.139
GTX 780,Array3dAverage,THREE_D,96,4,4,8,3.375,29.295,1.249,0.001,0.43,1.239,0.139
GTX 780,Array3dAverage,THREE_D,96,4,4,16,3.375,29.102,1.25,0,0.433,1.284,0.139
GTX 780,Array3dAverage,THREE_D,96,4,4,32,3.375,29.145,1.255,0.001,0.436,1.286,0.139
GTX 780,Array3dAverage,THREE_D,96,4,8,1,3.375,30.569,1.243,0,0.56,1.276,0.139
GTX 780,Array3dAverage,THREE_D,96,4,8,2,3.375,29.109,1.245,0.001,0.425,1.274,0.139
GTX 780,Array3dAverage,THREE_D,96,4,8,4,3.375,29.114,1.249,0,0.431,1.299,0.149
GTX 780,Array3dAverage,THREE_D,96,4,8,8,3.375,29.16,1.244,0.001,0.433,1.281,0.139
GTX 780,Array3dAverage,THREE_D,96,4,8,16,3.375,29.121,1.255,0,0.438,1.312,0.139
GTX 780,Array3dAverage,THREE_D,96,4,8,32,3.375,29.607,1.252,0,0.45,1.298,0.158
GTX 780,Array3dAverage,THREE_D,96,4,16,1,3.375,29.194,1.247,0,0.424,1.288,0.139
GTX 780,Array3dAverage,THREE_D,96,4,16,2,3.375,29.505,1.258,0,0.434,1.287,0.138
GTX 780,Array3dAverage,THREE_D,96,4,16,4,3.375,29.473,1.247,0,0.432,1.273,0.14
GTX 780,Array3dAverage,THREE_D,96,4,16,8,3.375,29.184,1.247,0.001,0.438,1.273,0.14
GTX 780,Array3dAverage,THREE_D,96,4,16,16,3.375,29.068,1.244,0,0.45,1.289,0.139
GTX 780,Array3dAverage,THREE_D,96,4,32,1,3.375,29.065,1.251,0.001,0.432,1.28,0.139
GTX 780,Array3dAverage,THREE_D,96,4,32,2,3.375,29.258,1.25,0,0.433,1.279,0.138
GTX 780,Array3dAverage,THREE_D,96,4,32,4,3.375,29.069,1.249,0.001,0.437,1.28,0.144
GTX 780,Array3dAverage,THREE_D,96,4,32,8,3.375,29.108,1.252,0,0.448,1.277,0.14
GTX 780,Array3dAverage,THREE_D,96,8,1,1,3.375,30.578,1.251,0.001,1.283,1.279,0.14
GTX 780,Array3dAverage,THREE_D,96,8,1,2,3.375,29.073,1.243,0.001,0.785,1.277,0.14
GTX 780,Array3dAverage,THREE_D,96,8,1,4,3.375,29.141,1.246,0,0.488,1.28,0.139
GTX 780,Array3dAverage,THREE_D,96,8,1,8,3.375,29.107,1.251,0,0.315,1.293,0.139
GTX 780,Array3dAverage,THREE_D,96,8,1,16,3.375,29.106,1.253,0.001,0.285,1.288,0.139
GTX 780,Array3dAverage,THREE_D,96,8,1,32,3.375,29.143,1.248,0.001,0.29,1.277,0.149
GTX 780,Array3dAverage,THREE_D,96,8,8,8,3.375,30.539,1.251,0.001,0.284,1.28,0.138
GTX 780,Array3dAverage,THREE_D,96,8,2,1,3.375,29.067,1.238,0,0.765,1.29,0.139
GTX 780,Array3dAverage,THREE_D,96,8,2,2,3.375,29.171,1.264,0,0.483,1.286,0.14
GTX 780,Array3dAverage,THREE_D,96,8,2,4,3.375,29.067,1.246,0,0.314,1.286,0.138
GTX 780,Array3dAverage,THREE_D,96,8,2,8,3.375,29.109,1.245,0,0.284,1.278,0.139
GTX 780,Array3dAverage,THREE_D,96,8,2,16,3.375,29.255,1.243,0.001,0.283,1.267,0.139
GTX 780,Array3dAverage,THREE_D,96,8,2,32,3.375,29.143,1.242,0,0.296,1.286,0.14
GTX 780,Array3dAverage,THREE_D,96,8,4,1,3.375,30.563,1.25,0,0.476,1.286,0.139
GTX 780,Array3dAverage,THREE_D,96,8,4,2,3.375,29.219,1.248,0,0.312,1.28,0.141
GTX 780,Array3dAverage,THREE_D,96,8,4,4,3.375,29.105,1.247,0.001,0.284,1.273,0.138
GTX 780,Array3dAverage,THREE_D,96,8,4,8,3.375,29.111,1.242,0.001,0.285,1.281,0.14
GTX 780,Array3dAverage,THREE_D,96,8,4,16,3.375,29.212,1.255,0.001,0.285,1.274,0.139
GTX 780,Array3dAverage,THREE_D,96,8,4,32,3.375,29.074,1.246,0,0.292,1.278,0.139
GTX 780,Array3dAverage,THREE_D,96,8,8,1,3.375,29.068,1.242,0,0.31,1.282,0.138
GTX 780,Array3dAverage,THREE_D,96,8,8,2,3.375,29.144,1.254,0.001,0.285,1.275,0.221
GTX 780,Array3dAverage,THREE_D,96,8,8,4,3.375,29.172,1.256,0,0.286,1.286,0.145
GTX 780,Array3dAverage,THREE_D,96,8,8,8,3.375,29.396,1.241,0.001,0.284,1.277,0.14
GTX 780,Array3dAverage,THREE_D,96,8,8,16,3.375,29.143,1.25,0.001,0.295,1.273,0.14
GTX 780,Array3dAverage,THREE_D,96,8,16,1,3.375,29.109,1.243,0,0.289,1.282,0.14
GTX 780,Array3dAverage,THREE_D,96,8,16,2,3.375,29.106,1.248,0.001,0.283,1.28,0.138
GTX 780,Array3dAverage,THREE_D,96,8,16,4,3.375,29.212,1.253,0,0.284,1.283,0.144
GTX 780,Array3dAverage,THREE_D,96,8,16,8,3.375,29.105,1.245,0.001,0.291,1.275,0.139
GTX 780,Array3dAverage,THREE_D,96,8,32,1,3.375,29.07,1.239,0.001,0.283,1.302,0.163
GTX 780,Array3dAverage,THREE_D,96,8,32,2,3.375,29.123,1.27,0,0.285,1.284,0.142
GTX 780,Array3dAverage,THREE_D,96,8,32,4,3.375,29.143,1.24,0.001,0.29,1.289,0.141
GTX 780,Array3dAverage,THREE_D,96,16,1,1,3.375,30.526,1.25,0,0.704,1.276,0.141
GTX 780,Array3dAverage,THREE_D,96,16,1,2,3.375,29.182,1.24,0,0.451,1.277,0.14
GTX 780,Array3dAverage,THREE_D,96,16,1,4,3.375,29.068,1.243,0.001,0.289,1.28,0.14
GTX 780,Array3dAverage,THREE_D,96,16,1,8,3.375,29.109,1.24,0,0.214,1.286,0.14
GTX 780,Array3dAverage,THREE_D,96,16,1,16,3.375,29.182,1.246,0,0.217,1.281,0.14
GTX 780,Array3dAverage,THREE_D,96,16,1,32,3.375,29.068,1.24,0.001,0.224,1.292,0.139
GTX 780,Array3dAverage,THREE_D,96,16,2,1,3.375,30.538,1.244,0,0.441,1.281,0.138
GTX 780,Array3dAverage,THREE_D,96,16,2,2,3.375,29.181,1.249,0.001,0.287,1.295,0.139
GTX 780,Array3dAverage,THREE_D,96,16,2,4,3.375,29.063,1.253,0.001,0.213,1.277,0.138
GTX 780,Array3dAverage,THREE_D,96,16,2,8,3.375,29.108,1.255,0,0.216,1.282,0.139
GTX 780,Array3dAverage,THREE_D,96,16,2,16,3.375,29.314,1.238,0,0.224,1.286,0.144
GTX 780,Array3dAverage,THREE_D,96,16,2,32,3.375,29.102,1.246,0,0.237,1.274,0.144
GTX 780,Array3dAverage,THREE_D,96,16,4,1,3.375,29.111,1.25,0.001,0.282,1.284,0.139
GTX 780,Array3dAverage,THREE_D,96,16,4,2,3.375,29.29,1.244,0.001,0.211,1.285,0.138
GTX 780,Array3dAverage,THREE_D,96,16,4,4,3.375,29.105,1.247,0.001,0.215,1.287,0.137
GTX 780,Array3dAverage,THREE_D,96,16,4,8,3.375,29.108,1.245,0.001,0.222,1.286,0.138
GTX 780,Array3dAverage,THREE_D,96,16,4,16,3.375,29.143,1.248,0,0.236,1.283,0.137
GTX 780,Array3dAverage,THREE_D,96,16,8,1,3.375,29.121,1.242,0.001,0.211,1.284,0.139
GTX 780,Array3dAverage,THREE_D,96,16,8,2,3.375,29.335,1.246,0,0.218,1.297,0.156
GTX 780,Array3dAverage,THREE_D,96,16,8,4,3.375,29.304,1.251,0,0.225,1.279,0.144
GTX 780,Array3dAverage,THREE_D,96,16,8,8,3.375,29.375,1.267,0,0.254,1.284,0.138
GTX 780,Array3dAverage,THREE_D,96,16,16,1,3.375,29.662,1.248,0,0.214,1.29,0.14
GTX 780,Array3dAverage,THREE_D,96,16,16,2,3.375,29.138,1.255,0,0.221,1.282,0.142
GTX 780,Array3dAverage,THREE_D,96,16,16,4,3.375,29.105,1.251,0,0.234,1.284,0.138
GTX 780,Array3dAverage,THREE_D,96,16,32,1,3.375,29.106,1.247,0,0.222,1.288,0.139
GTX 780,Array3dAverage,THREE_D,96,16,32,2,3.375,29.11,1.247,0.001,0.25,1.296,0.139
GTX 780,Array3dAverage,THREE_D,96,32,1,1,3.375,30.546,1.254,0,0.414,1.293,0.14
GTX 780,Array3dAverage,THREE_D,96,32,1,2,3.375,29.113,1.247,0,0.273,1.282,0.14
GTX 780,Array3dAverage,THREE_D,96,32,1,4,3.375,29.144,1.25,0.001,0.206,1.274,0.141
GTX 780,Array3dAverage,THREE_D,96,32,1,8,3.375,29.142,1.247,0.001,0.205,1.282,0.139
GTX 780,Array3dAverage,THREE_D,96,32,1,16,3.375,29.068,1.247,0,0.213,1.293,0.139
GTX 780,Array3dAverage,THREE_D,96,32,1,32,3.375,29.192,1.247,0.001,0.225,1.276,0.139
GTX 780,Array3dAverage,THREE_D,96,32,2,1,3.375,29.105,1.248,0.001,0.267,1.284,0.139
GTX 780,Array3dAverage,THREE_D,96,32,2,2,3.375,29.068,1.247,0,0.202,1.281,0.14
GTX 780,Array3dAverage,THREE_D,96,32,2,4,3.375,29.145,1.242,0.001,0.205,1.305,0.14
GTX 780,Array3dAverage,THREE_D,96,32,2,8,3.375,29.107,1.243,0.001,0.212,1.287,0.144
GTX 780,Array3dAverage,THREE_D,96,32,2,16,3.375,29.063,1.246,0.001,0.224,1.278,0.139
GTX 780,Array3dAverage,THREE_D,96,32,4,1,3.375,29.07,1.245,0,0.201,1.282,0.154
GTX 780,Array3dAverage,THREE_D,96,32,4,2,3.375,29.164,1.244,0.001,0.204,1.275,0.139
GTX 780,Array3dAverage,THREE_D,96,32,4,4,3.375,29.067,1.255,0.001,0.211,1.277,0.138
GTX 780,Array3dAverage,THREE_D,96,32,4,8,3.375,29.108,1.248,0,0.224,1.286,0.139
GTX 780,Array3dAverage,THREE_D,96,32,8,1,3.375,29.216,1.25,0,0.203,1.318,0.139
GTX 780,Array3dAverage,THREE_D,96,32,8,2,3.375,29.066,1.246,0.001,0.21,1.278,0.139
GTX 780,Array3dAverage,THREE_D,96,32,8,4,3.375,29.111,1.243,0.001,0.224,1.281,0.139
GTX 780,Array3dAverage,THREE_D,96,32,16,1,3.375,29.216,1.239,0,0.216,1.281,0.139
GTX 780,Array3dAverage,THREE_D,96,32,16,2,3.375,29.105,1.243,0,0.228,1.293,0.139
GTX 780,Array3dAverage,THREE_D,96,32,32,1,3.375,29.101,1.252,0,0.229,1.279,0.138
GTX 780,Array3dAverage,THREE_D,96,1,1,8,3.375,29.106,1.223,0.001,1.858,1.241,0.141
GTX 780,Array3dAverage,THREE_D,96,1,1,16,3.375,29.083,1.233,0,1.414,1.319,0.146
GTX 780,Array3dAverage,THREE_D,96,1,1,32,3.375,29.537,1.27,0,1.328,1.279,0.14
GTX 780,Array3dAverage,THREE_D,96,8,8,8,3.375,30.6,1.229,0.001,0.285,1.349,0.141
GTX 780,Array3dAverage,THREE_D,96,8,8,8,3.375,29.564,1.229,0.001,0.285,1.545,0.14
GTX 780,Array3dAverage,THREE_D,96,8,8,8,3.375,29.145,1.373,0.001,0.286,1.31,0.141
GTX 780,Array3dAverage,THREE_D,96,8,8,8,3.375,29.143,1.227,0.001,0.285,1.279,0.139
GTX 780,Array3dAverage,THREE_D,96,1,2,8,3.375,29.109,1.226,0,1.415,1.237,0.139
GTX 780,Array3dAverage,THREE_D,96,1,2,16,3.375,29.141,1.223,0.001,1.322,1.279,0.139
GTX 780,Array3dAverage,THREE_D,96,1,2,32,3.375,29.107,1.227,0.001,1.298,1.279,0.14
GTX 780,Array3dAverage,THREE_D,96,8,8,8,3.375,30.56,1.228,0,0.286,1.28,0.139
GTX 780,Array3dAverage,THREE_D,96,8,8,8,3.375,29.104,1.23,0.001,0.284,1.278,0.139
GTX 780,Array3dAverage,THREE_D,96,8,8,8,3.375,29.072,1.26,0.001,0.286,1.279,0.139
GTX 780,Array3dAverage,THREE_D,96,1,4,8,3.375,29.143,1.223,0.001,1.317,1.237,0.139
GTX 780,Array3dAverage,THREE_D,96,1,4,16,3.375,29.068,1.224,0.001,1.297,1.286,0.139
GTX 780,Array3dAverage,THREE_D,96,1,4,32,3.375,29.106,1.228,0,1.299,1.277,0.145
GTX 780,Array3dAverage,THREE_D,96,8,8,8,3.375,30.67,1.221,0.001,0.284,1.276,0.139
GTX 780,Array3dAverage,THREE_D,96,8,8,8,3.375,29.107,1.23,0.001,0.283,1.279,0.139
GTX 780,Array3dAverage,THREE_D,96,1,8,1,3.375,29.192,1.237,0.001,1.862,1.278,0.139
GTX 780,Array3dAverage,THREE_D,96,1,8,2,3.375,29.141,1.225,0,1.414,1.28,0.14
GTX 780,Array3dAverage,THREE_D,96,1,8,4,3.375,29.068,1.223,0.001,1.321,1.281,0.14
GTX 780,Array3dAverage,THREE_D,96,1,8,8,3.375,29.109,1.236,0,1.297,1.28,0.139
GTX 780,Array3dAverage,THREE_D,96,1,8,16,3.375,29.142,1.23,0,1.299,1.279,0.14
GTX 780,Array3dAverage,THREE_D,96,1,8,32,3.375,29.072,1.227,0.001,1.31,1.278,0.139
GTX 780,Array3dAverage,THREE_D,96,8,8,8,3.375,30.575,1.266,0,0.29,1.277,0.139
GTX 780,Array3dAverage,THREE_D,96,1,16,1,3.375,29.104,1.227,0.001,1.41,1.274,0.14
GTX 780,Array3dAverage,THREE_D,96,1,16,2,3.375,29.172,1.232,0.001,1.317,1.295,0.14
GTX 780,Array3dAverage,THREE_D,96,1,16,4,3.375,29.381,1.236,0,1.301,1.283,0.141
GTX 780,Array3dAverage,THREE_D,96,1,16,8,3.375,29.15,1.227,0,1.301,1.279,0.139
GTX 780,Array3dAverage,THREE_D,96,1,16,16,3.375,29.069,1.233,0,1.306,1.313,0.139
GTX 780,Array3dAverage,THREE_D,96,1,16,32,3.375,29.115,1.231,0,1.321,1.295,0.141
GTX 780,Array3dAverage,THREE_D,96,1,32,1,3.375,30.471,1.224,0.001,1.317,1.281,0.139
GTX 780,Array3dAverage,THREE_D,96,1,32,2,3.375,29.109,1.225,0,1.297,1.281,0.139
GTX 780,Array3dAverage,THREE_D,96,1,32,4,3.375,29.109,1.224,0,1.3,1.291,0.14
GTX 780,Array3dAverage,THREE_D,96,1,32,8,3.375,29.069,1.227,0,1.307,1.276,0.141
GTX 780,Array3dAverage,THREE_D,96,1,32,16,3.375,29.143,1.264,0.001,1.316,1.272,0.139
GTX 780,Array3dAverage,THREE_D,96,1,32,32,3.375,29.108,1.228,0.001,1.322,1.309,0.14
GTX 780,Array3dAverage,THREE_D,96,2,1,8,3.375,29.146,1.224,0.001,0.996,1.239,0.145
GTX 780,Array3dAverage,THREE_D,96,2,1,16,3.375,29.067,1.225,0,0.779,1.274,0.14
GTX 780,Array3dAverage,THREE_D,96,2,1,32,3.375,29.107,1.226,0.001,0.721,1.28,0.145
GTX 780,Array3dAverage,THREE_D,96,8,8,8,3.375,30.647,1.228,0.001,0.288,1.28,0.139
GTX 780,Array3dAverage,THREE_D,96,8,8,8,3.375,29.104,1.224,0.001,0.289,1.274,0.14
GTX 780,Array3dAverage,THREE_D,96,8,8,8,3.375,29.146,1.267,0,0.285,1.279,0.139
GTX 780,Array3dAverage,THREE_D,96,2,2,8,3.375,29.14,1.223,0,0.779,1.236,0.138
GTX 780,Array3dAverage,THREE_D,96,2,2,16,3.375,29.083,1.228,0,0.716,1.325,0.146
GTX 780,Array3dAverage,THREE_D,96,2,2,32,3.375,29.457,1.235,0.001,0.721,1.3,0.145
GTX 780,Array3dAverage,THREE_D,96,8,8,8,3.375,30.617,1.225,0.001,0.285,1.318,0.155
GTX 780,Array3dAverage,THREE_D,96,8,8,8,3.375,29.611,1.244,0,0.286,1.505,0.155
GTX 780,Array3dAverage,THREE_D,96,2,4,8,3.375,29.143,1.23,0,0.717,1.233,0.144
GTX 780,Array3dAverage,THREE_D,96,2,4,16,3.375,29.068,1.222,0.001,0.717,1.276,0.14
GTX 780,Array3dAverage,THREE_D,96,2,4,32,3.375,29.109,1.224,0,0.722,1.28,0.144
GTX 780,Array3dAverage,THREE_D,96,8,8,8,3.375,30.593,1.224,0.001,0.284,1.278,0.141
GTX 780,Array3dAverage,THREE_D,96,2,8,1,3.375,29.105,1.229,0,0.999,1.284,0.139
GTX 780,Array3dAverage,THREE_D,96,2,8,2,3.375,29.149,1.226,0,0.774,1.274,0.139
GTX 780,Array3dAverage,THREE_D,96,2,8,4,3.375,29.142,1.238,0,0.715,1.278,0.139
GTX 780,Array3dAverage,THREE_D,96,2,8,8,3.375,29.068,1.233,0.001,0.718,1.283,0.139
GTX 780,Array3dAverage,THREE_D,96,2,8,16,3.375,29.114,1.236,0,0.725,1.283,0.14
GTX 780,Array3dAverage,THREE_D,96,2,8,32,3.375,29.141,1.223,0.001,0.726,1.273,0.14
GTX 780,Array3dAverage,THREE_D,96,2,16,1,3.375,30.516,1.244,0.001,0.778,1.281,0.14
GTX 780,Array3dAverage,THREE_D,96,2,16,2,3.375,29.112,1.232,0.001,0.723,1.298,0.143
GTX 780,Array3dAverage,THREE_D,96,2,16,4,3.375,29.121,1.225,0.001,0.718,1.279,0.14
GTX 780,Array3dAverage,THREE_D,96,2,16,8,3.375,29.067,1.226,0.001,0.727,1.273,0.142
GTX 780,Array3dAverage,THREE_D,96,2,16,16,3.375,29.163,1.224,0,0.73,1.277,0.144
GTX 780,Array3dAverage,THREE_D,96,2,16,32,3.375,29.14,1.236,0.001,0.742,1.281,0.139
GTX 780,Array3dAverage,THREE_D,96,2,32,1,3.375,29.106,1.231,0.001,0.716,1.278,0.139
GTX 780,Array3dAverage,THREE_D,96,2,32,2,3.375,29.19,1.224,0,0.718,1.287,0.139
GTX 780,Array3dAverage,THREE_D,96,2,32,4,3.375,29.142,1.226,0,0.722,1.279,0.139
GTX 780,Array3dAverage,THREE_D,96,2,32,8,3.375,29.07,1.228,0.001,0.726,1.284,0.139
GTX 780,Array3dAverage,THREE_D,96,2,32,16,3.375,29.111,1.226,0,0.744,1.278,0.139
GTX 780,Array3dAverage,THREE_D,96,4,1,8,3.375,29.377,1.233,0.001,0.56,1.239,0.14
GTX 780,Array3dAverage,THREE_D,96,4,1,16,3.375,29.153,1.245,0.001,0.444,1.281,0.145
GTX 780,Array3dAverage,THREE_D,96,4,1,32,3.375,29.068,1.228,0,0.432,1.28,0.139
GTX 780,Array3dAverage,THREE_D,96,8,8,8,3.375,30.601,1.23,0.001,0.288,1.288,0.14
GTX 780,Array3dAverage,THREE_D,96,8,8,8,3.375,29.14,1.235,0.001,0.285,1.278,0.139
GTX 780,Array3dAverage,THREE_D,96,4,2,8,3.375,29.108,1.228,0,0.426,1.24,0.139
GTX 780,Array3dAverage,THREE_D,96,4,2,16,3.375,29.148,1.231,0,0.431,1.277,0.146
GTX 780,Array3dAverage,THREE_D,96,4,2,32,3.375,29.143,1.228,0,0.437,1.284,0.139
GTX 780,Array3dAverage,THREE_D,96,8,8,8,3.375,30.559,1.234,0,0.285,1.283,0.138
GTX 780,Array3dAverage,THREE_D,96,4,4,8,3.375,29.122,1.246,0.001,0.435,1.237,0.14
GTX 780,Array3dAverage,THREE_D,96,4,4,16,3.375,29.068,1.231,0,0.433,1.275,0.139
GTX 780,Array3dAverage,THREE_D,96,4,4,32,3.375,29.107,1.23,0.001,0.437,1.287,0.144
GTX 780,Array3dAverage,THREE_D,96,4,8,1,3.375,30.592,1.226,0,0.561,1.278,0.139
GTX 780,Array3dAverage,THREE_D,96,4,8,2,3.375,29.105,1.235,0,0.425,1.284,0.139
GTX 780,Array3dAverage,THREE_D,96,4,8,4,3.375,29.148,1.223,0,0.432,1.279,0.139
GTX 780,Array3dAverage,THREE_D,96,4,8,8,3.375,29.189,1.226,0,0.434,1.277,0.139
GTX 780,Array3dAverage,THREE_D,96,4,8,16,3.375,29.067,1.229,0,0.439,1.275,0.139
GTX 780,Array3dAverage,THREE_D,96,4,8,32,3.375,29.109,1.23,0.001,0.455,1.277,0.139
GTX 780,Array3dAverage,THREE_D,96,4,16,1,3.375,33.936,1.242,0,0.433,1.284,0.148
GTX 780,Array3dAverage,THREE_D,96,4,16,2,3.375,29.074,1.23,0,0.434,1.28,0.148
GTX 780,Array3dAverage,THREE_D,96,4,16,4,3.375,29.28,1.247,0.001,0.434,1.291,0.162
GTX 780,Array3dAverage,THREE_D,96,4,16,8,3.375,29.415,1.23,0.001,0.439,1.28,0.142
GTX 780,Array3dAverage,THREE_D,96,4,16,16,3.375,29.2,1.241,0.001,0.456,1.284,0.141
GTX 780,Array3dAverage,THREE_D,96,4,32,1,3.375,29.713,1.226,0.001,0.434,1.279,0.148
GTX 780,Array3dAverage,THREE_D,96,4,32,2,3.375,29.149,1.252,0,0.435,1.279,0.14
GTX 780,Array3dAverage,THREE_D,96,4,32,4,3.375,29.062,1.227,0.001,0.438,1.281,0.14
GTX 780,Array3dAverage,THREE_D,96,4,32,8,3.375,29.145,1.223,0.001,0.45,1.277,0.139
GTX 780,Array3dAverage,THREE_D,96,8,1,1,3.375,30.565,1.226,0.001,1.284,1.286,0.142
GTX 780,Array3dAverage,THREE_D,96,8,1,2,3.375,29.103,1.221,0.001,0.785,1.278,0.14
GTX 780,Array3dAverage,THREE_D,96,8,1,4,3.375,29.104,1.222,0,0.487,1.287,0.146
GTX 780,Array3dAverage,THREE_D,96,8,1,8,3.375,29.1,1.221,0.001,0.315,1.28,0.144
GTX 780,Array3dAverage,THREE_D,96,8,1,16,3.375,29.143,1.213,0.001,0.287,1.285,0.139
GTX 780,Array3dAverage,THREE_D,96,8,1,32,3.375,29.124,1.24,0.001,0.287,1.278,0.139
GTX 780,Array3dAverage,THREE_D,96,8,8,8,3.375,30.533,1.218,0,0.286,1.281,0.14
GTX 780,Array3dAverage,THREE_D,96,8,2,1,3.375,29.1,1.221,0,0.77,1.277,0.147
GTX 780,Array3dAverage,THREE_D,96,8,2,2,3.375,29.106,1.222,0,0.483,1.315,0.14
GTX 780,Array3dAverage,THREE_D,96,8,2,4,3.375,29.066,1.22,0.001,0.315,1.279,0.139
GTX 780,Array3dAverage,THREE_D,96,8,2,8,3.375,29.152,1.22,0,0.285,1.28,0.139
GTX 780,Array3dAverage,THREE_D,96,8,2,16,3.375,29.102,1.223,0,0.285,1.276,0.141
GTX 780,Array3dAverage,THREE_D,96,8,2,32,3.375,29.099,1.223,0.001,0.285,1.277,0.139
GTX 780,Array3dAverage,THREE_D,96,8,4,1,3.375,30.543,1.217,0,0.477,1.276,0.143
GTX 780,Array3dAverage,THREE_D,96,8,4,2,3.375,29.141,1.219,0.001,0.312,1.276,0.144
GTX 780,Array3dAverage,THREE_D,96,8,4,4,3.375,29.103,1.225,0.001,0.285,1.284,0.139
GTX 780,Array3dAverage,THREE_D,96,8,4,8,3.375,29.143,1.225,0.001,0.285,1.28,0.138
GTX 780,Array3dAverage,THREE_D,96,8,4,16,3.375,29.147,1.223,0.001,0.285,1.285,0.157
GTX 780,Array3dAverage,THREE_D,96,8,4,32,3.375,29.081,1.219,0,0.292,1.275,0.138
GTX 780,Array3dAverage,THREE_D,96,8,8,1,3.375,29.103,1.221,0,0.31,1.276,0.139
GTX 780,Array3dAverage,THREE_D,96,8,8,2,3.375,29.106,1.217,0.001,0.286,1.277,0.139
GTX 780,Array3dAverage,THREE_D,96,8,8,4,3.375,29.1,1.219,0.001,0.284,1.281,0.138
GTX 780,Array3dAverage,THREE_D,96,8,8,8,3.375,29.107,1.224,0.001,0.284,1.279,0.138
GTX 780,Array3dAverage,THREE_D,96,8,8,16,3.375,29.103,1.257,0,0.293,1.277,0.138
GTX 780,Array3dAverage,THREE_D,96,8,16,1,3.375,29.101,1.253,0.001,0.292,1.276,0.14
GTX 780,Array3dAverage,THREE_D,96,8,16,2,3.375,29.187,1.224,0.001,0.285,1.281,0.139
GTX 780,Array3dAverage,THREE_D,96,8,16,4,3.375,29.407,1.228,0,0.284,1.279,0.144
GTX 780,Array3dAverage,THREE_D,96,8,16,8,3.375,29.262,1.223,0.001,0.292,1.282,0.139
GTX 780,Array3dAverage,THREE_D,96,8,32,1,3.375,29.068,1.222,0,0.284,1.317,0.139
GTX 780,Array3dAverage,THREE_D,96,8,32,2,3.375,29.156,1.22,0.001,0.286,1.279,0.139
GTX 780,Array3dAverage,THREE_D,96,8,32,4,3.375,29.132,1.229,0,0.291,1.278,0.139
GTX 780,Array3dAverage,THREE_D,96,16,1,1,3.375,30.583,1.229,0.001,0.704,1.281,0.14
GTX 780,Array3dAverage,THREE_D,96,16,1,2,3.375,29.108,1.257,0,0.452,1.275,0.14
GTX 780,Array3dAverage,THREE_D,96,16,1,4,3.375,29.065,1.215,0,0.29,1.323,0.14
GTX 780,Array3dAverage,THREE_D,96,16,1,8,3.375,29.142,1.219,0,0.219,1.279,0.139
GTX 780,Array3dAverage,THREE_D,96,16,1,16,3.375,29.106,1.22,0.001,0.216,1.27,0.138
GTX 780,Array3dAverage,THREE_D,96,16,1,32,3.375,29.101,1.218,0,0.225,1.275,0.138
GTX 780,Array3dAverage,THREE_D,96,16,2,1,3.375,30.592,1.219,0,0.441,1.283,0.139
GTX 780,Array3dAverage,THREE_D,96,16,2,2,3.375,29.294,1.224,0.001,0.288,1.285,0.139
GTX 780,Array3dAverage,THREE_D,96,16,2,4,3.375,29.322,1.212,0.001,0.213,1.282,0.139
GTX 780,Array3dAverage,THREE_D,96,16,2,8,3.375,29.149,1.219,0,0.216,1.271,0.139
GTX 780,Array3dAverage,THREE_D,96,16,2,16,3.375,29.11,1.259,0,0.224,1.276,0.139
GTX 780,Array3dAverage,THREE_D,96,16,2,32,3.375,29.071,1.218,0,0.237,1.285,0.138
GTX 780,Array3dAverage,THREE_D,96,16,4,1,3.375,29.106,1.227,0.001,0.284,1.311,0.139
GTX 780,Array3dAverage,THREE_D,96,16,4,2,3.375,29.289,1.254,0.001,0.217,1.277,0.14
GTX 780,Array3dAverage,THREE_D,96,16,4,4,3.375,29.288,1.217,0,0.216,1.278,0.139
GTX 780,Array3dAverage,THREE_D,96,16,4,8,3.375,29.112,1.262,0,0.223,1.28,0.138
GTX 780,Array3dAverage,THREE_D,96,16,4,16,3.375,29.152,1.229,0,0.236,1.283,0.138
GTX 780,Array3dAverage,THREE_D,96,16,8,1,3.375,29.1,1.228,0.001,0.211,1.277,0.141
GTX 780,Array3dAverage,THREE_D,96,16,8,2,3.375,29.107,1.223,0.001,0.214,1.275,0.139
GTX 780,Array3dAverage,THREE_D,96,16,8,4,3.375,29.071,1.217,0.001,0.225,1.297,0.155
GTX 780,Array3dAverage,THREE_D,96,16,8,8,3.375,29.101,1.225,0.001,0.24,1.276,0.139
GTX 780,Array3dAverage,THREE_D,96,16,16,1,3.375,29.122,1.211,0.001,0.218,1.282,0.139
GTX 780,Array3dAverage,THREE_D,96,16,16,2,3.375,29.443,1.219,0,0.223,1.31,0.14
GTX 780,Array3dAverage,THREE_D,96,16,16,4,3.375,29.192,1.223,0.001,0.236,1.28,0.145
GTX 780,Array3dAverage,THREE_D,96,16,32,1,3.375,29.473,1.248,0,0.223,1.278,0.156
GTX 780,Array3dAverage,THREE_D,96,16,32,2,3.375,29.539,1.226,0,0.234,1.28,0.143
GTX 780,Array3dAverage,THREE_D,96,32,1,1,3.375,30.567,1.222,0.001,0.413,1.28,0.14
GTX 780,Array3dAverage,THREE_D,96,32,1,2,3.375,29.105,1.221,0.001,0.275,1.278,0.141
GTX 780,Array3dAverage,THREE_D,96,32,1,4,3.375,29.112,1.223,0.001,0.205,1.318,0.14
GTX 780,Array3dAverage,THREE_D,96,32,1,8,3.375,29.102,1.213,0.001,0.207,1.28,0.143
GTX 780,Array3dAverage,THREE_D,96,32,1,16,3.375,29.103,1.211,0.001,0.213,1.286,0.14
GTX 780,Array3dAverage,THREE_D,96,32,1,32,3.375,29.066,1.224,0.001,0.23,1.278,0.139
GTX 780,Array3dAverage,THREE_D,96,32,2,1,3.375,29.14,1.225,0.001,0.267,1.28,0.138
GTX 780,Array3dAverage,THREE_D,96,32,2,2,3.375,29.103,1.214,0.001,0.202,1.285,0.139
GTX 780,Array3dAverage,THREE_D,96,32,2,4,3.375,29.153,1.221,0,0.206,1.279,0.14
GTX 780,Array3dAverage,THREE_D,96,32,2,8,3.375,29.135,1.227,0.001,0.212,1.289,0.139
GTX 780,Array3dAverage,THREE_D,96,32,2,16,3.375,29.065,1.225,0.001,0.224,1.283,0.137
GTX 780,Array3dAverage,THREE_D,96,32,4,1,3.375,29.103,1.222,0.001,0.2,1.279,0.139
GTX 780,Array3dAverage,THREE_D,96,32,4,2,3.375,29.145,1.216,0,0.204,1.282,0.138
GTX 780,Array3dAverage,THREE_D,96,32,4,4,3.375,29.062,1.224,0,0.211,1.276,0.144
GTX 780,Array3dAverage,THREE_D,96,32,4,8,3.375,29.143,1.221,0,0.224,1.282,0.144
GTX 780,Array3dAverage,THREE_D,96,32,8,1,3.375,29.138,1.224,0.001,0.203,1.28,0.144
GTX 780,Array3dAverage,THREE_D,96,32,8,2,3.375,29.066,1.221,0,0.211,1.275,0.144
GTX 780,Array3dAverage,THREE_D,96,32,8,4,3.375,29.104,1.218,0.001,0.226,1.28,0.144
GTX 780,Array3dAverage,THREE_D,96,32,16,1,3.375,29.104,1.22,0.001,0.213,1.311,0.146
GTX 780,Array3dAverage,THREE_D,96,32,16,2,3.375,29.099,1.218,0.001,0.226,1.283,0.141
GTX 780,Array3dAverage,THREE_D,96,32,32,1,3.375,29.148,1.213,0.001,0.226,1.275,0.14
