device/C,kernel/C,workDimension/C,nElements/F,xLocal/I,yLocal/I,zLocal/I,MB/F,init/F,memoryCopyOut/F,plan/F,execute/F,memoryCopyIn/F,cleanUp/F
GTX 780,SquareArray,ONE_D,6.29146e+06,1,1,1,24,141.353,8.114,0.001,18.709,12.043,0.217
GTX 780,SquareArray,ONE_D,6.29146e+06,2,1,1,24,137.117,8.071,0.001,9.435,7.854,0.181
GTX 780,SquareArray,ONE_D,6.29146e+06,4,1,1,24,135.815,8.009,0.001,4.772,7.852,0.178
GTX 780,SquareArray,ONE_D,6.29146e+06,8,1,1,24,135.991,8.075,0.001,2.424,7.906,0.176
GTX 780,SquareArray,ONE_D,6.29146e+06,16,1,1,24,135.619,8.067,0.001,1.282,7.821,0.176
GTX 780,SquareArray,ONE_D,6.29146e+06,32,1,1,24,135.781,8.045,0.002,0.731,7.814,0.175
GTX 780,SquareArray,ONE_D,6.29146e+06,64,1,1,24,135.775,8.003,0.001,0.468,7.831,0.173
GTX 780,SquareArray,ONE_D,6.29146e+06,128,1,1,24,136.226,8.018,0.002,0.379,7.919,0.175
GTX 780,SquareArray,ONE_D,6.29146e+06,256,1,1,24,135.891,7.987,0.002,0.385,7.822,0.175
GTX 780,SquareArray,ONE_D,6.29146e+06,512,1,1,24,135.847,7.988,0,0.383,7.823,0.175
GTX 780,SquareArray,ONE_D,6.29146e+06,1024,1,1,24,135.845,8.012,0.001,0.389,7.854,0.177
GTX 780,SquareArray,ONE_D,6.29146e+06,1,1,1,24,136.505,7.958,0.001,20.764,8.965,0.186
GTX 780,SquareArray,ONE_D,6.29146e+06,2,1,1,24,135.817,7.942,0.001,10.454,8.567,0.176
GTX 780,SquareArray,ONE_D,6.29146e+06,4,1,1,24,135.672,7.921,0.001,5.27,8.596,0.175
GTX 780,SquareArray,ONE_D,6.29146e+06,8,1,1,24,135.606,7.942,0.001,2.675,8.575,0.172
GTX 780,SquareArray,ONE_D,6.29146e+06,16,1,1,24,138.084,8.113,0.001,1.41,8.595,0.182
GTX 780,SquareArray,ONE_D,6.29146e+06,32,1,1,24,135.951,7.922,0.001,0.789,8.617,0.178
GTX 780,SquareArray,ONE_D,6.29146e+06,64,1,1,24,135.849,7.968,0.001,0.499,8.604,0.183
GTX 780,SquareArray,ONE_D,6.29146e+06,128,1,1,24,135.577,7.964,0.001,0.378,8.584,0.173
GTX 780,SquareArray,ONE_D,6.29146e+06,256,1,1,24,135.772,7.968,0,0.405,8.614,0.172
GTX 780,SquareArray,ONE_D,6.29146e+06,512,1,1,24,135.858,7.978,0.001,0.388,8.569,0.172
GTX 780,SquareArray,ONE_D,6.29146e+06,1024,1,1,24,136.058,7.938,0.001,0.401,8.611,0.181
GTX 780,SquareArray,ONE_D,6.29146e+06,1,1,1,24,141.523,8.006,0.002,18.698,11.626,0.199
GTX 780,SquareArray,ONE_D,6.29146e+06,2,1,1,24,136.139,7.945,0.001,9.44,7.786,0.171
GTX 780,SquareArray,ONE_D,6.29146e+06,4,1,1,24,135.677,7.863,0.001,4.773,7.708,0.176
GTX 780,SquareArray,ONE_D,6.29146e+06,8,1,1,24,135.766,7.96,0.001,2.418,7.785,0.172
GTX 780,SquareArray,ONE_D,6.29146e+06,16,1,1,24,135.597,7.877,0.001,1.275,7.711,0.172
GTX 780,SquareArray,ONE_D,6.29146e+06,32,1,1,24,136.185,7.947,0,0.735,7.787,0.169
GTX 780,SquareArray,ONE_D,6.29146e+06,64,1,1,24,136.156,7.955,0.001,0.481,8.115,0.187
GTX 780,SquareArray,ONE_D,6.29146e+06,128,1,1,24,145.971,8.15,0.002,0.385,7.748,0.198
GTX 780,SquareArray,ONE_D,6.29146e+06,256,1,1,24,135.715,7.911,0.001,0.373,7.787,0.172
GTX 780,SquareArray,ONE_D,6.29146e+06,512,1,1,24,136.68,8.067,0.001,0.387,7.72,0.181
GTX 780,SquareArray,ONE_D,6.29146e+06,1024,1,1,24,135.457,7.898,0.001,0.381,7.753,0.172
GTX 780,SquareArray,ONE_D,6.29146e+06,1,1,1,24,136.205,8.035,0.001,20.764,8.618,0.184
GTX 780,SquareArray,ONE_D,6.29146e+06,2,1,1,24,136.355,8.058,0,10.454,8.529,0.176
GTX 780,SquareArray,ONE_D,6.29146e+06,4,1,1,24,136.204,8.121,0.001,5.268,8.612,0.176
GTX 780,SquareArray,ONE_D,6.29146e+06,8,1,1,24,136.006,8.031,0.001,2.673,8.524,0.173
GTX 780,SquareArray,ONE_D,6.29146e+06,16,1,1,24,136.35,8.092,0.001,1.407,8.645,0.194
GTX 780,SquareArray,ONE_D,6.29146e+06,32,1,1,24,136.764,8.035,0,0.793,8.563,0.191
GTX 780,SquareArray,ONE_D,6.29146e+06,64,1,1,24,135.811,8.056,0.001,0.494,8.577,0.175
GTX 780,SquareArray,ONE_D,6.29146e+06,128,1,1,24,135.881,8.03,0.001,0.379,8.552,0.172
GTX 780,SquareArray,ONE_D,6.29146e+06,256,1,1,24,135.899,8.048,0.001,0.387,8.532,0.173
GTX 780,SquareArray,ONE_D,6.29146e+06,512,1,1,24,135.722,8.104,0.001,0.388,8.538,0.173
GTX 780,SquareArray,ONE_D,6.29146e+06,1024,1,1,24,135.683,8.034,0.001,0.389,8.55,0.174
GTX 780,SquareArray,ONE_D,6.29146e+06,1,1,1,24,141.542,7.978,0.001,18.74,12.326,0.202
GTX 780,SquareArray,ONE_D,6.29146e+06,2,1,1,24,135.869,7.983,0.002,9.455,8.693,0.181
GTX 780,SquareArray,ONE_D,6.29146e+06,4,1,1,24,136.75,7.897,0.002,4.78,8.515,0.181
GTX 780,SquareArray,ONE_D,6.29146e+06,8,1,1,24,135.783,7.861,0.001,2.42,8.496,0.174
GTX 780,SquareArray,ONE_D,6.29146e+06,16,1,1,24,135.616,7.86,0.001,1.278,8.493,0.169
GTX 780,SquareArray,ONE_D,6.29146e+06,32,1,1,24,135.695,7.917,0.001,0.731,8.55,0.19
GTX 780,SquareArray,ONE_D,6.29146e+06,64,1,1,24,135.668,7.896,0.002,0.473,8.491,0.176
GTX 780,SquareArray,ONE_D,6.29146e+06,128,1,1,24,135.747,7.854,0.001,0.372,8.491,0.171
GTX 780,SquareArray,ONE_D,6.29146e+06,256,1,1,24,135.638,7.85,0.001,0.381,8.499,0.173
GTX 780,SquareArray,ONE_D,6.29146e+06,512,1,1,24,135.956,7.964,0.001,0.382,8.505,0.171
GTX 780,SquareArray,ONE_D,6.29146e+06,1024,1,1,24,135.579,7.86,0.001,0.384,8.493,0.171
GTX 780,SquareArray,ONE_D,6.29146e+06,1,1,1,24,136.798,7.988,0.001,20.756,8.688,0.187
GTX 780,SquareArray,ONE_D,6.29146e+06,2,1,1,24,135.642,7.931,0.001,10.446,8.631,0.173
GTX 780,SquareArray,ONE_D,6.29146e+06,4,1,1,24,135.565,7.914,0.002,5.269,8.539,0.178
GTX 780,SquareArray,ONE_D,6.29146e+06,8,1,1,24,135.562,8.013,0.002,2.671,8.614,0.18
GTX 780,SquareArray,ONE_D,6.29146e+06,16,1,1,24,135.735,7.919,0.001,1.4,8.536,0.172
GTX 780,SquareArray,ONE_D,6.29146e+06,32,1,1,24,135.588,7.97,0.001,0.787,8.561,0.171
GTX 780,SquareArray,ONE_D,6.29146e+06,64,1,1,24,136.018,7.926,0.001,0.503,8.519,0.178
GTX 780,SquareArray,ONE_D,6.29146e+06,128,1,1,24,135.731,7.919,0.002,0.378,8.535,0.169
GTX 780,SquareArray,ONE_D,6.29146e+06,256,1,1,24,135.524,7.974,0.002,0.387,8.573,0.172
GTX 780,SquareArray,ONE_D,6.29146e+06,512,1,1,24,135.538,7.937,0.001,0.391,8.554,0.174
GTX 780,SquareArray,ONE_D,6.29146e+06,1024,1,1,24,135.697,7.909,0.002,0.389,8.583,0.172
GTX 780,SquareArray,ONE_D,6.29146e+06,1,1,1,24,141.924,8.036,0.001,18.705,12.423,0.199
GTX 780,SquareArray,ONE_D,6.29146e+06,2,1,1,24,136.812,8.095,0.002,9.433,8.643,0.18
GTX 780,SquareArray,ONE_D,6.29146e+06,4,1,1,24,136.412,7.919,0.001,4.764,8.525,0.176
GTX 780,SquareArray,ONE_D,6.29146e+06,8,1,1,24,135.786,7.915,0.001,2.416,8.555,0.174
GTX 780,SquareArray,ONE_D,6.29146e+06,16,1,1,24,135.765,7.912,0.001,1.276,8.588,0.174
GTX 780,SquareArray,ONE_D,6.29146e+06,32,1,1,24,135.635,7.958,0.001,0.728,8.554,0.172
GTX 780,SquareArray,ONE_D,6.29146e+06,64,1,1,24,135.867,7.95,0.001,0.464,8.616,0.175
GTX 780,SquareArray,ONE_D,6.29146e+06,128,1,1,24,135.773,7.932,0.001,0.373,8.58,0.173
GTX 780,SquareArray,ONE_D,6.29146e+06,256,1,1,24,136.145,7.963,0.002,0.377,8.544,0.176
GTX 780,SquareArray,ONE_D,6.29146e+06,512,1,1,24,135.764,7.913,0.001,0.382,8.621,0.172
GTX 780,SquareArray,ONE_D,6.29146e+06,1024,1,1,24,135.767,7.934,0,0.382,8.557,0.171
GTX 780,SquareArray,ONE_D,6.29146e+06,1,1,1,24,136.29,8.028,0.001,20.741,8.815,0.188
GTX 780,SquareArray,ONE_D,6.29146e+06,2,1,1,24,135.911,8.023,0.002,10.433,8.546,0.177
GTX 780,SquareArray,ONE_D,6.29146e+06,4,1,1,24,136.212,8.069,0.002,5.26,8.527,0.175
GTX 780,SquareArray,ONE_D,6.29146e+06,8,1,1,24,135.638,8.046,0.001,2.67,8.534,0.191
GTX 780,SquareArray,ONE_D,6.29146e+06,16,1,1,24,135.731,7.996,0.001,1.4,8.541,0.172
GTX 780,SquareArray,ONE_D,6.29146e+06,32,1,1,24,135.694,8.037,0.002,0.785,8.601,0.173
GTX 780,SquareArray,ONE_D,6.29146e+06,64,1,1,24,135.812,8.033,0.001,0.495,8.517,0.171
GTX 780,SquareArray,ONE_D,6.29146e+06,128,1,1,24,135.798,8.03,0.001,0.378,8.571,0.172
GTX 780,SquareArray,ONE_D,6.29146e+06,256,1,1,24,136.939,8.162,0.001,0.393,8.633,0.183
GTX 780,SquareArray,ONE_D,6.29146e+06,512,1,1,24,136.563,8.057,0.001,0.388,8.548,0.179
GTX 780,SquareArray,ONE_D,6.29146e+06,1024,1,1,24,135.746,8.01,0.001,0.39,8.539,0.174
GTX 780,SquareArray,ONE_D,6.29146e+06,1,1,1,24,141.731,8.078,0.001,18.679,12.513,0.211
GTX 780,SquareArray,ONE_D,6.29146e+06,2,1,1,24,136.129,8.027,0.001,9.428,8.694,0.218
GTX 780,SquareArray,ONE_D,6.29146e+06,4,1,1,24,137.123,8.005,0.001,4.774,8.548,0.183
GTX 780,SquareArray,ONE_D,6.29146e+06,8,1,1,24,135.844,7.992,0.001,2.425,8.581,0.181
GTX 780,SquareArray,ONE_D,6.29146e+06,16,1,1,24,135.82,7.975,0.001,1.284,8.551,0.177
GTX 780,SquareArray,ONE_D,6.29146e+06,32,1,1,24,135.84,8.029,0.001,0.729,8.556,0.179
GTX 780,SquareArray,ONE_D,6.29146e+06,64,1,1,24,135.776,8.011,0.001,0.47,8.582,0.175
GTX 780,SquareArray,ONE_D,6.29146e+06,128,1,1,24,135.861,7.973,0.001,0.376,8.591,0.176
GTX 780,SquareArray,ONE_D,6.29146e+06,256,1,1,24,135.904,7.968,0.001,0.381,8.586,0.173
GTX 780,SquareArray,ONE_D,6.29146e+06,512,1,1,24,136.042,7.97,0.001,0.386,8.545,0.174
GTX 780,SquareArray,ONE_D,6.29146e+06,1024,1,1,24,135.83,7.969,0.001,0.385,8.584,0.177
GTX 780,SquareArray,ONE_D,6.29146e+06,1,1,1,24,136.203,7.945,0.001,20.759,9.04,0.189
GTX 780,SquareArray,ONE_D,6.29146e+06,2,1,1,24,136.016,7.897,0.001,10.446,8.496,0.177
GTX 780,SquareArray,ONE_D,6.29146e+06,4,1,1,24,135.82,7.926,0.001,5.257,8.499,0.175
GTX 780,SquareArray,ONE_D,6.29146e+06,8,1,1,24,136.469,7.909,0.001,2.691,8.56,0.179
GTX 780,SquareArray,ONE_D,6.29146e+06,16,1,1,24,135.914,7.885,0.001,1.403,8.549,0.176
GTX 780,SquareArray,ONE_D,6.29146e+06,32,1,1,24,135.898,7.897,0,0.788,8.506,0.176
GTX 780,SquareArray,ONE_D,6.29146e+06,64,1,1,24,135.92,7.889,0,0.494,8.499,0.178
GTX 780,SquareArray,ONE_D,6.29146e+06,128,1,1,24,135.907,7.915,0.001,0.381,8.509,0.176
GTX 780,SquareArray,ONE_D,6.29146e+06,256,1,1,24,135.845,7.892,0.001,0.384,8.503,0.176
GTX 780,SquareArray,ONE_D,6.29146e+06,512,1,1,24,137.458,7.922,0.001,0.39,8.538,0.183
GTX 780,SquareArray,ONE_D,6.29146e+06,1024,1,1,24,135.984,7.88,0.001,0.39,8.486,0.174
