device/C,kernel/C,workDimension/C,N/F,P/F,M/F,xLocal/I,yLocal/I,zLocal/I,MB/F,init/F,memoryCopyOut/F,plan/F,execute/F,memoryCopyIn/F,cleanUp/F
Intel(R) Xeon(R) CPU E5-2695 v2 @ 2.40GHz,MatrixMultiplication,TWO_D,512,512,512,1,1,1,1,10.321,0.444,0.002,17.696,0.245,0.172
Intel(R) Xeon(R) CPU E5-2695 v2 @ 2.40GHz,MatrixMultiplication,TWO_D,512,512,512,1,2,1,1,10.018,0.699,0.002,16.737,0.249,0.162
Intel(R) Xeon(R) CPU E5-2695 v2 @ 2.40GHz,MatrixMultiplication,TWO_D,512,512,512,1,4,1,1,10.016,0.675,0.002,16.849,0.253,0.183
Intel(R) Xeon(R) CPU E5-2695 v2 @ 2.40GHz,MatrixMultiplication,TWO_D,512,512,512,1,8,1,1,10.009,0.685,0.001,16.759,0.265,0.183
Intel(R) Xeon(R) CPU E5-2695 v2 @ 2.40GHz,MatrixMultiplication,TWO_D,512,512,512,1,16,1,1,10.13,0.667,0.001,19.293,0.321,0.19
Intel(R) Xeon(R) CPU E5-2695 v2 @ 2.40GHz,MatrixMultiplication,TWO_D,512,512,512,1,32,1,1,10.154,0.683,0.002,17.196,0.264,0.205
Intel(R) Xeon(R) CPU E5-2695 v2 @ 2.40GHz,MatrixMultiplication,TWO_D,512,512,512,1,64,1,1,10.032,0.852,0.002,15.058,0.345,0.179
Intel(R) Xeon(R) CPU E5-2695 v2 @ 2.40GHz,MatrixMultiplication,TWO_D,512,512,512,1,128,1,1,10.026,0.795,0.001,16.379,0.329,0.186
Intel(R) Xeon(R) CPU E5-2695 v2 @ 2.40GHz,MatrixMultiplication,TWO_D,512,512,512,1,256,1,1,10.237,0.656,0.001,17.29,0.387,0.207
Intel(R) Xeon(R) CPU E5-2695 v2 @ 2.40GHz,MatrixMultiplication,TWO_D,512,512,512,1,512,1,1,10.014,0.833,0.002,17.418,0.253,0.193
Intel(R) Xeon(R) CPU E5-2695 v2 @ 2.40GHz,MatrixMultiplication,TWO_D,512,512,512,1,1024,1,1,10.144,0.66,0.002,-1,-1,-1
Intel(R) Xeon(R) CPU E5-2695 v2 @ 2.40GHz,MatrixMultiplication,TWO_D,512,512,512,2,1,1,1,10.418,0.429,0.002,18.297,0.237,0.193
Intel(R) Xeon(R) CPU E5-2695 v2 @ 2.40GHz,MatrixMultiplication,TWO_D,512,512,512,2,2,1,1,11.533,1.238,0.001,16.591,0.24,0.171
Intel(R) Xeon(R) CPU E5-2695 v2 @ 2.40GHz,MatrixMultiplication,TWO_D,512,512,512,2,4,1,1,10.382,0.757,0.002,16.876,0.239,0.174
Intel(R) Xeon(R) CPU E5-2695 v2 @ 2.40GHz,MatrixMultiplication,TWO_D,512,512,512,2,8,1,1,9.974,0.675,0.001,14.923,0.247,0.18
Intel(R) Xeon(R) CPU E5-2695 v2 @ 2.40GHz,MatrixMultiplication,TWO_D,512,512,512,2,16,1,1,9.995,0.678,0.004,16.053,0.234,0.222
Intel(R) Xeon(R) CPU E5-2695 v2 @ 2.40GHz,MatrixMultiplication,TWO_D,512,512,512,2,32,1,1,10.005,0.694,0.002,16.794,0.262,0.185
Intel(R) Xeon(R) CPU E5-2695 v2 @ 2.40GHz,MatrixMultiplication,TWO_D,512,512,512,2,64,1,1,10.011,0.688,0.002,18.692,0.28,0.176
Intel(R) Xeon(R) CPU E5-2695 v2 @ 2.40GHz,MatrixMultiplication,TWO_D,512,512,512,2,128,1,1,9.982,0.682,0.002,18.879,0.304,0.153
Intel(R) Xeon(R) CPU E5-2695 v2 @ 2.40GHz,MatrixMultiplication,TWO_D,512,512,512,2,256,1,1,9.97,0.684,0.002,19.171,0.298,0.155
Intel(R) Xeon(R) CPU E5-2695 v2 @ 2.40GHz,MatrixMultiplication,TWO_D,512,512,512,2,512,1,1,9.972,0.778,0.001,20.666,0.268,0.154
Intel(R) Xeon(R) CPU E5-2695 v2 @ 2.40GHz,MatrixMultiplication,TWO_D,512,512,512,4,1,1,1,12.127,0.663,0.003,16.351,0.228,0.186
Intel(R) Xeon(R) CPU E5-2695 v2 @ 2.40GHz,MatrixMultiplication,TWO_D,512,512,512,4,2,1,1,10,0.777,0.002,17.027,0.234,0.211
Intel(R) Xeon(R) CPU E5-2695 v2 @ 2.40GHz,MatrixMultiplication,TWO_D,512,512,512,4,4,1,1,10.198,0.683,0.001,19.136,0.231,0.177
Intel(R) Xeon(R) CPU E5-2695 v2 @ 2.40GHz,MatrixMultiplication,TWO_D,512,512,512,4,8,1,1,10.239,0.688,0.001,18.886,0.228,0.173
Intel(R) Xeon(R) CPU E5-2695 v2 @ 2.40GHz,MatrixMultiplication,TWO_D,512,512,512,4,16,1,1,10,0.697,0.001,18.885,0.228,0.179
Intel(R) Xeon(R) CPU E5-2695 v2 @ 2.40GHz,MatrixMultiplication,TWO_D,512,512,512,4,32,1,1,10.297,0.798,0.002,16.652,0.264,0.156
Intel(R) Xeon(R) CPU E5-2695 v2 @ 2.40GHz,MatrixMultiplication,TWO_D,512,512,512,4,64,1,1,10.007,0.676,0.002,15.144,0.295,0.143
Intel(R) Xeon(R) CPU E5-2695 v2 @ 2.40GHz,MatrixMultiplication,TWO_D,512,512,512,4,128,1,1,10.008,0.697,0.001,16.253,0.242,0.142
Intel(R) Xeon(R) CPU E5-2695 v2 @ 2.40GHz,MatrixMultiplication,TWO_D,512,512,512,4,256,1,1,10.036,0.697,0.002,17.609,0.249,0.173
Intel(R) Xeon(R) CPU E5-2695 v2 @ 2.40GHz,MatrixMultiplication,TWO_D,512,512,512,8,1,1,1,10.158,0.659,0.001,16.623,0.227,0.174
Intel(R) Xeon(R) CPU E5-2695 v2 @ 2.40GHz,MatrixMultiplication,TWO_D,512,512,512,8,2,1,1,10.114,0.681,0.002,14.783,0.233,0.153
Intel(R) Xeon(R) CPU E5-2695 v2 @ 2.40GHz,MatrixMultiplication,TWO_D,512,512,512,8,4,1,1,10.001,0.7,0.002,15.78,0.232,0.214
Intel(R) Xeon(R) CPU E5-2695 v2 @ 2.40GHz,MatrixMultiplication,TWO_D,512,512,512,8,8,1,1,9.999,0.691,0.001,16.276,0.254,0.172
Intel(R) Xeon(R) CPU E5-2695 v2 @ 2.40GHz,MatrixMultiplication,TWO_D,512,512,512,8,16,1,1,10.088,0.686,0.001,17.111,0.264,0.186
Intel(R) Xeon(R) CPU E5-2695 v2 @ 2.40GHz,MatrixMultiplication,TWO_D,512,512,512,8,32,1,1,9.992,0.698,0.001,15.345,0.287,0.168
Intel(R) Xeon(R) CPU E5-2695 v2 @ 2.40GHz,MatrixMultiplication,TWO_D,512,512,512,8,64,1,1,10.032,0.691,0.002,16.595,0.277,0.174
Intel(R) Xeon(R) CPU E5-2695 v2 @ 2.40GHz,MatrixMultiplication,TWO_D,512,512,512,8,128,1,1,10.009,0.845,0.002,17.31,0.235,0.156
Intel(R) Xeon(R) CPU E5-2695 v2 @ 2.40GHz,MatrixMultiplication,TWO_D,512,512,512,16,1,1,1,9.992,0.696,0.001,18.902,0.23,0.169
Intel(R) Xeon(R) CPU E5-2695 v2 @ 2.40GHz,MatrixMultiplication,TWO_D,512,512,512,16,2,1,1,9.996,0.774,0.002,18.844,0.226,0.187
Intel(R) Xeon(R) CPU E5-2695 v2 @ 2.40GHz,MatrixMultiplication,TWO_D,512,512,512,16,4,1,1,10.144,0.708,0.002,16.795,0.25,0.19
Intel(R) Xeon(R) CPU E5-2695 v2 @ 2.40GHz,MatrixMultiplication,TWO_D,512,512,512,16,8,1,1,9.994,0.673,0.002,14.783,0.289,0.135
Intel(R) Xeon(R) CPU E5-2695 v2 @ 2.40GHz,MatrixMultiplication,TWO_D,512,512,512,16,16,1,1,10.003,0.777,0.001,16.088,0.272,0.167
Intel(R) Xeon(R) CPU E5-2695 v2 @ 2.40GHz,MatrixMultiplication,TWO_D,512,512,512,16,32,1,1,10.338,0.678,0.001,16.925,0.242,0.19
Intel(R) Xeon(R) CPU E5-2695 v2 @ 2.40GHz,MatrixMultiplication,TWO_D,512,512,512,16,64,1,1,9.986,0.683,0.001,19.693,0.255,0.193
Intel(R) Xeon(R) CPU E5-2695 v2 @ 2.40GHz,MatrixMultiplication,TWO_D,512,512,512,32,1,1,1,9.947,0.721,0.001,18.485,0.231,0.183
Intel(R) Xeon(R) CPU E5-2695 v2 @ 2.40GHz,MatrixMultiplication,TWO_D,512,512,512,32,2,1,1,9.971,0.737,0.002,18.655,0.249,0.206
Intel(R) Xeon(R) CPU E5-2695 v2 @ 2.40GHz,MatrixMultiplication,TWO_D,512,512,512,32,4,1,1,10.012,0.743,0.001,18.928,0.284,0.158
Intel(R) Xeon(R) CPU E5-2695 v2 @ 2.40GHz,MatrixMultiplication,TWO_D,512,512,512,32,8,1,1,9.992,0.694,0.002,19.042,0.296,0.152
Intel(R) Xeon(R) CPU E5-2695 v2 @ 2.40GHz,MatrixMultiplication,TWO_D,512,512,512,32,16,1,1,9.994,0.722,0.001,19.508,0.298,0.151
Intel(R) Xeon(R) CPU E5-2695 v2 @ 2.40GHz,MatrixMultiplication,TWO_D,512,512,512,32,32,1,1,9.994,0.692,0.003,17.309,0.239,0.195
Intel(R) Xeon(R) CPU E5-2695 v2 @ 2.40GHz,MatrixMultiplication,TWO_D,512,512,512,64,1,1,1,10.037,0.661,0.001,18.141,0.25,0.191
Intel(R) Xeon(R) CPU E5-2695 v2 @ 2.40GHz,MatrixMultiplication,TWO_D,512,512,512,64,2,1,1,10.036,0.646,0.001,13.429,0.267,0.188
Intel(R) Xeon(R) CPU E5-2695 v2 @ 2.40GHz,MatrixMultiplication,TWO_D,512,512,512,64,4,1,1,9.995,0.644,0.001,15.347,0.295,0.15
Intel(R) Xeon(R) CPU E5-2695 v2 @ 2.40GHz,MatrixMultiplication,TWO_D,512,512,512,64,8,1,1,10.034,0.671,0.001,18.03,0.284,0.17
Intel(R) Xeon(R) CPU E5-2695 v2 @ 2.40GHz,MatrixMultiplication,TWO_D,512,512,512,64,16,1,1,10.006,0.64,0.002,17.644,0.269,0.15
Intel(R) Xeon(R) CPU E5-2695 v2 @ 2.40GHz,MatrixMultiplication,TWO_D,512,512,512,128,1,1,1,9.988,0.627,0.002,13.787,0.269,0.156
Intel(R) Xeon(R) CPU E5-2695 v2 @ 2.40GHz,MatrixMultiplication,TWO_D,512,512,512,128,2,1,1,10.039,0.607,0.002,15.704,0.277,0.19
Intel(R) Xeon(R) CPU E5-2695 v2 @ 2.40GHz,MatrixMultiplication,TWO_D,512,512,512,128,4,1,1,9.991,0.595,0.002,19.234,0.313,0.148
Intel(R) Xeon(R) CPU E5-2695 v2 @ 2.40GHz,MatrixMultiplication,TWO_D,512,512,512,128,8,1,1,9.993,0.604,0.002,19.584,0.271,0.148
Intel(R) Xeon(R) CPU E5-2695 v2 @ 2.40GHz,MatrixMultiplication,TWO_D,512,512,512,256,1,1,1,9.996,0.597,0,18.419,0.252,0.19
Intel(R) Xeon(R) CPU E5-2695 v2 @ 2.40GHz,MatrixMultiplication,TWO_D,512,512,512,256,2,1,1,9.995,0.641,0.002,19.918,0.225,0.165
Intel(R) Xeon(R) CPU E5-2695 v2 @ 2.40GHz,MatrixMultiplication,TWO_D,512,512,512,256,4,1,1,9.993,0.599,0.002,18.044,0.223,0.193
Intel(R) Xeon(R) CPU E5-2695 v2 @ 2.40GHz,MatrixMultiplication,TWO_D,512,512,512,512,1,1,1,9.987,0.589,0.002,17.001,0.252,0.171
Intel(R) Xeon(R) CPU E5-2695 v2 @ 2.40GHz,MatrixMultiplication,TWO_D,512,512,512,512,2,1,1,9.987,0.574,0.001,15.837,0.248,0.148
Intel(R) Xeon(R) CPU E5-2695 v2 @ 2.40GHz,MatrixMultiplication,TWO_D,512,512,512,1024,1,1,1,10.036,0.578,0.003,-1,-1,-1
Intel(R) Xeon(R) CPU E5-2695 v2 @ 2.40GHz,MatrixMultiplication,TWO_D,512,512,512,1,1,1,1,10.339,0.745,0.003,20.863,0.314,0.197
Intel(R) Xeon(R) CPU E5-2695 v2 @ 2.40GHz,MatrixMultiplication,TWO_D,512,512,512,1,2,1,1,9.909,0.641,0.002,18.841,0.246,0.177
Intel(R) Xeon(R) CPU E5-2695 v2 @ 2.40GHz,MatrixMultiplication,TWO_D,512,512,512,1,4,1,1,9.932,0.666,0.002,17.753,0.267,0.167
Intel(R) Xeon(R) CPU E5-2695 v2 @ 2.40GHz,MatrixMultiplication,TWO_D,512,512,512,1,8,1,1,9.95,0.643,0.002,19.288,0.266,0.197
Intel(R) Xeon(R) CPU E5-2695 v2 @ 2.40GHz,MatrixMultiplication,TWO_D,512,512,512,1,16,1,1,9.997,0.781,0.002,19.689,0.256,0.233
Intel(R) Xeon(R) CPU E5-2695 v2 @ 2.40GHz,MatrixMultiplication,TWO_D,512,512,512,1,32,1,1,9.934,0.663,0.002,17.665,0.271,0.194
Intel(R) Xeon(R) CPU E5-2695 v2 @ 2.40GHz,MatrixMultiplication,TWO_D,512,512,512,1,64,1,1,10.072,0.641,0.002,19.361,0.289,0.189
Intel(R) Xeon(R) CPU E5-2695 v2 @ 2.40GHz,MatrixMultiplication,TWO_D,512,512,512,1,128,1,1,9.923,0.658,0.001,17.783,0.306,0.162
Intel(R) Xeon(R) CPU E5-2695 v2 @ 2.40GHz,MatrixMultiplication,TWO_D,512,512,512,1,256,1,1,9.928,0.653,0.002,20.564,0.338,0.199
Intel(R) Xeon(R) CPU E5-2695 v2 @ 2.40GHz,MatrixMultiplication,TWO_D,512,512,512,1,512,1,1,9.965,0.653,0.001,18.062,0.285,0.17
Intel(R) Xeon(R) CPU E5-2695 v2 @ 2.40GHz,MatrixMultiplication,TWO_D,512,512,512,1,1024,1,1,9.923,0.657,0.003,-1,-1,-1
Intel(R) Xeon(R) CPU E5-2695 v2 @ 2.40GHz,MatrixMultiplication,TWO_D,512,512,512,2,1,1,1,9.877,0.624,0.001,18.847,0.233,0.186
Intel(R) Xeon(R) CPU E5-2695 v2 @ 2.40GHz,MatrixMultiplication,TWO_D,512,512,512,2,2,1,1,9.956,0.642,0.001,17.787,0.235,0.221
Intel(R) Xeon(R) CPU E5-2695 v2 @ 2.40GHz,MatrixMultiplication,TWO_D,512,512,512,2,4,1,1,10.007,0.684,0.001,18.963,0.252,0.203
Intel(R) Xeon(R) CPU E5-2695 v2 @ 2.40GHz,MatrixMultiplication,TWO_D,512,512,512,2,8,1,1,9.97,0.68,0.002,19.345,0.236,0.177
Intel(R) Xeon(R) CPU E5-2695 v2 @ 2.40GHz,MatrixMultiplication,TWO_D,512,512,512,2,16,1,1,9.928,0.679,0.001,19.498,0.251,0.191
Intel(R) Xeon(R) CPU E5-2695 v2 @ 2.40GHz,MatrixMultiplication,TWO_D,512,512,512,2,32,1,1,9.961,0.7,0.001,17.153,0.255,0.189
Intel(R) Xeon(R) CPU E5-2695 v2 @ 2.40GHz,MatrixMultiplication,TWO_D,512,512,512,2,64,1,1,9.934,0.689,0.001,17.801,0.285,0.175
Intel(R) Xeon(R) CPU E5-2695 v2 @ 2.40GHz,MatrixMultiplication,TWO_D,512,512,512,2,128,1,1,9.97,0.692,0.001,15.615,0.309,0.169
Intel(R) Xeon(R) CPU E5-2695 v2 @ 2.40GHz,MatrixMultiplication,TWO_D,512,512,512,2,256,1,1,9.972,0.703,0.001,17.043,0.262,0.159
Intel(R) Xeon(R) CPU E5-2695 v2 @ 2.40GHz,MatrixMultiplication,TWO_D,512,512,512,2,512,1,1,9.993,0.696,0.002,17.743,0.265,0.154
Intel(R) Xeon(R) CPU E5-2695 v2 @ 2.40GHz,MatrixMultiplication,TWO_D,512,512,512,4,1,1,1,9.985,0.663,0.002,17.609,0.23,0.17
Intel(R) Xeon(R) CPU E5-2695 v2 @ 2.40GHz,MatrixMultiplication,TWO_D,512,512,512,4,2,1,1,9.932,0.678,0.001,19.675,0.227,0.169
Intel(R) Xeon(R) CPU E5-2695 v2 @ 2.40GHz,MatrixMultiplication,TWO_D,512,512,512,4,4,1,1,9.949,0.708,0.001,17.104,0.231,0.176
Intel(R) Xeon(R) CPU E5-2695 v2 @ 2.40GHz,MatrixMultiplication,TWO_D,512,512,512,4,8,1,1,9.951,0.673,0.002,19.948,0.228,0.185
Intel(R) Xeon(R) CPU E5-2695 v2 @ 2.40GHz,MatrixMultiplication,TWO_D,512,512,512,4,16,1,1,10.004,0.838,0.001,19.525,0.243,0.204
Intel(R) Xeon(R) CPU E5-2695 v2 @ 2.40GHz,MatrixMultiplication,TWO_D,512,512,512,4,32,1,1,9.906,0.709,0.001,18.96,0.267,0.199
Intel(R) Xeon(R) CPU E5-2695 v2 @ 2.40GHz,MatrixMultiplication,TWO_D,512,512,512,4,64,1,1,9.96,0.699,0.001,17.122,0.273,0.205
Intel(R) Xeon(R) CPU E5-2695 v2 @ 2.40GHz,MatrixMultiplication,TWO_D,512,512,512,4,128,1,1,9.931,0.676,0.003,20.39,0.285,0.168
Intel(R) Xeon(R) CPU E5-2695 v2 @ 2.40GHz,MatrixMultiplication,TWO_D,512,512,512,4,256,1,1,9.923,0.694,0.002,17.982,0.24,0.149
Intel(R) Xeon(R) CPU E5-2695 v2 @ 2.40GHz,MatrixMultiplication,TWO_D,512,512,512,8,1,1,1,9.964,0.664,0.001,19.218,0.245,0.195
Intel(R) Xeon(R) CPU E5-2695 v2 @ 2.40GHz,MatrixMultiplication,TWO_D,512,512,512,8,2,1,1,9.931,0.677,0.002,19.36,0.227,0.185
Intel(R) Xeon(R) CPU E5-2695 v2 @ 2.40GHz,MatrixMultiplication,TWO_D,512,512,512,8,4,1,1,9.937,0.683,0.002,17.418,0.261,0.178
Intel(R) Xeon(R) CPU E5-2695 v2 @ 2.40GHz,MatrixMultiplication,TWO_D,512,512,512,8,8,1,1,9.93,0.675,0.001,17.605,0.226,0.188
Intel(R) Xeon(R) CPU E5-2695 v2 @ 2.40GHz,MatrixMultiplication,TWO_D,512,512,512,8,16,1,1,9.93,0.677,0.001,15.488,0.276,0.163
Intel(R) Xeon(R) CPU E5-2695 v2 @ 2.40GHz,MatrixMultiplication,TWO_D,512,512,512,8,32,1,1,9.937,0.691,0.002,16.81,0.296,0.156
Intel(R) Xeon(R) CPU E5-2695 v2 @ 2.40GHz,MatrixMultiplication,TWO_D,512,512,512,8,64,1,1,9.93,0.674,0.001,17.804,0.211,0.15
Intel(R) Xeon(R) CPU E5-2695 v2 @ 2.40GHz,MatrixMultiplication,TWO_D,512,512,512,8,128,1,1,9.955,0.683,0.001,18.031,0.239,0.174
Intel(R) Xeon(R) CPU E5-2695 v2 @ 2.40GHz,MatrixMultiplication,TWO_D,512,512,512,16,1,1,1,9.929,0.684,0.001,19.175,0.228,0.182
Intel(R) Xeon(R) CPU E5-2695 v2 @ 2.40GHz,MatrixMultiplication,TWO_D,512,512,512,16,2,1,1,9.93,0.687,0.001,19.239,0.263,0.186
Intel(R) Xeon(R) CPU E5-2695 v2 @ 2.40GHz,MatrixMultiplication,TWO_D,512,512,512,16,4,1,1,9.967,0.693,0.001,17.323,0.221,0.173
Intel(R) Xeon(R) CPU E5-2695 v2 @ 2.40GHz,MatrixMultiplication,TWO_D,512,512,512,16,8,1,1,9.994,0.69,0.001,17.645,0.28,0.136
Intel(R) Xeon(R) CPU E5-2695 v2 @ 2.40GHz,MatrixMultiplication,TWO_D,512,512,512,16,16,1,1,9.971,0.689,0.001,15.611,0.289,0.152
Intel(R) Xeon(R) CPU E5-2695 v2 @ 2.40GHz,MatrixMultiplication,TWO_D,512,512,512,16,32,1,1,9.951,0.678,0.001,17.095,0.286,0.15
Intel(R) Xeon(R) CPU E5-2695 v2 @ 2.40GHz,MatrixMultiplication,TWO_D,512,512,512,16,64,1,1,9.987,0.67,0.001,18.072,0.23,0.171
Intel(R) Xeon(R) CPU E5-2695 v2 @ 2.40GHz,MatrixMultiplication,TWO_D,512,512,512,32,1,1,1,9.923,0.685,0.001,16.981,0.224,0.176
Intel(R) Xeon(R) CPU E5-2695 v2 @ 2.40GHz,MatrixMultiplication,TWO_D,512,512,512,32,2,1,1,9.968,0.681,0.001,19.585,0.256,0.158
Intel(R) Xeon(R) CPU E5-2695 v2 @ 2.40GHz,MatrixMultiplication,TWO_D,512,512,512,32,4,1,1,9.946,0.686,0.001,19.444,0.336,0.161
Intel(R) Xeon(R) CPU E5-2695 v2 @ 2.40GHz,MatrixMultiplication,TWO_D,512,512,512,32,8,1,1,9.931,0.806,0.002,17.33,0.241,0.197
Intel(R) Xeon(R) CPU E5-2695 v2 @ 2.40GHz,MatrixMultiplication,TWO_D,512,512,512,32,16,1,1,9.972,0.767,0.001,20.661,0.223,0.203
Intel(R) Xeon(R) CPU E5-2695 v2 @ 2.40GHz,MatrixMultiplication,TWO_D,512,512,512,32,32,1,1,10.06,0.758,0.001,18.086,0.24,0.175
Intel(R) Xeon(R) CPU E5-2695 v2 @ 2.40GHz,MatrixMultiplication,TWO_D,512,512,512,64,1,1,1,10.152,0.736,0.001,15.999,0.224,0.222
Intel(R) Xeon(R) CPU E5-2695 v2 @ 2.40GHz,MatrixMultiplication,TWO_D,512,512,512,64,2,1,1,9.947,0.717,0.001,14.175,0.234,0.154
Intel(R) Xeon(R) CPU E5-2695 v2 @ 2.40GHz,MatrixMultiplication,TWO_D,512,512,512,64,4,1,1,10.293,0.621,0.001,16.037,0.461,0.152
Intel(R) Xeon(R) CPU E5-2695 v2 @ 2.40GHz,MatrixMultiplication,TWO_D,512,512,512,64,8,1,1,9.982,0.631,0.002,16.974,0.254,0.182
Intel(R) Xeon(R) CPU E5-2695 v2 @ 2.40GHz,MatrixMultiplication,TWO_D,512,512,512,64,16,1,1,9.943,0.633,0.001,15.969,0.233,0.147
Intel(R) Xeon(R) CPU E5-2695 v2 @ 2.40GHz,MatrixMultiplication,TWO_D,512,512,512,128,1,1,1,9.947,0.675,0.002,15.48,0.255,0.151
Intel(R) Xeon(R) CPU E5-2695 v2 @ 2.40GHz,MatrixMultiplication,TWO_D,512,512,512,128,2,1,1,9.935,0.606,0.001,16.101,0.294,0.171
Intel(R) Xeon(R) CPU E5-2695 v2 @ 2.40GHz,MatrixMultiplication,TWO_D,512,512,512,128,4,1,1,9.953,0.589,0.002,19.473,0.287,0.159
Intel(R) Xeon(R) CPU E5-2695 v2 @ 2.40GHz,MatrixMultiplication,TWO_D,512,512,512,128,8,1,1,9.94,0.6,0.001,20.349,0.261,0.155
Intel(R) Xeon(R) CPU E5-2695 v2 @ 2.40GHz,MatrixMultiplication,TWO_D,512,512,512,256,1,1,1,9.927,0.599,0.002,16.095,0.268,0.183
Intel(R) Xeon(R) CPU E5-2695 v2 @ 2.40GHz,MatrixMultiplication,TWO_D,512,512,512,256,2,1,1,9.948,0.588,0.001,15.3,0.219,0.188
Intel(R) Xeon(R) CPU E5-2695 v2 @ 2.40GHz,MatrixMultiplication,TWO_D,512,512,512,256,4,1,1,10.014,0.594,0.002,16.016,0.285,0.151
Intel(R) Xeon(R) CPU E5-2695 v2 @ 2.40GHz,MatrixMultiplication,TWO_D,512,512,512,512,1,1,1,9.898,0.58,0.002,18.104,0.284,0.169
Intel(R) Xeon(R) CPU E5-2695 v2 @ 2.40GHz,MatrixMultiplication,TWO_D,512,512,512,512,2,1,1,9.945,0.591,0.001,17.293,0.262,0.141
Intel(R) Xeon(R) CPU E5-2695 v2 @ 2.40GHz,MatrixMultiplication,TWO_D,512,512,512,1024,1,1,1,9.926,0.59,0.002,-1,-1,-1
Intel(R) Xeon(R) CPU E5-2695 v2 @ 2.40GHz,MatrixMultiplication,TWO_D,512,512,512,1,1,1,1,10.263,1.056,0.003,19.48,0.314,0.195
Intel(R) Xeon(R) CPU E5-2695 v2 @ 2.40GHz,MatrixMultiplication,TWO_D,512,512,512,1,2,1,1,10.299,1.11,0.001,17.87,0.342,0.206
Intel(R) Xeon(R) CPU E5-2695 v2 @ 2.40GHz,MatrixMultiplication,TWO_D,512,512,512,1,4,1,1,9.931,0.964,0.001,19.571,0.347,0.166
Intel(R) Xeon(R) CPU E5-2695 v2 @ 2.40GHz,MatrixMultiplication,TWO_D,512,512,512,1,8,1,1,10.241,1.261,0.002,16.625,0.41,0.179
Intel(R) Xeon(R) CPU E5-2695 v2 @ 2.40GHz,MatrixMultiplication,TWO_D,512,512,512,1,16,1,1,9.959,1.18,0.001,17.079,0.416,0.153
Intel(R) Xeon(R) CPU E5-2695 v2 @ 2.40GHz,MatrixMultiplication,TWO_D,512,512,512,1,32,1,1,9.937,1.18,0.002,14.937,0.421,0.165
Intel(R) Xeon(R) CPU E5-2695 v2 @ 2.40GHz,MatrixMultiplication,TWO_D,512,512,512,1,64,1,1,9.895,1.045,0.002,15.974,0.431,0.174
Intel(R) Xeon(R) CPU E5-2695 v2 @ 2.40GHz,MatrixMultiplication,TWO_D,512,512,512,1,128,1,1,9.93,1.216,0.002,16.697,0.455,0.171
Intel(R) Xeon(R) CPU E5-2695 v2 @ 2.40GHz,MatrixMultiplication,TWO_D,512,512,512,1,256,1,1,9.946,1.121,0.001,17.257,0.43,0.207
Intel(R) Xeon(R) CPU E5-2695 v2 @ 2.40GHz,MatrixMultiplication,TWO_D,512,512,512,1,512,1,1,9.934,1.122,0.002,19.804,0.429,0.161
Intel(R) Xeon(R) CPU E5-2695 v2 @ 2.40GHz,MatrixMultiplication,TWO_D,512,512,512,1,1024,1,1,9.927,1.038,0.001,-1,-1,-1
Intel(R) Xeon(R) CPU E5-2695 v2 @ 2.40GHz,MatrixMultiplication,TWO_D,512,512,512,2,1,1,1,9.906,0.65,0.001,17.52,0.323,0.211
Intel(R) Xeon(R) CPU E5-2695 v2 @ 2.40GHz,MatrixMultiplication,TWO_D,512,512,512,2,2,1,1,9.943,0.962,0.001,16.777,0.348,0.164
Intel(R) Xeon(R) CPU E5-2695 v2 @ 2.40GHz,MatrixMultiplication,TWO_D,512,512,512,2,4,1,1,9.932,0.957,0.001,19.116,0.323,0.166
Intel(R) Xeon(R) CPU E5-2695 v2 @ 2.40GHz,MatrixMultiplication,TWO_D,512,512,512,2,8,1,1,9.924,1.118,0.002,18.414,0.329,0.17
Intel(R) Xeon(R) CPU E5-2695 v2 @ 2.40GHz,MatrixMultiplication,TWO_D,512,512,512,2,16,1,1,9.924,1.13,0.003,18.692,0.336,0.158
Intel(R) Xeon(R) CPU E5-2695 v2 @ 2.40GHz,MatrixMultiplication,TWO_D,512,512,512,2,32,1,1,9.966,0.991,0.001,16.652,0.361,0.17
Intel(R) Xeon(R) CPU E5-2695 v2 @ 2.40GHz,MatrixMultiplication,TWO_D,512,512,512,2,64,1,1,9.932,0.969,0.001,15.016,0.376,0.158
Intel(R) Xeon(R) CPU E5-2695 v2 @ 2.40GHz,MatrixMultiplication,TWO_D,512,512,512,2,128,1,1,9.931,1.192,0.003,15.843,0.398,0.155
Intel(R) Xeon(R) CPU E5-2695 v2 @ 2.40GHz,MatrixMultiplication,TWO_D,512,512,512,2,256,1,1,9.948,0.984,0.002,17.119,0.387,0.195
Intel(R) Xeon(R) CPU E5-2695 v2 @ 2.40GHz,MatrixMultiplication,TWO_D,512,512,512,2,512,1,1,9.935,1.118,0.002,17.178,0.352,0.161
Intel(R) Xeon(R) CPU E5-2695 v2 @ 2.40GHz,MatrixMultiplication,TWO_D,512,512,512,4,1,1,1,9.922,1.141,0.003,19.289,0.33,0.192
Intel(R) Xeon(R) CPU E5-2695 v2 @ 2.40GHz,MatrixMultiplication,TWO_D,512,512,512,4,2,1,1,9.944,0.987,0.002,16.642,0.314,0.156
Intel(R) Xeon(R) CPU E5-2695 v2 @ 2.40GHz,MatrixMultiplication,TWO_D,512,512,512,4,4,1,1,9.931,0.965,0.001,17.369,0.31,0.157
Intel(R) Xeon(R) CPU E5-2695 v2 @ 2.40GHz,MatrixMultiplication,TWO_D,512,512,512,4,8,1,1,9.93,0.963,0.002,14.888,0.326,0.16
Intel(R) Xeon(R) CPU E5-2695 v2 @ 2.40GHz,MatrixMultiplication,TWO_D,512,512,512,4,16,1,1,9.926,0.986,0.002,16.058,0.351,0.156
Intel(R) Xeon(R) CPU E5-2695 v2 @ 2.40GHz,MatrixMultiplication,TWO_D,512,512,512,4,32,1,1,9.926,1.171,0.003,16.957,0.339,0.163
Intel(R) Xeon(R) CPU E5-2695 v2 @ 2.40GHz,MatrixMultiplication,TWO_D,512,512,512,4,64,1,1,9.931,1.103,0.003,19.275,0.352,0.165
Intel(R) Xeon(R) CPU E5-2695 v2 @ 2.40GHz,MatrixMultiplication,TWO_D,512,512,512,4,128,1,1,9.925,0.993,0.002,17.047,0.336,0.16
Intel(R) Xeon(R) CPU E5-2695 v2 @ 2.40GHz,MatrixMultiplication,TWO_D,512,512,512,4,256,1,1,9.971,0.982,0.002,18.507,0.324,0.201
Intel(R) Xeon(R) CPU E5-2695 v2 @ 2.40GHz,MatrixMultiplication,TWO_D,512,512,512,8,1,1,1,9.962,0.953,0.002,17.259,0.321,0.178
Intel(R) Xeon(R) CPU E5-2695 v2 @ 2.40GHz,MatrixMultiplication,TWO_D,512,512,512,8,2,1,1,9.962,1.108,0.003,14.895,0.338,0.153
Intel(R) Xeon(R) CPU E5-2695 v2 @ 2.40GHz,MatrixMultiplication,TWO_D,512,512,512,8,4,1,1,9.979,0.971,0.002,15.807,0.326,0.205
Intel(R) Xeon(R) CPU E5-2695 v2 @ 2.40GHz,MatrixMultiplication,TWO_D,512,512,512,8,8,1,1,9.973,0.732,0.001,14.618,0.339,0.19
Intel(R) Xeon(R) CPU E5-2695 v2 @ 2.40GHz,MatrixMultiplication,TWO_D,512,512,512,8,16,1,1,9.951,0.991,0.001,15.091,0.362,0.156
Intel(R) Xeon(R) CPU E5-2695 v2 @ 2.40GHz,MatrixMultiplication,TWO_D,512,512,512,8,32,1,1,9.962,1.132,0.004,16.056,0.354,0.168
Intel(R) Xeon(R) CPU E5-2695 v2 @ 2.40GHz,MatrixMultiplication,TWO_D,512,512,512,8,64,1,1,10.178,1.153,0.003,16.69,0.371,0.155
Intel(R) Xeon(R) CPU E5-2695 v2 @ 2.40GHz,MatrixMultiplication,TWO_D,512,512,512,8,128,1,1,9.971,0.967,0.002,17.563,0.3,0.135
Intel(R) Xeon(R) CPU E5-2695 v2 @ 2.40GHz,MatrixMultiplication,TWO_D,512,512,512,16,1,1,1,9.972,1.186,0.002,17.125,0.331,0.155
Intel(R) Xeon(R) CPU E5-2695 v2 @ 2.40GHz,MatrixMultiplication,TWO_D,512,512,512,16,2,1,1,10.356,0.986,0.001,14.826,0.315,0.191
Intel(R) Xeon(R) CPU E5-2695 v2 @ 2.40GHz,MatrixMultiplication,TWO_D,512,512,512,16,4,1,1,9.953,1.013,0.001,15.707,0.349,0.154
Intel(R) Xeon(R) CPU E5-2695 v2 @ 2.40GHz,MatrixMultiplication,TWO_D,512,512,512,16,8,1,1,9.959,1.157,0.003,16.642,0.388,0.192
Intel(R) Xeon(R) CPU E5-2695 v2 @ 2.40GHz,MatrixMultiplication,TWO_D,512,512,512,16,16,1,1,9.979,1.088,0.002,16.775,0.365,0.152
Intel(R) Xeon(R) CPU E5-2695 v2 @ 2.40GHz,MatrixMultiplication,TWO_D,512,512,512,16,32,1,1,9.961,0.904,0.002,17.683,0.373,0.155
Intel(R) Xeon(R) CPU E5-2695 v2 @ 2.40GHz,MatrixMultiplication,TWO_D,512,512,512,16,64,1,1,9.956,0.961,0.001,16.308,0.382,0.134
Intel(R) Xeon(R) CPU E5-2695 v2 @ 2.40GHz,MatrixMultiplication,TWO_D,512,512,512,32,1,1,1,9.963,0.976,0.001,15.912,0.303,0.192
Intel(R) Xeon(R) CPU E5-2695 v2 @ 2.40GHz,MatrixMultiplication,TWO_D,512,512,512,32,2,1,1,9.957,0.963,0.002,16.266,0.354,0.152
Intel(R) Xeon(R) CPU E5-2695 v2 @ 2.40GHz,MatrixMultiplication,TWO_D,512,512,512,32,4,1,1,9.957,0.958,0.002,16.708,0.36,0.162
Intel(R) Xeon(R) CPU E5-2695 v2 @ 2.40GHz,MatrixMultiplication,TWO_D,512,512,512,32,8,1,1,9.974,0.953,0.001,17.498,0.346,0.143
Intel(R) Xeon(R) CPU E5-2695 v2 @ 2.40GHz,MatrixMultiplication,TWO_D,512,512,512,32,16,1,1,9.961,0.961,0.001,15.146,0.366,0.187
Intel(R) Xeon(R) CPU E5-2695 v2 @ 2.40GHz,MatrixMultiplication,TWO_D,512,512,512,32,32,1,1,9.959,1.192,0.003,16.591,0.378,0.198
Intel(R) Xeon(R) CPU E5-2695 v2 @ 2.40GHz,MatrixMultiplication,TWO_D,512,512,512,64,1,1,1,9.957,0.962,0.001,14.746,0.355,0.166
Intel(R) Xeon(R) CPU E5-2695 v2 @ 2.40GHz,MatrixMultiplication,TWO_D,512,512,512,64,2,1,1,9.991,0.893,0.002,16.153,0.346,0.132
Intel(R) Xeon(R) CPU E5-2695 v2 @ 2.40GHz,MatrixMultiplication,TWO_D,512,512,512,64,4,1,1,9.963,1.096,0.003,14.218,0.386,0.189
Intel(R) Xeon(R) CPU E5-2695 v2 @ 2.40GHz,MatrixMultiplication,TWO_D,512,512,512,64,8,1,1,9.959,1,0.002,15.366,0.388,0.158
Intel(R) Xeon(R) CPU E5-2695 v2 @ 2.40GHz,MatrixMultiplication,TWO_D,512,512,512,64,16,1,1,9.958,1.029,0.003,17.437,0.372,0.156
Intel(R) Xeon(R) CPU E5-2695 v2 @ 2.40GHz,MatrixMultiplication,TWO_D,512,512,512,128,1,1,1,9.934,0.887,0.002,13.636,0.358,0.153
Intel(R) Xeon(R) CPU E5-2695 v2 @ 2.40GHz,MatrixMultiplication,TWO_D,512,512,512,128,2,1,1,9.924,0.85,0.002,15.21,0.337,0.196
Intel(R) Xeon(R) CPU E5-2695 v2 @ 2.40GHz,MatrixMultiplication,TWO_D,512,512,512,128,4,1,1,9.925,0.975,0.001,16.128,0.358,0.151
Intel(R) Xeon(R) CPU E5-2695 v2 @ 2.40GHz,MatrixMultiplication,TWO_D,512,512,512,128,8,1,1,9.956,0.825,0.001,15.138,0.372,0.156
Intel(R) Xeon(R) CPU E5-2695 v2 @ 2.40GHz,MatrixMultiplication,TWO_D,512,512,512,256,1,1,1,9.923,0.996,0.001,14.664,0.357,0.152
Intel(R) Xeon(R) CPU E5-2695 v2 @ 2.40GHz,MatrixMultiplication,TWO_D,512,512,512,256,2,1,1,9.958,0.823,0.002,18.755,0.339,0.155
Intel(R) Xeon(R) CPU E5-2695 v2 @ 2.40GHz,MatrixMultiplication,TWO_D,512,512,512,256,4,1,1,9.953,0.821,0.001,19.176,0.396,0.161
Intel(R) Xeon(R) CPU E5-2695 v2 @ 2.40GHz,MatrixMultiplication,TWO_D,512,512,512,512,1,1,1,9.955,0.823,0.001,18.682,0.308,0.152
Intel(R) Xeon(R) CPU E5-2695 v2 @ 2.40GHz,MatrixMultiplication,TWO_D,512,512,512,512,2,1,1,9.954,0.825,0.001,19.266,0.265,0.191
Intel(R) Xeon(R) CPU E5-2695 v2 @ 2.40GHz,MatrixMultiplication,TWO_D,512,512,512,1024,1,1,1,9.949,0.818,0.002,-1,-1,-1
Intel(R) Xeon(R) CPU E5-2695 v2 @ 2.40GHz,MatrixMultiplication,TWO_D,512,512,512,1,1,1,1,17.721,0.64,0.001,19.108,0.346,0.223
Intel(R) Xeon(R) CPU E5-2695 v2 @ 2.40GHz,MatrixMultiplication,TWO_D,512,512,512,1,2,1,1,9.94,0.77,0.001,17.207,0.252,0.203
Intel(R) Xeon(R) CPU E5-2695 v2 @ 2.40GHz,MatrixMultiplication,TWO_D,512,512,512,1,4,1,1,9.971,0.773,0.001,17.083,0.243,0.191
Intel(R) Xeon(R) CPU E5-2695 v2 @ 2.40GHz,MatrixMultiplication,TWO_D,512,512,512,1,8,1,1,9.935,0.84,0.002,17.215,0.243,0.238
Intel(R) Xeon(R) CPU E5-2695 v2 @ 2.40GHz,MatrixMultiplication,TWO_D,512,512,512,1,16,1,1,9.937,0.77,0.001,17.67,0.272,0.222
Intel(R) Xeon(R) CPU E5-2695 v2 @ 2.40GHz,MatrixMultiplication,TWO_D,512,512,512,1,32,1,1,9.959,0.769,0.001,19.457,0.27,0.177
Intel(R) Xeon(R) CPU E5-2695 v2 @ 2.40GHz,MatrixMultiplication,TWO_D,512,512,512,1,64,1,1,9.927,0.913,0.001,17.209,0.328,0.183
Intel(R) Xeon(R) CPU E5-2695 v2 @ 2.40GHz,MatrixMultiplication,TWO_D,512,512,512,1,128,1,1,9.949,0.791,0.001,19.842,0.309,0.216
Intel(R) Xeon(R) CPU E5-2695 v2 @ 2.40GHz,MatrixMultiplication,TWO_D,512,512,512,1,256,1,1,9.931,0.693,0.001,18.043,0.301,0.168
Intel(R) Xeon(R) CPU E5-2695 v2 @ 2.40GHz,MatrixMultiplication,TWO_D,512,512,512,1,512,1,1,9.958,0.691,0.001,20.021,0.281,0.167
Intel(R) Xeon(R) CPU E5-2695 v2 @ 2.40GHz,MatrixMultiplication,TWO_D,512,512,512,1,1024,1,1,9.925,0.696,0.001,-1,-1,-1
Intel(R) Xeon(R) CPU E5-2695 v2 @ 2.40GHz,MatrixMultiplication,TWO_D,512,512,512,2,1,1,1,9.945,0.418,0.001,18.787,0.227,0.182
Intel(R) Xeon(R) CPU E5-2695 v2 @ 2.40GHz,MatrixMultiplication,TWO_D,512,512,512,2,2,1,1,9.984,0.667,0.001,18.037,0.235,0.198
Intel(R) Xeon(R) CPU E5-2695 v2 @ 2.40GHz,MatrixMultiplication,TWO_D,512,512,512,2,4,1,1,9.937,0.664,0,17.514,0.228,0.187
Intel(R) Xeon(R) CPU E5-2695 v2 @ 2.40GHz,MatrixMultiplication,TWO_D,512,512,512,2,8,1,1,9.929,0.674,0.001,17.824,0.225,0.221
Intel(R) Xeon(R) CPU E5-2695 v2 @ 2.40GHz,MatrixMultiplication,TWO_D,512,512,512,2,16,1,1,9.925,0.673,0.001,15.471,0.232,0.231
Intel(R) Xeon(R) CPU E5-2695 v2 @ 2.40GHz,MatrixMultiplication,TWO_D,512,512,512,2,32,1,1,9.93,0.676,0.001,16.604,0.251,0.183
Intel(R) Xeon(R) CPU E5-2695 v2 @ 2.40GHz,MatrixMultiplication,TWO_D,512,512,512,2,64,1,1,9.934,0.672,0,17.269,0.294,0.153
Intel(R) Xeon(R) CPU E5-2695 v2 @ 2.40GHz,MatrixMultiplication,TWO_D,512,512,512,2,128,1,1,9.985,0.669,0.001,17.733,0.299,0.171
Intel(R) Xeon(R) CPU E5-2695 v2 @ 2.40GHz,MatrixMultiplication,TWO_D,512,512,512,2,256,1,1,9.985,0.819,0.001,20.666,0.256,0.206
Intel(R) Xeon(R) CPU E5-2695 v2 @ 2.40GHz,MatrixMultiplication,TWO_D,512,512,512,2,512,1,1,9.948,0.689,0.001,17.879,0.237,0.18
Intel(R) Xeon(R) CPU E5-2695 v2 @ 2.40GHz,MatrixMultiplication,TWO_D,512,512,512,4,1,1,1,9.965,0.625,0.001,19.681,0.224,0.182
Intel(R) Xeon(R) CPU E5-2695 v2 @ 2.40GHz,MatrixMultiplication,TWO_D,512,512,512,4,2,1,1,9.952,0.693,0.001,17.25,0.225,0.192
Intel(R) Xeon(R) CPU E5-2695 v2 @ 2.40GHz,MatrixMultiplication,TWO_D,512,512,512,4,4,1,1,9.954,0.77,0.001,19.988,0.227,0.238
Intel(R) Xeon(R) CPU E5-2695 v2 @ 2.40GHz,MatrixMultiplication,TWO_D,512,512,512,4,8,1,1,9.962,0.782,0.001,19.151,0.25,0.192
Intel(R) Xeon(R) CPU E5-2695 v2 @ 2.40GHz,MatrixMultiplication,TWO_D,512,512,512,4,16,1,1,10.072,0.87,0.001,16.997,0.247,0.202
Intel(R) Xeon(R) CPU E5-2695 v2 @ 2.40GHz,MatrixMultiplication,TWO_D,512,512,512,4,32,1,1,10.077,0.668,0.001,19.917,0.271,0.146
Intel(R) Xeon(R) CPU E5-2695 v2 @ 2.40GHz,MatrixMultiplication,TWO_D,512,512,512,4,64,1,1,9.988,0.678,0.001,19.383,0.27,0.178
Intel(R) Xeon(R) CPU E5-2695 v2 @ 2.40GHz,MatrixMultiplication,TWO_D,512,512,512,4,128,1,1,10.736,0.865,0.002,17.389,0.26,0.19
Intel(R) Xeon(R) CPU E5-2695 v2 @ 2.40GHz,MatrixMultiplication,TWO_D,512,512,512,4,256,1,1,9.95,0.688,0.001,20.917,0.282,0.165
Intel(R) Xeon(R) CPU E5-2695 v2 @ 2.40GHz,MatrixMultiplication,TWO_D,512,512,512,8,1,1,1,9.952,0.666,0,17.115,0.225,0.22
Intel(R) Xeon(R) CPU E5-2695 v2 @ 2.40GHz,MatrixMultiplication,TWO_D,512,512,512,8,2,1,1,9.976,0.665,0,19.322,0.225,0.184
Intel(R) Xeon(R) CPU E5-2695 v2 @ 2.40GHz,MatrixMultiplication,TWO_D,512,512,512,8,4,1,1,9.962,0.688,0.001,18.874,0.22,0.181
Intel(R) Xeon(R) CPU E5-2695 v2 @ 2.40GHz,MatrixMultiplication,TWO_D,512,512,512,8,8,1,1,9.924,0.715,0.001,19.348,0.207,0.194
Intel(R) Xeon(R) CPU E5-2695 v2 @ 2.40GHz,MatrixMultiplication,TWO_D,512,512,512,8,16,1,1,9.95,0.694,0.001,17.212,0.282,0.167
Intel(R) Xeon(R) CPU E5-2695 v2 @ 2.40GHz,MatrixMultiplication,TWO_D,512,512,512,8,32,1,1,9.988,0.667,0.001,20.023,0.289,0.184
Intel(R) Xeon(R) CPU E5-2695 v2 @ 2.40GHz,MatrixMultiplication,TWO_D,512,512,512,8,64,1,1,10.005,0.688,0.001,17.693,0.229,0.199
Intel(R) Xeon(R) CPU E5-2695 v2 @ 2.40GHz,MatrixMultiplication,TWO_D,512,512,512,8,128,1,1,9.948,0.659,0.001,21.727,0.238,0.167
Intel(R) Xeon(R) CPU E5-2695 v2 @ 2.40GHz,MatrixMultiplication,TWO_D,512,512,512,16,1,1,1,9.983,0.688,0.001,16.997,0.246,0.185
Intel(R) Xeon(R) CPU E5-2695 v2 @ 2.40GHz,MatrixMultiplication,TWO_D,512,512,512,16,2,1,1,10.029,0.659,0.001,19.249,0.244,0.2
Intel(R) Xeon(R) CPU E5-2695 v2 @ 2.40GHz,MatrixMultiplication,TWO_D,512,512,512,16,4,1,1,9.99,0.683,0.001,16.992,0.23,0.22
Intel(R) Xeon(R) CPU E5-2695 v2 @ 2.40GHz,MatrixMultiplication,TWO_D,512,512,512,16,8,1,1,9.966,0.677,0,15.279,0.264,0.163
Intel(R) Xeon(R) CPU E5-2695 v2 @ 2.40GHz,MatrixMultiplication,TWO_D,512,512,512,16,16,1,1,9.957,0.68,0,16.387,0.285,0.179
Intel(R) Xeon(R) CPU E5-2695 v2 @ 2.40GHz,MatrixMultiplication,TWO_D,512,512,512,16,32,1,1,9.95,0.678,0.001,17.474,0.258,0.158
Intel(R) Xeon(R) CPU E5-2695 v2 @ 2.40GHz,MatrixMultiplication,TWO_D,512,512,512,16,64,1,1,9.941,0.768,0.002,20.332,0.277,0.172
Intel(R) Xeon(R) CPU E5-2695 v2 @ 2.40GHz,MatrixMultiplication,TWO_D,512,512,512,32,1,1,1,9.987,0.687,0.001,16.685,0.26,0.196
Intel(R) Xeon(R) CPU E5-2695 v2 @ 2.40GHz,MatrixMultiplication,TWO_D,512,512,512,32,2,1,1,9.985,0.659,0.002,17.339,0.236,0.185
Intel(R) Xeon(R) CPU E5-2695 v2 @ 2.40GHz,MatrixMultiplication,TWO_D,512,512,512,32,4,1,1,10.004,0.673,0,17.586,0.264,0.191
Intel(R) Xeon(R) CPU E5-2695 v2 @ 2.40GHz,MatrixMultiplication,TWO_D,512,512,512,32,8,1,1,9.954,0.667,0.001,15.599,0.291,0.165
Intel(R) Xeon(R) CPU E5-2695 v2 @ 2.40GHz,MatrixMultiplication,TWO_D,512,512,512,32,16,1,1,9.956,0.659,0.001,16.955,0.269,0.154
Intel(R) Xeon(R) CPU E5-2695 v2 @ 2.40GHz,MatrixMultiplication,TWO_D,512,512,512,32,32,1,1,9.954,0.655,0.001,17.597,0.252,0.165
Intel(R) Xeon(R) CPU E5-2695 v2 @ 2.40GHz,MatrixMultiplication,TWO_D,512,512,512,64,1,1,1,9.945,0.673,0.001,15.842,0.221,0.218
Intel(R) Xeon(R) CPU E5-2695 v2 @ 2.40GHz,MatrixMultiplication,TWO_D,512,512,512,64,2,1,1,9.949,0.629,0.001,14.304,0.267,0.18
Intel(R) Xeon(R) CPU E5-2695 v2 @ 2.40GHz,MatrixMultiplication,TWO_D,512,512,512,64,4,1,1,9.953,0.638,0.001,16.275,0.29,0.167
Intel(R) Xeon(R) CPU E5-2695 v2 @ 2.40GHz,MatrixMultiplication,TWO_D,512,512,512,64,8,1,1,9.944,0.619,0.001,17.199,0.281,0.163
Intel(R) Xeon(R) CPU E5-2695 v2 @ 2.40GHz,MatrixMultiplication,TWO_D,512,512,512,64,16,1,1,9.947,0.62,0.001,15.429,0.254,0.167
Intel(R) Xeon(R) CPU E5-2695 v2 @ 2.40GHz,MatrixMultiplication,TWO_D,512,512,512,128,1,1,1,9.993,0.636,0.001,15.13,0.229,0.171
Intel(R) Xeon(R) CPU E5-2695 v2 @ 2.40GHz,MatrixMultiplication,TWO_D,512,512,512,128,2,1,1,9.953,0.827,0.001,16.399,0.287,0.201
Intel(R) Xeon(R) CPU E5-2695 v2 @ 2.40GHz,MatrixMultiplication,TWO_D,512,512,512,128,4,1,1,9.986,0.649,0.001,14.51,0.265,0.145
Intel(R) Xeon(R) CPU E5-2695 v2 @ 2.40GHz,MatrixMultiplication,TWO_D,512,512,512,128,8,1,1,9.96,0.592,0,16.772,0.261,0.169
Intel(R) Xeon(R) CPU E5-2695 v2 @ 2.40GHz,MatrixMultiplication,TWO_D,512,512,512,256,1,1,1,10.056,0.6,0.001,15.924,0.264,0.139
Intel(R) Xeon(R) CPU E5-2695 v2 @ 2.40GHz,MatrixMultiplication,TWO_D,512,512,512,256,2,1,1,10.015,0.675,0.017,14.943,0.235,0.152
Intel(R) Xeon(R) CPU E5-2695 v2 @ 2.40GHz,MatrixMultiplication,TWO_D,512,512,512,256,4,1,1,9.962,0.866,0.002,15.833,0.251,0.164
Intel(R) Xeon(R) CPU E5-2695 v2 @ 2.40GHz,MatrixMultiplication,TWO_D,512,512,512,512,1,1,1,10.519,0.59,0.001,15.74,0.299,0.155
Intel(R) Xeon(R) CPU E5-2695 v2 @ 2.40GHz,MatrixMultiplication,TWO_D,512,512,512,512,2,1,1,9.946,0.57,0.001,19.754,0.267,0.171
Intel(R) Xeon(R) CPU E5-2695 v2 @ 2.40GHz,MatrixMultiplication,TWO_D,512,512,512,1024,1,1,1,9.943,0.582,0.001,-1,-1,-1
Intel(R) Xeon(R) CPU E5-2695 v2 @ 2.40GHz,MatrixMultiplication,TWO_D,512,512,512,1,1,1,1,16.542,0.778,0.003,24.082,0.256,0.157
Intel(R) Xeon(R) CPU E5-2695 v2 @ 2.40GHz,MatrixMultiplication,TWO_D,512,512,512,1,2,1,1,13.209,0.742,0.002,19.717,0.29,0.133
Intel(R) Xeon(R) CPU E5-2695 v2 @ 2.40GHz,MatrixMultiplication,TWO_D,512,512,512,1,4,1,1,13.243,0.741,0.002,20.283,0.293,0.134
Intel(R) Xeon(R) CPU E5-2695 v2 @ 2.40GHz,MatrixMultiplication,TWO_D,512,512,512,1,8,1,1,13.221,0.735,0.001,18.78,0.295,0.136
Intel(R) Xeon(R) CPU E5-2695 v2 @ 2.40GHz,MatrixMultiplication,TWO_D,512,512,512,1,16,1,1,13.231,0.744,0.001,20.391,0.287,0.13
Intel(R) Xeon(R) CPU E5-2695 v2 @ 2.40GHz,MatrixMultiplication,TWO_D,512,512,512,1,32,1,1,13.221,0.966,0.002,19.063,0.3,0.128
Intel(R) Xeon(R) CPU E5-2695 v2 @ 2.40GHz,MatrixMultiplication,TWO_D,512,512,512,1,64,1,1,13.221,0.754,0.001,18.086,0.29,0.123
Intel(R) Xeon(R) CPU E5-2695 v2 @ 2.40GHz,MatrixMultiplication,TWO_D,512,512,512,1,128,1,1,13.225,0.76,0.001,20.222,0.297,0.137
Intel(R) Xeon(R) CPU E5-2695 v2 @ 2.40GHz,MatrixMultiplication,TWO_D,512,512,512,1,256,1,1,13.223,0.765,0.001,19.207,0.295,0.133
Intel(R) Xeon(R) CPU E5-2695 v2 @ 2.40GHz,MatrixMultiplication,TWO_D,512,512,512,1,512,1,1,13.22,0.756,0.002,18.659,0.291,0.131
Intel(R) Xeon(R) CPU E5-2695 v2 @ 2.40GHz,MatrixMultiplication,TWO_D,512,512,512,1,1024,1,1,13.234,0.765,0.001,-1,-1,-1
Intel(R) Xeon(R) CPU E5-2695 v2 @ 2.40GHz,MatrixMultiplication,TWO_D,512,512,512,2,1,1,1,13.501,0.791,0.003,19.956,0.283,0.128
Intel(R) Xeon(R) CPU E5-2695 v2 @ 2.40GHz,MatrixMultiplication,TWO_D,512,512,512,2,2,1,1,13.237,0.755,0.001,20.448,0.274,0.132
Intel(R) Xeon(R) CPU E5-2695 v2 @ 2.40GHz,MatrixMultiplication,TWO_D,512,512,512,2,4,1,1,13.211,0.744,0.002,18.824,0.277,0.137
Intel(R) Xeon(R) CPU E5-2695 v2 @ 2.40GHz,MatrixMultiplication,TWO_D,512,512,512,2,8,1,1,13.257,0.776,0.001,20.275,0.275,0.137
Intel(R) Xeon(R) CPU E5-2695 v2 @ 2.40GHz,MatrixMultiplication,TWO_D,512,512,512,2,16,1,1,13.302,0.748,0.002,18.913,0.273,0.135
Intel(R) Xeon(R) CPU E5-2695 v2 @ 2.40GHz,MatrixMultiplication,TWO_D,512,512,512,2,32,1,1,13.22,0.985,0.003,18.164,0.276,0.137
Intel(R) Xeon(R) CPU E5-2695 v2 @ 2.40GHz,MatrixMultiplication,TWO_D,512,512,512,2,64,1,1,13.225,0.767,0.002,20.331,0.274,0.129
Intel(R) Xeon(R) CPU E5-2695 v2 @ 2.40GHz,MatrixMultiplication,TWO_D,512,512,512,2,128,1,1,13.228,0.746,0.001,19.004,0.275,0.133
Intel(R) Xeon(R) CPU E5-2695 v2 @ 2.40GHz,MatrixMultiplication,TWO_D,512,512,512,2,256,1,1,13.317,0.988,0.002,18.598,0.286,0.13
Intel(R) Xeon(R) CPU E5-2695 v2 @ 2.40GHz,MatrixMultiplication,TWO_D,512,512,512,2,512,1,1,13.23,0.907,0.001,20.256,0.277,0.124
Intel(R) Xeon(R) CPU E5-2695 v2 @ 2.40GHz,MatrixMultiplication,TWO_D,512,512,512,4,1,1,1,13.215,1.05,0.003,18.883,0.269,0.133
Intel(R) Xeon(R) CPU E5-2695 v2 @ 2.40GHz,MatrixMultiplication,TWO_D,512,512,512,4,2,1,1,13.222,0.754,0.001,20.664,0.266,0.121
Intel(R) Xeon(R) CPU E5-2695 v2 @ 2.40GHz,MatrixMultiplication,TWO_D,512,512,512,4,4,1,1,13.232,0.749,0.001,18.683,0.271,0.122
Intel(R) Xeon(R) CPU E5-2695 v2 @ 2.40GHz,MatrixMultiplication,TWO_D,512,512,512,4,8,1,1,13.223,0.754,0.002,17.842,0.261,0.132
Intel(R) Xeon(R) CPU E5-2695 v2 @ 2.40GHz,MatrixMultiplication,TWO_D,512,512,512,4,16,1,1,13.22,0.99,0.003,20.59,0.266,0.128
Intel(R) Xeon(R) CPU E5-2695 v2 @ 2.40GHz,MatrixMultiplication,TWO_D,512,512,512,4,32,1,1,13.219,0.974,0.003,18.522,0.267,0.13
Intel(R) Xeon(R) CPU E5-2695 v2 @ 2.40GHz,MatrixMultiplication,TWO_D,512,512,512,4,64,1,1,13.212,0.971,0.003,17.989,0.274,0.143
Intel(R) Xeon(R) CPU E5-2695 v2 @ 2.40GHz,MatrixMultiplication,TWO_D,512,512,512,4,128,1,1,13.243,0.769,0.002,20.183,0.274,0.139
Intel(R) Xeon(R) CPU E5-2695 v2 @ 2.40GHz,MatrixMultiplication,TWO_D,512,512,512,4,256,1,1,13.225,0.751,0.002,19.673,0.277,0.145
Intel(R) Xeon(R) CPU E5-2695 v2 @ 2.40GHz,MatrixMultiplication,TWO_D,512,512,512,8,1,1,1,13.375,0.762,0.002,20.692,0.274,0.132
Intel(R) Xeon(R) CPU E5-2695 v2 @ 2.40GHz,MatrixMultiplication,TWO_D,512,512,512,8,2,1,1,13.225,0.755,0.001,18.678,0.274,0.118
Intel(R) Xeon(R) CPU E5-2695 v2 @ 2.40GHz,MatrixMultiplication,TWO_D,512,512,512,8,4,1,1,13.229,0.752,0.002,17.804,0.266,0.139
Intel(R) Xeon(R) CPU E5-2695 v2 @ 2.40GHz,MatrixMultiplication,TWO_D,512,512,512,8,8,1,1,13.235,0.989,0.001,19.646,0.273,0.128
Intel(R) Xeon(R) CPU E5-2695 v2 @ 2.40GHz,MatrixMultiplication,TWO_D,512,512,512,8,16,1,1,13.23,0.742,0.002,18.648,0.27,0.135
Intel(R) Xeon(R) CPU E5-2695 v2 @ 2.40GHz,MatrixMultiplication,TWO_D,512,512,512,8,32,1,1,13.222,0.743,0.002,18.104,0.266,0.119
Intel(R) Xeon(R) CPU E5-2695 v2 @ 2.40GHz,MatrixMultiplication,TWO_D,512,512,512,8,64,1,1,13.222,0.985,0.002,21.059,0.268,0.129
Intel(R) Xeon(R) CPU E5-2695 v2 @ 2.40GHz,MatrixMultiplication,TWO_D,512,512,512,8,128,1,1,13.213,0.757,0.001,19.568,0.275,0.126
Intel(R) Xeon(R) CPU E5-2695 v2 @ 2.40GHz,MatrixMultiplication,TWO_D,512,512,512,16,1,1,1,13.218,0.759,0.002,20.461,0.264,0.138
Intel(R) Xeon(R) CPU E5-2695 v2 @ 2.40GHz,MatrixMultiplication,TWO_D,512,512,512,16,2,1,1,13.234,1.178,0.003,18.571,0.274,0.126
Intel(R) Xeon(R) CPU E5-2695 v2 @ 2.40GHz,MatrixMultiplication,TWO_D,512,512,512,16,4,1,1,13.219,0.754,0.002,17.805,0.269,0.14
Intel(R) Xeon(R) CPU E5-2695 v2 @ 2.40GHz,MatrixMultiplication,TWO_D,512,512,512,16,8,1,1,13.223,0.985,0.002,20.612,0.265,0.134
Intel(R) Xeon(R) CPU E5-2695 v2 @ 2.40GHz,MatrixMultiplication,TWO_D,512,512,512,16,16,1,1,13.296,1.21,0.016,18.562,0.282,0.127
Intel(R) Xeon(R) CPU E5-2695 v2 @ 2.40GHz,MatrixMultiplication,TWO_D,512,512,512,16,32,1,1,13.22,0.751,0.001,20.809,0.276,0.13
Intel(R) Xeon(R) CPU E5-2695 v2 @ 2.40GHz,MatrixMultiplication,TWO_D,512,512,512,16,64,1,1,13.229,1.001,0.002,19.742,0.274,0.13
Intel(R) Xeon(R) CPU E5-2695 v2 @ 2.40GHz,MatrixMultiplication,TWO_D,512,512,512,32,1,1,1,13.211,0.752,0.002,17.757,0.271,0.127
Intel(R) Xeon(R) CPU E5-2695 v2 @ 2.40GHz,MatrixMultiplication,TWO_D,512,512,512,32,2,1,1,13.247,0.748,0.001,19.654,0.268,0.143
Intel(R) Xeon(R) CPU E5-2695 v2 @ 2.40GHz,MatrixMultiplication,TWO_D,512,512,512,32,4,1,1,13.227,0.739,0.001,18.699,0.269,0.132
Intel(R) Xeon(R) CPU E5-2695 v2 @ 2.40GHz,MatrixMultiplication,TWO_D,512,512,512,32,8,1,1,13.239,0.778,0.001,18.04,0.264,0.123
Intel(R) Xeon(R) CPU E5-2695 v2 @ 2.40GHz,MatrixMultiplication,TWO_D,512,512,512,32,16,1,1,13.338,0.758,0.002,20.514,0.274,0.137
Intel(R) Xeon(R) CPU E5-2695 v2 @ 2.40GHz,MatrixMultiplication,TWO_D,512,512,512,32,32,1,1,13.223,0.771,0.002,19.92,0.278,0.13
Intel(R) Xeon(R) CPU E5-2695 v2 @ 2.40GHz,MatrixMultiplication,TWO_D,512,512,512,64,1,1,1,13.218,0.735,0.001,19.042,0.271,0.117
Intel(R) Xeon(R) CPU E5-2695 v2 @ 2.40GHz,MatrixMultiplication,TWO_D,512,512,512,64,2,1,1,13.217,0.702,0.001,18.24,0.268,0.131
Intel(R) Xeon(R) CPU E5-2695 v2 @ 2.40GHz,MatrixMultiplication,TWO_D,512,512,512,64,4,1,1,13.227,0.78,0.001,17.767,0.266,0.135
Intel(R) Xeon(R) CPU E5-2695 v2 @ 2.40GHz,MatrixMultiplication,TWO_D,512,512,512,64,8,1,1,13.225,0.689,0.001,17.331,0.265,0.127
Intel(R) Xeon(R) CPU E5-2695 v2 @ 2.40GHz,MatrixMultiplication,TWO_D,512,512,512,64,16,1,1,13.22,0.935,0.002,20.102,0.269,0.126
Intel(R) Xeon(R) CPU E5-2695 v2 @ 2.40GHz,MatrixMultiplication,TWO_D,512,512,512,128,1,1,1,13.225,0.763,0.001,18.182,0.268,0.132
Intel(R) Xeon(R) CPU E5-2695 v2 @ 2.40GHz,MatrixMultiplication,TWO_D,512,512,512,128,2,1,1,13.218,0.663,0.001,17.247,0.263,0.129
Intel(R) Xeon(R) CPU E5-2695 v2 @ 2.40GHz,MatrixMultiplication,TWO_D,512,512,512,128,4,1,1,13.216,0.666,0.001,17.511,0.275,0.109
Intel(R) Xeon(R) CPU E5-2695 v2 @ 2.40GHz,MatrixMultiplication,TWO_D,512,512,512,128,8,1,1,13.227,0.666,0.001,19.966,0.264,0.126
Intel(R) Xeon(R) CPU E5-2695 v2 @ 2.40GHz,MatrixMultiplication,TWO_D,512,512,512,256,1,1,1,13.225,0.884,0.002,17.688,0.266,0.118
Intel(R) Xeon(R) CPU E5-2695 v2 @ 2.40GHz,MatrixMultiplication,TWO_D,512,512,512,256,2,1,1,13.219,0.903,0.002,17.934,0.27,0.127
Intel(R) Xeon(R) CPU E5-2695 v2 @ 2.40GHz,MatrixMultiplication,TWO_D,512,512,512,256,4,1,1,13.218,0.664,0.001,19.771,0.268,0.131
Intel(R) Xeon(R) CPU E5-2695 v2 @ 2.40GHz,MatrixMultiplication,TWO_D,512,512,512,512,1,1,1,13.226,0.647,0.001,18.301,0.271,0.111
Intel(R) Xeon(R) CPU E5-2695 v2 @ 2.40GHz,MatrixMultiplication,TWO_D,512,512,512,512,2,1,1,13.225,0.644,0.001,18.375,0.272,0.108
Intel(R) Xeon(R) CPU E5-2695 v2 @ 2.40GHz,MatrixMultiplication,TWO_D,512,512,512,1024,1,1,1,13.224,0.874,0.002,-1,-1,-1
