device/C,kernel/C,workDimension/C,width/F,height/F,xLocal/I,yLocal/I,zLocal/I,MB/F,init/F,memoryCopyOut/F,plan/F,execute/F,memoryCopyIn/F,cleanUp/F
      Intel(R) Xeon(R) CPU E5-2695 v2 @ 2.40GHz,LUDecomposition,TWO_D,2048,2048,1,1,1,8,88.902,16.828,0.01,1324.36,16.442,1.868
      Intel(R) Xeon(R) CPU E5-2695 v2 @ 2.40GHz,LUDecomposition,TWO_D,2048,2048,1,2,1,8,86.455,16.84,0.009,1007.35,16.437,1.99
      Intel(R) Xeon(R) CPU E5-2695 v2 @ 2.40GHz,LUDecomposition,TWO_D,2048,2048,1,4,1,8,86.678,16.746,0.01,864.28,16.409,2.023
      Intel(R) Xeon(R) CPU E5-2695 v2 @ 2.40GHz,LUDecomposition,TWO_D,2048,2048,1,8,1,8,86.612,16.775,0.008,799.142,17.081,1.847
      Intel(R) Xeon(R) CPU E5-2695 v2 @ 2.40GHz,LUDecomposition,TWO_D,2048,2048,1,16,1,8,86.666,16.988,0.009,762.168,16.282,2.028
      Intel(R) Xeon(R) CPU E5-2695 v2 @ 2.40GHz,LUDecomposition,TWO_D,2048,2048,1,32,1,8,86.574,16.853,0.009,745.396,16.944,2.073
      Intel(R) Xeon(R) CPU E5-2695 v2 @ 2.40GHz,LUDecomposition,TWO_D,2048,2048,1,64,1,8,86.374,16.87,0.008,709.08,16.577,1.929
      Intel(R) Xeon(R) CPU E5-2695 v2 @ 2.40GHz,LUDecomposition,TWO_D,2048,2048,1,128,1,8,87.249,16.866,0.01,673.41,16.723,2.018
      Intel(R) Xeon(R) CPU E5-2695 v2 @ 2.40GHz,LUDecomposition,TWO_D,2048,2048,1,256,1,8,86.382,16.897,0.01,635.565,16.851,2.062
      Intel(R) Xeon(R) CPU E5-2695 v2 @ 2.40GHz,LUDecomposition,TWO_D,2048,2048,1,512,1,8,86.495,16.896,0.009,568.576,17.135,2.079
      Intel(R) Xeon(R) CPU E5-2695 v2 @ 2.40GHz,LUDecomposition,TWO_D,2048,2048,1,1024,1,8,86.545,16.873,0.009,572.896,17.229,2.093
      Intel(R) Xeon(R) CPU E5-2695 v2 @ 2.40GHz,LUDecomposition,TWO_D,2048,2048,1,2048,1,8,87.353,16.772,0.009,604.141,21.894,1.926
      Intel(R) Xeon(R) CPU E5-2695 v2 @ 2.40GHz,LUDecomposition,TWO_D,2048,2048,1,4096,1,8,86.885,16.843,0.009,655.954,20.85,2.197
      Intel(R) Xeon(R) CPU E5-2695 v2 @ 2.40GHz,LUDecomposition,TWO_D,2048,2048,1,8192,1,8,91.185,16.775,0.01,-1,-1,-1
      Intel(R) Xeon(R) CPU E5-2695 v2 @ 2.40GHz,LUDecomposition,TWO_D,2048,2048,2,1,1,8,86.385,16.985,0.009,1008.81,17.134,1.904
      Intel(R) Xeon(R) CPU E5-2695 v2 @ 2.40GHz,LUDecomposition,TWO_D,2048,2048,2,2,1,8,86.56,16.858,0.008,860.747,17.149,1.899
      Intel(R) Xeon(R) CPU E5-2695 v2 @ 2.40GHz,LUDecomposition,TWO_D,2048,2048,2,4,1,8,86.6,16.796,0.009,799.662,16.801,1.973
      Intel(R) Xeon(R) CPU E5-2695 v2 @ 2.40GHz,LUDecomposition,TWO_D,2048,2048,2,8,1,8,86.816,16.874,0.009,757.877,17.026,1.925
      Intel(R) Xeon(R) CPU E5-2695 v2 @ 2.40GHz,LUDecomposition,TWO_D,2048,2048,2,16,1,8,86.724,16.893,0.01,745.03,17.02,1.97
      Intel(R) Xeon(R) CPU E5-2695 v2 @ 2.40GHz,LUDecomposition,TWO_D,2048,2048,2,32,1,8,86.545,17.471,0.008,707.033,16.966,1.941
      Intel(R) Xeon(R) CPU E5-2695 v2 @ 2.40GHz,LUDecomposition,TWO_D,2048,2048,2,64,1,8,86.427,16.793,0.008,673.25,16.898,1.95
      Intel(R) Xeon(R) CPU E5-2695 v2 @ 2.40GHz,LUDecomposition,TWO_D,2048,2048,2,128,1,8,86.874,16.859,0.008,636.312,17.114,2.091
      Intel(R) Xeon(R) CPU E5-2695 v2 @ 2.40GHz,LUDecomposition,TWO_D,2048,2048,2,256,1,8,86.484,16.918,0.008,568.436,16.923,1.986
      Intel(R) Xeon(R) CPU E5-2695 v2 @ 2.40GHz,LUDecomposition,TWO_D,2048,2048,2,512,1,8,86.431,16.948,0.008,575.124,17.187,1.975
      Intel(R) Xeon(R) CPU E5-2695 v2 @ 2.40GHz,LUDecomposition,TWO_D,2048,2048,2,1024,1,8,86.634,16.807,0.01,600.599,17.173,1.924
      Intel(R) Xeon(R) CPU E5-2695 v2 @ 2.40GHz,LUDecomposition,TWO_D,2048,2048,2,2048,1,8,89.471,18.434,0.009,653.034,21.781,2.084
      Intel(R) Xeon(R) CPU E5-2695 v2 @ 2.40GHz,LUDecomposition,TWO_D,2048,2048,2,4096,1,8,87.121,16.789,0.008,-1,-1,-1
      Intel(R) Xeon(R) CPU E5-2695 v2 @ 2.40GHz,LUDecomposition,TWO_D,2048,2048,4,1,1,8,86.493,16.478,0.008,859.869,16.333,2.063
      Intel(R) Xeon(R) CPU E5-2695 v2 @ 2.40GHz,LUDecomposition,TWO_D,2048,2048,4,2,1,8,86.537,16.829,0.009,796.061,16.772,1.962
      Intel(R) Xeon(R) CPU E5-2695 v2 @ 2.40GHz,LUDecomposition,TWO_D,2048,2048,4,4,1,8,87.075,16.784,0.008,760.328,16.783,1.905
      Intel(R) Xeon(R) CPU E5-2695 v2 @ 2.40GHz,LUDecomposition,TWO_D,2048,2048,4,8,1,8,86.444,17.216,0.009,742.828,16.645,2.004
      Intel(R) Xeon(R) CPU E5-2695 v2 @ 2.40GHz,LUDecomposition,TWO_D,2048,2048,4,16,1,8,86.311,16.804,0.008,711.589,17.018,1.939
      Intel(R) Xeon(R) CPU E5-2695 v2 @ 2.40GHz,LUDecomposition,TWO_D,2048,2048,4,32,1,8,86.66,16.824,0.008,674.12,16.984,2.029
      Intel(R) Xeon(R) CPU E5-2695 v2 @ 2.40GHz,LUDecomposition,TWO_D,2048,2048,4,64,1,8,87.718,16.777,0.008,636.076,17.072,2.023
      Intel(R) Xeon(R) CPU E5-2695 v2 @ 2.40GHz,LUDecomposition,TWO_D,2048,2048,4,128,1,8,86.544,16.889,0.008,573.295,17.125,2.202
      Intel(R) Xeon(R) CPU E5-2695 v2 @ 2.40GHz,LUDecomposition,TWO_D,2048,2048,4,256,1,8,86.637,16.868,0.01,570.641,17.164,1.937
      Intel(R) Xeon(R) CPU E5-2695 v2 @ 2.40GHz,LUDecomposition,TWO_D,2048,2048,4,512,1,8,86.379,16.846,0.009,595.563,17.19,2.016
      Intel(R) Xeon(R) CPU E5-2695 v2 @ 2.40GHz,LUDecomposition,TWO_D,2048,2048,4,1024,1,8,86.802,16.909,0.008,652.939,18.398,1.984
      Intel(R) Xeon(R) CPU E5-2695 v2 @ 2.40GHz,LUDecomposition,TWO_D,2048,2048,4,2048,1,8,86.519,16.825,0.009,-1,-1,-1
      Intel(R) Xeon(R) CPU E5-2695 v2 @ 2.40GHz,LUDecomposition,TWO_D,2048,2048,8,1,1,8,86.346,16.346,0.009,800.422,17.165,2.05
      Intel(R) Xeon(R) CPU E5-2695 v2 @ 2.40GHz,LUDecomposition,TWO_D,2048,2048,8,2,1,8,86.593,17.454,0.009,761.955,16.662,2.294
      Intel(R) Xeon(R) CPU E5-2695 v2 @ 2.40GHz,LUDecomposition,TWO_D,2048,2048,8,4,1,8,86.769,16.697,0.008,744.528,17.33,2.224
      Intel(R) Xeon(R) CPU E5-2695 v2 @ 2.40GHz,LUDecomposition,TWO_D,2048,2048,8,8,1,8,86.459,16.92,0.008,714.935,16.792,2.287
      Intel(R) Xeon(R) CPU E5-2695 v2 @ 2.40GHz,LUDecomposition,TWO_D,2048,2048,8,16,1,8,86.825,16.809,0.008,673.356,17.028,2.26
      Intel(R) Xeon(R) CPU E5-2695 v2 @ 2.40GHz,LUDecomposition,TWO_D,2048,2048,8,32,1,8,86.678,16.805,0.008,635.463,16.618,2.31
      Intel(R) Xeon(R) CPU E5-2695 v2 @ 2.40GHz,LUDecomposition,TWO_D,2048,2048,8,64,1,8,86.675,16.869,0.009,568.762,17.108,2.297
      Intel(R) Xeon(R) CPU E5-2695 v2 @ 2.40GHz,LUDecomposition,TWO_D,2048,2048,8,128,1,8,86.551,17.093,0.009,568.904,17.127,2.261
      Intel(R) Xeon(R) CPU E5-2695 v2 @ 2.40GHz,LUDecomposition,TWO_D,2048,2048,8,256,1,8,86.66,16.814,0.009,600.863,21.906,2.227
      Intel(R) Xeon(R) CPU E5-2695 v2 @ 2.40GHz,LUDecomposition,TWO_D,2048,2048,8,512,1,8,86.769,16.821,0.009,650.218,17.795,2.243
      Intel(R) Xeon(R) CPU E5-2695 v2 @ 2.40GHz,LUDecomposition,TWO_D,2048,2048,8,1024,1,8,86.479,16.762,0.008,-1,-1,-1
      Intel(R) Xeon(R) CPU E5-2695 v2 @ 2.40GHz,LUDecomposition,TWO_D,2048,2048,16,1,1,8,87.406,17.434,0.011,757.999,16.761,2.223
      Intel(R) Xeon(R) CPU E5-2695 v2 @ 2.40GHz,LUDecomposition,TWO_D,2048,2048,16,2,1,8,86.292,17.397,0.009,741.362,16.642,2.084
      Intel(R) Xeon(R) CPU E5-2695 v2 @ 2.40GHz,LUDecomposition,TWO_D,2048,2048,16,4,1,8,87.282,16.867,0.01,712.608,16.701,2.182
      Intel(R) Xeon(R) CPU E5-2695 v2 @ 2.40GHz,LUDecomposition,TWO_D,2048,2048,16,8,1,8,86.722,16.852,0.009,672.332,16.992,2.152
      Intel(R) Xeon(R) CPU E5-2695 v2 @ 2.40GHz,LUDecomposition,TWO_D,2048,2048,16,16,1,8,86.485,16.792,0.02,634.538,17.044,2.353
      Intel(R) Xeon(R) CPU E5-2695 v2 @ 2.40GHz,LUDecomposition,TWO_D,2048,2048,16,32,1,8,87.406,16.818,0.009,567.12,17.116,2.225
      Intel(R) Xeon(R) CPU E5-2695 v2 @ 2.40GHz,LUDecomposition,TWO_D,2048,2048,16,64,1,8,89.351,16.757,0.009,571.102,17.164,2.171
      Intel(R) Xeon(R) CPU E5-2695 v2 @ 2.40GHz,LUDecomposition,TWO_D,2048,2048,16,128,1,8,86.483,16.736,0.009,596.593,21.987,2.222
      Intel(R) Xeon(R) CPU E5-2695 v2 @ 2.40GHz,LUDecomposition,TWO_D,2048,2048,16,256,1,8,86.383,16.786,0.009,646.626,17.15,2.078
      Intel(R) Xeon(R) CPU E5-2695 v2 @ 2.40GHz,LUDecomposition,TWO_D,2048,2048,16,512,1,8,86.3,16.903,0.008,-1,-1,-1
      Intel(R) Xeon(R) CPU E5-2695 v2 @ 2.40GHz,LUDecomposition,TWO_D,2048,2048,32,1,1,8,89.666,16.49,0.009,739.456,16.481,2.15
      Intel(R) Xeon(R) CPU E5-2695 v2 @ 2.40GHz,LUDecomposition,TWO_D,2048,2048,32,2,1,8,87.234,17.092,0.01,710.608,16.75,2.137
      Intel(R) Xeon(R) CPU E5-2695 v2 @ 2.40GHz,LUDecomposition,TWO_D,2048,2048,32,4,1,8,86.606,16.85,0.008,675.753,17,2.116
      Intel(R) Xeon(R) CPU E5-2695 v2 @ 2.40GHz,LUDecomposition,TWO_D,2048,2048,32,8,1,8,86.65,16.694,0.01,636.541,16.807,2.205
      Intel(R) Xeon(R) CPU E5-2695 v2 @ 2.40GHz,LUDecomposition,TWO_D,2048,2048,32,16,1,8,86.698,16.844,0.009,565.891,17.133,2.218
      Intel(R) Xeon(R) CPU E5-2695 v2 @ 2.40GHz,LUDecomposition,TWO_D,2048,2048,32,32,1,8,87.114,16.741,0.01,569.719,17.187,2.181
      Intel(R) Xeon(R) CPU E5-2695 v2 @ 2.40GHz,LUDecomposition,TWO_D,2048,2048,32,64,1,8,86.944,16.708,0.009,603.938,21.965,2.195
      Intel(R) Xeon(R) CPU E5-2695 v2 @ 2.40GHz,LUDecomposition,TWO_D,2048,2048,32,128,1,8,89.065,16.779,0.009,653.879,19.289,2.186
      Intel(R) Xeon(R) CPU E5-2695 v2 @ 2.40GHz,LUDecomposition,TWO_D,2048,2048,32,256,1,8,86.475,16.701,0.009,-1,-1,-1
      Intel(R) Xeon(R) CPU E5-2695 v2 @ 2.40GHz,LUDecomposition,TWO_D,2048,2048,64,1,1,8,86.869,16.364,0.009,708.657,21.628,2.197
      Intel(R) Xeon(R) CPU E5-2695 v2 @ 2.40GHz,LUDecomposition,TWO_D,2048,2048,64,2,1,8,86.414,16.814,0.009,674.856,16.683,2.212
      Intel(R) Xeon(R) CPU E5-2695 v2 @ 2.40GHz,LUDecomposition,TWO_D,2048,2048,64,4,1,8,86.833,17.155,0.01,634.288,16.827,2.206
      Intel(R) Xeon(R) CPU E5-2695 v2 @ 2.40GHz,LUDecomposition,TWO_D,2048,2048,64,8,1,8,86.587,16.753,0.007,572.248,17.134,2.208
      Intel(R) Xeon(R) CPU E5-2695 v2 @ 2.40GHz,LUDecomposition,TWO_D,2048,2048,64,16,1,8,86.401,16.805,0.009,575.665,17.102,2.222
      Intel(R) Xeon(R) CPU E5-2695 v2 @ 2.40GHz,LUDecomposition,TWO_D,2048,2048,64,32,1,8,86.947,16.925,0.009,598.495,21.866,2.219
      Intel(R) Xeon(R) CPU E5-2695 v2 @ 2.40GHz,LUDecomposition,TWO_D,2048,2048,64,64,1,8,86.618,16.764,0.009,693.586,22.28,2.057
      Intel(R) Xeon(R) CPU E5-2695 v2 @ 2.40GHz,LUDecomposition,TWO_D,2048,2048,64,128,1,8,86.613,16.646,0.009,-1,-1,-1
      Intel(R) Xeon(R) CPU E5-2695 v2 @ 2.40GHz,LUDecomposition,TWO_D,2048,2048,128,1,1,8,86.492,16.483,0.009,690.45,17.132,2.159
      Intel(R) Xeon(R) CPU E5-2695 v2 @ 2.40GHz,LUDecomposition,TWO_D,2048,2048,128,2,1,8,88.201,17.078,0.008,639.149,17.073,2.175
      Intel(R) Xeon(R) CPU E5-2695 v2 @ 2.40GHz,LUDecomposition,TWO_D,2048,2048,128,4,1,8,86.476,16.792,0.009,568.479,17.189,2.218
      Intel(R) Xeon(R) CPU E5-2695 v2 @ 2.40GHz,LUDecomposition,TWO_D,2048,2048,128,8,1,8,87.178,16.771,0.01,571.959,17.124,2.249
      Intel(R) Xeon(R) CPU E5-2695 v2 @ 2.40GHz,LUDecomposition,TWO_D,2048,2048,128,16,1,8,86.547,16.749,0.009,612.56,21.938,2.17
      Intel(R) Xeon(R) CPU E5-2695 v2 @ 2.40GHz,LUDecomposition,TWO_D,2048,2048,128,32,1,8,86.63,16.679,0.009,649.046,21.803,2.266
      Intel(R) Xeon(R) CPU E5-2695 v2 @ 2.40GHz,LUDecomposition,TWO_D,2048,2048,128,64,1,8,89.163,16.789,0.01,-1,-1,-1
      Intel(R) Xeon(R) CPU E5-2695 v2 @ 2.40GHz,LUDecomposition,TWO_D,2048,2048,256,1,1,8,86.518,16.455,0.008,633.3,17.188,2.293
      Intel(R) Xeon(R) CPU E5-2695 v2 @ 2.40GHz,LUDecomposition,TWO_D,2048,2048,256,2,1,8,86.702,16.767,0.009,566.551,17.161,2.201
      Intel(R) Xeon(R) CPU E5-2695 v2 @ 2.40GHz,LUDecomposition,TWO_D,2048,2048,256,4,1,8,86.492,15.916,0.008,572.749,17.135,2.246
      Intel(R) Xeon(R) CPU E5-2695 v2 @ 2.40GHz,LUDecomposition,TWO_D,2048,2048,256,8,1,8,86.752,17.014,0.009,602.099,21.892,2.215
      Intel(R) Xeon(R) CPU E5-2695 v2 @ 2.40GHz,LUDecomposition,TWO_D,2048,2048,256,16,1,8,86.457,16.906,0.009,647.415,21.924,2.113
      Intel(R) Xeon(R) CPU E5-2695 v2 @ 2.40GHz,LUDecomposition,TWO_D,2048,2048,256,32,1,8,87.366,16.631,0.009,-1,-1,-1
      Intel(R) Xeon(R) CPU E5-2695 v2 @ 2.40GHz,LUDecomposition,TWO_D,2048,2048,512,1,1,8,86.249,16.445,0.008,570.793,17.094,1.992
      Intel(R) Xeon(R) CPU E5-2695 v2 @ 2.40GHz,LUDecomposition,TWO_D,2048,2048,512,2,1,8,86.637,18.679,0.009,572.583,17.106,2.229
      Intel(R) Xeon(R) CPU E5-2695 v2 @ 2.40GHz,LUDecomposition,TWO_D,2048,2048,512,4,1,8,86.636,16.768,0.008,600.313,21.881,2.211
      Intel(R) Xeon(R) CPU E5-2695 v2 @ 2.40GHz,LUDecomposition,TWO_D,2048,2048,512,8,1,8,86.692,16.857,0.009,647.028,20.311,2.135
      Intel(R) Xeon(R) CPU E5-2695 v2 @ 2.40GHz,LUDecomposition,TWO_D,2048,2048,512,16,1,8,90.983,16.705,0.009,-1,-1,-1
      Intel(R) Xeon(R) CPU E5-2695 v2 @ 2.40GHz,LUDecomposition,TWO_D,2048,2048,1024,1,1,8,86.579,16.368,0.009,572.524,17.124,2.213
      Intel(R) Xeon(R) CPU E5-2695 v2 @ 2.40GHz,LUDecomposition,TWO_D,2048,2048,1024,2,1,8,92.131,15.635,0.017,601.77,21.867,2.088
      Intel(R) Xeon(R) CPU E5-2695 v2 @ 2.40GHz,LUDecomposition,TWO_D,2048,2048,1024,4,1,8,87.343,16.866,0.009,651.032,21.902,2.136
      Intel(R) Xeon(R) CPU E5-2695 v2 @ 2.40GHz,LUDecomposition,TWO_D,2048,2048,1024,8,1,8,86.636,16.629,0.008,-1,-1,-1
      Intel(R) Xeon(R) CPU E5-2695 v2 @ 2.40GHz,LUDecomposition,TWO_D,2048,2048,2048,1,1,8,86.881,16.727,0.009,605.039,21.891,2.196
      Intel(R) Xeon(R) CPU E5-2695 v2 @ 2.40GHz,LUDecomposition,TWO_D,2048,2048,2048,2,1,8,86.48,16.804,0.009,648.948,17.217,2.252
      Intel(R) Xeon(R) CPU E5-2695 v2 @ 2.40GHz,LUDecomposition,TWO_D,2048,2048,2048,4,1,8,89.416,17.016,0.009,-1,-1,-1
      Intel(R) Xeon(R) CPU E5-2695 v2 @ 2.40GHz,LUDecomposition,TWO_D,2048,2048,4096,1,1,8,86.588,16.416,0.009,652.946,17.132,1.909
      Intel(R) Xeon(R) CPU E5-2695 v2 @ 2.40GHz,LUDecomposition,TWO_D,2048,2048,4096,2,1,8,86.678,16.866,0.009,-1,-1,-1
      Intel(R) Xeon(R) CPU E5-2695 v2 @ 2.40GHz,LUDecomposition,TWO_D,2048,2048,8192,1,1,8,89.637,16.372,0.008,-1,-1,-1
