device/C,kernel/C,workDimension/C,N/F,P/F,M/F,xLocal/I,yLocal/I,zLocal/I,MB/F,init/F,memoryCopyOut/F,plan/F,execute/F,memoryCopyIn/F,cleanUp/F
      Intel(R) Xeon(R) CPU E5-2695 v2 @ 2.40GHz,MatrixMultiplication,TWO_D,4096,4096,4096,1,1,1,64,665.209,116.171,0.011,88976.2,35.818,2.901
      Intel(R) Xeon(R) CPU E5-2695 v2 @ 2.40GHz,MatrixMultiplication,TWO_D,4096,4096,4096,1,2,1,64,662.788,97.65,0.008,93034.4,35.021,3.199
      Intel(R) Xeon(R) CPU E5-2695 v2 @ 2.40GHz,MatrixMultiplication,TWO_D,4096,4096,4096,1,4,1,64,662.786,122.039,0.01,93119.6,31.738,3.088
      Intel(R) Xeon(R) CPU E5-2695 v2 @ 2.40GHz,MatrixMultiplication,TWO_D,4096,4096,4096,1,8,1,64,662.759,95.63,0.009,98456.6,35.366,3.043
      Intel(R) Xeon(R) CPU E5-2695 v2 @ 2.40GHz,MatrixMultiplication,TWO_D,4096,4096,4096,1,16,1,64,661.62,118.899,0.01,107602,36.838,2.833
      Intel(R) Xeon(R) CPU E5-2695 v2 @ 2.40GHz,MatrixMultiplication,TWO_D,4096,4096,4096,1,32,1,64,663.478,97.211,0.007,125975,32.437,3.024
      Intel(R) Xeon(R) CPU E5-2695 v2 @ 2.40GHz,MatrixMultiplication,TWO_D,4096,4096,4096,1,64,1,64,663.014,97.172,0.008,116203,31.75,2.995
      Intel(R) Xeon(R) CPU E5-2695 v2 @ 2.40GHz,MatrixMultiplication,TWO_D,4096,4096,4096,1,128,1,64,663.898,98.819,0.01,131839,32.678,2.822
      Intel(R) Xeon(R) CPU E5-2695 v2 @ 2.40GHz,MatrixMultiplication,TWO_D,4096,4096,4096,1,256,1,64,664.256,102.342,0.01,128574,33.602,2.831
      Intel(R) Xeon(R) CPU E5-2695 v2 @ 2.40GHz,MatrixMultiplication,TWO_D,4096,4096,4096,1,512,1,64,662.826,97.328,0.009,104024,32.5,2.866
      Intel(R) Xeon(R) CPU E5-2695 v2 @ 2.40GHz,MatrixMultiplication,TWO_D,4096,4096,4096,1,1024,1,64,663.631,94.512,0.008,121409,31.524,3.025
      Intel(R) Xeon(R) CPU E5-2695 v2 @ 2.40GHz,MatrixMultiplication,TWO_D,4096,4096,4096,1,2048,1,64,662.811,95.397,0.007,121724,34.265,3.078
      Intel(R) Xeon(R) CPU E5-2695 v2 @ 2.40GHz,MatrixMultiplication,TWO_D,4096,4096,4096,1,4096,1,64,665.691,99.313,0.009,141749,35.648,2.8
      Intel(R) Xeon(R) CPU E5-2695 v2 @ 2.40GHz,MatrixMultiplication,TWO_D,4096,4096,4096,1,8192,1,64,663.333,99.265,0.023,-1,-1,-1
      Intel(R) Xeon(R) CPU E5-2695 v2 @ 2.40GHz,MatrixMultiplication,TWO_D,4096,4096,4096,2,1,1,64,663.609,99.85,0.007,88490.3,32.493,3.009
      Intel(R) Xeon(R) CPU E5-2695 v2 @ 2.40GHz,MatrixMultiplication,TWO_D,4096,4096,4096,2,2,1,64,663.706,98.193,0.009,87730,32.554,2.866
      Intel(R) Xeon(R) CPU E5-2695 v2 @ 2.40GHz,MatrixMultiplication,TWO_D,4096,4096,4096,2,4,1,64,664.122,99.12,0.008,93838.6,31.76,3.076
      Intel(R) Xeon(R) CPU E5-2695 v2 @ 2.40GHz,MatrixMultiplication,TWO_D,4096,4096,4096,2,8,1,64,663.332,99.406,0.009,98160.3,31.996,3.007
      Intel(R) Xeon(R) CPU E5-2695 v2 @ 2.40GHz,MatrixMultiplication,TWO_D,4096,4096,4096,2,16,1,64,664.174,107.914,0.01,97767.2,35.364,3.199
      Intel(R) Xeon(R) CPU E5-2695 v2 @ 2.40GHz,MatrixMultiplication,TWO_D,4096,4096,4096,2,32,1,64,661.999,98.185,0.011,108530,35.863,3.028
      Intel(R) Xeon(R) CPU E5-2695 v2 @ 2.40GHz,MatrixMultiplication,TWO_D,4096,4096,4096,2,64,1,64,663.495,98.206,0.008,114793,34.947,2.87
      Intel(R) Xeon(R) CPU E5-2695 v2 @ 2.40GHz,MatrixMultiplication,TWO_D,4096,4096,4096,2,128,1,64,663.807,100.688,0.009,125635,35.058,2.609
      Intel(R) Xeon(R) CPU E5-2695 v2 @ 2.40GHz,MatrixMultiplication,TWO_D,4096,4096,4096,2,256,1,64,663.506,98.206,0.008,124405,32.423,3.063
      Intel(R) Xeon(R) CPU E5-2695 v2 @ 2.40GHz,MatrixMultiplication,TWO_D,4096,4096,4096,2,512,1,64,663.335,98.333,0.008,111994,34.9,2.841
      Intel(R) Xeon(R) CPU E5-2695 v2 @ 2.40GHz,MatrixMultiplication,TWO_D,4096,4096,4096,2,1024,1,64,663.864,97.572,0.008,128156,32.126,3.085
      Intel(R) Xeon(R) CPU E5-2695 v2 @ 2.40GHz,MatrixMultiplication,TWO_D,4096,4096,4096,2,2048,1,64,662.95,94.834,0.008,114912,33.356,3.026
      Intel(R) Xeon(R) CPU E5-2695 v2 @ 2.40GHz,MatrixMultiplication,TWO_D,4096,4096,4096,2,4096,1,64,663.597,98.179,0.007,129456,36.332,2.957
      Intel(R) Xeon(R) CPU E5-2695 v2 @ 2.40GHz,MatrixMultiplication,TWO_D,4096,4096,4096,4,1,1,64,662.739,99.347,0.009,20057.5,31.978,2.857
      Intel(R) Xeon(R) CPU E5-2695 v2 @ 2.40GHz,MatrixMultiplication,TWO_D,4096,4096,4096,4,2,1,64,662.827,99.165,0.009,21604.2,32.56,2.763
      Intel(R) Xeon(R) CPU E5-2695 v2 @ 2.40GHz,MatrixMultiplication,TWO_D,4096,4096,4096,4,4,1,64,664.569,98.732,0.009,22390.4,31.662,2.865
      Intel(R) Xeon(R) CPU E5-2695 v2 @ 2.40GHz,MatrixMultiplication,TWO_D,4096,4096,4096,4,8,1,64,663.626,98.303,0.008,21372.4,34.911,2.628
      Intel(R) Xeon(R) CPU E5-2695 v2 @ 2.40GHz,MatrixMultiplication,TWO_D,4096,4096,4096,4,16,1,64,665.275,98.863,0.01,24268.6,36.095,2.927
      Intel(R) Xeon(R) CPU E5-2695 v2 @ 2.40GHz,MatrixMultiplication,TWO_D,4096,4096,4096,4,32,1,64,663.518,95.875,0.008,25991.4,31.666,2.919
      Intel(R) Xeon(R) CPU E5-2695 v2 @ 2.40GHz,MatrixMultiplication,TWO_D,4096,4096,4096,4,64,1,64,663.407,97.092,0.008,27063.2,34.937,2.618
      Intel(R) Xeon(R) CPU E5-2695 v2 @ 2.40GHz,MatrixMultiplication,TWO_D,4096,4096,4096,4,128,1,64,663.241,98.602,0.01,26254.3,36.118,2.673
      Intel(R) Xeon(R) CPU E5-2695 v2 @ 2.40GHz,MatrixMultiplication,TWO_D,4096,4096,4096,4,256,1,64,664.03,98.623,0.009,26890.6,35.821,3.249
      Intel(R) Xeon(R) CPU E5-2695 v2 @ 2.40GHz,MatrixMultiplication,TWO_D,4096,4096,4096,4,512,1,64,663.791,97.637,0.008,28671.5,36.247,3.166
      Intel(R) Xeon(R) CPU E5-2695 v2 @ 2.40GHz,MatrixMultiplication,TWO_D,4096,4096,4096,4,1024,1,64,661.812,97.273,0.01,25265.9,35.168,2.821
      Intel(R) Xeon(R) CPU E5-2695 v2 @ 2.40GHz,MatrixMultiplication,TWO_D,4096,4096,4096,4,2048,1,64,660.612,93.735,0.008,30611.4,33.157,3.45
      Intel(R) Xeon(R) CPU E5-2695 v2 @ 2.40GHz,MatrixMultiplication,TWO_D,4096,4096,4096,8,1,1,64,662.379,100.383,0.012,20002.6,36.086,2.985
      Intel(R) Xeon(R) CPU E5-2695 v2 @ 2.40GHz,MatrixMultiplication,TWO_D,4096,4096,4096,8,2,1,64,661.754,99.185,0.01,21961.9,35.556,3.088
      Intel(R) Xeon(R) CPU E5-2695 v2 @ 2.40GHz,MatrixMultiplication,TWO_D,4096,4096,4096,8,4,1,64,663.113,127.162,0.024,22331.8,32.738,3.158
      Intel(R) Xeon(R) CPU E5-2695 v2 @ 2.40GHz,MatrixMultiplication,TWO_D,4096,4096,4096,8,8,1,64,661.767,106.03,0.134,21794.6,35.969,2.978
      Intel(R) Xeon(R) CPU E5-2695 v2 @ 2.40GHz,MatrixMultiplication,TWO_D,4096,4096,4096,8,16,1,64,662.972,98.923,0.019,23878.3,35.943,3.03
      Intel(R) Xeon(R) CPU E5-2695 v2 @ 2.40GHz,MatrixMultiplication,TWO_D,4096,4096,4096,8,32,1,64,663.4,98.257,0.009,24555.2,32.608,2.799
      Intel(R) Xeon(R) CPU E5-2695 v2 @ 2.40GHz,MatrixMultiplication,TWO_D,4096,4096,4096,8,64,1,64,664.274,101.045,0.01,28115.8,34.787,2.62
      Intel(R) Xeon(R) CPU E5-2695 v2 @ 2.40GHz,MatrixMultiplication,TWO_D,4096,4096,4096,8,128,1,64,663.21,93.924,0.007,30727.2,37.007,2.943
      Intel(R) Xeon(R) CPU E5-2695 v2 @ 2.40GHz,MatrixMultiplication,TWO_D,4096,4096,4096,8,256,1,64,667.732,98.547,0.01,29217.4,38.058,2.859
      Intel(R) Xeon(R) CPU E5-2695 v2 @ 2.40GHz,MatrixMultiplication,TWO_D,4096,4096,4096,8,512,1,64,663.628,97.402,0.009,28255.9,31.767,2.855
      Intel(R) Xeon(R) CPU E5-2695 v2 @ 2.40GHz,MatrixMultiplication,TWO_D,4096,4096,4096,8,1024,1,64,662.575,97.781,0.024,29842.8,34.708,2.658
      Intel(R) Xeon(R) CPU E5-2695 v2 @ 2.40GHz,MatrixMultiplication,TWO_D,4096,4096,4096,16,1,1,64,663.638,98.787,0.01,19039,32.571,2.806
      Intel(R) Xeon(R) CPU E5-2695 v2 @ 2.40GHz,MatrixMultiplication,TWO_D,4096,4096,4096,16,2,1,64,664.384,97.45,0.009,19767.4,34.879,2.636
      Intel(R) Xeon(R) CPU E5-2695 v2 @ 2.40GHz,MatrixMultiplication,TWO_D,4096,4096,4096,16,4,1,64,662.269,99.086,0.009,19428.8,35.811,2.644
      Intel(R) Xeon(R) CPU E5-2695 v2 @ 2.40GHz,MatrixMultiplication,TWO_D,4096,4096,4096,16,8,1,64,662.711,94.656,0.021,22029.8,35.074,2.787
      Intel(R) Xeon(R) CPU E5-2695 v2 @ 2.40GHz,MatrixMultiplication,TWO_D,4096,4096,4096,16,16,1,64,663.002,99.024,0.009,22465.3,35.797,2.553
      Intel(R) Xeon(R) CPU E5-2695 v2 @ 2.40GHz,MatrixMultiplication,TWO_D,4096,4096,4096,16,32,1,64,662.981,96.152,0.007,23225.2,31.666,3.001
      Intel(R) Xeon(R) CPU E5-2695 v2 @ 2.40GHz,MatrixMultiplication,TWO_D,4096,4096,4096,16,64,1,64,663.463,95.052,0.008,23127.4,32.249,3.042
      Intel(R) Xeon(R) CPU E5-2695 v2 @ 2.40GHz,MatrixMultiplication,TWO_D,4096,4096,4096,16,128,1,64,663.24,98.99,0.008,26243.2,32.477,2.991
      Intel(R) Xeon(R) CPU E5-2695 v2 @ 2.40GHz,MatrixMultiplication,TWO_D,4096,4096,4096,16,256,1,64,664.135,97.605,0.008,27911.9,31.877,3.267
      Intel(R) Xeon(R) CPU E5-2695 v2 @ 2.40GHz,MatrixMultiplication,TWO_D,4096,4096,4096,16,512,1,64,662.76,99.884,0.01,33038.3,35.344,2.997
      Intel(R) Xeon(R) CPU E5-2695 v2 @ 2.40GHz,MatrixMultiplication,TWO_D,4096,4096,4096,32,1,1,64,662.018,95.136,0.008,18202,35.148,3.099
      Intel(R) Xeon(R) CPU E5-2695 v2 @ 2.40GHz,MatrixMultiplication,TWO_D,4096,4096,4096,32,2,1,64,662.007,99.094,0.024,19047,34.863,2.819
      Intel(R) Xeon(R) CPU E5-2695 v2 @ 2.40GHz,MatrixMultiplication,TWO_D,4096,4096,4096,32,4,1,64,661.568,100.585,0.008,21323.6,35.888,3.131
      Intel(R) Xeon(R) CPU E5-2695 v2 @ 2.40GHz,MatrixMultiplication,TWO_D,4096,4096,4096,32,8,1,64,662.618,100.449,0.01,20969,32.646,3.147
      Intel(R) Xeon(R) CPU E5-2695 v2 @ 2.40GHz,MatrixMultiplication,TWO_D,4096,4096,4096,32,16,1,64,661.984,100.019,0.01,21893.4,35.534,3.008
      Intel(R) Xeon(R) CPU E5-2695 v2 @ 2.40GHz,MatrixMultiplication,TWO_D,4096,4096,4096,32,32,1,64,662.488,94.439,0.008,20991,32.383,3.231
      Intel(R) Xeon(R) CPU E5-2695 v2 @ 2.40GHz,MatrixMultiplication,TWO_D,4096,4096,4096,32,64,1,64,662.827,99.829,0.011,22322.7,35.47,2.928
      Intel(R) Xeon(R) CPU E5-2695 v2 @ 2.40GHz,MatrixMultiplication,TWO_D,4096,4096,4096,32,128,1,64,661.501,100.237,0.01,22124.5,34.907,2.995
      Intel(R) Xeon(R) CPU E5-2695 v2 @ 2.40GHz,MatrixMultiplication,TWO_D,4096,4096,4096,32,256,1,64,662.593,99.436,0.01,25633.9,33.373,3.112
      Intel(R) Xeon(R) CPU E5-2695 v2 @ 2.40GHz,MatrixMultiplication,TWO_D,4096,4096,4096,64,1,1,64,663.245,101.764,0.024,18142.9,35.1,2.967
      Intel(R) Xeon(R) CPU E5-2695 v2 @ 2.40GHz,MatrixMultiplication,TWO_D,4096,4096,4096,64,2,1,64,682.449,96.045,0.008,20621,36.114,3.054
      Intel(R) Xeon(R) CPU E5-2695 v2 @ 2.40GHz,MatrixMultiplication,TWO_D,4096,4096,4096,64,4,1,64,661.832,97.654,0.008,17542.2,36.326,3.124
      Intel(R) Xeon(R) CPU E5-2695 v2 @ 2.40GHz,MatrixMultiplication,TWO_D,4096,4096,4096,64,8,1,64,661.999,99.024,0.012,21303.4,34.957,2.968
      Intel(R) Xeon(R) CPU E5-2695 v2 @ 2.40GHz,MatrixMultiplication,TWO_D,4096,4096,4096,64,16,1,64,661.9,93.428,0.008,21582.8,31.787,3.268
      Intel(R) Xeon(R) CPU E5-2695 v2 @ 2.40GHz,MatrixMultiplication,TWO_D,4096,4096,4096,64,32,1,64,662.969,99.92,0.012,20006,35.932,2.935
      Intel(R) Xeon(R) CPU E5-2695 v2 @ 2.40GHz,MatrixMultiplication,TWO_D,4096,4096,4096,64,64,1,64,662.618,99.616,0.008,19300.5,32.749,3.267
      Intel(R) Xeon(R) CPU E5-2695 v2 @ 2.40GHz,MatrixMultiplication,TWO_D,4096,4096,4096,64,128,1,64,662.943,99.496,0.01,20025.4,36.331,2.965
      Intel(R) Xeon(R) CPU E5-2695 v2 @ 2.40GHz,MatrixMultiplication,TWO_D,4096,4096,4096,128,1,1,64,661.783,96.385,0.008,17110.5,48.524,3.147
      Intel(R) Xeon(R) CPU E5-2695 v2 @ 2.40GHz,MatrixMultiplication,TWO_D,4096,4096,4096,128,2,1,64,662.101,98.345,0.011,16940,35.779,2.944
      Intel(R) Xeon(R) CPU E5-2695 v2 @ 2.40GHz,MatrixMultiplication,TWO_D,4096,4096,4096,128,4,1,64,662.577,96.302,0.008,18932.2,32.721,3.322
      Intel(R) Xeon(R) CPU E5-2695 v2 @ 2.40GHz,MatrixMultiplication,TWO_D,4096,4096,4096,128,8,1,64,661.214,100.935,0.01,18855,35.586,3.109
      Intel(R) Xeon(R) CPU E5-2695 v2 @ 2.40GHz,MatrixMultiplication,TWO_D,4096,4096,4096,128,16,1,64,663.252,102.644,0.01,17792.6,36.165,2.92
      Intel(R) Xeon(R) CPU E5-2695 v2 @ 2.40GHz,MatrixMultiplication,TWO_D,4096,4096,4096,128,32,1,64,661.757,95.217,0.008,16492.3,31.765,3.331
      Intel(R) Xeon(R) CPU E5-2695 v2 @ 2.40GHz,MatrixMultiplication,TWO_D,4096,4096,4096,128,64,1,64,663.8,101.777,0.01,18546,32.01,3.174
      Intel(R) Xeon(R) CPU E5-2695 v2 @ 2.40GHz,MatrixMultiplication,TWO_D,4096,4096,4096,256,1,1,64,662.521,97.972,0.01,13765.4,32.44,3.125
      Intel(R) Xeon(R) CPU E5-2695 v2 @ 2.40GHz,MatrixMultiplication,TWO_D,4096,4096,4096,256,2,1,64,663.176,99.081,0.008,15528,31.577,3.254
      Intel(R) Xeon(R) CPU E5-2695 v2 @ 2.40GHz,MatrixMultiplication,TWO_D,4096,4096,4096,256,4,1,64,662.855,98.059,0.01,15600.8,35.759,2.869
      Intel(R) Xeon(R) CPU E5-2695 v2 @ 2.40GHz,MatrixMultiplication,TWO_D,4096,4096,4096,256,8,1,64,662.024,94.014,0.007,15432,36.185,3.076
      Intel(R) Xeon(R) CPU E5-2695 v2 @ 2.40GHz,MatrixMultiplication,TWO_D,4096,4096,4096,256,16,1,64,661.948,95.703,0.007,14783.2,32.5,3.238
      Intel(R) Xeon(R) CPU E5-2695 v2 @ 2.40GHz,MatrixMultiplication,TWO_D,4096,4096,4096,256,32,1,64,662.124,100.535,0.024,15415.5,35.145,2.851
      Intel(R) Xeon(R) CPU E5-2695 v2 @ 2.40GHz,MatrixMultiplication,TWO_D,4096,4096,4096,512,1,1,64,661.778,99.729,0.008,11975.1,36.259,2.871
      Intel(R) Xeon(R) CPU E5-2695 v2 @ 2.40GHz,MatrixMultiplication,TWO_D,4096,4096,4096,512,2,1,64,662.363,99.898,0.008,12663,35.173,3.125
      Intel(R) Xeon(R) CPU E5-2695 v2 @ 2.40GHz,MatrixMultiplication,TWO_D,4096,4096,4096,512,4,1,64,662.288,100.518,0.013,14225.1,33.785,3.072
      Intel(R) Xeon(R) CPU E5-2695 v2 @ 2.40GHz,MatrixMultiplication,TWO_D,4096,4096,4096,512,8,1,64,662.624,98.371,0.009,14182.8,35.872,2.897
      Intel(R) Xeon(R) CPU E5-2695 v2 @ 2.40GHz,MatrixMultiplication,TWO_D,4096,4096,4096,512,16,1,64,662.454,99.026,0.008,14441.5,35.024,3.062
      Intel(R) Xeon(R) CPU E5-2695 v2 @ 2.40GHz,MatrixMultiplication,TWO_D,4096,4096,4096,1024,1,1,64,662.735,97.145,0.007,9568.38,36.048,3.086
      Intel(R) Xeon(R) CPU E5-2695 v2 @ 2.40GHz,MatrixMultiplication,TWO_D,4096,4096,4096,1024,2,1,64,662.284,100.625,0.009,8937.15,35.056,2.92
      Intel(R) Xeon(R) CPU E5-2695 v2 @ 2.40GHz,MatrixMultiplication,TWO_D,4096,4096,4096,1024,4,1,64,662.259,98.638,0.01,10322.1,32.679,3.09
      Intel(R) Xeon(R) CPU E5-2695 v2 @ 2.40GHz,MatrixMultiplication,TWO_D,4096,4096,4096,1024,8,1,64,662.291,95.342,0.007,11403.5,36.143,3.089
      Intel(R) Xeon(R) CPU E5-2695 v2 @ 2.40GHz,MatrixMultiplication,TWO_D,4096,4096,4096,2048,1,1,64,662.298,101.211,0.007,7569.16,35.769,3.135
      Intel(R) Xeon(R) CPU E5-2695 v2 @ 2.40GHz,MatrixMultiplication,TWO_D,4096,4096,4096,2048,2,1,64,662.428,98.986,0.009,8674.65,36.02,3.263
      Intel(R) Xeon(R) CPU E5-2695 v2 @ 2.40GHz,MatrixMultiplication,TWO_D,4096,4096,4096,2048,4,1,64,662.378,94.913,0.008,9753.77,35.071,3.133
      Intel(R) Xeon(R) CPU E5-2695 v2 @ 2.40GHz,MatrixMultiplication,TWO_D,4096,4096,4096,4096,1,1,64,662.817,100.157,0.01,6665.69,36.051,2.872
      Intel(R) Xeon(R) CPU E5-2695 v2 @ 2.40GHz,MatrixMultiplication,TWO_D,4096,4096,4096,4096,2,1,64,661.442,117.927,0.009,6901.64,32.025,3.036
      Intel(R) Xeon(R) CPU E5-2695 v2 @ 2.40GHz,MatrixMultiplication,TWO_D,4096,4096,4096,8192,1,1,64,661.604,94.521,0.008,-1,-1,-1
      Intel(R) Xeon(R) CPU E5-2695 v2 @ 2.40GHz,MatrixMultiplication,TWO_D,4096,4096,4096,1,1,1,64,874.77,144.615,0.013,92072.9,35.889,2.967
      Intel(R) Xeon(R) CPU E5-2695 v2 @ 2.40GHz,MatrixMultiplication,TWO_D,4096,4096,4096,1,2,1,64,667.286,101.259,0.012,94485.4,35.927,2.715
      Intel(R) Xeon(R) CPU E5-2695 v2 @ 2.40GHz,MatrixMultiplication,TWO_D,4096,4096,4096,1,4,1,64,666.739,119.346,0.009,96868,32.809,3.01
      Intel(R) Xeon(R) CPU E5-2695 v2 @ 2.40GHz,MatrixMultiplication,TWO_D,4096,4096,4096,1,8,1,64,665.892,94.739,0.008,100195,34.528,2.771
      Intel(R) Xeon(R) CPU E5-2695 v2 @ 2.40GHz,MatrixMultiplication,TWO_D,4096,4096,4096,1,16,1,64,661.39,100.053,0.009,111152,35.151,2.558
      Intel(R) Xeon(R) CPU E5-2695 v2 @ 2.40GHz,MatrixMultiplication,TWO_D,4096,4096,4096,1,32,1,64,659.186,99.888,0.01,136751,31.613,2.72
      Intel(R) Xeon(R) CPU E5-2695 v2 @ 2.40GHz,MatrixMultiplication,TWO_D,4096,4096,4096,1,64,1,64,656.827,97.436,0.009,116324,34.905,2.68
      Intel(R) Xeon(R) CPU E5-2695 v2 @ 2.40GHz,MatrixMultiplication,TWO_D,4096,4096,4096,1,128,1,64,656.976,99.114,0.008,124142,34.967,2.567
      Intel(R) Xeon(R) CPU E5-2695 v2 @ 2.40GHz,MatrixMultiplication,TWO_D,4096,4096,4096,1,256,1,64,656.767,94.341,0.007,109456,32.516,2.823
      Intel(R) Xeon(R) CPU E5-2695 v2 @ 2.40GHz,MatrixMultiplication,TWO_D,4096,4096,4096,1,512,1,64,657.409,98.865,0.009,112916,34.719,2.512
      Intel(R) Xeon(R) CPU E5-2695 v2 @ 2.40GHz,MatrixMultiplication,TWO_D,4096,4096,4096,1,1024,1,64,657.408,95.049,0.008,110946,35.219,2.767
      Intel(R) Xeon(R) CPU E5-2695 v2 @ 2.40GHz,MatrixMultiplication,TWO_D,4096,4096,4096,1,2048,1,64,658.069,97.428,0.008,112084,31.934,2.836
      Intel(R) Xeon(R) CPU E5-2695 v2 @ 2.40GHz,MatrixMultiplication,TWO_D,4096,4096,4096,1,4096,1,64,658.761,94.94,0.007,122543,35.598,2.827
      Intel(R) Xeon(R) CPU E5-2695 v2 @ 2.40GHz,MatrixMultiplication,TWO_D,4096,4096,4096,1,8192,1,64,657.711,98.033,0.009,-1,-1,-1
      Intel(R) Xeon(R) CPU E5-2695 v2 @ 2.40GHz,MatrixMultiplication,TWO_D,4096,4096,4096,2,1,1,64,657.928,96.053,0.007,82713.7,32.75,2.855
      Intel(R) Xeon(R) CPU E5-2695 v2 @ 2.40GHz,MatrixMultiplication,TWO_D,4096,4096,4096,2,2,1,64,657.687,99.106,0.009,86427.2,32.445,2.429
      Intel(R) Xeon(R) CPU E5-2695 v2 @ 2.40GHz,MatrixMultiplication,TWO_D,4096,4096,4096,2,4,1,64,657.584,95.054,0.007,99224,34.909,2.742
      Intel(R) Xeon(R) CPU E5-2695 v2 @ 2.40GHz,MatrixMultiplication,TWO_D,4096,4096,4096,2,8,1,64,657.536,98.344,0.007,96206.2,32.489,2.757
      Intel(R) Xeon(R) CPU E5-2695 v2 @ 2.40GHz,MatrixMultiplication,TWO_D,4096,4096,4096,2,16,1,64,658.951,100.206,0.008,106898,34.775,2.462
      Intel(R) Xeon(R) CPU E5-2695 v2 @ 2.40GHz,MatrixMultiplication,TWO_D,4096,4096,4096,2,32,1,64,658.198,97.847,0.01,112378,36.545,2.788
      Intel(R) Xeon(R) CPU E5-2695 v2 @ 2.40GHz,MatrixMultiplication,TWO_D,4096,4096,4096,2,64,1,64,678.645,98.695,0.011,129264,35.475,2.458
      Intel(R) Xeon(R) CPU E5-2695 v2 @ 2.40GHz,MatrixMultiplication,TWO_D,4096,4096,4096,2,128,1,64,678.7,100.057,0.023,107957,31.872,2.963
      Intel(R) Xeon(R) CPU E5-2695 v2 @ 2.40GHz,MatrixMultiplication,TWO_D,4096,4096,4096,2,256,1,64,675.354,98.025,0.007,141393,37.223,2.779
      Intel(R) Xeon(R) CPU E5-2695 v2 @ 2.40GHz,MatrixMultiplication,TWO_D,4096,4096,4096,2,512,1,64,671.175,95.938,0.021,108164,31.784,2.811
      Intel(R) Xeon(R) CPU E5-2695 v2 @ 2.40GHz,MatrixMultiplication,TWO_D,4096,4096,4096,2,1024,1,64,667.235,94.168,0.007,110615,32.44,2.896
      Intel(R) Xeon(R) CPU E5-2695 v2 @ 2.40GHz,MatrixMultiplication,TWO_D,4096,4096,4096,2,2048,1,64,662.055,96.876,0.022,126094,35.977,2.828
      Intel(R) Xeon(R) CPU E5-2695 v2 @ 2.40GHz,MatrixMultiplication,TWO_D,4096,4096,4096,2,4096,1,64,663.128,102.559,0.008,127975,36.103,2.807
      Intel(R) Xeon(R) CPU E5-2695 v2 @ 2.40GHz,MatrixMultiplication,TWO_D,4096,4096,4096,4,1,1,64,658.376,102.518,0.021,20067,35.26,3.171
      Intel(R) Xeon(R) CPU E5-2695 v2 @ 2.40GHz,MatrixMultiplication,TWO_D,4096,4096,4096,4,2,1,64,666.331,109.335,0.01,22105.3,36.852,2.814
      Intel(R) Xeon(R) CPU E5-2695 v2 @ 2.40GHz,MatrixMultiplication,TWO_D,4096,4096,4096,4,4,1,64,666.683,99.949,0.011,21485.9,35.673,2.773
      Intel(R) Xeon(R) CPU E5-2695 v2 @ 2.40GHz,MatrixMultiplication,TWO_D,4096,4096,4096,4,8,1,64,668.235,101.312,0.008,23703.7,35.214,3.198
      Intel(R) Xeon(R) CPU E5-2695 v2 @ 2.40GHz,MatrixMultiplication,TWO_D,4096,4096,4096,4,16,1,64,665.549,100.033,0.011,24194.9,33.525,2.8
      Intel(R) Xeon(R) CPU E5-2695 v2 @ 2.40GHz,MatrixMultiplication,TWO_D,4096,4096,4096,4,32,1,64,660.198,99.809,0.008,27133.2,35.984,2.645
      Intel(R) Xeon(R) CPU E5-2695 v2 @ 2.40GHz,MatrixMultiplication,TWO_D,4096,4096,4096,4,64,1,64,656.924,94.66,0.008,27054.5,32.428,2.783
      Intel(R) Xeon(R) CPU E5-2695 v2 @ 2.40GHz,MatrixMultiplication,TWO_D,4096,4096,4096,4,128,1,64,657.642,94.533,0.008,31191.7,35.905,2.714
      Intel(R) Xeon(R) CPU E5-2695 v2 @ 2.40GHz,MatrixMultiplication,TWO_D,4096,4096,4096,4,256,1,64,657.221,96.528,0.009,28011.7,35.078,2.501
      Intel(R) Xeon(R) CPU E5-2695 v2 @ 2.40GHz,MatrixMultiplication,TWO_D,4096,4096,4096,4,512,1,64,666.285,99.586,0.01,31252.8,32.234,2.669
      Intel(R) Xeon(R) CPU E5-2695 v2 @ 2.40GHz,MatrixMultiplication,TWO_D,4096,4096,4096,4,1024,1,64,658.715,98.984,0.008,34669.4,32.908,2.859
      Intel(R) Xeon(R) CPU E5-2695 v2 @ 2.40GHz,MatrixMultiplication,TWO_D,4096,4096,4096,4,2048,1,64,656.278,93.876,0.007,33729,32.601,2.912
      Intel(R) Xeon(R) CPU E5-2695 v2 @ 2.40GHz,MatrixMultiplication,TWO_D,4096,4096,4096,8,1,1,64,659.026,97.857,0.007,20539.2,34.989,2.622
      Intel(R) Xeon(R) CPU E5-2695 v2 @ 2.40GHz,MatrixMultiplication,TWO_D,4096,4096,4096,8,2,1,64,676.208,97.481,0.009,21603.4,32.87,2.644
      Intel(R) Xeon(R) CPU E5-2695 v2 @ 2.40GHz,MatrixMultiplication,TWO_D,4096,4096,4096,8,4,1,64,658.745,98.086,0.02,22182.6,35.198,3.067
      Intel(R) Xeon(R) CPU E5-2695 v2 @ 2.40GHz,MatrixMultiplication,TWO_D,4096,4096,4096,8,8,1,64,665.368,94.751,0.008,24050.2,33.162,3.087
      Intel(R) Xeon(R) CPU E5-2695 v2 @ 2.40GHz,MatrixMultiplication,TWO_D,4096,4096,4096,8,16,1,64,666.731,103.18,0.009,22222.1,35.556,2.946
      Intel(R) Xeon(R) CPU E5-2695 v2 @ 2.40GHz,MatrixMultiplication,TWO_D,4096,4096,4096,8,32,1,64,665.79,96.218,0.009,24359.2,36.229,2.96
      Intel(R) Xeon(R) CPU E5-2695 v2 @ 2.40GHz,MatrixMultiplication,TWO_D,4096,4096,4096,8,64,1,64,666.136,97.942,0.007,26823.3,35.143,2.651
      Intel(R) Xeon(R) CPU E5-2695 v2 @ 2.40GHz,MatrixMultiplication,TWO_D,4096,4096,4096,8,128,1,64,659.763,93.744,0.007,29328.5,32.87,2.841
      Intel(R) Xeon(R) CPU E5-2695 v2 @ 2.40GHz,MatrixMultiplication,TWO_D,4096,4096,4096,8,256,1,64,657.049,98.548,0.009,32149.4,35.206,2.713
      Intel(R) Xeon(R) CPU E5-2695 v2 @ 2.40GHz,MatrixMultiplication,TWO_D,4096,4096,4096,8,512,1,64,657.153,100.505,0.01,28375.1,35.148,2.454
      Intel(R) Xeon(R) CPU E5-2695 v2 @ 2.40GHz,MatrixMultiplication,TWO_D,4096,4096,4096,8,1024,1,64,657.343,102.254,0.008,26490.9,31.581,2.891
      Intel(R) Xeon(R) CPU E5-2695 v2 @ 2.40GHz,MatrixMultiplication,TWO_D,4096,4096,4096,16,1,1,64,657.804,93.764,0.008,18365.7,32.798,2.792
      Intel(R) Xeon(R) CPU E5-2695 v2 @ 2.40GHz,MatrixMultiplication,TWO_D,4096,4096,4096,16,2,1,64,658.683,106.757,0.01,20958.7,34.867,3.024
      Intel(R) Xeon(R) CPU E5-2695 v2 @ 2.40GHz,MatrixMultiplication,TWO_D,4096,4096,4096,16,4,1,64,667.516,119.667,0.01,20984.7,34.956,2.805
      Intel(R) Xeon(R) CPU E5-2695 v2 @ 2.40GHz,MatrixMultiplication,TWO_D,4096,4096,4096,16,8,1,64,666.284,100.174,0.01,21819.7,35.523,2.841
      Intel(R) Xeon(R) CPU E5-2695 v2 @ 2.40GHz,MatrixMultiplication,TWO_D,4096,4096,4096,16,16,1,64,666.711,100.354,0.007,23159.2,35.696,3.154
      Intel(R) Xeon(R) CPU E5-2695 v2 @ 2.40GHz,MatrixMultiplication,TWO_D,4096,4096,4096,16,32,1,64,667.009,96.045,0.008,23596.1,31.658,2.952
      Intel(R) Xeon(R) CPU E5-2695 v2 @ 2.40GHz,MatrixMultiplication,TWO_D,4096,4096,4096,16,64,1,64,659.947,97.78,0.009,24836.7,36.556,2.602
      Intel(R) Xeon(R) CPU E5-2695 v2 @ 2.40GHz,MatrixMultiplication,TWO_D,4096,4096,4096,16,128,1,64,658.327,98.308,0.007,24777.8,36.394,2.631
      Intel(R) Xeon(R) CPU E5-2695 v2 @ 2.40GHz,MatrixMultiplication,TWO_D,4096,4096,4096,16,256,1,64,659.039,94.421,0.008,28568.8,32.347,2.872
      Intel(R) Xeon(R) CPU E5-2695 v2 @ 2.40GHz,MatrixMultiplication,TWO_D,4096,4096,4096,16,512,1,64,660.307,97.526,0.01,29950.4,34.85,2.477
      Intel(R) Xeon(R) CPU E5-2695 v2 @ 2.40GHz,MatrixMultiplication,TWO_D,4096,4096,4096,32,1,1,64,659.305,98.193,0.008,14863.1,36.289,2.698
      Intel(R) Xeon(R) CPU E5-2695 v2 @ 2.40GHz,MatrixMultiplication,TWO_D,4096,4096,4096,32,2,1,64,657.1,95.579,0.007,19120.8,31.667,2.704
      Intel(R) Xeon(R) CPU E5-2695 v2 @ 2.40GHz,MatrixMultiplication,TWO_D,4096,4096,4096,32,4,1,64,657.772,98.592,0.01,20705.1,33.044,2.626
      Intel(R) Xeon(R) CPU E5-2695 v2 @ 2.40GHz,MatrixMultiplication,TWO_D,4096,4096,4096,32,8,1,64,657.099,98.684,0.009,21978.3,35.113,2.459
      Intel(R) Xeon(R) CPU E5-2695 v2 @ 2.40GHz,MatrixMultiplication,TWO_D,4096,4096,4096,32,16,1,64,658.455,95.692,0.007,21267.8,31.66,2.698
      Intel(R) Xeon(R) CPU E5-2695 v2 @ 2.40GHz,MatrixMultiplication,TWO_D,4096,4096,4096,32,32,1,64,658.664,105.567,0.01,20202.8,34.982,3.034
      Intel(R) Xeon(R) CPU E5-2695 v2 @ 2.40GHz,MatrixMultiplication,TWO_D,4096,4096,4096,32,64,1,64,665.49,96.919,0.019,22448,35.924,3.002
      Intel(R) Xeon(R) CPU E5-2695 v2 @ 2.40GHz,MatrixMultiplication,TWO_D,4096,4096,4096,32,128,1,64,667.76,97.413,0.008,23125.1,32.642,3.179
      Intel(R) Xeon(R) CPU E5-2695 v2 @ 2.40GHz,MatrixMultiplication,TWO_D,4096,4096,4096,32,256,1,64,667.627,99.012,0.007,26479.1,31.601,3.152
      Intel(R) Xeon(R) CPU E5-2695 v2 @ 2.40GHz,MatrixMultiplication,TWO_D,4096,4096,4096,64,1,1,64,665.993,99.561,0.009,17753,34.964,2.982
      Intel(R) Xeon(R) CPU E5-2695 v2 @ 2.40GHz,MatrixMultiplication,TWO_D,4096,4096,4096,64,2,1,64,667.583,102.423,0.01,18865.6,35.397,2.723
      Intel(R) Xeon(R) CPU E5-2695 v2 @ 2.40GHz,MatrixMultiplication,TWO_D,4096,4096,4096,64,4,1,64,665.666,97.014,0.008,19590,32.256,3.062
      Intel(R) Xeon(R) CPU E5-2695 v2 @ 2.40GHz,MatrixMultiplication,TWO_D,4096,4096,4096,64,8,1,64,667.696,101.778,0.01,21475.9,32.51,2.954
      Intel(R) Xeon(R) CPU E5-2695 v2 @ 2.40GHz,MatrixMultiplication,TWO_D,4096,4096,4096,64,16,1,64,665.729,109.834,0.009,19291.7,35.442,2.748
      Intel(R) Xeon(R) CPU E5-2695 v2 @ 2.40GHz,MatrixMultiplication,TWO_D,4096,4096,4096,64,32,1,64,660.658,99.594,0.01,21091.3,31.793,2.71
      Intel(R) Xeon(R) CPU E5-2695 v2 @ 2.40GHz,MatrixMultiplication,TWO_D,4096,4096,4096,64,64,1,64,658.838,95.636,0.009,20714.6,34.981,2.623
      Intel(R) Xeon(R) CPU E5-2695 v2 @ 2.40GHz,MatrixMultiplication,TWO_D,4096,4096,4096,64,128,1,64,657.735,98.779,0.007,21399.5,31.743,2.725
      Intel(R) Xeon(R) CPU E5-2695 v2 @ 2.40GHz,MatrixMultiplication,TWO_D,4096,4096,4096,128,1,1,64,658.484,97.37,0.006,15559.3,31.523,2.749
      Intel(R) Xeon(R) CPU E5-2695 v2 @ 2.40GHz,MatrixMultiplication,TWO_D,4096,4096,4096,128,2,1,64,658.54,100.28,0.007,17722.9,35.123,2.657
      Intel(R) Xeon(R) CPU E5-2695 v2 @ 2.40GHz,MatrixMultiplication,TWO_D,4096,4096,4096,128,4,1,64,657.596,94.694,0.008,16782,32.815,2.875
      Intel(R) Xeon(R) CPU E5-2695 v2 @ 2.40GHz,MatrixMultiplication,TWO_D,4096,4096,4096,128,8,1,64,657.466,100.451,0.009,17481.6,35.921,2.426
      Intel(R) Xeon(R) CPU E5-2695 v2 @ 2.40GHz,MatrixMultiplication,TWO_D,4096,4096,4096,128,16,1,64,657.238,94.795,0.007,18327.1,34.931,2.746
      Intel(R) Xeon(R) CPU E5-2695 v2 @ 2.40GHz,MatrixMultiplication,TWO_D,4096,4096,4096,128,32,1,64,658.47,97.179,0.008,14410.1,31.557,2.864
      Intel(R) Xeon(R) CPU E5-2695 v2 @ 2.40GHz,MatrixMultiplication,TWO_D,4096,4096,4096,128,64,1,64,657.162,97.883,0.008,17043.1,36.308,2.719
      Intel(R) Xeon(R) CPU E5-2695 v2 @ 2.40GHz,MatrixMultiplication,TWO_D,4096,4096,4096,256,1,1,64,656.904,95.375,0.007,14971.2,35.582,2.687
      Intel(R) Xeon(R) CPU E5-2695 v2 @ 2.40GHz,MatrixMultiplication,TWO_D,4096,4096,4096,256,2,1,64,657.191,97.99,0.008,15596.7,32.533,2.673
      Intel(R) Xeon(R) CPU E5-2695 v2 @ 2.40GHz,MatrixMultiplication,TWO_D,4096,4096,4096,256,4,1,64,657.638,97.554,0.008,15680.2,36.38,2.701
      Intel(R) Xeon(R) CPU E5-2695 v2 @ 2.40GHz,MatrixMultiplication,TWO_D,4096,4096,4096,256,8,1,64,656.656,93.331,0.008,13759.3,31.543,2.784
      Intel(R) Xeon(R) CPU E5-2695 v2 @ 2.40GHz,MatrixMultiplication,TWO_D,4096,4096,4096,256,16,1,64,658.495,99.479,0.008,15763,33.238,2.775
      Intel(R) Xeon(R) CPU E5-2695 v2 @ 2.40GHz,MatrixMultiplication,TWO_D,4096,4096,4096,256,32,1,64,657.245,101.717,0.009,15883.5,33.207,2.61
      Intel(R) Xeon(R) CPU E5-2695 v2 @ 2.40GHz,MatrixMultiplication,TWO_D,4096,4096,4096,512,1,1,64,657.937,96.31,0.007,12438.9,31.787,2.785
      Intel(R) Xeon(R) CPU E5-2695 v2 @ 2.40GHz,MatrixMultiplication,TWO_D,4096,4096,4096,512,2,1,64,657.051,97.293,0.009,12414.6,35.622,2.494
      Intel(R) Xeon(R) CPU E5-2695 v2 @ 2.40GHz,MatrixMultiplication,TWO_D,4096,4096,4096,512,4,1,64,656.812,101.656,0.024,13384.7,32.556,2.829
      Intel(R) Xeon(R) CPU E5-2695 v2 @ 2.40GHz,MatrixMultiplication,TWO_D,4096,4096,4096,512,8,1,64,659.345,104.207,0.019,13026.4,36.137,3.076
      Intel(R) Xeon(R) CPU E5-2695 v2 @ 2.40GHz,MatrixMultiplication,TWO_D,4096,4096,4096,512,16,1,64,665.044,100.823,0.01,12592.9,34.958,2.839
      Intel(R) Xeon(R) CPU E5-2695 v2 @ 2.40GHz,MatrixMultiplication,TWO_D,4096,4096,4096,1024,1,1,64,666.475,99.767,0.009,9878.93,34.937,2.987
      Intel(R) Xeon(R) CPU E5-2695 v2 @ 2.40GHz,MatrixMultiplication,TWO_D,4096,4096,4096,1024,2,1,64,666.175,98.895,0.009,9281.94,34.867,2.803
      Intel(R) Xeon(R) CPU E5-2695 v2 @ 2.40GHz,MatrixMultiplication,TWO_D,4096,4096,4096,1024,4,1,64,668.547,101.136,0.01,9906.9,36.124,2.718
      Intel(R) Xeon(R) CPU E5-2695 v2 @ 2.40GHz,MatrixMultiplication,TWO_D,4096,4096,4096,1024,8,1,64,665.861,98.541,0.009,12258.9,34.976,3.021
      Intel(R) Xeon(R) CPU E5-2695 v2 @ 2.40GHz,MatrixMultiplication,TWO_D,4096,4096,4096,2048,1,1,64,666.502,97.102,0.008,7682.13,35.641,3.096
      Intel(R) Xeon(R) CPU E5-2695 v2 @ 2.40GHz,MatrixMultiplication,TWO_D,4096,4096,4096,2048,2,1,64,667.82,100.757,0.011,7440.81,35.206,2.803
      Intel(R) Xeon(R) CPU E5-2695 v2 @ 2.40GHz,MatrixMultiplication,TWO_D,4096,4096,4096,2048,4,1,64,666.8,99.326,0.008,9527.01,35.223,3.046
      Intel(R) Xeon(R) CPU E5-2695 v2 @ 2.40GHz,MatrixMultiplication,TWO_D,4096,4096,4096,4096,1,1,64,665.188,99.75,0.018,6655.19,35.73,2.869
      Intel(R) Xeon(R) CPU E5-2695 v2 @ 2.40GHz,MatrixMultiplication,TWO_D,4096,4096,4096,4096,2,1,64,667.576,101.523,0.007,7090.98,35.969,3.085
      Intel(R) Xeon(R) CPU E5-2695 v2 @ 2.40GHz,MatrixMultiplication,TWO_D,4096,4096,4096,8192,1,1,64,667.358,102.245,0.01,-1,-1,-1
      Intel(R) Xeon(R) CPU E5-2695 v2 @ 2.40GHz,MatrixMultiplication,TWO_D,4096,4096,4096,1,1,1,64,668.162,106.043,0.011,83631.3,35.877,2.932
      Intel(R) Xeon(R) CPU E5-2695 v2 @ 2.40GHz,MatrixMultiplication,TWO_D,4096,4096,4096,1,2,1,64,661.832,95.103,0.009,93376.3,35.589,3.488
      Intel(R) Xeon(R) CPU E5-2695 v2 @ 2.40GHz,MatrixMultiplication,TWO_D,4096,4096,4096,1,4,1,64,662.693,98.538,0.009,95532.3,36.236,3.306
      Intel(R) Xeon(R) CPU E5-2695 v2 @ 2.40GHz,MatrixMultiplication,TWO_D,4096,4096,4096,1,8,1,64,681.318,98.914,0.009,100717,33.219,3.308
      Intel(R) Xeon(R) CPU E5-2695 v2 @ 2.40GHz,MatrixMultiplication,TWO_D,4096,4096,4096,1,16,1,64,662.625,100.66,0.011,118063,36.064,3.029
      Intel(R) Xeon(R) CPU E5-2695 v2 @ 2.40GHz,MatrixMultiplication,TWO_D,4096,4096,4096,1,32,1,64,662.847,98.731,0.008,123109,35.043,3.205
      Intel(R) Xeon(R) CPU E5-2695 v2 @ 2.40GHz,MatrixMultiplication,TWO_D,4096,4096,4096,1,64,1,64,663.273,97.84,0.009,121803,36.138,3.254
      Intel(R) Xeon(R) CPU E5-2695 v2 @ 2.40GHz,MatrixMultiplication,TWO_D,4096,4096,4096,1,128,1,64,662.608,99.084,0.01,125310,34.902,3.061
      Intel(R) Xeon(R) CPU E5-2695 v2 @ 2.40GHz,MatrixMultiplication,TWO_D,4096,4096,4096,1,256,1,64,661.057,112.717,0.008,109615,33.404,3.482
      Intel(R) Xeon(R) CPU E5-2695 v2 @ 2.40GHz,MatrixMultiplication,TWO_D,4096,4096,4096,1,512,1,64,662.343,96.239,0.008,122070,36.392,3.262
      Intel(R) Xeon(R) CPU E5-2695 v2 @ 2.40GHz,MatrixMultiplication,TWO_D,4096,4096,4096,1,1024,1,64,663.017,100.496,0.009,102580,35.241,3.288
      Intel(R) Xeon(R) CPU E5-2695 v2 @ 2.40GHz,MatrixMultiplication,TWO_D,4096,4096,4096,1,2048,1,64,662.682,94.666,0.008,105057,31.852,3.526
      Intel(R) Xeon(R) CPU E5-2695 v2 @ 2.40GHz,MatrixMultiplication,TWO_D,4096,4096,4096,1,4096,1,64,663.067,98.651,0.024,114543,35.935,3.209
      Intel(R) Xeon(R) CPU E5-2695 v2 @ 2.40GHz,MatrixMultiplication,TWO_D,4096,4096,4096,1,8192,1,64,661.924,98.963,0.009,-1,-1,-1
      Intel(R) Xeon(R) CPU E5-2695 v2 @ 2.40GHz,MatrixMultiplication,TWO_D,4096,4096,4096,2,1,1,64,662.587,97.11,0.01,93425.6,35.36,2.997
      Intel(R) Xeon(R) CPU E5-2695 v2 @ 2.40GHz,MatrixMultiplication,TWO_D,4096,4096,4096,2,2,1,64,681.372,100.309,0.009,91970,35.053,3.202
      Intel(R) Xeon(R) CPU E5-2695 v2 @ 2.40GHz,MatrixMultiplication,TWO_D,4096,4096,4096,2,4,1,64,668.739,99.812,0.009,87583.8,32.128,3.416
      Intel(R) Xeon(R) CPU E5-2695 v2 @ 2.40GHz,MatrixMultiplication,TWO_D,4096,4096,4096,2,8,1,64,662.618,99.476,0.01,99864,32.757,3.188
      Intel(R) Xeon(R) CPU E5-2695 v2 @ 2.40GHz,MatrixMultiplication,TWO_D,4096,4096,4096,2,16,1,64,663.201,99.357,0.022,101300,35.949,3.324
      Intel(R) Xeon(R) CPU E5-2695 v2 @ 2.40GHz,MatrixMultiplication,TWO_D,4096,4096,4096,2,32,1,64,663.109,98.595,0.01,120988,33.619,3.222
      Intel(R) Xeon(R) CPU E5-2695 v2 @ 2.40GHz,MatrixMultiplication,TWO_D,4096,4096,4096,2,64,1,64,662.549,97.002,0.011,123634,34.116,3.13
      Intel(R) Xeon(R) CPU E5-2695 v2 @ 2.40GHz,MatrixMultiplication,TWO_D,4096,4096,4096,2,128,1,64,664.149,98.512,0.011,119364,36.329,3.04
      Intel(R) Xeon(R) CPU E5-2695 v2 @ 2.40GHz,MatrixMultiplication,TWO_D,4096,4096,4096,2,256,1,64,663.931,99.631,0.01,116662,35.382,3.095
      Intel(R) Xeon(R) CPU E5-2695 v2 @ 2.40GHz,MatrixMultiplication,TWO_D,4096,4096,4096,2,512,1,64,662.461,99.997,0.008,99125.3,35.177,3.29
      Intel(R) Xeon(R) CPU E5-2695 v2 @ 2.40GHz,MatrixMultiplication,TWO_D,4096,4096,4096,2,1024,1,64,662.311,98.436,0.01,98145.7,35.635,3.066
      Intel(R) Xeon(R) CPU E5-2695 v2 @ 2.40GHz,MatrixMultiplication,TWO_D,4096,4096,4096,2,2048,1,64,662.688,99.131,0.019,114203,32.871,3.234
      Intel(R) Xeon(R) CPU E5-2695 v2 @ 2.40GHz,MatrixMultiplication,TWO_D,4096,4096,4096,2,4096,1,64,662.547,95.382,0.009,112387,36.558,3.323
      Intel(R) Xeon(R) CPU E5-2695 v2 @ 2.40GHz,MatrixMultiplication,TWO_D,4096,4096,4096,4,1,1,64,661.971,101.356,0.008,20409.1,32.576,3.349
      Intel(R) Xeon(R) CPU E5-2695 v2 @ 2.40GHz,MatrixMultiplication,TWO_D,4096,4096,4096,4,2,1,64,662.983,97.042,0.01,22875.8,36.207,3.056
      Intel(R) Xeon(R) CPU E5-2695 v2 @ 2.40GHz,MatrixMultiplication,TWO_D,4096,4096,4096,4,4,1,64,683.35,99.973,0.008,23494.6,36.002,3.254
      Intel(R) Xeon(R) CPU E5-2695 v2 @ 2.40GHz,MatrixMultiplication,TWO_D,4096,4096,4096,4,8,1,64,663.112,96.535,0.009,23697.1,31.576,3.378
      Intel(R) Xeon(R) CPU E5-2695 v2 @ 2.40GHz,MatrixMultiplication,TWO_D,4096,4096,4096,4,16,1,64,663.213,100.405,0.01,24148.7,34.561,3.213
      Intel(R) Xeon(R) CPU E5-2695 v2 @ 2.40GHz,MatrixMultiplication,TWO_D,4096,4096,4096,4,32,1,64,662.417,100.157,0.008,25957.6,31.633,3.411
      Intel(R) Xeon(R) CPU E5-2695 v2 @ 2.40GHz,MatrixMultiplication,TWO_D,4096,4096,4096,4,64,1,64,664.843,94.967,0.009,28833.6,36.234,3.098
      Intel(R) Xeon(R) CPU E5-2695 v2 @ 2.40GHz,MatrixMultiplication,TWO_D,4096,4096,4096,4,128,1,64,663.909,95.907,0.008,32563.9,32.674,3.193
      Intel(R) Xeon(R) CPU E5-2695 v2 @ 2.40GHz,MatrixMultiplication,TWO_D,4096,4096,4096,4,256,1,64,663.292,98.352,0.01,29205.9,35.62,2.863
      Intel(R) Xeon(R) CPU E5-2695 v2 @ 2.40GHz,MatrixMultiplication,TWO_D,4096,4096,4096,4,512,1,64,672.052,93.294,0.009,29991.9,32.414,3.391
      Intel(R) Xeon(R) CPU E5-2695 v2 @ 2.40GHz,MatrixMultiplication,TWO_D,4096,4096,4096,4,1024,1,64,664.108,94.52,0.008,32694.1,35.391,3.082
      Intel(R) Xeon(R) CPU E5-2695 v2 @ 2.40GHz,MatrixMultiplication,TWO_D,4096,4096,4096,4,2048,1,64,663.24,96.678,0.012,29461.2,32.683,2.943
      Intel(R) Xeon(R) CPU E5-2695 v2 @ 2.40GHz,MatrixMultiplication,TWO_D,4096,4096,4096,8,1,1,64,663.173,97.679,0.01,20040.4,35.404,2.858
      Intel(R) Xeon(R) CPU E5-2695 v2 @ 2.40GHz,MatrixMultiplication,TWO_D,4096,4096,4096,8,2,1,64,663.928,98.775,0.011,22034,35.402,2.769
      Intel(R) Xeon(R) CPU E5-2695 v2 @ 2.40GHz,MatrixMultiplication,TWO_D,4096,4096,4096,8,4,1,64,663.592,93.871,0.01,20924.7,36.036,2.958
      Intel(R) Xeon(R) CPU E5-2695 v2 @ 2.40GHz,MatrixMultiplication,TWO_D,4096,4096,4096,8,8,1,64,663.522,94.779,0.009,22912.2,36.008,3.023
      Intel(R) Xeon(R) CPU E5-2695 v2 @ 2.40GHz,MatrixMultiplication,TWO_D,4096,4096,4096,8,16,1,64,663.247,99.629,0.009,23968,36.412,3.203
      Intel(R) Xeon(R) CPU E5-2695 v2 @ 2.40GHz,MatrixMultiplication,TWO_D,4096,4096,4096,8,32,1,64,663.229,93.533,0.009,23637,32.938,3.233
      Intel(R) Xeon(R) CPU E5-2695 v2 @ 2.40GHz,MatrixMultiplication,TWO_D,4096,4096,4096,8,64,1,64,664.331,100.067,0.011,27397.8,36.132,2.941
      Intel(R) Xeon(R) CPU E5-2695 v2 @ 2.40GHz,MatrixMultiplication,TWO_D,4096,4096,4096,8,128,1,64,664.873,99.585,0.011,27866.6,35.556,2.889
      Intel(R) Xeon(R) CPU E5-2695 v2 @ 2.40GHz,MatrixMultiplication,TWO_D,4096,4096,4096,8,256,1,64,663.121,98.121,0.018,29358.7,32.596,3.223
      Intel(R) Xeon(R) CPU E5-2695 v2 @ 2.40GHz,MatrixMultiplication,TWO_D,4096,4096,4096,8,512,1,64,663.56,99.569,0.011,29661.6,31.784,3.066
      Intel(R) Xeon(R) CPU E5-2695 v2 @ 2.40GHz,MatrixMultiplication,TWO_D,4096,4096,4096,8,1024,1,64,663.341,96.223,0.008,32230.2,32.573,3.274
      Intel(R) Xeon(R) CPU E5-2695 v2 @ 2.40GHz,MatrixMultiplication,TWO_D,4096,4096,4096,16,1,1,64,664.079,100.514,0.01,18179.7,34.866,2.944
      Intel(R) Xeon(R) CPU E5-2695 v2 @ 2.40GHz,MatrixMultiplication,TWO_D,4096,4096,4096,16,2,1,64,663.392,93.729,0.009,21731.5,34.989,3.042
      Intel(R) Xeon(R) CPU E5-2695 v2 @ 2.40GHz,MatrixMultiplication,TWO_D,4096,4096,4096,16,4,1,64,664.12,99.385,0.009,20668.1,32.469,3.224
      Intel(R) Xeon(R) CPU E5-2695 v2 @ 2.40GHz,MatrixMultiplication,TWO_D,4096,4096,4096,16,8,1,64,663.473,95.369,0.009,21956.7,35.904,3.067
      Intel(R) Xeon(R) CPU E5-2695 v2 @ 2.40GHz,MatrixMultiplication,TWO_D,4096,4096,4096,16,16,1,64,664.278,97.391,0.009,22277.1,32.508,3.318
      Intel(R) Xeon(R) CPU E5-2695 v2 @ 2.40GHz,MatrixMultiplication,TWO_D,4096,4096,4096,16,32,1,64,663.383,94.949,0.009,22380.9,31.825,3.214
      Intel(R) Xeon(R) CPU E5-2695 v2 @ 2.40GHz,MatrixMultiplication,TWO_D,4096,4096,4096,16,64,1,64,664.215,97.387,0.01,23642.5,35.257,2.884
      Intel(R) Xeon(R) CPU E5-2695 v2 @ 2.40GHz,MatrixMultiplication,TWO_D,4096,4096,4096,16,128,1,64,663.752,97.545,0.011,24127.9,31.656,3.065
      Intel(R) Xeon(R) CPU E5-2695 v2 @ 2.40GHz,MatrixMultiplication,TWO_D,4096,4096,4096,16,256,1,64,663.408,99.771,0.008,28816.6,31.659,3.285
      Intel(R) Xeon(R) CPU E5-2695 v2 @ 2.40GHz,MatrixMultiplication,TWO_D,4096,4096,4096,16,512,1,64,665.418,100.54,0.011,33446.8,31.771,3.028
      Intel(R) Xeon(R) CPU E5-2695 v2 @ 2.40GHz,MatrixMultiplication,TWO_D,4096,4096,4096,32,1,1,64,663.263,99.809,0.011,18966.3,34.755,2.855
      Intel(R) Xeon(R) CPU E5-2695 v2 @ 2.40GHz,MatrixMultiplication,TWO_D,4096,4096,4096,32,2,1,64,663.439,94.393,0.009,21468.3,31.693,3.147
      Intel(R) Xeon(R) CPU E5-2695 v2 @ 2.40GHz,MatrixMultiplication,TWO_D,4096,4096,4096,32,4,1,64,663.168,99.006,0.011,22071.9,36.145,2.902
      Intel(R) Xeon(R) CPU E5-2695 v2 @ 2.40GHz,MatrixMultiplication,TWO_D,4096,4096,4096,32,8,1,64,665.64,99.059,0.01,20329.4,35.032,2.888
      Intel(R) Xeon(R) CPU E5-2695 v2 @ 2.40GHz,MatrixMultiplication,TWO_D,4096,4096,4096,32,16,1,64,662.795,99.136,0.011,21138.4,36.079,2.786
      Intel(R) Xeon(R) CPU E5-2695 v2 @ 2.40GHz,MatrixMultiplication,TWO_D,4096,4096,4096,32,32,1,64,663.041,96.601,0.008,21185.8,35.033,3.113
      Intel(R) Xeon(R) CPU E5-2695 v2 @ 2.40GHz,MatrixMultiplication,TWO_D,4096,4096,4096,32,64,1,64,663.084,93.342,0.008,22591.3,34.91,3.228
      Intel(R) Xeon(R) CPU E5-2695 v2 @ 2.40GHz,MatrixMultiplication,TWO_D,4096,4096,4096,32,128,1,64,663.406,98.388,0.01,23568.5,35.16,2.863
      Intel(R) Xeon(R) CPU E5-2695 v2 @ 2.40GHz,MatrixMultiplication,TWO_D,4096,4096,4096,32,256,1,64,663.508,97.897,0.011,24365.3,36.37,2.98
      Intel(R) Xeon(R) CPU E5-2695 v2 @ 2.40GHz,MatrixMultiplication,TWO_D,4096,4096,4096,64,1,1,64,662.953,96.022,0.008,16882,31.854,3.177
      Intel(R) Xeon(R) CPU E5-2695 v2 @ 2.40GHz,MatrixMultiplication,TWO_D,4096,4096,4096,64,2,1,64,664.305,98.838,0.011,17038.6,36.045,2.915
      Intel(R) Xeon(R) CPU E5-2695 v2 @ 2.40GHz,MatrixMultiplication,TWO_D,4096,4096,4096,64,4,1,64,664.643,95.696,0.008,21538.6,36.186,3.131
      Intel(R) Xeon(R) CPU E5-2695 v2 @ 2.40GHz,MatrixMultiplication,TWO_D,4096,4096,4096,64,8,1,64,664.081,97.396,0.008,20970.7,35.793,3.107
      Intel(R) Xeon(R) CPU E5-2695 v2 @ 2.40GHz,MatrixMultiplication,TWO_D,4096,4096,4096,64,16,1,64,664.064,98.823,0.011,20786.8,32.602,2.939
      Intel(R) Xeon(R) CPU E5-2695 v2 @ 2.40GHz,MatrixMultiplication,TWO_D,4096,4096,4096,64,32,1,64,664.078,101.545,0.008,18921.4,35.927,3.072
      Intel(R) Xeon(R) CPU E5-2695 v2 @ 2.40GHz,MatrixMultiplication,TWO_D,4096,4096,4096,64,64,1,64,663.197,96.2,0.008,19863.5,32.929,3.207
      Intel(R) Xeon(R) CPU E5-2695 v2 @ 2.40GHz,MatrixMultiplication,TWO_D,4096,4096,4096,64,128,1,64,664.194,97.33,0.007,20009.2,32.657,3.139
      Intel(R) Xeon(R) CPU E5-2695 v2 @ 2.40GHz,MatrixMultiplication,TWO_D,4096,4096,4096,128,1,1,64,663.488,98.047,0.009,15463.7,31.745,3.199
      Intel(R) Xeon(R) CPU E5-2695 v2 @ 2.40GHz,MatrixMultiplication,TWO_D,4096,4096,4096,128,2,1,64,663.348,99.844,0.022,19546.2,34.964,3.084
      Intel(R) Xeon(R) CPU E5-2695 v2 @ 2.40GHz,MatrixMultiplication,TWO_D,4096,4096,4096,128,4,1,64,663.084,94.373,0.008,18574.3,32.53,3.284
      Intel(R) Xeon(R) CPU E5-2695 v2 @ 2.40GHz,MatrixMultiplication,TWO_D,4096,4096,4096,128,8,1,64,663.28,94.73,0.008,16898.8,35.822,3.002
      Intel(R) Xeon(R) CPU E5-2695 v2 @ 2.40GHz,MatrixMultiplication,TWO_D,4096,4096,4096,128,16,1,64,663.087,94.829,0.008,18225.4,32.444,3.234
      Intel(R) Xeon(R) CPU E5-2695 v2 @ 2.40GHz,MatrixMultiplication,TWO_D,4096,4096,4096,128,32,1,64,663.261,99.001,0.026,19267.9,32.997,3.039
      Intel(R) Xeon(R) CPU E5-2695 v2 @ 2.40GHz,MatrixMultiplication,TWO_D,4096,4096,4096,128,64,1,64,663.394,99.129,0.011,18626.5,31.778,3.06
      Intel(R) Xeon(R) CPU E5-2695 v2 @ 2.40GHz,MatrixMultiplication,TWO_D,4096,4096,4096,256,1,1,64,663.555,98.223,0.01,16496.6,32.918,3.066
      Intel(R) Xeon(R) CPU E5-2695 v2 @ 2.40GHz,MatrixMultiplication,TWO_D,4096,4096,4096,256,2,1,64,664.404,98.464,0.01,14578.2,34.97,2.917
      Intel(R) Xeon(R) CPU E5-2695 v2 @ 2.40GHz,MatrixMultiplication,TWO_D,4096,4096,4096,256,4,1,64,663.048,101.808,0.01,14944.6,36.335,2.993
      Intel(R) Xeon(R) CPU E5-2695 v2 @ 2.40GHz,MatrixMultiplication,TWO_D,4096,4096,4096,256,8,1,64,662.773,93.646,0.008,18114.2,31.906,3.243
      Intel(R) Xeon(R) CPU E5-2695 v2 @ 2.40GHz,MatrixMultiplication,TWO_D,4096,4096,4096,256,16,1,64,664.212,99.825,0.011,14482.4,35.39,2.917
      Intel(R) Xeon(R) CPU E5-2695 v2 @ 2.40GHz,MatrixMultiplication,TWO_D,4096,4096,4096,256,32,1,64,663.758,98.904,0.01,15817.2,35.962,2.826
      Intel(R) Xeon(R) CPU E5-2695 v2 @ 2.40GHz,MatrixMultiplication,TWO_D,4096,4096,4096,512,1,1,64,664.078,101.573,0.01,13926.6,36.791,2.782
      Intel(R) Xeon(R) CPU E5-2695 v2 @ 2.40GHz,MatrixMultiplication,TWO_D,4096,4096,4096,512,2,1,64,665.365,93.732,0.007,13108.7,32.624,3.212
      Intel(R) Xeon(R) CPU E5-2695 v2 @ 2.40GHz,MatrixMultiplication,TWO_D,4096,4096,4096,512,4,1,64,663.453,100.101,0.011,12838.6,33.356,3.02
      Intel(R) Xeon(R) CPU E5-2695 v2 @ 2.40GHz,MatrixMultiplication,TWO_D,4096,4096,4096,512,8,1,64,663.171,99.249,0.011,13483.5,36.046,2.887
      Intel(R) Xeon(R) CPU E5-2695 v2 @ 2.40GHz,MatrixMultiplication,TWO_D,4096,4096,4096,512,16,1,64,664.057,98.203,0.011,12919.1,31.774,3.069
      Intel(R) Xeon(R) CPU E5-2695 v2 @ 2.40GHz,MatrixMultiplication,TWO_D,4096,4096,4096,1024,1,1,64,663.255,95.667,0.007,9562.71,35.663,3.049
      Intel(R) Xeon(R) CPU E5-2695 v2 @ 2.40GHz,MatrixMultiplication,TWO_D,4096,4096,4096,1024,2,1,64,663.362,95.827,0.008,10394,35.3,3.06
      Intel(R) Xeon(R) CPU E5-2695 v2 @ 2.40GHz,MatrixMultiplication,TWO_D,4096,4096,4096,1024,4,1,64,664.772,97.096,0.011,10489.6,36.087,2.815
      Intel(R) Xeon(R) CPU E5-2695 v2 @ 2.40GHz,MatrixMultiplication,TWO_D,4096,4096,4096,1024,8,1,64,663.077,93.659,0.009,11312.8,34.763,3.303
      Intel(R) Xeon(R) CPU E5-2695 v2 @ 2.40GHz,MatrixMultiplication,TWO_D,4096,4096,4096,2048,1,1,64,664.822,103.904,0.016,8966.94,35.131,2.822
      Intel(R) Xeon(R) CPU E5-2695 v2 @ 2.40GHz,MatrixMultiplication,TWO_D,4096,4096,4096,2048,2,1,64,663.219,99.389,0.008,9829.93,36.061,3.07
      Intel(R) Xeon(R) CPU E5-2695 v2 @ 2.40GHz,MatrixMultiplication,TWO_D,4096,4096,4096,2048,4,1,64,664.521,100.83,0.011,8875.2,31.901,3.079
      Intel(R) Xeon(R) CPU E5-2695 v2 @ 2.40GHz,MatrixMultiplication,TWO_D,4096,4096,4096,4096,1,1,64,663.374,99.446,0.01,8963.93,32.503,2.991
      Intel(R) Xeon(R) CPU E5-2695 v2 @ 2.40GHz,MatrixMultiplication,TWO_D,4096,4096,4096,4096,2,1,64,663.507,95.424,0.008,9254.25,33.208,3.222
      Intel(R) Xeon(R) CPU E5-2695 v2 @ 2.40GHz,MatrixMultiplication,TWO_D,4096,4096,4096,8192,1,1,64,671.415,99.16,0.01,-1,-1,-1
