device/C,kernel/C,workDimension/C,N/F,P/F,M/F,xLocal/I,yLocal/I,zLocal/I,MB/F,init/F,memoryCopyOut/F,plan/F,execute/F,memoryCopyIn/F,cleanUp/F
      Intel(R) Xeon(R) CPU E5-2695 v2 @ 2.40GHz,MatrixMultiplication,TWO_D,2896,2896,2896,1,1,1,31.9932,333.814,60.33,0.01,2502.2,17.434,2.712
      Intel(R) Xeon(R) CPU E5-2695 v2 @ 2.40GHz,MatrixMultiplication,TWO_D,2896,2896,2896,1,2,1,31.9932,330.995,50.512,0.011,2435.01,15.702,3.007
      Intel(R) Xeon(R) CPU E5-2695 v2 @ 2.40GHz,MatrixMultiplication,TWO_D,2896,2896,2896,1,4,1,31.9932,330.598,50.64,0.01,2475.76,17.252,2.663
      Intel(R) Xeon(R) CPU E5-2695 v2 @ 2.40GHz,MatrixMultiplication,TWO_D,2896,2896,2896,1,8,1,31.9932,331.276,47.918,0.007,2538.69,16.16,3.375
      Intel(R) Xeon(R) CPU E5-2695 v2 @ 2.40GHz,MatrixMultiplication,TWO_D,2896,2896,2896,1,16,1,31.9932,331.287,50.174,0.011,2536.67,17.673,2.9
      Intel(R) Xeon(R) CPU E5-2695 v2 @ 2.40GHz,MatrixMultiplication,TWO_D,2896,2896,2896,1,32,1,31.9932,331.179,50.116,0.01,-1,-1,-1
      Intel(R) Xeon(R) CPU E5-2695 v2 @ 2.40GHz,MatrixMultiplication,TWO_D,2896,2896,2896,1,64,1,31.9932,331.703,51.498,0.011,-1,-1,-1
      Intel(R) Xeon(R) CPU E5-2695 v2 @ 2.40GHz,MatrixMultiplication,TWO_D,2896,2896,2896,1,128,1,31.9932,331.426,48.186,0.008,-1,-1,-1
      Intel(R) Xeon(R) CPU E5-2695 v2 @ 2.40GHz,MatrixMultiplication,TWO_D,2896,2896,2896,1,256,1,31.9932,331.327,50.671,0.01,-1,-1,-1
      Intel(R) Xeon(R) CPU E5-2695 v2 @ 2.40GHz,MatrixMultiplication,TWO_D,2896,2896,2896,1,512,1,31.9932,331.558,50.99,0.008,-1,-1,-1
      Intel(R) Xeon(R) CPU E5-2695 v2 @ 2.40GHz,MatrixMultiplication,TWO_D,2896,2896,2896,1,1024,1,31.9932,328.401,51.002,0.01,-1,-1,-1
      Intel(R) Xeon(R) CPU E5-2695 v2 @ 2.40GHz,MatrixMultiplication,TWO_D,2896,2896,2896,1,2048,1,31.9932,331.193,49.694,0.011,-1,-1,-1
      Intel(R) Xeon(R) CPU E5-2695 v2 @ 2.40GHz,MatrixMultiplication,TWO_D,2896,2896,2896,1,4096,1,31.9932,330.968,50.247,0.011,-1,-1,-1
      Intel(R) Xeon(R) CPU E5-2695 v2 @ 2.40GHz,MatrixMultiplication,TWO_D,2896,2896,2896,1,8192,1,31.9932,330.934,51.959,0.011,-1,-1,-1
      Intel(R) Xeon(R) CPU E5-2695 v2 @ 2.40GHz,MatrixMultiplication,TWO_D,2896,2896,2896,2,1,1,31.9932,332.021,54.079,0.009,2547.47,17.069,3.366
      Intel(R) Xeon(R) CPU E5-2695 v2 @ 2.40GHz,MatrixMultiplication,TWO_D,2896,2896,2896,2,2,1,31.9932,331.268,50.822,0.011,2469.69,17.357,2.846
      Intel(R) Xeon(R) CPU E5-2695 v2 @ 2.40GHz,MatrixMultiplication,TWO_D,2896,2896,2896,2,4,1,31.9932,331.394,49.417,0.011,2495.6,16.091,3.087
      Intel(R) Xeon(R) CPU E5-2695 v2 @ 2.40GHz,MatrixMultiplication,TWO_D,2896,2896,2896,2,8,1,31.9932,331.233,50.838,0.011,2530.21,17.246,2.976
      Intel(R) Xeon(R) CPU E5-2695 v2 @ 2.40GHz,MatrixMultiplication,TWO_D,2896,2896,2896,2,16,1,31.9932,331.378,51.611,0.01,2534.36,25.568,2.762
      Intel(R) Xeon(R) CPU E5-2695 v2 @ 2.40GHz,MatrixMultiplication,TWO_D,2896,2896,2896,2,32,1,31.9932,331.219,58.362,0.009,-1,-1,-1
      Intel(R) Xeon(R) CPU E5-2695 v2 @ 2.40GHz,MatrixMultiplication,TWO_D,2896,2896,2896,2,64,1,31.9932,332.129,50.57,0.009,-1,-1,-1
      Intel(R) Xeon(R) CPU E5-2695 v2 @ 2.40GHz,MatrixMultiplication,TWO_D,2896,2896,2896,2,128,1,31.9932,331.027,47.564,0.008,-1,-1,-1
      Intel(R) Xeon(R) CPU E5-2695 v2 @ 2.40GHz,MatrixMultiplication,TWO_D,2896,2896,2896,2,256,1,31.9932,331.694,51.292,0.009,-1,-1,-1
      Intel(R) Xeon(R) CPU E5-2695 v2 @ 2.40GHz,MatrixMultiplication,TWO_D,2896,2896,2896,2,512,1,31.9932,332.385,51.509,0.008,-1,-1,-1
      Intel(R) Xeon(R) CPU E5-2695 v2 @ 2.40GHz,MatrixMultiplication,TWO_D,2896,2896,2896,2,1024,1,31.9932,331.134,50.645,0.011,-1,-1,-1
      Intel(R) Xeon(R) CPU E5-2695 v2 @ 2.40GHz,MatrixMultiplication,TWO_D,2896,2896,2896,2,2048,1,31.9932,332.076,49.961,0.012,-1,-1,-1
      Intel(R) Xeon(R) CPU E5-2695 v2 @ 2.40GHz,MatrixMultiplication,TWO_D,2896,2896,2896,2,4096,1,31.9932,331.258,50.309,0.012,-1,-1,-1
      Intel(R) Xeon(R) CPU E5-2695 v2 @ 2.40GHz,MatrixMultiplication,TWO_D,2896,2896,2896,4,1,1,31.9932,331.545,54.433,0.01,643.894,15.402,3.124
      Intel(R) Xeon(R) CPU E5-2695 v2 @ 2.40GHz,MatrixMultiplication,TWO_D,2896,2896,2896,4,2,1,31.9932,331.887,48.188,0.009,655.561,17.065,2.759
      Intel(R) Xeon(R) CPU E5-2695 v2 @ 2.40GHz,MatrixMultiplication,TWO_D,2896,2896,2896,4,4,1,31.9932,332.198,48.03,0.009,677.222,17.366,2.745
      Intel(R) Xeon(R) CPU E5-2695 v2 @ 2.40GHz,MatrixMultiplication,TWO_D,2896,2896,2896,4,8,1,31.9932,332.01,49.723,0.013,677.44,17.441,2.614
      Intel(R) Xeon(R) CPU E5-2695 v2 @ 2.40GHz,MatrixMultiplication,TWO_D,2896,2896,2896,4,16,1,31.9932,333.275,50.272,0.01,673.032,17.504,2.628
      Intel(R) Xeon(R) CPU E5-2695 v2 @ 2.40GHz,MatrixMultiplication,TWO_D,2896,2896,2896,4,32,1,31.9932,331.947,50.363,0.011,-1,-1,-1
      Intel(R) Xeon(R) CPU E5-2695 v2 @ 2.40GHz,MatrixMultiplication,TWO_D,2896,2896,2896,4,64,1,31.9932,331.582,49.767,0.009,-1,-1,-1
      Intel(R) Xeon(R) CPU E5-2695 v2 @ 2.40GHz,MatrixMultiplication,TWO_D,2896,2896,2896,4,128,1,31.9932,332.354,51.1,0.011,-1,-1,-1
      Intel(R) Xeon(R) CPU E5-2695 v2 @ 2.40GHz,MatrixMultiplication,TWO_D,2896,2896,2896,4,256,1,31.9932,331.605,49.901,0.011,-1,-1,-1
      Intel(R) Xeon(R) CPU E5-2695 v2 @ 2.40GHz,MatrixMultiplication,TWO_D,2896,2896,2896,4,512,1,31.9932,331.823,51.254,0.008,-1,-1,-1
      Intel(R) Xeon(R) CPU E5-2695 v2 @ 2.40GHz,MatrixMultiplication,TWO_D,2896,2896,2896,4,1024,1,31.9932,329.374,50.462,0.01,-1,-1,-1
      Intel(R) Xeon(R) CPU E5-2695 v2 @ 2.40GHz,MatrixMultiplication,TWO_D,2896,2896,2896,4,2048,1,31.9932,331.729,49.965,0.01,-1,-1,-1
      Intel(R) Xeon(R) CPU E5-2695 v2 @ 2.40GHz,MatrixMultiplication,TWO_D,2896,2896,2896,8,1,1,31.9932,332.849,49.97,0.011,666.179,17.252,2.672
      Intel(R) Xeon(R) CPU E5-2695 v2 @ 2.40GHz,MatrixMultiplication,TWO_D,2896,2896,2896,8,2,1,31.9932,332.089,51.027,0.01,670.884,17.139,2.704
      Intel(R) Xeon(R) CPU E5-2695 v2 @ 2.40GHz,MatrixMultiplication,TWO_D,2896,2896,2896,8,4,1,31.9932,332.597,48.707,0.008,638.52,16.898,3.093
      Intel(R) Xeon(R) CPU E5-2695 v2 @ 2.40GHz,MatrixMultiplication,TWO_D,2896,2896,2896,8,8,1,31.9932,332.086,48.075,0.007,657.45,15.941,3.356
      Intel(R) Xeon(R) CPU E5-2695 v2 @ 2.40GHz,MatrixMultiplication,TWO_D,2896,2896,2896,8,16,1,31.9932,332.745,50.474,0.012,672.57,17.478,2.644
      Intel(R) Xeon(R) CPU E5-2695 v2 @ 2.40GHz,MatrixMultiplication,TWO_D,2896,2896,2896,8,32,1,31.9932,331.784,49.127,0.01,-1,-1,-1
      Intel(R) Xeon(R) CPU E5-2695 v2 @ 2.40GHz,MatrixMultiplication,TWO_D,2896,2896,2896,8,64,1,31.9932,331.756,49.776,0.009,-1,-1,-1
      Intel(R) Xeon(R) CPU E5-2695 v2 @ 2.40GHz,MatrixMultiplication,TWO_D,2896,2896,2896,8,128,1,31.9932,332.95,50.202,0.011,-1,-1,-1
      Intel(R) Xeon(R) CPU E5-2695 v2 @ 2.40GHz,MatrixMultiplication,TWO_D,2896,2896,2896,8,256,1,31.9932,331.599,50.354,0.008,-1,-1,-1
      Intel(R) Xeon(R) CPU E5-2695 v2 @ 2.40GHz,MatrixMultiplication,TWO_D,2896,2896,2896,8,512,1,31.9932,328.702,48.948,0.008,-1,-1,-1
      Intel(R) Xeon(R) CPU E5-2695 v2 @ 2.40GHz,MatrixMultiplication,TWO_D,2896,2896,2896,8,1024,1,31.9932,331.789,49.56,0.009,-1,-1,-1
      Intel(R) Xeon(R) CPU E5-2695 v2 @ 2.40GHz,MatrixMultiplication,TWO_D,2896,2896,2896,16,1,1,31.9932,331.697,51.36,0.011,664.866,15.351,2.836
      Intel(R) Xeon(R) CPU E5-2695 v2 @ 2.40GHz,MatrixMultiplication,TWO_D,2896,2896,2896,16,2,1,31.9932,331.857,50.273,0.011,647.68,16.986,2.689
      Intel(R) Xeon(R) CPU E5-2695 v2 @ 2.40GHz,MatrixMultiplication,TWO_D,2896,2896,2896,16,4,1,31.9932,331.791,51.944,0.009,676.461,17.471,3.186
      Intel(R) Xeon(R) CPU E5-2695 v2 @ 2.40GHz,MatrixMultiplication,TWO_D,2896,2896,2896,16,8,1,31.9932,331.898,49.42,0.011,658.309,15.822,2.819
      Intel(R) Xeon(R) CPU E5-2695 v2 @ 2.40GHz,MatrixMultiplication,TWO_D,2896,2896,2896,16,16,1,31.9932,332.848,51.988,0.008,649.286,16.948,3.141
      Intel(R) Xeon(R) CPU E5-2695 v2 @ 2.40GHz,MatrixMultiplication,TWO_D,2896,2896,2896,16,32,1,31.9932,331.993,50.077,0.01,-1,-1,-1
      Intel(R) Xeon(R) CPU E5-2695 v2 @ 2.40GHz,MatrixMultiplication,TWO_D,2896,2896,2896,16,64,1,31.9932,332.202,51.839,0.007,-1,-1,-1
      Intel(R) Xeon(R) CPU E5-2695 v2 @ 2.40GHz,MatrixMultiplication,TWO_D,2896,2896,2896,16,128,1,31.9932,329.053,50.517,0.01,-1,-1,-1
      Intel(R) Xeon(R) CPU E5-2695 v2 @ 2.40GHz,MatrixMultiplication,TWO_D,2896,2896,2896,16,256,1,31.9932,332.421,51.433,0.009,-1,-1,-1
      Intel(R) Xeon(R) CPU E5-2695 v2 @ 2.40GHz,MatrixMultiplication,TWO_D,2896,2896,2896,16,512,1,31.9932,328.426,50.193,0.012,-1,-1,-1
      Intel(R) Xeon(R) CPU E5-2695 v2 @ 2.40GHz,MatrixMultiplication,TWO_D,2896,2896,2896,32,1,1,31.9932,331.992,52.335,0.008,-1,-1,-1
      Intel(R) Xeon(R) CPU E5-2695 v2 @ 2.40GHz,MatrixMultiplication,TWO_D,2896,2896,2896,32,2,1,31.9932,328.468,49.843,0.01,-1,-1,-1
      Intel(R) Xeon(R) CPU E5-2695 v2 @ 2.40GHz,MatrixMultiplication,TWO_D,2896,2896,2896,32,4,1,31.9932,331.972,50.533,0.011,-1,-1,-1
      Intel(R) Xeon(R) CPU E5-2695 v2 @ 2.40GHz,MatrixMultiplication,TWO_D,2896,2896,2896,32,8,1,31.9932,332.346,50.88,0.01,-1,-1,-1
      Intel(R) Xeon(R) CPU E5-2695 v2 @ 2.40GHz,MatrixMultiplication,TWO_D,2896,2896,2896,32,16,1,31.9932,331.547,50.135,0.011,-1,-1,-1
      Intel(R) Xeon(R) CPU E5-2695 v2 @ 2.40GHz,MatrixMultiplication,TWO_D,2896,2896,2896,32,32,1,31.9932,331.796,49.927,0.01,-1,-1,-1
      Intel(R) Xeon(R) CPU E5-2695 v2 @ 2.40GHz,MatrixMultiplication,TWO_D,2896,2896,2896,32,64,1,31.9932,331.484,49.984,0.012,-1,-1,-1
      Intel(R) Xeon(R) CPU E5-2695 v2 @ 2.40GHz,MatrixMultiplication,TWO_D,2896,2896,2896,32,128,1,31.9932,332.474,50.147,0.01,-1,-1,-1
      Intel(R) Xeon(R) CPU E5-2695 v2 @ 2.40GHz,MatrixMultiplication,TWO_D,2896,2896,2896,32,256,1,31.9932,331.762,57.827,0.008,-1,-1,-1
      Intel(R) Xeon(R) CPU E5-2695 v2 @ 2.40GHz,MatrixMultiplication,TWO_D,2896,2896,2896,64,1,1,31.9932,328.693,50.525,0.011,-1,-1,-1
      Intel(R) Xeon(R) CPU E5-2695 v2 @ 2.40GHz,MatrixMultiplication,TWO_D,2896,2896,2896,64,2,1,31.9932,332.091,50.261,0.011,-1,-1,-1
      Intel(R) Xeon(R) CPU E5-2695 v2 @ 2.40GHz,MatrixMultiplication,TWO_D,2896,2896,2896,64,4,1,31.9932,331.639,50.538,0.011,-1,-1,-1
      Intel(R) Xeon(R) CPU E5-2695 v2 @ 2.40GHz,MatrixMultiplication,TWO_D,2896,2896,2896,64,8,1,31.9932,332.922,55.358,0.009,-1,-1,-1
      Intel(R) Xeon(R) CPU E5-2695 v2 @ 2.40GHz,MatrixMultiplication,TWO_D,2896,2896,2896,64,16,1,31.9932,331.969,56.633,0.022,-1,-1,-1
      Intel(R) Xeon(R) CPU E5-2695 v2 @ 2.40GHz,MatrixMultiplication,TWO_D,2896,2896,2896,64,32,1,31.9932,331.982,55.228,0.009,-1,-1,-1
      Intel(R) Xeon(R) CPU E5-2695 v2 @ 2.40GHz,MatrixMultiplication,TWO_D,2896,2896,2896,64,64,1,31.9932,328.78,50.444,0.01,-1,-1,-1
      Intel(R) Xeon(R) CPU E5-2695 v2 @ 2.40GHz,MatrixMultiplication,TWO_D,2896,2896,2896,64,128,1,31.9932,331.638,56.007,0.01,-1,-1,-1
      Intel(R) Xeon(R) CPU E5-2695 v2 @ 2.40GHz,MatrixMultiplication,TWO_D,2896,2896,2896,128,1,1,31.9932,329.475,58.473,0.008,-1,-1,-1
      Intel(R) Xeon(R) CPU E5-2695 v2 @ 2.40GHz,MatrixMultiplication,TWO_D,2896,2896,2896,128,2,1,31.9932,328.448,50.143,0.01,-1,-1,-1
      Intel(R) Xeon(R) CPU E5-2695 v2 @ 2.40GHz,MatrixMultiplication,TWO_D,2896,2896,2896,128,4,1,31.9932,331.954,50.09,0.011,-1,-1,-1
      Intel(R) Xeon(R) CPU E5-2695 v2 @ 2.40GHz,MatrixMultiplication,TWO_D,2896,2896,2896,128,8,1,31.9932,331.671,49.641,0.01,-1,-1,-1
      Intel(R) Xeon(R) CPU E5-2695 v2 @ 2.40GHz,MatrixMultiplication,TWO_D,2896,2896,2896,128,16,1,31.9932,331.752,51.967,0.01,-1,-1,-1
      Intel(R) Xeon(R) CPU E5-2695 v2 @ 2.40GHz,MatrixMultiplication,TWO_D,2896,2896,2896,128,32,1,31.9932,333.143,57.702,0.01,-1,-1,-1
      Intel(R) Xeon(R) CPU E5-2695 v2 @ 2.40GHz,MatrixMultiplication,TWO_D,2896,2896,2896,128,64,1,31.9932,328.276,50.912,0.01,-1,-1,-1
      Intel(R) Xeon(R) CPU E5-2695 v2 @ 2.40GHz,MatrixMultiplication,TWO_D,2896,2896,2896,256,1,1,31.9932,332.075,55.044,0.008,-1,-1,-1
      Intel(R) Xeon(R) CPU E5-2695 v2 @ 2.40GHz,MatrixMultiplication,TWO_D,2896,2896,2896,256,2,1,31.9932,337.464,50.613,0.011,-1,-1,-1
      Intel(R) Xeon(R) CPU E5-2695 v2 @ 2.40GHz,MatrixMultiplication,TWO_D,2896,2896,2896,256,4,1,31.9932,332.534,50.08,0.011,-1,-1,-1
      Intel(R) Xeon(R) CPU E5-2695 v2 @ 2.40GHz,MatrixMultiplication,TWO_D,2896,2896,2896,256,8,1,31.9932,333.205,50.3,0.01,-1,-1,-1
      Intel(R) Xeon(R) CPU E5-2695 v2 @ 2.40GHz,MatrixMultiplication,TWO_D,2896,2896,2896,256,16,1,31.9932,331.64,50.063,0.011,-1,-1,-1
      Intel(R) Xeon(R) CPU E5-2695 v2 @ 2.40GHz,MatrixMultiplication,TWO_D,2896,2896,2896,256,32,1,31.9932,331.949,55.958,0.008,-1,-1,-1
      Intel(R) Xeon(R) CPU E5-2695 v2 @ 2.40GHz,MatrixMultiplication,TWO_D,2896,2896,2896,512,1,1,31.9932,331.37,50.712,0.01,-1,-1,-1
      Intel(R) Xeon(R) CPU E5-2695 v2 @ 2.40GHz,MatrixMultiplication,TWO_D,2896,2896,2896,512,2,1,31.9932,331.584,50.273,0.01,-1,-1,-1
      Intel(R) Xeon(R) CPU E5-2695 v2 @ 2.40GHz,MatrixMultiplication,TWO_D,2896,2896,2896,512,4,1,31.9932,332.587,50.283,0.011,-1,-1,-1
      Intel(R) Xeon(R) CPU E5-2695 v2 @ 2.40GHz,MatrixMultiplication,TWO_D,2896,2896,2896,512,8,1,31.9932,331.585,50.284,0.01,-1,-1,-1
      Intel(R) Xeon(R) CPU E5-2695 v2 @ 2.40GHz,MatrixMultiplication,TWO_D,2896,2896,2896,512,16,1,31.9932,332.121,56.52,0.008,-1,-1,-1
      Intel(R) Xeon(R) CPU E5-2695 v2 @ 2.40GHz,MatrixMultiplication,TWO_D,2896,2896,2896,1024,1,1,31.9932,331.364,56.457,0.009,-1,-1,-1
      Intel(R) Xeon(R) CPU E5-2695 v2 @ 2.40GHz,MatrixMultiplication,TWO_D,2896,2896,2896,1024,2,1,31.9932,332.114,51.479,0.01,-1,-1,-1
      Intel(R) Xeon(R) CPU E5-2695 v2 @ 2.40GHz,MatrixMultiplication,TWO_D,2896,2896,2896,1024,4,1,31.9932,332.285,56.057,0.009,-1,-1,-1
      Intel(R) Xeon(R) CPU E5-2695 v2 @ 2.40GHz,MatrixMultiplication,TWO_D,2896,2896,2896,1024,8,1,31.9932,332.14,58.743,0.009,-1,-1,-1
      Intel(R) Xeon(R) CPU E5-2695 v2 @ 2.40GHz,MatrixMultiplication,TWO_D,2896,2896,2896,2048,1,1,31.9932,332.14,54.881,0.024,-1,-1,-1
      Intel(R) Xeon(R) CPU E5-2695 v2 @ 2.40GHz,MatrixMultiplication,TWO_D,2896,2896,2896,2048,2,1,31.9932,331.79,56.906,0.009,-1,-1,-1
      Intel(R) Xeon(R) CPU E5-2695 v2 @ 2.40GHz,MatrixMultiplication,TWO_D,2896,2896,2896,2048,4,1,31.9932,332.178,57.686,0.01,-1,-1,-1
      Intel(R) Xeon(R) CPU E5-2695 v2 @ 2.40GHz,MatrixMultiplication,TWO_D,2896,2896,2896,4096,1,1,31.9932,331.53,52.174,0.011,-1,-1,-1
      Intel(R) Xeon(R) CPU E5-2695 v2 @ 2.40GHz,MatrixMultiplication,TWO_D,2896,2896,2896,4096,2,1,31.9932,331.99,56.607,0.008,-1,-1,-1
      Intel(R) Xeon(R) CPU E5-2695 v2 @ 2.40GHz,MatrixMultiplication,TWO_D,2896,2896,2896,8192,1,1,31.9932,331.656,50.829,0.01,-1,-1,-1
