device/C,kernel/C,workDimension/C,width/F,height/F,xLocal/I,yLocal/I,zLocal/I,MB/F,init/F,memoryCopyOut/F,plan/F,execute/F,memoryCopyIn/F,cleanUp/F
Intel Xeon Phi coprocessor x100 family,LUDecomposition,TWO_D,1536,1536,1,1,1,18,53.442,14.023,0.007,2199.4,18.412,3.605
Intel Xeon Phi coprocessor x100 family,LUDecomposition,TWO_D,1536,1536,1,2,1,18,71.543,17.289,0.007,1576.95,19.075,3.688
Intel Xeon Phi coprocessor x100 family,LUDecomposition,TWO_D,1536,1536,1,4,1,18,67.266,17.203,0.008,1274.39,18.304,3.824
Intel Xeon Phi coprocessor x100 family,LUDecomposition,TWO_D,1536,1536,1,8,1,18,66.754,17.168,0.008,1098.26,20.761,3.856
Intel Xeon Phi coprocessor x100 family,LUDecomposition,TWO_D,1536,1536,1,16,1,18,69.134,17.864,0.007,990.429,16.901,3.65
Intel Xeon Phi coprocessor x100 family,LUDecomposition,TWO_D,1536,1536,1,32,1,18,63.994,17.794,0.007,947.179,24.41,3.64
Intel Xeon Phi coprocessor x100 family,LUDecomposition,TWO_D,1536,1536,1,64,1,18,90.149,17.521,0.009,900.457,17.65,3.88
Intel Xeon Phi coprocessor x100 family,LUDecomposition,TWO_D,1536,1536,1,128,1,18,75.927,17.253,0.009,847.029,16.857,3.552
Intel Xeon Phi coprocessor x100 family,LUDecomposition,TWO_D,1536,1536,1,256,1,18,65.032,16.975,0.006,775.395,14.039,3.138
Intel Xeon Phi coprocessor x100 family,LUDecomposition,TWO_D,1536,1536,1,512,1,18,67.579,16.79,0.01,682.853,16.072,3.717
Intel Xeon Phi coprocessor x100 family,LUDecomposition,TWO_D,1536,1536,1,1024,1,18,64.203,16.686,0.007,736.379,17.051,3.642
Intel Xeon Phi coprocessor x100 family,LUDecomposition,TWO_D,1536,1536,1,2048,1,18,65.222,16.46,0.007,883.92,14.703,3.187
Intel Xeon Phi coprocessor x100 family,LUDecomposition,TWO_D,1536,1536,1,4096,1,18,63.737,15.862,0.007,1175.92,17.061,3.697
Intel Xeon Phi coprocessor x100 family,LUDecomposition,TWO_D,1536,1536,1,8192,1,18,70.203,15.83,0.008,-1,-1,-1
Intel Xeon Phi coprocessor x100 family,LUDecomposition,TWO_D,1536,1536,2,1,1,18,62.064,14.909,0.008,1596.31,15.993,3.564
Intel Xeon Phi coprocessor x100 family,LUDecomposition,TWO_D,1536,1536,2,2,1,18,64.345,17.292,0.01,1269,16.089,3.649
Intel Xeon Phi coprocessor x100 family,LUDecomposition,TWO_D,1536,1536,2,4,1,18,64.173,16.642,0.006,1093.81,14.518,3.581
Intel Xeon Phi coprocessor x100 family,LUDecomposition,TWO_D,1536,1536,2,8,1,18,67.736,16.767,0.008,990.032,17.17,3.76
Intel Xeon Phi coprocessor x100 family,LUDecomposition,TWO_D,1536,1536,2,16,1,18,69.965,16.806,0.008,948.283,14.746,4.372
Intel Xeon Phi coprocessor x100 family,LUDecomposition,TWO_D,1536,1536,2,32,1,18,67.815,17.013,0.008,898.988,17.634,3.537
Intel Xeon Phi coprocessor x100 family,LUDecomposition,TWO_D,1536,1536,2,64,1,18,65.529,16.611,0.007,846.555,13.969,3.433
Intel Xeon Phi coprocessor x100 family,LUDecomposition,TWO_D,1536,1536,2,128,1,18,67.256,16.003,0.011,775.818,15.149,3.435
Intel Xeon Phi coprocessor x100 family,LUDecomposition,TWO_D,1536,1536,2,256,1,18,63.694,16.269,0.007,688.209,16.414,3.982
Intel Xeon Phi coprocessor x100 family,LUDecomposition,TWO_D,1536,1536,2,512,1,18,64.803,16.014,0.007,748.892,16.303,3.61
Intel Xeon Phi coprocessor x100 family,LUDecomposition,TWO_D,1536,1536,2,1024,1,18,69.381,16.184,0.007,898.067,15.067,3.891
Intel Xeon Phi coprocessor x100 family,LUDecomposition,TWO_D,1536,1536,2,2048,1,18,68.085,15.634,0.006,1194.22,16.006,3.581
Intel Xeon Phi coprocessor x100 family,LUDecomposition,TWO_D,1536,1536,2,4096,1,18,64.489,15.933,0.006,-1,-1,-1
Intel Xeon Phi coprocessor x100 family,LUDecomposition,TWO_D,1536,1536,4,1,1,18,61.596,14.693,0.006,1274.24,17.615,3.913
Intel Xeon Phi coprocessor x100 family,LUDecomposition,TWO_D,1536,1536,4,2,1,18,71.176,17.654,0.006,1102.26,13.439,3.092
Intel Xeon Phi coprocessor x100 family,LUDecomposition,TWO_D,1536,1536,4,4,1,18,67.301,16.885,0.01,999.188,13.537,3.097
Intel Xeon Phi coprocessor x100 family,LUDecomposition,TWO_D,1536,1536,4,8,1,18,67.418,16.477,0.007,942.756,16.005,3.543
Intel Xeon Phi coprocessor x100 family,LUDecomposition,TWO_D,1536,1536,4,16,1,18,64.804,17.362,0.008,896.597,16.821,3.497
Intel Xeon Phi coprocessor x100 family,LUDecomposition,TWO_D,1536,1536,4,32,1,18,65.204,17.022,0.006,849.289,16.17,2.649
Intel Xeon Phi coprocessor x100 family,LUDecomposition,TWO_D,1536,1536,4,64,1,18,63.855,17.382,0.007,770.124,15.936,2.817
Intel Xeon Phi coprocessor x100 family,LUDecomposition,TWO_D,1536,1536,4,128,1,18,63.714,16.356,0.007,676.656,13.894,3.657
Intel Xeon Phi coprocessor x100 family,LUDecomposition,TWO_D,1536,1536,4,256,1,18,67.399,15.967,0.006,750.004,17.405,3.762
Intel Xeon Phi coprocessor x100 family,LUDecomposition,TWO_D,1536,1536,4,512,1,18,70.013,15.867,0.007,893.354,17.117,3.636
Intel Xeon Phi coprocessor x100 family,LUDecomposition,TWO_D,1536,1536,4,1024,1,18,70.197,15.88,0.007,1181.63,17.846,3.553
Intel Xeon Phi coprocessor x100 family,LUDecomposition,TWO_D,1536,1536,4,2048,1,18,70.462,15.45,0.006,-1,-1,-1
Intel Xeon Phi coprocessor x100 family,LUDecomposition,TWO_D,1536,1536,8,1,1,18,61.598,14.106,0.006,1093.47,17.652,4.013
Intel Xeon Phi coprocessor x100 family,LUDecomposition,TWO_D,1536,1536,8,2,1,18,65.857,15.879,0.01,986.857,14.207,2.707
Intel Xeon Phi coprocessor x100 family,LUDecomposition,TWO_D,1536,1536,8,4,1,18,63.639,16.005,0.006,947.8,16.341,3.679
Intel Xeon Phi coprocessor x100 family,LUDecomposition,TWO_D,1536,1536,8,8,1,18,64.395,16.518,0.007,902.836,14.91,3.549
Intel Xeon Phi coprocessor x100 family,LUDecomposition,TWO_D,1536,1536,8,16,1,18,68.319,16.39,0.006,845.483,15.389,3.93
Intel Xeon Phi coprocessor x100 family,LUDecomposition,TWO_D,1536,1536,8,32,1,18,68.362,15.767,0.007,769.198,17.625,3.896
Intel Xeon Phi coprocessor x100 family,LUDecomposition,TWO_D,1536,1536,8,64,1,18,66.38,15.808,0.009,691.473,16.087,4.256
Intel Xeon Phi coprocessor x100 family,LUDecomposition,TWO_D,1536,1536,8,128,1,18,64.181,16.813,0.006,737.361,16.787,4.212
Intel Xeon Phi coprocessor x100 family,LUDecomposition,TWO_D,1536,1536,8,256,1,18,64.443,15.836,0.007,895.274,14.286,4.245
Intel Xeon Phi coprocessor x100 family,LUDecomposition,TWO_D,1536,1536,8,512,1,18,67.347,15.324,0.008,1174.57,15.825,4.287
Intel Xeon Phi coprocessor x100 family,LUDecomposition,TWO_D,1536,1536,8,1024,1,18,68.506,15.71,0.007,-1,-1,-1
Intel Xeon Phi coprocessor x100 family,LUDecomposition,TWO_D,1536,1536,16,1,1,18,67.544,14.232,0.007,992.071,17.609,4.378
Intel Xeon Phi coprocessor x100 family,LUDecomposition,TWO_D,1536,1536,16,2,1,18,71.353,17.25,0.021,941.776,13.956,3.493
Intel Xeon Phi coprocessor x100 family,LUDecomposition,TWO_D,1536,1536,16,4,1,18,67.529,16.829,0.008,905.679,14.951,3.212
Intel Xeon Phi coprocessor x100 family,LUDecomposition,TWO_D,1536,1536,16,8,1,18,63.823,16.56,0.006,846.939,16.677,4.339
Intel Xeon Phi coprocessor x100 family,LUDecomposition,TWO_D,1536,1536,16,16,1,18,64.208,17.038,0.008,776.642,17.081,4.122
Intel Xeon Phi coprocessor x100 family,LUDecomposition,TWO_D,1536,1536,16,32,1,18,69.771,17.085,0.007,686.47,15.39,4.156
Intel Xeon Phi coprocessor x100 family,LUDecomposition,TWO_D,1536,1536,16,64,1,18,68.09,16.744,0.007,738.774,17.689,4.654
Intel Xeon Phi coprocessor x100 family,LUDecomposition,TWO_D,1536,1536,16,128,1,18,65.203,16.44,0.006,891.695,15.81,3.549
Intel Xeon Phi coprocessor x100 family,LUDecomposition,TWO_D,1536,1536,16,256,1,18,64.049,15.394,0.005,1182.55,15.086,4.336
Intel Xeon Phi coprocessor x100 family,LUDecomposition,TWO_D,1536,1536,16,512,1,18,68.206,15.85,0.007,-1,-1,-1
Intel Xeon Phi coprocessor x100 family,LUDecomposition,TWO_D,1536,1536,32,1,1,18,66.574,14.408,0.007,947.336,16.84,3.587
Intel Xeon Phi coprocessor x100 family,LUDecomposition,TWO_D,1536,1536,32,2,1,18,65.54,17.293,0.008,895.128,13.686,4.223
Intel Xeon Phi coprocessor x100 family,LUDecomposition,TWO_D,1536,1536,32,4,1,18,67.609,17.16,0.006,838.429,17.124,4.183
Intel Xeon Phi coprocessor x100 family,LUDecomposition,TWO_D,1536,1536,32,8,1,18,69.85,17.481,0.007,777.673,17.702,4.073
Intel Xeon Phi coprocessor x100 family,LUDecomposition,TWO_D,1536,1536,32,16,1,18,66.331,17.085,0.011,674.243,15.065,3.976
Intel Xeon Phi coprocessor x100 family,LUDecomposition,TWO_D,1536,1536,32,32,1,18,68.044,16.389,0.007,739.848,17.469,3.76
Intel Xeon Phi coprocessor x100 family,LUDecomposition,TWO_D,1536,1536,32,64,1,18,70.191,16.18,0.007,890.315,17.588,3.943
Intel Xeon Phi coprocessor x100 family,LUDecomposition,TWO_D,1536,1536,32,128,1,18,70.786,15.579,0.009,1172.8,14.073,4.535
Intel Xeon Phi coprocessor x100 family,LUDecomposition,TWO_D,1536,1536,32,256,1,18,67.255,15.712,0.007,-1,-1,-1
Intel Xeon Phi coprocessor x100 family,LUDecomposition,TWO_D,1536,1536,64,1,1,18,66.185,14.682,0.006,905.877,16.848,4.251
Intel Xeon Phi coprocessor x100 family,LUDecomposition,TWO_D,1536,1536,64,2,1,18,64.544,17.395,0.006,844.175,17.806,4.348
Intel Xeon Phi coprocessor x100 family,LUDecomposition,TWO_D,1536,1536,64,4,1,18,70.234,17.272,0.01,780.312,17.851,3.683
Intel Xeon Phi coprocessor x100 family,LUDecomposition,TWO_D,1536,1536,64,8,1,18,70.571,16.535,0.007,683.76,17.015,3.497
Intel Xeon Phi coprocessor x100 family,LUDecomposition,TWO_D,1536,1536,64,16,1,18,69.815,16.156,0.005,744.056,16.806,4.313
Intel Xeon Phi coprocessor x100 family,LUDecomposition,TWO_D,1536,1536,64,32,1,18,64.37,16.504,0.007,885.912,17.431,4.235
Intel Xeon Phi coprocessor x100 family,LUDecomposition,TWO_D,1536,1536,64,64,1,18,65.257,15.998,0.007,1182.08,15.676,3.621
Intel Xeon Phi coprocessor x100 family,LUDecomposition,TWO_D,1536,1536,64,128,1,18,63.809,15.525,0.007,-1,-1,-1
Intel Xeon Phi coprocessor x100 family,LUDecomposition,TWO_D,1536,1536,128,1,1,18,61.631,14.441,0.007,840.293,16.284,3.548
Intel Xeon Phi coprocessor x100 family,LUDecomposition,TWO_D,1536,1536,128,2,1,18,69.419,17.102,0.006,770.308,17.792,3.643
Intel Xeon Phi coprocessor x100 family,LUDecomposition,TWO_D,1536,1536,128,4,1,18,65.514,17.253,0.008,683.079,15.082,3.042
Intel Xeon Phi coprocessor x100 family,LUDecomposition,TWO_D,1536,1536,128,8,1,18,63.811,17.172,0.006,745.596,16.978,4.295
Intel Xeon Phi coprocessor x100 family,LUDecomposition,TWO_D,1536,1536,128,16,1,18,69.455,16.639,0.006,888.207,14.776,4.061
Intel Xeon Phi coprocessor x100 family,LUDecomposition,TWO_D,1536,1536,128,32,1,18,67.868,15.93,0.008,1193.52,16.387,3.553
Intel Xeon Phi coprocessor x100 family,LUDecomposition,TWO_D,1536,1536,128,64,1,18,64.469,15.748,0.007,-1,-1,-1
Intel Xeon Phi coprocessor x100 family,LUDecomposition,TWO_D,1536,1536,256,1,1,18,68.544,14.438,0.007,778.831,17.106,2.962
Intel Xeon Phi coprocessor x100 family,LUDecomposition,TWO_D,1536,1536,256,2,1,18,63.715,17.18,0.007,690.002,16.806,3.83
Intel Xeon Phi coprocessor x100 family,LUDecomposition,TWO_D,1536,1536,256,4,1,18,69.427,16.847,0.007,741.206,17.509,2.864
Intel Xeon Phi coprocessor x100 family,LUDecomposition,TWO_D,1536,1536,256,8,1,18,63.876,17.206,0.006,890.03,16.995,4.001
Intel Xeon Phi coprocessor x100 family,LUDecomposition,TWO_D,1536,1536,256,16,1,18,64.702,15.878,0.007,1177.2,17.38,3.817
Intel Xeon Phi coprocessor x100 family,LUDecomposition,TWO_D,1536,1536,256,32,1,18,69.935,15.9,0.006,-1,-1,-1
Intel Xeon Phi coprocessor x100 family,LUDecomposition,TWO_D,1536,1536,512,1,1,18,67.267,14.806,0.007,687.279,17.203,3.947
Intel Xeon Phi coprocessor x100 family,LUDecomposition,TWO_D,1536,1536,512,2,1,18,69.691,16.925,0.008,747.652,17.546,3.936
Intel Xeon Phi coprocessor x100 family,LUDecomposition,TWO_D,1536,1536,512,4,1,18,71.86,15.837,0.005,890.682,17.797,4.061
Intel Xeon Phi coprocessor x100 family,LUDecomposition,TWO_D,1536,1536,512,8,1,18,71.65,15.828,0.006,1180.94,17.824,4.466
Intel Xeon Phi coprocessor x100 family,LUDecomposition,TWO_D,1536,1536,512,16,1,18,71.145,15.815,0.01,-1,-1,-1
Intel Xeon Phi coprocessor x100 family,LUDecomposition,TWO_D,1536,1536,1024,1,1,18,64.53,14.208,0.006,734.285,15.612,3.605
Intel Xeon Phi coprocessor x100 family,LUDecomposition,TWO_D,1536,1536,1024,2,1,18,68.708,16.749,0.007,893.655,16.108,3.518
Intel Xeon Phi coprocessor x100 family,LUDecomposition,TWO_D,1536,1536,1024,4,1,18,64.54,16.613,0.006,1171.02,15.566,3.629
Intel Xeon Phi coprocessor x100 family,LUDecomposition,TWO_D,1536,1536,1024,8,1,18,63.716,15.987,0.007,-1,-1,-1
Intel Xeon Phi coprocessor x100 family,LUDecomposition,TWO_D,1536,1536,2048,1,1,18,64.555,15.221,0.006,883.739,16.146,3.7
Intel Xeon Phi coprocessor x100 family,LUDecomposition,TWO_D,1536,1536,2048,2,1,18,64.442,17.452,0.007,1172.22,14.644,3.734
Intel Xeon Phi coprocessor x100 family,LUDecomposition,TWO_D,1536,1536,2048,4,1,18,67.956,16.499,0.007,-1,-1,-1
Intel Xeon Phi coprocessor x100 family,LUDecomposition,TWO_D,1536,1536,4096,1,1,18,66.595,15.178,0.006,1172.81,17.493,3.8
Intel Xeon Phi coprocessor x100 family,LUDecomposition,TWO_D,1536,1536,4096,2,1,18,65.463,17.115,0.006,-1,-1,-1
Intel Xeon Phi coprocessor x100 family,LUDecomposition,TWO_D,1536,1536,8192,1,1,18,64.462,14.585,0.006,-1,-1,-1
Intel Xeon Phi coprocessor x100 family,LUDecomposition,TWO_D,1536,1536,1,1,1,18,49.977,14.175,0.015,2167.48,20.356,3.842
Intel Xeon Phi coprocessor x100 family,LUDecomposition,TWO_D,1536,1536,1,2,1,18,67.559,17.238,0.011,1598.04,20.382,4.564
Intel Xeon Phi coprocessor x100 family,LUDecomposition,TWO_D,1536,1536,1,4,1,18,70.865,16.339,0.011,1282.97,19.388,3.332
Intel Xeon Phi coprocessor x100 family,LUDecomposition,TWO_D,1536,1536,1,8,1,18,65.569,16.515,0.009,1106.86,19.164,4.381
Intel Xeon Phi coprocessor x100 family,LUDecomposition,TWO_D,1536,1536,1,16,1,18,73.067,16.036,0.009,1009.43,18.933,4.726
Intel Xeon Phi coprocessor x100 family,LUDecomposition,TWO_D,1536,1536,1,32,1,18,67.313,16.305,0.01,962.368,18.927,4.336
Intel Xeon Phi coprocessor x100 family,LUDecomposition,TWO_D,1536,1536,1,64,1,18,72.2,16.055,0.008,915.475,19.445,4.747
Intel Xeon Phi coprocessor x100 family,LUDecomposition,TWO_D,1536,1536,1,128,1,18,68.439,16.154,0.01,849.899,19.714,4.3
Intel Xeon Phi coprocessor x100 family,LUDecomposition,TWO_D,1536,1536,1,256,1,18,69.29,15.463,0.008,794.196,20.934,4.365
Intel Xeon Phi coprocessor x100 family,LUDecomposition,TWO_D,1536,1536,1,512,1,18,67.285,16.237,0.009,710.016,19.427,3.881
Intel Xeon Phi coprocessor x100 family,LUDecomposition,TWO_D,1536,1536,1,1024,1,18,68.765,15.688,0.011,743.132,19.315,4.733
Intel Xeon Phi coprocessor x100 family,LUDecomposition,TWO_D,1536,1536,1,2048,1,18,72.562,15.895,0.01,864.29,19.43,4.638
Intel Xeon Phi coprocessor x100 family,LUDecomposition,TWO_D,1536,1536,1,4096,1,18,69.115,14.317,0.01,1177.58,21.405,4.218
Intel Xeon Phi coprocessor x100 family,LUDecomposition,TWO_D,1536,1536,1,8192,1,18,80.443,15.603,0.01,-1,-1,-1
Intel Xeon Phi coprocessor x100 family,LUDecomposition,TWO_D,1536,1536,2,1,1,18,69.68,13.484,0.008,1608.37,17.863,3.955
Intel Xeon Phi coprocessor x100 family,LUDecomposition,TWO_D,1536,1536,2,2,1,18,65.89,15.395,0.009,1290.39,16.236,4.076
Intel Xeon Phi coprocessor x100 family,LUDecomposition,TWO_D,1536,1536,2,4,1,18,65.88,14.28,0.007,1117.7,19.855,3.96
Intel Xeon Phi coprocessor x100 family,LUDecomposition,TWO_D,1536,1536,2,8,1,18,67.842,15.322,0.01,1006.65,19.064,4.268
Intel Xeon Phi coprocessor x100 family,LUDecomposition,TWO_D,1536,1536,2,16,1,18,66.774,15.22,0.009,959.515,17.846,4.259
Intel Xeon Phi coprocessor x100 family,LUDecomposition,TWO_D,1536,1536,2,32,1,18,65.097,15.226,0.007,909.776,18.134,4.164
Intel Xeon Phi coprocessor x100 family,LUDecomposition,TWO_D,1536,1536,2,64,1,18,65.322,15.161,0.008,847.905,19.464,4.2
Intel Xeon Phi coprocessor x100 family,LUDecomposition,TWO_D,1536,1536,2,128,1,18,69.231,15.056,0.007,777.104,18.521,4.878
Intel Xeon Phi coprocessor x100 family,LUDecomposition,TWO_D,1536,1536,2,256,1,18,66.705,14.837,0.009,685.924,18.149,3.865
Intel Xeon Phi coprocessor x100 family,LUDecomposition,TWO_D,1536,1536,2,512,1,18,67.128,15.102,0.009,751.741,18.988,4.479
Intel Xeon Phi coprocessor x100 family,LUDecomposition,TWO_D,1536,1536,2,1024,1,18,68.105,13.88,0.009,885.889,18.884,4.308
Intel Xeon Phi coprocessor x100 family,LUDecomposition,TWO_D,1536,1536,2,2048,1,18,67.577,14.522,0.008,1193.12,19.086,4.94
Intel Xeon Phi coprocessor x100 family,LUDecomposition,TWO_D,1536,1536,2,4096,1,18,68.12,15.122,0.009,-1,-1,-1
Intel Xeon Phi coprocessor x100 family,LUDecomposition,TWO_D,1536,1536,4,1,1,18,65.579,14.329,0.009,1298.14,20.355,4.179
Intel Xeon Phi coprocessor x100 family,LUDecomposition,TWO_D,1536,1536,4,2,1,18,70.811,16.7,0.01,1108.92,20.078,4.167
Intel Xeon Phi coprocessor x100 family,LUDecomposition,TWO_D,1536,1536,4,4,1,18,68.5,16.57,0.01,1007.79,18.85,3.995
Intel Xeon Phi coprocessor x100 family,LUDecomposition,TWO_D,1536,1536,4,8,1,18,72.456,15.992,0.008,957.743,19.026,4.161
Intel Xeon Phi coprocessor x100 family,LUDecomposition,TWO_D,1536,1536,4,16,1,18,67.954,15.535,0.008,916.851,18.017,4.281
Intel Xeon Phi coprocessor x100 family,LUDecomposition,TWO_D,1536,1536,4,32,1,18,66.566,15.666,0.009,844.753,20.219,4.272
Intel Xeon Phi coprocessor x100 family,LUDecomposition,TWO_D,1536,1536,4,64,1,18,65.745,15.258,0.009,781.928,18.862,4.506
Intel Xeon Phi coprocessor x100 family,LUDecomposition,TWO_D,1536,1536,4,128,1,18,67.903,15.983,0.009,695.955,20.135,4.805
Intel Xeon Phi coprocessor x100 family,LUDecomposition,TWO_D,1536,1536,4,256,1,18,65.437,15.512,0.009,757.309,19.537,4.879
Intel Xeon Phi coprocessor x100 family,LUDecomposition,TWO_D,1536,1536,4,512,1,18,68.64,14.699,0.008,893.998,19.247,4.463
Intel Xeon Phi coprocessor x100 family,LUDecomposition,TWO_D,1536,1536,4,1024,1,18,73.201,15.207,0.007,1191.98,20.337,4.033
Intel Xeon Phi coprocessor x100 family,LUDecomposition,TWO_D,1536,1536,4,2048,1,18,66.287,15.584,0.009,-1,-1,-1
Intel Xeon Phi coprocessor x100 family,LUDecomposition,TWO_D,1536,1536,8,1,1,18,65.476,13.445,0.009,1139.15,19.616,3.107
Intel Xeon Phi coprocessor x100 family,LUDecomposition,TWO_D,1536,1536,8,2,1,18,65.249,16.579,0.008,1010.71,20.778,4.749
Intel Xeon Phi coprocessor x100 family,LUDecomposition,TWO_D,1536,1536,8,4,1,18,66.818,16.067,0.009,957.719,19.368,4.794
Intel Xeon Phi coprocessor x100 family,LUDecomposition,TWO_D,1536,1536,8,8,1,18,68.858,16.603,0.009,914.055,18.892,5.13
Intel Xeon Phi coprocessor x100 family,LUDecomposition,TWO_D,1536,1536,8,16,1,18,75.678,16.539,0.007,850.601,20.797,5.06
Intel Xeon Phi coprocessor x100 family,LUDecomposition,TWO_D,1536,1536,8,32,1,18,70.928,16.573,0.01,782.769,20.07,3.406
Intel Xeon Phi coprocessor x100 family,LUDecomposition,TWO_D,1536,1536,8,64,1,18,67.799,15.926,0.009,689.472,18.825,4.394
Intel Xeon Phi coprocessor x100 family,LUDecomposition,TWO_D,1536,1536,8,128,1,18,72.513,15.273,0.009,750.186,18.627,5.23
Intel Xeon Phi coprocessor x100 family,LUDecomposition,TWO_D,1536,1536,8,256,1,18,71.615,14.926,0.01,904.852,19.613,4.413
Intel Xeon Phi coprocessor x100 family,LUDecomposition,TWO_D,1536,1536,8,512,1,18,68.853,15.586,0.008,1175.95,18.604,4.182
Intel Xeon Phi coprocessor x100 family,LUDecomposition,TWO_D,1536,1536,8,1024,1,18,67.397,16.187,0.009,-1,-1,-1
Intel Xeon Phi coprocessor x100 family,LUDecomposition,TWO_D,1536,1536,16,1,1,18,65.298,13.753,0.008,1001.11,19.399,4.846
Intel Xeon Phi coprocessor x100 family,LUDecomposition,TWO_D,1536,1536,16,2,1,18,68.521,16.529,0.009,949.775,19.457,4.856
Intel Xeon Phi coprocessor x100 family,LUDecomposition,TWO_D,1536,1536,16,4,1,18,69.426,17.02,0.009,924.302,20.638,4.86
Intel Xeon Phi coprocessor x100 family,LUDecomposition,TWO_D,1536,1536,16,8,1,18,70.747,17.044,0.01,849.973,19.843,4.456
Intel Xeon Phi coprocessor x100 family,LUDecomposition,TWO_D,1536,1536,16,16,1,18,65.299,16.326,0.009,780.796,18.535,4.324
Intel Xeon Phi coprocessor x100 family,LUDecomposition,TWO_D,1536,1536,16,32,1,18,72.254,16.425,0.009,684.755,19.238,4.188
Intel Xeon Phi coprocessor x100 family,LUDecomposition,TWO_D,1536,1536,16,64,1,18,68.836,16.516,0.011,756.099,18.346,4.917
Intel Xeon Phi coprocessor x100 family,LUDecomposition,TWO_D,1536,1536,16,128,1,18,71.279,15.705,0.008,888.488,20.615,4.861
Intel Xeon Phi coprocessor x100 family,LUDecomposition,TWO_D,1536,1536,16,256,1,18,70.642,15.649,0.008,1180.66,18.219,3.739
Intel Xeon Phi coprocessor x100 family,LUDecomposition,TWO_D,1536,1536,16,512,1,18,66.631,15.921,0.026,-1,-1,-1
Intel Xeon Phi coprocessor x100 family,LUDecomposition,TWO_D,1536,1536,32,1,1,18,66.552,13.941,0.01,967.867,19.464,4.159
Intel Xeon Phi coprocessor x100 family,LUDecomposition,TWO_D,1536,1536,32,2,1,18,66.637,16.851,0.008,906.464,18.835,4.287
Intel Xeon Phi coprocessor x100 family,LUDecomposition,TWO_D,1536,1536,32,4,1,18,66.148,16.423,0.009,847.242,20.072,3.432
Intel Xeon Phi coprocessor x100 family,LUDecomposition,TWO_D,1536,1536,32,8,1,18,65.294,16.407,0.007,782.796,20.41,3.977
Intel Xeon Phi coprocessor x100 family,LUDecomposition,TWO_D,1536,1536,32,16,1,18,71.612,16.571,0.008,695.999,18.803,4.483
Intel Xeon Phi coprocessor x100 family,LUDecomposition,TWO_D,1536,1536,32,32,1,18,72.599,16.156,0.008,762.59,17.694,4.882
Intel Xeon Phi coprocessor x100 family,LUDecomposition,TWO_D,1536,1536,32,64,1,18,70.8,14.898,0.009,905.313,19.358,4.936
Intel Xeon Phi coprocessor x100 family,LUDecomposition,TWO_D,1536,1536,32,128,1,18,72.959,15.408,0.008,1183.63,17.561,4.568
Intel Xeon Phi coprocessor x100 family,LUDecomposition,TWO_D,1536,1536,32,256,1,18,66.079,15.281,0.008,-1,-1,-1
Intel Xeon Phi coprocessor x100 family,LUDecomposition,TWO_D,1536,1536,64,1,1,18,65.357,14.068,0.008,912.547,19.361,4.414
Intel Xeon Phi coprocessor x100 family,LUDecomposition,TWO_D,1536,1536,64,2,1,18,68.542,17.188,0.007,858.968,19.612,4.315
Intel Xeon Phi coprocessor x100 family,LUDecomposition,TWO_D,1536,1536,64,4,1,18,69.497,16.726,0.008,777.978,19.81,3.92
Intel Xeon Phi coprocessor x100 family,LUDecomposition,TWO_D,1536,1536,64,8,1,18,70.377,16.625,0.009,687.297,18.213,5.179
Intel Xeon Phi coprocessor x100 family,LUDecomposition,TWO_D,1536,1536,64,16,1,18,66.598,16.494,0.009,760.72,19.617,5.125
Intel Xeon Phi coprocessor x100 family,LUDecomposition,TWO_D,1536,1536,64,32,1,18,72.433,16.4,0.008,903.091,19.593,4.934
Intel Xeon Phi coprocessor x100 family,LUDecomposition,TWO_D,1536,1536,64,64,1,18,68.983,15.56,0.01,1176.89,20.395,4.452
Intel Xeon Phi coprocessor x100 family,LUDecomposition,TWO_D,1536,1536,64,128,1,18,71.127,15.593,0.01,-1,-1,-1
Intel Xeon Phi coprocessor x100 family,LUDecomposition,TWO_D,1536,1536,128,1,1,18,69.67,13.668,0.009,851.683,19.035,4.056
Intel Xeon Phi coprocessor x100 family,LUDecomposition,TWO_D,1536,1536,128,2,1,18,68.047,16.155,0.009,780.702,19.357,4.02
Intel Xeon Phi coprocessor x100 family,LUDecomposition,TWO_D,1536,1536,128,4,1,18,68.999,15.732,0.008,681.788,19.4,5.182
Intel Xeon Phi coprocessor x100 family,LUDecomposition,TWO_D,1536,1536,128,8,1,18,67.096,15.705,0.008,755.542,18.835,4.568
Intel Xeon Phi coprocessor x100 family,LUDecomposition,TWO_D,1536,1536,128,16,1,18,67.619,15.568,0.01,901.348,19.317,4.816
Intel Xeon Phi coprocessor x100 family,LUDecomposition,TWO_D,1536,1536,128,32,1,18,72.91,15.238,0.008,1190.29,18.883,4.783
Intel Xeon Phi coprocessor x100 family,LUDecomposition,TWO_D,1536,1536,128,64,1,18,67.125,16.508,0.009,-1,-1,-1
Intel Xeon Phi coprocessor x100 family,LUDecomposition,TWO_D,1536,1536,256,1,1,18,66.493,14.26,0.009,787.343,19.646,5.12
Intel Xeon Phi coprocessor x100 family,LUDecomposition,TWO_D,1536,1536,256,2,1,18,68.9,17.079,0.007,691.321,19.249,4.522
Intel Xeon Phi coprocessor x100 family,LUDecomposition,TWO_D,1536,1536,256,4,1,18,73.055,17.235,0.009,757.162,18.994,4.608
Intel Xeon Phi coprocessor x100 family,LUDecomposition,TWO_D,1536,1536,256,8,1,18,72.513,16.236,0.008,890.946,18.26,4.86
Intel Xeon Phi coprocessor x100 family,LUDecomposition,TWO_D,1536,1536,256,16,1,18,71.3,15.661,0.009,1181.67,19.82,4.52
Intel Xeon Phi coprocessor x100 family,LUDecomposition,TWO_D,1536,1536,256,32,1,18,65.423,15.415,0.008,-1,-1,-1
Intel Xeon Phi coprocessor x100 family,LUDecomposition,TWO_D,1536,1536,512,1,1,18,65.834,14.388,0.024,695.832,17.903,4.676
Intel Xeon Phi coprocessor x100 family,LUDecomposition,TWO_D,1536,1536,512,2,1,18,70.878,16.463,0.008,760.615,19.883,4.884
Intel Xeon Phi coprocessor x100 family,LUDecomposition,TWO_D,1536,1536,512,4,1,18,69.486,16.084,0.008,902.359,19.274,5.201
Intel Xeon Phi coprocessor x100 family,LUDecomposition,TWO_D,1536,1536,512,8,1,18,68.374,16.358,0.009,1189.37,19.516,5.25
Intel Xeon Phi coprocessor x100 family,LUDecomposition,TWO_D,1536,1536,512,16,1,18,69.115,16.729,0.008,-1,-1,-1
Intel Xeon Phi coprocessor x100 family,LUDecomposition,TWO_D,1536,1536,1024,1,1,18,65.631,13.6,0.008,762.734,19.029,5.144
Intel Xeon Phi coprocessor x100 family,LUDecomposition,TWO_D,1536,1536,1024,2,1,18,72.572,15.845,0.024,891.126,18.331,4.849
Intel Xeon Phi coprocessor x100 family,LUDecomposition,TWO_D,1536,1536,1024,4,1,18,71.456,15.459,0.008,1186.15,19.107,5.068
Intel Xeon Phi coprocessor x100 family,LUDecomposition,TWO_D,1536,1536,1024,8,1,18,72.714,16.225,0.008,-1,-1,-1
Intel Xeon Phi coprocessor x100 family,LUDecomposition,TWO_D,1536,1536,2048,1,1,18,66.943,14.751,0.009,900.706,17.868,4.815
Intel Xeon Phi coprocessor x100 family,LUDecomposition,TWO_D,1536,1536,2048,2,1,18,71.08,15.378,0.008,1176.56,18.958,4.762
Intel Xeon Phi coprocessor x100 family,LUDecomposition,TWO_D,1536,1536,2048,4,1,18,72.618,15.558,0.008,-1,-1,-1
Intel Xeon Phi coprocessor x100 family,LUDecomposition,TWO_D,1536,1536,4096,1,1,18,64.843,14.083,0.007,1184.29,18.134,4.546
Intel Xeon Phi coprocessor x100 family,LUDecomposition,TWO_D,1536,1536,4096,2,1,18,66.441,16.203,0.007,-1,-1,-1
Intel Xeon Phi coprocessor x100 family,LUDecomposition,TWO_D,1536,1536,8192,1,1,18,65.457,13.791,0.007,-1,-1,-1
