device/C,kernel/C,workDimension/C,width/F,height/F,xLocal/I,yLocal/I,zLocal/I,MB/F,init/F,memoryCopyOut/F,plan/F,execute/F,memoryCopyIn/F,cleanUp/F
Intel Xeon Phi coprocessor x100 family,MatrixTranspose,TWO_D,3396,3396,1,1,1,43,233.842,9.621,0.011,60.682,24.079,2.371
Intel Xeon Phi coprocessor x100 family,MatrixTranspose,TWO_D,3396,3396,1,2,1,43,243.118,11.323,0.014,43.771,24.329,3.609
Intel Xeon Phi coprocessor x100 family,MatrixTranspose,TWO_D,3396,3396,1,4,1,43,301.849,14.073,0.009,37.952,19.224,3.435
Intel Xeon Phi coprocessor x100 family,MatrixTranspose,TWO_D,3396,3396,1,8,1,43,225.118,11.225,0.01,-1,-1,-1
Intel Xeon Phi coprocessor x100 family,MatrixTranspose,TWO_D,3396,3396,1,16,1,43,227.06,9.351,0.01,-1,-1,-1
Intel Xeon Phi coprocessor x100 family,MatrixTranspose,TWO_D,3396,3396,1,32,1,43,227.183,9.482,0.01,-1,-1,-1
Intel Xeon Phi coprocessor x100 family,MatrixTranspose,TWO_D,3396,3396,1,64,1,43,227.128,9.191,0.01,-1,-1,-1
Intel Xeon Phi coprocessor x100 family,MatrixTranspose,TWO_D,3396,3396,1,128,1,43,227.261,9.295,0.026,-1,-1,-1
Intel Xeon Phi coprocessor x100 family,MatrixTranspose,TWO_D,3396,3396,1,256,1,43,227.046,9.509,0.01,-1,-1,-1
Intel Xeon Phi coprocessor x100 family,MatrixTranspose,TWO_D,3396,3396,1,512,1,43,227.073,9.501,0.011,-1,-1,-1
Intel Xeon Phi coprocessor x100 family,MatrixTranspose,TWO_D,3396,3396,1,1024,1,43,227.976,9.747,0.01,-1,-1,-1
Intel Xeon Phi coprocessor x100 family,MatrixTranspose,TWO_D,3396,3396,1,2048,1,43,227.134,9.237,0.01,-1,-1,-1
Intel Xeon Phi coprocessor x100 family,MatrixTranspose,TWO_D,3396,3396,1,4096,1,43,227.018,9.378,0.011,-1,-1,-1
Intel Xeon Phi coprocessor x100 family,MatrixTranspose,TWO_D,3396,3396,1,8192,1,43,227.149,9.303,0.01,-1,-1,-1
Intel Xeon Phi coprocessor x100 family,MatrixTranspose,TWO_D,3396,3396,2,1,1,43,227.164,9.203,0.011,42.943,18.966,2.881
Intel Xeon Phi coprocessor x100 family,MatrixTranspose,TWO_D,3396,3396,2,2,1,43,227.869,11.222,0.01,34.524,20.27,3.306
Intel Xeon Phi coprocessor x100 family,MatrixTranspose,TWO_D,3396,3396,2,4,1,43,228.524,11.214,0.012,30.009,19.084,2.439
Intel Xeon Phi coprocessor x100 family,MatrixTranspose,TWO_D,3396,3396,2,8,1,43,242.672,11.153,0.01,-1,-1,-1
Intel Xeon Phi coprocessor x100 family,MatrixTranspose,TWO_D,3396,3396,2,16,1,43,226.78,9.365,0.01,-1,-1,-1
Intel Xeon Phi coprocessor x100 family,MatrixTranspose,TWO_D,3396,3396,2,32,1,43,226.748,9.283,0.01,-1,-1,-1
Intel Xeon Phi coprocessor x100 family,MatrixTranspose,TWO_D,3396,3396,2,64,1,43,226.833,9.344,0.011,-1,-1,-1
Intel Xeon Phi coprocessor x100 family,MatrixTranspose,TWO_D,3396,3396,2,128,1,43,226.89,9.133,0.025,-1,-1,-1
Intel Xeon Phi coprocessor x100 family,MatrixTranspose,TWO_D,3396,3396,2,256,1,43,226.818,9.341,0.01,-1,-1,-1
Intel Xeon Phi coprocessor x100 family,MatrixTranspose,TWO_D,3396,3396,2,512,1,43,226.746,9.683,0.011,-1,-1,-1
Intel Xeon Phi coprocessor x100 family,MatrixTranspose,TWO_D,3396,3396,2,1024,1,43,227.108,9.438,0.01,-1,-1,-1
Intel Xeon Phi coprocessor x100 family,MatrixTranspose,TWO_D,3396,3396,2,2048,1,43,227.281,9.171,0.011,-1,-1,-1
Intel Xeon Phi coprocessor x100 family,MatrixTranspose,TWO_D,3396,3396,2,4096,1,43,226.692,9.547,0.01,-1,-1,-1
Intel Xeon Phi coprocessor x100 family,MatrixTranspose,TWO_D,3396,3396,4,1,1,43,226.732,9.359,0.011,33.7,18.437,2.249
Intel Xeon Phi coprocessor x100 family,MatrixTranspose,TWO_D,3396,3396,4,2,1,43,228.047,11.385,0.011,30.509,17.773,3.067
Intel Xeon Phi coprocessor x100 family,MatrixTranspose,TWO_D,3396,3396,4,4,1,43,228.703,11.177,0.011,27.677,18.71,3.332
Intel Xeon Phi coprocessor x100 family,MatrixTranspose,TWO_D,3396,3396,4,8,1,43,235.109,11.162,0.01,-1,-1,-1
Intel Xeon Phi coprocessor x100 family,MatrixTranspose,TWO_D,3396,3396,4,16,1,43,226.762,9.308,0.01,-1,-1,-1
Intel Xeon Phi coprocessor x100 family,MatrixTranspose,TWO_D,3396,3396,4,32,1,43,227.245,9.471,0.01,-1,-1,-1
Intel Xeon Phi coprocessor x100 family,MatrixTranspose,TWO_D,3396,3396,4,64,1,43,226.786,9.383,0.011,-1,-1,-1
Intel Xeon Phi coprocessor x100 family,MatrixTranspose,TWO_D,3396,3396,4,128,1,43,226.719,9.32,0.01,-1,-1,-1
Intel Xeon Phi coprocessor x100 family,MatrixTranspose,TWO_D,3396,3396,4,256,1,43,226.798,9.41,0.01,-1,-1,-1
Intel Xeon Phi coprocessor x100 family,MatrixTranspose,TWO_D,3396,3396,4,512,1,43,226.819,9.394,0.011,-1,-1,-1
Intel Xeon Phi coprocessor x100 family,MatrixTranspose,TWO_D,3396,3396,4,1024,1,43,226.742,9.881,0.01,-1,-1,-1
Intel Xeon Phi coprocessor x100 family,MatrixTranspose,TWO_D,3396,3396,4,2048,1,43,226.753,9.227,0.01,-1,-1,-1
Intel Xeon Phi coprocessor x100 family,MatrixTranspose,TWO_D,3396,3396,8,1,1,43,227.619,9.176,0.01,-1,-1,-1
Intel Xeon Phi coprocessor x100 family,MatrixTranspose,TWO_D,3396,3396,8,2,1,43,226.798,9.231,0.011,-1,-1,-1
Intel Xeon Phi coprocessor x100 family,MatrixTranspose,TWO_D,3396,3396,8,4,1,43,226.731,9.484,0.01,-1,-1,-1
Intel Xeon Phi coprocessor x100 family,MatrixTranspose,TWO_D,3396,3396,8,8,1,43,226.794,9.306,0.01,-1,-1,-1
Intel Xeon Phi coprocessor x100 family,MatrixTranspose,TWO_D,3396,3396,8,16,1,43,226.966,9.399,0.011,-1,-1,-1
Intel Xeon Phi coprocessor x100 family,MatrixTranspose,TWO_D,3396,3396,8,32,1,43,226.691,9.139,0.01,-1,-1,-1
Intel Xeon Phi coprocessor x100 family,MatrixTranspose,TWO_D,3396,3396,8,64,1,43,226.742,9.435,0.01,-1,-1,-1
Intel Xeon Phi coprocessor x100 family,MatrixTranspose,TWO_D,3396,3396,8,128,1,43,227.217,9.364,0.011,-1,-1,-1
Intel Xeon Phi coprocessor x100 family,MatrixTranspose,TWO_D,3396,3396,8,256,1,43,227.076,9.239,0.011,-1,-1,-1
Intel Xeon Phi coprocessor x100 family,MatrixTranspose,TWO_D,3396,3396,8,512,1,43,226.726,9.398,0.01,-1,-1,-1
Intel Xeon Phi coprocessor x100 family,MatrixTranspose,TWO_D,3396,3396,8,1024,1,43,226.791,9.389,0.026,-1,-1,-1
Intel Xeon Phi coprocessor x100 family,MatrixTranspose,TWO_D,3396,3396,16,1,1,43,226.963,9.115,0.01,-1,-1,-1
Intel Xeon Phi coprocessor x100 family,MatrixTranspose,TWO_D,3396,3396,16,2,1,43,226.812,9.387,0.01,-1,-1,-1
Intel Xeon Phi coprocessor x100 family,MatrixTranspose,TWO_D,3396,3396,16,4,1,43,228.825,9.381,0.011,-1,-1,-1
Intel Xeon Phi coprocessor x100 family,MatrixTranspose,TWO_D,3396,3396,16,8,1,43,226.875,9.38,0.011,-1,-1,-1
Intel Xeon Phi coprocessor x100 family,MatrixTranspose,TWO_D,3396,3396,16,16,1,43,227.625,9.398,0.011,-1,-1,-1
Intel Xeon Phi coprocessor x100 family,MatrixTranspose,TWO_D,3396,3396,16,32,1,43,226.859,9.381,0.01,-1,-1,-1
Intel Xeon Phi coprocessor x100 family,MatrixTranspose,TWO_D,3396,3396,16,64,1,43,226.753,9.442,0.011,-1,-1,-1
Intel Xeon Phi coprocessor x100 family,MatrixTranspose,TWO_D,3396,3396,16,128,1,43,226.716,9.398,0.011,-1,-1,-1
Intel Xeon Phi coprocessor x100 family,MatrixTranspose,TWO_D,3396,3396,16,256,1,43,226.942,9.164,0.012,-1,-1,-1
Intel Xeon Phi coprocessor x100 family,MatrixTranspose,TWO_D,3396,3396,16,512,1,43,226.714,9.255,0.011,-1,-1,-1
Intel Xeon Phi coprocessor x100 family,MatrixTranspose,TWO_D,3396,3396,32,1,1,43,227.488,9.557,0.011,-1,-1,-1
Intel Xeon Phi coprocessor x100 family,MatrixTranspose,TWO_D,3396,3396,32,2,1,43,227.553,9.375,0.01,-1,-1,-1
Intel Xeon Phi coprocessor x100 family,MatrixTranspose,TWO_D,3396,3396,32,4,1,43,226.788,9.05,0.01,-1,-1,-1
Intel Xeon Phi coprocessor x100 family,MatrixTranspose,TWO_D,3396,3396,32,8,1,43,226.791,9.398,0.01,-1,-1,-1
Intel Xeon Phi coprocessor x100 family,MatrixTranspose,TWO_D,3396,3396,32,16,1,43,226.851,9.402,0.012,-1,-1,-1
Intel Xeon Phi coprocessor x100 family,MatrixTranspose,TWO_D,3396,3396,32,32,1,43,226.877,9.172,0.01,-1,-1,-1
Intel Xeon Phi coprocessor x100 family,MatrixTranspose,TWO_D,3396,3396,32,64,1,43,226.836,9.306,0.011,-1,-1,-1
Intel Xeon Phi coprocessor x100 family,MatrixTranspose,TWO_D,3396,3396,32,128,1,43,226.699,9.476,0.01,-1,-1,-1
Intel Xeon Phi coprocessor x100 family,MatrixTranspose,TWO_D,3396,3396,32,256,1,43,226.81,9.472,0.01,-1,-1,-1
Intel Xeon Phi coprocessor x100 family,MatrixTranspose,TWO_D,3396,3396,64,1,1,43,227.453,9.456,0.01,-1,-1,-1
Intel Xeon Phi coprocessor x100 family,MatrixTranspose,TWO_D,3396,3396,64,2,1,43,226.473,9.371,0.01,-1,-1,-1
Intel Xeon Phi coprocessor x100 family,MatrixTranspose,TWO_D,3396,3396,64,4,1,43,226.417,9.448,0.01,-1,-1,-1
Intel Xeon Phi coprocessor x100 family,MatrixTranspose,TWO_D,3396,3396,64,8,1,43,226.508,9.387,0.01,-1,-1,-1
Intel Xeon Phi coprocessor x100 family,MatrixTranspose,TWO_D,3396,3396,64,16,1,43,226.468,9.228,0.01,-1,-1,-1
Intel Xeon Phi coprocessor x100 family,MatrixTranspose,TWO_D,3396,3396,64,32,1,43,226.395,9.468,0.01,-1,-1,-1
Intel Xeon Phi coprocessor x100 family,MatrixTranspose,TWO_D,3396,3396,64,64,1,43,226.414,9.343,0.01,-1,-1,-1
Intel Xeon Phi coprocessor x100 family,MatrixTranspose,TWO_D,3396,3396,64,128,1,43,227.338,9.397,0.011,-1,-1,-1
Intel Xeon Phi coprocessor x100 family,MatrixTranspose,TWO_D,3396,3396,128,1,1,43,226.559,9.156,0.011,-1,-1,-1
Intel Xeon Phi coprocessor x100 family,MatrixTranspose,TWO_D,3396,3396,128,2,1,43,226.431,9.407,0.01,-1,-1,-1
Intel Xeon Phi coprocessor x100 family,MatrixTranspose,TWO_D,3396,3396,128,4,1,43,226.414,9.333,0.01,-1,-1,-1
Intel Xeon Phi coprocessor x100 family,MatrixTranspose,TWO_D,3396,3396,128,8,1,43,226.647,9.045,0.011,-1,-1,-1
Intel Xeon Phi coprocessor x100 family,MatrixTranspose,TWO_D,3396,3396,128,16,1,43,226.345,9.185,0.01,-1,-1,-1
Intel Xeon Phi coprocessor x100 family,MatrixTranspose,TWO_D,3396,3396,128,32,1,43,226.49,9.372,0.012,-1,-1,-1
Intel Xeon Phi coprocessor x100 family,MatrixTranspose,TWO_D,3396,3396,128,64,1,43,232.068,9.473,0.01,-1,-1,-1
Intel Xeon Phi coprocessor x100 family,MatrixTranspose,TWO_D,3396,3396,256,1,1,43,226.617,9.163,0.01,-1,-1,-1
Intel Xeon Phi coprocessor x100 family,MatrixTranspose,TWO_D,3396,3396,256,2,1,43,226.417,9.967,0.01,-1,-1,-1
Intel Xeon Phi coprocessor x100 family,MatrixTranspose,TWO_D,3396,3396,256,4,1,43,226.409,10.018,0.01,-1,-1,-1
Intel Xeon Phi coprocessor x100 family,MatrixTranspose,TWO_D,3396,3396,256,8,1,43,226.524,9.59,0.011,-1,-1,-1
Intel Xeon Phi coprocessor x100 family,MatrixTranspose,TWO_D,3396,3396,256,16,1,43,226.426,9.498,0.011,-1,-1,-1
Intel Xeon Phi coprocessor x100 family,MatrixTranspose,TWO_D,3396,3396,256,32,1,43,226.387,9.687,0.011,-1,-1,-1
Intel Xeon Phi coprocessor x100 family,MatrixTranspose,TWO_D,3396,3396,512,1,1,43,226.445,9.547,0.011,-1,-1,-1
Intel Xeon Phi coprocessor x100 family,MatrixTranspose,TWO_D,3396,3396,512,2,1,43,227.31,9.388,0.01,-1,-1,-1
Intel Xeon Phi coprocessor x100 family,MatrixTranspose,TWO_D,3396,3396,512,4,1,43,226.39,9.709,0.026,-1,-1,-1
Intel Xeon Phi coprocessor x100 family,MatrixTranspose,TWO_D,3396,3396,512,8,1,43,226.418,9.599,0.01,-1,-1,-1
Intel Xeon Phi coprocessor x100 family,MatrixTranspose,TWO_D,3396,3396,512,16,1,43,226.355,9.633,0.011,-1,-1,-1
Intel Xeon Phi coprocessor x100 family,MatrixTranspose,TWO_D,3396,3396,1024,1,1,43,226.53,9.418,0.011,-1,-1,-1
Intel Xeon Phi coprocessor x100 family,MatrixTranspose,TWO_D,3396,3396,1024,2,1,43,226.428,9.716,0.01,-1,-1,-1
Intel Xeon Phi coprocessor x100 family,MatrixTranspose,TWO_D,3396,3396,1024,4,1,43,226.442,9.738,0.01,-1,-1,-1
Intel Xeon Phi coprocessor x100 family,MatrixTranspose,TWO_D,3396,3396,1024,8,1,43,227.252,9.756,0.01,-1,-1,-1
Intel Xeon Phi coprocessor x100 family,MatrixTranspose,TWO_D,3396,3396,2048,1,1,43,226.441,9.129,0.01,-1,-1,-1
Intel Xeon Phi coprocessor x100 family,MatrixTranspose,TWO_D,3396,3396,2048,2,1,43,226.419,9.767,0.009,-1,-1,-1
Intel Xeon Phi coprocessor x100 family,MatrixTranspose,TWO_D,3396,3396,2048,4,1,43,226.484,9.78,0.011,-1,-1,-1
Intel Xeon Phi coprocessor x100 family,MatrixTranspose,TWO_D,3396,3396,4096,1,1,43,226.478,9.575,0.01,-1,-1,-1
Intel Xeon Phi coprocessor x100 family,MatrixTranspose,TWO_D,3396,3396,4096,2,1,43,226.55,9.399,0.01,-1,-1,-1
Intel Xeon Phi coprocessor x100 family,MatrixTranspose,TWO_D,3396,3396,8192,1,1,43,226.663,9.598,0.011,-1,-1,-1
Intel Xeon Phi coprocessor x100 family,MatrixTranspose,TWO_D,3396,3396,1,1,1,43,304.423,12.144,0.009,62.092,36.887,2.657
Intel Xeon Phi coprocessor x100 family,MatrixTranspose,TWO_D,3396,3396,1,2,1,43,301.185,14.306,0.013,46.373,21.134,2.37
Intel Xeon Phi coprocessor x100 family,MatrixTranspose,TWO_D,3396,3396,1,4,1,43,301.098,13.747,0.012,37.453,23.194,2.653
Intel Xeon Phi coprocessor x100 family,MatrixTranspose,TWO_D,3396,3396,1,8,1,43,282.104,14.134,0.011,-1,-1,-1
Intel Xeon Phi coprocessor x100 family,MatrixTranspose,TWO_D,3396,3396,1,16,1,43,229.055,10.393,0.011,-1,-1,-1
Intel Xeon Phi coprocessor x100 family,MatrixTranspose,TWO_D,3396,3396,1,32,1,43,227.372,9.909,0.011,-1,-1,-1
Intel Xeon Phi coprocessor x100 family,MatrixTranspose,TWO_D,3396,3396,1,64,1,43,227.591,9.426,0.01,-1,-1,-1
Intel Xeon Phi coprocessor x100 family,MatrixTranspose,TWO_D,3396,3396,1,128,1,43,226.764,9.351,0.01,-1,-1,-1
Intel Xeon Phi coprocessor x100 family,MatrixTranspose,TWO_D,3396,3396,1,256,1,43,226.575,9.407,0.01,-1,-1,-1
Intel Xeon Phi coprocessor x100 family,MatrixTranspose,TWO_D,3396,3396,1,512,1,43,226.629,9.352,0.011,-1,-1,-1
Intel Xeon Phi coprocessor x100 family,MatrixTranspose,TWO_D,3396,3396,1,1024,1,43,226.835,9.431,0.011,-1,-1,-1
Intel Xeon Phi coprocessor x100 family,MatrixTranspose,TWO_D,3396,3396,1,2048,1,43,226.666,9.344,0.01,-1,-1,-1
Intel Xeon Phi coprocessor x100 family,MatrixTranspose,TWO_D,3396,3396,1,4096,1,43,226.67,9.434,0.01,-1,-1,-1
Intel Xeon Phi coprocessor x100 family,MatrixTranspose,TWO_D,3396,3396,1,8192,1,43,227.589,9.456,0.01,-1,-1,-1
Intel Xeon Phi coprocessor x100 family,MatrixTranspose,TWO_D,3396,3396,2,1,1,43,226.736,9.456,0.01,42.852,19.797,2.3
Intel Xeon Phi coprocessor x100 family,MatrixTranspose,TWO_D,3396,3396,2,2,1,43,227.766,12.616,0.011,34.191,26.872,2.201
Intel Xeon Phi coprocessor x100 family,MatrixTranspose,TWO_D,3396,3396,2,4,1,43,234.958,11.346,0.01,30.436,21.439,2.428
Intel Xeon Phi coprocessor x100 family,MatrixTranspose,TWO_D,3396,3396,2,8,1,43,239.91,11.374,0.01,-1,-1,-1
Intel Xeon Phi coprocessor x100 family,MatrixTranspose,TWO_D,3396,3396,2,16,1,43,226.283,9.765,0.01,-1,-1,-1
Intel Xeon Phi coprocessor x100 family,MatrixTranspose,TWO_D,3396,3396,2,32,1,43,226.609,9.366,0.01,-1,-1,-1
Intel Xeon Phi coprocessor x100 family,MatrixTranspose,TWO_D,3396,3396,2,64,1,43,227.552,9.837,0.01,-1,-1,-1
Intel Xeon Phi coprocessor x100 family,MatrixTranspose,TWO_D,3396,3396,2,128,1,43,226.616,9.414,0.011,-1,-1,-1
Intel Xeon Phi coprocessor x100 family,MatrixTranspose,TWO_D,3396,3396,2,256,1,43,226.726,9.316,0.011,-1,-1,-1
Intel Xeon Phi coprocessor x100 family,MatrixTranspose,TWO_D,3396,3396,2,512,1,43,226.615,9.317,0.01,-1,-1,-1
Intel Xeon Phi coprocessor x100 family,MatrixTranspose,TWO_D,3396,3396,2,1024,1,43,226.864,9.287,0.011,-1,-1,-1
Intel Xeon Phi coprocessor x100 family,MatrixTranspose,TWO_D,3396,3396,2,2048,1,43,226.641,9.324,0.012,-1,-1,-1
Intel Xeon Phi coprocessor x100 family,MatrixTranspose,TWO_D,3396,3396,2,4096,1,43,226.601,9.14,0.009,-1,-1,-1
Intel Xeon Phi coprocessor x100 family,MatrixTranspose,TWO_D,3396,3396,4,1,1,43,226.887,9.463,0.01,34.275,21.845,2.379
Intel Xeon Phi coprocessor x100 family,MatrixTranspose,TWO_D,3396,3396,4,2,1,43,227.946,13.136,0.01,29.943,32.889,2.801
Intel Xeon Phi coprocessor x100 family,MatrixTranspose,TWO_D,3396,3396,4,4,1,43,227.793,14.644,0.012,33.833,36.324,3.226
Intel Xeon Phi coprocessor x100 family,MatrixTranspose,TWO_D,3396,3396,4,8,1,43,268.133,12.636,0.009,-1,-1,-1
Intel Xeon Phi coprocessor x100 family,MatrixTranspose,TWO_D,3396,3396,4,16,1,43,227.695,11.184,0.009,-1,-1,-1
Intel Xeon Phi coprocessor x100 family,MatrixTranspose,TWO_D,3396,3396,4,32,1,43,227.211,11.146,0.009,-1,-1,-1
Intel Xeon Phi coprocessor x100 family,MatrixTranspose,TWO_D,3396,3396,4,64,1,43,227.386,10.882,0.009,-1,-1,-1
Intel Xeon Phi coprocessor x100 family,MatrixTranspose,TWO_D,3396,3396,4,128,1,43,227.536,11.212,0.009,-1,-1,-1
Intel Xeon Phi coprocessor x100 family,MatrixTranspose,TWO_D,3396,3396,4,256,1,43,227.938,11.256,0.009,-1,-1,-1
Intel Xeon Phi coprocessor x100 family,MatrixTranspose,TWO_D,3396,3396,4,512,1,43,227.328,11.448,0.009,-1,-1,-1
Intel Xeon Phi coprocessor x100 family,MatrixTranspose,TWO_D,3396,3396,4,1024,1,43,227.093,11.011,0.009,-1,-1,-1
Intel Xeon Phi coprocessor x100 family,MatrixTranspose,TWO_D,3396,3396,4,2048,1,43,227.677,11.072,0.01,-1,-1,-1
Intel Xeon Phi coprocessor x100 family,MatrixTranspose,TWO_D,3396,3396,8,1,1,43,227.199,11.202,0.008,-1,-1,-1
Intel Xeon Phi coprocessor x100 family,MatrixTranspose,TWO_D,3396,3396,8,2,1,43,227.409,11.137,0.008,-1,-1,-1
Intel Xeon Phi coprocessor x100 family,MatrixTranspose,TWO_D,3396,3396,8,4,1,43,227.128,10.845,0.01,-1,-1,-1
Intel Xeon Phi coprocessor x100 family,MatrixTranspose,TWO_D,3396,3396,8,8,1,43,228.495,11.529,0.009,-1,-1,-1
Intel Xeon Phi coprocessor x100 family,MatrixTranspose,TWO_D,3396,3396,8,16,1,43,227.187,11.153,0.008,-1,-1,-1
Intel Xeon Phi coprocessor x100 family,MatrixTranspose,TWO_D,3396,3396,8,32,1,43,227.408,10.815,0.008,-1,-1,-1
Intel Xeon Phi coprocessor x100 family,MatrixTranspose,TWO_D,3396,3396,8,64,1,43,227.206,11.162,0.009,-1,-1,-1
Intel Xeon Phi coprocessor x100 family,MatrixTranspose,TWO_D,3396,3396,8,128,1,43,227.642,11.312,0.009,-1,-1,-1
Intel Xeon Phi coprocessor x100 family,MatrixTranspose,TWO_D,3396,3396,8,256,1,43,227.828,11.176,0.01,-1,-1,-1
Intel Xeon Phi coprocessor x100 family,MatrixTranspose,TWO_D,3396,3396,8,512,1,43,227.553,11.102,0.009,-1,-1,-1
Intel Xeon Phi coprocessor x100 family,MatrixTranspose,TWO_D,3396,3396,8,1024,1,43,228.419,11.169,0.008,-1,-1,-1
Intel Xeon Phi coprocessor x100 family,MatrixTranspose,TWO_D,3396,3396,16,1,1,43,227.175,11.395,0.009,-1,-1,-1
Intel Xeon Phi coprocessor x100 family,MatrixTranspose,TWO_D,3396,3396,16,2,1,43,227.453,11.235,0.009,-1,-1,-1
Intel Xeon Phi coprocessor x100 family,MatrixTranspose,TWO_D,3396,3396,16,4,1,43,227.149,11.239,0.009,-1,-1,-1
Intel Xeon Phi coprocessor x100 family,MatrixTranspose,TWO_D,3396,3396,16,8,1,43,227.699,11.515,0.009,-1,-1,-1
Intel Xeon Phi coprocessor x100 family,MatrixTranspose,TWO_D,3396,3396,16,16,1,43,227.184,11.255,0.009,-1,-1,-1
Intel Xeon Phi coprocessor x100 family,MatrixTranspose,TWO_D,3396,3396,16,32,1,43,227.338,11.369,0.008,-1,-1,-1
Intel Xeon Phi coprocessor x100 family,MatrixTranspose,TWO_D,3396,3396,16,64,1,43,227.58,11.173,0.008,-1,-1,-1
Intel Xeon Phi coprocessor x100 family,MatrixTranspose,TWO_D,3396,3396,16,128,1,43,227.793,11.39,0.011,-1,-1,-1
Intel Xeon Phi coprocessor x100 family,MatrixTranspose,TWO_D,3396,3396,16,256,1,43,227.315,11.169,0.008,-1,-1,-1
Intel Xeon Phi coprocessor x100 family,MatrixTranspose,TWO_D,3396,3396,16,512,1,43,227.135,11.597,0.008,-1,-1,-1
Intel Xeon Phi coprocessor x100 family,MatrixTranspose,TWO_D,3396,3396,32,1,1,43,228.248,11.378,0.009,-1,-1,-1
Intel Xeon Phi coprocessor x100 family,MatrixTranspose,TWO_D,3396,3396,32,2,1,43,229.437,11.296,0.008,-1,-1,-1
Intel Xeon Phi coprocessor x100 family,MatrixTranspose,TWO_D,3396,3396,32,4,1,43,227.463,11.335,0.009,-1,-1,-1
Intel Xeon Phi coprocessor x100 family,MatrixTranspose,TWO_D,3396,3396,32,8,1,43,227.165,11.037,0.009,-1,-1,-1
Intel Xeon Phi coprocessor x100 family,MatrixTranspose,TWO_D,3396,3396,32,16,1,43,228.46,11.273,0.009,-1,-1,-1
Intel Xeon Phi coprocessor x100 family,MatrixTranspose,TWO_D,3396,3396,32,32,1,43,227.226,11.258,0.009,-1,-1,-1
Intel Xeon Phi coprocessor x100 family,MatrixTranspose,TWO_D,3396,3396,32,64,1,43,231.989,11.218,0.009,-1,-1,-1
Intel Xeon Phi coprocessor x100 family,MatrixTranspose,TWO_D,3396,3396,32,128,1,43,227.228,11.212,0.009,-1,-1,-1
Intel Xeon Phi coprocessor x100 family,MatrixTranspose,TWO_D,3396,3396,32,256,1,43,227.584,11.992,0.009,-1,-1,-1
Intel Xeon Phi coprocessor x100 family,MatrixTranspose,TWO_D,3396,3396,64,1,1,43,227.326,11.198,0.009,-1,-1,-1
Intel Xeon Phi coprocessor x100 family,MatrixTranspose,TWO_D,3396,3396,64,2,1,43,227.207,11.156,0.009,-1,-1,-1
Intel Xeon Phi coprocessor x100 family,MatrixTranspose,TWO_D,3396,3396,64,4,1,43,228.752,11.154,0.008,-1,-1,-1
Intel Xeon Phi coprocessor x100 family,MatrixTranspose,TWO_D,3396,3396,64,8,1,43,227.285,11.366,0.009,-1,-1,-1
Intel Xeon Phi coprocessor x100 family,MatrixTranspose,TWO_D,3396,3396,64,16,1,43,227.451,11.183,0.009,-1,-1,-1
Intel Xeon Phi coprocessor x100 family,MatrixTranspose,TWO_D,3396,3396,64,32,1,43,227.076,10.938,0.009,-1,-1,-1
Intel Xeon Phi coprocessor x100 family,MatrixTranspose,TWO_D,3396,3396,64,64,1,43,227.839,11.165,0.009,-1,-1,-1
Intel Xeon Phi coprocessor x100 family,MatrixTranspose,TWO_D,3396,3396,64,128,1,43,227.106,11.247,0.009,-1,-1,-1
Intel Xeon Phi coprocessor x100 family,MatrixTranspose,TWO_D,3396,3396,128,1,1,43,227.102,11.204,0.008,-1,-1,-1
Intel Xeon Phi coprocessor x100 family,MatrixTranspose,TWO_D,3396,3396,128,2,1,43,227.53,11.121,0.009,-1,-1,-1
Intel Xeon Phi coprocessor x100 family,MatrixTranspose,TWO_D,3396,3396,128,4,1,43,227.27,11.499,0.01,-1,-1,-1
Intel Xeon Phi coprocessor x100 family,MatrixTranspose,TWO_D,3396,3396,128,8,1,43,227.308,11.076,0.008,-1,-1,-1
Intel Xeon Phi coprocessor x100 family,MatrixTranspose,TWO_D,3396,3396,128,16,1,43,227.16,11.231,0.009,-1,-1,-1
Intel Xeon Phi coprocessor x100 family,MatrixTranspose,TWO_D,3396,3396,128,32,1,43,227.749,11.261,0.014,-1,-1,-1
Intel Xeon Phi coprocessor x100 family,MatrixTranspose,TWO_D,3396,3396,128,64,1,43,227.153,11.156,0.009,-1,-1,-1
Intel Xeon Phi coprocessor x100 family,MatrixTranspose,TWO_D,3396,3396,256,1,1,43,227.519,11.797,0.009,-1,-1,-1
Intel Xeon Phi coprocessor x100 family,MatrixTranspose,TWO_D,3396,3396,256,2,1,43,227.065,11.453,0.008,-1,-1,-1
Intel Xeon Phi coprocessor x100 family,MatrixTranspose,TWO_D,3396,3396,256,4,1,43,228.327,11.64,0.009,-1,-1,-1
Intel Xeon Phi coprocessor x100 family,MatrixTranspose,TWO_D,3396,3396,256,8,1,43,227.063,11.718,0.009,-1,-1,-1
Intel Xeon Phi coprocessor x100 family,MatrixTranspose,TWO_D,3396,3396,256,16,1,43,227.069,11.839,0.008,-1,-1,-1
Intel Xeon Phi coprocessor x100 family,MatrixTranspose,TWO_D,3396,3396,256,32,1,43,227.369,11.615,0.009,-1,-1,-1
Intel Xeon Phi coprocessor x100 family,MatrixTranspose,TWO_D,3396,3396,512,1,1,43,227.2,11.984,0.009,-1,-1,-1
Intel Xeon Phi coprocessor x100 family,MatrixTranspose,TWO_D,3396,3396,512,2,1,43,227.781,11.865,0.01,-1,-1,-1
Intel Xeon Phi coprocessor x100 family,MatrixTranspose,TWO_D,3396,3396,512,4,1,43,227.58,11.454,0.009,-1,-1,-1
Intel Xeon Phi coprocessor x100 family,MatrixTranspose,TWO_D,3396,3396,512,8,1,43,228.728,11.885,0.009,-1,-1,-1
Intel Xeon Phi coprocessor x100 family,MatrixTranspose,TWO_D,3396,3396,512,16,1,43,227.226,11.818,0.008,-1,-1,-1
Intel Xeon Phi coprocessor x100 family,MatrixTranspose,TWO_D,3396,3396,1024,1,1,43,227.323,11.741,0.008,-1,-1,-1
Intel Xeon Phi coprocessor x100 family,MatrixTranspose,TWO_D,3396,3396,1024,2,1,43,227.111,11.436,0.009,-1,-1,-1
Intel Xeon Phi coprocessor x100 family,MatrixTranspose,TWO_D,3396,3396,1024,4,1,43,228.169,12.241,0.009,-1,-1,-1
Intel Xeon Phi coprocessor x100 family,MatrixTranspose,TWO_D,3396,3396,1024,8,1,43,227.112,12.257,0.009,-1,-1,-1
Intel Xeon Phi coprocessor x100 family,MatrixTranspose,TWO_D,3396,3396,2048,1,1,43,227.118,11.923,0.009,-1,-1,-1
Intel Xeon Phi coprocessor x100 family,MatrixTranspose,TWO_D,3396,3396,2048,2,1,43,227.884,11.505,0.009,-1,-1,-1
Intel Xeon Phi coprocessor x100 family,MatrixTranspose,TWO_D,3396,3396,2048,4,1,43,227.311,11.883,0.008,-1,-1,-1
Intel Xeon Phi coprocessor x100 family,MatrixTranspose,TWO_D,3396,3396,4096,1,1,43,227.44,11.809,0.009,-1,-1,-1
Intel Xeon Phi coprocessor x100 family,MatrixTranspose,TWO_D,3396,3396,4096,2,1,43,227.235,11.511,0.009,-1,-1,-1
Intel Xeon Phi coprocessor x100 family,MatrixTranspose,TWO_D,3396,3396,8192,1,1,43,227.616,11.872,0.008,-1,-1,-1
Intel Xeon Phi coprocessor x100 family,MatrixTranspose,TWO_D,3396,3396,1,1,1,43,235.831,9.474,0.01,60.982,35.46,2.3
Intel Xeon Phi coprocessor x100 family,MatrixTranspose,TWO_D,3396,3396,1,2,1,43,227.838,11.462,0.012,43.934,20.58,3.027
Intel Xeon Phi coprocessor x100 family,MatrixTranspose,TWO_D,3396,3396,1,4,1,43,305.927,14.557,0.009,39.357,22.371,2.684
Intel Xeon Phi coprocessor x100 family,MatrixTranspose,TWO_D,3396,3396,1,8,1,43,228.431,11.247,0.01,-1,-1,-1
Intel Xeon Phi coprocessor x100 family,MatrixTranspose,TWO_D,3396,3396,1,16,1,43,225.514,9.502,0.011,-1,-1,-1
Intel Xeon Phi coprocessor x100 family,MatrixTranspose,TWO_D,3396,3396,1,32,1,43,225.618,9.175,0.01,-1,-1,-1
Intel Xeon Phi coprocessor x100 family,MatrixTranspose,TWO_D,3396,3396,1,64,1,43,225.516,9.489,0.026,-1,-1,-1
Intel Xeon Phi coprocessor x100 family,MatrixTranspose,TWO_D,3396,3396,1,128,1,43,225.332,9.512,0.009,-1,-1,-1
Intel Xeon Phi coprocessor x100 family,MatrixTranspose,TWO_D,3396,3396,1,256,1,43,225.733,10.079,0.01,-1,-1,-1
Intel Xeon Phi coprocessor x100 family,MatrixTranspose,TWO_D,3396,3396,1,512,1,43,226.045,9.261,0.01,-1,-1,-1
Intel Xeon Phi coprocessor x100 family,MatrixTranspose,TWO_D,3396,3396,1,1024,1,43,225.379,9.744,0.009,-1,-1,-1
Intel Xeon Phi coprocessor x100 family,MatrixTranspose,TWO_D,3396,3396,1,2048,1,43,225.402,9.561,0.009,-1,-1,-1
Intel Xeon Phi coprocessor x100 family,MatrixTranspose,TWO_D,3396,3396,1,4096,1,43,225.61,9.449,0.009,-1,-1,-1
Intel Xeon Phi coprocessor x100 family,MatrixTranspose,TWO_D,3396,3396,1,8192,1,43,225.488,9.273,0.01,-1,-1,-1
Intel Xeon Phi coprocessor x100 family,MatrixTranspose,TWO_D,3396,3396,2,1,1,43,225.38,9.511,0.011,42.631,18.035,2.316
Intel Xeon Phi coprocessor x100 family,MatrixTranspose,TWO_D,3396,3396,2,2,1,43,228.505,11.337,0.01,34.713,18.772,2.469
Intel Xeon Phi coprocessor x100 family,MatrixTranspose,TWO_D,3396,3396,2,4,1,43,228.558,11.262,0.01,30.215,18.663,2.291
Intel Xeon Phi coprocessor x100 family,MatrixTranspose,TWO_D,3396,3396,2,8,1,43,227.876,10.95,0.009,-1,-1,-1
Intel Xeon Phi coprocessor x100 family,MatrixTranspose,TWO_D,3396,3396,2,16,1,43,225.46,9.555,0.009,-1,-1,-1
Intel Xeon Phi coprocessor x100 family,MatrixTranspose,TWO_D,3396,3396,2,32,1,43,225.53,9.502,0.01,-1,-1,-1
Intel Xeon Phi coprocessor x100 family,MatrixTranspose,TWO_D,3396,3396,2,64,1,43,225.685,9.514,0.025,-1,-1,-1
Intel Xeon Phi coprocessor x100 family,MatrixTranspose,TWO_D,3396,3396,2,128,1,43,225.354,9.366,0.01,-1,-1,-1
Intel Xeon Phi coprocessor x100 family,MatrixTranspose,TWO_D,3396,3396,2,256,1,43,225.362,9.551,0.009,-1,-1,-1
Intel Xeon Phi coprocessor x100 family,MatrixTranspose,TWO_D,3396,3396,2,512,1,43,226.39,9.532,0.01,-1,-1,-1
Intel Xeon Phi coprocessor x100 family,MatrixTranspose,TWO_D,3396,3396,2,1024,1,43,226.653,9.48,0.011,-1,-1,-1
Intel Xeon Phi coprocessor x100 family,MatrixTranspose,TWO_D,3396,3396,2,2048,1,43,225.333,9.45,0.01,-1,-1,-1
Intel Xeon Phi coprocessor x100 family,MatrixTranspose,TWO_D,3396,3396,2,4096,1,43,225.396,9.499,0.009,-1,-1,-1
Intel Xeon Phi coprocessor x100 family,MatrixTranspose,TWO_D,3396,3396,4,1,1,43,225.583,9.478,0.01,33.485,20.864,2.422
Intel Xeon Phi coprocessor x100 family,MatrixTranspose,TWO_D,3396,3396,4,2,1,43,237.946,11.278,0.009,29.377,21.061,2.506
Intel Xeon Phi coprocessor x100 family,MatrixTranspose,TWO_D,3396,3396,4,4,1,43,235.129,11.263,0.012,28.519,20.337,2.274
Intel Xeon Phi coprocessor x100 family,MatrixTranspose,TWO_D,3396,3396,4,8,1,43,228.795,11.442,0.009,-1,-1,-1
Intel Xeon Phi coprocessor x100 family,MatrixTranspose,TWO_D,3396,3396,4,16,1,43,225.318,9.374,0.011,-1,-1,-1
Intel Xeon Phi coprocessor x100 family,MatrixTranspose,TWO_D,3396,3396,4,32,1,43,225.376,9.49,0.01,-1,-1,-1
Intel Xeon Phi coprocessor x100 family,MatrixTranspose,TWO_D,3396,3396,4,64,1,43,225.348,9.432,0.009,-1,-1,-1
Intel Xeon Phi coprocessor x100 family,MatrixTranspose,TWO_D,3396,3396,4,128,1,43,225.52,9.447,0.009,-1,-1,-1
Intel Xeon Phi coprocessor x100 family,MatrixTranspose,TWO_D,3396,3396,4,256,1,43,225.329,9.627,0.011,-1,-1,-1
Intel Xeon Phi coprocessor x100 family,MatrixTranspose,TWO_D,3396,3396,4,512,1,43,225.328,9.515,0.009,-1,-1,-1
Intel Xeon Phi coprocessor x100 family,MatrixTranspose,TWO_D,3396,3396,4,1024,1,43,225.423,9.552,0.01,-1,-1,-1
Intel Xeon Phi coprocessor x100 family,MatrixTranspose,TWO_D,3396,3396,4,2048,1,43,225.913,9.497,0.01,-1,-1,-1
Intel Xeon Phi coprocessor x100 family,MatrixTranspose,TWO_D,3396,3396,8,1,1,43,225.372,9.227,0.011,-1,-1,-1
Intel Xeon Phi coprocessor x100 family,MatrixTranspose,TWO_D,3396,3396,8,2,1,43,225.334,9.535,0.011,-1,-1,-1
Intel Xeon Phi coprocessor x100 family,MatrixTranspose,TWO_D,3396,3396,8,4,1,43,225.523,9.476,0.01,-1,-1,-1
Intel Xeon Phi coprocessor x100 family,MatrixTranspose,TWO_D,3396,3396,8,8,1,43,225.601,9.271,0.009,-1,-1,-1
Intel Xeon Phi coprocessor x100 family,MatrixTranspose,TWO_D,3396,3396,8,16,1,43,225.741,9.531,0.01,-1,-1,-1
Intel Xeon Phi coprocessor x100 family,MatrixTranspose,TWO_D,3396,3396,8,32,1,43,225.736,9.563,0.009,-1,-1,-1
Intel Xeon Phi coprocessor x100 family,MatrixTranspose,TWO_D,3396,3396,8,64,1,43,226.851,9.509,0.011,-1,-1,-1
Intel Xeon Phi coprocessor x100 family,MatrixTranspose,TWO_D,3396,3396,8,128,1,43,225.775,9.21,0.009,-1,-1,-1
Intel Xeon Phi coprocessor x100 family,MatrixTranspose,TWO_D,3396,3396,8,256,1,43,225.719,9.496,0.009,-1,-1,-1
Intel Xeon Phi coprocessor x100 family,MatrixTranspose,TWO_D,3396,3396,8,512,1,43,225.864,9.392,0.01,-1,-1,-1
Intel Xeon Phi coprocessor x100 family,MatrixTranspose,TWO_D,3396,3396,8,1024,1,43,225.94,9.484,0.012,-1,-1,-1
Intel Xeon Phi coprocessor x100 family,MatrixTranspose,TWO_D,3396,3396,16,1,1,43,225.786,9.281,0.009,-1,-1,-1
Intel Xeon Phi coprocessor x100 family,MatrixTranspose,TWO_D,3396,3396,16,2,1,43,225.708,9.502,0.01,-1,-1,-1
Intel Xeon Phi coprocessor x100 family,MatrixTranspose,TWO_D,3396,3396,16,4,1,43,226.452,9.488,0.01,-1,-1,-1
Intel Xeon Phi coprocessor x100 family,MatrixTranspose,TWO_D,3396,3396,16,8,1,43,226.157,9.436,0.025,-1,-1,-1
Intel Xeon Phi coprocessor x100 family,MatrixTranspose,TWO_D,3396,3396,16,16,1,43,225.76,9.3,0.009,-1,-1,-1
Intel Xeon Phi coprocessor x100 family,MatrixTranspose,TWO_D,3396,3396,16,32,1,43,225.85,9.403,0.011,-1,-1,-1
Intel Xeon Phi coprocessor x100 family,MatrixTranspose,TWO_D,3396,3396,16,64,1,43,226.018,9.506,0.009,-1,-1,-1
Intel Xeon Phi coprocessor x100 family,MatrixTranspose,TWO_D,3396,3396,16,128,1,43,225.824,9.204,0.009,-1,-1,-1
Intel Xeon Phi coprocessor x100 family,MatrixTranspose,TWO_D,3396,3396,16,256,1,43,225.784,9.445,0.009,-1,-1,-1
Intel Xeon Phi coprocessor x100 family,MatrixTranspose,TWO_D,3396,3396,16,512,1,43,226.589,9.608,0.01,-1,-1,-1
Intel Xeon Phi coprocessor x100 family,MatrixTranspose,TWO_D,3396,3396,32,1,1,43,226.693,9.496,0.009,-1,-1,-1
Intel Xeon Phi coprocessor x100 family,MatrixTranspose,TWO_D,3396,3396,32,2,1,43,225.809,9.504,0.01,-1,-1,-1
Intel Xeon Phi coprocessor x100 family,MatrixTranspose,TWO_D,3396,3396,32,4,1,43,225.843,9.467,0.01,-1,-1,-1
Intel Xeon Phi coprocessor x100 family,MatrixTranspose,TWO_D,3396,3396,32,8,1,43,225.791,9.446,0.009,-1,-1,-1
Intel Xeon Phi coprocessor x100 family,MatrixTranspose,TWO_D,3396,3396,32,16,1,43,225.891,9.57,0.009,-1,-1,-1
Intel Xeon Phi coprocessor x100 family,MatrixTranspose,TWO_D,3396,3396,32,32,1,43,225.762,9.249,0.01,-1,-1,-1
Intel Xeon Phi coprocessor x100 family,MatrixTranspose,TWO_D,3396,3396,32,64,1,43,225.776,9.423,0.01,-1,-1,-1
Intel Xeon Phi coprocessor x100 family,MatrixTranspose,TWO_D,3396,3396,32,128,1,43,226.825,9.527,0.01,-1,-1,-1
Intel Xeon Phi coprocessor x100 family,MatrixTranspose,TWO_D,3396,3396,32,256,1,43,225.772,9.472,0.011,-1,-1,-1
Intel Xeon Phi coprocessor x100 family,MatrixTranspose,TWO_D,3396,3396,64,1,1,43,225.732,9.431,0.009,-1,-1,-1
Intel Xeon Phi coprocessor x100 family,MatrixTranspose,TWO_D,3396,3396,64,2,1,43,225.651,9.523,0.01,-1,-1,-1
Intel Xeon Phi coprocessor x100 family,MatrixTranspose,TWO_D,3396,3396,64,4,1,43,226.023,9.39,0.01,-1,-1,-1
Intel Xeon Phi coprocessor x100 family,MatrixTranspose,TWO_D,3396,3396,64,8,1,43,225.766,9.227,0.009,-1,-1,-1
Intel Xeon Phi coprocessor x100 family,MatrixTranspose,TWO_D,3396,3396,64,16,1,43,225.712,9.458,0.011,-1,-1,-1
Intel Xeon Phi coprocessor x100 family,MatrixTranspose,TWO_D,3396,3396,64,32,1,43,225.852,9.55,0.011,-1,-1,-1
Intel Xeon Phi coprocessor x100 family,MatrixTranspose,TWO_D,3396,3396,64,64,1,43,226.693,9.419,0.009,-1,-1,-1
Intel Xeon Phi coprocessor x100 family,MatrixTranspose,TWO_D,3396,3396,64,128,1,43,225.728,9.2,0.009,-1,-1,-1
Intel Xeon Phi coprocessor x100 family,MatrixTranspose,TWO_D,3396,3396,128,1,1,43,225.733,9.529,0.01,-1,-1,-1
Intel Xeon Phi coprocessor x100 family,MatrixTranspose,TWO_D,3396,3396,128,2,1,43,225.936,9.542,0.01,-1,-1,-1
Intel Xeon Phi coprocessor x100 family,MatrixTranspose,TWO_D,3396,3396,128,4,1,43,225.879,9.35,0.01,-1,-1,-1
Intel Xeon Phi coprocessor x100 family,MatrixTranspose,TWO_D,3396,3396,128,8,1,43,225.719,9.213,0.01,-1,-1,-1
Intel Xeon Phi coprocessor x100 family,MatrixTranspose,TWO_D,3396,3396,128,16,1,43,225.777,9.511,0.01,-1,-1,-1
Intel Xeon Phi coprocessor x100 family,MatrixTranspose,TWO_D,3396,3396,128,32,1,43,226.877,9.615,0.009,-1,-1,-1
Intel Xeon Phi coprocessor x100 family,MatrixTranspose,TWO_D,3396,3396,128,64,1,43,225.684,9.431,0.01,-1,-1,-1
Intel Xeon Phi coprocessor x100 family,MatrixTranspose,TWO_D,3396,3396,256,1,1,43,225.697,9.509,0.01,-1,-1,-1
Intel Xeon Phi coprocessor x100 family,MatrixTranspose,TWO_D,3396,3396,256,2,1,43,225.782,9.487,0.01,-1,-1,-1
Intel Xeon Phi coprocessor x100 family,MatrixTranspose,TWO_D,3396,3396,256,4,1,43,225.958,9.784,0.011,-1,-1,-1
Intel Xeon Phi coprocessor x100 family,MatrixTranspose,TWO_D,3396,3396,256,8,1,43,225.716,9.413,0.01,-1,-1,-1
Intel Xeon Phi coprocessor x100 family,MatrixTranspose,TWO_D,3396,3396,256,16,1,43,225.735,9.606,0.01,-1,-1,-1
Intel Xeon Phi coprocessor x100 family,MatrixTranspose,TWO_D,3396,3396,256,32,1,43,225.919,9.909,0.01,-1,-1,-1
Intel Xeon Phi coprocessor x100 family,MatrixTranspose,TWO_D,3396,3396,512,1,1,43,226.357,9.7,0.011,-1,-1,-1
Intel Xeon Phi coprocessor x100 family,MatrixTranspose,TWO_D,3396,3396,512,2,1,43,225.745,9.495,0.01,-1,-1,-1
Intel Xeon Phi coprocessor x100 family,MatrixTranspose,TWO_D,3396,3396,512,4,1,43,225.795,9.632,0.025,-1,-1,-1
Intel Xeon Phi coprocessor x100 family,MatrixTranspose,TWO_D,3396,3396,512,8,1,43,225.899,9.793,0.011,-1,-1,-1
Intel Xeon Phi coprocessor x100 family,MatrixTranspose,TWO_D,3396,3396,512,16,1,43,225.844,9.701,0.011,-1,-1,-1
Intel Xeon Phi coprocessor x100 family,MatrixTranspose,TWO_D,3396,3396,1024,1,1,43,225.734,9.714,0.01,-1,-1,-1
Intel Xeon Phi coprocessor x100 family,MatrixTranspose,TWO_D,3396,3396,1024,2,1,43,225.819,9.721,0.025,-1,-1,-1
Intel Xeon Phi coprocessor x100 family,MatrixTranspose,TWO_D,3396,3396,1024,4,1,43,226.945,9.748,0.01,-1,-1,-1
Intel Xeon Phi coprocessor x100 family,MatrixTranspose,TWO_D,3396,3396,1024,8,1,43,225.818,9.719,0.01,-1,-1,-1
Intel Xeon Phi coprocessor x100 family,MatrixTranspose,TWO_D,3396,3396,2048,1,1,43,225.714,9.956,0.01,-1,-1,-1
Intel Xeon Phi coprocessor x100 family,MatrixTranspose,TWO_D,3396,3396,2048,2,1,43,225.897,9.663,0.01,-1,-1,-1
Intel Xeon Phi coprocessor x100 family,MatrixTranspose,TWO_D,3396,3396,2048,4,1,43,225.961,9.494,0.012,-1,-1,-1
Intel Xeon Phi coprocessor x100 family,MatrixTranspose,TWO_D,3396,3396,4096,1,1,43,225.756,9.753,0.026,-1,-1,-1
Intel Xeon Phi coprocessor x100 family,MatrixTranspose,TWO_D,3396,3396,4096,2,1,43,226.224,9.436,0.01,-1,-1,-1
Intel Xeon Phi coprocessor x100 family,MatrixTranspose,TWO_D,3396,3396,8192,1,1,43,226.54,9.678,0.01,-1,-1,-1
Intel Xeon Phi coprocessor x100 family,MatrixTranspose,TWO_D,3396,3396,1,1,1,43,237.909,9.34,0.01,60.2,37.331,2.276
Intel Xeon Phi coprocessor x100 family,MatrixTranspose,TWO_D,3396,3396,1,2,1,43,227.871,11.439,0.01,43.949,34.441,2.492
Intel Xeon Phi coprocessor x100 family,MatrixTranspose,TWO_D,3396,3396,1,4,1,43,232.452,11.408,0.012,35.263,20.416,2.384
Intel Xeon Phi coprocessor x100 family,MatrixTranspose,TWO_D,3396,3396,1,8,1,43,228.308,13.521,0.011,-1,-1,-1
Intel Xeon Phi coprocessor x100 family,MatrixTranspose,TWO_D,3396,3396,1,16,1,43,227.743,9.555,0.012,-1,-1,-1
Intel Xeon Phi coprocessor x100 family,MatrixTranspose,TWO_D,3396,3396,1,32,1,43,227.388,9.586,0.01,-1,-1,-1
Intel Xeon Phi coprocessor x100 family,MatrixTranspose,TWO_D,3396,3396,1,64,1,43,227.425,9.669,0.01,-1,-1,-1
Intel Xeon Phi coprocessor x100 family,MatrixTranspose,TWO_D,3396,3396,1,128,1,43,227.461,9.533,0.01,-1,-1,-1
Intel Xeon Phi coprocessor x100 family,MatrixTranspose,TWO_D,3396,3396,1,256,1,43,227.419,9.572,0.012,-1,-1,-1
Intel Xeon Phi coprocessor x100 family,MatrixTranspose,TWO_D,3396,3396,1,512,1,43,227.473,9.591,0.012,-1,-1,-1
Intel Xeon Phi coprocessor x100 family,MatrixTranspose,TWO_D,3396,3396,1,1024,1,43,227.501,9.664,0.016,-1,-1,-1
Intel Xeon Phi coprocessor x100 family,MatrixTranspose,TWO_D,3396,3396,1,2048,1,43,228.359,9.682,0.011,-1,-1,-1
Intel Xeon Phi coprocessor x100 family,MatrixTranspose,TWO_D,3396,3396,1,4096,1,43,227.476,9.652,0.011,-1,-1,-1
Intel Xeon Phi coprocessor x100 family,MatrixTranspose,TWO_D,3396,3396,1,8192,1,43,227.45,9.365,0.012,-1,-1,-1
Intel Xeon Phi coprocessor x100 family,MatrixTranspose,TWO_D,3396,3396,2,1,1,43,227.353,9.759,0.011,42.643,18.738,2.314
Intel Xeon Phi coprocessor x100 family,MatrixTranspose,TWO_D,3396,3396,2,2,1,43,228.019,11.466,0.011,34.279,21.9,2.32
Intel Xeon Phi coprocessor x100 family,MatrixTranspose,TWO_D,3396,3396,2,4,1,43,227.947,11.628,0.011,30.149,19.773,2.37
Intel Xeon Phi coprocessor x100 family,MatrixTranspose,TWO_D,3396,3396,2,8,1,43,228.663,11.346,0.011,-1,-1,-1
Intel Xeon Phi coprocessor x100 family,MatrixTranspose,TWO_D,3396,3396,2,16,1,43,228.207,9.626,0.01,-1,-1,-1
Intel Xeon Phi coprocessor x100 family,MatrixTranspose,TWO_D,3396,3396,2,32,1,43,227.477,9.626,0.011,-1,-1,-1
Intel Xeon Phi coprocessor x100 family,MatrixTranspose,TWO_D,3396,3396,2,64,1,43,227.431,9.633,0.01,-1,-1,-1
Intel Xeon Phi coprocessor x100 family,MatrixTranspose,TWO_D,3396,3396,2,128,1,43,227.319,9.702,0.01,-1,-1,-1
Intel Xeon Phi coprocessor x100 family,MatrixTranspose,TWO_D,3396,3396,2,256,1,43,227.532,9.591,0.01,-1,-1,-1
Intel Xeon Phi coprocessor x100 family,MatrixTranspose,TWO_D,3396,3396,2,512,1,43,227.519,9.613,0.01,-1,-1,-1
Intel Xeon Phi coprocessor x100 family,MatrixTranspose,TWO_D,3396,3396,2,1024,1,43,227.389,9.399,0.01,-1,-1,-1
Intel Xeon Phi coprocessor x100 family,MatrixTranspose,TWO_D,3396,3396,2,2048,1,43,228.147,9.691,0.011,-1,-1,-1
Intel Xeon Phi coprocessor x100 family,MatrixTranspose,TWO_D,3396,3396,2,4096,1,43,227.376,9.721,0.01,-1,-1,-1
Intel Xeon Phi coprocessor x100 family,MatrixTranspose,TWO_D,3396,3396,4,1,1,43,227.481,9.623,0.011,33.595,18.76,2.314
Intel Xeon Phi coprocessor x100 family,MatrixTranspose,TWO_D,3396,3396,4,2,1,43,228.175,11.264,0.011,29.454,19.882,2.027
Intel Xeon Phi coprocessor x100 family,MatrixTranspose,TWO_D,3396,3396,4,4,1,43,228.218,11.553,0.011,27.323,20.442,2.408
Intel Xeon Phi coprocessor x100 family,MatrixTranspose,TWO_D,3396,3396,4,8,1,43,227.863,11.371,0.009,-1,-1,-1
Intel Xeon Phi coprocessor x100 family,MatrixTranspose,TWO_D,3396,3396,4,16,1,43,227.353,9.451,0.01,-1,-1,-1
Intel Xeon Phi coprocessor x100 family,MatrixTranspose,TWO_D,3396,3396,4,32,1,43,227.949,9.571,0.01,-1,-1,-1
Intel Xeon Phi coprocessor x100 family,MatrixTranspose,TWO_D,3396,3396,4,64,1,43,227.653,9.611,0.01,-1,-1,-1
Intel Xeon Phi coprocessor x100 family,MatrixTranspose,TWO_D,3396,3396,4,128,1,43,232.73,9.645,0.011,-1,-1,-1
Intel Xeon Phi coprocessor x100 family,MatrixTranspose,TWO_D,3396,3396,4,256,1,43,226.868,9.343,0.011,-1,-1,-1
Intel Xeon Phi coprocessor x100 family,MatrixTranspose,TWO_D,3396,3396,4,512,1,43,226.99,9.556,0.01,-1,-1,-1
Intel Xeon Phi coprocessor x100 family,MatrixTranspose,TWO_D,3396,3396,4,1024,1,43,226.821,9.594,0.011,-1,-1,-1
Intel Xeon Phi coprocessor x100 family,MatrixTranspose,TWO_D,3396,3396,4,2048,1,43,226.903,9.589,0.01,-1,-1,-1
Intel Xeon Phi coprocessor x100 family,MatrixTranspose,TWO_D,3396,3396,8,1,1,43,226.926,9.716,0.012,-1,-1,-1
Intel Xeon Phi coprocessor x100 family,MatrixTranspose,TWO_D,3396,3396,8,2,1,43,227.844,9.634,0.01,-1,-1,-1
Intel Xeon Phi coprocessor x100 family,MatrixTranspose,TWO_D,3396,3396,8,4,1,43,226.852,9.82,0.011,-1,-1,-1
Intel Xeon Phi coprocessor x100 family,MatrixTranspose,TWO_D,3396,3396,8,8,1,43,226.899,9.576,0.01,-1,-1,-1
Intel Xeon Phi coprocessor x100 family,MatrixTranspose,TWO_D,3396,3396,8,16,1,43,226.844,9.658,0.01,-1,-1,-1
Intel Xeon Phi coprocessor x100 family,MatrixTranspose,TWO_D,3396,3396,8,32,1,43,226.906,9.563,0.01,-1,-1,-1
Intel Xeon Phi coprocessor x100 family,MatrixTranspose,TWO_D,3396,3396,8,64,1,43,226.972,9.542,0.01,-1,-1,-1
Intel Xeon Phi coprocessor x100 family,MatrixTranspose,TWO_D,3396,3396,8,128,1,43,226.807,9.547,0.011,-1,-1,-1
Intel Xeon Phi coprocessor x100 family,MatrixTranspose,TWO_D,3396,3396,8,256,1,43,227.827,9.645,0.01,-1,-1,-1
Intel Xeon Phi coprocessor x100 family,MatrixTranspose,TWO_D,3396,3396,8,512,1,43,226.854,9.551,0.011,-1,-1,-1
Intel Xeon Phi coprocessor x100 family,MatrixTranspose,TWO_D,3396,3396,8,1024,1,43,226.981,9.558,0.01,-1,-1,-1
Intel Xeon Phi coprocessor x100 family,MatrixTranspose,TWO_D,3396,3396,16,1,1,43,226.904,9.396,0.011,-1,-1,-1
Intel Xeon Phi coprocessor x100 family,MatrixTranspose,TWO_D,3396,3396,16,2,1,43,226.935,9.564,0.011,-1,-1,-1
Intel Xeon Phi coprocessor x100 family,MatrixTranspose,TWO_D,3396,3396,16,4,1,43,226.929,9.479,0.009,-1,-1,-1
Intel Xeon Phi coprocessor x100 family,MatrixTranspose,TWO_D,3396,3396,16,8,1,43,226.907,9.63,0.011,-1,-1,-1
Intel Xeon Phi coprocessor x100 family,MatrixTranspose,TWO_D,3396,3396,16,16,1,43,226.962,9.773,0.011,-1,-1,-1
Intel Xeon Phi coprocessor x100 family,MatrixTranspose,TWO_D,3396,3396,16,32,1,43,227.464,9.606,0.01,-1,-1,-1
Intel Xeon Phi coprocessor x100 family,MatrixTranspose,TWO_D,3396,3396,16,64,1,43,227.008,9.58,0.011,-1,-1,-1
Intel Xeon Phi coprocessor x100 family,MatrixTranspose,TWO_D,3396,3396,16,128,1,43,226.833,9.426,0.01,-1,-1,-1
Intel Xeon Phi coprocessor x100 family,MatrixTranspose,TWO_D,3396,3396,16,256,1,43,226.861,9.405,0.011,-1,-1,-1
Intel Xeon Phi coprocessor x100 family,MatrixTranspose,TWO_D,3396,3396,16,512,1,43,226.949,9.605,0.01,-1,-1,-1
Intel Xeon Phi coprocessor x100 family,MatrixTranspose,TWO_D,3396,3396,32,1,1,43,226.958,9.61,0.01,-1,-1,-1
Intel Xeon Phi coprocessor x100 family,MatrixTranspose,TWO_D,3396,3396,32,2,1,43,227.711,9.382,0.009,-1,-1,-1
Intel Xeon Phi coprocessor x100 family,MatrixTranspose,TWO_D,3396,3396,32,4,1,43,227.783,9.537,0.011,-1,-1,-1
Intel Xeon Phi coprocessor x100 family,MatrixTranspose,TWO_D,3396,3396,32,8,1,43,226.932,9.607,0.01,-1,-1,-1
Intel Xeon Phi coprocessor x100 family,MatrixTranspose,TWO_D,3396,3396,32,16,1,43,226.861,9.593,0.01,-1,-1,-1
Intel Xeon Phi coprocessor x100 family,MatrixTranspose,TWO_D,3396,3396,32,32,1,43,226.937,9.649,0.01,-1,-1,-1
Intel Xeon Phi coprocessor x100 family,MatrixTranspose,TWO_D,3396,3396,32,64,1,43,227.128,9.65,0.01,-1,-1,-1
Intel Xeon Phi coprocessor x100 family,MatrixTranspose,TWO_D,3396,3396,32,128,1,43,226.844,9.616,0.009,-1,-1,-1
Intel Xeon Phi coprocessor x100 family,MatrixTranspose,TWO_D,3396,3396,32,256,1,43,226.842,9.421,0.01,-1,-1,-1
Intel Xeon Phi coprocessor x100 family,MatrixTranspose,TWO_D,3396,3396,64,1,1,43,227.494,9.42,0.011,-1,-1,-1
Intel Xeon Phi coprocessor x100 family,MatrixTranspose,TWO_D,3396,3396,64,2,1,43,226.886,9.571,0.01,-1,-1,-1
Intel Xeon Phi coprocessor x100 family,MatrixTranspose,TWO_D,3396,3396,64,4,1,43,226.871,9.616,0.01,-1,-1,-1
Intel Xeon Phi coprocessor x100 family,MatrixTranspose,TWO_D,3396,3396,64,8,1,43,226.803,9.342,0.01,-1,-1,-1
Intel Xeon Phi coprocessor x100 family,MatrixTranspose,TWO_D,3396,3396,64,16,1,43,226.959,9.593,0.011,-1,-1,-1
Intel Xeon Phi coprocessor x100 family,MatrixTranspose,TWO_D,3396,3396,64,32,1,43,226.884,9.622,0.01,-1,-1,-1
Intel Xeon Phi coprocessor x100 family,MatrixTranspose,TWO_D,3396,3396,64,64,1,43,226.897,9.589,0.01,-1,-1,-1
Intel Xeon Phi coprocessor x100 family,MatrixTranspose,TWO_D,3396,3396,64,128,1,43,226.886,9.383,0.01,-1,-1,-1
Intel Xeon Phi coprocessor x100 family,MatrixTranspose,TWO_D,3396,3396,128,1,1,43,227.754,9.664,0.01,-1,-1,-1
Intel Xeon Phi coprocessor x100 family,MatrixTranspose,TWO_D,3396,3396,128,2,1,43,226.785,9.572,0.011,-1,-1,-1
Intel Xeon Phi coprocessor x100 family,MatrixTranspose,TWO_D,3396,3396,128,4,1,43,226.889,9.734,0.01,-1,-1,-1
Intel Xeon Phi coprocessor x100 family,MatrixTranspose,TWO_D,3396,3396,128,8,1,43,226.933,9.371,0.011,-1,-1,-1
Intel Xeon Phi coprocessor x100 family,MatrixTranspose,TWO_D,3396,3396,128,16,1,43,227.124,9.565,0.011,-1,-1,-1
Intel Xeon Phi coprocessor x100 family,MatrixTranspose,TWO_D,3396,3396,128,32,1,43,226.931,9.556,0.01,-1,-1,-1
Intel Xeon Phi coprocessor x100 family,MatrixTranspose,TWO_D,3396,3396,128,64,1,43,226.875,9.601,0.01,-1,-1,-1
Intel Xeon Phi coprocessor x100 family,MatrixTranspose,TWO_D,3396,3396,256,1,1,43,227.798,9.66,0.011,-1,-1,-1
Intel Xeon Phi coprocessor x100 family,MatrixTranspose,TWO_D,3396,3396,256,2,1,43,226.858,9.909,0.01,-1,-1,-1
Intel Xeon Phi coprocessor x100 family,MatrixTranspose,TWO_D,3396,3396,256,4,1,43,226.959,9.888,0.011,-1,-1,-1
Intel Xeon Phi coprocessor x100 family,MatrixTranspose,TWO_D,3396,3396,256,8,1,43,226.869,9.63,0.014,-1,-1,-1
Intel Xeon Phi coprocessor x100 family,MatrixTranspose,TWO_D,3396,3396,256,16,1,43,227.01,9.796,0.01,-1,-1,-1
Intel Xeon Phi coprocessor x100 family,MatrixTranspose,TWO_D,3396,3396,256,32,1,43,226.898,9.936,0.01,-1,-1,-1
Intel Xeon Phi coprocessor x100 family,MatrixTranspose,TWO_D,3396,3396,512,1,1,43,226.908,9.946,0.01,-1,-1,-1
Intel Xeon Phi coprocessor x100 family,MatrixTranspose,TWO_D,3396,3396,512,2,1,43,227.218,9.702,0.01,-1,-1,-1
Intel Xeon Phi coprocessor x100 family,MatrixTranspose,TWO_D,3396,3396,512,4,1,43,227.295,9.928,0.011,-1,-1,-1
Intel Xeon Phi coprocessor x100 family,MatrixTranspose,TWO_D,3396,3396,512,8,1,43,226.935,9.907,0.01,-1,-1,-1
Intel Xeon Phi coprocessor x100 family,MatrixTranspose,TWO_D,3396,3396,512,16,1,43,226.939,9.834,0.01,-1,-1,-1
Intel Xeon Phi coprocessor x100 family,MatrixTranspose,TWO_D,3396,3396,1024,1,1,43,227.083,9.545,0.01,-1,-1,-1
Intel Xeon Phi coprocessor x100 family,MatrixTranspose,TWO_D,3396,3396,1024,2,1,43,226.972,9.888,0.01,-1,-1,-1
Intel Xeon Phi coprocessor x100 family,MatrixTranspose,TWO_D,3396,3396,1024,4,1,43,226.935,9.951,0.011,-1,-1,-1
Intel Xeon Phi coprocessor x100 family,MatrixTranspose,TWO_D,3396,3396,1024,8,1,43,226.884,9.967,0.011,-1,-1,-1
Intel Xeon Phi coprocessor x100 family,MatrixTranspose,TWO_D,3396,3396,2048,1,1,43,227.854,9.933,0.01,-1,-1,-1
Intel Xeon Phi coprocessor x100 family,MatrixTranspose,TWO_D,3396,3396,2048,2,1,43,226.914,10.013,0.01,-1,-1,-1
Intel Xeon Phi coprocessor x100 family,MatrixTranspose,TWO_D,3396,3396,2048,4,1,43,226.815,9.87,0.009,-1,-1,-1
Intel Xeon Phi coprocessor x100 family,MatrixTranspose,TWO_D,3396,3396,4096,1,1,43,226.906,9.529,0.01,-1,-1,-1
Intel Xeon Phi coprocessor x100 family,MatrixTranspose,TWO_D,3396,3396,4096,2,1,43,226.975,9.828,0.01,-1,-1,-1
Intel Xeon Phi coprocessor x100 family,MatrixTranspose,TWO_D,3396,3396,8192,1,1,43,226.914,9.842,0.011,-1,-1,-1
Intel Xeon Phi coprocessor x100 family,MatrixTranspose,TWO_D,3396,3396,1,1,1,43,228.942,11.395,0.01,60.582,19.658,3.069
Intel Xeon Phi coprocessor x100 family,MatrixTranspose,TWO_D,3396,3396,1,2,1,43,304.491,13.757,0.011,47.178,18.492,2.566
Intel Xeon Phi coprocessor x100 family,MatrixTranspose,TWO_D,3396,3396,1,4,1,43,225.778,11.721,0.016,35.472,20.527,2.513
Intel Xeon Phi coprocessor x100 family,MatrixTranspose,TWO_D,3396,3396,1,8,1,43,244.881,11.641,0.01,-1,-1,-1
Intel Xeon Phi coprocessor x100 family,MatrixTranspose,TWO_D,3396,3396,1,16,1,43,230.627,9.513,0.01,-1,-1,-1
Intel Xeon Phi coprocessor x100 family,MatrixTranspose,TWO_D,3396,3396,1,32,1,43,230.755,9.337,0.01,-1,-1,-1
Intel Xeon Phi coprocessor x100 family,MatrixTranspose,TWO_D,3396,3396,1,64,1,43,230.826,9.457,0.01,-1,-1,-1
Intel Xeon Phi coprocessor x100 family,MatrixTranspose,TWO_D,3396,3396,1,128,1,43,230.686,9.509,0.01,-1,-1,-1
Intel Xeon Phi coprocessor x100 family,MatrixTranspose,TWO_D,3396,3396,1,256,1,43,230.683,9.494,0.011,-1,-1,-1
Intel Xeon Phi coprocessor x100 family,MatrixTranspose,TWO_D,3396,3396,1,512,1,43,231.127,9.593,0.011,-1,-1,-1
Intel Xeon Phi coprocessor x100 family,MatrixTranspose,TWO_D,3396,3396,1,1024,1,43,223.668,9.308,0.01,-1,-1,-1
Intel Xeon Phi coprocessor x100 family,MatrixTranspose,TWO_D,3396,3396,1,2048,1,43,223.576,9.66,0.01,-1,-1,-1
Intel Xeon Phi coprocessor x100 family,MatrixTranspose,TWO_D,3396,3396,1,4096,1,43,223.705,9.286,0.011,-1,-1,-1
Intel Xeon Phi coprocessor x100 family,MatrixTranspose,TWO_D,3396,3396,1,8192,1,43,223.8,9.358,0.011,-1,-1,-1
Intel Xeon Phi coprocessor x100 family,MatrixTranspose,TWO_D,3396,3396,2,1,1,43,223.56,9.342,0.01,42.996,19.549,2.381
Intel Xeon Phi coprocessor x100 family,MatrixTranspose,TWO_D,3396,3396,2,2,1,43,227.665,11.647,0.01,34.288,21.161,2.308
Intel Xeon Phi coprocessor x100 family,MatrixTranspose,TWO_D,3396,3396,2,4,1,43,227.761,11.686,0.011,30.332,19.225,2.548
Intel Xeon Phi coprocessor x100 family,MatrixTranspose,TWO_D,3396,3396,2,8,1,43,237.058,11.759,0.01,-1,-1,-1
Intel Xeon Phi coprocessor x100 family,MatrixTranspose,TWO_D,3396,3396,2,16,1,43,223.517,9.843,0.01,-1,-1,-1
Intel Xeon Phi coprocessor x100 family,MatrixTranspose,TWO_D,3396,3396,2,32,1,43,223.764,9.61,0.01,-1,-1,-1
Intel Xeon Phi coprocessor x100 family,MatrixTranspose,TWO_D,3396,3396,2,64,1,43,223.601,9.833,0.01,-1,-1,-1
Intel Xeon Phi coprocessor x100 family,MatrixTranspose,TWO_D,3396,3396,2,128,1,43,223.579,9.759,0.014,-1,-1,-1
Intel Xeon Phi coprocessor x100 family,MatrixTranspose,TWO_D,3396,3396,2,256,1,43,223.499,9.597,0.011,-1,-1,-1
Intel Xeon Phi coprocessor x100 family,MatrixTranspose,TWO_D,3396,3396,2,512,1,43,223.748,9.57,0.01,-1,-1,-1
Intel Xeon Phi coprocessor x100 family,MatrixTranspose,TWO_D,3396,3396,2,1024,1,43,224.616,9.798,0.01,-1,-1,-1
Intel Xeon Phi coprocessor x100 family,MatrixTranspose,TWO_D,3396,3396,2,2048,1,43,223.674,9.829,0.01,-1,-1,-1
Intel Xeon Phi coprocessor x100 family,MatrixTranspose,TWO_D,3396,3396,2,4096,1,43,223.51,9.856,0.01,-1,-1,-1
Intel Xeon Phi coprocessor x100 family,MatrixTranspose,TWO_D,3396,3396,4,1,1,43,223.704,9.561,0.01,33.767,19.938,2.391
Intel Xeon Phi coprocessor x100 family,MatrixTranspose,TWO_D,3396,3396,4,2,1,43,228.022,11.851,0.01,29.64,18.065,3.164
Intel Xeon Phi coprocessor x100 family,MatrixTranspose,TWO_D,3396,3396,4,4,1,43,235.684,11.689,0.011,29.535,18.891,2.337
Intel Xeon Phi coprocessor x100 family,MatrixTranspose,TWO_D,3396,3396,4,8,1,43,228.795,11.623,0.01,-1,-1,-1
Intel Xeon Phi coprocessor x100 family,MatrixTranspose,TWO_D,3396,3396,4,16,1,43,224.364,9.794,0.01,-1,-1,-1
Intel Xeon Phi coprocessor x100 family,MatrixTranspose,TWO_D,3396,3396,4,32,1,43,223.594,9.804,0.011,-1,-1,-1
Intel Xeon Phi coprocessor x100 family,MatrixTranspose,TWO_D,3396,3396,4,64,1,43,223.521,9.822,0.011,-1,-1,-1
Intel Xeon Phi coprocessor x100 family,MatrixTranspose,TWO_D,3396,3396,4,128,1,43,223.773,9.737,0.011,-1,-1,-1
Intel Xeon Phi coprocessor x100 family,MatrixTranspose,TWO_D,3396,3396,4,256,1,43,223.627,9.73,0.012,-1,-1,-1
Intel Xeon Phi coprocessor x100 family,MatrixTranspose,TWO_D,3396,3396,4,512,1,43,223.651,9.803,0.011,-1,-1,-1
Intel Xeon Phi coprocessor x100 family,MatrixTranspose,TWO_D,3396,3396,4,1024,1,43,223.523,9.901,0.01,-1,-1,-1
Intel Xeon Phi coprocessor x100 family,MatrixTranspose,TWO_D,3396,3396,4,2048,1,43,223.735,9.889,0.011,-1,-1,-1
Intel Xeon Phi coprocessor x100 family,MatrixTranspose,TWO_D,3396,3396,8,1,1,43,224.039,9.806,0.014,-1,-1,-1
Intel Xeon Phi coprocessor x100 family,MatrixTranspose,TWO_D,3396,3396,8,2,1,43,223.497,9.854,0.012,-1,-1,-1
Intel Xeon Phi coprocessor x100 family,MatrixTranspose,TWO_D,3396,3396,8,4,1,43,223.575,9.807,0.01,-1,-1,-1
Intel Xeon Phi coprocessor x100 family,MatrixTranspose,TWO_D,3396,3396,8,8,1,43,223.609,9.915,0.011,-1,-1,-1
Intel Xeon Phi coprocessor x100 family,MatrixTranspose,TWO_D,3396,3396,8,16,1,43,223.538,9.813,0.011,-1,-1,-1
Intel Xeon Phi coprocessor x100 family,MatrixTranspose,TWO_D,3396,3396,8,32,1,43,223.426,9.799,0.011,-1,-1,-1
Intel Xeon Phi coprocessor x100 family,MatrixTranspose,TWO_D,3396,3396,8,64,1,43,223.638,9.58,0.01,-1,-1,-1
Intel Xeon Phi coprocessor x100 family,MatrixTranspose,TWO_D,3396,3396,8,128,1,43,224.572,9.795,0.01,-1,-1,-1
Intel Xeon Phi coprocessor x100 family,MatrixTranspose,TWO_D,3396,3396,8,256,1,43,223.489,9.742,0.01,-1,-1,-1
Intel Xeon Phi coprocessor x100 family,MatrixTranspose,TWO_D,3396,3396,8,512,1,43,223.425,9.838,0.01,-1,-1,-1
Intel Xeon Phi coprocessor x100 family,MatrixTranspose,TWO_D,3396,3396,8,1024,1,43,223.649,9.59,0.011,-1,-1,-1
Intel Xeon Phi coprocessor x100 family,MatrixTranspose,TWO_D,3396,3396,16,1,1,43,223.638,9.795,0.011,-1,-1,-1
Intel Xeon Phi coprocessor x100 family,MatrixTranspose,TWO_D,3396,3396,16,2,1,43,223.604,10.061,0.011,-1,-1,-1
Intel Xeon Phi coprocessor x100 family,MatrixTranspose,TWO_D,3396,3396,16,4,1,43,223.51,9.762,0.01,-1,-1,-1
Intel Xeon Phi coprocessor x100 family,MatrixTranspose,TWO_D,3396,3396,16,8,1,43,223.79,9.688,0.01,-1,-1,-1
Intel Xeon Phi coprocessor x100 family,MatrixTranspose,TWO_D,3396,3396,16,16,1,43,224.061,9.833,0.01,-1,-1,-1
Intel Xeon Phi coprocessor x100 family,MatrixTranspose,TWO_D,3396,3396,16,32,1,43,223.569,9.77,0.01,-1,-1,-1
Intel Xeon Phi coprocessor x100 family,MatrixTranspose,TWO_D,3396,3396,16,64,1,43,223.49,9.969,0.009,-1,-1,-1
Intel Xeon Phi coprocessor x100 family,MatrixTranspose,TWO_D,3396,3396,16,128,1,43,223.545,9.532,0.01,-1,-1,-1
Intel Xeon Phi coprocessor x100 family,MatrixTranspose,TWO_D,3396,3396,16,256,1,43,223.644,9.783,0.011,-1,-1,-1
Intel Xeon Phi coprocessor x100 family,MatrixTranspose,TWO_D,3396,3396,16,512,1,43,223.473,9.763,0.011,-1,-1,-1
Intel Xeon Phi coprocessor x100 family,MatrixTranspose,TWO_D,3396,3396,32,1,1,43,223.669,9.794,0.01,-1,-1,-1
Intel Xeon Phi coprocessor x100 family,MatrixTranspose,TWO_D,3396,3396,32,2,1,43,224.544,9.891,0.011,-1,-1,-1
Intel Xeon Phi coprocessor x100 family,MatrixTranspose,TWO_D,3396,3396,32,4,1,43,223.623,9.839,0.011,-1,-1,-1
Intel Xeon Phi coprocessor x100 family,MatrixTranspose,TWO_D,3396,3396,32,8,1,43,223.51,9.811,0.01,-1,-1,-1
Intel Xeon Phi coprocessor x100 family,MatrixTranspose,TWO_D,3396,3396,32,16,1,43,223.649,9.706,0.01,-1,-1,-1
Intel Xeon Phi coprocessor x100 family,MatrixTranspose,TWO_D,3396,3396,32,32,1,43,223.734,9.769,0.01,-1,-1,-1
Intel Xeon Phi coprocessor x100 family,MatrixTranspose,TWO_D,3396,3396,32,64,1,43,223.65,9.808,0.01,-1,-1,-1
Intel Xeon Phi coprocessor x100 family,MatrixTranspose,TWO_D,3396,3396,32,128,1,43,223.569,9.773,0.01,-1,-1,-1
Intel Xeon Phi coprocessor x100 family,MatrixTranspose,TWO_D,3396,3396,32,256,1,43,223.828,9.874,0.01,-1,-1,-1
Intel Xeon Phi coprocessor x100 family,MatrixTranspose,TWO_D,3396,3396,64,1,1,43,224.09,9.904,0.01,-1,-1,-1
Intel Xeon Phi coprocessor x100 family,MatrixTranspose,TWO_D,3396,3396,64,2,1,43,223.598,9.815,0.01,-1,-1,-1
Intel Xeon Phi coprocessor x100 family,MatrixTranspose,TWO_D,3396,3396,64,4,1,43,223.605,9.992,0.01,-1,-1,-1
Intel Xeon Phi coprocessor x100 family,MatrixTranspose,TWO_D,3396,3396,64,8,1,43,223.613,9.861,0.011,-1,-1,-1
Intel Xeon Phi coprocessor x100 family,MatrixTranspose,TWO_D,3396,3396,64,16,1,43,223.621,9.853,0.01,-1,-1,-1
Intel Xeon Phi coprocessor x100 family,MatrixTranspose,TWO_D,3396,3396,64,32,1,43,223.569,9.799,0.01,-1,-1,-1
Intel Xeon Phi coprocessor x100 family,MatrixTranspose,TWO_D,3396,3396,64,64,1,43,224.587,9.761,0.01,-1,-1,-1
Intel Xeon Phi coprocessor x100 family,MatrixTranspose,TWO_D,3396,3396,64,128,1,43,224.459,9.589,0.01,-1,-1,-1
Intel Xeon Phi coprocessor x100 family,MatrixTranspose,TWO_D,3396,3396,128,1,1,43,223.594,9.76,0.01,-1,-1,-1
Intel Xeon Phi coprocessor x100 family,MatrixTranspose,TWO_D,3396,3396,128,2,1,43,223.503,9.813,0.011,-1,-1,-1
Intel Xeon Phi coprocessor x100 family,MatrixTranspose,TWO_D,3396,3396,128,4,1,43,223.706,9.484,0.01,-1,-1,-1
Intel Xeon Phi coprocessor x100 family,MatrixTranspose,TWO_D,3396,3396,128,8,1,43,223.677,9.828,0.01,-1,-1,-1
Intel Xeon Phi coprocessor x100 family,MatrixTranspose,TWO_D,3396,3396,128,16,1,43,223.519,9.768,0.01,-1,-1,-1
Intel Xeon Phi coprocessor x100 family,MatrixTranspose,TWO_D,3396,3396,128,32,1,43,223.538,9.831,0.01,-1,-1,-1
Intel Xeon Phi coprocessor x100 family,MatrixTranspose,TWO_D,3396,3396,128,64,1,43,224.109,9.814,0.011,-1,-1,-1
Intel Xeon Phi coprocessor x100 family,MatrixTranspose,TWO_D,3396,3396,256,1,1,43,223.852,9.834,0.01,-1,-1,-1
Intel Xeon Phi coprocessor x100 family,MatrixTranspose,TWO_D,3396,3396,256,2,1,43,223.547,10.319,0.01,-1,-1,-1
Intel Xeon Phi coprocessor x100 family,MatrixTranspose,TWO_D,3396,3396,256,4,1,43,223.56,10.395,0.01,-1,-1,-1
Intel Xeon Phi coprocessor x100 family,MatrixTranspose,TWO_D,3396,3396,256,8,1,43,223.562,10.343,0.01,-1,-1,-1
Intel Xeon Phi coprocessor x100 family,MatrixTranspose,TWO_D,3396,3396,256,16,1,43,223.512,10.336,0.009,-1,-1,-1
Intel Xeon Phi coprocessor x100 family,MatrixTranspose,TWO_D,3396,3396,256,32,1,43,224.31,10.204,0.01,-1,-1,-1
Intel Xeon Phi coprocessor x100 family,MatrixTranspose,TWO_D,3396,3396,512,1,1,43,222.795,10.178,0.011,-1,-1,-1
Intel Xeon Phi coprocessor x100 family,MatrixTranspose,TWO_D,3396,3396,512,2,1,43,224.091,10.168,0.009,-1,-1,-1
Intel Xeon Phi coprocessor x100 family,MatrixTranspose,TWO_D,3396,3396,512,4,1,43,222.907,10.245,0.01,-1,-1,-1
Intel Xeon Phi coprocessor x100 family,MatrixTranspose,TWO_D,3396,3396,512,8,1,43,223.159,10.23,0.01,-1,-1,-1
Intel Xeon Phi coprocessor x100 family,MatrixTranspose,TWO_D,3396,3396,512,16,1,43,222.885,10.15,0.01,-1,-1,-1
Intel Xeon Phi coprocessor x100 family,MatrixTranspose,TWO_D,3396,3396,1024,1,1,43,222.964,9.864,0.026,-1,-1,-1
Intel Xeon Phi coprocessor x100 family,MatrixTranspose,TWO_D,3396,3396,1024,2,1,43,222.94,10.203,0.01,-1,-1,-1
Intel Xeon Phi coprocessor x100 family,MatrixTranspose,TWO_D,3396,3396,1024,4,1,43,222.669,10.293,0.011,-1,-1,-1
Intel Xeon Phi coprocessor x100 family,MatrixTranspose,TWO_D,3396,3396,1024,8,1,43,223.477,10.023,0.01,-1,-1,-1
Intel Xeon Phi coprocessor x100 family,MatrixTranspose,TWO_D,3396,3396,2048,1,1,43,223.314,9.659,0.01,-1,-1,-1
Intel Xeon Phi coprocessor x100 family,MatrixTranspose,TWO_D,3396,3396,2048,2,1,43,223.15,9.93,0.01,-1,-1,-1
Intel Xeon Phi coprocessor x100 family,MatrixTranspose,TWO_D,3396,3396,2048,4,1,43,222.729,9.993,0.011,-1,-1,-1
Intel Xeon Phi coprocessor x100 family,MatrixTranspose,TWO_D,3396,3396,4096,1,1,43,223.035,9.892,0.01,-1,-1,-1
Intel Xeon Phi coprocessor x100 family,MatrixTranspose,TWO_D,3396,3396,4096,2,1,43,223.336,9.896,0.01,-1,-1,-1
Intel Xeon Phi coprocessor x100 family,MatrixTranspose,TWO_D,3396,3396,8192,1,1,43,222.843,9.949,0.01,-1,-1,-1
Intel Xeon Phi coprocessor x100 family,MatrixTranspose,TWO_D,3396,3396,1,1,1,43,239.77,9.717,0.01,60.413,21.942,2.343
Intel Xeon Phi coprocessor x100 family,MatrixTranspose,TWO_D,3396,3396,1,2,1,43,236.218,11.081,0.01,45.71,22.384,2.152
Intel Xeon Phi coprocessor x100 family,MatrixTranspose,TWO_D,3396,3396,1,4,1,43,227.805,13.824,0.011,35.288,20.144,2.179
Intel Xeon Phi coprocessor x100 family,MatrixTranspose,TWO_D,3396,3396,1,8,1,43,237.022,11.348,0.01,-1,-1,-1
Intel Xeon Phi coprocessor x100 family,MatrixTranspose,TWO_D,3396,3396,1,16,1,43,224.781,9.387,0.01,-1,-1,-1
Intel Xeon Phi coprocessor x100 family,MatrixTranspose,TWO_D,3396,3396,1,32,1,43,224.653,9.094,0.01,-1,-1,-1
Intel Xeon Phi coprocessor x100 family,MatrixTranspose,TWO_D,3396,3396,1,64,1,43,224.641,9.301,0.011,-1,-1,-1
Intel Xeon Phi coprocessor x100 family,MatrixTranspose,TWO_D,3396,3396,1,128,1,43,225.977,9.358,0.01,-1,-1,-1
Intel Xeon Phi coprocessor x100 family,MatrixTranspose,TWO_D,3396,3396,1,256,1,43,224.714,9.443,0.011,-1,-1,-1
Intel Xeon Phi coprocessor x100 family,MatrixTranspose,TWO_D,3396,3396,1,512,1,43,224.692,9.416,0.01,-1,-1,-1
Intel Xeon Phi coprocessor x100 family,MatrixTranspose,TWO_D,3396,3396,1,1024,1,43,224.651,9.538,0.01,-1,-1,-1
Intel Xeon Phi coprocessor x100 family,MatrixTranspose,TWO_D,3396,3396,1,2048,1,43,224.959,9.334,0.009,-1,-1,-1
Intel Xeon Phi coprocessor x100 family,MatrixTranspose,TWO_D,3396,3396,1,4096,1,43,224.619,9.225,0.01,-1,-1,-1
Intel Xeon Phi coprocessor x100 family,MatrixTranspose,TWO_D,3396,3396,1,8192,1,43,224.678,9.427,0.01,-1,-1,-1
Intel Xeon Phi coprocessor x100 family,MatrixTranspose,TWO_D,3396,3396,2,1,1,43,225.721,9.411,0.009,42.816,19.526,2.203
Intel Xeon Phi coprocessor x100 family,MatrixTranspose,TWO_D,3396,3396,2,2,1,43,227.844,11.719,0.011,34.853,19.462,2.648
Intel Xeon Phi coprocessor x100 family,MatrixTranspose,TWO_D,3396,3396,2,4,1,43,227.799,14.27,0.011,30.353,19.76,1.953
Intel Xeon Phi coprocessor x100 family,MatrixTranspose,TWO_D,3396,3396,2,8,1,43,235.934,11.295,0.01,-1,-1,-1
Intel Xeon Phi coprocessor x100 family,MatrixTranspose,TWO_D,3396,3396,2,16,1,43,225.146,9.571,0.011,-1,-1,-1
Intel Xeon Phi coprocessor x100 family,MatrixTranspose,TWO_D,3396,3396,2,32,1,43,224.678,9.158,0.01,-1,-1,-1
Intel Xeon Phi coprocessor x100 family,MatrixTranspose,TWO_D,3396,3396,2,64,1,43,224.667,9.09,0.01,-1,-1,-1
Intel Xeon Phi coprocessor x100 family,MatrixTranspose,TWO_D,3396,3396,2,128,1,43,225.453,9.463,0.01,-1,-1,-1
Intel Xeon Phi coprocessor x100 family,MatrixTranspose,TWO_D,3396,3396,2,256,1,43,224.77,9.588,0.011,-1,-1,-1
Intel Xeon Phi coprocessor x100 family,MatrixTranspose,TWO_D,3396,3396,2,512,1,43,224.65,9.138,0.01,-1,-1,-1
Intel Xeon Phi coprocessor x100 family,MatrixTranspose,TWO_D,3396,3396,2,1024,1,43,224.692,9.53,0.011,-1,-1,-1
Intel Xeon Phi coprocessor x100 family,MatrixTranspose,TWO_D,3396,3396,2,2048,1,43,225.003,9.367,0.009,-1,-1,-1
Intel Xeon Phi coprocessor x100 family,MatrixTranspose,TWO_D,3396,3396,2,4096,1,43,224.777,9.368,0.01,-1,-1,-1
Intel Xeon Phi coprocessor x100 family,MatrixTranspose,TWO_D,3396,3396,4,1,1,43,224.847,9.399,0.011,33.956,22.38,2.288
Intel Xeon Phi coprocessor x100 family,MatrixTranspose,TWO_D,3396,3396,4,2,1,43,228.229,13.616,0.011,32.233,19.042,3.25
Intel Xeon Phi coprocessor x100 family,MatrixTranspose,TWO_D,3396,3396,4,4,1,43,289.441,12.951,0.009,28.326,21.613,2.355
Intel Xeon Phi coprocessor x100 family,MatrixTranspose,TWO_D,3396,3396,4,8,1,43,224.52,14.772,0.01,-1,-1,-1
Intel Xeon Phi coprocessor x100 family,MatrixTranspose,TWO_D,3396,3396,4,16,1,43,224.81,9.761,0.01,-1,-1,-1
Intel Xeon Phi coprocessor x100 family,MatrixTranspose,TWO_D,3396,3396,4,32,1,43,225.429,9.751,0.011,-1,-1,-1
Intel Xeon Phi coprocessor x100 family,MatrixTranspose,TWO_D,3396,3396,4,64,1,43,225.193,9.773,0.01,-1,-1,-1
Intel Xeon Phi coprocessor x100 family,MatrixTranspose,TWO_D,3396,3396,4,128,1,43,225.143,9.54,0.01,-1,-1,-1
Intel Xeon Phi coprocessor x100 family,MatrixTranspose,TWO_D,3396,3396,4,256,1,43,225.494,10.412,0.011,-1,-1,-1
Intel Xeon Phi coprocessor x100 family,MatrixTranspose,TWO_D,3396,3396,4,512,1,43,225.626,9.968,0.038,-1,-1,-1
Intel Xeon Phi coprocessor x100 family,MatrixTranspose,TWO_D,3396,3396,4,1024,1,43,223.775,9.723,0.012,-1,-1,-1
Intel Xeon Phi coprocessor x100 family,MatrixTranspose,TWO_D,3396,3396,4,2048,1,43,223.672,9.107,0.012,-1,-1,-1
Intel Xeon Phi coprocessor x100 family,MatrixTranspose,TWO_D,3396,3396,8,1,1,43,223.864,9.458,0.011,-1,-1,-1
Intel Xeon Phi coprocessor x100 family,MatrixTranspose,TWO_D,3396,3396,8,2,1,43,223.751,9.494,0.01,-1,-1,-1
Intel Xeon Phi coprocessor x100 family,MatrixTranspose,TWO_D,3396,3396,8,4,1,43,223.733,9.112,0.013,-1,-1,-1
Intel Xeon Phi coprocessor x100 family,MatrixTranspose,TWO_D,3396,3396,8,8,1,43,223.769,9.405,0.011,-1,-1,-1
Intel Xeon Phi coprocessor x100 family,MatrixTranspose,TWO_D,3396,3396,8,16,1,43,224.851,9.479,0.011,-1,-1,-1
Intel Xeon Phi coprocessor x100 family,MatrixTranspose,TWO_D,3396,3396,8,32,1,43,223.732,9.366,0.012,-1,-1,-1
Intel Xeon Phi coprocessor x100 family,MatrixTranspose,TWO_D,3396,3396,8,64,1,43,223.69,9.329,0.011,-1,-1,-1
Intel Xeon Phi coprocessor x100 family,MatrixTranspose,TWO_D,3396,3396,8,128,1,43,223.729,9.474,0.011,-1,-1,-1
Intel Xeon Phi coprocessor x100 family,MatrixTranspose,TWO_D,3396,3396,8,256,1,43,224.194,9.439,0.011,-1,-1,-1
Intel Xeon Phi coprocessor x100 family,MatrixTranspose,TWO_D,3396,3396,8,512,1,43,223.735,9.422,0.011,-1,-1,-1
Intel Xeon Phi coprocessor x100 family,MatrixTranspose,TWO_D,3396,3396,8,1024,1,43,223.726,9.398,0.01,-1,-1,-1
Intel Xeon Phi coprocessor x100 family,MatrixTranspose,TWO_D,3396,3396,16,1,1,43,224.039,9.456,0.011,-1,-1,-1
Intel Xeon Phi coprocessor x100 family,MatrixTranspose,TWO_D,3396,3396,16,2,1,43,224.227,9.438,0.011,-1,-1,-1
Intel Xeon Phi coprocessor x100 family,MatrixTranspose,TWO_D,3396,3396,16,4,1,43,223.748,9.338,0.011,-1,-1,-1
Intel Xeon Phi coprocessor x100 family,MatrixTranspose,TWO_D,3396,3396,16,8,1,43,223.718,9.416,0.011,-1,-1,-1
Intel Xeon Phi coprocessor x100 family,MatrixTranspose,TWO_D,3396,3396,16,16,1,43,223.957,9.428,0.01,-1,-1,-1
Intel Xeon Phi coprocessor x100 family,MatrixTranspose,TWO_D,3396,3396,16,32,1,43,223.835,9.336,0.01,-1,-1,-1
Intel Xeon Phi coprocessor x100 family,MatrixTranspose,TWO_D,3396,3396,16,64,1,43,223.735,9.281,0.01,-1,-1,-1
Intel Xeon Phi coprocessor x100 family,MatrixTranspose,TWO_D,3396,3396,16,128,1,43,223.749,9.193,0.011,-1,-1,-1
Intel Xeon Phi coprocessor x100 family,MatrixTranspose,TWO_D,3396,3396,16,256,1,43,224.931,9.41,0.01,-1,-1,-1
Intel Xeon Phi coprocessor x100 family,MatrixTranspose,TWO_D,3396,3396,16,512,1,43,223.713,9.478,0.009,-1,-1,-1
Intel Xeon Phi coprocessor x100 family,MatrixTranspose,TWO_D,3396,3396,32,1,1,43,223.742,9.272,0.01,-1,-1,-1
Intel Xeon Phi coprocessor x100 family,MatrixTranspose,TWO_D,3396,3396,32,2,1,43,223.776,9.42,0.011,-1,-1,-1
Intel Xeon Phi coprocessor x100 family,MatrixTranspose,TWO_D,3396,3396,32,4,1,43,225.977,9.647,0.01,-1,-1,-1
Intel Xeon Phi coprocessor x100 family,MatrixTranspose,TWO_D,3396,3396,32,8,1,43,223.728,9.32,0.011,-1,-1,-1
Intel Xeon Phi coprocessor x100 family,MatrixTranspose,TWO_D,3396,3396,32,16,1,43,223.756,9.432,0.011,-1,-1,-1
Intel Xeon Phi coprocessor x100 family,MatrixTranspose,TWO_D,3396,3396,32,32,1,43,224.228,9.441,0.011,-1,-1,-1
Intel Xeon Phi coprocessor x100 family,MatrixTranspose,TWO_D,3396,3396,32,64,1,43,223.91,12.782,0.017,-1,-1,-1
Intel Xeon Phi coprocessor x100 family,MatrixTranspose,TWO_D,3396,3396,32,128,1,43,223.69,9.323,0.011,-1,-1,-1
Intel Xeon Phi coprocessor x100 family,MatrixTranspose,TWO_D,3396,3396,32,256,1,43,228.044,9.335,0.011,-1,-1,-1
Intel Xeon Phi coprocessor x100 family,MatrixTranspose,TWO_D,3396,3396,64,1,1,43,223.886,9.397,0.011,-1,-1,-1
Intel Xeon Phi coprocessor x100 family,MatrixTranspose,TWO_D,3396,3396,64,2,1,43,223.666,9.357,0.009,-1,-1,-1
Intel Xeon Phi coprocessor x100 family,MatrixTranspose,TWO_D,3396,3396,64,4,1,43,223.569,9.49,0.012,-1,-1,-1
Intel Xeon Phi coprocessor x100 family,MatrixTranspose,TWO_D,3396,3396,64,8,1,43,224.126,9.133,0.011,-1,-1,-1
Intel Xeon Phi coprocessor x100 family,MatrixTranspose,TWO_D,3396,3396,64,16,1,43,225.686,9.304,0.011,-1,-1,-1
Intel Xeon Phi coprocessor x100 family,MatrixTranspose,TWO_D,3396,3396,64,32,1,43,223.145,9.436,0.01,-1,-1,-1
Intel Xeon Phi coprocessor x100 family,MatrixTranspose,TWO_D,3396,3396,64,64,1,43,222.791,9.425,0.01,-1,-1,-1
Intel Xeon Phi coprocessor x100 family,MatrixTranspose,TWO_D,3396,3396,64,128,1,43,222.962,9.357,0.009,-1,-1,-1
Intel Xeon Phi coprocessor x100 family,MatrixTranspose,TWO_D,3396,3396,128,1,1,43,223.401,9.355,0.01,-1,-1,-1
Intel Xeon Phi coprocessor x100 family,MatrixTranspose,TWO_D,3396,3396,128,2,1,43,222.943,9.408,0.009,-1,-1,-1
Intel Xeon Phi coprocessor x100 family,MatrixTranspose,TWO_D,3396,3396,128,4,1,43,222.928,9.284,0.01,-1,-1,-1
Intel Xeon Phi coprocessor x100 family,MatrixTranspose,TWO_D,3396,3396,128,8,1,43,223.471,9.595,0.01,-1,-1,-1
Intel Xeon Phi coprocessor x100 family,MatrixTranspose,TWO_D,3396,3396,128,16,1,43,223.2,9.474,0.01,-1,-1,-1
Intel Xeon Phi coprocessor x100 family,MatrixTranspose,TWO_D,3396,3396,128,32,1,43,222.928,9.36,0.011,-1,-1,-1
Intel Xeon Phi coprocessor x100 family,MatrixTranspose,TWO_D,3396,3396,128,64,1,43,222.951,9.125,0.01,-1,-1,-1
Intel Xeon Phi coprocessor x100 family,MatrixTranspose,TWO_D,3396,3396,256,1,1,43,223.208,9.368,0.011,-1,-1,-1
Intel Xeon Phi coprocessor x100 family,MatrixTranspose,TWO_D,3396,3396,256,2,1,43,223.029,9.343,0.011,-1,-1,-1
Intel Xeon Phi coprocessor x100 family,MatrixTranspose,TWO_D,3396,3396,256,4,1,43,222.594,9.772,0.011,-1,-1,-1
Intel Xeon Phi coprocessor x100 family,MatrixTranspose,TWO_D,3396,3396,256,8,1,43,223.109,9.403,0.011,-1,-1,-1
Intel Xeon Phi coprocessor x100 family,MatrixTranspose,TWO_D,3396,3396,256,16,1,43,224.236,9.638,0.012,-1,-1,-1
Intel Xeon Phi coprocessor x100 family,MatrixTranspose,TWO_D,3396,3396,256,32,1,43,222.762,9.514,0.01,-1,-1,-1
Intel Xeon Phi coprocessor x100 family,MatrixTranspose,TWO_D,3396,3396,512,1,1,43,222.834,9.533,0.01,-1,-1,-1
Intel Xeon Phi coprocessor x100 family,MatrixTranspose,TWO_D,3396,3396,512,2,1,43,222.976,9.271,0.01,-1,-1,-1
Intel Xeon Phi coprocessor x100 family,MatrixTranspose,TWO_D,3396,3396,512,4,1,43,223.492,9.527,0.011,-1,-1,-1
Intel Xeon Phi coprocessor x100 family,MatrixTranspose,TWO_D,3396,3396,512,8,1,43,223.078,9.56,0.011,-1,-1,-1
Intel Xeon Phi coprocessor x100 family,MatrixTranspose,TWO_D,3396,3396,512,16,1,43,222.801,9.58,0.011,-1,-1,-1
Intel Xeon Phi coprocessor x100 family,MatrixTranspose,TWO_D,3396,3396,1024,1,1,43,222.733,9.286,0.01,-1,-1,-1
Intel Xeon Phi coprocessor x100 family,MatrixTranspose,TWO_D,3396,3396,1024,2,1,43,224.426,9.764,0.01,-1,-1,-1
Intel Xeon Phi coprocessor x100 family,MatrixTranspose,TWO_D,3396,3396,1024,4,1,43,222.729,9.561,0.01,-1,-1,-1
Intel Xeon Phi coprocessor x100 family,MatrixTranspose,TWO_D,3396,3396,1024,8,1,43,222.89,9.557,0.01,-1,-1,-1
Intel Xeon Phi coprocessor x100 family,MatrixTranspose,TWO_D,3396,3396,2048,1,1,43,222.64,9.33,0.011,-1,-1,-1
Intel Xeon Phi coprocessor x100 family,MatrixTranspose,TWO_D,3396,3396,2048,2,1,43,223.267,9.55,0.011,-1,-1,-1
Intel Xeon Phi coprocessor x100 family,MatrixTranspose,TWO_D,3396,3396,2048,4,1,43,222.899,9.64,0.01,-1,-1,-1
Intel Xeon Phi coprocessor x100 family,MatrixTranspose,TWO_D,3396,3396,4096,1,1,43,224.363,9.544,0.011,-1,-1,-1
Intel Xeon Phi coprocessor x100 family,MatrixTranspose,TWO_D,3396,3396,4096,2,1,43,223.509,9.455,0.01,-1,-1,-1
Intel Xeon Phi coprocessor x100 family,MatrixTranspose,TWO_D,3396,3396,8192,1,1,43,223.578,9.573,0.011,-1,-1,-1
