device/C,kernel/C,workDimension/C,N/F,P/F,M/F,xLocal/I,yLocal/I,zLocal/I,MB/F,init/F,memoryCopyOut/F,plan/F,execute/F,memoryCopyIn/F,cleanUp/F
Intel Xeon Phi coprocessor x100 family,MatrixMultiplication,TWO_D,3318,3318,3318,1,1,1,41,578.649,61.261,0.013,33637,24.796,2.063
Intel Xeon Phi coprocessor x100 family,MatrixMultiplication,TWO_D,3318,3318,3318,1,2,1,41,489.395,55.61,0.012,31329.2,38.635,2.112
Intel Xeon Phi coprocessor x100 family,MatrixMultiplication,TWO_D,3318,3318,3318,1,4,1,41,472.324,54.13,0.013,-1,-1,-1
Intel Xeon Phi coprocessor x100 family,MatrixMultiplication,TWO_D,3318,3318,3318,1,8,1,41,435.91,52.081,0.012,-1,-1,-1
Intel Xeon Phi coprocessor x100 family,MatrixMultiplication,TWO_D,3318,3318,3318,1,16,1,41,435.406,51.929,0.011,-1,-1,-1
Intel Xeon Phi coprocessor x100 family,MatrixMultiplication,TWO_D,3318,3318,3318,1,32,1,41,435.488,51.873,0.012,-1,-1,-1
Intel Xeon Phi coprocessor x100 family,MatrixMultiplication,TWO_D,3318,3318,3318,1,64,1,41,435.887,51.969,0.012,-1,-1,-1
Intel Xeon Phi coprocessor x100 family,MatrixMultiplication,TWO_D,3318,3318,3318,1,128,1,41,435.588,51.654,0.013,-1,-1,-1
Intel Xeon Phi coprocessor x100 family,MatrixMultiplication,TWO_D,3318,3318,3318,1,256,1,41,435.537,51.771,0.012,-1,-1,-1
Intel Xeon Phi coprocessor x100 family,MatrixMultiplication,TWO_D,3318,3318,3318,1,512,1,41,435.487,51.998,0.012,-1,-1,-1
Intel Xeon Phi coprocessor x100 family,MatrixMultiplication,TWO_D,3318,3318,3318,1,1024,1,41,436.462,51.616,0.012,-1,-1,-1
Intel Xeon Phi coprocessor x100 family,MatrixMultiplication,TWO_D,3318,3318,3318,1,2048,1,41,435.482,51.857,0.012,-1,-1,-1
Intel Xeon Phi coprocessor x100 family,MatrixMultiplication,TWO_D,3318,3318,3318,1,4096,1,41,435.614,51.627,0.012,-1,-1,-1
Intel Xeon Phi coprocessor x100 family,MatrixMultiplication,TWO_D,3318,3318,3318,1,8192,1,41,435.53,51.701,0.012,-1,-1,-1
Intel Xeon Phi coprocessor x100 family,MatrixMultiplication,TWO_D,3318,3318,3318,2,1,1,41,436.388,51.482,0.012,33255.4,21.511,2.073
Intel Xeon Phi coprocessor x100 family,MatrixMultiplication,TWO_D,3318,3318,3318,2,2,1,41,484.695,54.282,0.012,28434.9,22.613,2.109
Intel Xeon Phi coprocessor x100 family,MatrixMultiplication,TWO_D,3318,3318,3318,2,4,1,41,491.526,54.692,0.011,-1,-1,-1
Intel Xeon Phi coprocessor x100 family,MatrixMultiplication,TWO_D,3318,3318,3318,2,8,1,41,435.551,51.749,0.013,-1,-1,-1
Intel Xeon Phi coprocessor x100 family,MatrixMultiplication,TWO_D,3318,3318,3318,2,16,1,41,437.026,51.739,0.012,-1,-1,-1
Intel Xeon Phi coprocessor x100 family,MatrixMultiplication,TWO_D,3318,3318,3318,2,32,1,41,435.596,51.576,0.012,-1,-1,-1
Intel Xeon Phi coprocessor x100 family,MatrixMultiplication,TWO_D,3318,3318,3318,2,64,1,41,435.671,51.664,0.011,-1,-1,-1
Intel Xeon Phi coprocessor x100 family,MatrixMultiplication,TWO_D,3318,3318,3318,2,128,1,41,435.537,51.865,0.012,-1,-1,-1
Intel Xeon Phi coprocessor x100 family,MatrixMultiplication,TWO_D,3318,3318,3318,2,256,1,41,436.429,52.194,0.012,-1,-1,-1
Intel Xeon Phi coprocessor x100 family,MatrixMultiplication,TWO_D,3318,3318,3318,2,512,1,41,435.42,52.116,0.012,-1,-1,-1
Intel Xeon Phi coprocessor x100 family,MatrixMultiplication,TWO_D,3318,3318,3318,2,1024,1,41,435.533,51.643,0.012,-1,-1,-1
Intel Xeon Phi coprocessor x100 family,MatrixMultiplication,TWO_D,3318,3318,3318,2,2048,1,41,435.529,51.552,0.011,-1,-1,-1
Intel Xeon Phi coprocessor x100 family,MatrixMultiplication,TWO_D,3318,3318,3318,2,4096,1,41,436.318,51.718,0.012,-1,-1,-1
Intel Xeon Phi coprocessor x100 family,MatrixMultiplication,TWO_D,3318,3318,3318,4,1,1,41,435.484,51.466,0.011,-1,-1,-1
Intel Xeon Phi coprocessor x100 family,MatrixMultiplication,TWO_D,3318,3318,3318,4,2,1,41,435.771,51.77,0.012,-1,-1,-1
Intel Xeon Phi coprocessor x100 family,MatrixMultiplication,TWO_D,3318,3318,3318,4,4,1,41,435.503,51.811,0.012,-1,-1,-1
Intel Xeon Phi coprocessor x100 family,MatrixMultiplication,TWO_D,3318,3318,3318,4,8,1,41,436.444,51.682,0.012,-1,-1,-1
Intel Xeon Phi coprocessor x100 family,MatrixMultiplication,TWO_D,3318,3318,3318,4,16,1,41,435.526,51.855,0.012,-1,-1,-1
Intel Xeon Phi coprocessor x100 family,MatrixMultiplication,TWO_D,3318,3318,3318,4,32,1,41,435.556,51.788,0.011,-1,-1,-1
Intel Xeon Phi coprocessor x100 family,MatrixMultiplication,TWO_D,3318,3318,3318,4,64,1,41,435.463,51.611,0.012,-1,-1,-1
Intel Xeon Phi coprocessor x100 family,MatrixMultiplication,TWO_D,3318,3318,3318,4,128,1,41,436.653,51.545,0.012,-1,-1,-1
Intel Xeon Phi coprocessor x100 family,MatrixMultiplication,TWO_D,3318,3318,3318,4,256,1,41,435.592,51.621,0.013,-1,-1,-1
Intel Xeon Phi coprocessor x100 family,MatrixMultiplication,TWO_D,3318,3318,3318,4,512,1,41,435.712,52.141,0.013,-1,-1,-1
Intel Xeon Phi coprocessor x100 family,MatrixMultiplication,TWO_D,3318,3318,3318,4,1024,1,41,435.524,52.049,0.012,-1,-1,-1
Intel Xeon Phi coprocessor x100 family,MatrixMultiplication,TWO_D,3318,3318,3318,4,2048,1,41,436.03,51.647,0.012,-1,-1,-1
Intel Xeon Phi coprocessor x100 family,MatrixMultiplication,TWO_D,3318,3318,3318,8,1,1,41,435.863,51.549,0.011,-1,-1,-1
Intel Xeon Phi coprocessor x100 family,MatrixMultiplication,TWO_D,3318,3318,3318,8,2,1,41,435.525,51.702,0.026,-1,-1,-1
Intel Xeon Phi coprocessor x100 family,MatrixMultiplication,TWO_D,3318,3318,3318,8,4,1,41,436.976,51.775,0.012,-1,-1,-1
Intel Xeon Phi coprocessor x100 family,MatrixMultiplication,TWO_D,3318,3318,3318,8,8,1,41,441.057,51.883,0.012,-1,-1,-1
Intel Xeon Phi coprocessor x100 family,MatrixMultiplication,TWO_D,3318,3318,3318,8,16,1,41,435.725,51.65,0.013,-1,-1,-1
Intel Xeon Phi coprocessor x100 family,MatrixMultiplication,TWO_D,3318,3318,3318,8,32,1,41,435.586,53.042,0.012,-1,-1,-1
Intel Xeon Phi coprocessor x100 family,MatrixMultiplication,TWO_D,3318,3318,3318,8,64,1,41,436.42,51.196,0.012,-1,-1,-1
Intel Xeon Phi coprocessor x100 family,MatrixMultiplication,TWO_D,3318,3318,3318,8,128,1,41,435.44,51.522,0.012,-1,-1,-1
Intel Xeon Phi coprocessor x100 family,MatrixMultiplication,TWO_D,3318,3318,3318,8,256,1,41,435.602,51.404,0.012,-1,-1,-1
Intel Xeon Phi coprocessor x100 family,MatrixMultiplication,TWO_D,3318,3318,3318,8,512,1,41,435.573,51.427,0.012,-1,-1,-1
Intel Xeon Phi coprocessor x100 family,MatrixMultiplication,TWO_D,3318,3318,3318,8,1024,1,41,436.383,51.478,0.011,-1,-1,-1
Intel Xeon Phi coprocessor x100 family,MatrixMultiplication,TWO_D,3318,3318,3318,16,1,1,41,435.441,51.507,0.012,-1,-1,-1
Intel Xeon Phi coprocessor x100 family,MatrixMultiplication,TWO_D,3318,3318,3318,16,2,1,41,435.641,51.522,0.012,-1,-1,-1
Intel Xeon Phi coprocessor x100 family,MatrixMultiplication,TWO_D,3318,3318,3318,16,4,1,41,435.534,51.624,0.011,-1,-1,-1
Intel Xeon Phi coprocessor x100 family,MatrixMultiplication,TWO_D,3318,3318,3318,16,8,1,41,436.402,51.332,0.013,-1,-1,-1
Intel Xeon Phi coprocessor x100 family,MatrixMultiplication,TWO_D,3318,3318,3318,16,16,1,41,435.52,51.541,0.012,-1,-1,-1
Intel Xeon Phi coprocessor x100 family,MatrixMultiplication,TWO_D,3318,3318,3318,16,32,1,41,435.817,51.347,0.012,-1,-1,-1
Intel Xeon Phi coprocessor x100 family,MatrixMultiplication,TWO_D,3318,3318,3318,16,64,1,41,435.462,51.479,0.012,-1,-1,-1
Intel Xeon Phi coprocessor x100 family,MatrixMultiplication,TWO_D,3318,3318,3318,16,128,1,41,436.448,51.557,0.011,-1,-1,-1
Intel Xeon Phi coprocessor x100 family,MatrixMultiplication,TWO_D,3318,3318,3318,16,256,1,41,435.63,51.506,0.012,-1,-1,-1
Intel Xeon Phi coprocessor x100 family,MatrixMultiplication,TWO_D,3318,3318,3318,16,512,1,41,437.769,51.268,0.012,-1,-1,-1
Intel Xeon Phi coprocessor x100 family,MatrixMultiplication,TWO_D,3318,3318,3318,32,1,1,41,435.534,52.184,0.012,-1,-1,-1
Intel Xeon Phi coprocessor x100 family,MatrixMultiplication,TWO_D,3318,3318,3318,32,2,1,41,435.946,51.418,0.01,-1,-1,-1
Intel Xeon Phi coprocessor x100 family,MatrixMultiplication,TWO_D,3318,3318,3318,32,4,1,41,435.575,51.6,0.011,-1,-1,-1
Intel Xeon Phi coprocessor x100 family,MatrixMultiplication,TWO_D,3318,3318,3318,32,8,1,41,435.579,51.591,0.012,-1,-1,-1
Intel Xeon Phi coprocessor x100 family,MatrixMultiplication,TWO_D,3318,3318,3318,32,16,1,41,436.81,51.734,0.012,-1,-1,-1
Intel Xeon Phi coprocessor x100 family,MatrixMultiplication,TWO_D,3318,3318,3318,32,32,1,41,435.518,51.805,0.011,-1,-1,-1
Intel Xeon Phi coprocessor x100 family,MatrixMultiplication,TWO_D,3318,3318,3318,32,64,1,41,435.631,51.535,0.012,-1,-1,-1
Intel Xeon Phi coprocessor x100 family,MatrixMultiplication,TWO_D,3318,3318,3318,32,128,1,41,435.645,51.548,0.012,-1,-1,-1
Intel Xeon Phi coprocessor x100 family,MatrixMultiplication,TWO_D,3318,3318,3318,32,256,1,41,436.428,51.472,0.013,-1,-1,-1
Intel Xeon Phi coprocessor x100 family,MatrixMultiplication,TWO_D,3318,3318,3318,64,1,1,41,436.244,51.247,0.012,-1,-1,-1
Intel Xeon Phi coprocessor x100 family,MatrixMultiplication,TWO_D,3318,3318,3318,64,2,1,41,435.574,51.567,0.011,-1,-1,-1
Intel Xeon Phi coprocessor x100 family,MatrixMultiplication,TWO_D,3318,3318,3318,64,4,1,41,435.439,51.687,0.011,-1,-1,-1
Intel Xeon Phi coprocessor x100 family,MatrixMultiplication,TWO_D,3318,3318,3318,64,8,1,41,436.411,51.258,0.012,-1,-1,-1
Intel Xeon Phi coprocessor x100 family,MatrixMultiplication,TWO_D,3318,3318,3318,64,16,1,41,435.499,52.593,0.012,-1,-1,-1
Intel Xeon Phi coprocessor x100 family,MatrixMultiplication,TWO_D,3318,3318,3318,64,32,1,41,435.572,52.968,0.011,-1,-1,-1
Intel Xeon Phi coprocessor x100 family,MatrixMultiplication,TWO_D,3318,3318,3318,64,64,1,41,435.737,51.999,0.012,-1,-1,-1
Intel Xeon Phi coprocessor x100 family,MatrixMultiplication,TWO_D,3318,3318,3318,64,128,1,41,436.362,51.413,0.012,-1,-1,-1
Intel Xeon Phi coprocessor x100 family,MatrixMultiplication,TWO_D,3318,3318,3318,128,1,1,41,435.468,51.364,0.012,-1,-1,-1
Intel Xeon Phi coprocessor x100 family,MatrixMultiplication,TWO_D,3318,3318,3318,128,2,1,41,435.686,51.4,0.012,-1,-1,-1
Intel Xeon Phi coprocessor x100 family,MatrixMultiplication,TWO_D,3318,3318,3318,128,4,1,41,435.472,51.505,0.012,-1,-1,-1
Intel Xeon Phi coprocessor x100 family,MatrixMultiplication,TWO_D,3318,3318,3318,128,8,1,41,436.4,51.567,0.012,-1,-1,-1
Intel Xeon Phi coprocessor x100 family,MatrixMultiplication,TWO_D,3318,3318,3318,128,16,1,41,435.541,51.511,0.012,-1,-1,-1
Intel Xeon Phi coprocessor x100 family,MatrixMultiplication,TWO_D,3318,3318,3318,128,32,1,41,435.709,51.392,0.012,-1,-1,-1
Intel Xeon Phi coprocessor x100 family,MatrixMultiplication,TWO_D,3318,3318,3318,128,64,1,41,435.596,51.358,0.011,-1,-1,-1
Intel Xeon Phi coprocessor x100 family,MatrixMultiplication,TWO_D,3318,3318,3318,256,1,1,41,435.985,51.488,0.012,-1,-1,-1
Intel Xeon Phi coprocessor x100 family,MatrixMultiplication,TWO_D,3318,3318,3318,256,2,1,41,435.501,51.518,0.012,-1,-1,-1
Intel Xeon Phi coprocessor x100 family,MatrixMultiplication,TWO_D,3318,3318,3318,256,4,1,41,435.584,51.209,0.011,-1,-1,-1
Intel Xeon Phi coprocessor x100 family,MatrixMultiplication,TWO_D,3318,3318,3318,256,8,1,41,436.845,51.509,0.012,-1,-1,-1
Intel Xeon Phi coprocessor x100 family,MatrixMultiplication,TWO_D,3318,3318,3318,256,16,1,41,435.563,51.453,0.011,-1,-1,-1
Intel Xeon Phi coprocessor x100 family,MatrixMultiplication,TWO_D,3318,3318,3318,256,32,1,41,435.661,51.533,0.012,-1,-1,-1
Intel Xeon Phi coprocessor x100 family,MatrixMultiplication,TWO_D,3318,3318,3318,512,1,1,41,435.511,51.132,0.011,-1,-1,-1
Intel Xeon Phi coprocessor x100 family,MatrixMultiplication,TWO_D,3318,3318,3318,512,2,1,41,436.505,52.03,0.012,-1,-1,-1
Intel Xeon Phi coprocessor x100 family,MatrixMultiplication,TWO_D,3318,3318,3318,512,4,1,41,435.584,52.162,0.011,-1,-1,-1
Intel Xeon Phi coprocessor x100 family,MatrixMultiplication,TWO_D,3318,3318,3318,512,8,1,41,435.739,52.091,0.012,-1,-1,-1
Intel Xeon Phi coprocessor x100 family,MatrixMultiplication,TWO_D,3318,3318,3318,512,16,1,41,435.654,52.173,0.026,-1,-1,-1
Intel Xeon Phi coprocessor x100 family,MatrixMultiplication,TWO_D,3318,3318,3318,1024,1,1,41,436.363,51.856,0.011,-1,-1,-1
Intel Xeon Phi coprocessor x100 family,MatrixMultiplication,TWO_D,3318,3318,3318,1024,2,1,41,435.558,52.624,0.026,-1,-1,-1
Intel Xeon Phi coprocessor x100 family,MatrixMultiplication,TWO_D,3318,3318,3318,1024,4,1,41,435.713,52.054,0.026,-1,-1,-1
Intel Xeon Phi coprocessor x100 family,MatrixMultiplication,TWO_D,3318,3318,3318,1024,8,1,41,435.544,52.153,0.011,-1,-1,-1
Intel Xeon Phi coprocessor x100 family,MatrixMultiplication,TWO_D,3318,3318,3318,2048,1,1,41,436.404,52.106,0.011,-1,-1,-1
Intel Xeon Phi coprocessor x100 family,MatrixMultiplication,TWO_D,3318,3318,3318,2048,2,1,41,438.971,52.201,0.011,-1,-1,-1
Intel Xeon Phi coprocessor x100 family,MatrixMultiplication,TWO_D,3318,3318,3318,2048,4,1,41,435.691,52.05,0.027,-1,-1,-1
Intel Xeon Phi coprocessor x100 family,MatrixMultiplication,TWO_D,3318,3318,3318,4096,1,1,41,435.669,52.448,0.026,-1,-1,-1
Intel Xeon Phi coprocessor x100 family,MatrixMultiplication,TWO_D,3318,3318,3318,4096,2,1,41,436.41,52.053,0.011,-1,-1,-1
Intel Xeon Phi coprocessor x100 family,MatrixMultiplication,TWO_D,3318,3318,3318,8192,1,1,41,435.937,52.401,0.011,-1,-1,-1
Intel Xeon Phi coprocessor x100 family,MatrixMultiplication,TWO_D,3318,3318,3318,1,1,1,41,581.45,62.392,0.014,33137,20.399,3.987
Intel Xeon Phi coprocessor x100 family,MatrixMultiplication,TWO_D,3318,3318,3318,1,2,1,41,457.081,52.501,0.026,31667.5,23.815,2.138
Intel Xeon Phi coprocessor x100 family,MatrixMultiplication,TWO_D,3318,3318,3318,1,4,1,41,496.835,54.43,0.012,-1,-1,-1
Intel Xeon Phi coprocessor x100 family,MatrixMultiplication,TWO_D,3318,3318,3318,1,8,1,41,435.391,52.388,0.012,-1,-1,-1
Intel Xeon Phi coprocessor x100 family,MatrixMultiplication,TWO_D,3318,3318,3318,1,16,1,41,435.863,52.437,0.011,-1,-1,-1
Intel Xeon Phi coprocessor x100 family,MatrixMultiplication,TWO_D,3318,3318,3318,1,32,1,41,435.389,52.671,0.012,-1,-1,-1
Intel Xeon Phi coprocessor x100 family,MatrixMultiplication,TWO_D,3318,3318,3318,1,64,1,41,435.499,52.48,0.011,-1,-1,-1
Intel Xeon Phi coprocessor x100 family,MatrixMultiplication,TWO_D,3318,3318,3318,1,128,1,41,435.79,52.446,0.011,-1,-1,-1
Intel Xeon Phi coprocessor x100 family,MatrixMultiplication,TWO_D,3318,3318,3318,1,256,1,41,435.528,52.436,0.011,-1,-1,-1
Intel Xeon Phi coprocessor x100 family,MatrixMultiplication,TWO_D,3318,3318,3318,1,512,1,41,435.445,52.682,0.011,-1,-1,-1
Intel Xeon Phi coprocessor x100 family,MatrixMultiplication,TWO_D,3318,3318,3318,1,1024,1,41,435.425,52.428,0.013,-1,-1,-1
Intel Xeon Phi coprocessor x100 family,MatrixMultiplication,TWO_D,3318,3318,3318,1,2048,1,41,436.329,52.445,0.01,-1,-1,-1
Intel Xeon Phi coprocessor x100 family,MatrixMultiplication,TWO_D,3318,3318,3318,1,4096,1,41,435.579,52.554,0.01,-1,-1,-1
Intel Xeon Phi coprocessor x100 family,MatrixMultiplication,TWO_D,3318,3318,3318,1,8192,1,41,435.53,52.5,0.01,-1,-1,-1
Intel Xeon Phi coprocessor x100 family,MatrixMultiplication,TWO_D,3318,3318,3318,2,1,1,41,435.452,52.697,0.01,33418.6,23.371,2.068
Intel Xeon Phi coprocessor x100 family,MatrixMultiplication,TWO_D,3318,3318,3318,2,2,1,41,512.983,54.383,0.011,29246.8,24.036,3.244
Intel Xeon Phi coprocessor x100 family,MatrixMultiplication,TWO_D,3318,3318,3318,2,4,1,41,516.673,53.59,0.01,-1,-1,-1
Intel Xeon Phi coprocessor x100 family,MatrixMultiplication,TWO_D,3318,3318,3318,2,8,1,41,435.813,51.958,0.011,-1,-1,-1
Intel Xeon Phi coprocessor x100 family,MatrixMultiplication,TWO_D,3318,3318,3318,2,16,1,41,435.447,51.714,0.012,-1,-1,-1
Intel Xeon Phi coprocessor x100 family,MatrixMultiplication,TWO_D,3318,3318,3318,2,32,1,41,435.498,51.77,0.011,-1,-1,-1
Intel Xeon Phi coprocessor x100 family,MatrixMultiplication,TWO_D,3318,3318,3318,2,64,1,41,435.265,51.612,0.011,-1,-1,-1
Intel Xeon Phi coprocessor x100 family,MatrixMultiplication,TWO_D,3318,3318,3318,2,128,1,41,436.292,51.749,0.012,-1,-1,-1
Intel Xeon Phi coprocessor x100 family,MatrixMultiplication,TWO_D,3318,3318,3318,2,256,1,41,435.327,51.711,0.011,-1,-1,-1
Intel Xeon Phi coprocessor x100 family,MatrixMultiplication,TWO_D,3318,3318,3318,2,512,1,41,435.574,51.78,0.012,-1,-1,-1
Intel Xeon Phi coprocessor x100 family,MatrixMultiplication,TWO_D,3318,3318,3318,2,1024,1,41,435.299,51.733,0.011,-1,-1,-1
Intel Xeon Phi coprocessor x100 family,MatrixMultiplication,TWO_D,3318,3318,3318,2,2048,1,41,436.314,51.61,0.012,-1,-1,-1
Intel Xeon Phi coprocessor x100 family,MatrixMultiplication,TWO_D,3318,3318,3318,2,4096,1,41,435.29,52.068,0.011,-1,-1,-1
Intel Xeon Phi coprocessor x100 family,MatrixMultiplication,TWO_D,3318,3318,3318,4,1,1,41,435.615,51.741,0.01,-1,-1,-1
Intel Xeon Phi coprocessor x100 family,MatrixMultiplication,TWO_D,3318,3318,3318,4,2,1,41,435.647,51.734,0.011,-1,-1,-1
Intel Xeon Phi coprocessor x100 family,MatrixMultiplication,TWO_D,3318,3318,3318,4,4,1,41,436.314,51.581,0.011,-1,-1,-1
Intel Xeon Phi coprocessor x100 family,MatrixMultiplication,TWO_D,3318,3318,3318,4,8,1,41,435.344,51.783,0.012,-1,-1,-1
Intel Xeon Phi coprocessor x100 family,MatrixMultiplication,TWO_D,3318,3318,3318,4,16,1,41,441.098,51.698,0.01,-1,-1,-1
Intel Xeon Phi coprocessor x100 family,MatrixMultiplication,TWO_D,3318,3318,3318,4,32,1,41,436.851,51.619,0.011,-1,-1,-1
Intel Xeon Phi coprocessor x100 family,MatrixMultiplication,TWO_D,3318,3318,3318,4,64,1,41,431.935,51.471,0.011,-1,-1,-1
Intel Xeon Phi coprocessor x100 family,MatrixMultiplication,TWO_D,3318,3318,3318,4,128,1,41,430.622,51.562,0.012,-1,-1,-1
Intel Xeon Phi coprocessor x100 family,MatrixMultiplication,TWO_D,3318,3318,3318,4,256,1,41,430.976,51.76,0.012,-1,-1,-1
Intel Xeon Phi coprocessor x100 family,MatrixMultiplication,TWO_D,3318,3318,3318,4,512,1,41,430.508,51.216,0.011,-1,-1,-1
Intel Xeon Phi coprocessor x100 family,MatrixMultiplication,TWO_D,3318,3318,3318,4,1024,1,41,425.845,51.225,0.012,-1,-1,-1
Intel Xeon Phi coprocessor x100 family,MatrixMultiplication,TWO_D,3318,3318,3318,4,2048,1,41,424.915,51.276,0.011,-1,-1,-1
Intel Xeon Phi coprocessor x100 family,MatrixMultiplication,TWO_D,3318,3318,3318,8,1,1,41,425.049,51.269,0.012,-1,-1,-1
Intel Xeon Phi coprocessor x100 family,MatrixMultiplication,TWO_D,3318,3318,3318,8,2,1,41,424.948,51.655,0.011,-1,-1,-1
Intel Xeon Phi coprocessor x100 family,MatrixMultiplication,TWO_D,3318,3318,3318,8,4,1,41,425.76,51.228,0.011,-1,-1,-1
Intel Xeon Phi coprocessor x100 family,MatrixMultiplication,TWO_D,3318,3318,3318,8,8,1,41,424.95,51.353,0.012,-1,-1,-1
Intel Xeon Phi coprocessor x100 family,MatrixMultiplication,TWO_D,3318,3318,3318,8,16,1,41,425.565,51.287,0.012,-1,-1,-1
Intel Xeon Phi coprocessor x100 family,MatrixMultiplication,TWO_D,3318,3318,3318,8,32,1,41,425.779,51.84,0.013,-1,-1,-1
Intel Xeon Phi coprocessor x100 family,MatrixMultiplication,TWO_D,3318,3318,3318,8,64,1,41,425.263,52.451,0.011,-1,-1,-1
Intel Xeon Phi coprocessor x100 family,MatrixMultiplication,TWO_D,3318,3318,3318,8,128,1,41,425.296,51.626,0.012,-1,-1,-1
Intel Xeon Phi coprocessor x100 family,MatrixMultiplication,TWO_D,3318,3318,3318,8,256,1,41,425.427,51.134,0.01,-1,-1,-1
Intel Xeon Phi coprocessor x100 family,MatrixMultiplication,TWO_D,3318,3318,3318,8,512,1,41,425.549,51.491,0.011,-1,-1,-1
Intel Xeon Phi coprocessor x100 family,MatrixMultiplication,TWO_D,3318,3318,3318,8,1024,1,41,425.13,51.404,0.012,-1,-1,-1
Intel Xeon Phi coprocessor x100 family,MatrixMultiplication,TWO_D,3318,3318,3318,16,1,1,41,425.39,51.123,0.011,-1,-1,-1
Intel Xeon Phi coprocessor x100 family,MatrixMultiplication,TWO_D,3318,3318,3318,16,2,1,41,425.235,50.902,0.011,-1,-1,-1
Intel Xeon Phi coprocessor x100 family,MatrixMultiplication,TWO_D,3318,3318,3318,16,4,1,41,425.94,51.208,0.011,-1,-1,-1
Intel Xeon Phi coprocessor x100 family,MatrixMultiplication,TWO_D,3318,3318,3318,16,8,1,41,425.19,51.067,0.011,-1,-1,-1
Intel Xeon Phi coprocessor x100 family,MatrixMultiplication,TWO_D,3318,3318,3318,16,16,1,41,425.43,51.1,0.011,-1,-1,-1
Intel Xeon Phi coprocessor x100 family,MatrixMultiplication,TWO_D,3318,3318,3318,16,32,1,41,425.272,51.092,0.011,-1,-1,-1
Intel Xeon Phi coprocessor x100 family,MatrixMultiplication,TWO_D,3318,3318,3318,16,64,1,41,427.19,51.192,0.012,-1,-1,-1
Intel Xeon Phi coprocessor x100 family,MatrixMultiplication,TWO_D,3318,3318,3318,16,128,1,41,425.572,51.011,0.012,-1,-1,-1
Intel Xeon Phi coprocessor x100 family,MatrixMultiplication,TWO_D,3318,3318,3318,16,256,1,41,425.874,51.27,0.012,-1,-1,-1
Intel Xeon Phi coprocessor x100 family,MatrixMultiplication,TWO_D,3318,3318,3318,16,512,1,41,425.325,51.157,0.012,-1,-1,-1
Intel Xeon Phi coprocessor x100 family,MatrixMultiplication,TWO_D,3318,3318,3318,32,1,1,41,425.87,51.134,0.01,-1,-1,-1
Intel Xeon Phi coprocessor x100 family,MatrixMultiplication,TWO_D,3318,3318,3318,32,2,1,41,425.111,51.055,0.012,-1,-1,-1
Intel Xeon Phi coprocessor x100 family,MatrixMultiplication,TWO_D,3318,3318,3318,32,4,1,41,425.534,51.188,0.01,-1,-1,-1
Intel Xeon Phi coprocessor x100 family,MatrixMultiplication,TWO_D,3318,3318,3318,32,8,1,41,425.284,51.115,0.012,-1,-1,-1
Intel Xeon Phi coprocessor x100 family,MatrixMultiplication,TWO_D,3318,3318,3318,32,16,1,41,426.417,51.06,0.011,-1,-1,-1
Intel Xeon Phi coprocessor x100 family,MatrixMultiplication,TWO_D,3318,3318,3318,32,32,1,41,425.056,50.924,0.011,-1,-1,-1
Intel Xeon Phi coprocessor x100 family,MatrixMultiplication,TWO_D,3318,3318,3318,32,64,1,41,425.472,51.05,0.011,-1,-1,-1
Intel Xeon Phi coprocessor x100 family,MatrixMultiplication,TWO_D,3318,3318,3318,32,128,1,41,425.32,51.048,0.011,-1,-1,-1
Intel Xeon Phi coprocessor x100 family,MatrixMultiplication,TWO_D,3318,3318,3318,32,256,1,41,426.07,51.224,0.012,-1,-1,-1
Intel Xeon Phi coprocessor x100 family,MatrixMultiplication,TWO_D,3318,3318,3318,64,1,1,41,425.319,51.199,0.011,-1,-1,-1
Intel Xeon Phi coprocessor x100 family,MatrixMultiplication,TWO_D,3318,3318,3318,64,2,1,41,425.401,51.23,0.013,-1,-1,-1
Intel Xeon Phi coprocessor x100 family,MatrixMultiplication,TWO_D,3318,3318,3318,64,4,1,41,424.994,51.114,0.026,-1,-1,-1
Intel Xeon Phi coprocessor x100 family,MatrixMultiplication,TWO_D,3318,3318,3318,64,8,1,41,426.317,51.231,0.011,-1,-1,-1
Intel Xeon Phi coprocessor x100 family,MatrixMultiplication,TWO_D,3318,3318,3318,64,16,1,41,425.333,51.115,0.011,-1,-1,-1
Intel Xeon Phi coprocessor x100 family,MatrixMultiplication,TWO_D,3318,3318,3318,64,32,1,41,425.548,51.113,0.011,-1,-1,-1
Intel Xeon Phi coprocessor x100 family,MatrixMultiplication,TWO_D,3318,3318,3318,64,64,1,41,424.923,51.11,0.026,-1,-1,-1
Intel Xeon Phi coprocessor x100 family,MatrixMultiplication,TWO_D,3318,3318,3318,64,128,1,41,427.538,51.588,0.01,-1,-1,-1
Intel Xeon Phi coprocessor x100 family,MatrixMultiplication,TWO_D,3318,3318,3318,128,1,1,41,425.161,50.974,0.012,-1,-1,-1
Intel Xeon Phi coprocessor x100 family,MatrixMultiplication,TWO_D,3318,3318,3318,128,2,1,41,425.6,51.028,0.012,-1,-1,-1
Intel Xeon Phi coprocessor x100 family,MatrixMultiplication,TWO_D,3318,3318,3318,128,4,1,41,425.876,51.16,0.011,-1,-1,-1
Intel Xeon Phi coprocessor x100 family,MatrixMultiplication,TWO_D,3318,3318,3318,128,8,1,41,426.332,51.198,0.025,-1,-1,-1
Intel Xeon Phi coprocessor x100 family,MatrixMultiplication,TWO_D,3318,3318,3318,128,16,1,41,425.344,51.108,0.011,-1,-1,-1
Intel Xeon Phi coprocessor x100 family,MatrixMultiplication,TWO_D,3318,3318,3318,128,32,1,41,425.344,51.312,0.012,-1,-1,-1
Intel Xeon Phi coprocessor x100 family,MatrixMultiplication,TWO_D,3318,3318,3318,128,64,1,41,425.562,51.089,0.01,-1,-1,-1
Intel Xeon Phi coprocessor x100 family,MatrixMultiplication,TWO_D,3318,3318,3318,256,1,1,41,426.671,51.003,0.011,-1,-1,-1
Intel Xeon Phi coprocessor x100 family,MatrixMultiplication,TWO_D,3318,3318,3318,256,2,1,41,424.648,51.137,0.011,-1,-1,-1
Intel Xeon Phi coprocessor x100 family,MatrixMultiplication,TWO_D,3318,3318,3318,256,4,1,41,425.637,51.112,0.012,-1,-1,-1
Intel Xeon Phi coprocessor x100 family,MatrixMultiplication,TWO_D,3318,3318,3318,256,8,1,41,424.703,51.106,0.027,-1,-1,-1
Intel Xeon Phi coprocessor x100 family,MatrixMultiplication,TWO_D,3318,3318,3318,256,16,1,41,426.238,51.121,0.012,-1,-1,-1
Intel Xeon Phi coprocessor x100 family,MatrixMultiplication,TWO_D,3318,3318,3318,256,32,1,41,425.183,51.117,0.01,-1,-1,-1
Intel Xeon Phi coprocessor x100 family,MatrixMultiplication,TWO_D,3318,3318,3318,512,1,1,41,425.539,51.149,0.011,-1,-1,-1
Intel Xeon Phi coprocessor x100 family,MatrixMultiplication,TWO_D,3318,3318,3318,512,2,1,41,435.273,51.349,0.012,-1,-1,-1
Intel Xeon Phi coprocessor x100 family,MatrixMultiplication,TWO_D,3318,3318,3318,512,4,1,41,436.359,51.504,0.028,-1,-1,-1
Intel Xeon Phi coprocessor x100 family,MatrixMultiplication,TWO_D,3318,3318,3318,512,8,1,41,435.283,51.37,0.012,-1,-1,-1
Intel Xeon Phi coprocessor x100 family,MatrixMultiplication,TWO_D,3318,3318,3318,512,16,1,41,435.467,51.476,0.014,-1,-1,-1
Intel Xeon Phi coprocessor x100 family,MatrixMultiplication,TWO_D,3318,3318,3318,1024,1,1,41,435.413,51.419,0.012,-1,-1,-1
Intel Xeon Phi coprocessor x100 family,MatrixMultiplication,TWO_D,3318,3318,3318,1024,2,1,41,436.473,51.453,0.012,-1,-1,-1
Intel Xeon Phi coprocessor x100 family,MatrixMultiplication,TWO_D,3318,3318,3318,1024,4,1,41,435.378,51.418,0.011,-1,-1,-1
Intel Xeon Phi coprocessor x100 family,MatrixMultiplication,TWO_D,3318,3318,3318,1024,8,1,41,435.616,51.386,0.012,-1,-1,-1
Intel Xeon Phi coprocessor x100 family,MatrixMultiplication,TWO_D,3318,3318,3318,2048,1,1,41,435.362,51.52,0.011,-1,-1,-1
Intel Xeon Phi coprocessor x100 family,MatrixMultiplication,TWO_D,3318,3318,3318,2048,2,1,41,435.913,51.496,0.01,-1,-1,-1
Intel Xeon Phi coprocessor x100 family,MatrixMultiplication,TWO_D,3318,3318,3318,2048,4,1,41,435.415,51.52,0.011,-1,-1,-1
Intel Xeon Phi coprocessor x100 family,MatrixMultiplication,TWO_D,3318,3318,3318,4096,1,1,41,435.589,51.278,0.01,-1,-1,-1
Intel Xeon Phi coprocessor x100 family,MatrixMultiplication,TWO_D,3318,3318,3318,4096,2,1,41,436.658,51.631,0.012,-1,-1,-1
Intel Xeon Phi coprocessor x100 family,MatrixMultiplication,TWO_D,3318,3318,3318,8192,1,1,41,435.447,51.295,0.012,-1,-1,-1
Intel Xeon Phi coprocessor x100 family,MatrixMultiplication,TWO_D,3318,3318,3318,1,1,1,41,580.077,61.789,0.011,33189.6,22.987,1.724
Intel Xeon Phi coprocessor x100 family,MatrixMultiplication,TWO_D,3318,3318,3318,1,2,1,41,470.139,53.738,0.009,32401.2,21.67,2.518
Intel Xeon Phi coprocessor x100 family,MatrixMultiplication,TWO_D,3318,3318,3318,1,4,1,41,514.496,54.26,0.882,-1,-1,-1
Intel Xeon Phi coprocessor x100 family,MatrixMultiplication,TWO_D,3318,3318,3318,1,8,1,41,435.109,51.586,0.01,-1,-1,-1
Intel Xeon Phi coprocessor x100 family,MatrixMultiplication,TWO_D,3318,3318,3318,1,16,1,41,434.993,51.849,0.009,-1,-1,-1
Intel Xeon Phi coprocessor x100 family,MatrixMultiplication,TWO_D,3318,3318,3318,1,32,1,41,434.918,51.695,0.012,-1,-1,-1
Intel Xeon Phi coprocessor x100 family,MatrixMultiplication,TWO_D,3318,3318,3318,1,64,1,41,436.071,51.631,0.008,-1,-1,-1
Intel Xeon Phi coprocessor x100 family,MatrixMultiplication,TWO_D,3318,3318,3318,1,128,1,41,435.081,51.645,0.01,-1,-1,-1
Intel Xeon Phi coprocessor x100 family,MatrixMultiplication,TWO_D,3318,3318,3318,1,256,1,41,435.23,51.692,0.009,-1,-1,-1
Intel Xeon Phi coprocessor x100 family,MatrixMultiplication,TWO_D,3318,3318,3318,1,512,1,41,435.92,51.717,0.009,-1,-1,-1
Intel Xeon Phi coprocessor x100 family,MatrixMultiplication,TWO_D,3318,3318,3318,1,1024,1,41,435.967,51.71,0.024,-1,-1,-1
Intel Xeon Phi coprocessor x100 family,MatrixMultiplication,TWO_D,3318,3318,3318,1,2048,1,41,435.001,51.599,0.009,-1,-1,-1
Intel Xeon Phi coprocessor x100 family,MatrixMultiplication,TWO_D,3318,3318,3318,1,4096,1,41,435.29,51.635,0.009,-1,-1,-1
Intel Xeon Phi coprocessor x100 family,MatrixMultiplication,TWO_D,3318,3318,3318,1,8192,1,41,434.995,52.173,0.009,-1,-1,-1
Intel Xeon Phi coprocessor x100 family,MatrixMultiplication,TWO_D,3318,3318,3318,2,1,1,41,435.388,51.675,0.01,33275.7,18.961,2.01
Intel Xeon Phi coprocessor x100 family,MatrixMultiplication,TWO_D,3318,3318,3318,2,2,1,41,511.669,53.71,0.01,28251.6,18.77,3.563
Intel Xeon Phi coprocessor x100 family,MatrixMultiplication,TWO_D,3318,3318,3318,2,4,1,41,492.204,52.57,0.011,-1,-1,-1
Intel Xeon Phi coprocessor x100 family,MatrixMultiplication,TWO_D,3318,3318,3318,2,8,1,41,435.12,51.698,0.008,-1,-1,-1
Intel Xeon Phi coprocessor x100 family,MatrixMultiplication,TWO_D,3318,3318,3318,2,16,1,41,435.938,51.915,0.009,-1,-1,-1
Intel Xeon Phi coprocessor x100 family,MatrixMultiplication,TWO_D,3318,3318,3318,2,32,1,41,435.019,51.853,0.01,-1,-1,-1
Intel Xeon Phi coprocessor x100 family,MatrixMultiplication,TWO_D,3318,3318,3318,2,64,1,41,435.176,51.758,0.01,-1,-1,-1
Intel Xeon Phi coprocessor x100 family,MatrixMultiplication,TWO_D,3318,3318,3318,2,128,1,41,434.956,51.684,0.01,-1,-1,-1
Intel Xeon Phi coprocessor x100 family,MatrixMultiplication,TWO_D,3318,3318,3318,2,256,1,41,436.045,51.736,0.01,-1,-1,-1
Intel Xeon Phi coprocessor x100 family,MatrixMultiplication,TWO_D,3318,3318,3318,2,512,1,41,435.031,51.877,0.01,-1,-1,-1
Intel Xeon Phi coprocessor x100 family,MatrixMultiplication,TWO_D,3318,3318,3318,2,1024,1,41,435.002,51.772,0.01,-1,-1,-1
Intel Xeon Phi coprocessor x100 family,MatrixMultiplication,TWO_D,3318,3318,3318,2,2048,1,41,435.194,51.64,0.023,-1,-1,-1
Intel Xeon Phi coprocessor x100 family,MatrixMultiplication,TWO_D,3318,3318,3318,2,4096,1,41,436.08,51.498,0.012,-1,-1,-1
Intel Xeon Phi coprocessor x100 family,MatrixMultiplication,TWO_D,3318,3318,3318,4,1,1,41,435.088,51.753,0.009,-1,-1,-1
Intel Xeon Phi coprocessor x100 family,MatrixMultiplication,TWO_D,3318,3318,3318,4,2,1,41,435.214,51.548,0.01,-1,-1,-1
Intel Xeon Phi coprocessor x100 family,MatrixMultiplication,TWO_D,3318,3318,3318,4,4,1,41,435.876,51.748,0.009,-1,-1,-1
Intel Xeon Phi coprocessor x100 family,MatrixMultiplication,TWO_D,3318,3318,3318,4,8,1,41,435.582,51.618,0.01,-1,-1,-1
Intel Xeon Phi coprocessor x100 family,MatrixMultiplication,TWO_D,3318,3318,3318,4,16,1,41,435.1,51.438,0.01,-1,-1,-1
Intel Xeon Phi coprocessor x100 family,MatrixMultiplication,TWO_D,3318,3318,3318,4,32,1,41,435.246,51.566,0.024,-1,-1,-1
Intel Xeon Phi coprocessor x100 family,MatrixMultiplication,TWO_D,3318,3318,3318,4,64,1,41,435.396,51.765,0.009,-1,-1,-1
Intel Xeon Phi coprocessor x100 family,MatrixMultiplication,TWO_D,3318,3318,3318,4,128,1,41,434.945,51.658,0.022,-1,-1,-1
Intel Xeon Phi coprocessor x100 family,MatrixMultiplication,TWO_D,3318,3318,3318,4,256,1,41,435.025,51.642,0.009,-1,-1,-1
Intel Xeon Phi coprocessor x100 family,MatrixMultiplication,TWO_D,3318,3318,3318,4,512,1,41,434.972,51.786,0.009,-1,-1,-1
Intel Xeon Phi coprocessor x100 family,MatrixMultiplication,TWO_D,3318,3318,3318,4,1024,1,41,435.843,51.936,0.01,-1,-1,-1
Intel Xeon Phi coprocessor x100 family,MatrixMultiplication,TWO_D,3318,3318,3318,4,2048,1,41,434.97,51.634,0.009,-1,-1,-1
Intel Xeon Phi coprocessor x100 family,MatrixMultiplication,TWO_D,3318,3318,3318,8,1,1,41,435.094,51.758,0.009,-1,-1,-1
Intel Xeon Phi coprocessor x100 family,MatrixMultiplication,TWO_D,3318,3318,3318,8,2,1,41,434.989,51.655,0.009,-1,-1,-1
Intel Xeon Phi coprocessor x100 family,MatrixMultiplication,TWO_D,3318,3318,3318,8,4,1,41,435.855,51.953,0.01,-1,-1,-1
Intel Xeon Phi coprocessor x100 family,MatrixMultiplication,TWO_D,3318,3318,3318,8,8,1,41,435.014,51.558,0.008,-1,-1,-1
Intel Xeon Phi coprocessor x100 family,MatrixMultiplication,TWO_D,3318,3318,3318,8,16,1,41,435.056,51.689,0.01,-1,-1,-1
Intel Xeon Phi coprocessor x100 family,MatrixMultiplication,TWO_D,3318,3318,3318,8,32,1,41,435.157,54.234,0.009,-1,-1,-1
Intel Xeon Phi coprocessor x100 family,MatrixMultiplication,TWO_D,3318,3318,3318,8,64,1,41,435.917,50.891,0.01,-1,-1,-1
Intel Xeon Phi coprocessor x100 family,MatrixMultiplication,TWO_D,3318,3318,3318,8,128,1,41,435.044,51.373,0.009,-1,-1,-1
Intel Xeon Phi coprocessor x100 family,MatrixMultiplication,TWO_D,3318,3318,3318,8,256,1,41,435.093,51.531,0.009,-1,-1,-1
Intel Xeon Phi coprocessor x100 family,MatrixMultiplication,TWO_D,3318,3318,3318,8,512,1,41,434.97,51.459,0.01,-1,-1,-1
Intel Xeon Phi coprocessor x100 family,MatrixMultiplication,TWO_D,3318,3318,3318,8,1024,1,41,436.066,51.699,0.009,-1,-1,-1
Intel Xeon Phi coprocessor x100 family,MatrixMultiplication,TWO_D,3318,3318,3318,16,1,1,41,434.955,51.371,0.009,-1,-1,-1
Intel Xeon Phi coprocessor x100 family,MatrixMultiplication,TWO_D,3318,3318,3318,16,2,1,41,435.278,51.777,0.01,-1,-1,-1
Intel Xeon Phi coprocessor x100 family,MatrixMultiplication,TWO_D,3318,3318,3318,16,4,1,41,435.868,51.453,0.01,-1,-1,-1
Intel Xeon Phi coprocessor x100 family,MatrixMultiplication,TWO_D,3318,3318,3318,16,8,1,41,435.868,51.604,0.01,-1,-1,-1
Intel Xeon Phi coprocessor x100 family,MatrixMultiplication,TWO_D,3318,3318,3318,16,16,1,41,435.061,51.513,0.009,-1,-1,-1
Intel Xeon Phi coprocessor x100 family,MatrixMultiplication,TWO_D,3318,3318,3318,16,32,1,41,435.223,51.506,0.009,-1,-1,-1
Intel Xeon Phi coprocessor x100 family,MatrixMultiplication,TWO_D,3318,3318,3318,16,64,1,41,435.066,51.274,0.01,-1,-1,-1
Intel Xeon Phi coprocessor x100 family,MatrixMultiplication,TWO_D,3318,3318,3318,16,128,1,41,435.273,51.429,0.009,-1,-1,-1
Intel Xeon Phi coprocessor x100 family,MatrixMultiplication,TWO_D,3318,3318,3318,16,256,1,41,434.974,51.361,0.01,-1,-1,-1
Intel Xeon Phi coprocessor x100 family,MatrixMultiplication,TWO_D,3318,3318,3318,16,512,1,41,434.97,51.589,0.01,-1,-1,-1
Intel Xeon Phi coprocessor x100 family,MatrixMultiplication,TWO_D,3318,3318,3318,32,1,1,41,435.502,51.592,0.008,-1,-1,-1
Intel Xeon Phi coprocessor x100 family,MatrixMultiplication,TWO_D,3318,3318,3318,32,2,1,41,435.061,51.491,0.009,-1,-1,-1
Intel Xeon Phi coprocessor x100 family,MatrixMultiplication,TWO_D,3318,3318,3318,32,4,1,41,435.049,51.547,0.01,-1,-1,-1
Intel Xeon Phi coprocessor x100 family,MatrixMultiplication,TWO_D,3318,3318,3318,32,8,1,41,435.047,51.533,0.022,-1,-1,-1
Intel Xeon Phi coprocessor x100 family,MatrixMultiplication,TWO_D,3318,3318,3318,32,16,1,41,435.832,51.54,0.009,-1,-1,-1
Intel Xeon Phi coprocessor x100 family,MatrixMultiplication,TWO_D,3318,3318,3318,32,32,1,41,435.05,51.483,0.009,-1,-1,-1
Intel Xeon Phi coprocessor x100 family,MatrixMultiplication,TWO_D,3318,3318,3318,32,64,1,41,435.106,51.449,0.011,-1,-1,-1
Intel Xeon Phi coprocessor x100 family,MatrixMultiplication,TWO_D,3318,3318,3318,32,128,1,41,435.04,51.506,0.009,-1,-1,-1
Intel Xeon Phi coprocessor x100 family,MatrixMultiplication,TWO_D,3318,3318,3318,32,256,1,41,435.812,51.331,0.009,-1,-1,-1
Intel Xeon Phi coprocessor x100 family,MatrixMultiplication,TWO_D,3318,3318,3318,64,1,1,41,435.005,51.653,0.01,-1,-1,-1
Intel Xeon Phi coprocessor x100 family,MatrixMultiplication,TWO_D,3318,3318,3318,64,2,1,41,435.2,51.544,0.011,-1,-1,-1
Intel Xeon Phi coprocessor x100 family,MatrixMultiplication,TWO_D,3318,3318,3318,64,4,1,41,435.126,51.435,0.01,-1,-1,-1
Intel Xeon Phi coprocessor x100 family,MatrixMultiplication,TWO_D,3318,3318,3318,64,8,1,41,435.932,51.428,0.01,-1,-1,-1
Intel Xeon Phi coprocessor x100 family,MatrixMultiplication,TWO_D,3318,3318,3318,64,16,1,41,435.064,52.861,0.009,-1,-1,-1
Intel Xeon Phi coprocessor x100 family,MatrixMultiplication,TWO_D,3318,3318,3318,64,32,1,41,435.496,52.002,0.009,-1,-1,-1
Intel Xeon Phi coprocessor x100 family,MatrixMultiplication,TWO_D,3318,3318,3318,64,64,1,41,436.091,51.562,0.01,-1,-1,-1
Intel Xeon Phi coprocessor x100 family,MatrixMultiplication,TWO_D,3318,3318,3318,64,128,1,41,436.158,51.476,0.008,-1,-1,-1
Intel Xeon Phi coprocessor x100 family,MatrixMultiplication,TWO_D,3318,3318,3318,128,1,1,41,435.23,51.483,0.009,-1,-1,-1
Intel Xeon Phi coprocessor x100 family,MatrixMultiplication,TWO_D,3318,3318,3318,128,2,1,41,435.334,51.472,0.009,-1,-1,-1
Intel Xeon Phi coprocessor x100 family,MatrixMultiplication,TWO_D,3318,3318,3318,128,4,1,41,435.238,51.872,0.009,-1,-1,-1
Intel Xeon Phi coprocessor x100 family,MatrixMultiplication,TWO_D,3318,3318,3318,128,8,1,41,435.68,51.368,0.009,-1,-1,-1
Intel Xeon Phi coprocessor x100 family,MatrixMultiplication,TWO_D,3318,3318,3318,128,16,1,41,435.237,51.475,0.01,-1,-1,-1
Intel Xeon Phi coprocessor x100 family,MatrixMultiplication,TWO_D,3318,3318,3318,128,32,1,41,435.281,51.49,0.009,-1,-1,-1
Intel Xeon Phi coprocessor x100 family,MatrixMultiplication,TWO_D,3318,3318,3318,128,64,1,41,435.661,51.784,0.009,-1,-1,-1
Intel Xeon Phi coprocessor x100 family,MatrixMultiplication,TWO_D,3318,3318,3318,256,1,1,41,435.2,51.776,0.009,-1,-1,-1
Intel Xeon Phi coprocessor x100 family,MatrixMultiplication,TWO_D,3318,3318,3318,256,2,1,41,435.212,51.494,0.01,-1,-1,-1
Intel Xeon Phi coprocessor x100 family,MatrixMultiplication,TWO_D,3318,3318,3318,256,4,1,41,435.17,51.529,0.009,-1,-1,-1
Intel Xeon Phi coprocessor x100 family,MatrixMultiplication,TWO_D,3318,3318,3318,256,8,1,41,436.011,51.42,0.01,-1,-1,-1
Intel Xeon Phi coprocessor x100 family,MatrixMultiplication,TWO_D,3318,3318,3318,256,16,1,41,435.206,51.431,0.009,-1,-1,-1
Intel Xeon Phi coprocessor x100 family,MatrixMultiplication,TWO_D,3318,3318,3318,256,32,1,41,435.346,51.538,0.011,-1,-1,-1
Intel Xeon Phi coprocessor x100 family,MatrixMultiplication,TWO_D,3318,3318,3318,512,1,1,41,435.163,51.434,0.023,-1,-1,-1
Intel Xeon Phi coprocessor x100 family,MatrixMultiplication,TWO_D,3318,3318,3318,512,2,1,41,436.093,51.501,0.01,-1,-1,-1
Intel Xeon Phi coprocessor x100 family,MatrixMultiplication,TWO_D,3318,3318,3318,512,4,1,41,435.191,51.465,0.01,-1,-1,-1
Intel Xeon Phi coprocessor x100 family,MatrixMultiplication,TWO_D,3318,3318,3318,512,8,1,41,435.35,51.655,0.024,-1,-1,-1
Intel Xeon Phi coprocessor x100 family,MatrixMultiplication,TWO_D,3318,3318,3318,512,16,1,41,435.108,51.528,0.01,-1,-1,-1
Intel Xeon Phi coprocessor x100 family,MatrixMultiplication,TWO_D,3318,3318,3318,1024,1,1,41,436.473,51.441,0.01,-1,-1,-1
Intel Xeon Phi coprocessor x100 family,MatrixMultiplication,TWO_D,3318,3318,3318,1024,2,1,41,435.148,51.49,0.009,-1,-1,-1
Intel Xeon Phi coprocessor x100 family,MatrixMultiplication,TWO_D,3318,3318,3318,1024,4,1,41,435.496,51.514,0.01,-1,-1,-1
Intel Xeon Phi coprocessor x100 family,MatrixMultiplication,TWO_D,3318,3318,3318,1024,8,1,41,441.085,51.388,0.009,-1,-1,-1
Intel Xeon Phi coprocessor x100 family,MatrixMultiplication,TWO_D,3318,3318,3318,2048,1,1,41,435.946,51.491,0.01,-1,-1,-1
Intel Xeon Phi coprocessor x100 family,MatrixMultiplication,TWO_D,3318,3318,3318,2048,2,1,41,435.022,51.492,0.01,-1,-1,-1
Intel Xeon Phi coprocessor x100 family,MatrixMultiplication,TWO_D,3318,3318,3318,2048,4,1,41,436.747,51.46,0.01,-1,-1,-1
Intel Xeon Phi coprocessor x100 family,MatrixMultiplication,TWO_D,3318,3318,3318,4096,1,1,41,435.117,52.792,0.009,-1,-1,-1
Intel Xeon Phi coprocessor x100 family,MatrixMultiplication,TWO_D,3318,3318,3318,4096,2,1,41,435.639,51.645,0.011,-1,-1,-1
Intel Xeon Phi coprocessor x100 family,MatrixMultiplication,TWO_D,3318,3318,3318,8192,1,1,41,434.88,51.711,0.009,-1,-1,-1
Intel Xeon Phi coprocessor x100 family,MatrixMultiplication,TWO_D,3318,3318,3318,1,1,1,41,578.812,61.903,0.013,33899.2,38.465,3.499
Intel Xeon Phi coprocessor x100 family,MatrixMultiplication,TWO_D,3318,3318,3318,1,2,1,41,482.989,51.734,0.011,32113.4,24.384,1.711
Intel Xeon Phi coprocessor x100 family,MatrixMultiplication,TWO_D,3318,3318,3318,1,4,1,41,482.079,54.738,0.012,-1,-1,-1
Intel Xeon Phi coprocessor x100 family,MatrixMultiplication,TWO_D,3318,3318,3318,1,8,1,41,435.202,52.236,0.013,-1,-1,-1
Intel Xeon Phi coprocessor x100 family,MatrixMultiplication,TWO_D,3318,3318,3318,1,16,1,41,434.989,52.4,0.011,-1,-1,-1
Intel Xeon Phi coprocessor x100 family,MatrixMultiplication,TWO_D,3318,3318,3318,1,32,1,41,435.074,52.539,0.01,-1,-1,-1
Intel Xeon Phi coprocessor x100 family,MatrixMultiplication,TWO_D,3318,3318,3318,1,64,1,41,435.494,51.926,0.012,-1,-1,-1
Intel Xeon Phi coprocessor x100 family,MatrixMultiplication,TWO_D,3318,3318,3318,1,128,1,41,434.824,52.208,0.012,-1,-1,-1
Intel Xeon Phi coprocessor x100 family,MatrixMultiplication,TWO_D,3318,3318,3318,1,256,1,41,434.845,53.257,0.011,-1,-1,-1
Intel Xeon Phi coprocessor x100 family,MatrixMultiplication,TWO_D,3318,3318,3318,1,512,1,41,435.191,51.841,0.011,-1,-1,-1
Intel Xeon Phi coprocessor x100 family,MatrixMultiplication,TWO_D,3318,3318,3318,1,1024,1,41,437.051,52.421,0.012,-1,-1,-1
Intel Xeon Phi coprocessor x100 family,MatrixMultiplication,TWO_D,3318,3318,3318,1,2048,1,41,431.063,52.127,0.011,-1,-1,-1
Intel Xeon Phi coprocessor x100 family,MatrixMultiplication,TWO_D,3318,3318,3318,1,4096,1,41,431.091,52.641,0.011,-1,-1,-1
Intel Xeon Phi coprocessor x100 family,MatrixMultiplication,TWO_D,3318,3318,3318,1,8192,1,41,431.545,51.735,0.01,-1,-1,-1
Intel Xeon Phi coprocessor x100 family,MatrixMultiplication,TWO_D,3318,3318,3318,2,1,1,41,427.577,51.985,0.012,32848,22.367,1.313
Intel Xeon Phi coprocessor x100 family,MatrixMultiplication,TWO_D,3318,3318,3318,2,2,1,41,452.561,53.92,0.012,28398.1,24.008,3.334
Intel Xeon Phi coprocessor x100 family,MatrixMultiplication,TWO_D,3318,3318,3318,2,4,1,41,490.918,55.471,0.012,-1,-1,-1
Intel Xeon Phi coprocessor x100 family,MatrixMultiplication,TWO_D,3318,3318,3318,2,8,1,41,447.782,52.302,0.011,-1,-1,-1
Intel Xeon Phi coprocessor x100 family,MatrixMultiplication,TWO_D,3318,3318,3318,2,16,1,41,435.246,52.243,0.012,-1,-1,-1
Intel Xeon Phi coprocessor x100 family,MatrixMultiplication,TWO_D,3318,3318,3318,2,32,1,41,435.912,52.09,0.011,-1,-1,-1
Intel Xeon Phi coprocessor x100 family,MatrixMultiplication,TWO_D,3318,3318,3318,2,64,1,41,435.225,55.031,0.011,-1,-1,-1
Intel Xeon Phi coprocessor x100 family,MatrixMultiplication,TWO_D,3318,3318,3318,2,128,1,41,434.949,52.149,0.012,-1,-1,-1
Intel Xeon Phi coprocessor x100 family,MatrixMultiplication,TWO_D,3318,3318,3318,2,256,1,41,435.483,52.199,0.012,-1,-1,-1
Intel Xeon Phi coprocessor x100 family,MatrixMultiplication,TWO_D,3318,3318,3318,2,512,1,41,436.07,52.56,0.011,-1,-1,-1
Intel Xeon Phi coprocessor x100 family,MatrixMultiplication,TWO_D,3318,3318,3318,2,1024,1,41,434.97,52.115,0.012,-1,-1,-1
Intel Xeon Phi coprocessor x100 family,MatrixMultiplication,TWO_D,3318,3318,3318,2,2048,1,41,435.133,52.392,0.011,-1,-1,-1
Intel Xeon Phi coprocessor x100 family,MatrixMultiplication,TWO_D,3318,3318,3318,2,4096,1,41,434.89,52.168,0.011,-1,-1,-1
Intel Xeon Phi coprocessor x100 family,MatrixMultiplication,TWO_D,3318,3318,3318,4,1,1,41,435.793,52.272,0.012,-1,-1,-1
Intel Xeon Phi coprocessor x100 family,MatrixMultiplication,TWO_D,3318,3318,3318,4,2,1,41,434.955,52.224,0.013,-1,-1,-1
Intel Xeon Phi coprocessor x100 family,MatrixMultiplication,TWO_D,3318,3318,3318,4,4,1,41,435.025,51.984,0.011,-1,-1,-1
Intel Xeon Phi coprocessor x100 family,MatrixMultiplication,TWO_D,3318,3318,3318,4,8,1,41,434.806,52.122,0.012,-1,-1,-1
Intel Xeon Phi coprocessor x100 family,MatrixMultiplication,TWO_D,3318,3318,3318,4,16,1,41,435.779,52.227,0.012,-1,-1,-1
Intel Xeon Phi coprocessor x100 family,MatrixMultiplication,TWO_D,3318,3318,3318,4,32,1,41,434.927,52.152,0.012,-1,-1,-1
Intel Xeon Phi coprocessor x100 family,MatrixMultiplication,TWO_D,3318,3318,3318,4,64,1,41,435.021,52.076,0.011,-1,-1,-1
Intel Xeon Phi coprocessor x100 family,MatrixMultiplication,TWO_D,3318,3318,3318,4,128,1,41,434.736,52.44,0.012,-1,-1,-1
Intel Xeon Phi coprocessor x100 family,MatrixMultiplication,TWO_D,3318,3318,3318,4,256,1,41,435.182,52.343,0.012,-1,-1,-1
Intel Xeon Phi coprocessor x100 family,MatrixMultiplication,TWO_D,3318,3318,3318,4,512,1,41,434.917,52.253,0.013,-1,-1,-1
Intel Xeon Phi coprocessor x100 family,MatrixMultiplication,TWO_D,3318,3318,3318,4,1024,1,41,434.904,52.075,0.012,-1,-1,-1
Intel Xeon Phi coprocessor x100 family,MatrixMultiplication,TWO_D,3318,3318,3318,4,2048,1,41,435.386,52.626,0.011,-1,-1,-1
Intel Xeon Phi coprocessor x100 family,MatrixMultiplication,TWO_D,3318,3318,3318,8,1,1,41,434.966,52.2,0.012,-1,-1,-1
Intel Xeon Phi coprocessor x100 family,MatrixMultiplication,TWO_D,3318,3318,3318,8,2,1,41,434.958,52.602,0.012,-1,-1,-1
Intel Xeon Phi coprocessor x100 family,MatrixMultiplication,TWO_D,3318,3318,3318,8,4,1,41,434.843,52.247,0.012,-1,-1,-1
Intel Xeon Phi coprocessor x100 family,MatrixMultiplication,TWO_D,3318,3318,3318,8,8,1,41,435.96,52.568,0.011,-1,-1,-1
Intel Xeon Phi coprocessor x100 family,MatrixMultiplication,TWO_D,3318,3318,3318,8,16,1,41,434.998,52.01,0.012,-1,-1,-1
Intel Xeon Phi coprocessor x100 family,MatrixMultiplication,TWO_D,3318,3318,3318,8,32,1,41,435.108,52.619,0.011,-1,-1,-1
Intel Xeon Phi coprocessor x100 family,MatrixMultiplication,TWO_D,3318,3318,3318,8,64,1,41,435.079,52.537,0.012,-1,-1,-1
Intel Xeon Phi coprocessor x100 family,MatrixMultiplication,TWO_D,3318,3318,3318,8,128,1,41,436.097,52.861,0.013,-1,-1,-1
Intel Xeon Phi coprocessor x100 family,MatrixMultiplication,TWO_D,3318,3318,3318,8,256,1,41,434.843,52.377,0.011,-1,-1,-1
Intel Xeon Phi coprocessor x100 family,MatrixMultiplication,TWO_D,3318,3318,3318,8,512,1,41,435.323,52.265,0.011,-1,-1,-1
Intel Xeon Phi coprocessor x100 family,MatrixMultiplication,TWO_D,3318,3318,3318,8,1024,1,41,434.855,52.411,0.012,-1,-1,-1
Intel Xeon Phi coprocessor x100 family,MatrixMultiplication,TWO_D,3318,3318,3318,16,1,1,41,435.68,52.836,0.012,-1,-1,-1
Intel Xeon Phi coprocessor x100 family,MatrixMultiplication,TWO_D,3318,3318,3318,16,2,1,41,434.837,52.687,0.012,-1,-1,-1
Intel Xeon Phi coprocessor x100 family,MatrixMultiplication,TWO_D,3318,3318,3318,16,4,1,41,435.153,52.298,0.012,-1,-1,-1
Intel Xeon Phi coprocessor x100 family,MatrixMultiplication,TWO_D,3318,3318,3318,16,8,1,41,434.879,52.291,0.012,-1,-1,-1
Intel Xeon Phi coprocessor x100 family,MatrixMultiplication,TWO_D,3318,3318,3318,16,16,1,41,435.698,52.661,0.012,-1,-1,-1
Intel Xeon Phi coprocessor x100 family,MatrixMultiplication,TWO_D,3318,3318,3318,16,32,1,41,434.81,52.984,0.012,-1,-1,-1
Intel Xeon Phi coprocessor x100 family,MatrixMultiplication,TWO_D,3318,3318,3318,16,64,1,41,435.015,52.692,0.012,-1,-1,-1
Intel Xeon Phi coprocessor x100 family,MatrixMultiplication,TWO_D,3318,3318,3318,16,128,1,41,434.946,52.726,0.012,-1,-1,-1
Intel Xeon Phi coprocessor x100 family,MatrixMultiplication,TWO_D,3318,3318,3318,16,256,1,41,435.28,52.349,0.012,-1,-1,-1
Intel Xeon Phi coprocessor x100 family,MatrixMultiplication,TWO_D,3318,3318,3318,16,512,1,41,434.826,52.654,0.013,-1,-1,-1
Intel Xeon Phi coprocessor x100 family,MatrixMultiplication,TWO_D,3318,3318,3318,32,1,1,41,434.857,52.69,0.012,-1,-1,-1
Intel Xeon Phi coprocessor x100 family,MatrixMultiplication,TWO_D,3318,3318,3318,32,2,1,41,435.366,52.77,0.011,-1,-1,-1
Intel Xeon Phi coprocessor x100 family,MatrixMultiplication,TWO_D,3318,3318,3318,32,4,1,41,435.034,52.517,0.012,-1,-1,-1
Intel Xeon Phi coprocessor x100 family,MatrixMultiplication,TWO_D,3318,3318,3318,32,8,1,41,434.909,52.839,0.01,-1,-1,-1
Intel Xeon Phi coprocessor x100 family,MatrixMultiplication,TWO_D,3318,3318,3318,32,16,1,41,434.981,52.638,0.011,-1,-1,-1
Intel Xeon Phi coprocessor x100 family,MatrixMultiplication,TWO_D,3318,3318,3318,32,32,1,41,435.734,53.19,0.011,-1,-1,-1
Intel Xeon Phi coprocessor x100 family,MatrixMultiplication,TWO_D,3318,3318,3318,32,64,1,41,435.002,52.658,0.011,-1,-1,-1
Intel Xeon Phi coprocessor x100 family,MatrixMultiplication,TWO_D,3318,3318,3318,32,128,1,41,435.151,52.736,0.01,-1,-1,-1
Intel Xeon Phi coprocessor x100 family,MatrixMultiplication,TWO_D,3318,3318,3318,32,256,1,41,435.251,53.255,0.011,-1,-1,-1
Intel Xeon Phi coprocessor x100 family,MatrixMultiplication,TWO_D,3318,3318,3318,64,1,1,41,435.982,52.959,0.011,-1,-1,-1
Intel Xeon Phi coprocessor x100 family,MatrixMultiplication,TWO_D,3318,3318,3318,64,2,1,41,435.054,52.955,0.011,-1,-1,-1
Intel Xeon Phi coprocessor x100 family,MatrixMultiplication,TWO_D,3318,3318,3318,64,4,1,41,435.284,53.142,0.01,-1,-1,-1
Intel Xeon Phi coprocessor x100 family,MatrixMultiplication,TWO_D,3318,3318,3318,64,8,1,41,434.846,52.775,0.011,-1,-1,-1
Intel Xeon Phi coprocessor x100 family,MatrixMultiplication,TWO_D,3318,3318,3318,64,16,1,41,435.747,53.161,0.025,-1,-1,-1
Intel Xeon Phi coprocessor x100 family,MatrixMultiplication,TWO_D,3318,3318,3318,64,32,1,41,434.844,52.761,0.011,-1,-1,-1
Intel Xeon Phi coprocessor x100 family,MatrixMultiplication,TWO_D,3318,3318,3318,64,64,1,41,435.137,52.604,0.01,-1,-1,-1
Intel Xeon Phi coprocessor x100 family,MatrixMultiplication,TWO_D,3318,3318,3318,64,128,1,41,435.031,52.82,0.011,-1,-1,-1
Intel Xeon Phi coprocessor x100 family,MatrixMultiplication,TWO_D,3318,3318,3318,128,1,1,41,435.745,53.244,0.011,-1,-1,-1
Intel Xeon Phi coprocessor x100 family,MatrixMultiplication,TWO_D,3318,3318,3318,128,2,1,41,434.724,53.241,0.011,-1,-1,-1
Intel Xeon Phi coprocessor x100 family,MatrixMultiplication,TWO_D,3318,3318,3318,128,4,1,41,434.964,52.941,0.011,-1,-1,-1
Intel Xeon Phi coprocessor x100 family,MatrixMultiplication,TWO_D,3318,3318,3318,128,8,1,41,434.965,53.502,0.01,-1,-1,-1
Intel Xeon Phi coprocessor x100 family,MatrixMultiplication,TWO_D,3318,3318,3318,128,16,1,41,434.987,53.235,0.01,-1,-1,-1
Intel Xeon Phi coprocessor x100 family,MatrixMultiplication,TWO_D,3318,3318,3318,128,32,1,41,434.74,53.165,0.013,-1,-1,-1
Intel Xeon Phi coprocessor x100 family,MatrixMultiplication,TWO_D,3318,3318,3318,128,64,1,41,434.978,52.852,0.01,-1,-1,-1
Intel Xeon Phi coprocessor x100 family,MatrixMultiplication,TWO_D,3318,3318,3318,256,1,1,41,435.849,52.803,0.012,-1,-1,-1
Intel Xeon Phi coprocessor x100 family,MatrixMultiplication,TWO_D,3318,3318,3318,256,2,1,41,435.041,52.559,0.011,-1,-1,-1
Intel Xeon Phi coprocessor x100 family,MatrixMultiplication,TWO_D,3318,3318,3318,256,4,1,41,435.118,52.829,0.011,-1,-1,-1
Intel Xeon Phi coprocessor x100 family,MatrixMultiplication,TWO_D,3318,3318,3318,256,8,1,41,434.98,52.774,0.011,-1,-1,-1
Intel Xeon Phi coprocessor x100 family,MatrixMultiplication,TWO_D,3318,3318,3318,256,16,1,41,435.9,52.87,0.01,-1,-1,-1
Intel Xeon Phi coprocessor x100 family,MatrixMultiplication,TWO_D,3318,3318,3318,256,32,1,41,434.976,52.637,0.011,-1,-1,-1
Intel Xeon Phi coprocessor x100 family,MatrixMultiplication,TWO_D,3318,3318,3318,512,1,1,41,435.042,53.28,0.01,-1,-1,-1
Intel Xeon Phi coprocessor x100 family,MatrixMultiplication,TWO_D,3318,3318,3318,512,2,1,41,435.255,52.982,0.01,-1,-1,-1
Intel Xeon Phi coprocessor x100 family,MatrixMultiplication,TWO_D,3318,3318,3318,512,4,1,41,435.881,53.054,0.011,-1,-1,-1
Intel Xeon Phi coprocessor x100 family,MatrixMultiplication,TWO_D,3318,3318,3318,512,8,1,41,434.959,52.667,0.011,-1,-1,-1
Intel Xeon Phi coprocessor x100 family,MatrixMultiplication,TWO_D,3318,3318,3318,512,16,1,41,435.099,53.169,0.011,-1,-1,-1
Intel Xeon Phi coprocessor x100 family,MatrixMultiplication,TWO_D,3318,3318,3318,1024,1,1,41,434.83,52.908,0.011,-1,-1,-1
Intel Xeon Phi coprocessor x100 family,MatrixMultiplication,TWO_D,3318,3318,3318,1024,2,1,41,435.947,52.703,0.011,-1,-1,-1
Intel Xeon Phi coprocessor x100 family,MatrixMultiplication,TWO_D,3318,3318,3318,1024,4,1,41,434.83,53.296,0.012,-1,-1,-1
Intel Xeon Phi coprocessor x100 family,MatrixMultiplication,TWO_D,3318,3318,3318,1024,8,1,41,435.004,52.777,0.014,-1,-1,-1
Intel Xeon Phi coprocessor x100 family,MatrixMultiplication,TWO_D,3318,3318,3318,2048,1,1,41,434.832,52.585,0.011,-1,-1,-1
Intel Xeon Phi coprocessor x100 family,MatrixMultiplication,TWO_D,3318,3318,3318,2048,2,1,41,435.484,52.936,0.01,-1,-1,-1
Intel Xeon Phi coprocessor x100 family,MatrixMultiplication,TWO_D,3318,3318,3318,2048,4,1,41,434.814,52.827,0.012,-1,-1,-1
Intel Xeon Phi coprocessor x100 family,MatrixMultiplication,TWO_D,3318,3318,3318,4096,1,1,41,435.085,52.919,0.011,-1,-1,-1
Intel Xeon Phi coprocessor x100 family,MatrixMultiplication,TWO_D,3318,3318,3318,4096,2,1,41,435.339,52.866,0.01,-1,-1,-1
Intel Xeon Phi coprocessor x100 family,MatrixMultiplication,TWO_D,3318,3318,3318,8192,1,1,41,434.942,53.039,0.01,-1,-1,-1
Intel Xeon Phi coprocessor x100 family,MatrixMultiplication,TWO_D,3318,3318,3318,1,1,1,41,578.968,61.952,0.012,33651.7,22.589,1.874
Intel Xeon Phi coprocessor x100 family,MatrixMultiplication,TWO_D,3318,3318,3318,1,2,1,41,473.945,54.006,0.011,32473.8,24.466,2.44
Intel Xeon Phi coprocessor x100 family,MatrixMultiplication,TWO_D,3318,3318,3318,1,4,1,41,446.785,54.682,0.011,-1,-1,-1
Intel Xeon Phi coprocessor x100 family,MatrixMultiplication,TWO_D,3318,3318,3318,1,8,1,41,436.456,51.706,0.012,-1,-1,-1
Intel Xeon Phi coprocessor x100 family,MatrixMultiplication,TWO_D,3318,3318,3318,1,16,1,41,437.159,52.052,0.01,-1,-1,-1
Intel Xeon Phi coprocessor x100 family,MatrixMultiplication,TWO_D,3318,3318,3318,1,32,1,41,436.167,51.831,0.011,-1,-1,-1
Intel Xeon Phi coprocessor x100 family,MatrixMultiplication,TWO_D,3318,3318,3318,1,64,1,41,442.823,52.136,0.011,-1,-1,-1
Intel Xeon Phi coprocessor x100 family,MatrixMultiplication,TWO_D,3318,3318,3318,1,128,1,41,436.01,52.66,0.026,-1,-1,-1
Intel Xeon Phi coprocessor x100 family,MatrixMultiplication,TWO_D,3318,3318,3318,1,256,1,41,437.591,52.117,0.011,-1,-1,-1
Intel Xeon Phi coprocessor x100 family,MatrixMultiplication,TWO_D,3318,3318,3318,1,512,1,41,436.062,51.885,0.011,-1,-1,-1
Intel Xeon Phi coprocessor x100 family,MatrixMultiplication,TWO_D,3318,3318,3318,1,1024,1,41,437.14,52.063,0.01,-1,-1,-1
Intel Xeon Phi coprocessor x100 family,MatrixMultiplication,TWO_D,3318,3318,3318,1,2048,1,41,435.915,52.417,0.01,-1,-1,-1
Intel Xeon Phi coprocessor x100 family,MatrixMultiplication,TWO_D,3318,3318,3318,1,4096,1,41,437.612,52.101,0.01,-1,-1,-1
Intel Xeon Phi coprocessor x100 family,MatrixMultiplication,TWO_D,3318,3318,3318,1,8192,1,41,435.81,51.841,0.01,-1,-1,-1
Intel Xeon Phi coprocessor x100 family,MatrixMultiplication,TWO_D,3318,3318,3318,2,1,1,41,439.966,52.814,0.011,32529.8,23.471,2.301
Intel Xeon Phi coprocessor x100 family,MatrixMultiplication,TWO_D,3318,3318,3318,2,2,1,41,477.781,53.389,0.011,28255.8,23.331,2.045
Intel Xeon Phi coprocessor x100 family,MatrixMultiplication,TWO_D,3318,3318,3318,2,4,1,41,520.049,53.394,0.011,-1,-1,-1
Intel Xeon Phi coprocessor x100 family,MatrixMultiplication,TWO_D,3318,3318,3318,2,8,1,41,436.999,51.901,0.011,-1,-1,-1
Intel Xeon Phi coprocessor x100 family,MatrixMultiplication,TWO_D,3318,3318,3318,2,16,1,41,435.543,51.497,0.013,-1,-1,-1
Intel Xeon Phi coprocessor x100 family,MatrixMultiplication,TWO_D,3318,3318,3318,2,32,1,41,435.589,51.883,0.011,-1,-1,-1
Intel Xeon Phi coprocessor x100 family,MatrixMultiplication,TWO_D,3318,3318,3318,2,64,1,41,435.633,51.381,0.026,-1,-1,-1
Intel Xeon Phi coprocessor x100 family,MatrixMultiplication,TWO_D,3318,3318,3318,2,128,1,41,436.833,51.531,0.012,-1,-1,-1
Intel Xeon Phi coprocessor x100 family,MatrixMultiplication,TWO_D,3318,3318,3318,2,256,1,41,435.636,51.525,0.011,-1,-1,-1
Intel Xeon Phi coprocessor x100 family,MatrixMultiplication,TWO_D,3318,3318,3318,2,512,1,41,435.723,51.539,0.01,-1,-1,-1
Intel Xeon Phi coprocessor x100 family,MatrixMultiplication,TWO_D,3318,3318,3318,2,1024,1,41,435.524,51.719,0.011,-1,-1,-1
Intel Xeon Phi coprocessor x100 family,MatrixMultiplication,TWO_D,3318,3318,3318,2,2048,1,41,436.553,51.247,0.012,-1,-1,-1
Intel Xeon Phi coprocessor x100 family,MatrixMultiplication,TWO_D,3318,3318,3318,2,4096,1,41,435.633,51.553,0.01,-1,-1,-1
Intel Xeon Phi coprocessor x100 family,MatrixMultiplication,TWO_D,3318,3318,3318,4,1,1,41,435.631,51.505,0.011,-1,-1,-1
Intel Xeon Phi coprocessor x100 family,MatrixMultiplication,TWO_D,3318,3318,3318,4,2,1,41,435.579,51.669,0.012,-1,-1,-1
Intel Xeon Phi coprocessor x100 family,MatrixMultiplication,TWO_D,3318,3318,3318,4,4,1,41,436.422,51.378,0.011,-1,-1,-1
Intel Xeon Phi coprocessor x100 family,MatrixMultiplication,TWO_D,3318,3318,3318,4,8,1,41,435.623,51.649,0.012,-1,-1,-1
Intel Xeon Phi coprocessor x100 family,MatrixMultiplication,TWO_D,3318,3318,3318,4,16,1,41,435.673,51.418,0.011,-1,-1,-1
Intel Xeon Phi coprocessor x100 family,MatrixMultiplication,TWO_D,3318,3318,3318,4,32,1,41,437.04,51.406,0.012,-1,-1,-1
Intel Xeon Phi coprocessor x100 family,MatrixMultiplication,TWO_D,3318,3318,3318,4,64,1,41,436.534,52.44,0.011,-1,-1,-1
Intel Xeon Phi coprocessor x100 family,MatrixMultiplication,TWO_D,3318,3318,3318,4,128,1,41,435.671,51.446,0.01,-1,-1,-1
Intel Xeon Phi coprocessor x100 family,MatrixMultiplication,TWO_D,3318,3318,3318,4,256,1,41,435.713,51.632,0.012,-1,-1,-1
Intel Xeon Phi coprocessor x100 family,MatrixMultiplication,TWO_D,3318,3318,3318,4,512,1,41,435.648,51.741,0.011,-1,-1,-1
Intel Xeon Phi coprocessor x100 family,MatrixMultiplication,TWO_D,3318,3318,3318,4,1024,1,41,436.051,51.531,0.012,-1,-1,-1
Intel Xeon Phi coprocessor x100 family,MatrixMultiplication,TWO_D,3318,3318,3318,4,2048,1,41,435.639,51.457,0.012,-1,-1,-1
Intel Xeon Phi coprocessor x100 family,MatrixMultiplication,TWO_D,3318,3318,3318,8,1,1,41,435.674,51.532,0.012,-1,-1,-1
Intel Xeon Phi coprocessor x100 family,MatrixMultiplication,TWO_D,3318,3318,3318,8,2,1,41,436.925,51.432,0.011,-1,-1,-1
Intel Xeon Phi coprocessor x100 family,MatrixMultiplication,TWO_D,3318,3318,3318,8,4,1,41,435.627,51.526,0.012,-1,-1,-1
Intel Xeon Phi coprocessor x100 family,MatrixMultiplication,TWO_D,3318,3318,3318,8,8,1,41,435.645,51.795,0.013,-1,-1,-1
Intel Xeon Phi coprocessor x100 family,MatrixMultiplication,TWO_D,3318,3318,3318,8,16,1,41,435.624,51.752,0.012,-1,-1,-1
Intel Xeon Phi coprocessor x100 family,MatrixMultiplication,TWO_D,3318,3318,3318,8,32,1,41,436.636,51.871,0.01,-1,-1,-1
Intel Xeon Phi coprocessor x100 family,MatrixMultiplication,TWO_D,3318,3318,3318,8,64,1,41,435.544,51.797,0.012,-1,-1,-1
Intel Xeon Phi coprocessor x100 family,MatrixMultiplication,TWO_D,3318,3318,3318,8,128,1,41,435.682,52.334,0.026,-1,-1,-1
Intel Xeon Phi coprocessor x100 family,MatrixMultiplication,TWO_D,3318,3318,3318,8,256,1,41,435.478,52.017,0.025,-1,-1,-1
Intel Xeon Phi coprocessor x100 family,MatrixMultiplication,TWO_D,3318,3318,3318,8,512,1,41,436.328,51.934,0.011,-1,-1,-1
Intel Xeon Phi coprocessor x100 family,MatrixMultiplication,TWO_D,3318,3318,3318,8,1024,1,41,435.464,52.235,0.011,-1,-1,-1
Intel Xeon Phi coprocessor x100 family,MatrixMultiplication,TWO_D,3318,3318,3318,16,1,1,41,435.775,52.23,0.011,-1,-1,-1
Intel Xeon Phi coprocessor x100 family,MatrixMultiplication,TWO_D,3318,3318,3318,16,2,1,41,435.626,52.1,0.011,-1,-1,-1
Intel Xeon Phi coprocessor x100 family,MatrixMultiplication,TWO_D,3318,3318,3318,16,4,1,41,436.448,51.754,0.011,-1,-1,-1
Intel Xeon Phi coprocessor x100 family,MatrixMultiplication,TWO_D,3318,3318,3318,16,8,1,41,435.537,51.72,0.011,-1,-1,-1
Intel Xeon Phi coprocessor x100 family,MatrixMultiplication,TWO_D,3318,3318,3318,16,16,1,41,435.595,52.441,0.012,-1,-1,-1
Intel Xeon Phi coprocessor x100 family,MatrixMultiplication,TWO_D,3318,3318,3318,16,32,1,41,435.587,52.287,0.011,-1,-1,-1
Intel Xeon Phi coprocessor x100 family,MatrixMultiplication,TWO_D,3318,3318,3318,16,64,1,41,436.517,51.842,0.012,-1,-1,-1
Intel Xeon Phi coprocessor x100 family,MatrixMultiplication,TWO_D,3318,3318,3318,16,128,1,41,435.684,51.693,0.012,-1,-1,-1
Intel Xeon Phi coprocessor x100 family,MatrixMultiplication,TWO_D,3318,3318,3318,16,256,1,41,435.639,51.792,0.01,-1,-1,-1
Intel Xeon Phi coprocessor x100 family,MatrixMultiplication,TWO_D,3318,3318,3318,16,512,1,41,435.718,52.072,0.011,-1,-1,-1
Intel Xeon Phi coprocessor x100 family,MatrixMultiplication,TWO_D,3318,3318,3318,32,1,1,41,436.284,52.014,0.01,-1,-1,-1
Intel Xeon Phi coprocessor x100 family,MatrixMultiplication,TWO_D,3318,3318,3318,32,2,1,41,435.638,51.961,0.011,-1,-1,-1
Intel Xeon Phi coprocessor x100 family,MatrixMultiplication,TWO_D,3318,3318,3318,32,4,1,41,435.964,51.829,0.011,-1,-1,-1
Intel Xeon Phi coprocessor x100 family,MatrixMultiplication,TWO_D,3318,3318,3318,32,8,1,41,436.732,52.281,0.011,-1,-1,-1
Intel Xeon Phi coprocessor x100 family,MatrixMultiplication,TWO_D,3318,3318,3318,32,16,1,41,442.018,53.238,0.026,-1,-1,-1
Intel Xeon Phi coprocessor x100 family,MatrixMultiplication,TWO_D,3318,3318,3318,32,32,1,41,435.742,53.029,0.011,-1,-1,-1
Intel Xeon Phi coprocessor x100 family,MatrixMultiplication,TWO_D,3318,3318,3318,32,64,1,41,435.58,52.536,0.01,-1,-1,-1
Intel Xeon Phi coprocessor x100 family,MatrixMultiplication,TWO_D,3318,3318,3318,32,128,1,41,436.375,52.692,0.011,-1,-1,-1
Intel Xeon Phi coprocessor x100 family,MatrixMultiplication,TWO_D,3318,3318,3318,32,256,1,41,435.422,53.179,0.01,-1,-1,-1
Intel Xeon Phi coprocessor x100 family,MatrixMultiplication,TWO_D,3318,3318,3318,64,1,1,41,435.705,52.802,0.015,-1,-1,-1
Intel Xeon Phi coprocessor x100 family,MatrixMultiplication,TWO_D,3318,3318,3318,64,2,1,41,435.501,52.723,0.011,-1,-1,-1
Intel Xeon Phi coprocessor x100 family,MatrixMultiplication,TWO_D,3318,3318,3318,64,4,1,41,436.474,52.705,0.012,-1,-1,-1
Intel Xeon Phi coprocessor x100 family,MatrixMultiplication,TWO_D,3318,3318,3318,64,8,1,41,435.484,52.703,0.011,-1,-1,-1
Intel Xeon Phi coprocessor x100 family,MatrixMultiplication,TWO_D,3318,3318,3318,64,16,1,41,435.649,52.605,0.026,-1,-1,-1
Intel Xeon Phi coprocessor x100 family,MatrixMultiplication,TWO_D,3318,3318,3318,64,32,1,41,435.588,52.77,0.025,-1,-1,-1
Intel Xeon Phi coprocessor x100 family,MatrixMultiplication,TWO_D,3318,3318,3318,64,64,1,41,436.6,52.595,0.025,-1,-1,-1
Intel Xeon Phi coprocessor x100 family,MatrixMultiplication,TWO_D,3318,3318,3318,64,128,1,41,435.494,53.074,0.011,-1,-1,-1
Intel Xeon Phi coprocessor x100 family,MatrixMultiplication,TWO_D,3318,3318,3318,128,1,1,41,435.7,53.202,0.011,-1,-1,-1
Intel Xeon Phi coprocessor x100 family,MatrixMultiplication,TWO_D,3318,3318,3318,128,2,1,41,435.623,52.772,0.01,-1,-1,-1
Intel Xeon Phi coprocessor x100 family,MatrixMultiplication,TWO_D,3318,3318,3318,128,4,1,41,436.376,52.853,0.025,-1,-1,-1
Intel Xeon Phi coprocessor x100 family,MatrixMultiplication,TWO_D,3318,3318,3318,128,8,1,41,435.576,52.739,0.01,-1,-1,-1
Intel Xeon Phi coprocessor x100 family,MatrixMultiplication,TWO_D,3318,3318,3318,128,16,1,41,435.965,52.874,0.01,-1,-1,-1
Intel Xeon Phi coprocessor x100 family,MatrixMultiplication,TWO_D,3318,3318,3318,128,32,1,41,435.614,52.802,0.011,-1,-1,-1
Intel Xeon Phi coprocessor x100 family,MatrixMultiplication,TWO_D,3318,3318,3318,128,64,1,41,435.95,52.788,0.012,-1,-1,-1
Intel Xeon Phi coprocessor x100 family,MatrixMultiplication,TWO_D,3318,3318,3318,256,1,1,41,435.499,52.686,0.027,-1,-1,-1
Intel Xeon Phi coprocessor x100 family,MatrixMultiplication,TWO_D,3318,3318,3318,256,2,1,41,435.612,52.443,0.011,-1,-1,-1
Intel Xeon Phi coprocessor x100 family,MatrixMultiplication,TWO_D,3318,3318,3318,256,4,1,41,437.003,52.584,0.011,-1,-1,-1
Intel Xeon Phi coprocessor x100 family,MatrixMultiplication,TWO_D,3318,3318,3318,256,8,1,41,435.619,52.678,0.01,-1,-1,-1
Intel Xeon Phi coprocessor x100 family,MatrixMultiplication,TWO_D,3318,3318,3318,256,16,1,41,436.187,53.358,0.01,-1,-1,-1
Intel Xeon Phi coprocessor x100 family,MatrixMultiplication,TWO_D,3318,3318,3318,256,32,1,41,435.499,52.721,0.011,-1,-1,-1
Intel Xeon Phi coprocessor x100 family,MatrixMultiplication,TWO_D,3318,3318,3318,512,1,1,41,436.432,52.539,0.01,-1,-1,-1
Intel Xeon Phi coprocessor x100 family,MatrixMultiplication,TWO_D,3318,3318,3318,512,2,1,41,438.666,54.872,0.011,-1,-1,-1
Intel Xeon Phi coprocessor x100 family,MatrixMultiplication,TWO_D,3318,3318,3318,512,4,1,41,436.192,52.799,0.011,-1,-1,-1
Intel Xeon Phi coprocessor x100 family,MatrixMultiplication,TWO_D,3318,3318,3318,512,8,1,41,430.929,52.449,0.01,-1,-1,-1
Intel Xeon Phi coprocessor x100 family,MatrixMultiplication,TWO_D,3318,3318,3318,512,16,1,41,431.947,52.514,0.011,-1,-1,-1
Intel Xeon Phi coprocessor x100 family,MatrixMultiplication,TWO_D,3318,3318,3318,1024,1,1,41,431.08,52.323,0.01,-1,-1,-1
Intel Xeon Phi coprocessor x100 family,MatrixMultiplication,TWO_D,3318,3318,3318,1024,2,1,41,425.726,52.315,0.025,-1,-1,-1
Intel Xeon Phi coprocessor x100 family,MatrixMultiplication,TWO_D,3318,3318,3318,1024,4,1,41,426.402,52.391,0.024,-1,-1,-1
Intel Xeon Phi coprocessor x100 family,MatrixMultiplication,TWO_D,3318,3318,3318,1024,8,1,41,426.764,52.458,0.011,-1,-1,-1
Intel Xeon Phi coprocessor x100 family,MatrixMultiplication,TWO_D,3318,3318,3318,2048,1,1,41,425.805,52.328,0.01,-1,-1,-1
Intel Xeon Phi coprocessor x100 family,MatrixMultiplication,TWO_D,3318,3318,3318,2048,2,1,41,426.299,54.571,0.011,-1,-1,-1
Intel Xeon Phi coprocessor x100 family,MatrixMultiplication,TWO_D,3318,3318,3318,2048,4,1,41,425.755,45.957,0.011,-1,-1,-1
Intel Xeon Phi coprocessor x100 family,MatrixMultiplication,TWO_D,3318,3318,3318,4096,1,1,41,426.863,45.894,0.012,-1,-1,-1
Intel Xeon Phi coprocessor x100 family,MatrixMultiplication,TWO_D,3318,3318,3318,4096,2,1,41,425.372,48.911,0.011,-1,-1,-1
Intel Xeon Phi coprocessor x100 family,MatrixMultiplication,TWO_D,3318,3318,3318,8192,1,1,41,425.637,39.366,0.027,-1,-1,-1
Intel Xeon Phi coprocessor x100 family,MatrixMultiplication,TWO_D,3318,3318,3318,1,1,1,41,580.345,62.541,0.012,33280.4,22.337,3.902
Intel Xeon Phi coprocessor x100 family,MatrixMultiplication,TWO_D,3318,3318,3318,1,2,1,41,503.912,54.186,0.028,31441.8,23.294,4.079
Intel Xeon Phi coprocessor x100 family,MatrixMultiplication,TWO_D,3318,3318,3318,1,4,1,41,469.533,52.617,0.01,-1,-1,-1
Intel Xeon Phi coprocessor x100 family,MatrixMultiplication,TWO_D,3318,3318,3318,1,8,1,41,437.196,52.154,0.01,-1,-1,-1
Intel Xeon Phi coprocessor x100 family,MatrixMultiplication,TWO_D,3318,3318,3318,1,16,1,41,435.841,52.483,0.011,-1,-1,-1
Intel Xeon Phi coprocessor x100 family,MatrixMultiplication,TWO_D,3318,3318,3318,1,32,1,41,437.89,52.552,0.009,-1,-1,-1
Intel Xeon Phi coprocessor x100 family,MatrixMultiplication,TWO_D,3318,3318,3318,1,64,1,41,436.809,52.496,0.011,-1,-1,-1
Intel Xeon Phi coprocessor x100 family,MatrixMultiplication,TWO_D,3318,3318,3318,1,128,1,41,437.477,52.335,0.011,-1,-1,-1
Intel Xeon Phi coprocessor x100 family,MatrixMultiplication,TWO_D,3318,3318,3318,1,256,1,41,435.885,52.278,0.009,-1,-1,-1
Intel Xeon Phi coprocessor x100 family,MatrixMultiplication,TWO_D,3318,3318,3318,1,512,1,41,437.423,52.229,0.009,-1,-1,-1
Intel Xeon Phi coprocessor x100 family,MatrixMultiplication,TWO_D,3318,3318,3318,1,1024,1,41,435.884,52.411,0.009,-1,-1,-1
Intel Xeon Phi coprocessor x100 family,MatrixMultiplication,TWO_D,3318,3318,3318,1,2048,1,41,436.778,52.143,0.011,-1,-1,-1
Intel Xeon Phi coprocessor x100 family,MatrixMultiplication,TWO_D,3318,3318,3318,1,4096,1,41,437.104,52.263,0.013,-1,-1,-1
Intel Xeon Phi coprocessor x100 family,MatrixMultiplication,TWO_D,3318,3318,3318,1,8192,1,41,437.658,52.129,0.01,-1,-1,-1
Intel Xeon Phi coprocessor x100 family,MatrixMultiplication,TWO_D,3318,3318,3318,2,1,1,41,435.814,52.434,0.01,33203.8,20.169,2.333
Intel Xeon Phi coprocessor x100 family,MatrixMultiplication,TWO_D,3318,3318,3318,2,2,1,41,474.55,53.635,0.014,28179.9,19.582,2.106
Intel Xeon Phi coprocessor x100 family,MatrixMultiplication,TWO_D,3318,3318,3318,2,4,1,41,470.581,53.865,0.012,-1,-1,-1
Intel Xeon Phi coprocessor x100 family,MatrixMultiplication,TWO_D,3318,3318,3318,2,8,1,41,435.485,52.418,0.013,-1,-1,-1
Intel Xeon Phi coprocessor x100 family,MatrixMultiplication,TWO_D,3318,3318,3318,2,16,1,41,435.961,51.52,0.011,-1,-1,-1
Intel Xeon Phi coprocessor x100 family,MatrixMultiplication,TWO_D,3318,3318,3318,2,32,1,41,435.866,51.612,0.026,-1,-1,-1
Intel Xeon Phi coprocessor x100 family,MatrixMultiplication,TWO_D,3318,3318,3318,2,64,1,41,435.57,51.885,0.012,-1,-1,-1
Intel Xeon Phi coprocessor x100 family,MatrixMultiplication,TWO_D,3318,3318,3318,2,128,1,41,437.02,51.758,0.013,-1,-1,-1
Intel Xeon Phi coprocessor x100 family,MatrixMultiplication,TWO_D,3318,3318,3318,2,256,1,41,435.964,51.598,0.012,-1,-1,-1
Intel Xeon Phi coprocessor x100 family,MatrixMultiplication,TWO_D,3318,3318,3318,2,512,1,41,435.996,51.543,0.011,-1,-1,-1
Intel Xeon Phi coprocessor x100 family,MatrixMultiplication,TWO_D,3318,3318,3318,2,1024,1,41,435.537,51.652,0.014,-1,-1,-1
Intel Xeon Phi coprocessor x100 family,MatrixMultiplication,TWO_D,3318,3318,3318,2,2048,1,41,436.811,51.556,0.013,-1,-1,-1
Intel Xeon Phi coprocessor x100 family,MatrixMultiplication,TWO_D,3318,3318,3318,2,4096,1,41,435.495,51.492,0.026,-1,-1,-1
Intel Xeon Phi coprocessor x100 family,MatrixMultiplication,TWO_D,3318,3318,3318,4,1,1,41,435.853,51.576,0.011,-1,-1,-1
Intel Xeon Phi coprocessor x100 family,MatrixMultiplication,TWO_D,3318,3318,3318,4,2,1,41,435.914,51.745,0.013,-1,-1,-1
Intel Xeon Phi coprocessor x100 family,MatrixMultiplication,TWO_D,3318,3318,3318,4,4,1,41,436.603,51.558,0.012,-1,-1,-1
Intel Xeon Phi coprocessor x100 family,MatrixMultiplication,TWO_D,3318,3318,3318,4,8,1,41,435.518,51.597,0.012,-1,-1,-1
Intel Xeon Phi coprocessor x100 family,MatrixMultiplication,TWO_D,3318,3318,3318,4,16,1,41,435.803,51.756,0.027,-1,-1,-1
Intel Xeon Phi coprocessor x100 family,MatrixMultiplication,TWO_D,3318,3318,3318,4,32,1,41,435.437,51.795,0.013,-1,-1,-1
Intel Xeon Phi coprocessor x100 family,MatrixMultiplication,TWO_D,3318,3318,3318,4,64,1,41,436.583,51.425,0.012,-1,-1,-1
Intel Xeon Phi coprocessor x100 family,MatrixMultiplication,TWO_D,3318,3318,3318,4,128,1,41,435.819,51.389,0.027,-1,-1,-1
Intel Xeon Phi coprocessor x100 family,MatrixMultiplication,TWO_D,3318,3318,3318,4,256,1,41,435.733,51.764,0.012,-1,-1,-1
Intel Xeon Phi coprocessor x100 family,MatrixMultiplication,TWO_D,3318,3318,3318,4,512,1,41,435.465,51.829,0.012,-1,-1,-1
Intel Xeon Phi coprocessor x100 family,MatrixMultiplication,TWO_D,3318,3318,3318,4,1024,1,41,436.599,51.495,0.012,-1,-1,-1
Intel Xeon Phi coprocessor x100 family,MatrixMultiplication,TWO_D,3318,3318,3318,4,2048,1,41,435.66,51.596,0.012,-1,-1,-1
Intel Xeon Phi coprocessor x100 family,MatrixMultiplication,TWO_D,3318,3318,3318,8,1,1,41,436.088,51.435,0.012,-1,-1,-1
Intel Xeon Phi coprocessor x100 family,MatrixMultiplication,TWO_D,3318,3318,3318,8,2,1,41,435.544,52.168,0.013,-1,-1,-1
Intel Xeon Phi coprocessor x100 family,MatrixMultiplication,TWO_D,3318,3318,3318,8,4,1,41,436.021,51.608,0.012,-1,-1,-1
Intel Xeon Phi coprocessor x100 family,MatrixMultiplication,TWO_D,3318,3318,3318,8,8,1,41,435.643,51.897,0.043,-1,-1,-1
Intel Xeon Phi coprocessor x100 family,MatrixMultiplication,TWO_D,3318,3318,3318,8,16,1,41,436.026,51.578,0.013,-1,-1,-1
Intel Xeon Phi coprocessor x100 family,MatrixMultiplication,TWO_D,3318,3318,3318,8,32,1,41,436.998,52.849,0.012,-1,-1,-1
Intel Xeon Phi coprocessor x100 family,MatrixMultiplication,TWO_D,3318,3318,3318,8,64,1,41,435.938,52.064,0.012,-1,-1,-1
Intel Xeon Phi coprocessor x100 family,MatrixMultiplication,TWO_D,3318,3318,3318,8,128,1,41,435.809,52.247,0.013,-1,-1,-1
Intel Xeon Phi coprocessor x100 family,MatrixMultiplication,TWO_D,3318,3318,3318,8,256,1,41,435.6,52.16,0.012,-1,-1,-1
Intel Xeon Phi coprocessor x100 family,MatrixMultiplication,TWO_D,3318,3318,3318,8,512,1,41,436.607,52.49,0.033,-1,-1,-1
Intel Xeon Phi coprocessor x100 family,MatrixMultiplication,TWO_D,3318,3318,3318,8,1024,1,41,435.606,53.714,0.011,-1,-1,-1
Intel Xeon Phi coprocessor x100 family,MatrixMultiplication,TWO_D,3318,3318,3318,16,1,1,41,431.13,51.519,0.027,-1,-1,-1
Intel Xeon Phi coprocessor x100 family,MatrixMultiplication,TWO_D,3318,3318,3318,16,2,1,41,431.079,51.425,0.026,-1,-1,-1
Intel Xeon Phi coprocessor x100 family,MatrixMultiplication,TWO_D,3318,3318,3318,16,4,1,41,431.592,51.313,0.013,-1,-1,-1
Intel Xeon Phi coprocessor x100 family,MatrixMultiplication,TWO_D,3318,3318,3318,16,8,1,41,431.035,51.388,0.013,-1,-1,-1
Intel Xeon Phi coprocessor x100 family,MatrixMultiplication,TWO_D,3318,3318,3318,16,16,1,41,430.986,51.201,0.028,-1,-1,-1
Intel Xeon Phi coprocessor x100 family,MatrixMultiplication,TWO_D,3318,3318,3318,16,32,1,41,425.841,51.281,0.011,-1,-1,-1
Intel Xeon Phi coprocessor x100 family,MatrixMultiplication,TWO_D,3318,3318,3318,16,64,1,41,426.787,51.26,0.013,-1,-1,-1
Intel Xeon Phi coprocessor x100 family,MatrixMultiplication,TWO_D,3318,3318,3318,16,128,1,41,425.883,51.196,0.012,-1,-1,-1
Intel Xeon Phi coprocessor x100 family,MatrixMultiplication,TWO_D,3318,3318,3318,16,256,1,41,425.766,53.162,0.012,-1,-1,-1
Intel Xeon Phi coprocessor x100 family,MatrixMultiplication,TWO_D,3318,3318,3318,16,512,1,41,425.282,45.128,0.013,-1,-1,-1
Intel Xeon Phi coprocessor x100 family,MatrixMultiplication,TWO_D,3318,3318,3318,32,1,1,41,426.683,45.005,0.012,-1,-1,-1
Intel Xeon Phi coprocessor x100 family,MatrixMultiplication,TWO_D,3318,3318,3318,32,2,1,41,425.581,47.627,0.012,-1,-1,-1
Intel Xeon Phi coprocessor x100 family,MatrixMultiplication,TWO_D,3318,3318,3318,32,4,1,41,425.572,38.876,0.012,-1,-1,-1
Intel Xeon Phi coprocessor x100 family,MatrixMultiplication,TWO_D,3318,3318,3318,32,8,1,41,425.44,38.866,0.013,-1,-1,-1
Intel Xeon Phi coprocessor x100 family,MatrixMultiplication,TWO_D,3318,3318,3318,32,16,1,41,426.899,38.564,0.012,-1,-1,-1
Intel Xeon Phi coprocessor x100 family,MatrixMultiplication,TWO_D,3318,3318,3318,32,32,1,41,425.042,38.814,0.011,-1,-1,-1
Intel Xeon Phi coprocessor x100 family,MatrixMultiplication,TWO_D,3318,3318,3318,32,64,1,41,425.372,38.839,0.013,-1,-1,-1
Intel Xeon Phi coprocessor x100 family,MatrixMultiplication,TWO_D,3318,3318,3318,32,128,1,41,426.067,38.744,0.014,-1,-1,-1
Intel Xeon Phi coprocessor x100 family,MatrixMultiplication,TWO_D,3318,3318,3318,32,256,1,41,426.605,38.831,0.012,-1,-1,-1
Intel Xeon Phi coprocessor x100 family,MatrixMultiplication,TWO_D,3318,3318,3318,64,1,1,41,425.456,38.794,0.011,-1,-1,-1
Intel Xeon Phi coprocessor x100 family,MatrixMultiplication,TWO_D,3318,3318,3318,64,2,1,41,425.747,38.838,0.012,-1,-1,-1
Intel Xeon Phi coprocessor x100 family,MatrixMultiplication,TWO_D,3318,3318,3318,64,4,1,41,425.29,38.756,0.013,-1,-1,-1
Intel Xeon Phi coprocessor x100 family,MatrixMultiplication,TWO_D,3318,3318,3318,64,8,1,41,426.303,38.751,0.012,-1,-1,-1
Intel Xeon Phi coprocessor x100 family,MatrixMultiplication,TWO_D,3318,3318,3318,64,16,1,41,425.27,38.789,0.012,-1,-1,-1
Intel Xeon Phi coprocessor x100 family,MatrixMultiplication,TWO_D,3318,3318,3318,64,32,1,41,425.407,38.915,0.013,-1,-1,-1
Intel Xeon Phi coprocessor x100 family,MatrixMultiplication,TWO_D,3318,3318,3318,64,64,1,41,425.787,38.593,0.027,-1,-1,-1
Intel Xeon Phi coprocessor x100 family,MatrixMultiplication,TWO_D,3318,3318,3318,64,128,1,41,426.177,38.499,0.012,-1,-1,-1
Intel Xeon Phi coprocessor x100 family,MatrixMultiplication,TWO_D,3318,3318,3318,128,1,1,41,425.153,38.786,0.012,-1,-1,-1
Intel Xeon Phi coprocessor x100 family,MatrixMultiplication,TWO_D,3318,3318,3318,128,2,1,41,425.1,38.833,0.012,-1,-1,-1
Intel Xeon Phi coprocessor x100 family,MatrixMultiplication,TWO_D,3318,3318,3318,128,4,1,41,425.175,38.93,0.011,-1,-1,-1
Intel Xeon Phi coprocessor x100 family,MatrixMultiplication,TWO_D,3318,3318,3318,128,8,1,41,426.429,39.275,0.011,-1,-1,-1
Intel Xeon Phi coprocessor x100 family,MatrixMultiplication,TWO_D,3318,3318,3318,128,16,1,41,425.542,39.205,0.011,-1,-1,-1
Intel Xeon Phi coprocessor x100 family,MatrixMultiplication,TWO_D,3318,3318,3318,128,32,1,41,425.849,39.735,0.011,-1,-1,-1
Intel Xeon Phi coprocessor x100 family,MatrixMultiplication,TWO_D,3318,3318,3318,128,64,1,41,425.146,39.072,0.011,-1,-1,-1
Intel Xeon Phi coprocessor x100 family,MatrixMultiplication,TWO_D,3318,3318,3318,256,1,1,41,426.681,39.676,0.029,-1,-1,-1
Intel Xeon Phi coprocessor x100 family,MatrixMultiplication,TWO_D,3318,3318,3318,256,2,1,41,425.458,39.278,0.012,-1,-1,-1
Intel Xeon Phi coprocessor x100 family,MatrixMultiplication,TWO_D,3318,3318,3318,256,4,1,41,425.994,39.352,0.027,-1,-1,-1
Intel Xeon Phi coprocessor x100 family,MatrixMultiplication,TWO_D,3318,3318,3318,256,8,1,41,425.545,38.808,0.026,-1,-1,-1
Intel Xeon Phi coprocessor x100 family,MatrixMultiplication,TWO_D,3318,3318,3318,256,16,1,41,426.417,39.437,0.012,-1,-1,-1
Intel Xeon Phi coprocessor x100 family,MatrixMultiplication,TWO_D,3318,3318,3318,256,32,1,41,425.287,39.074,0.012,-1,-1,-1
Intel Xeon Phi coprocessor x100 family,MatrixMultiplication,TWO_D,3318,3318,3318,512,1,1,41,425.592,39.712,0.011,-1,-1,-1
Intel Xeon Phi coprocessor x100 family,MatrixMultiplication,TWO_D,3318,3318,3318,512,2,1,41,425.394,39.369,0.013,-1,-1,-1
Intel Xeon Phi coprocessor x100 family,MatrixMultiplication,TWO_D,3318,3318,3318,512,4,1,41,427.305,39.495,0.012,-1,-1,-1
Intel Xeon Phi coprocessor x100 family,MatrixMultiplication,TWO_D,3318,3318,3318,512,8,1,41,425.479,39.343,0.027,-1,-1,-1
Intel Xeon Phi coprocessor x100 family,MatrixMultiplication,TWO_D,3318,3318,3318,512,16,1,41,425.61,39.389,0.012,-1,-1,-1
Intel Xeon Phi coprocessor x100 family,MatrixMultiplication,TWO_D,3318,3318,3318,1024,1,1,41,425.3,39.599,0.011,-1,-1,-1
Intel Xeon Phi coprocessor x100 family,MatrixMultiplication,TWO_D,3318,3318,3318,1024,2,1,41,426.071,39.408,0.026,-1,-1,-1
Intel Xeon Phi coprocessor x100 family,MatrixMultiplication,TWO_D,3318,3318,3318,1024,4,1,41,425.14,39.365,0.011,-1,-1,-1
Intel Xeon Phi coprocessor x100 family,MatrixMultiplication,TWO_D,3318,3318,3318,1024,8,1,41,425.657,39.331,0.012,-1,-1,-1
Intel Xeon Phi coprocessor x100 family,MatrixMultiplication,TWO_D,3318,3318,3318,2048,1,1,41,425.097,38.587,0.011,-1,-1,-1
Intel Xeon Phi coprocessor x100 family,MatrixMultiplication,TWO_D,3318,3318,3318,2048,2,1,41,426.248,39.006,0.012,-1,-1,-1
Intel Xeon Phi coprocessor x100 family,MatrixMultiplication,TWO_D,3318,3318,3318,2048,4,1,41,435.536,51.623,0.024,-1,-1,-1
Intel Xeon Phi coprocessor x100 family,MatrixMultiplication,TWO_D,3318,3318,3318,4096,1,1,41,435.669,51.54,0.012,-1,-1,-1
Intel Xeon Phi coprocessor x100 family,MatrixMultiplication,TWO_D,3318,3318,3318,4096,2,1,41,435.575,51.437,0.026,-1,-1,-1
Intel Xeon Phi coprocessor x100 family,MatrixMultiplication,TWO_D,3318,3318,3318,8192,1,1,41,436.486,51.611,0.011,-1,-1,-1
