device/C,kernel/C,workDimension/C,width/F,height/F,steps/F,xLocal/I,yLocal/I,zLocal/I,MB/F,init/F,memoryCopyOut/F,plan/F,execute/F,memoryCopyIn/F,cleanUp/F
Intel Xeon Phi coprocessor x100 family,MonteCarloAsian,TWO_D,1024,2048,4,1,1,1,32,720.666,36.4,0.008,1987.08,0.003,3.563
Intel Xeon Phi coprocessor x100 family,MonteCarloAsian,TWO_D,1024,2048,4,1,2,1,32,711.276,35.98,0.007,1864.86,0.007,3.866
Intel Xeon Phi coprocessor x100 family,MonteCarloAsian,TWO_D,1024,2048,4,1,4,1,32,833.985,36.289,0.007,1845.52,0.005,3.155
Intel Xeon Phi coprocessor x100 family,MonteCarloAsian,TWO_D,1024,2048,4,1,8,1,32,859.633,36.094,0.007,1778.89,0.004,3.804
Intel Xeon Phi coprocessor x100 family,MonteCarloAsian,TWO_D,1024,2048,4,1,16,1,32,843.299,36.463,0.008,1793.5,0.009,3.561
Intel Xeon Phi coprocessor x100 family,MonteCarloAsian,TWO_D,1024,2048,4,1,32,1,32,832.259,36.166,0.007,1791.08,0.004,3.159
Intel Xeon Phi coprocessor x100 family,MonteCarloAsian,TWO_D,1024,2048,4,1,64,1,32,831.562,36.036,0.008,1744.89,0.008,4.188
Intel Xeon Phi coprocessor x100 family,MonteCarloAsian,TWO_D,1024,2048,4,1,128,1,32,800.863,35.393,0.007,1762.61,0.027,2.938
Intel Xeon Phi coprocessor x100 family,MonteCarloAsian,TWO_D,1024,2048,4,1,256,1,32,830.375,35.438,0.008,1791.47,0.009,4.327
Intel Xeon Phi coprocessor x100 family,MonteCarloAsian,TWO_D,1024,2048,4,1,512,1,32,839.359,35.92,0.008,1816.33,0.005,3.947
Intel Xeon Phi coprocessor x100 family,MonteCarloAsian,TWO_D,1024,2048,4,1,1024,1,32,850.633,36.393,0.007,1820.46,0.008,4.34
Intel Xeon Phi coprocessor x100 family,MonteCarloAsian,TWO_D,1024,2048,4,1,2048,1,32,805.3,36.057,0.007,-1,-1,-1
Intel Xeon Phi coprocessor x100 family,MonteCarloAsian,TWO_D,1024,2048,4,1,4096,1,32,701.986,40.437,0.007,-1,-1,-1
Intel Xeon Phi coprocessor x100 family,MonteCarloAsian,TWO_D,1024,2048,4,1,8192,1,32,705.572,35.086,0.007,-1,-1,-1
Intel Xeon Phi coprocessor x100 family,MonteCarloAsian,TWO_D,1024,2048,4,2,1,1,32,707.731,35.46,0.008,1833.76,0.005,4.007
Intel Xeon Phi coprocessor x100 family,MonteCarloAsian,TWO_D,1024,2048,4,2,2,1,32,801.274,35.847,0.007,1780.44,0.005,4.005
Intel Xeon Phi coprocessor x100 family,MonteCarloAsian,TWO_D,1024,2048,4,2,4,1,32,840.614,35.335,0.008,1754.99,0.005,2.913
Intel Xeon Phi coprocessor x100 family,MonteCarloAsian,TWO_D,1024,2048,4,2,8,1,32,825.698,35.985,0.008,1760.82,0.013,3.196
Intel Xeon Phi coprocessor x100 family,MonteCarloAsian,TWO_D,1024,2048,4,2,16,1,32,826.158,36.328,0.008,1777.5,0.005,3.048
Intel Xeon Phi coprocessor x100 family,MonteCarloAsian,TWO_D,1024,2048,4,2,32,1,32,835.402,36.114,0.008,1752.25,0.006,3.074
Intel Xeon Phi coprocessor x100 family,MonteCarloAsian,TWO_D,1024,2048,4,2,64,1,32,840.768,36.049,0.008,1765.32,0.007,3.258
Intel Xeon Phi coprocessor x100 family,MonteCarloAsian,TWO_D,1024,2048,4,2,128,1,32,839.089,36.216,0.009,1792.95,0.008,3.157
Intel Xeon Phi coprocessor x100 family,MonteCarloAsian,TWO_D,1024,2048,4,2,256,1,32,815.423,35.283,0.007,1849.46,0.007,4.158
Intel Xeon Phi coprocessor x100 family,MonteCarloAsian,TWO_D,1024,2048,4,2,512,1,32,848.403,36.156,0.007,1927.08,0.008,5.032
Intel Xeon Phi coprocessor x100 family,MonteCarloAsian,TWO_D,1024,2048,4,2,1024,1,32,779.689,36.033,0.006,-1,-1,-1
Intel Xeon Phi coprocessor x100 family,MonteCarloAsian,TWO_D,1024,2048,4,2,2048,1,32,715.058,36.001,0.007,-1,-1,-1
Intel Xeon Phi coprocessor x100 family,MonteCarloAsian,TWO_D,1024,2048,4,2,4096,1,32,713.689,36.311,0.006,-1,-1,-1
Intel Xeon Phi coprocessor x100 family,MonteCarloAsian,TWO_D,1024,2048,4,4,1,1,32,704.631,35.845,0.007,1807.17,0.006,6.387
Intel Xeon Phi coprocessor x100 family,MonteCarloAsian,TWO_D,1024,2048,4,4,2,1,32,779.383,35.848,0.006,1769.76,0.006,3.619
Intel Xeon Phi coprocessor x100 family,MonteCarloAsian,TWO_D,1024,2048,4,4,4,1,32,780.186,35.882,0.005,1770.55,0.01,5.46
Intel Xeon Phi coprocessor x100 family,MonteCarloAsian,TWO_D,1024,2048,4,4,8,1,32,945.899,35.77,0.005,1777.63,0.01,4.26
Intel Xeon Phi coprocessor x100 family,MonteCarloAsian,TWO_D,1024,2048,4,4,16,1,32,778.259,35.972,0.006,1743.7,0.01,4.104
Intel Xeon Phi coprocessor x100 family,MonteCarloAsian,TWO_D,1024,2048,4,4,32,1,32,765.547,36.28,0.006,1745.59,0.01,4.192
Intel Xeon Phi coprocessor x100 family,MonteCarloAsian,TWO_D,1024,2048,4,4,64,1,32,791.007,39.61,0.006,1880.68,0.006,4.657
Intel Xeon Phi coprocessor x100 family,MonteCarloAsian,TWO_D,1024,2048,4,4,128,1,32,753.173,36.761,0.006,1883,0.008,3.986
Intel Xeon Phi coprocessor x100 family,MonteCarloAsian,TWO_D,1024,2048,4,4,256,1,32,867.759,36.141,0.006,1915.3,0.008,4.054
Intel Xeon Phi coprocessor x100 family,MonteCarloAsian,TWO_D,1024,2048,4,4,512,1,32,807.187,35.577,0.006,-1,-1,-1
Intel Xeon Phi coprocessor x100 family,MonteCarloAsian,TWO_D,1024,2048,4,4,1024,1,32,711.232,35.472,0.005,-1,-1,-1
Intel Xeon Phi coprocessor x100 family,MonteCarloAsian,TWO_D,1024,2048,4,4,2048,1,32,702.388,35.801,0.006,-1,-1,-1
Intel Xeon Phi coprocessor x100 family,MonteCarloAsian,TWO_D,1024,2048,4,8,1,1,32,707.072,35.95,0.006,1712.32,0.005,3.012
Intel Xeon Phi coprocessor x100 family,MonteCarloAsian,TWO_D,1024,2048,4,8,2,1,32,717.329,35.98,0.007,1758.89,0.009,4.581
Intel Xeon Phi coprocessor x100 family,MonteCarloAsian,TWO_D,1024,2048,4,8,4,1,32,864.136,36.096,0.006,1807.26,0.01,4.375
Intel Xeon Phi coprocessor x100 family,MonteCarloAsian,TWO_D,1024,2048,4,8,8,1,32,842.011,36.005,0.006,1765.83,0.005,3.364
Intel Xeon Phi coprocessor x100 family,MonteCarloAsian,TWO_D,1024,2048,4,8,16,1,32,848.215,36.139,0.006,1766.45,0.006,3.334
Intel Xeon Phi coprocessor x100 family,MonteCarloAsian,TWO_D,1024,2048,4,8,32,1,32,843.492,36.041,0.007,1796.46,0.005,3.064
Intel Xeon Phi coprocessor x100 family,MonteCarloAsian,TWO_D,1024,2048,4,8,64,1,32,833.77,35.851,0.006,1846.93,0.005,4.842
Intel Xeon Phi coprocessor x100 family,MonteCarloAsian,TWO_D,1024,2048,4,8,128,1,32,852.99,35.759,0.006,1921.14,0.005,3.95
Intel Xeon Phi coprocessor x100 family,MonteCarloAsian,TWO_D,1024,2048,4,8,256,1,32,837.01,36.173,0.007,-1,-1,-1
Intel Xeon Phi coprocessor x100 family,MonteCarloAsian,TWO_D,1024,2048,4,8,512,1,32,706.194,36.12,0.007,-1,-1,-1
Intel Xeon Phi coprocessor x100 family,MonteCarloAsian,TWO_D,1024,2048,4,8,1024,1,32,702.196,36.017,0.006,-1,-1,-1
Intel Xeon Phi coprocessor x100 family,MonteCarloAsian,TWO_D,1024,2048,4,16,1,1,32,704.949,36.182,0.006,435.085,0.009,3.071
Intel Xeon Phi coprocessor x100 family,MonteCarloAsian,TWO_D,1024,2048,4,16,2,1,32,706.718,35.919,0.006,426.384,0.005,3.317
Intel Xeon Phi coprocessor x100 family,MonteCarloAsian,TWO_D,1024,2048,4,16,4,1,32,701.631,35.749,0.006,434.135,0.004,3.345
Intel Xeon Phi coprocessor x100 family,MonteCarloAsian,TWO_D,1024,2048,4,16,8,1,32,712.234,35.788,0.006,442.175,0.004,3.781
Intel Xeon Phi coprocessor x100 family,MonteCarloAsian,TWO_D,1024,2048,4,16,16,1,32,889.17,35.791,0.006,450.402,0.005,3.732
Intel Xeon Phi coprocessor x100 family,MonteCarloAsian,TWO_D,1024,2048,4,16,32,1,32,889.663,36.248,0.006,421.192,0.005,3.608
Intel Xeon Phi coprocessor x100 family,MonteCarloAsian,TWO_D,1024,2048,4,16,64,1,32,893.095,36.041,0.006,478.22,0.009,3.334
Intel Xeon Phi coprocessor x100 family,MonteCarloAsian,TWO_D,1024,2048,4,16,128,1,32,889.648,36.243,0.006,-1,-1,-1
Intel Xeon Phi coprocessor x100 family,MonteCarloAsian,TWO_D,1024,2048,4,16,256,1,32,717.594,36.14,0.006,-1,-1,-1
Intel Xeon Phi coprocessor x100 family,MonteCarloAsian,TWO_D,1024,2048,4,16,512,1,32,874.019,36.34,0.006,-1,-1,-1
Intel Xeon Phi coprocessor x100 family,MonteCarloAsian,TWO_D,1024,2048,4,32,1,1,32,714.776,36.004,0.007,421.267,0.004,3.262
Intel Xeon Phi coprocessor x100 family,MonteCarloAsian,TWO_D,1024,2048,4,32,2,1,32,726.763,35.909,0.006,458.714,0.004,2.94
Intel Xeon Phi coprocessor x100 family,MonteCarloAsian,TWO_D,1024,2048,4,32,4,1,32,702.297,35.962,0.006,457.974,0.004,2.869
Intel Xeon Phi coprocessor x100 family,MonteCarloAsian,TWO_D,1024,2048,4,32,8,1,32,880.682,35.797,0.006,439.997,0.006,3.049
Intel Xeon Phi coprocessor x100 family,MonteCarloAsian,TWO_D,1024,2048,4,32,16,1,32,703.426,35.657,0.006,464.044,0.007,2.746
Intel Xeon Phi coprocessor x100 family,MonteCarloAsian,TWO_D,1024,2048,4,32,32,1,32,878.554,36.356,0.007,457.755,0.007,3.22
Intel Xeon Phi coprocessor x100 family,MonteCarloAsian,TWO_D,1024,2048,4,32,64,1,32,877.979,36.097,0.007,-1,-1,-1
Intel Xeon Phi coprocessor x100 family,MonteCarloAsian,TWO_D,1024,2048,4,32,128,1,32,706.484,36.179,0.006,-1,-1,-1
Intel Xeon Phi coprocessor x100 family,MonteCarloAsian,TWO_D,1024,2048,4,32,256,1,32,708.412,36.252,0.006,-1,-1,-1
Intel Xeon Phi coprocessor x100 family,MonteCarloAsian,TWO_D,1024,2048,4,64,1,1,32,718.286,35.631,0.006,416.395,0.008,3.198
Intel Xeon Phi coprocessor x100 family,MonteCarloAsian,TWO_D,1024,2048,4,64,2,1,32,733.019,36.572,0.007,434.703,0.005,3.061
Intel Xeon Phi coprocessor x100 family,MonteCarloAsian,TWO_D,1024,2048,4,64,4,1,32,882.832,36.111,0.007,428.337,0.019,2.863
Intel Xeon Phi coprocessor x100 family,MonteCarloAsian,TWO_D,1024,2048,4,64,8,1,32,708.451,35.963,0.006,421.957,0.004,2.673
Intel Xeon Phi coprocessor x100 family,MonteCarloAsian,TWO_D,1024,2048,4,64,16,1,32,702.442,35.848,0.007,433.454,0.005,2.667
Intel Xeon Phi coprocessor x100 family,MonteCarloAsian,TWO_D,1024,2048,4,64,32,1,32,707.014,35.859,0.006,-1,-1,-1
Intel Xeon Phi coprocessor x100 family,MonteCarloAsian,TWO_D,1024,2048,4,64,64,1,32,711.713,35.964,0.007,-1,-1,-1
Intel Xeon Phi coprocessor x100 family,MonteCarloAsian,TWO_D,1024,2048,4,64,128,1,32,708.224,36.832,0.006,-1,-1,-1
Intel Xeon Phi coprocessor x100 family,MonteCarloAsian,TWO_D,1024,2048,4,128,1,1,32,716.047,36.192,0.006,418.073,0.005,3.2
Intel Xeon Phi coprocessor x100 family,MonteCarloAsian,TWO_D,1024,2048,4,128,2,1,32,724.35,36.057,0.006,437.29,0.004,3.737
Intel Xeon Phi coprocessor x100 family,MonteCarloAsian,TWO_D,1024,2048,4,128,4,1,32,712.215,36.01,0.007,439.979,0.005,3.116
Intel Xeon Phi coprocessor x100 family,MonteCarloAsian,TWO_D,1024,2048,4,128,8,1,32,883.574,35.97,0.007,446.349,0.005,2.626
Intel Xeon Phi coprocessor x100 family,MonteCarloAsian,TWO_D,1024,2048,4,128,16,1,32,701.319,35.961,0.007,-1,-1,-1
Intel Xeon Phi coprocessor x100 family,MonteCarloAsian,TWO_D,1024,2048,4,128,32,1,32,707.056,35.927,0.007,-1,-1,-1
Intel Xeon Phi coprocessor x100 family,MonteCarloAsian,TWO_D,1024,2048,4,128,64,1,32,706.055,36.109,0.006,-1,-1,-1
Intel Xeon Phi coprocessor x100 family,MonteCarloAsian,TWO_D,1024,2048,4,256,1,1,32,705.251,36.371,0.007,414.024,0.004,4.04
Intel Xeon Phi coprocessor x100 family,MonteCarloAsian,TWO_D,1024,2048,4,256,2,1,32,715.772,36.316,0.006,446.253,0.004,4.418
Intel Xeon Phi coprocessor x100 family,MonteCarloAsian,TWO_D,1024,2048,4,256,4,1,32,729.656,35.925,0.007,454.707,0.005,2.797
Intel Xeon Phi coprocessor x100 family,MonteCarloAsian,TWO_D,1024,2048,4,256,8,1,32,711.794,36.057,0.007,-1,-1,-1
Intel Xeon Phi coprocessor x100 family,MonteCarloAsian,TWO_D,1024,2048,4,256,16,1,32,712.83,35.871,0.007,-1,-1,-1
Intel Xeon Phi coprocessor x100 family,MonteCarloAsian,TWO_D,1024,2048,4,256,32,1,32,707.138,36.066,0.007,-1,-1,-1
Intel Xeon Phi coprocessor x100 family,MonteCarloAsian,TWO_D,1024,2048,4,512,1,1,32,708.856,36.097,0.007,433.539,0.005,2.932
Intel Xeon Phi coprocessor x100 family,MonteCarloAsian,TWO_D,1024,2048,4,512,2,1,32,702.353,36.072,0.006,426.522,0.005,2.764
Intel Xeon Phi coprocessor x100 family,MonteCarloAsian,TWO_D,1024,2048,4,512,4,1,32,710.412,36.077,0.007,-1,-1,-1
Intel Xeon Phi coprocessor x100 family,MonteCarloAsian,TWO_D,1024,2048,4,512,8,1,32,714.577,36.084,0.01,-1,-1,-1
Intel Xeon Phi coprocessor x100 family,MonteCarloAsian,TWO_D,1024,2048,4,512,16,1,32,716.405,36.055,0.007,-1,-1,-1
Intel Xeon Phi coprocessor x100 family,MonteCarloAsian,TWO_D,1024,2048,4,1024,1,1,32,716.306,36.058,0.006,416.007,0.004,3.152
Intel Xeon Phi coprocessor x100 family,MonteCarloAsian,TWO_D,1024,2048,4,1024,2,1,32,706.618,35.975,0.006,-1,-1,-1
Intel Xeon Phi coprocessor x100 family,MonteCarloAsian,TWO_D,1024,2048,4,1024,4,1,32,706.793,35.948,0.006,-1,-1,-1
Intel Xeon Phi coprocessor x100 family,MonteCarloAsian,TWO_D,1024,2048,4,1024,8,1,32,706.624,36.098,0.006,-1,-1,-1
Intel Xeon Phi coprocessor x100 family,MonteCarloAsian,TWO_D,1024,2048,4,2048,1,1,32,706.858,36.016,0.007,-1,-1,-1
Intel Xeon Phi coprocessor x100 family,MonteCarloAsian,TWO_D,1024,2048,4,2048,2,1,32,701.099,36.184,0.006,-1,-1,-1
Intel Xeon Phi coprocessor x100 family,MonteCarloAsian,TWO_D,1024,2048,4,2048,4,1,32,703.52,36,0.006,-1,-1,-1
Intel Xeon Phi coprocessor x100 family,MonteCarloAsian,TWO_D,1024,2048,4,4096,1,1,32,710.521,36.136,0.006,-1,-1,-1
Intel Xeon Phi coprocessor x100 family,MonteCarloAsian,TWO_D,1024,2048,4,4096,2,1,32,704.949,36.086,0.006,-1,-1,-1
Intel Xeon Phi coprocessor x100 family,MonteCarloAsian,TWO_D,1024,2048,4,8192,1,1,32,718.534,36.526,0.006,-1,-1,-1
Intel Xeon Phi coprocessor x100 family,MonteCarloAsian,TWO_D,1024,2048,4,1,1,1,32,712.034,36.93,0.009,2062.63,0.005,4.523
Intel Xeon Phi coprocessor x100 family,MonteCarloAsian,TWO_D,1024,2048,4,1,2,1,32,851.834,35.579,0.008,1883.36,0.007,4.865
Intel Xeon Phi coprocessor x100 family,MonteCarloAsian,TWO_D,1024,2048,4,1,4,1,32,803.554,35.881,0.009,1829.87,0.004,4.782
Intel Xeon Phi coprocessor x100 family,MonteCarloAsian,TWO_D,1024,2048,4,1,8,1,32,885.018,35.823,0.007,1786.32,0.007,3.721
Intel Xeon Phi coprocessor x100 family,MonteCarloAsian,TWO_D,1024,2048,4,1,16,1,32,841.892,35.411,0.007,1776.34,0.006,4.077
Intel Xeon Phi coprocessor x100 family,MonteCarloAsian,TWO_D,1024,2048,4,1,32,1,32,846.21,35.841,0.007,1824.81,0.005,4.317
Intel Xeon Phi coprocessor x100 family,MonteCarloAsian,TWO_D,1024,2048,4,1,64,1,32,771.673,36.696,0.005,1858.14,0.009,6.217
Intel Xeon Phi coprocessor x100 family,MonteCarloAsian,TWO_D,1024,2048,4,1,128,1,32,815.409,35.933,0.005,1862.38,0.005,6.146
Intel Xeon Phi coprocessor x100 family,MonteCarloAsian,TWO_D,1024,2048,4,1,256,1,32,794.734,35.845,0.006,1896.43,0.004,5.776
Intel Xeon Phi coprocessor x100 family,MonteCarloAsian,TWO_D,1024,2048,4,1,512,1,32,765.157,36.032,0.006,1925.11,0.011,6.273
Intel Xeon Phi coprocessor x100 family,MonteCarloAsian,TWO_D,1024,2048,4,1,1024,1,32,790.123,35.799,0.006,1922.05,0.009,5.633
Intel Xeon Phi coprocessor x100 family,MonteCarloAsian,TWO_D,1024,2048,4,1,2048,1,32,762.324,36.173,0.005,-1,-1,-1
Intel Xeon Phi coprocessor x100 family,MonteCarloAsian,TWO_D,1024,2048,4,1,4096,1,32,716.43,35.877,0.005,-1,-1,-1
Intel Xeon Phi coprocessor x100 family,MonteCarloAsian,TWO_D,1024,2048,4,1,8192,1,32,714.028,36.733,0.006,-1,-1,-1
Intel Xeon Phi coprocessor x100 family,MonteCarloAsian,TWO_D,1024,2048,4,2,1,1,32,719.696,35.771,0.005,1931.6,0.006,4.848
Intel Xeon Phi coprocessor x100 family,MonteCarloAsian,TWO_D,1024,2048,4,2,2,1,32,798.25,36.066,0.005,1868.15,0.006,4.605
Intel Xeon Phi coprocessor x100 family,MonteCarloAsian,TWO_D,1024,2048,4,2,4,1,32,782.314,36.205,0.005,1860.47,0.006,4.518
Intel Xeon Phi coprocessor x100 family,MonteCarloAsian,TWO_D,1024,2048,4,2,8,1,32,781.942,36.343,0.005,1827.38,0.012,4.166
Intel Xeon Phi coprocessor x100 family,MonteCarloAsian,TWO_D,1024,2048,4,2,16,1,32,819.484,35.637,0.007,1814.44,0.006,3.59
Intel Xeon Phi coprocessor x100 family,MonteCarloAsian,TWO_D,1024,2048,4,2,32,1,32,848.43,35.574,0.007,1793.03,0.006,3.738
Intel Xeon Phi coprocessor x100 family,MonteCarloAsian,TWO_D,1024,2048,4,2,64,1,32,861.509,35.494,0.007,1772.74,0.006,3.621
Intel Xeon Phi coprocessor x100 family,MonteCarloAsian,TWO_D,1024,2048,4,2,128,1,32,830.064,35.452,0.007,1857.03,0.006,4.183
Intel Xeon Phi coprocessor x100 family,MonteCarloAsian,TWO_D,1024,2048,4,2,256,1,32,859.116,35.594,0.007,1847.43,0.006,4.109
Intel Xeon Phi coprocessor x100 family,MonteCarloAsian,TWO_D,1024,2048,4,2,512,1,32,828.619,35.524,0.007,1920.1,0.007,3.978
Intel Xeon Phi coprocessor x100 family,MonteCarloAsian,TWO_D,1024,2048,4,2,1024,1,32,799.181,35.575,0.007,-1,-1,-1
Intel Xeon Phi coprocessor x100 family,MonteCarloAsian,TWO_D,1024,2048,4,2,2048,1,32,701.053,35.805,0.008,-1,-1,-1
Intel Xeon Phi coprocessor x100 family,MonteCarloAsian,TWO_D,1024,2048,4,2,4096,1,32,706.784,35.667,0.008,-1,-1,-1
Intel Xeon Phi coprocessor x100 family,MonteCarloAsian,TWO_D,1024,2048,4,4,1,1,32,697.744,35.661,0.008,1833.51,0.007,3.227
Intel Xeon Phi coprocessor x100 family,MonteCarloAsian,TWO_D,1024,2048,4,4,2,1,32,799.225,35.342,0.007,1797.63,0.006,3.544
Intel Xeon Phi coprocessor x100 family,MonteCarloAsian,TWO_D,1024,2048,4,4,4,1,32,814.214,35.239,0.007,1772.07,0.01,3.587
Intel Xeon Phi coprocessor x100 family,MonteCarloAsian,TWO_D,1024,2048,4,4,8,1,32,804.355,35.098,0.008,1826.33,0.01,3.958
Intel Xeon Phi coprocessor x100 family,MonteCarloAsian,TWO_D,1024,2048,4,4,16,1,32,827.86,35.533,0.008,1807.67,0.006,3.408
Intel Xeon Phi coprocessor x100 family,MonteCarloAsian,TWO_D,1024,2048,4,4,32,1,32,838.515,35.698,0.007,1761.2,0.025,3.189
Intel Xeon Phi coprocessor x100 family,MonteCarloAsian,TWO_D,1024,2048,4,4,64,1,32,791.727,35.423,0.007,1798.34,0.013,3.428
Intel Xeon Phi coprocessor x100 family,MonteCarloAsian,TWO_D,1024,2048,4,4,128,1,32,799.387,35.068,0.008,1766.51,0.007,4.012
Intel Xeon Phi coprocessor x100 family,MonteCarloAsian,TWO_D,1024,2048,4,4,256,1,32,814.329,35.273,0.008,1903.37,0.01,3.994
Intel Xeon Phi coprocessor x100 family,MonteCarloAsian,TWO_D,1024,2048,4,4,512,1,32,801.294,34.804,0.007,-1,-1,-1
Intel Xeon Phi coprocessor x100 family,MonteCarloAsian,TWO_D,1024,2048,4,4,1024,1,32,673.397,34.473,0.008,-1,-1,-1
Intel Xeon Phi coprocessor x100 family,MonteCarloAsian,TWO_D,1024,2048,4,4,2048,1,32,679.158,34.592,0.008,-1,-1,-1
Intel Xeon Phi coprocessor x100 family,MonteCarloAsian,TWO_D,1024,2048,4,8,1,1,32,676.748,35.142,0.008,1777.27,0.006,2.512
Intel Xeon Phi coprocessor x100 family,MonteCarloAsian,TWO_D,1024,2048,4,8,2,1,32,787.232,35.043,0.007,1765.24,0.006,2.85
Intel Xeon Phi coprocessor x100 family,MonteCarloAsian,TWO_D,1024,2048,4,8,4,1,32,795.16,34.546,0.007,1728.92,0.01,2.833
Intel Xeon Phi coprocessor x100 family,MonteCarloAsian,TWO_D,1024,2048,4,8,8,1,32,778.016,34.55,0.007,1763.16,0.014,2.82
Intel Xeon Phi coprocessor x100 family,MonteCarloAsian,TWO_D,1024,2048,4,8,16,1,32,770.858,35.358,0.007,1754.91,0.013,2.878
Intel Xeon Phi coprocessor x100 family,MonteCarloAsian,TWO_D,1024,2048,4,8,32,1,32,784.604,34.79,0.007,1793.82,0.009,3.108
Intel Xeon Phi coprocessor x100 family,MonteCarloAsian,TWO_D,1024,2048,4,8,64,1,32,799.982,35.814,0.006,1767.49,0.014,4.056
Intel Xeon Phi coprocessor x100 family,MonteCarloAsian,TWO_D,1024,2048,4,8,128,1,32,852.899,35.378,0.006,1881.82,0.006,3.502
Intel Xeon Phi coprocessor x100 family,MonteCarloAsian,TWO_D,1024,2048,4,8,256,1,32,821.948,35.891,0.006,-1,-1,-1
Intel Xeon Phi coprocessor x100 family,MonteCarloAsian,TWO_D,1024,2048,4,8,512,1,32,737.18,35.771,0.005,-1,-1,-1
Intel Xeon Phi coprocessor x100 family,MonteCarloAsian,TWO_D,1024,2048,4,8,1024,1,32,740.456,35.797,0.005,-1,-1,-1
Intel Xeon Phi coprocessor x100 family,MonteCarloAsian,TWO_D,1024,2048,4,16,1,1,32,743.743,35.64,0.006,433.273,0.004,2.156
Intel Xeon Phi coprocessor x100 family,MonteCarloAsian,TWO_D,1024,2048,4,16,2,1,32,742.168,35.732,0.005,414.198,0.01,7.014
Intel Xeon Phi coprocessor x100 family,MonteCarloAsian,TWO_D,1024,2048,4,16,4,1,32,741.809,35.708,0.006,414.568,0.009,3.646
Intel Xeon Phi coprocessor x100 family,MonteCarloAsian,TWO_D,1024,2048,4,16,8,1,32,745.641,35.706,0.005,409.602,0.009,3.242
Intel Xeon Phi coprocessor x100 family,MonteCarloAsian,TWO_D,1024,2048,4,16,16,1,32,753.343,35.314,0.006,410.837,0.009,3.73
Intel Xeon Phi coprocessor x100 family,MonteCarloAsian,TWO_D,1024,2048,4,16,32,1,32,752.369,35.305,0.005,409.304,0.009,4.16
Intel Xeon Phi coprocessor x100 family,MonteCarloAsian,TWO_D,1024,2048,4,16,64,1,32,752.511,35.735,0.006,418.72,0.004,3.51
Intel Xeon Phi coprocessor x100 family,MonteCarloAsian,TWO_D,1024,2048,4,16,128,1,32,746.875,35.797,0.006,-1,-1,-1
Intel Xeon Phi coprocessor x100 family,MonteCarloAsian,TWO_D,1024,2048,4,16,256,1,32,741.674,36.045,0.006,-1,-1,-1
Intel Xeon Phi coprocessor x100 family,MonteCarloAsian,TWO_D,1024,2048,4,16,512,1,32,741.874,35.384,0.005,-1,-1,-1
Intel Xeon Phi coprocessor x100 family,MonteCarloAsian,TWO_D,1024,2048,4,32,1,1,32,745.524,35.388,0.005,425.261,0.01,3.501
Intel Xeon Phi coprocessor x100 family,MonteCarloAsian,TWO_D,1024,2048,4,32,2,1,32,753.976,35.31,0.005,412.24,0.01,3.606
Intel Xeon Phi coprocessor x100 family,MonteCarloAsian,TWO_D,1024,2048,4,32,4,1,32,745.233,35.886,0.005,406.964,0.01,3.502
Intel Xeon Phi coprocessor x100 family,MonteCarloAsian,TWO_D,1024,2048,4,32,8,1,32,749.632,35.697,0.005,411.182,0.04,6.057
Intel Xeon Phi coprocessor x100 family,MonteCarloAsian,TWO_D,1024,2048,4,32,16,1,32,752.348,35.68,0.005,412.317,0.009,3.605
Intel Xeon Phi coprocessor x100 family,MonteCarloAsian,TWO_D,1024,2048,4,32,32,1,32,752.301,35.346,0.005,422.189,0.011,4.162
Intel Xeon Phi coprocessor x100 family,MonteCarloAsian,TWO_D,1024,2048,4,32,64,1,32,743.899,35.609,0.005,-1,-1,-1
Intel Xeon Phi coprocessor x100 family,MonteCarloAsian,TWO_D,1024,2048,4,32,128,1,32,740.252,35.493,0.006,-1,-1,-1
Intel Xeon Phi coprocessor x100 family,MonteCarloAsian,TWO_D,1024,2048,4,32,256,1,32,737.063,35.836,0.005,-1,-1,-1
Intel Xeon Phi coprocessor x100 family,MonteCarloAsian,TWO_D,1024,2048,4,64,1,1,32,731.604,35.771,0.006,413.201,0.011,3.788
Intel Xeon Phi coprocessor x100 family,MonteCarloAsian,TWO_D,1024,2048,4,64,2,1,32,753.2,35.713,0.005,406.884,0.01,3.496
Intel Xeon Phi coprocessor x100 family,MonteCarloAsian,TWO_D,1024,2048,4,64,4,1,32,746.712,35.725,0.005,407.333,0.01,4.107
Intel Xeon Phi coprocessor x100 family,MonteCarloAsian,TWO_D,1024,2048,4,64,8,1,32,749.755,35.348,0.005,416.255,0.011,4.015
Intel Xeon Phi coprocessor x100 family,MonteCarloAsian,TWO_D,1024,2048,4,64,16,1,32,748.211,35.441,0.006,430.369,0.004,2.868
Intel Xeon Phi coprocessor x100 family,MonteCarloAsian,TWO_D,1024,2048,4,64,32,1,32,742.47,35.744,0.005,-1,-1,-1
Intel Xeon Phi coprocessor x100 family,MonteCarloAsian,TWO_D,1024,2048,4,64,64,1,32,736.315,35.763,0.005,-1,-1,-1
Intel Xeon Phi coprocessor x100 family,MonteCarloAsian,TWO_D,1024,2048,4,64,128,1,32,745.058,35.567,0.005,-1,-1,-1
Intel Xeon Phi coprocessor x100 family,MonteCarloAsian,TWO_D,1024,2048,4,128,1,1,32,738.804,35.702,0.006,396.291,0.025,3.187
Intel Xeon Phi coprocessor x100 family,MonteCarloAsian,TWO_D,1024,2048,4,128,2,1,32,754.206,35.886,0.005,411.21,0.01,3.713
Intel Xeon Phi coprocessor x100 family,MonteCarloAsian,TWO_D,1024,2048,4,128,4,1,32,751.018,36.128,0.005,415.088,0.01,3.608
Intel Xeon Phi coprocessor x100 family,MonteCarloAsian,TWO_D,1024,2048,4,128,8,1,32,749.1,36.247,0.005,423.567,0.018,3.708
Intel Xeon Phi coprocessor x100 family,MonteCarloAsian,TWO_D,1024,2048,4,128,16,1,32,755.743,36.316,0.005,-1,-1,-1
Intel Xeon Phi coprocessor x100 family,MonteCarloAsian,TWO_D,1024,2048,4,128,32,1,32,735.774,36.422,0.005,-1,-1,-1
Intel Xeon Phi coprocessor x100 family,MonteCarloAsian,TWO_D,1024,2048,4,128,64,1,32,737.322,36.164,0.005,-1,-1,-1
Intel Xeon Phi coprocessor x100 family,MonteCarloAsian,TWO_D,1024,2048,4,256,1,1,32,744.167,36.18,0.006,409.821,0.01,3.238
Intel Xeon Phi coprocessor x100 family,MonteCarloAsian,TWO_D,1024,2048,4,256,2,1,32,753.51,36.204,0.005,411.544,0.009,3.729
Intel Xeon Phi coprocessor x100 family,MonteCarloAsian,TWO_D,1024,2048,4,256,4,1,32,743.833,36.258,0.005,420.464,0.009,4.891
Intel Xeon Phi coprocessor x100 family,MonteCarloAsian,TWO_D,1024,2048,4,256,8,1,32,748.298,36.323,0.006,-1,-1,-1
Intel Xeon Phi coprocessor x100 family,MonteCarloAsian,TWO_D,1024,2048,4,256,16,1,32,742.42,36.36,0.005,-1,-1,-1
Intel Xeon Phi coprocessor x100 family,MonteCarloAsian,TWO_D,1024,2048,4,256,32,1,32,752.91,36.248,0.005,-1,-1,-1
Intel Xeon Phi coprocessor x100 family,MonteCarloAsian,TWO_D,1024,2048,4,512,1,1,32,740.251,36.287,0.011,412.87,0.011,3.783
Intel Xeon Phi coprocessor x100 family,MonteCarloAsian,TWO_D,1024,2048,4,512,2,1,32,745.81,36.283,0.004,416.184,0.005,3.752
Intel Xeon Phi coprocessor x100 family,MonteCarloAsian,TWO_D,1024,2048,4,512,4,1,32,749.598,35.913,0.005,-1,-1,-1
Intel Xeon Phi coprocessor x100 family,MonteCarloAsian,TWO_D,1024,2048,4,512,8,1,32,750.723,36.107,0.005,-1,-1,-1
Intel Xeon Phi coprocessor x100 family,MonteCarloAsian,TWO_D,1024,2048,4,512,16,1,32,741.179,36.251,0.005,-1,-1,-1
Intel Xeon Phi coprocessor x100 family,MonteCarloAsian,TWO_D,1024,2048,4,1024,1,1,32,742.722,36.001,0.006,411.529,0.009,3.669
Intel Xeon Phi coprocessor x100 family,MonteCarloAsian,TWO_D,1024,2048,4,1024,2,1,32,753.124,36.233,0.005,-1,-1,-1
Intel Xeon Phi coprocessor x100 family,MonteCarloAsian,TWO_D,1024,2048,4,1024,4,1,32,741.003,36.482,0.005,-1,-1,-1
Intel Xeon Phi coprocessor x100 family,MonteCarloAsian,TWO_D,1024,2048,4,1024,8,1,32,740.336,36.309,0.006,-1,-1,-1
Intel Xeon Phi coprocessor x100 family,MonteCarloAsian,TWO_D,1024,2048,4,2048,1,1,32,738.271,35.885,0.006,-1,-1,-1
Intel Xeon Phi coprocessor x100 family,MonteCarloAsian,TWO_D,1024,2048,4,2048,2,1,32,737.522,36.14,0.004,-1,-1,-1
Intel Xeon Phi coprocessor x100 family,MonteCarloAsian,TWO_D,1024,2048,4,2048,4,1,32,738.796,36.505,0.005,-1,-1,-1
Intel Xeon Phi coprocessor x100 family,MonteCarloAsian,TWO_D,1024,2048,4,4096,1,1,32,740.908,36.483,0.005,-1,-1,-1
Intel Xeon Phi coprocessor x100 family,MonteCarloAsian,TWO_D,1024,2048,4,4096,2,1,32,739.253,36.057,0.005,-1,-1,-1
Intel Xeon Phi coprocessor x100 family,MonteCarloAsian,TWO_D,1024,2048,4,8192,1,1,32,739.581,36.257,0.006,-1,-1,-1
Intel Xeon Phi coprocessor x100 family,MonteCarloAsian,TWO_D,1024,2048,4,1,1,1,32,713.849,35.207,0.009,2044.79,0.006,4.876
Intel Xeon Phi coprocessor x100 family,MonteCarloAsian,TWO_D,1024,2048,4,1,2,1,32,806.092,35.448,0.007,1917.25,0.005,5.41
Intel Xeon Phi coprocessor x100 family,MonteCarloAsian,TWO_D,1024,2048,4,1,4,1,32,850.224,35.823,0.008,1841.59,0.005,5.542
Intel Xeon Phi coprocessor x100 family,MonteCarloAsian,TWO_D,1024,2048,4,1,8,1,32,840.102,35.72,0.008,1820.56,0.004,4.694
Intel Xeon Phi coprocessor x100 family,MonteCarloAsian,TWO_D,1024,2048,4,1,16,1,32,821.275,35.374,0.008,1812.94,0.006,5.588
Intel Xeon Phi coprocessor x100 family,MonteCarloAsian,TWO_D,1024,2048,4,1,32,1,32,738.045,36.132,0.006,1855.51,0.01,6.319
Intel Xeon Phi coprocessor x100 family,MonteCarloAsian,TWO_D,1024,2048,4,1,64,1,32,793.458,35.771,0.007,1838.4,0.006,4.948
Intel Xeon Phi coprocessor x100 family,MonteCarloAsian,TWO_D,1024,2048,4,1,128,1,32,776.844,35.893,0.008,1834.39,0.01,6.36
Intel Xeon Phi coprocessor x100 family,MonteCarloAsian,TWO_D,1024,2048,4,1,256,1,32,781.572,35.932,0.006,1853.54,0.011,4.798
Intel Xeon Phi coprocessor x100 family,MonteCarloAsian,TWO_D,1024,2048,4,1,512,1,32,841.762,35.598,0.006,1855.67,0.009,4.809
Intel Xeon Phi coprocessor x100 family,MonteCarloAsian,TWO_D,1024,2048,4,1,1024,1,32,849.187,35.499,0.006,1851.44,0.008,4.67
Intel Xeon Phi coprocessor x100 family,MonteCarloAsian,TWO_D,1024,2048,4,1,2048,1,32,821.185,35.425,0.007,-1,-1,-1
Intel Xeon Phi coprocessor x100 family,MonteCarloAsian,TWO_D,1024,2048,4,1,4096,1,32,710.773,35.445,0.007,-1,-1,-1
Intel Xeon Phi coprocessor x100 family,MonteCarloAsian,TWO_D,1024,2048,4,1,8192,1,32,712.416,35.478,0.007,-1,-1,-1
Intel Xeon Phi coprocessor x100 family,MonteCarloAsian,TWO_D,1024,2048,4,2,1,1,32,711.921,35.533,0.006,1892.4,0.007,4.159
Intel Xeon Phi coprocessor x100 family,MonteCarloAsian,TWO_D,1024,2048,4,2,2,1,32,812.242,35.554,0.007,1870.77,0.006,4.661
Intel Xeon Phi coprocessor x100 family,MonteCarloAsian,TWO_D,1024,2048,4,2,4,1,32,861.852,35.671,0.007,1815.89,0.008,3.964
Intel Xeon Phi coprocessor x100 family,MonteCarloAsian,TWO_D,1024,2048,4,2,8,1,32,844.268,35.425,0.007,1803.78,0.006,3.858
Intel Xeon Phi coprocessor x100 family,MonteCarloAsian,TWO_D,1024,2048,4,2,16,1,32,855.514,35.302,0.006,1831.76,0.01,4.731
Intel Xeon Phi coprocessor x100 family,MonteCarloAsian,TWO_D,1024,2048,4,2,32,1,32,788.108,35.602,0.006,1856,0.01,6.22
Intel Xeon Phi coprocessor x100 family,MonteCarloAsian,TWO_D,1024,2048,4,2,64,1,32,791.656,36.148,0.007,1829.72,0.01,5.881
Intel Xeon Phi coprocessor x100 family,MonteCarloAsian,TWO_D,1024,2048,4,2,128,1,32,790.728,35.685,0.007,1870.6,0.011,6.399
Intel Xeon Phi coprocessor x100 family,MonteCarloAsian,TWO_D,1024,2048,4,2,256,1,32,766.748,35.153,0.006,1888.01,0.01,5.859
Intel Xeon Phi coprocessor x100 family,MonteCarloAsian,TWO_D,1024,2048,4,2,512,1,32,766.886,36.364,0.006,1990.34,0.01,6.169
Intel Xeon Phi coprocessor x100 family,MonteCarloAsian,TWO_D,1024,2048,4,2,1024,1,32,767.132,36.113,0.006,-1,-1,-1
Intel Xeon Phi coprocessor x100 family,MonteCarloAsian,TWO_D,1024,2048,4,2,2048,1,32,712.412,35.84,0.006,-1,-1,-1
Intel Xeon Phi coprocessor x100 family,MonteCarloAsian,TWO_D,1024,2048,4,2,4096,1,32,709.925,35.751,0.007,-1,-1,-1
Intel Xeon Phi coprocessor x100 family,MonteCarloAsian,TWO_D,1024,2048,4,4,1,1,32,710.995,35.768,0.006,1867.59,0.006,5.075
Intel Xeon Phi coprocessor x100 family,MonteCarloAsian,TWO_D,1024,2048,4,4,2,1,32,773.276,36.119,0.006,1859.04,0.006,4.874
Intel Xeon Phi coprocessor x100 family,MonteCarloAsian,TWO_D,1024,2048,4,4,4,1,32,786.508,36.021,0.006,1816.87,0.009,6.435
Intel Xeon Phi coprocessor x100 family,MonteCarloAsian,TWO_D,1024,2048,4,4,8,1,32,779.164,35.999,0.007,1822.79,0.009,5.937
Intel Xeon Phi coprocessor x100 family,MonteCarloAsian,TWO_D,1024,2048,4,4,16,1,32,785.491,35.994,0.006,1847.98,0.009,6.382
Intel Xeon Phi coprocessor x100 family,MonteCarloAsian,TWO_D,1024,2048,4,4,32,1,32,767.839,35.42,0.006,1831.33,0.011,6.781
Intel Xeon Phi coprocessor x100 family,MonteCarloAsian,TWO_D,1024,2048,4,4,64,1,32,764.126,35.959,0.007,1867.02,0.004,6.063
Intel Xeon Phi coprocessor x100 family,MonteCarloAsian,TWO_D,1024,2048,4,4,128,1,32,747.666,35.255,0.006,1850.62,0.004,5.447
Intel Xeon Phi coprocessor x100 family,MonteCarloAsian,TWO_D,1024,2048,4,4,256,1,32,746.393,35.901,0.006,1991.18,0.006,5.843
Intel Xeon Phi coprocessor x100 family,MonteCarloAsian,TWO_D,1024,2048,4,4,512,1,32,753.658,35.88,0.006,-1,-1,-1
Intel Xeon Phi coprocessor x100 family,MonteCarloAsian,TWO_D,1024,2048,4,4,1024,1,32,711.429,36.126,0.006,-1,-1,-1
Intel Xeon Phi coprocessor x100 family,MonteCarloAsian,TWO_D,1024,2048,4,4,2048,1,32,713.066,35.805,0.006,-1,-1,-1
Intel Xeon Phi coprocessor x100 family,MonteCarloAsian,TWO_D,1024,2048,4,8,1,1,32,725.338,35.672,0.02,1853.81,0.005,4.814
Intel Xeon Phi coprocessor x100 family,MonteCarloAsian,TWO_D,1024,2048,4,8,2,1,32,797.468,36.166,0.006,1826.78,0.01,5.966
Intel Xeon Phi coprocessor x100 family,MonteCarloAsian,TWO_D,1024,2048,4,8,4,1,32,792.126,36.034,0.007,1847.66,0.01,6.219
Intel Xeon Phi coprocessor x100 family,MonteCarloAsian,TWO_D,1024,2048,4,8,8,1,32,803.322,36.062,0.007,1835.26,0.01,7.387
Intel Xeon Phi coprocessor x100 family,MonteCarloAsian,TWO_D,1024,2048,4,8,16,1,32,799.369,35.822,0.006,1828.97,0.011,6.299
Intel Xeon Phi coprocessor x100 family,MonteCarloAsian,TWO_D,1024,2048,4,8,32,1,32,960.954,35.758,0.005,1887.33,0.01,6.229
Intel Xeon Phi coprocessor x100 family,MonteCarloAsian,TWO_D,1024,2048,4,8,64,1,32,792.721,35.609,0.007,1869.8,0.006,6.029
Intel Xeon Phi coprocessor x100 family,MonteCarloAsian,TWO_D,1024,2048,4,8,128,1,32,778.884,35.706,0.005,1999.55,0.01,6.004
Intel Xeon Phi coprocessor x100 family,MonteCarloAsian,TWO_D,1024,2048,4,8,256,1,32,773.189,36.072,0.006,-1,-1,-1
Intel Xeon Phi coprocessor x100 family,MonteCarloAsian,TWO_D,1024,2048,4,8,512,1,32,711.558,36.168,0.006,-1,-1,-1
Intel Xeon Phi coprocessor x100 family,MonteCarloAsian,TWO_D,1024,2048,4,8,1024,1,32,709.833,36.057,0.005,-1,-1,-1
Intel Xeon Phi coprocessor x100 family,MonteCarloAsian,TWO_D,1024,2048,4,16,1,1,32,716.329,36.086,0.006,531.639,0.005,3.7
Intel Xeon Phi coprocessor x100 family,MonteCarloAsian,TWO_D,1024,2048,4,16,2,1,32,712.32,35.755,0.006,513.086,0.011,5.809
Intel Xeon Phi coprocessor x100 family,MonteCarloAsian,TWO_D,1024,2048,4,16,4,1,32,719.634,36.022,0.005,524.869,0.011,6.32
Intel Xeon Phi coprocessor x100 family,MonteCarloAsian,TWO_D,1024,2048,4,16,8,1,32,720.796,35.883,0.007,517.181,0.005,6.34
Intel Xeon Phi coprocessor x100 family,MonteCarloAsian,TWO_D,1024,2048,4,16,16,1,32,720.003,35.781,0.006,536.478,0.01,5.614
Intel Xeon Phi coprocessor x100 family,MonteCarloAsian,TWO_D,1024,2048,4,16,32,1,32,715.948,36.222,0.005,527.006,0.01,5.972
Intel Xeon Phi coprocessor x100 family,MonteCarloAsian,TWO_D,1024,2048,4,16,64,1,32,712.786,35.8,0.006,534.511,0.011,6.291
Intel Xeon Phi coprocessor x100 family,MonteCarloAsian,TWO_D,1024,2048,4,16,128,1,32,719.053,35.849,0.006,-1,-1,-1
Intel Xeon Phi coprocessor x100 family,MonteCarloAsian,TWO_D,1024,2048,4,16,256,1,32,709.979,35.935,0.006,-1,-1,-1
Intel Xeon Phi coprocessor x100 family,MonteCarloAsian,TWO_D,1024,2048,4,16,512,1,32,711.763,35.74,0.006,-1,-1,-1
Intel Xeon Phi coprocessor x100 family,MonteCarloAsian,TWO_D,1024,2048,4,32,1,1,32,710.377,35.88,0.006,532.323,0.01,5.599
Intel Xeon Phi coprocessor x100 family,MonteCarloAsian,TWO_D,1024,2048,4,32,2,1,32,724.469,35.796,0.006,543.19,0.01,6.123
Intel Xeon Phi coprocessor x100 family,MonteCarloAsian,TWO_D,1024,2048,4,32,4,1,32,719.942,35.957,0.005,520.987,0.009,5.942
Intel Xeon Phi coprocessor x100 family,MonteCarloAsian,TWO_D,1024,2048,4,32,8,1,32,878.492,36.025,0.006,523.96,0.009,5.696
Intel Xeon Phi coprocessor x100 family,MonteCarloAsian,TWO_D,1024,2048,4,32,16,1,32,715.352,35.791,0.006,526.639,0.011,6.473
Intel Xeon Phi coprocessor x100 family,MonteCarloAsian,TWO_D,1024,2048,4,32,32,1,32,714,35.832,0.006,524.003,0.01,5.804
Intel Xeon Phi coprocessor x100 family,MonteCarloAsian,TWO_D,1024,2048,4,32,64,1,32,712.994,35.905,0.006,-1,-1,-1
Intel Xeon Phi coprocessor x100 family,MonteCarloAsian,TWO_D,1024,2048,4,32,128,1,32,709.338,35.884,0.006,-1,-1,-1
Intel Xeon Phi coprocessor x100 family,MonteCarloAsian,TWO_D,1024,2048,4,32,256,1,32,709.384,35.829,0.005,-1,-1,-1
Intel Xeon Phi coprocessor x100 family,MonteCarloAsian,TWO_D,1024,2048,4,64,1,1,32,714.061,35.75,0.006,535.722,0.01,5.478
Intel Xeon Phi coprocessor x100 family,MonteCarloAsian,TWO_D,1024,2048,4,64,2,1,32,721.802,35.784,0.007,517.096,0.01,6.356
Intel Xeon Phi coprocessor x100 family,MonteCarloAsian,TWO_D,1024,2048,4,64,4,1,32,717.156,36.116,0.006,520.642,0.009,5.62
Intel Xeon Phi coprocessor x100 family,MonteCarloAsian,TWO_D,1024,2048,4,64,8,1,32,721.131,35.727,0.006,524.783,0.01,6.216
Intel Xeon Phi coprocessor x100 family,MonteCarloAsian,TWO_D,1024,2048,4,64,16,1,32,723.394,35.835,0.006,524.85,0.01,6.334
Intel Xeon Phi coprocessor x100 family,MonteCarloAsian,TWO_D,1024,2048,4,64,32,1,32,715.838,35.819,0.007,-1,-1,-1
Intel Xeon Phi coprocessor x100 family,MonteCarloAsian,TWO_D,1024,2048,4,64,64,1,32,708.208,35.728,0.006,-1,-1,-1
Intel Xeon Phi coprocessor x100 family,MonteCarloAsian,TWO_D,1024,2048,4,64,128,1,32,711.243,35.766,0.006,-1,-1,-1
Intel Xeon Phi coprocessor x100 family,MonteCarloAsian,TWO_D,1024,2048,4,128,1,1,32,708.181,35.998,0.006,514.259,0.01,5.499
Intel Xeon Phi coprocessor x100 family,MonteCarloAsian,TWO_D,1024,2048,4,128,2,1,32,714.254,35.098,0.006,507.886,0.011,6.81
Intel Xeon Phi coprocessor x100 family,MonteCarloAsian,TWO_D,1024,2048,4,128,4,1,32,722.451,35.596,0.006,529.836,0.009,5.998
Intel Xeon Phi coprocessor x100 family,MonteCarloAsian,TWO_D,1024,2048,4,128,8,1,32,722.301,35.586,0.006,534.203,0.01,6.255
Intel Xeon Phi coprocessor x100 family,MonteCarloAsian,TWO_D,1024,2048,4,128,16,1,32,716.67,35.745,0.005,-1,-1,-1
Intel Xeon Phi coprocessor x100 family,MonteCarloAsian,TWO_D,1024,2048,4,128,32,1,32,708.978,35.779,0.006,-1,-1,-1
Intel Xeon Phi coprocessor x100 family,MonteCarloAsian,TWO_D,1024,2048,4,128,64,1,32,712.519,35.643,0.005,-1,-1,-1
Intel Xeon Phi coprocessor x100 family,MonteCarloAsian,TWO_D,1024,2048,4,256,1,1,32,711.026,35.117,0.005,520.6,0.011,6.568
Intel Xeon Phi coprocessor x100 family,MonteCarloAsian,TWO_D,1024,2048,4,256,2,1,32,721.485,35.852,0.006,518.09,0.005,6.1
Intel Xeon Phi coprocessor x100 family,MonteCarloAsian,TWO_D,1024,2048,4,256,4,1,32,719.204,35.74,0.006,520.241,0.011,6.289
Intel Xeon Phi coprocessor x100 family,MonteCarloAsian,TWO_D,1024,2048,4,256,8,1,32,718.792,35.801,0.006,-1,-1,-1
Intel Xeon Phi coprocessor x100 family,MonteCarloAsian,TWO_D,1024,2048,4,256,16,1,32,709.016,35.761,0.006,-1,-1,-1
Intel Xeon Phi coprocessor x100 family,MonteCarloAsian,TWO_D,1024,2048,4,256,32,1,32,712.009,35.65,0.006,-1,-1,-1
Intel Xeon Phi coprocessor x100 family,MonteCarloAsian,TWO_D,1024,2048,4,512,1,1,32,709.434,35.363,0.006,509.55,0.009,5.791
Intel Xeon Phi coprocessor x100 family,MonteCarloAsian,TWO_D,1024,2048,4,512,2,1,32,715.85,35.855,0.007,502.218,0.009,5.813
Intel Xeon Phi coprocessor x100 family,MonteCarloAsian,TWO_D,1024,2048,4,512,4,1,32,721.223,36.095,0.006,-1,-1,-1
Intel Xeon Phi coprocessor x100 family,MonteCarloAsian,TWO_D,1024,2048,4,512,8,1,32,710.274,35.854,0.006,-1,-1,-1
Intel Xeon Phi coprocessor x100 family,MonteCarloAsian,TWO_D,1024,2048,4,512,16,1,32,711.456,35.297,0.006,-1,-1,-1
Intel Xeon Phi coprocessor x100 family,MonteCarloAsian,TWO_D,1024,2048,4,1024,1,1,32,713.088,35.65,0.006,541.216,0.004,5.862
Intel Xeon Phi coprocessor x100 family,MonteCarloAsian,TWO_D,1024,2048,4,1024,2,1,32,715.889,35.792,0.005,-1,-1,-1
Intel Xeon Phi coprocessor x100 family,MonteCarloAsian,TWO_D,1024,2048,4,1024,4,1,32,719.534,35.129,0.005,-1,-1,-1
Intel Xeon Phi coprocessor x100 family,MonteCarloAsian,TWO_D,1024,2048,4,1024,8,1,32,713.692,35.862,0.006,-1,-1,-1
Intel Xeon Phi coprocessor x100 family,MonteCarloAsian,TWO_D,1024,2048,4,2048,1,1,32,712.271,35.814,0.005,-1,-1,-1
Intel Xeon Phi coprocessor x100 family,MonteCarloAsian,TWO_D,1024,2048,4,2048,2,1,32,713.284,35.915,0.007,-1,-1,-1
Intel Xeon Phi coprocessor x100 family,MonteCarloAsian,TWO_D,1024,2048,4,2048,4,1,32,711.358,35.813,0.006,-1,-1,-1
Intel Xeon Phi coprocessor x100 family,MonteCarloAsian,TWO_D,1024,2048,4,4096,1,1,32,712.572,36.119,0.006,-1,-1,-1
Intel Xeon Phi coprocessor x100 family,MonteCarloAsian,TWO_D,1024,2048,4,4096,2,1,32,715.6,35.805,0.006,-1,-1,-1
Intel Xeon Phi coprocessor x100 family,MonteCarloAsian,TWO_D,1024,2048,4,8192,1,1,32,712.775,35.943,0.006,-1,-1,-1
Intel Xeon Phi coprocessor x100 family,MonteCarloAsian,TWO_D,1024,2048,4,1,1,1,32,714.331,36.324,0.006,2064.57,0.006,4.33
Intel Xeon Phi coprocessor x100 family,MonteCarloAsian,TWO_D,1024,2048,4,1,2,1,32,790.744,36.379,0.007,1960.38,0.005,4.609
Intel Xeon Phi coprocessor x100 family,MonteCarloAsian,TWO_D,1024,2048,4,1,4,1,32,776.618,36.251,0.008,1906.07,0.004,4.582
Intel Xeon Phi coprocessor x100 family,MonteCarloAsian,TWO_D,1024,2048,4,1,8,1,32,782.367,36.176,0.007,1882.06,0.005,4.911
Intel Xeon Phi coprocessor x100 family,MonteCarloAsian,TWO_D,1024,2048,4,1,16,1,32,779.811,36.165,0.008,1864.05,0.005,4.305
Intel Xeon Phi coprocessor x100 family,MonteCarloAsian,TWO_D,1024,2048,4,1,32,1,32,779.16,36.134,0.008,1879.74,0.005,4.394
Intel Xeon Phi coprocessor x100 family,MonteCarloAsian,TWO_D,1024,2048,4,1,64,1,32,779.218,36.023,0.007,1850.02,0.01,5.909
Intel Xeon Phi coprocessor x100 family,MonteCarloAsian,TWO_D,1024,2048,4,1,128,1,32,792.912,36.293,0.007,1869.8,0.01,5.968
Intel Xeon Phi coprocessor x100 family,MonteCarloAsian,TWO_D,1024,2048,4,1,256,1,32,780.135,35.893,0.008,1902.04,0.009,5.37
Intel Xeon Phi coprocessor x100 family,MonteCarloAsian,TWO_D,1024,2048,4,1,512,1,32,782.061,36.08,0.008,1924.53,0.01,5.735
Intel Xeon Phi coprocessor x100 family,MonteCarloAsian,TWO_D,1024,2048,4,1,1024,1,32,775.237,36.146,0.007,1942.38,0.009,6.191
Intel Xeon Phi coprocessor x100 family,MonteCarloAsian,TWO_D,1024,2048,4,1,2048,1,32,794.777,36.177,0.007,-1,-1,-1
Intel Xeon Phi coprocessor x100 family,MonteCarloAsian,TWO_D,1024,2048,4,1,4096,1,32,720.798,35.776,0.007,-1,-1,-1
Intel Xeon Phi coprocessor x100 family,MonteCarloAsian,TWO_D,1024,2048,4,1,8192,1,32,714.13,35.778,0.007,-1,-1,-1
Intel Xeon Phi coprocessor x100 family,MonteCarloAsian,TWO_D,1024,2048,4,2,1,1,32,714.728,35.839,0.007,1959.6,0.007,4.559
Intel Xeon Phi coprocessor x100 family,MonteCarloAsian,TWO_D,1024,2048,4,2,2,1,32,776.923,35.967,0.008,1896.97,0.007,4.621
Intel Xeon Phi coprocessor x100 family,MonteCarloAsian,TWO_D,1024,2048,4,2,4,1,32,774.892,35.965,0.007,1877.22,0.006,4.374
Intel Xeon Phi coprocessor x100 family,MonteCarloAsian,TWO_D,1024,2048,4,2,8,1,32,783.862,36.214,0.007,1863.45,0.006,4.462
Intel Xeon Phi coprocessor x100 family,MonteCarloAsian,TWO_D,1024,2048,4,2,16,1,32,782.53,36.19,0.008,1888.78,0.011,5.956
Intel Xeon Phi coprocessor x100 family,MonteCarloAsian,TWO_D,1024,2048,4,2,32,1,32,799.281,36.107,0.007,1864.28,0.007,4.356
Intel Xeon Phi coprocessor x100 family,MonteCarloAsian,TWO_D,1024,2048,4,2,64,1,32,832.085,36.117,0.008,1864.58,0.01,5.581
Intel Xeon Phi coprocessor x100 family,MonteCarloAsian,TWO_D,1024,2048,4,2,128,1,32,776.285,36.127,0.008,1924.82,0.012,5.164
Intel Xeon Phi coprocessor x100 family,MonteCarloAsian,TWO_D,1024,2048,4,2,256,1,32,785.198,36.082,0.006,1896.17,0.006,4.267
Intel Xeon Phi coprocessor x100 family,MonteCarloAsian,TWO_D,1024,2048,4,2,512,1,32,837.953,36.133,0.008,2028.71,0.01,5.053
Intel Xeon Phi coprocessor x100 family,MonteCarloAsian,TWO_D,1024,2048,4,2,1024,1,32,779.897,36.097,0.008,-1,-1,-1
Intel Xeon Phi coprocessor x100 family,MonteCarloAsian,TWO_D,1024,2048,4,2,2048,1,32,709.731,35.744,0.007,-1,-1,-1
Intel Xeon Phi coprocessor x100 family,MonteCarloAsian,TWO_D,1024,2048,4,2,4096,1,32,711.31,35.86,0.007,-1,-1,-1
Intel Xeon Phi coprocessor x100 family,MonteCarloAsian,TWO_D,1024,2048,4,4,1,1,32,709.134,36.075,0.008,1905.3,0.006,4.677
Intel Xeon Phi coprocessor x100 family,MonteCarloAsian,TWO_D,1024,2048,4,4,2,1,32,775.938,35.366,0.008,1856.43,0.006,4.411
Intel Xeon Phi coprocessor x100 family,MonteCarloAsian,TWO_D,1024,2048,4,4,4,1,32,781.523,35.434,0.007,1862.3,0.011,13.639
Intel Xeon Phi coprocessor x100 family,MonteCarloAsian,TWO_D,1024,2048,4,4,8,1,32,781.05,35.322,0.007,1869.66,0.011,5.028
Intel Xeon Phi coprocessor x100 family,MonteCarloAsian,TWO_D,1024,2048,4,4,16,1,32,770.46,35.334,0.007,1866.12,0.013,4.976
Intel Xeon Phi coprocessor x100 family,MonteCarloAsian,TWO_D,1024,2048,4,4,32,1,32,774.277,35.436,0.007,1856.61,0.006,4.296
Intel Xeon Phi coprocessor x100 family,MonteCarloAsian,TWO_D,1024,2048,4,4,64,1,32,745.394,35.379,0.006,1913.87,0.011,5.139
Intel Xeon Phi coprocessor x100 family,MonteCarloAsian,TWO_D,1024,2048,4,4,128,1,32,853.967,35.667,0.007,1892.73,0.006,4.162
Intel Xeon Phi coprocessor x100 family,MonteCarloAsian,TWO_D,1024,2048,4,4,256,1,32,785.085,35.547,0.008,1996.74,0.01,5.322
Intel Xeon Phi coprocessor x100 family,MonteCarloAsian,TWO_D,1024,2048,4,4,512,1,32,809.675,35.516,0.007,-1,-1,-1
Intel Xeon Phi coprocessor x100 family,MonteCarloAsian,TWO_D,1024,2048,4,4,1024,1,32,708.758,35.195,0.007,-1,-1,-1
Intel Xeon Phi coprocessor x100 family,MonteCarloAsian,TWO_D,1024,2048,4,4,2048,1,32,717.472,35.106,0.007,-1,-1,-1
Intel Xeon Phi coprocessor x100 family,MonteCarloAsian,TWO_D,1024,2048,4,8,1,1,32,710.533,35.656,0.008,1864.19,0.007,4.232
Intel Xeon Phi coprocessor x100 family,MonteCarloAsian,TWO_D,1024,2048,4,8,2,1,32,754.955,35.962,0.007,1861.07,0.005,4.211
Intel Xeon Phi coprocessor x100 family,MonteCarloAsian,TWO_D,1024,2048,4,8,4,1,32,774.536,35.337,0.006,1843.21,0.007,3.696
Intel Xeon Phi coprocessor x100 family,MonteCarloAsian,TWO_D,1024,2048,4,8,8,1,32,776.815,36.054,0.007,1861.88,0.011,4.485
Intel Xeon Phi coprocessor x100 family,MonteCarloAsian,TWO_D,1024,2048,4,8,16,1,32,770.017,35.809,0.007,1862.61,0.011,4.379
Intel Xeon Phi coprocessor x100 family,MonteCarloAsian,TWO_D,1024,2048,4,8,32,1,32,784.748,36.368,0.007,1905.13,0.006,4.26
Intel Xeon Phi coprocessor x100 family,MonteCarloAsian,TWO_D,1024,2048,4,8,64,1,32,767.776,36.446,0.008,1873.54,0.006,4.101
Intel Xeon Phi coprocessor x100 family,MonteCarloAsian,TWO_D,1024,2048,4,8,128,1,32,777.574,36.558,0.006,2019.24,0.006,3.387
Intel Xeon Phi coprocessor x100 family,MonteCarloAsian,TWO_D,1024,2048,4,8,256,1,32,741.04,36.317,0.007,-1,-1,-1
Intel Xeon Phi coprocessor x100 family,MonteCarloAsian,TWO_D,1024,2048,4,8,512,1,32,696.945,36.171,0.007,-1,-1,-1
Intel Xeon Phi coprocessor x100 family,MonteCarloAsian,TWO_D,1024,2048,4,8,1024,1,32,695.716,35.416,0.007,-1,-1,-1
Intel Xeon Phi coprocessor x100 family,MonteCarloAsian,TWO_D,1024,2048,4,16,1,1,32,692.966,35.668,0.007,572.641,0.011,7.655
Intel Xeon Phi coprocessor x100 family,MonteCarloAsian,TWO_D,1024,2048,4,16,2,1,32,688.621,36.167,0.008,564.732,0.012,4.368
Intel Xeon Phi coprocessor x100 family,MonteCarloAsian,TWO_D,1024,2048,4,16,4,1,32,693.264,36.75,0.008,534.855,0.011,3.673
Intel Xeon Phi coprocessor x100 family,MonteCarloAsian,TWO_D,1024,2048,4,16,8,1,32,696.24,36.431,0.007,545.73,0.011,3.79
Intel Xeon Phi coprocessor x100 family,MonteCarloAsian,TWO_D,1024,2048,4,16,16,1,32,690.209,36.646,0.007,557.922,0.01,3.775
Intel Xeon Phi coprocessor x100 family,MonteCarloAsian,TWO_D,1024,2048,4,16,32,1,32,692.428,36.65,0.008,533.112,0.005,2.701
Intel Xeon Phi coprocessor x100 family,MonteCarloAsian,TWO_D,1024,2048,4,16,64,1,32,688.239,36.646,0.007,543.085,0.005,3.278
Intel Xeon Phi coprocessor x100 family,MonteCarloAsian,TWO_D,1024,2048,4,16,128,1,32,682.036,35.74,0.007,-1,-1,-1
Intel Xeon Phi coprocessor x100 family,MonteCarloAsian,TWO_D,1024,2048,4,16,256,1,32,678.568,35.66,0.007,-1,-1,-1
Intel Xeon Phi coprocessor x100 family,MonteCarloAsian,TWO_D,1024,2048,4,16,512,1,32,678.903,35.825,0.008,-1,-1,-1
Intel Xeon Phi coprocessor x100 family,MonteCarloAsian,TWO_D,1024,2048,4,32,1,1,32,676.919,35.402,0.007,542.518,0.011,3.637
Intel Xeon Phi coprocessor x100 family,MonteCarloAsian,TWO_D,1024,2048,4,32,2,1,32,687.569,35.828,0.006,520.71,0.01,3.454
Intel Xeon Phi coprocessor x100 family,MonteCarloAsian,TWO_D,1024,2048,4,32,4,1,32,678.726,35.832,0.006,535.976,0.01,3.942
Intel Xeon Phi coprocessor x100 family,MonteCarloAsian,TWO_D,1024,2048,4,32,8,1,32,684.924,35.76,0.007,509.249,0.01,6.023
Intel Xeon Phi coprocessor x100 family,MonteCarloAsian,TWO_D,1024,2048,4,32,16,1,32,684.03,35.66,0.007,518.775,0.01,3.406
Intel Xeon Phi coprocessor x100 family,MonteCarloAsian,TWO_D,1024,2048,4,32,32,1,32,691.248,35.711,0.007,525.367,0.009,3.722
Intel Xeon Phi coprocessor x100 family,MonteCarloAsian,TWO_D,1024,2048,4,32,64,1,32,682.75,35.838,0.007,-1,-1,-1
Intel Xeon Phi coprocessor x100 family,MonteCarloAsian,TWO_D,1024,2048,4,32,128,1,32,677.179,36.225,0.006,-1,-1,-1
Intel Xeon Phi coprocessor x100 family,MonteCarloAsian,TWO_D,1024,2048,4,32,256,1,32,679.221,35.646,0.007,-1,-1,-1
Intel Xeon Phi coprocessor x100 family,MonteCarloAsian,TWO_D,1024,2048,4,64,1,1,32,674.903,35.794,0.007,534.469,0.01,3.386
Intel Xeon Phi coprocessor x100 family,MonteCarloAsian,TWO_D,1024,2048,4,64,2,1,32,684.952,35.682,0.007,504.821,0.01,4.924
Intel Xeon Phi coprocessor x100 family,MonteCarloAsian,TWO_D,1024,2048,4,64,4,1,32,686.274,35.786,0.007,523.972,0.01,3.45
Intel Xeon Phi coprocessor x100 family,MonteCarloAsian,TWO_D,1024,2048,4,64,8,1,32,684.894,35.843,0.007,539.442,0.01,3.742
Intel Xeon Phi coprocessor x100 family,MonteCarloAsian,TWO_D,1024,2048,4,64,16,1,32,679.462,35.796,0.006,544.303,0.01,3.805
Intel Xeon Phi coprocessor x100 family,MonteCarloAsian,TWO_D,1024,2048,4,64,32,1,32,680.226,35.706,0.007,-1,-1,-1
Intel Xeon Phi coprocessor x100 family,MonteCarloAsian,TWO_D,1024,2048,4,64,64,1,32,675.962,36.099,0.007,-1,-1,-1
Intel Xeon Phi coprocessor x100 family,MonteCarloAsian,TWO_D,1024,2048,4,64,128,1,32,675.043,35.89,0.008,-1,-1,-1
Intel Xeon Phi coprocessor x100 family,MonteCarloAsian,TWO_D,1024,2048,4,128,1,1,32,678.784,35.856,0.008,524.543,0.01,3.548
Intel Xeon Phi coprocessor x100 family,MonteCarloAsian,TWO_D,1024,2048,4,128,2,1,32,680.482,35.865,0.008,541.377,0.004,4.198
Intel Xeon Phi coprocessor x100 family,MonteCarloAsian,TWO_D,1024,2048,4,128,4,1,32,679.031,35.845,0.008,542.838,0.01,3.691
Intel Xeon Phi coprocessor x100 family,MonteCarloAsian,TWO_D,1024,2048,4,128,8,1,32,682.492,35.873,0.006,535.008,0.004,3.056
Intel Xeon Phi coprocessor x100 family,MonteCarloAsian,TWO_D,1024,2048,4,128,16,1,32,676.727,35.775,0.006,-1,-1,-1
Intel Xeon Phi coprocessor x100 family,MonteCarloAsian,TWO_D,1024,2048,4,128,32,1,32,674.699,35.862,0.007,-1,-1,-1
Intel Xeon Phi coprocessor x100 family,MonteCarloAsian,TWO_D,1024,2048,4,128,64,1,32,676.283,35.814,0.007,-1,-1,-1
Intel Xeon Phi coprocessor x100 family,MonteCarloAsian,TWO_D,1024,2048,4,256,1,1,32,673.951,35.726,0.007,531.68,0.01,3.404
Intel Xeon Phi coprocessor x100 family,MonteCarloAsian,TWO_D,1024,2048,4,256,2,1,32,681.496,35.903,0.008,516.668,0.01,3.27
Intel Xeon Phi coprocessor x100 family,MonteCarloAsian,TWO_D,1024,2048,4,256,4,1,32,680.699,35.752,0.006,536.968,0.009,5.453
Intel Xeon Phi coprocessor x100 family,MonteCarloAsian,TWO_D,1024,2048,4,256,8,1,32,676.457,35.845,0.007,-1,-1,-1
Intel Xeon Phi coprocessor x100 family,MonteCarloAsian,TWO_D,1024,2048,4,256,16,1,32,677.392,35.919,0.007,-1,-1,-1
Intel Xeon Phi coprocessor x100 family,MonteCarloAsian,TWO_D,1024,2048,4,256,32,1,32,675.229,35.788,0.007,-1,-1,-1
Intel Xeon Phi coprocessor x100 family,MonteCarloAsian,TWO_D,1024,2048,4,512,1,1,32,675.031,35.719,0.008,534.145,0.005,3.34
Intel Xeon Phi coprocessor x100 family,MonteCarloAsian,TWO_D,1024,2048,4,512,2,1,32,677.487,35.645,0.007,523.85,0.01,3.563
Intel Xeon Phi coprocessor x100 family,MonteCarloAsian,TWO_D,1024,2048,4,512,4,1,32,684.593,35.801,0.006,-1,-1,-1
Intel Xeon Phi coprocessor x100 family,MonteCarloAsian,TWO_D,1024,2048,4,512,8,1,32,683.139,35.775,0.007,-1,-1,-1
Intel Xeon Phi coprocessor x100 family,MonteCarloAsian,TWO_D,1024,2048,4,512,16,1,32,674.617,35.661,0.007,-1,-1,-1
Intel Xeon Phi coprocessor x100 family,MonteCarloAsian,TWO_D,1024,2048,4,1024,1,1,32,675.554,35.736,0.008,524.914,0.011,3.743
Intel Xeon Phi coprocessor x100 family,MonteCarloAsian,TWO_D,1024,2048,4,1024,2,1,32,678.129,35.816,0.006,-1,-1,-1
Intel Xeon Phi coprocessor x100 family,MonteCarloAsian,TWO_D,1024,2048,4,1024,4,1,32,675.138,35.881,0.007,-1,-1,-1
Intel Xeon Phi coprocessor x100 family,MonteCarloAsian,TWO_D,1024,2048,4,1024,8,1,32,675.018,35.747,0.007,-1,-1,-1
Intel Xeon Phi coprocessor x100 family,MonteCarloAsian,TWO_D,1024,2048,4,2048,1,1,32,675.947,35.799,0.007,-1,-1,-1
Intel Xeon Phi coprocessor x100 family,MonteCarloAsian,TWO_D,1024,2048,4,2048,2,1,32,677.486,36.031,0.006,-1,-1,-1
Intel Xeon Phi coprocessor x100 family,MonteCarloAsian,TWO_D,1024,2048,4,2048,4,1,32,678.788,35.863,0.008,-1,-1,-1
Intel Xeon Phi coprocessor x100 family,MonteCarloAsian,TWO_D,1024,2048,4,4096,1,1,32,680.536,35.984,0.007,-1,-1,-1
Intel Xeon Phi coprocessor x100 family,MonteCarloAsian,TWO_D,1024,2048,4,4096,2,1,32,713.23,35.467,0.006,-1,-1,-1
Intel Xeon Phi coprocessor x100 family,MonteCarloAsian,TWO_D,1024,2048,4,8192,1,1,32,708.937,35.111,0.006,-1,-1,-1
Intel Xeon Phi coprocessor x100 family,MonteCarloAsian,TWO_D,1024,2048,4,1,1,1,32,712.229,36.713,0.007,2053.88,0.005,4.145
Intel Xeon Phi coprocessor x100 family,MonteCarloAsian,TWO_D,1024,2048,4,1,2,1,32,713.593,36.328,0.006,1946.04,0.003,4.108
Intel Xeon Phi coprocessor x100 family,MonteCarloAsian,TWO_D,1024,2048,4,1,4,1,32,713.802,36.295,0.007,1893.14,0.005,4.684
Intel Xeon Phi coprocessor x100 family,MonteCarloAsian,TWO_D,1024,2048,4,1,8,1,32,775.26,36.06,0.008,1877.23,0.006,5.278
Intel Xeon Phi coprocessor x100 family,MonteCarloAsian,TWO_D,1024,2048,4,1,16,1,32,774.79,36.583,0.007,1842.77,0.005,4.359
Intel Xeon Phi coprocessor x100 family,MonteCarloAsian,TWO_D,1024,2048,4,1,32,1,32,713.14,36.121,0.006,1879.96,0.011,5.874
Intel Xeon Phi coprocessor x100 family,MonteCarloAsian,TWO_D,1024,2048,4,1,64,1,32,791.095,36.163,0.007,1860.3,0.009,5.657
Intel Xeon Phi coprocessor x100 family,MonteCarloAsian,TWO_D,1024,2048,4,1,128,1,32,789.535,36.58,0.008,1864.39,0.01,6.041
Intel Xeon Phi coprocessor x100 family,MonteCarloAsian,TWO_D,1024,2048,4,1,256,1,32,831.761,36.356,0.006,1902.61,0.007,5.095
Intel Xeon Phi coprocessor x100 family,MonteCarloAsian,TWO_D,1024,2048,4,1,512,1,32,764.603,36.599,0.007,1927.79,0.011,5.011
Intel Xeon Phi coprocessor x100 family,MonteCarloAsian,TWO_D,1024,2048,4,1,1024,1,32,786.627,41.05,0.008,1938.86,0.009,5.897
Intel Xeon Phi coprocessor x100 family,MonteCarloAsian,TWO_D,1024,2048,4,1,2048,1,32,798.101,37.099,0.007,-1,-1,-1
Intel Xeon Phi coprocessor x100 family,MonteCarloAsian,TWO_D,1024,2048,4,1,4096,1,32,714.641,35.849,0.008,-1,-1,-1
Intel Xeon Phi coprocessor x100 family,MonteCarloAsian,TWO_D,1024,2048,4,1,8192,1,32,715.754,36.072,0.007,-1,-1,-1
Intel Xeon Phi coprocessor x100 family,MonteCarloAsian,TWO_D,1024,2048,4,2,1,1,32,716.772,36.07,0.007,1986.37,0.008,4.219
Intel Xeon Phi coprocessor x100 family,MonteCarloAsian,TWO_D,1024,2048,4,2,2,1,32,793.253,36.506,0.007,1923.34,0.006,4.847
Intel Xeon Phi coprocessor x100 family,MonteCarloAsian,TWO_D,1024,2048,4,2,4,1,32,792.337,36.587,0.006,1887.45,0.006,5.602
Intel Xeon Phi coprocessor x100 family,MonteCarloAsian,TWO_D,1024,2048,4,2,8,1,32,780.591,36.222,0.008,1867.72,0.006,4.332
Intel Xeon Phi coprocessor x100 family,MonteCarloAsian,TWO_D,1024,2048,4,2,16,1,32,771.628,36.109,0.007,1870.46,0.01,5.104
Intel Xeon Phi coprocessor x100 family,MonteCarloAsian,TWO_D,1024,2048,4,2,32,1,32,786.069,36.282,0.007,1859.54,0.01,5.065
Intel Xeon Phi coprocessor x100 family,MonteCarloAsian,TWO_D,1024,2048,4,2,64,1,32,789.247,36.59,0.008,1890.18,0.006,5.007
Intel Xeon Phi coprocessor x100 family,MonteCarloAsian,TWO_D,1024,2048,4,2,128,1,32,775.209,36.705,0.006,1922.31,0.006,4.346
Intel Xeon Phi coprocessor x100 family,MonteCarloAsian,TWO_D,1024,2048,4,2,256,1,32,777.225,36.592,0.008,1903.81,0.006,4.299
Intel Xeon Phi coprocessor x100 family,MonteCarloAsian,TWO_D,1024,2048,4,2,512,1,32,775.363,36.633,0.008,2011.96,0.006,4.371
Intel Xeon Phi coprocessor x100 family,MonteCarloAsian,TWO_D,1024,2048,4,2,1024,1,32,769.304,36.714,0.006,-1,-1,-1
Intel Xeon Phi coprocessor x100 family,MonteCarloAsian,TWO_D,1024,2048,4,2,2048,1,32,708.801,35.965,0.008,-1,-1,-1
Intel Xeon Phi coprocessor x100 family,MonteCarloAsian,TWO_D,1024,2048,4,2,4096,1,32,716.468,36.092,0.007,-1,-1,-1
Intel Xeon Phi coprocessor x100 family,MonteCarloAsian,TWO_D,1024,2048,4,4,1,1,32,710.755,36.187,0.008,1886.41,0.005,3.661
Intel Xeon Phi coprocessor x100 family,MonteCarloAsian,TWO_D,1024,2048,4,4,2,1,32,711.636,36.63,0.008,1860.55,0.007,4.144
Intel Xeon Phi coprocessor x100 family,MonteCarloAsian,TWO_D,1024,2048,4,4,4,1,32,778.064,36.648,0.007,1865.18,0.01,5.674
Intel Xeon Phi coprocessor x100 family,MonteCarloAsian,TWO_D,1024,2048,4,4,8,1,32,798.348,36.751,0.007,1867.55,0.012,5.595
Intel Xeon Phi coprocessor x100 family,MonteCarloAsian,TWO_D,1024,2048,4,4,16,1,32,781.919,36.693,0.007,1839.13,0.011,5.124
Intel Xeon Phi coprocessor x100 family,MonteCarloAsian,TWO_D,1024,2048,4,4,32,1,32,777.046,36.652,0.007,1856.01,0.026,4.684
Intel Xeon Phi coprocessor x100 family,MonteCarloAsian,TWO_D,1024,2048,4,4,64,1,32,786.94,37.069,0.007,1898.98,0.006,4.886
Intel Xeon Phi coprocessor x100 family,MonteCarloAsian,TWO_D,1024,2048,4,4,128,1,32,787.153,36.756,0.007,1871.1,0.01,5.793
Intel Xeon Phi coprocessor x100 family,MonteCarloAsian,TWO_D,1024,2048,4,4,256,1,32,776.969,36.762,0.006,1960.68,0.011,5.506
Intel Xeon Phi coprocessor x100 family,MonteCarloAsian,TWO_D,1024,2048,4,4,512,1,32,781.963,36.716,0.006,-1,-1,-1
Intel Xeon Phi coprocessor x100 family,MonteCarloAsian,TWO_D,1024,2048,4,4,1024,1,32,708.592,36.074,0.007,-1,-1,-1
Intel Xeon Phi coprocessor x100 family,MonteCarloAsian,TWO_D,1024,2048,4,4,2048,1,32,712.641,36.237,0.007,-1,-1,-1
Intel Xeon Phi coprocessor x100 family,MonteCarloAsian,TWO_D,1024,2048,4,8,1,1,32,708.717,36.087,0.007,1882.79,0.007,3.855
Intel Xeon Phi coprocessor x100 family,MonteCarloAsian,TWO_D,1024,2048,4,8,2,1,32,785.491,36.085,0.007,1866.88,0.011,4.625
Intel Xeon Phi coprocessor x100 family,MonteCarloAsian,TWO_D,1024,2048,4,8,4,1,32,784.373,36.337,0.007,1867.33,0.011,4.991
Intel Xeon Phi coprocessor x100 family,MonteCarloAsian,TWO_D,1024,2048,4,8,8,1,32,783.085,36.099,0.007,1870.18,0.012,4.744
Intel Xeon Phi coprocessor x100 family,MonteCarloAsian,TWO_D,1024,2048,4,8,16,1,32,794.853,36.67,0.008,1868.07,0.01,4.611
Intel Xeon Phi coprocessor x100 family,MonteCarloAsian,TWO_D,1024,2048,4,8,32,1,32,784.996,36.287,0.008,1902.2,0.006,3.691
Intel Xeon Phi coprocessor x100 family,MonteCarloAsian,TWO_D,1024,2048,4,8,64,1,32,754.849,36.465,0.006,1932.84,0.01,4.747
Intel Xeon Phi coprocessor x100 family,MonteCarloAsian,TWO_D,1024,2048,4,8,128,1,32,776.138,36.31,0.008,2037.7,0.012,4.924
Intel Xeon Phi coprocessor x100 family,MonteCarloAsian,TWO_D,1024,2048,4,8,256,1,32,766.837,35.964,0.007,-1,-1,-1
Intel Xeon Phi coprocessor x100 family,MonteCarloAsian,TWO_D,1024,2048,4,8,512,1,32,708.174,35.673,0.006,-1,-1,-1
Intel Xeon Phi coprocessor x100 family,MonteCarloAsian,TWO_D,1024,2048,4,8,1024,1,32,702.742,35.353,0.006,-1,-1,-1
Intel Xeon Phi coprocessor x100 family,MonteCarloAsian,TWO_D,1024,2048,4,16,1,1,32,703.683,35.702,0.007,600.482,0.01,5.572
Intel Xeon Phi coprocessor x100 family,MonteCarloAsian,TWO_D,1024,2048,4,16,2,1,32,709.497,35.715,0.007,575.594,0.01,4.524
Intel Xeon Phi coprocessor x100 family,MonteCarloAsian,TWO_D,1024,2048,4,16,4,1,32,714.084,36.135,0.027,521.814,0.009,3.919
Intel Xeon Phi coprocessor x100 family,MonteCarloAsian,TWO_D,1024,2048,4,16,8,1,32,714.76,35.386,0.007,563.461,0.01,5.592
Intel Xeon Phi coprocessor x100 family,MonteCarloAsian,TWO_D,1024,2048,4,16,16,1,32,708.987,36.48,0.006,483.198,0.011,3.707
Intel Xeon Phi coprocessor x100 family,MonteCarloAsian,TWO_D,1024,2048,4,16,32,1,32,702.636,36.314,0.007,493.085,0.01,4.093
Intel Xeon Phi coprocessor x100 family,MonteCarloAsian,TWO_D,1024,2048,4,16,64,1,32,706.456,36.042,0.007,496.781,0.005,3.353
Intel Xeon Phi coprocessor x100 family,MonteCarloAsian,TWO_D,1024,2048,4,16,128,1,32,699.534,35.866,0.007,-1,-1,-1
Intel Xeon Phi coprocessor x100 family,MonteCarloAsian,TWO_D,1024,2048,4,16,256,1,32,697.426,35.773,0.007,-1,-1,-1
Intel Xeon Phi coprocessor x100 family,MonteCarloAsian,TWO_D,1024,2048,4,16,512,1,32,688.942,35.658,0.007,-1,-1,-1
Intel Xeon Phi coprocessor x100 family,MonteCarloAsian,TWO_D,1024,2048,4,32,1,1,32,684.946,35.578,0.007,496.616,0.011,3.708
Intel Xeon Phi coprocessor x100 family,MonteCarloAsian,TWO_D,1024,2048,4,32,2,1,32,693.09,36.007,0.007,480.532,0.01,3.274
Intel Xeon Phi coprocessor x100 family,MonteCarloAsian,TWO_D,1024,2048,4,32,4,1,32,689.385,35.785,0.008,484.783,0.013,3.463
Intel Xeon Phi coprocessor x100 family,MonteCarloAsian,TWO_D,1024,2048,4,32,8,1,32,695.783,35.477,0.008,442.309,0.011,3.399
Intel Xeon Phi coprocessor x100 family,MonteCarloAsian,TWO_D,1024,2048,4,32,16,1,32,689.225,35.461,0.007,484.133,0.011,5.977
Intel Xeon Phi coprocessor x100 family,MonteCarloAsian,TWO_D,1024,2048,4,32,32,1,32,690.554,35.874,0.008,488.207,0.005,4.161
Intel Xeon Phi coprocessor x100 family,MonteCarloAsian,TWO_D,1024,2048,4,32,64,1,32,688.469,35.764,0.007,-1,-1,-1
Intel Xeon Phi coprocessor x100 family,MonteCarloAsian,TWO_D,1024,2048,4,32,128,1,32,680.856,35.966,0.007,-1,-1,-1
Intel Xeon Phi coprocessor x100 family,MonteCarloAsian,TWO_D,1024,2048,4,32,256,1,32,682.246,35.777,0.007,-1,-1,-1
Intel Xeon Phi coprocessor x100 family,MonteCarloAsian,TWO_D,1024,2048,4,64,1,1,32,683.287,35.665,0.006,485.771,0.005,3.441
Intel Xeon Phi coprocessor x100 family,MonteCarloAsian,TWO_D,1024,2048,4,64,2,1,32,684.868,35.8,0.007,476.285,0.009,4.154
Intel Xeon Phi coprocessor x100 family,MonteCarloAsian,TWO_D,1024,2048,4,64,4,1,32,693.015,35.775,0.007,484.352,0.009,3.401
Intel Xeon Phi coprocessor x100 family,MonteCarloAsian,TWO_D,1024,2048,4,64,8,1,32,689.821,35.759,0.006,492.849,0.009,3.629
Intel Xeon Phi coprocessor x100 family,MonteCarloAsian,TWO_D,1024,2048,4,64,16,1,32,694.779,35.744,0.007,481.308,0.007,3.571
Intel Xeon Phi coprocessor x100 family,MonteCarloAsian,TWO_D,1024,2048,4,64,32,1,32,875.656,34.452,0.007,-1,-1,-1
Intel Xeon Phi coprocessor x100 family,MonteCarloAsian,TWO_D,1024,2048,4,64,64,1,32,735.955,34.895,0.007,-1,-1,-1
Intel Xeon Phi coprocessor x100 family,MonteCarloAsian,TWO_D,1024,2048,4,64,128,1,32,735.396,34.824,0.007,-1,-1,-1
Intel Xeon Phi coprocessor x100 family,MonteCarloAsian,TWO_D,1024,2048,4,128,1,1,32,731.674,34.785,0.006,390.62,0.004,8.368
Intel Xeon Phi coprocessor x100 family,MonteCarloAsian,TWO_D,1024,2048,4,128,2,1,32,713.266,35.826,0.007,426.98,0.005,3.814
Intel Xeon Phi coprocessor x100 family,MonteCarloAsian,TWO_D,1024,2048,4,128,4,1,32,882.626,35.229,0.007,456.054,0.005,4.311
Intel Xeon Phi coprocessor x100 family,MonteCarloAsian,TWO_D,1024,2048,4,128,8,1,32,897.819,35.435,0.007,452.68,0.005,3.572
Intel Xeon Phi coprocessor x100 family,MonteCarloAsian,TWO_D,1024,2048,4,128,16,1,32,905.756,35.399,0.008,-1,-1,-1
Intel Xeon Phi coprocessor x100 family,MonteCarloAsian,TWO_D,1024,2048,4,128,32,1,32,712.69,35.522,0.006,-1,-1,-1
Intel Xeon Phi coprocessor x100 family,MonteCarloAsian,TWO_D,1024,2048,4,128,64,1,32,714.354,35.714,0.007,-1,-1,-1
Intel Xeon Phi coprocessor x100 family,MonteCarloAsian,TWO_D,1024,2048,4,256,1,1,32,715.411,35.465,0.007,447.892,0.005,3.733
Intel Xeon Phi coprocessor x100 family,MonteCarloAsian,TWO_D,1024,2048,4,256,2,1,32,890.235,35.886,0.007,439.113,0.008,4.307
Intel Xeon Phi coprocessor x100 family,MonteCarloAsian,TWO_D,1024,2048,4,256,4,1,32,711.647,35.436,0.007,454.213,0.008,5.435
Intel Xeon Phi coprocessor x100 family,MonteCarloAsian,TWO_D,1024,2048,4,256,8,1,32,713.096,35.386,0.007,-1,-1,-1
Intel Xeon Phi coprocessor x100 family,MonteCarloAsian,TWO_D,1024,2048,4,256,16,1,32,715.698,35.462,0.006,-1,-1,-1
Intel Xeon Phi coprocessor x100 family,MonteCarloAsian,TWO_D,1024,2048,4,256,32,1,32,714.163,35.6,0.006,-1,-1,-1
Intel Xeon Phi coprocessor x100 family,MonteCarloAsian,TWO_D,1024,2048,4,512,1,1,32,713.209,35.424,0.006,468.45,0.011,5.889
Intel Xeon Phi coprocessor x100 family,MonteCarloAsian,TWO_D,1024,2048,4,512,2,1,32,906.748,35.451,0.006,420.658,0.009,4.37
Intel Xeon Phi coprocessor x100 family,MonteCarloAsian,TWO_D,1024,2048,4,512,4,1,32,711.713,35.451,0.006,-1,-1,-1
Intel Xeon Phi coprocessor x100 family,MonteCarloAsian,TWO_D,1024,2048,4,512,8,1,32,714.163,35.578,0.007,-1,-1,-1
Intel Xeon Phi coprocessor x100 family,MonteCarloAsian,TWO_D,1024,2048,4,512,16,1,32,714.719,35.428,0.007,-1,-1,-1
Intel Xeon Phi coprocessor x100 family,MonteCarloAsian,TWO_D,1024,2048,4,1024,1,1,32,713.264,35.569,0.007,463.908,0.006,4.28
Intel Xeon Phi coprocessor x100 family,MonteCarloAsian,TWO_D,1024,2048,4,1024,2,1,32,893.14,35.661,0.007,-1,-1,-1
Intel Xeon Phi coprocessor x100 family,MonteCarloAsian,TWO_D,1024,2048,4,1024,4,1,32,709.471,35.484,0.007,-1,-1,-1
Intel Xeon Phi coprocessor x100 family,MonteCarloAsian,TWO_D,1024,2048,4,1024,8,1,32,717.013,35.47,0.006,-1,-1,-1
Intel Xeon Phi coprocessor x100 family,MonteCarloAsian,TWO_D,1024,2048,4,2048,1,1,32,708.582,35.536,0.007,-1,-1,-1
Intel Xeon Phi coprocessor x100 family,MonteCarloAsian,TWO_D,1024,2048,4,2048,2,1,32,711.496,35.518,0.007,-1,-1,-1
Intel Xeon Phi coprocessor x100 family,MonteCarloAsian,TWO_D,1024,2048,4,2048,4,1,32,711.553,35.423,0.006,-1,-1,-1
Intel Xeon Phi coprocessor x100 family,MonteCarloAsian,TWO_D,1024,2048,4,4096,1,1,32,712.06,35.57,0.006,-1,-1,-1
Intel Xeon Phi coprocessor x100 family,MonteCarloAsian,TWO_D,1024,2048,4,4096,2,1,32,714.061,35.486,0.007,-1,-1,-1
Intel Xeon Phi coprocessor x100 family,MonteCarloAsian,TWO_D,1024,2048,4,8192,1,1,32,712.135,35.545,0.007,-1,-1,-1
Intel Xeon Phi coprocessor x100 family,MonteCarloAsian,TWO_D,1024,2048,4,1,1,1,32,712.185,36.587,0.008,2029.2,0.005,4.772
Intel Xeon Phi coprocessor x100 family,MonteCarloAsian,TWO_D,1024,2048,4,1,2,1,32,840.232,35.58,0.008,1908.81,0.004,5.047
Intel Xeon Phi coprocessor x100 family,MonteCarloAsian,TWO_D,1024,2048,4,1,4,1,32,851.211,35.71,0.008,1836.68,0.005,5.819
Intel Xeon Phi coprocessor x100 family,MonteCarloAsian,TWO_D,1024,2048,4,1,8,1,32,832.466,35.582,0.008,1809.4,0.005,4.591
Intel Xeon Phi coprocessor x100 family,MonteCarloAsian,TWO_D,1024,2048,4,1,16,1,32,857.18,35.664,0.009,1801.53,0.005,4.73
Intel Xeon Phi coprocessor x100 family,MonteCarloAsian,TWO_D,1024,2048,4,1,32,1,32,851.096,35.6,0.008,1774.64,0.007,4.72
Intel Xeon Phi coprocessor x100 family,MonteCarloAsian,TWO_D,1024,2048,4,1,64,1,32,808.99,35.548,0.009,1777.23,0.009,8.207
Intel Xeon Phi coprocessor x100 family,MonteCarloAsian,TWO_D,1024,2048,4,1,128,1,32,856.428,35.592,0.008,1800.99,0.014,4.536
Intel Xeon Phi coprocessor x100 family,MonteCarloAsian,TWO_D,1024,2048,4,1,256,1,32,860.051,35.255,0.008,1820.64,0.008,4.673
Intel Xeon Phi coprocessor x100 family,MonteCarloAsian,TWO_D,1024,2048,4,1,512,1,32,830.97,35.638,0.008,1832.93,0.01,6.898
Intel Xeon Phi coprocessor x100 family,MonteCarloAsian,TWO_D,1024,2048,4,1,1024,1,32,864.626,35.93,0.009,1846.71,0.006,4.475
Intel Xeon Phi coprocessor x100 family,MonteCarloAsian,TWO_D,1024,2048,4,1,2048,1,32,852.93,35.741,0.009,-1,-1,-1
Intel Xeon Phi coprocessor x100 family,MonteCarloAsian,TWO_D,1024,2048,4,1,4096,1,32,713.434,35.914,0.008,-1,-1,-1
Intel Xeon Phi coprocessor x100 family,MonteCarloAsian,TWO_D,1024,2048,4,1,8192,1,32,714.484,35.95,0.008,-1,-1,-1
Intel Xeon Phi coprocessor x100 family,MonteCarloAsian,TWO_D,1024,2048,4,2,1,1,32,717.2,35.768,0.007,1919.41,0.006,5.24
Intel Xeon Phi coprocessor x100 family,MonteCarloAsian,TWO_D,1024,2048,4,2,2,1,32,756.505,36.112,0.007,1898.6,0.006,4.908
Intel Xeon Phi coprocessor x100 family,MonteCarloAsian,TWO_D,1024,2048,4,2,4,1,32,765.03,36.48,0.008,1875.2,0.005,5.485
Intel Xeon Phi coprocessor x100 family,MonteCarloAsian,TWO_D,1024,2048,4,2,8,1,32,881.295,35.643,0.007,1786.91,0.005,4.473
Intel Xeon Phi coprocessor x100 family,MonteCarloAsian,TWO_D,1024,2048,4,2,16,1,32,841.493,35.216,0.007,1815.86,0.008,4.547
Intel Xeon Phi coprocessor x100 family,MonteCarloAsian,TWO_D,1024,2048,4,2,32,1,32,862.985,35.56,0.007,1790.24,0.014,5.852
Intel Xeon Phi coprocessor x100 family,MonteCarloAsian,TWO_D,1024,2048,4,2,64,1,32,835.114,35.601,0.007,1806.97,0.008,4.441
Intel Xeon Phi coprocessor x100 family,MonteCarloAsian,TWO_D,1024,2048,4,2,128,1,32,850.466,35.38,0.007,1808.17,0.008,4.793
Intel Xeon Phi coprocessor x100 family,MonteCarloAsian,TWO_D,1024,2048,4,2,256,1,32,811.901,35.586,0.007,1815.99,0.014,6.116
Intel Xeon Phi coprocessor x100 family,MonteCarloAsian,TWO_D,1024,2048,4,2,512,1,32,840.163,35.661,0.007,1918.11,0.007,5.662
Intel Xeon Phi coprocessor x100 family,MonteCarloAsian,TWO_D,1024,2048,4,2,1024,1,32,855.633,35.482,0.007,-1,-1,-1
Intel Xeon Phi coprocessor x100 family,MonteCarloAsian,TWO_D,1024,2048,4,2,2048,1,32,709.357,35.585,0.008,-1,-1,-1
Intel Xeon Phi coprocessor x100 family,MonteCarloAsian,TWO_D,1024,2048,4,2,4096,1,32,708.15,35.702,0.007,-1,-1,-1
Intel Xeon Phi coprocessor x100 family,MonteCarloAsian,TWO_D,1024,2048,4,4,1,1,32,709.038,35.513,0.006,1837.95,0.005,5.14
Intel Xeon Phi coprocessor x100 family,MonteCarloAsian,TWO_D,1024,2048,4,4,2,1,32,857.928,35.628,0.007,1794.34,0.005,4.936
Intel Xeon Phi coprocessor x100 family,MonteCarloAsian,TWO_D,1024,2048,4,4,4,1,32,852.094,35.622,0.007,1792.61,0.006,4.904
Intel Xeon Phi coprocessor x100 family,MonteCarloAsian,TWO_D,1024,2048,4,4,8,1,32,854.61,35.615,0.008,1813.29,0.01,5.995
Intel Xeon Phi coprocessor x100 family,MonteCarloAsian,TWO_D,1024,2048,4,4,16,1,32,779.669,36.036,0.009,1859.01,0.01,6.195
Intel Xeon Phi coprocessor x100 family,MonteCarloAsian,TWO_D,1024,2048,4,4,32,1,32,782.139,36.117,0.008,1863.63,0.011,6.222
Intel Xeon Phi coprocessor x100 family,MonteCarloAsian,TWO_D,1024,2048,4,4,64,1,32,794.248,36.155,0.007,1914.41,0.007,5.731
Intel Xeon Phi coprocessor x100 family,MonteCarloAsian,TWO_D,1024,2048,4,4,128,1,32,793.831,36.172,0.008,1890.14,0.01,6.382
Intel Xeon Phi coprocessor x100 family,MonteCarloAsian,TWO_D,1024,2048,4,4,256,1,32,773.569,36.312,0.008,2025.56,0.011,6.264
Intel Xeon Phi coprocessor x100 family,MonteCarloAsian,TWO_D,1024,2048,4,4,512,1,32,793.582,36.141,0.007,-1,-1,-1
Intel Xeon Phi coprocessor x100 family,MonteCarloAsian,TWO_D,1024,2048,4,4,1024,1,32,714.648,36.891,0.007,-1,-1,-1
Intel Xeon Phi coprocessor x100 family,MonteCarloAsian,TWO_D,1024,2048,4,4,2048,1,32,713.978,36.215,0.008,-1,-1,-1
Intel Xeon Phi coprocessor x100 family,MonteCarloAsian,TWO_D,1024,2048,4,8,1,1,32,714.95,36.288,0.008,1885.91,0.006,4.751
Intel Xeon Phi coprocessor x100 family,MonteCarloAsian,TWO_D,1024,2048,4,8,2,1,32,777.76,36.267,0.008,1852.2,0.011,6.495
Intel Xeon Phi coprocessor x100 family,MonteCarloAsian,TWO_D,1024,2048,4,8,4,1,32,794.22,36.424,0.007,1875.54,0.01,6.141
Intel Xeon Phi coprocessor x100 family,MonteCarloAsian,TWO_D,1024,2048,4,8,8,1,32,789.703,36.187,0.008,1854.34,0.011,6.09
Intel Xeon Phi coprocessor x100 family,MonteCarloAsian,TWO_D,1024,2048,4,8,16,1,32,781.507,36.292,0.007,1855.68,0.01,5.974
Intel Xeon Phi coprocessor x100 family,MonteCarloAsian,TWO_D,1024,2048,4,8,32,1,32,942.306,36.095,0.008,1887.35,0.006,6.001
Intel Xeon Phi coprocessor x100 family,MonteCarloAsian,TWO_D,1024,2048,4,8,64,1,32,786.315,35.694,0.009,1923.73,0.012,6.162
Intel Xeon Phi coprocessor x100 family,MonteCarloAsian,TWO_D,1024,2048,4,8,128,1,32,796.864,35.61,0.007,2026.57,0.006,6.195
Intel Xeon Phi coprocessor x100 family,MonteCarloAsian,TWO_D,1024,2048,4,8,256,1,32,780.7,36.176,0.007,-1,-1,-1
Intel Xeon Phi coprocessor x100 family,MonteCarloAsian,TWO_D,1024,2048,4,8,512,1,32,716.399,36.247,0.008,-1,-1,-1
Intel Xeon Phi coprocessor x100 family,MonteCarloAsian,TWO_D,1024,2048,4,8,1024,1,32,714.893,36.223,0.008,-1,-1,-1
Intel Xeon Phi coprocessor x100 family,MonteCarloAsian,TWO_D,1024,2048,4,16,1,1,32,713.783,36.181,0.006,574.13,0.006,4.987
Intel Xeon Phi coprocessor x100 family,MonteCarloAsian,TWO_D,1024,2048,4,16,2,1,32,714.383,36.211,0.008,532.703,0.005,4.13
Intel Xeon Phi coprocessor x100 family,MonteCarloAsian,TWO_D,1024,2048,4,16,4,1,32,713.11,36.265,0.008,538.567,0.009,6.074
Intel Xeon Phi coprocessor x100 family,MonteCarloAsian,TWO_D,1024,2048,4,16,8,1,32,720.128,36.179,0.008,530.695,0.005,5.471
Intel Xeon Phi coprocessor x100 family,MonteCarloAsian,TWO_D,1024,2048,4,16,16,1,32,718.526,36.141,0.007,542.98,0.011,5.408
Intel Xeon Phi coprocessor x100 family,MonteCarloAsian,TWO_D,1024,2048,4,16,32,1,32,722.811,36.248,0.009,554.716,0.01,6.258
Intel Xeon Phi coprocessor x100 family,MonteCarloAsian,TWO_D,1024,2048,4,16,64,1,32,716.905,36.295,0.008,539.648,0.011,5.781
Intel Xeon Phi coprocessor x100 family,MonteCarloAsian,TWO_D,1024,2048,4,16,128,1,32,717.011,36.526,0.008,-1,-1,-1
Intel Xeon Phi coprocessor x100 family,MonteCarloAsian,TWO_D,1024,2048,4,16,256,1,32,716.121,36.177,0.008,-1,-1,-1
Intel Xeon Phi coprocessor x100 family,MonteCarloAsian,TWO_D,1024,2048,4,16,512,1,32,712.886,36.212,0.008,-1,-1,-1
Intel Xeon Phi coprocessor x100 family,MonteCarloAsian,TWO_D,1024,2048,4,32,1,1,32,715.267,36.384,0.009,558.708,0.01,6.234
Intel Xeon Phi coprocessor x100 family,MonteCarloAsian,TWO_D,1024,2048,4,32,2,1,32,716.338,36.139,0.007,555.047,0.012,6.384
Intel Xeon Phi coprocessor x100 family,MonteCarloAsian,TWO_D,1024,2048,4,32,4,1,32,719.575,36.292,0.008,529.452,0.01,5.365
Intel Xeon Phi coprocessor x100 family,MonteCarloAsian,TWO_D,1024,2048,4,32,8,1,32,720.516,36.593,0.009,554.183,0.011,6.391
Intel Xeon Phi coprocessor x100 family,MonteCarloAsian,TWO_D,1024,2048,4,32,16,1,32,721.871,36.22,0.009,558.316,0.011,6.124
Intel Xeon Phi coprocessor x100 family,MonteCarloAsian,TWO_D,1024,2048,4,32,32,1,32,719.132,36.318,0.008,556.461,0.006,6.152
Intel Xeon Phi coprocessor x100 family,MonteCarloAsian,TWO_D,1024,2048,4,32,64,1,32,715.897,36.32,0.009,-1,-1,-1
Intel Xeon Phi coprocessor x100 family,MonteCarloAsian,TWO_D,1024,2048,4,32,128,1,32,712.662,36.177,0.009,-1,-1,-1
Intel Xeon Phi coprocessor x100 family,MonteCarloAsian,TWO_D,1024,2048,4,32,256,1,32,715.732,36.507,0.007,-1,-1,-1
Intel Xeon Phi coprocessor x100 family,MonteCarloAsian,TWO_D,1024,2048,4,64,1,1,32,714.514,36.495,0.009,540.151,0.01,6.27
Intel Xeon Phi coprocessor x100 family,MonteCarloAsian,TWO_D,1024,2048,4,64,2,1,32,715.456,36.338,0.008,537.476,0.008,4.812
Intel Xeon Phi coprocessor x100 family,MonteCarloAsian,TWO_D,1024,2048,4,64,4,1,32,901.503,35.687,0.006,453.4,0.009,5.107
Intel Xeon Phi coprocessor x100 family,MonteCarloAsian,TWO_D,1024,2048,4,64,8,1,32,903.156,35.51,0.007,470.708,0.007,5.489
Intel Xeon Phi coprocessor x100 family,MonteCarloAsian,TWO_D,1024,2048,4,64,16,1,32,711.489,35.543,0.007,500.706,0.008,5.438
Intel Xeon Phi coprocessor x100 family,MonteCarloAsian,TWO_D,1024,2048,4,64,32,1,32,898.304,35.465,0.006,-1,-1,-1
Intel Xeon Phi coprocessor x100 family,MonteCarloAsian,TWO_D,1024,2048,4,64,64,1,32,710.065,35.59,0.007,-1,-1,-1
Intel Xeon Phi coprocessor x100 family,MonteCarloAsian,TWO_D,1024,2048,4,64,128,1,32,712.126,35.62,0.008,-1,-1,-1
Intel Xeon Phi coprocessor x100 family,MonteCarloAsian,TWO_D,1024,2048,4,128,1,1,32,708.605,35.645,0.007,476.215,0.009,4.433
Intel Xeon Phi coprocessor x100 family,MonteCarloAsian,TWO_D,1024,2048,4,128,2,1,32,899.683,35.188,0.007,449.884,0.006,4.103
Intel Xeon Phi coprocessor x100 family,MonteCarloAsian,TWO_D,1024,2048,4,128,4,1,32,713.884,35.495,0.007,465.226,0.008,4.738
Intel Xeon Phi coprocessor x100 family,MonteCarloAsian,TWO_D,1024,2048,4,128,8,1,32,901.263,35.586,0.007,490.966,0.015,6.465
Intel Xeon Phi coprocessor x100 family,MonteCarloAsian,TWO_D,1024,2048,4,128,16,1,32,903.386,35.177,0.007,-1,-1,-1
Intel Xeon Phi coprocessor x100 family,MonteCarloAsian,TWO_D,1024,2048,4,128,32,1,32,715.509,35.64,0.007,-1,-1,-1
Intel Xeon Phi coprocessor x100 family,MonteCarloAsian,TWO_D,1024,2048,4,128,64,1,32,709.772,35.666,0.006,-1,-1,-1
Intel Xeon Phi coprocessor x100 family,MonteCarloAsian,TWO_D,1024,2048,4,256,1,1,32,712.492,35.619,0.007,444.187,0.005,4.114
Intel Xeon Phi coprocessor x100 family,MonteCarloAsian,TWO_D,1024,2048,4,256,2,1,32,712.19,35.504,0.008,503.573,0.008,5
Intel Xeon Phi coprocessor x100 family,MonteCarloAsian,TWO_D,1024,2048,4,256,4,1,32,909.952,35.134,0.011,505.47,0.008,4.418
Intel Xeon Phi coprocessor x100 family,MonteCarloAsian,TWO_D,1024,2048,4,256,8,1,32,898.662,35.532,0.006,-1,-1,-1
Intel Xeon Phi coprocessor x100 family,MonteCarloAsian,TWO_D,1024,2048,4,256,16,1,32,716.823,35.534,0.007,-1,-1,-1
Intel Xeon Phi coprocessor x100 family,MonteCarloAsian,TWO_D,1024,2048,4,256,32,1,32,713.709,35.399,0.006,-1,-1,-1
Intel Xeon Phi coprocessor x100 family,MonteCarloAsian,TWO_D,1024,2048,4,512,1,1,32,715.516,35.708,0.006,502.131,0.008,4.396
Intel Xeon Phi coprocessor x100 family,MonteCarloAsian,TWO_D,1024,2048,4,512,2,1,32,899.578,35.179,0.007,490.48,0.008,4.729
Intel Xeon Phi coprocessor x100 family,MonteCarloAsian,TWO_D,1024,2048,4,512,4,1,32,908.311,35.595,0.007,-1,-1,-1
Intel Xeon Phi coprocessor x100 family,MonteCarloAsian,TWO_D,1024,2048,4,512,8,1,32,714.714,35.635,0.007,-1,-1,-1
Intel Xeon Phi coprocessor x100 family,MonteCarloAsian,TWO_D,1024,2048,4,512,16,1,32,709.43,35.542,0.007,-1,-1,-1
Intel Xeon Phi coprocessor x100 family,MonteCarloAsian,TWO_D,1024,2048,4,1024,1,1,32,708.7,35.685,0.007,481.408,0.015,5.361
Intel Xeon Phi coprocessor x100 family,MonteCarloAsian,TWO_D,1024,2048,4,1024,2,1,32,897.184,35.521,0.007,-1,-1,-1
Intel Xeon Phi coprocessor x100 family,MonteCarloAsian,TWO_D,1024,2048,4,1024,4,1,32,709.579,35.561,0.007,-1,-1,-1
Intel Xeon Phi coprocessor x100 family,MonteCarloAsian,TWO_D,1024,2048,4,1024,8,1,32,709.07,35.467,0.007,-1,-1,-1
Intel Xeon Phi coprocessor x100 family,MonteCarloAsian,TWO_D,1024,2048,4,2048,1,1,32,708.538,35.601,0.007,-1,-1,-1
Intel Xeon Phi coprocessor x100 family,MonteCarloAsian,TWO_D,1024,2048,4,2048,2,1,32,715.719,35.45,0.006,-1,-1,-1
Intel Xeon Phi coprocessor x100 family,MonteCarloAsian,TWO_D,1024,2048,4,2048,4,1,32,716.303,35.549,0.006,-1,-1,-1
Intel Xeon Phi coprocessor x100 family,MonteCarloAsian,TWO_D,1024,2048,4,4096,1,1,32,715.497,35.798,0.008,-1,-1,-1
Intel Xeon Phi coprocessor x100 family,MonteCarloAsian,TWO_D,1024,2048,4,4096,2,1,32,719.015,35.726,0.008,-1,-1,-1
Intel Xeon Phi coprocessor x100 family,MonteCarloAsian,TWO_D,1024,2048,4,8192,1,1,32,708.451,35.643,0.007,-1,-1,-1
Intel Xeon Phi coprocessor x100 family,MonteCarloAsian,TWO_D,1024,2048,4,1,1,1,32,715.706,35.987,0.008,2083.67,0.006,4.797
Intel Xeon Phi coprocessor x100 family,MonteCarloAsian,TWO_D,1024,2048,4,1,2,1,32,788.754,36.483,0.009,1959.29,0.006,4.9
Intel Xeon Phi coprocessor x100 family,MonteCarloAsian,TWO_D,1024,2048,4,1,4,1,32,793.854,36.338,0.006,1904.31,0.005,4.714
Intel Xeon Phi coprocessor x100 family,MonteCarloAsian,TWO_D,1024,2048,4,1,8,1,32,785.509,36.435,0.008,1866.5,0.005,4.596
Intel Xeon Phi coprocessor x100 family,MonteCarloAsian,TWO_D,1024,2048,4,1,16,1,32,810.894,36.443,0.008,1870.42,0.009,6.524
Intel Xeon Phi coprocessor x100 family,MonteCarloAsian,TWO_D,1024,2048,4,1,32,1,32,801.311,35.75,0.009,1878.34,0.005,4.731
Intel Xeon Phi coprocessor x100 family,MonteCarloAsian,TWO_D,1024,2048,4,1,64,1,32,785.49,36.383,0.009,1851.67,0.009,6.494
Intel Xeon Phi coprocessor x100 family,MonteCarloAsian,TWO_D,1024,2048,4,1,128,1,32,790.566,36.447,0.007,1873.77,0.005,5.997
Intel Xeon Phi coprocessor x100 family,MonteCarloAsian,TWO_D,1024,2048,4,1,256,1,32,798.841,37.653,0.007,1899.32,0.009,6.449
Intel Xeon Phi coprocessor x100 family,MonteCarloAsian,TWO_D,1024,2048,4,1,512,1,32,788.428,36.752,0.008,1938.94,0.01,6.918
Intel Xeon Phi coprocessor x100 family,MonteCarloAsian,TWO_D,1024,2048,4,1,1024,1,32,793.684,36.84,0.01,1933.7,0.009,5.864
Intel Xeon Phi coprocessor x100 family,MonteCarloAsian,TWO_D,1024,2048,4,1,2048,1,32,903.376,36.769,0.009,-1,-1,-1
Intel Xeon Phi coprocessor x100 family,MonteCarloAsian,TWO_D,1024,2048,4,1,4096,1,32,712.842,36.459,0.008,-1,-1,-1
Intel Xeon Phi coprocessor x100 family,MonteCarloAsian,TWO_D,1024,2048,4,1,8192,1,32,714.949,35.669,0.008,-1,-1,-1
Intel Xeon Phi coprocessor x100 family,MonteCarloAsian,TWO_D,1024,2048,4,2,1,1,32,713.779,36.37,0.008,1960.67,0.01,4.869
Intel Xeon Phi coprocessor x100 family,MonteCarloAsian,TWO_D,1024,2048,4,2,2,1,32,788.669,36.323,0.009,1914.9,0.004,4.944
Intel Xeon Phi coprocessor x100 family,MonteCarloAsian,TWO_D,1024,2048,4,2,4,1,32,794.798,36.53,0.008,1869.83,0.005,4.824
Intel Xeon Phi coprocessor x100 family,MonteCarloAsian,TWO_D,1024,2048,4,2,8,1,32,794.717,36.09,0.008,1877.12,0.009,6.704
Intel Xeon Phi coprocessor x100 family,MonteCarloAsian,TWO_D,1024,2048,4,2,16,1,32,807.225,36.053,0.008,1877.35,0.009,7.063
Intel Xeon Phi coprocessor x100 family,MonteCarloAsian,TWO_D,1024,2048,4,2,32,1,32,787.828,36.579,0.008,1865.84,0.008,5.87
Intel Xeon Phi coprocessor x100 family,MonteCarloAsian,TWO_D,1024,2048,4,2,64,1,32,795.324,36.623,0.008,1856.37,0.009,5.71
Intel Xeon Phi coprocessor x100 family,MonteCarloAsian,TWO_D,1024,2048,4,2,128,1,32,783.936,36.615,0.008,1909.71,0.009,5.808
Intel Xeon Phi coprocessor x100 family,MonteCarloAsian,TWO_D,1024,2048,4,2,256,1,32,791.998,36.621,0.008,1925.49,0.009,5.864
Intel Xeon Phi coprocessor x100 family,MonteCarloAsian,TWO_D,1024,2048,4,2,512,1,32,771.09,36.113,0.007,2027.34,0.005,5.967
Intel Xeon Phi coprocessor x100 family,MonteCarloAsian,TWO_D,1024,2048,4,2,1024,1,32,773.397,36.56,0.008,-1,-1,-1
Intel Xeon Phi coprocessor x100 family,MonteCarloAsian,TWO_D,1024,2048,4,2,2048,1,32,715.672,35.936,0.008,-1,-1,-1
Intel Xeon Phi coprocessor x100 family,MonteCarloAsian,TWO_D,1024,2048,4,2,4096,1,32,719.076,36.099,0.008,-1,-1,-1
Intel Xeon Phi coprocessor x100 family,MonteCarloAsian,TWO_D,1024,2048,4,4,1,1,32,713.162,35.918,0.008,1899.99,0.005,4.716
Intel Xeon Phi coprocessor x100 family,MonteCarloAsian,TWO_D,1024,2048,4,4,2,1,32,779.33,36.44,0.008,1881.41,0.006,4.673
Intel Xeon Phi coprocessor x100 family,MonteCarloAsian,TWO_D,1024,2048,4,4,4,1,32,810.349,36.049,0.008,1874.59,0.005,4.92
Intel Xeon Phi coprocessor x100 family,MonteCarloAsian,TWO_D,1024,2048,4,4,8,1,32,792.515,36.122,0.009,1874.13,0.009,5.931
Intel Xeon Phi coprocessor x100 family,MonteCarloAsian,TWO_D,1024,2048,4,4,16,1,32,781.911,36.553,0.008,1873.23,0.009,5.557
Intel Xeon Phi coprocessor x100 family,MonteCarloAsian,TWO_D,1024,2048,4,4,32,1,32,798.647,36.685,0.007,1855.67,0.01,5.293
Intel Xeon Phi coprocessor x100 family,MonteCarloAsian,TWO_D,1024,2048,4,4,64,1,32,810.884,35.75,0.008,1920.02,0.01,5.476
Intel Xeon Phi coprocessor x100 family,MonteCarloAsian,TWO_D,1024,2048,4,4,128,1,32,778.862,36.301,0.007,1903.46,0.01,4.783
Intel Xeon Phi coprocessor x100 family,MonteCarloAsian,TWO_D,1024,2048,4,4,256,1,32,783.582,36.342,0.008,2009.84,0.005,4.398
Intel Xeon Phi coprocessor x100 family,MonteCarloAsian,TWO_D,1024,2048,4,4,512,1,32,765.639,36.363,0.008,-1,-1,-1
Intel Xeon Phi coprocessor x100 family,MonteCarloAsian,TWO_D,1024,2048,4,4,1024,1,32,709.217,35.933,0.007,-1,-1,-1
Intel Xeon Phi coprocessor x100 family,MonteCarloAsian,TWO_D,1024,2048,4,4,2048,1,32,700.056,36.069,0.008,-1,-1,-1
Intel Xeon Phi coprocessor x100 family,MonteCarloAsian,TWO_D,1024,2048,4,8,1,1,32,705.341,36.531,0.008,1857.59,0.006,3.991
Intel Xeon Phi coprocessor x100 family,MonteCarloAsian,TWO_D,1024,2048,4,8,2,1,32,782.184,36.563,0.008,1841.61,0.011,5.253
Intel Xeon Phi coprocessor x100 family,MonteCarloAsian,TWO_D,1024,2048,4,8,4,1,32,781.366,36.272,0.008,1867.39,0.009,4.105
Intel Xeon Phi coprocessor x100 family,MonteCarloAsian,TWO_D,1024,2048,4,8,8,1,32,756.797,36.626,0.008,1866.74,0.009,4.054
Intel Xeon Phi coprocessor x100 family,MonteCarloAsian,TWO_D,1024,2048,4,8,16,1,32,784.419,36.478,0.008,1855.39,0.01,4.168
Intel Xeon Phi coprocessor x100 family,MonteCarloAsian,TWO_D,1024,2048,4,8,32,1,32,775.581,36.62,0.008,1870.05,0.012,4.124
Intel Xeon Phi coprocessor x100 family,MonteCarloAsian,TWO_D,1024,2048,4,8,64,1,32,747.338,36.771,0.007,1801.24,0.005,3.964
Intel Xeon Phi coprocessor x100 family,MonteCarloAsian,TWO_D,1024,2048,4,8,128,1,32,737.615,35.762,0.009,1917.08,0.01,3.858
Intel Xeon Phi coprocessor x100 family,MonteCarloAsian,TWO_D,1024,2048,4,8,256,1,32,731.278,36.639,0.008,-1,-1,-1
Intel Xeon Phi coprocessor x100 family,MonteCarloAsian,TWO_D,1024,2048,4,8,512,1,32,678.371,36.183,0.007,-1,-1,-1
Intel Xeon Phi coprocessor x100 family,MonteCarloAsian,TWO_D,1024,2048,4,8,1024,1,32,680.165,35.71,0.008,-1,-1,-1
Intel Xeon Phi coprocessor x100 family,MonteCarloAsian,TWO_D,1024,2048,4,16,1,1,32,677.479,35.137,0.007,454.969,0.011,3.331
Intel Xeon Phi coprocessor x100 family,MonteCarloAsian,TWO_D,1024,2048,4,16,2,1,32,685.54,35.11,0.007,430.43,0.005,3.046
Intel Xeon Phi coprocessor x100 family,MonteCarloAsian,TWO_D,1024,2048,4,16,4,1,32,679.063,36.281,0.009,429.052,0.01,3.998
Intel Xeon Phi coprocessor x100 family,MonteCarloAsian,TWO_D,1024,2048,4,16,8,1,32,683.228,35.723,0.008,424.961,0.005,3.306
Intel Xeon Phi coprocessor x100 family,MonteCarloAsian,TWO_D,1024,2048,4,16,16,1,32,677.991,36.944,0.008,422.229,0.01,3.593
Intel Xeon Phi coprocessor x100 family,MonteCarloAsian,TWO_D,1024,2048,4,16,32,1,32,684.515,35.636,0.008,423.559,0.006,3.497
Intel Xeon Phi coprocessor x100 family,MonteCarloAsian,TWO_D,1024,2048,4,16,64,1,32,686.745,35.114,0.008,441.158,0.012,3.654
Intel Xeon Phi coprocessor x100 family,MonteCarloAsian,TWO_D,1024,2048,4,16,128,1,32,688.236,35.12,0.007,-1,-1,-1
Intel Xeon Phi coprocessor x100 family,MonteCarloAsian,TWO_D,1024,2048,4,16,256,1,32,688.55,35.797,0.008,-1,-1,-1
Intel Xeon Phi coprocessor x100 family,MonteCarloAsian,TWO_D,1024,2048,4,16,512,1,32,677.274,35.447,0.008,-1,-1,-1
Intel Xeon Phi coprocessor x100 family,MonteCarloAsian,TWO_D,1024,2048,4,32,1,1,32,680.583,35.745,0.008,434.249,0.013,2.854
Intel Xeon Phi coprocessor x100 family,MonteCarloAsian,TWO_D,1024,2048,4,32,2,1,32,677.782,36.9,0.008,429.982,0.01,3.511
Intel Xeon Phi coprocessor x100 family,MonteCarloAsian,TWO_D,1024,2048,4,32,4,1,32,683.257,35.939,0.008,424.401,0.005,3.715
Intel Xeon Phi coprocessor x100 family,MonteCarloAsian,TWO_D,1024,2048,4,32,8,1,32,684.978,35.705,0.008,418.286,0.005,3.836
Intel Xeon Phi coprocessor x100 family,MonteCarloAsian,TWO_D,1024,2048,4,32,16,1,32,682.39,35.928,0.009,422.673,0.006,3.655
Intel Xeon Phi coprocessor x100 family,MonteCarloAsian,TWO_D,1024,2048,4,32,32,1,32,695.442,35.373,0.008,429.513,0.011,3.938
Intel Xeon Phi coprocessor x100 family,MonteCarloAsian,TWO_D,1024,2048,4,32,64,1,32,679.096,35.426,0.008,-1,-1,-1
Intel Xeon Phi coprocessor x100 family,MonteCarloAsian,TWO_D,1024,2048,4,32,128,1,32,680.512,35.894,0.008,-1,-1,-1
Intel Xeon Phi coprocessor x100 family,MonteCarloAsian,TWO_D,1024,2048,4,32,256,1,32,683.212,35.914,0.007,-1,-1,-1
Intel Xeon Phi coprocessor x100 family,MonteCarloAsian,TWO_D,1024,2048,4,64,1,1,32,678.379,35.619,0.008,429.532,0.009,3.35
Intel Xeon Phi coprocessor x100 family,MonteCarloAsian,TWO_D,1024,2048,4,64,2,1,32,683.764,35.997,0.008,424.967,0.011,3.511
Intel Xeon Phi coprocessor x100 family,MonteCarloAsian,TWO_D,1024,2048,4,64,4,1,32,684.572,35.744,0.007,426.398,0.004,2.98
Intel Xeon Phi coprocessor x100 family,MonteCarloAsian,TWO_D,1024,2048,4,64,8,1,32,681.168,36.804,0.008,429.005,0.009,3.395
Intel Xeon Phi coprocessor x100 family,MonteCarloAsian,TWO_D,1024,2048,4,64,16,1,32,684.091,35.728,0.008,424.677,0.005,3.358
Intel Xeon Phi coprocessor x100 family,MonteCarloAsian,TWO_D,1024,2048,4,64,32,1,32,685.43,35.514,0.009,-1,-1,-1
Intel Xeon Phi coprocessor x100 family,MonteCarloAsian,TWO_D,1024,2048,4,64,64,1,32,681.914,35.952,0.009,-1,-1,-1
Intel Xeon Phi coprocessor x100 family,MonteCarloAsian,TWO_D,1024,2048,4,64,128,1,32,678.515,35.913,0.008,-1,-1,-1
Intel Xeon Phi coprocessor x100 family,MonteCarloAsian,TWO_D,1024,2048,4,128,1,1,32,682.49,35.628,0.009,423.645,0.01,3.4
Intel Xeon Phi coprocessor x100 family,MonteCarloAsian,TWO_D,1024,2048,4,128,2,1,32,684.269,36.039,0.007,425.159,0.004,2.53
Intel Xeon Phi coprocessor x100 family,MonteCarloAsian,TWO_D,1024,2048,4,128,4,1,32,680.839,35.807,0.007,425.65,0.005,3.203
Intel Xeon Phi coprocessor x100 family,MonteCarloAsian,TWO_D,1024,2048,4,128,8,1,32,684.277,36.617,0.009,430.232,0.01,3.365
Intel Xeon Phi coprocessor x100 family,MonteCarloAsian,TWO_D,1024,2048,4,128,16,1,32,679.35,35.914,0.009,-1,-1,-1
Intel Xeon Phi coprocessor x100 family,MonteCarloAsian,TWO_D,1024,2048,4,128,32,1,32,684.146,35.953,0.006,-1,-1,-1
Intel Xeon Phi coprocessor x100 family,MonteCarloAsian,TWO_D,1024,2048,4,128,64,1,32,680.728,35.603,0.007,-1,-1,-1
Intel Xeon Phi coprocessor x100 family,MonteCarloAsian,TWO_D,1024,2048,4,256,1,1,32,682.852,35.807,0.008,424.567,0.005,2.736
Intel Xeon Phi coprocessor x100 family,MonteCarloAsian,TWO_D,1024,2048,4,256,2,1,32,685.869,35.559,0.008,425.603,0.01,3.657
Intel Xeon Phi coprocessor x100 family,MonteCarloAsian,TWO_D,1024,2048,4,256,4,1,32,684.052,35.816,0.007,434.863,0.007,2.871
Intel Xeon Phi coprocessor x100 family,MonteCarloAsian,TWO_D,1024,2048,4,256,8,1,32,682.789,35.809,0.007,-1,-1,-1
Intel Xeon Phi coprocessor x100 family,MonteCarloAsian,TWO_D,1024,2048,4,256,16,1,32,681.553,35.756,0.007,-1,-1,-1
Intel Xeon Phi coprocessor x100 family,MonteCarloAsian,TWO_D,1024,2048,4,256,32,1,32,678.158,35.809,0.007,-1,-1,-1
Intel Xeon Phi coprocessor x100 family,MonteCarloAsian,TWO_D,1024,2048,4,512,1,1,32,685.513,35.985,0.007,423.017,0.004,3.241
Intel Xeon Phi coprocessor x100 family,MonteCarloAsian,TWO_D,1024,2048,4,512,2,1,32,683.482,35.843,0.008,428.05,0.005,2.776
Intel Xeon Phi coprocessor x100 family,MonteCarloAsian,TWO_D,1024,2048,4,512,4,1,32,678.58,36.499,0.008,-1,-1,-1
Intel Xeon Phi coprocessor x100 family,MonteCarloAsian,TWO_D,1024,2048,4,512,8,1,32,679.398,35.851,0.008,-1,-1,-1
Intel Xeon Phi coprocessor x100 family,MonteCarloAsian,TWO_D,1024,2048,4,512,16,1,32,680.803,35.722,0.008,-1,-1,-1
Intel Xeon Phi coprocessor x100 family,MonteCarloAsian,TWO_D,1024,2048,4,1024,1,1,32,678.764,35.671,0.008,426.407,0.009,3.373
Intel Xeon Phi coprocessor x100 family,MonteCarloAsian,TWO_D,1024,2048,4,1024,2,1,32,682.056,35.705,0.006,-1,-1,-1
Intel Xeon Phi coprocessor x100 family,MonteCarloAsian,TWO_D,1024,2048,4,1024,4,1,32,679.767,35.904,0.009,-1,-1,-1
Intel Xeon Phi coprocessor x100 family,MonteCarloAsian,TWO_D,1024,2048,4,1024,8,1,32,676.89,35.951,0.006,-1,-1,-1
Intel Xeon Phi coprocessor x100 family,MonteCarloAsian,TWO_D,1024,2048,4,2048,1,1,32,680.308,35.854,0.007,-1,-1,-1
Intel Xeon Phi coprocessor x100 family,MonteCarloAsian,TWO_D,1024,2048,4,2048,2,1,32,675.146,35.916,0.007,-1,-1,-1
Intel Xeon Phi coprocessor x100 family,MonteCarloAsian,TWO_D,1024,2048,4,2048,4,1,32,682.755,35.872,0.008,-1,-1,-1
Intel Xeon Phi coprocessor x100 family,MonteCarloAsian,TWO_D,1024,2048,4,4096,1,1,32,679.171,35.959,0.008,-1,-1,-1
Intel Xeon Phi coprocessor x100 family,MonteCarloAsian,TWO_D,1024,2048,4,4096,2,1,32,681.481,35.388,0.007,-1,-1,-1
Intel Xeon Phi coprocessor x100 family,MonteCarloAsian,TWO_D,1024,2048,4,8192,1,1,32,684.025,36.733,0.009,-1,-1,-1
