device/C,kernel/C,workDimension/C,cubeLength/F,xLocal/I,yLocal/I,zLocal/I,MB/F,init/F,memoryCopyOut/F,plan/F,execute/F,memoryCopyIn/F,cleanUp/F
Intel Xeon CPU E5-2695 v2 @ 2.40GHz,Array3dAverage,THREE_D,112,1,1,8,5.35938,64.879,6.021,0.002,49.733,3.474,1.587
Intel Xeon CPU E5-2695 v2 @ 2.40GHz,Array3dAverage,THREE_D,112,1,1,16,5.35938,66.072,3.595,0.002,47.971,3.478,1.558
Intel Xeon CPU E5-2695 v2 @ 2.40GHz,Array3dAverage,THREE_D,112,1,2,8,5.35938,64.765,3.931,0.002,49.442,3.493,1.629
Intel Xeon CPU E5-2695 v2 @ 2.40GHz,Array3dAverage,THREE_D,112,1,2,16,5.35938,64.693,3.481,0.002,45.598,3.458,1.612
Intel Xeon CPU E5-2695 v2 @ 2.40GHz,Array3dAverage,THREE_D,112,1,4,8,5.35938,64.763,5.81,0.002,47.395,3.377,1.62
Intel Xeon CPU E5-2695 v2 @ 2.40GHz,Array3dAverage,THREE_D,112,1,4,16,5.35938,64.646,3.472,0.002,47.173,3.344,1.626
Intel Xeon CPU E5-2695 v2 @ 2.40GHz,Array3dAverage,THREE_D,112,1,8,1,5.35938,75.313,5.236,0.002,47.755,2.497,2.92
Intel Xeon CPU E5-2695 v2 @ 2.40GHz,Array3dAverage,THREE_D,112,1,8,2,5.35938,64.531,3.369,0.002,50.643,3.418,1.557
Intel Xeon CPU E5-2695 v2 @ 2.40GHz,Array3dAverage,THREE_D,112,1,8,4,5.35938,64.814,3.992,0.003,49.436,3.23,1.588
Intel Xeon CPU E5-2695 v2 @ 2.40GHz,Array3dAverage,THREE_D,112,1,8,8,5.35938,64.674,3.682,0.002,45.325,3.366,1.589
Intel Xeon CPU E5-2695 v2 @ 2.40GHz,Array3dAverage,THREE_D,112,1,8,16,5.35938,64.739,3.457,0.003,45.797,3.417,1.604
Intel Xeon CPU E5-2695 v2 @ 2.40GHz,Array3dAverage,THREE_D,112,1,16,1,5.35938,74.34,5.308,0.002,48.774,2.496,2.21
Intel Xeon CPU E5-2695 v2 @ 2.40GHz,Array3dAverage,THREE_D,112,1,16,2,5.35938,64.648,3.454,0.002,48.065,3.422,1.584
Intel Xeon CPU E5-2695 v2 @ 2.40GHz,Array3dAverage,THREE_D,112,1,16,4,5.35938,64.606,5.056,0.002,49.322,3.372,1.57
Intel Xeon CPU E5-2695 v2 @ 2.40GHz,Array3dAverage,THREE_D,112,1,16,8,5.35938,64.669,5.323,0.003,47.478,3.432,1.604
Intel Xeon CPU E5-2695 v2 @ 2.40GHz,Array3dAverage,THREE_D,112,1,16,16,5.35938,64.632,5.806,0.002,40.84,3.471,1.566
Intel Xeon CPU E5-2695 v2 @ 2.40GHz,Array3dAverage,THREE_D,112,2,1,8,5.35938,64.51,4.757,0.002,47.511,2.643,1.614
Intel Xeon CPU E5-2695 v2 @ 2.40GHz,Array3dAverage,THREE_D,112,2,1,16,5.35938,64.378,2.982,0.001,43.035,2.633,1.61
Intel Xeon CPU E5-2695 v2 @ 2.40GHz,Array3dAverage,THREE_D,112,2,2,8,5.35938,64.55,3.465,0.019,44.58,2.87,1.55
Intel Xeon CPU E5-2695 v2 @ 2.40GHz,Array3dAverage,THREE_D,112,2,2,16,5.35938,64.366,2.939,0.001,44.807,2.783,1.549
Intel Xeon CPU E5-2695 v2 @ 2.40GHz,Array3dAverage,THREE_D,112,2,4,8,5.35938,64.577,3.342,0.001,41.159,2.791,1.545
Intel Xeon CPU E5-2695 v2 @ 2.40GHz,Array3dAverage,THREE_D,112,2,4,16,5.35938,64.393,2.814,0.003,39.647,2.747,1.567
Intel Xeon CPU E5-2695 v2 @ 2.40GHz,Array3dAverage,THREE_D,112,2,8,1,5.35938,73.455,2.687,0.002,45.349,1.879,2.182
Intel Xeon CPU E5-2695 v2 @ 2.40GHz,Array3dAverage,THREE_D,112,2,8,2,5.35938,64.226,2.697,0.002,46.902,2.652,1.505
Intel Xeon CPU E5-2695 v2 @ 2.40GHz,Array3dAverage,THREE_D,112,2,8,4,5.35938,64.389,2.688,0.002,48.983,2.624,1.523
Intel Xeon CPU E5-2695 v2 @ 2.40GHz,Array3dAverage,THREE_D,112,2,8,8,5.35938,64.378,2.724,0.002,46.674,2.637,1.595
Intel Xeon CPU E5-2695 v2 @ 2.40GHz,Array3dAverage,THREE_D,112,2,8,16,5.35938,64.297,2.805,0.003,47.931,2.661,1.621
Intel Xeon CPU E5-2695 v2 @ 2.40GHz,Array3dAverage,THREE_D,112,2,16,1,5.35938,73.68,5.12,0.002,46.413,2.139,2.114
Intel Xeon CPU E5-2695 v2 @ 2.40GHz,Array3dAverage,THREE_D,112,2,16,2,5.35938,65.508,3.257,0.002,46.611,2.864,1.553
Intel Xeon CPU E5-2695 v2 @ 2.40GHz,Array3dAverage,THREE_D,112,2,16,4,5.35938,64.321,2.901,0.002,46.436,2.84,1.539
Intel Xeon CPU E5-2695 v2 @ 2.40GHz,Array3dAverage,THREE_D,112,2,16,8,5.35938,64.669,2.911,0.002,47.201,2.818,1.566
Intel Xeon CPU E5-2695 v2 @ 2.40GHz,Array3dAverage,THREE_D,112,2,16,16,5.35938,64.37,2.85,0.002,47.045,2.854,1.532
Intel Xeon CPU E5-2695 v2 @ 2.40GHz,Array3dAverage,THREE_D,112,4,1,8,5.35938,64.463,3.393,0.002,44.646,2.683,1.523
Intel Xeon CPU E5-2695 v2 @ 2.40GHz,Array3dAverage,THREE_D,112,4,1,16,5.35938,64.401,2.705,0.002,44.845,2.64,1.537
Intel Xeon CPU E5-2695 v2 @ 2.40GHz,Array3dAverage,THREE_D,112,4,2,8,5.35938,64.628,5.08,0.002,27.15,2.574,1.504
Intel Xeon CPU E5-2695 v2 @ 2.40GHz,Array3dAverage,THREE_D,112,4,2,16,5.35938,64.408,2.939,0.002,25.427,2.661,1.56
Intel Xeon CPU E5-2695 v2 @ 2.40GHz,Array3dAverage,THREE_D,112,4,4,8,5.35938,64.469,2.789,0.001,25.185,2.605,1.522
Intel Xeon CPU E5-2695 v2 @ 2.40GHz,Array3dAverage,THREE_D,112,4,4,16,5.35938,64.317,2.694,0.001,24.52,2.593,1.512
Intel Xeon CPU E5-2695 v2 @ 2.40GHz,Array3dAverage,THREE_D,112,4,8,1,5.35938,73.868,5.034,0.002,45.614,2.181,2.2
Intel Xeon CPU E5-2695 v2 @ 2.40GHz,Array3dAverage,THREE_D,112,4,8,2,5.35938,64.192,2.914,0.002,33.063,2.781,1.517
Intel Xeon CPU E5-2695 v2 @ 2.40GHz,Array3dAverage,THREE_D,112,4,8,4,5.35938,64.394,3.234,0.002,29.474,2.577,1.573
Intel Xeon CPU E5-2695 v2 @ 2.40GHz,Array3dAverage,THREE_D,112,4,8,8,5.35938,64.373,2.681,0.002,29.007,2.575,1.53
Intel Xeon CPU E5-2695 v2 @ 2.40GHz,Array3dAverage,THREE_D,112,4,8,16,5.35938,64.297,2.781,0.002,29.16,2.653,1.533
Intel Xeon CPU E5-2695 v2 @ 2.40GHz,Array3dAverage,THREE_D,112,4,16,1,5.35938,73.338,2.385,0.001,30.42,1.875,2.136
Intel Xeon CPU E5-2695 v2 @ 2.40GHz,Array3dAverage,THREE_D,112,4,16,2,5.35938,64.19,2.98,0.001,29.165,2.591,1.51
Intel Xeon CPU E5-2695 v2 @ 2.40GHz,Array3dAverage,THREE_D,112,4,16,4,5.35938,64.388,3.019,0.002,27.584,2.78,1.524
Intel Xeon CPU E5-2695 v2 @ 2.40GHz,Array3dAverage,THREE_D,112,4,16,8,5.35938,64.375,3.028,0.001,25.06,2.607,1.534
Intel Xeon CPU E5-2695 v2 @ 2.40GHz,Array3dAverage,THREE_D,112,4,16,16,5.35938,64.393,2.666,0.002,23.729,2.506,1.509
Intel Xeon CPU E5-2695 v2 @ 2.40GHz,Array3dAverage,THREE_D,112,8,1,1,5.35938,74.742,4.902,0.003,22.61,1.878,2.152
Intel Xeon CPU E5-2695 v2 @ 2.40GHz,Array3dAverage,THREE_D,112,8,1,2,5.35938,64.178,2.574,0.002,31.782,2.651,1.499
Intel Xeon CPU E5-2695 v2 @ 2.40GHz,Array3dAverage,THREE_D,112,8,1,4,5.35938,64.401,2.737,0.001,29.585,2.59,1.49
Intel Xeon CPU E5-2695 v2 @ 2.40GHz,Array3dAverage,THREE_D,112,8,1,8,5.35938,64.4,2.723,0.002,27.992,2.606,1.461
Intel Xeon CPU E5-2695 v2 @ 2.40GHz,Array3dAverage,THREE_D,112,8,1,16,5.35938,64.485,3.123,0.002,25.743,2.623,1.553
Intel Xeon CPU E5-2695 v2 @ 2.40GHz,Array3dAverage,THREE_D,112,8,2,1,5.35938,73.943,4.852,0.002,45.528,2.147,2.144
Intel Xeon CPU E5-2695 v2 @ 2.40GHz,Array3dAverage,THREE_D,112,8,2,2,5.35938,64.483,3.205,0.002,30.571,2.856,1.528
Intel Xeon CPU E5-2695 v2 @ 2.40GHz,Array3dAverage,THREE_D,112,8,2,4,5.35938,64.409,2.875,0.002,24.864,2.807,1.507
Intel Xeon CPU E5-2695 v2 @ 2.40GHz,Array3dAverage,THREE_D,112,8,2,8,5.35938,64.402,2.915,0.002,21.37,2.819,1.52
Intel Xeon CPU E5-2695 v2 @ 2.40GHz,Array3dAverage,THREE_D,112,8,2,16,5.35938,64.396,2.892,0.002,18.045,2.786,1.51
Intel Xeon CPU E5-2695 v2 @ 2.40GHz,Array3dAverage,THREE_D,112,8,4,1,5.35938,73.77,5.128,0.002,30.827,2.17,2.133
Intel Xeon CPU E5-2695 v2 @ 2.40GHz,Array3dAverage,THREE_D,112,8,4,2,5.35938,64.245,3.232,0.002,24.293,2.759,1.497
Intel Xeon CPU E5-2695 v2 @ 2.40GHz,Array3dAverage,THREE_D,112,8,4,4,5.35938,66.49,2.897,0.002,22.755,2.81,1.486
Intel Xeon CPU E5-2695 v2 @ 2.40GHz,Array3dAverage,THREE_D,112,8,4,8,5.35938,64.384,2.891,0.002,21.334,2.867,1.564
Intel Xeon CPU E5-2695 v2 @ 2.40GHz,Array3dAverage,THREE_D,112,8,4,16,5.35938,66.536,2.925,0.003,18.235,2.858,1.421
Intel Xeon CPU E5-2695 v2 @ 2.40GHz,Array3dAverage,THREE_D,112,8,8,1,5.35938,74.492,2.642,0.002,22.062,1.896,2.156
Intel Xeon CPU E5-2695 v2 @ 2.40GHz,Array3dAverage,THREE_D,112,8,8,2,5.35938,64.209,2.98,0.003,20.157,2.792,1.511
Intel Xeon CPU E5-2695 v2 @ 2.40GHz,Array3dAverage,THREE_D,112,8,8,4,5.35938,64.413,2.874,0.002,17.254,2.796,1.507
Intel Xeon CPU E5-2695 v2 @ 2.40GHz,Array3dAverage,THREE_D,112,8,8,8,5.35938,64.381,3.015,0.003,16.299,2.826,1.566
Intel Xeon CPU E5-2695 v2 @ 2.40GHz,Array3dAverage,THREE_D,112,8,8,16,5.35938,64.493,3.294,0.002,15.308,2.642,1.549
Intel Xeon CPU E5-2695 v2 @ 2.40GHz,Array3dAverage,THREE_D,112,8,16,1,5.35938,64.321,2.815,0.002,15.457,2.623,1.531
Intel Xeon CPU E5-2695 v2 @ 2.40GHz,Array3dAverage,THREE_D,112,8,16,2,5.35938,64.376,2.807,0.002,14.693,2.609,1.517
Intel Xeon CPU E5-2695 v2 @ 2.40GHz,Array3dAverage,THREE_D,112,8,16,4,5.35938,64.376,2.726,0.002,15.969,2.62,1.47
Intel Xeon CPU E5-2695 v2 @ 2.40GHz,Array3dAverage,THREE_D,112,8,16,8,5.35938,64.395,3.051,0.001,14.837,2.731,1.638
Intel Xeon CPU E5-2695 v2 @ 2.40GHz,Array3dAverage,THREE_D,112,16,1,1,5.35938,73.953,3.182,0.002,44.861,1.871,2.144
Intel Xeon CPU E5-2695 v2 @ 2.40GHz,Array3dAverage,THREE_D,112,16,1,2,5.35938,64.124,2.62,0.001,28.699,2.684,1.483
Intel Xeon CPU E5-2695 v2 @ 2.40GHz,Array3dAverage,THREE_D,112,16,1,4,5.35938,64.406,2.693,0.002,26.164,2.639,1.512
Intel Xeon CPU E5-2695 v2 @ 2.40GHz,Array3dAverage,THREE_D,112,16,1,8,5.35938,64.397,2.594,0.001,21.183,2.602,1.496
Intel Xeon CPU E5-2695 v2 @ 2.40GHz,Array3dAverage,THREE_D,112,16,1,16,5.35938,64.394,2.684,0.001,18.172,2.637,1.515
Intel Xeon CPU E5-2695 v2 @ 2.40GHz,Array3dAverage,THREE_D,112,16,2,1,5.35938,73.718,4.872,0.002,28.895,1.884,2.099
Intel Xeon CPU E5-2695 v2 @ 2.40GHz,Array3dAverage,THREE_D,112,16,2,2,5.35938,64.176,2.643,0.001,23.214,2.659,1.455
Intel Xeon CPU E5-2695 v2 @ 2.40GHz,Array3dAverage,THREE_D,112,16,2,4,5.35938,64.472,3.055,0.001,18.289,2.606,1.457
Intel Xeon CPU E5-2695 v2 @ 2.40GHz,Array3dAverage,THREE_D,112,16,2,8,5.35938,64.428,6.268,0.001,10.857,2.626,1.513
Intel Xeon CPU E5-2695 v2 @ 2.40GHz,Array3dAverage,THREE_D,112,16,2,16,5.35938,64.369,2.546,0.001,13.438,2.721,1.472
Intel Xeon CPU E5-2695 v2 @ 2.40GHz,Array3dAverage,THREE_D,112,16,4,1,5.35938,73.31,2.312,0.001,14.973,1.91,2.116
Intel Xeon CPU E5-2695 v2 @ 2.40GHz,Array3dAverage,THREE_D,112,16,4,2,5.35938,64.18,2.546,0.002,16.925,2.664,1.461
Intel Xeon CPU E5-2695 v2 @ 2.40GHz,Array3dAverage,THREE_D,112,16,4,4,5.35938,64.394,3.031,0.002,13.267,2.605,1.505
Intel Xeon CPU E5-2695 v2 @ 2.40GHz,Array3dAverage,THREE_D,112,16,4,8,5.35938,64.382,2.584,0.002,12.966,2.65,1.529
Intel Xeon CPU E5-2695 v2 @ 2.40GHz,Array3dAverage,THREE_D,112,16,4,16,5.35938,64.406,2.65,0.002,12.155,2.613,1.452
Intel Xeon CPU E5-2695 v2 @ 2.40GHz,Array3dAverage,THREE_D,112,16,8,1,5.35938,64.49,2.966,0.002,11.08,2.661,1.485
Intel Xeon CPU E5-2695 v2 @ 2.40GHz,Array3dAverage,THREE_D,112,16,8,2,5.35938,64.371,2.973,0.002,11.157,2.814,1.497
Intel Xeon CPU E5-2695 v2 @ 2.40GHz,Array3dAverage,THREE_D,112,16,8,4,5.35938,64.465,3.23,0.018,12.497,2.846,1.465
Intel Xeon CPU E5-2695 v2 @ 2.40GHz,Array3dAverage,THREE_D,112,16,8,8,5.35938,66.962,3.294,0.002,10.36,3.355,2.129
Intel Xeon CPU E5-2695 v2 @ 2.40GHz,Array3dAverage,THREE_D,112,16,16,1,5.35938,67.011,5.138,0.002,9.338,3.489,1.525
Intel Xeon CPU E5-2695 v2 @ 2.40GHz,Array3dAverage,THREE_D,112,16,16,2,5.35938,64.71,3.433,0.003,10.518,3.444,1.483
Intel Xeon CPU E5-2695 v2 @ 2.40GHz,Array3dAverage,THREE_D,112,16,16,4,5.35938,72.525,3.875,0.003,8.558,3.388,1.587
Intel Xeon CPU E5-2695 v2 @ 2.40GHz,Array3dAverage,THREE_D,112,1,1,8,5.35938,61.561,3.948,0.001,5.007,4.717,0.197
Intel Xeon CPU E5-2695 v2 @ 2.40GHz,Array3dAverage,THREE_D,112,1,1,16,5.35938,79.688,4.927,0.001,5.583,3.915,0.174
Intel Xeon CPU E5-2695 v2 @ 2.40GHz,Array3dAverage,THREE_D,112,1,2,8,5.35938,65.105,4.29,0.002,6.885,4.141,0.22
Intel Xeon CPU E5-2695 v2 @ 2.40GHz,Array3dAverage,THREE_D,112,1,2,16,5.35938,65.403,4.38,0.002,7.853,4.227,0.227
Intel Xeon CPU E5-2695 v2 @ 2.40GHz,Array3dAverage,THREE_D,112,1,4,8,5.35938,61.628,3.866,0.001,6.067,3.859,0.158
Intel Xeon CPU E5-2695 v2 @ 2.40GHz,Array3dAverage,THREE_D,112,1,4,16,5.35938,61.563,3.928,0.002,6.26,4.056,0.175
Intel Xeon CPU E5-2695 v2 @ 2.40GHz,Array3dAverage,THREE_D,112,1,8,1,5.35938,70.321,3.517,0.001,8.784,4.018,0.166
Intel Xeon CPU E5-2695 v2 @ 2.40GHz,Array3dAverage,THREE_D,112,1,8,2,5.35938,61.501,3.98,0.002,6.339,4.08,0.188
Intel Xeon CPU E5-2695 v2 @ 2.40GHz,Array3dAverage,THREE_D,112,1,8,4,5.35938,63.555,4.002,0.002,5.454,3.877,0.152
Intel Xeon CPU E5-2695 v2 @ 2.40GHz,Array3dAverage,THREE_D,112,1,8,8,5.35938,61.555,3.902,0.001,5.455,3.988,0.163
Intel Xeon CPU E5-2695 v2 @ 2.40GHz,Array3dAverage,THREE_D,112,1,8,16,5.35938,61.629,3.914,0.001,5.678,3.882,0.153
Intel Xeon CPU E5-2695 v2 @ 2.40GHz,Array3dAverage,THREE_D,112,1,16,1,5.35938,69.941,4.541,0.003,7.054,4.212,0.164
Intel Xeon CPU E5-2695 v2 @ 2.40GHz,Array3dAverage,THREE_D,112,1,16,2,5.35938,71.538,3.996,0.001,6.106,3.846,0.161
Intel Xeon CPU E5-2695 v2 @ 2.40GHz,Array3dAverage,THREE_D,112,1,16,4,5.35938,61.681,4.009,0.002,4.988,3.887,0.218
Intel Xeon CPU E5-2695 v2 @ 2.40GHz,Array3dAverage,THREE_D,112,1,16,8,5.35938,61.723,3.908,0.002,5.457,3.876,0.159
Intel Xeon CPU E5-2695 v2 @ 2.40GHz,Array3dAverage,THREE_D,112,1,16,16,5.35938,61.567,3.902,0.001,3.94,4.772,0.21
Intel Xeon CPU E5-2695 v2 @ 2.40GHz,Array3dAverage,THREE_D,112,2,1,8,5.35938,62.405,4.74,0.001,6.27,3.842,0.164
Intel Xeon CPU E5-2695 v2 @ 2.40GHz,Array3dAverage,THREE_D,112,2,1,16,5.35938,78.578,4.873,0.003,7.441,4.156,0.164
Intel Xeon CPU E5-2695 v2 @ 2.40GHz,Array3dAverage,THREE_D,112,2,2,8,5.35938,65.38,4.793,0.002,5.313,3.812,0.159
Intel Xeon CPU E5-2695 v2 @ 2.40GHz,Array3dAverage,THREE_D,112,2,2,16,5.35938,64.219,4.729,0.002,6.459,4.015,0.178
Intel Xeon CPU E5-2695 v2 @ 2.40GHz,Array3dAverage,THREE_D,112,2,4,8,5.35938,65.677,4.315,0.001,5.146,3.93,0.185
Intel Xeon CPU E5-2695 v2 @ 2.40GHz,Array3dAverage,THREE_D,112,2,4,16,5.35938,66.021,4.329,0.002,5.339,3.946,0.17
Intel Xeon CPU E5-2695 v2 @ 2.40GHz,Array3dAverage,THREE_D,112,2,8,1,5.35938,69.731,4.249,0.003,5.31,3.997,0.158
Intel Xeon CPU E5-2695 v2 @ 2.40GHz,Array3dAverage,THREE_D,112,2,8,2,5.35938,69.796,4.954,0.002,5.34,4.04,0.159
Intel Xeon CPU E5-2695 v2 @ 2.40GHz,Array3dAverage,THREE_D,112,2,8,4,5.35938,64.269,4.305,0.002,4.555,4.792,0.177
Intel Xeon CPU E5-2695 v2 @ 2.40GHz,Array3dAverage,THREE_D,112,2,8,8,5.35938,76.173,4.907,0.001,4.939,4.196,0.18
Intel Xeon CPU E5-2695 v2 @ 2.40GHz,Array3dAverage,THREE_D,112,2,8,16,5.35938,65.099,4.098,0.003,5.037,3.953,0.166
Intel Xeon CPU E5-2695 v2 @ 2.40GHz,Array3dAverage,THREE_D,112,2,16,1,5.35938,70.407,4.634,0.001,5.543,4.022,0.151
Intel Xeon CPU E5-2695 v2 @ 2.40GHz,Array3dAverage,THREE_D,112,2,16,2,5.35938,80.759,4.856,0.004,5.052,3.89,0.163
Intel Xeon CPU E5-2695 v2 @ 2.40GHz,Array3dAverage,THREE_D,112,2,16,4,5.35938,65.125,4.842,0.001,4.981,4.071,0.148
Intel Xeon CPU E5-2695 v2 @ 2.40GHz,Array3dAverage,THREE_D,112,2,16,8,5.35938,64.78,4.886,0.005,3.894,4.421,0.148
Intel Xeon CPU E5-2695 v2 @ 2.40GHz,Array3dAverage,THREE_D,112,2,16,16,5.35938,65.677,4.342,0.001,4.862,3.93,0.152
Intel Xeon CPU E5-2695 v2 @ 2.40GHz,Array3dAverage,THREE_D,112,4,1,8,5.35938,68.598,4.766,0.001,3.501,3.862,0.151
Intel Xeon CPU E5-2695 v2 @ 2.40GHz,Array3dAverage,THREE_D,112,4,1,16,5.35938,61.61,4.262,0.003,3.931,3.836,0.15
Intel Xeon CPU E5-2695 v2 @ 2.40GHz,Array3dAverage,THREE_D,112,4,2,8,5.35938,79.172,4.71,0.002,4.343,4.816,0.227
Intel Xeon CPU E5-2695 v2 @ 2.40GHz,Array3dAverage,THREE_D,112,4,2,16,5.35938,82.889,4.495,0.002,3.514,3.861,0.146
Intel Xeon CPU E5-2695 v2 @ 2.40GHz,Array3dAverage,THREE_D,112,4,4,8,5.35938,68.446,4.747,0.002,3.17,3.833,0.149
Intel Xeon CPU E5-2695 v2 @ 2.40GHz,Array3dAverage,THREE_D,112,4,4,16,5.35938,68.193,4.647,0.002,2.737,3.665,0.216
Intel Xeon CPU E5-2695 v2 @ 2.40GHz,Array3dAverage,THREE_D,112,4,8,1,5.35938,75.783,3.552,0.002,3.406,2.303,0.193
Intel Xeon CPU E5-2695 v2 @ 2.40GHz,Array3dAverage,THREE_D,112,4,8,2,5.35938,72.495,3.898,0.001,2.622,2.225,0.134
Intel Xeon CPU E5-2695 v2 @ 2.40GHz,Array3dAverage,THREE_D,112,4,8,4,5.35938,74.659,3.798,0.001,3.417,3.609,0.14
Intel Xeon CPU E5-2695 v2 @ 2.40GHz,Array3dAverage,THREE_D,112,4,8,8,5.35938,76.168,3.43,0.001,2.33,2.232,0.17
Intel Xeon CPU E5-2695 v2 @ 2.40GHz,Array3dAverage,THREE_D,112,4,8,16,5.35938,77.421,3.489,0.001,3.297,3.607,0.137
Intel Xeon CPU E5-2695 v2 @ 2.40GHz,Array3dAverage,THREE_D,112,4,16,1,5.35938,77.092,3.623,0.001,3.787,4.019,0.139
Intel Xeon CPU E5-2695 v2 @ 2.40GHz,Array3dAverage,THREE_D,112,4,16,2,5.35938,61.487,3.977,0.001,3.414,3.938,0.161
Intel Xeon CPU E5-2695 v2 @ 2.40GHz,Array3dAverage,THREE_D,112,4,16,4,5.35938,63.058,4.038,0.002,3.232,3.898,0.135
Intel Xeon CPU E5-2695 v2 @ 2.40GHz,Array3dAverage,THREE_D,112,4,16,8,5.35938,61.505,3.953,0.002,3.211,3.855,0.136
Intel Xeon CPU E5-2695 v2 @ 2.40GHz,Array3dAverage,THREE_D,112,4,16,16,5.35938,61.55,3.949,0.001,3.363,4.129,0.126
Intel Xeon CPU E5-2695 v2 @ 2.40GHz,Array3dAverage,THREE_D,112,8,1,1,5.35938,70.153,3.622,0.001,3.936,3.941,0.144
Intel Xeon CPU E5-2695 v2 @ 2.40GHz,Array3dAverage,THREE_D,112,8,1,2,5.35938,61.55,3.973,0.001,4.273,3.87,0.152
Intel Xeon CPU E5-2695 v2 @ 2.40GHz,Array3dAverage,THREE_D,112,8,1,4,5.35938,62.809,3.949,0.001,3.337,3.921,0.135
Intel Xeon CPU E5-2695 v2 @ 2.40GHz,Array3dAverage,THREE_D,112,8,1,8,5.35938,61.52,3.975,0.001,2.653,3.857,0.128
Intel Xeon CPU E5-2695 v2 @ 2.40GHz,Array3dAverage,THREE_D,112,8,1,16,5.35938,61.477,3.96,0.001,2.688,3.81,0.134
Intel Xeon CPU E5-2695 v2 @ 2.40GHz,Array3dAverage,THREE_D,112,8,2,1,5.35938,70.862,4.034,0.001,4.469,4.044,0.143
Intel Xeon CPU E5-2695 v2 @ 2.40GHz,Array3dAverage,THREE_D,112,8,2,2,5.35938,63.178,3.952,0.002,4.044,3.949,0.131
Intel Xeon CPU E5-2695 v2 @ 2.40GHz,Array3dAverage,THREE_D,112,8,2,4,5.35938,61.562,3.986,0.001,2.963,3.913,0.13
Intel Xeon CPU E5-2695 v2 @ 2.40GHz,Array3dAverage,THREE_D,112,8,2,8,5.35938,61.493,3.885,0.001,3.226,3.644,0.207
Intel Xeon CPU E5-2695 v2 @ 2.40GHz,Array3dAverage,THREE_D,112,8,2,16,5.35938,66.217,3.657,0.001,2.156,3.599,0.176
Intel Xeon CPU E5-2695 v2 @ 2.40GHz,Array3dAverage,THREE_D,112,8,4,1,5.35938,83.412,3.524,0.001,3.239,3.581,0.153
Intel Xeon CPU E5-2695 v2 @ 2.40GHz,Array3dAverage,THREE_D,112,8,4,2,5.35938,75.133,3.873,0.001,2.464,3.593,0.175
Intel Xeon CPU E5-2695 v2 @ 2.40GHz,Array3dAverage,THREE_D,112,8,4,4,5.35938,77.199,3.857,0.001,1.748,2.253,0.126
Intel Xeon CPU E5-2695 v2 @ 2.40GHz,Array3dAverage,THREE_D,112,8,4,8,5.35938,74.053,2.924,0.001,1.652,2.242,0.132
Intel Xeon CPU E5-2695 v2 @ 2.40GHz,Array3dAverage,THREE_D,112,8,4,16,5.35938,73.462,2.932,0.001,1.62,3.474,0.179
Intel Xeon CPU E5-2695 v2 @ 2.40GHz,Array3dAverage,THREE_D,112,8,8,1,5.35938,82.162,3.572,0.001,2.179,2.281,0.124
Intel Xeon CPU E5-2695 v2 @ 2.40GHz,Array3dAverage,THREE_D,112,8,8,2,5.35938,75.347,3.437,0.001,2.625,3.595,0.157
Intel Xeon CPU E5-2695 v2 @ 2.40GHz,Array3dAverage,THREE_D,112,8,8,4,5.35938,77.212,3.898,0.002,1.812,2.276,0.174
Intel Xeon CPU E5-2695 v2 @ 2.40GHz,Array3dAverage,THREE_D,112,8,8,8,5.35938,78.209,3.678,0.001,2.292,3.635,0.195
Intel Xeon CPU E5-2695 v2 @ 2.40GHz,Array3dAverage,THREE_D,112,8,8,16,5.35938,75.786,3.225,0.001,1.502,2.291,0.121
Intel Xeon CPU E5-2695 v2 @ 2.40GHz,Array3dAverage,THREE_D,112,8,16,1,5.35938,73.66,3.927,0.001,2.633,3.63,0.173
Intel Xeon CPU E5-2695 v2 @ 2.40GHz,Array3dAverage,THREE_D,112,8,16,2,5.35938,77.182,3.824,0.002,1.709,2.246,0.126
Intel Xeon CPU E5-2695 v2 @ 2.40GHz,Array3dAverage,THREE_D,112,8,16,4,5.35938,74.12,2.957,0.001,1.692,2.248,0.143
Intel Xeon CPU E5-2695 v2 @ 2.40GHz,Array3dAverage,THREE_D,112,8,16,8,5.35938,87.899,3.697,0.002,2.235,3.62,0.202
Intel Xeon CPU E5-2695 v2 @ 2.40GHz,Array3dAverage,THREE_D,112,16,1,1,5.35938,70.079,4.595,0.002,4.028,4.807,0.166
Intel Xeon CPU E5-2695 v2 @ 2.40GHz,Array3dAverage,THREE_D,112,16,1,2,5.35938,64.6,4.225,0.001,2.892,3.872,0.138
Intel Xeon CPU E5-2695 v2 @ 2.40GHz,Array3dAverage,THREE_D,112,16,1,4,5.35938,66.704,4.553,0.002,2.42,3.865,0.143
Intel Xeon CPU E5-2695 v2 @ 2.40GHz,Array3dAverage,THREE_D,112,16,1,8,5.35938,73.459,4.642,0.003,2.185,4.223,0.144
Intel Xeon CPU E5-2695 v2 @ 2.40GHz,Array3dAverage,THREE_D,112,16,1,16,5.35938,65.529,4.256,0.002,2.058,3.854,0.145
Intel Xeon CPU E5-2695 v2 @ 2.40GHz,Array3dAverage,THREE_D,112,16,2,1,5.35938,69.86,3.92,0.002,2.874,3.995,0.141
Intel Xeon CPU E5-2695 v2 @ 2.40GHz,Array3dAverage,THREE_D,112,16,2,2,5.35938,66.936,4.535,0.003,2.41,3.852,0.135
Intel Xeon CPU E5-2695 v2 @ 2.40GHz,Array3dAverage,THREE_D,112,16,2,4,5.35938,72.409,4.643,0.003,2.176,3.888,0.163
Intel Xeon CPU E5-2695 v2 @ 2.40GHz,Array3dAverage,THREE_D,112,16,2,8,5.35938,66.543,4.382,0.002,2.048,3.867,0.135
Intel Xeon CPU E5-2695 v2 @ 2.40GHz,Array3dAverage,THREE_D,112,16,2,16,5.35938,67.598,4.67,0.002,2.005,3.869,0.134
Intel Xeon CPU E5-2695 v2 @ 2.40GHz,Array3dAverage,THREE_D,112,16,4,1,5.35938,70.701,4.398,0.001,2.416,4.728,0.134
Intel Xeon CPU E5-2695 v2 @ 2.40GHz,Array3dAverage,THREE_D,112,16,4,2,5.35938,66.245,4.284,0.001,2.042,3.876,0.139
Intel Xeon CPU E5-2695 v2 @ 2.40GHz,Array3dAverage,THREE_D,112,16,4,4,5.35938,67.574,4.626,0.002,2.019,3.871,0.136
Intel Xeon CPU E5-2695 v2 @ 2.40GHz,Array3dAverage,THREE_D,112,16,4,8,5.35938,68.536,4.379,0.002,1.979,3.917,0.143
Intel Xeon CPU E5-2695 v2 @ 2.40GHz,Array3dAverage,THREE_D,112,16,4,16,5.35938,77.63,4.367,0.001,1.709,4.73,0.156
Intel Xeon CPU E5-2695 v2 @ 2.40GHz,Array3dAverage,THREE_D,112,16,8,1,5.35938,67.069,4.542,0.001,1.719,4.562,0.155
Intel Xeon CPU E5-2695 v2 @ 2.40GHz,Array3dAverage,THREE_D,112,16,8,2,5.35938,66.083,4.342,0.001,1.855,3.88,0.137
Intel Xeon CPU E5-2695 v2 @ 2.40GHz,Array3dAverage,THREE_D,112,16,8,4,5.35938,67.559,4.395,0.002,1.798,3.881,0.142
Intel Xeon CPU E5-2695 v2 @ 2.40GHz,Array3dAverage,THREE_D,112,16,8,8,5.35938,68.852,4.332,0.002,1.778,4.052,0.138
Intel Xeon CPU E5-2695 v2 @ 2.40GHz,Array3dAverage,THREE_D,112,16,16,1,5.35938,69.242,4.409,0.001,1.801,3.895,0.136
Intel Xeon CPU E5-2695 v2 @ 2.40GHz,Array3dAverage,THREE_D,112,16,16,2,5.35938,64.627,3.874,0.003,1.78,3.875,0.135
Intel Xeon CPU E5-2695 v2 @ 2.40GHz,Array3dAverage,THREE_D,112,16,16,4,5.35938,66.761,4.305,0.002,1.749,3.889,0.133
Intel Xeon CPU E5-2695 v2 @ 2.40GHz,Array3dAverage,THREE_D,112,1,1,8,5.35938,71.411,4.588,0.002,4.825,4.445,0.194
Intel Xeon CPU E5-2695 v2 @ 2.40GHz,Array3dAverage,THREE_D,112,1,1,16,5.35938,75.054,4.929,0.001,6.36,4.039,0.243
Intel Xeon CPU E5-2695 v2 @ 2.40GHz,Array3dAverage,THREE_D,112,1,2,8,5.35938,73.847,4.553,0.001,6.649,4.261,0.233
Intel Xeon CPU E5-2695 v2 @ 2.40GHz,Array3dAverage,THREE_D,112,1,2,16,5.35938,74.013,4.692,0.002,6.931,4.296,0.253
Intel Xeon CPU E5-2695 v2 @ 2.40GHz,Array3dAverage,THREE_D,112,1,4,8,5.35938,75.054,5.007,0.002,7.601,3.816,0.157
Intel Xeon CPU E5-2695 v2 @ 2.40GHz,Array3dAverage,THREE_D,112,1,4,16,5.35938,72.632,4.587,0.002,6.1,3.94,0.215
Intel Xeon CPU E5-2695 v2 @ 2.40GHz,Array3dAverage,THREE_D,112,1,8,1,5.35938,96.926,4.817,0.001,7.225,4.91,0.257
Intel Xeon CPU E5-2695 v2 @ 2.40GHz,Array3dAverage,THREE_D,112,1,8,2,5.35938,83.745,5.258,0.001,5.257,4.019,0.255
Intel Xeon CPU E5-2695 v2 @ 2.40GHz,Array3dAverage,THREE_D,112,1,8,4,5.35938,77.847,4.875,0.002,5.315,3.989,0.273
Intel Xeon CPU E5-2695 v2 @ 2.40GHz,Array3dAverage,THREE_D,112,1,8,8,5.35938,79.307,5.029,0.001,6.647,3.922,0.243
Intel Xeon CPU E5-2695 v2 @ 2.40GHz,Array3dAverage,THREE_D,112,1,8,16,5.35938,72.676,4.565,0.002,5.028,4.278,0.212
Intel Xeon CPU E5-2695 v2 @ 2.40GHz,Array3dAverage,THREE_D,112,1,16,1,5.35938,71.683,4.883,0.002,7.874,4.113,0.282
Intel Xeon CPU E5-2695 v2 @ 2.40GHz,Array3dAverage,THREE_D,112,1,16,2,5.35938,108.539,5.103,0.002,5.59,4.098,0.216
Intel Xeon CPU E5-2695 v2 @ 2.40GHz,Array3dAverage,THREE_D,112,1,16,4,5.35938,77.295,5.03,0.002,5.699,4.04,0.191
Intel Xeon CPU E5-2695 v2 @ 2.40GHz,Array3dAverage,THREE_D,112,1,16,8,5.35938,76.181,5.024,0.002,5.061,3.911,0.249
Intel Xeon CPU E5-2695 v2 @ 2.40GHz,Array3dAverage,THREE_D,112,1,16,16,5.35938,80.44,5.228,0.001,3.889,3.641,0.231
Intel Xeon CPU E5-2695 v2 @ 2.40GHz,Array3dAverage,THREE_D,112,2,1,8,5.35938,61.559,2.148,0.004,3.207,2.138,0.15
Intel Xeon CPU E5-2695 v2 @ 2.40GHz,Array3dAverage,THREE_D,112,2,1,16,5.35938,70.593,2.253,0.001,3.306,3.289,0.156
Intel Xeon CPU E5-2695 v2 @ 2.40GHz,Array3dAverage,THREE_D,112,2,2,8,5.35938,61.619,3.072,0.002,2.536,2.157,0.159
Intel Xeon CPU E5-2695 v2 @ 2.40GHz,Array3dAverage,THREE_D,112,2,2,16,5.35938,61.604,3.609,0.002,2.743,2.2,0.169
Intel Xeon CPU E5-2695 v2 @ 2.40GHz,Array3dAverage,THREE_D,112,2,4,8,5.35938,61.594,3.309,0.003,4.752,2.831,0.205
Intel Xeon CPU E5-2695 v2 @ 2.40GHz,Array3dAverage,THREE_D,112,2,4,16,5.35938,67.563,2.243,0.002,3.38,2.159,0.154
Intel Xeon CPU E5-2695 v2 @ 2.40GHz,Array3dAverage,THREE_D,112,2,8,1,5.35938,67.045,1.833,0.001,4.882,3.499,0.206
Intel Xeon CPU E5-2695 v2 @ 2.40GHz,Array3dAverage,THREE_D,112,2,8,2,5.35938,88.04,3.637,0.003,5.416,2.95,0.153
Intel Xeon CPU E5-2695 v2 @ 2.40GHz,Array3dAverage,THREE_D,112,2,8,4,5.35938,65.902,3.115,0.002,2.459,2.248,0.158
Intel Xeon CPU E5-2695 v2 @ 2.40GHz,Array3dAverage,THREE_D,112,2,8,8,5.35938,65.828,3.085,0.001,3.765,2.929,0.139
Intel Xeon CPU E5-2695 v2 @ 2.40GHz,Array3dAverage,THREE_D,112,2,8,16,5.35938,66.121,3.096,0.003,3.834,2.216,0.158
Intel Xeon CPU E5-2695 v2 @ 2.40GHz,Array3dAverage,THREE_D,112,2,16,1,5.35938,71.237,3.36,0.001,5.448,2.156,0.154
Intel Xeon CPU E5-2695 v2 @ 2.40GHz,Array3dAverage,THREE_D,112,2,16,2,5.35938,61.6,2.253,0.002,2.825,2.163,0.147
Intel Xeon CPU E5-2695 v2 @ 2.40GHz,Array3dAverage,THREE_D,112,2,16,4,5.35938,61.543,3,0.003,4.929,2.134,0.143
Intel Xeon CPU E5-2695 v2 @ 2.40GHz,Array3dAverage,THREE_D,112,2,16,8,5.35938,61.543,2.275,0.003,5.009,5.105,0.235
Intel Xeon CPU E5-2695 v2 @ 2.40GHz,Array3dAverage,THREE_D,112,2,16,16,5.35938,61.545,5.189,0.001,4.959,3.94,0.254
Intel Xeon CPU E5-2695 v2 @ 2.40GHz,Array3dAverage,THREE_D,112,4,1,8,5.35938,77.523,4.551,0.001,3.571,3.895,0.278
Intel Xeon CPU E5-2695 v2 @ 2.40GHz,Array3dAverage,THREE_D,112,4,1,16,5.35938,77.424,4.651,0.001,3.879,3.871,0.257
Intel Xeon CPU E5-2695 v2 @ 2.40GHz,Array3dAverage,THREE_D,112,4,2,8,5.35938,76.86,3.396,0.003,2.034,2.773,0.152
Intel Xeon CPU E5-2695 v2 @ 2.40GHz,Array3dAverage,THREE_D,112,4,2,16,5.35938,64.546,3.424,0.004,2.518,3.464,0.178
Intel Xeon CPU E5-2695 v2 @ 2.40GHz,Array3dAverage,THREE_D,112,4,4,8,5.35938,64.13,2.652,0.001,2.79,3.424,0.176
Intel Xeon CPU E5-2695 v2 @ 2.40GHz,Array3dAverage,THREE_D,112,4,4,16,5.35938,66.946,3.615,0.002,2.706,2.212,0.162
Intel Xeon CPU E5-2695 v2 @ 2.40GHz,Array3dAverage,THREE_D,112,4,8,1,5.35938,69.248,3.299,0.001,3.67,2.311,0.145
Intel Xeon CPU E5-2695 v2 @ 2.40GHz,Array3dAverage,THREE_D,112,4,8,2,5.35938,66.413,3.31,0.003,2.982,2.314,0.178
Intel Xeon CPU E5-2695 v2 @ 2.40GHz,Array3dAverage,THREE_D,112,4,8,4,5.35938,70.642,3.584,0.002,2.848,2.473,0.158
Intel Xeon CPU E5-2695 v2 @ 2.40GHz,Array3dAverage,THREE_D,112,4,8,8,5.35938,65.136,2.744,0.003,2.61,3.468,0.183
Intel Xeon CPU E5-2695 v2 @ 2.40GHz,Array3dAverage,THREE_D,112,4,8,16,5.35938,67.142,3.602,0.002,2.646,2.673,0.263
Intel Xeon CPU E5-2695 v2 @ 2.40GHz,Array3dAverage,THREE_D,112,4,16,1,5.35938,66.569,1.889,0.002,3.174,2.345,0.148
Intel Xeon CPU E5-2695 v2 @ 2.40GHz,Array3dAverage,THREE_D,112,4,16,2,5.35938,61.554,2.253,0.003,3.003,2.162,0.137
Intel Xeon CPU E5-2695 v2 @ 2.40GHz,Array3dAverage,THREE_D,112,4,16,4,5.35938,61.556,2.257,0.001,2.995,2.156,0.135
Intel Xeon CPU E5-2695 v2 @ 2.40GHz,Array3dAverage,THREE_D,112,4,16,8,5.35938,73.064,2.252,0.002,2.985,2.164,0.138
Intel Xeon CPU E5-2695 v2 @ 2.40GHz,Array3dAverage,THREE_D,112,4,16,16,5.35938,61.553,2.254,0.002,2.897,2.172,0.139
Intel Xeon CPU E5-2695 v2 @ 2.40GHz,Array3dAverage,THREE_D,112,8,1,1,5.35938,67.317,1.852,0.001,6.092,2.226,0.159
Intel Xeon CPU E5-2695 v2 @ 2.40GHz,Array3dAverage,THREE_D,112,8,1,2,5.35938,62.408,2.264,0.002,4.212,2.175,0.147
Intel Xeon CPU E5-2695 v2 @ 2.40GHz,Array3dAverage,THREE_D,112,8,1,4,5.35938,61.491,2.273,0.003,3.431,2.153,0.152
Intel Xeon CPU E5-2695 v2 @ 2.40GHz,Array3dAverage,THREE_D,112,8,1,8,5.35938,61.494,2.253,0.004,2.845,2.179,0.141
Intel Xeon CPU E5-2695 v2 @ 2.40GHz,Array3dAverage,THREE_D,112,8,1,16,5.35938,61.555,2.272,0.001,2.611,2.169,0.144
Intel Xeon CPU E5-2695 v2 @ 2.40GHz,Array3dAverage,THREE_D,112,8,2,1,5.35938,71.199,1.907,0.002,4.478,2.223,0.146
Intel Xeon CPU E5-2695 v2 @ 2.40GHz,Array3dAverage,THREE_D,112,8,2,2,5.35938,61.55,2.26,0.002,3.408,2.164,0.13
Intel Xeon CPU E5-2695 v2 @ 2.40GHz,Array3dAverage,THREE_D,112,8,2,4,5.35938,61.495,2.259,0.002,2.891,2.164,0.131
Intel Xeon CPU E5-2695 v2 @ 2.40GHz,Array3dAverage,THREE_D,112,8,2,8,5.35938,67.559,2.261,0.003,2.578,2.158,0.127
Intel Xeon CPU E5-2695 v2 @ 2.40GHz,Array3dAverage,THREE_D,112,8,2,16,5.35938,61.541,2.265,0.002,2.47,2.171,0.138
Intel Xeon CPU E5-2695 v2 @ 2.40GHz,Array3dAverage,THREE_D,112,8,4,1,5.35938,66.942,1.863,0.001,3.432,2.226,0.151
Intel Xeon CPU E5-2695 v2 @ 2.40GHz,Array3dAverage,THREE_D,112,8,4,2,5.35938,61.495,2.239,0.002,3.428,2.231,0.13
Intel Xeon CPU E5-2695 v2 @ 2.40GHz,Array3dAverage,THREE_D,112,8,4,4,5.35938,61.496,2.27,0.001,2.643,2.321,0.136
Intel Xeon CPU E5-2695 v2 @ 2.40GHz,Array3dAverage,THREE_D,112,8,4,8,5.35938,61.543,2.24,0.001,2.078,2.186,0.138
Intel Xeon CPU E5-2695 v2 @ 2.40GHz,Array3dAverage,THREE_D,112,8,4,16,5.35938,61.542,2.242,0.002,2.38,2.165,0.136
Intel Xeon CPU E5-2695 v2 @ 2.40GHz,Array3dAverage,THREE_D,112,8,8,1,5.35938,65.861,1.878,0.001,3.362,3.495,0.153
Intel Xeon CPU E5-2695 v2 @ 2.40GHz,Array3dAverage,THREE_D,112,8,8,2,5.35938,70.502,3.572,0.002,2.138,3.489,0.185
Intel Xeon CPU E5-2695 v2 @ 2.40GHz,Array3dAverage,THREE_D,112,8,8,4,5.35938,72.006,3.578,0.001,2.183,2.172,0.142
Intel Xeon CPU E5-2695 v2 @ 2.40GHz,Array3dAverage,THREE_D,112,8,8,8,5.35938,66.655,2.235,0.001,2.307,2.161,0.131
Intel Xeon CPU E5-2695 v2 @ 2.40GHz,Array3dAverage,THREE_D,112,8,8,16,5.35938,71.187,2.235,0.002,2.275,2.161,0.139
Intel Xeon CPU E5-2695 v2 @ 2.40GHz,Array3dAverage,THREE_D,112,8,16,1,5.35938,78.566,2.257,0.004,2.504,2.159,0.133
Intel Xeon CPU E5-2695 v2 @ 2.40GHz,Array3dAverage,THREE_D,112,8,16,2,5.35938,61.464,2.264,0.002,2.403,2.155,0.132
Intel Xeon CPU E5-2695 v2 @ 2.40GHz,Array3dAverage,THREE_D,112,8,16,4,5.35938,61.498,3.407,0.016,2.164,2.476,0.139
Intel Xeon CPU E5-2695 v2 @ 2.40GHz,Array3dAverage,THREE_D,112,8,16,8,5.35938,61.555,2.25,0.002,2.129,2.19,0.134
Intel Xeon CPU E5-2695 v2 @ 2.40GHz,Array3dAverage,THREE_D,112,16,1,1,5.35938,67.173,1.893,0.002,4.232,2.175,0.129
Intel Xeon CPU E5-2695 v2 @ 2.40GHz,Array3dAverage,THREE_D,112,16,1,2,5.35938,72.541,2.26,0.004,3.184,2.227,0.128
Intel Xeon CPU E5-2695 v2 @ 2.40GHz,Array3dAverage,THREE_D,112,16,1,4,5.35938,80.116,2.248,0.002,2.364,3.429,0.133
Intel Xeon CPU E5-2695 v2 @ 2.40GHz,Array3dAverage,THREE_D,112,16,1,8,5.35938,66.607,3.588,0.001,2.281,2.21,0.142
Intel Xeon CPU E5-2695 v2 @ 2.40GHz,Array3dAverage,THREE_D,112,16,1,16,5.35938,67.915,3.416,0.003,2.149,2.893,0.14
Intel Xeon CPU E5-2695 v2 @ 2.40GHz,Array3dAverage,THREE_D,112,16,2,1,5.35938,67.112,3.302,0.002,3.384,2.232,0.129
Intel Xeon CPU E5-2695 v2 @ 2.40GHz,Array3dAverage,THREE_D,112,16,2,2,5.35938,70.006,3.522,0.002,2.469,3.408,0.167
Intel Xeon CPU E5-2695 v2 @ 2.40GHz,Array3dAverage,THREE_D,112,16,2,4,5.35938,66.474,3.551,0.003,2.206,2.213,0.138
Intel Xeon CPU E5-2695 v2 @ 2.40GHz,Array3dAverage,THREE_D,112,16,2,8,5.35938,64.549,3.347,0.003,2.13,3.294,0.133
Intel Xeon CPU E5-2695 v2 @ 2.40GHz,Array3dAverage,THREE_D,112,16,2,16,5.35938,61.609,3.108,0.002,1.981,3.249,0.136
Intel Xeon CPU E5-2695 v2 @ 2.40GHz,Array3dAverage,THREE_D,112,16,4,1,5.35938,65.177,3.146,0.002,2.653,3.599,0.154
Intel Xeon CPU E5-2695 v2 @ 2.40GHz,Array3dAverage,THREE_D,112,16,4,2,5.35938,65.81,3.574,0.002,1.985,2.293,0.161
Intel Xeon CPU E5-2695 v2 @ 2.40GHz,Array3dAverage,THREE_D,112,16,4,4,5.35938,64.716,3.06,0.003,1.582,2.504,0.185
Intel Xeon CPU E5-2695 v2 @ 2.40GHz,Array3dAverage,THREE_D,112,16,4,8,5.35938,62.639,2.214,0.001,1.553,2.158,0.144
Intel Xeon CPU E5-2695 v2 @ 2.40GHz,Array3dAverage,THREE_D,112,16,4,16,5.35938,61.532,2.191,0.002,1.957,2.363,0.129
Intel Xeon CPU E5-2695 v2 @ 2.40GHz,Array3dAverage,THREE_D,112,16,8,1,5.35938,61.546,2.219,0.001,2.287,2.18,0.121
Intel Xeon CPU E5-2695 v2 @ 2.40GHz,Array3dAverage,THREE_D,112,16,8,2,5.35938,66.605,2.184,0.002,2.105,2.162,0.125
Intel Xeon CPU E5-2695 v2 @ 2.40GHz,Array3dAverage,THREE_D,112,16,8,4,5.35938,61.517,2.163,0.003,1.988,2.184,0.128
Intel Xeon CPU E5-2695 v2 @ 2.40GHz,Array3dAverage,THREE_D,112,16,8,8,5.35938,61.555,2.166,0.002,1.982,2.165,0.125
Intel Xeon CPU E5-2695 v2 @ 2.40GHz,Array3dAverage,THREE_D,112,16,16,1,5.35938,66.589,2.135,0.002,2.083,2.178,0.125
Intel Xeon CPU E5-2695 v2 @ 2.40GHz,Array3dAverage,THREE_D,112,16,16,2,5.35938,61.544,2.124,0.001,1.969,2.184,0.133
Intel Xeon CPU E5-2695 v2 @ 2.40GHz,Array3dAverage,THREE_D,112,16,16,4,5.35938,61.555,2.153,0.001,1.99,2.172,0.126
Intel Xeon CPU E5-2695 v2 @ 2.40GHz,Array3dAverage,THREE_D,112,1,1,8,5.35938,74.14,2.476,0.002,6.328,3.538,0.179
Intel Xeon CPU E5-2695 v2 @ 2.40GHz,Array3dAverage,THREE_D,112,1,1,16,5.35938,76.811,2.947,0.002,4.78,3.495,0.196
Intel Xeon CPU E5-2695 v2 @ 2.40GHz,Array3dAverage,THREE_D,112,1,2,8,5.35938,103.634,3.835,0.001,3.865,2.186,0.219
Intel Xeon CPU E5-2695 v2 @ 2.40GHz,Array3dAverage,THREE_D,112,1,2,16,5.35938,74.152,2.954,0.001,3.864,2.282,0.177
Intel Xeon CPU E5-2695 v2 @ 2.40GHz,Array3dAverage,THREE_D,112,1,4,8,5.35938,71.077,3.776,0.002,5.317,2.285,0.237
Intel Xeon CPU E5-2695 v2 @ 2.40GHz,Array3dAverage,THREE_D,112,1,4,16,5.35938,76.758,3.522,0.001,5.578,2.298,0.266
Intel Xeon CPU E5-2695 v2 @ 2.40GHz,Array3dAverage,THREE_D,112,1,8,1,5.35938,74.264,3.52,0.002,9.34,2.38,0.293
Intel Xeon CPU E5-2695 v2 @ 2.40GHz,Array3dAverage,THREE_D,112,1,8,2,5.35938,79.326,3.636,0.002,5.421,2.323,0.231
Intel Xeon CPU E5-2695 v2 @ 2.40GHz,Array3dAverage,THREE_D,112,1,8,4,5.35938,103.284,3.972,0.001,6.447,2.264,0.159
Intel Xeon CPU E5-2695 v2 @ 2.40GHz,Array3dAverage,THREE_D,112,1,8,8,5.35938,73.541,3.163,0.001,5.946,3.638,0.225
Intel Xeon CPU E5-2695 v2 @ 2.40GHz,Array3dAverage,THREE_D,112,1,8,16,5.35938,77.484,3.002,0.001,4.033,3.574,0.214
Intel Xeon CPU E5-2695 v2 @ 2.40GHz,Array3dAverage,THREE_D,112,1,16,1,5.35938,76.573,3.564,0.001,5.934,2.394,0.304
Intel Xeon CPU E5-2695 v2 @ 2.40GHz,Array3dAverage,THREE_D,112,1,16,2,5.35938,77.611,3.557,0.001,5.179,2.351,0.24
Intel Xeon CPU E5-2695 v2 @ 2.40GHz,Array3dAverage,THREE_D,112,1,16,4,5.35938,91.446,3.475,0.002,3.821,2.316,0.175
Intel Xeon CPU E5-2695 v2 @ 2.40GHz,Array3dAverage,THREE_D,112,1,16,8,5.35938,76.826,3.815,0.002,4.489,2.317,0.252
Intel Xeon CPU E5-2695 v2 @ 2.40GHz,Array3dAverage,THREE_D,112,1,16,16,5.35938,78.642,3.473,0.001,4.521,2.305,0.26
Intel Xeon CPU E5-2695 v2 @ 2.40GHz,Array3dAverage,THREE_D,112,2,1,8,5.35938,74.128,3.396,0.001,3.702,3.503,0.182
Intel Xeon CPU E5-2695 v2 @ 2.40GHz,Array3dAverage,THREE_D,112,2,1,16,5.35938,77.118,3.548,0.002,3.779,2.263,0.195
Intel Xeon CPU E5-2695 v2 @ 2.40GHz,Array3dAverage,THREE_D,112,2,2,8,5.35938,77.568,3.793,0.001,3.934,2.238,0.148
Intel Xeon CPU E5-2695 v2 @ 2.40GHz,Array3dAverage,THREE_D,112,2,2,16,5.35938,76.315,3.487,0.001,4.739,2.277,0.237
Intel Xeon CPU E5-2695 v2 @ 2.40GHz,Array3dAverage,THREE_D,112,2,4,8,5.35938,72.681,3.632,0.002,3.613,2.245,0.198
Intel Xeon CPU E5-2695 v2 @ 2.40GHz,Array3dAverage,THREE_D,112,2,4,16,5.35938,78.512,3.361,0.002,3.008,2.259,0.202
Intel Xeon CPU E5-2695 v2 @ 2.40GHz,Array3dAverage,THREE_D,112,2,8,1,5.35938,75.132,3.616,0.002,4.131,2.339,0.244
Intel Xeon CPU E5-2695 v2 @ 2.40GHz,Array3dAverage,THREE_D,112,2,8,2,5.35938,72.648,3.331,0.001,5.051,3.652,0.211
Intel Xeon CPU E5-2695 v2 @ 2.40GHz,Array3dAverage,THREE_D,112,2,8,4,5.35938,77.317,3.652,0.001,3.547,2.294,0.259
Intel Xeon CPU E5-2695 v2 @ 2.40GHz,Array3dAverage,THREE_D,112,2,8,8,5.35938,77.002,3.768,0.001,4.525,2.289,0.238
Intel Xeon CPU E5-2695 v2 @ 2.40GHz,Array3dAverage,THREE_D,112,2,8,16,5.35938,94.387,3.789,0.001,3.457,2.274,0.144
Intel Xeon CPU E5-2695 v2 @ 2.40GHz,Array3dAverage,THREE_D,112,2,16,1,5.35938,75.613,3.541,0.002,5.514,2.366,0.239
Intel Xeon CPU E5-2695 v2 @ 2.40GHz,Array3dAverage,THREE_D,112,2,16,2,5.35938,98.536,3.669,0.002,4.878,2.307,0.252
Intel Xeon CPU E5-2695 v2 @ 2.40GHz,Array3dAverage,THREE_D,112,2,16,4,5.35938,94.478,3.409,0.001,3.428,2.308,0.157
Intel Xeon CPU E5-2695 v2 @ 2.40GHz,Array3dAverage,THREE_D,112,2,16,8,5.35938,76.598,3.306,0.001,3.216,3.223,0.133
Intel Xeon CPU E5-2695 v2 @ 2.40GHz,Array3dAverage,THREE_D,112,2,16,16,5.35938,70.503,4.885,0.002,5.099,3.829,0.151
Intel Xeon CPU E5-2695 v2 @ 2.40GHz,Array3dAverage,THREE_D,112,4,1,8,5.35938,70.249,4.796,0.002,3.705,3.858,0.15
Intel Xeon CPU E5-2695 v2 @ 2.40GHz,Array3dAverage,THREE_D,112,4,1,16,5.35938,72.691,4.754,0.003,3.303,3.809,0.168
Intel Xeon CPU E5-2695 v2 @ 2.40GHz,Array3dAverage,THREE_D,112,4,2,8,5.35938,66.769,4.544,0.003,3.808,3.828,0.155
Intel Xeon CPU E5-2695 v2 @ 2.40GHz,Array3dAverage,THREE_D,112,4,2,16,5.35938,94.196,4.784,0.001,3.38,3.833,0.167
Intel Xeon CPU E5-2695 v2 @ 2.40GHz,Array3dAverage,THREE_D,112,4,4,8,5.35938,80.144,3.877,0.001,3.556,3.792,0.14
Intel Xeon CPU E5-2695 v2 @ 2.40GHz,Array3dAverage,THREE_D,112,4,4,16,5.35938,61.558,3.981,0.002,3.269,4.084,0.143
Intel Xeon CPU E5-2695 v2 @ 2.40GHz,Array3dAverage,THREE_D,112,4,8,1,5.35938,70.09,3.572,0.001,4.221,4.053,0.149
Intel Xeon CPU E5-2695 v2 @ 2.40GHz,Array3dAverage,THREE_D,112,4,8,2,5.35938,88.084,4.02,0.002,3.95,4.718,0.206
Intel Xeon CPU E5-2695 v2 @ 2.40GHz,Array3dAverage,THREE_D,112,4,8,4,5.35938,87.804,3.989,0.003,3.434,3.821,0.147
Intel Xeon CPU E5-2695 v2 @ 2.40GHz,Array3dAverage,THREE_D,112,4,8,8,5.35938,68.059,4.001,0.001,3.368,4.068,0.168
Intel Xeon CPU E5-2695 v2 @ 2.40GHz,Array3dAverage,THREE_D,112,4,8,16,5.35938,98.213,4.013,0.002,3.286,3.821,0.137
Intel Xeon CPU E5-2695 v2 @ 2.40GHz,Array3dAverage,THREE_D,112,4,16,1,5.35938,68.064,3.575,0.002,3.675,3.996,0.136
Intel Xeon CPU E5-2695 v2 @ 2.40GHz,Array3dAverage,THREE_D,112,4,16,2,5.35938,61.497,4.023,0.001,3.46,3.841,0.149
Intel Xeon CPU E5-2695 v2 @ 2.40GHz,Array3dAverage,THREE_D,112,4,16,4,5.35938,61.969,4.014,0.004,3.303,3.807,0.134
Intel Xeon CPU E5-2695 v2 @ 2.40GHz,Array3dAverage,THREE_D,112,4,16,8,5.35938,61.579,3.996,0.002,2.414,4.76,0.204
Intel Xeon CPU E5-2695 v2 @ 2.40GHz,Array3dAverage,THREE_D,112,4,16,16,5.35938,61.58,4.445,0.001,3.198,3.868,0.148
Intel Xeon CPU E5-2695 v2 @ 2.40GHz,Array3dAverage,THREE_D,112,8,1,1,5.35938,76.086,3.843,0.001,6.415,2.617,0.201
Intel Xeon CPU E5-2695 v2 @ 2.40GHz,Array3dAverage,THREE_D,112,8,1,2,5.35938,86.234,3.833,0.001,5.621,3.588,0.14
Intel Xeon CPU E5-2695 v2 @ 2.40GHz,Array3dAverage,THREE_D,112,8,1,4,5.35938,73.12,3.936,0.001,4.293,3.593,0.155
Intel Xeon CPU E5-2695 v2 @ 2.40GHz,Array3dAverage,THREE_D,112,8,1,8,5.35938,79.542,3.878,0.001,3.735,2.269,0.135
Intel Xeon CPU E5-2695 v2 @ 2.40GHz,Array3dAverage,THREE_D,112,8,1,16,5.35938,73.757,3.758,0.001,2.122,2.25,0.166
Intel Xeon CPU E5-2695 v2 @ 2.40GHz,Array3dAverage,THREE_D,112,8,2,1,5.35938,74.718,3.028,0.001,3.761,2.363,0.169
Intel Xeon CPU E5-2695 v2 @ 2.40GHz,Array3dAverage,THREE_D,112,8,2,2,5.35938,83.33,3.756,0.001,3.637,3.64,0.234
Intel Xeon CPU E5-2695 v2 @ 2.40GHz,Array3dAverage,THREE_D,112,8,2,4,5.35938,81.559,3.892,0.002,2.756,2.272,0.138
Intel Xeon CPU E5-2695 v2 @ 2.40GHz,Array3dAverage,THREE_D,112,8,2,8,5.35938,73.794,3.625,0.001,2.579,2.308,0.173
Intel Xeon CPU E5-2695 v2 @ 2.40GHz,Array3dAverage,THREE_D,112,8,2,16,5.35938,78.107,3.471,0.002,3.163,3.621,0.137
Intel Xeon CPU E5-2695 v2 @ 2.40GHz,Array3dAverage,THREE_D,112,8,4,1,5.35938,75.618,3.519,0.002,4.053,2.352,0.213
Intel Xeon CPU E5-2695 v2 @ 2.40GHz,Array3dAverage,THREE_D,112,8,4,2,5.35938,99.872,3.504,0.001,2.979,2.287,0.132
Intel Xeon CPU E5-2695 v2 @ 2.40GHz,Array3dAverage,THREE_D,112,8,4,4,5.35938,73.771,3.664,0.001,1.722,2.311,0.185
Intel Xeon CPU E5-2695 v2 @ 2.40GHz,Array3dAverage,THREE_D,112,8,4,8,5.35938,77.705,3.657,0.002,3.05,3.678,0.15
Intel Xeon CPU E5-2695 v2 @ 2.40GHz,Array3dAverage,THREE_D,112,8,4,16,5.35938,75.649,3.03,0.001,1.888,2.288,0.154
Intel Xeon CPU E5-2695 v2 @ 2.40GHz,Array3dAverage,THREE_D,112,8,8,1,5.35938,76.4,2.797,0.001,2.174,2.379,0.153
Intel Xeon CPU E5-2695 v2 @ 2.40GHz,Array3dAverage,THREE_D,112,8,8,2,5.35938,76.214,3.625,0.001,2.777,4.368,0.149
Intel Xeon CPU E5-2695 v2 @ 2.40GHz,Array3dAverage,THREE_D,112,8,8,4,5.35938,75.544,4.229,0.001,2.121,4.752,0.184
Intel Xeon CPU E5-2695 v2 @ 2.40GHz,Array3dAverage,THREE_D,112,8,8,8,5.35938,66.675,4.554,0.004,2.277,3.89,0.148
Intel Xeon CPU E5-2695 v2 @ 2.40GHz,Array3dAverage,THREE_D,112,8,8,16,5.35938,72.737,4.82,0.002,2.311,4.361,0.14
Intel Xeon CPU E5-2695 v2 @ 2.40GHz,Array3dAverage,THREE_D,112,8,16,1,5.35938,65.669,4.432,0.003,2.431,3.893,0.146
Intel Xeon CPU E5-2695 v2 @ 2.40GHz,Array3dAverage,THREE_D,112,8,16,2,5.35938,72.175,4.9,0.003,2.361,4.264,0.144
Intel Xeon CPU E5-2695 v2 @ 2.40GHz,Array3dAverage,THREE_D,112,8,16,4,5.35938,65.136,4.432,0.002,2.304,4.722,0.149
Intel Xeon CPU E5-2695 v2 @ 2.40GHz,Array3dAverage,THREE_D,112,8,16,8,5.35938,62.124,4.907,0.001,2.302,4.161,0.138
Intel Xeon CPU E5-2695 v2 @ 2.40GHz,Array3dAverage,THREE_D,112,16,1,1,5.35938,70.573,4.524,0.003,4.517,4.365,0.17
Intel Xeon CPU E5-2695 v2 @ 2.40GHz,Array3dAverage,THREE_D,112,16,1,2,5.35938,85.686,4.006,0.002,3.194,3.845,0.129
Intel Xeon CPU E5-2695 v2 @ 2.40GHz,Array3dAverage,THREE_D,112,16,1,4,5.35938,61.596,4.027,0.001,2.634,3.851,0.133
Intel Xeon CPU E5-2695 v2 @ 2.40GHz,Array3dAverage,THREE_D,112,16,1,8,5.35938,61.52,3.965,0.001,2.39,3.835,0.128
Intel Xeon CPU E5-2695 v2 @ 2.40GHz,Array3dAverage,THREE_D,112,16,1,16,5.35938,61.553,3.971,0.001,2.295,3.844,0.131
Intel Xeon CPU E5-2695 v2 @ 2.40GHz,Array3dAverage,THREE_D,112,16,2,1,5.35938,70.005,3.501,0.003,3.187,3.991,0.145
Intel Xeon CPU E5-2695 v2 @ 2.40GHz,Array3dAverage,THREE_D,112,16,2,2,5.35938,61.481,3.98,0.001,2.487,3.855,0.132
Intel Xeon CPU E5-2695 v2 @ 2.40GHz,Array3dAverage,THREE_D,112,16,2,4,5.35938,61.527,4.002,0.003,2.402,3.848,0.128
Intel Xeon CPU E5-2695 v2 @ 2.40GHz,Array3dAverage,THREE_D,112,16,2,8,5.35938,61.482,3.924,0.003,2.205,3.853,0.131
Intel Xeon CPU E5-2695 v2 @ 2.40GHz,Array3dAverage,THREE_D,112,16,2,16,5.35938,61.551,3.955,0.004,2.167,3.856,0.125
Intel Xeon CPU E5-2695 v2 @ 2.40GHz,Array3dAverage,THREE_D,112,16,4,1,5.35938,70.28,3.501,0.003,2.592,3.986,0.131
Intel Xeon CPU E5-2695 v2 @ 2.40GHz,Array3dAverage,THREE_D,112,16,4,2,5.35938,61.483,3.984,0.002,2.32,3.856,0.131
Intel Xeon CPU E5-2695 v2 @ 2.40GHz,Array3dAverage,THREE_D,112,16,4,4,5.35938,61.548,3.899,0.002,2.287,3.813,0.126
Intel Xeon CPU E5-2695 v2 @ 2.40GHz,Array3dAverage,THREE_D,112,16,4,8,5.35938,77.694,3.777,0.004,2.154,3.83,0.13
Intel Xeon CPU E5-2695 v2 @ 2.40GHz,Array3dAverage,THREE_D,112,16,4,16,5.35938,61.546,3.828,0.001,1.89,4.71,0.149
Intel Xeon CPU E5-2695 v2 @ 2.40GHz,Array3dAverage,THREE_D,112,16,8,1,5.35938,66.67,4.473,0.002,1.783,3.867,0.136
Intel Xeon CPU E5-2695 v2 @ 2.40GHz,Array3dAverage,THREE_D,112,16,8,2,5.35938,67.876,4.667,0.003,1.686,3.834,0.14
Intel Xeon CPU E5-2695 v2 @ 2.40GHz,Array3dAverage,THREE_D,112,16,8,4,5.35938,64.142,4.466,0.002,1.651,4.705,0.192
Intel Xeon CPU E5-2695 v2 @ 2.40GHz,Array3dAverage,THREE_D,112,16,8,8,5.35938,66.565,4.285,0.002,1.62,4.753,0.184
Intel Xeon CPU E5-2695 v2 @ 2.40GHz,Array3dAverage,THREE_D,112,16,16,1,5.35938,67.554,4.557,0.002,1.667,3.864,0.135
Intel Xeon CPU E5-2695 v2 @ 2.40GHz,Array3dAverage,THREE_D,112,16,16,2,5.35938,68.59,4.437,0.003,1.569,4.002,0.163
Intel Xeon CPU E5-2695 v2 @ 2.40GHz,Array3dAverage,THREE_D,112,16,16,4,5.35938,64.56,3.949,0.002,1.616,4.799,0.177
