device/C,kernel/C,workDimension/C,cubeLength/F,xLocal/I,yLocal/I,zLocal/I,MB/F,init/F,memoryCopyOut/F,plan/F,execute/F,memoryCopyIn/F,cleanUp/F
Intel Xeon CPU E5-2695 v2 @ 2.40GHz,Array3dAverage,THREE_D,80,1,1,1,1.95312,21.883,3.274,0.002,18.062,1.249,0.196
Intel Xeon CPU E5-2695 v2 @ 2.40GHz,Array3dAverage,THREE_D,80,1,1,2,1.95312,25.221,1.054,0.001,4.902,1.539,0.179
Intel Xeon CPU E5-2695 v2 @ 2.40GHz,Array3dAverage,THREE_D,80,1,1,4,1.95312,27.237,1.485,0.002,2.823,1.207,0.17
Intel Xeon CPU E5-2695 v2 @ 2.40GHz,Array3dAverage,THREE_D,80,1,1,8,1.95312,25.895,1.043,0.002,1.687,1.191,0.159
Intel Xeon CPU E5-2695 v2 @ 2.40GHz,Array3dAverage,THREE_D,80,1,1,16,1.95312,25.906,1.044,0.001,2.763,1.566,0.166
Intel Xeon CPU E5-2695 v2 @ 2.40GHz,Array3dAverage,THREE_D,80,1,2,1,1.95312,26.763,1.632,0.001,4.254,1.202,0.176
Intel Xeon CPU E5-2695 v2 @ 2.40GHz,Array3dAverage,THREE_D,80,1,2,2,1.95312,25.494,1.059,0.001,2.316,1.179,0.254
Intel Xeon CPU E5-2695 v2 @ 2.40GHz,Array3dAverage,THREE_D,80,1,2,4,1.95312,27.591,1.019,0.002,1.85,1.566,0.159
Intel Xeon CPU E5-2695 v2 @ 2.40GHz,Array3dAverage,THREE_D,80,1,2,8,1.95312,25.972,1.491,0.001,1.602,1.533,0.167
Intel Xeon CPU E5-2695 v2 @ 2.40GHz,Array3dAverage,THREE_D,80,1,2,16,1.95312,26.637,1.469,0.001,2.423,1.56,0.166
Intel Xeon CPU E5-2695 v2 @ 2.40GHz,Array3dAverage,THREE_D,80,1,4,1,1.95312,25.194,1.639,0.001,3.165,1.514,0.152
Intel Xeon CPU E5-2695 v2 @ 2.40GHz,Array3dAverage,THREE_D,80,1,4,2,1.95312,26.044,1.507,0.002,2.086,1.538,0.158
Intel Xeon CPU E5-2695 v2 @ 2.40GHz,Array3dAverage,THREE_D,80,1,4,4,1.95312,26.69,1.463,0.001,1.622,1.562,0.157
Intel Xeon CPU E5-2695 v2 @ 2.40GHz,Array3dAverage,THREE_D,80,1,4,8,1.95312,26.757,1.607,0.001,1.432,1.471,0.157
Intel Xeon CPU E5-2695 v2 @ 2.40GHz,Array3dAverage,THREE_D,80,1,4,16,1.95312,26.512,1.498,0.002,2.658,1.219,0.168
Intel Xeon CPU E5-2695 v2 @ 2.40GHz,Array3dAverage,THREE_D,80,1,8,1,1.95312,24.77,1.455,0.001,2.263,1.508,0.141
Intel Xeon CPU E5-2695 v2 @ 2.40GHz,Array3dAverage,THREE_D,80,1,8,2,1.95312,26.643,1.601,0.001,1.797,1.492,0.149
Intel Xeon CPU E5-2695 v2 @ 2.40GHz,Array3dAverage,THREE_D,80,1,8,4,1.95312,27.154,1.611,0.001,1.604,1.49,0.16
Intel Xeon CPU E5-2695 v2 @ 2.40GHz,Array3dAverage,THREE_D,80,1,8,8,1.95312,26.469,1.616,0.001,1.964,0.943,0.13
Intel Xeon CPU E5-2695 v2 @ 2.40GHz,Array3dAverage,THREE_D,80,1,8,16,1.95312,24.708,0.908,0,2.24,1.499,0.189
Intel Xeon CPU E5-2695 v2 @ 2.40GHz,Array3dAverage,THREE_D,80,1,16,1,1.95312,25.19,1.578,0,2.858,1.537,0.142
Intel Xeon CPU E5-2695 v2 @ 2.40GHz,Array3dAverage,THREE_D,80,1,16,2,1.95312,27.014,1.596,0.001,3.896,1.48,0.168
Intel Xeon CPU E5-2695 v2 @ 2.40GHz,Array3dAverage,THREE_D,80,1,16,4,1.95312,34.419,1.614,0.001,2.704,1.5,0.14
Intel Xeon CPU E5-2695 v2 @ 2.40GHz,Array3dAverage,THREE_D,80,1,16,8,1.95312,26.865,1.612,0,2.508,1.177,0.135
Intel Xeon CPU E5-2695 v2 @ 2.40GHz,Array3dAverage,THREE_D,80,1,16,16,1.95312,25.889,1.195,0.001,1.504,1.509,0.14
Intel Xeon CPU E5-2695 v2 @ 2.40GHz,Array3dAverage,THREE_D,80,2,1,1,1.95312,26.335,1.526,0.002,5.586,1.553,0.144
Intel Xeon CPU E5-2695 v2 @ 2.40GHz,Array3dAverage,THREE_D,80,2,1,2,1.95312,30.429,1.642,0.001,2.893,1.509,0.142
Intel Xeon CPU E5-2695 v2 @ 2.40GHz,Array3dAverage,THREE_D,80,2,1,4,1.95312,27.099,1.606,0.001,1.871,1.466,0.164
Intel Xeon CPU E5-2695 v2 @ 2.40GHz,Array3dAverage,THREE_D,80,2,1,8,1.95312,27.106,1.602,0.001,1.519,1.337,0.143
Intel Xeon CPU E5-2695 v2 @ 2.40GHz,Array3dAverage,THREE_D,80,2,1,16,1.95312,26.459,1.35,0.001,1.606,0.941,0.125
Intel Xeon CPU E5-2695 v2 @ 2.40GHz,Array3dAverage,THREE_D,80,2,2,1,1.95312,24.801,1.605,0,2.629,1.19,0.305
Intel Xeon CPU E5-2695 v2 @ 2.40GHz,Array3dAverage,THREE_D,80,2,2,2,1.95312,25.212,1.366,0.002,1.649,1.193,0.164
Intel Xeon CPU E5-2695 v2 @ 2.40GHz,Array3dAverage,THREE_D,80,2,2,4,1.95312,25.222,1.01,0.001,1.071,1.487,0.142
Intel Xeon CPU E5-2695 v2 @ 2.40GHz,Array3dAverage,THREE_D,80,2,2,8,1.95312,26.287,1.032,0.002,1.323,1.537,0.149
Intel Xeon CPU E5-2695 v2 @ 2.40GHz,Array3dAverage,THREE_D,80,2,2,16,1.95312,29.718,1.58,0.001,1.406,1.548,0.155
Intel Xeon CPU E5-2695 v2 @ 2.40GHz,Array3dAverage,THREE_D,80,2,4,1,1.95312,26.827,1.571,0.002,1.495,1.129,0.152
Intel Xeon CPU E5-2695 v2 @ 2.40GHz,Array3dAverage,THREE_D,80,2,4,2,1.95312,26.251,1.279,0.002,1.535,1.54,0.147
Intel Xeon CPU E5-2695 v2 @ 2.40GHz,Array3dAverage,THREE_D,80,2,4,4,1.95312,26.691,1.631,0.001,1.293,1.461,0.162
Intel Xeon CPU E5-2695 v2 @ 2.40GHz,Array3dAverage,THREE_D,80,2,4,8,1.95312,27.518,1.626,0.001,2.14,1.514,0.146
Intel Xeon CPU E5-2695 v2 @ 2.40GHz,Array3dAverage,THREE_D,80,2,4,16,1.95312,28.439,1.59,0.001,2.22,1.493,0.149
Intel Xeon CPU E5-2695 v2 @ 2.40GHz,Array3dAverage,THREE_D,80,2,8,1,1.95312,29.713,1.533,0.002,1.578,1.54,0.134
Intel Xeon CPU E5-2695 v2 @ 2.40GHz,Array3dAverage,THREE_D,80,2,8,2,1.95312,26.367,1.661,0.001,1.409,1.527,0.15
Intel Xeon CPU E5-2695 v2 @ 2.40GHz,Array3dAverage,THREE_D,80,2,8,4,1.95312,27.23,1.543,0.001,1.189,1.51,0.17
Intel Xeon CPU E5-2695 v2 @ 2.40GHz,Array3dAverage,THREE_D,80,2,8,8,1.95312,27.033,1.595,0.001,1.247,1.525,0.155
Intel Xeon CPU E5-2695 v2 @ 2.40GHz,Array3dAverage,THREE_D,80,2,8,16,1.95312,29.955,1.613,0.001,2.071,1.523,0.148
Intel Xeon CPU E5-2695 v2 @ 2.40GHz,Array3dAverage,THREE_D,80,2,16,1,1.95312,27.442,1.412,0.001,2.205,1.166,0.144
Intel Xeon CPU E5-2695 v2 @ 2.40GHz,Array3dAverage,THREE_D,80,2,16,2,1.95312,26.417,1.582,0.001,2.086,1.511,0.143
Intel Xeon CPU E5-2695 v2 @ 2.40GHz,Array3dAverage,THREE_D,80,2,16,4,1.95312,27.692,1.601,0.001,2.111,1.502,0.138
Intel Xeon CPU E5-2695 v2 @ 2.40GHz,Array3dAverage,THREE_D,80,2,16,8,1.95312,28.452,1.613,0,1.225,1.309,0.139
Intel Xeon CPU E5-2695 v2 @ 2.40GHz,Array3dAverage,THREE_D,80,2,16,16,1.95312,26.909,0.994,0.001,1.45,1.195,0.148
Intel Xeon CPU E5-2695 v2 @ 2.40GHz,Array3dAverage,THREE_D,80,4,1,1,1.95312,27.216,1.548,0,4.591,0.986,0.153
Intel Xeon CPU E5-2695 v2 @ 2.40GHz,Array3dAverage,THREE_D,80,4,1,2,1.95312,25.307,1.286,0.002,1.35,1.556,0.171
Intel Xeon CPU E5-2695 v2 @ 2.40GHz,Array3dAverage,THREE_D,80,4,1,4,1.95312,27.128,1.515,0.001,1.6,1.573,0.236
Intel Xeon CPU E5-2695 v2 @ 2.40GHz,Array3dAverage,THREE_D,80,4,1,8,1.95312,33.186,1.503,0.001,1.649,1.575,0.142
Intel Xeon CPU E5-2695 v2 @ 2.40GHz,Array3dAverage,THREE_D,80,4,1,16,1.95312,27.117,1.501,0.001,1.595,1.539,0.155
Intel Xeon CPU E5-2695 v2 @ 2.40GHz,Array3dAverage,THREE_D,80,4,2,1,1.95312,28.198,1.516,0.001,2.873,1.564,0.153
Intel Xeon CPU E5-2695 v2 @ 2.40GHz,Array3dAverage,THREE_D,80,4,2,2,1.95312,28.096,1.525,0.001,1.985,1.531,0.153
Intel Xeon CPU E5-2695 v2 @ 2.40GHz,Array3dAverage,THREE_D,80,4,2,4,1.95312,28.565,1.518,0.001,1.598,1.583,0.141
Intel Xeon CPU E5-2695 v2 @ 2.40GHz,Array3dAverage,THREE_D,80,4,2,8,1.95312,27.087,1.468,0.001,0.991,1.22,0.135
Intel Xeon CPU E5-2695 v2 @ 2.40GHz,Array3dAverage,THREE_D,80,4,2,16,1.95312,26.259,1.432,0.001,0.959,1.198,0.139
Intel Xeon CPU E5-2695 v2 @ 2.40GHz,Array3dAverage,THREE_D,80,4,4,1,1.95312,27.98,1.596,0.002,2.319,1.546,0.127
Intel Xeon CPU E5-2695 v2 @ 2.40GHz,Array3dAverage,THREE_D,80,4,4,2,1.95312,36.449,1.571,0.001,1.628,1.598,0.146
Intel Xeon CPU E5-2695 v2 @ 2.40GHz,Array3dAverage,THREE_D,80,4,4,4,1.95312,32.849,1.583,0.001,1.432,1.566,0.147
Intel Xeon CPU E5-2695 v2 @ 2.40GHz,Array3dAverage,THREE_D,80,4,4,8,1.95312,29.963,1.502,0.002,1.403,1.53,0.142
Intel Xeon CPU E5-2695 v2 @ 2.40GHz,Array3dAverage,THREE_D,80,4,4,16,1.95312,27.454,1.487,0.002,0.834,1.596,0.139
Intel Xeon CPU E5-2695 v2 @ 2.40GHz,Array3dAverage,THREE_D,80,4,8,1,1.95312,30.077,1.62,0.001,1.829,1.562,0.146
Intel Xeon CPU E5-2695 v2 @ 2.40GHz,Array3dAverage,THREE_D,80,4,8,2,1.95312,26.242,1.622,0.001,1.739,1.528,0.185
Intel Xeon CPU E5-2695 v2 @ 2.40GHz,Array3dAverage,THREE_D,80,4,8,4,1.95312,40.937,1.653,0.002,1.662,1.575,0.218
Intel Xeon CPU E5-2695 v2 @ 2.40GHz,Array3dAverage,THREE_D,80,4,8,8,1.95312,28.871,1.62,0,1.385,1.541,0.137
Intel Xeon CPU E5-2695 v2 @ 2.40GHz,Array3dAverage,THREE_D,80,4,8,16,1.95312,27.891,1.614,0.001,1.402,1.262,0.155
Intel Xeon CPU E5-2695 v2 @ 2.40GHz,Array3dAverage,THREE_D,80,4,16,1,1.95312,23.695,1.71,0.001,1.483,1.266,0.154
Intel Xeon CPU E5-2695 v2 @ 2.40GHz,Array3dAverage,THREE_D,80,4,16,2,1.95312,25.072,1.69,0.001,1.389,1.205,0.159
Intel Xeon CPU E5-2695 v2 @ 2.40GHz,Array3dAverage,THREE_D,80,4,16,4,1.95312,24.66,1.726,0.001,1.256,1.198,0.156
Intel Xeon CPU E5-2695 v2 @ 2.40GHz,Array3dAverage,THREE_D,80,4,16,8,1.95312,23.058,1.677,0.002,1.248,0.931,0.129
Intel Xeon CPU E5-2695 v2 @ 2.40GHz,Array3dAverage,THREE_D,80,4,16,16,1.95312,24.001,1.579,0.001,1.276,1.192,0.159
Intel Xeon CPU E5-2695 v2 @ 2.40GHz,Array3dAverage,THREE_D,80,8,1,1,1.95312,23.056,1.659,0.001,2.446,0.792,0.126
Intel Xeon CPU E5-2695 v2 @ 2.40GHz,Array3dAverage,THREE_D,80,8,1,2,1.95312,24.462,1.544,0.002,2.11,1.191,0.14
Intel Xeon CPU E5-2695 v2 @ 2.40GHz,Array3dAverage,THREE_D,80,8,1,4,1.95312,28.78,1.701,0.001,1.414,1.077,0.14
Intel Xeon CPU E5-2695 v2 @ 2.40GHz,Array3dAverage,THREE_D,80,8,1,8,1.95312,24.683,1.669,0.001,1.132,1.074,0.143
Intel Xeon CPU E5-2695 v2 @ 2.40GHz,Array3dAverage,THREE_D,80,8,1,16,1.95312,24.411,1.536,0.002,1.1,0.734,0.144
Intel Xeon CPU E5-2695 v2 @ 2.40GHz,Array3dAverage,THREE_D,80,8,2,1,1.95312,22.51,1.662,0.002,2.14,1.198,0.131
Intel Xeon CPU E5-2695 v2 @ 2.40GHz,Array3dAverage,THREE_D,80,8,2,2,1.95312,22.777,1.691,0.002,1.342,1.082,0.138
Intel Xeon CPU E5-2695 v2 @ 2.40GHz,Array3dAverage,THREE_D,80,8,2,4,1.95312,21.646,1.62,0.002,1.086,1.096,0.145
Intel Xeon CPU E5-2695 v2 @ 2.40GHz,Array3dAverage,THREE_D,80,8,2,8,1.95312,24.672,1.727,0.001,1.297,1.074,0.138
Intel Xeon CPU E5-2695 v2 @ 2.40GHz,Array3dAverage,THREE_D,80,8,2,16,1.95312,26.76,1.682,0.002,0.959,1.033,0.137
Intel Xeon CPU E5-2695 v2 @ 2.40GHz,Array3dAverage,THREE_D,80,8,4,1,1.95312,23.292,1.655,0.003,1.576,1.168,0.153
Intel Xeon CPU E5-2695 v2 @ 2.40GHz,Array3dAverage,THREE_D,80,8,4,2,1.95312,25.074,1.695,0.001,1.366,1.162,0.149
Intel Xeon CPU E5-2695 v2 @ 2.40GHz,Array3dAverage,THREE_D,80,8,4,4,1.95312,24.68,1.684,0.001,1.272,1.177,0.15
Intel Xeon CPU E5-2695 v2 @ 2.40GHz,Array3dAverage,THREE_D,80,8,4,8,1.95312,24.716,1.671,0.001,1.336,1.156,0.153
Intel Xeon CPU E5-2695 v2 @ 2.40GHz,Array3dAverage,THREE_D,80,8,4,16,1.95312,24.649,1.663,0.002,1.24,1.167,0.157
Intel Xeon CPU E5-2695 v2 @ 2.40GHz,Array3dAverage,THREE_D,80,8,8,1,1.95312,23.324,1.673,0.002,1.286,1.201,0.148
Intel Xeon CPU E5-2695 v2 @ 2.40GHz,Array3dAverage,THREE_D,80,8,8,2,1.95312,24.649,1.68,0.002,1.144,1.2,0.145
Intel Xeon CPU E5-2695 v2 @ 2.40GHz,Array3dAverage,THREE_D,80,8,8,4,1.95312,21.627,1.685,0.002,0.846,1.212,0.139
Intel Xeon CPU E5-2695 v2 @ 2.40GHz,Array3dAverage,THREE_D,80,8,8,8,1.95312,26.368,1.505,0.002,1.106,1.218,0.13
Intel Xeon CPU E5-2695 v2 @ 2.40GHz,Array3dAverage,THREE_D,80,8,8,16,1.95312,24.117,1.65,0.003,1.063,1.172,0.155
Intel Xeon CPU E5-2695 v2 @ 2.40GHz,Array3dAverage,THREE_D,80,8,16,1,1.95312,24.719,1.653,0.004,1.182,1.177,0.149
Intel Xeon CPU E5-2695 v2 @ 2.40GHz,Array3dAverage,THREE_D,80,8,16,2,1.95312,24.653,1.669,0.008,1.038,1.186,0.146
Intel Xeon CPU E5-2695 v2 @ 2.40GHz,Array3dAverage,THREE_D,80,8,16,4,1.95312,24.668,1.644,0.002,1.023,1.171,0.157
Intel Xeon CPU E5-2695 v2 @ 2.40GHz,Array3dAverage,THREE_D,80,8,16,8,1.95312,24.646,1.63,0.002,1.028,1.187,0.153
Intel Xeon CPU E5-2695 v2 @ 2.40GHz,Array3dAverage,THREE_D,80,16,1,1,1.95312,23.005,1.648,0.002,1.975,1.225,0.138
Intel Xeon CPU E5-2695 v2 @ 2.40GHz,Array3dAverage,THREE_D,80,16,1,2,1.95312,27.22,1.685,0.001,1.16,1.06,0.133
Intel Xeon CPU E5-2695 v2 @ 2.40GHz,Array3dAverage,THREE_D,80,16,1,4,1.95312,24.666,1.68,0.001,1.32,1.147,0.156
Intel Xeon CPU E5-2695 v2 @ 2.40GHz,Array3dAverage,THREE_D,80,16,1,8,1.95312,24.655,1.721,0.002,1.21,1.161,0.141
Intel Xeon CPU E5-2695 v2 @ 2.40GHz,Array3dAverage,THREE_D,80,16,1,16,1.95312,25.917,1.671,0.001,0.809,0.795,0.133
Intel Xeon CPU E5-2695 v2 @ 2.40GHz,Array3dAverage,THREE_D,80,16,2,1,1.95312,22.445,1.617,0.002,1.527,1.152,0.15
Intel Xeon CPU E5-2695 v2 @ 2.40GHz,Array3dAverage,THREE_D,80,16,2,2,1.95312,24.727,1.677,0.002,1.359,1.181,0.124
Intel Xeon CPU E5-2695 v2 @ 2.40GHz,Array3dAverage,THREE_D,80,16,2,4,1.95312,23.573,1.714,0.001,1.111,1.148,0.146
Intel Xeon CPU E5-2695 v2 @ 2.40GHz,Array3dAverage,THREE_D,80,16,2,8,1.95312,22.81,1.61,0.002,0.821,0.74,0.139
Intel Xeon CPU E5-2695 v2 @ 2.40GHz,Array3dAverage,THREE_D,80,16,2,16,1.95312,23.268,1.338,0.001,0.849,1.056,0.143
Intel Xeon CPU E5-2695 v2 @ 2.40GHz,Array3dAverage,THREE_D,80,16,4,1,1.95312,24.034,1.624,0.001,1.27,1.176,0.15
Intel Xeon CPU E5-2695 v2 @ 2.40GHz,Array3dAverage,THREE_D,80,16,4,2,1.95312,24.566,1.649,0.001,0.831,1.067,0.126
Intel Xeon CPU E5-2695 v2 @ 2.40GHz,Array3dAverage,THREE_D,80,16,4,4,1.95312,24.251,1.537,0.002,0.798,1.062,0.139
Intel Xeon CPU E5-2695 v2 @ 2.40GHz,Array3dAverage,THREE_D,80,16,4,8,1.95312,23.897,1.509,0.002,0.786,1.072,0.134
Intel Xeon CPU E5-2695 v2 @ 2.40GHz,Array3dAverage,THREE_D,80,16,4,16,1.95312,23.807,1.489,0.001,0.836,0.97,0.129
Intel Xeon CPU E5-2695 v2 @ 2.40GHz,Array3dAverage,THREE_D,80,16,8,1,1.95312,23.089,1.367,0.003,0.782,1.067,0.124
Intel Xeon CPU E5-2695 v2 @ 2.40GHz,Array3dAverage,THREE_D,80,16,8,2,1.95312,23.83,1.537,0.001,0.718,1.159,0.146
Intel Xeon CPU E5-2695 v2 @ 2.40GHz,Array3dAverage,THREE_D,80,16,8,4,1.95312,24.229,1.542,0.002,0.944,1.133,0.15
Intel Xeon CPU E5-2695 v2 @ 2.40GHz,Array3dAverage,THREE_D,80,16,8,8,1.95312,23.538,1.581,0.002,0.962,1.167,0.146
Intel Xeon CPU E5-2695 v2 @ 2.40GHz,Array3dAverage,THREE_D,80,16,16,1,1.95312,23.991,1.56,0.002,0.987,1.171,0.157
Intel Xeon CPU E5-2695 v2 @ 2.40GHz,Array3dAverage,THREE_D,80,16,16,2,1.95312,24.308,1.569,0.001,0.715,1.15,0.144
Intel Xeon CPU E5-2695 v2 @ 2.40GHz,Array3dAverage,THREE_D,80,16,16,4,1.95312,23.828,1.518,0.001,0.782,1.153,0.137
Intel Xeon CPU E5-2695 v2 @ 2.40GHz,Array3dAverage,THREE_D,80,1,1,1,1.95312,17.122,1.451,0.002,9.46,0.862,0.172
Intel Xeon CPU E5-2695 v2 @ 2.40GHz,Array3dAverage,THREE_D,80,1,1,2,1.95312,20.797,1.01,0.001,3.68,0.72,0.136
Intel Xeon CPU E5-2695 v2 @ 2.40GHz,Array3dAverage,THREE_D,80,1,1,4,1.95312,20.778,1.213,0.001,2.686,1.146,0.189
Intel Xeon CPU E5-2695 v2 @ 2.40GHz,Array3dAverage,THREE_D,80,1,1,8,1.95312,20.808,1.484,0.002,1.935,1.153,0.138
Intel Xeon CPU E5-2695 v2 @ 2.40GHz,Array3dAverage,THREE_D,80,1,1,16,1.95312,20.75,1.482,0.001,2.662,0.706,0.135
Intel Xeon CPU E5-2695 v2 @ 2.40GHz,Array3dAverage,THREE_D,80,1,2,1,1.95312,26.774,1.596,0.001,4.567,0.806,0.178
Intel Xeon CPU E5-2695 v2 @ 2.40GHz,Array3dAverage,THREE_D,80,1,2,2,1.95312,26.491,1.421,0.002,2.252,1.04,0.181
Intel Xeon CPU E5-2695 v2 @ 2.40GHz,Array3dAverage,THREE_D,80,1,2,4,1.95312,27.13,1.531,0.001,2.106,1.151,0.159
Intel Xeon CPU E5-2695 v2 @ 2.40GHz,Array3dAverage,THREE_D,80,1,2,8,1.95312,27.069,1.63,0.002,1.752,1.082,0.16
Intel Xeon CPU E5-2695 v2 @ 2.40GHz,Array3dAverage,THREE_D,80,1,2,16,1.95312,28.082,1.596,0.001,2.532,0.868,0.153
Intel Xeon CPU E5-2695 v2 @ 2.40GHz,Array3dAverage,THREE_D,80,1,4,1,1.95312,26.773,1.534,0.001,3.132,1.296,0.141
Intel Xeon CPU E5-2695 v2 @ 2.40GHz,Array3dAverage,THREE_D,80,1,4,2,1.95312,28.395,1.623,0.002,2.105,0.877,0.155
Intel Xeon CPU E5-2695 v2 @ 2.40GHz,Array3dAverage,THREE_D,80,1,4,4,1.95312,27.393,1.212,0.001,1.402,0.662,0.152
Intel Xeon CPU E5-2695 v2 @ 2.40GHz,Array3dAverage,THREE_D,80,1,4,8,1.95312,26.766,1.307,0.001,1.623,0.662,0.177
Intel Xeon CPU E5-2695 v2 @ 2.40GHz,Array3dAverage,THREE_D,80,1,4,16,1.95312,27.12,1.25,0.001,2.328,1.115,0.158
Intel Xeon CPU E5-2695 v2 @ 2.40GHz,Array3dAverage,THREE_D,80,1,8,1,1.95312,27.2,1.59,0.001,2.17,0.726,0.132
Intel Xeon CPU E5-2695 v2 @ 2.40GHz,Array3dAverage,THREE_D,80,1,8,2,1.95312,26.464,1.282,0.001,1.521,0.618,0.134
Intel Xeon CPU E5-2695 v2 @ 2.40GHz,Array3dAverage,THREE_D,80,1,8,4,1.95312,26.472,1.3,0.001,1.395,0.658,0.149
Intel Xeon CPU E5-2695 v2 @ 2.40GHz,Array3dAverage,THREE_D,80,1,8,8,1.95312,27.033,1.322,0.001,1.083,0.65,0.146
Intel Xeon CPU E5-2695 v2 @ 2.40GHz,Array3dAverage,THREE_D,80,1,8,16,1.95312,27.042,1.451,0.001,1.926,0.672,0.153
Intel Xeon CPU E5-2695 v2 @ 2.40GHz,Array3dAverage,THREE_D,80,1,16,1,1.95312,27.238,1.559,0.001,3.22,1.252,0.151
Intel Xeon CPU E5-2695 v2 @ 2.40GHz,Array3dAverage,THREE_D,80,1,16,2,1.95312,27.721,1.243,0.001,2.205,0.657,0.147
Intel Xeon CPU E5-2695 v2 @ 2.40GHz,Array3dAverage,THREE_D,80,1,16,4,1.95312,26.469,1.482,0.001,2.377,0.693,0.15
Intel Xeon CPU E5-2695 v2 @ 2.40GHz,Array3dAverage,THREE_D,80,1,16,8,1.95312,27.45,1.215,0,3.009,1.139,0.136
Intel Xeon CPU E5-2695 v2 @ 2.40GHz,Array3dAverage,THREE_D,80,1,16,16,1.95312,27.787,1.606,0,3.087,1.13,0.145
Intel Xeon CPU E5-2695 v2 @ 2.40GHz,Array3dAverage,THREE_D,80,2,1,1,1.95312,25.796,1.699,0.002,8.061,1.207,0.159
Intel Xeon CPU E5-2695 v2 @ 2.40GHz,Array3dAverage,THREE_D,80,2,1,2,1.95312,22.469,1.322,0.002,3.494,1.142,0.166
Intel Xeon CPU E5-2695 v2 @ 2.40GHz,Array3dAverage,THREE_D,80,2,1,4,1.95312,22.431,1.492,0.002,1.389,1.147,0.175
Intel Xeon CPU E5-2695 v2 @ 2.40GHz,Array3dAverage,THREE_D,80,2,1,8,1.95312,22.533,1.326,0.001,2.676,1.17,0.153
Intel Xeon CPU E5-2695 v2 @ 2.40GHz,Array3dAverage,THREE_D,80,2,1,16,1.95312,25.837,1.336,0.004,2.528,1.148,0.149
Intel Xeon CPU E5-2695 v2 @ 2.40GHz,Array3dAverage,THREE_D,80,2,2,1,1.95312,25.992,1.611,0.001,2.72,1.254,0.165
Intel Xeon CPU E5-2695 v2 @ 2.40GHz,Array3dAverage,THREE_D,80,2,2,2,1.95312,22.573,1.593,0.001,1.491,1.412,0.153
Intel Xeon CPU E5-2695 v2 @ 2.40GHz,Array3dAverage,THREE_D,80,2,2,4,1.95312,24.633,1.686,0.002,1.257,1.146,0.153
Intel Xeon CPU E5-2695 v2 @ 2.40GHz,Array3dAverage,THREE_D,80,2,2,8,1.95312,22.489,1.317,0.002,1.805,1.157,0.15
Intel Xeon CPU E5-2695 v2 @ 2.40GHz,Array3dAverage,THREE_D,80,2,2,16,1.95312,23.414,1.274,0.002,2.207,1.16,0.146
Intel Xeon CPU E5-2695 v2 @ 2.40GHz,Array3dAverage,THREE_D,80,2,4,1,1.95312,23.694,1.248,0.001,3.012,1.234,0.135
Intel Xeon CPU E5-2695 v2 @ 2.40GHz,Array3dAverage,THREE_D,80,2,4,2,1.95312,31.384,1.469,0.001,2.254,1.47,0.171
Intel Xeon CPU E5-2695 v2 @ 2.40GHz,Array3dAverage,THREE_D,80,2,4,4,1.95312,22.411,1.475,0.001,2.067,1.125,0.143
Intel Xeon CPU E5-2695 v2 @ 2.40GHz,Array3dAverage,THREE_D,80,2,4,8,1.95312,22.908,1.318,0.002,1.714,1.262,0.159
Intel Xeon CPU E5-2695 v2 @ 2.40GHz,Array3dAverage,THREE_D,80,2,4,16,1.95312,28.325,1.576,0.001,1.046,1.41,0.148
Intel Xeon CPU E5-2695 v2 @ 2.40GHz,Array3dAverage,THREE_D,80,2,8,1,1.95312,24.157,1.631,0.001,1.374,1.187,0.148
Intel Xeon CPU E5-2695 v2 @ 2.40GHz,Array3dAverage,THREE_D,80,2,8,2,1.95312,24.026,1.653,0.001,1.719,1.236,0.144
Intel Xeon CPU E5-2695 v2 @ 2.40GHz,Array3dAverage,THREE_D,80,2,8,4,1.95312,24.783,1.508,0.001,2.048,1.329,0.142
Intel Xeon CPU E5-2695 v2 @ 2.40GHz,Array3dAverage,THREE_D,80,2,8,8,1.95312,25.163,1.542,0.002,1.986,1.262,0.143
Intel Xeon CPU E5-2695 v2 @ 2.40GHz,Array3dAverage,THREE_D,80,2,8,16,1.95312,25.164,1.549,0.002,2.017,1.22,0.147
Intel Xeon CPU E5-2695 v2 @ 2.40GHz,Array3dAverage,THREE_D,80,2,16,1,1.95312,24.618,1.624,0.001,2.432,1.225,0.134
Intel Xeon CPU E5-2695 v2 @ 2.40GHz,Array3dAverage,THREE_D,80,2,16,2,1.95312,28.343,1.589,0.001,2.138,1.471,0.149
Intel Xeon CPU E5-2695 v2 @ 2.40GHz,Array3dAverage,THREE_D,80,2,16,4,1.95312,26.37,1.647,0.002,2.178,1.453,0.16
Intel Xeon CPU E5-2695 v2 @ 2.40GHz,Array3dAverage,THREE_D,80,2,16,8,1.95312,26.288,1.61,0.002,2.208,1.441,0.154
Intel Xeon CPU E5-2695 v2 @ 2.40GHz,Array3dAverage,THREE_D,80,2,16,16,1.95312,26.288,1.614,0.003,2.156,1.466,0.152
Intel Xeon CPU E5-2695 v2 @ 2.40GHz,Array3dAverage,THREE_D,80,4,1,1,1.95312,25.374,1.456,0.003,4.588,1.211,0.131
Intel Xeon CPU E5-2695 v2 @ 2.40GHz,Array3dAverage,THREE_D,80,4,1,2,1.95312,25.023,1.453,0.001,3.344,1.469,0.175
Intel Xeon CPU E5-2695 v2 @ 2.40GHz,Array3dAverage,THREE_D,80,4,1,4,1.95312,27.169,1.668,0.002,2.274,1.461,0.155
Intel Xeon CPU E5-2695 v2 @ 2.40GHz,Array3dAverage,THREE_D,80,4,1,8,1.95312,26.286,1.678,0.001,1.702,1.45,0.152
Intel Xeon CPU E5-2695 v2 @ 2.40GHz,Array3dAverage,THREE_D,80,4,1,16,1.95312,25.163,1.68,0.002,1.554,1.203,0.138
Intel Xeon CPU E5-2695 v2 @ 2.40GHz,Array3dAverage,THREE_D,80,4,2,1,1.95312,27.22,1.468,0.001,2.521,1.36,0.125
Intel Xeon CPU E5-2695 v2 @ 2.40GHz,Array3dAverage,THREE_D,80,4,2,2,1.95312,27.769,1.634,0,2.289,1.142,0.123
Intel Xeon CPU E5-2695 v2 @ 2.40GHz,Array3dAverage,THREE_D,80,4,2,4,1.95312,26.46,1.507,0,1.83,1.293,0.199
Intel Xeon CPU E5-2695 v2 @ 2.40GHz,Array3dAverage,THREE_D,80,4,2,8,1.95312,41.802,1.334,0.001,1.234,1.132,0.134
Intel Xeon CPU E5-2695 v2 @ 2.40GHz,Array3dAverage,THREE_D,80,4,2,16,1.95312,24.159,1.282,0.001,1.277,1.144,0.137
Intel Xeon CPU E5-2695 v2 @ 2.40GHz,Array3dAverage,THREE_D,80,4,4,1,1.95312,24.137,1.269,0.001,1.766,1.299,0.136
Intel Xeon CPU E5-2695 v2 @ 2.40GHz,Array3dAverage,THREE_D,80,4,4,2,1.95312,22.458,1.295,0.001,1.453,1.145,0.126
Intel Xeon CPU E5-2695 v2 @ 2.40GHz,Array3dAverage,THREE_D,80,4,4,4,1.95312,22.412,1.431,0.002,1.234,1.472,0.146
Intel Xeon CPU E5-2695 v2 @ 2.40GHz,Array3dAverage,THREE_D,80,4,4,8,1.95312,25.405,1.652,0.002,1.47,1.442,0.157
Intel Xeon CPU E5-2695 v2 @ 2.40GHz,Array3dAverage,THREE_D,80,4,4,16,1.95312,25.826,1.622,0.002,1.524,1.428,0.154
Intel Xeon CPU E5-2695 v2 @ 2.40GHz,Array3dAverage,THREE_D,80,4,8,1,1.95312,25.078,1.614,0.003,1.743,1.622,0.151
Intel Xeon CPU E5-2695 v2 @ 2.40GHz,Array3dAverage,THREE_D,80,4,8,2,1.95312,26.241,1.638,0.003,1.524,1.455,0.149
Intel Xeon CPU E5-2695 v2 @ 2.40GHz,Array3dAverage,THREE_D,80,4,8,4,1.95312,25.831,1.647,0.004,1.358,1.455,0.156
Intel Xeon CPU E5-2695 v2 @ 2.40GHz,Array3dAverage,THREE_D,80,4,8,8,1.95312,25.408,1.62,0.003,1.285,1.454,0.15
Intel Xeon CPU E5-2695 v2 @ 2.40GHz,Array3dAverage,THREE_D,80,4,8,16,1.95312,25.416,1.634,0.002,1.298,1.456,0.143
Intel Xeon CPU E5-2695 v2 @ 2.40GHz,Array3dAverage,THREE_D,80,4,16,1,1.95312,23.68,1.527,0.002,1.108,1.237,0.127
Intel Xeon CPU E5-2695 v2 @ 2.40GHz,Array3dAverage,THREE_D,80,4,16,2,1.95312,22.455,1.467,0.002,1.359,1.468,0.148
Intel Xeon CPU E5-2695 v2 @ 2.40GHz,Array3dAverage,THREE_D,80,4,16,4,1.95312,25.412,1.628,0.004,1.271,1.461,0.151
Intel Xeon CPU E5-2695 v2 @ 2.40GHz,Array3dAverage,THREE_D,80,4,16,8,1.95312,25.823,1.633,0.003,1.206,1.465,0.149
Intel Xeon CPU E5-2695 v2 @ 2.40GHz,Array3dAverage,THREE_D,80,4,16,16,1.95312,22.412,1.526,0.002,1.069,1.14,0.125
Intel Xeon CPU E5-2695 v2 @ 2.40GHz,Array3dAverage,THREE_D,80,8,1,1,1.95312,24.679,1.286,0.002,2.343,1.183,0.14
Intel Xeon CPU E5-2695 v2 @ 2.40GHz,Array3dAverage,THREE_D,80,8,1,2,1.95312,22.452,1.296,0.002,1.417,1.081,0.14
Intel Xeon CPU E5-2695 v2 @ 2.40GHz,Array3dAverage,THREE_D,80,8,1,4,1.95312,24.766,1.298,0.002,1.187,1.132,0.126
Intel Xeon CPU E5-2695 v2 @ 2.40GHz,Array3dAverage,THREE_D,80,8,1,8,1.95312,24.589,1.302,0.001,1.095,1.112,0.127
Intel Xeon CPU E5-2695 v2 @ 2.40GHz,Array3dAverage,THREE_D,80,8,1,16,1.95312,23.967,1.274,0.001,1.073,1.164,0.129
Intel Xeon CPU E5-2695 v2 @ 2.40GHz,Array3dAverage,THREE_D,80,8,2,1,1.95312,23.7,1.444,0.003,2.127,1.623,0.146
Intel Xeon CPU E5-2695 v2 @ 2.40GHz,Array3dAverage,THREE_D,80,8,2,2,1.95312,25.114,1.627,0.003,1.654,1.409,0.151
Intel Xeon CPU E5-2695 v2 @ 2.40GHz,Array3dAverage,THREE_D,80,8,2,4,1.95312,25.834,1.625,0.002,1.457,1.429,0.148
Intel Xeon CPU E5-2695 v2 @ 2.40GHz,Array3dAverage,THREE_D,80,8,2,8,1.95312,24.239,1.64,0.002,1.386,1.44,0.158
Intel Xeon CPU E5-2695 v2 @ 2.40GHz,Array3dAverage,THREE_D,80,8,2,16,1.95312,26.634,1.628,0.005,1.292,1.431,0.138
Intel Xeon CPU E5-2695 v2 @ 2.40GHz,Array3dAverage,THREE_D,80,8,4,1,1.95312,24.605,1.621,0.001,1.54,1.606,0.143
Intel Xeon CPU E5-2695 v2 @ 2.40GHz,Array3dAverage,THREE_D,80,8,4,2,1.95312,25.885,1.662,0.001,1.341,1.408,0.142
Intel Xeon CPU E5-2695 v2 @ 2.40GHz,Array3dAverage,THREE_D,80,8,4,4,1.95312,25.462,1.64,0.003,1.307,1.408,0.14
Intel Xeon CPU E5-2695 v2 @ 2.40GHz,Array3dAverage,THREE_D,80,8,4,8,1.95312,26.988,1.703,0.002,1.111,1.433,0.15
Intel Xeon CPU E5-2695 v2 @ 2.40GHz,Array3dAverage,THREE_D,80,8,4,16,1.95312,27.473,1.51,0.003,1.249,1.105,0.135
Intel Xeon CPU E5-2695 v2 @ 2.40GHz,Array3dAverage,THREE_D,80,8,8,1,1.95312,25.369,1.529,0.001,1.348,1.553,0.151
Intel Xeon CPU E5-2695 v2 @ 2.40GHz,Array3dAverage,THREE_D,80,8,8,2,1.95312,25.453,1.666,0.001,1.153,1.431,0.145
Intel Xeon CPU E5-2695 v2 @ 2.40GHz,Array3dAverage,THREE_D,80,8,8,4,1.95312,25.457,1.641,0.002,1.111,1.438,0.144
Intel Xeon CPU E5-2695 v2 @ 2.40GHz,Array3dAverage,THREE_D,80,8,8,8,1.95312,25.455,1.608,0.001,1.091,1.449,0.124
Intel Xeon CPU E5-2695 v2 @ 2.40GHz,Array3dAverage,THREE_D,80,8,8,16,1.95312,25.301,1.628,0.002,0.957,1.413,0.138
Intel Xeon CPU E5-2695 v2 @ 2.40GHz,Array3dAverage,THREE_D,80,8,16,1,1.95312,23.32,1.662,0.002,1.006,1.351,0.131
Intel Xeon CPU E5-2695 v2 @ 2.40GHz,Array3dAverage,THREE_D,80,8,16,2,1.95312,26.58,1.465,0.002,1.024,1.431,0.154
Intel Xeon CPU E5-2695 v2 @ 2.40GHz,Array3dAverage,THREE_D,80,8,16,4,1.95312,23.534,1.597,0.002,1.033,1.455,0.146
Intel Xeon CPU E5-2695 v2 @ 2.40GHz,Array3dAverage,THREE_D,80,8,16,8,1.95312,24.773,1.559,0.001,1.008,1.493,0.127
Intel Xeon CPU E5-2695 v2 @ 2.40GHz,Array3dAverage,THREE_D,80,16,1,1,1.95312,23.695,1.525,0.002,1.889,1.528,0.148
Intel Xeon CPU E5-2695 v2 @ 2.40GHz,Array3dAverage,THREE_D,80,16,1,2,1.95312,25.918,1.655,0.001,1.426,1.433,0.144
Intel Xeon CPU E5-2695 v2 @ 2.40GHz,Array3dAverage,THREE_D,80,16,1,4,1.95312,22.466,1.376,0.002,0.689,1.112,0.119
Intel Xeon CPU E5-2695 v2 @ 2.40GHz,Array3dAverage,THREE_D,80,16,1,8,1.95312,22.458,1.522,0.002,1.264,1.42,0.153
Intel Xeon CPU E5-2695 v2 @ 2.40GHz,Array3dAverage,THREE_D,80,16,1,16,1.95312,25.412,1.202,0.001,0.83,1.103,0.121
Intel Xeon CPU E5-2695 v2 @ 2.40GHz,Array3dAverage,THREE_D,80,16,2,1,1.95312,24.534,1.536,0.003,1.527,1.592,0.138
Intel Xeon CPU E5-2695 v2 @ 2.40GHz,Array3dAverage,THREE_D,80,16,2,2,1.95312,26.092,1.265,0.001,0.968,1.117,0.128
Intel Xeon CPU E5-2695 v2 @ 2.40GHz,Array3dAverage,THREE_D,80,16,2,4,1.95312,22.426,1.203,0.001,0.91,1.129,0.126
Intel Xeon CPU E5-2695 v2 @ 2.40GHz,Array3dAverage,THREE_D,80,16,2,8,1.95312,22.463,1.162,0.001,0.872,1.096,0.126
Intel Xeon CPU E5-2695 v2 @ 2.40GHz,Array3dAverage,THREE_D,80,16,2,16,1.95312,24.159,1.167,0.002,0.819,1.109,0.123
Intel Xeon CPU E5-2695 v2 @ 2.40GHz,Array3dAverage,THREE_D,80,16,4,1,1.95312,27.519,1.508,0.003,1.261,1.572,0.172
Intel Xeon CPU E5-2695 v2 @ 2.40GHz,Array3dAverage,THREE_D,80,16,4,2,1.95312,26.566,1.368,0.002,1.147,1.279,0.125
Intel Xeon CPU E5-2695 v2 @ 2.40GHz,Array3dAverage,THREE_D,80,16,4,4,1.95312,22.469,1.324,0.002,1.08,1.427,0.14
Intel Xeon CPU E5-2695 v2 @ 2.40GHz,Array3dAverage,THREE_D,80,16,4,8,1.95312,24.992,1.478,0.003,1.067,1.426,0.14
Intel Xeon CPU E5-2695 v2 @ 2.40GHz,Array3dAverage,THREE_D,80,16,4,16,1.95312,25.409,1.474,0.004,1.056,1.414,0.132
Intel Xeon CPU E5-2695 v2 @ 2.40GHz,Array3dAverage,THREE_D,80,16,8,1,1.95312,25.413,1.459,0.002,1.05,1.437,0.138
Intel Xeon CPU E5-2695 v2 @ 2.40GHz,Array3dAverage,THREE_D,80,16,8,2,1.95312,25.002,1.556,0.001,1.002,1.427,0.138
Intel Xeon CPU E5-2695 v2 @ 2.40GHz,Array3dAverage,THREE_D,80,16,8,4,1.95312,25.406,1.495,0.002,1.025,1.42,0.15
Intel Xeon CPU E5-2695 v2 @ 2.40GHz,Array3dAverage,THREE_D,80,16,8,8,1.95312,24.671,1.42,0.002,0.722,1.116,0.12
Intel Xeon CPU E5-2695 v2 @ 2.40GHz,Array3dAverage,THREE_D,80,16,16,1,1.95312,22.463,1.292,0.002,0.994,1.428,0.144
Intel Xeon CPU E5-2695 v2 @ 2.40GHz,Array3dAverage,THREE_D,80,16,16,2,1.95312,24.994,1.48,0.003,0.956,1.435,0.147
Intel Xeon CPU E5-2695 v2 @ 2.40GHz,Array3dAverage,THREE_D,80,16,16,4,1.95312,24.998,1.438,0.002,0.976,1.437,0.147
Intel Xeon CPU E5-2695 v2 @ 2.40GHz,Array3dAverage,THREE_D,80,1,1,1,1.95312,21.914,0.757,0.001,11.463,0.615,0.235
Intel Xeon CPU E5-2695 v2 @ 2.40GHz,Array3dAverage,THREE_D,80,1,1,2,1.95312,24.723,1.196,0.002,4.814,1.169,0.156
Intel Xeon CPU E5-2695 v2 @ 2.40GHz,Array3dAverage,THREE_D,80,1,1,4,1.95312,22.986,0.825,0.001,3.024,0.737,0.25
Intel Xeon CPU E5-2695 v2 @ 2.40GHz,Array3dAverage,THREE_D,80,1,1,8,1.95312,24.667,0.793,0.001,2.589,1.06,0.166
Intel Xeon CPU E5-2695 v2 @ 2.40GHz,Array3dAverage,THREE_D,80,1,1,16,1.95312,22.421,1.314,0.003,1.754,0.739,0.176
Intel Xeon CPU E5-2695 v2 @ 2.40GHz,Array3dAverage,THREE_D,80,1,2,1,1.95312,23.2,1.215,0.002,4.461,0.715,0.172
Intel Xeon CPU E5-2695 v2 @ 2.40GHz,Array3dAverage,THREE_D,80,1,2,2,1.95312,22.454,0.933,0.004,3.046,1.093,0.164
Intel Xeon CPU E5-2695 v2 @ 2.40GHz,Array3dAverage,THREE_D,80,1,2,4,1.95312,24.989,1.268,0.002,1.996,1.117,0.166
Intel Xeon CPU E5-2695 v2 @ 2.40GHz,Array3dAverage,THREE_D,80,1,2,8,1.95312,24.199,1.275,0.001,1.828,0.706,0.158
Intel Xeon CPU E5-2695 v2 @ 2.40GHz,Array3dAverage,THREE_D,80,1,2,16,1.95312,23.794,0.802,0,2.119,0.669,0.158
Intel Xeon CPU E5-2695 v2 @ 2.40GHz,Array3dAverage,THREE_D,80,1,4,1,1.95312,23.187,0.781,0.002,2.802,0.757,0.183
Intel Xeon CPU E5-2695 v2 @ 2.40GHz,Array3dAverage,THREE_D,80,1,4,2,1.95312,22.402,1.035,0.002,1.951,1.085,0.161
Intel Xeon CPU E5-2695 v2 @ 2.40GHz,Array3dAverage,THREE_D,80,1,4,4,1.95312,24.63,1.252,0.003,1.909,1.08,0.167
Intel Xeon CPU E5-2695 v2 @ 2.40GHz,Array3dAverage,THREE_D,80,1,4,8,1.95312,24.199,1.233,0.002,2.056,1.095,0.172
Intel Xeon CPU E5-2695 v2 @ 2.40GHz,Array3dAverage,THREE_D,80,1,4,16,1.95312,24.194,1.296,0.001,2.162,1.07,0.176
Intel Xeon CPU E5-2695 v2 @ 2.40GHz,Array3dAverage,THREE_D,80,1,8,1,1.95312,23.719,1.16,0.003,1.938,0.784,0.173
Intel Xeon CPU E5-2695 v2 @ 2.40GHz,Array3dAverage,THREE_D,80,1,8,2,1.95312,22.497,1.093,0.002,1.718,1.069,0.251
Intel Xeon CPU E5-2695 v2 @ 2.40GHz,Array3dAverage,THREE_D,80,1,8,4,1.95312,23.419,1.263,0.003,1.905,1.078,0.159
Intel Xeon CPU E5-2695 v2 @ 2.40GHz,Array3dAverage,THREE_D,80,1,8,8,1.95312,22.759,1.316,0.001,2.51,1.23,0.261
Intel Xeon CPU E5-2695 v2 @ 2.40GHz,Array3dAverage,THREE_D,80,1,8,16,1.95312,30.495,1.279,0.003,1.895,1.049,0.165
Intel Xeon CPU E5-2695 v2 @ 2.40GHz,Array3dAverage,THREE_D,80,1,16,1,1.95312,23.548,1.309,0.001,1.75,1.331,0.178
Intel Xeon CPU E5-2695 v2 @ 2.40GHz,Array3dAverage,THREE_D,80,1,16,2,1.95312,24.929,1.332,0.002,2.926,1.149,0.143
Intel Xeon CPU E5-2695 v2 @ 2.40GHz,Array3dAverage,THREE_D,80,1,16,4,1.95312,25.766,1.333,0.002,3.395,0.721,0.258
Intel Xeon CPU E5-2695 v2 @ 2.40GHz,Array3dAverage,THREE_D,80,1,16,8,1.95312,28.528,0.809,0.002,2.661,0.713,0.158
Intel Xeon CPU E5-2695 v2 @ 2.40GHz,Array3dAverage,THREE_D,80,1,16,16,1.95312,22.755,0.831,0.001,3.517,1.039,0.161
Intel Xeon CPU E5-2695 v2 @ 2.40GHz,Array3dAverage,THREE_D,80,2,1,1,1.95312,25.936,1.288,0.002,4.08,0.774,0.152
Intel Xeon CPU E5-2695 v2 @ 2.40GHz,Array3dAverage,THREE_D,80,2,1,2,1.95312,23.5,1.067,0.001,2.491,0.713,0.159
Intel Xeon CPU E5-2695 v2 @ 2.40GHz,Array3dAverage,THREE_D,80,2,1,4,1.95312,22.81,1.298,0.002,1.471,1.03,0.159
Intel Xeon CPU E5-2695 v2 @ 2.40GHz,Array3dAverage,THREE_D,80,2,1,8,1.95312,24.506,1.273,0.001,1.416,1.099,0.163
Intel Xeon CPU E5-2695 v2 @ 2.40GHz,Array3dAverage,THREE_D,80,2,1,16,1.95312,23.342,1.311,0.003,1.313,1.085,0.157
Intel Xeon CPU E5-2695 v2 @ 2.40GHz,Array3dAverage,THREE_D,80,2,2,1,1.95312,23.995,1.167,0.002,3.227,0.819,0.161
Intel Xeon CPU E5-2695 v2 @ 2.40GHz,Array3dAverage,THREE_D,80,2,2,2,1.95312,24.245,1.062,0.001,1.695,0.715,0.158
Intel Xeon CPU E5-2695 v2 @ 2.40GHz,Array3dAverage,THREE_D,80,2,2,4,1.95312,22.801,0.823,0.003,1.271,1.151,0.171
Intel Xeon CPU E5-2695 v2 @ 2.40GHz,Array3dAverage,THREE_D,80,2,2,8,1.95312,24.091,1.358,0.001,2.566,1.154,0.137
Intel Xeon CPU E5-2695 v2 @ 2.40GHz,Array3dAverage,THREE_D,80,2,2,16,1.95312,24.392,1.397,0.003,2.517,1.13,0.19
Intel Xeon CPU E5-2695 v2 @ 2.40GHz,Array3dAverage,THREE_D,80,2,4,1,1.95312,25.625,1.316,0.001,3.697,0.765,0.154
Intel Xeon CPU E5-2695 v2 @ 2.40GHz,Array3dAverage,THREE_D,80,2,4,2,1.95312,32.109,1.368,0.002,2.976,1.139,0.186
Intel Xeon CPU E5-2695 v2 @ 2.40GHz,Array3dAverage,THREE_D,80,2,4,4,1.95312,28.131,1.343,0.003,2.41,0.702,0.151
Intel Xeon CPU E5-2695 v2 @ 2.40GHz,Array3dAverage,THREE_D,80,2,4,8,1.95312,24.525,1.031,0.001,2.176,1.126,0.167
Intel Xeon CPU E5-2695 v2 @ 2.40GHz,Array3dAverage,THREE_D,80,2,4,16,1.95312,25.11,1.282,0.002,1.097,1.107,0.158
Intel Xeon CPU E5-2695 v2 @ 2.40GHz,Array3dAverage,THREE_D,80,2,8,1,1.95312,25.978,1.251,0.003,2.717,1.328,0.208
Intel Xeon CPU E5-2695 v2 @ 2.40GHz,Array3dAverage,THREE_D,80,2,8,2,1.95312,26.482,1.292,0.002,2.779,1.147,0.182
Intel Xeon CPU E5-2695 v2 @ 2.40GHz,Array3dAverage,THREE_D,80,2,8,4,1.95312,26.523,1.285,0.003,1.838,0.712,0.14
Intel Xeon CPU E5-2695 v2 @ 2.40GHz,Array3dAverage,THREE_D,80,2,8,8,1.95312,22.713,0.951,0.003,1.984,0.691,0.155
Intel Xeon CPU E5-2695 v2 @ 2.40GHz,Array3dAverage,THREE_D,80,2,8,16,1.95312,22.774,0.815,0.002,1.667,0.713,0.153
Intel Xeon CPU E5-2695 v2 @ 2.40GHz,Array3dAverage,THREE_D,80,2,16,1,1.95312,23.457,1.155,0.001,2.136,0.957,0.142
Intel Xeon CPU E5-2695 v2 @ 2.40GHz,Array3dAverage,THREE_D,80,2,16,2,1.95312,22.759,0.985,0.019,2.457,1.118,0.163
Intel Xeon CPU E5-2695 v2 @ 2.40GHz,Array3dAverage,THREE_D,80,2,16,4,1.95312,25.719,1.299,0.022,2.181,1.111,0.151
Intel Xeon CPU E5-2695 v2 @ 2.40GHz,Array3dAverage,THREE_D,80,2,16,8,1.95312,25.715,1.314,0.002,1.067,1.146,0.152
Intel Xeon CPU E5-2695 v2 @ 2.40GHz,Array3dAverage,THREE_D,80,2,16,16,1.95312,24.508,1.244,0.001,1.421,1.038,0.147
Intel Xeon CPU E5-2695 v2 @ 2.40GHz,Array3dAverage,THREE_D,80,4,1,1,1.95312,25.118,1.296,0.003,3.454,1.313,0.163
Intel Xeon CPU E5-2695 v2 @ 2.40GHz,Array3dAverage,THREE_D,80,4,1,2,1.95312,24.685,1.321,0.001,1.72,1.186,0.13
Intel Xeon CPU E5-2695 v2 @ 2.40GHz,Array3dAverage,THREE_D,80,4,1,4,1.95312,24.93,1.309,0.001,1.2,1.151,0.149
Intel Xeon CPU E5-2695 v2 @ 2.40GHz,Array3dAverage,THREE_D,80,4,1,8,1.95312,24.504,1.31,0.001,1.828,1.12,0.159
Intel Xeon CPU E5-2695 v2 @ 2.40GHz,Array3dAverage,THREE_D,80,4,1,16,1.95312,25.306,1.32,0.002,1.835,1.121,0.157
Intel Xeon CPU E5-2695 v2 @ 2.40GHz,Array3dAverage,THREE_D,80,4,2,1,1.95312,24.159,1.245,0.001,2.243,1.206,0.155
Intel Xeon CPU E5-2695 v2 @ 2.40GHz,Array3dAverage,THREE_D,80,4,2,2,1.95312,25.345,1.316,0.002,1.221,1.174,0.131
Intel Xeon CPU E5-2695 v2 @ 2.40GHz,Array3dAverage,THREE_D,80,4,2,4,1.95312,22.757,1.26,0.002,1.746,1.047,0.149
Intel Xeon CPU E5-2695 v2 @ 2.40GHz,Array3dAverage,THREE_D,80,4,2,8,1.95312,27.354,1.316,0.003,1.483,0.701,0.14
Intel Xeon CPU E5-2695 v2 @ 2.40GHz,Array3dAverage,THREE_D,80,4,2,16,1.95312,24.176,0.938,0.002,1.524,1.143,0.139
Intel Xeon CPU E5-2695 v2 @ 2.40GHz,Array3dAverage,THREE_D,80,4,4,1,1.95312,24.646,1.067,0.001,2.273,1.328,0.143
Intel Xeon CPU E5-2695 v2 @ 2.40GHz,Array3dAverage,THREE_D,80,4,4,2,1.95312,25.687,1.317,0.001,1.875,1.12,0.15
Intel Xeon CPU E5-2695 v2 @ 2.40GHz,Array3dAverage,THREE_D,80,4,4,4,1.95312,25.087,1.32,0.003,1.637,1.12,0.152
Intel Xeon CPU E5-2695 v2 @ 2.40GHz,Array3dAverage,THREE_D,80,4,4,8,1.95312,22.76,1.323,0.001,1.485,1.126,0.168
Intel Xeon CPU E5-2695 v2 @ 2.40GHz,Array3dAverage,THREE_D,80,4,4,16,1.95312,26.332,1.319,0.002,1.513,1.143,0.141
Intel Xeon CPU E5-2695 v2 @ 2.40GHz,Array3dAverage,THREE_D,80,4,8,1,1.95312,23.649,1.239,0.002,1.721,1.249,0.153
Intel Xeon CPU E5-2695 v2 @ 2.40GHz,Array3dAverage,THREE_D,80,4,8,2,1.95312,25.046,1.256,0.002,1.472,1.027,0.146
Intel Xeon CPU E5-2695 v2 @ 2.40GHz,Array3dAverage,THREE_D,80,4,8,4,1.95312,24.628,1.252,0.003,1.383,1.004,0.142
Intel Xeon CPU E5-2695 v2 @ 2.40GHz,Array3dAverage,THREE_D,80,4,8,8,1.95312,22.462,1.326,0.001,1.301,0.988,0.142
Intel Xeon CPU E5-2695 v2 @ 2.40GHz,Array3dAverage,THREE_D,80,4,8,16,1.95312,27.084,1.086,0.002,1.374,1.123,0.16
Intel Xeon CPU E5-2695 v2 @ 2.40GHz,Array3dAverage,THREE_D,80,4,16,1,1.95312,24.043,1.298,0.002,1.548,1.294,0.155
Intel Xeon CPU E5-2695 v2 @ 2.40GHz,Array3dAverage,THREE_D,80,4,16,2,1.95312,25.465,1.326,0.003,1.399,1.128,0.127
Intel Xeon CPU E5-2695 v2 @ 2.40GHz,Array3dAverage,THREE_D,80,4,16,4,1.95312,25.038,1.322,0.002,1.329,1.104,0.161
Intel Xeon CPU E5-2695 v2 @ 2.40GHz,Array3dAverage,THREE_D,80,4,16,8,1.95312,23.686,1.33,0.002,1.326,1.118,0.15
Intel Xeon CPU E5-2695 v2 @ 2.40GHz,Array3dAverage,THREE_D,80,4,16,16,1.95312,24.419,1.313,0.004,1.385,1.126,0.149
Intel Xeon CPU E5-2695 v2 @ 2.40GHz,Array3dAverage,THREE_D,80,8,1,1,1.95312,24.086,1.304,0.003,2.921,1.292,0.16
Intel Xeon CPU E5-2695 v2 @ 2.40GHz,Array3dAverage,THREE_D,80,8,1,2,1.95312,25.194,1.326,0.001,1.995,1.147,0.145
Intel Xeon CPU E5-2695 v2 @ 2.40GHz,Array3dAverage,THREE_D,80,8,1,4,1.95312,25.466,1.336,0.002,1.55,1.146,0.125
Intel Xeon CPU E5-2695 v2 @ 2.40GHz,Array3dAverage,THREE_D,80,8,1,8,1.95312,24.397,1.383,0.002,1.226,0.708,0.132
Intel Xeon CPU E5-2695 v2 @ 2.40GHz,Array3dAverage,THREE_D,80,8,1,16,1.95312,25.656,0.947,0.001,1.425,0.856,0.152
Intel Xeon CPU E5-2695 v2 @ 2.40GHz,Array3dAverage,THREE_D,80,8,2,1,1.95312,25.536,1.294,0.003,1.996,1.3,0.154
Intel Xeon CPU E5-2695 v2 @ 2.40GHz,Array3dAverage,THREE_D,80,8,2,2,1.95312,24.546,1.338,0.001,1.582,1.131,0.168
Intel Xeon CPU E5-2695 v2 @ 2.40GHz,Array3dAverage,THREE_D,80,8,2,4,1.95312,24.991,1.313,0.002,1.357,1.12,0.15
Intel Xeon CPU E5-2695 v2 @ 2.40GHz,Array3dAverage,THREE_D,80,8,2,8,1.95312,25.039,1.311,0.003,1.24,1.12,0.155
Intel Xeon CPU E5-2695 v2 @ 2.40GHz,Array3dAverage,THREE_D,80,8,2,16,1.95312,25.036,1.323,0.002,1.22,1.124,0.146
Intel Xeon CPU E5-2695 v2 @ 2.40GHz,Array3dAverage,THREE_D,80,8,4,1,1.95312,24.605,1.286,0.001,1.48,1.28,0.145
Intel Xeon CPU E5-2695 v2 @ 2.40GHz,Array3dAverage,THREE_D,80,8,4,2,1.95312,25.045,1.318,0.002,1.276,1.072,0.139
Intel Xeon CPU E5-2695 v2 @ 2.40GHz,Array3dAverage,THREE_D,80,8,4,4,1.95312,24.621,1.299,0.001,1.121,0.682,0.125
Intel Xeon CPU E5-2695 v2 @ 2.40GHz,Array3dAverage,THREE_D,80,8,4,8,1.95312,24.024,0.799,0.001,1.153,1.117,0.154
Intel Xeon CPU E5-2695 v2 @ 2.40GHz,Array3dAverage,THREE_D,80,8,4,16,1.95312,24.21,1.319,0.001,1.13,1.117,0.151
Intel Xeon CPU E5-2695 v2 @ 2.40GHz,Array3dAverage,THREE_D,80,8,8,1,1.95312,23.65,1.291,0.001,1.175,1.032,0.152
Intel Xeon CPU E5-2695 v2 @ 2.40GHz,Array3dAverage,THREE_D,80,8,8,2,1.95312,27.665,0.864,0.001,1.09,1.022,0.138
Intel Xeon CPU E5-2695 v2 @ 2.40GHz,Array3dAverage,THREE_D,80,8,8,4,1.95312,25.307,1.162,0.001,0.992,1.057,0.145
Intel Xeon CPU E5-2695 v2 @ 2.40GHz,Array3dAverage,THREE_D,80,8,8,8,1.95312,22.892,1.213,0.001,0.948,1.058,0.143
Intel Xeon CPU E5-2695 v2 @ 2.40GHz,Array3dAverage,THREE_D,80,8,8,16,1.95312,25.921,1.237,0.002,0.98,1.066,0.145
Intel Xeon CPU E5-2695 v2 @ 2.40GHz,Array3dAverage,THREE_D,80,8,16,1,1.95312,25.065,1.248,0.001,1.011,1.039,0.144
Intel Xeon CPU E5-2695 v2 @ 2.40GHz,Array3dAverage,THREE_D,80,8,16,2,1.95312,25.064,1.247,0.002,1.007,1.065,0.152
Intel Xeon CPU E5-2695 v2 @ 2.40GHz,Array3dAverage,THREE_D,80,8,16,4,1.95312,24.563,1.238,0.001,0.946,0.906,0.136
Intel Xeon CPU E5-2695 v2 @ 2.40GHz,Array3dAverage,THREE_D,80,8,16,8,1.95312,24.865,0.965,0.001,0.956,1.047,0.145
Intel Xeon CPU E5-2695 v2 @ 2.40GHz,Array3dAverage,THREE_D,80,16,1,1,1.95312,24.58,1.274,0.003,1.845,1.303,0.124
Intel Xeon CPU E5-2695 v2 @ 2.40GHz,Array3dAverage,THREE_D,80,16,1,2,1.95312,23.86,1.311,0.001,1.412,1.06,0.156
Intel Xeon CPU E5-2695 v2 @ 2.40GHz,Array3dAverage,THREE_D,80,16,1,4,1.95312,24.971,1.317,0.001,1.169,1.05,0.142
Intel Xeon CPU E5-2695 v2 @ 2.40GHz,Array3dAverage,THREE_D,80,16,1,8,1.95312,24.375,1.313,0.002,1.07,0.818,0.132
Intel Xeon CPU E5-2695 v2 @ 2.40GHz,Array3dAverage,THREE_D,80,16,1,16,1.95312,24.624,0.855,0.002,1.004,1.052,0.137
Intel Xeon CPU E5-2695 v2 @ 2.40GHz,Array3dAverage,THREE_D,80,16,2,1,1.95312,24.098,1.285,0.003,1.415,1.281,0.146
Intel Xeon CPU E5-2695 v2 @ 2.40GHz,Array3dAverage,THREE_D,80,16,2,2,1.95312,25.987,1.252,0.001,1.18,1.055,0.14
Intel Xeon CPU E5-2695 v2 @ 2.40GHz,Array3dAverage,THREE_D,80,16,2,4,1.95312,25.463,1.242,0.001,1.057,1.053,0.137
Intel Xeon CPU E5-2695 v2 @ 2.40GHz,Array3dAverage,THREE_D,80,16,2,8,1.95312,25.49,1.237,0.002,1.008,1.15,0.146
Intel Xeon CPU E5-2695 v2 @ 2.40GHz,Array3dAverage,THREE_D,80,16,2,16,1.95312,22.996,1.346,0.001,1.09,1.64,0.129
Intel Xeon CPU E5-2695 v2 @ 2.40GHz,Array3dAverage,THREE_D,80,16,4,1,1.95312,30.322,1.822,0,1.329,1.699,0.145
Intel Xeon CPU E5-2695 v2 @ 2.40GHz,Array3dAverage,THREE_D,80,16,4,2,1.95312,29.522,1.871,0.002,1.199,1.517,0.115
Intel Xeon CPU E5-2695 v2 @ 2.40GHz,Array3dAverage,THREE_D,80,16,4,4,1.95312,29.705,1.843,0.002,0.507,1.445,0.138
Intel Xeon CPU E5-2695 v2 @ 2.40GHz,Array3dAverage,THREE_D,80,16,4,8,1.95312,28.226,1.784,0.001,0.512,1.455,0.125
Intel Xeon CPU E5-2695 v2 @ 2.40GHz,Array3dAverage,THREE_D,80,16,4,16,1.95312,28.902,1.752,0.001,0.547,1.445,0.136
Intel Xeon CPU E5-2695 v2 @ 2.40GHz,Array3dAverage,THREE_D,80,16,8,1,1.95312,28.77,1.739,0.001,0.71,1.413,0.138
Intel Xeon CPU E5-2695 v2 @ 2.40GHz,Array3dAverage,THREE_D,80,16,8,2,1.95312,28.797,1.723,0.001,0.659,1.201,0.107
Intel Xeon CPU E5-2695 v2 @ 2.40GHz,Array3dAverage,THREE_D,80,16,8,4,1.95312,27.585,1.685,0.001,0.693,1.438,0.141
Intel Xeon CPU E5-2695 v2 @ 2.40GHz,Array3dAverage,THREE_D,80,16,8,8,1.95312,28.488,1.659,0.001,0.683,1.429,0.135
Intel Xeon CPU E5-2695 v2 @ 2.40GHz,Array3dAverage,THREE_D,80,16,16,1,1.95312,28.873,1.648,0.001,0.991,1.523,0.123
Intel Xeon CPU E5-2695 v2 @ 2.40GHz,Array3dAverage,THREE_D,80,16,16,2,1.95312,29.256,1.703,0.001,0.637,1.16,0.122
Intel Xeon CPU E5-2695 v2 @ 2.40GHz,Array3dAverage,THREE_D,80,16,16,4,1.95312,27.59,1.646,0.001,1.039,1.529,0.125
Intel Xeon CPU E5-2695 v2 @ 2.40GHz,Array3dAverage,THREE_D,80,1,1,1,1.95312,17.001,0.955,0.002,8.186,1.411,0.249
Intel Xeon CPU E5-2695 v2 @ 2.40GHz,Array3dAverage,THREE_D,80,1,1,2,1.95312,22.458,1.359,0.002,5.015,1.46,0.176
Intel Xeon CPU E5-2695 v2 @ 2.40GHz,Array3dAverage,THREE_D,80,1,1,4,1.95312,23.563,1.349,0.001,2.992,1.472,0.202
Intel Xeon CPU E5-2695 v2 @ 2.40GHz,Array3dAverage,THREE_D,80,1,1,8,1.95312,26.653,1.636,0.003,2.268,1.218,0.173
Intel Xeon CPU E5-2695 v2 @ 2.40GHz,Array3dAverage,THREE_D,80,1,1,16,1.95312,33.14,1.379,0.001,2.198,1.568,0.166
Intel Xeon CPU E5-2695 v2 @ 2.40GHz,Array3dAverage,THREE_D,80,1,2,1,1.95312,26.738,1.622,0.003,4.288,1.292,0.183
Intel Xeon CPU E5-2695 v2 @ 2.40GHz,Array3dAverage,THREE_D,80,1,2,2,1.95312,22.451,1.331,0.002,2.763,1.431,0.174
Intel Xeon CPU E5-2695 v2 @ 2.40GHz,Array3dAverage,THREE_D,80,1,2,4,1.95312,25.208,1.381,0.008,2.058,1.491,0.174
Intel Xeon CPU E5-2695 v2 @ 2.40GHz,Array3dAverage,THREE_D,80,1,2,8,1.95312,23.883,1.657,0.002,1.83,1.396,0.176
Intel Xeon CPU E5-2695 v2 @ 2.40GHz,Array3dAverage,THREE_D,80,1,2,16,1.95312,24.417,1.508,0.002,1.969,1.48,0.171
Intel Xeon CPU E5-2695 v2 @ 2.40GHz,Array3dAverage,THREE_D,80,1,4,1,1.95312,24.128,1.435,0.002,2.985,1.464,0.177
Intel Xeon CPU E5-2695 v2 @ 2.40GHz,Array3dAverage,THREE_D,80,1,4,2,1.95312,24.004,1.443,0.002,2.07,1.538,0.161
Intel Xeon CPU E5-2695 v2 @ 2.40GHz,Array3dAverage,THREE_D,80,1,4,4,1.95312,24.418,1.579,0.001,1.768,1.537,0.165
Intel Xeon CPU E5-2695 v2 @ 2.40GHz,Array3dAverage,THREE_D,80,1,4,8,1.95312,24.397,1.724,0.002,1.656,1.473,0.172
Intel Xeon CPU E5-2695 v2 @ 2.40GHz,Array3dAverage,THREE_D,80,1,4,16,1.95312,26.718,1.704,0.003,1.772,1.379,0.158
Intel Xeon CPU E5-2695 v2 @ 2.40GHz,Array3dAverage,THREE_D,80,1,8,1,1.95312,23.73,1.433,0.003,2.556,1.418,0.152
Intel Xeon CPU E5-2695 v2 @ 2.40GHz,Array3dAverage,THREE_D,80,1,8,2,1.95312,24.05,1.445,0.003,1.854,1.487,0.179
Intel Xeon CPU E5-2695 v2 @ 2.40GHz,Array3dAverage,THREE_D,80,1,8,4,1.95312,24.614,1.686,0.001,2.634,1.403,0.153
Intel Xeon CPU E5-2695 v2 @ 2.40GHz,Array3dAverage,THREE_D,80,1,8,8,1.95312,25.167,1.581,0.003,3.153,1.13,0.165
Intel Xeon CPU E5-2695 v2 @ 2.40GHz,Array3dAverage,THREE_D,80,1,8,16,1.95312,22.502,1.341,0.002,2.604,1.395,0.172
Intel Xeon CPU E5-2695 v2 @ 2.40GHz,Array3dAverage,THREE_D,80,1,16,1,1.95312,27.618,1.564,0.001,1.758,1.317,0.142
Intel Xeon CPU E5-2695 v2 @ 2.40GHz,Array3dAverage,THREE_D,80,1,16,2,1.95312,28.551,1.62,0.001,1.924,0.655,0.131
Intel Xeon CPU E5-2695 v2 @ 2.40GHz,Array3dAverage,THREE_D,80,1,16,4,1.95312,26.522,1.419,0.001,1.383,0.704,0.163
Intel Xeon CPU E5-2695 v2 @ 2.40GHz,Array3dAverage,THREE_D,80,1,16,8,1.95312,27.195,1.536,0.001,1.239,0.761,0.153
Intel Xeon CPU E5-2695 v2 @ 2.40GHz,Array3dAverage,THREE_D,80,1,16,16,1.95312,27.212,1.112,0.001,2.284,0.747,0.162
Intel Xeon CPU E5-2695 v2 @ 2.40GHz,Array3dAverage,THREE_D,80,2,1,1,1.95312,29.167,1.475,0.001,5.387,1.308,0.169
Intel Xeon CPU E5-2695 v2 @ 2.40GHz,Array3dAverage,THREE_D,80,2,1,2,1.95312,29.486,1.599,0.001,2.801,0.687,0.176
Intel Xeon CPU E5-2695 v2 @ 2.40GHz,Array3dAverage,THREE_D,80,2,1,4,1.95312,27.888,1.259,0.001,1.62,1.221,0.138
Intel Xeon CPU E5-2695 v2 @ 2.40GHz,Array3dAverage,THREE_D,80,2,1,8,1.95312,27.592,1.641,0.001,1.983,1.188,0.136
Intel Xeon CPU E5-2695 v2 @ 2.40GHz,Array3dAverage,THREE_D,80,2,1,16,1.95312,28.381,1.615,0.001,1.713,1.176,0.146
Intel Xeon CPU E5-2695 v2 @ 2.40GHz,Array3dAverage,THREE_D,80,2,2,1,1.95312,26.872,1.607,0.001,3.176,1.388,0.147
Intel Xeon CPU E5-2695 v2 @ 2.40GHz,Array3dAverage,THREE_D,80,2,2,2,1.95312,28.794,1.603,0.002,2.025,1.155,0.148
Intel Xeon CPU E5-2695 v2 @ 2.40GHz,Array3dAverage,THREE_D,80,2,2,4,1.95312,27.911,1.296,0.001,1.952,0.776,0.164
Intel Xeon CPU E5-2695 v2 @ 2.40GHz,Array3dAverage,THREE_D,80,2,2,8,1.95312,28.495,1.648,0.001,2.017,1.139,0.149
Intel Xeon CPU E5-2695 v2 @ 2.40GHz,Array3dAverage,THREE_D,80,2,2,16,1.95312,34.562,1.579,0.002,1.548,1.17,0.178
Intel Xeon CPU E5-2695 v2 @ 2.40GHz,Array3dAverage,THREE_D,80,2,4,1,1.95312,28.337,1.518,0.001,2.113,1.263,0.169
Intel Xeon CPU E5-2695 v2 @ 2.40GHz,Array3dAverage,THREE_D,80,2,4,2,1.95312,30.946,1.619,0.001,1.617,1.173,0.153
Intel Xeon CPU E5-2695 v2 @ 2.40GHz,Array3dAverage,THREE_D,80,2,4,4,1.95312,28.334,1.638,0.001,1.35,1.189,0.145
Intel Xeon CPU E5-2695 v2 @ 2.40GHz,Array3dAverage,THREE_D,80,2,4,8,1.95312,28.525,1.63,0.001,2.182,1.172,0.164
Intel Xeon CPU E5-2695 v2 @ 2.40GHz,Array3dAverage,THREE_D,80,2,4,16,1.95312,30.312,1.569,0,2.2,1.2,0.174
Intel Xeon CPU E5-2695 v2 @ 2.40GHz,Array3dAverage,THREE_D,80,2,8,1,1.95312,27.645,1.474,0.001,1.595,1.241,0.15
Intel Xeon CPU E5-2695 v2 @ 2.40GHz,Array3dAverage,THREE_D,80,2,8,2,1.95312,29.213,1.477,0.002,1.362,1.214,0.157
Intel Xeon CPU E5-2695 v2 @ 2.40GHz,Array3dAverage,THREE_D,80,2,8,4,1.95312,28.511,1.49,0.001,1.274,1.187,0.153
Intel Xeon CPU E5-2695 v2 @ 2.40GHz,Array3dAverage,THREE_D,80,2,8,8,1.95312,27.601,1.509,0.001,1.324,1.219,0.153
Intel Xeon CPU E5-2695 v2 @ 2.40GHz,Array3dAverage,THREE_D,80,2,8,16,1.95312,27.571,1.49,0.001,1.949,1.214,0.15
Intel Xeon CPU E5-2695 v2 @ 2.40GHz,Array3dAverage,THREE_D,80,2,16,1,1.95312,28.69,1.485,0.001,1.433,0.905,0.143
Intel Xeon CPU E5-2695 v2 @ 2.40GHz,Array3dAverage,THREE_D,80,2,16,2,1.95312,28.56,1.443,0.001,2.043,1.174,0.13
Intel Xeon CPU E5-2695 v2 @ 2.40GHz,Array3dAverage,THREE_D,80,2,16,4,1.95312,26.508,1.556,0.002,1.886,1.621,0.175
Intel Xeon CPU E5-2695 v2 @ 2.40GHz,Array3dAverage,THREE_D,80,2,16,8,1.95312,30.564,1.692,0.001,1.164,1.149,0.138
Intel Xeon CPU E5-2695 v2 @ 2.40GHz,Array3dAverage,THREE_D,80,2,16,16,1.95312,24.068,1.574,0.001,1.737,1.171,0.225
Intel Xeon CPU E5-2695 v2 @ 2.40GHz,Array3dAverage,THREE_D,80,4,1,1,1.95312,24.563,1.658,0.001,4.941,1.635,0.142
Intel Xeon CPU E5-2695 v2 @ 2.40GHz,Array3dAverage,THREE_D,80,4,1,2,1.95312,27.634,1.684,0.001,2.934,1.135,0.146
Intel Xeon CPU E5-2695 v2 @ 2.40GHz,Array3dAverage,THREE_D,80,4,1,4,1.95312,22.515,1.342,0.001,1.494,1.118,0.146
Intel Xeon CPU E5-2695 v2 @ 2.40GHz,Array3dAverage,THREE_D,80,4,1,8,1.95312,22.514,1.359,0,1.249,1.509,0.135
Intel Xeon CPU E5-2695 v2 @ 2.40GHz,Array3dAverage,THREE_D,80,4,1,16,1.95312,22.605,1.746,0,1.357,1.155,0.142
Intel Xeon CPU E5-2695 v2 @ 2.40GHz,Array3dAverage,THREE_D,80,4,2,1,1.95312,24.565,1.601,0.002,2.473,1.326,0.147
Intel Xeon CPU E5-2695 v2 @ 2.40GHz,Array3dAverage,THREE_D,80,4,2,2,1.95312,24.892,1.497,0.002,1.818,1.464,0.176
Intel Xeon CPU E5-2695 v2 @ 2.40GHz,Array3dAverage,THREE_D,80,4,2,4,1.95312,24.861,1.593,0.004,1.359,1.172,0.145
Intel Xeon CPU E5-2695 v2 @ 2.40GHz,Array3dAverage,THREE_D,80,4,2,8,1.95312,23.452,1.557,0.001,1.279,1.306,0.152
Intel Xeon CPU E5-2695 v2 @ 2.40GHz,Array3dAverage,THREE_D,80,4,2,16,1.95312,27.044,1.674,0.004,1.231,1.447,0.166
Intel Xeon CPU E5-2695 v2 @ 2.40GHz,Array3dAverage,THREE_D,80,4,4,1,1.95312,24.151,1.669,0.003,1.263,1.236,0.149
Intel Xeon CPU E5-2695 v2 @ 2.40GHz,Array3dAverage,THREE_D,80,4,4,2,1.95312,24.49,1.456,0.002,1.812,1.512,0.261
Intel Xeon CPU E5-2695 v2 @ 2.40GHz,Array3dAverage,THREE_D,80,4,4,4,1.95312,36.07,1.679,0.004,1.533,1.178,0.146
Intel Xeon CPU E5-2695 v2 @ 2.40GHz,Array3dAverage,THREE_D,80,4,4,8,1.95312,26.562,1.609,0.001,1.527,1.183,0.152
Intel Xeon CPU E5-2695 v2 @ 2.40GHz,Array3dAverage,THREE_D,80,4,4,16,1.95312,24.807,1.666,0.002,1.379,1.172,0.156
Intel Xeon CPU E5-2695 v2 @ 2.40GHz,Array3dAverage,THREE_D,80,4,8,1,1.95312,24.948,1.646,0.001,1.734,1.282,0.146
Intel Xeon CPU E5-2695 v2 @ 2.40GHz,Array3dAverage,THREE_D,80,4,8,2,1.95312,24.004,1.521,0.001,1.578,1.473,0.181
Intel Xeon CPU E5-2695 v2 @ 2.40GHz,Array3dAverage,THREE_D,80,4,8,4,1.95312,25.099,1.68,0.002,1.479,1.506,0.165
Intel Xeon CPU E5-2695 v2 @ 2.40GHz,Array3dAverage,THREE_D,80,4,8,8,1.95312,25.111,1.714,0.002,1.411,1.461,0.166
Intel Xeon CPU E5-2695 v2 @ 2.40GHz,Array3dAverage,THREE_D,80,4,8,16,1.95312,25.169,1.668,0.001,1.435,1.462,0.161
Intel Xeon CPU E5-2695 v2 @ 2.40GHz,Array3dAverage,THREE_D,80,4,16,1,1.95312,24.553,1.645,0.001,1.624,1.675,0.157
Intel Xeon CPU E5-2695 v2 @ 2.40GHz,Array3dAverage,THREE_D,80,4,16,2,1.95312,26.292,1.672,0.001,1.451,1.459,0.161
Intel Xeon CPU E5-2695 v2 @ 2.40GHz,Array3dAverage,THREE_D,80,4,16,4,1.95312,25.869,1.692,0.001,1.413,1.466,0.135
Intel Xeon CPU E5-2695 v2 @ 2.40GHz,Array3dAverage,THREE_D,80,4,16,8,1.95312,25.882,1.67,0.002,1.458,1.444,0.154
Intel Xeon CPU E5-2695 v2 @ 2.40GHz,Array3dAverage,THREE_D,80,4,16,16,1.95312,25.881,1.673,0.002,1.329,1.486,0.131
Intel Xeon CPU E5-2695 v2 @ 2.40GHz,Array3dAverage,THREE_D,80,8,1,1,1.95312,26.242,1.634,0.002,2.847,1.692,0.156
Intel Xeon CPU E5-2695 v2 @ 2.40GHz,Array3dAverage,THREE_D,80,8,1,2,1.95312,42.118,1.729,0.003,2.034,1.488,0.196
Intel Xeon CPU E5-2695 v2 @ 2.40GHz,Array3dAverage,THREE_D,80,8,1,4,1.95312,28.44,1.687,0.002,1.603,1.479,0.159
Intel Xeon CPU E5-2695 v2 @ 2.40GHz,Array3dAverage,THREE_D,80,8,1,8,1.95312,24.544,1.699,0.002,1.336,1.475,0.155
Intel Xeon CPU E5-2695 v2 @ 2.40GHz,Array3dAverage,THREE_D,80,8,1,16,1.95312,25.168,1.688,0.002,1.273,1.469,0.163
Intel Xeon CPU E5-2695 v2 @ 2.40GHz,Array3dAverage,THREE_D,80,8,2,1,1.95312,24.807,1.6,0.002,1.981,1.728,0.129
Intel Xeon CPU E5-2695 v2 @ 2.40GHz,Array3dAverage,THREE_D,80,8,2,2,1.95312,24.882,1.685,0.003,1.583,1.494,0.162
Intel Xeon CPU E5-2695 v2 @ 2.40GHz,Array3dAverage,THREE_D,80,8,2,4,1.95312,25.106,1.718,0.002,1.366,1.459,0.156
Intel Xeon CPU E5-2695 v2 @ 2.40GHz,Array3dAverage,THREE_D,80,8,2,8,1.95312,25.159,1.688,0.004,1.222,1.484,0.131
Intel Xeon CPU E5-2695 v2 @ 2.40GHz,Array3dAverage,THREE_D,80,8,2,16,1.95312,25.167,1.676,0.002,1.187,1.488,0.144
Intel Xeon CPU E5-2695 v2 @ 2.40GHz,Array3dAverage,THREE_D,80,8,4,1,1.95312,26.914,1.723,0.001,1.415,1.296,0.142
Intel Xeon CPU E5-2695 v2 @ 2.40GHz,Array3dAverage,THREE_D,80,8,4,2,1.95312,35.126,1.628,0.004,1.131,1.362,0.223
Intel Xeon CPU E5-2695 v2 @ 2.40GHz,Array3dAverage,THREE_D,80,8,4,4,1.95312,31.996,1.329,0.001,1.112,1.171,0.135
Intel Xeon CPU E5-2695 v2 @ 2.40GHz,Array3dAverage,THREE_D,80,8,4,8,1.95312,23.4,1.315,0.002,1.036,1.443,0.161
Intel Xeon CPU E5-2695 v2 @ 2.40GHz,Array3dAverage,THREE_D,80,8,4,16,1.95312,24.301,1.674,0.002,1.179,1.439,0.155
Intel Xeon CPU E5-2695 v2 @ 2.40GHz,Array3dAverage,THREE_D,80,8,8,1,1.95312,25.765,1.65,0.003,1.165,1.658,0.146
Intel Xeon CPU E5-2695 v2 @ 2.40GHz,Array3dAverage,THREE_D,80,8,8,2,1.95312,25.438,1.724,0.004,1.089,1.486,0.171
Intel Xeon CPU E5-2695 v2 @ 2.40GHz,Array3dAverage,THREE_D,80,8,8,4,1.95312,25.436,1.687,0.004,1.014,1.434,0.14
Intel Xeon CPU E5-2695 v2 @ 2.40GHz,Array3dAverage,THREE_D,80,8,8,8,1.95312,25.473,1.648,0.007,0.969,1.423,0.139
Intel Xeon CPU E5-2695 v2 @ 2.40GHz,Array3dAverage,THREE_D,80,8,8,16,1.95312,25.466,1.633,0.002,0.964,1.449,0.147
Intel Xeon CPU E5-2695 v2 @ 2.40GHz,Array3dAverage,THREE_D,80,8,16,1,1.95312,25.47,1.666,0.003,1.036,1.428,0.139
Intel Xeon CPU E5-2695 v2 @ 2.40GHz,Array3dAverage,THREE_D,80,8,16,2,1.95312,25.461,1.687,0.002,0.965,1.434,0.215
Intel Xeon CPU E5-2695 v2 @ 2.40GHz,Array3dAverage,THREE_D,80,8,16,4,1.95312,40.426,1.643,0.002,0.894,1.174,0.168
Intel Xeon CPU E5-2695 v2 @ 2.40GHz,Array3dAverage,THREE_D,80,8,16,8,1.95312,24.816,1.622,0.004,0.983,1.186,0.142
Intel Xeon CPU E5-2695 v2 @ 2.40GHz,Array3dAverage,THREE_D,80,16,1,1,1.95312,24.87,1.631,0.001,1.83,1.644,0.141
Intel Xeon CPU E5-2695 v2 @ 2.40GHz,Array3dAverage,THREE_D,80,16,1,2,1.95312,23.082,1.692,0.002,1.281,1.154,0.123
Intel Xeon CPU E5-2695 v2 @ 2.40GHz,Array3dAverage,THREE_D,80,16,1,4,1.95312,29.302,1.437,0.001,1.239,1.485,0.145
Intel Xeon CPU E5-2695 v2 @ 2.40GHz,Array3dAverage,THREE_D,80,16,1,8,1.95312,22.959,1.732,0.004,1.254,1.519,0.159
Intel Xeon CPU E5-2695 v2 @ 2.40GHz,Array3dAverage,THREE_D,80,16,1,16,1.95312,30.345,1.745,0.002,1.132,1.535,0.238
Intel Xeon CPU E5-2695 v2 @ 2.40GHz,Array3dAverage,THREE_D,80,16,2,1,1.95312,24.993,1.635,0.002,1.423,1.695,0.2
Intel Xeon CPU E5-2695 v2 @ 2.40GHz,Array3dAverage,THREE_D,80,16,2,2,1.95312,31.289,1.675,0.001,1.202,1.44,0.147
Intel Xeon CPU E5-2695 v2 @ 2.40GHz,Array3dAverage,THREE_D,80,16,2,4,1.95312,28.712,1.702,0.004,1.039,1.441,0.148
Intel Xeon CPU E5-2695 v2 @ 2.40GHz,Array3dAverage,THREE_D,80,16,2,8,1.95312,34.036,1.672,0.002,1.003,1.438,0.133
Intel Xeon CPU E5-2695 v2 @ 2.40GHz,Array3dAverage,THREE_D,80,16,2,16,1.95312,25.465,1.634,0.002,0.959,1.438,0.145
Intel Xeon CPU E5-2695 v2 @ 2.40GHz,Array3dAverage,THREE_D,80,16,4,1,1.95312,24.141,1.631,0.003,1.178,1.619,0.154
Intel Xeon CPU E5-2695 v2 @ 2.40GHz,Array3dAverage,THREE_D,80,16,4,2,1.95312,23.374,1.685,0.002,1.091,1.157,0.126
Intel Xeon CPU E5-2695 v2 @ 2.40GHz,Array3dAverage,THREE_D,80,16,4,4,1.95312,24.808,1.517,0.003,0.99,1.465,0.143
Intel Xeon CPU E5-2695 v2 @ 2.40GHz,Array3dAverage,THREE_D,80,16,4,8,1.95312,24.799,1.618,0.001,1.019,1.468,0.147
Intel Xeon CPU E5-2695 v2 @ 2.40GHz,Array3dAverage,THREE_D,80,16,4,16,1.95312,25.459,1.585,0.001,0.999,1.465,0.155
Intel Xeon CPU E5-2695 v2 @ 2.40GHz,Array3dAverage,THREE_D,80,16,8,1,1.95312,25.461,1.577,0.001,1.033,1.478,0.148
Intel Xeon CPU E5-2695 v2 @ 2.40GHz,Array3dAverage,THREE_D,80,16,8,2,1.95312,25.464,1.608,0.002,1.048,1.462,0.148
Intel Xeon CPU E5-2695 v2 @ 2.40GHz,Array3dAverage,THREE_D,80,16,8,4,1.95312,25.458,1.617,0.002,0.901,1.465,0.14
Intel Xeon CPU E5-2695 v2 @ 2.40GHz,Array3dAverage,THREE_D,80,16,8,8,1.95312,25.466,1.563,0.002,1.002,1.479,0.137
Intel Xeon CPU E5-2695 v2 @ 2.40GHz,Array3dAverage,THREE_D,80,16,16,1,1.95312,25.469,1.572,0.002,0.971,1.465,0.144
Intel Xeon CPU E5-2695 v2 @ 2.40GHz,Array3dAverage,THREE_D,80,16,16,2,1.95312,25.471,1.564,0.001,0.99,1.463,0.146
Intel Xeon CPU E5-2695 v2 @ 2.40GHz,Array3dAverage,THREE_D,80,16,16,4,1.95312,25.462,1.571,0.002,0.973,1.476,0.131
