device/C,kernel/C,workDimension/C,width/F,height/F,xLocal/I,yLocal/I,zLocal/I,MB/F,init/F,memoryCopyOut/F,plan/F,execute/F,memoryCopyIn/F,cleanUp/F
Intel Xeon CPU E5-2695 v2 @ 2.40GHz,FloydWarshall,TWO_D,1773,1773,1,1,1,11,79.362,10.397,0.005,52130.9,15.312,1.298
Intel Xeon CPU E5-2695 v2 @ 2.40GHz,FloydWarshall,TWO_D,1773,1773,1,2,1,11,76.625,6.527,0.003,-1,-1,-1
Intel Xeon CPU E5-2695 v2 @ 2.40GHz,FloydWarshall,TWO_D,1773,1773,1,4,1,11,83.528,7.877,0.003,-1,-1,-1
Intel Xeon CPU E5-2695 v2 @ 2.40GHz,FloydWarshall,TWO_D,1773,1773,1,8,1,11,78.882,5.944,0.002,-1,-1,-1
Intel Xeon CPU E5-2695 v2 @ 2.40GHz,FloydWarshall,TWO_D,1773,1773,1,16,1,11,80.145,9.385,0.001,-1,-1,-1
Intel Xeon CPU E5-2695 v2 @ 2.40GHz,FloydWarshall,TWO_D,1773,1773,1,32,1,11,86.202,5.746,0.002,-1,-1,-1
Intel Xeon CPU E5-2695 v2 @ 2.40GHz,FloydWarshall,TWO_D,1773,1773,1,64,1,11,81.831,8.787,0.003,-1,-1,-1
Intel Xeon CPU E5-2695 v2 @ 2.40GHz,FloydWarshall,TWO_D,1773,1773,1,128,1,11,78.913,6.515,0.003,-1,-1,-1
Intel Xeon CPU E5-2695 v2 @ 2.40GHz,FloydWarshall,TWO_D,1773,1773,1,256,1,11,76.491,7.109,0.002,-1,-1,-1
Intel Xeon CPU E5-2695 v2 @ 2.40GHz,FloydWarshall,TWO_D,1773,1773,1,512,1,11,76.601,7.091,0.003,-1,-1,-1
Intel Xeon CPU E5-2695 v2 @ 2.40GHz,FloydWarshall,TWO_D,1773,1773,1,1024,1,11,76.479,7.102,0.003,-1,-1,-1
Intel Xeon CPU E5-2695 v2 @ 2.40GHz,FloydWarshall,TWO_D,1773,1773,2,1,1,11,76.607,7.092,0.003,-1,-1,-1
Intel Xeon CPU E5-2695 v2 @ 2.40GHz,FloydWarshall,TWO_D,1773,1773,2,2,1,11,76.522,7.1,0.002,-1,-1,-1
Intel Xeon CPU E5-2695 v2 @ 2.40GHz,FloydWarshall,TWO_D,1773,1773,2,4,1,11,76.606,7.074,0.003,-1,-1,-1
Intel Xeon CPU E5-2695 v2 @ 2.40GHz,FloydWarshall,TWO_D,1773,1773,2,8,1,11,76.725,7.098,0.003,-1,-1,-1
Intel Xeon CPU E5-2695 v2 @ 2.40GHz,FloydWarshall,TWO_D,1773,1773,2,16,1,11,76.62,6.532,0.002,-1,-1,-1
Intel Xeon CPU E5-2695 v2 @ 2.40GHz,FloydWarshall,TWO_D,1773,1773,2,32,1,11,76.568,7.094,0.002,-1,-1,-1
Intel Xeon CPU E5-2695 v2 @ 2.40GHz,FloydWarshall,TWO_D,1773,1773,2,64,1,11,76.702,7.083,0.003,-1,-1,-1
Intel Xeon CPU E5-2695 v2 @ 2.40GHz,FloydWarshall,TWO_D,1773,1773,2,128,1,11,76.57,7.095,0.003,-1,-1,-1
Intel Xeon CPU E5-2695 v2 @ 2.40GHz,FloydWarshall,TWO_D,1773,1773,2,256,1,11,76.898,7.074,0.002,-1,-1,-1
Intel Xeon CPU E5-2695 v2 @ 2.40GHz,FloydWarshall,TWO_D,1773,1773,2,512,1,11,76.525,7.094,0.002,-1,-1,-1
Intel Xeon CPU E5-2695 v2 @ 2.40GHz,FloydWarshall,TWO_D,1773,1773,4,1,1,11,76.599,7.066,0.003,-1,-1,-1
Intel Xeon CPU E5-2695 v2 @ 2.40GHz,FloydWarshall,TWO_D,1773,1773,4,2,1,11,76.807,7.096,0.002,-1,-1,-1
Intel Xeon CPU E5-2695 v2 @ 2.40GHz,FloydWarshall,TWO_D,1773,1773,4,4,1,11,76.501,7.07,0.003,-1,-1,-1
Intel Xeon CPU E5-2695 v2 @ 2.40GHz,FloydWarshall,TWO_D,1773,1773,4,8,1,11,77.07,6.607,0.003,-1,-1,-1
Intel Xeon CPU E5-2695 v2 @ 2.40GHz,FloydWarshall,TWO_D,1773,1773,4,16,1,11,77.076,6.951,0.002,-1,-1,-1
Intel Xeon CPU E5-2695 v2 @ 2.40GHz,FloydWarshall,TWO_D,1773,1773,4,32,1,11,76.568,7.114,0.003,-1,-1,-1
Intel Xeon CPU E5-2695 v2 @ 2.40GHz,FloydWarshall,TWO_D,1773,1773,4,64,1,11,76.638,7.072,0.003,-1,-1,-1
Intel Xeon CPU E5-2695 v2 @ 2.40GHz,FloydWarshall,TWO_D,1773,1773,4,128,1,11,76.587,7.067,0.003,-1,-1,-1
Intel Xeon CPU E5-2695 v2 @ 2.40GHz,FloydWarshall,TWO_D,1773,1773,4,256,1,11,76.59,7.061,0.003,-1,-1,-1
Intel Xeon CPU E5-2695 v2 @ 2.40GHz,FloydWarshall,TWO_D,1773,1773,8,1,1,11,76.793,7.06,0.002,-1,-1,-1
Intel Xeon CPU E5-2695 v2 @ 2.40GHz,FloydWarshall,TWO_D,1773,1773,8,2,1,11,76.559,7.079,0.003,-1,-1,-1
Intel Xeon CPU E5-2695 v2 @ 2.40GHz,FloydWarshall,TWO_D,1773,1773,8,4,1,11,76.547,7.087,0.003,-1,-1,-1
Intel Xeon CPU E5-2695 v2 @ 2.40GHz,FloydWarshall,TWO_D,1773,1773,8,8,1,11,76.573,7.061,0.002,-1,-1,-1
Intel Xeon CPU E5-2695 v2 @ 2.40GHz,FloydWarshall,TWO_D,1773,1773,8,16,1,11,76.755,7.115,0.002,-1,-1,-1
Intel Xeon CPU E5-2695 v2 @ 2.40GHz,FloydWarshall,TWO_D,1773,1773,8,32,1,11,76.717,7.103,0.003,-1,-1,-1
Intel Xeon CPU E5-2695 v2 @ 2.40GHz,FloydWarshall,TWO_D,1773,1773,8,64,1,11,76.511,7.092,0.003,-1,-1,-1
Intel Xeon CPU E5-2695 v2 @ 2.40GHz,FloydWarshall,TWO_D,1773,1773,8,128,1,11,76.597,7.078,0.002,-1,-1,-1
Intel Xeon CPU E5-2695 v2 @ 2.40GHz,FloydWarshall,TWO_D,1773,1773,16,1,1,11,76.566,7.083,0.002,-1,-1,-1
Intel Xeon CPU E5-2695 v2 @ 2.40GHz,FloydWarshall,TWO_D,1773,1773,16,2,1,11,76.593,7.052,0.003,-1,-1,-1
Intel Xeon CPU E5-2695 v2 @ 2.40GHz,FloydWarshall,TWO_D,1773,1773,16,4,1,11,76.836,7.083,0.002,-1,-1,-1
Intel Xeon CPU E5-2695 v2 @ 2.40GHz,FloydWarshall,TWO_D,1773,1773,16,8,1,11,76.51,7.064,0.002,-1,-1,-1
Intel Xeon CPU E5-2695 v2 @ 2.40GHz,FloydWarshall,TWO_D,1773,1773,16,16,1,11,78.788,5.928,0.003,-1,-1,-1
Intel Xeon CPU E5-2695 v2 @ 2.40GHz,FloydWarshall,TWO_D,1773,1773,16,32,1,11,78.488,5.32,0.003,-1,-1,-1
Intel Xeon CPU E5-2695 v2 @ 2.40GHz,FloydWarshall,TWO_D,1773,1773,16,64,1,11,77.971,6.001,0.002,-1,-1,-1
Intel Xeon CPU E5-2695 v2 @ 2.40GHz,FloydWarshall,TWO_D,1773,1773,32,1,1,11,82.491,9.013,0.003,-1,-1,-1
Intel Xeon CPU E5-2695 v2 @ 2.40GHz,FloydWarshall,TWO_D,1773,1773,32,2,1,11,78.309,6.58,0.003,-1,-1,-1
Intel Xeon CPU E5-2695 v2 @ 2.40GHz,FloydWarshall,TWO_D,1773,1773,32,4,1,11,76.502,7.092,0.003,-1,-1,-1
Intel Xeon CPU E5-2695 v2 @ 2.40GHz,FloydWarshall,TWO_D,1773,1773,32,8,1,11,76.545,7.071,0.002,-1,-1,-1
Intel Xeon CPU E5-2695 v2 @ 2.40GHz,FloydWarshall,TWO_D,1773,1773,32,16,1,11,76.567,7.072,0.003,-1,-1,-1
Intel Xeon CPU E5-2695 v2 @ 2.40GHz,FloydWarshall,TWO_D,1773,1773,32,32,1,11,76.53,7.077,0.002,-1,-1,-1
Intel Xeon CPU E5-2695 v2 @ 2.40GHz,FloydWarshall,TWO_D,1773,1773,64,1,1,11,76.921,7.05,0.002,-1,-1,-1
Intel Xeon CPU E5-2695 v2 @ 2.40GHz,FloydWarshall,TWO_D,1773,1773,64,2,1,11,76.685,7.082,0.003,-1,-1,-1
Intel Xeon CPU E5-2695 v2 @ 2.40GHz,FloydWarshall,TWO_D,1773,1773,64,4,1,11,76.809,7.056,0.003,-1,-1,-1
Intel Xeon CPU E5-2695 v2 @ 2.40GHz,FloydWarshall,TWO_D,1773,1773,64,8,1,11,76.618,6.526,0.003,-1,-1,-1
Intel Xeon CPU E5-2695 v2 @ 2.40GHz,FloydWarshall,TWO_D,1773,1773,64,16,1,11,76.93,7.07,0.003,-1,-1,-1
Intel Xeon CPU E5-2695 v2 @ 2.40GHz,FloydWarshall,TWO_D,1773,1773,128,1,1,11,76.569,7.081,0.002,-1,-1,-1
Intel Xeon CPU E5-2695 v2 @ 2.40GHz,FloydWarshall,TWO_D,1773,1773,128,2,1,11,76.859,7.042,0.003,-1,-1,-1
Intel Xeon CPU E5-2695 v2 @ 2.40GHz,FloydWarshall,TWO_D,1773,1773,128,4,1,11,76.499,7.069,0.002,-1,-1,-1
Intel Xeon CPU E5-2695 v2 @ 2.40GHz,FloydWarshall,TWO_D,1773,1773,128,8,1,11,76.567,7.058,0.002,-1,-1,-1
Intel Xeon CPU E5-2695 v2 @ 2.40GHz,FloydWarshall,TWO_D,1773,1773,256,1,1,11,76.813,7.06,0.003,-1,-1,-1
Intel Xeon CPU E5-2695 v2 @ 2.40GHz,FloydWarshall,TWO_D,1773,1773,256,2,1,11,76.58,7.086,0.002,-1,-1,-1
Intel Xeon CPU E5-2695 v2 @ 2.40GHz,FloydWarshall,TWO_D,1773,1773,256,4,1,11,76.541,7.073,0.003,-1,-1,-1
Intel Xeon CPU E5-2695 v2 @ 2.40GHz,FloydWarshall,TWO_D,1773,1773,512,1,1,11,76.876,7.058,0.002,-1,-1,-1
Intel Xeon CPU E5-2695 v2 @ 2.40GHz,FloydWarshall,TWO_D,1773,1773,512,2,1,11,77.012,6.598,0.003,-1,-1,-1
Intel Xeon CPU E5-2695 v2 @ 2.40GHz,FloydWarshall,TWO_D,1773,1773,1024,1,1,11,77.793,5.969,0.002,-1,-1,-1
Intel Xeon CPU E5-2695 v2 @ 2.40GHz,FloydWarshall,TWO_D,1773,1773,1,1,1,11,79.363,6.153,0.003,52505.4,9.093,1.356
Intel Xeon CPU E5-2695 v2 @ 2.40GHz,FloydWarshall,TWO_D,1773,1773,1,2,1,11,77.717,6.747,0.002,-1,-1,-1
Intel Xeon CPU E5-2695 v2 @ 2.40GHz,FloydWarshall,TWO_D,1773,1773,1,4,1,11,76.445,8.396,0.003,-1,-1,-1
Intel Xeon CPU E5-2695 v2 @ 2.40GHz,FloydWarshall,TWO_D,1773,1773,1,8,1,11,80.282,9.437,0.002,-1,-1,-1
Intel Xeon CPU E5-2695 v2 @ 2.40GHz,FloydWarshall,TWO_D,1773,1773,1,16,1,11,81.105,9.897,0.002,-1,-1,-1
Intel Xeon CPU E5-2695 v2 @ 2.40GHz,FloydWarshall,TWO_D,1773,1773,1,32,1,11,81.387,10.092,0.003,-1,-1,-1
Intel Xeon CPU E5-2695 v2 @ 2.40GHz,FloydWarshall,TWO_D,1773,1773,1,64,1,11,89.41,10.77,0.002,-1,-1,-1
Intel Xeon CPU E5-2695 v2 @ 2.40GHz,FloydWarshall,TWO_D,1773,1773,1,128,1,11,81.122,9.645,0.002,-1,-1,-1
Intel Xeon CPU E5-2695 v2 @ 2.40GHz,FloydWarshall,TWO_D,1773,1773,1,256,1,11,80.696,9.524,0.003,-1,-1,-1
Intel Xeon CPU E5-2695 v2 @ 2.40GHz,FloydWarshall,TWO_D,1773,1773,1,512,1,11,81.2,9.943,0.002,-1,-1,-1
Intel Xeon CPU E5-2695 v2 @ 2.40GHz,FloydWarshall,TWO_D,1773,1773,1,1024,1,11,80.869,9.515,0.002,-1,-1,-1
Intel Xeon CPU E5-2695 v2 @ 2.40GHz,FloydWarshall,TWO_D,1773,1773,2,1,1,11,81.141,10.005,0.003,-1,-1,-1
Intel Xeon CPU E5-2695 v2 @ 2.40GHz,FloydWarshall,TWO_D,1773,1773,2,2,1,11,81.102,9.557,0.002,-1,-1,-1
Intel Xeon CPU E5-2695 v2 @ 2.40GHz,FloydWarshall,TWO_D,1773,1773,2,4,1,11,81.38,10.017,0.002,-1,-1,-1
Intel Xeon CPU E5-2695 v2 @ 2.40GHz,FloydWarshall,TWO_D,1773,1773,2,8,1,11,81.097,9.948,0.002,-1,-1,-1
Intel Xeon CPU E5-2695 v2 @ 2.40GHz,FloydWarshall,TWO_D,1773,1773,2,16,1,11,80.692,10.159,0.003,-1,-1,-1
Intel Xeon CPU E5-2695 v2 @ 2.40GHz,FloydWarshall,TWO_D,1773,1773,2,32,1,11,81.12,9.514,0.002,-1,-1,-1
Intel Xeon CPU E5-2695 v2 @ 2.40GHz,FloydWarshall,TWO_D,1773,1773,2,64,1,11,80.962,10.14,0.002,-1,-1,-1
Intel Xeon CPU E5-2695 v2 @ 2.40GHz,FloydWarshall,TWO_D,1773,1773,2,128,1,11,80.605,9.93,0.002,-1,-1,-1
Intel Xeon CPU E5-2695 v2 @ 2.40GHz,FloydWarshall,TWO_D,1773,1773,2,256,1,11,81.009,9.958,0.003,-1,-1,-1
Intel Xeon CPU E5-2695 v2 @ 2.40GHz,FloydWarshall,TWO_D,1773,1773,2,512,1,11,80.669,9.552,0.002,-1,-1,-1
Intel Xeon CPU E5-2695 v2 @ 2.40GHz,FloydWarshall,TWO_D,1773,1773,4,1,1,11,81.589,9.77,0.002,-1,-1,-1
Intel Xeon CPU E5-2695 v2 @ 2.40GHz,FloydWarshall,TWO_D,1773,1773,4,2,1,11,80.876,9.523,0.002,-1,-1,-1
Intel Xeon CPU E5-2695 v2 @ 2.40GHz,FloydWarshall,TWO_D,1773,1773,4,4,1,11,81.654,9.534,0.003,-1,-1,-1
Intel Xeon CPU E5-2695 v2 @ 2.40GHz,FloydWarshall,TWO_D,1773,1773,4,8,1,11,81.06,9.537,0.002,-1,-1,-1
Intel Xeon CPU E5-2695 v2 @ 2.40GHz,FloydWarshall,TWO_D,1773,1773,4,16,1,11,81.408,10.048,0.003,-1,-1,-1
Intel Xeon CPU E5-2695 v2 @ 2.40GHz,FloydWarshall,TWO_D,1773,1773,4,32,1,11,81.935,9.577,0.002,-1,-1,-1
Intel Xeon CPU E5-2695 v2 @ 2.40GHz,FloydWarshall,TWO_D,1773,1773,4,64,1,11,80.859,9.778,0.002,-1,-1,-1
Intel Xeon CPU E5-2695 v2 @ 2.40GHz,FloydWarshall,TWO_D,1773,1773,4,128,1,11,80.751,9.536,0.002,-1,-1,-1
Intel Xeon CPU E5-2695 v2 @ 2.40GHz,FloydWarshall,TWO_D,1773,1773,4,256,1,11,80.849,10.163,0.002,-1,-1,-1
Intel Xeon CPU E5-2695 v2 @ 2.40GHz,FloydWarshall,TWO_D,1773,1773,8,1,1,11,80.685,10.013,0.002,-1,-1,-1
Intel Xeon CPU E5-2695 v2 @ 2.40GHz,FloydWarshall,TWO_D,1773,1773,8,2,1,11,80.963,10.088,0.002,-1,-1,-1
Intel Xeon CPU E5-2695 v2 @ 2.40GHz,FloydWarshall,TWO_D,1773,1773,8,4,1,11,80.611,10.004,0.002,-1,-1,-1
Intel Xeon CPU E5-2695 v2 @ 2.40GHz,FloydWarshall,TWO_D,1773,1773,8,8,1,11,81.169,9.567,0.002,-1,-1,-1
Intel Xeon CPU E5-2695 v2 @ 2.40GHz,FloydWarshall,TWO_D,1773,1773,8,16,1,11,81.029,9.99,0.002,-1,-1,-1
Intel Xeon CPU E5-2695 v2 @ 2.40GHz,FloydWarshall,TWO_D,1773,1773,8,32,1,11,81.085,9.57,0.002,-1,-1,-1
Intel Xeon CPU E5-2695 v2 @ 2.40GHz,FloydWarshall,TWO_D,1773,1773,8,64,1,11,81.671,9.56,0.002,-1,-1,-1
Intel Xeon CPU E5-2695 v2 @ 2.40GHz,FloydWarshall,TWO_D,1773,1773,8,128,1,11,80.854,9.515,0.002,-1,-1,-1
Intel Xeon CPU E5-2695 v2 @ 2.40GHz,FloydWarshall,TWO_D,1773,1773,16,1,1,11,81.257,9.933,0.002,-1,-1,-1
Intel Xeon CPU E5-2695 v2 @ 2.40GHz,FloydWarshall,TWO_D,1773,1773,16,2,1,11,80.856,9.565,0.002,-1,-1,-1
Intel Xeon CPU E5-2695 v2 @ 2.40GHz,FloydWarshall,TWO_D,1773,1773,16,4,1,11,75.142,7.699,0.002,-1,-1,-1
Intel Xeon CPU E5-2695 v2 @ 2.40GHz,FloydWarshall,TWO_D,1773,1773,16,8,1,11,80.161,9.505,0.002,-1,-1,-1
Intel Xeon CPU E5-2695 v2 @ 2.40GHz,FloydWarshall,TWO_D,1773,1773,16,16,1,11,80.861,9.555,0.002,-1,-1,-1
Intel Xeon CPU E5-2695 v2 @ 2.40GHz,FloydWarshall,TWO_D,1773,1773,16,32,1,11,80.769,10.167,0.002,-1,-1,-1
Intel Xeon CPU E5-2695 v2 @ 2.40GHz,FloydWarshall,TWO_D,1773,1773,16,64,1,11,80.722,10.044,0.002,-1,-1,-1
Intel Xeon CPU E5-2695 v2 @ 2.40GHz,FloydWarshall,TWO_D,1773,1773,32,1,1,11,81.136,10.176,0.002,-1,-1,-1
Intel Xeon CPU E5-2695 v2 @ 2.40GHz,FloydWarshall,TWO_D,1773,1773,32,2,1,11,81.914,9.565,0.002,-1,-1,-1
Intel Xeon CPU E5-2695 v2 @ 2.40GHz,FloydWarshall,TWO_D,1773,1773,32,4,1,11,81.084,9.762,0.002,-1,-1,-1
Intel Xeon CPU E5-2695 v2 @ 2.40GHz,FloydWarshall,TWO_D,1773,1773,32,8,1,11,80.552,9.562,0.002,-1,-1,-1
Intel Xeon CPU E5-2695 v2 @ 2.40GHz,FloydWarshall,TWO_D,1773,1773,32,16,1,11,81.143,10.015,0.003,-1,-1,-1
Intel Xeon CPU E5-2695 v2 @ 2.40GHz,FloydWarshall,TWO_D,1773,1773,32,32,1,11,81.207,9.581,0.003,-1,-1,-1
Intel Xeon CPU E5-2695 v2 @ 2.40GHz,FloydWarshall,TWO_D,1773,1773,64,1,1,11,81.16,10.045,0.002,-1,-1,-1
Intel Xeon CPU E5-2695 v2 @ 2.40GHz,FloydWarshall,TWO_D,1773,1773,64,2,1,11,81.186,9.583,0.003,-1,-1,-1
Intel Xeon CPU E5-2695 v2 @ 2.40GHz,FloydWarshall,TWO_D,1773,1773,64,4,1,11,81.236,9.626,0.002,-1,-1,-1
Intel Xeon CPU E5-2695 v2 @ 2.40GHz,FloydWarshall,TWO_D,1773,1773,64,8,1,11,81.192,10.001,0.003,-1,-1,-1
Intel Xeon CPU E5-2695 v2 @ 2.40GHz,FloydWarshall,TWO_D,1773,1773,64,16,1,11,81.04,9.601,0.002,-1,-1,-1
Intel Xeon CPU E5-2695 v2 @ 2.40GHz,FloydWarshall,TWO_D,1773,1773,128,1,1,11,81.719,9.632,0.002,-1,-1,-1
Intel Xeon CPU E5-2695 v2 @ 2.40GHz,FloydWarshall,TWO_D,1773,1773,128,2,1,11,80.606,10.226,0.002,-1,-1,-1
Intel Xeon CPU E5-2695 v2 @ 2.40GHz,FloydWarshall,TWO_D,1773,1773,128,4,1,11,80.498,10.014,0.003,-1,-1,-1
Intel Xeon CPU E5-2695 v2 @ 2.40GHz,FloydWarshall,TWO_D,1773,1773,128,8,1,11,80.83,10.145,0.001,-1,-1,-1
Intel Xeon CPU E5-2695 v2 @ 2.40GHz,FloydWarshall,TWO_D,1773,1773,256,1,1,11,80.638,9.942,0.002,-1,-1,-1
Intel Xeon CPU E5-2695 v2 @ 2.40GHz,FloydWarshall,TWO_D,1773,1773,256,2,1,11,80.795,9.625,0.002,-1,-1,-1
Intel Xeon CPU E5-2695 v2 @ 2.40GHz,FloydWarshall,TWO_D,1773,1773,256,4,1,11,80.971,10.04,0.002,-1,-1,-1
Intel Xeon CPU E5-2695 v2 @ 2.40GHz,FloydWarshall,TWO_D,1773,1773,512,1,1,11,81.065,9.606,0.002,-1,-1,-1
Intel Xeon CPU E5-2695 v2 @ 2.40GHz,FloydWarshall,TWO_D,1773,1773,512,2,1,11,81.177,9.997,0.002,-1,-1,-1
Intel Xeon CPU E5-2695 v2 @ 2.40GHz,FloydWarshall,TWO_D,1773,1773,1024,1,1,11,81.068,9.958,0.002,-1,-1,-1
Intel Xeon CPU E5-2695 v2 @ 2.40GHz,FloydWarshall,TWO_D,1773,1773,1,1,1,11,87.028,5.409,0.005,51681.6,8.332,0.63
Intel Xeon CPU E5-2695 v2 @ 2.40GHz,FloydWarshall,TWO_D,1773,1773,1,2,1,11,88.083,3.21,0.001,-1,-1,-1
Intel Xeon CPU E5-2695 v2 @ 2.40GHz,FloydWarshall,TWO_D,1773,1773,1,4,1,11,90.495,6.656,0.002,-1,-1,-1
Intel Xeon CPU E5-2695 v2 @ 2.40GHz,FloydWarshall,TWO_D,1773,1773,1,8,1,11,91.574,5.995,0.004,-1,-1,-1
Intel Xeon CPU E5-2695 v2 @ 2.40GHz,FloydWarshall,TWO_D,1773,1773,1,16,1,11,92.575,3.666,0.003,-1,-1,-1
Intel Xeon CPU E5-2695 v2 @ 2.40GHz,FloydWarshall,TWO_D,1773,1773,1,32,1,11,94.408,5.915,0.003,-1,-1,-1
Intel Xeon CPU E5-2695 v2 @ 2.40GHz,FloydWarshall,TWO_D,1773,1773,1,64,1,11,90.662,6.586,0.003,-1,-1,-1
Intel Xeon CPU E5-2695 v2 @ 2.40GHz,FloydWarshall,TWO_D,1773,1773,1,128,1,11,92.064,3.674,0.003,-1,-1,-1
Intel Xeon CPU E5-2695 v2 @ 2.40GHz,FloydWarshall,TWO_D,1773,1773,1,256,1,11,94.554,5.351,0.004,-1,-1,-1
Intel Xeon CPU E5-2695 v2 @ 2.40GHz,FloydWarshall,TWO_D,1773,1773,1,512,1,11,90.951,6.6,0.003,-1,-1,-1
Intel Xeon CPU E5-2695 v2 @ 2.40GHz,FloydWarshall,TWO_D,1773,1773,1,1024,1,11,92.294,3.697,0.003,-1,-1,-1
Intel Xeon CPU E5-2695 v2 @ 2.40GHz,FloydWarshall,TWO_D,1773,1773,2,1,1,11,94.597,5.337,0.003,-1,-1,-1
Intel Xeon CPU E5-2695 v2 @ 2.40GHz,FloydWarshall,TWO_D,1773,1773,2,2,1,11,90.731,6.31,0.004,-1,-1,-1
Intel Xeon CPU E5-2695 v2 @ 2.40GHz,FloydWarshall,TWO_D,1773,1773,2,4,1,11,92.372,3.62,0.004,-1,-1,-1
Intel Xeon CPU E5-2695 v2 @ 2.40GHz,FloydWarshall,TWO_D,1773,1773,2,8,1,11,94.565,5.904,0.003,-1,-1,-1
Intel Xeon CPU E5-2695 v2 @ 2.40GHz,FloydWarshall,TWO_D,1773,1773,2,16,1,11,90.894,6.737,0.003,-1,-1,-1
Intel Xeon CPU E5-2695 v2 @ 2.40GHz,FloydWarshall,TWO_D,1773,1773,2,32,1,11,91.783,3.62,0.003,-1,-1,-1
Intel Xeon CPU E5-2695 v2 @ 2.40GHz,FloydWarshall,TWO_D,1773,1773,2,64,1,11,95.29,5.32,0.003,-1,-1,-1
Intel Xeon CPU E5-2695 v2 @ 2.40GHz,FloydWarshall,TWO_D,1773,1773,2,128,1,11,91.117,5.621,0.002,-1,-1,-1
Intel Xeon CPU E5-2695 v2 @ 2.40GHz,FloydWarshall,TWO_D,1773,1773,2,256,1,11,93.511,6.23,0.003,-1,-1,-1
Intel Xeon CPU E5-2695 v2 @ 2.40GHz,FloydWarshall,TWO_D,1773,1773,2,512,1,11,92.58,3.63,0.004,-1,-1,-1
Intel Xeon CPU E5-2695 v2 @ 2.40GHz,FloydWarshall,TWO_D,1773,1773,4,1,1,11,94.556,5.331,0.003,-1,-1,-1
Intel Xeon CPU E5-2695 v2 @ 2.40GHz,FloydWarshall,TWO_D,1773,1773,4,2,1,11,90.891,6.105,0.003,-1,-1,-1
Intel Xeon CPU E5-2695 v2 @ 2.40GHz,FloydWarshall,TWO_D,1773,1773,4,4,1,11,92.652,3.613,0.003,-1,-1,-1
Intel Xeon CPU E5-2695 v2 @ 2.40GHz,FloydWarshall,TWO_D,1773,1773,4,8,1,11,94.712,5.331,0.004,-1,-1,-1
Intel Xeon CPU E5-2695 v2 @ 2.40GHz,FloydWarshall,TWO_D,1773,1773,4,16,1,11,91.21,6.59,0.003,-1,-1,-1
Intel Xeon CPU E5-2695 v2 @ 2.40GHz,FloydWarshall,TWO_D,1773,1773,4,32,1,11,91.983,3.614,0.003,-1,-1,-1
Intel Xeon CPU E5-2695 v2 @ 2.40GHz,FloydWarshall,TWO_D,1773,1773,4,64,1,11,96.36,4.778,0.001,-1,-1,-1
Intel Xeon CPU E5-2695 v2 @ 2.40GHz,FloydWarshall,TWO_D,1773,1773,4,128,1,11,96.366,5.343,0.004,-1,-1,-1
Intel Xeon CPU E5-2695 v2 @ 2.40GHz,FloydWarshall,TWO_D,1773,1773,4,256,1,11,96.328,5.326,0.003,-1,-1,-1
Intel Xeon CPU E5-2695 v2 @ 2.40GHz,FloydWarshall,TWO_D,1773,1773,8,1,1,11,96.433,5.319,0.003,-1,-1,-1
Intel Xeon CPU E5-2695 v2 @ 2.40GHz,FloydWarshall,TWO_D,1773,1773,8,2,1,11,96.404,5.336,0.003,-1,-1,-1
Intel Xeon CPU E5-2695 v2 @ 2.40GHz,FloydWarshall,TWO_D,1773,1773,8,4,1,11,96.357,5.33,0.004,-1,-1,-1
Intel Xeon CPU E5-2695 v2 @ 2.40GHz,FloydWarshall,TWO_D,1773,1773,8,8,1,11,91.011,5.717,0.004,-1,-1,-1
Intel Xeon CPU E5-2695 v2 @ 2.40GHz,FloydWarshall,TWO_D,1773,1773,8,16,1,11,92.573,3.625,0.004,-1,-1,-1
Intel Xeon CPU E5-2695 v2 @ 2.40GHz,FloydWarshall,TWO_D,1773,1773,8,32,1,11,94.579,5.322,0.003,-1,-1,-1
Intel Xeon CPU E5-2695 v2 @ 2.40GHz,FloydWarshall,TWO_D,1773,1773,8,64,1,11,91.109,6.357,0.004,-1,-1,-1
Intel Xeon CPU E5-2695 v2 @ 2.40GHz,FloydWarshall,TWO_D,1773,1773,8,128,1,11,92.649,3.618,0.003,-1,-1,-1
Intel Xeon CPU E5-2695 v2 @ 2.40GHz,FloydWarshall,TWO_D,1773,1773,16,1,1,11,95.184,5.341,0.003,-1,-1,-1
Intel Xeon CPU E5-2695 v2 @ 2.40GHz,FloydWarshall,TWO_D,1773,1773,16,2,1,11,96.572,4.739,0.002,-1,-1,-1
Intel Xeon CPU E5-2695 v2 @ 2.40GHz,FloydWarshall,TWO_D,1773,1773,16,4,1,11,90.877,6.579,0.004,-1,-1,-1
Intel Xeon CPU E5-2695 v2 @ 2.40GHz,FloydWarshall,TWO_D,1773,1773,16,8,1,11,92.068,3.606,0.004,-1,-1,-1
Intel Xeon CPU E5-2695 v2 @ 2.40GHz,FloydWarshall,TWO_D,1773,1773,16,16,1,11,94.608,5.903,0.003,-1,-1,-1
Intel Xeon CPU E5-2695 v2 @ 2.40GHz,FloydWarshall,TWO_D,1773,1773,16,32,1,11,91.803,6.814,0.003,-1,-1,-1
Intel Xeon CPU E5-2695 v2 @ 2.40GHz,FloydWarshall,TWO_D,1773,1773,16,64,1,11,93.445,6.741,0.003,-1,-1,-1
Intel Xeon CPU E5-2695 v2 @ 2.40GHz,FloydWarshall,TWO_D,1773,1773,32,1,1,11,99.612,4.258,0.003,-1,-1,-1
Intel Xeon CPU E5-2695 v2 @ 2.40GHz,FloydWarshall,TWO_D,1773,1773,32,2,1,11,96.607,6.446,0.032,-1,-1,-1
Intel Xeon CPU E5-2695 v2 @ 2.40GHz,FloydWarshall,TWO_D,1773,1773,32,4,1,11,94.262,6.877,0.003,-1,-1,-1
Intel Xeon CPU E5-2695 v2 @ 2.40GHz,FloydWarshall,TWO_D,1773,1773,32,8,1,11,99.551,4.239,0.002,-1,-1,-1
Intel Xeon CPU E5-2695 v2 @ 2.40GHz,FloydWarshall,TWO_D,1773,1773,32,16,1,11,98.705,6.878,0.004,-1,-1,-1
Intel Xeon CPU E5-2695 v2 @ 2.40GHz,FloydWarshall,TWO_D,1773,1773,32,32,1,11,98.237,4.938,0.004,-1,-1,-1
Intel Xeon CPU E5-2695 v2 @ 2.40GHz,FloydWarshall,TWO_D,1773,1773,64,1,1,11,96.889,6.122,0.003,-1,-1,-1
Intel Xeon CPU E5-2695 v2 @ 2.40GHz,FloydWarshall,TWO_D,1773,1773,64,2,1,11,94.3,6.177,0.004,-1,-1,-1
Intel Xeon CPU E5-2695 v2 @ 2.40GHz,FloydWarshall,TWO_D,1773,1773,64,4,1,11,93.459,6.704,0.003,-1,-1,-1
Intel Xeon CPU E5-2695 v2 @ 2.40GHz,FloydWarshall,TWO_D,1773,1773,64,8,1,11,93.184,6.203,0.004,-1,-1,-1
Intel Xeon CPU E5-2695 v2 @ 2.40GHz,FloydWarshall,TWO_D,1773,1773,64,16,1,11,93.805,6.706,0.004,-1,-1,-1
Intel Xeon CPU E5-2695 v2 @ 2.40GHz,FloydWarshall,TWO_D,1773,1773,128,1,1,11,99.677,6.42,0.004,-1,-1,-1
Intel Xeon CPU E5-2695 v2 @ 2.40GHz,FloydWarshall,TWO_D,1773,1773,128,2,1,11,94.056,6.456,0.003,-1,-1,-1
Intel Xeon CPU E5-2695 v2 @ 2.40GHz,FloydWarshall,TWO_D,1773,1773,128,4,1,11,93.325,6.813,0.003,-1,-1,-1
Intel Xeon CPU E5-2695 v2 @ 2.40GHz,FloydWarshall,TWO_D,1773,1773,128,8,1,11,98.77,4.722,0.003,-1,-1,-1
Intel Xeon CPU E5-2695 v2 @ 2.40GHz,FloydWarshall,TWO_D,1773,1773,256,1,1,11,96.671,6.158,0.003,-1,-1,-1
Intel Xeon CPU E5-2695 v2 @ 2.40GHz,FloydWarshall,TWO_D,1773,1773,256,2,1,11,94.545,6.548,0.02,-1,-1,-1
Intel Xeon CPU E5-2695 v2 @ 2.40GHz,FloydWarshall,TWO_D,1773,1773,256,4,1,11,93.557,6.289,0.003,-1,-1,-1
Intel Xeon CPU E5-2695 v2 @ 2.40GHz,FloydWarshall,TWO_D,1773,1773,512,1,1,11,93.491,6.619,0.003,-1,-1,-1
Intel Xeon CPU E5-2695 v2 @ 2.40GHz,FloydWarshall,TWO_D,1773,1773,512,2,1,11,98.909,4.269,0.002,-1,-1,-1
Intel Xeon CPU E5-2695 v2 @ 2.40GHz,FloydWarshall,TWO_D,1773,1773,1024,1,1,11,96.848,6.397,0.004,-1,-1,-1
