device/C,kernel/C,workDimension/C,width/F,height/F,xLocal/I,yLocal/I,zLocal/I,MB/F,init/F,memoryCopyOut/F,plan/F,execute/F,memoryCopyIn/F,cleanUp/F
Intel Xeon CPU E5-2695 v2 @ 2.40GHz,FloydWarshall,TWO_D,3396,3396,1,1,1,43,290.99,29.598,0.004,364556,55.143,0.98
Intel Xeon CPU E5-2695 v2 @ 2.40GHz,FloydWarshall,TWO_D,3396,3396,1,2,1,43,296.531,26.659,0.004,187013,67.952,0.926
Intel Xeon CPU E5-2695 v2 @ 2.40GHz,FloydWarshall,TWO_D,3396,3396,1,4,1,43,285.288,23.966,0.005,98107.6,58.316,1.2
Intel Xeon CPU E5-2695 v2 @ 2.40GHz,FloydWarshall,TWO_D,3396,3396,1,8,1,43,295.005,25.133,0.003,-1,-1,-1
Intel Xeon CPU E5-2695 v2 @ 2.40GHz,FloydWarshall,TWO_D,3396,3396,1,16,1,43,287.647,25.619,0.003,-1,-1,-1
Intel Xeon CPU E5-2695 v2 @ 2.40GHz,FloydWarshall,TWO_D,3396,3396,1,32,1,43,287.943,26.292,0.003,-1,-1,-1
Intel Xeon CPU E5-2695 v2 @ 2.40GHz,FloydWarshall,TWO_D,3396,3396,1,64,1,43,290.664,24.568,0.004,-1,-1,-1
Intel Xeon CPU E5-2695 v2 @ 2.40GHz,FloydWarshall,TWO_D,3396,3396,1,128,1,43,290.908,24.076,0.003,-1,-1,-1
Intel Xeon CPU E5-2695 v2 @ 2.40GHz,FloydWarshall,TWO_D,3396,3396,1,256,1,43,290.6,24.583,0.003,-1,-1,-1
Intel Xeon CPU E5-2695 v2 @ 2.40GHz,FloydWarshall,TWO_D,3396,3396,1,512,1,43,290.081,23.54,0.003,-1,-1,-1
Intel Xeon CPU E5-2695 v2 @ 2.40GHz,FloydWarshall,TWO_D,3396,3396,1,1024,1,43,289.681,23.509,0.003,-1,-1,-1
Intel Xeon CPU E5-2695 v2 @ 2.40GHz,FloydWarshall,TWO_D,3396,3396,2,1,1,43,290.892,22.977,0.004,192811,36.306,1.08
Intel Xeon CPU E5-2695 v2 @ 2.40GHz,FloydWarshall,TWO_D,3396,3396,2,2,1,43,300.76,22.741,0.003,101542,38.217,1.13
Intel Xeon CPU E5-2695 v2 @ 2.40GHz,FloydWarshall,TWO_D,3396,3396,2,4,1,43,297.083,23.369,0.003,56886.9,35.029,1.043
Intel Xeon CPU E5-2695 v2 @ 2.40GHz,FloydWarshall,TWO_D,3396,3396,2,8,1,43,290.865,23.499,0.004,-1,-1,-1
Intel Xeon CPU E5-2695 v2 @ 2.40GHz,FloydWarshall,TWO_D,3396,3396,2,16,1,43,288.122,22.842,0.004,-1,-1,-1
Intel Xeon CPU E5-2695 v2 @ 2.40GHz,FloydWarshall,TWO_D,3396,3396,2,32,1,43,288.123,22.843,0.003,-1,-1,-1
Intel Xeon CPU E5-2695 v2 @ 2.40GHz,FloydWarshall,TWO_D,3396,3396,2,64,1,43,288.212,22.818,0.004,-1,-1,-1
Intel Xeon CPU E5-2695 v2 @ 2.40GHz,FloydWarshall,TWO_D,3396,3396,2,128,1,43,287.941,22.823,0.003,-1,-1,-1
Intel Xeon CPU E5-2695 v2 @ 2.40GHz,FloydWarshall,TWO_D,3396,3396,2,256,1,43,288.816,22.845,0.004,-1,-1,-1
Intel Xeon CPU E5-2695 v2 @ 2.40GHz,FloydWarshall,TWO_D,3396,3396,2,512,1,43,288.062,22.823,0.004,-1,-1,-1
Intel Xeon CPU E5-2695 v2 @ 2.40GHz,FloydWarshall,TWO_D,3396,3396,4,1,1,43,288.08,22.791,0.003,97532.9,37.903,1.143
Intel Xeon CPU E5-2695 v2 @ 2.40GHz,FloydWarshall,TWO_D,3396,3396,4,2,1,43,296.658,23.459,0.003,52673.3,65.375,1.026
Intel Xeon CPU E5-2695 v2 @ 2.40GHz,FloydWarshall,TWO_D,3396,3396,4,4,1,43,284.75,24.082,0.019,30781.9,57.485,1.192
Intel Xeon CPU E5-2695 v2 @ 2.40GHz,FloydWarshall,TWO_D,3396,3396,4,8,1,43,298.139,23.072,0.005,-1,-1,-1
Intel Xeon CPU E5-2695 v2 @ 2.40GHz,FloydWarshall,TWO_D,3396,3396,4,16,1,43,288.708,28.492,0.005,-1,-1,-1
Intel Xeon CPU E5-2695 v2 @ 2.40GHz,FloydWarshall,TWO_D,3396,3396,4,32,1,43,292.749,23.952,0.004,-1,-1,-1
Intel Xeon CPU E5-2695 v2 @ 2.40GHz,FloydWarshall,TWO_D,3396,3396,4,64,1,43,290.595,28.574,0.004,-1,-1,-1
Intel Xeon CPU E5-2695 v2 @ 2.40GHz,FloydWarshall,TWO_D,3396,3396,4,128,1,43,292.283,24.664,0.004,-1,-1,-1
Intel Xeon CPU E5-2695 v2 @ 2.40GHz,FloydWarshall,TWO_D,3396,3396,4,256,1,43,291.597,23.66,0.004,-1,-1,-1
Intel Xeon CPU E5-2695 v2 @ 2.40GHz,FloydWarshall,TWO_D,3396,3396,8,1,1,43,298.173,29.573,0.005,-1,-1,-1
Intel Xeon CPU E5-2695 v2 @ 2.40GHz,FloydWarshall,TWO_D,3396,3396,8,2,1,43,293.599,24.696,0.004,-1,-1,-1
Intel Xeon CPU E5-2695 v2 @ 2.40GHz,FloydWarshall,TWO_D,3396,3396,8,4,1,43,290.376,24.008,0.004,-1,-1,-1
Intel Xeon CPU E5-2695 v2 @ 2.40GHz,FloydWarshall,TWO_D,3396,3396,8,8,1,43,291.608,28.057,0.004,-1,-1,-1
Intel Xeon CPU E5-2695 v2 @ 2.40GHz,FloydWarshall,TWO_D,3396,3396,8,16,1,43,291.974,24.724,0.005,-1,-1,-1
Intel Xeon CPU E5-2695 v2 @ 2.40GHz,FloydWarshall,TWO_D,3396,3396,8,32,1,43,290.946,23.524,0.005,-1,-1,-1
Intel Xeon CPU E5-2695 v2 @ 2.40GHz,FloydWarshall,TWO_D,3396,3396,8,64,1,43,292.934,28.148,0.004,-1,-1,-1
Intel Xeon CPU E5-2695 v2 @ 2.40GHz,FloydWarshall,TWO_D,3396,3396,8,128,1,43,293.369,24.664,0.005,-1,-1,-1
Intel Xeon CPU E5-2695 v2 @ 2.40GHz,FloydWarshall,TWO_D,3396,3396,16,1,1,43,301.836,29.202,0.004,-1,-1,-1
Intel Xeon CPU E5-2695 v2 @ 2.40GHz,FloydWarshall,TWO_D,3396,3396,16,2,1,43,293.642,24.719,0.005,-1,-1,-1
Intel Xeon CPU E5-2695 v2 @ 2.40GHz,FloydWarshall,TWO_D,3396,3396,16,4,1,43,291.501,24.109,0.004,-1,-1,-1
Intel Xeon CPU E5-2695 v2 @ 2.40GHz,FloydWarshall,TWO_D,3396,3396,16,8,1,43,291.997,23.618,0.005,-1,-1,-1
Intel Xeon CPU E5-2695 v2 @ 2.40GHz,FloydWarshall,TWO_D,3396,3396,16,16,1,43,290.099,24.041,0.004,-1,-1,-1
Intel Xeon CPU E5-2695 v2 @ 2.40GHz,FloydWarshall,TWO_D,3396,3396,16,32,1,43,291.196,24.204,0.004,-1,-1,-1
Intel Xeon CPU E5-2695 v2 @ 2.40GHz,FloydWarshall,TWO_D,3396,3396,16,64,1,43,292.038,23.583,0.004,-1,-1,-1
Intel Xeon CPU E5-2695 v2 @ 2.40GHz,FloydWarshall,TWO_D,3396,3396,32,1,1,43,290.222,24.038,0.005,-1,-1,-1
Intel Xeon CPU E5-2695 v2 @ 2.40GHz,FloydWarshall,TWO_D,3396,3396,32,2,1,43,290.694,24.055,0.004,-1,-1,-1
Intel Xeon CPU E5-2695 v2 @ 2.40GHz,FloydWarshall,TWO_D,3396,3396,32,4,1,43,295.119,28.748,0.005,-1,-1,-1
Intel Xeon CPU E5-2695 v2 @ 2.40GHz,FloydWarshall,TWO_D,3396,3396,32,8,1,43,291.016,24.123,0.005,-1,-1,-1
Intel Xeon CPU E5-2695 v2 @ 2.40GHz,FloydWarshall,TWO_D,3396,3396,32,16,1,43,292.25,23.986,0.005,-1,-1,-1
Intel Xeon CPU E5-2695 v2 @ 2.40GHz,FloydWarshall,TWO_D,3396,3396,32,32,1,43,290.027,23.967,0.005,-1,-1,-1
Intel Xeon CPU E5-2695 v2 @ 2.40GHz,FloydWarshall,TWO_D,3396,3396,64,1,1,43,291.023,24.018,0.005,-1,-1,-1
Intel Xeon CPU E5-2695 v2 @ 2.40GHz,FloydWarshall,TWO_D,3396,3396,64,2,1,43,290.911,24.155,0.004,-1,-1,-1
Intel Xeon CPU E5-2695 v2 @ 2.40GHz,FloydWarshall,TWO_D,3396,3396,64,4,1,43,290.911,24.139,0.005,-1,-1,-1
Intel Xeon CPU E5-2695 v2 @ 2.40GHz,FloydWarshall,TWO_D,3396,3396,64,8,1,43,291.947,28.132,0.005,-1,-1,-1
Intel Xeon CPU E5-2695 v2 @ 2.40GHz,FloydWarshall,TWO_D,3396,3396,64,16,1,43,294.879,24.458,0.004,-1,-1,-1
Intel Xeon CPU E5-2695 v2 @ 2.40GHz,FloydWarshall,TWO_D,3396,3396,128,1,1,43,291.07,24.063,0.005,-1,-1,-1
Intel Xeon CPU E5-2695 v2 @ 2.40GHz,FloydWarshall,TWO_D,3396,3396,128,2,1,43,291.065,24.273,0.004,-1,-1,-1
Intel Xeon CPU E5-2695 v2 @ 2.40GHz,FloydWarshall,TWO_D,3396,3396,128,4,1,43,291.618,23.597,0.004,-1,-1,-1
Intel Xeon CPU E5-2695 v2 @ 2.40GHz,FloydWarshall,TWO_D,3396,3396,128,8,1,43,297.556,26.519,0.004,-1,-1,-1
Intel Xeon CPU E5-2695 v2 @ 2.40GHz,FloydWarshall,TWO_D,3396,3396,256,1,1,43,300.623,24.855,0.005,-1,-1,-1
Intel Xeon CPU E5-2695 v2 @ 2.40GHz,FloydWarshall,TWO_D,3396,3396,256,2,1,43,290.727,23.704,0.004,-1,-1,-1
Intel Xeon CPU E5-2695 v2 @ 2.40GHz,FloydWarshall,TWO_D,3396,3396,256,4,1,43,291.17,23.834,0.005,-1,-1,-1
Intel Xeon CPU E5-2695 v2 @ 2.40GHz,FloydWarshall,TWO_D,3396,3396,512,1,1,43,291.434,24.038,0.005,-1,-1,-1
Intel Xeon CPU E5-2695 v2 @ 2.40GHz,FloydWarshall,TWO_D,3396,3396,512,2,1,43,290.464,23.934,0.005,-1,-1,-1
Intel Xeon CPU E5-2695 v2 @ 2.40GHz,FloydWarshall,TWO_D,3396,3396,1024,1,1,43,291.043,24.269,0.004,-1,-1,-1
Intel Xeon CPU E5-2695 v2 @ 2.40GHz,FloydWarshall,TWO_D,3396,3396,1,1,1,43,287.346,27.43,0.003,364513,36.491,1.03
Intel Xeon CPU E5-2695 v2 @ 2.40GHz,FloydWarshall,TWO_D,3396,3396,1,2,1,43,294.583,26.631,0.003,187753,63.465,0.994
Intel Xeon CPU E5-2695 v2 @ 2.40GHz,FloydWarshall,TWO_D,3396,3396,1,4,1,43,288.12,36.405,0.018,98288.2,60.547,1.065
Intel Xeon CPU E5-2695 v2 @ 2.40GHz,FloydWarshall,TWO_D,3396,3396,1,8,1,43,288.951,27.443,0.001,-1,-1,-1
Intel Xeon CPU E5-2695 v2 @ 2.40GHz,FloydWarshall,TWO_D,3396,3396,1,16,1,43,292.58,23.451,0.003,-1,-1,-1
Intel Xeon CPU E5-2695 v2 @ 2.40GHz,FloydWarshall,TWO_D,3396,3396,1,32,1,43,290.664,22.64,0.002,-1,-1,-1
Intel Xeon CPU E5-2695 v2 @ 2.40GHz,FloydWarshall,TWO_D,3396,3396,1,64,1,43,293.859,26.099,0.003,-1,-1,-1
Intel Xeon CPU E5-2695 v2 @ 2.40GHz,FloydWarshall,TWO_D,3396,3396,1,128,1,43,290.078,24.829,0.004,-1,-1,-1
Intel Xeon CPU E5-2695 v2 @ 2.40GHz,FloydWarshall,TWO_D,3396,3396,1,256,1,43,290.517,29.802,0.004,-1,-1,-1
Intel Xeon CPU E5-2695 v2 @ 2.40GHz,FloydWarshall,TWO_D,3396,3396,1,512,1,43,292.199,25.624,0.004,-1,-1,-1
Intel Xeon CPU E5-2695 v2 @ 2.40GHz,FloydWarshall,TWO_D,3396,3396,1,1024,1,43,289.6,24.732,0.004,-1,-1,-1
Intel Xeon CPU E5-2695 v2 @ 2.40GHz,FloydWarshall,TWO_D,3396,3396,2,1,1,43,289.435,24.787,0.018,193044,60.463,1.082
Intel Xeon CPU E5-2695 v2 @ 2.40GHz,FloydWarshall,TWO_D,3396,3396,2,2,1,43,285.633,23.99,0.004,101320,60.31,1.076
Intel Xeon CPU E5-2695 v2 @ 2.40GHz,FloydWarshall,TWO_D,3396,3396,2,4,1,43,288.869,45.907,0.018,56942.7,60.511,1.155
Intel Xeon CPU E5-2695 v2 @ 2.40GHz,FloydWarshall,TWO_D,3396,3396,2,8,1,43,288.333,25.308,0.003,-1,-1,-1
Intel Xeon CPU E5-2695 v2 @ 2.40GHz,FloydWarshall,TWO_D,3396,3396,2,16,1,43,290.445,24.612,0.004,-1,-1,-1
Intel Xeon CPU E5-2695 v2 @ 2.40GHz,FloydWarshall,TWO_D,3396,3396,2,32,1,43,289.084,24.642,0.018,-1,-1,-1
Intel Xeon CPU E5-2695 v2 @ 2.40GHz,FloydWarshall,TWO_D,3396,3396,2,64,1,43,289.276,24.677,0.004,-1,-1,-1
Intel Xeon CPU E5-2695 v2 @ 2.40GHz,FloydWarshall,TWO_D,3396,3396,2,128,1,43,289.444,24.67,0.004,-1,-1,-1
Intel Xeon CPU E5-2695 v2 @ 2.40GHz,FloydWarshall,TWO_D,3396,3396,2,256,1,43,290.109,24.477,0.004,-1,-1,-1
Intel Xeon CPU E5-2695 v2 @ 2.40GHz,FloydWarshall,TWO_D,3396,3396,2,512,1,43,290.837,28.872,0.004,-1,-1,-1
Intel Xeon CPU E5-2695 v2 @ 2.40GHz,FloydWarshall,TWO_D,3396,3396,4,1,1,43,291.43,25.412,0.004,97539.6,35.202,1.109
Intel Xeon CPU E5-2695 v2 @ 2.40GHz,FloydWarshall,TWO_D,3396,3396,4,2,1,43,330.026,23.68,0.004,52632.5,58.423,0.96
Intel Xeon CPU E5-2695 v2 @ 2.40GHz,FloydWarshall,TWO_D,3396,3396,4,4,1,43,289.904,24.406,0.003,30723.6,52.381,0.999
Intel Xeon CPU E5-2695 v2 @ 2.40GHz,FloydWarshall,TWO_D,3396,3396,4,8,1,43,288.685,24.056,0.004,-1,-1,-1
Intel Xeon CPU E5-2695 v2 @ 2.40GHz,FloydWarshall,TWO_D,3396,3396,4,16,1,43,290.021,39.365,0.017,-1,-1,-1
Intel Xeon CPU E5-2695 v2 @ 2.40GHz,FloydWarshall,TWO_D,3396,3396,4,32,1,43,295.373,47.079,0.019,-1,-1,-1
Intel Xeon CPU E5-2695 v2 @ 2.40GHz,FloydWarshall,TWO_D,3396,3396,4,64,1,43,313.422,36.27,0.017,-1,-1,-1
Intel Xeon CPU E5-2695 v2 @ 2.40GHz,FloydWarshall,TWO_D,3396,3396,4,128,1,43,300.759,26.626,0.02,-1,-1,-1
Intel Xeon CPU E5-2695 v2 @ 2.40GHz,FloydWarshall,TWO_D,3396,3396,4,256,1,43,293.783,24.774,0.004,-1,-1,-1
Intel Xeon CPU E5-2695 v2 @ 2.40GHz,FloydWarshall,TWO_D,3396,3396,8,1,1,43,292.493,28.968,0.018,-1,-1,-1
Intel Xeon CPU E5-2695 v2 @ 2.40GHz,FloydWarshall,TWO_D,3396,3396,8,2,1,43,289.851,28.482,0.004,-1,-1,-1
Intel Xeon CPU E5-2695 v2 @ 2.40GHz,FloydWarshall,TWO_D,3396,3396,8,4,1,43,295.311,24.793,0.005,-1,-1,-1
Intel Xeon CPU E5-2695 v2 @ 2.40GHz,FloydWarshall,TWO_D,3396,3396,8,8,1,43,294.361,28.824,0.004,-1,-1,-1
Intel Xeon CPU E5-2695 v2 @ 2.40GHz,FloydWarshall,TWO_D,3396,3396,8,16,1,43,294.94,24.711,0.005,-1,-1,-1
Intel Xeon CPU E5-2695 v2 @ 2.40GHz,FloydWarshall,TWO_D,3396,3396,8,32,1,43,292.844,29.051,0.004,-1,-1,-1
Intel Xeon CPU E5-2695 v2 @ 2.40GHz,FloydWarshall,TWO_D,3396,3396,8,64,1,43,296.048,24.739,0.019,-1,-1,-1
Intel Xeon CPU E5-2695 v2 @ 2.40GHz,FloydWarshall,TWO_D,3396,3396,8,128,1,43,292.841,28.993,0.004,-1,-1,-1
Intel Xeon CPU E5-2695 v2 @ 2.40GHz,FloydWarshall,TWO_D,3396,3396,16,1,1,43,296.688,24.514,0.02,-1,-1,-1
Intel Xeon CPU E5-2695 v2 @ 2.40GHz,FloydWarshall,TWO_D,3396,3396,16,2,1,43,292.706,24.268,0.005,-1,-1,-1
Intel Xeon CPU E5-2695 v2 @ 2.40GHz,FloydWarshall,TWO_D,3396,3396,16,4,1,43,292.826,28.947,0.005,-1,-1,-1
Intel Xeon CPU E5-2695 v2 @ 2.40GHz,FloydWarshall,TWO_D,3396,3396,16,8,1,43,295.767,24.765,0.018,-1,-1,-1
Intel Xeon CPU E5-2695 v2 @ 2.40GHz,FloydWarshall,TWO_D,3396,3396,16,16,1,43,292.963,24.384,0.003,-1,-1,-1
Intel Xeon CPU E5-2695 v2 @ 2.40GHz,FloydWarshall,TWO_D,3396,3396,16,32,1,43,293.529,28.402,0.02,-1,-1,-1
Intel Xeon CPU E5-2695 v2 @ 2.40GHz,FloydWarshall,TWO_D,3396,3396,16,64,1,43,295.334,24.737,0.004,-1,-1,-1
Intel Xeon CPU E5-2695 v2 @ 2.40GHz,FloydWarshall,TWO_D,3396,3396,32,1,1,43,292.485,29.161,0.02,-1,-1,-1
Intel Xeon CPU E5-2695 v2 @ 2.40GHz,FloydWarshall,TWO_D,3396,3396,32,2,1,43,296.093,24.674,0.005,-1,-1,-1
Intel Xeon CPU E5-2695 v2 @ 2.40GHz,FloydWarshall,TWO_D,3396,3396,32,4,1,43,293.269,24.296,0.019,-1,-1,-1
Intel Xeon CPU E5-2695 v2 @ 2.40GHz,FloydWarshall,TWO_D,3396,3396,32,8,1,43,293.681,28.556,0.019,-1,-1,-1
Intel Xeon CPU E5-2695 v2 @ 2.40GHz,FloydWarshall,TWO_D,3396,3396,32,16,1,43,294.659,24.678,0.005,-1,-1,-1
Intel Xeon CPU E5-2695 v2 @ 2.40GHz,FloydWarshall,TWO_D,3396,3396,32,32,1,43,292.754,24.287,0.019,-1,-1,-1
Intel Xeon CPU E5-2695 v2 @ 2.40GHz,FloydWarshall,TWO_D,3396,3396,64,1,1,43,292.687,24.307,0.005,-1,-1,-1
Intel Xeon CPU E5-2695 v2 @ 2.40GHz,FloydWarshall,TWO_D,3396,3396,64,2,1,43,290.377,29.002,0.005,-1,-1,-1
Intel Xeon CPU E5-2695 v2 @ 2.40GHz,FloydWarshall,TWO_D,3396,3396,64,4,1,43,293.465,24.482,0.004,-1,-1,-1
Intel Xeon CPU E5-2695 v2 @ 2.40GHz,FloydWarshall,TWO_D,3396,3396,64,8,1,43,289.879,29.146,0.005,-1,-1,-1
Intel Xeon CPU E5-2695 v2 @ 2.40GHz,FloydWarshall,TWO_D,3396,3396,64,16,1,43,292.884,25.011,0.004,-1,-1,-1
Intel Xeon CPU E5-2695 v2 @ 2.40GHz,FloydWarshall,TWO_D,3396,3396,128,1,1,43,290.86,28.684,0.005,-1,-1,-1
Intel Xeon CPU E5-2695 v2 @ 2.40GHz,FloydWarshall,TWO_D,3396,3396,128,2,1,43,292.945,25.032,0.005,-1,-1,-1
Intel Xeon CPU E5-2695 v2 @ 2.40GHz,FloydWarshall,TWO_D,3396,3396,128,4,1,43,291.283,28.871,0.003,-1,-1,-1
Intel Xeon CPU E5-2695 v2 @ 2.40GHz,FloydWarshall,TWO_D,3396,3396,128,8,1,43,292.365,24.543,0.019,-1,-1,-1
Intel Xeon CPU E5-2695 v2 @ 2.40GHz,FloydWarshall,TWO_D,3396,3396,256,1,1,43,290.115,29.16,0.019,-1,-1,-1
Intel Xeon CPU E5-2695 v2 @ 2.40GHz,FloydWarshall,TWO_D,3396,3396,256,2,1,43,293.095,24.556,0.005,-1,-1,-1
Intel Xeon CPU E5-2695 v2 @ 2.40GHz,FloydWarshall,TWO_D,3396,3396,256,4,1,43,290.285,29.118,0.018,-1,-1,-1
Intel Xeon CPU E5-2695 v2 @ 2.40GHz,FloydWarshall,TWO_D,3396,3396,512,1,1,43,293.39,24.599,0.003,-1,-1,-1
Intel Xeon CPU E5-2695 v2 @ 2.40GHz,FloydWarshall,TWO_D,3396,3396,512,2,1,43,289.879,29.11,0.005,-1,-1,-1
Intel Xeon CPU E5-2695 v2 @ 2.40GHz,FloydWarshall,TWO_D,3396,3396,1024,1,1,43,293.037,24.471,0.02,-1,-1,-1
Intel Xeon CPU E5-2695 v2 @ 2.40GHz,FloydWarshall,TWO_D,3396,3396,1,1,1,43,288.875,29.198,0.005,365509,38.09,1.079
Intel Xeon CPU E5-2695 v2 @ 2.40GHz,FloydWarshall,TWO_D,3396,3396,1,2,1,43,297.593,26.945,0.005,188606,36.027,1.635
Intel Xeon CPU E5-2695 v2 @ 2.40GHz,FloydWarshall,TWO_D,3396,3396,1,4,1,43,296.989,24.646,0.005,98388.1,38.014,1.045
Intel Xeon CPU E5-2695 v2 @ 2.40GHz,FloydWarshall,TWO_D,3396,3396,1,8,1,43,294.78,23.83,0.005,-1,-1,-1
Intel Xeon CPU E5-2695 v2 @ 2.40GHz,FloydWarshall,TWO_D,3396,3396,1,16,1,43,290.56,23.007,0.004,-1,-1,-1
Intel Xeon CPU E5-2695 v2 @ 2.40GHz,FloydWarshall,TWO_D,3396,3396,1,32,1,43,287.55,22.992,0.005,-1,-1,-1
Intel Xeon CPU E5-2695 v2 @ 2.40GHz,FloydWarshall,TWO_D,3396,3396,1,64,1,43,287.358,22.779,0.005,-1,-1,-1
Intel Xeon CPU E5-2695 v2 @ 2.40GHz,FloydWarshall,TWO_D,3396,3396,1,128,1,43,289.714,22.941,0.004,-1,-1,-1
Intel Xeon CPU E5-2695 v2 @ 2.40GHz,FloydWarshall,TWO_D,3396,3396,1,256,1,43,287.916,22.893,0.005,-1,-1,-1
Intel Xeon CPU E5-2695 v2 @ 2.40GHz,FloydWarshall,TWO_D,3396,3396,1,512,1,43,288.188,23.006,0.005,-1,-1,-1
Intel Xeon CPU E5-2695 v2 @ 2.40GHz,FloydWarshall,TWO_D,3396,3396,1,1024,1,43,288.346,22.918,0.004,-1,-1,-1
Intel Xeon CPU E5-2695 v2 @ 2.40GHz,FloydWarshall,TWO_D,3396,3396,2,1,1,43,287.927,22.949,0.021,194762,37.593,1.043
Intel Xeon CPU E5-2695 v2 @ 2.40GHz,FloydWarshall,TWO_D,3396,3396,2,2,1,43,304.024,23.338,0.004,101782,58.872,1.052
Intel Xeon CPU E5-2695 v2 @ 2.40GHz,FloydWarshall,TWO_D,3396,3396,2,4,1,43,285.459,23.459,0.004,56987.5,59.8,0.952
Intel Xeon CPU E5-2695 v2 @ 2.40GHz,FloydWarshall,TWO_D,3396,3396,2,8,1,43,294.256,23.815,0.004,-1,-1,-1
Intel Xeon CPU E5-2695 v2 @ 2.40GHz,FloydWarshall,TWO_D,3396,3396,2,16,1,43,288.974,26.306,0.005,-1,-1,-1
Intel Xeon CPU E5-2695 v2 @ 2.40GHz,FloydWarshall,TWO_D,3396,3396,2,32,1,43,294.553,26.454,0.003,-1,-1,-1
Intel Xeon CPU E5-2695 v2 @ 2.40GHz,FloydWarshall,TWO_D,3396,3396,2,64,1,43,293.357,22.327,0.005,-1,-1,-1
Intel Xeon CPU E5-2695 v2 @ 2.40GHz,FloydWarshall,TWO_D,3396,3396,2,128,1,43,290.607,21.418,0.005,-1,-1,-1
Intel Xeon CPU E5-2695 v2 @ 2.40GHz,FloydWarshall,TWO_D,3396,3396,2,256,1,43,291.84,26.496,0.019,-1,-1,-1
Intel Xeon CPU E5-2695 v2 @ 2.40GHz,FloydWarshall,TWO_D,3396,3396,2,512,1,43,292.466,22.125,0.005,-1,-1,-1
Intel Xeon CPU E5-2695 v2 @ 2.40GHz,FloydWarshall,TWO_D,3396,3396,4,1,1,43,290.728,21.473,0.003,98173.8,58.719,1.304
Intel Xeon CPU E5-2695 v2 @ 2.40GHz,FloydWarshall,TWO_D,3396,3396,4,2,1,43,293.389,27.538,0.003,53033.6,36.31,1.225
Intel Xeon CPU E5-2695 v2 @ 2.40GHz,FloydWarshall,TWO_D,3396,3396,4,4,1,43,296.33,23.609,0.003,30693.3,66.764,1.125
Intel Xeon CPU E5-2695 v2 @ 2.40GHz,FloydWarshall,TWO_D,3396,3396,4,8,1,43,286.503,24.905,0.002,-1,-1,-1
Intel Xeon CPU E5-2695 v2 @ 2.40GHz,FloydWarshall,TWO_D,3396,3396,4,16,1,43,290.518,24.713,0.004,-1,-1,-1
Intel Xeon CPU E5-2695 v2 @ 2.40GHz,FloydWarshall,TWO_D,3396,3396,4,32,1,43,288.255,28.922,0.004,-1,-1,-1
Intel Xeon CPU E5-2695 v2 @ 2.40GHz,FloydWarshall,TWO_D,3396,3396,4,64,1,43,290.772,24.729,0.003,-1,-1,-1
Intel Xeon CPU E5-2695 v2 @ 2.40GHz,FloydWarshall,TWO_D,3396,3396,4,128,1,43,288.232,28.94,0.004,-1,-1,-1
Intel Xeon CPU E5-2695 v2 @ 2.40GHz,FloydWarshall,TWO_D,3396,3396,4,256,1,43,293.44,25.015,0.003,-1,-1,-1
Intel Xeon CPU E5-2695 v2 @ 2.40GHz,FloydWarshall,TWO_D,3396,3396,8,1,1,43,289.665,24.509,0.02,-1,-1,-1
Intel Xeon CPU E5-2695 v2 @ 2.40GHz,FloydWarshall,TWO_D,3396,3396,8,2,1,43,289.698,24.367,0.004,-1,-1,-1
Intel Xeon CPU E5-2695 v2 @ 2.40GHz,FloydWarshall,TWO_D,3396,3396,8,4,1,43,289.837,24.364,0.002,-1,-1,-1
Intel Xeon CPU E5-2695 v2 @ 2.40GHz,FloydWarshall,TWO_D,3396,3396,8,8,1,43,289.469,24.609,0.004,-1,-1,-1
Intel Xeon CPU E5-2695 v2 @ 2.40GHz,FloydWarshall,TWO_D,3396,3396,8,16,1,43,289.692,28.924,0.004,-1,-1,-1
Intel Xeon CPU E5-2695 v2 @ 2.40GHz,FloydWarshall,TWO_D,3396,3396,8,32,1,43,291.807,25.004,0.004,-1,-1,-1
Intel Xeon CPU E5-2695 v2 @ 2.40GHz,FloydWarshall,TWO_D,3396,3396,8,64,1,43,289.621,24.668,0.019,-1,-1,-1
Intel Xeon CPU E5-2695 v2 @ 2.40GHz,FloydWarshall,TWO_D,3396,3396,8,128,1,43,290.021,24.443,0.004,-1,-1,-1
Intel Xeon CPU E5-2695 v2 @ 2.40GHz,FloydWarshall,TWO_D,3396,3396,16,1,1,43,289.499,24.503,0.018,-1,-1,-1
Intel Xeon CPU E5-2695 v2 @ 2.40GHz,FloydWarshall,TWO_D,3396,3396,16,2,1,43,289.567,24.387,0.004,-1,-1,-1
Intel Xeon CPU E5-2695 v2 @ 2.40GHz,FloydWarshall,TWO_D,3396,3396,16,4,1,43,289.902,24.404,0.004,-1,-1,-1
Intel Xeon CPU E5-2695 v2 @ 2.40GHz,FloydWarshall,TWO_D,3396,3396,16,8,1,43,289.032,29.077,0.004,-1,-1,-1
Intel Xeon CPU E5-2695 v2 @ 2.40GHz,FloydWarshall,TWO_D,3396,3396,16,16,1,43,292.962,25.246,0.002,-1,-1,-1
Intel Xeon CPU E5-2695 v2 @ 2.40GHz,FloydWarshall,TWO_D,3396,3396,16,32,1,43,289.754,24.42,0.004,-1,-1,-1
Intel Xeon CPU E5-2695 v2 @ 2.40GHz,FloydWarshall,TWO_D,3396,3396,16,64,1,43,288.925,24.372,0.003,-1,-1,-1
Intel Xeon CPU E5-2695 v2 @ 2.40GHz,FloydWarshall,TWO_D,3396,3396,32,1,1,43,290.276,29.105,0.004,-1,-1,-1
Intel Xeon CPU E5-2695 v2 @ 2.40GHz,FloydWarshall,TWO_D,3396,3396,32,2,1,43,292.143,25.27,0.004,-1,-1,-1
Intel Xeon CPU E5-2695 v2 @ 2.40GHz,FloydWarshall,TWO_D,3396,3396,32,4,1,43,289.78,24.46,0.004,-1,-1,-1
Intel Xeon CPU E5-2695 v2 @ 2.40GHz,FloydWarshall,TWO_D,3396,3396,32,8,1,43,288.96,24.472,0.004,-1,-1,-1
Intel Xeon CPU E5-2695 v2 @ 2.40GHz,FloydWarshall,TWO_D,3396,3396,32,16,1,43,289.27,24.419,0.019,-1,-1,-1
Intel Xeon CPU E5-2695 v2 @ 2.40GHz,FloydWarshall,TWO_D,3396,3396,32,32,1,43,289.953,29.06,0.002,-1,-1,-1
Intel Xeon CPU E5-2695 v2 @ 2.40GHz,FloydWarshall,TWO_D,3396,3396,64,1,1,43,291.86,24.922,0.003,-1,-1,-1
Intel Xeon CPU E5-2695 v2 @ 2.40GHz,FloydWarshall,TWO_D,3396,3396,64,2,1,43,289.578,24.383,0.005,-1,-1,-1
Intel Xeon CPU E5-2695 v2 @ 2.40GHz,FloydWarshall,TWO_D,3396,3396,64,4,1,43,289.699,24.449,0.018,-1,-1,-1
Intel Xeon CPU E5-2695 v2 @ 2.40GHz,FloydWarshall,TWO_D,3396,3396,64,8,1,43,289.069,24.379,0.004,-1,-1,-1
Intel Xeon CPU E5-2695 v2 @ 2.40GHz,FloydWarshall,TWO_D,3396,3396,64,16,1,43,290.178,28.979,0.004,-1,-1,-1
Intel Xeon CPU E5-2695 v2 @ 2.40GHz,FloydWarshall,TWO_D,3396,3396,128,1,1,43,291.993,24.973,0.004,-1,-1,-1
Intel Xeon CPU E5-2695 v2 @ 2.40GHz,FloydWarshall,TWO_D,3396,3396,128,2,1,43,290.312,24.463,0.004,-1,-1,-1
Intel Xeon CPU E5-2695 v2 @ 2.40GHz,FloydWarshall,TWO_D,3396,3396,128,4,1,43,289.369,24.476,0.004,-1,-1,-1
Intel Xeon CPU E5-2695 v2 @ 2.40GHz,FloydWarshall,TWO_D,3396,3396,128,8,1,43,289.483,24.434,0.005,-1,-1,-1
Intel Xeon CPU E5-2695 v2 @ 2.40GHz,FloydWarshall,TWO_D,3396,3396,256,1,1,43,289.771,29.034,0.004,-1,-1,-1
Intel Xeon CPU E5-2695 v2 @ 2.40GHz,FloydWarshall,TWO_D,3396,3396,256,2,1,43,292.078,25.017,0.018,-1,-1,-1
Intel Xeon CPU E5-2695 v2 @ 2.40GHz,FloydWarshall,TWO_D,3396,3396,256,4,1,43,289.659,24.488,0.017,-1,-1,-1
Intel Xeon CPU E5-2695 v2 @ 2.40GHz,FloydWarshall,TWO_D,3396,3396,512,1,1,43,289.429,29.26,0.005,-1,-1,-1
Intel Xeon CPU E5-2695 v2 @ 2.40GHz,FloydWarshall,TWO_D,3396,3396,512,2,1,43,292.507,24.969,0.004,-1,-1,-1
Intel Xeon CPU E5-2695 v2 @ 2.40GHz,FloydWarshall,TWO_D,3396,3396,1024,1,1,43,290.885,29.008,0.004,-1,-1,-1
Intel Xeon CPU E5-2695 v2 @ 2.40GHz,FloydWarshall,TWO_D,3396,3396,1,1,1,43,287.185,23.07,0.003,366711,37.882,1.086
Intel Xeon CPU E5-2695 v2 @ 2.40GHz,FloydWarshall,TWO_D,3396,3396,1,2,1,43,299.127,27.147,0.003,188037,37.835,1.105
Intel Xeon CPU E5-2695 v2 @ 2.40GHz,FloydWarshall,TWO_D,3396,3396,1,4,1,43,292.329,24.641,0.003,98322.8,37.9,1.132
Intel Xeon CPU E5-2695 v2 @ 2.40GHz,FloydWarshall,TWO_D,3396,3396,1,8,1,43,317.487,22.994,0.004,-1,-1,-1
Intel Xeon CPU E5-2695 v2 @ 2.40GHz,FloydWarshall,TWO_D,3396,3396,1,16,1,43,286.833,22.424,0.003,-1,-1,-1
Intel Xeon CPU E5-2695 v2 @ 2.40GHz,FloydWarshall,TWO_D,3396,3396,1,32,1,43,292.811,22.548,0.004,-1,-1,-1
Intel Xeon CPU E5-2695 v2 @ 2.40GHz,FloydWarshall,TWO_D,3396,3396,1,64,1,43,287.774,22.432,0.003,-1,-1,-1
Intel Xeon CPU E5-2695 v2 @ 2.40GHz,FloydWarshall,TWO_D,3396,3396,1,128,1,43,287.34,22.499,0.003,-1,-1,-1
Intel Xeon CPU E5-2695 v2 @ 2.40GHz,FloydWarshall,TWO_D,3396,3396,1,256,1,43,287.402,22.458,0.003,-1,-1,-1
Intel Xeon CPU E5-2695 v2 @ 2.40GHz,FloydWarshall,TWO_D,3396,3396,1,512,1,43,287.326,22.409,0.003,-1,-1,-1
Intel Xeon CPU E5-2695 v2 @ 2.40GHz,FloydWarshall,TWO_D,3396,3396,1,1024,1,43,287.468,22.459,0.003,-1,-1,-1
Intel Xeon CPU E5-2695 v2 @ 2.40GHz,FloydWarshall,TWO_D,3396,3396,2,1,1,43,288.534,22.432,0.003,193560,65.597,1.116
Intel Xeon CPU E5-2695 v2 @ 2.40GHz,FloydWarshall,TWO_D,3396,3396,2,2,1,43,289.188,29.062,0.004,101654,61.348,1.115
Intel Xeon CPU E5-2695 v2 @ 2.40GHz,FloydWarshall,TWO_D,3396,3396,2,4,1,43,287.707,27.676,0.004,56899.1,65.142,1.075
Intel Xeon CPU E5-2695 v2 @ 2.40GHz,FloydWarshall,TWO_D,3396,3396,2,8,1,43,302.168,24.329,0.003,-1,-1,-1
Intel Xeon CPU E5-2695 v2 @ 2.40GHz,FloydWarshall,TWO_D,3396,3396,2,16,1,43,288.309,29.254,0.004,-1,-1,-1
Intel Xeon CPU E5-2695 v2 @ 2.40GHz,FloydWarshall,TWO_D,3396,3396,2,32,1,43,291.643,24.724,0.004,-1,-1,-1
Intel Xeon CPU E5-2695 v2 @ 2.40GHz,FloydWarshall,TWO_D,3396,3396,2,64,1,43,293.546,25.842,0.004,-1,-1,-1
Intel Xeon CPU E5-2695 v2 @ 2.40GHz,FloydWarshall,TWO_D,3396,3396,2,128,1,43,288.224,29.331,0.004,-1,-1,-1
Intel Xeon CPU E5-2695 v2 @ 2.40GHz,FloydWarshall,TWO_D,3396,3396,2,256,1,43,290.535,25.027,0.005,-1,-1,-1
Intel Xeon CPU E5-2695 v2 @ 2.40GHz,FloydWarshall,TWO_D,3396,3396,2,512,1,43,288.188,29.252,0.005,-1,-1,-1
Intel Xeon CPU E5-2695 v2 @ 2.40GHz,FloydWarshall,TWO_D,3396,3396,4,1,1,43,291.194,24.747,0.004,97954.4,62.412,2.094
Intel Xeon CPU E5-2695 v2 @ 2.40GHz,FloydWarshall,TWO_D,3396,3396,4,2,1,43,294.962,21.845,0.003,53035.4,53.608,1.099
Intel Xeon CPU E5-2695 v2 @ 2.40GHz,FloydWarshall,TWO_D,3396,3396,4,4,1,43,288.443,24.599,0.004,30855.4,38.328,1.199
Intel Xeon CPU E5-2695 v2 @ 2.40GHz,FloydWarshall,TWO_D,3396,3396,4,8,1,43,294.118,22.488,0.004,-1,-1,-1
Intel Xeon CPU E5-2695 v2 @ 2.40GHz,FloydWarshall,TWO_D,3396,3396,4,16,1,43,287.437,22.448,0.003,-1,-1,-1
Intel Xeon CPU E5-2695 v2 @ 2.40GHz,FloydWarshall,TWO_D,3396,3396,4,32,1,43,294.245,27.607,0.004,-1,-1,-1
Intel Xeon CPU E5-2695 v2 @ 2.40GHz,FloydWarshall,TWO_D,3396,3396,4,64,1,43,288.099,22.473,0.003,-1,-1,-1
Intel Xeon CPU E5-2695 v2 @ 2.40GHz,FloydWarshall,TWO_D,3396,3396,4,128,1,43,287.552,22.5,0.003,-1,-1,-1
Intel Xeon CPU E5-2695 v2 @ 2.40GHz,FloydWarshall,TWO_D,3396,3396,4,256,1,43,287.461,22.354,0.003,-1,-1,-1
Intel Xeon CPU E5-2695 v2 @ 2.40GHz,FloydWarshall,TWO_D,3396,3396,8,1,1,43,287.584,22.485,0.003,-1,-1,-1
Intel Xeon CPU E5-2695 v2 @ 2.40GHz,FloydWarshall,TWO_D,3396,3396,8,2,1,43,287.414,22.408,0.003,-1,-1,-1
Intel Xeon CPU E5-2695 v2 @ 2.40GHz,FloydWarshall,TWO_D,3396,3396,8,4,1,43,287.626,22.431,0.004,-1,-1,-1
Intel Xeon CPU E5-2695 v2 @ 2.40GHz,FloydWarshall,TWO_D,3396,3396,8,8,1,43,287.923,22.383,0.004,-1,-1,-1
Intel Xeon CPU E5-2695 v2 @ 2.40GHz,FloydWarshall,TWO_D,3396,3396,8,16,1,43,287.535,22.551,0.004,-1,-1,-1
Intel Xeon CPU E5-2695 v2 @ 2.40GHz,FloydWarshall,TWO_D,3396,3396,8,32,1,43,287.489,22.413,0.003,-1,-1,-1
Intel Xeon CPU E5-2695 v2 @ 2.40GHz,FloydWarshall,TWO_D,3396,3396,8,64,1,43,288.572,22.563,0.004,-1,-1,-1
Intel Xeon CPU E5-2695 v2 @ 2.40GHz,FloydWarshall,TWO_D,3396,3396,8,128,1,43,287.23,22.441,0.003,-1,-1,-1
Intel Xeon CPU E5-2695 v2 @ 2.40GHz,FloydWarshall,TWO_D,3396,3396,16,1,1,43,289.085,22.494,0.004,-1,-1,-1
Intel Xeon CPU E5-2695 v2 @ 2.40GHz,FloydWarshall,TWO_D,3396,3396,16,2,1,43,287.373,22.43,0.004,-1,-1,-1
Intel Xeon CPU E5-2695 v2 @ 2.40GHz,FloydWarshall,TWO_D,3396,3396,16,4,1,43,287.458,22.402,0.003,-1,-1,-1
Intel Xeon CPU E5-2695 v2 @ 2.40GHz,FloydWarshall,TWO_D,3396,3396,16,8,1,43,287.486,22.402,0.004,-1,-1,-1
Intel Xeon CPU E5-2695 v2 @ 2.40GHz,FloydWarshall,TWO_D,3396,3396,16,16,1,43,292.488,27.73,0.004,-1,-1,-1
Intel Xeon CPU E5-2695 v2 @ 2.40GHz,FloydWarshall,TWO_D,3396,3396,16,32,1,43,288.005,22.516,0.004,-1,-1,-1
Intel Xeon CPU E5-2695 v2 @ 2.40GHz,FloydWarshall,TWO_D,3396,3396,16,64,1,43,288.427,22.468,0.002,-1,-1,-1
Intel Xeon CPU E5-2695 v2 @ 2.40GHz,FloydWarshall,TWO_D,3396,3396,32,1,1,43,287.223,22.566,0.004,-1,-1,-1
Intel Xeon CPU E5-2695 v2 @ 2.40GHz,FloydWarshall,TWO_D,3396,3396,32,2,1,43,288.085,22.478,0.003,-1,-1,-1
Intel Xeon CPU E5-2695 v2 @ 2.40GHz,FloydWarshall,TWO_D,3396,3396,32,4,1,43,287.635,22.423,0.003,-1,-1,-1
Intel Xeon CPU E5-2695 v2 @ 2.40GHz,FloydWarshall,TWO_D,3396,3396,32,8,1,43,287.494,22.494,0.003,-1,-1,-1
Intel Xeon CPU E5-2695 v2 @ 2.40GHz,FloydWarshall,TWO_D,3396,3396,32,16,1,43,288.497,22.537,0.004,-1,-1,-1
Intel Xeon CPU E5-2695 v2 @ 2.40GHz,FloydWarshall,TWO_D,3396,3396,32,32,1,43,287.594,22.525,0.002,-1,-1,-1
Intel Xeon CPU E5-2695 v2 @ 2.40GHz,FloydWarshall,TWO_D,3396,3396,64,1,1,43,287.337,22.431,0.003,-1,-1,-1
Intel Xeon CPU E5-2695 v2 @ 2.40GHz,FloydWarshall,TWO_D,3396,3396,64,2,1,43,287.45,22.679,0.003,-1,-1,-1
Intel Xeon CPU E5-2695 v2 @ 2.40GHz,FloydWarshall,TWO_D,3396,3396,64,4,1,43,287.438,22.495,0.004,-1,-1,-1
Intel Xeon CPU E5-2695 v2 @ 2.40GHz,FloydWarshall,TWO_D,3396,3396,64,8,1,43,289.672,22.643,0.003,-1,-1,-1
Intel Xeon CPU E5-2695 v2 @ 2.40GHz,FloydWarshall,TWO_D,3396,3396,64,16,1,43,288.213,22.531,0.004,-1,-1,-1
Intel Xeon CPU E5-2695 v2 @ 2.40GHz,FloydWarshall,TWO_D,3396,3396,128,1,1,43,287.555,22.419,0.003,-1,-1,-1
Intel Xeon CPU E5-2695 v2 @ 2.40GHz,FloydWarshall,TWO_D,3396,3396,128,2,1,43,287.281,22.452,0.004,-1,-1,-1
Intel Xeon CPU E5-2695 v2 @ 2.40GHz,FloydWarshall,TWO_D,3396,3396,128,4,1,43,287.672,22.419,0.003,-1,-1,-1
Intel Xeon CPU E5-2695 v2 @ 2.40GHz,FloydWarshall,TWO_D,3396,3396,128,8,1,43,287.333,22.456,0.004,-1,-1,-1
Intel Xeon CPU E5-2695 v2 @ 2.40GHz,FloydWarshall,TWO_D,3396,3396,256,1,1,43,287.506,22.478,0.004,-1,-1,-1
Intel Xeon CPU E5-2695 v2 @ 2.40GHz,FloydWarshall,TWO_D,3396,3396,256,2,1,43,288.408,22.518,0.003,-1,-1,-1
Intel Xeon CPU E5-2695 v2 @ 2.40GHz,FloydWarshall,TWO_D,3396,3396,256,4,1,43,287.519,22.477,0.003,-1,-1,-1
Intel Xeon CPU E5-2695 v2 @ 2.40GHz,FloydWarshall,TWO_D,3396,3396,512,1,1,43,287.179,22.585,0.003,-1,-1,-1
Intel Xeon CPU E5-2695 v2 @ 2.40GHz,FloydWarshall,TWO_D,3396,3396,512,2,1,43,287.565,22.41,0.003,-1,-1,-1
Intel Xeon CPU E5-2695 v2 @ 2.40GHz,FloydWarshall,TWO_D,3396,3396,1024,1,1,43,287.397,22.51,0.003,-1,-1,-1
Intel Xeon CPU E5-2695 v2 @ 2.40GHz,FloydWarshall,TWO_D,3396,3396,1,1,1,43,382.042,29.886,0.006,365836,38.334,1.149
Intel Xeon CPU E5-2695 v2 @ 2.40GHz,FloydWarshall,TWO_D,3396,3396,1,2,1,43,290.174,23.085,0.005,188682,38.001,1.175
Intel Xeon CPU E5-2695 v2 @ 2.40GHz,FloydWarshall,TWO_D,3396,3396,1,4,1,43,297.016,23.822,0.005,97961.7,38.304,1.382
Intel Xeon CPU E5-2695 v2 @ 2.40GHz,FloydWarshall,TWO_D,3396,3396,1,8,1,43,296.762,23.5,0.005,-1,-1,-1
Intel Xeon CPU E5-2695 v2 @ 2.40GHz,FloydWarshall,TWO_D,3396,3396,1,16,1,43,290.26,24.061,0.005,-1,-1,-1
Intel Xeon CPU E5-2695 v2 @ 2.40GHz,FloydWarshall,TWO_D,3396,3396,1,32,1,43,289.367,24.226,0.004,-1,-1,-1
Intel Xeon CPU E5-2695 v2 @ 2.40GHz,FloydWarshall,TWO_D,3396,3396,1,64,1,43,289.801,23.633,0.005,-1,-1,-1
Intel Xeon CPU E5-2695 v2 @ 2.40GHz,FloydWarshall,TWO_D,3396,3396,1,128,1,43,288.023,23.452,0.005,-1,-1,-1
Intel Xeon CPU E5-2695 v2 @ 2.40GHz,FloydWarshall,TWO_D,3396,3396,1,256,1,43,288.996,24.092,0.004,-1,-1,-1
Intel Xeon CPU E5-2695 v2 @ 2.40GHz,FloydWarshall,TWO_D,3396,3396,1,512,1,43,289.177,23.575,0.004,-1,-1,-1
Intel Xeon CPU E5-2695 v2 @ 2.40GHz,FloydWarshall,TWO_D,3396,3396,1,1024,1,43,288.998,23.645,0.005,-1,-1,-1
Intel Xeon CPU E5-2695 v2 @ 2.40GHz,FloydWarshall,TWO_D,3396,3396,2,1,1,43,288.893,24.037,0.004,193711,38.264,1.165
Intel Xeon CPU E5-2695 v2 @ 2.40GHz,FloydWarshall,TWO_D,3396,3396,2,2,1,43,296.373,24.036,0.004,101652,37.84,1.116
Intel Xeon CPU E5-2695 v2 @ 2.40GHz,FloydWarshall,TWO_D,3396,3396,2,4,1,43,288.541,23.216,0.005,57033.4,37.876,1.18
Intel Xeon CPU E5-2695 v2 @ 2.40GHz,FloydWarshall,TWO_D,3396,3396,2,8,1,43,297.36,41.729,0.004,-1,-1,-1
Intel Xeon CPU E5-2695 v2 @ 2.40GHz,FloydWarshall,TWO_D,3396,3396,2,16,1,43,293.586,30.517,0.005,-1,-1,-1
Intel Xeon CPU E5-2695 v2 @ 2.40GHz,FloydWarshall,TWO_D,3396,3396,2,32,1,43,314.45,23.677,0.005,-1,-1,-1
Intel Xeon CPU E5-2695 v2 @ 2.40GHz,FloydWarshall,TWO_D,3396,3396,2,64,1,43,289.318,23.517,0.004,-1,-1,-1
Intel Xeon CPU E5-2695 v2 @ 2.40GHz,FloydWarshall,TWO_D,3396,3396,2,128,1,43,289.807,23.774,0.005,-1,-1,-1
Intel Xeon CPU E5-2695 v2 @ 2.40GHz,FloydWarshall,TWO_D,3396,3396,2,256,1,43,290.354,23.42,0.005,-1,-1,-1
Intel Xeon CPU E5-2695 v2 @ 2.40GHz,FloydWarshall,TWO_D,3396,3396,2,512,1,43,289.949,23.713,0.004,-1,-1,-1
Intel Xeon CPU E5-2695 v2 @ 2.40GHz,FloydWarshall,TWO_D,3396,3396,4,1,1,43,289.765,23.674,0.005,97525.3,56.92,1.414
Intel Xeon CPU E5-2695 v2 @ 2.40GHz,FloydWarshall,TWO_D,3396,3396,4,2,1,43,288.85,46.101,0.003,52882.1,35.953,1.166
Intel Xeon CPU E5-2695 v2 @ 2.40GHz,FloydWarshall,TWO_D,3396,3396,4,4,1,43,290.406,24.731,0.003,30855.6,37.649,1.14
Intel Xeon CPU E5-2695 v2 @ 2.40GHz,FloydWarshall,TWO_D,3396,3396,4,8,1,43,297.475,25.493,0.003,-1,-1,-1
Intel Xeon CPU E5-2695 v2 @ 2.40GHz,FloydWarshall,TWO_D,3396,3396,4,16,1,43,291.063,28.312,0.004,-1,-1,-1
Intel Xeon CPU E5-2695 v2 @ 2.40GHz,FloydWarshall,TWO_D,3396,3396,4,32,1,43,291.878,25.207,0.004,-1,-1,-1
Intel Xeon CPU E5-2695 v2 @ 2.40GHz,FloydWarshall,TWO_D,3396,3396,4,64,1,43,289.234,24.061,0.003,-1,-1,-1
Intel Xeon CPU E5-2695 v2 @ 2.40GHz,FloydWarshall,TWO_D,3396,3396,4,128,1,43,289.639,24.176,0.003,-1,-1,-1
Intel Xeon CPU E5-2695 v2 @ 2.40GHz,FloydWarshall,TWO_D,3396,3396,4,256,1,43,290.684,23.535,0.003,-1,-1,-1
Intel Xeon CPU E5-2695 v2 @ 2.40GHz,FloydWarshall,TWO_D,3396,3396,8,1,1,43,288.712,24.127,0.003,-1,-1,-1
Intel Xeon CPU E5-2695 v2 @ 2.40GHz,FloydWarshall,TWO_D,3396,3396,8,2,1,43,288.969,23.958,0.004,-1,-1,-1
Intel Xeon CPU E5-2695 v2 @ 2.40GHz,FloydWarshall,TWO_D,3396,3396,8,4,1,43,289.113,24.165,0.004,-1,-1,-1
Intel Xeon CPU E5-2695 v2 @ 2.40GHz,FloydWarshall,TWO_D,3396,3396,8,8,1,43,288.947,23.995,0.003,-1,-1,-1
Intel Xeon CPU E5-2695 v2 @ 2.40GHz,FloydWarshall,TWO_D,3396,3396,8,16,1,43,289.369,24.501,0.003,-1,-1,-1
Intel Xeon CPU E5-2695 v2 @ 2.40GHz,FloydWarshall,TWO_D,3396,3396,8,32,1,43,289.634,23.588,0.003,-1,-1,-1
Intel Xeon CPU E5-2695 v2 @ 2.40GHz,FloydWarshall,TWO_D,3396,3396,8,64,1,43,288.644,24.142,0.004,-1,-1,-1
Intel Xeon CPU E5-2695 v2 @ 2.40GHz,FloydWarshall,TWO_D,3396,3396,8,128,1,43,288.892,24.033,0.004,-1,-1,-1
Intel Xeon CPU E5-2695 v2 @ 2.40GHz,FloydWarshall,TWO_D,3396,3396,16,1,1,43,289.146,24.02,0.004,-1,-1,-1
Intel Xeon CPU E5-2695 v2 @ 2.40GHz,FloydWarshall,TWO_D,3396,3396,16,2,1,43,289.01,24.153,0.004,-1,-1,-1
Intel Xeon CPU E5-2695 v2 @ 2.40GHz,FloydWarshall,TWO_D,3396,3396,16,4,1,43,289.817,23.876,0.004,-1,-1,-1
Intel Xeon CPU E5-2695 v2 @ 2.40GHz,FloydWarshall,TWO_D,3396,3396,16,8,1,43,288.367,23.939,0.004,-1,-1,-1
Intel Xeon CPU E5-2695 v2 @ 2.40GHz,FloydWarshall,TWO_D,3396,3396,16,16,1,43,289.075,24.221,0.004,-1,-1,-1
Intel Xeon CPU E5-2695 v2 @ 2.40GHz,FloydWarshall,TWO_D,3396,3396,16,32,1,43,289.026,23.957,0.004,-1,-1,-1
Intel Xeon CPU E5-2695 v2 @ 2.40GHz,FloydWarshall,TWO_D,3396,3396,16,64,1,43,289.437,24.147,0.004,-1,-1,-1
Intel Xeon CPU E5-2695 v2 @ 2.40GHz,FloydWarshall,TWO_D,3396,3396,32,1,1,43,288.993,24.063,0.004,-1,-1,-1
Intel Xeon CPU E5-2695 v2 @ 2.40GHz,FloydWarshall,TWO_D,3396,3396,32,2,1,43,290.142,23.859,0.003,-1,-1,-1
Intel Xeon CPU E5-2695 v2 @ 2.40GHz,FloydWarshall,TWO_D,3396,3396,32,4,1,43,288.692,24.067,0.004,-1,-1,-1
Intel Xeon CPU E5-2695 v2 @ 2.40GHz,FloydWarshall,TWO_D,3396,3396,32,8,1,43,289.344,24.175,0.004,-1,-1,-1
Intel Xeon CPU E5-2695 v2 @ 2.40GHz,FloydWarshall,TWO_D,3396,3396,32,16,1,43,289.196,24.031,0.004,-1,-1,-1
Intel Xeon CPU E5-2695 v2 @ 2.40GHz,FloydWarshall,TWO_D,3396,3396,32,32,1,43,289.233,24.181,0.003,-1,-1,-1
Intel Xeon CPU E5-2695 v2 @ 2.40GHz,FloydWarshall,TWO_D,3396,3396,64,1,1,43,290.38,23.494,0.004,-1,-1,-1
Intel Xeon CPU E5-2695 v2 @ 2.40GHz,FloydWarshall,TWO_D,3396,3396,64,2,1,43,288.684,24.169,0.004,-1,-1,-1
Intel Xeon CPU E5-2695 v2 @ 2.40GHz,FloydWarshall,TWO_D,3396,3396,64,4,1,43,288.885,24.042,0.004,-1,-1,-1
Intel Xeon CPU E5-2695 v2 @ 2.40GHz,FloydWarshall,TWO_D,3396,3396,64,8,1,43,289.271,24.099,0.003,-1,-1,-1
Intel Xeon CPU E5-2695 v2 @ 2.40GHz,FloydWarshall,TWO_D,3396,3396,64,16,1,43,288.758,24.068,0.004,-1,-1,-1
Intel Xeon CPU E5-2695 v2 @ 2.40GHz,FloydWarshall,TWO_D,3396,3396,128,1,1,43,289.327,24.203,0.004,-1,-1,-1
Intel Xeon CPU E5-2695 v2 @ 2.40GHz,FloydWarshall,TWO_D,3396,3396,128,2,1,43,290.038,23.753,0.004,-1,-1,-1
Intel Xeon CPU E5-2695 v2 @ 2.40GHz,FloydWarshall,TWO_D,3396,3396,128,4,1,43,288.971,24.087,0.004,-1,-1,-1
Intel Xeon CPU E5-2695 v2 @ 2.40GHz,FloydWarshall,TWO_D,3396,3396,128,8,1,43,288.84,24.059,0.003,-1,-1,-1
Intel Xeon CPU E5-2695 v2 @ 2.40GHz,FloydWarshall,TWO_D,3396,3396,256,1,1,43,289.398,24.184,0.004,-1,-1,-1
Intel Xeon CPU E5-2695 v2 @ 2.40GHz,FloydWarshall,TWO_D,3396,3396,256,2,1,43,289.213,24.108,0.004,-1,-1,-1
Intel Xeon CPU E5-2695 v2 @ 2.40GHz,FloydWarshall,TWO_D,3396,3396,256,4,1,43,289.611,24.303,0.003,-1,-1,-1
Intel Xeon CPU E5-2695 v2 @ 2.40GHz,FloydWarshall,TWO_D,3396,3396,512,1,1,43,289.496,23.804,0.003,-1,-1,-1
Intel Xeon CPU E5-2695 v2 @ 2.40GHz,FloydWarshall,TWO_D,3396,3396,512,2,1,43,288.961,24.151,0.003,-1,-1,-1
Intel Xeon CPU E5-2695 v2 @ 2.40GHz,FloydWarshall,TWO_D,3396,3396,1024,1,1,43,289.094,24.046,0.003,-1,-1,-1
Intel Xeon CPU E5-2695 v2 @ 2.40GHz,FloydWarshall,TWO_D,3396,3396,1,1,1,43,292.653,30.594,0.005,367145,57.95,1.123
Intel Xeon CPU E5-2695 v2 @ 2.40GHz,FloydWarshall,TWO_D,3396,3396,1,2,1,43,288.12,22.634,0.002,186958,61.307,1.992
Intel Xeon CPU E5-2695 v2 @ 2.40GHz,FloydWarshall,TWO_D,3396,3396,1,4,1,43,295.723,24.767,0.004,98383.5,56.275,1.17
Intel Xeon CPU E5-2695 v2 @ 2.40GHz,FloydWarshall,TWO_D,3396,3396,1,8,1,43,285.335,24.067,0.004,-1,-1,-1
Intel Xeon CPU E5-2695 v2 @ 2.40GHz,FloydWarshall,TWO_D,3396,3396,1,16,1,43,288.992,29.196,0.004,-1,-1,-1
Intel Xeon CPU E5-2695 v2 @ 2.40GHz,FloydWarshall,TWO_D,3396,3396,1,32,1,43,292.373,25.497,0.004,-1,-1,-1
Intel Xeon CPU E5-2695 v2 @ 2.40GHz,FloydWarshall,TWO_D,3396,3396,1,64,1,43,290.988,29.394,0.004,-1,-1,-1
Intel Xeon CPU E5-2695 v2 @ 2.40GHz,FloydWarshall,TWO_D,3396,3396,1,128,1,43,292.043,25.193,0.018,-1,-1,-1
Intel Xeon CPU E5-2695 v2 @ 2.40GHz,FloydWarshall,TWO_D,3396,3396,1,256,1,43,290.467,24.484,0.004,-1,-1,-1
Intel Xeon CPU E5-2695 v2 @ 2.40GHz,FloydWarshall,TWO_D,3396,3396,1,512,1,43,289.434,24.499,0.019,-1,-1,-1
Intel Xeon CPU E5-2695 v2 @ 2.40GHz,FloydWarshall,TWO_D,3396,3396,1,1024,1,43,289.63,24.49,0.003,-1,-1,-1
Intel Xeon CPU E5-2695 v2 @ 2.40GHz,FloydWarshall,TWO_D,3396,3396,2,1,1,43,290.498,29.166,0.004,193072,33.89,1.196
Intel Xeon CPU E5-2695 v2 @ 2.40GHz,FloydWarshall,TWO_D,3396,3396,2,2,1,43,297.119,22.265,0.003,101287,71.289,1.225
Intel Xeon CPU E5-2695 v2 @ 2.40GHz,FloydWarshall,TWO_D,3396,3396,2,4,1,43,292.001,26.131,0.005,57100,60.486,1.136
Intel Xeon CPU E5-2695 v2 @ 2.40GHz,FloydWarshall,TWO_D,3396,3396,2,8,1,43,288.465,26.991,0.004,-1,-1,-1
Intel Xeon CPU E5-2695 v2 @ 2.40GHz,FloydWarshall,TWO_D,3396,3396,2,16,1,43,291.934,24.756,0.018,-1,-1,-1
Intel Xeon CPU E5-2695 v2 @ 2.40GHz,FloydWarshall,TWO_D,3396,3396,2,32,1,43,290.223,29.027,0.005,-1,-1,-1
Intel Xeon CPU E5-2695 v2 @ 2.40GHz,FloydWarshall,TWO_D,3396,3396,2,64,1,43,292.874,24.846,0.004,-1,-1,-1
Intel Xeon CPU E5-2695 v2 @ 2.40GHz,FloydWarshall,TWO_D,3396,3396,2,128,1,43,289.965,28.994,0.004,-1,-1,-1
Intel Xeon CPU E5-2695 v2 @ 2.40GHz,FloydWarshall,TWO_D,3396,3396,2,256,1,43,298.217,26.508,0.004,-1,-1,-1
Intel Xeon CPU E5-2695 v2 @ 2.40GHz,FloydWarshall,TWO_D,3396,3396,2,512,1,43,291.604,24.392,0.004,-1,-1,-1
Intel Xeon CPU E5-2695 v2 @ 2.40GHz,FloydWarshall,TWO_D,3396,3396,4,1,1,43,289.666,29.192,0.019,97384.1,60.544,1.137
Intel Xeon CPU E5-2695 v2 @ 2.40GHz,FloydWarshall,TWO_D,3396,3396,4,2,1,43,288.854,24.256,0.004,52702.4,50.189,1.135
Intel Xeon CPU E5-2695 v2 @ 2.40GHz,FloydWarshall,TWO_D,3396,3396,4,4,1,43,289.959,28.442,0.019,30848.9,58.269,1.095
Intel Xeon CPU E5-2695 v2 @ 2.40GHz,FloydWarshall,TWO_D,3396,3396,4,8,1,43,290.113,24.847,0.004,-1,-1,-1
Intel Xeon CPU E5-2695 v2 @ 2.40GHz,FloydWarshall,TWO_D,3396,3396,4,16,1,43,292.516,28.986,0.003,-1,-1,-1
Intel Xeon CPU E5-2695 v2 @ 2.40GHz,FloydWarshall,TWO_D,3396,3396,4,32,1,43,293.959,24.848,0.004,-1,-1,-1
Intel Xeon CPU E5-2695 v2 @ 2.40GHz,FloydWarshall,TWO_D,3396,3396,4,64,1,43,291.871,24.48,0.019,-1,-1,-1
Intel Xeon CPU E5-2695 v2 @ 2.40GHz,FloydWarshall,TWO_D,3396,3396,4,128,1,43,294.059,28.049,0.018,-1,-1,-1
Intel Xeon CPU E5-2695 v2 @ 2.40GHz,FloydWarshall,TWO_D,3396,3396,4,256,1,43,294.03,24.571,0.018,-1,-1,-1
Intel Xeon CPU E5-2695 v2 @ 2.40GHz,FloydWarshall,TWO_D,3396,3396,8,1,1,43,292.738,29.159,0.004,-1,-1,-1
Intel Xeon CPU E5-2695 v2 @ 2.40GHz,FloydWarshall,TWO_D,3396,3396,8,2,1,43,293.999,24.939,0.019,-1,-1,-1
Intel Xeon CPU E5-2695 v2 @ 2.40GHz,FloydWarshall,TWO_D,3396,3396,8,4,1,43,292.372,29.039,0.003,-1,-1,-1
Intel Xeon CPU E5-2695 v2 @ 2.40GHz,FloydWarshall,TWO_D,3396,3396,8,8,1,43,295.285,30.226,0.004,-1,-1,-1
Intel Xeon CPU E5-2695 v2 @ 2.40GHz,FloydWarshall,TWO_D,3396,3396,8,16,1,43,289.575,27.961,0.019,-1,-1,-1
Intel Xeon CPU E5-2695 v2 @ 2.40GHz,FloydWarshall,TWO_D,3396,3396,8,32,1,43,293.912,24.79,0.004,-1,-1,-1
Intel Xeon CPU E5-2695 v2 @ 2.40GHz,FloydWarshall,TWO_D,3396,3396,8,64,1,43,292.11,29.247,0.002,-1,-1,-1
Intel Xeon CPU E5-2695 v2 @ 2.40GHz,FloydWarshall,TWO_D,3396,3396,8,128,1,43,294.506,24.952,0.002,-1,-1,-1
Intel Xeon CPU E5-2695 v2 @ 2.40GHz,FloydWarshall,TWO_D,3396,3396,16,1,1,43,292.199,32.342,0.004,-1,-1,-1
Intel Xeon CPU E5-2695 v2 @ 2.40GHz,FloydWarshall,TWO_D,3396,3396,16,2,1,43,292.687,24.771,0.003,-1,-1,-1
Intel Xeon CPU E5-2695 v2 @ 2.40GHz,FloydWarshall,TWO_D,3396,3396,16,4,1,43,291.445,29.062,0.004,-1,-1,-1
Intel Xeon CPU E5-2695 v2 @ 2.40GHz,FloydWarshall,TWO_D,3396,3396,16,8,1,43,294.952,25.02,0.018,-1,-1,-1
Intel Xeon CPU E5-2695 v2 @ 2.40GHz,FloydWarshall,TWO_D,3396,3396,16,16,1,43,292.401,24.613,0.018,-1,-1,-1
Intel Xeon CPU E5-2695 v2 @ 2.40GHz,FloydWarshall,TWO_D,3396,3396,16,32,1,43,291.895,29.149,0.018,-1,-1,-1
Intel Xeon CPU E5-2695 v2 @ 2.40GHz,FloydWarshall,TWO_D,3396,3396,16,64,1,43,294.544,24.979,0.004,-1,-1,-1
Intel Xeon CPU E5-2695 v2 @ 2.40GHz,FloydWarshall,TWO_D,3396,3396,32,1,1,43,291.826,29.238,0.004,-1,-1,-1
Intel Xeon CPU E5-2695 v2 @ 2.40GHz,FloydWarshall,TWO_D,3396,3396,32,2,1,43,294.994,24.806,0.018,-1,-1,-1
Intel Xeon CPU E5-2695 v2 @ 2.40GHz,FloydWarshall,TWO_D,3396,3396,32,4,1,43,292.351,24.576,0.004,-1,-1,-1
Intel Xeon CPU E5-2695 v2 @ 2.40GHz,FloydWarshall,TWO_D,3396,3396,32,8,1,43,291.769,29.148,0.004,-1,-1,-1
Intel Xeon CPU E5-2695 v2 @ 2.40GHz,FloydWarshall,TWO_D,3396,3396,32,16,1,43,294.449,25.602,0.004,-1,-1,-1
Intel Xeon CPU E5-2695 v2 @ 2.40GHz,FloydWarshall,TWO_D,3396,3396,32,32,1,43,291.077,28.78,0.019,-1,-1,-1
Intel Xeon CPU E5-2695 v2 @ 2.40GHz,FloydWarshall,TWO_D,3396,3396,64,1,1,43,292.669,24.639,0.005,-1,-1,-1
Intel Xeon CPU E5-2695 v2 @ 2.40GHz,FloydWarshall,TWO_D,3396,3396,64,2,1,43,289.722,28.85,0.004,-1,-1,-1
Intel Xeon CPU E5-2695 v2 @ 2.40GHz,FloydWarshall,TWO_D,3396,3396,64,4,1,43,292.492,24.888,0.002,-1,-1,-1
Intel Xeon CPU E5-2695 v2 @ 2.40GHz,FloydWarshall,TWO_D,3396,3396,64,8,1,43,289.782,28.808,0.018,-1,-1,-1
Intel Xeon CPU E5-2695 v2 @ 2.40GHz,FloydWarshall,TWO_D,3396,3396,64,16,1,43,292.53,24.592,0.02,-1,-1,-1
Intel Xeon CPU E5-2695 v2 @ 2.40GHz,FloydWarshall,TWO_D,3396,3396,128,1,1,43,291.056,29.059,0.003,-1,-1,-1
Intel Xeon CPU E5-2695 v2 @ 2.40GHz,FloydWarshall,TWO_D,3396,3396,128,2,1,43,291.804,24.736,0.005,-1,-1,-1
Intel Xeon CPU E5-2695 v2 @ 2.40GHz,FloydWarshall,TWO_D,3396,3396,128,4,1,43,290.39,28.802,0.004,-1,-1,-1
Intel Xeon CPU E5-2695 v2 @ 2.40GHz,FloydWarshall,TWO_D,3396,3396,128,8,1,43,291.81,24.73,0.018,-1,-1,-1
Intel Xeon CPU E5-2695 v2 @ 2.40GHz,FloydWarshall,TWO_D,3396,3396,256,1,1,43,289.959,28.883,0.004,-1,-1,-1
Intel Xeon CPU E5-2695 v2 @ 2.40GHz,FloydWarshall,TWO_D,3396,3396,256,2,1,43,293.297,24.72,0.018,-1,-1,-1
Intel Xeon CPU E5-2695 v2 @ 2.40GHz,FloydWarshall,TWO_D,3396,3396,256,4,1,43,289.916,28.869,0.017,-1,-1,-1
Intel Xeon CPU E5-2695 v2 @ 2.40GHz,FloydWarshall,TWO_D,3396,3396,512,1,1,43,292.26,24.787,0.019,-1,-1,-1
Intel Xeon CPU E5-2695 v2 @ 2.40GHz,FloydWarshall,TWO_D,3396,3396,512,2,1,43,289.66,28.846,0.017,-1,-1,-1
Intel Xeon CPU E5-2695 v2 @ 2.40GHz,FloydWarshall,TWO_D,3396,3396,1024,1,1,43,292.399,24.589,0.004,-1,-1,-1
