device/C,kernel/C,workDimension/C,width/F,height/F,xLocal/I,yLocal/I,zLocal/I,MB/F,init/F,memoryCopyOut/F,plan/F,execute/F,memoryCopyIn/F,cleanUp/F
Intel Xeon CPU E5-2695 v2 @ 2.40GHz,FloydWarshall,TWO_D,2048,2048,1,1,1,16,126.082,13.659,0.003,80484.4,12.149,1.532
Intel Xeon CPU E5-2695 v2 @ 2.40GHz,FloydWarshall,TWO_D,2048,2048,1,2,1,16,124.339,8.367,0.003,41455.4,20.838,1.62
Intel Xeon CPU E5-2695 v2 @ 2.40GHz,FloydWarshall,TWO_D,2048,2048,1,4,1,16,124.633,7.93,0.018,21802.1,18.22,1.595
Intel Xeon CPU E5-2695 v2 @ 2.40GHz,FloydWarshall,TWO_D,2048,2048,1,8,1,16,125.701,17.365,0.003,12063.1,20.821,1.774
Intel Xeon CPU E5-2695 v2 @ 2.40GHz,FloydWarshall,TWO_D,2048,2048,1,16,1,16,125.92,14.37,0.004,7245.15,20.68,1.557
Intel Xeon CPU E5-2695 v2 @ 2.40GHz,FloydWarshall,TWO_D,2048,2048,1,32,1,16,127.551,8.869,0.004,5034.49,12.587,1.867
Intel Xeon CPU E5-2695 v2 @ 2.40GHz,FloydWarshall,TWO_D,2048,2048,1,64,1,16,129.947,8.685,0.003,3862.57,11.937,1.624
Intel Xeon CPU E5-2695 v2 @ 2.40GHz,FloydWarshall,TWO_D,2048,2048,1,128,1,16,130.103,17.467,0.003,3277.84,12.522,1.664
Intel Xeon CPU E5-2695 v2 @ 2.40GHz,FloydWarshall,TWO_D,2048,2048,1,256,1,16,130.177,17.087,0.018,3026.78,12.486,1.712
Intel Xeon CPU E5-2695 v2 @ 2.40GHz,FloydWarshall,TWO_D,2048,2048,1,512,1,16,130.007,8.438,0.003,2934.54,11.725,1.64
Intel Xeon CPU E5-2695 v2 @ 2.40GHz,FloydWarshall,TWO_D,2048,2048,1,1024,1,16,136.439,7.971,0.002,2881.93,12.284,1.665
Intel Xeon CPU E5-2695 v2 @ 2.40GHz,FloydWarshall,TWO_D,2048,2048,2,1,1,16,144.639,9.319,0.003,41554.3,12.562,1.72
Intel Xeon CPU E5-2695 v2 @ 2.40GHz,FloydWarshall,TWO_D,2048,2048,2,2,1,16,129.495,12.72,0.003,21734.3,12.098,1.655
Intel Xeon CPU E5-2695 v2 @ 2.40GHz,FloydWarshall,TWO_D,2048,2048,2,4,1,16,129.587,12.684,0.003,11915.8,12.585,1.683
Intel Xeon CPU E5-2695 v2 @ 2.40GHz,FloydWarshall,TWO_D,2048,2048,2,8,1,16,130.368,8.361,0.003,6997.09,12.561,1.764
Intel Xeon CPU E5-2695 v2 @ 2.40GHz,FloydWarshall,TWO_D,2048,2048,2,16,1,16,130.154,8.476,0.018,4398.72,12.622,1.683
Intel Xeon CPU E5-2695 v2 @ 2.40GHz,FloydWarshall,TWO_D,2048,2048,2,32,1,16,128.734,8.147,0.003,3176.36,12.678,2.811
Intel Xeon CPU E5-2695 v2 @ 2.40GHz,FloydWarshall,TWO_D,2048,2048,2,64,1,16,127.912,8.414,0.002,2596.91,21.802,1.32
Intel Xeon CPU E5-2695 v2 @ 2.40GHz,FloydWarshall,TWO_D,2048,2048,2,128,1,16,126.291,8.104,0.003,2359.26,23.165,1.969
Intel Xeon CPU E5-2695 v2 @ 2.40GHz,FloydWarshall,TWO_D,2048,2048,2,256,1,16,141.336,7.996,0.001,2247.53,17.846,1.522
Intel Xeon CPU E5-2695 v2 @ 2.40GHz,FloydWarshall,TWO_D,2048,2048,2,512,1,16,126.276,10.847,0.001,2214.95,20.582,1.501
Intel Xeon CPU E5-2695 v2 @ 2.40GHz,FloydWarshall,TWO_D,2048,2048,4,1,1,16,124.839,7.006,0.002,21424.9,23.224,1.677
Intel Xeon CPU E5-2695 v2 @ 2.40GHz,FloydWarshall,TWO_D,2048,2048,4,2,1,16,136.652,14.306,0.003,11635.7,21.632,1.378
Intel Xeon CPU E5-2695 v2 @ 2.40GHz,FloydWarshall,TWO_D,2048,2048,4,4,1,16,125.488,7.965,0.003,6654.69,12.598,1.568
Intel Xeon CPU E5-2695 v2 @ 2.40GHz,FloydWarshall,TWO_D,2048,2048,4,8,1,16,126.419,11.598,0.003,4320.69,12.589,1.426
Intel Xeon CPU E5-2695 v2 @ 2.40GHz,FloydWarshall,TWO_D,2048,2048,4,16,1,16,132.143,8.902,0.003,4426.22,13.924,1.648
Intel Xeon CPU E5-2695 v2 @ 2.40GHz,FloydWarshall,TWO_D,2048,2048,4,32,1,16,166.134,10.641,0.004,2961.9,13.862,1.618
Intel Xeon CPU E5-2695 v2 @ 2.40GHz,FloydWarshall,TWO_D,2048,2048,4,64,1,16,166.551,13.868,0.003,2639.66,14,1.581
Intel Xeon CPU E5-2695 v2 @ 2.40GHz,FloydWarshall,TWO_D,2048,2048,4,128,1,16,166.79,10.615,0.003,2467.93,13.861,1.618
Intel Xeon CPU E5-2695 v2 @ 2.40GHz,FloydWarshall,TWO_D,2048,2048,4,256,1,16,167.436,11.041,0.004,2403.34,13.94,1.609
Intel Xeon CPU E5-2695 v2 @ 2.40GHz,FloydWarshall,TWO_D,2048,2048,8,1,1,16,166.485,12.907,0.003,11431.5,12.673,1.353
Intel Xeon CPU E5-2695 v2 @ 2.40GHz,FloydWarshall,TWO_D,2048,2048,8,2,1,16,129.361,8.387,0.002,6388.25,12.7,1.356
Intel Xeon CPU E5-2695 v2 @ 2.40GHz,FloydWarshall,TWO_D,2048,2048,8,4,1,16,131.138,8.916,0.003,3983.5,12.647,1.368
Intel Xeon CPU E5-2695 v2 @ 2.40GHz,FloydWarshall,TWO_D,2048,2048,8,8,1,16,131.694,8.873,0.003,2816.67,12.712,1.389
Intel Xeon CPU E5-2695 v2 @ 2.40GHz,FloydWarshall,TWO_D,2048,2048,8,16,1,16,135.745,8.259,0.003,2044.49,21.974,1.389
Intel Xeon CPU E5-2695 v2 @ 2.40GHz,FloydWarshall,TWO_D,2048,2048,8,32,1,16,125.413,8.773,0.018,1786.99,12.903,1.575
Intel Xeon CPU E5-2695 v2 @ 2.40GHz,FloydWarshall,TWO_D,2048,2048,8,64,1,16,133.171,8.57,0.003,1691.4,12.699,1.337
Intel Xeon CPU E5-2695 v2 @ 2.40GHz,FloydWarshall,TWO_D,2048,2048,8,128,1,16,127.96,8.484,0.003,1630.18,11.642,2.563
Intel Xeon CPU E5-2695 v2 @ 2.40GHz,FloydWarshall,TWO_D,2048,2048,16,1,1,16,145.721,9.05,0.003,6291.57,12.708,1.357
Intel Xeon CPU E5-2695 v2 @ 2.40GHz,FloydWarshall,TWO_D,2048,2048,16,2,1,16,129.575,8.626,0.002,3820.19,12.668,1.352
Intel Xeon CPU E5-2695 v2 @ 2.40GHz,FloydWarshall,TWO_D,2048,2048,16,4,1,16,129.558,8.716,0.003,2641.32,12.712,1.345
Intel Xeon CPU E5-2695 v2 @ 2.40GHz,FloydWarshall,TWO_D,2048,2048,16,8,1,16,132.944,9.629,0.003,2007.59,12.714,1.334
Intel Xeon CPU E5-2695 v2 @ 2.40GHz,FloydWarshall,TWO_D,2048,2048,16,16,1,16,129.674,8.995,0.003,1696.02,12.67,1.336
Intel Xeon CPU E5-2695 v2 @ 2.40GHz,FloydWarshall,TWO_D,2048,2048,16,32,1,16,133.367,8.666,0.003,1561.04,12.61,1.82
Intel Xeon CPU E5-2695 v2 @ 2.40GHz,FloydWarshall,TWO_D,2048,2048,16,64,1,16,130.464,10.691,0.003,1476.96,12.682,1.324
Intel Xeon CPU E5-2695 v2 @ 2.40GHz,FloydWarshall,TWO_D,2048,2048,32,1,1,16,129.637,8.8,0.003,3709.55,12.695,1.365
Intel Xeon CPU E5-2695 v2 @ 2.40GHz,FloydWarshall,TWO_D,2048,2048,32,2,1,16,129.395,8.769,0.003,2521.44,12.739,1.346
Intel Xeon CPU E5-2695 v2 @ 2.40GHz,FloydWarshall,TWO_D,2048,2048,32,4,1,16,141.821,8.722,0.004,1891.05,12.696,1.343
Intel Xeon CPU E5-2695 v2 @ 2.40GHz,FloydWarshall,TWO_D,2048,2048,32,8,1,16,134.517,8.937,0.003,1566.13,12.705,1.352
Intel Xeon CPU E5-2695 v2 @ 2.40GHz,FloydWarshall,TWO_D,2048,2048,32,16,1,16,132.223,10.856,0.003,1398.44,12.686,1.375
Intel Xeon CPU E5-2695 v2 @ 2.40GHz,FloydWarshall,TWO_D,2048,2048,32,32,1,16,129.545,8.675,0.003,1329.01,12.689,1.369
Intel Xeon CPU E5-2695 v2 @ 2.40GHz,FloydWarshall,TWO_D,2048,2048,64,1,1,16,134.416,12.061,0.003,2565.35,25.804,2.102
Intel Xeon CPU E5-2695 v2 @ 2.40GHz,FloydWarshall,TWO_D,2048,2048,64,2,1,16,171.601,10.265,0.003,1904.66,14.148,1.854
Intel Xeon CPU E5-2695 v2 @ 2.40GHz,FloydWarshall,TWO_D,2048,2048,64,4,1,16,165.341,10.479,0.003,1594.94,14.085,1.885
Intel Xeon CPU E5-2695 v2 @ 2.40GHz,FloydWarshall,TWO_D,2048,2048,64,8,1,16,165.227,9.813,0.003,1402.19,14.005,1.932
Intel Xeon CPU E5-2695 v2 @ 2.40GHz,FloydWarshall,TWO_D,2048,2048,64,16,1,16,172.864,10.209,0.003,1322.49,14.67,1.82
Intel Xeon CPU E5-2695 v2 @ 2.40GHz,FloydWarshall,TWO_D,2048,2048,128,1,1,16,177.915,10.203,0.002,1867.95,14.141,1.719
Intel Xeon CPU E5-2695 v2 @ 2.40GHz,FloydWarshall,TWO_D,2048,2048,128,2,1,16,164.72,13.701,0.003,1552.71,13.347,2.345
Intel Xeon CPU E5-2695 v2 @ 2.40GHz,FloydWarshall,TWO_D,2048,2048,128,4,1,16,165.136,10.836,0.004,1374.33,14.236,2.013
Intel Xeon CPU E5-2695 v2 @ 2.40GHz,FloydWarshall,TWO_D,2048,2048,128,8,1,16,166.792,10.198,0.003,1301.29,13.957,1.969
Intel Xeon CPU E5-2695 v2 @ 2.40GHz,FloydWarshall,TWO_D,2048,2048,256,1,1,16,166.045,11.062,0.003,1522.26,13.965,1.987
Intel Xeon CPU E5-2695 v2 @ 2.40GHz,FloydWarshall,TWO_D,2048,2048,256,2,1,16,171.897,10.242,0.004,1353.07,14.021,1.875
Intel Xeon CPU E5-2695 v2 @ 2.40GHz,FloydWarshall,TWO_D,2048,2048,256,4,1,16,165.396,10.753,0.003,1277.54,14.181,1.861
Intel Xeon CPU E5-2695 v2 @ 2.40GHz,FloydWarshall,TWO_D,2048,2048,512,1,1,16,165.241,10.855,0.004,1335.64,14.073,1.879
Intel Xeon CPU E5-2695 v2 @ 2.40GHz,FloydWarshall,TWO_D,2048,2048,512,2,1,16,165.489,10.336,0.002,1247.4,14.153,1.918
Intel Xeon CPU E5-2695 v2 @ 2.40GHz,FloydWarshall,TWO_D,2048,2048,1024,1,1,16,166.249,11.334,0.003,1261.39,13.568,1.857
Intel Xeon CPU E5-2695 v2 @ 2.40GHz,FloydWarshall,TWO_D,2048,2048,1,1,1,16,126.538,8.393,0.019,80586.4,22.142,1.73
Intel Xeon CPU E5-2695 v2 @ 2.40GHz,FloydWarshall,TWO_D,2048,2048,1,2,1,16,126.458,8.496,0.004,41033.9,20.807,1.601
Intel Xeon CPU E5-2695 v2 @ 2.40GHz,FloydWarshall,TWO_D,2048,2048,1,4,1,16,125.222,7.172,0.002,21447.3,18.951,1.62
Intel Xeon CPU E5-2695 v2 @ 2.40GHz,FloydWarshall,TWO_D,2048,2048,1,8,1,16,125.263,7.679,0.002,11847.2,19.746,1.61
Intel Xeon CPU E5-2695 v2 @ 2.40GHz,FloydWarshall,TWO_D,2048,2048,1,16,1,16,125.285,7.857,0.004,7194.99,12.613,1.793
Intel Xeon CPU E5-2695 v2 @ 2.40GHz,FloydWarshall,TWO_D,2048,2048,1,32,1,16,132.347,8.662,0.003,5052.5,11.789,1.489
Intel Xeon CPU E5-2695 v2 @ 2.40GHz,FloydWarshall,TWO_D,2048,2048,1,64,1,16,139.559,9.789,0.004,3827.97,21.736,1.471
Intel Xeon CPU E5-2695 v2 @ 2.40GHz,FloydWarshall,TWO_D,2048,2048,1,128,1,16,138.202,13.802,0.003,3266.74,20.673,1.63
Intel Xeon CPU E5-2695 v2 @ 2.40GHz,FloydWarshall,TWO_D,2048,2048,1,256,1,16,125.602,8.199,0.004,2997.1,20.622,2.152
Intel Xeon CPU E5-2695 v2 @ 2.40GHz,FloydWarshall,TWO_D,2048,2048,1,512,1,16,131.992,6.938,0.002,3111.11,21.25,1.902
Intel Xeon CPU E5-2695 v2 @ 2.40GHz,FloydWarshall,TWO_D,2048,2048,1,1024,1,16,129.669,8.566,0.003,2880.86,12.55,1.779
Intel Xeon CPU E5-2695 v2 @ 2.40GHz,FloydWarshall,TWO_D,2048,2048,2,1,1,16,130.435,13.1,0.003,41530.4,12.595,3.103
Intel Xeon CPU E5-2695 v2 @ 2.40GHz,FloydWarshall,TWO_D,2048,2048,2,2,1,16,139.876,7.865,0.002,21643,12.631,1.784
Intel Xeon CPU E5-2695 v2 @ 2.40GHz,FloydWarshall,TWO_D,2048,2048,2,4,1,16,128.96,8.357,0.003,11920.3,12.622,1.779
Intel Xeon CPU E5-2695 v2 @ 2.40GHz,FloydWarshall,TWO_D,2048,2048,2,8,1,16,128.159,8.286,0.003,6971.21,12.548,1.835
Intel Xeon CPU E5-2695 v2 @ 2.40GHz,FloydWarshall,TWO_D,2048,2048,2,16,1,16,130.12,8.368,0.003,4395.82,11.481,1.801
Intel Xeon CPU E5-2695 v2 @ 2.40GHz,FloydWarshall,TWO_D,2048,2048,2,32,1,16,130.377,8.519,0.003,3184.57,12.606,1.741
Intel Xeon CPU E5-2695 v2 @ 2.40GHz,FloydWarshall,TWO_D,2048,2048,2,64,1,16,130.027,11.036,0.002,2587.39,12.632,1.702
Intel Xeon CPU E5-2695 v2 @ 2.40GHz,FloydWarshall,TWO_D,2048,2048,2,128,1,16,128.253,8.652,0.003,2326.15,11.986,1.796
Intel Xeon CPU E5-2695 v2 @ 2.40GHz,FloydWarshall,TWO_D,2048,2048,2,256,1,16,131.506,17.237,0.004,2209.38,12.231,1.702
Intel Xeon CPU E5-2695 v2 @ 2.40GHz,FloydWarshall,TWO_D,2048,2048,2,512,1,16,131.997,9.388,0.003,2187.41,12.68,1.643
Intel Xeon CPU E5-2695 v2 @ 2.40GHz,FloydWarshall,TWO_D,2048,2048,4,1,1,16,128.565,8.581,0.002,21278.9,20.907,1.922
Intel Xeon CPU E5-2695 v2 @ 2.40GHz,FloydWarshall,TWO_D,2048,2048,4,2,1,16,129.505,9.548,0.003,11632.4,12.766,1.583
Intel Xeon CPU E5-2695 v2 @ 2.40GHz,FloydWarshall,TWO_D,2048,2048,4,4,1,16,131.255,8.55,0.002,6774.56,12.231,1.532
Intel Xeon CPU E5-2695 v2 @ 2.40GHz,FloydWarshall,TWO_D,2048,2048,4,8,1,16,123.915,10.458,0.003,4281.45,21.526,1.488
Intel Xeon CPU E5-2695 v2 @ 2.40GHz,FloydWarshall,TWO_D,2048,2048,4,16,1,16,137.235,10.324,0.004,3000.94,20.867,1.474
Intel Xeon CPU E5-2695 v2 @ 2.40GHz,FloydWarshall,TWO_D,2048,2048,4,32,1,16,123.905,10.278,0.004,2510.71,21.21,1.549
Intel Xeon CPU E5-2695 v2 @ 2.40GHz,FloydWarshall,TWO_D,2048,2048,4,64,1,16,125.334,7.585,0.003,2219.08,20.669,1.629
Intel Xeon CPU E5-2695 v2 @ 2.40GHz,FloydWarshall,TWO_D,2048,2048,4,128,1,16,125.321,7.846,0.004,2075.95,20.764,1.583
Intel Xeon CPU E5-2695 v2 @ 2.40GHz,FloydWarshall,TWO_D,2048,2048,4,256,1,16,125.18,7.498,0.004,2031.17,20.876,1.588
Intel Xeon CPU E5-2695 v2 @ 2.40GHz,FloydWarshall,TWO_D,2048,2048,8,1,1,16,125.188,7.037,0.002,11554.5,20.616,1.987
Intel Xeon CPU E5-2695 v2 @ 2.40GHz,FloydWarshall,TWO_D,2048,2048,8,2,1,16,132.78,7.549,0.004,6359.56,19.3,1.605
Intel Xeon CPU E5-2695 v2 @ 2.40GHz,FloydWarshall,TWO_D,2048,2048,8,4,1,16,125.169,7.446,0.003,3892.06,20.109,1.549
Intel Xeon CPU E5-2695 v2 @ 2.40GHz,FloydWarshall,TWO_D,2048,2048,8,8,1,16,125.649,10.255,0.004,2735.98,20.532,1.608
Intel Xeon CPU E5-2695 v2 @ 2.40GHz,FloydWarshall,TWO_D,2048,2048,8,16,1,16,129.167,8.035,0.004,2039.2,20.718,1.663
Intel Xeon CPU E5-2695 v2 @ 2.40GHz,FloydWarshall,TWO_D,2048,2048,8,32,1,16,139.096,13.011,0.003,1759.8,20.725,1.567
Intel Xeon CPU E5-2695 v2 @ 2.40GHz,FloydWarshall,TWO_D,2048,2048,8,64,1,16,128.468,7.625,0.003,1650.83,23.36,1.858
Intel Xeon CPU E5-2695 v2 @ 2.40GHz,FloydWarshall,TWO_D,2048,2048,8,128,1,16,128.9,8.461,0.003,1592.77,12.655,1.738
Intel Xeon CPU E5-2695 v2 @ 2.40GHz,FloydWarshall,TWO_D,2048,2048,16,1,1,16,129.182,8.475,0.004,6247.56,12.762,1.789
Intel Xeon CPU E5-2695 v2 @ 2.40GHz,FloydWarshall,TWO_D,2048,2048,16,2,1,16,128.467,12.389,0.003,3755.83,12.732,1.76
Intel Xeon CPU E5-2695 v2 @ 2.40GHz,FloydWarshall,TWO_D,2048,2048,16,4,1,16,127.943,8.644,0.003,2552.11,12.73,1.744
Intel Xeon CPU E5-2695 v2 @ 2.40GHz,FloydWarshall,TWO_D,2048,2048,16,8,1,16,128.194,8.646,0.002,1933.55,12.743,1.835
Intel Xeon CPU E5-2695 v2 @ 2.40GHz,FloydWarshall,TWO_D,2048,2048,16,16,1,16,127.917,8.629,0.002,1628.54,12.79,1.671
Intel Xeon CPU E5-2695 v2 @ 2.40GHz,FloydWarshall,TWO_D,2048,2048,16,32,1,16,127.683,8.059,0.002,1501.09,20.92,2.008
Intel Xeon CPU E5-2695 v2 @ 2.40GHz,FloydWarshall,TWO_D,2048,2048,16,64,1,16,127.857,8.61,0.002,1562.08,12.391,1.628
Intel Xeon CPU E5-2695 v2 @ 2.40GHz,FloydWarshall,TWO_D,2048,2048,32,1,1,16,130.343,11.791,0.004,3972.79,22.72,1.374
Intel Xeon CPU E5-2695 v2 @ 2.40GHz,FloydWarshall,TWO_D,2048,2048,32,2,1,16,126.532,11.527,0.001,2623.25,21.603,1.582
Intel Xeon CPU E5-2695 v2 @ 2.40GHz,FloydWarshall,TWO_D,2048,2048,32,4,1,16,125.595,8.704,0.004,1946.76,21.473,1.746
Intel Xeon CPU E5-2695 v2 @ 2.40GHz,FloydWarshall,TWO_D,2048,2048,32,8,1,16,125.699,9.164,0.003,1636.14,23.915,2.185
Intel Xeon CPU E5-2695 v2 @ 2.40GHz,FloydWarshall,TWO_D,2048,2048,32,16,1,16,174.683,10.278,0.004,1501.82,13.986,2.186
Intel Xeon CPU E5-2695 v2 @ 2.40GHz,FloydWarshall,TWO_D,2048,2048,32,32,1,16,169.427,10.187,0.004,1428.55,13.906,1.976
Intel Xeon CPU E5-2695 v2 @ 2.40GHz,FloydWarshall,TWO_D,2048,2048,64,1,1,16,166.113,9.744,0.003,2573.56,14.09,1.94
Intel Xeon CPU E5-2695 v2 @ 2.40GHz,FloydWarshall,TWO_D,2048,2048,64,2,1,16,164.851,10.211,0.003,1899.35,14.07,2.015
Intel Xeon CPU E5-2695 v2 @ 2.40GHz,FloydWarshall,TWO_D,2048,2048,64,4,1,16,164.747,10.26,0.003,2910.48,23.624,1.842
Intel Xeon CPU E5-2695 v2 @ 2.40GHz,FloydWarshall,TWO_D,2048,2048,64,8,1,16,169.098,11.121,0.001,1583.24,23.422,2.236
Intel Xeon CPU E5-2695 v2 @ 2.40GHz,FloydWarshall,TWO_D,2048,2048,64,16,1,16,171.065,9.593,0.003,1576.79,23.193,2.108
Intel Xeon CPU E5-2695 v2 @ 2.40GHz,FloydWarshall,TWO_D,2048,2048,128,1,1,16,168.869,9.411,0.004,2006.53,13.691,2.168
Intel Xeon CPU E5-2695 v2 @ 2.40GHz,FloydWarshall,TWO_D,2048,2048,128,2,1,16,166.409,10.478,0.002,1653.12,13.986,2.176
Intel Xeon CPU E5-2695 v2 @ 2.40GHz,FloydWarshall,TWO_D,2048,2048,128,4,1,16,178.13,10.178,0.003,1463.51,14.017,2.045
Intel Xeon CPU E5-2695 v2 @ 2.40GHz,FloydWarshall,TWO_D,2048,2048,128,8,1,16,164.561,11.06,0.003,1552.37,26.323,2.951
Intel Xeon CPU E5-2695 v2 @ 2.40GHz,FloydWarshall,TWO_D,2048,2048,256,1,1,16,175.085,12.705,0.017,1670.53,23.466,2.213
Intel Xeon CPU E5-2695 v2 @ 2.40GHz,FloydWarshall,TWO_D,2048,2048,256,2,1,16,177.067,9.399,0.002,1488.41,23.032,2.097
Intel Xeon CPU E5-2695 v2 @ 2.40GHz,FloydWarshall,TWO_D,2048,2048,256,4,1,16,167.102,9.007,0.003,1517.87,22.781,2.691
Intel Xeon CPU E5-2695 v2 @ 2.40GHz,FloydWarshall,TWO_D,2048,2048,512,1,1,16,169.046,9.554,0.003,1543.77,23.558,2.296
Intel Xeon CPU E5-2695 v2 @ 2.40GHz,FloydWarshall,TWO_D,2048,2048,512,2,1,16,171.218,13.243,0.003,1781.32,25.091,3.762
Intel Xeon CPU E5-2695 v2 @ 2.40GHz,FloydWarshall,TWO_D,2048,2048,1024,1,1,16,177.824,12.794,0.004,1446.11,14.173,2.32
Intel Xeon CPU E5-2695 v2 @ 2.40GHz,FloydWarshall,TWO_D,2048,2048,1,1,1,16,166.027,10.706,0.004,79445.5,11.946,0.702
Intel Xeon CPU E5-2695 v2 @ 2.40GHz,FloydWarshall,TWO_D,2048,2048,1,2,1,16,153.639,5.736,0.019,40851.8,11.462,0.734
Intel Xeon CPU E5-2695 v2 @ 2.40GHz,FloydWarshall,TWO_D,2048,2048,1,4,1,16,166.25,6.228,0.002,21523.1,22.891,0.781
Intel Xeon CPU E5-2695 v2 @ 2.40GHz,FloydWarshall,TWO_D,2048,2048,1,8,1,16,169.299,13.135,0.003,11980.2,22.619,0.749
Intel Xeon CPU E5-2695 v2 @ 2.40GHz,FloydWarshall,TWO_D,2048,2048,1,16,1,16,166.482,16.451,0.003,7149.92,22.643,0.75
Intel Xeon CPU E5-2695 v2 @ 2.40GHz,FloydWarshall,TWO_D,2048,2048,1,32,1,16,171.456,14.958,0.005,5015.94,22.662,1.249
Intel Xeon CPU E5-2695 v2 @ 2.40GHz,FloydWarshall,TWO_D,2048,2048,1,64,1,16,167.398,11.754,0.003,3839.49,22.55,0.729
Intel Xeon CPU E5-2695 v2 @ 2.40GHz,FloydWarshall,TWO_D,2048,2048,1,128,1,16,162.784,11.682,0.003,3248.14,12.134,0.712
Intel Xeon CPU E5-2695 v2 @ 2.40GHz,FloydWarshall,TWO_D,2048,2048,1,256,1,16,159.21,6.213,0.002,2990.24,12.246,0.743
Intel Xeon CPU E5-2695 v2 @ 2.40GHz,FloydWarshall,TWO_D,2048,2048,1,512,1,16,148.081,6.109,0.004,2912.94,12.424,0.746
Intel Xeon CPU E5-2695 v2 @ 2.40GHz,FloydWarshall,TWO_D,2048,2048,1,1024,1,16,148.72,7.091,0.003,2870.33,11.743,0.696
Intel Xeon CPU E5-2695 v2 @ 2.40GHz,FloydWarshall,TWO_D,2048,2048,2,1,1,16,144.624,5.982,0.004,41351.6,11.905,0.69
Intel Xeon CPU E5-2695 v2 @ 2.40GHz,FloydWarshall,TWO_D,2048,2048,2,2,1,16,139.901,10.659,0.004,21496.1,12.639,0.744
Intel Xeon CPU E5-2695 v2 @ 2.40GHz,FloydWarshall,TWO_D,2048,2048,2,4,1,16,138.26,6.538,0.004,11866.5,12.622,0.753
Intel Xeon CPU E5-2695 v2 @ 2.40GHz,FloydWarshall,TWO_D,2048,2048,2,8,1,16,143.074,6.005,0.003,6950.92,12.485,0.754
Intel Xeon CPU E5-2695 v2 @ 2.40GHz,FloydWarshall,TWO_D,2048,2048,2,16,1,16,140.701,5.916,0.004,4393.94,12.492,0.746
Intel Xeon CPU E5-2695 v2 @ 2.40GHz,FloydWarshall,TWO_D,2048,2048,2,32,1,16,145.288,6.044,0.011,3163.22,12.529,0.707
Intel Xeon CPU E5-2695 v2 @ 2.40GHz,FloydWarshall,TWO_D,2048,2048,2,64,1,16,144.337,5.883,0.004,2593.68,12.436,0.736
Intel Xeon CPU E5-2695 v2 @ 2.40GHz,FloydWarshall,TWO_D,2048,2048,2,128,1,16,143.657,5.223,0.003,2330.46,12.483,0.747
Intel Xeon CPU E5-2695 v2 @ 2.40GHz,FloydWarshall,TWO_D,2048,2048,2,256,1,16,140.406,5.925,0.003,2217.86,12.116,0.682
Intel Xeon CPU E5-2695 v2 @ 2.40GHz,FloydWarshall,TWO_D,2048,2048,2,512,1,16,144.119,5.958,0.003,2175.65,12.466,0.722
Intel Xeon CPU E5-2695 v2 @ 2.40GHz,FloydWarshall,TWO_D,2048,2048,4,1,1,16,144.874,5.861,0.004,21150.4,12.025,0.994
Intel Xeon CPU E5-2695 v2 @ 2.40GHz,FloydWarshall,TWO_D,2048,2048,4,2,1,16,159.501,7.353,0.003,11453.7,21.249,0.734
Intel Xeon CPU E5-2695 v2 @ 2.40GHz,FloydWarshall,TWO_D,2048,2048,4,4,1,16,146.399,15.041,0.019,6697.32,20.915,0.786
Intel Xeon CPU E5-2695 v2 @ 2.40GHz,FloydWarshall,TWO_D,2048,2048,4,8,1,16,146.324,13.649,0.005,4316.1,21.106,0.854
Intel Xeon CPU E5-2695 v2 @ 2.40GHz,FloydWarshall,TWO_D,2048,2048,4,16,1,16,142.032,11.81,0.003,3029.11,12.518,0.761
Intel Xeon CPU E5-2695 v2 @ 2.40GHz,FloydWarshall,TWO_D,2048,2048,4,32,1,16,144.452,7.112,0.003,2515.63,12.5,0.721
Intel Xeon CPU E5-2695 v2 @ 2.40GHz,FloydWarshall,TWO_D,2048,2048,4,64,1,16,144.228,5.914,0.003,2255.08,12.485,0.71
Intel Xeon CPU E5-2695 v2 @ 2.40GHz,FloydWarshall,TWO_D,2048,2048,4,128,1,16,141.11,7.215,0.003,2131.77,12.531,0.74
Intel Xeon CPU E5-2695 v2 @ 2.40GHz,FloydWarshall,TWO_D,2048,2048,4,256,1,16,143.888,5.929,0.004,2076.42,12.539,0.739
Intel Xeon CPU E5-2695 v2 @ 2.40GHz,FloydWarshall,TWO_D,2048,2048,8,1,1,16,143.463,5.954,0.003,11153.8,21.252,0.599
Intel Xeon CPU E5-2695 v2 @ 2.40GHz,FloydWarshall,TWO_D,2048,2048,8,2,1,16,148.736,12.777,0.002,6360.99,20.835,0.707
Intel Xeon CPU E5-2695 v2 @ 2.40GHz,FloydWarshall,TWO_D,2048,2048,8,4,1,16,143.345,12.97,0.004,3957.15,20.887,0.739
Intel Xeon CPU E5-2695 v2 @ 2.40GHz,FloydWarshall,TWO_D,2048,2048,8,8,1,16,146.373,14.564,0.004,2788.39,20.86,0.69
Intel Xeon CPU E5-2695 v2 @ 2.40GHz,FloydWarshall,TWO_D,2048,2048,8,16,1,16,143.157,10.795,0.004,2117.25,20.826,0.663
Intel Xeon CPU E5-2695 v2 @ 2.40GHz,FloydWarshall,TWO_D,2048,2048,8,32,1,16,148.278,12.154,0.003,1840.18,20.831,0.69
Intel Xeon CPU E5-2695 v2 @ 2.40GHz,FloydWarshall,TWO_D,2048,2048,8,64,1,16,143.632,12.303,0.003,1640.97,12.639,0.751
Intel Xeon CPU E5-2695 v2 @ 2.40GHz,FloydWarshall,TWO_D,2048,2048,8,128,1,16,154.977,7.05,0.004,1594.78,11.854,0.679
Intel Xeon CPU E5-2695 v2 @ 2.40GHz,FloydWarshall,TWO_D,2048,2048,16,1,1,16,140.47,5.729,0.002,6170.58,12.369,0.755
Intel Xeon CPU E5-2695 v2 @ 2.40GHz,FloydWarshall,TWO_D,2048,2048,16,2,1,16,143.408,5.714,0.004,3706.78,12.554,0.724
Intel Xeon CPU E5-2695 v2 @ 2.40GHz,FloydWarshall,TWO_D,2048,2048,16,4,1,16,156.269,6.323,0.003,2542.66,11.605,0.693
Intel Xeon CPU E5-2695 v2 @ 2.40GHz,FloydWarshall,TWO_D,2048,2048,16,8,1,16,144.303,5.713,0.003,1935.95,11.959,0.672
Intel Xeon CPU E5-2695 v2 @ 2.40GHz,FloydWarshall,TWO_D,2048,2048,16,16,1,16,142.313,5.671,0.004,1626.23,12.537,0.719
Intel Xeon CPU E5-2695 v2 @ 2.40GHz,FloydWarshall,TWO_D,2048,2048,16,32,1,16,143.168,5.703,0.004,1497.18,12.508,0.716
Intel Xeon CPU E5-2695 v2 @ 2.40GHz,FloydWarshall,TWO_D,2048,2048,16,64,1,16,144.916,5.739,0.003,1435.03,12.538,0.727
Intel Xeon CPU E5-2695 v2 @ 2.40GHz,FloydWarshall,TWO_D,2048,2048,32,1,1,16,144.396,5.928,0.003,3596.99,11.792,0.691
Intel Xeon CPU E5-2695 v2 @ 2.40GHz,FloydWarshall,TWO_D,2048,2048,32,2,1,16,143.374,5.619,0.003,2396.35,12.573,0.753
Intel Xeon CPU E5-2695 v2 @ 2.40GHz,FloydWarshall,TWO_D,2048,2048,32,4,1,16,146.119,6.355,0.004,1823.17,12.519,0.742
Intel Xeon CPU E5-2695 v2 @ 2.40GHz,FloydWarshall,TWO_D,2048,2048,32,8,1,16,144.122,5.791,0.004,1496.17,12.519,0.711
Intel Xeon CPU E5-2695 v2 @ 2.40GHz,FloydWarshall,TWO_D,2048,2048,32,16,1,16,142.568,5.684,0.003,1334.18,12.067,0.719
Intel Xeon CPU E5-2695 v2 @ 2.40GHz,FloydWarshall,TWO_D,2048,2048,32,32,1,16,142.403,8.052,0.003,1271.66,12.576,0.734
Intel Xeon CPU E5-2695 v2 @ 2.40GHz,FloydWarshall,TWO_D,2048,2048,64,1,1,16,141.34,5.624,0.003,2326.15,12.64,0.732
Intel Xeon CPU E5-2695 v2 @ 2.40GHz,FloydWarshall,TWO_D,2048,2048,64,2,1,16,143.793,5.111,0.003,1708.85,12.566,0.74
Intel Xeon CPU E5-2695 v2 @ 2.40GHz,FloydWarshall,TWO_D,2048,2048,64,4,1,16,144.468,5.661,0.004,1406.12,12.657,0.72
Intel Xeon CPU E5-2695 v2 @ 2.40GHz,FloydWarshall,TWO_D,2048,2048,64,8,1,16,143.509,5.695,0.003,1246.45,12.175,0.699
Intel Xeon CPU E5-2695 v2 @ 2.40GHz,FloydWarshall,TWO_D,2048,2048,64,16,1,16,144.398,5.74,0.003,1240.49,21.242,0.717
Intel Xeon CPU E5-2695 v2 @ 2.40GHz,FloydWarshall,TWO_D,2048,2048,128,1,1,16,144.333,9.878,0.003,1891.55,21.972,0.8
Intel Xeon CPU E5-2695 v2 @ 2.40GHz,FloydWarshall,TWO_D,2048,2048,128,2,1,16,189.294,7.603,0.001,1645.92,22.731,0.953
Intel Xeon CPU E5-2695 v2 @ 2.40GHz,FloydWarshall,TWO_D,2048,2048,128,4,1,16,197.759,13.075,0.003,1475.84,22.515,1.402
Intel Xeon CPU E5-2695 v2 @ 2.40GHz,FloydWarshall,TWO_D,2048,2048,128,8,1,16,188.823,10.085,0.018,1388.7,22.018,0.772
Intel Xeon CPU E5-2695 v2 @ 2.40GHz,FloydWarshall,TWO_D,2048,2048,256,1,1,16,191.608,10.017,0.002,1592.83,21.878,0.763
Intel Xeon CPU E5-2695 v2 @ 2.40GHz,FloydWarshall,TWO_D,2048,2048,256,2,1,16,186.754,9.627,0.003,1408.33,22.14,1.623
Intel Xeon CPU E5-2695 v2 @ 2.40GHz,FloydWarshall,TWO_D,2048,2048,256,4,1,16,194.919,11.735,0.003,1642.66,24.345,1.205
Intel Xeon CPU E5-2695 v2 @ 2.40GHz,FloydWarshall,TWO_D,2048,2048,512,1,1,16,198.402,12.025,0.003,1456.57,22.931,0.895
Intel Xeon CPU E5-2695 v2 @ 2.40GHz,FloydWarshall,TWO_D,2048,2048,512,2,1,16,216.514,12.731,0.003,1611.66,24.216,1.244
Intel Xeon CPU E5-2695 v2 @ 2.40GHz,FloydWarshall,TWO_D,2048,2048,1024,1,1,16,199.736,12.474,0.003,1579.46,24.442,1.143
