device/C,kernel/C,workDimension/C,N/F,P/F,M/F,xLocal/I,yLocal/I,zLocal/I,MB/F,init/F,memoryCopyOut/F,plan/F,execute/F,memoryCopyIn/F,cleanUp/F
Intel Xeon CPU E5-2695 v2 @ 2.40GHz,MatrixMultiplication,TWO_D,3318,3318,3318,1,1,1,41,583.453,53.341,0.004,17447.4,22.614,0.987
Intel Xeon CPU E5-2695 v2 @ 2.40GHz,MatrixMultiplication,TWO_D,3318,3318,3318,1,2,1,41,435.949,45.202,0.002,8175.75,22.893,1.137
Intel Xeon CPU E5-2695 v2 @ 2.40GHz,MatrixMultiplication,TWO_D,3318,3318,3318,1,4,1,41,435.855,44.405,0.002,-1,-1,-1
Intel Xeon CPU E5-2695 v2 @ 2.40GHz,MatrixMultiplication,TWO_D,3318,3318,3318,1,8,1,41,439.319,46.341,0.003,-1,-1,-1
Intel Xeon CPU E5-2695 v2 @ 2.40GHz,MatrixMultiplication,TWO_D,3318,3318,3318,1,16,1,41,439.026,47.24,0.004,-1,-1,-1
Intel Xeon CPU E5-2695 v2 @ 2.40GHz,MatrixMultiplication,TWO_D,3318,3318,3318,1,32,1,41,439.249,46.849,0.002,-1,-1,-1
Intel Xeon CPU E5-2695 v2 @ 2.40GHz,MatrixMultiplication,TWO_D,3318,3318,3318,1,64,1,41,439.296,47.149,0.002,-1,-1,-1
Intel Xeon CPU E5-2695 v2 @ 2.40GHz,MatrixMultiplication,TWO_D,3318,3318,3318,1,128,1,41,440.437,46.77,0.002,-1,-1,-1
Intel Xeon CPU E5-2695 v2 @ 2.40GHz,MatrixMultiplication,TWO_D,3318,3318,3318,1,256,1,41,439.08,46.808,0.002,-1,-1,-1
Intel Xeon CPU E5-2695 v2 @ 2.40GHz,MatrixMultiplication,TWO_D,3318,3318,3318,1,512,1,41,440.483,46.755,0.005,-1,-1,-1
Intel Xeon CPU E5-2695 v2 @ 2.40GHz,MatrixMultiplication,TWO_D,3318,3318,3318,1,1024,1,41,438.941,46.929,0.003,-1,-1,-1
Intel Xeon CPU E5-2695 v2 @ 2.40GHz,MatrixMultiplication,TWO_D,3318,3318,3318,2,1,1,41,440.9,47.099,0.002,8446.46,22.981,1.052
Intel Xeon CPU E5-2695 v2 @ 2.40GHz,MatrixMultiplication,TWO_D,3318,3318,3318,2,2,1,41,436.405,44.466,0.003,6038.01,22.85,1.207
Intel Xeon CPU E5-2695 v2 @ 2.40GHz,MatrixMultiplication,TWO_D,3318,3318,3318,2,4,1,41,435.818,47.822,0.003,-1,-1,-1
Intel Xeon CPU E5-2695 v2 @ 2.40GHz,MatrixMultiplication,TWO_D,3318,3318,3318,2,8,1,41,441.908,47.535,0.002,-1,-1,-1
Intel Xeon CPU E5-2695 v2 @ 2.40GHz,MatrixMultiplication,TWO_D,3318,3318,3318,2,16,1,41,439.764,46.859,0.003,-1,-1,-1
Intel Xeon CPU E5-2695 v2 @ 2.40GHz,MatrixMultiplication,TWO_D,3318,3318,3318,2,32,1,41,439.955,47.132,0.003,-1,-1,-1
Intel Xeon CPU E5-2695 v2 @ 2.40GHz,MatrixMultiplication,TWO_D,3318,3318,3318,2,64,1,41,440.302,47.196,0.004,-1,-1,-1
Intel Xeon CPU E5-2695 v2 @ 2.40GHz,MatrixMultiplication,TWO_D,3318,3318,3318,2,128,1,41,439.465,47.01,0.002,-1,-1,-1
Intel Xeon CPU E5-2695 v2 @ 2.40GHz,MatrixMultiplication,TWO_D,3318,3318,3318,2,256,1,41,438.851,46.781,0.003,-1,-1,-1
Intel Xeon CPU E5-2695 v2 @ 2.40GHz,MatrixMultiplication,TWO_D,3318,3318,3318,2,512,1,41,439.722,47.112,0.003,-1,-1,-1
Intel Xeon CPU E5-2695 v2 @ 2.40GHz,MatrixMultiplication,TWO_D,3318,3318,3318,4,1,1,41,439.679,47.114,0.003,-1,-1,-1
Intel Xeon CPU E5-2695 v2 @ 2.40GHz,MatrixMultiplication,TWO_D,3318,3318,3318,4,2,1,41,440.035,46.622,0.003,-1,-1,-1
Intel Xeon CPU E5-2695 v2 @ 2.40GHz,MatrixMultiplication,TWO_D,3318,3318,3318,4,4,1,41,439.158,46.758,0.004,-1,-1,-1
Intel Xeon CPU E5-2695 v2 @ 2.40GHz,MatrixMultiplication,TWO_D,3318,3318,3318,4,8,1,41,441.82,46.113,0.003,-1,-1,-1
Intel Xeon CPU E5-2695 v2 @ 2.40GHz,MatrixMultiplication,TWO_D,3318,3318,3318,4,16,1,41,439.395,46.132,0.003,-1,-1,-1
Intel Xeon CPU E5-2695 v2 @ 2.40GHz,MatrixMultiplication,TWO_D,3318,3318,3318,4,32,1,41,439.091,47.1,0.003,-1,-1,-1
Intel Xeon CPU E5-2695 v2 @ 2.40GHz,MatrixMultiplication,TWO_D,3318,3318,3318,4,64,1,41,440.886,46.285,0.003,-1,-1,-1
Intel Xeon CPU E5-2695 v2 @ 2.40GHz,MatrixMultiplication,TWO_D,3318,3318,3318,4,128,1,41,439.086,47.075,0.002,-1,-1,-1
Intel Xeon CPU E5-2695 v2 @ 2.40GHz,MatrixMultiplication,TWO_D,3318,3318,3318,4,256,1,41,440.784,46.95,0.002,-1,-1,-1
Intel Xeon CPU E5-2695 v2 @ 2.40GHz,MatrixMultiplication,TWO_D,3318,3318,3318,8,1,1,41,439.079,47.06,0.002,-1,-1,-1
Intel Xeon CPU E5-2695 v2 @ 2.40GHz,MatrixMultiplication,TWO_D,3318,3318,3318,8,2,1,41,440.003,46.84,0.002,-1,-1,-1
Intel Xeon CPU E5-2695 v2 @ 2.40GHz,MatrixMultiplication,TWO_D,3318,3318,3318,8,4,1,41,439.563,47.555,0.005,-1,-1,-1
Intel Xeon CPU E5-2695 v2 @ 2.40GHz,MatrixMultiplication,TWO_D,3318,3318,3318,8,8,1,41,440.052,46.59,0.003,-1,-1,-1
Intel Xeon CPU E5-2695 v2 @ 2.40GHz,MatrixMultiplication,TWO_D,3318,3318,3318,8,16,1,41,438.614,47.033,0.002,-1,-1,-1
Intel Xeon CPU E5-2695 v2 @ 2.40GHz,MatrixMultiplication,TWO_D,3318,3318,3318,8,32,1,41,439.553,46.826,0.003,-1,-1,-1
Intel Xeon CPU E5-2695 v2 @ 2.40GHz,MatrixMultiplication,TWO_D,3318,3318,3318,8,64,1,41,439.39,47.489,0.002,-1,-1,-1
Intel Xeon CPU E5-2695 v2 @ 2.40GHz,MatrixMultiplication,TWO_D,3318,3318,3318,8,128,1,41,440.507,46.724,0.003,-1,-1,-1
Intel Xeon CPU E5-2695 v2 @ 2.40GHz,MatrixMultiplication,TWO_D,3318,3318,3318,16,1,1,41,438.782,47.11,0.005,-1,-1,-1
Intel Xeon CPU E5-2695 v2 @ 2.40GHz,MatrixMultiplication,TWO_D,3318,3318,3318,16,2,1,41,439.214,47.152,0.003,-1,-1,-1
Intel Xeon CPU E5-2695 v2 @ 2.40GHz,MatrixMultiplication,TWO_D,3318,3318,3318,16,4,1,41,439.741,46.684,0.003,-1,-1,-1
Intel Xeon CPU E5-2695 v2 @ 2.40GHz,MatrixMultiplication,TWO_D,3318,3318,3318,16,8,1,41,439.798,46.621,0.003,-1,-1,-1
Intel Xeon CPU E5-2695 v2 @ 2.40GHz,MatrixMultiplication,TWO_D,3318,3318,3318,16,16,1,41,439.063,47.066,0.002,-1,-1,-1
Intel Xeon CPU E5-2695 v2 @ 2.40GHz,MatrixMultiplication,TWO_D,3318,3318,3318,16,32,1,41,439.119,46.854,0.002,-1,-1,-1
Intel Xeon CPU E5-2695 v2 @ 2.40GHz,MatrixMultiplication,TWO_D,3318,3318,3318,16,64,1,41,439.08,47.678,0.002,-1,-1,-1
Intel Xeon CPU E5-2695 v2 @ 2.40GHz,MatrixMultiplication,TWO_D,3318,3318,3318,32,1,1,41,439.451,47.079,0.003,-1,-1,-1
Intel Xeon CPU E5-2695 v2 @ 2.40GHz,MatrixMultiplication,TWO_D,3318,3318,3318,32,2,1,41,438.294,47.098,0.003,-1,-1,-1
Intel Xeon CPU E5-2695 v2 @ 2.40GHz,MatrixMultiplication,TWO_D,3318,3318,3318,32,4,1,41,439.062,47.524,0.003,-1,-1,-1
Intel Xeon CPU E5-2695 v2 @ 2.40GHz,MatrixMultiplication,TWO_D,3318,3318,3318,32,8,1,41,439.652,47.454,0.004,-1,-1,-1
Intel Xeon CPU E5-2695 v2 @ 2.40GHz,MatrixMultiplication,TWO_D,3318,3318,3318,32,16,1,41,438.413,47.041,0.003,-1,-1,-1
Intel Xeon CPU E5-2695 v2 @ 2.40GHz,MatrixMultiplication,TWO_D,3318,3318,3318,32,32,1,41,439.1,47.035,0.003,-1,-1,-1
Intel Xeon CPU E5-2695 v2 @ 2.40GHz,MatrixMultiplication,TWO_D,3318,3318,3318,64,1,1,41,439.048,47.603,0.002,-1,-1,-1
Intel Xeon CPU E5-2695 v2 @ 2.40GHz,MatrixMultiplication,TWO_D,3318,3318,3318,64,2,1,41,439.714,47.213,0.003,-1,-1,-1
Intel Xeon CPU E5-2695 v2 @ 2.40GHz,MatrixMultiplication,TWO_D,3318,3318,3318,64,4,1,41,437.905,47.047,0.003,-1,-1,-1
Intel Xeon CPU E5-2695 v2 @ 2.40GHz,MatrixMultiplication,TWO_D,3318,3318,3318,64,8,1,41,439.516,47.019,0.003,-1,-1,-1
Intel Xeon CPU E5-2695 v2 @ 2.40GHz,MatrixMultiplication,TWO_D,3318,3318,3318,64,16,1,41,438.641,47.537,0.003,-1,-1,-1
Intel Xeon CPU E5-2695 v2 @ 2.40GHz,MatrixMultiplication,TWO_D,3318,3318,3318,128,1,1,41,440.023,47.358,0.002,-1,-1,-1
Intel Xeon CPU E5-2695 v2 @ 2.40GHz,MatrixMultiplication,TWO_D,3318,3318,3318,128,2,1,41,438.336,47.055,0.002,-1,-1,-1
Intel Xeon CPU E5-2695 v2 @ 2.40GHz,MatrixMultiplication,TWO_D,3318,3318,3318,128,4,1,41,438.994,47.057,0.003,-1,-1,-1
Intel Xeon CPU E5-2695 v2 @ 2.40GHz,MatrixMultiplication,TWO_D,3318,3318,3318,128,8,1,41,438.534,47.521,0.003,-1,-1,-1
Intel Xeon CPU E5-2695 v2 @ 2.40GHz,MatrixMultiplication,TWO_D,3318,3318,3318,256,1,1,41,439.899,47.183,0.002,-1,-1,-1
Intel Xeon CPU E5-2695 v2 @ 2.40GHz,MatrixMultiplication,TWO_D,3318,3318,3318,256,2,1,41,438.14,47.052,0.003,-1,-1,-1
Intel Xeon CPU E5-2695 v2 @ 2.40GHz,MatrixMultiplication,TWO_D,3318,3318,3318,256,4,1,41,438.999,47.072,0.003,-1,-1,-1
Intel Xeon CPU E5-2695 v2 @ 2.40GHz,MatrixMultiplication,TWO_D,3318,3318,3318,512,1,1,41,439.391,47.18,0.002,-1,-1,-1
Intel Xeon CPU E5-2695 v2 @ 2.40GHz,MatrixMultiplication,TWO_D,3318,3318,3318,512,2,1,41,439.557,46.773,0.003,-1,-1,-1
Intel Xeon CPU E5-2695 v2 @ 2.40GHz,MatrixMultiplication,TWO_D,3318,3318,3318,1024,1,1,41,438.047,47.059,0.003,-1,-1,-1
Intel Xeon CPU E5-2695 v2 @ 2.40GHz,MatrixMultiplication,TWO_D,3318,3318,3318,1,1,1,41,581.884,57.163,0.004,17346.9,22.328,0.838
Intel Xeon CPU E5-2695 v2 @ 2.40GHz,MatrixMultiplication,TWO_D,3318,3318,3318,1,2,1,41,438.945,46.76,0.005,10669.5,22.528,0.801
Intel Xeon CPU E5-2695 v2 @ 2.40GHz,MatrixMultiplication,TWO_D,3318,3318,3318,1,4,1,41,436.501,43.742,0.004,-1,-1,-1
Intel Xeon CPU E5-2695 v2 @ 2.40GHz,MatrixMultiplication,TWO_D,3318,3318,3318,1,8,1,41,439.253,45.268,0.004,-1,-1,-1
Intel Xeon CPU E5-2695 v2 @ 2.40GHz,MatrixMultiplication,TWO_D,3318,3318,3318,1,16,1,41,441.064,45.922,0.004,-1,-1,-1
Intel Xeon CPU E5-2695 v2 @ 2.40GHz,MatrixMultiplication,TWO_D,3318,3318,3318,1,32,1,41,441.09,46.426,0.004,-1,-1,-1
Intel Xeon CPU E5-2695 v2 @ 2.40GHz,MatrixMultiplication,TWO_D,3318,3318,3318,1,64,1,41,440.701,46.909,0.005,-1,-1,-1
Intel Xeon CPU E5-2695 v2 @ 2.40GHz,MatrixMultiplication,TWO_D,3318,3318,3318,1,128,1,41,442.4,45.952,0.005,-1,-1,-1
Intel Xeon CPU E5-2695 v2 @ 2.40GHz,MatrixMultiplication,TWO_D,3318,3318,3318,1,256,1,41,440.55,46.322,0.005,-1,-1,-1
Intel Xeon CPU E5-2695 v2 @ 2.40GHz,MatrixMultiplication,TWO_D,3318,3318,3318,1,512,1,41,444.371,45.581,0.004,-1,-1,-1
Intel Xeon CPU E5-2695 v2 @ 2.40GHz,MatrixMultiplication,TWO_D,3318,3318,3318,1,1024,1,41,440.046,46.492,0.005,-1,-1,-1
Intel Xeon CPU E5-2695 v2 @ 2.40GHz,MatrixMultiplication,TWO_D,3318,3318,3318,2,1,1,41,443.177,46.951,0.005,7592.76,23.477,0.846
Intel Xeon CPU E5-2695 v2 @ 2.40GHz,MatrixMultiplication,TWO_D,3318,3318,3318,2,2,1,41,435.83,46.341,0.005,6634.57,20.658,0.852
Intel Xeon CPU E5-2695 v2 @ 2.40GHz,MatrixMultiplication,TWO_D,3318,3318,3318,2,4,1,41,435.992,48.397,0.005,-1,-1,-1
Intel Xeon CPU E5-2695 v2 @ 2.40GHz,MatrixMultiplication,TWO_D,3318,3318,3318,2,8,1,41,439.779,46.055,0.005,-1,-1,-1
Intel Xeon CPU E5-2695 v2 @ 2.40GHz,MatrixMultiplication,TWO_D,3318,3318,3318,2,16,1,41,440.14,46.959,0.005,-1,-1,-1
Intel Xeon CPU E5-2695 v2 @ 2.40GHz,MatrixMultiplication,TWO_D,3318,3318,3318,2,32,1,41,441.064,46.817,0.004,-1,-1,-1
Intel Xeon CPU E5-2695 v2 @ 2.40GHz,MatrixMultiplication,TWO_D,3318,3318,3318,2,64,1,41,440.66,46.732,0.005,-1,-1,-1
Intel Xeon CPU E5-2695 v2 @ 2.40GHz,MatrixMultiplication,TWO_D,3318,3318,3318,2,128,1,41,442.292,46.427,0.004,-1,-1,-1
Intel Xeon CPU E5-2695 v2 @ 2.40GHz,MatrixMultiplication,TWO_D,3318,3318,3318,2,256,1,41,440.755,46.95,0.005,-1,-1,-1
Intel Xeon CPU E5-2695 v2 @ 2.40GHz,MatrixMultiplication,TWO_D,3318,3318,3318,2,512,1,41,442.15,46.511,0.005,-1,-1,-1
Intel Xeon CPU E5-2695 v2 @ 2.40GHz,MatrixMultiplication,TWO_D,3318,3318,3318,4,1,1,41,440.526,46.865,0.005,-1,-1,-1
Intel Xeon CPU E5-2695 v2 @ 2.40GHz,MatrixMultiplication,TWO_D,3318,3318,3318,4,2,1,41,442.101,46.404,0.005,-1,-1,-1
Intel Xeon CPU E5-2695 v2 @ 2.40GHz,MatrixMultiplication,TWO_D,3318,3318,3318,4,4,1,41,446.054,43.393,0.005,-1,-1,-1
Intel Xeon CPU E5-2695 v2 @ 2.40GHz,MatrixMultiplication,TWO_D,3318,3318,3318,4,8,1,41,439.083,46.175,0.005,-1,-1,-1
Intel Xeon CPU E5-2695 v2 @ 2.40GHz,MatrixMultiplication,TWO_D,3318,3318,3318,4,16,1,41,440.644,46.823,0.005,-1,-1,-1
Intel Xeon CPU E5-2695 v2 @ 2.40GHz,MatrixMultiplication,TWO_D,3318,3318,3318,4,32,1,41,442.3,46.533,0.005,-1,-1,-1
Intel Xeon CPU E5-2695 v2 @ 2.40GHz,MatrixMultiplication,TWO_D,3318,3318,3318,4,64,1,41,440.645,47.021,0.004,-1,-1,-1
Intel Xeon CPU E5-2695 v2 @ 2.40GHz,MatrixMultiplication,TWO_D,3318,3318,3318,4,128,1,41,441.166,46.964,0.004,-1,-1,-1
Intel Xeon CPU E5-2695 v2 @ 2.40GHz,MatrixMultiplication,TWO_D,3318,3318,3318,4,256,1,41,440.965,47.169,0.005,-1,-1,-1
Intel Xeon CPU E5-2695 v2 @ 2.40GHz,MatrixMultiplication,TWO_D,3318,3318,3318,8,1,1,41,440.944,46.36,0.004,-1,-1,-1
Intel Xeon CPU E5-2695 v2 @ 2.40GHz,MatrixMultiplication,TWO_D,3318,3318,3318,8,2,1,41,440.757,46.742,0.004,-1,-1,-1
Intel Xeon CPU E5-2695 v2 @ 2.40GHz,MatrixMultiplication,TWO_D,3318,3318,3318,8,4,1,41,440.765,46.365,0.004,-1,-1,-1
Intel Xeon CPU E5-2695 v2 @ 2.40GHz,MatrixMultiplication,TWO_D,3318,3318,3318,8,8,1,41,441.514,46.59,0.005,-1,-1,-1
Intel Xeon CPU E5-2695 v2 @ 2.40GHz,MatrixMultiplication,TWO_D,3318,3318,3318,8,16,1,41,440.487,46.249,0.004,-1,-1,-1
Intel Xeon CPU E5-2695 v2 @ 2.40GHz,MatrixMultiplication,TWO_D,3318,3318,3318,8,32,1,41,441.343,47.053,0.004,-1,-1,-1
Intel Xeon CPU E5-2695 v2 @ 2.40GHz,MatrixMultiplication,TWO_D,3318,3318,3318,8,64,1,41,440.982,46.33,0.004,-1,-1,-1
Intel Xeon CPU E5-2695 v2 @ 2.40GHz,MatrixMultiplication,TWO_D,3318,3318,3318,8,128,1,41,442.233,45.902,0.005,-1,-1,-1
Intel Xeon CPU E5-2695 v2 @ 2.40GHz,MatrixMultiplication,TWO_D,3318,3318,3318,16,1,1,41,440.791,46.537,0.004,-1,-1,-1
Intel Xeon CPU E5-2695 v2 @ 2.40GHz,MatrixMultiplication,TWO_D,3318,3318,3318,16,2,1,41,441.58,46.174,0.005,-1,-1,-1
Intel Xeon CPU E5-2695 v2 @ 2.40GHz,MatrixMultiplication,TWO_D,3318,3318,3318,16,4,1,41,440.653,46.424,0.005,-1,-1,-1
Intel Xeon CPU E5-2695 v2 @ 2.40GHz,MatrixMultiplication,TWO_D,3318,3318,3318,16,8,1,41,442.087,45.947,0.005,-1,-1,-1
Intel Xeon CPU E5-2695 v2 @ 2.40GHz,MatrixMultiplication,TWO_D,3318,3318,3318,16,16,1,41,440.811,46.363,0.004,-1,-1,-1
Intel Xeon CPU E5-2695 v2 @ 2.40GHz,MatrixMultiplication,TWO_D,3318,3318,3318,16,32,1,41,441.651,46.671,0.005,-1,-1,-1
Intel Xeon CPU E5-2695 v2 @ 2.40GHz,MatrixMultiplication,TWO_D,3318,3318,3318,16,64,1,41,440.954,46.29,0.004,-1,-1,-1
Intel Xeon CPU E5-2695 v2 @ 2.40GHz,MatrixMultiplication,TWO_D,3318,3318,3318,32,1,1,41,442.122,45.844,0.004,-1,-1,-1
Intel Xeon CPU E5-2695 v2 @ 2.40GHz,MatrixMultiplication,TWO_D,3318,3318,3318,32,2,1,41,440.557,46.384,0.005,-1,-1,-1
Intel Xeon CPU E5-2695 v2 @ 2.40GHz,MatrixMultiplication,TWO_D,3318,3318,3318,32,4,1,41,441.733,46.72,0.005,-1,-1,-1
Intel Xeon CPU E5-2695 v2 @ 2.40GHz,MatrixMultiplication,TWO_D,3318,3318,3318,32,8,1,41,440.841,46.44,0.006,-1,-1,-1
Intel Xeon CPU E5-2695 v2 @ 2.40GHz,MatrixMultiplication,TWO_D,3318,3318,3318,32,16,1,41,442.227,45.756,0.004,-1,-1,-1
Intel Xeon CPU E5-2695 v2 @ 2.40GHz,MatrixMultiplication,TWO_D,3318,3318,3318,32,32,1,41,440.733,46.514,0.004,-1,-1,-1
Intel Xeon CPU E5-2695 v2 @ 2.40GHz,MatrixMultiplication,TWO_D,3318,3318,3318,64,1,1,41,441.269,46.702,0.005,-1,-1,-1
Intel Xeon CPU E5-2695 v2 @ 2.40GHz,MatrixMultiplication,TWO_D,3318,3318,3318,64,2,1,41,440.602,46.629,0.005,-1,-1,-1
Intel Xeon CPU E5-2695 v2 @ 2.40GHz,MatrixMultiplication,TWO_D,3318,3318,3318,64,4,1,41,441.555,46.317,0.004,-1,-1,-1
Intel Xeon CPU E5-2695 v2 @ 2.40GHz,MatrixMultiplication,TWO_D,3318,3318,3318,64,8,1,41,440.768,46.493,0.004,-1,-1,-1
Intel Xeon CPU E5-2695 v2 @ 2.40GHz,MatrixMultiplication,TWO_D,3318,3318,3318,64,16,1,41,441.132,46.518,0.005,-1,-1,-1
Intel Xeon CPU E5-2695 v2 @ 2.40GHz,MatrixMultiplication,TWO_D,3318,3318,3318,128,1,1,41,441.179,46.609,0.005,-1,-1,-1
Intel Xeon CPU E5-2695 v2 @ 2.40GHz,MatrixMultiplication,TWO_D,3318,3318,3318,128,2,1,41,440.314,46.554,0.005,-1,-1,-1
Intel Xeon CPU E5-2695 v2 @ 2.40GHz,MatrixMultiplication,TWO_D,3318,3318,3318,128,4,1,41,441.051,44.688,0.005,-1,-1,-1
Intel Xeon CPU E5-2695 v2 @ 2.40GHz,MatrixMultiplication,TWO_D,3318,3318,3318,128,8,1,41,436.627,44.184,0.004,-1,-1,-1
Intel Xeon CPU E5-2695 v2 @ 2.40GHz,MatrixMultiplication,TWO_D,3318,3318,3318,256,1,1,41,441.663,45.897,0.004,-1,-1,-1
Intel Xeon CPU E5-2695 v2 @ 2.40GHz,MatrixMultiplication,TWO_D,3318,3318,3318,256,2,1,41,440.044,46.444,0.004,-1,-1,-1
Intel Xeon CPU E5-2695 v2 @ 2.40GHz,MatrixMultiplication,TWO_D,3318,3318,3318,256,4,1,41,440.835,46.743,0.005,-1,-1,-1
Intel Xeon CPU E5-2695 v2 @ 2.40GHz,MatrixMultiplication,TWO_D,3318,3318,3318,512,1,1,41,440.598,46.812,0.004,-1,-1,-1
Intel Xeon CPU E5-2695 v2 @ 2.40GHz,MatrixMultiplication,TWO_D,3318,3318,3318,512,2,1,41,441.943,45.732,0.004,-1,-1,-1
Intel Xeon CPU E5-2695 v2 @ 2.40GHz,MatrixMultiplication,TWO_D,3318,3318,3318,1024,1,1,41,440.559,46.204,0.005,-1,-1,-1
Intel Xeon CPU E5-2695 v2 @ 2.40GHz,MatrixMultiplication,TWO_D,3318,3318,3318,1,1,1,41,576.291,49.268,0.003,10484.1,22.772,0.944
Intel Xeon CPU E5-2695 v2 @ 2.40GHz,MatrixMultiplication,TWO_D,3318,3318,3318,1,2,1,41,436.008,47.807,0.002,6638.47,22.884,0.855
Intel Xeon CPU E5-2695 v2 @ 2.40GHz,MatrixMultiplication,TWO_D,3318,3318,3318,1,4,1,41,434.544,44.583,0.002,-1,-1,-1
Intel Xeon CPU E5-2695 v2 @ 2.40GHz,MatrixMultiplication,TWO_D,3318,3318,3318,1,8,1,41,439.477,47.569,0.003,-1,-1,-1
Intel Xeon CPU E5-2695 v2 @ 2.40GHz,MatrixMultiplication,TWO_D,3318,3318,3318,1,16,1,41,440.012,47.26,0.003,-1,-1,-1
Intel Xeon CPU E5-2695 v2 @ 2.40GHz,MatrixMultiplication,TWO_D,3318,3318,3318,1,32,1,41,439.353,47.633,0.002,-1,-1,-1
Intel Xeon CPU E5-2695 v2 @ 2.40GHz,MatrixMultiplication,TWO_D,3318,3318,3318,1,64,1,41,439.363,47.439,0.002,-1,-1,-1
Intel Xeon CPU E5-2695 v2 @ 2.40GHz,MatrixMultiplication,TWO_D,3318,3318,3318,1,128,1,41,439.766,47.658,0.002,-1,-1,-1
Intel Xeon CPU E5-2695 v2 @ 2.40GHz,MatrixMultiplication,TWO_D,3318,3318,3318,1,256,1,41,440.76,46.907,0.003,-1,-1,-1
Intel Xeon CPU E5-2695 v2 @ 2.40GHz,MatrixMultiplication,TWO_D,3318,3318,3318,1,512,1,41,439.772,47.501,0.003,-1,-1,-1
Intel Xeon CPU E5-2695 v2 @ 2.40GHz,MatrixMultiplication,TWO_D,3318,3318,3318,1,1024,1,41,440.505,46.687,0.004,-1,-1,-1
Intel Xeon CPU E5-2695 v2 @ 2.40GHz,MatrixMultiplication,TWO_D,3318,3318,3318,2,1,1,41,439.904,47.594,0.002,8910.46,21.002,0.818
Intel Xeon CPU E5-2695 v2 @ 2.40GHz,MatrixMultiplication,TWO_D,3318,3318,3318,2,2,1,41,435.351,45.364,0.003,6446.21,24.88,0.846
Intel Xeon CPU E5-2695 v2 @ 2.40GHz,MatrixMultiplication,TWO_D,3318,3318,3318,2,4,1,41,434.922,48.78,0.003,-1,-1,-1
Intel Xeon CPU E5-2695 v2 @ 2.40GHz,MatrixMultiplication,TWO_D,3318,3318,3318,2,8,1,41,440.374,47.606,0.003,-1,-1,-1
Intel Xeon CPU E5-2695 v2 @ 2.40GHz,MatrixMultiplication,TWO_D,3318,3318,3318,2,16,1,41,440.142,47.905,0.003,-1,-1,-1
Intel Xeon CPU E5-2695 v2 @ 2.40GHz,MatrixMultiplication,TWO_D,3318,3318,3318,2,32,1,41,439.234,47.588,0.003,-1,-1,-1
Intel Xeon CPU E5-2695 v2 @ 2.40GHz,MatrixMultiplication,TWO_D,3318,3318,3318,2,64,1,41,441.247,47.351,0.003,-1,-1,-1
Intel Xeon CPU E5-2695 v2 @ 2.40GHz,MatrixMultiplication,TWO_D,3318,3318,3318,2,128,1,41,438.709,47.007,0.003,-1,-1,-1
Intel Xeon CPU E5-2695 v2 @ 2.40GHz,MatrixMultiplication,TWO_D,3318,3318,3318,2,256,1,41,440.247,47.363,0.005,-1,-1,-1
Intel Xeon CPU E5-2695 v2 @ 2.40GHz,MatrixMultiplication,TWO_D,3318,3318,3318,2,512,1,41,439.18,47.547,0.003,-1,-1,-1
Intel Xeon CPU E5-2695 v2 @ 2.40GHz,MatrixMultiplication,TWO_D,3318,3318,3318,4,1,1,41,441.145,47.165,0.003,-1,-1,-1
Intel Xeon CPU E5-2695 v2 @ 2.40GHz,MatrixMultiplication,TWO_D,3318,3318,3318,4,2,1,41,438.566,46.975,0.002,-1,-1,-1
Intel Xeon CPU E5-2695 v2 @ 2.40GHz,MatrixMultiplication,TWO_D,3318,3318,3318,4,4,1,41,440.697,47.338,0.002,-1,-1,-1
Intel Xeon CPU E5-2695 v2 @ 2.40GHz,MatrixMultiplication,TWO_D,3318,3318,3318,4,8,1,41,439.759,47.515,0.003,-1,-1,-1
Intel Xeon CPU E5-2695 v2 @ 2.40GHz,MatrixMultiplication,TWO_D,3318,3318,3318,4,16,1,41,441.157,46.914,0.002,-1,-1,-1
Intel Xeon CPU E5-2695 v2 @ 2.40GHz,MatrixMultiplication,TWO_D,3318,3318,3318,4,32,1,41,438.982,47.135,0.003,-1,-1,-1
Intel Xeon CPU E5-2695 v2 @ 2.40GHz,MatrixMultiplication,TWO_D,3318,3318,3318,4,64,1,41,440.113,47.314,0.003,-1,-1,-1
Intel Xeon CPU E5-2695 v2 @ 2.40GHz,MatrixMultiplication,TWO_D,3318,3318,3318,4,128,1,41,439.211,47.514,0.003,-1,-1,-1
Intel Xeon CPU E5-2695 v2 @ 2.40GHz,MatrixMultiplication,TWO_D,3318,3318,3318,4,256,1,41,440.411,47.424,0.003,-1,-1,-1
Intel Xeon CPU E5-2695 v2 @ 2.40GHz,MatrixMultiplication,TWO_D,3318,3318,3318,8,1,1,41,439.09,47.543,0.002,-1,-1,-1
Intel Xeon CPU E5-2695 v2 @ 2.40GHz,MatrixMultiplication,TWO_D,3318,3318,3318,8,2,1,41,440.151,47.333,0.003,-1,-1,-1
Intel Xeon CPU E5-2695 v2 @ 2.40GHz,MatrixMultiplication,TWO_D,3318,3318,3318,8,4,1,41,439.178,47.727,0.003,-1,-1,-1
Intel Xeon CPU E5-2695 v2 @ 2.40GHz,MatrixMultiplication,TWO_D,3318,3318,3318,8,8,1,41,439.913,47.333,0.002,-1,-1,-1
Intel Xeon CPU E5-2695 v2 @ 2.40GHz,MatrixMultiplication,TWO_D,3318,3318,3318,8,16,1,41,439.663,47.086,0.005,-1,-1,-1
Intel Xeon CPU E5-2695 v2 @ 2.40GHz,MatrixMultiplication,TWO_D,3318,3318,3318,8,32,1,41,439.552,47.408,0.003,-1,-1,-1
Intel Xeon CPU E5-2695 v2 @ 2.40GHz,MatrixMultiplication,TWO_D,3318,3318,3318,8,64,1,41,439.891,47.173,0.002,-1,-1,-1
Intel Xeon CPU E5-2695 v2 @ 2.40GHz,MatrixMultiplication,TWO_D,3318,3318,3318,8,128,1,41,439.433,47.856,0.003,-1,-1,-1
Intel Xeon CPU E5-2695 v2 @ 2.40GHz,MatrixMultiplication,TWO_D,3318,3318,3318,16,1,1,41,439.225,47.544,0.002,-1,-1,-1
Intel Xeon CPU E5-2695 v2 @ 2.40GHz,MatrixMultiplication,TWO_D,3318,3318,3318,16,2,1,41,439.256,47.833,0.003,-1,-1,-1
Intel Xeon CPU E5-2695 v2 @ 2.40GHz,MatrixMultiplication,TWO_D,3318,3318,3318,16,4,1,41,439.942,47.186,0.003,-1,-1,-1
Intel Xeon CPU E5-2695 v2 @ 2.40GHz,MatrixMultiplication,TWO_D,3318,3318,3318,16,8,1,41,439.315,47.868,0.003,-1,-1,-1
Intel Xeon CPU E5-2695 v2 @ 2.40GHz,MatrixMultiplication,TWO_D,3318,3318,3318,16,16,1,41,439.604,47.076,0.003,-1,-1,-1
Intel Xeon CPU E5-2695 v2 @ 2.40GHz,MatrixMultiplication,TWO_D,3318,3318,3318,16,32,1,41,439.206,47.88,0.003,-1,-1,-1
Intel Xeon CPU E5-2695 v2 @ 2.40GHz,MatrixMultiplication,TWO_D,3318,3318,3318,16,64,1,41,440.361,47.19,0.004,-1,-1,-1
Intel Xeon CPU E5-2695 v2 @ 2.40GHz,MatrixMultiplication,TWO_D,3318,3318,3318,32,1,1,41,439.231,47.307,0.002,-1,-1,-1
Intel Xeon CPU E5-2695 v2 @ 2.40GHz,MatrixMultiplication,TWO_D,3318,3318,3318,32,2,1,41,439.893,46.956,0.003,-1,-1,-1
Intel Xeon CPU E5-2695 v2 @ 2.40GHz,MatrixMultiplication,TWO_D,3318,3318,3318,32,4,1,41,439.757,47.827,0.003,-1,-1,-1
Intel Xeon CPU E5-2695 v2 @ 2.40GHz,MatrixMultiplication,TWO_D,3318,3318,3318,32,8,1,41,440.875,47.082,0.003,-1,-1,-1
Intel Xeon CPU E5-2695 v2 @ 2.40GHz,MatrixMultiplication,TWO_D,3318,3318,3318,32,16,1,41,438.823,47.788,0.002,-1,-1,-1
Intel Xeon CPU E5-2695 v2 @ 2.40GHz,MatrixMultiplication,TWO_D,3318,3318,3318,32,32,1,41,441.316,46.948,0.003,-1,-1,-1
Intel Xeon CPU E5-2695 v2 @ 2.40GHz,MatrixMultiplication,TWO_D,3318,3318,3318,64,1,1,41,438.516,47.855,0.005,-1,-1,-1
Intel Xeon CPU E5-2695 v2 @ 2.40GHz,MatrixMultiplication,TWO_D,3318,3318,3318,64,2,1,41,440.909,46.85,0.002,-1,-1,-1
Intel Xeon CPU E5-2695 v2 @ 2.40GHz,MatrixMultiplication,TWO_D,3318,3318,3318,64,4,1,41,439.761,47.342,0.003,-1,-1,-1
Intel Xeon CPU E5-2695 v2 @ 2.40GHz,MatrixMultiplication,TWO_D,3318,3318,3318,64,8,1,41,439.582,47.046,0.003,-1,-1,-1
Intel Xeon CPU E5-2695 v2 @ 2.40GHz,MatrixMultiplication,TWO_D,3318,3318,3318,64,16,1,41,442.035,46.991,0.004,-1,-1,-1
Intel Xeon CPU E5-2695 v2 @ 2.40GHz,MatrixMultiplication,TWO_D,3318,3318,3318,128,1,1,41,439.631,46.755,0.003,-1,-1,-1
Intel Xeon CPU E5-2695 v2 @ 2.40GHz,MatrixMultiplication,TWO_D,3318,3318,3318,128,2,1,41,438.466,47.959,0.002,-1,-1,-1
Intel Xeon CPU E5-2695 v2 @ 2.40GHz,MatrixMultiplication,TWO_D,3318,3318,3318,128,4,1,41,447.63,57.089,0.003,-1,-1,-1
Intel Xeon CPU E5-2695 v2 @ 2.40GHz,MatrixMultiplication,TWO_D,3318,3318,3318,128,8,1,41,439.734,54.549,0.003,-1,-1,-1
Intel Xeon CPU E5-2695 v2 @ 2.40GHz,MatrixMultiplication,TWO_D,3318,3318,3318,256,1,1,41,436.549,54.229,0.002,-1,-1,-1
Intel Xeon CPU E5-2695 v2 @ 2.40GHz,MatrixMultiplication,TWO_D,3318,3318,3318,256,2,1,41,438.65,46.119,0.003,-1,-1,-1
Intel Xeon CPU E5-2695 v2 @ 2.40GHz,MatrixMultiplication,TWO_D,3318,3318,3318,256,4,1,41,438.102,47.395,0.003,-1,-1,-1
Intel Xeon CPU E5-2695 v2 @ 2.40GHz,MatrixMultiplication,TWO_D,3318,3318,3318,512,1,1,41,440.259,47.182,0.002,-1,-1,-1
Intel Xeon CPU E5-2695 v2 @ 2.40GHz,MatrixMultiplication,TWO_D,3318,3318,3318,512,2,1,41,439.248,47.835,0.002,-1,-1,-1
Intel Xeon CPU E5-2695 v2 @ 2.40GHz,MatrixMultiplication,TWO_D,3318,3318,3318,1024,1,1,41,439.319,47.532,0.003,-1,-1,-1
Intel Xeon CPU E5-2695 v2 @ 2.40GHz,MatrixMultiplication,TWO_D,3318,3318,3318,1,1,1,41,577.692,50.892,0.003,19202.6,23.092,0.861
Intel Xeon CPU E5-2695 v2 @ 2.40GHz,MatrixMultiplication,TWO_D,3318,3318,3318,1,2,1,41,438.393,46.643,0.003,10224.2,22.825,0.803
Intel Xeon CPU E5-2695 v2 @ 2.40GHz,MatrixMultiplication,TWO_D,3318,3318,3318,1,4,1,41,439.239,45.068,0.005,-1,-1,-1
Intel Xeon CPU E5-2695 v2 @ 2.40GHz,MatrixMultiplication,TWO_D,3318,3318,3318,1,8,1,41,442.712,44.153,0.003,-1,-1,-1
Intel Xeon CPU E5-2695 v2 @ 2.40GHz,MatrixMultiplication,TWO_D,3318,3318,3318,1,16,1,41,442.005,44.962,0.003,-1,-1,-1
Intel Xeon CPU E5-2695 v2 @ 2.40GHz,MatrixMultiplication,TWO_D,3318,3318,3318,1,32,1,41,445.265,48.074,0.004,-1,-1,-1
Intel Xeon CPU E5-2695 v2 @ 2.40GHz,MatrixMultiplication,TWO_D,3318,3318,3318,1,64,1,41,443.852,46.035,0.003,-1,-1,-1
Intel Xeon CPU E5-2695 v2 @ 2.40GHz,MatrixMultiplication,TWO_D,3318,3318,3318,1,128,1,41,440.463,45.868,0.003,-1,-1,-1
Intel Xeon CPU E5-2695 v2 @ 2.40GHz,MatrixMultiplication,TWO_D,3318,3318,3318,1,256,1,41,443.423,45.145,0.005,-1,-1,-1
Intel Xeon CPU E5-2695 v2 @ 2.40GHz,MatrixMultiplication,TWO_D,3318,3318,3318,1,512,1,41,445.838,45.814,0.002,-1,-1,-1
Intel Xeon CPU E5-2695 v2 @ 2.40GHz,MatrixMultiplication,TWO_D,3318,3318,3318,1,1024,1,41,441.544,45.96,0.003,-1,-1,-1
Intel Xeon CPU E5-2695 v2 @ 2.40GHz,MatrixMultiplication,TWO_D,3318,3318,3318,2,1,1,41,442.75,45.814,0.003,8374.15,23.156,0.907
Intel Xeon CPU E5-2695 v2 @ 2.40GHz,MatrixMultiplication,TWO_D,3318,3318,3318,2,2,1,41,437.714,44.679,0.003,6839.69,21.037,0.867
Intel Xeon CPU E5-2695 v2 @ 2.40GHz,MatrixMultiplication,TWO_D,3318,3318,3318,2,4,1,41,438.608,47.65,0.002,-1,-1,-1
Intel Xeon CPU E5-2695 v2 @ 2.40GHz,MatrixMultiplication,TWO_D,3318,3318,3318,2,8,1,41,441.057,46.129,0.004,-1,-1,-1
Intel Xeon CPU E5-2695 v2 @ 2.40GHz,MatrixMultiplication,TWO_D,3318,3318,3318,2,16,1,41,441.772,45.187,0.002,-1,-1,-1
Intel Xeon CPU E5-2695 v2 @ 2.40GHz,MatrixMultiplication,TWO_D,3318,3318,3318,2,32,1,41,440.827,46.067,0.003,-1,-1,-1
Intel Xeon CPU E5-2695 v2 @ 2.40GHz,MatrixMultiplication,TWO_D,3318,3318,3318,2,64,1,41,442.647,45.515,0.002,-1,-1,-1
Intel Xeon CPU E5-2695 v2 @ 2.40GHz,MatrixMultiplication,TWO_D,3318,3318,3318,2,128,1,41,440.592,46.057,0.003,-1,-1,-1
Intel Xeon CPU E5-2695 v2 @ 2.40GHz,MatrixMultiplication,TWO_D,3318,3318,3318,2,256,1,41,441.595,45.251,0.002,-1,-1,-1
Intel Xeon CPU E5-2695 v2 @ 2.40GHz,MatrixMultiplication,TWO_D,3318,3318,3318,2,512,1,41,440.491,45.985,0.003,-1,-1,-1
Intel Xeon CPU E5-2695 v2 @ 2.40GHz,MatrixMultiplication,TWO_D,3318,3318,3318,4,1,1,41,442.068,45.11,0.003,-1,-1,-1
Intel Xeon CPU E5-2695 v2 @ 2.40GHz,MatrixMultiplication,TWO_D,3318,3318,3318,4,2,1,41,440.248,45.664,0.005,-1,-1,-1
Intel Xeon CPU E5-2695 v2 @ 2.40GHz,MatrixMultiplication,TWO_D,3318,3318,3318,4,4,1,41,441.072,45.359,0.003,-1,-1,-1
Intel Xeon CPU E5-2695 v2 @ 2.40GHz,MatrixMultiplication,TWO_D,3318,3318,3318,4,8,1,41,454.45,44.023,0.014,-1,-1,-1
Intel Xeon CPU E5-2695 v2 @ 2.40GHz,MatrixMultiplication,TWO_D,3318,3318,3318,4,16,1,41,441.989,43.799,0.003,-1,-1,-1
Intel Xeon CPU E5-2695 v2 @ 2.40GHz,MatrixMultiplication,TWO_D,3318,3318,3318,4,32,1,41,439.884,45.576,0.004,-1,-1,-1
Intel Xeon CPU E5-2695 v2 @ 2.40GHz,MatrixMultiplication,TWO_D,3318,3318,3318,4,64,1,41,446.557,47.305,0.003,-1,-1,-1
Intel Xeon CPU E5-2695 v2 @ 2.40GHz,MatrixMultiplication,TWO_D,3318,3318,3318,4,128,1,41,443.066,46.169,0.003,-1,-1,-1
Intel Xeon CPU E5-2695 v2 @ 2.40GHz,MatrixMultiplication,TWO_D,3318,3318,3318,4,256,1,41,441.221,45.227,0.003,-1,-1,-1
Intel Xeon CPU E5-2695 v2 @ 2.40GHz,MatrixMultiplication,TWO_D,3318,3318,3318,8,1,1,41,440.83,46.216,0.005,-1,-1,-1
Intel Xeon CPU E5-2695 v2 @ 2.40GHz,MatrixMultiplication,TWO_D,3318,3318,3318,8,2,1,41,440.348,45.798,0.005,-1,-1,-1
Intel Xeon CPU E5-2695 v2 @ 2.40GHz,MatrixMultiplication,TWO_D,3318,3318,3318,8,4,1,41,440.797,45.989,0.005,-1,-1,-1
Intel Xeon CPU E5-2695 v2 @ 2.40GHz,MatrixMultiplication,TWO_D,3318,3318,3318,8,8,1,41,439.759,45.798,0.003,-1,-1,-1
Intel Xeon CPU E5-2695 v2 @ 2.40GHz,MatrixMultiplication,TWO_D,3318,3318,3318,8,16,1,41,440.705,46.161,0.003,-1,-1,-1
Intel Xeon CPU E5-2695 v2 @ 2.40GHz,MatrixMultiplication,TWO_D,3318,3318,3318,8,32,1,41,440.246,45.848,0.003,-1,-1,-1
Intel Xeon CPU E5-2695 v2 @ 2.40GHz,MatrixMultiplication,TWO_D,3318,3318,3318,8,64,1,41,441.525,45.905,0.003,-1,-1,-1
Intel Xeon CPU E5-2695 v2 @ 2.40GHz,MatrixMultiplication,TWO_D,3318,3318,3318,8,128,1,41,440.752,45.976,0.003,-1,-1,-1
Intel Xeon CPU E5-2695 v2 @ 2.40GHz,MatrixMultiplication,TWO_D,3318,3318,3318,16,1,1,41,440.997,46.188,0.005,-1,-1,-1
Intel Xeon CPU E5-2695 v2 @ 2.40GHz,MatrixMultiplication,TWO_D,3318,3318,3318,16,2,1,41,440.364,45.735,0.003,-1,-1,-1
Intel Xeon CPU E5-2695 v2 @ 2.40GHz,MatrixMultiplication,TWO_D,3318,3318,3318,16,4,1,41,441.955,45.759,0.002,-1,-1,-1
Intel Xeon CPU E5-2695 v2 @ 2.40GHz,MatrixMultiplication,TWO_D,3318,3318,3318,16,8,1,41,440.043,45.802,0.003,-1,-1,-1
Intel Xeon CPU E5-2695 v2 @ 2.40GHz,MatrixMultiplication,TWO_D,3318,3318,3318,16,16,1,41,440.895,46.136,0.003,-1,-1,-1
Intel Xeon CPU E5-2695 v2 @ 2.40GHz,MatrixMultiplication,TWO_D,3318,3318,3318,16,32,1,41,440.905,45.259,0.003,-1,-1,-1
Intel Xeon CPU E5-2695 v2 @ 2.40GHz,MatrixMultiplication,TWO_D,3318,3318,3318,16,64,1,41,442.194,45.586,0.003,-1,-1,-1
Intel Xeon CPU E5-2695 v2 @ 2.40GHz,MatrixMultiplication,TWO_D,3318,3318,3318,32,1,1,41,440.644,45.193,0.003,-1,-1,-1
Intel Xeon CPU E5-2695 v2 @ 2.40GHz,MatrixMultiplication,TWO_D,3318,3318,3318,32,2,1,41,441.464,45.012,0.004,-1,-1,-1
Intel Xeon CPU E5-2695 v2 @ 2.40GHz,MatrixMultiplication,TWO_D,3318,3318,3318,32,4,1,41,440.348,45.896,0.004,-1,-1,-1
Intel Xeon CPU E5-2695 v2 @ 2.40GHz,MatrixMultiplication,TWO_D,3318,3318,3318,32,8,1,41,442.51,45.691,0.003,-1,-1,-1
Intel Xeon CPU E5-2695 v2 @ 2.40GHz,MatrixMultiplication,TWO_D,3318,3318,3318,32,16,1,41,439.854,45.89,0.002,-1,-1,-1
Intel Xeon CPU E5-2695 v2 @ 2.40GHz,MatrixMultiplication,TWO_D,3318,3318,3318,32,32,1,41,441.125,46.087,0.002,-1,-1,-1
Intel Xeon CPU E5-2695 v2 @ 2.40GHz,MatrixMultiplication,TWO_D,3318,3318,3318,64,1,1,41,441.369,45.982,0.002,-1,-1,-1
Intel Xeon CPU E5-2695 v2 @ 2.40GHz,MatrixMultiplication,TWO_D,3318,3318,3318,64,2,1,41,440.712,44.784,0.002,-1,-1,-1
Intel Xeon CPU E5-2695 v2 @ 2.40GHz,MatrixMultiplication,TWO_D,3318,3318,3318,64,4,1,41,439.847,46.322,0.003,-1,-1,-1
Intel Xeon CPU E5-2695 v2 @ 2.40GHz,MatrixMultiplication,TWO_D,3318,3318,3318,64,8,1,41,440.915,45.843,0.003,-1,-1,-1
Intel Xeon CPU E5-2695 v2 @ 2.40GHz,MatrixMultiplication,TWO_D,3318,3318,3318,64,16,1,41,440.89,46.484,0.003,-1,-1,-1
Intel Xeon CPU E5-2695 v2 @ 2.40GHz,MatrixMultiplication,TWO_D,3318,3318,3318,128,1,1,41,440.91,45.223,0.003,-1,-1,-1
Intel Xeon CPU E5-2695 v2 @ 2.40GHz,MatrixMultiplication,TWO_D,3318,3318,3318,128,2,1,41,440.414,45.805,0.006,-1,-1,-1
Intel Xeon CPU E5-2695 v2 @ 2.40GHz,MatrixMultiplication,TWO_D,3318,3318,3318,128,4,1,41,439.96,45.76,0.003,-1,-1,-1
Intel Xeon CPU E5-2695 v2 @ 2.40GHz,MatrixMultiplication,TWO_D,3318,3318,3318,128,8,1,41,442.713,45.68,0.003,-1,-1,-1
Intel Xeon CPU E5-2695 v2 @ 2.40GHz,MatrixMultiplication,TWO_D,3318,3318,3318,256,1,1,41,440.423,45.274,0.003,-1,-1,-1
Intel Xeon CPU E5-2695 v2 @ 2.40GHz,MatrixMultiplication,TWO_D,3318,3318,3318,256,2,1,41,440.831,46.184,0.003,-1,-1,-1
Intel Xeon CPU E5-2695 v2 @ 2.40GHz,MatrixMultiplication,TWO_D,3318,3318,3318,256,4,1,41,440.939,45.869,0.003,-1,-1,-1
Intel Xeon CPU E5-2695 v2 @ 2.40GHz,MatrixMultiplication,TWO_D,3318,3318,3318,512,1,1,41,441.525,45.826,0.003,-1,-1,-1
Intel Xeon CPU E5-2695 v2 @ 2.40GHz,MatrixMultiplication,TWO_D,3318,3318,3318,512,2,1,41,439.956,46.162,0.005,-1,-1,-1
Intel Xeon CPU E5-2695 v2 @ 2.40GHz,MatrixMultiplication,TWO_D,3318,3318,3318,1024,1,1,41,441.394,45.651,0.003,-1,-1,-1
Intel Xeon CPU E5-2695 v2 @ 2.40GHz,MatrixMultiplication,TWO_D,3318,3318,3318,1,1,1,41,571.917,52.317,0.006,15542.1,22.041,1.035
Intel Xeon CPU E5-2695 v2 @ 2.40GHz,MatrixMultiplication,TWO_D,3318,3318,3318,1,2,1,41,434.699,42.861,0.004,9561.8,22.775,1.044
Intel Xeon CPU E5-2695 v2 @ 2.40GHz,MatrixMultiplication,TWO_D,3318,3318,3318,1,4,1,41,434.447,48.695,0.005,-1,-1,-1
Intel Xeon CPU E5-2695 v2 @ 2.40GHz,MatrixMultiplication,TWO_D,3318,3318,3318,1,8,1,41,439.939,47.693,0.004,-1,-1,-1
Intel Xeon CPU E5-2695 v2 @ 2.40GHz,MatrixMultiplication,TWO_D,3318,3318,3318,1,16,1,41,439.347,47.431,0.004,-1,-1,-1
Intel Xeon CPU E5-2695 v2 @ 2.40GHz,MatrixMultiplication,TWO_D,3318,3318,3318,1,32,1,41,439.676,47.584,0.005,-1,-1,-1
Intel Xeon CPU E5-2695 v2 @ 2.40GHz,MatrixMultiplication,TWO_D,3318,3318,3318,1,64,1,41,440.158,47.664,0.005,-1,-1,-1
Intel Xeon CPU E5-2695 v2 @ 2.40GHz,MatrixMultiplication,TWO_D,3318,3318,3318,1,128,1,41,443.202,46.746,0.005,-1,-1,-1
Intel Xeon CPU E5-2695 v2 @ 2.40GHz,MatrixMultiplication,TWO_D,3318,3318,3318,1,256,1,41,442.579,45.001,0.005,-1,-1,-1
Intel Xeon CPU E5-2695 v2 @ 2.40GHz,MatrixMultiplication,TWO_D,3318,3318,3318,1,512,1,41,439.37,46.435,0.004,-1,-1,-1
Intel Xeon CPU E5-2695 v2 @ 2.40GHz,MatrixMultiplication,TWO_D,3318,3318,3318,1,1024,1,41,441.663,46.276,0.005,-1,-1,-1
Intel Xeon CPU E5-2695 v2 @ 2.40GHz,MatrixMultiplication,TWO_D,3318,3318,3318,2,1,1,41,442.065,45.476,0.004,7251.59,21.815,1.071
Intel Xeon CPU E5-2695 v2 @ 2.40GHz,MatrixMultiplication,TWO_D,3318,3318,3318,2,2,1,41,430.469,44.818,0.004,5350.51,21.77,1.086
Intel Xeon CPU E5-2695 v2 @ 2.40GHz,MatrixMultiplication,TWO_D,3318,3318,3318,2,4,1,41,435.523,42.889,0.004,-1,-1,-1
Intel Xeon CPU E5-2695 v2 @ 2.40GHz,MatrixMultiplication,TWO_D,3318,3318,3318,2,8,1,41,438.969,45.252,0.005,-1,-1,-1
Intel Xeon CPU E5-2695 v2 @ 2.40GHz,MatrixMultiplication,TWO_D,3318,3318,3318,2,16,1,41,433.716,44.706,0.004,-1,-1,-1
Intel Xeon CPU E5-2695 v2 @ 2.40GHz,MatrixMultiplication,TWO_D,3318,3318,3318,2,32,1,41,434.67,43.89,0.005,-1,-1,-1
Intel Xeon CPU E5-2695 v2 @ 2.40GHz,MatrixMultiplication,TWO_D,3318,3318,3318,2,64,1,41,438.8,46.884,0.004,-1,-1,-1
Intel Xeon CPU E5-2695 v2 @ 2.40GHz,MatrixMultiplication,TWO_D,3318,3318,3318,2,128,1,41,436.191,44.429,0.005,-1,-1,-1
Intel Xeon CPU E5-2695 v2 @ 2.40GHz,MatrixMultiplication,TWO_D,3318,3318,3318,2,256,1,41,439.397,46.668,0.004,-1,-1,-1
Intel Xeon CPU E5-2695 v2 @ 2.40GHz,MatrixMultiplication,TWO_D,3318,3318,3318,2,512,1,41,436.378,43.965,0.004,-1,-1,-1
Intel Xeon CPU E5-2695 v2 @ 2.40GHz,MatrixMultiplication,TWO_D,3318,3318,3318,4,1,1,41,441.063,45.479,0.004,-1,-1,-1
Intel Xeon CPU E5-2695 v2 @ 2.40GHz,MatrixMultiplication,TWO_D,3318,3318,3318,4,2,1,41,436.615,42.894,0.004,-1,-1,-1
Intel Xeon CPU E5-2695 v2 @ 2.40GHz,MatrixMultiplication,TWO_D,3318,3318,3318,4,4,1,41,445.177,47.722,0.005,-1,-1,-1
Intel Xeon CPU E5-2695 v2 @ 2.40GHz,MatrixMultiplication,TWO_D,3318,3318,3318,4,8,1,41,435.745,44.011,0.004,-1,-1,-1
Intel Xeon CPU E5-2695 v2 @ 2.40GHz,MatrixMultiplication,TWO_D,3318,3318,3318,4,16,1,41,440.067,46.102,0.005,-1,-1,-1
Intel Xeon CPU E5-2695 v2 @ 2.40GHz,MatrixMultiplication,TWO_D,3318,3318,3318,4,32,1,41,435.392,43.316,0.004,-1,-1,-1
Intel Xeon CPU E5-2695 v2 @ 2.40GHz,MatrixMultiplication,TWO_D,3318,3318,3318,4,64,1,41,439.952,45.537,0.005,-1,-1,-1
Intel Xeon CPU E5-2695 v2 @ 2.40GHz,MatrixMultiplication,TWO_D,3318,3318,3318,4,128,1,41,434.933,44.467,0.005,-1,-1,-1
Intel Xeon CPU E5-2695 v2 @ 2.40GHz,MatrixMultiplication,TWO_D,3318,3318,3318,4,256,1,41,440.434,46.149,0.005,-1,-1,-1
Intel Xeon CPU E5-2695 v2 @ 2.40GHz,MatrixMultiplication,TWO_D,3318,3318,3318,8,1,1,41,440.691,46.042,0.005,-1,-1,-1
Intel Xeon CPU E5-2695 v2 @ 2.40GHz,MatrixMultiplication,TWO_D,3318,3318,3318,8,2,1,41,436.322,43.552,0.004,-1,-1,-1
Intel Xeon CPU E5-2695 v2 @ 2.40GHz,MatrixMultiplication,TWO_D,3318,3318,3318,8,4,1,41,440.014,45.652,0.004,-1,-1,-1
Intel Xeon CPU E5-2695 v2 @ 2.40GHz,MatrixMultiplication,TWO_D,3318,3318,3318,8,8,1,41,442.385,44.671,0.005,-1,-1,-1
Intel Xeon CPU E5-2695 v2 @ 2.40GHz,MatrixMultiplication,TWO_D,3318,3318,3318,8,16,1,41,441.414,44.988,0.005,-1,-1,-1
Intel Xeon CPU E5-2695 v2 @ 2.40GHz,MatrixMultiplication,TWO_D,3318,3318,3318,8,32,1,41,436.377,43.316,0.004,-1,-1,-1
Intel Xeon CPU E5-2695 v2 @ 2.40GHz,MatrixMultiplication,TWO_D,3318,3318,3318,8,64,1,41,440.256,45.628,0.005,-1,-1,-1
Intel Xeon CPU E5-2695 v2 @ 2.40GHz,MatrixMultiplication,TWO_D,3318,3318,3318,8,128,1,41,442.648,45.365,0.004,-1,-1,-1
Intel Xeon CPU E5-2695 v2 @ 2.40GHz,MatrixMultiplication,TWO_D,3318,3318,3318,16,1,1,41,441.224,45.577,0.004,-1,-1,-1
Intel Xeon CPU E5-2695 v2 @ 2.40GHz,MatrixMultiplication,TWO_D,3318,3318,3318,16,2,1,41,436.135,43.442,0.005,-1,-1,-1
Intel Xeon CPU E5-2695 v2 @ 2.40GHz,MatrixMultiplication,TWO_D,3318,3318,3318,16,4,1,41,440.687,45.037,0.005,-1,-1,-1
Intel Xeon CPU E5-2695 v2 @ 2.40GHz,MatrixMultiplication,TWO_D,3318,3318,3318,16,8,1,41,442.71,45.306,0.004,-1,-1,-1
Intel Xeon CPU E5-2695 v2 @ 2.40GHz,MatrixMultiplication,TWO_D,3318,3318,3318,16,16,1,41,441.981,45.697,0.005,-1,-1,-1
Intel Xeon CPU E5-2695 v2 @ 2.40GHz,MatrixMultiplication,TWO_D,3318,3318,3318,16,32,1,41,436.132,43.45,0.005,-1,-1,-1
Intel Xeon CPU E5-2695 v2 @ 2.40GHz,MatrixMultiplication,TWO_D,3318,3318,3318,16,64,1,41,439.431,45.405,0.004,-1,-1,-1
Intel Xeon CPU E5-2695 v2 @ 2.40GHz,MatrixMultiplication,TWO_D,3318,3318,3318,32,1,1,41,437.352,42.949,0.005,-1,-1,-1
Intel Xeon CPU E5-2695 v2 @ 2.40GHz,MatrixMultiplication,TWO_D,3318,3318,3318,32,2,1,41,440.179,44.984,0.005,-1,-1,-1
Intel Xeon CPU E5-2695 v2 @ 2.40GHz,MatrixMultiplication,TWO_D,3318,3318,3318,32,4,1,41,436.281,43.441,0.004,-1,-1,-1
Intel Xeon CPU E5-2695 v2 @ 2.40GHz,MatrixMultiplication,TWO_D,3318,3318,3318,32,8,1,41,439.58,45.361,0.004,-1,-1,-1
Intel Xeon CPU E5-2695 v2 @ 2.40GHz,MatrixMultiplication,TWO_D,3318,3318,3318,32,16,1,41,437.65,42.759,0.004,-1,-1,-1
Intel Xeon CPU E5-2695 v2 @ 2.40GHz,MatrixMultiplication,TWO_D,3318,3318,3318,32,32,1,41,439.886,45.539,0.004,-1,-1,-1
Intel Xeon CPU E5-2695 v2 @ 2.40GHz,MatrixMultiplication,TWO_D,3318,3318,3318,64,1,1,41,442.871,45.529,0.004,-1,-1,-1
Intel Xeon CPU E5-2695 v2 @ 2.40GHz,MatrixMultiplication,TWO_D,3318,3318,3318,64,2,1,41,441.568,46.843,0.005,-1,-1,-1
Intel Xeon CPU E5-2695 v2 @ 2.40GHz,MatrixMultiplication,TWO_D,3318,3318,3318,64,4,1,41,442.269,45.525,0.004,-1,-1,-1
Intel Xeon CPU E5-2695 v2 @ 2.40GHz,MatrixMultiplication,TWO_D,3318,3318,3318,64,8,1,41,436.129,44.107,0.005,-1,-1,-1
Intel Xeon CPU E5-2695 v2 @ 2.40GHz,MatrixMultiplication,TWO_D,3318,3318,3318,64,16,1,41,440.822,45.752,0.004,-1,-1,-1
Intel Xeon CPU E5-2695 v2 @ 2.40GHz,MatrixMultiplication,TWO_D,3318,3318,3318,128,1,1,41,442.215,45.82,0.005,-1,-1,-1
Intel Xeon CPU E5-2695 v2 @ 2.40GHz,MatrixMultiplication,TWO_D,3318,3318,3318,128,2,1,41,441.573,45.478,0.005,-1,-1,-1
Intel Xeon CPU E5-2695 v2 @ 2.40GHz,MatrixMultiplication,TWO_D,3318,3318,3318,128,4,1,41,444.532,44.541,0.005,-1,-1,-1
Intel Xeon CPU E5-2695 v2 @ 2.40GHz,MatrixMultiplication,TWO_D,3318,3318,3318,128,8,1,41,441.011,45.519,0.005,-1,-1,-1
Intel Xeon CPU E5-2695 v2 @ 2.40GHz,MatrixMultiplication,TWO_D,3318,3318,3318,256,1,1,41,442.579,45.609,0.005,-1,-1,-1
Intel Xeon CPU E5-2695 v2 @ 2.40GHz,MatrixMultiplication,TWO_D,3318,3318,3318,256,2,1,41,449.456,46.799,0.004,-1,-1,-1
Intel Xeon CPU E5-2695 v2 @ 2.40GHz,MatrixMultiplication,TWO_D,3318,3318,3318,256,4,1,41,436.773,43.908,0.005,-1,-1,-1
Intel Xeon CPU E5-2695 v2 @ 2.40GHz,MatrixMultiplication,TWO_D,3318,3318,3318,512,1,1,41,440.833,45.408,0.005,-1,-1,-1
Intel Xeon CPU E5-2695 v2 @ 2.40GHz,MatrixMultiplication,TWO_D,3318,3318,3318,512,2,1,41,442.552,45.501,0.005,-1,-1,-1
Intel Xeon CPU E5-2695 v2 @ 2.40GHz,MatrixMultiplication,TWO_D,3318,3318,3318,1024,1,1,41,442.159,45.503,0.004,-1,-1,-1
Intel Xeon CPU E5-2695 v2 @ 2.40GHz,MatrixMultiplication,TWO_D,3318,3318,3318,1,1,1,41,574.071,53.862,0.004,18963.5,22.731,1.004
Intel Xeon CPU E5-2695 v2 @ 2.40GHz,MatrixMultiplication,TWO_D,3318,3318,3318,1,2,1,41,434.365,48.653,0.003,9118.64,22.619,0.867
Intel Xeon CPU E5-2695 v2 @ 2.40GHz,MatrixMultiplication,TWO_D,3318,3318,3318,1,4,1,41,434.053,45.107,0.002,-1,-1,-1
Intel Xeon CPU E5-2695 v2 @ 2.40GHz,MatrixMultiplication,TWO_D,3318,3318,3318,1,8,1,41,439.491,47.224,0.003,-1,-1,-1
Intel Xeon CPU E5-2695 v2 @ 2.40GHz,MatrixMultiplication,TWO_D,3318,3318,3318,1,16,1,41,451.024,46.061,0.002,-1,-1,-1
Intel Xeon CPU E5-2695 v2 @ 2.40GHz,MatrixMultiplication,TWO_D,3318,3318,3318,1,32,1,41,452.512,45.178,0.002,-1,-1,-1
Intel Xeon CPU E5-2695 v2 @ 2.40GHz,MatrixMultiplication,TWO_D,3318,3318,3318,1,64,1,41,451.359,46.138,0.002,-1,-1,-1
Intel Xeon CPU E5-2695 v2 @ 2.40GHz,MatrixMultiplication,TWO_D,3318,3318,3318,1,128,1,41,440.551,46.802,0.002,-1,-1,-1
Intel Xeon CPU E5-2695 v2 @ 2.40GHz,MatrixMultiplication,TWO_D,3318,3318,3318,1,256,1,41,438.232,47.623,0.003,-1,-1,-1
Intel Xeon CPU E5-2695 v2 @ 2.40GHz,MatrixMultiplication,TWO_D,3318,3318,3318,1,512,1,41,434.71,45.467,0.004,-1,-1,-1
Intel Xeon CPU E5-2695 v2 @ 2.40GHz,MatrixMultiplication,TWO_D,3318,3318,3318,1,1024,1,41,437.425,47.695,0.003,-1,-1,-1
Intel Xeon CPU E5-2695 v2 @ 2.40GHz,MatrixMultiplication,TWO_D,3318,3318,3318,2,1,1,41,439.362,47.686,0.003,7910.65,22.209,1.052
Intel Xeon CPU E5-2695 v2 @ 2.40GHz,MatrixMultiplication,TWO_D,3318,3318,3318,2,2,1,41,433.546,44.141,0.002,5735.2,22.372,1.065
Intel Xeon CPU E5-2695 v2 @ 2.40GHz,MatrixMultiplication,TWO_D,3318,3318,3318,2,4,1,41,433.425,46.323,0.003,-1,-1,-1
Intel Xeon CPU E5-2695 v2 @ 2.40GHz,MatrixMultiplication,TWO_D,3318,3318,3318,2,8,1,41,433.063,46.179,0.003,-1,-1,-1
Intel Xeon CPU E5-2695 v2 @ 2.40GHz,MatrixMultiplication,TWO_D,3318,3318,3318,2,16,1,41,439.006,47.166,0.003,-1,-1,-1
Intel Xeon CPU E5-2695 v2 @ 2.40GHz,MatrixMultiplication,TWO_D,3318,3318,3318,2,32,1,41,438.948,48.154,0.003,-1,-1,-1
Intel Xeon CPU E5-2695 v2 @ 2.40GHz,MatrixMultiplication,TWO_D,3318,3318,3318,2,64,1,41,433.67,45.445,0.002,-1,-1,-1
Intel Xeon CPU E5-2695 v2 @ 2.40GHz,MatrixMultiplication,TWO_D,3318,3318,3318,2,128,1,41,438.769,47.562,0.002,-1,-1,-1
Intel Xeon CPU E5-2695 v2 @ 2.40GHz,MatrixMultiplication,TWO_D,3318,3318,3318,2,256,1,41,439.621,47.499,0.002,-1,-1,-1
Intel Xeon CPU E5-2695 v2 @ 2.40GHz,MatrixMultiplication,TWO_D,3318,3318,3318,2,512,1,41,438.588,48.297,0.003,-1,-1,-1
Intel Xeon CPU E5-2695 v2 @ 2.40GHz,MatrixMultiplication,TWO_D,3318,3318,3318,4,1,1,41,433.65,45.367,0.002,-1,-1,-1
Intel Xeon CPU E5-2695 v2 @ 2.40GHz,MatrixMultiplication,TWO_D,3318,3318,3318,4,2,1,41,438.765,47.697,0.002,-1,-1,-1
Intel Xeon CPU E5-2695 v2 @ 2.40GHz,MatrixMultiplication,TWO_D,3318,3318,3318,4,4,1,41,434.594,45.045,0.003,-1,-1,-1
Intel Xeon CPU E5-2695 v2 @ 2.40GHz,MatrixMultiplication,TWO_D,3318,3318,3318,4,8,1,41,438.264,47.26,0.003,-1,-1,-1
Intel Xeon CPU E5-2695 v2 @ 2.40GHz,MatrixMultiplication,TWO_D,3318,3318,3318,4,16,1,41,438.92,47.435,0.003,-1,-1,-1
Intel Xeon CPU E5-2695 v2 @ 2.40GHz,MatrixMultiplication,TWO_D,3318,3318,3318,4,32,1,41,433.094,46.163,0.002,-1,-1,-1
Intel Xeon CPU E5-2695 v2 @ 2.40GHz,MatrixMultiplication,TWO_D,3318,3318,3318,4,64,1,41,439.507,47.186,0.002,-1,-1,-1
Intel Xeon CPU E5-2695 v2 @ 2.40GHz,MatrixMultiplication,TWO_D,3318,3318,3318,4,128,1,41,438.578,47.637,0.003,-1,-1,-1
Intel Xeon CPU E5-2695 v2 @ 2.40GHz,MatrixMultiplication,TWO_D,3318,3318,3318,4,256,1,41,434.074,53.405,0.002,-1,-1,-1
Intel Xeon CPU E5-2695 v2 @ 2.40GHz,MatrixMultiplication,TWO_D,3318,3318,3318,8,1,1,41,436.917,53.734,0.003,-1,-1,-1
Intel Xeon CPU E5-2695 v2 @ 2.40GHz,MatrixMultiplication,TWO_D,3318,3318,3318,8,2,1,41,436.934,54.287,0.003,-1,-1,-1
Intel Xeon CPU E5-2695 v2 @ 2.40GHz,MatrixMultiplication,TWO_D,3318,3318,3318,8,4,1,41,442.272,55.963,0.002,-1,-1,-1
Intel Xeon CPU E5-2695 v2 @ 2.40GHz,MatrixMultiplication,TWO_D,3318,3318,3318,8,8,1,41,437.885,54.153,0.003,-1,-1,-1
Intel Xeon CPU E5-2695 v2 @ 2.40GHz,MatrixMultiplication,TWO_D,3318,3318,3318,8,16,1,41,437.223,54.513,0.004,-1,-1,-1
Intel Xeon CPU E5-2695 v2 @ 2.40GHz,MatrixMultiplication,TWO_D,3318,3318,3318,8,32,1,41,436.036,53.681,0.003,-1,-1,-1
Intel Xeon CPU E5-2695 v2 @ 2.40GHz,MatrixMultiplication,TWO_D,3318,3318,3318,8,64,1,41,437.579,54.903,0.004,-1,-1,-1
Intel Xeon CPU E5-2695 v2 @ 2.40GHz,MatrixMultiplication,TWO_D,3318,3318,3318,8,128,1,41,436.076,54.171,0.003,-1,-1,-1
Intel Xeon CPU E5-2695 v2 @ 2.40GHz,MatrixMultiplication,TWO_D,3318,3318,3318,16,1,1,41,437.535,54.34,0.003,-1,-1,-1
Intel Xeon CPU E5-2695 v2 @ 2.40GHz,MatrixMultiplication,TWO_D,3318,3318,3318,16,2,1,41,442.143,55.347,0.003,-1,-1,-1
Intel Xeon CPU E5-2695 v2 @ 2.40GHz,MatrixMultiplication,TWO_D,3318,3318,3318,16,4,1,41,437.898,54.909,0.002,-1,-1,-1
Intel Xeon CPU E5-2695 v2 @ 2.40GHz,MatrixMultiplication,TWO_D,3318,3318,3318,16,8,1,41,437.332,53.757,0.003,-1,-1,-1
Intel Xeon CPU E5-2695 v2 @ 2.40GHz,MatrixMultiplication,TWO_D,3318,3318,3318,16,16,1,41,437.128,54.319,0.003,-1,-1,-1
Intel Xeon CPU E5-2695 v2 @ 2.40GHz,MatrixMultiplication,TWO_D,3318,3318,3318,16,32,1,41,436.048,54.103,0.005,-1,-1,-1
Intel Xeon CPU E5-2695 v2 @ 2.40GHz,MatrixMultiplication,TWO_D,3318,3318,3318,16,64,1,41,435.711,46.767,0.002,-1,-1,-1
Intel Xeon CPU E5-2695 v2 @ 2.40GHz,MatrixMultiplication,TWO_D,3318,3318,3318,32,1,1,41,439.467,46.922,0.004,-1,-1,-1
Intel Xeon CPU E5-2695 v2 @ 2.40GHz,MatrixMultiplication,TWO_D,3318,3318,3318,32,2,1,41,440.108,47.542,0.005,-1,-1,-1
Intel Xeon CPU E5-2695 v2 @ 2.40GHz,MatrixMultiplication,TWO_D,3318,3318,3318,32,4,1,41,438.871,47.346,0.002,-1,-1,-1
Intel Xeon CPU E5-2695 v2 @ 2.40GHz,MatrixMultiplication,TWO_D,3318,3318,3318,32,8,1,41,433.623,45.753,0.003,-1,-1,-1
Intel Xeon CPU E5-2695 v2 @ 2.40GHz,MatrixMultiplication,TWO_D,3318,3318,3318,32,16,1,41,437.678,47.396,0.002,-1,-1,-1
Intel Xeon CPU E5-2695 v2 @ 2.40GHz,MatrixMultiplication,TWO_D,3318,3318,3318,32,32,1,41,433.929,45.998,0.003,-1,-1,-1
Intel Xeon CPU E5-2695 v2 @ 2.40GHz,MatrixMultiplication,TWO_D,3318,3318,3318,64,1,1,41,437.867,47.505,0.002,-1,-1,-1
Intel Xeon CPU E5-2695 v2 @ 2.40GHz,MatrixMultiplication,TWO_D,3318,3318,3318,64,2,1,41,433.633,45.662,0.002,-1,-1,-1
Intel Xeon CPU E5-2695 v2 @ 2.40GHz,MatrixMultiplication,TWO_D,3318,3318,3318,64,4,1,41,438.739,47.356,0.003,-1,-1,-1
Intel Xeon CPU E5-2695 v2 @ 2.40GHz,MatrixMultiplication,TWO_D,3318,3318,3318,64,8,1,41,438.058,47.787,0.003,-1,-1,-1
Intel Xeon CPU E5-2695 v2 @ 2.40GHz,MatrixMultiplication,TWO_D,3318,3318,3318,64,16,1,41,438.23,48.028,0.004,-1,-1,-1
Intel Xeon CPU E5-2695 v2 @ 2.40GHz,MatrixMultiplication,TWO_D,3318,3318,3318,128,1,1,41,433.431,45.705,0.002,-1,-1,-1
Intel Xeon CPU E5-2695 v2 @ 2.40GHz,MatrixMultiplication,TWO_D,3318,3318,3318,128,2,1,41,438.114,47.435,0.003,-1,-1,-1
Intel Xeon CPU E5-2695 v2 @ 2.40GHz,MatrixMultiplication,TWO_D,3318,3318,3318,128,4,1,41,438.728,47.695,0.003,-1,-1,-1
Intel Xeon CPU E5-2695 v2 @ 2.40GHz,MatrixMultiplication,TWO_D,3318,3318,3318,128,8,1,41,434.398,45.07,0.002,-1,-1,-1
Intel Xeon CPU E5-2695 v2 @ 2.40GHz,MatrixMultiplication,TWO_D,3318,3318,3318,256,1,1,41,437.71,47.689,0.002,-1,-1,-1
Intel Xeon CPU E5-2695 v2 @ 2.40GHz,MatrixMultiplication,TWO_D,3318,3318,3318,256,2,1,41,434.31,45.107,0.002,-1,-1,-1
Intel Xeon CPU E5-2695 v2 @ 2.40GHz,MatrixMultiplication,TWO_D,3318,3318,3318,256,4,1,41,438.218,47.626,0.002,-1,-1,-1
Intel Xeon CPU E5-2695 v2 @ 2.40GHz,MatrixMultiplication,TWO_D,3318,3318,3318,512,1,1,41,438.637,47.419,0.002,-1,-1,-1
Intel Xeon CPU E5-2695 v2 @ 2.40GHz,MatrixMultiplication,TWO_D,3318,3318,3318,512,2,1,41,433.493,46.116,0.002,-1,-1,-1
Intel Xeon CPU E5-2695 v2 @ 2.40GHz,MatrixMultiplication,TWO_D,3318,3318,3318,1024,1,1,41,435.972,44.118,0.002,-1,-1,-1
