device/C,kernel/C,workDimension/C,N/F,P/F,M/F,xLocal/I,yLocal/I,zLocal/I,MB/F,init/F,memoryCopyOut/F,plan/F,execute/F,memoryCopyIn/F,cleanUp/F
Intel Xeon CPU E5-2695 v2 @ 2.40GHz,MatrixMultiplication,TWO_D,2508,2508,2508,1,1,1,23,328.581,30.735,0.004,1679.24,12.989,0.233
Intel Xeon CPU E5-2695 v2 @ 2.40GHz,MatrixMultiplication,TWO_D,2508,2508,2508,1,2,1,23,250.443,27.483,0.005,1667.42,16.674,0.286
Intel Xeon CPU E5-2695 v2 @ 2.40GHz,MatrixMultiplication,TWO_D,2508,2508,2508,1,4,1,23,250.315,28.997,0.004,1591.49,16.645,0.288
Intel Xeon CPU E5-2695 v2 @ 2.40GHz,MatrixMultiplication,TWO_D,2508,2508,2508,1,8,1,23,250.494,27.435,0.004,-1,-1,-1
Intel Xeon CPU E5-2695 v2 @ 2.40GHz,MatrixMultiplication,TWO_D,2508,2508,2508,1,16,1,23,255.809,25.874,0.005,-1,-1,-1
Intel Xeon CPU E5-2695 v2 @ 2.40GHz,MatrixMultiplication,TWO_D,2508,2508,2508,1,32,1,23,255.823,26.085,0.005,-1,-1,-1
Intel Xeon CPU E5-2695 v2 @ 2.40GHz,MatrixMultiplication,TWO_D,2508,2508,2508,1,64,1,23,256.497,26.232,0.003,-1,-1,-1
Intel Xeon CPU E5-2695 v2 @ 2.40GHz,MatrixMultiplication,TWO_D,2508,2508,2508,1,128,1,23,253.73,25.798,0.003,-1,-1,-1
Intel Xeon CPU E5-2695 v2 @ 2.40GHz,MatrixMultiplication,TWO_D,2508,2508,2508,1,256,1,23,253.906,27.556,0.004,-1,-1,-1
Intel Xeon CPU E5-2695 v2 @ 2.40GHz,MatrixMultiplication,TWO_D,2508,2508,2508,1,512,1,23,253.84,25.605,0.004,-1,-1,-1
Intel Xeon CPU E5-2695 v2 @ 2.40GHz,MatrixMultiplication,TWO_D,2508,2508,2508,1,1024,1,23,255.624,26.104,0.004,-1,-1,-1
Intel Xeon CPU E5-2695 v2 @ 2.40GHz,MatrixMultiplication,TWO_D,2508,2508,2508,2,1,1,23,256.673,26.243,0.004,1267.34,16.643,0.269
Intel Xeon CPU E5-2695 v2 @ 2.40GHz,MatrixMultiplication,TWO_D,2508,2508,2508,2,2,1,23,250.68,27.368,0.004,1445.25,16.705,0.273
Intel Xeon CPU E5-2695 v2 @ 2.40GHz,MatrixMultiplication,TWO_D,2508,2508,2508,2,4,1,23,250.688,26.981,0.003,1436.22,13.386,0.223
Intel Xeon CPU E5-2695 v2 @ 2.40GHz,MatrixMultiplication,TWO_D,2508,2508,2508,2,8,1,23,251.638,27.44,0.004,-1,-1,-1
Intel Xeon CPU E5-2695 v2 @ 2.40GHz,MatrixMultiplication,TWO_D,2508,2508,2508,2,16,1,23,255.952,25.989,0.004,-1,-1,-1
Intel Xeon CPU E5-2695 v2 @ 2.40GHz,MatrixMultiplication,TWO_D,2508,2508,2508,2,32,1,23,250.545,27.531,0.003,-1,-1,-1
Intel Xeon CPU E5-2695 v2 @ 2.40GHz,MatrixMultiplication,TWO_D,2508,2508,2508,2,64,1,23,254.321,25.593,0.004,-1,-1,-1
Intel Xeon CPU E5-2695 v2 @ 2.40GHz,MatrixMultiplication,TWO_D,2508,2508,2508,2,128,1,23,255.772,25.966,0.004,-1,-1,-1
Intel Xeon CPU E5-2695 v2 @ 2.40GHz,MatrixMultiplication,TWO_D,2508,2508,2508,2,256,1,23,256.543,26.012,0.004,-1,-1,-1
Intel Xeon CPU E5-2695 v2 @ 2.40GHz,MatrixMultiplication,TWO_D,2508,2508,2508,2,512,1,23,251.269,27.482,0.004,-1,-1,-1
Intel Xeon CPU E5-2695 v2 @ 2.40GHz,MatrixMultiplication,TWO_D,2508,2508,2508,4,1,1,23,254.124,27.581,0.003,1674.53,14.355,0.275
Intel Xeon CPU E5-2695 v2 @ 2.40GHz,MatrixMultiplication,TWO_D,2508,2508,2508,4,2,1,23,251.483,27.377,0.004,1370.44,12.667,0.234
Intel Xeon CPU E5-2695 v2 @ 2.40GHz,MatrixMultiplication,TWO_D,2508,2508,2508,4,4,1,23,250.302,27.09,0.003,1722.14,12.721,0.23
Intel Xeon CPU E5-2695 v2 @ 2.40GHz,MatrixMultiplication,TWO_D,2508,2508,2508,4,8,1,23,251.446,28.629,0.003,-1,-1,-1
Intel Xeon CPU E5-2695 v2 @ 2.40GHz,MatrixMultiplication,TWO_D,2508,2508,2508,4,16,1,23,258.359,26.037,0.004,-1,-1,-1
Intel Xeon CPU E5-2695 v2 @ 2.40GHz,MatrixMultiplication,TWO_D,2508,2508,2508,4,32,1,23,251.244,27.175,0.004,-1,-1,-1
Intel Xeon CPU E5-2695 v2 @ 2.40GHz,MatrixMultiplication,TWO_D,2508,2508,2508,4,64,1,23,253.518,25.636,0.004,-1,-1,-1
Intel Xeon CPU E5-2695 v2 @ 2.40GHz,MatrixMultiplication,TWO_D,2508,2508,2508,4,128,1,23,256.581,25.876,0.005,-1,-1,-1
Intel Xeon CPU E5-2695 v2 @ 2.40GHz,MatrixMultiplication,TWO_D,2508,2508,2508,4,256,1,23,256.632,25.878,0.003,-1,-1,-1
Intel Xeon CPU E5-2695 v2 @ 2.40GHz,MatrixMultiplication,TWO_D,2508,2508,2508,8,1,1,23,251.128,27.195,0.004,-1,-1,-1
Intel Xeon CPU E5-2695 v2 @ 2.40GHz,MatrixMultiplication,TWO_D,2508,2508,2508,8,2,1,23,254.852,27.71,0.004,-1,-1,-1
Intel Xeon CPU E5-2695 v2 @ 2.40GHz,MatrixMultiplication,TWO_D,2508,2508,2508,8,4,1,23,254.225,25.653,0.004,-1,-1,-1
Intel Xeon CPU E5-2695 v2 @ 2.40GHz,MatrixMultiplication,TWO_D,2508,2508,2508,8,8,1,23,255.882,25.836,0.003,-1,-1,-1
Intel Xeon CPU E5-2695 v2 @ 2.40GHz,MatrixMultiplication,TWO_D,2508,2508,2508,8,16,1,23,251.535,27.177,0.003,-1,-1,-1
Intel Xeon CPU E5-2695 v2 @ 2.40GHz,MatrixMultiplication,TWO_D,2508,2508,2508,8,32,1,23,257.386,27.495,0.004,-1,-1,-1
Intel Xeon CPU E5-2695 v2 @ 2.40GHz,MatrixMultiplication,TWO_D,2508,2508,2508,8,64,1,23,256.431,27.112,0.004,-1,-1,-1
Intel Xeon CPU E5-2695 v2 @ 2.40GHz,MatrixMultiplication,TWO_D,2508,2508,2508,8,128,1,23,254.938,27.073,0.004,-1,-1,-1
Intel Xeon CPU E5-2695 v2 @ 2.40GHz,MatrixMultiplication,TWO_D,2508,2508,2508,16,1,1,23,256.272,26.828,0.004,-1,-1,-1
Intel Xeon CPU E5-2695 v2 @ 2.40GHz,MatrixMultiplication,TWO_D,2508,2508,2508,16,2,1,23,259.413,27.989,0.004,-1,-1,-1
Intel Xeon CPU E5-2695 v2 @ 2.40GHz,MatrixMultiplication,TWO_D,2508,2508,2508,16,4,1,23,256.912,27.355,0.004,-1,-1,-1
Intel Xeon CPU E5-2695 v2 @ 2.40GHz,MatrixMultiplication,TWO_D,2508,2508,2508,16,8,1,23,255.081,27.348,0.004,-1,-1,-1
Intel Xeon CPU E5-2695 v2 @ 2.40GHz,MatrixMultiplication,TWO_D,2508,2508,2508,16,16,1,23,255.685,27.097,0.004,-1,-1,-1
Intel Xeon CPU E5-2695 v2 @ 2.40GHz,MatrixMultiplication,TWO_D,2508,2508,2508,16,32,1,23,254.829,27.137,0.004,-1,-1,-1
Intel Xeon CPU E5-2695 v2 @ 2.40GHz,MatrixMultiplication,TWO_D,2508,2508,2508,16,64,1,23,254.199,27.441,0.004,-1,-1,-1
Intel Xeon CPU E5-2695 v2 @ 2.40GHz,MatrixMultiplication,TWO_D,2508,2508,2508,32,1,1,23,256.055,26.894,0.003,-1,-1,-1
Intel Xeon CPU E5-2695 v2 @ 2.40GHz,MatrixMultiplication,TWO_D,2508,2508,2508,32,2,1,23,255.045,26.911,0.004,-1,-1,-1
Intel Xeon CPU E5-2695 v2 @ 2.40GHz,MatrixMultiplication,TWO_D,2508,2508,2508,32,4,1,23,254.3,27.086,0.004,-1,-1,-1
Intel Xeon CPU E5-2695 v2 @ 2.40GHz,MatrixMultiplication,TWO_D,2508,2508,2508,32,8,1,23,255.579,27.11,0.004,-1,-1,-1
Intel Xeon CPU E5-2695 v2 @ 2.40GHz,MatrixMultiplication,TWO_D,2508,2508,2508,32,16,1,23,255.414,26.92,0.004,-1,-1,-1
Intel Xeon CPU E5-2695 v2 @ 2.40GHz,MatrixMultiplication,TWO_D,2508,2508,2508,32,32,1,23,260.806,27.778,0.004,-1,-1,-1
Intel Xeon CPU E5-2695 v2 @ 2.40GHz,MatrixMultiplication,TWO_D,2508,2508,2508,64,1,1,23,257.345,27.336,0.004,-1,-1,-1
Intel Xeon CPU E5-2695 v2 @ 2.40GHz,MatrixMultiplication,TWO_D,2508,2508,2508,64,2,1,23,254.752,27.119,0.004,-1,-1,-1
Intel Xeon CPU E5-2695 v2 @ 2.40GHz,MatrixMultiplication,TWO_D,2508,2508,2508,64,4,1,23,255.497,27.092,0.004,-1,-1,-1
Intel Xeon CPU E5-2695 v2 @ 2.40GHz,MatrixMultiplication,TWO_D,2508,2508,2508,64,8,1,23,254.62,27.221,0.005,-1,-1,-1
Intel Xeon CPU E5-2695 v2 @ 2.40GHz,MatrixMultiplication,TWO_D,2508,2508,2508,64,16,1,23,254.961,27.12,0.004,-1,-1,-1
Intel Xeon CPU E5-2695 v2 @ 2.40GHz,MatrixMultiplication,TWO_D,2508,2508,2508,128,1,1,23,256.075,26.902,0.004,-1,-1,-1
Intel Xeon CPU E5-2695 v2 @ 2.40GHz,MatrixMultiplication,TWO_D,2508,2508,2508,128,2,1,23,263.805,27.135,0.005,-1,-1,-1
Intel Xeon CPU E5-2695 v2 @ 2.40GHz,MatrixMultiplication,TWO_D,2508,2508,2508,128,4,1,23,260.412,26.006,0.004,-1,-1,-1
Intel Xeon CPU E5-2695 v2 @ 2.40GHz,MatrixMultiplication,TWO_D,2508,2508,2508,128,8,1,23,263.006,26.486,0.003,-1,-1,-1
Intel Xeon CPU E5-2695 v2 @ 2.40GHz,MatrixMultiplication,TWO_D,2508,2508,2508,256,1,1,23,259.55,27.779,0.004,-1,-1,-1
Intel Xeon CPU E5-2695 v2 @ 2.40GHz,MatrixMultiplication,TWO_D,2508,2508,2508,256,2,1,23,257.002,27.384,0.004,-1,-1,-1
Intel Xeon CPU E5-2695 v2 @ 2.40GHz,MatrixMultiplication,TWO_D,2508,2508,2508,256,4,1,23,255.372,27.283,0.005,-1,-1,-1
Intel Xeon CPU E5-2695 v2 @ 2.40GHz,MatrixMultiplication,TWO_D,2508,2508,2508,512,1,1,23,256.075,27.061,0.004,-1,-1,-1
Intel Xeon CPU E5-2695 v2 @ 2.40GHz,MatrixMultiplication,TWO_D,2508,2508,2508,512,2,1,23,260.126,27.947,0.004,-1,-1,-1
Intel Xeon CPU E5-2695 v2 @ 2.40GHz,MatrixMultiplication,TWO_D,2508,2508,2508,1024,1,1,23,256.473,27.428,0.004,-1,-1,-1
