device/C,kernel/C,workDimension/C,cubeLength/F,xLocal/I,yLocal/I,zLocal/I,MB/F,init/F,memoryCopyOut/F,plan/F,execute/F,memoryCopyIn/F,cleanUp/F
AMD Firepro W9100,Array3dAverage,THREE_D,64,1,1,1,1,10.012,1.141,0.006,3.098,0.299,0.043
AMD Firepro W9100,Array3dAverage,THREE_D,64,1,1,2,1,8.678,0.609,0.001,1.779,0.284,0.033
AMD Firepro W9100,Array3dAverage,THREE_D,64,1,1,4,1,8.614,0.633,0.001,1.218,0.659,0.034
AMD Firepro W9100,Array3dAverage,THREE_D,64,1,1,8,1,8.619,0.717,0.001,0.897,0.692,0.034
AMD Firepro W9100,Array3dAverage,THREE_D,64,1,1,16,1,8.614,0.708,0.001,0.724,0.682,0.033
AMD Firepro W9100,Array3dAverage,THREE_D,64,1,1,32,1,8.618,0.721,0.001,0.806,0.834,0.033
AMD Firepro W9100,Array3dAverage,THREE_D,64,1,1,64,1,8.627,0.657,0.002,0.828,0.787,0.05
AMD Firepro W9100,Array3dAverage,THREE_D,64,1,1,128,1,8.649,0.692,0.002,1.132,0.475,0.03
AMD Firepro W9100,Array3dAverage,THREE_D,64,1,1,256,1,8.612,0.502,0.001,0.844,0.473,0.03
AMD Firepro W9100,Array3dAverage,THREE_D,64,1,2,1,1,8.611,0.492,0.001,1.634,0.61,0.03
AMD Firepro W9100,Array3dAverage,THREE_D,64,1,2,2,1,8.653,0.493,0.001,0.927,0.473,0.031
AMD Firepro W9100,Array3dAverage,THREE_D,64,1,2,4,1,8.613,0.679,0.002,0.835,0.652,0.049
AMD Firepro W9100,Array3dAverage,THREE_D,64,1,2,8,1,8.612,0.492,0,0.699,0.477,0.03
AMD Firepro W9100,Array3dAverage,THREE_D,64,1,2,16,1,8.8,0.497,0,0.73,0.482,0.03
AMD Firepro W9100,Array3dAverage,THREE_D,64,1,2,32,1,8.611,0.649,0.002,1.025,0.632,0.052
AMD Firepro W9100,Array3dAverage,THREE_D,64,1,2,64,1,8.609,0.492,0,0.691,0.474,0.03
AMD Firepro W9100,Array3dAverage,THREE_D,64,1,2,128,1,8.654,0.493,0.001,0.968,0.472,0.03
AMD Firepro W9100,Array3dAverage,THREE_D,64,1,4,1,1,8.656,0.494,0.001,0.846,0.474,0.029
AMD Firepro W9100,Array3dAverage,THREE_D,64,1,4,2,1,8.613,0.5,0.001,0.697,0.475,0.03
AMD Firepro W9100,Array3dAverage,THREE_D,64,1,4,4,1,8.65,0.494,0.001,0.627,0.478,0.029
AMD Firepro W9100,Array3dAverage,THREE_D,64,1,4,8,1,8.61,0.493,0.001,0.572,0.478,0.03
AMD Firepro W9100,Array3dAverage,THREE_D,64,1,4,16,1,8.613,0.496,0.001,0.568,0.472,0.03
AMD Firepro W9100,Array3dAverage,THREE_D,64,1,4,32,1,8.616,0.491,0.001,0.823,0.472,0.03
AMD Firepro W9100,Array3dAverage,THREE_D,64,1,4,64,1,8.615,0.683,0.002,0.803,0.808,0.051
AMD Firepro W9100,Array3dAverage,THREE_D,64,1,8,1,1,8.611,0.688,0.002,0.843,0.659,0.047
AMD Firepro W9100,Array3dAverage,THREE_D,64,1,8,2,1,8.659,0.655,0.002,0.706,0.637,0.05
AMD Firepro W9100,Array3dAverage,THREE_D,64,1,8,4,1,8.803,0.658,0.002,0.758,0.636,0.048
AMD Firepro W9100,Array3dAverage,THREE_D,64,1,8,8,1,8.73,0.68,0.003,0.824,0.636,0.051
AMD Firepro W9100,Array3dAverage,THREE_D,64,1,8,16,1,8.761,0.492,0.001,0.752,0.475,0.03
AMD Firepro W9100,Array3dAverage,THREE_D,64,1,8,32,1,8.674,0.495,0.001,0.682,0.472,0.03
AMD Firepro W9100,Array3dAverage,THREE_D,64,1,16,1,1,8.615,0.49,0.001,0.662,0.475,0.029
AMD Firepro W9100,Array3dAverage,THREE_D,64,1,16,2,1,8.617,0.49,0.001,0.701,0.477,0.029
AMD Firepro W9100,Array3dAverage,THREE_D,64,1,16,4,1,8.618,0.492,0.001,0.665,0.482,0.029
AMD Firepro W9100,Array3dAverage,THREE_D,64,1,16,8,1,8.688,0.516,0.001,0.53,0.641,0.049
AMD Firepro W9100,Array3dAverage,THREE_D,64,1,16,16,1,8.724,0.649,0.002,0.787,0.637,0.051
AMD Firepro W9100,Array3dAverage,THREE_D,64,1,32,1,1,8.762,0.657,0.002,0.818,0.644,0.047
AMD Firepro W9100,Array3dAverage,THREE_D,64,1,32,2,1,8.655,0.681,0.001,0.844,0.649,0.049
AMD Firepro W9100,Array3dAverage,THREE_D,64,1,32,4,1,8.612,0.669,0.002,0.687,0.64,0.049
AMD Firepro W9100,Array3dAverage,THREE_D,64,1,32,8,1,8.649,0.683,0.002,0.908,0.646,0.048
AMD Firepro W9100,Array3dAverage,THREE_D,64,1,64,1,1,8.612,0.662,0.001,0.706,0.635,0.049
AMD Firepro W9100,Array3dAverage,THREE_D,64,1,64,2,1,8.611,0.681,0.002,0.813,0.644,0.05
AMD Firepro W9100,Array3dAverage,THREE_D,64,1,64,4,1,8.611,0.656,0.002,0.885,0.634,0.046
AMD Firepro W9100,Array3dAverage,THREE_D,64,1,128,1,1,8.611,0.663,0.002,0.65,0.647,0.048
AMD Firepro W9100,Array3dAverage,THREE_D,64,1,128,2,1,8.614,0.665,0.002,0.728,0.634,0.05
AMD Firepro W9100,Array3dAverage,THREE_D,64,1,256,1,1,8.652,0.676,0.002,0.825,0.642,0.046
AMD Firepro W9100,Array3dAverage,THREE_D,64,2,1,1,1,8.613,0.657,0.002,1.76,0.644,0.048
AMD Firepro W9100,Array3dAverage,THREE_D,64,2,1,2,1,8.61,0.658,0.002,1.261,0.655,0.046
AMD Firepro W9100,Array3dAverage,THREE_D,64,2,1,4,1,8.611,0.662,0.002,0.705,0.659,0.03
AMD Firepro W9100,Array3dAverage,THREE_D,64,2,1,8,1,8.609,0.689,0.002,0.645,0.636,0.049
AMD Firepro W9100,Array3dAverage,THREE_D,64,2,1,16,1,8.613,0.662,0.002,0.67,0.66,0.049
AMD Firepro W9100,Array3dAverage,THREE_D,64,2,1,32,1,8.609,0.659,0.002,0.763,0.642,0.045
AMD Firepro W9100,Array3dAverage,THREE_D,64,2,1,64,1,8.611,0.683,0.002,0.753,0.658,0.046
AMD Firepro W9100,Array3dAverage,THREE_D,64,2,1,128,1,8.611,0.665,0.002,0.678,0.634,0.047
AMD Firepro W9100,Array3dAverage,THREE_D,64,2,2,1,1,8.649,0.68,0.002,1.134,0.64,0.049
AMD Firepro W9100,Array3dAverage,THREE_D,64,2,2,2,1,8.61,0.658,0.002,0.79,0.646,0.047
AMD Firepro W9100,Array3dAverage,THREE_D,64,2,2,4,1,8.612,0.662,0.002,0.655,0.665,0.031
AMD Firepro W9100,Array3dAverage,THREE_D,64,2,2,8,1,8.61,0.688,0.003,0.638,0.639,0.049
AMD Firepro W9100,Array3dAverage,THREE_D,64,2,2,16,1,8.648,0.681,0.001,0.675,0.646,0.047
AMD Firepro W9100,Array3dAverage,THREE_D,64,2,2,32,1,8.611,0.658,0.002,0.731,0.641,0.048
AMD Firepro W9100,Array3dAverage,THREE_D,64,2,2,64,1,8.611,0.682,0.002,0.609,0.634,0.049
AMD Firepro W9100,Array3dAverage,THREE_D,64,2,4,1,1,8.613,0.655,0.003,0.783,0.639,0.047
AMD Firepro W9100,Array3dAverage,THREE_D,64,2,4,2,1,8.612,0.654,0.002,0.643,0.661,0.029
AMD Firepro W9100,Array3dAverage,THREE_D,64,2,4,4,1,8.615,0.688,0.002,0.521,0.633,0.046
AMD Firepro W9100,Array3dAverage,THREE_D,64,2,4,8,1,8.648,0.672,0.002,0.688,0.638,0.047
AMD Firepro W9100,Array3dAverage,THREE_D,64,2,4,16,1,8.61,0.664,0.002,0.704,0.648,0.049
AMD Firepro W9100,Array3dAverage,THREE_D,64,2,4,32,1,8.613,0.687,0.003,0.594,0.634,0.049
AMD Firepro W9100,Array3dAverage,THREE_D,64,2,8,1,1,8.649,0.676,0.002,0.65,0.637,0.049
AMD Firepro W9100,Array3dAverage,THREE_D,64,2,8,2,1,8.61,0.665,0.002,0.626,0.649,0.049
AMD Firepro W9100,Array3dAverage,THREE_D,64,2,8,4,1,8.612,0.661,0.002,0.612,0.635,0.047
AMD Firepro W9100,Array3dAverage,THREE_D,64,2,8,8,1,8.615,0.657,0.002,0.674,0.662,0.03
AMD Firepro W9100,Array3dAverage,THREE_D,64,2,8,16,1,8.609,0.689,0.002,0.542,0.634,0.047
AMD Firepro W9100,Array3dAverage,THREE_D,64,2,16,1,1,8.611,0.684,0.002,0.627,0.635,0.051
AMD Firepro W9100,Array3dAverage,THREE_D,64,2,16,2,1,8.647,0.658,0.002,0.564,0.633,0.047
AMD Firepro W9100,Array3dAverage,THREE_D,64,2,16,4,1,8.613,0.654,0.002,0.629,0.658,0.05
AMD Firepro W9100,Array3dAverage,THREE_D,64,2,16,8,1,8.61,0.657,0.002,0.552,0.644,0.051
AMD Firepro W9100,Array3dAverage,THREE_D,64,2,32,1,1,8.611,0.657,0.002,0.602,0.634,0.05
AMD Firepro W9100,Array3dAverage,THREE_D,64,2,32,2,1,8.65,0.67,0.003,0.657,0.64,0.049
AMD Firepro W9100,Array3dAverage,THREE_D,64,2,32,4,1,8.61,0.664,0.002,0.52,0.636,0.048
AMD Firepro W9100,Array3dAverage,THREE_D,64,2,64,1,1,8.612,0.674,0.003,0.639,0.635,0.049
AMD Firepro W9100,Array3dAverage,THREE_D,64,2,64,2,1,8.609,0.662,0.002,0.52,0.636,0.049
AMD Firepro W9100,Array3dAverage,THREE_D,64,2,128,1,1,8.612,0.66,0.002,0.643,0.661,0.048
AMD Firepro W9100,Array3dAverage,THREE_D,64,4,1,1,1,8.616,0.658,0.002,0.967,0.49,0.03
AMD Firepro W9100,Array3dAverage,THREE_D,64,4,1,2,1,8.626,0.661,0.002,0.864,0.639,0.051
AMD Firepro W9100,Array3dAverage,THREE_D,64,4,1,4,1,8.613,0.689,0.002,0.535,0.632,0.048
AMD Firepro W9100,Array3dAverage,THREE_D,64,4,1,8,1,8.612,0.682,0.002,0.521,0.645,0.054
AMD Firepro W9100,Array3dAverage,THREE_D,64,4,1,16,1,8.676,0.686,0.002,0.558,0.646,0.047
AMD Firepro W9100,Array3dAverage,THREE_D,64,4,1,32,1,8.615,0.664,0.002,0.548,0.635,0.048
AMD Firepro W9100,Array3dAverage,THREE_D,64,4,1,64,1,8.61,0.66,0.002,0.481,0.635,0.048
AMD Firepro W9100,Array3dAverage,THREE_D,64,4,2,1,1,8.612,0.68,0.002,0.815,0.641,0.049
AMD Firepro W9100,Array3dAverage,THREE_D,64,4,2,2,1,8.612,0.654,0.002,0.644,0.64,0.051
AMD Firepro W9100,Array3dAverage,THREE_D,64,4,2,4,1,8.61,0.683,0.002,0.466,0.636,0.051
AMD Firepro W9100,Array3dAverage,THREE_D,64,4,2,8,1,8.65,0.677,0.002,0.534,0.662,0.028
AMD Firepro W9100,Array3dAverage,THREE_D,64,4,2,16,1,8.609,0.682,0.002,0.461,0.635,0.05
AMD Firepro W9100,Array3dAverage,THREE_D,64,4,2,32,1,8.612,0.685,0.002,0.543,0.641,0.054
AMD Firepro W9100,Array3dAverage,THREE_D,64,4,4,1,1,8.609,0.687,0.002,0.62,0.634,0.046
AMD Firepro W9100,Array3dAverage,THREE_D,64,4,4,2,1,8.618,0.667,0.002,0.542,0.642,0.049
AMD Firepro W9100,Array3dAverage,THREE_D,64,4,4,4,1,8.61,0.657,0.002,0.518,0.637,0.049
AMD Firepro W9100,Array3dAverage,THREE_D,64,4,4,8,1,8.616,0.499,0,0.37,0.476,0.03
AMD Firepro W9100,Array3dAverage,THREE_D,64,4,4,16,1,8.612,0.498,0.001,0.379,0.477,0.029
AMD Firepro W9100,Array3dAverage,THREE_D,64,4,8,1,1,8.621,0.666,0.002,0.517,0.642,0.048
AMD Firepro W9100,Array3dAverage,THREE_D,64,4,8,2,1,8.615,0.665,0.001,0.519,0.641,0.048
AMD Firepro W9100,Array3dAverage,THREE_D,64,4,8,4,1,8.648,0.668,0.002,0.534,0.636,0.048
AMD Firepro W9100,Array3dAverage,THREE_D,64,4,8,8,1,8.61,0.654,0.003,0.517,0.502,0.029
AMD Firepro W9100,Array3dAverage,THREE_D,64,4,16,1,1,8.612,0.675,0.002,0.522,0.642,0.058
AMD Firepro W9100,Array3dAverage,THREE_D,64,4,16,2,1,8.64,0.69,0.002,0.471,0.636,0.048
AMD Firepro W9100,Array3dAverage,THREE_D,64,4,16,4,1,8.611,0.686,0.002,0.517,0.641,0.055
AMD Firepro W9100,Array3dAverage,THREE_D,64,4,32,1,1,8.605,0.496,0,0.373,0.631,0.05
AMD Firepro W9100,Array3dAverage,THREE_D,64,4,32,2,1,8.812,0.659,0.003,0.471,0.645,0.05
AMD Firepro W9100,Array3dAverage,THREE_D,64,4,64,1,1,8.611,0.663,0.002,0.521,0.66,0.046
AMD Firepro W9100,Array3dAverage,THREE_D,64,8,1,1,1,8.61,0.495,0.001,0.771,0.659,0.051
AMD Firepro W9100,Array3dAverage,THREE_D,64,8,1,2,1,8.652,0.493,0,0.503,0.47,0.03
AMD Firepro W9100,Array3dAverage,THREE_D,64,8,1,4,1,8.611,0.5,0.001,0.362,0.591,0.032
AMD Firepro W9100,Array3dAverage,THREE_D,64,8,1,8,1,8.678,0.659,0.002,0.493,0.638,0.048
AMD Firepro W9100,Array3dAverage,THREE_D,64,8,1,16,1,8.611,0.662,0.003,0.471,0.644,0.049
AMD Firepro W9100,Array3dAverage,THREE_D,64,8,1,32,1,8.69,0.664,0.002,0.526,0.641,0.049
AMD Firepro W9100,Array3dAverage,THREE_D,64,8,2,1,1,8.614,0.664,0.002,0.621,0.651,0.049
AMD Firepro W9100,Array3dAverage,THREE_D,64,8,2,2,1,8.648,0.663,0.002,0.46,0.646,0.049
AMD Firepro W9100,Array3dAverage,THREE_D,64,8,2,4,1,8.612,0.658,0.002,0.46,0.635,0.051
AMD Firepro W9100,Array3dAverage,THREE_D,64,8,2,8,1,8.61,0.655,0.002,0.425,0.636,0.048
AMD Firepro W9100,Array3dAverage,THREE_D,64,8,2,16,1,8.616,0.658,0.002,0.473,0.642,0.048
AMD Firepro W9100,Array3dAverage,THREE_D,64,8,4,1,1,8.756,0.656,0.002,0.474,0.638,0.048
AMD Firepro W9100,Array3dAverage,THREE_D,64,8,4,2,1,8.614,0.656,0.002,0.465,0.639,0.049
AMD Firepro W9100,Array3dAverage,THREE_D,64,8,4,4,1,8.61,0.688,0.003,0.413,0.636,0.05
AMD Firepro W9100,Array3dAverage,THREE_D,64,8,4,8,1,8.685,0.684,0.002,0.492,0.641,0.055
AMD Firepro W9100,Array3dAverage,THREE_D,64,8,8,1,1,8.612,0.692,0.003,0.472,0.637,0.048
AMD Firepro W9100,Array3dAverage,THREE_D,64,8,8,2,1,8.636,0.685,0.003,0.468,0.672,0.028
AMD Firepro W9100,Array3dAverage,THREE_D,64,8,8,4,1,8.604,0.681,0.002,0.442,0.635,0.046
AMD Firepro W9100,Array3dAverage,THREE_D,64,8,16,1,1,8.613,0.655,0.002,0.413,0.644,0.05
AMD Firepro W9100,Array3dAverage,THREE_D,64,8,16,2,1,8.611,0.657,0.003,0.478,0.659,0.048
AMD Firepro W9100,Array3dAverage,THREE_D,64,8,32,1,1,8.655,0.655,0.002,0.518,0.648,0.049
AMD Firepro W9100,Array3dAverage,THREE_D,64,16,1,1,1,8.652,0.658,0.002,0.578,0.636,0.049
AMD Firepro W9100,Array3dAverage,THREE_D,64,16,1,2,1,8.616,0.683,0.002,0.513,0.638,0.051
AMD Firepro W9100,Array3dAverage,THREE_D,64,16,1,4,1,8.611,0.688,0.002,0.469,0.641,0.046
AMD Firepro W9100,Array3dAverage,THREE_D,64,16,1,8,1,8.652,0.675,0.003,0.475,0.644,0.049
AMD Firepro W9100,Array3dAverage,THREE_D,64,16,1,16,1,8.615,0.653,0.002,0.45,0.643,0.048
AMD Firepro W9100,Array3dAverage,THREE_D,64,16,2,1,1,8.615,0.657,0.002,0.46,0.662,0.029
AMD Firepro W9100,Array3dAverage,THREE_D,64,16,2,2,1,8.614,0.662,0.002,0.46,0.634,0.048
AMD Firepro W9100,Array3dAverage,THREE_D,64,16,2,4,1,8.612,0.656,0.001,0.392,0.635,0.048
AMD Firepro W9100,Array3dAverage,THREE_D,64,16,2,8,1,8.617,0.679,0.002,0.455,0.638,0.053
AMD Firepro W9100,Array3dAverage,THREE_D,64,16,4,1,1,8.645,0.684,0.002,0.433,0.631,0.051
AMD Firepro W9100,Array3dAverage,THREE_D,64,16,4,2,1,8.614,0.653,0.002,0.454,0.652,0.048
AMD Firepro W9100,Array3dAverage,THREE_D,64,16,4,4,1,8.613,0.655,0.002,0.447,0.647,0.049
AMD Firepro W9100,Array3dAverage,THREE_D,64,16,8,1,1,8.61,0.662,0.002,0.484,0.64,0.05
AMD Firepro W9100,Array3dAverage,THREE_D,64,16,8,2,1,8.613,0.655,0.002,0.448,0.64,0.047
AMD Firepro W9100,Array3dAverage,THREE_D,64,16,16,1,1,8.61,0.655,0.003,0.398,0.635,0.048
AMD Firepro W9100,Array3dAverage,THREE_D,64,32,1,1,1,8.611,0.677,0.002,0.508,0.666,0.029
AMD Firepro W9100,Array3dAverage,THREE_D,64,32,1,2,1,8.609,0.683,0.002,0.46,0.638,0.05
AMD Firepro W9100,Array3dAverage,THREE_D,64,32,1,4,1,8.612,0.681,0.002,0.391,0.653,0.048
AMD Firepro W9100,Array3dAverage,THREE_D,64,32,1,8,1,8.611,0.658,0.002,0.445,0.624,0.047
AMD Firepro W9100,Array3dAverage,THREE_D,64,32,2,1,1,8.609,0.665,0.002,0.509,0.643,0.048
AMD Firepro W9100,Array3dAverage,THREE_D,64,32,2,2,1,8.612,0.665,0.002,0.447,0.637,0.046
AMD Firepro W9100,Array3dAverage,THREE_D,64,32,2,4,1,8.61,0.653,0.002,0.445,0.638,0.049
AMD Firepro W9100,Array3dAverage,THREE_D,64,32,4,1,1,8.652,0.656,0.002,0.47,0.638,0.047
AMD Firepro W9100,Array3dAverage,THREE_D,64,32,4,2,1,8.61,0.682,0.002,0.414,0.635,0.047
AMD Firepro W9100,Array3dAverage,THREE_D,64,32,8,1,1,8.612,0.692,0,0.437,0.65,0.049
AMD Firepro W9100,Array3dAverage,THREE_D,64,64,1,1,1,8.612,0.653,0.002,0.456,0.649,0.05
AMD Firepro W9100,Array3dAverage,THREE_D,64,64,1,2,1,8.61,0.656,0.002,0.474,0.67,0.029
AMD Firepro W9100,Array3dAverage,THREE_D,64,64,1,4,1,8.612,0.952,0.001,0.467,0.642,0.048
AMD Firepro W9100,Array3dAverage,THREE_D,64,64,2,1,1,8.649,0.681,0.002,0.471,0.64,0.052
AMD Firepro W9100,Array3dAverage,THREE_D,64,64,2,2,1,8.61,0.686,0.002,0.44,0.678,0.032
AMD Firepro W9100,Array3dAverage,THREE_D,64,64,4,1,1,8.615,0.719,0.016,0.26,0.64,0.053
AMD Firepro W9100,Array3dAverage,THREE_D,64,128,1,1,1,8.613,0.656,0.003,0.351,0.48,0.03
AMD Firepro W9100,Array3dAverage,THREE_D,64,128,1,2,1,8.65,0.691,0.002,0.485,0.643,0.046
AMD Firepro W9100,Array3dAverage,THREE_D,64,128,2,1,1,8.611,0.664,0.003,0.458,0.655,0.049
AMD Firepro W9100,Array3dAverage,THREE_D,64,256,1,1,1,8.612,0.662,0.002,0.478,0.648,0.045
AMD Firepro W9100,Array3dAverage,THREE_D,64,1,1,1,1,9.974,1.109,0.004,3.901,0.627,0.069
AMD Firepro W9100,Array3dAverage,THREE_D,64,1,1,2,1,12.624,0.922,0.001,2.199,1.036,0.055
AMD Firepro W9100,Array3dAverage,THREE_D,64,1,1,4,1,11.901,0.933,0.002,1.525,0.922,0.075
AMD Firepro W9100,Array3dAverage,THREE_D,64,1,1,8,1,14.526,0.917,0.001,1.13,0.891,0.076
AMD Firepro W9100,Array3dAverage,THREE_D,64,1,1,16,1,13.354,0.923,0.001,0.947,0.876,0.053
AMD Firepro W9100,Array3dAverage,THREE_D,64,1,1,32,1,8.618,0.928,0,1.152,1.007,0.052
AMD Firepro W9100,Array3dAverage,THREE_D,64,1,1,64,1,8.616,0.985,0.001,1.223,0.849,0.052
AMD Firepro W9100,Array3dAverage,THREE_D,64,1,1,128,1,8.656,0.879,0.001,1.055,0.743,0.054
AMD Firepro W9100,Array3dAverage,THREE_D,64,1,1,256,1,8.625,0.919,0.001,1.273,0.945,0.047
AMD Firepro W9100,Array3dAverage,THREE_D,64,1,2,1,1,8.652,0.901,0.001,1.909,0.674,0.068
AMD Firepro W9100,Array3dAverage,THREE_D,64,1,2,2,1,10.331,0.803,0.001,1.054,0.673,0.055
AMD Firepro W9100,Array3dAverage,THREE_D,64,1,2,4,1,13.136,0.87,0.001,0.844,0.949,0.047
AMD Firepro W9100,Array3dAverage,THREE_D,64,1,2,8,1,8.697,0.897,0.001,0.806,0.798,0.045
AMD Firepro W9100,Array3dAverage,THREE_D,64,1,2,16,1,8.622,0.864,0.001,1.056,0.745,0.045
AMD Firepro W9100,Array3dAverage,THREE_D,64,1,2,32,1,8.617,0.825,0.001,0.973,0.717,0.064
AMD Firepro W9100,Array3dAverage,THREE_D,64,1,2,64,1,8.686,0.787,0.001,0.919,0.832,0.063
AMD Firepro W9100,Array3dAverage,THREE_D,64,1,2,128,1,8.725,0.714,0.001,0.964,0.775,0.045
AMD Firepro W9100,Array3dAverage,THREE_D,64,1,4,1,1,8.726,0.858,0.001,1.21,0.938,0.045
AMD Firepro W9100,Array3dAverage,THREE_D,64,1,4,2,1,8.626,0.852,0,0.734,0.713,0.045
AMD Firepro W9100,Array3dAverage,THREE_D,64,1,4,4,1,8.619,0.876,0,0.793,0.797,0.045
AMD Firepro W9100,Array3dAverage,THREE_D,64,1,4,8,1,8.621,0.842,0.016,0.963,0.705,0.047
AMD Firepro W9100,Array3dAverage,THREE_D,64,1,4,16,1,8.618,0.877,0.001,1.107,0.791,0.046
AMD Firepro W9100,Array3dAverage,THREE_D,64,1,4,32,1,8.61,0.867,0.001,0.917,0.73,0.047
AMD Firepro W9100,Array3dAverage,THREE_D,64,1,4,64,1,8.615,0.889,0.001,0.94,0.797,0.045
AMD Firepro W9100,Array3dAverage,THREE_D,64,1,8,1,1,8.612,0.829,0.001,0.933,0.723,0.046
AMD Firepro W9100,Array3dAverage,THREE_D,64,1,8,2,1,8.613,0.79,0.002,0.867,0.697,0.046
AMD Firepro W9100,Array3dAverage,THREE_D,64,1,8,4,1,8.616,0.798,0.001,0.866,0.68,0.062
AMD Firepro W9100,Array3dAverage,THREE_D,64,1,8,8,1,8.612,0.803,0.001,0.876,0.714,0.045
AMD Firepro W9100,Array3dAverage,THREE_D,64,1,8,16,1,8.655,0.888,0.001,0.885,0.775,0.072
AMD Firepro W9100,Array3dAverage,THREE_D,64,1,8,32,1,8.611,0.877,0,0.867,0.847,0.059
AMD Firepro W9100,Array3dAverage,THREE_D,64,1,16,1,1,8.611,0.83,0.016,0.743,0.744,0.047
AMD Firepro W9100,Array3dAverage,THREE_D,64,1,16,2,1,8.613,0.8,0,0.918,0.703,0.046
AMD Firepro W9100,Array3dAverage,THREE_D,64,1,16,4,1,8.611,0.806,0.001,0.967,0.684,0.064
AMD Firepro W9100,Array3dAverage,THREE_D,64,1,16,8,1,8.686,0.798,0.001,0.885,0.698,0.045
AMD Firepro W9100,Array3dAverage,THREE_D,64,1,16,16,1,8.613,0.763,0,0.909,0.679,0.061
AMD Firepro W9100,Array3dAverage,THREE_D,64,1,32,1,1,8.617,0.796,0.002,0.847,0.692,0.047
AMD Firepro W9100,Array3dAverage,THREE_D,64,1,32,2,1,8.614,0.8,0.001,0.865,0.695,0.045
AMD Firepro W9100,Array3dAverage,THREE_D,64,1,32,4,1,8.615,0.856,0.001,0.901,0.792,0.047
AMD Firepro W9100,Array3dAverage,THREE_D,64,1,32,8,1,8.612,0.896,0.001,1.051,0.801,0.045
AMD Firepro W9100,Array3dAverage,THREE_D,64,1,64,1,1,8.615,0.84,0.001,0.788,0.731,0.06
AMD Firepro W9100,Array3dAverage,THREE_D,64,1,64,2,1,8.614,0.821,0.002,0.75,0.696,0.059
AMD Firepro W9100,Array3dAverage,THREE_D,64,1,64,4,1,8.611,0.825,0.001,0.743,0.696,0.062
AMD Firepro W9100,Array3dAverage,THREE_D,64,1,128,1,1,8.677,0.846,0.001,0.738,0.727,0.045
AMD Firepro W9100,Array3dAverage,THREE_D,64,1,128,2,1,8.61,0.826,0.001,0.736,0.715,0.045
AMD Firepro W9100,Array3dAverage,THREE_D,64,1,256,1,1,8.617,0.796,0.001,0.744,0.699,0.045
AMD Firepro W9100,Array3dAverage,THREE_D,64,2,1,1,1,8.612,0.8,0.002,1.922,0.759,0.046
AMD Firepro W9100,Array3dAverage,THREE_D,64,2,1,2,1,9.851,0.865,0.001,1.254,0.908,0.055
AMD Firepro W9100,Array3dAverage,THREE_D,64,2,1,4,1,13.749,0.887,0.001,0.999,0.775,0.044
AMD Firepro W9100,Array3dAverage,THREE_D,64,2,1,8,1,8.611,0.829,0.001,0.741,0.714,0.062
AMD Firepro W9100,Array3dAverage,THREE_D,64,2,1,16,1,8.611,0.799,0.001,0.75,0.684,0.062
AMD Firepro W9100,Array3dAverage,THREE_D,64,2,1,32,1,8.611,0.8,0.001,0.815,0.681,0.064
AMD Firepro W9100,Array3dAverage,THREE_D,64,2,1,64,1,8.614,0.796,0,0.847,0.679,0.06
AMD Firepro W9100,Array3dAverage,THREE_D,64,2,1,128,1,8.612,0.8,0,0.864,0.697,0.045
AMD Firepro W9100,Array3dAverage,THREE_D,64,2,2,1,1,8.611,0.798,0,1.18,0.697,0.045
AMD Firepro W9100,Array3dAverage,THREE_D,64,2,2,2,1,8.61,0.816,0.015,0.772,0.69,0.06
AMD Firepro W9100,Array3dAverage,THREE_D,64,2,2,4,1,8.609,0.862,0.001,0.658,0.691,0.06
AMD Firepro W9100,Array3dAverage,THREE_D,64,2,2,8,1,8.615,0.799,0,0.697,0.698,0.044
AMD Firepro W9100,Array3dAverage,THREE_D,64,2,2,16,1,8.612,0.801,0.001,0.782,0.696,0.047
AMD Firepro W9100,Array3dAverage,THREE_D,64,2,2,32,1,8.611,0.802,0.001,0.79,0.705,0.046
AMD Firepro W9100,Array3dAverage,THREE_D,64,2,2,64,1,8.612,0.801,0.001,0.85,0.699,0.045
AMD Firepro W9100,Array3dAverage,THREE_D,64,2,4,1,1,8.612,0.802,0.001,0.906,0.694,0.044
AMD Firepro W9100,Array3dAverage,THREE_D,64,2,4,2,1,8.614,0.798,0.001,0.716,0.695,0.044
AMD Firepro W9100,Array3dAverage,THREE_D,64,2,4,4,1,8.612,0.795,0.001,0.701,0.709,0.061
AMD Firepro W9100,Array3dAverage,THREE_D,64,2,4,8,1,8.613,0.828,0.001,0.748,0.686,0.066
AMD Firepro W9100,Array3dAverage,THREE_D,64,2,4,16,1,8.612,0.875,0.001,0.829,0.813,0.044
AMD Firepro W9100,Array3dAverage,THREE_D,64,2,4,32,1,8.614,0.866,0.001,0.865,0.777,0.043
AMD Firepro W9100,Array3dAverage,THREE_D,64,2,8,1,1,8.615,0.827,0.001,0.734,0.713,0.062
AMD Firepro W9100,Array3dAverage,THREE_D,64,2,8,2,1,8.614,0.803,0.001,0.711,0.672,0.067
AMD Firepro W9100,Array3dAverage,THREE_D,64,2,8,4,1,8.611,0.798,0.001,0.602,0.735,0.044
AMD Firepro W9100,Array3dAverage,THREE_D,64,2,8,8,1,8.613,0.825,0.001,0.724,0.716,0.045
AMD Firepro W9100,Array3dAverage,THREE_D,64,2,8,16,1,8.615,0.783,0.001,0.839,0.727,0.045
AMD Firepro W9100,Array3dAverage,THREE_D,64,2,16,1,1,8.613,0.798,0.001,0.707,0.705,0.043
AMD Firepro W9100,Array3dAverage,THREE_D,64,2,16,2,1,8.61,0.803,0,0.627,0.699,0.043
AMD Firepro W9100,Array3dAverage,THREE_D,64,2,16,4,1,8.61,0.882,0.001,0.633,0.795,0.044
AMD Firepro W9100,Array3dAverage,THREE_D,64,2,16,8,1,8.612,0.897,0.001,0.704,0.768,0.045
AMD Firepro W9100,Array3dAverage,THREE_D,64,2,32,1,1,8.611,0.845,0.001,0.686,0.695,0.065
AMD Firepro W9100,Array3dAverage,THREE_D,64,2,32,2,1,8.604,0.837,0.001,0.663,0.68,0.061
AMD Firepro W9100,Array3dAverage,THREE_D,64,2,32,4,1,8.615,0.798,0.001,0.722,0.679,0.061
AMD Firepro W9100,Array3dAverage,THREE_D,64,2,64,1,1,8.686,0.799,0.001,0.716,0.698,0.045
AMD Firepro W9100,Array3dAverage,THREE_D,64,2,64,2,1,8.614,0.803,0.001,0.73,0.686,0.06
AMD Firepro W9100,Array3dAverage,THREE_D,64,2,128,1,1,8.613,0.823,0.001,0.604,0.698,0.043
AMD Firepro W9100,Array3dAverage,THREE_D,64,4,1,1,1,8.613,0.802,0.001,1.048,0.672,0.046
AMD Firepro W9100,Array3dAverage,THREE_D,64,4,1,2,1,8.614,0.874,0.001,0.818,0.776,0.044
AMD Firepro W9100,Array3dAverage,THREE_D,64,4,1,4,1,8.611,0.856,0.001,0.773,0.779,0.045
AMD Firepro W9100,Array3dAverage,THREE_D,64,4,1,8,1,8.611,0.812,0.001,0.613,0.723,0.058
AMD Firepro W9100,Array3dAverage,THREE_D,64,4,1,16,1,8.611,0.812,0.017,0.612,0.71,0.043
AMD Firepro W9100,Array3dAverage,THREE_D,64,4,1,32,1,8.615,0.795,0.001,0.57,0.695,0.044
AMD Firepro W9100,Array3dAverage,THREE_D,64,4,1,64,1,8.61,0.822,0.001,0.677,0.717,0.043
AMD Firepro W9100,Array3dAverage,THREE_D,64,4,2,1,1,8.612,0.835,0,0.804,0.78,0.042
AMD Firepro W9100,Array3dAverage,THREE_D,64,4,2,2,1,8.611,0.818,0.001,0.634,0.683,0.045
AMD Firepro W9100,Array3dAverage,THREE_D,64,4,2,4,1,8.615,0.797,0.001,0.593,0.696,0.046
AMD Firepro W9100,Array3dAverage,THREE_D,64,4,2,8,1,8.613,0.857,0,0.519,0.796,0.043
AMD Firepro W9100,Array3dAverage,THREE_D,64,4,2,16,1,8.612,0.882,0.001,0.525,0.715,0.045
AMD Firepro W9100,Array3dAverage,THREE_D,64,4,2,32,1,8.61,0.843,0.001,0.564,0.699,0.045
AMD Firepro W9100,Array3dAverage,THREE_D,64,4,4,1,1,8.61,0.836,0.001,0.63,0.703,0.042
AMD Firepro W9100,Array3dAverage,THREE_D,64,4,4,2,1,8.612,0.799,0,0.595,0.699,0.044
AMD Firepro W9100,Array3dAverage,THREE_D,64,4,4,4,1,8.612,0.796,0.001,0.653,0.729,0.045
AMD Firepro W9100,Array3dAverage,THREE_D,64,4,4,8,1,8.612,0.834,0.001,0.518,0.685,0.06
AMD Firepro W9100,Array3dAverage,THREE_D,64,4,4,16,1,8.612,0.788,0.001,0.647,0.711,0.045
AMD Firepro W9100,Array3dAverage,THREE_D,64,4,8,1,1,8.61,0.897,0.001,0.649,0.805,0.052
AMD Firepro W9100,Array3dAverage,THREE_D,64,4,8,2,1,8.619,0.827,0.001,0.695,0.884,0.052
AMD Firepro W9100,Array3dAverage,THREE_D,64,4,8,4,1,8.691,0.837,0.001,0.593,0.815,0.051
AMD Firepro W9100,Array3dAverage,THREE_D,64,4,8,8,1,8.615,0.893,0.001,0.653,0.811,0.05
AMD Firepro W9100,Array3dAverage,THREE_D,64,4,16,1,1,8.617,0.85,0.002,0.595,0.794,0.052
AMD Firepro W9100,Array3dAverage,THREE_D,64,4,16,2,1,8.656,0.828,0.002,0.61,0.712,0.049
AMD Firepro W9100,Array3dAverage,THREE_D,64,4,16,4,1,8.611,0.831,0,0.596,0.687,0.045
AMD Firepro W9100,Array3dAverage,THREE_D,64,4,32,1,1,8.611,0.808,0.001,0.597,0.715,0.045
AMD Firepro W9100,Array3dAverage,THREE_D,64,4,32,2,1,8.616,0.89,0,0.571,0.771,0.052
AMD Firepro W9100,Array3dAverage,THREE_D,64,4,64,1,1,8.637,0.894,0.001,0.627,0.684,0.071
AMD Firepro W9100,Array3dAverage,THREE_D,64,8,1,1,1,8.616,0.797,0.001,0.761,0.689,0.062
AMD Firepro W9100,Array3dAverage,THREE_D,64,8,1,2,1,8.611,0.804,0.001,0.735,0.703,0.045
AMD Firepro W9100,Array3dAverage,THREE_D,64,8,1,4,1,8.618,0.865,0,0.536,0.8,0.044
AMD Firepro W9100,Array3dAverage,THREE_D,64,8,1,8,1,8.613,0.903,0.001,0.645,0.762,0.045
AMD Firepro W9100,Array3dAverage,THREE_D,64,8,1,16,1,8.611,0.86,0.001,0.565,0.693,0.045
AMD Firepro W9100,Array3dAverage,THREE_D,64,8,1,32,1,8.613,0.799,0.001,0.556,0.715,0.044
AMD Firepro W9100,Array3dAverage,THREE_D,64,8,2,1,1,8.612,0.819,0.015,0.585,0.684,0.062
AMD Firepro W9100,Array3dAverage,THREE_D,64,8,2,2,1,8.616,0.799,0.001,0.553,0.701,0.045
AMD Firepro W9100,Array3dAverage,THREE_D,64,8,2,4,1,8.612,0.833,0.001,0.539,0.684,0.06
AMD Firepro W9100,Array3dAverage,THREE_D,64,8,2,8,1,8.612,0.801,0.001,0.543,0.727,0.046
AMD Firepro W9100,Array3dAverage,THREE_D,64,8,2,16,1,8.659,0.805,0.002,0.486,0.69,0.046
AMD Firepro W9100,Array3dAverage,THREE_D,64,8,4,1,1,8.61,0.786,0.001,0.547,0.709,0.047
AMD Firepro W9100,Array3dAverage,THREE_D,64,8,4,2,1,8.607,0.813,0.001,0.547,0.681,0.045
AMD Firepro W9100,Array3dAverage,THREE_D,64,8,4,4,1,8.613,0.788,0,0.485,0.731,0.049
AMD Firepro W9100,Array3dAverage,THREE_D,64,8,4,8,1,8.617,0.781,0,0.49,0.732,0.045
AMD Firepro W9100,Array3dAverage,THREE_D,64,8,8,1,1,8.684,0.828,0.001,0.581,0.719,0.049
AMD Firepro W9100,Array3dAverage,THREE_D,64,8,8,2,1,8.611,0.834,0.001,0.548,0.692,0.045
AMD Firepro W9100,Array3dAverage,THREE_D,64,8,8,4,1,8.613,0.802,0.001,0.542,0.738,0.044
AMD Firepro W9100,Array3dAverage,THREE_D,64,8,16,1,1,8.614,0.803,0,0.486,0.684,0.045
AMD Firepro W9100,Array3dAverage,THREE_D,64,8,16,2,1,8.613,0.892,0.015,0.572,0.8,0.044
AMD Firepro W9100,Array3dAverage,THREE_D,64,8,32,1,1,8.616,0.883,0.001,0.56,0.732,0.047
AMD Firepro W9100,Array3dAverage,THREE_D,64,16,1,1,1,8.611,0.863,0.001,0.663,0.698,0.046
AMD Firepro W9100,Array3dAverage,THREE_D,64,16,1,2,1,8.614,0.794,0,0.617,0.693,0.061
AMD Firepro W9100,Array3dAverage,THREE_D,64,16,1,4,1,8.614,0.804,0.001,0.475,0.688,0.044
AMD Firepro W9100,Array3dAverage,THREE_D,64,16,1,8,1,8.617,0.801,0.001,0.561,0.725,0.044
AMD Firepro W9100,Array3dAverage,THREE_D,64,16,1,16,1,8.61,0.816,0,0.529,0.679,0.047
AMD Firepro W9100,Array3dAverage,THREE_D,64,16,2,1,1,8.65,0.796,0,0.59,0.726,0.044
AMD Firepro W9100,Array3dAverage,THREE_D,64,16,2,2,1,8.616,0.823,0.001,0.538,0.704,0.044
AMD Firepro W9100,Array3dAverage,THREE_D,64,16,2,4,1,8.61,0.712,0,0.536,0.805,0.046
AMD Firepro W9100,Array3dAverage,THREE_D,64,16,2,8,1,8.635,0.868,0.001,0.575,0.791,0.048
AMD Firepro W9100,Array3dAverage,THREE_D,64,16,4,1,1,8.61,0.891,0,0.572,0.704,0.062
AMD Firepro W9100,Array3dAverage,THREE_D,64,16,4,2,1,8.612,0.795,0,0.528,0.74,0.045
AMD Firepro W9100,Array3dAverage,THREE_D,64,16,4,4,1,8.613,0.809,0.001,0.527,0.705,0.044
AMD Firepro W9100,Array3dAverage,THREE_D,64,16,8,1,1,8.612,0.785,0.016,0.564,0.707,0.063
AMD Firepro W9100,Array3dAverage,THREE_D,64,16,8,2,1,8.61,0.832,0.001,0.53,0.694,0.044
AMD Firepro W9100,Array3dAverage,THREE_D,64,16,16,1,1,8.613,0.784,0.001,0.554,0.721,0.063
AMD Firepro W9100,Array3dAverage,THREE_D,64,32,1,1,1,8.615,0.82,0.001,0.511,0.68,0.059
AMD Firepro W9100,Array3dAverage,THREE_D,64,32,1,2,1,8.611,0.799,0,0.569,0.706,0.053
AMD Firepro W9100,Array3dAverage,THREE_D,64,32,1,4,1,8.614,0.799,0,0.553,0.688,0.06
AMD Firepro W9100,Array3dAverage,THREE_D,64,32,1,8,1,8.615,0.804,0,0.523,0.733,0.045
AMD Firepro W9100,Array3dAverage,THREE_D,64,32,2,1,1,8.615,0.799,0.001,0.573,0.687,0.061
AMD Firepro W9100,Array3dAverage,THREE_D,64,32,2,2,1,8.614,0.917,0.001,0.545,0.792,0.045
AMD Firepro W9100,Array3dAverage,THREE_D,64,32,2,4,1,8.616,0.897,0,0.533,0.799,0.052
AMD Firepro W9100,Array3dAverage,THREE_D,64,32,4,1,1,8.622,0.902,0.001,0.545,0.725,0.052
AMD Firepro W9100,Array3dAverage,THREE_D,64,32,4,2,1,8.621,0.797,0.001,0.521,0.737,0.048
AMD Firepro W9100,Array3dAverage,THREE_D,64,32,8,1,1,8.617,0.824,0.001,0.469,0.687,0.046
AMD Firepro W9100,Array3dAverage,THREE_D,64,64,1,1,1,8.615,0.802,0.001,0.533,0.687,0.045
AMD Firepro W9100,Array3dAverage,THREE_D,64,64,1,2,1,8.615,0.799,0,0.538,0.705,0.045
AMD Firepro W9100,Array3dAverage,THREE_D,64,64,1,4,1,8.612,0.824,0,0.465,0.698,0.045
AMD Firepro W9100,Array3dAverage,THREE_D,64,64,2,1,1,8.611,0.799,0.001,0.554,0.703,0.063
AMD Firepro W9100,Array3dAverage,THREE_D,64,64,2,2,1,8.608,0.833,0.001,0.519,0.68,0.062
AMD Firepro W9100,Array3dAverage,THREE_D,64,64,4,1,1,8.611,0.842,0.001,0.545,0.767,0.052
AMD Firepro W9100,Array3dAverage,THREE_D,64,128,1,1,1,8.664,0.89,0.001,0.587,0.796,0.051
AMD Firepro W9100,Array3dAverage,THREE_D,64,128,1,2,1,8.682,0.877,0.001,0.488,0.718,0.049
AMD Firepro W9100,Array3dAverage,THREE_D,64,128,2,1,1,8.668,0.842,0.001,0.521,0.706,0.045
AMD Firepro W9100,Array3dAverage,THREE_D,64,256,1,1,1,8.648,0.795,0,0.552,0.702,0.045
AMD Firepro W9100,Array3dAverage,THREE_D,64,1,1,32,1,8.51,0.807,0.001,1.053,0.727,0.038
AMD Firepro W9100,Array3dAverage,THREE_D,64,1,1,64,1,8.51,0.754,0.002,1.018,0.691,0.041
AMD Firepro W9100,Array3dAverage,THREE_D,64,1,2,32,1,8.54,0.674,0.002,0.82,0.632,0.049
AMD Firepro W9100,Array3dAverage,THREE_D,64,1,2,64,1,8.504,0.677,0.001,0.906,0.609,0.049
AMD Firepro W9100,Array3dAverage,THREE_D,64,1,4,32,1,8.505,0.668,0.002,0.979,0.61,0.052
AMD Firepro W9100,Array3dAverage,THREE_D,64,1,4,64,1,8.505,0.698,0.001,1.088,0.608,0.048
AMD Firepro W9100,Array3dAverage,THREE_D,64,1,8,32,1,8.503,0.669,0.001,0.785,0.629,0.047
AMD Firepro W9100,Array3dAverage,THREE_D,64,1,32,1,1,8.506,0.678,0.003,0.677,0.595,0.056
AMD Firepro W9100,Array3dAverage,THREE_D,64,1,32,2,1,8.578,0.664,0.001,0.817,0.605,0.052
AMD Firepro W9100,Array3dAverage,THREE_D,64,1,32,4,1,8.506,0.676,0.017,0.903,0.595,0.059
AMD Firepro W9100,Array3dAverage,THREE_D,64,1,32,8,1,8.506,0.675,0.001,0.91,0.598,0.058
AMD Firepro W9100,Array3dAverage,THREE_D,64,1,64,1,1,8.545,0.675,0.001,0.742,0.604,0.049
AMD Firepro W9100,Array3dAverage,THREE_D,64,1,64,2,1,8.507,0.703,0.016,0.865,0.617,0.047
AMD Firepro W9100,Array3dAverage,THREE_D,64,1,64,4,1,8.504,0.662,0.001,0.945,0.606,0.051
AMD Firepro W9100,Array3dAverage,THREE_D,64,2,1,32,1,8.502,0.665,0.001,0.605,0.61,0.05
AMD Firepro W9100,Array3dAverage,THREE_D,64,2,1,64,1,8.504,0.687,0.001,0.862,0.626,0.05
AMD Firepro W9100,Array3dAverage,THREE_D,64,2,2,32,1,8.54,0.707,0.001,0.593,0.605,0.049
AMD Firepro W9100,Array3dAverage,THREE_D,64,2,2,64,1,8.504,0.704,0.001,0.795,0.616,0.051
AMD Firepro W9100,Array3dAverage,THREE_D,64,2,4,32,1,8.586,0.682,0.001,0.734,0.641,0.031
AMD Firepro W9100,Array3dAverage,THREE_D,64,2,32,1,1,8.511,0.713,0.016,0.534,0.607,0.05
AMD Firepro W9100,Array3dAverage,THREE_D,64,2,32,2,1,8.505,0.706,0.015,0.649,0.609,0.047
AMD Firepro W9100,Array3dAverage,THREE_D,64,2,32,4,1,8.502,0.724,0,0.547,0.595,0.058
AMD Firepro W9100,Array3dAverage,THREE_D,64,2,64,1,1,8.506,0.7,0,0.659,0.617,0.048
AMD Firepro W9100,Array3dAverage,THREE_D,64,2,64,2,1,8.537,0.711,0.016,0.663,0.597,0.058
AMD Firepro W9100,Array3dAverage,THREE_D,64,4,1,32,1,8.513,0.752,0.001,0.496,0.687,0.039
AMD Firepro W9100,Array3dAverage,THREE_D,64,4,1,64,1,8.519,0.75,0,0.46,0.736,0.037
AMD Firepro W9100,Array3dAverage,THREE_D,64,4,2,32,1,8.925,0.755,0.001,0.483,0.729,0.037
AMD Firepro W9100,Array3dAverage,THREE_D,64,4,32,1,1,8.544,0.674,0.001,0.543,0.635,0.051
AMD Firepro W9100,Array3dAverage,THREE_D,64,4,32,2,1,8.503,0.666,0.001,0.552,0.6,0.059
AMD Firepro W9100,Array3dAverage,THREE_D,64,4,64,1,1,8.505,0.704,0.001,0.55,0.599,0.057
AMD Firepro W9100,Array3dAverage,THREE_D,64,8,1,32,1,8.51,0.71,0.002,0.483,0.605,0.046
AMD Firepro W9100,Array3dAverage,THREE_D,64,8,32,1,1,8.612,0.682,0.002,0.492,0.629,0.056
AMD Firepro W9100,Array3dAverage,THREE_D,64,32,1,1,1,8.543,0.663,0.001,0.491,0.594,0.055
AMD Firepro W9100,Array3dAverage,THREE_D,64,32,1,2,1,8.504,0.682,0.002,0.484,0.618,0.048
AMD Firepro W9100,Array3dAverage,THREE_D,64,32,1,4,1,8.503,0.695,0.001,0.471,0.613,0.049
AMD Firepro W9100,Array3dAverage,THREE_D,64,32,1,8,1,8.506,0.657,0.001,0.447,0.616,0.045
AMD Firepro W9100,Array3dAverage,THREE_D,64,32,2,1,1,8.546,0.667,0.002,0.505,0.616,0.048
AMD Firepro W9100,Array3dAverage,THREE_D,64,32,2,2,1,8.504,0.718,0.001,0.493,0.608,0.046
AMD Firepro W9100,Array3dAverage,THREE_D,64,32,2,4,1,8.541,0.66,0.001,0.479,0.612,0.047
AMD Firepro W9100,Array3dAverage,THREE_D,64,32,4,1,1,8.757,0.709,0.001,0.472,0.621,0.047
AMD Firepro W9100,Array3dAverage,THREE_D,64,32,4,2,1,8.504,0.67,0.001,0.45,0.613,0.046
AMD Firepro W9100,Array3dAverage,THREE_D,64,32,8,1,1,8.504,0.688,0.001,0.469,0.598,0.063
AMD Firepro W9100,Array3dAverage,THREE_D,64,64,1,1,1,8.542,0.695,0.001,0.492,0.608,0.047
AMD Firepro W9100,Array3dAverage,THREE_D,64,64,1,2,1,8.505,0.658,0.002,0.507,0.614,0.048
AMD Firepro W9100,Array3dAverage,THREE_D,64,64,1,4,1,8.504,0.667,0.001,0.468,0.613,0.049
AMD Firepro W9100,Array3dAverage,THREE_D,64,64,2,1,1,8.504,0.698,0.001,0.483,0.609,0.046
AMD Firepro W9100,Array3dAverage,THREE_D,64,64,2,2,1,8.542,0.661,0.001,0.51,0.609,0.053
AMD Firepro W9100,Array3dAverage,THREE_D,64,64,4,1,1,8.503,0.664,0.001,0.474,0.615,0.046
AMD Firepro W9100,Array3dAverage,THREE_D,64,1,1,64,1,8.671,0.743,0.001,0.869,0.688,0.036
AMD Firepro W9100,Array3dAverage,THREE_D,64,1,2,64,1,11.24,0.719,0.002,1.023,0.662,0.06
AMD Firepro W9100,Array3dAverage,THREE_D,64,1,4,64,1,10.442,0.715,0.001,0.944,0.717,0.048
AMD Firepro W9100,Array3dAverage,THREE_D,64,1,64,1,1,11.173,0.723,0.001,0.919,0.663,0.059
AMD Firepro W9100,Array3dAverage,THREE_D,64,1,64,2,1,12.174,0.687,0.002,0.823,0.649,0.05
AMD Firepro W9100,Array3dAverage,THREE_D,64,1,64,4,1,8.613,0.664,0.002,0.883,0.641,0.051
AMD Firepro W9100,Array3dAverage,THREE_D,64,2,1,64,1,10.512,0.69,0.003,0.69,0.66,0.061
AMD Firepro W9100,Array3dAverage,THREE_D,64,2,2,64,1,10.073,0.708,0.002,0.815,0.667,0.059
AMD Firepro W9100,Array3dAverage,THREE_D,64,2,64,1,1,10.018,0.538,0.001,0.53,0.528,0.039
AMD Firepro W9100,Array3dAverage,THREE_D,64,2,64,2,1,12.296,0.551,0.001,0.706,0.664,0.043
AMD Firepro W9100,Array3dAverage,THREE_D,64,4,1,64,1,10.189,0.723,0.001,0.611,0.673,0.04
AMD Firepro W9100,Array3dAverage,THREE_D,64,4,64,1,1,11.467,0.718,0.001,0.386,0.609,0.048
AMD Firepro W9100,Array3dAverage,THREE_D,64,64,1,1,1,8.775,0.494,0.001,0.319,0.476,0.029
AMD Firepro W9100,Array3dAverage,THREE_D,64,64,1,2,1,8.616,0.66,0.003,0.448,0.649,0.051
AMD Firepro W9100,Array3dAverage,THREE_D,64,64,1,4,1,8.616,0.659,0.002,0.391,0.65,0.045
AMD Firepro W9100,Array3dAverage,THREE_D,64,64,2,1,1,8.724,0.658,0.002,0.472,0.651,0.05
AMD Firepro W9100,Array3dAverage,THREE_D,64,64,2,2,1,8.727,0.689,0.002,0.443,0.648,0.046
AMD Firepro W9100,Array3dAverage,THREE_D,64,64,4,1,1,8.687,0.689,0.002,0.413,0.61,0.028
AMD Firepro W9100,Array3dAverage,THREE_D,64,1,1,64,1,12.194,0.503,0.001,1.038,0.475,0.03
AMD Firepro W9100,Array3dAverage,THREE_D,64,1,2,64,1,12.094,0.684,0.002,0.774,0.64,0.049
AMD Firepro W9100,Array3dAverage,THREE_D,64,1,4,64,1,12.086,0.683,0.001,0.782,0.639,0.051
AMD Firepro W9100,Array3dAverage,THREE_D,64,1,64,1,1,10.352,0.692,0.001,0.865,0.657,0.059
AMD Firepro W9100,Array3dAverage,THREE_D,64,1,64,2,1,13.406,0.682,0.002,0.651,0.798,0.046
AMD Firepro W9100,Array3dAverage,THREE_D,64,1,64,4,1,8.613,0.664,0.003,0.931,0.652,0.046
AMD Firepro W9100,Array3dAverage,THREE_D,64,2,1,64,1,12.093,0.697,0.002,0.725,0.628,0.049
AMD Firepro W9100,Array3dAverage,THREE_D,64,2,2,64,1,11.891,0.727,0.001,0.83,0.716,0.048
AMD Firepro W9100,Array3dAverage,THREE_D,64,2,64,1,1,10.162,0.699,0.001,0.547,0.679,0.056
AMD Firepro W9100,Array3dAverage,THREE_D,64,2,64,2,1,12.81,0.671,0.002,0.651,0.666,0.049
AMD Firepro W9100,Array3dAverage,THREE_D,64,4,1,64,1,8.654,0.687,0.002,0.605,0.644,0.048
AMD Firepro W9100,Array3dAverage,THREE_D,64,4,64,1,1,10.277,0.68,0.002,0.587,0.665,0.055
AMD Firepro W9100,Array3dAverage,THREE_D,64,64,1,1,1,8.618,0.683,0.002,0.397,0.638,0.047
AMD Firepro W9100,Array3dAverage,THREE_D,64,64,1,2,1,8.613,0.682,0.001,0.437,0.646,0.048
AMD Firepro W9100,Array3dAverage,THREE_D,64,64,1,4,1,8.614,0.494,0.001,0.292,0.482,0.029
AMD Firepro W9100,Array3dAverage,THREE_D,64,64,2,1,1,8.615,0.493,0.001,0.295,0.475,0.029
AMD Firepro W9100,Array3dAverage,THREE_D,64,64,2,2,1,8.717,0.494,0.001,0.29,0.471,0.03
AMD Firepro W9100,Array3dAverage,THREE_D,64,64,4,1,1,8.613,0.673,0.002,0.31,0.473,0.029
AMD Firepro W9100,Array3dAverage,THREE_D,64,1,1,32,1,8.653,0.753,0.018,1.069,0.688,0.035
AMD Firepro W9100,Array3dAverage,THREE_D,64,1,1,64,1,8.669,0.698,0.001,1.028,0.684,0.032
AMD Firepro W9100,Array3dAverage,THREE_D,64,1,2,32,1,8.615,0.641,0.003,0.891,0.471,0.033
AMD Firepro W9100,Array3dAverage,THREE_D,64,1,2,64,1,8.652,0.492,0.001,0.771,0.471,0.035
AMD Firepro W9100,Array3dAverage,THREE_D,64,1,4,32,1,11.134,0.647,0.004,0.832,0.637,0.048
AMD Firepro W9100,Array3dAverage,THREE_D,64,1,4,64,1,8.613,0.666,0.001,0.947,0.639,0.046
AMD Firepro W9100,Array3dAverage,THREE_D,64,1,8,32,1,8.612,0.654,0.004,0.907,0.633,0.049
AMD Firepro W9100,Array3dAverage,THREE_D,64,1,32,1,1,8.722,0.494,0.001,0.691,0.482,0.03
AMD Firepro W9100,Array3dAverage,THREE_D,64,1,32,2,1,8.666,0.72,0.003,0.751,0.667,0.048
AMD Firepro W9100,Array3dAverage,THREE_D,64,1,32,4,1,8.615,0.706,0.016,0.79,0.623,0.052
AMD Firepro W9100,Array3dAverage,THREE_D,64,1,32,8,1,8.614,0.682,0.002,0.86,0.652,0.047
AMD Firepro W9100,Array3dAverage,THREE_D,64,1,64,1,1,8.616,0.694,0.017,0.845,0.649,0.048
AMD Firepro W9100,Array3dAverage,THREE_D,64,1,64,2,1,8.763,0.689,0.004,0.676,0.641,0.049
AMD Firepro W9100,Array3dAverage,THREE_D,64,1,64,4,1,8.777,0.658,0.003,0.854,0.639,0.048
AMD Firepro W9100,Array3dAverage,THREE_D,64,2,1,32,1,8.617,0.496,0.001,0.571,0.472,0.035
AMD Firepro W9100,Array3dAverage,THREE_D,64,2,1,64,1,8.614,0.493,0.001,0.531,0.476,0.033
AMD Firepro W9100,Array3dAverage,THREE_D,64,2,2,32,1,8.614,0.655,0.002,0.568,0.661,0.047
AMD Firepro W9100,Array3dAverage,THREE_D,64,2,2,64,1,8.61,0.661,0.002,0.738,0.635,0.054
AMD Firepro W9100,Array3dAverage,THREE_D,64,2,4,32,1,8.613,0.69,0.001,0.688,0.652,0.049
AMD Firepro W9100,Array3dAverage,THREE_D,64,2,32,1,1,8.613,0.667,0.003,0.639,0.663,0.055
AMD Firepro W9100,Array3dAverage,THREE_D,64,2,32,2,1,8.611,0.653,0.002,0.655,0.643,0.051
AMD Firepro W9100,Array3dAverage,THREE_D,64,2,32,4,1,8.611,0.654,0.002,0.637,0.637,0.051
AMD Firepro W9100,Array3dAverage,THREE_D,64,2,64,1,1,8.649,0.671,0.002,0.572,0.638,0.049
AMD Firepro W9100,Array3dAverage,THREE_D,64,2,64,2,1,8.608,0.492,0.001,0.494,0.48,0.029
AMD Firepro W9100,Array3dAverage,THREE_D,64,4,1,32,1,8.616,0.658,0.002,0.544,0.642,0.052
AMD Firepro W9100,Array3dAverage,THREE_D,64,4,1,64,1,8.609,0.653,0.002,0.58,0.637,0.049
AMD Firepro W9100,Array3dAverage,THREE_D,64,4,2,32,1,8.613,0.667,0.015,0.432,0.642,0.048
AMD Firepro W9100,Array3dAverage,THREE_D,64,4,32,1,1,8.611,0.684,0.002,0.516,0.636,0.049
AMD Firepro W9100,Array3dAverage,THREE_D,64,4,32,2,1,8.645,0.68,0.002,0.549,0.639,0.054
AMD Firepro W9100,Array3dAverage,THREE_D,64,4,64,1,1,8.614,0.493,0.001,0.385,0.634,0.048
AMD Firepro W9100,Array3dAverage,THREE_D,64,8,1,32,1,8.611,0.681,0.002,0.473,0.635,0.053
AMD Firepro W9100,Array3dAverage,THREE_D,64,8,32,1,1,8.613,0.665,0.002,0.406,0.64,0.043
AMD Firepro W9100,Array3dAverage,THREE_D,64,32,1,1,1,8.612,0.661,0.003,0.449,0.632,0.045
AMD Firepro W9100,Array3dAverage,THREE_D,64,32,1,2,1,8.619,0.664,0.002,0.452,0.638,0.049
AMD Firepro W9100,Array3dAverage,THREE_D,64,32,1,4,1,8.612,0.674,0.002,0.438,0.631,0.05
AMD Firepro W9100,Array3dAverage,THREE_D,64,32,1,8,1,8.651,0.664,0.016,0.308,0.6,0.05
AMD Firepro W9100,Array3dAverage,THREE_D,64,32,2,1,1,8.612,0.495,0.001,0.312,0.488,0.031
AMD Firepro W9100,Array3dAverage,THREE_D,64,32,2,2,1,8.61,0.666,0.001,0.443,0.638,0.047
AMD Firepro W9100,Array3dAverage,THREE_D,64,32,2,4,1,8.612,0.665,0.002,0.436,0.634,0.049
AMD Firepro W9100,Array3dAverage,THREE_D,64,32,4,1,1,8.654,0.685,0.002,0.395,0.635,0.049
AMD Firepro W9100,Array3dAverage,THREE_D,64,32,4,2,1,8.621,0.684,0.001,0.47,0.666,0.029
AMD Firepro W9100,Array3dAverage,THREE_D,64,32,8,1,1,8.618,0.656,0.002,0.385,0.648,0.051
AMD Firepro W9100,Array3dAverage,THREE_D,64,64,1,1,1,8.613,0.639,0.002,0.474,0.637,0.051
AMD Firepro W9100,Array3dAverage,THREE_D,64,64,1,2,1,8.653,0.659,0.002,0.397,0.634,0.049
AMD Firepro W9100,Array3dAverage,THREE_D,64,64,1,4,1,8.708,0.819,0.001,0.317,0.637,0.05
AMD Firepro W9100,Array3dAverage,THREE_D,64,64,2,1,1,8.725,0.664,0.002,0.315,0.478,0.03
AMD Firepro W9100,Array3dAverage,THREE_D,64,64,2,2,1,8.689,0.599,0.001,0.245,0.653,0.031
AMD Firepro W9100,Array3dAverage,THREE_D,64,64,4,1,1,8.614,0.687,0.001,0.304,0.598,0.049
AMD Firepro W9100,Array3dAverage,THREE_D,64,1,1,64,1,10.629,0.782,0.001,1.207,0.663,0.061
AMD Firepro W9100,Array3dAverage,THREE_D,64,1,2,64,1,10.18,0.75,0.001,0.812,0.704,0.043
AMD Firepro W9100,Array3dAverage,THREE_D,64,1,4,64,1,11.448,0.822,0.001,1.063,0.69,0.052
AMD Firepro W9100,Array3dAverage,THREE_D,64,1,64,1,1,8.695,0.696,0.002,0.761,0.671,0.051
AMD Firepro W9100,Array3dAverage,THREE_D,64,1,64,2,1,8.681,0.725,0.002,0.92,0.66,0.06
AMD Firepro W9100,Array3dAverage,THREE_D,64,1,64,4,1,8.717,0.703,0.001,0.743,0.658,0.056
AMD Firepro W9100,Array3dAverage,THREE_D,64,2,1,64,1,11.22,0.698,0.002,0.669,0.646,0.046
AMD Firepro W9100,Array3dAverage,THREE_D,64,2,2,64,1,10.88,0.73,0.001,0.754,0.678,0.051
AMD Firepro W9100,Array3dAverage,THREE_D,64,2,64,1,1,10.03,0.743,0.001,0.593,0.664,0.056
AMD Firepro W9100,Array3dAverage,THREE_D,64,2,64,2,1,13.469,0.744,0.001,0.734,0.68,0.043
AMD Firepro W9100,Array3dAverage,THREE_D,64,4,1,64,1,10.778,0.852,0.002,0.562,0.682,0.051
AMD Firepro W9100,Array3dAverage,THREE_D,64,4,64,1,1,8.643,0.698,0.001,0.533,0.663,0.037
AMD Firepro W9100,Array3dAverage,THREE_D,64,64,1,1,1,10.922,0.679,0.001,0.454,0.637,0.047
AMD Firepro W9100,Array3dAverage,THREE_D,64,64,1,2,1,8.682,0.734,0.001,0.494,0.645,0.049
AMD Firepro W9100,Array3dAverage,THREE_D,64,64,1,4,1,8.642,0.722,0.001,0.417,0.642,0.043
AMD Firepro W9100,Array3dAverage,THREE_D,64,64,2,1,1,8.645,0.735,0.001,0.46,0.631,0.057
AMD Firepro W9100,Array3dAverage,THREE_D,64,64,2,2,1,8.644,0.75,0.001,0.407,0.642,0.044
AMD Firepro W9100,Array3dAverage,THREE_D,64,64,4,1,1,8.645,0.747,0,0.445,0.649,0.046
AMD Firepro W9100,Array3dAverage,THREE_D,64,1,1,64,1,10.279,0.693,0.015,1.045,0.67,0.063
AMD Firepro W9100,Array3dAverage,THREE_D,64,1,2,64,1,12.092,0.619,0.002,0.979,0.647,0.049
AMD Firepro W9100,Array3dAverage,THREE_D,64,1,4,64,1,12.089,0.702,0.003,1.077,0.638,0.055
AMD Firepro W9100,Array3dAverage,THREE_D,64,1,64,1,1,10.564,0.55,0.001,0.757,0.536,0.042
AMD Firepro W9100,Array3dAverage,THREE_D,64,1,64,2,1,13.083,0.713,0.003,0.864,0.682,0.031
AMD Firepro W9100,Array3dAverage,THREE_D,64,1,64,4,1,8.613,0.678,0.003,0.897,0.639,0.049
AMD Firepro W9100,Array3dAverage,THREE_D,64,2,1,64,1,11.651,0.71,0.002,0.641,0.655,0.061
AMD Firepro W9100,Array3dAverage,THREE_D,64,2,2,64,1,11.606,0.686,0.002,0.637,0.658,0.057
AMD Firepro W9100,Array3dAverage,THREE_D,64,2,64,1,1,10.09,0.685,0.002,0.659,0.679,0.044
AMD Firepro W9100,Array3dAverage,THREE_D,64,2,64,2,1,12.847,0.674,0.002,0.637,0.636,0.048
AMD Firepro W9100,Array3dAverage,THREE_D,64,4,1,64,1,10.579,0.716,0.004,0.636,0.688,0.047
AMD Firepro W9100,Array3dAverage,THREE_D,64,4,64,1,1,9.899,0.699,0.001,0.485,0.662,0.057
AMD Firepro W9100,Array3dAverage,THREE_D,64,64,1,1,1,9.622,0.677,0.002,0.463,0.658,0.055
AMD Firepro W9100,Array3dAverage,THREE_D,64,64,1,2,1,12.175,0.686,0.001,0.424,0.688,0.043
AMD Firepro W9100,Array3dAverage,THREE_D,64,64,1,4,1,12.436,0.686,0,0.454,0.639,0.048
AMD Firepro W9100,Array3dAverage,THREE_D,64,64,2,1,1,8.61,0.643,0.002,0.438,0.642,0.052
AMD Firepro W9100,Array3dAverage,THREE_D,64,64,2,2,1,8.612,0.684,0.002,0.385,0.646,0.048
AMD Firepro W9100,Array3dAverage,THREE_D,64,64,4,1,1,8.611,0.654,0.001,0.436,0.646,0.049
AMD Firepro W9100,Array3dAverage,THREE_D,64,1,1,32,1,11.067,1.021,0.001,1.077,0.878,0.058
AMD Firepro W9100,Array3dAverage,THREE_D,64,1,1,64,1,11.136,0.936,0.001,1.095,0.894,0.049
AMD Firepro W9100,Array3dAverage,THREE_D,64,1,2,32,1,8.618,0.803,0,1.068,0.683,0.061
AMD Firepro W9100,Array3dAverage,THREE_D,64,1,2,64,1,8.611,0.827,0.001,0.961,0.674,0.06
AMD Firepro W9100,Array3dAverage,THREE_D,64,1,4,32,1,8.616,0.8,0.001,1.038,0.704,0.042
AMD Firepro W9100,Array3dAverage,THREE_D,64,1,4,64,1,8.612,0.817,0.001,1.014,0.696,0.041
AMD Firepro W9100,Array3dAverage,THREE_D,64,1,8,32,1,8.611,0.833,0.001,0.879,0.68,0.057
AMD Firepro W9100,Array3dAverage,THREE_D,64,1,32,1,1,10.358,0.81,0.001,0.943,0.702,0.05
AMD Firepro W9100,Array3dAverage,THREE_D,64,1,32,2,1,12.54,0.782,0.016,0.761,0.696,0.042
AMD Firepro W9100,Array3dAverage,THREE_D,64,1,32,4,1,8.613,0.806,0,0.957,0.674,0.062
AMD Firepro W9100,Array3dAverage,THREE_D,64,1,32,8,1,8.614,0.802,0.001,0.951,0.691,0.057
AMD Firepro W9100,Array3dAverage,THREE_D,64,1,64,1,1,8.611,0.823,0,0.93,0.7,0.042
AMD Firepro W9100,Array3dAverage,THREE_D,64,1,64,2,1,8.61,0.806,0.001,0.832,0.674,0.059
AMD Firepro W9100,Array3dAverage,THREE_D,64,1,64,4,1,8.611,0.828,0.001,0.838,0.697,0.042
AMD Firepro W9100,Array3dAverage,THREE_D,64,2,1,32,1,8.615,0.798,0.001,0.827,0.677,0.058
AMD Firepro W9100,Array3dAverage,THREE_D,64,2,1,64,1,8.611,0.785,0.015,0.88,0.677,0.056
AMD Firepro W9100,Array3dAverage,THREE_D,64,2,2,32,1,8.609,0.808,0,0.805,0.698,0.042
AMD Firepro W9100,Array3dAverage,THREE_D,64,2,2,64,1,8.609,0.801,0.001,0.893,0.769,0.042
AMD Firepro W9100,Array3dAverage,THREE_D,64,2,4,32,1,8.621,0.785,0.016,0.655,0.685,0.056
AMD Firepro W9100,Array3dAverage,THREE_D,64,2,32,1,1,8.613,0.798,0.001,0.78,0.678,0.057
AMD Firepro W9100,Array3dAverage,THREE_D,64,2,32,2,1,8.61,0.792,0.016,0.617,0.718,0.041
AMD Firepro W9100,Array3dAverage,THREE_D,64,2,32,4,1,8.612,0.832,0,0.587,0.669,0.061
AMD Firepro W9100,Array3dAverage,THREE_D,64,2,64,1,1,8.612,0.783,0.002,0.657,0.671,0.062
AMD Firepro W9100,Array3dAverage,THREE_D,64,2,64,2,1,8.612,0.83,0.001,0.687,0.693,0.057
AMD Firepro W9100,Array3dAverage,THREE_D,64,4,1,32,1,8.608,0.797,0.001,0.651,0.685,0.058
AMD Firepro W9100,Array3dAverage,THREE_D,64,4,1,64,1,8.613,0.836,0,0.647,0.669,0.065
AMD Firepro W9100,Array3dAverage,THREE_D,64,4,2,32,1,8.608,0.799,0.001,0.639,0.682,0.059
AMD Firepro W9100,Array3dAverage,THREE_D,64,4,32,1,1,8.612,0.804,0,0.555,0.708,0.04
AMD Firepro W9100,Array3dAverage,THREE_D,64,4,32,2,1,8.609,0.82,0.001,0.526,0.675,0.063
AMD Firepro W9100,Array3dAverage,THREE_D,64,4,64,1,1,8.61,0.783,0.002,0.606,0.731,0.041
AMD Firepro W9100,Array3dAverage,THREE_D,64,8,1,32,1,8.608,0.797,0,0.517,0.687,0.064
AMD Firepro W9100,Array3dAverage,THREE_D,64,8,32,1,1,8.611,0.796,0.001,0.562,0.697,0.041
AMD Firepro W9100,Array3dAverage,THREE_D,64,32,1,1,1,8.613,0.799,0.001,0.531,0.7,0.043
AMD Firepro W9100,Array3dAverage,THREE_D,64,32,1,2,1,8.614,0.794,0.001,0.503,0.704,0.041
AMD Firepro W9100,Array3dAverage,THREE_D,64,32,1,4,1,8.611,0.831,0,0.513,0.687,0.056
AMD Firepro W9100,Array3dAverage,THREE_D,64,32,1,8,1,8.613,0.798,0,0.522,0.681,0.063
AMD Firepro W9100,Array3dAverage,THREE_D,64,32,2,1,1,8.607,0.831,0,0.526,0.682,0.056
AMD Firepro W9100,Array3dAverage,THREE_D,64,32,2,2,1,8.61,0.801,0.001,0.51,0.714,0.057
AMD Firepro W9100,Array3dAverage,THREE_D,64,32,2,4,1,8.615,0.827,0.001,0.487,0.705,0.041
AMD Firepro W9100,Array3dAverage,THREE_D,64,32,4,1,1,8.609,0.834,0,0.514,0.699,0.041
AMD Firepro W9100,Array3dAverage,THREE_D,64,32,4,2,1,8.612,0.805,0.001,0.511,0.726,0.042
AMD Firepro W9100,Array3dAverage,THREE_D,64,32,8,1,1,8.616,0.837,0,0.508,0.676,0.061
AMD Firepro W9100,Array3dAverage,THREE_D,64,64,1,1,1,8.609,0.829,0,0.535,0.699,0.042
AMD Firepro W9100,Array3dAverage,THREE_D,64,64,1,2,1,8.611,0.798,0.001,0.501,0.689,0.062
AMD Firepro W9100,Array3dAverage,THREE_D,64,64,1,4,1,8.612,0.806,0.001,0.571,0.707,0.042
AMD Firepro W9100,Array3dAverage,THREE_D,64,64,2,1,1,8.612,0.793,0.001,0.58,0.711,0.048
AMD Firepro W9100,Array3dAverage,THREE_D,64,64,2,2,1,8.605,0.834,0,0.513,0.699,0.043
AMD Firepro W9100,Array3dAverage,THREE_D,64,64,4,1,1,8.619,0.799,0,0.508,0.733,0.043
AMD Firepro W9100,Array3dAverage,THREE_D,64,1,1,64,1,12.891,0.868,0,1.044,0.876,0.043
AMD Firepro W9100,Array3dAverage,THREE_D,64,1,2,64,1,12.623,0.813,0.001,1.065,0.751,0.048
AMD Firepro W9100,Array3dAverage,THREE_D,64,1,4,64,1,8.79,0.836,0,0.866,0.686,0.058
AMD Firepro W9100,Array3dAverage,THREE_D,64,1,64,1,1,10.322,0.824,0.001,0.723,0.69,0.058
AMD Firepro W9100,Array3dAverage,THREE_D,64,1,64,2,1,8.783,0.803,0,0.913,0.68,0.058
AMD Firepro W9100,Array3dAverage,THREE_D,64,1,64,4,1,8.784,0.801,0.001,0.859,0.688,0.063
AMD Firepro W9100,Array3dAverage,THREE_D,64,2,1,64,1,8.79,0.884,0.001,0.919,0.771,0.044
AMD Firepro W9100,Array3dAverage,THREE_D,64,2,2,64,1,8.787,0.804,0.001,0.694,0.673,0.059
AMD Firepro W9100,Array3dAverage,THREE_D,64,2,64,1,1,10.884,0.889,0.001,0.87,0.765,0.054
AMD Firepro W9100,Array3dAverage,THREE_D,64,2,64,2,1,13.709,0.805,0,0.74,0.674,0.062
AMD Firepro W9100,Array3dAverage,THREE_D,64,4,1,64,1,8.787,0.789,0.016,0.549,0.677,0.058
AMD Firepro W9100,Array3dAverage,THREE_D,64,4,64,1,1,8.79,0.844,0.001,0.536,0.801,0.05
AMD Firepro W9100,Array3dAverage,THREE_D,64,64,1,1,1,11.031,0.809,0.001,0.583,0.706,0.052
AMD Firepro W9100,Array3dAverage,THREE_D,64,64,1,2,1,12.173,0.802,0.001,0.458,0.697,0.043
AMD Firepro W9100,Array3dAverage,THREE_D,64,64,1,4,1,8.783,0.818,0,0.477,0.699,0.041
AMD Firepro W9100,Array3dAverage,THREE_D,64,64,2,1,1,8.784,0.8,0.001,0.548,0.681,0.063
AMD Firepro W9100,Array3dAverage,THREE_D,64,64,2,2,1,8.784,0.829,0,0.524,0.699,0.042
AMD Firepro W9100,Array3dAverage,THREE_D,64,64,4,1,1,8.893,0.827,0,0.524,0.678,0.063
AMD Firepro W9100,Array3dAverage,THREE_D,64,1,1,64,1,13.225,0.915,0.001,1.319,0.86,0.05
AMD Firepro W9100,Array3dAverage,THREE_D,64,1,2,64,1,12.922,0.898,0.001,1.233,0.834,0.053
AMD Firepro W9100,Array3dAverage,THREE_D,64,1,4,64,1,12.915,0.839,0,1.037,0.725,0.059
AMD Firepro W9100,Array3dAverage,THREE_D,64,1,64,1,1,12.141,0.84,0.001,0.894,0.77,0.056
AMD Firepro W9100,Array3dAverage,THREE_D,64,1,64,2,1,11.967,0.864,0.001,1.017,0.796,0.041
AMD Firepro W9100,Array3dAverage,THREE_D,64,1,64,4,1,8.81,0.818,0.017,0.824,0.684,0.059
AMD Firepro W9100,Array3dAverage,THREE_D,64,2,1,64,1,12.288,0.806,0.001,0.839,0.678,0.059
AMD Firepro W9100,Array3dAverage,THREE_D,64,2,2,64,1,12.36,0.853,0.001,0.749,0.775,0.074
AMD Firepro W9100,Array3dAverage,THREE_D,64,2,64,1,1,8.804,0.806,0,0.645,0.687,0.058
AMD Firepro W9100,Array3dAverage,THREE_D,64,2,64,2,1,8.812,0.784,0.015,0.743,0.705,0.043
AMD Firepro W9100,Array3dAverage,THREE_D,64,4,1,64,1,11.786,0.839,0.001,0.646,0.692,0.055
AMD Firepro W9100,Array3dAverage,THREE_D,64,4,64,1,1,10.557,0.842,0.001,0.613,0.699,0.054
AMD Firepro W9100,Array3dAverage,THREE_D,64,64,1,1,1,11.174,0.808,0,0.514,0.731,0.05
AMD Firepro W9100,Array3dAverage,THREE_D,64,64,1,2,1,12.089,0.837,0,0.511,0.689,0.06
AMD Firepro W9100,Array3dAverage,THREE_D,64,64,1,4,1,8.809,0.782,0.001,0.525,0.714,0.057
AMD Firepro W9100,Array3dAverage,THREE_D,64,64,2,1,1,8.808,0.804,0,0.511,0.729,0.044
AMD Firepro W9100,Array3dAverage,THREE_D,64,64,2,2,1,8.808,0.801,0.001,0.478,0.699,0.043
AMD Firepro W9100,Array3dAverage,THREE_D,64,64,4,1,1,8.814,0.813,0.001,0.547,0.7,0.043
AMD Firepro W9100,Array3dAverage,THREE_D,64,1,1,32,1,10.264,0.924,0.001,0.98,0.749,0.046
AMD Firepro W9100,Array3dAverage,THREE_D,64,1,1,64,1,12.59,0.84,0.001,1.117,0.701,0.094
AMD Firepro W9100,Array3dAverage,THREE_D,64,1,2,32,1,8.612,0.785,0.015,1.075,0.711,0.041
AMD Firepro W9100,Array3dAverage,THREE_D,64,1,2,64,1,8.612,0.826,0,0.983,0.684,0.058
AMD Firepro W9100,Array3dAverage,THREE_D,64,1,4,32,1,8.612,0.812,0.016,0.934,0.68,0.058
AMD Firepro W9100,Array3dAverage,THREE_D,64,1,4,64,1,8.621,0.798,0.001,0.953,0.686,0.058
AMD Firepro W9100,Array3dAverage,THREE_D,64,1,8,32,1,8.616,0.8,0.001,0.806,0.686,0.059
AMD Firepro W9100,Array3dAverage,THREE_D,64,1,32,1,1,10.227,0.841,0.001,0.933,0.699,0.052
AMD Firepro W9100,Array3dAverage,THREE_D,64,1,32,2,1,12.677,0.841,0.001,0.995,0.768,0.05
AMD Firepro W9100,Array3dAverage,THREE_D,64,1,32,4,1,8.616,0.872,0.001,0.888,0.753,0.05
AMD Firepro W9100,Array3dAverage,THREE_D,64,1,32,8,1,8.617,0.832,0.001,0.99,0.796,0.049
AMD Firepro W9100,Array3dAverage,THREE_D,64,1,64,1,1,8.655,0.874,0.001,0.773,0.821,0.049
AMD Firepro W9100,Array3dAverage,THREE_D,64,1,64,2,1,8.618,0.829,0.001,0.927,0.705,0.044
AMD Firepro W9100,Array3dAverage,THREE_D,64,1,64,4,1,8.614,0.801,0,0.961,0.718,0.044
AMD Firepro W9100,Array3dAverage,THREE_D,64,2,1,32,1,8.618,0.794,0.001,0.864,0.68,0.058
AMD Firepro W9100,Array3dAverage,THREE_D,64,2,1,64,1,8.613,0.807,0.001,0.696,0.688,0.062
AMD Firepro W9100,Array3dAverage,THREE_D,64,2,2,32,1,8.616,0.795,0,0.664,0.678,0.06
AMD Firepro W9100,Array3dAverage,THREE_D,64,2,2,64,1,8.613,0.803,0,0.702,0.688,0.06
AMD Firepro W9100,Array3dAverage,THREE_D,64,2,4,32,1,11.149,0.803,0,0.709,0.678,0.062
AMD Firepro W9100,Array3dAverage,THREE_D,64,2,32,1,1,8.614,0.802,0,0.747,0.704,0.042
AMD Firepro W9100,Array3dAverage,THREE_D,64,2,32,2,1,8.612,0.784,0.015,0.739,0.672,0.062
AMD Firepro W9100,Array3dAverage,THREE_D,64,2,32,4,1,8.617,0.799,0.001,0.776,0.687,0.061
AMD Firepro W9100,Array3dAverage,THREE_D,64,2,64,1,1,8.612,0.808,0.001,0.737,0.686,0.061
AMD Firepro W9100,Array3dAverage,THREE_D,64,2,64,2,1,8.613,0.833,0,0.716,0.705,0.058
AMD Firepro W9100,Array3dAverage,THREE_D,64,4,1,32,1,8.603,0.803,0.001,0.591,0.691,0.057
AMD Firepro W9100,Array3dAverage,THREE_D,64,4,1,64,1,8.62,0.831,0.001,0.554,0.676,0.059
AMD Firepro W9100,Array3dAverage,THREE_D,64,4,2,32,1,8.61,0.805,0,0.566,0.681,0.06
AMD Firepro W9100,Array3dAverage,THREE_D,64,4,32,1,1,10.239,0.811,0,0.547,0.725,0.049
AMD Firepro W9100,Array3dAverage,THREE_D,64,4,32,2,1,12.504,0.815,0.016,0.512,0.686,0.056
AMD Firepro W9100,Array3dAverage,THREE_D,64,4,64,1,1,8.625,0.781,0.016,0.572,0.702,0.041
AMD Firepro W9100,Array3dAverage,THREE_D,64,8,1,32,1,8.614,0.789,0.001,0.603,0.692,0.056
AMD Firepro W9100,Array3dAverage,THREE_D,64,8,32,1,1,10.162,0.807,0.001,0.53,0.735,0.049
AMD Firepro W9100,Array3dAverage,THREE_D,64,32,1,1,1,14.074,0.747,0,0.6,0.793,0.05
AMD Firepro W9100,Array3dAverage,THREE_D,64,32,1,2,1,8.617,0.871,0.001,0.567,0.799,0.047
AMD Firepro W9100,Array3dAverage,THREE_D,64,32,1,4,1,8.618,0.874,0.001,0.563,0.77,0.049
AMD Firepro W9100,Array3dAverage,THREE_D,64,32,1,8,1,8.616,0.871,0.001,0.498,0.755,0.048
AMD Firepro W9100,Array3dAverage,THREE_D,64,32,2,1,1,8.615,0.84,0.001,0.615,0.773,0.05
AMD Firepro W9100,Array3dAverage,THREE_D,64,32,2,2,1,8.616,0.872,0,0.559,0.771,0.049
AMD Firepro W9100,Array3dAverage,THREE_D,64,32,2,4,1,8.62,0.865,0.001,0.491,0.75,0.05
AMD Firepro W9100,Array3dAverage,THREE_D,64,32,4,1,1,8.622,0.805,0.001,0.539,0.736,0.042
AMD Firepro W9100,Array3dAverage,THREE_D,64,32,4,2,1,8.614,0.83,0,0.515,0.676,0.061
AMD Firepro W9100,Array3dAverage,THREE_D,64,32,8,1,1,8.613,0.801,0,0.546,0.709,0.041
AMD Firepro W9100,Array3dAverage,THREE_D,64,64,1,1,1,8.614,0.794,0.001,0.513,0.689,0.04
AMD Firepro W9100,Array3dAverage,THREE_D,64,64,1,2,1,8.617,0.827,0,0.514,0.678,0.061
AMD Firepro W9100,Array3dAverage,THREE_D,64,64,1,4,1,8.614,0.8,0.001,0.502,0.706,0.042
AMD Firepro W9100,Array3dAverage,THREE_D,64,64,2,1,1,8.614,0.795,0,0.523,0.696,0.042
AMD Firepro W9100,Array3dAverage,THREE_D,64,64,2,2,1,8.613,0.802,0.001,0.511,0.694,0.04
AMD Firepro W9100,Array3dAverage,THREE_D,64,64,4,1,1,8.612,0.84,0.001,0.59,0.77,0.05
AMD Firepro W9100,Array3dAverage,THREE_D,64,1,1,64,1,11.95,0.894,0.001,1.202,0.782,0.06
AMD Firepro W9100,Array3dAverage,THREE_D,64,1,2,64,1,11.024,0.848,0,1.233,0.725,0.06
AMD Firepro W9100,Array3dAverage,THREE_D,64,1,4,64,1,10.56,0.834,0,1.103,0.697,0.056
AMD Firepro W9100,Array3dAverage,THREE_D,64,1,64,1,1,10.779,0.833,0,0.726,0.703,0.052
AMD Firepro W9100,Array3dAverage,THREE_D,64,1,64,2,1,13.55,0.814,0,0.746,0.677,0.06
AMD Firepro W9100,Array3dAverage,THREE_D,64,1,64,4,1,8.631,0.796,0.001,0.768,0.826,0.06
AMD Firepro W9100,Array3dAverage,THREE_D,64,2,1,64,1,11.206,0.811,0.001,0.808,0.697,0.054
AMD Firepro W9100,Array3dAverage,THREE_D,64,2,2,64,1,11.373,0.807,0.001,0.72,0.697,0.053
AMD Firepro W9100,Array3dAverage,THREE_D,64,2,64,1,1,10.414,0.9,0.001,0.706,0.716,0.041
AMD Firepro W9100,Array3dAverage,THREE_D,64,2,64,2,1,8.636,0.811,0.001,0.759,0.691,0.057
AMD Firepro W9100,Array3dAverage,THREE_D,64,4,1,64,1,10.697,0.836,0.001,0.654,0.698,0.052
AMD Firepro W9100,Array3dAverage,THREE_D,64,4,64,1,1,10.418,0.806,0.001,0.505,0.673,0.067
AMD Firepro W9100,Array3dAverage,THREE_D,64,64,1,1,1,10.529,0.806,0,0.546,0.699,0.051
AMD Firepro W9100,Array3dAverage,THREE_D,64,64,1,2,1,13.002,0.809,0.001,0.559,0.689,0.056
AMD Firepro W9100,Array3dAverage,THREE_D,64,64,1,4,1,8.626,0.786,0.001,0.564,0.711,0.045
AMD Firepro W9100,Array3dAverage,THREE_D,64,64,2,1,1,8.626,0.834,0.001,0.524,0.677,0.061
AMD Firepro W9100,Array3dAverage,THREE_D,64,64,2,2,1,8.627,0.802,0,0.509,0.729,0.042
AMD Firepro W9100,Array3dAverage,THREE_D,64,64,4,1,1,8.628,0.822,0.001,0.46,0.681,0.061
AMD Firepro W9100,Array3dAverage,THREE_D,64,1,1,64,1,12.72,0.871,0.001,1.16,0.789,0.042
AMD Firepro W9100,Array3dAverage,THREE_D,64,1,2,64,1,11.604,0.837,0.001,1.072,0.764,0.079
AMD Firepro W9100,Array3dAverage,THREE_D,64,1,4,64,1,12.404,0.838,0.019,1.135,0.72,0.057
AMD Firepro W9100,Array3dAverage,THREE_D,64,1,64,1,1,10.899,0.829,0,0.969,0.707,0.042
AMD Firepro W9100,Array3dAverage,THREE_D,64,1,64,2,1,8.61,0.803,0.001,0.954,0.698,0.062
AMD Firepro W9100,Array3dAverage,THREE_D,64,1,64,4,1,8.613,0.873,0.002,0.879,0.728,0.041
AMD Firepro W9100,Array3dAverage,THREE_D,64,2,1,64,1,11.707,0.969,0.002,0.877,0.702,0.068
AMD Firepro W9100,Array3dAverage,THREE_D,64,2,2,64,1,12.005,0.836,0.001,0.882,0.703,0.054
AMD Firepro W9100,Array3dAverage,THREE_D,64,2,64,1,1,10.397,0.834,0,0.703,0.7,0.057
AMD Firepro W9100,Array3dAverage,THREE_D,64,2,64,2,1,8.614,0.825,0,0.593,0.676,0.062
AMD Firepro W9100,Array3dAverage,THREE_D,64,4,1,64,1,10.456,0.822,0.001,0.547,0.729,0.054
AMD Firepro W9100,Array3dAverage,THREE_D,64,4,64,1,1,8.612,0.836,0,0.587,0.679,0.059
AMD Firepro W9100,Array3dAverage,THREE_D,64,64,1,1,1,10.615,0.849,0.001,0.562,0.744,0.064
AMD Firepro W9100,Array3dAverage,THREE_D,64,64,1,2,1,12.846,0.823,0.001,0.455,0.709,0.059
AMD Firepro W9100,Array3dAverage,THREE_D,64,64,1,4,1,8.617,0.811,0.016,0.54,0.707,0.041
AMD Firepro W9100,Array3dAverage,THREE_D,64,64,2,1,1,8.648,0.786,0.016,0.548,0.71,0.045
AMD Firepro W9100,Array3dAverage,THREE_D,64,64,2,2,1,8.609,0.829,0.001,0.467,0.674,0.06
AMD Firepro W9100,Array3dAverage,THREE_D,64,64,4,1,1,8.614,0.813,0.016,0.485,0.697,0.041
