device/C,kernel/C,workDimension/C,width/F,height/F,xLocal/I,yLocal/I,zLocal/I,MB/F,init/F,memoryCopyOut/F,plan/F,execute/F,memoryCopyIn/F,cleanUp/F
AMD Firepro W9100,FloydWarshall,TWO_D,1619,1619,1,1,1,9,65.768,4.634,0.004,19120.7,14.602,1.759
AMD Firepro W9100,FloydWarshall,TWO_D,1619,1619,1,2,1,9,88.476,4.66,0.003,10111.3,12.16,1.8
AMD Firepro W9100,FloydWarshall,TWO_D,1619,1619,1,4,1,9,84.519,3.574,0.002,5729.96,13.654,1.768
AMD Firepro W9100,FloydWarshall,TWO_D,1619,1619,1,8,1,9,81.503,4.645,0.018,3698.24,13.797,1.795
AMD Firepro W9100,FloydWarshall,TWO_D,1619,1619,1,16,1,9,82.367,4.167,0.002,2718.84,13.866,1.773
AMD Firepro W9100,FloydWarshall,TWO_D,1619,1619,1,32,1,9,81.184,4.468,0.003,2305.63,12.134,1.765
AMD Firepro W9100,FloydWarshall,TWO_D,1619,1619,1,64,1,9,83.573,4.044,0.002,2476.36,13.945,1.737
AMD Firepro W9100,FloydWarshall,TWO_D,1619,1619,1,128,1,9,84.608,4.48,0.018,2375.39,12.414,1.779
AMD Firepro W9100,FloydWarshall,TWO_D,1619,1619,1,256,1,9,79.423,4.004,0.002,2460.74,13.063,1.792
AMD Firepro W9100,FloydWarshall,TWO_D,1619,1619,2,1,1,9,79.766,4.654,0.017,10113.6,12.791,1.82
AMD Firepro W9100,FloydWarshall,TWO_D,1619,1619,2,2,1,9,84.482,4.26,0.002,5746.71,12.295,1.839
AMD Firepro W9100,FloydWarshall,TWO_D,1619,1619,2,4,1,9,84.291,4.075,0.002,3701.19,13.574,1.816
AMD Firepro W9100,FloydWarshall,TWO_D,1619,1619,2,8,1,9,81.101,4.002,0.001,2711.54,13.636,1.822
AMD Firepro W9100,FloydWarshall,TWO_D,1619,1619,2,16,1,9,79.906,4.263,0.002,2294.62,14.023,1.796
AMD Firepro W9100,FloydWarshall,TWO_D,1619,1619,2,32,1,9,82.574,4.425,0.017,2306.85,14.409,1.764
AMD Firepro W9100,FloydWarshall,TWO_D,1619,1619,2,64,1,9,82.906,4.316,0.002,2287.53,13.802,1.788
AMD Firepro W9100,FloydWarshall,TWO_D,1619,1619,2,128,1,9,82.374,4.506,0.002,2295.37,14.012,1.827
AMD Firepro W9100,FloydWarshall,TWO_D,1619,1619,4,1,1,9,83.32,4.536,0.001,5718.87,14.619,1.841
AMD Firepro W9100,FloydWarshall,TWO_D,1619,1619,4,2,1,9,81.882,4.434,0.002,3686.08,14.22,1.846
AMD Firepro W9100,FloydWarshall,TWO_D,1619,1619,4,4,1,9,82.638,4.411,0.017,2713.81,14.199,1.821
AMD Firepro W9100,FloydWarshall,TWO_D,1619,1619,4,8,1,9,79.14,4.101,0.002,2288.28,13.279,1.948
AMD Firepro W9100,FloydWarshall,TWO_D,1619,1619,4,16,1,9,91.058,3.833,0.002,2230.02,12.87,1.703
AMD Firepro W9100,FloydWarshall,TWO_D,1619,1619,4,32,1,9,96.106,4.061,0.003,2101.89,13.211,1.699
AMD Firepro W9100,FloydWarshall,TWO_D,1619,1619,4,64,1,9,97.854,4.297,0.003,2248.36,12.947,1.734
AMD Firepro W9100,FloydWarshall,TWO_D,1619,1619,8,1,1,9,94.545,3.772,0.002,3647.13,12.378,1.719
AMD Firepro W9100,FloydWarshall,TWO_D,1619,1619,8,2,1,9,95.418,4.457,0.003,2654.3,13.005,1.727
AMD Firepro W9100,FloydWarshall,TWO_D,1619,1619,8,4,1,9,95.894,4.206,0.02,2197.48,12.808,1.71
AMD Firepro W9100,FloydWarshall,TWO_D,1619,1619,8,8,1,9,94.59,4.323,0.019,2226.22,13.006,1.629
AMD Firepro W9100,FloydWarshall,TWO_D,1619,1619,8,16,1,9,100.937,3.766,0.003,2115.28,13.373,1.613
AMD Firepro W9100,FloydWarshall,TWO_D,1619,1619,8,32,1,9,103.159,4.272,0.004,2100.02,11.915,1.63
AMD Firepro W9100,FloydWarshall,TWO_D,1619,1619,16,1,1,9,96.27,4.317,0.003,2669.74,13.431,1.484
AMD Firepro W9100,FloydWarshall,TWO_D,1619,1619,16,2,1,9,94.582,4.018,0.005,2285.21,13.016,1.626
AMD Firepro W9100,FloydWarshall,TWO_D,1619,1619,16,4,1,9,95.489,3.252,0.002,2160.72,12.958,1.632
AMD Firepro W9100,FloydWarshall,TWO_D,1619,1619,16,8,1,9,98.719,3.851,0.004,2128.77,11.577,1.651
AMD Firepro W9100,FloydWarshall,TWO_D,1619,1619,16,16,1,9,95.874,3.985,0.004,2076.29,12.884,1.637
AMD Firepro W9100,FloydWarshall,TWO_D,1619,1619,32,1,1,9,95.41,3.33,0.003,2243,12.848,1.641
AMD Firepro W9100,FloydWarshall,TWO_D,1619,1619,32,2,1,9,97.786,4.251,0.006,2165.12,13.047,1.643
AMD Firepro W9100,FloydWarshall,TWO_D,1619,1619,32,4,1,9,96.819,4.406,0.004,2090.61,13.389,1.64
AMD Firepro W9100,FloydWarshall,TWO_D,1619,1619,32,8,1,9,98.496,4.116,0.005,2084.65,12.959,1.651
AMD Firepro W9100,FloydWarshall,TWO_D,1619,1619,64,1,1,9,97.248,3.822,0.003,2123.73,13.152,1.633
AMD Firepro W9100,FloydWarshall,TWO_D,1619,1619,64,2,1,9,97.781,4.361,0.004,2067.5,11.457,1.633
AMD Firepro W9100,FloydWarshall,TWO_D,1619,1619,64,4,1,9,96.262,4.271,0.008,2072.47,12.469,1.64
AMD Firepro W9100,FloydWarshall,TWO_D,1619,1619,128,1,1,9,97.642,3.441,0.002,2093.72,12.988,1.643
AMD Firepro W9100,FloydWarshall,TWO_D,1619,1619,128,2,1,9,97.3,3.446,0.003,2068.86,11.553,1.768
AMD Firepro W9100,FloydWarshall,TWO_D,1619,1619,256,1,1,9,96.242,4.275,0.003,2039.45,13.475,1.763
