device/C,kernel/C,workDimension/C,nElements/F,xLocal/I,yLocal/I,zLocal/I,MB/F,init/F,memoryCopyOut/F,plan/F,execute/F,memoryCopyIn/F,cleanUp/F
AMD Firepro W9100,SquareArray,ONE_D,1.15343e+07,1,1,1,44,227.675,13.03,0.003,52.67,28.317,2.944
AMD Firepro W9100,SquareArray,ONE_D,1.15343e+07,2,1,1,44,231.179,10.338,0.002,27.752,27.082,3.26
AMD Firepro W9100,SquareArray,ONE_D,1.15343e+07,4,1,1,44,230.618,10.243,0.002,14.983,23.85,2.913
AMD Firepro W9100,SquareArray,ONE_D,1.15343e+07,8,1,1,44,229.183,9.955,0.003,8.827,27.354,3.242
AMD Firepro W9100,SquareArray,ONE_D,1.15343e+07,16,1,1,44,230.253,10.275,0.003,5.756,28.701,2.936
AMD Firepro W9100,SquareArray,ONE_D,1.15343e+07,32,1,1,44,231.312,10.392,0.003,3.945,24.055,2.924
AMD Firepro W9100,SquareArray,ONE_D,1.15343e+07,64,1,1,44,229.457,10.074,0.003,3.298,24.393,2.708
AMD Firepro W9100,SquareArray,ONE_D,1.15343e+07,128,1,1,44,229.517,10.116,0.003,2.639,24.33,2.899
AMD Firepro W9100,SquareArray,ONE_D,1.15343e+07,256,1,1,44,231.6,12.94,0.002,3.57,27.697,3.04
AMD Firepro W9100,SquareArray,ONE_D,1.15343e+07,1,1,1,44,227.319,12.961,0.003,51.893,25.937,2.305
AMD Firepro W9100,SquareArray,ONE_D,1.15343e+07,2,1,1,44,230.057,12.954,0.002,27.077,30.893,2.649
AMD Firepro W9100,SquareArray,ONE_D,1.15343e+07,4,1,1,44,227.674,13.049,0.001,14.584,30.378,2.667
AMD Firepro W9100,SquareArray,ONE_D,1.15343e+07,8,1,1,44,228.558,13.113,0.002,8.185,25.974,2.636
AMD Firepro W9100,SquareArray,ONE_D,1.15343e+07,16,1,1,44,229.312,12.949,0.001,4.991,27.573,2.672
AMD Firepro W9100,SquareArray,ONE_D,1.15343e+07,32,1,1,44,225.087,11.041,0.002,3.288,27.861,2.583
AMD Firepro W9100,SquareArray,ONE_D,1.15343e+07,64,1,1,44,226.271,10.69,0.001,2.298,24.67,2.378
AMD Firepro W9100,SquareArray,ONE_D,1.15343e+07,128,1,1,44,227.006,12.99,0.002,2.245,27.91,2.662
AMD Firepro W9100,SquareArray,ONE_D,1.15343e+07,256,1,1,44,225.293,13.067,0.002,2.298,27.619,2.676
AMD Firepro W9100,SquareArray,ONE_D,1.15343e+07,1,1,1,44,226.601,13.058,0.004,52.78,25.123,3.21
AMD Firepro W9100,SquareArray,ONE_D,1.15343e+07,2,1,1,44,228.618,10.412,0.003,27.502,28.481,3.34
AMD Firepro W9100,SquareArray,ONE_D,1.15343e+07,4,1,1,44,229.924,10.367,0.003,15.007,24.163,2.883
AMD Firepro W9100,SquareArray,ONE_D,1.15343e+07,8,1,1,44,227.977,10.052,0.003,8.77,22.706,2.949
AMD Firepro W9100,SquareArray,ONE_D,1.15343e+07,16,1,1,44,227.704,12.644,0.003,5.771,26.503,2.855
AMD Firepro W9100,SquareArray,ONE_D,1.15343e+07,32,1,1,44,230.287,10.41,0.003,4.117,27.823,2.918
AMD Firepro W9100,SquareArray,ONE_D,1.15343e+07,64,1,1,44,232.095,12.63,0.003,3.527,28.777,3.26
AMD Firepro W9100,SquareArray,ONE_D,1.15343e+07,128,1,1,44,231.789,12.673,0.003,2.974,25.754,3.155
AMD Firepro W9100,SquareArray,ONE_D,1.15343e+07,256,1,1,44,227.971,10.334,0.003,2.796,24.791,2.839
AMD Firepro W9100,SquareArray,ONE_D,1.15343e+07,1,1,1,44,227.426,13.06,0.003,51.927,25.788,1.992
AMD Firepro W9100,SquareArray,ONE_D,1.15343e+07,2,1,1,44,230.518,13.049,0.003,26.997,30.511,2.369
AMD Firepro W9100,SquareArray,ONE_D,1.15343e+07,4,1,1,44,228.142,13.016,0.002,14.491,27.394,2.353
AMD Firepro W9100,SquareArray,ONE_D,1.15343e+07,8,1,1,44,231.161,13.054,0.002,8.268,25.814,2.348
AMD Firepro W9100,SquareArray,ONE_D,1.15343e+07,16,1,1,44,231.614,13.125,0.002,5.047,27.308,2.355
AMD Firepro W9100,SquareArray,ONE_D,1.15343e+07,32,1,1,44,231.04,13.055,0.003,3.473,28.15,2.341
AMD Firepro W9100,SquareArray,ONE_D,1.15343e+07,64,1,1,44,225.907,11.236,0.003,2.476,28.034,2.245
AMD Firepro W9100,SquareArray,ONE_D,1.15343e+07,128,1,1,44,226.007,11.194,0.002,2.099,28.364,2.248
AMD Firepro W9100,SquareArray,ONE_D,1.15343e+07,256,1,1,44,226.319,11.057,0.002,2.949,27.953,2.321
AMD Firepro W9100,SquareArray,ONE_D,1.15343e+07,1,1,1,44,226.798,13.18,0.004,52.813,27.014,3.238
AMD Firepro W9100,SquareArray,ONE_D,1.15343e+07,2,1,1,44,229.349,10.295,0.003,27.761,28.762,3.346
AMD Firepro W9100,SquareArray,ONE_D,1.15343e+07,4,1,1,44,229.409,10.655,0.003,14.914,25.009,2.908
AMD Firepro W9100,SquareArray,ONE_D,1.15343e+07,8,1,1,44,227.668,10.351,0.003,9,27.217,2.885
AMD Firepro W9100,SquareArray,ONE_D,1.15343e+07,16,1,1,44,229.252,10.622,0.004,5.613,24.423,2.9
AMD Firepro W9100,SquareArray,ONE_D,1.15343e+07,32,1,1,44,228.686,9.649,0.003,4.047,23.699,2.711
AMD Firepro W9100,SquareArray,ONE_D,1.15343e+07,64,1,1,44,228.292,10.285,0.003,3.24,24.743,2.905
AMD Firepro W9100,SquareArray,ONE_D,1.15343e+07,128,1,1,44,228.774,10.151,0.003,2.621,24.414,2.934
AMD Firepro W9100,SquareArray,ONE_D,1.15343e+07,256,1,1,44,230.352,10.224,0.003,2.791,24.523,2.758
AMD Firepro W9100,SquareArray,ONE_D,1.15343e+07,1,1,1,44,226.689,10.352,0.002,51.791,27.236,2.453
AMD Firepro W9100,SquareArray,ONE_D,1.15343e+07,2,1,1,44,224.271,12.95,0.002,27.047,30.569,2.627
AMD Firepro W9100,SquareArray,ONE_D,1.15343e+07,4,1,1,44,225.515,13.103,0.002,14.432,27.112,2.368
AMD Firepro W9100,SquareArray,ONE_D,1.15343e+07,8,1,1,44,223.699,12.631,0.002,8.219,25.487,2.6
AMD Firepro W9100,SquareArray,ONE_D,1.15343e+07,16,1,1,44,228.975,13.093,0.002,4.947,27.789,2.644
AMD Firepro W9100,SquareArray,ONE_D,1.15343e+07,32,1,1,44,223.728,12.746,0.002,4.342,27.453,2.605
AMD Firepro W9100,SquareArray,ONE_D,1.15343e+07,64,1,1,44,229,12.991,0.002,2.665,29.144,2.597
AMD Firepro W9100,SquareArray,ONE_D,1.15343e+07,128,1,1,44,225.003,12.845,0.002,2.151,28.379,2.598
AMD Firepro W9100,SquareArray,ONE_D,1.15343e+07,256,1,1,44,224.537,13.107,0.002,2.257,28.378,2.606
