device/C,kernel/C,workDimension/C,cubeLength/F,xLocal/I,yLocal/I,zLocal/I,MB/F,init/F,memoryCopyOut/F,plan/F,execute/F,memoryCopyIn/F,cleanUp/F
Hawaii,Array3dAverage,THREE_D,64,1,1,1,1,15.39,0.694,0.003,2.301,0.426,0.065
Hawaii,Array3dAverage,THREE_D,64,1,1,2,1,13.549,0.647,0.018,1.325,0.3,0.046
Hawaii,Array3dAverage,THREE_D,64,1,1,4,1,13.137,0.659,0.018,1.052,0.791,0.047
Hawaii,Array3dAverage,THREE_D,64,1,1,8,1,12.928,0.715,0.003,0.95,0.759,0.057
Hawaii,Array3dAverage,THREE_D,64,1,1,16,1,14.983,0.704,0.002,0.81,0.689,0.049
Hawaii,Array3dAverage,THREE_D,64,1,1,32,1,13.007,0.733,0.004,0.811,0.807,0.069
Hawaii,Array3dAverage,THREE_D,64,1,1,64,1,13.599,0.654,0.017,1.203,0.634,0.068
Hawaii,Array3dAverage,THREE_D,64,1,1,128,1,13.549,0.523,0.004,1.144,0.494,0.048
Hawaii,Array3dAverage,THREE_D,64,1,1,256,1,12.633,0.56,0.005,0.858,0.521,0.05
Hawaii,Array3dAverage,THREE_D,64,1,2,1,1,14.193,0.52,0.005,1.404,0.299,0.047
Hawaii,Array3dAverage,THREE_D,64,1,2,2,1,12.791,0.543,0.002,0.847,0.566,0.05
Hawaii,Array3dAverage,THREE_D,64,1,2,4,1,14.029,0.521,0.003,0.807,0.625,0.061
Hawaii,Array3dAverage,THREE_D,64,1,2,8,1,12.53,0.655,0.018,0.711,0.626,0.063
Hawaii,Array3dAverage,THREE_D,64,1,2,16,1,13.447,0.518,0.003,0.903,0.617,0.061
Hawaii,Array3dAverage,THREE_D,64,1,2,32,1,12.938,0.556,0.004,0.988,0.647,0.065
Hawaii,Array3dAverage,THREE_D,64,1,2,64,1,13.765,0.675,0.018,0.951,0.618,0.074
Hawaii,Array3dAverage,THREE_D,64,1,2,128,1,13.128,0.669,0.018,0.817,0.772,0.059
Hawaii,Array3dAverage,THREE_D,64,1,4,1,1,12.483,0.696,0.006,1.047,0.826,0.07
Hawaii,Array3dAverage,THREE_D,64,1,4,2,1,14.681,0.69,0.005,0.748,0.624,0.064
Hawaii,Array3dAverage,THREE_D,64,1,4,4,1,12.76,0.676,0.004,0.678,0.823,0.05
Hawaii,Array3dAverage,THREE_D,64,1,4,8,1,14.448,0.657,0.004,0.788,0.642,0.045
Hawaii,Array3dAverage,THREE_D,64,1,4,16,1,12.989,0.662,0.019,0.67,0.514,0.067
Hawaii,Array3dAverage,THREE_D,64,1,4,32,1,13.37,0.521,0.004,0.853,0.496,0.044
Hawaii,Array3dAverage,THREE_D,64,1,4,64,1,12.597,0.536,0.004,0.828,0.517,0.049
Hawaii,Array3dAverage,THREE_D,64,1,8,1,1,13.393,0.669,0.005,0.671,0.645,0.06
Hawaii,Array3dAverage,THREE_D,64,1,8,2,1,13.024,0.543,0.003,0.748,0.533,0.051
Hawaii,Array3dAverage,THREE_D,64,1,8,4,1,13.31,0.522,0.005,0.747,0.497,0.043
Hawaii,Array3dAverage,THREE_D,64,1,8,8,1,12.604,0.536,0.004,0.714,0.506,0.051
Hawaii,Array3dAverage,THREE_D,64,1,8,16,1,13.021,0.521,0.003,0.767,0.493,0.046
Hawaii,Array3dAverage,THREE_D,64,1,8,32,1,12.541,0.663,0.02,0.906,0.627,0.065
Hawaii,Array3dAverage,THREE_D,64,1,16,1,1,13.428,0.65,0.016,0.747,0.619,0.067
Hawaii,Array3dAverage,THREE_D,64,1,16,2,1,12.977,0.675,0.005,0.739,0.627,0.068
Hawaii,Array3dAverage,THREE_D,64,1,16,4,1,13.324,0.649,0.02,0.9,0.622,0.063
Hawaii,Array3dAverage,THREE_D,64,1,16,8,1,13.078,0.77,0.005,0.803,0.66,0.065
Hawaii,Array3dAverage,THREE_D,64,1,16,16,1,13.511,0.675,0.005,0.866,0.626,0.061
Hawaii,Array3dAverage,THREE_D,64,1,32,1,1,13.126,0.658,0.006,0.758,0.62,0.06
Hawaii,Array3dAverage,THREE_D,64,1,32,2,1,12.557,0.687,0.018,0.843,0.636,0.066
Hawaii,Array3dAverage,THREE_D,64,1,32,4,1,14.643,0.663,0.018,0.864,0.617,0.067
Hawaii,Array3dAverage,THREE_D,64,1,32,8,1,12.809,0.668,0.017,0.89,0.646,0.063
Hawaii,Array3dAverage,THREE_D,64,1,64,1,1,14.395,0.658,0.018,0.666,0.642,0.058
Hawaii,Array3dAverage,THREE_D,64,1,64,2,1,13.027,0.657,0.017,0.871,0.628,0.064
Hawaii,Array3dAverage,THREE_D,64,1,64,4,1,13.599,0.671,0.018,0.885,0.62,0.06
Hawaii,Array3dAverage,THREE_D,64,1,128,1,1,13.135,0.678,0.003,0.856,0.63,0.06
Hawaii,Array3dAverage,THREE_D,64,1,128,2,1,12.529,0.677,0.001,0.872,0.627,0.063
Hawaii,Array3dAverage,THREE_D,64,1,256,1,1,14.683,0.653,0.004,0.907,0.622,0.059
Hawaii,Array3dAverage,THREE_D,64,2,1,1,1,12.775,0.662,0.018,1.806,0.685,0.05
Hawaii,Array3dAverage,THREE_D,64,2,1,2,1,14.564,0.674,0.018,0.956,0.699,0.06
Hawaii,Array3dAverage,THREE_D,64,2,1,4,1,13.546,0.671,0.02,0.86,0.632,0.062
Hawaii,Array3dAverage,THREE_D,64,2,1,8,1,12.603,0.657,0.017,0.609,0.632,0.068
Hawaii,Array3dAverage,THREE_D,64,2,1,16,1,14.222,0.674,0.018,0.548,0.617,0.062
Hawaii,Array3dAverage,THREE_D,64,2,1,32,1,12.399,0.651,0.017,0.757,0.625,0.063
Hawaii,Array3dAverage,THREE_D,64,2,1,64,1,13.662,0.652,0.017,0.821,0.624,0.063
Hawaii,Array3dAverage,THREE_D,64,2,1,128,1,12.763,0.673,0.004,0.632,0.817,0.065
Hawaii,Array3dAverage,THREE_D,64,2,2,1,1,14.032,0.648,0.018,1.179,0.62,0.064
Hawaii,Array3dAverage,THREE_D,64,2,2,2,1,13.431,0.661,0.016,0.867,0.63,0.068
Hawaii,Array3dAverage,THREE_D,64,2,2,4,1,13.93,0.718,0.004,0.657,0.713,0.049
Hawaii,Array3dAverage,THREE_D,64,2,2,8,1,13.132,0.67,0.005,0.619,0.632,0.063
Hawaii,Array3dAverage,THREE_D,64,2,2,16,1,12.292,0.663,0.02,0.614,0.625,0.065
Hawaii,Array3dAverage,THREE_D,64,2,2,32,1,13.783,0.67,0.005,0.656,0.623,0.067
Hawaii,Array3dAverage,THREE_D,64,2,2,64,1,12.562,0.69,0.017,0.798,0.656,0.05
Hawaii,Array3dAverage,THREE_D,64,2,4,1,1,14.244,0.65,0.004,0.883,0.636,0.061
Hawaii,Array3dAverage,THREE_D,64,2,4,2,1,12.739,0.65,0.005,0.779,0.726,0.054
Hawaii,Array3dAverage,THREE_D,64,2,4,4,1,14.059,0.7,0.004,0.613,0.66,0.061
Hawaii,Array3dAverage,THREE_D,64,2,4,8,1,12.518,0.662,0.019,0.669,0.628,0.063
Hawaii,Array3dAverage,THREE_D,64,2,4,16,1,13.551,0.652,0.019,0.714,0.622,0.059
Hawaii,Array3dAverage,THREE_D,64,2,4,32,1,12.92,0.653,0.018,0.731,0.627,0.064
Hawaii,Array3dAverage,THREE_D,64,2,8,1,1,13.817,0.638,0.003,0.435,0.704,0.048
Hawaii,Array3dAverage,THREE_D,64,2,8,2,1,12.598,0.709,0.004,0.551,0.513,0.051
Hawaii,Array3dAverage,THREE_D,64,2,8,4,1,13.033,0.662,0.003,0.613,0.62,0.063
Hawaii,Array3dAverage,THREE_D,64,2,8,8,1,12.547,0.658,0.021,0.544,0.625,0.064
Hawaii,Array3dAverage,THREE_D,64,2,8,16,1,13.446,0.677,0.018,0.717,0.618,0.063
Hawaii,Array3dAverage,THREE_D,64,2,16,1,1,12.941,0.688,0.018,0.657,0.629,0.067
Hawaii,Array3dAverage,THREE_D,64,2,16,2,1,13.791,0.652,0.004,0.667,0.625,0.063
Hawaii,Array3dAverage,THREE_D,64,2,16,4,1,13.057,0.688,0.02,0.661,0.646,0.048
Hawaii,Array3dAverage,THREE_D,64,2,16,8,1,13.251,0.648,0.02,0.634,0.625,0.061
Hawaii,Array3dAverage,THREE_D,64,2,32,1,1,12.661,0.68,0.018,0.656,0.648,0.049
Hawaii,Array3dAverage,THREE_D,64,2,32,2,1,13.535,0.66,0.019,0.656,0.645,0.05
Hawaii,Array3dAverage,THREE_D,64,2,32,4,1,14.315,0.688,0.002,0.688,0.641,0.059
Hawaii,Array3dAverage,THREE_D,64,2,64,1,1,12.283,0.658,0.018,0.623,0.627,0.064
Hawaii,Array3dAverage,THREE_D,64,2,64,2,1,13.72,0.672,0.003,0.665,0.616,0.06
Hawaii,Array3dAverage,THREE_D,64,2,128,1,1,12.655,0.658,0.018,0.537,0.654,0.065
Hawaii,Array3dAverage,THREE_D,64,4,1,1,1,14.178,0.65,0.003,1.203,0.619,0.062
Hawaii,Array3dAverage,THREE_D,64,4,1,2,1,13.229,0.672,0.004,0.868,0.634,0.05
Hawaii,Array3dAverage,THREE_D,64,4,1,4,1,14.211,0.655,0.018,0.657,0.618,0.06
Hawaii,Array3dAverage,THREE_D,64,4,1,8,1,13.084,0.658,0.017,0.555,0.625,0.064
Hawaii,Array3dAverage,THREE_D,64,4,1,16,1,13.247,0.652,0.019,0.538,0.632,0.063
Hawaii,Array3dAverage,THREE_D,64,4,1,32,1,12.653,0.698,0.003,0.571,0.629,0.066
Hawaii,Array3dAverage,THREE_D,64,4,1,64,1,12.916,0.649,0.003,0.602,0.622,0.06
Hawaii,Array3dAverage,THREE_D,64,4,2,1,1,12.608,0.668,0.004,0.74,0.626,0.063
Hawaii,Array3dAverage,THREE_D,64,4,2,2,1,12.951,0.681,0.004,0.558,0.622,0.065
Hawaii,Array3dAverage,THREE_D,64,4,2,4,1,12.57,0.68,0.017,0.554,0.629,0.062
Hawaii,Array3dAverage,THREE_D,64,4,2,8,1,13.414,0.652,0.019,0.539,0.63,0.059
Hawaii,Array3dAverage,THREE_D,64,4,2,16,1,12.563,0.654,0.018,0.55,0.652,0.062
Hawaii,Array3dAverage,THREE_D,64,4,2,32,1,13.428,0.649,0.003,0.667,0.63,0.069
Hawaii,Array3dAverage,THREE_D,64,4,4,1,1,12.957,0.658,0.02,0.644,0.623,0.071
Hawaii,Array3dAverage,THREE_D,64,4,4,2,1,13.778,0.675,0.004,0.542,0.625,0.059
Hawaii,Array3dAverage,THREE_D,64,4,4,4,1,12.617,0.691,0.003,0.463,0.627,0.076
Hawaii,Array3dAverage,THREE_D,64,4,4,8,1,12.976,0.653,0.018,0.548,0.635,0.06
Hawaii,Array3dAverage,THREE_D,64,4,4,16,1,12.563,0.658,0.019,0.469,0.65,0.061
Hawaii,Array3dAverage,THREE_D,64,4,8,1,1,13.432,0.654,0.003,0.54,0.619,0.059
Hawaii,Array3dAverage,THREE_D,64,4,8,2,1,12.541,0.658,0.018,0.451,0.654,0.064
Hawaii,Array3dAverage,THREE_D,64,4,8,4,1,13.512,0.676,0.004,0.539,0.621,0.06
Hawaii,Array3dAverage,THREE_D,64,4,8,8,1,12.529,0.676,0.003,0.522,0.646,0.061
Hawaii,Array3dAverage,THREE_D,64,4,16,1,1,13.554,0.649,0.002,0.549,0.638,0.044
Hawaii,Array3dAverage,THREE_D,64,4,16,2,1,12.517,0.654,0.001,0.562,0.643,0.062
Hawaii,Array3dAverage,THREE_D,64,4,16,4,1,13.555,0.653,0.003,0.537,0.649,0.06
Hawaii,Array3dAverage,THREE_D,64,4,32,1,1,12.51,0.656,0.018,0.564,0.624,0.067
Hawaii,Array3dAverage,THREE_D,64,4,32,2,1,13.572,0.654,0.003,0.553,0.649,0.061
Hawaii,Array3dAverage,THREE_D,64,4,64,1,1,12.506,0.535,0.001,0.425,0.507,0.046
Hawaii,Array3dAverage,THREE_D,64,8,1,1,1,13.186,0.52,0.003,0.728,0.495,0.043
Hawaii,Array3dAverage,THREE_D,64,8,1,2,1,12.421,0.657,0.017,0.662,0.627,0.062
Hawaii,Array3dAverage,THREE_D,64,8,1,4,1,13.65,0.654,0.018,0.444,0.618,0.06
Hawaii,Array3dAverage,THREE_D,64,8,1,8,1,12.418,0.695,0.003,0.498,0.63,0.064
Hawaii,Array3dAverage,THREE_D,64,8,1,16,1,13.668,0.669,0.018,0.421,0.623,0.066
Hawaii,Array3dAverage,THREE_D,64,8,1,32,1,12.393,0.654,0.017,0.437,0.621,0.064
Hawaii,Array3dAverage,THREE_D,64,8,2,1,1,13.692,0.521,0.004,0.581,0.616,0.061
Hawaii,Array3dAverage,THREE_D,64,8,2,2,1,12.364,0.695,0.003,0.547,0.647,0.053
Hawaii,Array3dAverage,THREE_D,64,8,2,4,1,13.707,0.519,0.004,0.452,0.637,0.059
Hawaii,Array3dAverage,THREE_D,64,8,2,8,1,12.085,0.651,0.018,0.478,0.634,0.061
Hawaii,Array3dAverage,THREE_D,64,8,2,16,1,13.236,0.684,0.019,0.486,0.622,0.06
Hawaii,Array3dAverage,THREE_D,64,8,4,1,1,12.249,0.67,0.003,0.525,0.623,0.063
Hawaii,Array3dAverage,THREE_D,64,8,4,2,1,13.832,0.654,0.002,0.429,0.616,0.06
Hawaii,Array3dAverage,THREE_D,64,8,4,4,1,12.226,0.67,0.004,0.424,0.645,0.064
Hawaii,Array3dAverage,THREE_D,64,8,4,8,1,13.857,0.671,0.018,0.432,0.62,0.06
Hawaii,Array3dAverage,THREE_D,64,8,8,1,1,12.214,0.681,0.017,0.575,0.628,0.068
Hawaii,Array3dAverage,THREE_D,64,8,8,2,1,13.857,0.643,0.002,0.631,0.625,0.061
Hawaii,Array3dAverage,THREE_D,64,8,8,4,1,12.206,0.675,0.002,0.362,0.516,0.047
Hawaii,Array3dAverage,THREE_D,64,8,16,1,1,13.353,0.54,0.003,0.382,0.513,0.049
Hawaii,Array3dAverage,THREE_D,64,8,16,2,1,13.434,0.671,0.004,0.489,0.625,0.058
Hawaii,Array3dAverage,THREE_D,64,8,32,1,1,12.58,0.684,0.003,0.497,0.643,0.047
Hawaii,Array3dAverage,THREE_D,64,16,1,1,1,13.43,0.647,0.004,0.678,0.63,0.059
Hawaii,Array3dAverage,THREE_D,64,16,1,2,1,12.964,0.658,0.016,0.557,0.625,0.067
Hawaii,Array3dAverage,THREE_D,64,16,1,4,1,13.402,0.666,0.004,0.34,0.493,0.042
Hawaii,Array3dAverage,THREE_D,64,16,1,8,1,12.204,0.704,0.004,0.371,0.684,0.059
Hawaii,Array3dAverage,THREE_D,64,16,1,16,1,13.138,0.529,0.004,0.35,0.501,0.045
Hawaii,Array3dAverage,THREE_D,64,16,2,1,1,12.129,0.644,0.019,0.462,0.655,0.061
Hawaii,Array3dAverage,THREE_D,64,16,2,2,1,13.197,0.677,0.02,0.418,0.629,0.06
Hawaii,Array3dAverage,THREE_D,64,16,2,4,1,12.332,0.673,0.005,0.505,0.632,0.064
Hawaii,Array3dAverage,THREE_D,64,16,2,8,1,13.751,0.653,0.02,0.407,0.619,0.061
Hawaii,Array3dAverage,THREE_D,64,16,4,1,1,12.313,0.66,0.018,0.43,0.639,0.064
Hawaii,Array3dAverage,THREE_D,64,16,4,2,1,13.776,0.651,0.005,0.483,0.63,0.06
Hawaii,Array3dAverage,THREE_D,64,16,4,4,1,12.29,0.672,0.02,0.475,0.653,0.05
Hawaii,Array3dAverage,THREE_D,64,16,8,1,1,13.788,0.651,0.001,0.508,0.62,0.06
Hawaii,Array3dAverage,THREE_D,64,16,8,2,1,12.271,0.67,0.002,0.499,0.635,0.061
Hawaii,Array3dAverage,THREE_D,64,16,16,1,1,13.811,0.674,0.018,0.483,0.622,0.059
Hawaii,Array3dAverage,THREE_D,64,32,1,1,1,12.256,0.657,0.019,0.525,0.625,0.062
Hawaii,Array3dAverage,THREE_D,64,32,1,2,1,13.823,0.645,0.019,0.41,0.631,0.059
Hawaii,Array3dAverage,THREE_D,64,32,1,4,1,12.233,0.666,0.003,0.416,0.635,0.062
Hawaii,Array3dAverage,THREE_D,64,32,1,8,1,13.856,0.668,0.018,0.416,0.621,0.06
Hawaii,Array3dAverage,THREE_D,64,32,2,1,1,12.202,0.688,0.002,0.43,0.64,0.052
Hawaii,Array3dAverage,THREE_D,64,32,2,2,1,13.825,0.662,0.003,0.496,0.634,0.066
Hawaii,Array3dAverage,THREE_D,64,32,2,4,1,13.594,0.652,0.003,0.48,0.625,0.059
Hawaii,Array3dAverage,THREE_D,64,32,4,1,1,12.673,0.654,0.019,0.494,0.625,0.063
Hawaii,Array3dAverage,THREE_D,64,32,4,2,1,12.899,0.681,0.003,0.481,0.62,0.06
Hawaii,Array3dAverage,THREE_D,64,32,8,1,1,12.615,0.682,0.003,0.464,0.627,0.061
Hawaii,Array3dAverage,THREE_D,64,64,1,1,1,13.013,0.653,0.019,0.498,0.643,0.044
Hawaii,Array3dAverage,THREE_D,64,64,1,2,1,12.554,0.661,0.003,0.433,0.624,0.061
Hawaii,Array3dAverage,THREE_D,64,64,1,4,1,13.072,0.651,0.004,0.439,0.62,0.063
Hawaii,Array3dAverage,THREE_D,64,64,2,1,1,12.48,0.654,0.017,0.461,0.641,0.062
Hawaii,Array3dAverage,THREE_D,64,64,2,2,1,13.597,0.647,0.019,0.478,0.619,0.063
Hawaii,Array3dAverage,THREE_D,64,64,4,1,1,12.46,0.544,0.002,0.451,0.627,0.062
Hawaii,Array3dAverage,THREE_D,64,128,1,1,1,13.216,0.667,0.019,0.478,0.625,0.065
Hawaii,Array3dAverage,THREE_D,64,128,1,2,1,12.39,0.653,0.019,0.46,0.671,0.045
Hawaii,Array3dAverage,THREE_D,64,128,2,1,1,13.691,0.65,0.004,0.493,0.63,0.061
Hawaii,Array3dAverage,THREE_D,64,256,1,1,1,12.373,0.656,0.005,0.47,0.625,0.066
Hawaii,Array3dAverage,THREE_D,64,1,1,1,1,15.046,0.771,0.004,2.289,0.438,0.056
Hawaii,Array3dAverage,THREE_D,64,1,1,2,1,13.702,0.767,0.002,1.781,0.556,0.055
Hawaii,Array3dAverage,THREE_D,64,1,1,4,1,14.123,0.756,0.004,1.099,0.887,0.057
Hawaii,Array3dAverage,THREE_D,64,1,1,8,1,13.574,0.786,0.004,0.788,0.693,0.065
Hawaii,Array3dAverage,THREE_D,64,1,1,16,1,14.09,0.713,0.004,1.016,0.651,0.066
Hawaii,Array3dAverage,THREE_D,64,1,1,32,1,13.704,0.689,0.002,0.866,0.638,0.052
Hawaii,Array3dAverage,THREE_D,64,1,1,64,1,12.905,0.772,0.003,1.211,0.64,0.076
Hawaii,Array3dAverage,THREE_D,64,1,1,128,1,15.003,0.687,0.002,1.09,0.681,0.054
Hawaii,Array3dAverage,THREE_D,64,1,1,256,1,13.709,0.687,0.002,0.95,0.808,0.054
Hawaii,Array3dAverage,THREE_D,64,1,2,1,1,13.134,0.713,0.003,1.726,0.469,0.065
Hawaii,Array3dAverage,THREE_D,64,1,2,2,1,15.432,0.72,0.003,1.252,0.64,0.055
Hawaii,Array3dAverage,THREE_D,64,1,2,4,1,13.705,0.688,0.002,0.815,0.634,0.053
Hawaii,Array3dAverage,THREE_D,64,1,2,8,1,12.834,0.783,0.005,0.786,0.709,0.082
Hawaii,Array3dAverage,THREE_D,64,1,2,16,1,14.675,0.788,0.002,0.978,0.651,0.072
Hawaii,Array3dAverage,THREE_D,64,1,2,32,1,13.629,0.734,0.003,0.987,0.645,0.076
Hawaii,Array3dAverage,THREE_D,64,1,2,64,1,13.918,0.764,0.003,0.849,0.772,0.061
Hawaii,Array3dAverage,THREE_D,64,1,2,128,1,12.032,0.577,0.003,0.969,0.492,0.045
Hawaii,Array3dAverage,THREE_D,64,1,4,1,1,11.994,0.555,0.002,1.072,0.493,0.046
Hawaii,Array3dAverage,THREE_D,64,1,4,2,1,11.989,0.562,0.002,0.739,0.485,0.044
Hawaii,Array3dAverage,THREE_D,64,1,4,4,1,11.997,0.562,0.002,0.717,0.498,0.044
Hawaii,Array3dAverage,THREE_D,64,1,4,8,1,11.995,0.586,0.002,0.827,0.533,0.043
Hawaii,Array3dAverage,THREE_D,64,1,4,16,1,11.998,0.595,0.001,0.886,0.529,0.043
Hawaii,Array3dAverage,THREE_D,64,1,4,32,1,12.665,0.783,0.019,0.841,0.694,0.071
Hawaii,Array3dAverage,THREE_D,64,1,4,64,1,14.827,0.766,0.004,1.034,0.627,0.066
Hawaii,Array3dAverage,THREE_D,64,1,8,1,1,13.405,0.761,0.001,0.762,0.703,0.072
Hawaii,Array3dAverage,THREE_D,64,1,8,2,1,14.335,0.782,0.002,0.846,0.623,0.066
Hawaii,Array3dAverage,THREE_D,64,1,8,4,1,13.278,0.772,0.001,0.85,0.626,0.06
Hawaii,Array3dAverage,THREE_D,64,1,8,8,1,12.719,0.749,0.003,0.87,0.644,0.053
Hawaii,Array3dAverage,THREE_D,64,1,8,16,1,14.775,0.714,0.002,0.854,0.618,0.065
Hawaii,Array3dAverage,THREE_D,64,1,8,32,1,13.022,0.768,0.004,0.743,0.643,0.071
Hawaii,Array3dAverage,THREE_D,64,1,16,1,1,13.987,0.725,0.004,0.864,0.639,0.047
Hawaii,Array3dAverage,THREE_D,64,1,16,2,1,13.238,0.77,0.002,0.876,0.706,0.071
Hawaii,Array3dAverage,THREE_D,64,1,16,4,1,13.577,0.765,0.002,0.873,0.696,0.069
Hawaii,Array3dAverage,THREE_D,64,1,16,8,1,13.696,0.777,0.003,0.769,0.661,0.044
Hawaii,Array3dAverage,THREE_D,64,1,16,16,1,12.899,0.766,0.003,0.927,0.633,0.067
Hawaii,Array3dAverage,THREE_D,64,1,32,1,1,14.591,0.771,0,0.87,0.621,0.063
Hawaii,Array3dAverage,THREE_D,64,1,32,2,1,13.213,0.753,0.002,0.856,0.62,0.087
Hawaii,Array3dAverage,THREE_D,64,1,32,4,1,13.688,0.666,0.003,0.765,0.602,0.055
Hawaii,Array3dAverage,THREE_D,64,1,32,8,1,12.868,0.767,0.002,0.866,0.626,0.068
Hawaii,Array3dAverage,THREE_D,64,1,64,1,1,12.716,0.752,0.003,0.868,0.622,0.075
Hawaii,Array3dAverage,THREE_D,64,1,64,2,1,14.779,0.71,0.001,0.84,0.646,0.046
Hawaii,Array3dAverage,THREE_D,64,1,64,4,1,13.022,0.772,0.003,0.722,0.672,0.05
Hawaii,Array3dAverage,THREE_D,64,1,128,1,1,13.989,0.738,0.002,0.713,0.641,0.046
Hawaii,Array3dAverage,THREE_D,64,1,128,2,1,13.217,0.745,0.002,0.852,0.65,0.064
Hawaii,Array3dAverage,THREE_D,64,1,256,1,1,13.683,0.71,0.002,0.882,0.636,0.07
Hawaii,Array3dAverage,THREE_D,64,2,1,1,1,13.395,0.69,0.018,1.815,0.691,0.048
Hawaii,Array3dAverage,THREE_D,64,2,1,2,1,14.23,0.753,0.001,1.097,0.795,0.056
Hawaii,Array3dAverage,THREE_D,64,2,1,4,1,14.801,0.755,0.001,0.948,0.7,0.07
Hawaii,Array3dAverage,THREE_D,64,2,1,8,1,13.708,0.749,0.003,0.729,0.711,0.066
Hawaii,Array3dAverage,THREE_D,64,2,1,16,1,12.987,0.744,0.004,0.729,0.658,0.068
Hawaii,Array3dAverage,THREE_D,64,2,1,32,1,14.081,0.718,0.005,0.582,0.623,0.073
Hawaii,Array3dAverage,THREE_D,64,2,1,64,1,12.754,0.7,0.005,0.721,0.861,0.083
Hawaii,Array3dAverage,THREE_D,64,2,1,128,1,13.468,0.692,0.004,0.8,0.647,0.055
Hawaii,Array3dAverage,THREE_D,64,2,2,1,1,13.292,0.746,0.002,0.975,0.64,0.065
Hawaii,Array3dAverage,THREE_D,64,2,2,2,1,12.955,0.778,0.003,0.854,0.651,0.057
Hawaii,Array3dAverage,THREE_D,64,2,2,4,1,15.284,0.744,0.003,0.659,0.654,0.046
Hawaii,Array3dAverage,THREE_D,64,2,2,8,1,13.066,0.745,0.003,0.574,0.65,0.049
Hawaii,Array3dAverage,THREE_D,64,2,2,16,1,13.974,0.778,0.002,0.591,0.64,0.044
Hawaii,Array3dAverage,THREE_D,64,2,2,32,1,13.228,0.744,0.004,0.761,0.646,0.063
Hawaii,Array3dAverage,THREE_D,64,2,2,64,1,13.673,0.735,0.003,0.795,0.625,0.061
Hawaii,Array3dAverage,THREE_D,64,2,4,1,1,13.28,0.717,0.003,0.693,0.671,0.044
Hawaii,Array3dAverage,THREE_D,64,2,4,2,1,12.771,0.781,0.002,0.74,0.714,0.07
Hawaii,Array3dAverage,THREE_D,64,2,4,4,1,14.733,0.773,0.017,0.735,0.657,0.067
Hawaii,Array3dAverage,THREE_D,64,2,4,8,1,13.069,0.773,0.003,0.715,0.631,0.064
Hawaii,Array3dAverage,THREE_D,64,2,4,16,1,13.946,0.749,0.018,0.702,0.651,0.044
Hawaii,Array3dAverage,THREE_D,64,2,4,32,1,13.282,0.77,0.002,0.741,0.661,0.046
Hawaii,Array3dAverage,THREE_D,64,2,8,1,1,12.625,0.715,0.003,0.654,0.634,0.069
Hawaii,Array3dAverage,THREE_D,64,2,8,2,1,14.488,0.755,0.02,0.673,0.616,0.066
Hawaii,Array3dAverage,THREE_D,64,2,8,4,1,12.816,0.755,0.002,0.698,0.633,0.064
Hawaii,Array3dAverage,THREE_D,64,2,8,8,1,14.288,0.745,0.002,0.655,0.645,0.045
Hawaii,Array3dAverage,THREE_D,64,2,8,16,1,13.011,0.744,0.002,0.626,0.635,0.052
Hawaii,Array3dAverage,THREE_D,64,2,16,1,1,14.023,0.711,0.002,0.666,0.65,0.062
Hawaii,Array3dAverage,THREE_D,64,2,16,2,1,13.188,0.749,0.003,0.676,0.619,0.072
Hawaii,Array3dAverage,THREE_D,64,2,16,4,1,13.761,0.748,0.002,0.691,0.64,0.044
Hawaii,Array3dAverage,THREE_D,64,2,16,8,1,13.28,0.751,0.002,0.77,0.626,0.06
Hawaii,Array3dAverage,THREE_D,64,2,32,1,1,12.725,0.744,0.003,0.692,0.661,0.051
Hawaii,Array3dAverage,THREE_D,64,2,32,2,1,14.386,0.769,0.003,0.572,0.709,0.067
Hawaii,Array3dAverage,THREE_D,64,2,32,4,1,12.915,0.765,0.002,0.584,0.713,0.069
Hawaii,Array3dAverage,THREE_D,64,2,64,1,1,14.186,0.79,0.002,0.693,0.641,0.045
Hawaii,Array3dAverage,THREE_D,64,2,64,2,1,13.12,0.721,0.004,0.694,0.632,0.102
Hawaii,Array3dAverage,THREE_D,64,2,128,1,1,13.895,0.75,0.002,0.622,0.61,0.071
Hawaii,Array3dAverage,THREE_D,64,4,1,1,1,13.277,0.744,0.002,0.969,0.623,0.07
Hawaii,Array3dAverage,THREE_D,64,4,1,2,1,12.95,0.72,0.003,0.889,0.623,0.078
Hawaii,Array3dAverage,THREE_D,64,4,1,4,1,15.28,0.715,0.002,0.661,0.646,0.061
Hawaii,Array3dAverage,THREE_D,64,4,1,8,1,13.064,0.707,0.003,0.597,0.651,0.05
Hawaii,Array3dAverage,THREE_D,64,4,1,16,1,13.975,0.712,0.004,0.484,0.629,0.063
Hawaii,Array3dAverage,THREE_D,64,4,1,32,1,12.765,0.774,0.002,0.512,0.633,0.049
Hawaii,Array3dAverage,THREE_D,64,4,1,64,1,13.105,0.74,0.004,0.516,0.626,0.063
Hawaii,Array3dAverage,THREE_D,64,4,2,1,1,12.75,0.721,0.002,0.818,0.643,0.048
Hawaii,Array3dAverage,THREE_D,64,4,2,2,1,13.432,0.758,0.018,0.653,0.616,0.065
Hawaii,Array3dAverage,THREE_D,64,4,2,4,1,13.254,0.715,0.002,0.594,0.632,0.065
Hawaii,Array3dAverage,THREE_D,64,4,2,8,1,13.365,0.719,0.001,0.554,0.652,0.064
Hawaii,Array3dAverage,THREE_D,64,4,2,16,1,13.277,0.734,0.003,0.573,0.613,0.065
Hawaii,Array3dAverage,THREE_D,64,4,2,32,1,12.424,0.767,0.002,0.536,0.628,0.069
Hawaii,Array3dAverage,THREE_D,64,4,4,1,1,13.943,0.759,0.004,0.61,0.623,0.064
Hawaii,Array3dAverage,THREE_D,64,4,4,2,1,12.463,0.778,0.004,0.485,0.624,0.066
Hawaii,Array3dAverage,THREE_D,64,4,4,4,1,13.908,0.709,0.003,0.551,0.651,0.062
Hawaii,Array3dAverage,THREE_D,64,4,4,8,1,12.497,0.718,0.002,0.603,0.658,0.049
Hawaii,Array3dAverage,THREE_D,64,4,4,16,1,13.872,0.747,0.002,0.594,0.652,0.045
Hawaii,Array3dAverage,THREE_D,64,4,8,1,1,12.54,0.742,0.003,0.554,0.65,0.066
Hawaii,Array3dAverage,THREE_D,64,4,8,2,1,13.832,0.716,0.002,0.476,0.639,0.045
Hawaii,Array3dAverage,THREE_D,64,4,8,4,1,12.564,0.746,0.002,0.556,0.624,0.065
Hawaii,Array3dAverage,THREE_D,64,4,8,8,1,13.806,0.78,0.003,0.477,0.639,0.045
Hawaii,Array3dAverage,THREE_D,64,4,16,1,1,12.592,0.692,0.004,0.505,0.694,0.067
Hawaii,Array3dAverage,THREE_D,64,4,16,2,1,13.817,0.804,0.003,0.604,0.643,0.047
Hawaii,Array3dAverage,THREE_D,64,4,16,4,1,12.999,0.71,0.004,0.611,0.637,0.086
Hawaii,Array3dAverage,THREE_D,64,4,32,1,1,14.107,0.766,0.002,0.563,0.633,0.061
Hawaii,Array3dAverage,THREE_D,64,4,32,2,1,12.745,0.742,0.002,0.594,0.647,0.047
Hawaii,Array3dAverage,THREE_D,64,4,64,1,1,13.535,0.744,0.004,0.503,0.639,0.044
Hawaii,Array3dAverage,THREE_D,64,8,1,1,1,12.772,0.756,0.002,0.884,0.649,0.047
Hawaii,Array3dAverage,THREE_D,64,8,1,2,1,13.399,0.698,0.002,0.697,0.688,0.053
Hawaii,Array3dAverage,THREE_D,64,8,1,4,1,13.283,0.634,0.003,0.486,0.63,0.063
Hawaii,Array3dAverage,THREE_D,64,8,1,8,1,12.392,0.771,0.003,0.508,0.633,0.064
Hawaii,Array3dAverage,THREE_D,64,8,1,16,1,14.122,0.71,0.002,0.506,0.625,0.062
Hawaii,Array3dAverage,THREE_D,64,8,1,32,1,12.45,0.705,0.018,0.485,0.611,0.076
Hawaii,Array3dAverage,THREE_D,64,8,2,1,1,13.944,0.669,0.002,0.673,0.629,0.052
Hawaii,Array3dAverage,THREE_D,64,8,2,2,1,12.466,0.779,0.002,0.553,0.645,0.047
Hawaii,Array3dAverage,THREE_D,64,8,2,4,1,13.912,0.73,0.016,0.437,0.651,0.043
Hawaii,Array3dAverage,THREE_D,64,8,2,8,1,12.492,0.717,0.002,0.547,0.613,0.07
Hawaii,Array3dAverage,THREE_D,64,8,2,16,1,13.893,0.775,0.003,0.506,0.627,0.06
Hawaii,Array3dAverage,THREE_D,64,8,4,1,1,12.525,0.748,0.004,0.49,0.619,0.069
Hawaii,Array3dAverage,THREE_D,64,8,4,2,1,13.852,0.715,0.003,0.537,0.615,0.068
Hawaii,Array3dAverage,THREE_D,64,8,4,4,1,12.566,0.784,0.003,0.509,0.648,0.05
Hawaii,Array3dAverage,THREE_D,64,8,4,8,1,13.823,0.746,0.003,0.501,0.676,0.045
Hawaii,Array3dAverage,THREE_D,64,8,8,1,1,12.595,0.749,0.002,0.544,0.625,0.071
Hawaii,Array3dAverage,THREE_D,64,8,8,2,1,13.8,0.746,0.002,0.498,0.628,0.06
Hawaii,Array3dAverage,THREE_D,64,8,8,4,1,12.631,0.75,0.002,0.505,0.647,0.048
Hawaii,Array3dAverage,THREE_D,64,8,16,1,1,13.773,0.746,0.003,0.503,0.644,0.047
Hawaii,Array3dAverage,THREE_D,64,8,16,2,1,12.668,0.772,0.003,0.509,0.631,0.063
Hawaii,Array3dAverage,THREE_D,64,8,32,1,1,13.737,0.75,0.002,0.497,0.647,0.068
Hawaii,Array3dAverage,THREE_D,64,16,1,1,1,12.69,0.766,0.003,0.591,0.644,0.047
Hawaii,Array3dAverage,THREE_D,64,16,1,2,1,13.613,0.763,0.002,0.574,0.626,0.046
Hawaii,Array3dAverage,THREE_D,64,16,1,4,1,12.72,0.703,0.002,0.318,0.646,0.058
Hawaii,Array3dAverage,THREE_D,64,16,1,8,1,13.231,0.74,0.003,0.483,0.652,0.046
Hawaii,Array3dAverage,THREE_D,64,16,1,16,1,12.687,0.751,0.003,0.499,0.645,0.077
Hawaii,Array3dAverage,THREE_D,64,16,2,1,1,13.669,0.749,0.003,0.576,0.624,0.06
Hawaii,Array3dAverage,THREE_D,64,16,2,2,1,12.762,0.724,0.003,0.323,0.649,0.06
Hawaii,Array3dAverage,THREE_D,64,16,2,4,1,13.229,0.779,0.003,0.486,0.614,0.067
Hawaii,Array3dAverage,THREE_D,64,16,2,8,1,12.695,0.729,0.002,0.507,0.655,0.048
Hawaii,Array3dAverage,THREE_D,64,16,4,1,1,13.609,0.739,0.002,0.519,0.613,0.071
Hawaii,Array3dAverage,THREE_D,64,16,4,2,1,12.703,0.744,0.002,0.441,0.676,0.048
Hawaii,Array3dAverage,THREE_D,64,16,4,4,1,13.216,0.777,0.001,0.513,0.681,0.064
Hawaii,Array3dAverage,THREE_D,64,16,8,1,1,12.694,0.762,0.003,0.456,0.633,0.069
Hawaii,Array3dAverage,THREE_D,64,16,8,2,1,13.222,0.75,0.002,0.483,0.638,0.066
Hawaii,Array3dAverage,THREE_D,64,16,16,1,1,12.675,0.771,0.002,0.485,0.625,0.095
Hawaii,Array3dAverage,THREE_D,64,32,1,1,1,13.688,0.715,0.002,0.555,0.641,0.046
Hawaii,Array3dAverage,THREE_D,64,32,1,2,1,12.707,0.749,0.001,0.456,0.676,0.049
Hawaii,Array3dAverage,THREE_D,64,32,1,4,1,13.58,0.719,0.002,0.527,0.655,0.045
Hawaii,Array3dAverage,THREE_D,64,32,1,8,1,12.722,0.748,0.001,0.497,0.624,0.063
Hawaii,Array3dAverage,THREE_D,64,32,2,1,1,13.564,0.756,0.003,0.495,0.625,0.063
Hawaii,Array3dAverage,THREE_D,64,32,2,2,1,12.736,0.72,0.004,0.532,0.627,0.066
Hawaii,Array3dAverage,THREE_D,64,32,2,4,1,13.551,0.735,0.002,0.435,0.652,0.045
Hawaii,Array3dAverage,THREE_D,64,32,4,1,1,12.748,0.741,0.003,0.522,0.63,0.073
Hawaii,Array3dAverage,THREE_D,64,32,4,2,1,13.532,0.714,0.002,0.433,0.62,0.066
Hawaii,Array3dAverage,THREE_D,64,32,8,1,1,12.76,0.776,0.002,0.486,0.648,0.073
Hawaii,Array3dAverage,THREE_D,64,64,1,1,1,13.501,0.779,0.001,0.491,0.643,0.044
Hawaii,Array3dAverage,THREE_D,64,64,1,2,1,12.783,0.716,0.002,0.445,0.616,0.069
Hawaii,Array3dAverage,THREE_D,64,64,1,4,1,13.095,0.749,0.002,0.421,0.627,0.062
Hawaii,Array3dAverage,THREE_D,64,64,2,1,1,12.744,0.744,0.004,0.518,0.629,0.067
Hawaii,Array3dAverage,THREE_D,64,64,2,2,1,13.547,0.732,0.002,0.432,0.651,0.044
Hawaii,Array3dAverage,THREE_D,64,64,4,1,1,12.76,0.767,0.003,0.483,0.617,0.081
Hawaii,Array3dAverage,THREE_D,64,128,1,1,1,13.523,0.779,0.002,0.508,0.613,0.067
Hawaii,Array3dAverage,THREE_D,64,128,1,2,1,12.779,0.718,0.002,0.493,0.652,0.046
Hawaii,Array3dAverage,THREE_D,64,128,2,1,1,13.097,0.816,0.004,0.433,0.639,0.068
Hawaii,Array3dAverage,THREE_D,64,256,1,1,1,12.758,0.761,0.003,0.508,0.631,0.089
Hawaii,Array3dAverage,THREE_D,64,1,1,1,1,14.763,0.874,0.002,2.812,0.489,0.065
Hawaii,Array3dAverage,THREE_D,64,1,1,2,1,14.836,0.868,0.001,1.888,0.564,0.069
Hawaii,Array3dAverage,THREE_D,64,1,1,4,1,15.191,0.956,0.002,1.511,0.841,0.062
Hawaii,Array3dAverage,THREE_D,64,1,1,8,1,14.272,0.923,0.002,1.075,0.786,0.065
Hawaii,Array3dAverage,THREE_D,64,1,1,16,1,13.402,0.945,0.002,1.216,0.876,0.116
Hawaii,Array3dAverage,THREE_D,64,1,1,32,1,13.757,0.945,0.001,1.339,0.857,0.089
Hawaii,Array3dAverage,THREE_D,64,1,1,64,1,13.804,0.943,0.001,1.104,0.727,0.067
Hawaii,Array3dAverage,THREE_D,64,1,1,128,1,13.43,0.898,0.001,1.089,0.586,0.065
Hawaii,Array3dAverage,THREE_D,64,1,1,256,1,12.67,0.848,0.001,1.232,0.927,0.072
Hawaii,Array3dAverage,THREE_D,64,1,2,1,1,15.33,0.885,0.002,1.94,0.8,0.063
Hawaii,Array3dAverage,THREE_D,64,1,2,2,1,14.683,0.807,0.001,1.047,0.72,0.059
Hawaii,Array3dAverage,THREE_D,64,1,2,4,1,13.08,0.835,0.001,0.966,0.699,0.063
Hawaii,Array3dAverage,THREE_D,64,1,2,8,1,14.065,0.829,0.001,0.83,0.695,0.053
Hawaii,Array3dAverage,THREE_D,64,1,2,16,1,13.01,0.831,0.001,1.027,0.691,0.055
Hawaii,Array3dAverage,THREE_D,64,1,2,32,1,12.663,0.807,0.001,1.072,0.719,0.061
Hawaii,Array3dAverage,THREE_D,64,1,2,64,1,14.995,0.833,0.001,1.175,0.694,0.054
Hawaii,Array3dAverage,THREE_D,64,1,2,128,1,13.254,0.831,0.001,0.921,0.752,0.06
Hawaii,Array3dAverage,THREE_D,64,1,4,1,1,13.812,0.806,0.001,1.203,0.695,0.055
Hawaii,Array3dAverage,THREE_D,64,1,4,2,1,13.423,0.84,0.001,0.832,0.694,0.054
Hawaii,Array3dAverage,THREE_D,64,1,4,4,1,12.567,0.843,0.001,0.814,0.7,0.06
Hawaii,Array3dAverage,THREE_D,64,1,4,8,1,14.369,0.806,0.001,0.967,0.717,0.061
Hawaii,Array3dAverage,THREE_D,64,1,4,16,1,13.286,0.81,0.002,0.796,0.688,0.064
Hawaii,Array3dAverage,THREE_D,64,1,4,32,1,13.819,0.803,0.001,1.011,0.72,0.054
Hawaii,Array3dAverage,THREE_D,64,1,4,64,1,13.424,0.808,0.001,1.044,0.697,0.054
Hawaii,Array3dAverage,THREE_D,64,1,8,1,1,12.909,0.806,0.001,0.739,0.696,0.062
Hawaii,Array3dAverage,THREE_D,64,1,8,2,1,14.368,0.838,0.001,0.821,0.699,0.054
Hawaii,Array3dAverage,THREE_D,64,1,8,4,1,12.862,0.805,0.001,0.798,0.877,0.057
Hawaii,Array3dAverage,THREE_D,64,1,8,8,1,13.488,0.848,0.001,0.746,0.692,0.084
Hawaii,Array3dAverage,THREE_D,64,1,8,16,1,13.005,0.805,0.001,0.968,0.705,0.054
Hawaii,Array3dAverage,THREE_D,64,1,8,32,1,12.671,0.845,0.001,0.949,0.742,0.063
Hawaii,Array3dAverage,THREE_D,64,1,16,1,1,14.974,0.849,0.001,0.749,0.698,0.072
Hawaii,Array3dAverage,THREE_D,64,1,16,2,1,12.78,0.81,0,0.922,0.692,0.059
Hawaii,Array3dAverage,THREE_D,64,1,16,4,1,14.027,0.803,0.001,1.001,0.687,0.074
Hawaii,Array3dAverage,THREE_D,64,1,16,8,1,13.425,0.809,0.001,1.045,0.688,0.073
Hawaii,Array3dAverage,THREE_D,64,1,16,16,1,12.778,0.816,0.001,0.745,0.7,0.061
Hawaii,Array3dAverage,THREE_D,64,1,32,1,1,14.496,0.83,0.001,0.752,0.846,0.054
Hawaii,Array3dAverage,THREE_D,64,1,32,2,1,13.199,0.807,0.001,0.84,0.69,0.058
Hawaii,Array3dAverage,THREE_D,64,1,32,4,1,13.894,0.839,0.001,0.945,0.696,0.054
Hawaii,Array3dAverage,THREE_D,64,1,32,8,1,13.427,0.816,0,0.749,0.691,0.054
Hawaii,Array3dAverage,THREE_D,64,1,64,1,1,12.466,0.784,0.017,0.846,0.696,0.061
Hawaii,Array3dAverage,THREE_D,64,1,64,2,1,14.478,0.832,0,0.844,0.692,0.055
Hawaii,Array3dAverage,THREE_D,64,1,64,4,1,13.114,0.809,0.001,0.798,0.686,0.061
Hawaii,Array3dAverage,THREE_D,64,1,128,1,1,14.068,0.832,0.001,0.831,0.699,0.055
Hawaii,Array3dAverage,THREE_D,64,1,128,2,1,13.424,0.793,0.001,0.901,0.703,0.058
Hawaii,Array3dAverage,THREE_D,64,1,256,1,1,12.679,0.839,0.001,0.83,0.7,0.062
Hawaii,Array3dAverage,THREE_D,64,2,1,1,1,14.991,0.825,0.001,1.543,0.508,0.055
Hawaii,Array3dAverage,THREE_D,64,2,1,2,1,13.786,0.806,0.001,1.409,0.695,0.067
Hawaii,Array3dAverage,THREE_D,64,2,1,4,1,13.835,0.838,0.001,0.859,0.691,0.058
Hawaii,Array3dAverage,THREE_D,64,2,1,8,1,13.424,0.799,0,0.712,0.693,0.053
Hawaii,Array3dAverage,THREE_D,64,2,1,16,1,12.674,0.842,0.001,0.786,0.722,0.058
Hawaii,Array3dAverage,THREE_D,64,2,1,32,1,14.27,0.829,0,0.667,0.864,0.058
Hawaii,Array3dAverage,THREE_D,64,2,1,64,1,12.926,0.804,0.001,0.871,0.703,0.056
Hawaii,Array3dAverage,THREE_D,64,2,1,128,1,13.431,0.805,0.001,0.855,0.693,0.054
Hawaii,Array3dAverage,THREE_D,64,2,2,1,1,13.43,0.802,0.001,1.016,0.629,0.054
Hawaii,Array3dAverage,THREE_D,64,2,2,2,1,12.831,0.842,0.001,0.893,0.703,0.063
Hawaii,Array3dAverage,THREE_D,64,2,2,4,1,14.827,0.803,0.001,0.744,0.7,0.056
Hawaii,Array3dAverage,THREE_D,64,2,2,8,1,12.872,0.833,0.001,0.717,0.711,0.06
Hawaii,Array3dAverage,THREE_D,64,2,2,16,1,13.493,0.805,0.001,0.805,0.701,0.056
Hawaii,Array3dAverage,THREE_D,64,2,2,32,1,13.012,0.818,0.001,0.791,0.694,0.057
Hawaii,Array3dAverage,THREE_D,64,2,2,64,1,12.37,0.818,0.002,0.678,0.69,0.057
Hawaii,Array3dAverage,THREE_D,64,2,4,1,1,14.603,0.805,0.001,0.806,0.695,0.058
Hawaii,Array3dAverage,THREE_D,64,2,4,2,1,12.591,0.808,0.001,0.681,0.691,0.062
Hawaii,Array3dAverage,THREE_D,64,2,4,4,1,14.368,0.809,0.001,0.705,0.694,0.052
Hawaii,Array3dAverage,THREE_D,64,2,4,8,1,12.814,0.835,0.001,0.748,0.713,0.06
Hawaii,Array3dAverage,THREE_D,64,2,4,16,1,13.649,0.836,0.001,0.767,0.706,0.056
Hawaii,Array3dAverage,THREE_D,64,2,4,32,1,12.98,0.803,0.001,0.701,0.699,0.06
Hawaii,Array3dAverage,THREE_D,64,2,8,1,1,13.329,0.857,0,0.809,0.748,0.077
Hawaii,Array3dAverage,THREE_D,64,2,8,2,1,13.423,0.864,0.001,0.742,0.741,0.056
Hawaii,Array3dAverage,THREE_D,64,2,8,4,1,12.534,0.832,0,0.646,0.699,0.062
Hawaii,Array3dAverage,THREE_D,64,2,8,8,1,14.429,0.831,0.001,0.602,0.698,0.056
Hawaii,Array3dAverage,THREE_D,64,2,8,16,1,12.74,0.806,0.001,0.654,0.694,0.061
Hawaii,Array3dAverage,THREE_D,64,2,16,1,1,13.729,0.805,0.001,0.637,0.694,0.059
Hawaii,Array3dAverage,THREE_D,64,2,16,2,1,12.864,0.805,0.002,0.605,0.695,0.058
Hawaii,Array3dAverage,THREE_D,64,2,16,4,1,13.523,0.836,0.001,0.75,0.704,0.056
Hawaii,Array3dAverage,THREE_D,64,2,16,8,1,13.013,0.828,0,0.598,0.69,0.057
Hawaii,Array3dAverage,THREE_D,64,2,32,1,1,12.309,0.839,0.001,0.718,0.702,0.062
Hawaii,Array3dAverage,THREE_D,64,2,32,2,1,14.646,0.831,0.001,0.718,0.691,0.053
Hawaii,Array3dAverage,THREE_D,64,2,32,4,1,12.565,0.808,0.001,0.751,0.691,0.065
Hawaii,Array3dAverage,THREE_D,64,2,64,1,1,14.416,0.827,0,0.717,0.711,0.058
Hawaii,Array3dAverage,THREE_D,64,2,64,2,1,12.77,0.803,0,0.622,0.722,0.059
Hawaii,Array3dAverage,THREE_D,64,2,128,1,1,13.697,0.83,0.001,0.716,0.71,0.054
Hawaii,Array3dAverage,THREE_D,64,4,1,1,1,12.911,0.803,0.001,1.022,0.579,0.062
Hawaii,Array3dAverage,THREE_D,64,4,1,2,1,13.438,0.805,0.001,0.925,0.687,0.06
Hawaii,Array3dAverage,THREE_D,64,4,1,4,1,13.434,0.798,0.001,0.723,0.737,0.056
Hawaii,Array3dAverage,THREE_D,64,4,1,8,1,12.496,0.829,0.001,0.598,0.703,0.059
Hawaii,Array3dAverage,THREE_D,64,4,1,16,1,14.063,0.8,0.001,0.608,0.739,0.053
Hawaii,Array3dAverage,THREE_D,64,4,1,32,1,12.626,0.834,0.001,0.56,0.69,0.063
Hawaii,Array3dAverage,THREE_D,64,4,1,64,1,13.931,0.811,0.002,0.566,0.689,0.054
Hawaii,Array3dAverage,THREE_D,64,4,2,1,1,12.748,0.831,0.001,0.726,0.883,0.062
Hawaii,Array3dAverage,THREE_D,64,4,2,2,1,14.053,0.832,0.001,0.702,0.706,0.053
Hawaii,Array3dAverage,THREE_D,64,4,2,4,1,12.978,0.817,0.001,0.651,0.696,0.057
Hawaii,Array3dAverage,THREE_D,64,4,2,8,1,12.296,0.813,0.001,0.602,0.696,0.062
Hawaii,Array3dAverage,THREE_D,64,4,2,16,1,14.264,0.801,0,0.675,0.7,0.053
Hawaii,Array3dAverage,THREE_D,64,4,2,32,1,12.435,0.84,0.001,0.618,0.691,0.061
Hawaii,Array3dAverage,THREE_D,64,4,4,1,1,14.542,0.804,0.001,0.729,0.692,0.056
Hawaii,Array3dAverage,THREE_D,64,4,4,2,1,12.653,0.844,0.001,0.558,0.789,0.071
Hawaii,Array3dAverage,THREE_D,64,4,4,4,1,13.907,0.848,0.002,0.691,0.746,0.072
Hawaii,Array3dAverage,THREE_D,64,4,4,8,1,12.835,0.841,0.001,0.655,0.714,0.091
Hawaii,Array3dAverage,THREE_D,64,4,4,16,1,13.604,0.833,0.001,0.632,0.694,0.054
Hawaii,Array3dAverage,THREE_D,64,4,8,1,1,12.964,0.805,0.001,0.624,0.705,0.091
Hawaii,Array3dAverage,THREE_D,64,4,8,2,1,13.393,0.801,0.001,0.623,0.701,0.057
Hawaii,Array3dAverage,THREE_D,64,4,8,4,1,13.012,0.844,0.001,0.617,0.712,0.056
Hawaii,Array3dAverage,THREE_D,64,4,8,8,1,12.396,0.812,0.001,0.528,0.715,0.061
Hawaii,Array3dAverage,THREE_D,64,4,16,1,1,14.168,0.834,0,0.625,0.676,0.074
Hawaii,Array3dAverage,THREE_D,64,4,16,2,1,12.526,0.808,0.001,0.519,0.725,0.062
Hawaii,Array3dAverage,THREE_D,64,4,16,4,1,14.041,0.802,0.001,0.626,0.696,0.055
Hawaii,Array3dAverage,THREE_D,64,4,32,1,1,12.658,0.802,0.001,0.532,0.705,0.08
Hawaii,Array3dAverage,THREE_D,64,4,32,2,1,13.913,0.805,0.001,0.6,0.714,0.055
Hawaii,Array3dAverage,THREE_D,64,4,64,1,1,12.785,0.805,0.001,0.52,0.724,0.062
Hawaii,Array3dAverage,THREE_D,64,8,1,1,1,13.706,0.839,0.001,0.753,0.852,0.058
Hawaii,Array3dAverage,THREE_D,64,8,1,2,1,13.433,0.823,0.001,0.699,0.698,0.057
Hawaii,Array3dAverage,THREE_D,64,8,1,4,1,12.321,0.827,0.001,0.63,0.695,0.062
Hawaii,Array3dAverage,THREE_D,64,8,1,8,1,14.642,0.838,0.001,0.549,0.694,0.055
Hawaii,Array3dAverage,THREE_D,64,8,1,16,1,12.517,0.798,0.001,0.494,0.695,0.062
Hawaii,Array3dAverage,THREE_D,64,8,1,32,1,14.055,0.804,0.001,0.564,0.728,0.054
Hawaii,Array3dAverage,THREE_D,64,8,2,1,1,12.628,0.827,0.001,0.606,0.696,0.057
Hawaii,Array3dAverage,THREE_D,64,8,2,2,1,13.929,0.809,0.001,0.595,0.725,0.054
Hawaii,Array3dAverage,THREE_D,64,8,2,4,1,12.759,0.832,0.001,0.483,0.69,0.063
Hawaii,Array3dAverage,THREE_D,64,8,2,8,1,13.726,0.807,0.001,0.604,0.699,0.058
Hawaii,Array3dAverage,THREE_D,64,8,2,16,1,12.863,0.809,0.001,0.554,0.701,0.061
Hawaii,Array3dAverage,THREE_D,64,8,4,1,1,13.526,0.839,0.001,0.59,0.695,0.057
Hawaii,Array3dAverage,THREE_D,64,8,4,2,1,12.963,0.856,0.002,0.65,0.742,0.07
Hawaii,Array3dAverage,THREE_D,64,8,4,4,1,13.034,0.837,0,0.514,0.695,0.056
Hawaii,Array3dAverage,THREE_D,64,8,4,8,1,12.562,0.811,0.001,0.57,0.707,0.064
Hawaii,Array3dAverage,THREE_D,64,8,8,1,1,12.719,0.807,0.001,0.606,0.703,0.053
Hawaii,Array3dAverage,THREE_D,64,8,8,2,1,12.986,0.809,0.001,0.579,0.699,0.058
Hawaii,Array3dAverage,THREE_D,64,8,8,4,1,13.043,0.829,0,0.484,0.694,0.059
Hawaii,Array3dAverage,THREE_D,64,8,16,1,1,12.551,0.88,0.002,0.614,0.719,0.108
Hawaii,Array3dAverage,THREE_D,64,8,16,2,1,13.082,0.877,0.001,0.581,0.929,0.067
Hawaii,Array3dAverage,THREE_D,64,8,32,1,1,13.04,0.894,0.001,0.595,0.713,0.066
Hawaii,Array3dAverage,THREE_D,64,16,1,1,1,12.436,0.815,0.001,0.585,0.723,0.068
Hawaii,Array3dAverage,THREE_D,64,16,1,2,1,14.15,0.897,0.001,0.709,0.791,0.055
Hawaii,Array3dAverage,THREE_D,64,16,1,4,1,12.922,0.918,0.001,0.555,0.721,0.061
Hawaii,Array3dAverage,THREE_D,64,16,1,8,1,14.358,0.87,0,0.588,0.704,0.06
Hawaii,Array3dAverage,THREE_D,64,16,1,16,1,12.83,0.806,0.001,0.565,0.711,0.063
Hawaii,Array3dAverage,THREE_D,64,16,2,1,1,13.639,0.83,0.001,0.612,0.691,0.058
Hawaii,Array3dAverage,THREE_D,64,16,2,2,1,12.957,0.845,0,0.554,0.703,0.063
Hawaii,Array3dAverage,THREE_D,64,16,2,4,1,13.432,0.8,0,0.547,0.728,0.053
Hawaii,Array3dAverage,THREE_D,64,16,2,8,1,13.01,0.796,0.001,0.529,0.69,0.057
Hawaii,Array3dAverage,THREE_D,64,16,4,1,1,12.134,0.832,0.001,0.559,0.689,0.058
Hawaii,Array3dAverage,THREE_D,64,16,4,2,1,13.684,0.793,0.001,0.54,0.698,0.06
Hawaii,Array3dAverage,THREE_D,64,16,4,4,1,12.134,0.803,0.001,0.562,0.687,0.058
Hawaii,Array3dAverage,THREE_D,64,16,8,1,1,13.769,0.838,0.001,0.57,0.694,0.056
Hawaii,Array3dAverage,THREE_D,64,16,8,2,1,12.387,0.807,0.001,0.524,0.696,0.059
Hawaii,Array3dAverage,THREE_D,64,16,16,1,1,14.179,0.83,0,0.512,0.697,0.053
Hawaii,Array3dAverage,THREE_D,64,32,1,1,1,12.498,0.84,0.002,0.516,0.7,0.061
Hawaii,Array3dAverage,THREE_D,64,32,1,2,1,14.066,0.798,0.001,0.49,0.715,0.054
Hawaii,Array3dAverage,THREE_D,64,32,1,4,1,12.604,0.844,0.001,0.524,0.696,0.063
Hawaii,Array3dAverage,THREE_D,64,32,1,8,1,13.958,0.809,0.001,0.548,0.705,0.058
Hawaii,Array3dAverage,THREE_D,64,32,2,1,1,12.724,0.809,0,0.567,0.72,0.076
Hawaii,Array3dAverage,THREE_D,64,32,2,2,1,13.8,0.872,0.001,0.65,0.787,0.056
Hawaii,Array3dAverage,THREE_D,64,32,2,4,1,12.878,0.898,0.001,0.501,0.734,0.06
Hawaii,Array3dAverage,THREE_D,64,32,4,1,1,13.506,0.837,0,0.56,0.701,0.058
Hawaii,Array3dAverage,THREE_D,64,32,4,2,1,13.004,0.806,0,0.498,0.696,0.058
Hawaii,Array3dAverage,THREE_D,64,32,8,1,1,12.083,0.822,0.001,0.471,0.695,0.057
Hawaii,Array3dAverage,THREE_D,64,64,1,1,1,13.712,0.806,0.001,0.583,0.692,0.059
Hawaii,Array3dAverage,THREE_D,64,64,1,2,1,13.366,0.804,0.001,0.524,0.732,0.059
Hawaii,Array3dAverage,THREE_D,64,64,1,4,1,13.008,0.839,0.001,0.547,0.7,0.057
Hawaii,Array3dAverage,THREE_D,64,64,2,1,1,12.377,0.84,0.001,0.472,0.7,0.058
Hawaii,Array3dAverage,THREE_D,64,64,2,2,1,14.193,0.807,0,0.522,0.728,0.054
Hawaii,Array3dAverage,THREE_D,64,64,4,1,1,12.484,0.804,0.001,0.522,0.692,0.059
Hawaii,Array3dAverage,THREE_D,64,128,1,1,1,14.086,0.823,0.001,0.584,0.745,0.053
Hawaii,Array3dAverage,THREE_D,64,128,1,2,1,12.609,0.866,0.002,0.496,0.697,0.06
Hawaii,Array3dAverage,THREE_D,64,128,2,1,1,13.95,0.83,0.001,0.525,0.703,0.057
Hawaii,Array3dAverage,THREE_D,64,256,1,1,1,12.721,0.804,0.001,0.605,0.701,0.058
Hawaii,Array3dAverage,THREE_D,64,1,1,1,1,14.696,0.909,0.001,2.851,0.495,0.054
Hawaii,Array3dAverage,THREE_D,64,1,1,2,1,13.438,0.896,0.001,1.652,0.511,0.053
Hawaii,Array3dAverage,THREE_D,64,1,1,4,1,13.77,0.871,0,1.156,0.825,0.056
Hawaii,Array3dAverage,THREE_D,64,1,1,8,1,13.65,0.867,0.001,0.993,0.732,0.067
Hawaii,Array3dAverage,THREE_D,64,1,1,16,1,13.9,0.872,0,0.846,0.747,0.054
Hawaii,Array3dAverage,THREE_D,64,1,1,32,1,13.356,0.806,0.001,0.94,0.85,0.07
Hawaii,Array3dAverage,THREE_D,64,1,1,64,1,12.928,0.843,0.001,1.111,0.694,0.059
Hawaii,Array3dAverage,THREE_D,64,1,1,128,1,14.431,0.839,0,1.137,0.706,0.055
Hawaii,Array3dAverage,THREE_D,64,1,1,256,1,13.353,0.811,0.001,1.137,0.866,0.053
Hawaii,Array3dAverage,THREE_D,64,1,2,1,1,13.077,0.818,0.001,1.747,0.548,0.067
Hawaii,Array3dAverage,THREE_D,64,1,2,2,1,15.451,0.804,0.001,1.044,0.627,0.054
Hawaii,Array3dAverage,THREE_D,64,1,2,4,1,13.355,0.809,0.001,0.934,0.693,0.052
Hawaii,Array3dAverage,THREE_D,64,1,2,8,1,12.754,0.802,0.001,0.934,0.709,0.059
Hawaii,Array3dAverage,THREE_D,64,1,2,16,1,14.76,0.799,0,0.926,0.695,0.052
Hawaii,Array3dAverage,THREE_D,64,1,2,32,1,13.26,0.827,0.001,0.873,0.707,0.09
Hawaii,Array3dAverage,THREE_D,64,1,2,64,1,13.652,0.831,0.001,1.032,0.695,0.057
Hawaii,Array3dAverage,THREE_D,64,1,2,128,1,13.357,0.84,0.001,1.196,0.711,0.052
Hawaii,Array3dAverage,THREE_D,64,1,4,1,1,12.896,0.809,0.001,1.275,0.696,0.059
Hawaii,Array3dAverage,THREE_D,64,1,4,2,1,14.438,0.839,0,0.869,0.703,0.056
Hawaii,Array3dAverage,THREE_D,64,1,4,4,1,13.351,0.873,0.001,0.975,0.779,0.059
Hawaii,Array3dAverage,THREE_D,64,1,4,8,1,12.639,0.867,0.001,1.047,0.715,0.06
Hawaii,Array3dAverage,THREE_D,64,1,4,16,1,14.849,0.807,0.001,1.128,0.722,0.053
Hawaii,Array3dAverage,THREE_D,64,1,4,32,1,13.217,0.811,0.001,0.807,0.688,0.059
Hawaii,Array3dAverage,THREE_D,64,1,4,64,1,13.739,0.803,0.001,0.871,0.697,0.052
Hawaii,Array3dAverage,THREE_D,64,1,8,1,1,12.934,0.816,0.001,0.956,0.703,0.055
Hawaii,Array3dAverage,THREE_D,64,1,8,2,1,12.666,0.803,0.001,0.928,0.711,0.062
Hawaii,Array3dAverage,THREE_D,64,1,8,4,1,14.857,0.803,0,0.774,0.695,0.053
Hawaii,Array3dAverage,THREE_D,64,1,8,8,1,12.716,0.803,0.001,0.961,0.7,0.056
Hawaii,Array3dAverage,THREE_D,64,1,8,16,1,13.948,0.802,0.001,0.876,0.692,0.052
Hawaii,Array3dAverage,THREE_D,64,1,8,32,1,13.357,0.856,0.001,0.948,0.699,0.053
Hawaii,Array3dAverage,THREE_D,64,1,16,1,1,12.646,0.808,0.001,0.827,0.694,0.06
Hawaii,Array3dAverage,THREE_D,64,1,16,2,1,14.892,0.825,0,0.73,0.685,0.074
Hawaii,Array3dAverage,THREE_D,64,1,16,4,1,12.695,0.839,0.001,0.742,0.72,0.058
Hawaii,Array3dAverage,THREE_D,64,1,16,8,1,13.62,0.839,0.001,0.966,0.701,0.054
Hawaii,Array3dAverage,THREE_D,64,1,16,16,1,13.36,0.828,0.001,0.764,0.71,0.052
Hawaii,Array3dAverage,THREE_D,64,1,32,1,1,12.256,0.829,0.001,0.96,0.704,0.057
Hawaii,Array3dAverage,THREE_D,64,1,32,2,1,14.53,0.86,0.001,0.923,0.746,0.072
Hawaii,Array3dAverage,THREE_D,64,1,32,4,1,12.879,0.87,0.001,0.814,0.767,0.061
Hawaii,Array3dAverage,THREE_D,64,1,32,8,1,14.63,0.837,0.001,0.784,0.734,0.056
Hawaii,Array3dAverage,THREE_D,64,1,64,1,1,13.354,0.811,0.001,0.966,0.695,0.052
Hawaii,Array3dAverage,THREE_D,64,1,64,2,1,12.551,0.804,0.001,0.927,0.696,0.06
Hawaii,Array3dAverage,THREE_D,64,1,64,4,1,14.973,0.8,0.001,0.913,0.693,0.053
Hawaii,Array3dAverage,THREE_D,64,1,128,1,1,13.048,0.8,0.001,0.727,0.885,0.061
Hawaii,Array3dAverage,THREE_D,64,1,128,2,1,13.976,0.837,0,0.878,0.696,0.054
Hawaii,Array3dAverage,THREE_D,64,1,256,1,1,13.356,0.835,0.001,0.917,0.702,0.053
Hawaii,Array3dAverage,THREE_D,64,2,1,1,1,12.62,0.841,0.001,1.751,0.613,0.069
Hawaii,Array3dAverage,THREE_D,64,2,1,2,1,15.607,0.986,0.001,1.435,0.694,0.056
Hawaii,Array3dAverage,THREE_D,64,2,1,4,1,13.771,0.8,0,0.768,0.69,0.054
Hawaii,Array3dAverage,THREE_D,64,2,1,8,1,12.454,0.802,0.001,0.708,0.708,0.06
Hawaii,Array3dAverage,THREE_D,64,2,1,16,1,14.363,0.805,0.001,0.703,0.697,0.053
Hawaii,Array3dAverage,THREE_D,64,2,1,32,1,12.652,0.807,0.001,0.774,0.696,0.061
Hawaii,Array3dAverage,THREE_D,64,2,1,64,1,13.662,0.806,0.001,0.814,0.693,0.051
Hawaii,Array3dAverage,THREE_D,64,2,1,128,1,12.798,0.826,0.001,0.71,0.72,0.058
Hawaii,Array3dAverage,THREE_D,64,2,2,1,1,13.431,0.829,0.001,1.154,0.867,0.053
Hawaii,Array3dAverage,THREE_D,64,2,2,2,1,13.773,0.805,0.001,0.761,0.692,0.053
Hawaii,Array3dAverage,THREE_D,64,2,2,4,1,12.447,0.817,0.001,0.59,0.725,0.06
Hawaii,Array3dAverage,THREE_D,64,2,2,8,1,13.965,0.807,0.001,0.598,0.702,0.057
Hawaii,Array3dAverage,THREE_D,64,2,2,16,1,12.555,0.83,0.001,0.773,0.715,0.061
Hawaii,Array3dAverage,THREE_D,64,2,2,32,1,14.247,0.802,0,0.816,0.698,0.051
Hawaii,Array3dAverage,THREE_D,64,2,2,64,1,12.783,0.808,0.001,0.785,0.693,0.058
Hawaii,Array3dAverage,THREE_D,64,2,4,1,1,13.443,0.835,0.001,0.901,0.691,0.054
Hawaii,Array3dAverage,THREE_D,64,2,4,2,1,13.35,0.84,0,0.713,0.695,0.052
Hawaii,Array3dAverage,THREE_D,64,2,4,4,1,12.314,0.837,0.001,0.707,0.714,0.06
Hawaii,Array3dAverage,THREE_D,64,2,4,8,1,14.497,0.8,0,0.675,0.692,0.055
Hawaii,Array3dAverage,THREE_D,64,2,4,16,1,12.512,0.842,0.001,0.777,0.694,0.058
Hawaii,Array3dAverage,THREE_D,64,2,4,32,1,14.294,0.801,0.001,0.668,0.689,0.054
Hawaii,Array3dAverage,THREE_D,64,2,8,1,1,12.708,0.81,0.002,0.733,0.699,0.056
Hawaii,Array3dAverage,THREE_D,64,2,8,2,1,13.607,0.803,0.001,0.731,0.726,0.053
Hawaii,Array3dAverage,THREE_D,64,2,8,4,1,12.842,0.817,0.001,0.63,0.699,0.058
Hawaii,Array3dAverage,THREE_D,64,2,8,8,1,13.399,0.799,0.001,0.724,0.701,0.056
Hawaii,Array3dAverage,THREE_D,64,2,8,16,1,12.937,0.802,0.001,0.749,0.717,0.053
Hawaii,Array3dAverage,THREE_D,64,2,16,1,1,12.274,0.812,0.001,0.712,0.699,0.057
Hawaii,Array3dAverage,THREE_D,64,2,16,2,1,14.545,0.834,0.001,0.714,0.703,0.059
Hawaii,Array3dAverage,THREE_D,64,2,16,4,1,12.476,0.815,0.001,0.63,0.694,0.058
Hawaii,Array3dAverage,THREE_D,64,2,16,8,1,14.353,0.822,0.001,0.631,0.694,0.054
Hawaii,Array3dAverage,THREE_D,64,2,32,1,1,12.653,0.807,0.001,0.709,0.695,0.059
Hawaii,Array3dAverage,THREE_D,64,2,32,2,1,13.658,0.805,0.001,0.728,0.696,0.054
Hawaii,Array3dAverage,THREE_D,64,2,32,4,1,12.782,0.806,0.001,0.729,0.698,0.056
Hawaii,Array3dAverage,THREE_D,64,2,64,1,1,13.449,0.837,0.001,0.719,0.7,0.057
Hawaii,Array3dAverage,THREE_D,64,2,64,2,1,12.895,0.807,0.001,0.725,0.696,0.059
Hawaii,Array3dAverage,THREE_D,64,2,128,1,1,13.245,0.807,0.001,0.653,0.687,0.056
Hawaii,Array3dAverage,THREE_D,64,4,1,1,1,12.937,0.84,0.001,1.211,0.691,0.055
Hawaii,Array3dAverage,THREE_D,64,4,1,2,1,12.675,0.811,0.001,0.765,0.707,0.058
Hawaii,Array3dAverage,THREE_D,64,4,1,4,1,14.875,0.798,0.001,0.621,0.726,0.055
Hawaii,Array3dAverage,THREE_D,64,4,1,8,1,12.687,0.837,0.001,0.521,0.697,0.06
Hawaii,Array3dAverage,THREE_D,64,4,1,16,1,13.652,0.862,0,0.717,0.791,0.057
Hawaii,Array3dAverage,THREE_D,64,4,1,32,1,13.28,0.901,0.001,0.751,0.753,0.061
Hawaii,Array3dAverage,THREE_D,64,4,1,64,1,13.579,0.858,0.001,0.715,0.699,0.054
Hawaii,Array3dAverage,THREE_D,64,4,2,1,1,12.936,0.811,0.001,0.814,0.694,0.053
Hawaii,Array3dAverage,THREE_D,64,4,2,2,1,12.381,0.829,0.001,0.716,0.683,0.075
Hawaii,Array3dAverage,THREE_D,64,4,2,4,1,14.435,0.92,0.001,0.693,0.875,0.067
Hawaii,Array3dAverage,THREE_D,64,4,2,8,1,13.019,0.957,0.002,0.628,0.783,0.076
Hawaii,Array3dAverage,THREE_D,64,4,2,16,1,14.028,0.86,0.001,0.666,0.762,0.067
Hawaii,Array3dAverage,THREE_D,64,4,2,32,1,12.91,0.857,0.002,0.749,0.723,0.069
Hawaii,Array3dAverage,THREE_D,64,4,4,1,1,13.258,0.832,0.001,0.584,0.726,0.056
Hawaii,Array3dAverage,THREE_D,64,4,4,2,1,12.94,0.833,0.001,0.523,0.743,0.051
Hawaii,Array3dAverage,THREE_D,64,4,4,4,1,12.31,0.91,0.002,0.542,0.695,0.07
Hawaii,Array3dAverage,THREE_D,64,4,4,8,1,14.138,1.157,0.001,0.711,0.751,0.067
Hawaii,Array3dAverage,THREE_D,64,4,4,16,1,12.866,0.941,0.001,0.709,0.852,0.077
Hawaii,Array3dAverage,THREE_D,64,4,8,1,1,14.685,0.895,0.001,0.558,0.753,0.055
Hawaii,Array3dAverage,THREE_D,64,4,8,2,1,12.844,0.842,0.001,0.517,0.695,0.075
Hawaii,Array3dAverage,THREE_D,64,4,8,4,1,13.072,0.836,0.001,0.52,0.696,0.051
Hawaii,Array3dAverage,THREE_D,64,4,8,8,1,12.431,0.851,0.001,0.591,0.696,0.06
Hawaii,Array3dAverage,THREE_D,64,4,16,1,1,12.925,0.805,0.001,0.628,0.739,0.064
Hawaii,Array3dAverage,THREE_D,64,4,16,2,1,14.621,0.823,0.001,0.6,0.734,0.051
Hawaii,Array3dAverage,THREE_D,64,4,16,4,1,12.389,0.836,0.001,0.652,0.71,0.061
Hawaii,Array3dAverage,THREE_D,64,4,32,1,1,14.433,0.807,0.001,0.523,0.721,0.055
Hawaii,Array3dAverage,THREE_D,64,4,32,2,1,12.563,0.83,0.001,0.532,0.698,0.061
Hawaii,Array3dAverage,THREE_D,64,4,64,1,1,13.861,0.83,0,0.606,0.702,0.056
Hawaii,Array3dAverage,THREE_D,64,8,1,1,1,12.67,0.8,0.001,0.84,0.717,0.061
Hawaii,Array3dAverage,THREE_D,64,8,1,2,1,14.009,0.803,0,0.726,0.723,0.074
Hawaii,Array3dAverage,THREE_D,64,8,1,4,1,12.871,0.84,0.001,0.598,0.699,0.058
Hawaii,Array3dAverage,THREE_D,64,8,1,8,1,13.375,0.822,0.001,0.513,0.695,0.056
Hawaii,Array3dAverage,THREE_D,64,8,1,16,1,12.937,0.8,0.001,0.489,0.694,0.052
Hawaii,Array3dAverage,THREE_D,64,8,1,32,1,12.025,0.809,0,0.56,0.733,0.059
Hawaii,Array3dAverage,THREE_D,64,8,2,1,1,13.646,0.828,0.001,0.655,0.693,0.055
Hawaii,Array3dAverage,THREE_D,64,8,2,2,1,12.239,0.836,0.001,0.618,0.698,0.062
Hawaii,Array3dAverage,THREE_D,64,8,2,4,1,14.583,0.799,0.001,0.484,0.721,0.057
Hawaii,Array3dAverage,THREE_D,64,8,2,8,1,12.134,0.833,0,0.514,0.693,0.062
Hawaii,Array3dAverage,THREE_D,64,8,2,16,1,13.544,0.797,0.001,0.488,0.696,0.057
Hawaii,Array3dAverage,THREE_D,64,8,4,1,1,12.115,0.806,0.001,0.59,0.721,0.057
Hawaii,Array3dAverage,THREE_D,64,8,4,2,1,13.557,0.844,0.001,0.496,0.693,0.056
Hawaii,Array3dAverage,THREE_D,64,8,4,4,1,12.37,0.838,0.001,0.568,0.749,0.056
Hawaii,Array3dAverage,THREE_D,64,8,4,8,1,14.457,0.849,0.001,0.484,0.694,0.056
Hawaii,Array3dAverage,THREE_D,64,8,8,1,1,12.532,0.811,0.001,0.583,0.706,0.06
Hawaii,Array3dAverage,THREE_D,64,8,8,2,1,13.885,0.802,0,0.606,0.695,0.056
Hawaii,Array3dAverage,THREE_D,64,8,8,4,1,12.637,0.814,0.001,0.577,0.695,0.057
Hawaii,Array3dAverage,THREE_D,64,8,16,1,1,13.779,0.832,0.001,0.568,0.697,0.056
Hawaii,Array3dAverage,THREE_D,64,8,16,2,1,12.746,0.838,0.001,0.547,0.692,0.061
Hawaii,Array3dAverage,THREE_D,64,8,32,1,1,13.595,0.803,0.001,0.576,0.744,0.059
Hawaii,Array3dAverage,THREE_D,64,16,1,1,1,12.841,0.804,0.001,0.584,0.707,0.074
Hawaii,Array3dAverage,THREE_D,64,16,1,2,1,13.407,0.8,0.001,0.641,0.698,0.052
Hawaii,Array3dAverage,THREE_D,64,16,1,4,1,12.936,0.824,0.001,0.505,0.696,0.051
Hawaii,Array3dAverage,THREE_D,64,16,1,8,1,12.019,0.805,0.001,0.481,0.694,0.062
Hawaii,Array3dAverage,THREE_D,64,16,1,16,1,13.626,0.823,0.001,0.567,0.726,0.084
Hawaii,Array3dAverage,THREE_D,64,16,2,1,1,13.644,0.832,0.001,0.634,0.704,0.059
Hawaii,Array3dAverage,THREE_D,64,16,2,2,1,12.935,0.806,0.001,0.575,0.701,0.056
Hawaii,Array3dAverage,THREE_D,64,16,2,4,1,12.345,0.806,0.001,0.476,0.724,0.06
Hawaii,Array3dAverage,THREE_D,64,16,2,8,1,14.086,0.84,0.001,0.5,0.698,0.052
Hawaii,Array3dAverage,THREE_D,64,16,4,1,1,12.449,0.831,0.001,0.536,0.698,0.057
Hawaii,Array3dAverage,THREE_D,64,16,4,2,1,13.995,0.799,0,0.528,0.717,0.052
Hawaii,Array3dAverage,THREE_D,64,16,4,4,1,12.525,0.842,0.001,0.565,0.71,0.058
Hawaii,Array3dAverage,THREE_D,64,16,8,1,1,13.884,0.808,0.001,0.588,0.691,0.05
Hawaii,Array3dAverage,THREE_D,64,16,8,2,1,12.633,0.832,0.001,0.548,0.698,0.061
Hawaii,Array3dAverage,THREE_D,64,16,16,1,1,13.785,0.834,0.001,0.569,0.696,0.051
Hawaii,Array3dAverage,THREE_D,64,32,1,1,1,12.738,0.835,0.001,0.592,0.696,0.063
Hawaii,Array3dAverage,THREE_D,64,32,1,2,1,13.59,0.802,0.001,0.539,0.735,0.057
Hawaii,Array3dAverage,THREE_D,64,32,1,4,1,12.832,0.814,0.001,0.53,0.733,0.057
Hawaii,Array3dAverage,THREE_D,64,32,1,8,1,13.42,0.799,0.001,0.581,0.708,0.053
Hawaii,Array3dAverage,THREE_D,64,32,2,1,1,12.908,0.805,0.001,0.567,0.696,0.056
Hawaii,Array3dAverage,THREE_D,64,32,2,2,1,12.209,0.803,0.001,0.526,0.699,0.06
Hawaii,Array3dAverage,THREE_D,64,32,2,4,1,14.224,0.835,0,0.503,0.671,0.074
Hawaii,Array3dAverage,THREE_D,64,32,4,1,1,12.289,0.8,0.001,0.562,0.702,0.062
Hawaii,Array3dAverage,THREE_D,64,32,4,2,1,14.132,0.805,0.001,0.522,0.716,0.056
Hawaii,Array3dAverage,THREE_D,64,32,8,1,1,12.381,0.83,0.001,0.534,0.693,0.057
Hawaii,Array3dAverage,THREE_D,64,64,1,1,1,14.042,0.805,0.001,0.601,0.699,0.054
Hawaii,Array3dAverage,THREE_D,64,64,1,2,1,12.486,0.838,0.001,0.532,0.697,0.06
Hawaii,Array3dAverage,THREE_D,64,64,1,4,1,13.933,0.839,0.001,0.492,0.707,0.053
Hawaii,Array3dAverage,THREE_D,64,64,2,1,1,12.584,0.803,0.001,0.525,0.731,0.056
Hawaii,Array3dAverage,THREE_D,64,64,2,2,1,13.839,0.804,0.001,0.474,0.695,0.053
Hawaii,Array3dAverage,THREE_D,64,64,4,1,1,12.299,0.842,0.001,0.473,0.687,0.06
Hawaii,Array3dAverage,THREE_D,64,128,1,1,1,13.382,0.831,0.001,0.573,0.698,0.058
Hawaii,Array3dAverage,THREE_D,64,128,1,2,1,12.656,0.809,0.001,0.557,0.728,0.076
Hawaii,Array3dAverage,THREE_D,64,128,2,1,1,13.74,0.887,0.001,0.565,0.708,0.056
Hawaii,Array3dAverage,THREE_D,64,256,1,1,1,12.777,0.8,0.001,1.228,0.7,0.061
Hawaii,Array3dAverage,THREE_D,64,1,1,1,1,15.097,0.764,0.002,2.722,0.411,0.053
Hawaii,Array3dAverage,THREE_D,64,1,1,2,1,13.546,0.76,0.001,1.92,0.834,0.054
Hawaii,Array3dAverage,THREE_D,64,1,1,4,1,14.59,0.706,0.001,1.219,0.612,0.045
Hawaii,Array3dAverage,THREE_D,64,1,1,8,1,13.747,0.751,0.002,0.927,0.693,0.066
Hawaii,Array3dAverage,THREE_D,64,1,1,16,1,13.041,0.787,0.001,1.046,0.691,0.07
Hawaii,Array3dAverage,THREE_D,64,1,1,32,1,15.246,0.763,0.002,0.965,0.819,0.063
Hawaii,Array3dAverage,THREE_D,64,1,1,64,1,13.748,0.751,0.002,0.917,0.559,0.067
Hawaii,Array3dAverage,THREE_D,64,1,1,128,1,12.704,0.744,0.002,0.957,0.58,0.07
Hawaii,Array3dAverage,THREE_D,64,1,1,256,1,14.895,0.73,0.002,1.13,0.61,0.063
Hawaii,Array3dAverage,THREE_D,64,1,2,1,1,13.461,0.76,0.002,1.759,0.562,0.051
Hawaii,Array3dAverage,THREE_D,64,1,2,2,1,14.487,0.812,0.001,1.29,0.681,0.064
Hawaii,Array3dAverage,THREE_D,64,1,2,4,1,14.164,0.764,0.002,0.747,0.679,0.058
Hawaii,Array3dAverage,THREE_D,64,1,2,8,1,13.113,0.797,0.001,0.814,0.653,0.046
Hawaii,Array3dAverage,THREE_D,64,1,2,16,1,13.981,0.686,0.002,0.78,0.656,0.053
Hawaii,Array3dAverage,THREE_D,64,1,2,32,1,13.339,0.699,0.003,1.043,0.648,0.053
Hawaii,Array3dAverage,THREE_D,64,1,2,64,1,12.753,0.799,0.001,1,0.927,0.06
Hawaii,Array3dAverage,THREE_D,64,1,2,128,1,15.237,0.774,0.001,0.996,0.751,0.072
Hawaii,Array3dAverage,THREE_D,64,1,4,1,1,13.731,0.762,0.002,1.027,0.668,0.077
Hawaii,Array3dAverage,THREE_D,64,1,4,2,1,13.924,0.709,0.001,0.84,0.618,0.07
Hawaii,Array3dAverage,THREE_D,64,1,4,4,1,13.348,0.682,0.003,0.631,0.627,0.052
Hawaii,Array3dAverage,THREE_D,64,1,4,8,1,12.613,0.714,0.002,0.798,0.652,0.058
Hawaii,Array3dAverage,THREE_D,64,1,4,16,1,13.862,0.755,0.001,0.859,0.707,0.052
Hawaii,Array3dAverage,THREE_D,64,1,4,32,1,13.115,0.766,0.003,1.081,0.72,0.07
Hawaii,Array3dAverage,THREE_D,64,1,4,64,1,14.355,0.752,0.001,0.833,0.626,0.068
Hawaii,Array3dAverage,THREE_D,64,1,8,1,1,13.345,0.758,0.001,0.743,0.645,0.043
Hawaii,Array3dAverage,THREE_D,64,1,8,2,1,12.788,0.739,0.001,0.714,0.613,0.076
Hawaii,Array3dAverage,THREE_D,64,1,8,4,1,14.412,0.698,0.002,0.884,0.603,0.067
Hawaii,Array3dAverage,THREE_D,64,1,8,8,1,13.018,0.721,0.016,0.794,0.616,0.07
Hawaii,Array3dAverage,THREE_D,64,1,8,16,1,14.596,0.746,0.017,0.832,0.614,0.065
Hawaii,Array3dAverage,THREE_D,64,1,8,32,1,13.329,0.733,0.001,0.942,0.604,0.065
Hawaii,Array3dAverage,THREE_D,64,1,16,1,1,12.709,0.742,0.002,0.696,0.639,0.069
Hawaii,Array3dAverage,THREE_D,64,1,16,2,1,14.493,0.734,0.001,0.901,0.607,0.066
Hawaii,Array3dAverage,THREE_D,64,1,16,4,1,12.954,0.724,0.002,0.702,0.645,0.068
Hawaii,Array3dAverage,THREE_D,64,1,16,8,1,14.248,0.741,0.002,0.807,0.626,0.059
Hawaii,Array3dAverage,THREE_D,64,1,16,16,1,13.185,0.761,0.001,0.714,0.792,0.049
Hawaii,Array3dAverage,THREE_D,64,1,32,1,1,13.831,0.711,0.002,0.883,0.603,0.065
Hawaii,Array3dAverage,THREE_D,64,1,32,2,1,13.327,0.704,0.002,0.767,0.603,0.065
Hawaii,Array3dAverage,THREE_D,64,1,32,4,1,12.769,0.721,0.016,0.797,0.626,0.063
Hawaii,Array3dAverage,THREE_D,64,1,32,8,1,14.842,0.707,0.002,0.78,0.618,0.059
Hawaii,Array3dAverage,THREE_D,64,1,64,1,1,13.061,0.769,0.001,0.701,0.61,0.066
Hawaii,Array3dAverage,THREE_D,64,1,64,2,1,14.066,0.744,0.002,0.885,0.631,0.043
Hawaii,Array3dAverage,THREE_D,64,1,64,4,1,13.289,0.719,0.002,0.747,0.614,0.079
Hawaii,Array3dAverage,THREE_D,64,1,128,1,1,13.713,0.734,0.002,0.749,0.633,0.042
Hawaii,Array3dAverage,THREE_D,64,1,128,2,1,13.33,0.748,0.001,0.905,0.602,0.064
Hawaii,Array3dAverage,THREE_D,64,1,256,1,1,12.867,0.764,0.018,0.821,0.633,0.063
Hawaii,Array3dAverage,THREE_D,64,2,1,1,1,14.729,0.738,0.002,1.682,0.558,0.042
Hawaii,Array3dAverage,THREE_D,64,2,1,2,1,14.161,0.732,0.001,1.039,0.752,0.058
Hawaii,Array3dAverage,THREE_D,64,2,1,4,1,13.136,0.774,0.001,0.825,0.622,0.067
Hawaii,Array3dAverage,THREE_D,64,2,1,8,1,14.789,0.744,0.017,0.649,0.604,0.063
Hawaii,Array3dAverage,THREE_D,64,2,1,16,1,13.159,0.722,0.017,0.77,0.618,0.095
Hawaii,Array3dAverage,THREE_D,64,2,1,32,1,13.92,0.768,0.001,0.759,0.621,0.064
Hawaii,Array3dAverage,THREE_D,64,2,1,64,1,13.329,0.764,0.001,0.75,0.602,0.066
Hawaii,Array3dAverage,THREE_D,64,2,1,128,1,12.743,0.743,0.002,0.799,0.624,0.062
Hawaii,Array3dAverage,THREE_D,64,2,2,1,1,14.863,0.759,0.001,1.072,0.781,0.059
Hawaii,Array3dAverage,THREE_D,64,2,2,2,1,13.524,0.745,0.002,0.749,0.642,0.062
Hawaii,Array3dAverage,THREE_D,64,2,2,4,1,14.302,0.734,0.001,0.567,0.63,0.063
Hawaii,Array3dAverage,THREE_D,64,2,2,8,1,13.33,0.739,0.001,0.629,0.604,0.066
Hawaii,Array3dAverage,THREE_D,64,2,2,16,1,12.74,0.775,0.001,0.741,0.612,0.069
Hawaii,Array3dAverage,THREE_D,64,2,2,32,1,14.457,0.737,0.001,0.733,0.656,0.058
Hawaii,Array3dAverage,THREE_D,64,2,2,64,1,12.968,0.715,0.002,0.816,0.641,0.047
Hawaii,Array3dAverage,THREE_D,64,2,4,1,1,14.637,0.745,0.001,0.682,0.637,0.075
Hawaii,Array3dAverage,THREE_D,64,2,4,2,1,13.254,0.771,0.001,0.665,0.612,0.07
Hawaii,Array3dAverage,THREE_D,64,2,4,4,1,13.784,0.76,0.001,0.7,0.601,0.063
Hawaii,Array3dAverage,THREE_D,64,2,4,8,1,13.329,0.7,0.002,0.598,0.605,0.064
Hawaii,Array3dAverage,THREE_D,64,2,4,16,1,12.512,0.751,0.002,0.712,0.609,0.066
Hawaii,Array3dAverage,THREE_D,64,2,4,32,1,13.943,0.745,0.016,0.698,0.605,0.066
Hawaii,Array3dAverage,THREE_D,64,2,8,1,1,12.882,0.75,0.016,0.65,0.641,0.047
Hawaii,Array3dAverage,THREE_D,64,2,8,2,1,14.324,0.76,0.001,0.537,0.605,0.075
Hawaii,Array3dAverage,THREE_D,64,2,8,4,1,12.699,0.743,0.001,0.66,0.657,0.062
Hawaii,Array3dAverage,THREE_D,64,2,8,8,1,13.758,0.76,0.001,0.667,0.663,0.041
Hawaii,Array3dAverage,THREE_D,64,2,8,16,1,13.175,0.715,0.001,0.747,0.647,0.047
Hawaii,Array3dAverage,THREE_D,64,2,16,1,1,13.856,0.745,0,0.667,0.613,0.066
Hawaii,Array3dAverage,THREE_D,64,2,16,2,1,13.327,0.698,0.002,0.677,0.618,0.058
Hawaii,Array3dAverage,THREE_D,64,2,16,4,1,12.471,0.707,0.001,0.708,0.618,0.065
Hawaii,Array3dAverage,THREE_D,64,2,16,8,1,13.992,0.758,0,0.674,0.62,0.059
Hawaii,Array3dAverage,THREE_D,64,2,32,1,1,12.805,0.889,0.001,0.584,0.636,0.067
Hawaii,Array3dAverage,THREE_D,64,2,32,2,1,14.809,0.775,0.001,0.671,0.641,0.041
Hawaii,Array3dAverage,THREE_D,64,2,32,4,1,13.082,0.746,0.002,0.697,0.64,0.066
Hawaii,Array3dAverage,THREE_D,64,2,64,1,1,14.028,0.7,0.002,0.683,0.615,0.058
Hawaii,Array3dAverage,THREE_D,64,2,64,2,1,13.278,0.717,0.002,0.725,0.618,0.068
Hawaii,Array3dAverage,THREE_D,64,2,128,1,1,13.754,0.732,0.001,0.642,0.62,0.058
Hawaii,Array3dAverage,THREE_D,64,4,1,1,1,13.339,0.779,0.001,0.992,0.561,0.063
Hawaii,Array3dAverage,THREE_D,64,4,1,2,1,13.172,0.718,0.002,0.789,0.622,0.069
Hawaii,Array3dAverage,THREE_D,64,4,1,4,1,14.765,0.734,0.001,0.637,0.626,0.064
Hawaii,Array3dAverage,THREE_D,64,4,1,8,1,13.175,0.727,0.002,0.532,0.637,0.064
Hawaii,Array3dAverage,THREE_D,64,4,1,16,1,13.97,0.7,0.002,0.543,0.615,0.065
Hawaii,Array3dAverage,THREE_D,64,4,1,32,1,12.864,0.738,0.001,0.578,0.636,0.044
Hawaii,Array3dAverage,THREE_D,64,4,1,64,1,13.103,0.736,0.001,0.583,0.614,0.063
Hawaii,Array3dAverage,THREE_D,64,4,2,1,1,12.862,0.763,0.001,0.989,0.693,0.065
Hawaii,Array3dAverage,THREE_D,64,4,2,2,1,13.313,0.8,0.002,0.739,0.65,0.062
Hawaii,Array3dAverage,THREE_D,64,4,2,4,1,13.33,0.722,0.002,0.559,0.609,0.061
Hawaii,Array3dAverage,THREE_D,64,4,2,8,1,12.524,0.749,0.017,0.548,0.622,0.06
Hawaii,Array3dAverage,THREE_D,64,4,2,16,1,13.945,0.767,0.001,0.566,0.602,0.062
Hawaii,Array3dAverage,THREE_D,64,4,2,32,1,12.572,0.739,0.002,0.629,0.658,0.044
Hawaii,Array3dAverage,THREE_D,64,4,4,1,1,13.896,0.732,0.001,0.562,0.606,0.066
Hawaii,Array3dAverage,THREE_D,64,4,4,2,1,12.615,0.708,0.002,0.577,0.608,0.07
Hawaii,Array3dAverage,THREE_D,64,4,4,4,1,13.856,0.754,0.017,0.539,0.611,0.064
Hawaii,Array3dAverage,THREE_D,64,4,4,8,1,13.001,0.771,0.001,0.564,0.611,0.069
Hawaii,Array3dAverage,THREE_D,64,4,4,16,1,14.22,0.731,0.001,0.544,0.613,0.063
Hawaii,Array3dAverage,THREE_D,64,4,8,1,1,12.772,0.77,0.001,0.555,0.605,0.068
Hawaii,Array3dAverage,THREE_D,64,4,8,2,1,13.612,0.73,0.002,0.469,0.603,0.065
Hawaii,Array3dAverage,THREE_D,64,4,8,4,1,12.795,0.741,0.001,0.586,0.629,0.062
Hawaii,Array3dAverage,THREE_D,64,4,8,8,1,13.588,0.781,0.001,0.547,0.617,0.058
Hawaii,Array3dAverage,THREE_D,64,4,16,1,1,12.838,0.744,0.002,0.562,0.631,0.065
Hawaii,Array3dAverage,THREE_D,64,4,16,2,1,13.128,0.774,0.001,0.541,0.603,0.064
Hawaii,Array3dAverage,THREE_D,64,4,16,4,1,12.836,0.713,0.002,0.483,0.674,0.045
Hawaii,Array3dAverage,THREE_D,64,4,32,1,1,13.139,0.726,0.001,0.561,0.638,0.042
Hawaii,Array3dAverage,THREE_D,64,4,32,2,1,12.826,0.706,0.001,0.516,0.623,0.066
Hawaii,Array3dAverage,THREE_D,64,4,64,1,1,13.137,0.762,0.001,0.48,0.656,0.061
Hawaii,Array3dAverage,THREE_D,64,8,1,1,1,14.056,0.741,0.001,0.875,0.616,0.057
Hawaii,Array3dAverage,THREE_D,64,8,1,2,1,12.728,0.72,0.002,0.699,0.632,0.068
Hawaii,Array3dAverage,THREE_D,64,8,1,4,1,14.476,0.784,0.001,0.54,0.612,0.067
Hawaii,Array3dAverage,THREE_D,64,8,1,8,1,12.605,0.761,0.001,0.502,0.637,0.044
Hawaii,Array3dAverage,THREE_D,64,8,1,16,1,13.87,0.768,0.001,0.516,0.607,0.065
Hawaii,Array3dAverage,THREE_D,64,8,1,32,1,12.649,0.77,0.001,0.544,0.646,0.045
Hawaii,Array3dAverage,THREE_D,64,8,2,1,1,13.821,0.732,0.002,0.57,0.606,0.061
Hawaii,Array3dAverage,THREE_D,64,8,2,2,1,12.691,0.768,0.001,0.56,0.63,0.065
Hawaii,Array3dAverage,THREE_D,64,8,2,4,1,13.774,0.723,0.001,0.493,0.616,0.062
Hawaii,Array3dAverage,THREE_D,64,8,2,8,1,12.731,0.76,0.001,0.501,0.644,0.072
Hawaii,Array3dAverage,THREE_D,64,8,2,16,1,13.714,0.73,0.001,0.532,0.602,0.066
Hawaii,Array3dAverage,THREE_D,64,8,4,1,1,12.768,0.772,0.001,0.571,0.613,0.066
Hawaii,Array3dAverage,THREE_D,64,8,4,2,1,13.619,0.743,0.001,0.433,0.607,0.067
Hawaii,Array3dAverage,THREE_D,64,8,4,4,1,12.788,0.711,0.002,0.539,0.622,0.062
Hawaii,Array3dAverage,THREE_D,64,8,4,8,1,13.601,0.723,0.002,0.508,0.67,0.041
Hawaii,Array3dAverage,THREE_D,64,8,8,1,1,12.818,0.743,0.001,0.506,0.607,0.066
Hawaii,Array3dAverage,THREE_D,64,8,8,2,1,13.161,0.74,0.001,0.449,0.634,0.042
Hawaii,Array3dAverage,THREE_D,64,8,8,4,1,12.801,0.706,0.002,0.502,0.647,0.046
Hawaii,Array3dAverage,THREE_D,64,8,16,1,1,13.22,0.769,0.001,0.52,0.611,0.084
Hawaii,Array3dAverage,THREE_D,64,8,16,2,1,12.791,0.736,0.001,0.533,0.653,0.044
Hawaii,Array3dAverage,THREE_D,64,8,32,1,1,13.599,0.731,0.002,0.496,0.624,0.065
Hawaii,Array3dAverage,THREE_D,64,16,1,1,1,12.821,0.704,0.002,0.554,0.617,0.067
Hawaii,Array3dAverage,THREE_D,64,16,1,2,1,13.153,0.729,0.002,0.55,0.67,0.042
Hawaii,Array3dAverage,THREE_D,64,16,1,4,1,12.814,0.733,0.002,0.45,0.625,0.073
Hawaii,Array3dAverage,THREE_D,64,16,1,8,1,13.194,0.71,0.001,0.433,0.622,0.044
Hawaii,Array3dAverage,THREE_D,64,16,1,16,1,12.79,0.713,0.001,0.558,0.62,0.066
Hawaii,Array3dAverage,THREE_D,64,16,2,1,1,13.597,0.716,0.001,0.549,0.614,0.064
Hawaii,Array3dAverage,THREE_D,64,16,2,2,1,12.826,0.709,0.003,0.453,0.622,0.087
Hawaii,Array3dAverage,THREE_D,64,16,2,4,1,13.549,0.765,0.001,0.478,0.62,0.058
Hawaii,Array3dAverage,THREE_D,64,16,2,8,1,12.841,0.739,0.001,0.482,0.636,0.062
Hawaii,Array3dAverage,THREE_D,64,16,4,1,1,13.133,0.77,0.001,0.493,0.636,0.043
Hawaii,Array3dAverage,THREE_D,64,16,4,2,1,12.828,0.708,0.002,0.544,0.642,0.067
Hawaii,Array3dAverage,THREE_D,64,16,4,4,1,13.359,0.742,0.001,0.503,0.652,0.059
Hawaii,Array3dAverage,THREE_D,64,16,8,1,1,14.602,0.716,0.002,0.43,0.648,0.052
Hawaii,Array3dAverage,THREE_D,64,16,8,2,1,12.525,0.688,0.001,0.413,0.644,0.057
Hawaii,Array3dAverage,THREE_D,64,16,16,1,1,13.549,0.747,0.001,0.485,0.622,0.071
Hawaii,Array3dAverage,THREE_D,64,32,1,1,1,12.521,0.739,0.001,0.469,0.651,0.046
Hawaii,Array3dAverage,THREE_D,64,32,1,2,1,13.982,0.733,0.003,0.486,0.639,0.067
Hawaii,Array3dAverage,THREE_D,64,32,1,4,1,12.541,0.666,0.002,0.547,0.612,0.075
Hawaii,Array3dAverage,THREE_D,64,32,1,8,1,13.964,0.685,0.002,0.44,0.636,0.051
Hawaii,Array3dAverage,THREE_D,64,32,2,1,1,12.577,0.729,0.002,0.377,0.658,0.057
Hawaii,Array3dAverage,THREE_D,64,32,2,2,1,13.936,0.665,0.001,0.511,0.599,0.067
Hawaii,Array3dAverage,THREE_D,64,32,2,4,1,12.587,0.707,0.003,0.442,0.628,0.065
Hawaii,Array3dAverage,THREE_D,64,32,4,1,1,13.899,0.779,0.001,0.422,0.608,0.068
Hawaii,Array3dAverage,THREE_D,64,32,4,2,1,12.611,0.755,0.003,0.518,0.607,0.068
Hawaii,Array3dAverage,THREE_D,64,32,8,1,1,13.873,0.719,0.001,0.482,0.681,0.063
Hawaii,Array3dAverage,THREE_D,64,64,1,1,1,12.644,0.817,0.001,0.502,0.642,0.063
Hawaii,Array3dAverage,THREE_D,64,64,1,2,1,13.824,0.727,0.002,0.508,0.628,0.058
Hawaii,Array3dAverage,THREE_D,64,64,1,4,1,12.685,0.782,0.001,0.482,0.639,0.045
Hawaii,Array3dAverage,THREE_D,64,64,2,1,1,13.791,0.703,0.001,0.432,0.604,0.061
Hawaii,Array3dAverage,THREE_D,64,64,2,2,1,12.702,0.705,0.002,0.519,0.607,0.088
Hawaii,Array3dAverage,THREE_D,64,64,4,1,1,13.77,0.766,0.001,0.506,0.606,0.065
Hawaii,Array3dAverage,THREE_D,64,128,1,1,1,12.738,0.704,0.002,0.457,0.61,0.076
Hawaii,Array3dAverage,THREE_D,64,128,1,2,1,13.716,0.708,0.002,0.52,0.616,0.058
Hawaii,Array3dAverage,THREE_D,64,128,2,1,1,12.763,0.775,0.002,0.504,0.614,0.089
Hawaii,Array3dAverage,THREE_D,64,256,1,1,1,13.628,0.759,0.002,0.497,0.607,0.085
Hawaii,Array3dAverage,THREE_D,64,1,1,1,1,14.196,0.794,0.002,2.684,0.461,0.051
Hawaii,Array3dAverage,THREE_D,64,1,1,2,1,13.151,0.79,0.004,1.711,0.56,0.054
Hawaii,Array3dAverage,THREE_D,64,1,1,4,1,13.779,0.783,0.001,1.155,0.708,0.042
Hawaii,Array3dAverage,THREE_D,64,1,1,8,1,13.014,0.807,0.002,1.059,0.693,0.071
Hawaii,Array3dAverage,THREE_D,64,1,1,16,1,15.536,0.794,0.002,0.881,0.699,0.071
Hawaii,Array3dAverage,THREE_D,64,1,1,32,1,15.332,0.848,0.001,0.842,0.613,0.065
Hawaii,Array3dAverage,THREE_D,64,1,1,64,1,12.822,0.747,0.002,1.098,0.678,0.06
Hawaii,Array3dAverage,THREE_D,64,1,1,128,1,13.372,0.726,0.002,0.911,0.559,0.052
Hawaii,Array3dAverage,THREE_D,64,1,1,256,1,12.942,0.722,0.002,1.088,0.631,0.053
Hawaii,Array3dAverage,THREE_D,64,1,2,1,1,12.609,0.792,0.002,1.718,0.491,0.061
Hawaii,Array3dAverage,THREE_D,64,1,2,2,1,15.26,0.765,0.002,1.293,0.612,0.066
Hawaii,Array3dAverage,THREE_D,64,1,2,4,1,13.339,0.757,0.001,0.901,0.621,0.064
Hawaii,Array3dAverage,THREE_D,64,1,2,8,1,12.255,0.754,0.003,0.801,0.658,0.059
Hawaii,Array3dAverage,THREE_D,64,1,2,16,1,14.589,0.723,0.002,0.901,0.637,0.055
Hawaii,Array3dAverage,THREE_D,64,1,2,32,1,12.458,0.805,0.002,1.069,0.763,0.062
Hawaii,Array3dAverage,THREE_D,64,1,2,64,1,14.327,0.696,0.002,0.861,0.607,0.063
Hawaii,Array3dAverage,THREE_D,64,1,2,128,1,12.687,0.809,0.018,1.138,0.689,0.065
Hawaii,Array3dAverage,THREE_D,64,1,4,1,1,13.948,0.793,0.002,1.422,0.693,0.063
Hawaii,Array3dAverage,THREE_D,64,1,4,2,1,13.773,0.817,0.002,0.856,0.681,0.059
Hawaii,Array3dAverage,THREE_D,64,1,4,4,1,12.801,0.8,0.002,0.839,0.713,0.069
Hawaii,Array3dAverage,THREE_D,64,1,4,8,1,14.72,0.841,0.001,0.967,0.633,0.062
Hawaii,Array3dAverage,THREE_D,64,1,4,16,1,13.295,0.776,0.001,0.809,0.619,0.067
Hawaii,Array3dAverage,THREE_D,64,1,4,32,1,13.291,0.793,0.002,1.021,0.679,0.063
Hawaii,Array3dAverage,THREE_D,64,1,4,64,1,13.348,0.798,0.002,1.125,0.689,0.066
Hawaii,Array3dAverage,THREE_D,64,1,8,1,1,12.786,0.797,0.002,0.794,0.646,0.068
Hawaii,Array3dAverage,THREE_D,64,1,8,2,1,14.756,0.761,0.002,0.785,0.607,0.064
Hawaii,Array3dAverage,THREE_D,64,1,8,4,1,12.762,0.745,0.001,0.775,0.615,0.08
Hawaii,Array3dAverage,THREE_D,64,1,8,8,1,13.525,0.796,0,0.806,0.619,0.061
Hawaii,Array3dAverage,THREE_D,64,1,8,16,1,12.883,0.803,0.001,0.865,0.837,0.064
Hawaii,Array3dAverage,THREE_D,64,1,8,32,1,13.222,0.832,0.001,1.064,0.646,0.062
Hawaii,Array3dAverage,THREE_D,64,1,16,1,1,13.35,0.816,0.001,0.807,0.641,0.062
Hawaii,Array3dAverage,THREE_D,64,1,16,2,1,12.451,0.742,0.002,0.908,0.613,0.066
Hawaii,Array3dAverage,THREE_D,64,1,16,4,1,14.354,0.787,0.001,0.733,0.619,0.055
Hawaii,Array3dAverage,THREE_D,64,1,16,8,1,12.64,0.741,0.002,0.956,0.646,0.068
Hawaii,Array3dAverage,THREE_D,64,1,16,16,1,14.028,0.732,0.001,0.924,0.603,0.062
Hawaii,Array3dAverage,THREE_D,64,1,32,1,1,12.844,0.817,0.002,0.868,0.654,0.067
Hawaii,Array3dAverage,THREE_D,64,1,32,2,1,13.367,0.753,0.002,0.762,0.606,0.062
Hawaii,Array3dAverage,THREE_D,64,1,32,4,1,12.931,0.737,0.001,0.897,0.605,0.061
Hawaii,Array3dAverage,THREE_D,64,1,32,8,1,12.282,0.736,0.002,0.789,0.803,0.063
Hawaii,Array3dAverage,THREE_D,64,1,64,1,1,14.514,0.797,0.002,0.944,0.627,0.062
Hawaii,Array3dAverage,THREE_D,64,1,64,2,1,12.858,0.744,0.001,0.725,0.647,0.067
Hawaii,Array3dAverage,THREE_D,64,1,64,4,1,14.294,0.828,0.001,0.857,0.688,0.066
Hawaii,Array3dAverage,THREE_D,64,1,128,1,1,13.212,0.797,0.002,0.829,0.658,0.066
Hawaii,Array3dAverage,THREE_D,64,1,128,2,1,13.741,0.751,0.002,0.944,0.692,0.063
Hawaii,Array3dAverage,THREE_D,64,1,256,1,1,13.353,0.772,0.002,0.899,0.607,0.064
Hawaii,Array3dAverage,THREE_D,64,2,1,1,1,12.41,0.774,0.002,1.9,0.7,0.069
Hawaii,Array3dAverage,THREE_D,64,2,1,2,1,15.092,0.782,0.017,1.172,0.788,0.061
Hawaii,Array3dAverage,THREE_D,64,2,1,4,1,13.768,0.796,0.001,0.974,0.686,0.06
Hawaii,Array3dAverage,THREE_D,64,2,1,8,1,12.723,0.806,0.016,0.609,0.693,0.066
Hawaii,Array3dAverage,THREE_D,64,2,1,16,1,14.428,0.853,0.001,0.721,0.627,0.058
Hawaii,Array3dAverage,THREE_D,64,2,1,32,1,12.647,0.746,0.001,0.68,0.631,0.085
Hawaii,Array3dAverage,THREE_D,64,2,1,64,1,13.737,0.764,0.001,0.896,0.614,0.061
Hawaii,Array3dAverage,THREE_D,64,2,1,128,1,12.771,0.742,0.002,0.697,0.615,0.077
Hawaii,Array3dAverage,THREE_D,64,2,2,1,1,13.526,0.802,0.002,1.084,0.784,0.054
Hawaii,Array3dAverage,THREE_D,64,2,2,2,1,13.351,0.817,0.002,0.845,0.683,0.061
Hawaii,Array3dAverage,THREE_D,64,2,2,4,1,12.608,0.795,0.002,0.828,0.703,0.065
Hawaii,Array3dAverage,THREE_D,64,2,2,8,1,14.92,0.847,0.001,0.572,0.633,0.063
Hawaii,Array3dAverage,THREE_D,64,2,2,16,1,12.63,0.758,0.001,0.71,0.615,0.065
Hawaii,Array3dAverage,THREE_D,64,2,2,32,1,13.78,0.737,0.001,0.714,0.616,0.061
Hawaii,Array3dAverage,THREE_D,64,2,2,64,1,12.732,0.77,0.001,0.781,0.667,0.044
Hawaii,Array3dAverage,THREE_D,64,2,4,1,1,13.58,0.756,0.002,0.949,0.697,0.063
Hawaii,Array3dAverage,THREE_D,64,2,4,2,1,13.351,0.793,0.002,0.779,0.683,0.063
Hawaii,Array3dAverage,THREE_D,64,2,4,4,1,12.264,0.76,0.002,0.626,0.615,0.066
Hawaii,Array3dAverage,THREE_D,64,2,4,8,1,14.154,0.79,0.001,0.578,0.609,0.062
Hawaii,Array3dAverage,THREE_D,64,2,4,16,1,12.341,0.765,0,0.762,0.629,0.062
Hawaii,Array3dAverage,THREE_D,64,2,4,32,1,14.478,0.776,0.001,0.606,0.638,0.064
Hawaii,Array3dAverage,THREE_D,64,2,8,1,1,12.503,0.747,0.001,0.656,0.635,0.065
Hawaii,Array3dAverage,THREE_D,64,2,8,2,1,13.91,0.733,0.001,0.655,0.617,0.062
Hawaii,Array3dAverage,THREE_D,64,2,8,4,1,12.59,0.769,0.001,0.731,0.617,0.065
Hawaii,Array3dAverage,THREE_D,64,2,8,8,1,14.23,0.761,0.001,0.616,0.609,0.061
Hawaii,Array3dAverage,THREE_D,64,2,8,16,1,12.747,0.768,0.001,0.717,0.625,0.066
Hawaii,Array3dAverage,THREE_D,64,2,16,1,1,13.577,0.769,0.001,0.671,0.605,0.06
Hawaii,Array3dAverage,THREE_D,64,2,16,2,1,12.832,0.743,0.002,0.702,0.615,0.067
Hawaii,Array3dAverage,THREE_D,64,2,16,4,1,13.411,0.734,0.001,0.607,0.61,0.062
Hawaii,Array3dAverage,THREE_D,64,2,16,8,1,12.894,0.746,0.002,0.847,0.622,0.066
Hawaii,Array3dAverage,THREE_D,64,2,32,1,1,13.252,0.735,0.002,0.701,0.613,0.063
Hawaii,Array3dAverage,THREE_D,64,2,32,2,1,12.938,0.732,0.001,0.698,0.606,0.064
Hawaii,Array3dAverage,THREE_D,64,2,32,4,1,12.262,0.746,0.001,0.772,0.622,0.066
Hawaii,Array3dAverage,THREE_D,64,2,64,1,1,14.56,0.788,0.002,0.687,0.608,0.062
Hawaii,Array3dAverage,THREE_D,64,2,64,2,1,12.429,0.748,0.002,0.711,0.65,0.066
Hawaii,Array3dAverage,THREE_D,64,2,128,1,1,13.974,0.735,0.002,0.721,0.619,0.059
Hawaii,Array3dAverage,THREE_D,64,4,1,1,1,12.54,0.804,0.001,1.109,0.554,0.068
Hawaii,Array3dAverage,THREE_D,64,4,1,2,1,14.243,0.782,0.002,1.009,0.698,0.06
Hawaii,Array3dAverage,THREE_D,64,4,1,4,1,13.263,0.796,0.001,0.686,0.712,0.06
Hawaii,Array3dAverage,THREE_D,64,4,1,8,1,13.71,0.772,0.002,0.491,0.643,0.051
Hawaii,Array3dAverage,THREE_D,64,4,1,16,1,12.524,0.724,0.001,0.514,0.618,0.067
Hawaii,Array3dAverage,THREE_D,64,4,1,32,1,11.996,0.791,0.001,0.606,0.619,0.068
Hawaii,Array3dAverage,THREE_D,64,4,1,64,1,13.607,0.747,0.001,0.675,0.626,0.067
Hawaii,Array3dAverage,THREE_D,64,4,2,1,1,13.71,0.799,0.001,0.823,0.619,0.064
Hawaii,Array3dAverage,THREE_D,64,4,2,2,1,12.935,0.717,0.004,0.705,0.673,0.05
Hawaii,Array3dAverage,THREE_D,64,4,2,4,1,12.334,0.739,0.002,0.538,0.684,0.059
Hawaii,Array3dAverage,THREE_D,64,4,2,8,1,14.111,0.702,0.002,0.564,0.62,0.064
Hawaii,Array3dAverage,THREE_D,64,4,2,16,1,12.124,0.773,0.002,0.601,0.621,0.068
Hawaii,Array3dAverage,THREE_D,64,4,2,32,1,13.553,0.741,0.002,0.602,0.614,0.062
Hawaii,Array3dAverage,THREE_D,64,4,4,1,1,12.361,0.811,0.002,0.723,0.652,0.066
Hawaii,Array3dAverage,THREE_D,64,4,4,2,1,14.464,0.745,0.002,0.576,0.676,0.039
Hawaii,Array3dAverage,THREE_D,64,4,4,4,1,12.512,0.752,0.001,0.648,0.626,0.064
Hawaii,Array3dAverage,THREE_D,64,4,4,8,1,13.901,0.736,0.003,0.562,0.62,0.064
Hawaii,Array3dAverage,THREE_D,64,4,4,16,1,12.587,0.76,0.001,0.602,0.641,0.064
Hawaii,Array3dAverage,THREE_D,64,4,8,1,1,13.838,0.755,0.002,0.574,0.667,0.038
Hawaii,Array3dAverage,THREE_D,64,4,8,2,1,12.667,0.802,0.001,0.524,0.653,0.044
Hawaii,Array3dAverage,THREE_D,64,4,8,4,1,13.732,0.744,0.003,0.575,0.62,0.062
Hawaii,Array3dAverage,THREE_D,64,4,8,8,1,12.73,0.806,0.001,0.577,0.615,0.067
Hawaii,Array3dAverage,THREE_D,64,4,16,1,1,13.605,0.738,0.008,0.527,0.61,0.061
Hawaii,Array3dAverage,THREE_D,64,4,16,2,1,12.376,0.805,0.001,0.574,0.618,0.065
Hawaii,Array3dAverage,THREE_D,64,4,16,4,1,13.214,0.736,0.001,0.565,0.619,0.062
Hawaii,Array3dAverage,THREE_D,64,4,32,1,1,12.344,0.743,0.002,0.597,0.623,0.064
Hawaii,Array3dAverage,THREE_D,64,4,32,2,1,13.252,0.763,0.001,0.597,0.609,0.062
Hawaii,Array3dAverage,THREE_D,64,4,64,1,1,12.684,0.744,0.001,0.594,0.65,0.066
Hawaii,Array3dAverage,THREE_D,64,8,1,1,1,13.648,0.765,0.003,0.739,0.625,0.056
Hawaii,Array3dAverage,THREE_D,64,8,1,2,1,12.766,0.742,0.002,0.657,0.62,0.064
Hawaii,Array3dAverage,THREE_D,64,8,1,4,1,13.563,0.782,0.017,0.561,0.609,0.062
Hawaii,Array3dAverage,THREE_D,64,8,1,8,1,12.834,0.744,0.002,0.534,0.643,0.064
Hawaii,Array3dAverage,THREE_D,64,8,1,16,1,13.091,0.796,0.002,0.522,0.612,0.063
Hawaii,Array3dAverage,THREE_D,64,8,1,32,1,12.401,0.744,0.003,0.608,0.622,0.069
Hawaii,Array3dAverage,THREE_D,64,8,2,1,1,13.191,0.786,0.002,0.664,0.624,0.062
Hawaii,Array3dAverage,THREE_D,64,8,2,2,1,12.796,0.802,0.001,0.594,0.622,0.066
Hawaii,Array3dAverage,THREE_D,64,8,2,4,1,13.12,0.739,0.001,0.523,0.66,0.056
Hawaii,Array3dAverage,THREE_D,64,8,2,8,1,12.791,0.768,0.002,0.539,0.625,0.068
Hawaii,Array3dAverage,THREE_D,64,8,2,16,1,13.131,0.744,0.002,0.469,0.625,0.054
Hawaii,Array3dAverage,THREE_D,64,8,4,1,1,12.367,0.804,0.001,0.593,0.621,0.063
Hawaii,Array3dAverage,THREE_D,64,8,4,2,1,13.22,0.747,0.002,0.552,0.61,0.071
Hawaii,Array3dAverage,THREE_D,64,8,4,4,1,12.723,0.773,0.001,0.542,0.62,0.065
Hawaii,Array3dAverage,THREE_D,64,8,4,8,1,13.621,0.739,0.002,0.489,0.612,0.059
Hawaii,Array3dAverage,THREE_D,64,8,8,1,1,12.361,0.755,0.001,0.537,0.628,0.065
Hawaii,Array3dAverage,THREE_D,64,8,8,2,1,13.233,0.77,0.002,0.521,0.608,0.06
Hawaii,Array3dAverage,THREE_D,64,8,8,4,1,12.32,0.743,0.002,0.511,0.634,0.064
Hawaii,Array3dAverage,THREE_D,64,8,16,1,1,13.359,0.74,0.002,0.489,0.606,0.06
Hawaii,Array3dAverage,THREE_D,64,8,16,2,1,12.279,0.731,0.002,0.469,0.622,0.064
Hawaii,Array3dAverage,THREE_D,64,8,32,1,1,13.402,0.742,0.002,0.556,0.606,0.061
Hawaii,Array3dAverage,THREE_D,64,16,1,1,1,12.238,0.736,0.002,0.734,0.618,0.064
Hawaii,Array3dAverage,THREE_D,64,16,1,2,1,13.424,0.767,0.002,0.568,0.612,0.066
Hawaii,Array3dAverage,THREE_D,64,16,1,4,1,12.549,0.802,0.002,0.456,0.625,0.066
Hawaii,Array3dAverage,THREE_D,64,16,1,8,1,13.884,0.736,0.003,0.533,0.615,0.06
Hawaii,Array3dAverage,THREE_D,64,16,1,16,1,12.26,0.746,0.002,0.486,0.613,0.063
Hawaii,Array3dAverage,THREE_D,64,16,2,1,1,13.425,0.714,0.002,0.406,0.658,0.05
Hawaii,Array3dAverage,THREE_D,64,16,2,2,1,12.213,0.748,0.002,0.477,0.649,0.054
Hawaii,Array3dAverage,THREE_D,64,16,2,4,1,13.484,0.707,0.002,0.451,0.663,0.042
Hawaii,Array3dAverage,THREE_D,64,16,2,8,1,12.174,0.755,0.003,0.508,0.619,0.066
Hawaii,Array3dAverage,THREE_D,64,16,4,1,1,13.527,0.807,0.001,0.504,0.608,0.061
Hawaii,Array3dAverage,THREE_D,64,16,4,2,1,12.134,0.769,0.001,0.519,0.614,0.063
Hawaii,Array3dAverage,THREE_D,64,16,4,4,1,13.555,0.746,0.002,0.392,0.641,0.056
Hawaii,Array3dAverage,THREE_D,64,16,8,1,1,12.115,0.759,0.003,0.451,0.66,0.055
Hawaii,Array3dAverage,THREE_D,64,16,8,2,1,13.606,0.719,0.002,0.451,0.64,0.051
Hawaii,Array3dAverage,THREE_D,64,16,16,1,1,12.057,0.82,0.001,0.431,0.688,0.082
Hawaii,Array3dAverage,THREE_D,64,32,1,1,1,13.642,0.76,0.002,0.575,0.668,0.061
Hawaii,Array3dAverage,THREE_D,64,32,1,2,1,12.238,0.795,0.002,0.529,0.627,0.06
Hawaii,Array3dAverage,THREE_D,64,32,1,4,1,14.197,0.788,0.002,0.558,0.629,0.067
Hawaii,Array3dAverage,THREE_D,64,32,1,8,1,12.31,0.743,0.002,0.46,0.615,0.065
Hawaii,Array3dAverage,THREE_D,64,32,2,1,1,14.137,0.743,0.003,0.52,0.637,0.068
Hawaii,Array3dAverage,THREE_D,64,32,2,2,1,12.103,0.755,0.001,0.538,0.646,0.066
Hawaii,Array3dAverage,THREE_D,64,32,2,4,1,13.575,0.742,0.002,0.513,0.634,0.056
Hawaii,Array3dAverage,THREE_D,64,32,4,1,1,12.073,0.772,0.001,0.486,0.622,0.066
Hawaii,Array3dAverage,THREE_D,64,32,4,2,1,13.613,0.766,0.002,0.512,0.611,0.061
Hawaii,Array3dAverage,THREE_D,64,32,8,1,1,12.032,0.764,0.001,0.54,0.617,0.068
Hawaii,Array3dAverage,THREE_D,64,64,1,1,1,13.643,0.795,0.001,0.446,0.608,0.065
Hawaii,Array3dAverage,THREE_D,64,64,1,2,1,11.997,0.799,0.001,0.499,0.619,0.071
Hawaii,Array3dAverage,THREE_D,64,64,1,4,1,13.596,0.775,0.002,0.548,0.632,0.047
Hawaii,Array3dAverage,THREE_D,64,64,2,1,1,13.976,0.807,0.002,0.516,0.614,0.071
Hawaii,Array3dAverage,THREE_D,64,64,2,2,1,14.579,0.753,0.002,0.499,0.612,0.066
Hawaii,Array3dAverage,THREE_D,64,64,4,1,1,12.188,0.747,0.001,0.457,0.642,0.064
Hawaii,Array3dAverage,THREE_D,64,128,1,1,1,13.497,0.74,0.003,0.583,0.606,0.063
Hawaii,Array3dAverage,THREE_D,64,128,1,2,1,12.438,0.747,0.002,0.461,0.616,0.065
Hawaii,Array3dAverage,THREE_D,64,128,2,1,1,14.003,0.79,0.001,0.512,0.614,0.061
Hawaii,Array3dAverage,THREE_D,64,256,1,1,1,12.48,0.776,0.002,0.543,0.614,0.073
Hawaii,Array3dAverage,THREE_D,64,1,1,1,1,14.423,0.794,0.002,2.379,0.344,0.045
Hawaii,Array3dAverage,THREE_D,64,1,1,2,1,12.536,0.72,0.002,1.888,0.656,0.055
Hawaii,Array3dAverage,THREE_D,64,1,1,4,1,15.685,0.698,0.003,1.262,0.733,0.048
Hawaii,Array3dAverage,THREE_D,64,1,1,8,1,13.346,0.705,0.001,0.991,0.654,0.067
Hawaii,Array3dAverage,THREE_D,64,1,1,16,1,12.294,0.666,0.002,0.725,0.785,0.063
Hawaii,Array3dAverage,THREE_D,64,1,1,32,1,14.522,0.643,0.003,0.901,0.639,0.043
Hawaii,Array3dAverage,THREE_D,64,1,1,64,1,12.472,0.679,0.003,1.071,0.638,0.055
Hawaii,Array3dAverage,THREE_D,64,1,1,128,1,14.306,0.646,0.018,1.201,0.637,0.06
Hawaii,Array3dAverage,THREE_D,64,1,1,256,1,13.183,0.552,0.002,1.251,0.518,0.051
Hawaii,Array3dAverage,THREE_D,64,1,2,1,1,13.78,0.528,0.001,1.782,0.495,0.162
Hawaii,Array3dAverage,THREE_D,64,1,2,2,1,13.764,0.52,0.001,0.939,0.492,0.042
Hawaii,Array3dAverage,THREE_D,64,1,2,4,1,12.172,0.531,0.003,0.784,0.509,0.051
Hawaii,Array3dAverage,THREE_D,64,1,2,8,1,13.518,0.632,0.003,0.872,0.611,0.058
Hawaii,Array3dAverage,THREE_D,64,1,2,16,1,12.43,0.664,0.017,0.771,0.648,0.049
Hawaii,Array3dAverage,THREE_D,64,1,2,32,1,13.981,0.692,0.002,0.838,0.718,0.047
Hawaii,Array3dAverage,THREE_D,64,1,2,64,1,12.577,0.74,0.002,1.168,0.684,0.053
Hawaii,Array3dAverage,THREE_D,64,1,2,128,1,14.208,0.649,0.003,0.898,0.74,0.06
Hawaii,Array3dAverage,THREE_D,64,1,4,1,1,12.811,0.653,0.016,0.995,0.62,0.048
Hawaii,Array3dAverage,THREE_D,64,1,4,2,1,13.405,0.648,0.003,0.741,0.633,0.044
Hawaii,Array3dAverage,THREE_D,64,1,4,4,1,12.915,0.643,0.003,0.721,0.617,0.063
Hawaii,Array3dAverage,THREE_D,64,1,4,8,1,12.182,0.681,0.001,0.737,0.632,0.063
Hawaii,Array3dAverage,THREE_D,64,1,4,16,1,14.235,0.675,0.017,0.916,0.623,0.044
Hawaii,Array3dAverage,THREE_D,64,1,4,32,1,12.309,0.667,0.002,1.052,0.618,0.064
Hawaii,Array3dAverage,THREE_D,64,1,4,64,1,14.487,0.64,0.003,0.855,0.758,0.057
Hawaii,Array3dAverage,THREE_D,64,1,8,1,1,12.521,0.667,0.001,0.744,0.636,0.055
Hawaii,Array3dAverage,THREE_D,64,1,8,2,1,13.891,0.689,0.002,0.766,0.883,0.047
Hawaii,Array3dAverage,THREE_D,64,1,8,4,1,12.658,0.714,0.003,0.72,0.823,0.067
Hawaii,Array3dAverage,THREE_D,64,1,8,8,1,13.646,0.642,0.017,0.994,0.629,0.061
Hawaii,Array3dAverage,THREE_D,64,1,8,16,1,12.801,0.687,0.002,0.765,0.633,0.063
Hawaii,Array3dAverage,THREE_D,64,1,8,32,1,13.438,0.665,0.019,0.841,0.623,0.058
Hawaii,Array3dAverage,THREE_D,64,1,16,1,1,12.886,0.651,0.003,0.779,0.623,0.063
Hawaii,Array3dAverage,THREE_D,64,1,16,2,1,13.022,0.635,0.003,0.917,0.577,0.042
Hawaii,Array3dAverage,THREE_D,64,1,16,4,1,12.941,0.705,0.002,0.741,0.777,0.062
Hawaii,Array3dAverage,THREE_D,64,1,16,8,1,12.242,0.668,0.017,0.81,0.659,0.066
Hawaii,Array3dAverage,THREE_D,64,1,16,16,1,14.583,0.529,0.002,0.973,0.638,0.044
Hawaii,Array3dAverage,THREE_D,64,1,32,1,1,12.421,0.686,0.002,0.932,0.633,0.067
Hawaii,Array3dAverage,THREE_D,64,1,32,2,1,14.384,0.639,0.003,0.797,0.621,0.059
Hawaii,Array3dAverage,THREE_D,64,1,32,4,1,12.599,0.65,0.002,0.9,0.62,0.064
Hawaii,Array3dAverage,THREE_D,64,1,32,8,1,14.274,0.646,0.002,0.74,0.614,0.059
Hawaii,Array3dAverage,THREE_D,64,1,64,1,1,12.767,0.653,0.001,0.768,0.623,0.093
Hawaii,Array3dAverage,THREE_D,64,1,64,2,1,13.528,0.659,0.015,0.857,0.611,0.061
Hawaii,Array3dAverage,THREE_D,64,1,64,4,1,12.862,0.666,0.003,0.862,0.633,0.063
Hawaii,Array3dAverage,THREE_D,64,1,128,1,1,13.365,0.648,0.003,0.888,0.634,0.043
Hawaii,Array3dAverage,THREE_D,64,1,128,2,1,12.931,0.646,0.003,0.901,0.615,0.057
Hawaii,Array3dAverage,THREE_D,64,1,256,1,1,12.275,0.655,0.017,0.743,0.622,0.068
Hawaii,Array3dAverage,THREE_D,64,2,1,1,1,14.137,0.665,0.003,1.851,0.706,0.056
Hawaii,Array3dAverage,THREE_D,64,2,1,2,1,13.7,0.678,0.003,1.018,0.629,0.07
Hawaii,Array3dAverage,THREE_D,64,2,1,4,1,14.798,0.649,0.003,0.934,0.615,0.059
Hawaii,Array3dAverage,THREE_D,64,2,1,8,1,12.932,0.674,0.003,0.688,0.612,0.061
Hawaii,Array3dAverage,THREE_D,64,2,1,16,1,12.268,0.651,0.017,0.648,0.63,0.064
Hawaii,Array3dAverage,THREE_D,64,2,1,32,1,14.157,0.642,0.002,0.656,0.613,0.063
Hawaii,Array3dAverage,THREE_D,64,2,1,64,1,12.087,0.666,0.002,0.829,0.632,0.061
Hawaii,Array3dAverage,THREE_D,64,2,1,128,1,13.569,0.644,0.016,0.701,0.614,0.058
Hawaii,Array3dAverage,THREE_D,64,2,2,1,1,12.317,0.649,0.002,1.024,0.585,0.064
Hawaii,Array3dAverage,THREE_D,64,2,2,2,1,14.484,0.645,0.002,0.931,0.626,0.057
Hawaii,Array3dAverage,THREE_D,64,2,2,4,1,12.514,0.651,0.016,0.63,0.631,0.046
Hawaii,Array3dAverage,THREE_D,64,2,2,8,1,13.913,0.642,0.003,0.661,0.61,0.058
Hawaii,Array3dAverage,THREE_D,64,2,2,16,1,12.244,0.648,0.002,0.772,0.622,0.047
Hawaii,Array3dAverage,THREE_D,64,2,2,32,1,13.421,0.639,0.003,0.757,0.61,0.059
Hawaii,Array3dAverage,THREE_D,64,2,2,64,1,12.555,0.67,0.002,0.825,0.633,0.064
Hawaii,Array3dAverage,THREE_D,64,2,4,1,1,13.857,0.646,0.002,0.713,0.659,0.043
Hawaii,Array3dAverage,THREE_D,64,2,4,2,1,12.654,0.651,0.002,0.636,0.623,0.061
Hawaii,Array3dAverage,THREE_D,64,2,4,4,1,13.773,0.644,0.017,0.653,0.611,0.059
Hawaii,Array3dAverage,THREE_D,64,2,4,8,1,12.329,0.643,0.002,0.749,0.626,0.061
Hawaii,Array3dAverage,THREE_D,64,2,4,16,1,13.257,0.641,0.002,0.739,0.615,0.056
Hawaii,Array3dAverage,THREE_D,64,2,4,32,1,12.675,0.668,0.003,0.754,0.647,0.063
Hawaii,Array3dAverage,THREE_D,64,2,8,1,1,13.649,0.641,0.002,0.735,0.62,0.063
Hawaii,Array3dAverage,THREE_D,64,2,8,2,1,12.747,0.649,0.016,0.674,0.622,0.065
Hawaii,Array3dAverage,THREE_D,64,2,8,4,1,13.583,0.646,0.003,0.697,0.616,0.059
Hawaii,Array3dAverage,THREE_D,64,2,8,8,1,12.812,0.651,0.002,0.584,0.619,0.062
Hawaii,Array3dAverage,THREE_D,64,2,8,16,1,13.124,0.645,0.002,0.587,0.615,0.06
Hawaii,Array3dAverage,THREE_D,64,2,16,1,1,12.372,0.674,0.003,0.687,0.614,0.064
Hawaii,Array3dAverage,THREE_D,64,2,16,2,1,13.216,0.646,0.017,0.638,0.639,0.043
Hawaii,Array3dAverage,THREE_D,64,2,16,4,1,12.345,0.683,0.002,0.589,0.617,0.061
Hawaii,Array3dAverage,THREE_D,64,2,16,8,1,13.252,0.647,0.003,0.742,0.637,0.041
Hawaii,Array3dAverage,THREE_D,64,2,32,1,1,12.674,0.672,0.016,0.686,0.623,0.061
Hawaii,Array3dAverage,THREE_D,64,2,32,2,1,13.667,0.643,0.017,0.641,0.625,0.058
Hawaii,Array3dAverage,THREE_D,64,2,32,4,1,12.355,0.656,0.016,0.566,0.618,0.06
Hawaii,Array3dAverage,THREE_D,64,2,64,1,1,13.255,0.643,0.017,0.671,0.618,0.061
Hawaii,Array3dAverage,THREE_D,64,2,64,2,1,12.673,0.681,0.001,0.709,0.627,0.068
Hawaii,Array3dAverage,THREE_D,64,2,128,1,1,13.665,0.644,0.003,0.679,0.622,0.061
Hawaii,Array3dAverage,THREE_D,64,4,1,1,1,12.741,0.691,0.004,1.143,0.62,0.066
Hawaii,Array3dAverage,THREE_D,64,4,1,2,1,13.459,0.666,0.002,0.86,0.637,0.042
Hawaii,Array3dAverage,THREE_D,64,4,1,4,1,12.868,0.674,0.018,0.676,0.617,0.066
Hawaii,Array3dAverage,THREE_D,64,4,1,8,1,13.047,0.636,0.002,0.569,0.611,0.057
Hawaii,Array3dAverage,THREE_D,64,4,1,16,1,12.431,0.653,0.003,0.589,0.624,0.059
Hawaii,Array3dAverage,THREE_D,64,4,1,32,1,13.149,0.646,0.002,0.538,0.734,0.041
Hawaii,Array3dAverage,THREE_D,64,4,1,64,1,12.37,0.688,0.002,0.656,0.614,0.059
Hawaii,Array3dAverage,THREE_D,64,4,2,1,1,13.215,0.642,0.003,0.781,0.621,0.067
Hawaii,Array3dAverage,THREE_D,64,4,2,2,1,12.743,0.673,0.001,0.678,0.617,0.065
Hawaii,Array3dAverage,THREE_D,64,4,2,4,1,13.597,0.644,0.002,0.556,0.616,0.057
Hawaii,Array3dAverage,THREE_D,64,4,2,8,1,12.375,0.536,0.002,0.427,0.507,0.047
Hawaii,Array3dAverage,THREE_D,64,4,2,16,1,12.878,0.516,0.002,0.425,0.611,0.058
Hawaii,Array3dAverage,THREE_D,64,4,2,32,1,11.932,0.669,0.002,0.628,0.619,0.061
Hawaii,Array3dAverage,THREE_D,64,4,4,1,1,12.992,0.64,0.002,0.7,0.614,0.056
Hawaii,Array3dAverage,THREE_D,64,4,4,2,1,12.405,0.65,0.002,0.612,0.627,0.066
Hawaii,Array3dAverage,THREE_D,64,4,4,4,1,14.025,0.641,0.016,0.524,0.623,0.06
Hawaii,Array3dAverage,THREE_D,64,4,4,8,1,12.163,0.688,0.003,0.65,0.715,0.054
Hawaii,Array3dAverage,THREE_D,64,4,4,16,1,13.521,0.707,0.002,0.525,0.626,0.062
Hawaii,Array3dAverage,THREE_D,64,4,8,1,1,12.142,0.649,0.003,0.589,0.534,0.05
Hawaii,Array3dAverage,THREE_D,64,4,8,2,1,13.564,0.668,0.002,0.605,0.62,0.062
Hawaii,Array3dAverage,THREE_D,64,4,8,4,1,12.092,0.667,0.002,0.599,0.623,0.046
Hawaii,Array3dAverage,THREE_D,64,4,8,8,1,13.586,0.641,0.019,0.57,0.615,0.061
Hawaii,Array3dAverage,THREE_D,64,4,16,1,1,12.049,0.666,0.019,0.574,0.617,0.062
Hawaii,Array3dAverage,THREE_D,64,4,16,2,1,13.704,0.67,0.002,0.563,0.634,0.058
Hawaii,Array3dAverage,THREE_D,64,4,16,4,1,12.016,0.651,0.003,0.499,0.619,0.059
Hawaii,Array3dAverage,THREE_D,64,4,32,1,1,13.605,0.668,0.001,0.579,0.622,0.073
Hawaii,Array3dAverage,THREE_D,64,4,32,2,1,13.397,0.651,0.003,0.496,0.615,0.06
Hawaii,Array3dAverage,THREE_D,64,4,64,1,1,12.442,0.648,0.002,0.613,0.646,0.06
Hawaii,Array3dAverage,THREE_D,64,8,1,1,1,12.735,0.665,0.001,0.884,0.625,0.058
Hawaii,Array3dAverage,THREE_D,64,8,1,2,1,12.801,0.687,0.002,0.559,0.62,0.061
Hawaii,Array3dAverage,THREE_D,64,8,1,4,1,13.131,0.647,0.003,0.494,0.635,0.044
Hawaii,Array3dAverage,THREE_D,64,8,1,8,1,12.357,0.652,0.002,0.509,0.647,0.062
Hawaii,Array3dAverage,THREE_D,64,8,1,16,1,13.24,0.639,0.003,0.551,0.628,0.044
Hawaii,Array3dAverage,THREE_D,64,8,1,32,1,12.305,0.648,0.016,0.563,0.619,0.065
Hawaii,Array3dAverage,THREE_D,64,8,2,1,1,13.378,0.638,0.002,0.702,0.638,0.049
Hawaii,Array3dAverage,THREE_D,64,8,2,2,1,12.616,0.692,0.002,0.567,0.619,0.067
Hawaii,Array3dAverage,THREE_D,64,8,2,4,1,13.812,0.639,0.003,0.519,0.595,0.044
Hawaii,Array3dAverage,THREE_D,64,8,2,8,1,12.285,0.533,0.002,0.387,0.508,0.056
Hawaii,Array3dAverage,THREE_D,64,8,2,16,1,13.011,0.517,0.002,0.47,0.611,0.057
Hawaii,Array3dAverage,THREE_D,64,8,4,1,1,11.894,0.671,0.018,0.577,0.616,0.062
Hawaii,Array3dAverage,THREE_D,64,8,4,2,1,13.034,0.67,0.004,0.548,0.617,0.059
Hawaii,Array3dAverage,THREE_D,64,8,4,4,1,12.039,0.643,0.018,0.511,0.628,0.063
Hawaii,Array3dAverage,THREE_D,64,8,4,8,1,13.652,0.644,0.003,0.515,0.641,0.058
Hawaii,Array3dAverage,THREE_D,64,8,8,1,1,11.985,0.585,0.001,0.384,0.506,0.045
Hawaii,Array3dAverage,THREE_D,64,8,8,2,1,13.107,0.538,0.002,0.387,0.516,0.051
Hawaii,Array3dAverage,THREE_D,64,8,8,4,1,13.3,0.517,0.001,0.434,0.619,0.065
Hawaii,Array3dAverage,THREE_D,64,8,16,1,1,11.956,0.663,0.002,0.546,0.643,0.043
Hawaii,Array3dAverage,THREE_D,64,8,16,2,1,12.979,0.65,0.003,0.573,0.608,0.061
Hawaii,Array3dAverage,THREE_D,64,8,32,1,1,12.146,0.651,0.002,0.548,0.615,0.062
Hawaii,Array3dAverage,THREE_D,64,16,1,1,1,13.536,0.644,0.003,0.685,0.647,0.057
Hawaii,Array3dAverage,THREE_D,64,16,1,2,1,12.375,0.652,0.018,0.561,0.62,0.061
Hawaii,Array3dAverage,THREE_D,64,16,1,4,1,14.059,0.647,0.017,0.504,0.613,0.056
Hawaii,Array3dAverage,THREE_D,64,16,1,8,1,12.134,0.678,0.003,0.504,0.618,0.066
Hawaii,Array3dAverage,THREE_D,64,16,1,16,1,13.555,0.662,0.002,0.476,0.612,0.065
Hawaii,Array3dAverage,THREE_D,64,16,2,1,1,12.08,0.659,0.002,0.603,0.624,0.065
Hawaii,Array3dAverage,THREE_D,64,16,2,2,1,13.598,0.67,0.002,0.514,0.619,0.057
Hawaii,Array3dAverage,THREE_D,64,16,2,4,1,12.031,0.646,0.002,0.509,0.631,0.061
Hawaii,Array3dAverage,THREE_D,64,16,2,8,1,13.64,0.636,0.003,0.505,0.624,0.062
Hawaii,Array3dAverage,THREE_D,64,16,4,1,1,11.976,0.65,0.017,0.52,0.617,0.044
Hawaii,Array3dAverage,THREE_D,64,16,4,2,1,13.56,0.652,0.017,0.503,0.628,0.078
Hawaii,Array3dAverage,THREE_D,64,16,4,4,1,13.505,0.529,0.002,0.365,0.497,0.045
Hawaii,Array3dAverage,THREE_D,64,16,8,1,1,11.996,0.523,0.002,0.393,0.494,0.043
Hawaii,Array3dAverage,THREE_D,64,16,8,2,1,12.538,0.64,0.017,0.445,0.642,0.043
Hawaii,Array3dAverage,THREE_D,64,16,16,1,1,12.162,0.648,0.003,0.494,0.628,0.062
Hawaii,Array3dAverage,THREE_D,64,32,1,1,1,13.531,0.643,0.002,0.561,0.642,0.061
Hawaii,Array3dAverage,THREE_D,64,32,1,2,1,12.115,0.647,0.002,0.534,0.633,0.065
Hawaii,Array3dAverage,THREE_D,64,32,1,4,1,13.572,0.672,0.002,0.404,0.674,0.052
Hawaii,Array3dAverage,THREE_D,64,32,1,8,1,12.084,0.664,0.003,0.563,0.623,0.066
Hawaii,Array3dAverage,THREE_D,64,32,2,1,1,13.625,0.65,0.002,0.549,0.645,0.058
Hawaii,Array3dAverage,THREE_D,64,32,2,2,1,12.019,0.652,0.003,0.472,0.619,0.065
Hawaii,Array3dAverage,THREE_D,64,32,2,4,1,13.605,0.654,0.004,0.52,0.624,0.068
Hawaii,Array3dAverage,THREE_D,64,32,4,1,1,13.419,0.64,0.003,0.505,0.624,0.061
Hawaii,Array3dAverage,THREE_D,64,32,4,2,1,12.445,0.65,0.002,0.476,0.633,0.05
Hawaii,Array3dAverage,THREE_D,64,32,8,1,1,12.703,0.647,0.002,0.543,0.749,0.046
Hawaii,Array3dAverage,THREE_D,64,64,1,1,1,13.579,0.654,0.017,0.483,0.665,0.048
Hawaii,Array3dAverage,THREE_D,64,64,1,2,1,13.462,0.643,0.002,0.495,0.611,0.062
Hawaii,Array3dAverage,THREE_D,64,64,1,4,1,12.409,0.645,0.003,0.504,0.628,0.064
Hawaii,Array3dAverage,THREE_D,64,64,2,1,1,12.817,0.665,0.004,0.493,0.613,0.058
Hawaii,Array3dAverage,THREE_D,64,64,2,2,1,12.312,0.706,0.002,0.384,0.514,0.05
Hawaii,Array3dAverage,THREE_D,64,64,4,1,1,12.981,0.647,0.003,0.509,0.648,0.061
Hawaii,Array3dAverage,THREE_D,64,128,1,1,1,12.205,0.675,0.018,0.556,0.62,0.061
Hawaii,Array3dAverage,THREE_D,64,128,1,2,1,13.473,0.641,0.003,0.563,0.626,0.063
Hawaii,Array3dAverage,THREE_D,64,128,2,1,1,12.162,0.648,0.017,0.513,0.632,0.065
Hawaii,Array3dAverage,THREE_D,64,256,1,1,1,13.524,0.64,0.003,0.464,0.629,0.046
