device/C,kernel/C,workDimension/C,width/F,height/F,xLocal/I,yLocal/I,zLocal/I,MB/F,init/F,memoryCopyOut/F,plan/F,execute/F,memoryCopyIn/F,cleanUp/F
Hawaii,LUDecomposition,TWO_D,2048,2048,1,1,1,2,116.418,21.559,0.003,3614.8,26.759,1.718
Hawaii,LUDecomposition,TWO_D,2048,2048,1,2,1,2,119.733,20.207,0.004,1998.86,28.384,0.617
Hawaii,LUDecomposition,TWO_D,2048,2048,1,4,1,2,120.462,20.669,0.004,1193.06,27.133,0.672
Hawaii,LUDecomposition,TWO_D,2048,2048,1,8,1,2,120.377,20.677,0.004,832.508,26.056,0.817
Hawaii,LUDecomposition,TWO_D,2048,2048,1,16,1,2,119.557,20.437,0.003,635.287,24.916,0.589
Hawaii,LUDecomposition,TWO_D,2048,2048,1,32,1,2,118.549,20.438,0.004,602.724,30.681,0.574
Hawaii,LUDecomposition,TWO_D,2048,2048,1,64,1,2,117.628,20.469,0.005,640.354,26.833,0.64
Hawaii,LUDecomposition,TWO_D,2048,2048,1,128,1,2,120.104,21.089,0.004,610.866,27.663,0.746
Hawaii,LUDecomposition,TWO_D,2048,2048,1,256,1,2,119.411,32.392,0.038,601.123,31.322,0.564
Hawaii,LUDecomposition,TWO_D,2048,2048,2,1,1,2,120.885,32.966,0.005,1933.92,31.673,0.542
Hawaii,LUDecomposition,TWO_D,2048,2048,2,2,1,2,120.874,32.29,0.003,1138.2,30.19,0.563
Hawaii,LUDecomposition,TWO_D,2048,2048,2,4,1,2,121.073,32.89,0.005,788.046,28.618,0.54
Hawaii,LUDecomposition,TWO_D,2048,2048,2,8,1,2,120.45,32.608,0.022,602.156,31.154,0.566
Hawaii,LUDecomposition,TWO_D,2048,2048,2,16,1,2,120.907,32.958,0.005,575.619,30.863,0.56
Hawaii,LUDecomposition,TWO_D,2048,2048,2,32,1,2,120.99,32.979,0.005,610.232,32.43,0.689
Hawaii,LUDecomposition,TWO_D,2048,2048,2,64,1,2,117.99,32.78,0.005,602.84,25.636,0.613
Hawaii,LUDecomposition,TWO_D,2048,2048,2,128,1,2,118.098,32.727,0.006,596.713,31.969,0.55
Hawaii,LUDecomposition,TWO_D,2048,2048,4,1,1,2,117.956,32.841,0.004,1125.23,32.507,0.557
Hawaii,LUDecomposition,TWO_D,2048,2048,4,2,1,2,118.97,32.948,0.005,791.032,30.376,0.551
Hawaii,LUDecomposition,TWO_D,2048,2048,4,4,1,2,120.931,32.938,0.004,608.613,28.97,0.574
Hawaii,LUDecomposition,TWO_D,2048,2048,4,8,1,2,120.764,32.376,0.005,578.262,28.024,0.552
Hawaii,LUDecomposition,TWO_D,2048,2048,4,16,1,2,120.257,32.77,0.02,616.997,29.396,0.551
Hawaii,LUDecomposition,TWO_D,2048,2048,4,32,1,2,120.69,32.479,0.021,600.578,27.779,0.55
Hawaii,LUDecomposition,TWO_D,2048,2048,4,64,1,2,119.225,32.754,0.021,604.836,25.527,0.555
Hawaii,LUDecomposition,TWO_D,2048,2048,8,1,1,2,118.145,32.899,0.005,790.539,26.141,0.625
Hawaii,LUDecomposition,TWO_D,2048,2048,8,2,1,2,118.556,33.11,0.005,605.527,28.953,0.549
Hawaii,LUDecomposition,TWO_D,2048,2048,8,4,1,2,120.831,32.356,0.005,578.89,32.384,0.575
Hawaii,LUDecomposition,TWO_D,2048,2048,8,8,1,2,118.113,32.948,0.006,614.695,28.644,0.58
Hawaii,LUDecomposition,TWO_D,2048,2048,8,16,1,2,120.696,32.488,0.005,599.278,31.988,0.625
Hawaii,LUDecomposition,TWO_D,2048,2048,8,32,1,2,118.037,32.962,0.021,598.183,27.245,0.653
Hawaii,LUDecomposition,TWO_D,2048,2048,16,1,1,2,119.362,32.635,0.005,610.177,27.201,0.653
Hawaii,LUDecomposition,TWO_D,2048,2048,16,2,1,2,119.276,32.653,0.006,574.551,29.047,0.55
Hawaii,LUDecomposition,TWO_D,2048,2048,16,4,1,2,120.732,33.011,0.003,611.546,27.131,0.64
Hawaii,LUDecomposition,TWO_D,2048,2048,16,8,1,2,119.258,32.563,0.003,598.701,27.846,0.635
Hawaii,LUDecomposition,TWO_D,2048,2048,16,16,1,2,120.098,32.746,0.005,598.341,28.13,0.654
Hawaii,LUDecomposition,TWO_D,2048,2048,32,1,1,2,119.92,32.855,0.004,584.918,29.621,0.541
Hawaii,LUDecomposition,TWO_D,2048,2048,32,2,1,2,120.838,32.296,0.004,618.419,29.014,0.543
Hawaii,LUDecomposition,TWO_D,2048,2048,32,4,1,2,120.841,32.974,0.006,598.454,28.231,0.553
Hawaii,LUDecomposition,TWO_D,2048,2048,32,8,1,2,120.071,32.793,0.004,603.92,29.616,0.544
Hawaii,LUDecomposition,TWO_D,2048,2048,64,1,1,2,120.213,32.821,0.005,609.669,28.816,0.535
Hawaii,LUDecomposition,TWO_D,2048,2048,64,2,1,2,120.808,33.019,0.004,598.076,28.495,0.549
Hawaii,LUDecomposition,TWO_D,2048,2048,64,4,1,2,120.095,32.91,0.005,599.493,27.933,0.559
Hawaii,LUDecomposition,TWO_D,2048,2048,128,1,1,2,119.407,32.651,0.005,600.306,31.257,0.553
Hawaii,LUDecomposition,TWO_D,2048,2048,128,2,1,2,120.553,32.449,0.006,596.728,30.718,0.547
Hawaii,LUDecomposition,TWO_D,2048,2048,256,1,1,2,120.921,32.934,0.003,602.253,27.339,0.559
Hawaii,LUDecomposition,TWO_D,2048,2048,1,1,1,2,114.954,21.778,0.004,3610.88,23.415,2.997
Hawaii,LUDecomposition,TWO_D,2048,2048,1,2,1,2,116.267,20.542,0.004,1960.92,21.484,1.421
Hawaii,LUDecomposition,TWO_D,2048,2048,1,4,1,2,115.572,20.715,0.004,1152.47,20.879,1.373
Hawaii,LUDecomposition,TWO_D,2048,2048,1,8,1,2,115.016,20.337,0.002,829.716,21.664,1.441
Hawaii,LUDecomposition,TWO_D,2048,2048,1,16,1,2,115.674,20.501,0.005,632.834,21.378,1.414
Hawaii,LUDecomposition,TWO_D,2048,2048,1,32,1,2,115.168,21.062,0.004,608.351,22.136,1.395
Hawaii,LUDecomposition,TWO_D,2048,2048,1,64,1,2,115.895,20.379,0.004,640.861,21.586,1.223
Hawaii,LUDecomposition,TWO_D,2048,2048,1,128,1,2,115.468,20.823,0.004,626.235,20.081,1.143
Hawaii,LUDecomposition,TWO_D,2048,2048,1,256,1,2,117.523,20.266,0.004,627.357,21.649,1.447
Hawaii,LUDecomposition,TWO_D,2048,2048,2,1,1,2,115.105,20.423,0.004,1992.49,20.794,1.26
Hawaii,LUDecomposition,TWO_D,2048,2048,2,2,1,2,115.016,20.432,0.003,1161.13,25.187,1.146
Hawaii,LUDecomposition,TWO_D,2048,2048,2,4,1,2,117.393,21.087,0.003,821.657,22.767,1.351
Hawaii,LUDecomposition,TWO_D,2048,2048,2,8,1,2,116.366,20.926,0.003,633.474,20.894,1.242
Hawaii,LUDecomposition,TWO_D,2048,2048,2,16,1,2,114.87,20.587,0.003,603.734,24.487,1.149
Hawaii,LUDecomposition,TWO_D,2048,2048,2,32,1,2,117.482,20.282,0.003,640.293,18.921,1.153
Hawaii,LUDecomposition,TWO_D,2048,2048,2,64,1,2,117.052,20.521,0.003,629.953,19.493,1.15
Hawaii,LUDecomposition,TWO_D,2048,2048,2,128,1,2,116.743,20.645,0.003,627.854,25.428,1.15
Hawaii,LUDecomposition,TWO_D,2048,2048,4,1,1,2,117.403,20.305,0.003,1187.29,24.156,1.192
Hawaii,LUDecomposition,TWO_D,2048,2048,4,2,1,2,116.923,20.499,0.003,821.665,22.665,1.427
Hawaii,LUDecomposition,TWO_D,2048,2048,4,4,1,2,116.979,20.32,0.003,634.474,20.72,1.368
Hawaii,LUDecomposition,TWO_D,2048,2048,4,8,1,2,114.949,20.497,0.004,605.675,26.466,1.481
Hawaii,LUDecomposition,TWO_D,2048,2048,4,16,1,2,128.371,20.859,0.004,635.221,18.278,1.21
Hawaii,LUDecomposition,TWO_D,2048,2048,4,32,1,2,117.153,20.31,0.003,628.645,23.714,1.16
Hawaii,LUDecomposition,TWO_D,2048,2048,4,64,1,2,117.313,20.287,0.003,629.583,23.484,1.405
Hawaii,LUDecomposition,TWO_D,2048,2048,8,1,1,2,117.159,20.335,0.003,826.297,23.132,1.164
Hawaii,LUDecomposition,TWO_D,2048,2048,8,2,1,2,117.015,20.414,0.003,633.425,21.791,1.226
Hawaii,LUDecomposition,TWO_D,2048,2048,8,4,1,2,115.697,20.784,0.003,604.042,24.268,1.149
Hawaii,LUDecomposition,TWO_D,2048,2048,8,8,1,2,117.951,20.691,0.003,635.767,20.477,1.298
Hawaii,LUDecomposition,TWO_D,2048,2048,8,16,1,2,114.803,20.629,0.003,626.228,19.088,1.164
Hawaii,LUDecomposition,TWO_D,2048,2048,8,32,1,2,117.515,20.911,0.003,622.432,22.129,1.29
Hawaii,LUDecomposition,TWO_D,2048,2048,16,1,1,2,116.134,20.308,0.003,631.934,25.428,1.143
Hawaii,LUDecomposition,TWO_D,2048,2048,16,2,1,2,112.665,20.668,0.003,605.281,22.194,1.154
Hawaii,LUDecomposition,TWO_D,2048,2048,16,4,1,2,115.554,20.817,0.003,640.643,19.718,1.162
Hawaii,LUDecomposition,TWO_D,2048,2048,16,8,1,2,117.491,20.942,0.004,630.035,23.513,1.258
Hawaii,LUDecomposition,TWO_D,2048,2048,16,16,1,2,117.536,20.746,0.003,628.358,19.103,1.164
Hawaii,LUDecomposition,TWO_D,2048,2048,32,1,1,2,117.491,20.873,0.004,605.411,21.181,1.358
Hawaii,LUDecomposition,TWO_D,2048,2048,32,2,1,2,115.46,20.657,0.003,637.948,22.555,1.444
Hawaii,LUDecomposition,TWO_D,2048,2048,32,4,1,2,116.514,20.681,0.003,632.441,20.998,1.336
Hawaii,LUDecomposition,TWO_D,2048,2048,32,8,1,2,115.405,20.814,0.004,628.241,22.222,1.493
Hawaii,LUDecomposition,TWO_D,2048,2048,64,1,1,2,116.459,20.567,0.003,638.596,22.788,1.392
Hawaii,LUDecomposition,TWO_D,2048,2048,64,2,1,2,117.057,20.352,0.004,632.962,21.206,1.361
Hawaii,LUDecomposition,TWO_D,2048,2048,64,4,1,2,115.428,20.814,0.004,623.815,23.704,1.188
Hawaii,LUDecomposition,TWO_D,2048,2048,128,1,1,2,117.286,20.238,0.004,631.339,22.049,1.244
Hawaii,LUDecomposition,TWO_D,2048,2048,128,2,1,2,116.156,20.242,0.004,624.702,20.598,1.241
Hawaii,LUDecomposition,TWO_D,2048,2048,256,1,1,2,115.003,20.455,0.003,630.412,21.812,1.25
Hawaii,LUDecomposition,TWO_D,2048,2048,1,1,1,2,113.848,22.439,0.005,3566.32,31.91,2.366
Hawaii,LUDecomposition,TWO_D,2048,2048,1,2,1,2,116.687,20.829,0.003,1920.27,26.902,0.35
Hawaii,LUDecomposition,TWO_D,2048,2048,1,4,1,2,118.909,20.771,0.005,1126.64,25.341,0.342
Hawaii,LUDecomposition,TWO_D,2048,2048,1,8,1,2,117.842,20.768,0.003,788.451,27.883,0.337
Hawaii,LUDecomposition,TWO_D,2048,2048,1,16,1,2,119.496,20.732,0.002,603.876,27.377,0.418
Hawaii,LUDecomposition,TWO_D,2048,2048,1,32,1,2,119.597,21.053,0.005,573.45,30.559,0.355
Hawaii,LUDecomposition,TWO_D,2048,2048,1,64,1,2,119.807,20.744,0.004,606.325,26.957,0.349
Hawaii,LUDecomposition,TWO_D,2048,2048,1,128,1,2,119.354,20.914,0.004,598.65,28.684,0.312
Hawaii,LUDecomposition,TWO_D,2048,2048,1,256,1,2,119.424,20.947,0.003,594.281,27.092,0.355
Hawaii,LUDecomposition,TWO_D,2048,2048,2,1,1,2,119.365,20.975,0.005,1925.02,30.285,0.339
Hawaii,LUDecomposition,TWO_D,2048,2048,2,2,1,2,119.8,20.708,0.004,1134.33,27.893,0.314
Hawaii,LUDecomposition,TWO_D,2048,2048,2,4,1,2,119.897,20.683,0.003,786.53,29.713,0.33
Hawaii,LUDecomposition,TWO_D,2048,2048,2,8,1,2,119.422,20.94,0.003,603.998,28.19,0.335
Hawaii,LUDecomposition,TWO_D,2048,2048,2,16,1,2,119.885,20.658,0.003,571.361,27.82,0.34
Hawaii,LUDecomposition,TWO_D,2048,2048,2,32,1,2,119.921,20.62,0.003,604.226,30.898,0.339
Hawaii,LUDecomposition,TWO_D,2048,2048,2,64,1,2,116.872,20.704,0.004,598.043,28.019,0.359
Hawaii,LUDecomposition,TWO_D,2048,2048,2,128,1,2,119.844,20.696,0.005,594.208,26.867,0.351
Hawaii,LUDecomposition,TWO_D,2048,2048,4,1,1,2,118.95,20.634,0.003,1149.41,27.931,0.333
Hawaii,LUDecomposition,TWO_D,2048,2048,4,2,1,2,119.507,21.679,0.004,783.987,26.511,0.318
Hawaii,LUDecomposition,TWO_D,2048,2048,4,4,1,2,118.66,20.722,0.003,605.291,30.891,0.339
Hawaii,LUDecomposition,TWO_D,2048,2048,4,8,1,2,120.012,21.381,0.004,576.764,31.401,0.349
Hawaii,LUDecomposition,TWO_D,2048,2048,4,16,1,2,120.475,21.197,0.004,613.732,32.373,0.353
Hawaii,LUDecomposition,TWO_D,2048,2048,4,32,1,2,117.088,21.336,0.004,598.947,28.258,0.36
Hawaii,LUDecomposition,TWO_D,2048,2048,4,64,1,2,119.206,21.282,0.003,601.845,27.388,0.334
Hawaii,LUDecomposition,TWO_D,2048,2048,8,1,1,2,119.154,21.229,0.002,795.788,30.42,0.324
Hawaii,LUDecomposition,TWO_D,2048,2048,8,2,1,2,120.036,21.459,0.005,605.185,31.175,0.351
Hawaii,LUDecomposition,TWO_D,2048,2048,8,4,1,2,119.986,21.398,0.004,577.393,30.935,0.358
Hawaii,LUDecomposition,TWO_D,2048,2048,8,8,1,2,119.609,20.868,0.005,606.931,27.258,0.338
Hawaii,LUDecomposition,TWO_D,2048,2048,8,16,1,2,118.769,20.793,0.005,599.947,28.943,0.336
Hawaii,LUDecomposition,TWO_D,2048,2048,8,32,1,2,120.323,21.235,0.003,598.909,28.538,0.367
Hawaii,LUDecomposition,TWO_D,2048,2048,16,1,1,2,119.623,20.805,0.004,603.838,27.274,0.333
Hawaii,LUDecomposition,TWO_D,2048,2048,16,2,1,2,118.771,20.775,0.003,573.232,26.971,0.402
Hawaii,LUDecomposition,TWO_D,2048,2048,16,4,1,2,118.741,21.4,0.005,609.407,28.11,0.323
Hawaii,LUDecomposition,TWO_D,2048,2048,16,8,1,2,119.586,20.793,0.004,599.86,29.225,0.317
Hawaii,LUDecomposition,TWO_D,2048,2048,16,16,1,2,120.082,20.687,0.003,601.355,28.559,0.363
Hawaii,LUDecomposition,TWO_D,2048,2048,32,1,1,2,119.905,20.719,0.003,579.493,28.638,0.346
Hawaii,LUDecomposition,TWO_D,2048,2048,32,2,1,2,120.014,21.304,0.002,609.975,28.419,0.343
Hawaii,LUDecomposition,TWO_D,2048,2048,32,4,1,2,119.579,20.911,0.003,601.212,28.077,0.334
Hawaii,LUDecomposition,TWO_D,2048,2048,32,8,1,2,119.586,20.884,0.003,599.348,28.694,0.347
Hawaii,LUDecomposition,TWO_D,2048,2048,64,1,1,2,119.794,20.956,0.005,611.747,28.259,0.313
Hawaii,LUDecomposition,TWO_D,2048,2048,64,2,1,2,119.595,20.924,0.002,599.585,28.686,0.334
Hawaii,LUDecomposition,TWO_D,2048,2048,64,4,1,2,119.693,20.728,0.003,597.404,30.593,0.365
Hawaii,LUDecomposition,TWO_D,2048,2048,128,1,1,2,120.511,21.098,0.004,601.477,28.668,0.342
Hawaii,LUDecomposition,TWO_D,2048,2048,128,2,1,2,119.981,20.668,0.004,585.318,30.76,0.353
Hawaii,LUDecomposition,TWO_D,2048,2048,256,1,1,2,120.036,21.298,0.003,601.5,28.894,0.339
Hawaii,LUDecomposition,TWO_D,2048,2048,1,1,1,2,114.6,32.783,0.004,3618.96,20.912,2.736
Hawaii,LUDecomposition,TWO_D,2048,2048,1,2,1,2,117.397,31.199,0.005,1968.09,31.919,1.455
Hawaii,LUDecomposition,TWO_D,2048,2048,1,4,1,2,116.676,31.766,0.004,1152.75,22.326,1.575
Hawaii,LUDecomposition,TWO_D,2048,2048,1,8,1,2,115.488,31.94,0.004,828.329,22.639,1.597
Hawaii,LUDecomposition,TWO_D,2048,2048,1,16,1,2,115.463,31.923,0.006,636.35,23.581,1.641
Hawaii,LUDecomposition,TWO_D,2048,2048,1,32,1,2,116.406,31.269,0.007,604.145,24.59,1.428
Hawaii,LUDecomposition,TWO_D,2048,2048,1,64,1,2,117.691,30.892,0.004,638.088,23.132,1.575
Hawaii,LUDecomposition,TWO_D,2048,2048,1,128,1,2,116.544,31.561,0.004,627.519,22.853,1.637
Hawaii,LUDecomposition,TWO_D,2048,2048,1,256,1,2,116.172,31.003,0.005,619.944,19.067,1.452
Hawaii,LUDecomposition,TWO_D,2048,2048,2,1,1,2,117.18,31.604,0.004,1978.35,23.536,1.754
Hawaii,LUDecomposition,TWO_D,2048,2048,2,2,1,2,116.588,31.848,0.005,1153.96,20.871,1.455
Hawaii,LUDecomposition,TWO_D,2048,2048,2,4,1,2,117.392,31.069,0.005,831.652,23.51,1.772
Hawaii,LUDecomposition,TWO_D,2048,2048,2,8,1,2,116.493,31.827,0.005,633.203,20.806,1.535
Hawaii,LUDecomposition,TWO_D,2048,2048,2,16,1,2,114.355,30.965,0.004,605.865,23.251,1.583
Hawaii,LUDecomposition,TWO_D,2048,2048,2,32,1,2,116.207,31.252,0.006,641.026,21.977,1.572
Hawaii,LUDecomposition,TWO_D,2048,2048,2,64,1,2,115.029,31.5,0.004,632.227,20.866,1.614
Hawaii,LUDecomposition,TWO_D,2048,2048,2,128,1,2,114.426,30.757,0.005,629.513,26.521,1.941
Hawaii,LUDecomposition,TWO_D,2048,2048,4,1,1,2,141.606,31.311,0.004,1187.88,24.422,1.727
Hawaii,LUDecomposition,TWO_D,2048,2048,4,2,1,2,115.814,31.499,0.005,822.462,24.322,1.566
Hawaii,LUDecomposition,TWO_D,2048,2048,4,4,1,2,117.157,31.208,0.004,637.455,22.895,1.655
Hawaii,LUDecomposition,TWO_D,2048,2048,4,8,1,2,116.235,30.878,0.005,606.814,20.259,1.451
Hawaii,LUDecomposition,TWO_D,2048,2048,4,16,1,2,117.053,31.582,0.005,639.775,24.095,1.746
Hawaii,LUDecomposition,TWO_D,2048,2048,4,32,1,2,116.952,31.258,0.004,628.67,19.398,1.527
Hawaii,LUDecomposition,TWO_D,2048,2048,4,64,1,2,117.349,31.126,0.004,627.705,23.529,1.509
Hawaii,LUDecomposition,TWO_D,2048,2048,8,1,1,2,116.602,31.481,0.004,833.011,21.377,1.673
Hawaii,LUDecomposition,TWO_D,2048,2048,8,2,1,2,114.865,31.511,0.005,634.77,23.288,1.522
Hawaii,LUDecomposition,TWO_D,2048,2048,8,4,1,2,116.543,31.832,0.004,613.626,25.242,1.53
Hawaii,LUDecomposition,TWO_D,2048,2048,8,8,1,2,116.749,31.888,0.004,643.194,21.857,1.749
Hawaii,LUDecomposition,TWO_D,2048,2048,8,16,1,2,114.952,31.175,0.004,630.821,21.335,1.746
Hawaii,LUDecomposition,TWO_D,2048,2048,8,32,1,2,114.717,31.602,0.005,628.064,22.711,1.766
Hawaii,LUDecomposition,TWO_D,2048,2048,16,1,1,2,115.498,31.839,0.005,635.798,19.324,1.464
Hawaii,LUDecomposition,TWO_D,2048,2048,16,2,1,2,116.565,31.86,0.006,607.626,24.435,1.465
Hawaii,LUDecomposition,TWO_D,2048,2048,16,4,1,2,116.978,31.626,0.006,640.455,22.53,1.61
Hawaii,LUDecomposition,TWO_D,2048,2048,16,8,1,2,115.493,31.588,0.004,627.365,22.972,1.625
Hawaii,LUDecomposition,TWO_D,2048,2048,16,16,1,2,116.052,31.413,0.005,618.53,19.306,1.465
Hawaii,LUDecomposition,TWO_D,2048,2048,32,1,1,2,117.04,31.278,0.003,575.788,24.592,1.427
Hawaii,LUDecomposition,TWO_D,2048,2048,32,2,1,2,116.675,31.808,0.005,638.798,23.366,1.664
Hawaii,LUDecomposition,TWO_D,2048,2048,32,4,1,2,116.259,31.94,0.005,630.27,22.669,1.598
Hawaii,LUDecomposition,TWO_D,2048,2048,32,8,1,2,115.117,31.67,0.005,631.801,20.954,1.592
Hawaii,LUDecomposition,TWO_D,2048,2048,64,1,1,2,114.401,31.914,0.005,644.297,23.748,1.701
Hawaii,LUDecomposition,TWO_D,2048,2048,64,2,1,2,116.453,31.835,0.005,632.442,24.727,1.477
Hawaii,LUDecomposition,TWO_D,2048,2048,64,4,1,2,116.709,31.737,0.005,630.369,22.59,1.722
Hawaii,LUDecomposition,TWO_D,2048,2048,128,1,1,2,116.655,31.692,0.005,630.846,22.078,1.756
Hawaii,LUDecomposition,TWO_D,2048,2048,128,2,1,2,114.973,31.487,0.006,622.357,24.527,1.477
Hawaii,LUDecomposition,TWO_D,2048,2048,256,1,1,2,117.283,31.373,0.005,629.355,23.402,1.731
Hawaii,LUDecomposition,TWO_D,512,512,1,1,1,2,4.993,3.476,0.002,112.894,1.379,0.169
Hawaii,LUDecomposition,TWO_D,512,512,1,2,1,2,8.013,1.982,0,88.381,1.878,0.149
Hawaii,LUDecomposition,TWO_D,512,512,1,4,1,2,13.333,2.025,0.001,70.561,1.455,0.151
Hawaii,LUDecomposition,TWO_D,512,512,1,8,1,2,13.345,2.011,0.001,68.316,1.47,0.199
Hawaii,LUDecomposition,TWO_D,512,512,1,16,1,2,12.418,2.118,0.001,70.887,1.887,0.24
Hawaii,LUDecomposition,TWO_D,512,512,1,32,1,2,13.33,2.319,0.002,66.525,1.901,0.222
Hawaii,LUDecomposition,TWO_D,512,512,1,64,1,2,11.021,2.133,0.002,57.515,1.457,0.187
Hawaii,LUDecomposition,TWO_D,512,512,1,128,1,2,10.319,2.108,0.001,69.263,1.889,0.224
Hawaii,LUDecomposition,TWO_D,512,512,1,256,1,2,13.348,2.199,0.002,71.423,1.892,0.225
Hawaii,LUDecomposition,TWO_D,512,512,2,1,1,2,13.359,2.448,0.002,87.301,1.847,0.215
Hawaii,LUDecomposition,TWO_D,512,512,2,2,1,2,13.327,2.594,0.002,74.008,1.468,0.187
Hawaii,LUDecomposition,TWO_D,512,512,2,4,1,2,10.453,2.1,0.001,70.545,1.894,0.225
Hawaii,LUDecomposition,TWO_D,512,512,2,8,1,2,12.885,2.128,0.004,70.901,1.915,0.23
Hawaii,LUDecomposition,TWO_D,512,512,2,16,1,2,13.338,2.474,0.003,69.505,1.904,0.226
Hawaii,LUDecomposition,TWO_D,512,512,2,32,1,2,13.35,2.495,0.002,80.927,1.854,0.227
Hawaii,LUDecomposition,TWO_D,512,512,2,64,1,2,13.384,2.623,0.004,81.473,1.858,0.214
Hawaii,LUDecomposition,TWO_D,512,512,2,128,1,2,13.345,2.596,0.003,81.796,1.858,0.215
Hawaii,LUDecomposition,TWO_D,512,512,4,1,1,2,13.386,2.605,0.002,73.782,1.463,0.188
Hawaii,LUDecomposition,TWO_D,512,512,4,2,1,2,10.229,2.1,0.001,67.979,1.5,0.198
Hawaii,LUDecomposition,TWO_D,512,512,4,4,1,2,9.213,2.11,0.001,71.235,1.893,0.227
Hawaii,LUDecomposition,TWO_D,512,512,4,8,1,2,11.862,2.127,0.002,66.716,1.906,0.223
Hawaii,LUDecomposition,TWO_D,512,512,4,16,1,2,13.354,2.453,0.002,80.668,1.856,0.225
Hawaii,LUDecomposition,TWO_D,512,512,4,32,1,2,13.353,2.607,0.002,81.474,1.856,0.217
Hawaii,LUDecomposition,TWO_D,512,512,4,64,1,2,11.385,2.09,0.003,70.766,1.924,0.236
Hawaii,LUDecomposition,TWO_D,512,512,8,1,1,2,13.184,2.113,0.002,74.552,1.935,0.242
Hawaii,LUDecomposition,TWO_D,512,512,8,2,1,2,12.066,2.109,0.003,71.518,1.894,0.24
Hawaii,LUDecomposition,TWO_D,512,512,8,4,1,2,13.24,2.111,0.002,70.575,1.894,0.237
Hawaii,LUDecomposition,TWO_D,512,512,8,8,1,2,13.356,2.491,0.002,80.837,1.863,0.217
Hawaii,LUDecomposition,TWO_D,512,512,8,16,1,2,13.368,2.596,0.002,81.933,1.87,0.215
Hawaii,LUDecomposition,TWO_D,512,512,8,32,1,2,13.365,2.589,0.002,81.926,1.858,0.219
Hawaii,LUDecomposition,TWO_D,512,512,16,1,1,2,13.385,2.595,0.002,80.866,1.849,0.214
Hawaii,LUDecomposition,TWO_D,512,512,16,2,1,2,13.358,2.591,0.003,80.346,1.857,0.227
Hawaii,LUDecomposition,TWO_D,512,512,16,4,1,2,13.351,2.598,0.003,81.23,1.844,0.215
Hawaii,LUDecomposition,TWO_D,512,512,16,8,1,2,11.533,2.121,0.002,60.218,1.941,0.211
Hawaii,LUDecomposition,TWO_D,512,512,16,16,1,2,11.512,2.277,0.001,70.752,1.922,0.239
Hawaii,LUDecomposition,TWO_D,512,512,32,1,1,2,13.349,2.507,0.003,81.181,1.86,0.234
Hawaii,LUDecomposition,TWO_D,512,512,32,2,1,2,13.343,2.596,0.002,81.45,1.88,0.216
Hawaii,LUDecomposition,TWO_D,512,512,32,4,1,2,13.358,2.621,0.003,82.03,1.865,0.234
Hawaii,LUDecomposition,TWO_D,512,512,32,8,1,2,13.321,2.597,0.003,82.331,1.861,0.215
Hawaii,LUDecomposition,TWO_D,512,512,64,1,1,2,13.359,2.598,0.002,80.634,1.866,0.215
Hawaii,LUDecomposition,TWO_D,512,512,64,2,1,2,13.364,2.591,0.002,82.012,1.865,0.245
Hawaii,LUDecomposition,TWO_D,512,512,64,4,1,2,13.333,2.62,0.003,81.682,1.845,0.219
Hawaii,LUDecomposition,TWO_D,512,512,128,1,1,2,11.328,2.084,0.003,70.694,1.915,0.255
Hawaii,LUDecomposition,TWO_D,512,512,128,2,1,2,13.633,2.088,0.003,71.28,1.923,0.234
Hawaii,LUDecomposition,TWO_D,512,512,256,1,1,2,13.392,2.284,0.002,70.997,1.927,0.241
Hawaii,LUDecomposition,TWO_D,512,512,1,1,1,2,4.993,2.138,0.002,109.649,1.372,0.241
Hawaii,LUDecomposition,TWO_D,512,512,1,2,1,2,13.384,2.485,0.001,77.765,1.432,0.195
Hawaii,LUDecomposition,TWO_D,512,512,1,4,1,2,12.42,2.03,0.001,64.881,1.45,0.197
Hawaii,LUDecomposition,TWO_D,512,512,1,8,1,2,11.814,2.02,0.001,56.21,1.459,0.23
Hawaii,LUDecomposition,TWO_D,512,512,1,16,1,2,10.744,2.041,0.001,56.451,1.449,0.222
Hawaii,LUDecomposition,TWO_D,512,512,1,32,1,2,10.762,2.131,0.001,54.502,1.472,0.23
Hawaii,LUDecomposition,TWO_D,512,512,1,64,1,2,11.211,2.135,0.001,55.608,1.451,0.227
Hawaii,LUDecomposition,TWO_D,512,512,1,128,1,2,10.888,2.136,0.001,54.974,1.451,0.132
Hawaii,LUDecomposition,TWO_D,512,512,1,256,1,2,11.06,2.134,0.001,55.185,1.463,0.229
Hawaii,LUDecomposition,TWO_D,512,512,2,1,1,2,11.062,2.074,0.016,79.96,1.462,0.239
Hawaii,LUDecomposition,TWO_D,512,512,2,2,1,2,13.37,2.292,0.001,66.958,1.466,0.247
Hawaii,LUDecomposition,TWO_D,512,512,2,4,1,2,11.473,2.17,0.002,59.661,1.449,0.233
Hawaii,LUDecomposition,TWO_D,512,512,2,8,1,2,8.973,2.139,0.001,56.234,1.455,0.236
Hawaii,LUDecomposition,TWO_D,512,512,2,16,1,2,9.443,2.138,0.001,55.385,1.464,0.241
Hawaii,LUDecomposition,TWO_D,512,512,2,32,1,2,10.106,2.138,0.001,55.701,1.452,0.24
Hawaii,LUDecomposition,TWO_D,512,512,2,64,1,2,10.288,2.13,0.001,55.284,1.462,0.239
Hawaii,LUDecomposition,TWO_D,512,512,2,128,1,2,10.578,2.148,0.001,54.596,1.444,0.24
Hawaii,LUDecomposition,TWO_D,512,512,4,1,1,2,11.077,2.136,0.001,66.352,1.443,0.234
Hawaii,LUDecomposition,TWO_D,512,512,4,2,1,2,10.446,2.137,0.001,59.451,1.455,0.243
Hawaii,LUDecomposition,TWO_D,512,512,4,4,1,2,13.366,2.262,0.001,56.763,1.458,0.236
Hawaii,LUDecomposition,TWO_D,512,512,4,8,1,2,11.528,2.137,0.001,56.06,1.468,0.235
Hawaii,LUDecomposition,TWO_D,512,512,4,16,1,2,10.81,2.128,0.002,55.768,1.468,0.246
Hawaii,LUDecomposition,TWO_D,512,512,4,32,1,2,10.591,2.153,0.001,55.012,1.477,0.241
Hawaii,LUDecomposition,TWO_D,512,512,4,64,1,2,10.727,2.176,0.001,55.319,1.47,0.248
Hawaii,LUDecomposition,TWO_D,512,512,8,1,1,2,11.008,2.16,0.001,60.537,1.452,0.257
Hawaii,LUDecomposition,TWO_D,512,512,8,2,1,2,13.288,2.144,0.001,56.299,1.452,0.246
Hawaii,LUDecomposition,TWO_D,512,512,8,4,1,2,11.57,2.156,0.001,55.725,1.469,0.25
Hawaii,LUDecomposition,TWO_D,512,512,8,8,1,2,10.971,2.159,0,55.826,1.439,0.25
Hawaii,LUDecomposition,TWO_D,512,512,8,16,1,2,13.362,2.572,0.001,53.394,1.449,0.26
Hawaii,LUDecomposition,TWO_D,512,512,8,32,1,2,13.365,2.595,0.001,52.934,1.467,0.247
Hawaii,LUDecomposition,TWO_D,512,512,16,1,1,2,9.802,2.155,0.001,56.183,1.448,0.245
Hawaii,LUDecomposition,TWO_D,512,512,16,2,1,2,13.393,2.602,0.001,57.471,1.464,0.25
Hawaii,LUDecomposition,TWO_D,512,512,16,4,1,2,12.296,2.15,0.001,56.38,1.456,0.245
Hawaii,LUDecomposition,TWO_D,512,512,16,8,1,2,11.016,2.132,0.001,54.445,1.454,0.24
Hawaii,LUDecomposition,TWO_D,512,512,16,16,1,2,11.373,2.134,0.001,54.984,1.445,0.243
Hawaii,LUDecomposition,TWO_D,512,512,32,1,1,2,11.275,2.127,0.001,57.75,1.464,0.247
Hawaii,LUDecomposition,TWO_D,512,512,32,2,1,2,9.837,2.154,0.001,56.841,1.45,0.249
Hawaii,LUDecomposition,TWO_D,512,512,32,4,1,2,9.552,2.149,0.001,54.274,1.47,0.259
Hawaii,LUDecomposition,TWO_D,512,512,32,8,1,2,10.717,2.139,0.001,55.343,1.461,0.25
Hawaii,LUDecomposition,TWO_D,512,512,64,1,1,2,10.743,2.137,0.001,56.272,1.447,0.243
Hawaii,LUDecomposition,TWO_D,512,512,64,2,1,2,10.319,2.169,0.001,54.154,1.456,0.253
Hawaii,LUDecomposition,TWO_D,512,512,64,4,1,2,11.138,2.143,0.001,52.239,1.48,0.259
Hawaii,LUDecomposition,TWO_D,512,512,128,1,1,2,12.51,2.187,0.001,53.568,1.481,0.265
Hawaii,LUDecomposition,TWO_D,512,512,128,2,1,2,12.497,2.185,0.001,55.564,1.439,0.245
Hawaii,LUDecomposition,TWO_D,512,512,256,1,1,2,11.527,2.134,0.001,54.398,1.452,0.277
Hawaii,LUDecomposition,TWO_D,512,512,1,1,1,2,5.006,2.19,0.003,107.354,1.364,0.232
Hawaii,LUDecomposition,TWO_D,512,512,1,2,1,2,13.362,2.648,0.001,77.353,1.412,0.195
Hawaii,LUDecomposition,TWO_D,512,512,1,4,1,2,12.375,2.021,0.001,64.836,1.422,0.207
Hawaii,LUDecomposition,TWO_D,512,512,1,8,1,2,11.832,2.037,0.001,57.038,1.453,0.219
Hawaii,LUDecomposition,TWO_D,512,512,1,16,1,2,10.819,2.15,0.001,57.158,1.454,0.221
Hawaii,LUDecomposition,TWO_D,512,512,1,32,1,2,9.919,2.141,0.001,56.011,1.428,0.224
Hawaii,LUDecomposition,TWO_D,512,512,1,64,1,2,10.047,2.134,0.001,55.742,1.468,0.225
Hawaii,LUDecomposition,TWO_D,512,512,1,128,1,2,10.238,2.138,0.002,54.564,1.479,0.226
Hawaii,LUDecomposition,TWO_D,512,512,1,256,1,2,10.9,2.222,0.001,54.755,1.457,0.246
Hawaii,LUDecomposition,TWO_D,512,512,2,1,1,2,11.111,2.152,0.001,80.666,1.456,0.225
Hawaii,LUDecomposition,TWO_D,512,512,2,2,1,2,13.303,2.173,0.001,66.732,1.447,0.227
Hawaii,LUDecomposition,TWO_D,512,512,2,4,1,2,11.352,2.143,0.001,59.38,1.461,0.219
Hawaii,LUDecomposition,TWO_D,512,512,2,8,1,2,9.071,2.13,0.002,55.696,1.465,0.227
Hawaii,LUDecomposition,TWO_D,512,512,2,16,1,2,9.759,2.132,0.001,55.823,1.466,0.225
Hawaii,LUDecomposition,TWO_D,512,512,2,32,1,2,10.058,2.146,0.001,54.65,1.455,0.226
Hawaii,LUDecomposition,TWO_D,512,512,2,64,1,2,10.789,2.178,0.001,54.152,1.454,0.231
Hawaii,LUDecomposition,TWO_D,512,512,2,128,1,2,11.381,2.135,0.003,54.356,1.485,0.241
Hawaii,LUDecomposition,TWO_D,512,512,4,1,1,2,11.577,2.157,0.002,65.891,1.473,0.225
Hawaii,LUDecomposition,TWO_D,512,512,4,2,1,2,10.912,2.132,0.001,59.793,1.464,0.242
Hawaii,LUDecomposition,TWO_D,512,512,4,4,1,2,13.376,2.318,0.001,56.006,1.436,0.231
Hawaii,LUDecomposition,TWO_D,512,512,4,8,1,2,11.953,2.15,0.001,43.885,0.916,0.135
Hawaii,LUDecomposition,TWO_D,512,512,4,16,1,2,6.678,2.072,0.001,43.306,0.926,0.134
Hawaii,LUDecomposition,TWO_D,512,512,4,32,1,2,6.674,2.067,0.001,41.46,0.904,0.134
Hawaii,LUDecomposition,TWO_D,512,512,4,64,1,2,6.668,2.08,0,41.872,0.914,0.136
Hawaii,LUDecomposition,TWO_D,512,512,8,1,1,2,6.683,2.078,0.001,45.156,0.917,0.137
Hawaii,LUDecomposition,TWO_D,512,512,8,2,1,2,6.681,2.077,0.001,43.436,0.902,0.144
Hawaii,LUDecomposition,TWO_D,512,512,8,4,1,2,6.67,2.061,0.001,43.347,0.909,0.135
Hawaii,LUDecomposition,TWO_D,512,512,8,8,1,2,6.684,2.072,0.001,42.997,0.907,0.148
Hawaii,LUDecomposition,TWO_D,512,512,8,16,1,2,6.679,2.075,0,41.74,0.933,0.136
Hawaii,LUDecomposition,TWO_D,512,512,8,32,1,2,6.673,2.08,0.001,41.405,0.925,0.138
Hawaii,LUDecomposition,TWO_D,512,512,16,1,1,2,6.672,2.07,0.001,43.276,0.915,0.137
Hawaii,LUDecomposition,TWO_D,512,512,16,2,1,2,6.684,2.07,0,43.654,0.92,0.136
Hawaii,LUDecomposition,TWO_D,512,512,16,4,1,2,6.684,2.064,0,42.848,0.908,0.15
Hawaii,LUDecomposition,TWO_D,512,512,16,8,1,2,6.674,2.073,0.001,41.802,0.921,0.137
Hawaii,LUDecomposition,TWO_D,512,512,16,16,1,2,6.675,2.078,0.001,41.378,0.914,0.137
Hawaii,LUDecomposition,TWO_D,512,512,32,1,1,2,6.684,2.076,0.001,43.012,0.918,0.137
Hawaii,LUDecomposition,TWO_D,512,512,32,2,1,2,6.694,2.117,0.001,42.996,0.922,0.138
Hawaii,LUDecomposition,TWO_D,512,512,32,4,1,2,6.684,2.075,0.001,41.599,0.919,0.141
Hawaii,LUDecomposition,TWO_D,512,512,32,8,1,2,6.676,2.074,0.001,41.878,0.914,0.135
Hawaii,LUDecomposition,TWO_D,512,512,64,1,1,2,6.677,2.077,0.001,43.283,0.92,0.135
Hawaii,LUDecomposition,TWO_D,512,512,64,2,1,2,6.684,2.072,0.001,42.061,0.919,0.136
Hawaii,LUDecomposition,TWO_D,512,512,64,4,1,2,6.684,2.074,0,41.432,0.918,0.135
Hawaii,LUDecomposition,TWO_D,512,512,128,1,1,2,6.686,2.067,0.001,41.554,0.906,0.137
Hawaii,LUDecomposition,TWO_D,512,512,128,2,1,2,6.677,2.05,0,41.83,0.934,0.137
Hawaii,LUDecomposition,TWO_D,512,512,256,1,1,2,6.671,2.073,0,41.53,0.908,0.137
Hawaii,LUDecomposition,TWO_D,512,512,1,1,1,2,4.989,2.131,0.002,109.916,1.398,0.242
Hawaii,LUDecomposition,TWO_D,512,512,1,2,1,2,9.722,2.028,0.001,79.532,1.433,0.192
Hawaii,LUDecomposition,TWO_D,512,512,1,4,1,2,7.918,2.032,0,63.89,1.429,0.2
Hawaii,LUDecomposition,TWO_D,512,512,1,8,1,2,10.686,2.034,0,59.637,1.44,0.234
Hawaii,LUDecomposition,TWO_D,512,512,1,16,1,2,13.36,2.622,0.001,55.963,1.461,0.229
Hawaii,LUDecomposition,TWO_D,512,512,1,32,1,2,12.349,2.159,0.001,55.899,1.454,0.223
Hawaii,LUDecomposition,TWO_D,512,512,1,64,1,2,11.305,2.135,0.001,55.34,1.46,0.223
Hawaii,LUDecomposition,TWO_D,512,512,1,128,1,2,11.056,2.156,0.001,54.272,1.442,0.227
Hawaii,LUDecomposition,TWO_D,512,512,1,256,1,2,11.47,2.14,0.003,55.324,1.477,0.264
Hawaii,LUDecomposition,TWO_D,512,512,2,1,1,2,11.134,2.159,0.001,80.104,1.464,0.226
Hawaii,LUDecomposition,TWO_D,512,512,2,2,1,2,13.362,2.252,0.001,66.404,1.436,0.231
Hawaii,LUDecomposition,TWO_D,512,512,2,4,1,2,11.739,2.162,0.001,59.456,1.469,0.243
Hawaii,LUDecomposition,TWO_D,512,512,2,8,1,2,9.191,2.162,0.002,56.689,1.44,0.226
Hawaii,LUDecomposition,TWO_D,512,512,2,16,1,2,13.365,2.561,0.001,56.328,1.46,0.236
Hawaii,LUDecomposition,TWO_D,512,512,2,32,1,2,12.353,2.167,0.001,57.044,1.468,0.241
Hawaii,LUDecomposition,TWO_D,512,512,2,64,1,2,10.706,2.152,0.001,54.24,1.457,0.235
Hawaii,LUDecomposition,TWO_D,512,512,2,128,1,2,11.305,2.158,0.001,54.747,1.455,0.226
Hawaii,LUDecomposition,TWO_D,512,512,4,1,1,2,11.23,2.129,0.001,65.7,1.487,0.228
Hawaii,LUDecomposition,TWO_D,512,512,4,2,1,2,10.975,2.154,0.001,57.944,1.468,0.251
Hawaii,LUDecomposition,TWO_D,512,512,4,4,1,2,9.568,2.171,0.002,56.545,1.455,0.228
Hawaii,LUDecomposition,TWO_D,512,512,4,8,1,2,9.571,2.145,0.002,57.209,1.459,0.232
Hawaii,LUDecomposition,TWO_D,512,512,4,16,1,2,9.26,2.14,0.002,55.677,1.438,0.231
Hawaii,LUDecomposition,TWO_D,512,512,4,32,1,2,9.879,2.171,0.001,53.515,1.468,0.267
Hawaii,LUDecomposition,TWO_D,512,512,4,64,1,2,11.223,2.186,0.001,54.207,1.467,0.24
Hawaii,LUDecomposition,TWO_D,512,512,8,1,1,2,11.56,2.137,0.001,57.772,1.449,0.236
Hawaii,LUDecomposition,TWO_D,512,512,8,2,1,2,9.974,2.146,0.001,57.716,1.48,0.249
Hawaii,LUDecomposition,TWO_D,512,512,8,4,1,2,9.18,2.158,0.001,57.324,1.45,0.233
Hawaii,LUDecomposition,TWO_D,512,512,8,8,1,2,9.008,2.132,0,54.455,1.447,0.24
Hawaii,LUDecomposition,TWO_D,512,512,8,16,1,2,10.487,2.139,0.001,54.273,1.453,0.238
Hawaii,LUDecomposition,TWO_D,512,512,8,32,1,2,11.07,2.171,0.002,55.431,1.447,0.242
Hawaii,LUDecomposition,TWO_D,512,512,16,1,1,2,10.868,2.139,0.001,56.78,1.459,0.245
Hawaii,LUDecomposition,TWO_D,512,512,16,2,1,2,10.12,2.135,0.001,57.978,1.441,0.255
Hawaii,LUDecomposition,TWO_D,512,512,16,4,1,2,13.378,2.587,0.001,55.82,1.462,0.241
Hawaii,LUDecomposition,TWO_D,512,512,16,8,1,2,12.409,2.096,0.001,52.555,1.442,0.243
Hawaii,LUDecomposition,TWO_D,512,512,16,16,1,2,12.912,2.163,0.001,52.867,1.438,0.249
Hawaii,LUDecomposition,TWO_D,512,512,32,1,1,2,13.219,2.148,0.001,55.715,1.47,0.237
Hawaii,LUDecomposition,TWO_D,512,512,32,2,1,2,11.793,2.145,0.001,55.006,1.423,0.24
Hawaii,LUDecomposition,TWO_D,512,512,32,4,1,2,11.493,2.134,0.001,54.65,1.474,0.242
Hawaii,LUDecomposition,TWO_D,512,512,32,8,1,2,11.494,2.145,0.002,55.351,1.476,0.243
Hawaii,LUDecomposition,TWO_D,512,512,64,1,1,2,11.129,2.133,0,55.901,1.468,0.254
Hawaii,LUDecomposition,TWO_D,512,512,64,2,1,2,10.677,2.136,0,53.877,1.457,0.24
Hawaii,LUDecomposition,TWO_D,512,512,64,4,1,2,11.483,2.135,0.001,54.145,1.439,0.244
Hawaii,LUDecomposition,TWO_D,512,512,128,1,1,2,11.755,2.15,0.001,43.507,0.918,0.139
Hawaii,LUDecomposition,TWO_D,512,512,128,2,1,2,6.686,2.065,0.001,42.742,1.458,0.255
Hawaii,LUDecomposition,TWO_D,512,512,256,1,1,2,10.91,2.144,0.001,54.512,1.446,0.248
Hawaii,LUDecomposition,TWO_D,512,512,1,1,1,2,5.105,2.168,0.002,113.25,1.78,0.204
Hawaii,LUDecomposition,TWO_D,512,512,1,2,1,2,13.264,1.969,0.001,84.342,1.785,0.156
Hawaii,LUDecomposition,TWO_D,512,512,1,4,1,2,12.295,1.983,0.001,69.595,1.771,0.151
Hawaii,LUDecomposition,TWO_D,512,512,1,8,1,2,8.654,1.97,0.001,73.109,2.235,0.23
Hawaii,LUDecomposition,TWO_D,512,512,1,16,1,2,11.49,2.118,0.004,71.885,2.238,0.234
Hawaii,LUDecomposition,TWO_D,512,512,1,32,1,2,12.505,2.112,0.003,69.449,2.231,0.23
Hawaii,LUDecomposition,TWO_D,512,512,1,64,1,2,13.379,2.493,0.003,80.846,2.211,0.232
Hawaii,LUDecomposition,TWO_D,512,512,1,128,1,2,13.365,2.601,0.003,82.2,2.182,0.217
Hawaii,LUDecomposition,TWO_D,512,512,1,256,1,2,13.376,2.624,0.002,81.52,2.201,0.219
Hawaii,LUDecomposition,TWO_D,512,512,2,1,1,2,13.358,2.598,0.003,86.98,1.785,0.187
Hawaii,LUDecomposition,TWO_D,512,512,2,2,1,2,11.911,2.109,0.001,71.057,1.809,0.194
Hawaii,LUDecomposition,TWO_D,512,512,2,4,1,2,10.553,2.144,0.002,66.659,1.789,0.205
Hawaii,LUDecomposition,TWO_D,512,512,2,8,1,2,9.52,2.125,0.002,78.638,2.183,0.22
Hawaii,LUDecomposition,TWO_D,512,512,2,16,1,2,11.333,2.1,0.002,69.693,2.242,0.231
Hawaii,LUDecomposition,TWO_D,512,512,2,32,1,2,13.376,2.24,0.003,79.139,2.196,0.224
Hawaii,LUDecomposition,TWO_D,512,512,2,64,1,2,13.371,2.606,0.003,81.871,2.181,0.219
Hawaii,LUDecomposition,TWO_D,512,512,2,128,1,2,13.398,2.599,0.003,81.615,2.188,0.22
Hawaii,LUDecomposition,TWO_D,512,512,4,1,1,2,13.376,2.6,0.003,72.647,1.804,0.19
Hawaii,LUDecomposition,TWO_D,512,512,4,2,1,2,13.384,2.16,0.001,66.503,1.808,0.198
Hawaii,LUDecomposition,TWO_D,512,512,4,4,1,2,12.427,2.118,0.002,69.255,2.233,0.231
Hawaii,LUDecomposition,TWO_D,512,512,4,8,1,2,13.382,2.515,0.003,80.323,2.203,0.222
Hawaii,LUDecomposition,TWO_D,512,512,4,16,1,2,13.396,2.607,0.003,81.515,2.198,0.222
Hawaii,LUDecomposition,TWO_D,512,512,4,32,1,2,13.4,2.598,0.003,82.065,2.211,0.234
Hawaii,LUDecomposition,TWO_D,512,512,4,64,1,2,13.372,2.642,0.003,81.079,2.186,0.226
Hawaii,LUDecomposition,TWO_D,512,512,8,1,1,2,13.381,2.614,0.003,80.242,2.198,0.222
Hawaii,LUDecomposition,TWO_D,512,512,8,2,1,2,13.382,2.604,0.003,80.29,2.217,0.229
Hawaii,LUDecomposition,TWO_D,512,512,8,4,1,2,13.394,2.653,0.002,80.858,2.195,0.224
Hawaii,LUDecomposition,TWO_D,512,512,8,8,1,2,11.561,2.112,0.002,64.285,2.24,0.225
Hawaii,LUDecomposition,TWO_D,512,512,8,16,1,2,11.34,2.112,0.003,69.402,2.244,0.246
Hawaii,LUDecomposition,TWO_D,512,512,8,32,1,2,12.616,2.517,0.002,81.508,2.196,0.232
Hawaii,LUDecomposition,TWO_D,512,512,16,1,1,2,13.401,2.601,0.003,80.022,2.2,0.222
Hawaii,LUDecomposition,TWO_D,512,512,16,2,1,2,13.418,2.603,0.004,80.482,2.205,0.224
Hawaii,LUDecomposition,TWO_D,512,512,16,4,1,2,13.382,2.602,0.003,80.977,2.21,0.235
Hawaii,LUDecomposition,TWO_D,512,512,16,8,1,2,13.414,2.601,0.002,81.999,2.193,0.224
Hawaii,LUDecomposition,TWO_D,512,512,16,16,1,2,13.382,2.606,0.003,81.657,2.186,0.223
Hawaii,LUDecomposition,TWO_D,512,512,32,1,1,2,13.424,2.595,0.002,80.63,2.204,0.226
Hawaii,LUDecomposition,TWO_D,512,512,32,2,1,2,13.38,2.604,0.003,81.603,2.193,0.226
Hawaii,LUDecomposition,TWO_D,512,512,32,4,1,2,13.418,2.601,0.004,82.115,2.207,0.224
Hawaii,LUDecomposition,TWO_D,512,512,32,8,1,2,13.384,2.604,0.002,81.771,2.199,0.223
Hawaii,LUDecomposition,TWO_D,512,512,64,1,1,2,13.441,2.613,0.003,80.509,2.193,0.224
Hawaii,LUDecomposition,TWO_D,512,512,64,2,1,2,13.396,2.606,0.005,82.516,2.202,0.225
Hawaii,LUDecomposition,TWO_D,512,512,64,4,1,2,13.421,2.612,0.002,82.23,2.204,0.234
Hawaii,LUDecomposition,TWO_D,512,512,128,1,1,2,13.399,2.601,0.002,81.241,2.185,0.225
Hawaii,LUDecomposition,TWO_D,512,512,128,2,1,2,13.414,2.603,0.002,81.586,2.198,0.223
Hawaii,LUDecomposition,TWO_D,512,512,256,1,1,2,13.412,2.599,0.002,80.979,2.206,0.224
Hawaii,LUDecomposition,TWO_D,512,512,1,1,1,2,5.071,1.958,0.001,109.718,1.77,0.196
Hawaii,LUDecomposition,TWO_D,512,512,1,2,1,2,12.223,1.966,0.001,83.941,1.751,0.158
Hawaii,LUDecomposition,TWO_D,512,512,1,4,1,2,12.182,1.968,0.001,69.803,1.739,0.156
Hawaii,LUDecomposition,TWO_D,512,512,1,8,1,2,13.359,2.012,0.001,66.363,1.776,0.125
Hawaii,LUDecomposition,TWO_D,512,512,1,16,1,2,6.765,2.101,0.001,70.648,2.241,0.259
Hawaii,LUDecomposition,TWO_D,512,512,1,32,1,2,11.666,2.116,0.002,67.109,2.201,0.231
Hawaii,LUDecomposition,TWO_D,512,512,1,64,1,2,13.373,2.455,0.002,79.761,2.189,0.224
Hawaii,LUDecomposition,TWO_D,512,512,1,128,1,2,13.365,2.601,0.002,81.061,2.174,0.223
Hawaii,LUDecomposition,TWO_D,512,512,1,256,1,2,13.374,2.6,0.003,81.33,2.176,0.221
Hawaii,LUDecomposition,TWO_D,512,512,2,1,1,2,11.396,2.094,0.005,84.757,1.786,0.191
Hawaii,LUDecomposition,TWO_D,512,512,2,2,1,2,11.274,2.097,0.002,74.081,2.194,0.235
Hawaii,LUDecomposition,TWO_D,512,512,2,4,1,2,11.334,2.109,0.002,73.507,2.232,0.258
Hawaii,LUDecomposition,TWO_D,512,512,2,8,1,2,11.595,2.116,0.003,63.367,2.242,0.228
Hawaii,LUDecomposition,TWO_D,512,512,2,16,1,2,11.825,2.123,0.003,70.03,2.225,0.237
Hawaii,LUDecomposition,TWO_D,512,512,2,32,1,2,13.366,2.273,0.002,66.628,2.235,0.25
Hawaii,LUDecomposition,TWO_D,512,512,2,64,1,2,13.386,2.604,0.002,82.398,2.19,0.225
Hawaii,LUDecomposition,TWO_D,512,512,2,128,1,2,13.388,2.599,0.003,81.279,2.173,0.224
Hawaii,LUDecomposition,TWO_D,512,512,4,1,1,2,13.389,2.605,0.003,73.64,1.771,0.21
Hawaii,LUDecomposition,TWO_D,512,512,4,2,1,2,13.395,2.147,0.002,67.347,1.784,0.206
Hawaii,LUDecomposition,TWO_D,512,512,4,4,1,2,12.69,2.099,0.003,69.838,2.232,0.246
Hawaii,LUDecomposition,TWO_D,512,512,4,8,1,2,13.379,2.504,0.002,81.193,2.165,0.226
Hawaii,LUDecomposition,TWO_D,512,512,4,16,1,2,13.401,2.594,0.002,80.199,2.176,0.227
Hawaii,LUDecomposition,TWO_D,512,512,4,32,1,2,13.26,2.614,0.002,81.614,2.182,0.236
Hawaii,LUDecomposition,TWO_D,512,512,4,64,1,2,13.366,2.596,0.004,81.386,2.187,0.225
Hawaii,LUDecomposition,TWO_D,512,512,8,1,1,2,13.38,2.618,0.002,67.074,1.773,0.207
Hawaii,LUDecomposition,TWO_D,512,512,8,2,1,2,12.688,2.114,0.001,69.435,2.21,0.238
Hawaii,LUDecomposition,TWO_D,512,512,8,4,1,2,13.391,2.496,0.002,79.908,2.188,0.236
Hawaii,LUDecomposition,TWO_D,512,512,8,8,1,2,13.389,2.614,0.003,80.156,2.172,0.228
Hawaii,LUDecomposition,TWO_D,512,512,8,16,1,2,13.394,2.605,0.005,81.079,2.148,0.137
Hawaii,LUDecomposition,TWO_D,512,512,8,32,1,2,6.676,2.112,0.004,69.781,2.237,0.246
Hawaii,LUDecomposition,TWO_D,512,512,16,1,1,2,13.389,2.492,0.003,79.891,2.177,0.228
Hawaii,LUDecomposition,TWO_D,512,512,16,2,1,2,11.601,2.087,0.003,61.969,2.279,0.225
Hawaii,LUDecomposition,TWO_D,512,512,16,4,1,2,12.52,2.107,0.002,71,2.218,0.234
Hawaii,LUDecomposition,TWO_D,512,512,16,8,1,2,13.491,2.158,0.003,70.327,2.218,0.238
Hawaii,LUDecomposition,TWO_D,512,512,16,16,1,2,13.401,2.514,0.002,81.403,2.174,0.226
Hawaii,LUDecomposition,TWO_D,512,512,32,1,1,2,13.397,2.6,0.003,80.066,2.176,0.233
Hawaii,LUDecomposition,TWO_D,512,512,32,2,1,2,13.413,2.6,0.003,80.936,2.169,0.228
Hawaii,LUDecomposition,TWO_D,512,512,32,4,1,2,13.396,2.603,0.003,82.687,2.174,0.226
Hawaii,LUDecomposition,TWO_D,512,512,32,8,1,2,13.405,2.603,0.002,81.626,2.174,0.225
Hawaii,LUDecomposition,TWO_D,512,512,64,1,1,2,13.397,2.601,0.002,80.635,2.178,0.228
Hawaii,LUDecomposition,TWO_D,512,512,64,2,1,2,13.381,2.598,0.003,81.975,2.199,0.235
Hawaii,LUDecomposition,TWO_D,512,512,64,4,1,2,13.406,2.607,0.004,84.715,2.18,0.227
Hawaii,LUDecomposition,TWO_D,512,512,128,1,1,2,13.408,2.244,0.004,70.547,2.23,0.247
Hawaii,LUDecomposition,TWO_D,512,512,128,2,1,2,13.445,2.476,0.002,81.824,2.18,0.233
Hawaii,LUDecomposition,TWO_D,512,512,256,1,1,2,13.395,2.6,0.003,81.889,2.177,0.229
Hawaii,LUDecomposition,TWO_D,512,512,1,1,1,2,4.999,2.15,0.002,118.479,2.206,0.251
Hawaii,LUDecomposition,TWO_D,512,512,1,2,1,2,13.364,2.594,0.003,85.555,1.794,0.172
Hawaii,LUDecomposition,TWO_D,512,512,1,4,1,2,12.509,1.966,0.001,71.523,1.797,0.21
Hawaii,LUDecomposition,TWO_D,512,512,1,8,1,2,13.359,2.184,0.001,74.121,2.235,0.248
Hawaii,LUDecomposition,TWO_D,512,512,1,16,1,2,12.592,2.108,0.003,62.27,1.833,0.226
Hawaii,LUDecomposition,TWO_D,512,512,1,32,1,2,13.072,2.147,0.002,70.327,2.256,0.236
Hawaii,LUDecomposition,TWO_D,512,512,1,64,1,2,13.394,2.498,0.002,81.252,2.188,0.231
Hawaii,LUDecomposition,TWO_D,512,512,1,128,1,2,13.379,2.599,0.004,82.859,2.184,0.24
Hawaii,LUDecomposition,TWO_D,512,512,1,256,1,2,13.368,2.294,0.002,71.624,2.277,0.256
Hawaii,LUDecomposition,TWO_D,512,512,2,1,1,2,13.356,2.385,0.002,83.81,1.842,0.202
Hawaii,LUDecomposition,TWO_D,512,512,2,2,1,2,11.161,2.104,0.002,72.618,1.822,0.205
Hawaii,LUDecomposition,TWO_D,512,512,2,4,1,2,8.929,2.127,0.002,67.709,1.81,0.203
Hawaii,LUDecomposition,TWO_D,512,512,2,8,1,2,13.354,2.18,0.002,73.095,2.181,0.232
Hawaii,LUDecomposition,TWO_D,512,512,2,16,1,2,12.999,2.091,0.003,63.721,1.796,0.202
Hawaii,LUDecomposition,TWO_D,512,512,2,32,1,2,12.585,2.114,0.001,71.01,2.246,0.243
Hawaii,LUDecomposition,TWO_D,512,512,2,64,1,2,13.366,2.233,0.005,71.365,2.235,0.245
Hawaii,LUDecomposition,TWO_D,512,512,2,128,1,2,13.366,2.393,0.003,67.173,2.238,0.234
Hawaii,LUDecomposition,TWO_D,512,512,4,1,1,2,10.65,2.142,0.004,71.268,1.804,0.203
Hawaii,LUDecomposition,TWO_D,512,512,4,2,1,2,13.009,2.116,0.003,73.859,2.241,0.244
Hawaii,LUDecomposition,TWO_D,512,512,4,4,1,2,12.304,2.092,0.003,63.903,2.216,0.234
Hawaii,LUDecomposition,TWO_D,512,512,4,8,1,2,11.872,2.105,0.003,71.442,2.227,0.239
Hawaii,LUDecomposition,TWO_D,512,512,4,16,1,2,12.922,2.118,0.003,67.654,2.241,0.235
Hawaii,LUDecomposition,TWO_D,512,512,4,32,1,2,13.369,2.437,0.002,82.27,2.222,0.235
Hawaii,LUDecomposition,TWO_D,512,512,4,64,1,2,13.355,2.611,0.004,82.419,2.217,0.244
Hawaii,LUDecomposition,TWO_D,512,512,8,1,1,2,13.358,2.601,0.004,66.969,1.815,0.22
Hawaii,LUDecomposition,TWO_D,512,512,8,2,1,2,12.125,2.126,0.001,69.995,2.232,0.245
Hawaii,LUDecomposition,TWO_D,512,512,8,4,1,2,13.412,2.383,0.002,57.825,1.809,0.218
Hawaii,LUDecomposition,TWO_D,512,512,8,8,1,2,10.931,2.107,0.002,59.724,1.802,0.203
Hawaii,LUDecomposition,TWO_D,512,512,8,16,1,2,13.364,2.139,0.001,66.691,2.24,0.248
Hawaii,LUDecomposition,TWO_D,512,512,8,32,1,2,13.376,2.433,0.003,82.403,2.191,0.232
Hawaii,LUDecomposition,TWO_D,512,512,16,1,1,2,13.386,2.597,0.003,81.597,2.202,0.232
Hawaii,LUDecomposition,TWO_D,512,512,16,2,1,2,13.361,2.597,0.002,81.351,2.197,0.233
Hawaii,LUDecomposition,TWO_D,512,512,16,4,1,2,13.37,2.602,0.003,81.285,2.209,0.238
Hawaii,LUDecomposition,TWO_D,512,512,16,8,1,2,13.361,2.61,0.003,82.094,2.194,0.229
Hawaii,LUDecomposition,TWO_D,512,512,16,16,1,2,13.363,2.594,0.003,82.624,2.181,0.233
Hawaii,LUDecomposition,TWO_D,512,512,32,1,1,2,13.368,2.597,0.003,80.532,2.203,0.231
Hawaii,LUDecomposition,TWO_D,512,512,32,2,1,2,13.364,2.595,0.003,81.122,2.204,0.23
Hawaii,LUDecomposition,TWO_D,512,512,32,4,1,2,13.384,2.594,0.003,82.281,2.192,0.235
Hawaii,LUDecomposition,TWO_D,512,512,32,8,1,2,13.381,2.598,0.002,82.653,2.207,0.243
Hawaii,LUDecomposition,TWO_D,512,512,64,1,1,2,13.388,2.609,0.002,81.373,2.197,0.231
Hawaii,LUDecomposition,TWO_D,512,512,64,2,1,2,13.407,2.597,0.003,82.769,2.218,0.243
Hawaii,LUDecomposition,TWO_D,512,512,64,4,1,2,13.363,2.597,0.003,82.326,2.195,0.232
Hawaii,LUDecomposition,TWO_D,512,512,128,1,1,2,13.377,2.602,0.003,81.739,2.207,0.245
Hawaii,LUDecomposition,TWO_D,512,512,128,2,1,2,13.376,2.619,0.003,82.024,2.197,0.233
Hawaii,LUDecomposition,TWO_D,512,512,256,1,1,2,13.375,2.546,0.002,66.808,2.246,0.239
Hawaii,LUDecomposition,TWO_D,512,512,1,1,1,2,5.001,2.643,0.002,117.302,1.599,0.481
Hawaii,LUDecomposition,TWO_D,512,512,1,2,1,2,13.35,2.666,0.002,91.048,1.723,0.421
Hawaii,LUDecomposition,TWO_D,512,512,1,4,1,2,13.335,2.655,0.003,79.346,1.734,0.442
Hawaii,LUDecomposition,TWO_D,512,512,1,8,1,2,13.337,2.656,0.002,76.743,1.732,0.44
Hawaii,LUDecomposition,TWO_D,512,512,1,16,1,2,13.353,2.477,0.003,76.962,1.741,0.44
Hawaii,LUDecomposition,TWO_D,512,512,1,32,1,2,13.356,2.658,0.002,76.421,1.748,0.43
Hawaii,LUDecomposition,TWO_D,512,512,1,64,1,2,13.36,2.597,0.001,79.289,1.751,0.446
Hawaii,LUDecomposition,TWO_D,512,512,1,128,1,2,13.373,2.657,0.003,79.831,1.769,0.448
Hawaii,LUDecomposition,TWO_D,512,512,1,256,1,2,13.348,2.663,0.002,79.739,1.73,0.457
Hawaii,LUDecomposition,TWO_D,512,512,2,1,1,2,12.064,2.335,0.002,90.627,1.73,0.444
Hawaii,LUDecomposition,TWO_D,512,512,2,2,1,2,13.338,2.449,0.002,81.111,1.745,0.457
Hawaii,LUDecomposition,TWO_D,512,512,2,4,1,2,13.345,2.641,0.003,77.91,1.743,0.45
Hawaii,LUDecomposition,TWO_D,512,512,2,8,1,2,13.363,2.659,0.003,77.273,1.729,0.462
Hawaii,LUDecomposition,TWO_D,512,512,2,16,1,2,13.088,2.329,0.002,78.689,1.75,0.465
Hawaii,LUDecomposition,TWO_D,512,512,2,32,1,2,13.352,2.66,0.002,77.658,1.74,0.456
Hawaii,LUDecomposition,TWO_D,512,512,2,64,1,2,11.982,2.33,0.002,80.696,1.734,0.463
Hawaii,LUDecomposition,TWO_D,512,512,2,128,1,2,13.373,2.334,0.002,80.734,1.749,0.471
Hawaii,LUDecomposition,TWO_D,512,512,4,1,1,2,13.373,2.691,0.002,82.292,1.734,0.469
Hawaii,LUDecomposition,TWO_D,512,512,4,2,1,2,13.358,2.563,0.002,77.919,1.743,0.477
Hawaii,LUDecomposition,TWO_D,512,512,4,4,1,2,13.358,2.658,0.003,75.748,1.743,0.484
Hawaii,LUDecomposition,TWO_D,512,512,4,8,1,2,13.368,2.553,0.002,77.783,1.749,0.47
Hawaii,LUDecomposition,TWO_D,512,512,4,16,1,2,13.371,2.649,0.002,77.496,1.738,0.465
Hawaii,LUDecomposition,TWO_D,512,512,4,32,1,2,12.883,2.331,0.002,82.175,1.731,0.478
Hawaii,LUDecomposition,TWO_D,512,512,4,64,1,2,13.088,2.339,0.002,80.646,1.731,0.472
Hawaii,LUDecomposition,TWO_D,512,512,8,1,1,2,13.387,2.648,0.002,76.871,1.743,0.477
Hawaii,LUDecomposition,TWO_D,512,512,8,2,1,2,11.351,2.338,0.002,76.777,1.738,0.489
Hawaii,LUDecomposition,TWO_D,512,512,8,4,1,2,13.358,2.655,0.002,76.005,1.733,0.482
Hawaii,LUDecomposition,TWO_D,512,512,8,8,1,2,12.889,2.242,0.002,77.771,1.744,0.487
Hawaii,LUDecomposition,TWO_D,512,512,8,16,1,2,13.385,2.572,0.003,78.257,1.734,0.498
Hawaii,LUDecomposition,TWO_D,512,512,8,32,1,2,12.068,2.335,0.002,80.227,1.736,0.505
Hawaii,LUDecomposition,TWO_D,512,512,16,1,1,2,13.36,2.505,0.002,77.896,1.746,0.51
Hawaii,LUDecomposition,TWO_D,512,512,16,2,1,2,13.362,2.66,0.002,76.391,1.736,0.497
Hawaii,LUDecomposition,TWO_D,512,512,16,4,1,2,13.271,2.338,0.002,79.193,1.744,0.498
Hawaii,LUDecomposition,TWO_D,512,512,16,8,1,2,13.374,2.659,0.002,79.043,1.747,0.506
Hawaii,LUDecomposition,TWO_D,512,512,16,16,1,2,13.37,2.657,0.001,79.233,1.737,0.493
Hawaii,LUDecomposition,TWO_D,512,512,32,1,1,2,12.327,2.334,0.002,77.602,1.737,0.499
Hawaii,LUDecomposition,TWO_D,512,512,32,2,1,2,13.364,2.657,0.003,76.785,1.728,0.506
Hawaii,LUDecomposition,TWO_D,512,512,32,4,1,2,12.537,2.336,0.002,79.493,1.74,0.494
Hawaii,LUDecomposition,TWO_D,512,512,32,8,1,2,13.378,2.661,0.002,79.097,1.742,0.514
Hawaii,LUDecomposition,TWO_D,512,512,64,1,1,2,13.374,2.666,0.002,77.499,1.743,0.507
Hawaii,LUDecomposition,TWO_D,512,512,64,2,1,2,12.62,2.345,0.002,79.926,1.733,0.506
Hawaii,LUDecomposition,TWO_D,512,512,64,4,1,2,13.355,2.67,0.003,81.283,1.744,0.502
Hawaii,LUDecomposition,TWO_D,512,512,128,1,1,2,13.368,2.664,0.002,78.655,1.744,0.502
Hawaii,LUDecomposition,TWO_D,512,512,128,2,1,2,13.364,2.679,0.003,79.755,1.731,0.495
Hawaii,LUDecomposition,TWO_D,512,512,256,1,1,2,11.766,2.334,0.001,78.724,1.731,0.498
Hawaii,LUDecomposition,TWO_D,512,512,1,1,1,2,4.998,2.027,0.002,117.729,2.217,0.244
Hawaii,LUDecomposition,TWO_D,512,512,1,2,1,2,13.346,2.584,0.004,86.629,1.787,0.152
Hawaii,LUDecomposition,TWO_D,512,512,1,4,1,2,13.328,1.961,0.001,71.448,1.829,0.189
Hawaii,LUDecomposition,TWO_D,512,512,1,8,1,2,8.951,2.124,0.002,78.11,2.205,0.229
Hawaii,LUDecomposition,TWO_D,512,512,1,16,1,2,13.136,2.1,0.004,69.928,2.227,0.229
Hawaii,LUDecomposition,TWO_D,512,512,1,32,1,2,13.348,2.504,0.002,80.561,2.201,0.221
Hawaii,LUDecomposition,TWO_D,512,512,1,64,1,2,13.347,2.602,0.002,79.65,2.195,0.215
Hawaii,LUDecomposition,TWO_D,512,512,1,128,1,2,13.347,2.593,0.002,81.562,2.219,0.218
Hawaii,LUDecomposition,TWO_D,512,512,1,256,1,2,13.351,2.611,0.004,80.838,2.182,0.215
Hawaii,LUDecomposition,TWO_D,512,512,2,1,1,2,11.283,2.103,0.002,84.662,1.749,0.111
Hawaii,LUDecomposition,TWO_D,512,512,2,2,1,2,6.668,2.112,0.001,73.072,1.804,0.186
Hawaii,LUDecomposition,TWO_D,512,512,2,4,1,2,9.402,2.096,0.002,70.947,2.026,0.2
Hawaii,LUDecomposition,TWO_D,512,512,2,8,1,2,12.059,2.12,0.003,62.988,1.807,0.186
Hawaii,LUDecomposition,TWO_D,512,512,2,16,1,2,12.471,2.104,0.001,64.731,2.229,0.231
Hawaii,LUDecomposition,TWO_D,512,512,2,32,1,2,11.591,2.106,0.005,64.105,2.229,0.22
Hawaii,LUDecomposition,TWO_D,512,512,2,64,1,2,11.445,2.112,0.005,69.072,2.256,0.231
Hawaii,LUDecomposition,TWO_D,512,512,2,128,1,2,13.368,2.46,0.004,65.895,2.237,0.225
Hawaii,LUDecomposition,TWO_D,512,512,4,1,1,2,11.772,2.13,0.002,70.944,1.806,0.193
Hawaii,LUDecomposition,TWO_D,512,512,4,2,1,2,13.353,2.117,0.002,70.315,2.284,0.239
Hawaii,LUDecomposition,TWO_D,512,512,4,4,1,2,13.358,2.513,0.003,79.692,2.201,0.226
Hawaii,LUDecomposition,TWO_D,512,512,4,8,1,2,13.354,2.606,0.002,79.193,2.194,0.222
Hawaii,LUDecomposition,TWO_D,512,512,4,16,1,2,11.393,2.089,0.002,70.428,2.247,0.236
Hawaii,LUDecomposition,TWO_D,512,512,4,32,1,2,13.189,2.116,0.003,68.48,2.313,0.233
Hawaii,LUDecomposition,TWO_D,512,512,4,64,1,2,13.371,2.438,0.004,81.535,2.205,0.228
Hawaii,LUDecomposition,TWO_D,512,512,8,1,1,2,13.348,2.594,0.002,66.861,1.808,0.208
Hawaii,LUDecomposition,TWO_D,512,512,8,2,1,2,12.692,2.117,0.002,65.293,2.253,0.234
Hawaii,LUDecomposition,TWO_D,512,512,8,4,1,2,11.395,2.103,0.003,62.844,1.819,0.198
Hawaii,LUDecomposition,TWO_D,512,512,8,8,1,2,12.202,2.12,0.003,69.596,2.231,0.228
Hawaii,LUDecomposition,TWO_D,512,512,8,16,1,2,13.353,2.558,0.002,69.911,2.256,0.23
Hawaii,LUDecomposition,TWO_D,512,512,8,32,1,2,13.383,2.494,0.002,82.097,2.201,0.229
Hawaii,LUDecomposition,TWO_D,512,512,16,1,1,2,13.384,2.602,0.002,79.181,2.193,0.22
Hawaii,LUDecomposition,TWO_D,512,512,16,2,1,2,13.368,2.606,0.002,80.216,2.19,0.223
Hawaii,LUDecomposition,TWO_D,512,512,16,4,1,2,11.53,2.087,0.003,70.764,2.255,0.232
Hawaii,LUDecomposition,TWO_D,512,512,16,8,1,2,13.095,2.115,0.004,69.67,2.261,0.228
Hawaii,LUDecomposition,TWO_D,512,512,16,16,1,2,12.734,2.476,0.003,81.57,2.208,0.22
Hawaii,LUDecomposition,TWO_D,512,512,32,1,1,2,13.351,2.639,0.004,79.695,2.206,0.23
Hawaii,LUDecomposition,TWO_D,512,512,32,2,1,2,13.392,2.609,0.002,79.999,2.18,0.22
Hawaii,LUDecomposition,TWO_D,512,512,32,4,1,2,11.491,2.09,0.003,68.757,2.239,0.232
Hawaii,LUDecomposition,TWO_D,512,512,32,8,1,2,13.358,2.508,0.003,80.793,2.188,0.222
Hawaii,LUDecomposition,TWO_D,512,512,64,1,1,2,13.445,2.602,0.002,80.693,2.193,0.22
Hawaii,LUDecomposition,TWO_D,512,512,64,2,1,2,13.382,2.599,0.003,81.525,2.198,0.22
Hawaii,LUDecomposition,TWO_D,512,512,64,4,1,2,13.352,2.597,0.002,81.276,2.199,0.229
Hawaii,LUDecomposition,TWO_D,512,512,128,1,1,2,13.364,2.592,0.004,81.015,2.193,0.223
Hawaii,LUDecomposition,TWO_D,512,512,128,2,1,2,13.365,2.613,0.003,81.684,2.193,0.219
Hawaii,LUDecomposition,TWO_D,512,512,256,1,1,2,13.395,2.595,0.003,82.185,2.198,0.222
Hawaii,LUDecomposition,TWO_D,512,512,1,1,1,2,5.004,2.664,0.003,117.279,1.336,0.475
Hawaii,LUDecomposition,TWO_D,512,512,1,2,1,2,13.346,2.406,0.002,89.744,1.729,0.42
Hawaii,LUDecomposition,TWO_D,512,512,1,4,1,2,13.389,2.677,0.002,78.68,1.721,0.412
Hawaii,LUDecomposition,TWO_D,512,512,1,8,1,2,10.688,2.247,0.001,76.591,1.731,0.407
Hawaii,LUDecomposition,TWO_D,512,512,1,16,1,2,13.331,2.651,0.002,76.609,1.73,0.42
Hawaii,LUDecomposition,TWO_D,512,512,1,32,1,2,12.923,2.255,0.003,76.497,1.734,0.426
Hawaii,LUDecomposition,TWO_D,512,512,1,64,1,2,13.343,2.657,0.002,76.148,1.737,0.424
Hawaii,LUDecomposition,TWO_D,512,512,1,128,1,2,13.352,2.654,0.002,79.561,1.746,0.438
Hawaii,LUDecomposition,TWO_D,512,512,1,256,1,2,13.355,2.663,0.001,79.785,1.747,0.431
Hawaii,LUDecomposition,TWO_D,512,512,2,1,1,2,13.353,2.658,0.002,88.755,1.725,0.441
Hawaii,LUDecomposition,TWO_D,512,512,2,2,1,2,12.561,2.331,0.002,80.138,1.734,0.424
Hawaii,LUDecomposition,TWO_D,512,512,2,4,1,2,13.364,2.665,0.002,76.835,1.736,0.43
Hawaii,LUDecomposition,TWO_D,512,512,2,8,1,2,11.448,2.251,0.002,77.854,1.737,0.45
Hawaii,LUDecomposition,TWO_D,512,512,2,16,1,2,13.344,2.581,0.001,76.661,1.732,0.443
Hawaii,LUDecomposition,TWO_D,512,512,2,32,1,2,12.197,2.332,0.002,76.738,1.746,0.44
Hawaii,LUDecomposition,TWO_D,512,512,2,64,1,2,13.337,2.659,0.002,79.321,1.734,0.457
Hawaii,LUDecomposition,TWO_D,512,512,2,128,1,2,11.673,2.333,0.003,79.149,1.751,0.449
Hawaii,LUDecomposition,TWO_D,512,512,4,1,1,2,13.377,2.676,0.002,79.576,1.745,0.458
Hawaii,LUDecomposition,TWO_D,512,512,4,2,1,2,13.364,2.654,0.002,75.845,1.736,0.454
Hawaii,LUDecomposition,TWO_D,512,512,4,4,1,2,13.041,2.338,0.002,76.008,1.73,0.46
Hawaii,LUDecomposition,TWO_D,512,512,4,8,1,2,11.26,2.338,0.001,76.063,1.748,0.443
Hawaii,LUDecomposition,TWO_D,512,512,4,16,1,2,13.369,2.662,0.002,76.733,1.744,0.446
Hawaii,LUDecomposition,TWO_D,512,512,4,32,1,2,12.83,2.339,0.002,81.216,1.744,0.462
Hawaii,LUDecomposition,TWO_D,512,512,4,64,1,2,13.376,2.481,0.002,78.508,1.754,0.452
Hawaii,LUDecomposition,TWO_D,512,512,8,1,1,2,13.362,2.652,0.001,74.868,1.743,0.464
Hawaii,LUDecomposition,TWO_D,512,512,8,2,1,2,13.357,2.535,0.002,76.126,1.73,0.478
Hawaii,LUDecomposition,TWO_D,512,512,8,4,1,2,11.545,2.335,0.002,77.166,1.753,0.467
Hawaii,LUDecomposition,TWO_D,512,512,8,8,1,2,13.354,2.66,0.003,77.598,1.736,0.473
Hawaii,LUDecomposition,TWO_D,512,512,8,16,1,2,11.995,2.333,0.002,80.859,1.737,0.464
Hawaii,LUDecomposition,TWO_D,512,512,8,32,1,2,13.292,2.332,0.002,78.96,1.739,0.47
Hawaii,LUDecomposition,TWO_D,512,512,16,1,1,2,13.355,2.647,0.001,76.46,1.748,0.472
Hawaii,LUDecomposition,TWO_D,512,512,16,2,1,2,12.544,2.342,0.002,76.669,1.743,0.473
Hawaii,LUDecomposition,TWO_D,512,512,16,4,1,2,13.363,2.68,0.001,77.003,1.736,0.473
Hawaii,LUDecomposition,TWO_D,512,512,16,8,1,2,13.015,2.249,0.002,78.334,1.742,0.49
Hawaii,LUDecomposition,TWO_D,512,512,16,16,1,2,13.378,2.577,0.002,79.042,1.745,0.476
Hawaii,LUDecomposition,TWO_D,512,512,32,1,1,2,11.474,2.332,0.002,76.053,1.747,0.487
Hawaii,LUDecomposition,TWO_D,512,512,32,2,1,2,13.36,2.661,0.002,76.484,1.734,0.495
Hawaii,LUDecomposition,TWO_D,512,512,32,4,1,2,13.04,2.34,0.002,78.937,1.746,0.482
Hawaii,LUDecomposition,TWO_D,512,512,32,8,1,2,13.356,2.658,0.002,78.605,1.737,0.482
Hawaii,LUDecomposition,TWO_D,512,512,64,1,1,2,11.342,2.33,0.002,77.507,1.752,0.482
Hawaii,LUDecomposition,TWO_D,512,512,64,2,1,2,13.38,2.654,0.002,78.024,1.74,0.482
Hawaii,LUDecomposition,TWO_D,512,512,64,4,1,2,11.481,2.326,0.002,78.496,1.744,0.498
Hawaii,LUDecomposition,TWO_D,512,512,128,1,1,2,13.376,2.658,0.002,77.51,1.734,0.49
Hawaii,LUDecomposition,TWO_D,512,512,128,2,1,2,11.307,2.338,0.002,79.994,1.735,0.488
Hawaii,LUDecomposition,TWO_D,512,512,256,1,1,2,13.363,2.348,0.002,78.869,1.754,0.485
Hawaii,LUDecomposition,TWO_D,512,512,1,1,1,2,5,2.211,0.002,107.529,1.822,0.236
Hawaii,LUDecomposition,TWO_D,512,512,1,2,1,2,9.056,2.039,0.001,79.241,1.794,0.204
Hawaii,LUDecomposition,TWO_D,512,512,1,4,1,2,13.364,2.298,0,63.521,1.758,0.205
Hawaii,LUDecomposition,TWO_D,512,512,1,8,1,2,13.048,2.031,0.002,56.871,1.81,0.195
Hawaii,LUDecomposition,TWO_D,512,512,1,16,1,2,10.607,2.024,0.001,55.947,1.805,0.222
Hawaii,LUDecomposition,TWO_D,512,512,1,32,1,2,10.808,2.129,0.001,56.241,1.803,0.235
Hawaii,LUDecomposition,TWO_D,512,512,1,64,1,2,10.207,2.135,0.002,55.805,1.807,0.233
Hawaii,LUDecomposition,TWO_D,512,512,1,128,1,2,10.097,2.161,0.001,55.508,1.789,0.253
Hawaii,LUDecomposition,TWO_D,512,512,1,256,1,2,10.204,2.135,0.002,54.628,1.796,0.248
Hawaii,LUDecomposition,TWO_D,512,512,2,1,1,2,10.693,2.14,0.002,80.84,1.811,0.231
Hawaii,LUDecomposition,TWO_D,512,512,2,2,1,2,12.82,2.146,0.002,66.808,1.805,0.234
Hawaii,LUDecomposition,TWO_D,512,512,2,4,1,2,10.897,2.133,0.002,59.673,1.811,0.235
Hawaii,LUDecomposition,TWO_D,512,512,2,8,1,2,13.35,2.229,0.002,56.691,1.813,0.241
Hawaii,LUDecomposition,TWO_D,512,512,2,16,1,2,11.339,2.199,0.001,55.993,1.801,0.23
Hawaii,LUDecomposition,TWO_D,512,512,2,32,1,2,10.562,2.158,0.001,55.954,1.796,0.244
Hawaii,LUDecomposition,TWO_D,512,512,2,64,1,2,10.202,2.145,0.001,54.971,1.799,0.237
Hawaii,LUDecomposition,TWO_D,512,512,2,128,1,2,13.368,2.572,0.001,54.024,1.812,0.243
Hawaii,LUDecomposition,TWO_D,512,512,4,1,1,2,13.36,2.584,0.001,67.756,1.824,0.269
Hawaii,LUDecomposition,TWO_D,512,512,4,2,1,2,11.593,2.175,0.002,59.539,1.802,0.233
Hawaii,LUDecomposition,TWO_D,512,512,4,4,1,2,8.924,2.134,0.001,57.663,1.797,0.236
Hawaii,LUDecomposition,TWO_D,512,512,4,8,1,2,13.393,2.173,0.002,56.443,1.794,0.25
Hawaii,LUDecomposition,TWO_D,512,512,4,16,1,2,11.514,2.151,0.003,55.989,1.826,0.141
Hawaii,LUDecomposition,TWO_D,512,512,4,32,1,2,10.656,2.139,0.001,55.222,1.793,0.253
Hawaii,LUDecomposition,TWO_D,512,512,4,64,1,2,10.654,2.126,0.002,56.466,1.809,0.24
Hawaii,LUDecomposition,TWO_D,512,512,8,1,1,2,10.004,2.133,0.001,59.339,1.803,0.247
Hawaii,LUDecomposition,TWO_D,512,512,8,2,1,2,13.246,2.156,0.001,56.645,1.81,0.248
Hawaii,LUDecomposition,TWO_D,512,512,8,4,1,2,11.174,2.192,0.001,56.053,1.796,0.245
Hawaii,LUDecomposition,TWO_D,512,512,8,8,1,2,10.446,2.135,0.001,55.772,1.825,0.243
Hawaii,LUDecomposition,TWO_D,512,512,8,16,1,2,10.221,2.135,0.001,54.549,1.818,0.243
Hawaii,LUDecomposition,TWO_D,512,512,8,32,1,2,10.736,2.125,0.003,55.791,1.812,0.246
Hawaii,LUDecomposition,TWO_D,512,512,16,1,1,2,13.356,2.57,0,57.669,1.809,0.249
Hawaii,LUDecomposition,TWO_D,512,512,16,2,1,2,12.52,2.152,0.001,55.501,1.822,0.24
Hawaii,LUDecomposition,TWO_D,512,512,16,4,1,2,11.405,2.141,0.001,55.861,1.794,0.25
Hawaii,LUDecomposition,TWO_D,512,512,16,8,1,2,10.684,2.132,0.002,54.999,1.803,0.242
Hawaii,LUDecomposition,TWO_D,512,512,16,16,1,2,10.755,2.15,0.001,54.74,1.803,0.242
Hawaii,LUDecomposition,TWO_D,512,512,32,1,1,2,10.912,2.163,0,51.47,1.801,0.264
Hawaii,LUDecomposition,TWO_D,512,512,32,2,1,2,12.452,2.145,0.001,56.083,1.812,0.288
Hawaii,LUDecomposition,TWO_D,512,512,32,4,1,2,11.048,2.165,0.001,55.576,1.795,0.299
Hawaii,LUDecomposition,TWO_D,512,512,32,8,1,2,10.569,2.179,0.001,55.371,1.784,0.252
Hawaii,LUDecomposition,TWO_D,512,512,64,1,1,2,10.501,2.152,0.001,55.747,1.797,0.267
Hawaii,LUDecomposition,TWO_D,512,512,64,2,1,2,10.25,2.134,0.001,54.377,1.816,0.24
Hawaii,LUDecomposition,TWO_D,512,512,64,4,1,2,10.85,2.137,0.002,54.288,1.791,0.253
Hawaii,LUDecomposition,TWO_D,512,512,128,1,1,2,11.183,2.136,0.001,54.214,1.808,0.245
Hawaii,LUDecomposition,TWO_D,512,512,128,2,1,2,11.386,2.133,0.001,55.119,1.794,0.243
Hawaii,LUDecomposition,TWO_D,512,512,256,1,1,2,11.045,2.14,0,53.432,1.775,0.279
Hawaii,LUDecomposition,TWO_D,512,512,1,1,1,2,5,2.711,0.004,117.311,1.421,0.475
Hawaii,LUDecomposition,TWO_D,512,512,1,2,1,2,13.342,2.577,0.002,90.067,1.731,0.415
Hawaii,LUDecomposition,TWO_D,512,512,1,4,1,2,13.345,2.667,0.002,78.987,1.757,0.381
Hawaii,LUDecomposition,TWO_D,512,512,1,8,1,2,13.36,2.653,0.002,75.107,1.736,0.418
Hawaii,LUDecomposition,TWO_D,512,512,1,16,1,2,13.369,2.659,0.002,75.895,1.745,0.41
Hawaii,LUDecomposition,TWO_D,512,512,1,32,1,2,12.234,2.259,0.002,76.792,1.741,0.419
Hawaii,LUDecomposition,TWO_D,512,512,1,64,1,2,13.354,2.668,0.002,77.424,1.752,0.423
Hawaii,LUDecomposition,TWO_D,512,512,1,128,1,2,12.912,2.379,0.002,78.811,1.745,0.425
Hawaii,LUDecomposition,TWO_D,512,512,1,256,1,2,13.36,2.667,0.002,78.422,1.74,0.428
Hawaii,LUDecomposition,TWO_D,512,512,2,1,1,2,11.45,2.337,0.002,89.651,1.746,0.433
Hawaii,LUDecomposition,TWO_D,512,512,2,2,1,2,13.346,2.531,0.002,79.813,1.759,0.439
Hawaii,LUDecomposition,TWO_D,512,512,2,4,1,2,13.352,2.666,0.002,69.976,1.384,0.453
Hawaii,LUDecomposition,TWO_D,512,512,2,8,1,2,10.753,2.285,0.002,75.776,1.773,0.441
Hawaii,LUDecomposition,TWO_D,512,512,2,16,1,2,13.351,2.678,0.002,76.456,1.745,0.452
Hawaii,LUDecomposition,TWO_D,512,512,2,32,1,2,12.898,2.378,0.003,77.343,1.746,0.446
Hawaii,LUDecomposition,TWO_D,512,512,2,64,1,2,13.384,2.67,0.002,77.903,1.737,0.445
Hawaii,LUDecomposition,TWO_D,512,512,2,128,1,2,12.399,2.33,0.002,79.621,1.749,0.463
Hawaii,LUDecomposition,TWO_D,512,512,4,1,1,2,13.359,2.671,0.002,79.056,1.755,0.452
Hawaii,LUDecomposition,TWO_D,512,512,4,2,1,2,13.361,2.66,0.002,76.194,1.741,0.453
Hawaii,LUDecomposition,TWO_D,512,512,4,4,1,2,13.242,2.341,0.002,77.506,1.754,0.475
Hawaii,LUDecomposition,TWO_D,512,512,4,8,1,2,13.364,2.665,0.002,77.529,1.743,0.481
Hawaii,LUDecomposition,TWO_D,512,512,4,16,1,2,12.684,2.332,0.002,77.736,1.743,0.469
Hawaii,LUDecomposition,TWO_D,512,512,4,32,1,2,13.365,2.667,0.002,78.563,1.75,0.456
Hawaii,LUDecomposition,TWO_D,512,512,4,64,1,2,11.779,2.342,0.002,77.88,1.776,0.466
Hawaii,LUDecomposition,TWO_D,512,512,8,1,1,2,13.369,2.591,0.002,75.739,1.796,0.462
Hawaii,LUDecomposition,TWO_D,512,512,8,2,1,2,12.672,2.342,0.002,77.092,1.754,0.473
Hawaii,LUDecomposition,TWO_D,512,512,8,4,1,2,13.369,2.671,0.002,76.008,1.748,0.481
Hawaii,LUDecomposition,TWO_D,512,512,8,8,1,2,13.351,2.348,0.002,78.415,1.762,0.494
Hawaii,LUDecomposition,TWO_D,512,512,8,16,1,2,13.373,2.669,0.002,77.545,1.746,0.493
Hawaii,LUDecomposition,TWO_D,512,512,8,32,1,2,12.238,2.34,0.002,79.731,1.753,0.483
Hawaii,LUDecomposition,TWO_D,512,512,16,1,1,2,13.358,2.668,0.002,77.001,1.746,0.491
Hawaii,LUDecomposition,TWO_D,512,512,16,2,1,2,11.314,2.333,0.002,76.514,1.755,0.493
Hawaii,LUDecomposition,TWO_D,512,512,16,4,1,2,13.38,2.662,0.002,78.126,1.736,0.481
Hawaii,LUDecomposition,TWO_D,512,512,16,8,1,2,11.903,2.364,0.003,79.639,1.74,0.488
Hawaii,LUDecomposition,TWO_D,512,512,16,16,1,2,13.364,2.598,0.002,77.617,1.752,0.493
Hawaii,LUDecomposition,TWO_D,512,512,32,1,1,2,13.391,2.661,0.002,77.591,1.739,0.49
Hawaii,LUDecomposition,TWO_D,512,512,32,2,1,2,12.977,2.325,0.003,76.465,1.758,0.481
Hawaii,LUDecomposition,TWO_D,512,512,32,4,1,2,13.37,2.682,0.001,80.064,1.736,0.475
Hawaii,LUDecomposition,TWO_D,512,512,32,8,1,2,11.776,2.34,0.002,77.89,1.756,0.498
Hawaii,LUDecomposition,TWO_D,512,512,64,1,1,2,13.372,2.67,0.002,75.727,1.767,0.493
Hawaii,LUDecomposition,TWO_D,512,512,64,2,1,2,12.632,2.34,0.002,78.57,1.752,0.477
Hawaii,LUDecomposition,TWO_D,512,512,64,4,1,2,13.373,2.661,0.001,78.369,1.74,0.49
Hawaii,LUDecomposition,TWO_D,512,512,128,1,1,2,11.403,2.339,0.002,79.248,1.749,0.495
Hawaii,LUDecomposition,TWO_D,512,512,128,2,1,2,13.358,2.582,0.002,78.861,1.756,0.486
Hawaii,LUDecomposition,TWO_D,512,512,256,1,1,2,13.368,2.66,0.003,79.313,1.827,0.49
