device/C,kernel/C,workDimension/C,width/F,height/F,steps/F,xLocal/I,yLocal/I,zLocal/I,MB/F,init/F,memoryCopyOut/F,plan/F,execute/F,memoryCopyIn/F,cleanUp/F
Intel Xeon CPU E5-2695 v2 @ 2.40GHz,MonteCarloAsian,TWO_D,573,1146,4,1,1,1,10.0198,229.286,0.1,0.006,356.619,0.005,2.032
Intel Xeon CPU E5-2695 v2 @ 2.40GHz,MonteCarloAsian,TWO_D,573,1146,4,1,2,1,10.0198,227.935,0.082,0.005,332.168,0.005,1.705
Intel Xeon CPU E5-2695 v2 @ 2.40GHz,MonteCarloAsian,TWO_D,573,1146,4,1,4,1,10.0198,227.873,0.086,0.005,-1,-1,-1
Intel Xeon CPU E5-2695 v2 @ 2.40GHz,MonteCarloAsian,TWO_D,573,1146,4,1,8,1,10.0198,227.952,0.095,0.004,-1,-1,-1
Intel Xeon CPU E5-2695 v2 @ 2.40GHz,MonteCarloAsian,TWO_D,573,1146,4,1,16,1,10.0198,228.249,0.092,0.006,-1,-1,-1
Intel Xeon CPU E5-2695 v2 @ 2.40GHz,MonteCarloAsian,TWO_D,573,1146,4,1,32,1,10.0198,228.571,0.094,0.005,-1,-1,-1
Intel Xeon CPU E5-2695 v2 @ 2.40GHz,MonteCarloAsian,TWO_D,573,1146,4,1,64,1,10.0198,229.029,0.092,0.006,-1,-1,-1
Intel Xeon CPU E5-2695 v2 @ 2.40GHz,MonteCarloAsian,TWO_D,573,1146,4,1,128,1,10.0198,228.002,0.093,0.004,-1,-1,-1
Intel Xeon CPU E5-2695 v2 @ 2.40GHz,MonteCarloAsian,TWO_D,573,1146,4,1,256,1,10.0198,228.232,0.09,0.005,-1,-1,-1
Intel Xeon CPU E5-2695 v2 @ 2.40GHz,MonteCarloAsian,TWO_D,573,1146,4,1,512,1,10.0198,228.235,0.088,0.005,-1,-1,-1
Intel Xeon CPU E5-2695 v2 @ 2.40GHz,MonteCarloAsian,TWO_D,573,1146,4,1,1024,1,10.0198,228.491,0.09,0.006,-1,-1,-1
Intel Xeon CPU E5-2695 v2 @ 2.40GHz,MonteCarloAsian,TWO_D,573,1146,4,1,2048,1,10.0198,228.125,0.092,0.004,-1,-1,-1
Intel Xeon CPU E5-2695 v2 @ 2.40GHz,MonteCarloAsian,TWO_D,573,1146,4,1,4096,1,10.0198,228.11,0.089,0.005,-1,-1,-1
Intel Xeon CPU E5-2695 v2 @ 2.40GHz,MonteCarloAsian,TWO_D,573,1146,4,1,8192,1,10.0198,228.186,0.089,0.005,-1,-1,-1
Intel Xeon CPU E5-2695 v2 @ 2.40GHz,MonteCarloAsian,TWO_D,573,1146,4,2,1,1,10.0198,229.165,0.092,0.003,-1,-1,-1
Intel Xeon CPU E5-2695 v2 @ 2.40GHz,MonteCarloAsian,TWO_D,573,1146,4,2,2,1,10.0198,228.038,0.092,0.006,-1,-1,-1
Intel Xeon CPU E5-2695 v2 @ 2.40GHz,MonteCarloAsian,TWO_D,573,1146,4,2,4,1,10.0198,228.083,0.09,0.005,-1,-1,-1
Intel Xeon CPU E5-2695 v2 @ 2.40GHz,MonteCarloAsian,TWO_D,573,1146,4,2,8,1,10.0198,228.204,0.09,0.004,-1,-1,-1
Intel Xeon CPU E5-2695 v2 @ 2.40GHz,MonteCarloAsian,TWO_D,573,1146,4,2,16,1,10.0198,229.418,0.097,0.004,-1,-1,-1
Intel Xeon CPU E5-2695 v2 @ 2.40GHz,MonteCarloAsian,TWO_D,573,1146,4,2,32,1,10.0198,278.553,0.09,0.008,-1,-1,-1
Intel Xeon CPU E5-2695 v2 @ 2.40GHz,MonteCarloAsian,TWO_D,573,1146,4,2,64,1,10.0198,228.535,0.089,0.005,-1,-1,-1
Intel Xeon CPU E5-2695 v2 @ 2.40GHz,MonteCarloAsian,TWO_D,573,1146,4,2,128,1,10.0198,228.49,0.092,0.006,-1,-1,-1
Intel Xeon CPU E5-2695 v2 @ 2.40GHz,MonteCarloAsian,TWO_D,573,1146,4,2,256,1,10.0198,229.901,0.09,0.004,-1,-1,-1
Intel Xeon CPU E5-2695 v2 @ 2.40GHz,MonteCarloAsian,TWO_D,573,1146,4,2,512,1,10.0198,228.207,0.089,0.004,-1,-1,-1
Intel Xeon CPU E5-2695 v2 @ 2.40GHz,MonteCarloAsian,TWO_D,573,1146,4,2,1024,1,10.0198,228.191,0.09,0.005,-1,-1,-1
Intel Xeon CPU E5-2695 v2 @ 2.40GHz,MonteCarloAsian,TWO_D,573,1146,4,2,2048,1,10.0198,228.158,0.088,0.006,-1,-1,-1
Intel Xeon CPU E5-2695 v2 @ 2.40GHz,MonteCarloAsian,TWO_D,573,1146,4,2,4096,1,10.0198,228.82,0.09,0.005,-1,-1,-1
Intel Xeon CPU E5-2695 v2 @ 2.40GHz,MonteCarloAsian,TWO_D,573,1146,4,4,1,1,10.0198,228.207,0.089,0.005,-1,-1,-1
Intel Xeon CPU E5-2695 v2 @ 2.40GHz,MonteCarloAsian,TWO_D,573,1146,4,4,2,1,10.0198,228.002,0.086,0.004,-1,-1,-1
Intel Xeon CPU E5-2695 v2 @ 2.40GHz,MonteCarloAsian,TWO_D,573,1146,4,4,4,1,10.0198,228.092,0.086,0.004,-1,-1,-1
Intel Xeon CPU E5-2695 v2 @ 2.40GHz,MonteCarloAsian,TWO_D,573,1146,4,4,8,1,10.0198,229.215,0.088,0.004,-1,-1,-1
Intel Xeon CPU E5-2695 v2 @ 2.40GHz,MonteCarloAsian,TWO_D,573,1146,4,4,16,1,10.0198,228.116,0.09,0.006,-1,-1,-1
Intel Xeon CPU E5-2695 v2 @ 2.40GHz,MonteCarloAsian,TWO_D,573,1146,4,4,32,1,10.0198,228.211,0.089,0.005,-1,-1,-1
Intel Xeon CPU E5-2695 v2 @ 2.40GHz,MonteCarloAsian,TWO_D,573,1146,4,4,64,1,10.0198,228.273,0.091,0.005,-1,-1,-1
Intel Xeon CPU E5-2695 v2 @ 2.40GHz,MonteCarloAsian,TWO_D,573,1146,4,4,128,1,10.0198,228.342,0.092,0.005,-1,-1,-1
Intel Xeon CPU E5-2695 v2 @ 2.40GHz,MonteCarloAsian,TWO_D,573,1146,4,4,256,1,10.0198,228.432,0.089,0.005,-1,-1,-1
Intel Xeon CPU E5-2695 v2 @ 2.40GHz,MonteCarloAsian,TWO_D,573,1146,4,4,512,1,10.0198,228.201,0.09,0.005,-1,-1,-1
Intel Xeon CPU E5-2695 v2 @ 2.40GHz,MonteCarloAsian,TWO_D,573,1146,4,4,1024,1,10.0198,228.353,0.087,0.005,-1,-1,-1
Intel Xeon CPU E5-2695 v2 @ 2.40GHz,MonteCarloAsian,TWO_D,573,1146,4,4,2048,1,10.0198,228.478,0.088,0.005,-1,-1,-1
Intel Xeon CPU E5-2695 v2 @ 2.40GHz,MonteCarloAsian,TWO_D,573,1146,4,8,1,1,10.0198,228.982,0.088,0.005,-1,-1,-1
Intel Xeon CPU E5-2695 v2 @ 2.40GHz,MonteCarloAsian,TWO_D,573,1146,4,8,2,1,10.0198,227.877,0.09,0.006,-1,-1,-1
Intel Xeon CPU E5-2695 v2 @ 2.40GHz,MonteCarloAsian,TWO_D,573,1146,4,8,4,1,10.0198,228.124,0.088,0.006,-1,-1,-1
Intel Xeon CPU E5-2695 v2 @ 2.40GHz,MonteCarloAsian,TWO_D,573,1146,4,8,8,1,10.0198,228.265,0.088,0.004,-1,-1,-1
Intel Xeon CPU E5-2695 v2 @ 2.40GHz,MonteCarloAsian,TWO_D,573,1146,4,8,16,1,10.0198,228.488,0.089,0.005,-1,-1,-1
Intel Xeon CPU E5-2695 v2 @ 2.40GHz,MonteCarloAsian,TWO_D,573,1146,4,8,32,1,10.0198,237.354,0.093,0.006,-1,-1,-1
Intel Xeon CPU E5-2695 v2 @ 2.40GHz,MonteCarloAsian,TWO_D,573,1146,4,8,64,1,10.0198,228.062,0.09,0.005,-1,-1,-1
Intel Xeon CPU E5-2695 v2 @ 2.40GHz,MonteCarloAsian,TWO_D,573,1146,4,8,128,1,10.0198,228.402,0.086,0.004,-1,-1,-1
Intel Xeon CPU E5-2695 v2 @ 2.40GHz,MonteCarloAsian,TWO_D,573,1146,4,8,256,1,10.0198,229.846,0.088,0.005,-1,-1,-1
Intel Xeon CPU E5-2695 v2 @ 2.40GHz,MonteCarloAsian,TWO_D,573,1146,4,8,512,1,10.0198,228.327,0.074,0.004,-1,-1,-1
Intel Xeon CPU E5-2695 v2 @ 2.40GHz,MonteCarloAsian,TWO_D,573,1146,4,8,1024,1,10.0198,228.144,0.091,0.005,-1,-1,-1
Intel Xeon CPU E5-2695 v2 @ 2.40GHz,MonteCarloAsian,TWO_D,573,1146,4,16,1,1,10.0198,228.188,0.088,0.004,-1,-1,-1
Intel Xeon CPU E5-2695 v2 @ 2.40GHz,MonteCarloAsian,TWO_D,573,1146,4,16,2,1,10.0198,228.557,0.089,0.005,-1,-1,-1
Intel Xeon CPU E5-2695 v2 @ 2.40GHz,MonteCarloAsian,TWO_D,573,1146,4,16,4,1,10.0198,228.257,0.091,0.004,-1,-1,-1
Intel Xeon CPU E5-2695 v2 @ 2.40GHz,MonteCarloAsian,TWO_D,573,1146,4,16,8,1,10.0198,228.107,0.088,0.004,-1,-1,-1
Intel Xeon CPU E5-2695 v2 @ 2.40GHz,MonteCarloAsian,TWO_D,573,1146,4,16,16,1,10.0198,228.222,0.088,0.004,-1,-1,-1
Intel Xeon CPU E5-2695 v2 @ 2.40GHz,MonteCarloAsian,TWO_D,573,1146,4,16,32,1,10.0198,229.375,0.092,0.005,-1,-1,-1
Intel Xeon CPU E5-2695 v2 @ 2.40GHz,MonteCarloAsian,TWO_D,573,1146,4,16,64,1,10.0198,228.154,0.089,0.004,-1,-1,-1
Intel Xeon CPU E5-2695 v2 @ 2.40GHz,MonteCarloAsian,TWO_D,573,1146,4,16,128,1,10.0198,228.184,0.09,0.005,-1,-1,-1
Intel Xeon CPU E5-2695 v2 @ 2.40GHz,MonteCarloAsian,TWO_D,573,1146,4,16,256,1,10.0198,228.228,0.086,0.004,-1,-1,-1
Intel Xeon CPU E5-2695 v2 @ 2.40GHz,MonteCarloAsian,TWO_D,573,1146,4,16,512,1,10.0198,228.289,0.086,0.005,-1,-1,-1
Intel Xeon CPU E5-2695 v2 @ 2.40GHz,MonteCarloAsian,TWO_D,573,1146,4,32,1,1,10.0198,228.443,0.09,0.005,-1,-1,-1
Intel Xeon CPU E5-2695 v2 @ 2.40GHz,MonteCarloAsian,TWO_D,573,1146,4,32,2,1,10.0198,228.098,0.089,0.004,-1,-1,-1
Intel Xeon CPU E5-2695 v2 @ 2.40GHz,MonteCarloAsian,TWO_D,573,1146,4,32,4,1,10.0198,228.063,0.087,0.004,-1,-1,-1
Intel Xeon CPU E5-2695 v2 @ 2.40GHz,MonteCarloAsian,TWO_D,573,1146,4,32,8,1,10.0198,228.609,0.092,0.004,-1,-1,-1
Intel Xeon CPU E5-2695 v2 @ 2.40GHz,MonteCarloAsian,TWO_D,573,1146,4,32,16,1,10.0198,228.882,0.088,0.006,-1,-1,-1
Intel Xeon CPU E5-2695 v2 @ 2.40GHz,MonteCarloAsian,TWO_D,573,1146,4,32,32,1,10.0198,228.227,0.092,0.004,-1,-1,-1
Intel Xeon CPU E5-2695 v2 @ 2.40GHz,MonteCarloAsian,TWO_D,573,1146,4,32,64,1,10.0198,228.019,0.087,0.004,-1,-1,-1
Intel Xeon CPU E5-2695 v2 @ 2.40GHz,MonteCarloAsian,TWO_D,573,1146,4,32,128,1,10.0198,228.141,0.087,0.005,-1,-1,-1
Intel Xeon CPU E5-2695 v2 @ 2.40GHz,MonteCarloAsian,TWO_D,573,1146,4,32,256,1,10.0198,228.665,0.094,0.005,-1,-1,-1
Intel Xeon CPU E5-2695 v2 @ 2.40GHz,MonteCarloAsian,TWO_D,573,1146,4,64,1,1,10.0198,228.006,0.09,0.004,-1,-1,-1
Intel Xeon CPU E5-2695 v2 @ 2.40GHz,MonteCarloAsian,TWO_D,573,1146,4,64,2,1,10.0198,228.539,0.094,0.004,-1,-1,-1
Intel Xeon CPU E5-2695 v2 @ 2.40GHz,MonteCarloAsian,TWO_D,573,1146,4,64,4,1,10.0198,228.449,0.092,0.005,-1,-1,-1
Intel Xeon CPU E5-2695 v2 @ 2.40GHz,MonteCarloAsian,TWO_D,573,1146,4,64,8,1,10.0198,229.442,0.091,0.004,-1,-1,-1
Intel Xeon CPU E5-2695 v2 @ 2.40GHz,MonteCarloAsian,TWO_D,573,1146,4,64,16,1,10.0198,228.123,0.091,0.004,-1,-1,-1
Intel Xeon CPU E5-2695 v2 @ 2.40GHz,MonteCarloAsian,TWO_D,573,1146,4,64,32,1,10.0198,228.072,0.089,0.003,-1,-1,-1
Intel Xeon CPU E5-2695 v2 @ 2.40GHz,MonteCarloAsian,TWO_D,573,1146,4,64,64,1,10.0198,228.14,0.09,0.005,-1,-1,-1
Intel Xeon CPU E5-2695 v2 @ 2.40GHz,MonteCarloAsian,TWO_D,573,1146,4,64,128,1,10.0198,228.613,0.089,0.004,-1,-1,-1
Intel Xeon CPU E5-2695 v2 @ 2.40GHz,MonteCarloAsian,TWO_D,573,1146,4,128,1,1,10.0198,228.195,0.091,0.005,-1,-1,-1
Intel Xeon CPU E5-2695 v2 @ 2.40GHz,MonteCarloAsian,TWO_D,573,1146,4,128,2,1,10.0198,228.117,0.088,0.005,-1,-1,-1
Intel Xeon CPU E5-2695 v2 @ 2.40GHz,MonteCarloAsian,TWO_D,573,1146,4,128,4,1,10.0198,228.185,0.089,0.005,-1,-1,-1
Intel Xeon CPU E5-2695 v2 @ 2.40GHz,MonteCarloAsian,TWO_D,573,1146,4,128,8,1,10.0198,229.417,0.092,0.004,-1,-1,-1
Intel Xeon CPU E5-2695 v2 @ 2.40GHz,MonteCarloAsian,TWO_D,573,1146,4,128,16,1,10.0198,228.22,0.092,0.004,-1,-1,-1
Intel Xeon CPU E5-2695 v2 @ 2.40GHz,MonteCarloAsian,TWO_D,573,1146,4,128,32,1,10.0198,228.291,0.089,0.004,-1,-1,-1
Intel Xeon CPU E5-2695 v2 @ 2.40GHz,MonteCarloAsian,TWO_D,573,1146,4,128,64,1,10.0198,228.382,0.09,0.005,-1,-1,-1
Intel Xeon CPU E5-2695 v2 @ 2.40GHz,MonteCarloAsian,TWO_D,573,1146,4,256,1,1,10.0198,228.189,0.09,0.005,-1,-1,-1
Intel Xeon CPU E5-2695 v2 @ 2.40GHz,MonteCarloAsian,TWO_D,573,1146,4,256,2,1,10.0198,228.533,0.089,0.004,-1,-1,-1
Intel Xeon CPU E5-2695 v2 @ 2.40GHz,MonteCarloAsian,TWO_D,573,1146,4,256,4,1,10.0198,228.368,0.096,0.004,-1,-1,-1
Intel Xeon CPU E5-2695 v2 @ 2.40GHz,MonteCarloAsian,TWO_D,573,1146,4,256,8,1,10.0198,228.127,0.09,0.005,-1,-1,-1
Intel Xeon CPU E5-2695 v2 @ 2.40GHz,MonteCarloAsian,TWO_D,573,1146,4,256,16,1,10.0198,228.532,0.092,0.004,-1,-1,-1
Intel Xeon CPU E5-2695 v2 @ 2.40GHz,MonteCarloAsian,TWO_D,573,1146,4,256,32,1,10.0198,229.418,0.092,0.004,-1,-1,-1
Intel Xeon CPU E5-2695 v2 @ 2.40GHz,MonteCarloAsian,TWO_D,573,1146,4,512,1,1,10.0198,228.715,0.089,0.004,-1,-1,-1
Intel Xeon CPU E5-2695 v2 @ 2.40GHz,MonteCarloAsian,TWO_D,573,1146,4,512,2,1,10.0198,228.145,0.09,0.004,-1,-1,-1
Intel Xeon CPU E5-2695 v2 @ 2.40GHz,MonteCarloAsian,TWO_D,573,1146,4,512,4,1,10.0198,228.4,0.089,0.003,-1,-1,-1
Intel Xeon CPU E5-2695 v2 @ 2.40GHz,MonteCarloAsian,TWO_D,573,1146,4,512,8,1,10.0198,228.555,0.091,0.005,-1,-1,-1
Intel Xeon CPU E5-2695 v2 @ 2.40GHz,MonteCarloAsian,TWO_D,573,1146,4,512,16,1,10.0198,228.084,0.09,0.005,-1,-1,-1
Intel Xeon CPU E5-2695 v2 @ 2.40GHz,MonteCarloAsian,TWO_D,573,1146,4,1024,1,1,10.0198,228.132,0.09,0.005,-1,-1,-1
Intel Xeon CPU E5-2695 v2 @ 2.40GHz,MonteCarloAsian,TWO_D,573,1146,4,1024,2,1,10.0198,228.289,0.094,0.004,-1,-1,-1
Intel Xeon CPU E5-2695 v2 @ 2.40GHz,MonteCarloAsian,TWO_D,573,1146,4,1024,4,1,10.0198,229.453,0.093,0.005,-1,-1,-1
Intel Xeon CPU E5-2695 v2 @ 2.40GHz,MonteCarloAsian,TWO_D,573,1146,4,1024,8,1,10.0198,228.231,0.088,0.005,-1,-1,-1
Intel Xeon CPU E5-2695 v2 @ 2.40GHz,MonteCarloAsian,TWO_D,573,1146,4,2048,1,1,10.0198,228.138,0.09,0.004,-1,-1,-1
Intel Xeon CPU E5-2695 v2 @ 2.40GHz,MonteCarloAsian,TWO_D,573,1146,4,2048,2,1,10.0198,228.203,0.087,0.004,-1,-1,-1
Intel Xeon CPU E5-2695 v2 @ 2.40GHz,MonteCarloAsian,TWO_D,573,1146,4,2048,4,1,10.0198,228.55,0.092,0.005,-1,-1,-1
Intel Xeon CPU E5-2695 v2 @ 2.40GHz,MonteCarloAsian,TWO_D,573,1146,4,4096,1,1,10.0198,228.305,0.089,0.004,-1,-1,-1
Intel Xeon CPU E5-2695 v2 @ 2.40GHz,MonteCarloAsian,TWO_D,573,1146,4,4096,2,1,10.0198,228.092,0.088,0.004,-1,-1,-1
Intel Xeon CPU E5-2695 v2 @ 2.40GHz,MonteCarloAsian,TWO_D,573,1146,4,8192,1,1,10.0198,228.239,0.09,0.003,-1,-1,-1
Intel Xeon CPU E5-2695 v2 @ 2.40GHz,MonteCarloAsian,TWO_D,573,1146,4,1,1,1,10.0198,229.926,0.103,0.005,305.608,0.005,2.306
Intel Xeon CPU E5-2695 v2 @ 2.40GHz,MonteCarloAsian,TWO_D,573,1146,4,1,2,1,10.0198,227.865,0.181,0.005,273.198,0.006,1.807
Intel Xeon CPU E5-2695 v2 @ 2.40GHz,MonteCarloAsian,TWO_D,573,1146,4,1,4,1,10.0198,227.034,0.161,0.005,-1,-1,-1
Intel Xeon CPU E5-2695 v2 @ 2.40GHz,MonteCarloAsian,TWO_D,573,1146,4,1,8,1,10.0198,227.361,0.179,0.004,-1,-1,-1
Intel Xeon CPU E5-2695 v2 @ 2.40GHz,MonteCarloAsian,TWO_D,573,1146,4,1,16,1,10.0198,225.001,0.168,0.005,-1,-1,-1
Intel Xeon CPU E5-2695 v2 @ 2.40GHz,MonteCarloAsian,TWO_D,573,1146,4,1,32,1,10.0198,227.568,0.169,0.005,-1,-1,-1
Intel Xeon CPU E5-2695 v2 @ 2.40GHz,MonteCarloAsian,TWO_D,573,1146,4,1,64,1,10.0198,228.832,0.179,0.005,-1,-1,-1
Intel Xeon CPU E5-2695 v2 @ 2.40GHz,MonteCarloAsian,TWO_D,573,1146,4,1,128,1,10.0198,226.292,0.169,0.004,-1,-1,-1
Intel Xeon CPU E5-2695 v2 @ 2.40GHz,MonteCarloAsian,TWO_D,573,1146,4,1,256,1,10.0198,226.941,0.168,0.004,-1,-1,-1
Intel Xeon CPU E5-2695 v2 @ 2.40GHz,MonteCarloAsian,TWO_D,573,1146,4,1,512,1,10.0198,225.383,0.177,0.006,-1,-1,-1
Intel Xeon CPU E5-2695 v2 @ 2.40GHz,MonteCarloAsian,TWO_D,573,1146,4,1,1024,1,10.0198,235.962,0.169,0.006,-1,-1,-1
Intel Xeon CPU E5-2695 v2 @ 2.40GHz,MonteCarloAsian,TWO_D,573,1146,4,1,2048,1,10.0198,236.472,0.172,0.004,-1,-1,-1
Intel Xeon CPU E5-2695 v2 @ 2.40GHz,MonteCarloAsian,TWO_D,573,1146,4,1,4096,1,10.0198,231.885,0.184,0.004,-1,-1,-1
Intel Xeon CPU E5-2695 v2 @ 2.40GHz,MonteCarloAsian,TWO_D,573,1146,4,1,8192,1,10.0198,226.446,0.187,0.004,-1,-1,-1
Intel Xeon CPU E5-2695 v2 @ 2.40GHz,MonteCarloAsian,TWO_D,573,1146,4,2,1,1,10.0198,232.862,0.171,0.004,-1,-1,-1
Intel Xeon CPU E5-2695 v2 @ 2.40GHz,MonteCarloAsian,TWO_D,573,1146,4,2,2,1,10.0198,226.313,0.176,0.004,-1,-1,-1
Intel Xeon CPU E5-2695 v2 @ 2.40GHz,MonteCarloAsian,TWO_D,573,1146,4,2,4,1,10.0198,230.432,0.177,0.005,-1,-1,-1
Intel Xeon CPU E5-2695 v2 @ 2.40GHz,MonteCarloAsian,TWO_D,573,1146,4,2,8,1,10.0198,234.734,0.184,0.004,-1,-1,-1
Intel Xeon CPU E5-2695 v2 @ 2.40GHz,MonteCarloAsian,TWO_D,573,1146,4,2,16,1,10.0198,232.926,0.172,0.005,-1,-1,-1
Intel Xeon CPU E5-2695 v2 @ 2.40GHz,MonteCarloAsian,TWO_D,573,1146,4,2,32,1,10.0198,235.499,0.173,0.005,-1,-1,-1
Intel Xeon CPU E5-2695 v2 @ 2.40GHz,MonteCarloAsian,TWO_D,573,1146,4,2,64,1,10.0198,233.634,0.179,0.005,-1,-1,-1
Intel Xeon CPU E5-2695 v2 @ 2.40GHz,MonteCarloAsian,TWO_D,573,1146,4,2,128,1,10.0198,232.957,0.185,0.005,-1,-1,-1
Intel Xeon CPU E5-2695 v2 @ 2.40GHz,MonteCarloAsian,TWO_D,573,1146,4,2,256,1,10.0198,228.077,0.175,0.005,-1,-1,-1
Intel Xeon CPU E5-2695 v2 @ 2.40GHz,MonteCarloAsian,TWO_D,573,1146,4,2,512,1,10.0198,232.589,0.168,0.006,-1,-1,-1
Intel Xeon CPU E5-2695 v2 @ 2.40GHz,MonteCarloAsian,TWO_D,573,1146,4,2,1024,1,10.0198,232.671,0.172,0.006,-1,-1,-1
Intel Xeon CPU E5-2695 v2 @ 2.40GHz,MonteCarloAsian,TWO_D,573,1146,4,2,2048,1,10.0198,226.527,0.178,0.004,-1,-1,-1
Intel Xeon CPU E5-2695 v2 @ 2.40GHz,MonteCarloAsian,TWO_D,573,1146,4,2,4096,1,10.0198,232.261,0.168,0.003,-1,-1,-1
Intel Xeon CPU E5-2695 v2 @ 2.40GHz,MonteCarloAsian,TWO_D,573,1146,4,4,1,1,10.0198,229.938,0.173,0.004,-1,-1,-1
Intel Xeon CPU E5-2695 v2 @ 2.40GHz,MonteCarloAsian,TWO_D,573,1146,4,4,2,1,10.0198,232.689,0.174,0.005,-1,-1,-1
Intel Xeon CPU E5-2695 v2 @ 2.40GHz,MonteCarloAsian,TWO_D,573,1146,4,4,4,1,10.0198,237.342,0.17,0.005,-1,-1,-1
Intel Xeon CPU E5-2695 v2 @ 2.40GHz,MonteCarloAsian,TWO_D,573,1146,4,4,8,1,10.0198,226.165,0.172,0.004,-1,-1,-1
Intel Xeon CPU E5-2695 v2 @ 2.40GHz,MonteCarloAsian,TWO_D,573,1146,4,4,16,1,10.0198,225.196,0.169,0.004,-1,-1,-1
Intel Xeon CPU E5-2695 v2 @ 2.40GHz,MonteCarloAsian,TWO_D,573,1146,4,4,32,1,10.0198,229.403,0.17,0.005,-1,-1,-1
Intel Xeon CPU E5-2695 v2 @ 2.40GHz,MonteCarloAsian,TWO_D,573,1146,4,4,64,1,10.0198,227.616,0.194,0.005,-1,-1,-1
Intel Xeon CPU E5-2695 v2 @ 2.40GHz,MonteCarloAsian,TWO_D,573,1146,4,4,128,1,10.0198,225.657,0.171,0.005,-1,-1,-1
Intel Xeon CPU E5-2695 v2 @ 2.40GHz,MonteCarloAsian,TWO_D,573,1146,4,4,256,1,10.0198,231.573,0.165,0.005,-1,-1,-1
Intel Xeon CPU E5-2695 v2 @ 2.40GHz,MonteCarloAsian,TWO_D,573,1146,4,4,512,1,10.0198,230.758,0.171,0.005,-1,-1,-1
Intel Xeon CPU E5-2695 v2 @ 2.40GHz,MonteCarloAsian,TWO_D,573,1146,4,4,1024,1,10.0198,226.354,0.169,0.004,-1,-1,-1
Intel Xeon CPU E5-2695 v2 @ 2.40GHz,MonteCarloAsian,TWO_D,573,1146,4,4,2048,1,10.0198,226.369,0.171,0.005,-1,-1,-1
Intel Xeon CPU E5-2695 v2 @ 2.40GHz,MonteCarloAsian,TWO_D,573,1146,4,8,1,1,10.0198,231.313,0.176,0.005,-1,-1,-1
Intel Xeon CPU E5-2695 v2 @ 2.40GHz,MonteCarloAsian,TWO_D,573,1146,4,8,2,1,10.0198,230.855,0.177,0.004,-1,-1,-1
Intel Xeon CPU E5-2695 v2 @ 2.40GHz,MonteCarloAsian,TWO_D,573,1146,4,8,4,1,10.0198,228.763,0.17,0.005,-1,-1,-1
Intel Xeon CPU E5-2695 v2 @ 2.40GHz,MonteCarloAsian,TWO_D,573,1146,4,8,8,1,10.0198,232.29,0.173,0.005,-1,-1,-1
Intel Xeon CPU E5-2695 v2 @ 2.40GHz,MonteCarloAsian,TWO_D,573,1146,4,8,16,1,10.0198,231.523,0.168,0.004,-1,-1,-1
Intel Xeon CPU E5-2695 v2 @ 2.40GHz,MonteCarloAsian,TWO_D,573,1146,4,8,32,1,10.0198,279.287,0.149,0.004,-1,-1,-1
Intel Xeon CPU E5-2695 v2 @ 2.40GHz,MonteCarloAsian,TWO_D,573,1146,4,8,64,1,10.0198,254.711,0.136,0.003,-1,-1,-1
Intel Xeon CPU E5-2695 v2 @ 2.40GHz,MonteCarloAsian,TWO_D,573,1146,4,8,128,1,10.0198,216.837,0.129,0.003,-1,-1,-1
Intel Xeon CPU E5-2695 v2 @ 2.40GHz,MonteCarloAsian,TWO_D,573,1146,4,8,256,1,10.0198,217.041,0.126,0.003,-1,-1,-1
Intel Xeon CPU E5-2695 v2 @ 2.40GHz,MonteCarloAsian,TWO_D,573,1146,4,8,512,1,10.0198,217.09,0.124,0.003,-1,-1,-1
Intel Xeon CPU E5-2695 v2 @ 2.40GHz,MonteCarloAsian,TWO_D,573,1146,4,8,1024,1,10.0198,220.548,0.126,0.003,-1,-1,-1
Intel Xeon CPU E5-2695 v2 @ 2.40GHz,MonteCarloAsian,TWO_D,573,1146,4,16,1,1,10.0198,216.966,0.119,0.002,-1,-1,-1
Intel Xeon CPU E5-2695 v2 @ 2.40GHz,MonteCarloAsian,TWO_D,573,1146,4,16,2,1,10.0198,218.183,0.129,0.003,-1,-1,-1
Intel Xeon CPU E5-2695 v2 @ 2.40GHz,MonteCarloAsian,TWO_D,573,1146,4,16,4,1,10.0198,223.389,0.127,0.003,-1,-1,-1
Intel Xeon CPU E5-2695 v2 @ 2.40GHz,MonteCarloAsian,TWO_D,573,1146,4,16,8,1,10.0198,219.582,0.117,0.002,-1,-1,-1
Intel Xeon CPU E5-2695 v2 @ 2.40GHz,MonteCarloAsian,TWO_D,573,1146,4,16,16,1,10.0198,224.456,0.13,0.004,-1,-1,-1
Intel Xeon CPU E5-2695 v2 @ 2.40GHz,MonteCarloAsian,TWO_D,573,1146,4,16,32,1,10.0198,216.991,0.115,0.002,-1,-1,-1
Intel Xeon CPU E5-2695 v2 @ 2.40GHz,MonteCarloAsian,TWO_D,573,1146,4,16,64,1,10.0198,219.916,0.128,0.003,-1,-1,-1
Intel Xeon CPU E5-2695 v2 @ 2.40GHz,MonteCarloAsian,TWO_D,573,1146,4,16,128,1,10.0198,219.722,0.117,0.002,-1,-1,-1
Intel Xeon CPU E5-2695 v2 @ 2.40GHz,MonteCarloAsian,TWO_D,573,1146,4,16,256,1,10.0198,224.44,0.155,0.003,-1,-1,-1
Intel Xeon CPU E5-2695 v2 @ 2.40GHz,MonteCarloAsian,TWO_D,573,1146,4,16,512,1,10.0198,216.938,0.115,0.003,-1,-1,-1
Intel Xeon CPU E5-2695 v2 @ 2.40GHz,MonteCarloAsian,TWO_D,573,1146,4,32,1,1,10.0198,219.21,0.13,0.003,-1,-1,-1
Intel Xeon CPU E5-2695 v2 @ 2.40GHz,MonteCarloAsian,TWO_D,573,1146,4,32,2,1,10.0198,216.949,0.116,0.002,-1,-1,-1
Intel Xeon CPU E5-2695 v2 @ 2.40GHz,MonteCarloAsian,TWO_D,573,1146,4,32,4,1,10.0198,219.654,0.129,0.004,-1,-1,-1
Intel Xeon CPU E5-2695 v2 @ 2.40GHz,MonteCarloAsian,TWO_D,573,1146,4,32,8,1,10.0198,217.178,0.127,0.002,-1,-1,-1
Intel Xeon CPU E5-2695 v2 @ 2.40GHz,MonteCarloAsian,TWO_D,573,1146,4,32,16,1,10.0198,219.942,0.138,0.003,-1,-1,-1
Intel Xeon CPU E5-2695 v2 @ 2.40GHz,MonteCarloAsian,TWO_D,573,1146,4,32,32,1,10.0198,219.708,0.129,0.004,-1,-1,-1
Intel Xeon CPU E5-2695 v2 @ 2.40GHz,MonteCarloAsian,TWO_D,573,1146,4,32,64,1,10.0198,222.303,0.116,0.002,-1,-1,-1
Intel Xeon CPU E5-2695 v2 @ 2.40GHz,MonteCarloAsian,TWO_D,573,1146,4,32,128,1,10.0198,217.35,0.131,0.002,-1,-1,-1
Intel Xeon CPU E5-2695 v2 @ 2.40GHz,MonteCarloAsian,TWO_D,573,1146,4,32,256,1,10.0198,217.261,0.116,0.001,-1,-1,-1
Intel Xeon CPU E5-2695 v2 @ 2.40GHz,MonteCarloAsian,TWO_D,573,1146,4,64,1,1,10.0198,219.584,0.132,0.004,-1,-1,-1
Intel Xeon CPU E5-2695 v2 @ 2.40GHz,MonteCarloAsian,TWO_D,573,1146,4,64,2,1,10.0198,218.636,0.127,0.003,-1,-1,-1
Intel Xeon CPU E5-2695 v2 @ 2.40GHz,MonteCarloAsian,TWO_D,573,1146,4,64,4,1,10.0198,266.506,0.13,0.004,-1,-1,-1
Intel Xeon CPU E5-2695 v2 @ 2.40GHz,MonteCarloAsian,TWO_D,573,1146,4,64,8,1,10.0198,219.14,0.073,0.003,-1,-1,-1
Intel Xeon CPU E5-2695 v2 @ 2.40GHz,MonteCarloAsian,TWO_D,573,1146,4,64,16,1,10.0198,218.63,0.062,0.002,-1,-1,-1
Intel Xeon CPU E5-2695 v2 @ 2.40GHz,MonteCarloAsian,TWO_D,573,1146,4,64,32,1,10.0198,218.888,0.062,0.002,-1,-1,-1
Intel Xeon CPU E5-2695 v2 @ 2.40GHz,MonteCarloAsian,TWO_D,573,1146,4,64,64,1,10.0198,218.297,0.077,0.003,-1,-1,-1
Intel Xeon CPU E5-2695 v2 @ 2.40GHz,MonteCarloAsian,TWO_D,573,1146,4,64,128,1,10.0198,216.368,0.074,0.003,-1,-1,-1
Intel Xeon CPU E5-2695 v2 @ 2.40GHz,MonteCarloAsian,TWO_D,573,1146,4,128,1,1,10.0198,218.52,0.074,0.003,-1,-1,-1
Intel Xeon CPU E5-2695 v2 @ 2.40GHz,MonteCarloAsian,TWO_D,573,1146,4,128,2,1,10.0198,219.135,0.064,0.002,-1,-1,-1
Intel Xeon CPU E5-2695 v2 @ 2.40GHz,MonteCarloAsian,TWO_D,573,1146,4,128,4,1,10.0198,217.023,0.073,0.003,-1,-1,-1
Intel Xeon CPU E5-2695 v2 @ 2.40GHz,MonteCarloAsian,TWO_D,573,1146,4,128,8,1,10.0198,218.438,0.078,0.003,-1,-1,-1
Intel Xeon CPU E5-2695 v2 @ 2.40GHz,MonteCarloAsian,TWO_D,573,1146,4,128,16,1,10.0198,216.711,0.061,0.002,-1,-1,-1
Intel Xeon CPU E5-2695 v2 @ 2.40GHz,MonteCarloAsian,TWO_D,573,1146,4,128,32,1,10.0198,217.396,0.075,0.003,-1,-1,-1
Intel Xeon CPU E5-2695 v2 @ 2.40GHz,MonteCarloAsian,TWO_D,573,1146,4,128,64,1,10.0198,216.447,0.065,0.003,-1,-1,-1
Intel Xeon CPU E5-2695 v2 @ 2.40GHz,MonteCarloAsian,TWO_D,573,1146,4,256,1,1,10.0198,216.661,0.077,0.003,-1,-1,-1
Intel Xeon CPU E5-2695 v2 @ 2.40GHz,MonteCarloAsian,TWO_D,573,1146,4,256,2,1,10.0198,216.847,0.075,0.003,-1,-1,-1
Intel Xeon CPU E5-2695 v2 @ 2.40GHz,MonteCarloAsian,TWO_D,573,1146,4,256,4,1,10.0198,217.668,0.087,0.002,-1,-1,-1
Intel Xeon CPU E5-2695 v2 @ 2.40GHz,MonteCarloAsian,TWO_D,573,1146,4,256,8,1,10.0198,217.233,0.075,0.003,-1,-1,-1
Intel Xeon CPU E5-2695 v2 @ 2.40GHz,MonteCarloAsian,TWO_D,573,1146,4,256,16,1,10.0198,218.787,0.076,0.002,-1,-1,-1
Intel Xeon CPU E5-2695 v2 @ 2.40GHz,MonteCarloAsian,TWO_D,573,1146,4,256,32,1,10.0198,224.908,0.097,0.003,-1,-1,-1
Intel Xeon CPU E5-2695 v2 @ 2.40GHz,MonteCarloAsian,TWO_D,573,1146,4,512,1,1,10.0198,219.47,0.066,0.003,-1,-1,-1
Intel Xeon CPU E5-2695 v2 @ 2.40GHz,MonteCarloAsian,TWO_D,573,1146,4,512,2,1,10.0198,219.069,0.068,0.002,-1,-1,-1
Intel Xeon CPU E5-2695 v2 @ 2.40GHz,MonteCarloAsian,TWO_D,573,1146,4,512,4,1,10.0198,216.56,0.079,0.003,-1,-1,-1
Intel Xeon CPU E5-2695 v2 @ 2.40GHz,MonteCarloAsian,TWO_D,573,1146,4,512,8,1,10.0198,216.821,0.066,0.002,-1,-1,-1
Intel Xeon CPU E5-2695 v2 @ 2.40GHz,MonteCarloAsian,TWO_D,573,1146,4,512,16,1,10.0198,218.231,0.064,0.003,-1,-1,-1
Intel Xeon CPU E5-2695 v2 @ 2.40GHz,MonteCarloAsian,TWO_D,573,1146,4,1024,1,1,10.0198,219.395,0.079,0.003,-1,-1,-1
Intel Xeon CPU E5-2695 v2 @ 2.40GHz,MonteCarloAsian,TWO_D,573,1146,4,1024,2,1,10.0198,217.384,0.068,0.002,-1,-1,-1
Intel Xeon CPU E5-2695 v2 @ 2.40GHz,MonteCarloAsian,TWO_D,573,1146,4,1024,4,1,10.0198,217.385,0.081,0.003,-1,-1,-1
Intel Xeon CPU E5-2695 v2 @ 2.40GHz,MonteCarloAsian,TWO_D,573,1146,4,1024,8,1,10.0198,217.14,0.062,0.003,-1,-1,-1
Intel Xeon CPU E5-2695 v2 @ 2.40GHz,MonteCarloAsian,TWO_D,573,1146,4,2048,1,1,10.0198,216.709,0.067,0.002,-1,-1,-1
Intel Xeon CPU E5-2695 v2 @ 2.40GHz,MonteCarloAsian,TWO_D,573,1146,4,2048,2,1,10.0198,216.988,0.077,0.003,-1,-1,-1
Intel Xeon CPU E5-2695 v2 @ 2.40GHz,MonteCarloAsian,TWO_D,573,1146,4,2048,4,1,10.0198,219.178,0.066,0.002,-1,-1,-1
Intel Xeon CPU E5-2695 v2 @ 2.40GHz,MonteCarloAsian,TWO_D,573,1146,4,4096,1,1,10.0198,217.48,0.081,0.003,-1,-1,-1
Intel Xeon CPU E5-2695 v2 @ 2.40GHz,MonteCarloAsian,TWO_D,573,1146,4,4096,2,1,10.0198,216.104,0.126,0.002,-1,-1,-1
Intel Xeon CPU E5-2695 v2 @ 2.40GHz,MonteCarloAsian,TWO_D,573,1146,4,8192,1,1,10.0198,217.587,0.067,0.002,-1,-1,-1
