device/C,kernel/C,workDimension/C,xLocal/I,yLocal/I,zLocal/I,MB/F,init/F,memoryCopyOut/F,plan/F,execute/F,memoryCopyIn/F,cleanUp/F
Intel Xeon CPU E5-2695 v2 @ 2.40GHz,NoMemory,ONE_D,1,1,1,28,0,0,0,0.208,0,0.851
Intel Xeon CPU E5-2695 v2 @ 2.40GHz,NoMemory,ONE_D,2,1,1,28,0.001,0.001,0,0.192,0,1.055
Intel Xeon CPU E5-2695 v2 @ 2.40GHz,NoMemory,ONE_D,4,1,1,28,0,0,0,0.462,0.001,0.8
Intel Xeon CPU E5-2695 v2 @ 2.40GHz,NoMemory,ONE_D,8,1,1,28,0,0,0,0.432,0,0.81
Intel Xeon CPU E5-2695 v2 @ 2.40GHz,NoMemory,ONE_D,16,1,1,28,0.001,0,0,0.101,0,0.848
Intel Xeon CPU E5-2695 v2 @ 2.40GHz,NoMemory,ONE_D,32,1,1,28,0,0,0,0.089,0,0.932
Intel Xeon CPU E5-2695 v2 @ 2.40GHz,NoMemory,ONE_D,64,1,1,28,0,0,0,0.101,0.001,0.727
Intel Xeon CPU E5-2695 v2 @ 2.40GHz,NoMemory,ONE_D,128,1,1,28,0,0,0,0.158,0,0.607
Intel Xeon CPU E5-2695 v2 @ 2.40GHz,NoMemory,ONE_D,256,1,1,28,0,0,0.001,0.097,0,0.797
Intel Xeon CPU E5-2695 v2 @ 2.40GHz,NoMemory,ONE_D,512,1,1,28,0,0,0,0.136,0.001,0.719
Intel Xeon CPU E5-2695 v2 @ 2.40GHz,NoMemory,ONE_D,1024,1,1,28,0,0.001,0,-1,-1,-1
Intel Xeon CPU E5-2695 v2 @ 2.40GHz,NoMemory,ONE_D,2048,1,1,28,0,0.001,0,-1,-1,-1
Intel Xeon CPU E5-2695 v2 @ 2.40GHz,NoMemory,ONE_D,4096,1,1,28,0.001,0,0,-1,-1,-1
Intel Xeon CPU E5-2695 v2 @ 2.40GHz,NoMemory,ONE_D,8192,1,1,28,0,0,0,-1,-1,-1
Intel Xeon CPU E5-2695 v2 @ 2.40GHz,NoMemory,ONE_D,1,1,1,28,0.001,0,0,0.165,0,0.437
Intel Xeon CPU E5-2695 v2 @ 2.40GHz,NoMemory,ONE_D,2,1,1,28,0,0,0,0.149,0,0.681
Intel Xeon CPU E5-2695 v2 @ 2.40GHz,NoMemory,ONE_D,4,1,1,28,0,0,0.001,0.169,0,0.586
Intel Xeon CPU E5-2695 v2 @ 2.40GHz,NoMemory,ONE_D,8,1,1,28,0,0,0,0.073,0,0.469
Intel Xeon CPU E5-2695 v2 @ 2.40GHz,NoMemory,ONE_D,16,1,1,28,0,0,0,0.057,0,0.694
Intel Xeon CPU E5-2695 v2 @ 2.40GHz,NoMemory,ONE_D,32,1,1,28,0,0.001,0,0.168,0.001,0.547
Intel Xeon CPU E5-2695 v2 @ 2.40GHz,NoMemory,ONE_D,64,1,1,28,0,0,0,0.057,0,0.646
Intel Xeon CPU E5-2695 v2 @ 2.40GHz,NoMemory,ONE_D,128,1,1,28,0,0,0,0.059,0,0.508
Intel Xeon CPU E5-2695 v2 @ 2.40GHz,NoMemory,ONE_D,256,1,1,28,0,0,0,0.056,0,0.485
Intel Xeon CPU E5-2695 v2 @ 2.40GHz,NoMemory,ONE_D,512,1,1,28,0,0,0.001,0.053,0,0.508
Intel Xeon CPU E5-2695 v2 @ 2.40GHz,NoMemory,ONE_D,1024,1,1,28,0.001,0,0,-1,-1,-1
Intel Xeon CPU E5-2695 v2 @ 2.40GHz,NoMemory,ONE_D,2048,1,1,28,0.001,0,0,-1,-1,-1
Intel Xeon CPU E5-2695 v2 @ 2.40GHz,NoMemory,ONE_D,4096,1,1,28,0,0,0,-1,-1,-1
Intel Xeon CPU E5-2695 v2 @ 2.40GHz,NoMemory,ONE_D,8192,1,1,28,0,0,0,-1,-1,-1
Intel Xeon CPU E5-2695 v2 @ 2.40GHz,NoMemory,ONE_D,1,1,1,28,0.001,0,0,0.134,0,0.489
Intel Xeon CPU E5-2695 v2 @ 2.40GHz,NoMemory,ONE_D,2,1,1,28,0,0,0,0.112,0.001,0.676
Intel Xeon CPU E5-2695 v2 @ 2.40GHz,NoMemory,ONE_D,4,1,1,28,0,0,0,0.152,0.001,0.548
Intel Xeon CPU E5-2695 v2 @ 2.40GHz,NoMemory,ONE_D,8,1,1,28,0,0,0,0.108,0,0.478
Intel Xeon CPU E5-2695 v2 @ 2.40GHz,NoMemory,ONE_D,16,1,1,28,0,0,0,0.062,0,0.473
Intel Xeon CPU E5-2695 v2 @ 2.40GHz,NoMemory,ONE_D,32,1,1,28,0,0,0,0.051,0,0.505
Intel Xeon CPU E5-2695 v2 @ 2.40GHz,NoMemory,ONE_D,64,1,1,28,0,0,0,0.049,0,0.466
Intel Xeon CPU E5-2695 v2 @ 2.40GHz,NoMemory,ONE_D,128,1,1,28,0,0.001,0,0.046,0,0.474
Intel Xeon CPU E5-2695 v2 @ 2.40GHz,NoMemory,ONE_D,256,1,1,28,0,0.001,0,0.042,0,0.465
Intel Xeon CPU E5-2695 v2 @ 2.40GHz,NoMemory,ONE_D,512,1,1,28,0,0,0,0.041,0,0.515
Intel Xeon CPU E5-2695 v2 @ 2.40GHz,NoMemory,ONE_D,1024,1,1,28,0,0,0,-1,-1,-1
Intel Xeon CPU E5-2695 v2 @ 2.40GHz,NoMemory,ONE_D,2048,1,1,28,0,0,0,-1,-1,-1
Intel Xeon CPU E5-2695 v2 @ 2.40GHz,NoMemory,ONE_D,4096,1,1,28,0,0.001,0,-1,-1,-1
Intel Xeon CPU E5-2695 v2 @ 2.40GHz,NoMemory,ONE_D,8192,1,1,28,0,0,0,-1,-1,-1
Intel Xeon CPU E5-2695 v2 @ 2.40GHz,NoMemory,ONE_D,1,1,1,28,0.001,0,0.001,0.121,0,0.823
Intel Xeon CPU E5-2695 v2 @ 2.40GHz,NoMemory,ONE_D,2,1,1,28,0,0,0,0.458,0,0.591
Intel Xeon CPU E5-2695 v2 @ 2.40GHz,NoMemory,ONE_D,4,1,1,28,0.001,0,0.001,0.796,0,0.651
Intel Xeon CPU E5-2695 v2 @ 2.40GHz,NoMemory,ONE_D,8,1,1,28,0,0,0,0.06,0,0.832
Intel Xeon CPU E5-2695 v2 @ 2.40GHz,NoMemory,ONE_D,16,1,1,28,0.001,0.001,0,0.449,0,0.883
Intel Xeon CPU E5-2695 v2 @ 2.40GHz,NoMemory,ONE_D,32,1,1,28,0,0,0,0.092,0.001,1.106
Intel Xeon CPU E5-2695 v2 @ 2.40GHz,NoMemory,ONE_D,64,1,1,28,0,0,0,0.365,0,0.597
Intel Xeon CPU E5-2695 v2 @ 2.40GHz,NoMemory,ONE_D,128,1,1,28,0,0,0,0.04,0,0.622
Intel Xeon CPU E5-2695 v2 @ 2.40GHz,NoMemory,ONE_D,256,1,1,28,0.001,0,0.001,0.045,0,0.667
Intel Xeon CPU E5-2695 v2 @ 2.40GHz,NoMemory,ONE_D,512,1,1,28,0,0,0,0.047,0,0.728
Intel Xeon CPU E5-2695 v2 @ 2.40GHz,NoMemory,ONE_D,1024,1,1,28,0.001,0,0.001,-1,-1,-1
Intel Xeon CPU E5-2695 v2 @ 2.40GHz,NoMemory,ONE_D,2048,1,1,28,0,0,0,-1,-1,-1
Intel Xeon CPU E5-2695 v2 @ 2.40GHz,NoMemory,ONE_D,4096,1,1,28,0,0,0.001,-1,-1,-1
Intel Xeon CPU E5-2695 v2 @ 2.40GHz,NoMemory,ONE_D,8192,1,1,28,0,0,0,-1,-1,-1
Intel Xeon CPU E5-2695 v2 @ 2.40GHz,NoMemory,ONE_D,1,1,1,28,0,0,0,0.143,0,0.47
Intel Xeon CPU E5-2695 v2 @ 2.40GHz,NoMemory,ONE_D,2,1,1,28,0,0,0,0.135,0,0.682
Intel Xeon CPU E5-2695 v2 @ 2.40GHz,NoMemory,ONE_D,4,1,1,28,0,0.001,0,0.219,0,0.537
Intel Xeon CPU E5-2695 v2 @ 2.40GHz,NoMemory,ONE_D,8,1,1,28,0,0,0,0.098,0,0.686
Intel Xeon CPU E5-2695 v2 @ 2.40GHz,NoMemory,ONE_D,16,1,1,28,0,0,0,0.055,0,0.513
Intel Xeon CPU E5-2695 v2 @ 2.40GHz,NoMemory,ONE_D,32,1,1,28,0,0,0,0.094,0,0.611
Intel Xeon CPU E5-2695 v2 @ 2.40GHz,NoMemory,ONE_D,64,1,1,28,0.001,0,0,0.123,0,0.596
Intel Xeon CPU E5-2695 v2 @ 2.40GHz,NoMemory,ONE_D,128,1,1,28,0.001,0,0,0.045,0,0.435
Intel Xeon CPU E5-2695 v2 @ 2.40GHz,NoMemory,ONE_D,256,1,1,28,0,0.001,0,0.047,0,0.739
Intel Xeon CPU E5-2695 v2 @ 2.40GHz,NoMemory,ONE_D,512,1,1,28,0,0,0,0.123,0,0.479
Intel Xeon CPU E5-2695 v2 @ 2.40GHz,NoMemory,ONE_D,1024,1,1,28,0,0,0,-1,-1,-1
Intel Xeon CPU E5-2695 v2 @ 2.40GHz,NoMemory,ONE_D,2048,1,1,28,0,0.001,0,-1,-1,-1
Intel Xeon CPU E5-2695 v2 @ 2.40GHz,NoMemory,ONE_D,4096,1,1,28,0,0,0,-1,-1,-1
Intel Xeon CPU E5-2695 v2 @ 2.40GHz,NoMemory,ONE_D,8192,1,1,28,0,0,0,-1,-1,-1
Intel Xeon CPU E5-2695 v2 @ 2.40GHz,NoMemory,ONE_D,1,1,1,28,0.001,0,0,0.237,0,0.957
Intel Xeon CPU E5-2695 v2 @ 2.40GHz,NoMemory,ONE_D,2,1,1,28,0,0.001,0,0.169,0,0.887
Intel Xeon CPU E5-2695 v2 @ 2.40GHz,NoMemory,ONE_D,4,1,1,28,0,0,0,0.15,0.001,0.919
Intel Xeon CPU E5-2695 v2 @ 2.40GHz,NoMemory,ONE_D,8,1,1,28,0,0,0,0.137,0.001,0.88
Intel Xeon CPU E5-2695 v2 @ 2.40GHz,NoMemory,ONE_D,16,1,1,28,0.001,0,0.001,0.105,0,0.912
Intel Xeon CPU E5-2695 v2 @ 2.40GHz,NoMemory,ONE_D,32,1,1,28,0,0.001,0,0.092,0,0.911
Intel Xeon CPU E5-2695 v2 @ 2.40GHz,NoMemory,ONE_D,64,1,1,28,0,0.001,0,0.081,0,0.863
Intel Xeon CPU E5-2695 v2 @ 2.40GHz,NoMemory,ONE_D,128,1,1,28,0,0,0,0.136,0,0.908
Intel Xeon CPU E5-2695 v2 @ 2.40GHz,NoMemory,ONE_D,256,1,1,28,0,0,0,0.096,0,0.857
Intel Xeon CPU E5-2695 v2 @ 2.40GHz,NoMemory,ONE_D,512,1,1,28,0,0,0,0.078,0,0.871
Intel Xeon CPU E5-2695 v2 @ 2.40GHz,NoMemory,ONE_D,1024,1,1,28,0.001,0,0.001,-1,-1,-1
Intel Xeon CPU E5-2695 v2 @ 2.40GHz,NoMemory,ONE_D,2048,1,1,28,0.001,0,0,-1,-1,-1
Intel Xeon CPU E5-2695 v2 @ 2.40GHz,NoMemory,ONE_D,4096,1,1,28,0,0.001,0,-1,-1,-1
Intel Xeon CPU E5-2695 v2 @ 2.40GHz,NoMemory,ONE_D,8192,1,1,28,0,0,0,-1,-1,-1
Intel Xeon CPU E5-2695 v2 @ 2.40GHz,NoMemory,ONE_D,1,1,1,28,0,0,0,0.145,0,0.571
Intel Xeon CPU E5-2695 v2 @ 2.40GHz,NoMemory,ONE_D,2,1,1,28,0,0,0,0.208,0.001,0.734
Intel Xeon CPU E5-2695 v2 @ 2.40GHz,NoMemory,ONE_D,4,1,1,28,0,0,0,0.173,0,0.715
Intel Xeon CPU E5-2695 v2 @ 2.40GHz,NoMemory,ONE_D,8,1,1,28,0.001,0,0.001,0.173,0.001,0.688
Intel Xeon CPU E5-2695 v2 @ 2.40GHz,NoMemory,ONE_D,16,1,1,28,0,0,0,0.15,0,0.65
Intel Xeon CPU E5-2695 v2 @ 2.40GHz,NoMemory,ONE_D,32,1,1,28,0,0.001,0,0.145,0,0.657
Intel Xeon CPU E5-2695 v2 @ 2.40GHz,NoMemory,ONE_D,64,1,1,28,0,0,0,0.087,0,0.659
Intel Xeon CPU E5-2695 v2 @ 2.40GHz,NoMemory,ONE_D,128,1,1,28,0,0.001,0,0.089,0,0.564
Intel Xeon CPU E5-2695 v2 @ 2.40GHz,NoMemory,ONE_D,256,1,1,28,0,0,0,0.126,0.001,0.686
Intel Xeon CPU E5-2695 v2 @ 2.40GHz,NoMemory,ONE_D,512,1,1,28,0,0,0,0.149,0,0.667
Intel Xeon CPU E5-2695 v2 @ 2.40GHz,NoMemory,ONE_D,1024,1,1,28,0,0,0,-1,-1,-1
Intel Xeon CPU E5-2695 v2 @ 2.40GHz,NoMemory,ONE_D,2048,1,1,28,0,0,0,-1,-1,-1
Intel Xeon CPU E5-2695 v2 @ 2.40GHz,NoMemory,ONE_D,4096,1,1,28,0,0,0,-1,-1,-1
Intel Xeon CPU E5-2695 v2 @ 2.40GHz,NoMemory,ONE_D,8192,1,1,28,0,0,0,-1,-1,-1
Intel Xeon CPU E5-2695 v2 @ 2.40GHz,NoMemory,ONE_D,1,1,1,28,0,0,0,0.229,0.001,0.588
Intel Xeon CPU E5-2695 v2 @ 2.40GHz,NoMemory,ONE_D,2,1,1,28,0,0.001,0,0.231,0,0.713
Intel Xeon CPU E5-2695 v2 @ 2.40GHz,NoMemory,ONE_D,4,1,1,28,0,0,0,0.108,0,0.481
Intel Xeon CPU E5-2695 v2 @ 2.40GHz,NoMemory,ONE_D,8,1,1,28,0,0,0,0.107,0.001,1.23
Intel Xeon CPU E5-2695 v2 @ 2.40GHz,NoMemory,ONE_D,16,1,1,28,0,0,0.001,0.054,0,0.481
Intel Xeon CPU E5-2695 v2 @ 2.40GHz,NoMemory,ONE_D,32,1,1,28,0,0,0,0.046,0,0.508
Intel Xeon CPU E5-2695 v2 @ 2.40GHz,NoMemory,ONE_D,64,1,1,28,0,0,0,0.058,0,0.542
Intel Xeon CPU E5-2695 v2 @ 2.40GHz,NoMemory,ONE_D,128,1,1,28,0,0,0,0.045,0,0.488
Intel Xeon CPU E5-2695 v2 @ 2.40GHz,NoMemory,ONE_D,256,1,1,28,0,0,0,0.043,0.001,0.492
Intel Xeon CPU E5-2695 v2 @ 2.40GHz,NoMemory,ONE_D,512,1,1,28,0,0,0,0.046,0,0.501
Intel Xeon CPU E5-2695 v2 @ 2.40GHz,NoMemory,ONE_D,1024,1,1,28,0,0,0,-1,-1,-1
Intel Xeon CPU E5-2695 v2 @ 2.40GHz,NoMemory,ONE_D,2048,1,1,28,0,0,0,-1,-1,-1
Intel Xeon CPU E5-2695 v2 @ 2.40GHz,NoMemory,ONE_D,4096,1,1,28,0.001,0,0,-1,-1,-1
Intel Xeon CPU E5-2695 v2 @ 2.40GHz,NoMemory,ONE_D,8192,1,1,28,0,0,0,-1,-1,-1
Intel Xeon CPU E5-2695 v2 @ 2.40GHz,NoMemory,ONE_D,1,1,1,28,0,0.001,0,0.162,0.001,0.748
Intel Xeon CPU E5-2695 v2 @ 2.40GHz,NoMemory,ONE_D,2,1,1,28,0,0,0,0.128,0,0.712
Intel Xeon CPU E5-2695 v2 @ 2.40GHz,NoMemory,ONE_D,4,1,1,28,0,0,0,0.078,0,0.843
Intel Xeon CPU E5-2695 v2 @ 2.40GHz,NoMemory,ONE_D,8,1,1,28,0,0,0,0.065,0,0.7
Intel Xeon CPU E5-2695 v2 @ 2.40GHz,NoMemory,ONE_D,16,1,1,28,0.001,0,0,0.05,0,0.667
Intel Xeon CPU E5-2695 v2 @ 2.40GHz,NoMemory,ONE_D,32,1,1,28,0,0,0,0.052,0,0.623
Intel Xeon CPU E5-2695 v2 @ 2.40GHz,NoMemory,ONE_D,64,1,1,28,0,0,0,0.043,0,0.596
Intel Xeon CPU E5-2695 v2 @ 2.40GHz,NoMemory,ONE_D,128,1,1,28,0.001,0,0,0.045,0,0.612
Intel Xeon CPU E5-2695 v2 @ 2.40GHz,NoMemory,ONE_D,256,1,1,28,0,0,0,0.043,0,0.593
Intel Xeon CPU E5-2695 v2 @ 2.40GHz,NoMemory,ONE_D,512,1,1,28,0,0.001,0,0.044,0,0.493
Intel Xeon CPU E5-2695 v2 @ 2.40GHz,NoMemory,ONE_D,1024,1,1,28,0,0,0,-1,-1,-1
Intel Xeon CPU E5-2695 v2 @ 2.40GHz,NoMemory,ONE_D,2048,1,1,28,0,0,0.001,-1,-1,-1
Intel Xeon CPU E5-2695 v2 @ 2.40GHz,NoMemory,ONE_D,4096,1,1,28,0,0,0,-1,-1,-1
Intel Xeon CPU E5-2695 v2 @ 2.40GHz,NoMemory,ONE_D,8192,1,1,28,0,0,0,-1,-1,-1
Intel Xeon CPU E5-2695 v2 @ 2.40GHz,NoMemory,ONE_D,1,1,1,28,0,0,0,0.131,0,0.556
Intel Xeon CPU E5-2695 v2 @ 2.40GHz,NoMemory,ONE_D,2,1,1,28,0,0,0,0.111,0,0.483
Intel Xeon CPU E5-2695 v2 @ 2.40GHz,NoMemory,ONE_D,4,1,1,28,0,0.001,0,0.083,0,0.514
Intel Xeon CPU E5-2695 v2 @ 2.40GHz,NoMemory,ONE_D,8,1,1,28,0.001,0,0,0.092,0,0.534
Intel Xeon CPU E5-2695 v2 @ 2.40GHz,NoMemory,ONE_D,16,1,1,28,0,0,0,0.054,0,0.482
Intel Xeon CPU E5-2695 v2 @ 2.40GHz,NoMemory,ONE_D,32,1,1,28,0.001,0,0,0.052,0,0.511
Intel Xeon CPU E5-2695 v2 @ 2.40GHz,NoMemory,ONE_D,64,1,1,28,0,0,0,0.05,0,0.475
Intel Xeon CPU E5-2695 v2 @ 2.40GHz,NoMemory,ONE_D,128,1,1,28,0,0,0,0.052,0,0.474
Intel Xeon CPU E5-2695 v2 @ 2.40GHz,NoMemory,ONE_D,256,1,1,28,0,0,0,0.047,0,0.5
Intel Xeon CPU E5-2695 v2 @ 2.40GHz,NoMemory,ONE_D,512,1,1,28,0.001,0,0,0.042,0,0.47
Intel Xeon CPU E5-2695 v2 @ 2.40GHz,NoMemory,ONE_D,1024,1,1,28,0,0,0,-1,-1,-1
Intel Xeon CPU E5-2695 v2 @ 2.40GHz,NoMemory,ONE_D,2048,1,1,28,0,0,0,-1,-1,-1
Intel Xeon CPU E5-2695 v2 @ 2.40GHz,NoMemory,ONE_D,4096,1,1,28,0,0,0,-1,-1,-1
Intel Xeon CPU E5-2695 v2 @ 2.40GHz,NoMemory,ONE_D,8192,1,1,28,0,0,0.001,-1,-1,-1
Intel Xeon CPU E5-2695 v2 @ 2.40GHz,NoMemory,ONE_D,1,1,1,28,0.001,0.001,0,0.504,0,0.913
Intel Xeon CPU E5-2695 v2 @ 2.40GHz,NoMemory,ONE_D,2,1,1,28,0.001,0,0,0.122,0,0.872
Intel Xeon CPU E5-2695 v2 @ 2.40GHz,NoMemory,ONE_D,4,1,1,28,0,0.001,0,0.353,0,0.953
Intel Xeon CPU E5-2695 v2 @ 2.40GHz,NoMemory,ONE_D,8,1,1,28,0,0,0,0.372,0,1.069
Intel Xeon CPU E5-2695 v2 @ 2.40GHz,NoMemory,ONE_D,16,1,1,28,0,0,0,0.102,0.001,1.179
Intel Xeon CPU E5-2695 v2 @ 2.40GHz,NoMemory,ONE_D,32,1,1,28,0,0,0,0.4,0,0.742
Intel Xeon CPU E5-2695 v2 @ 2.40GHz,NoMemory,ONE_D,64,1,1,28,0,0,0,0.433,0,0.378
Intel Xeon CPU E5-2695 v2 @ 2.40GHz,NoMemory,ONE_D,128,1,1,28,0,0,0,0.325,0,0.391
Intel Xeon CPU E5-2695 v2 @ 2.40GHz,NoMemory,ONE_D,256,1,1,28,0,0,0,0.051,0,0.713
Intel Xeon CPU E5-2695 v2 @ 2.40GHz,NoMemory,ONE_D,512,1,1,28,0,0,0,0.047,0,0.73
Intel Xeon CPU E5-2695 v2 @ 2.40GHz,NoMemory,ONE_D,1024,1,1,28,0.001,0,0,-1,-1,-1
Intel Xeon CPU E5-2695 v2 @ 2.40GHz,NoMemory,ONE_D,2048,1,1,28,0,0,0,-1,-1,-1
Intel Xeon CPU E5-2695 v2 @ 2.40GHz,NoMemory,ONE_D,4096,1,1,28,0,0,0,-1,-1,-1
Intel Xeon CPU E5-2695 v2 @ 2.40GHz,NoMemory,ONE_D,8192,1,1,28,0,0,0,-1,-1,-1
Intel Xeon CPU E5-2695 v2 @ 2.40GHz,NoMemory,ONE_D,1,1,1,28,0.001,0,0,0.112,0,0.501
Intel Xeon CPU E5-2695 v2 @ 2.40GHz,NoMemory,ONE_D,2,1,1,28,0.001,0.001,0,0.163,0,0.574
Intel Xeon CPU E5-2695 v2 @ 2.40GHz,NoMemory,ONE_D,4,1,1,28,0,0,0,0.137,0,0.6
Intel Xeon CPU E5-2695 v2 @ 2.40GHz,NoMemory,ONE_D,8,1,1,28,0,0,0,0.062,0,0.467
Intel Xeon CPU E5-2695 v2 @ 2.40GHz,NoMemory,ONE_D,16,1,1,28,0,0,0,0.066,0,0.69
Intel Xeon CPU E5-2695 v2 @ 2.40GHz,NoMemory,ONE_D,32,1,1,28,0.001,0,0,0.088,0,0.564
Intel Xeon CPU E5-2695 v2 @ 2.40GHz,NoMemory,ONE_D,64,1,1,28,0,0,0,0.043,0,0.64
Intel Xeon CPU E5-2695 v2 @ 2.40GHz,NoMemory,ONE_D,128,1,1,28,0.001,0,0.001,0.047,0,0.445
Intel Xeon CPU E5-2695 v2 @ 2.40GHz,NoMemory,ONE_D,256,1,1,28,0,0,0,0.047,0,0.456
Intel Xeon CPU E5-2695 v2 @ 2.40GHz,NoMemory,ONE_D,512,1,1,28,0,0,0,0.047,0,0.472
Intel Xeon CPU E5-2695 v2 @ 2.40GHz,NoMemory,ONE_D,1024,1,1,28,0.001,0,0,-1,-1,-1
Intel Xeon CPU E5-2695 v2 @ 2.40GHz,NoMemory,ONE_D,2048,1,1,28,0.001,0,0.001,-1,-1,-1
Intel Xeon CPU E5-2695 v2 @ 2.40GHz,NoMemory,ONE_D,4096,1,1,28,0,0,0,-1,-1,-1
Intel Xeon CPU E5-2695 v2 @ 2.40GHz,NoMemory,ONE_D,8192,1,1,28,0,0,0,-1,-1,-1
Intel Xeon CPU E5-2695 v2 @ 2.40GHz,NoMemory,ONE_D,1,1,1,28,0,0,0.001,0.505,0,0.899
Intel Xeon CPU E5-2695 v2 @ 2.40GHz,NoMemory,ONE_D,2,1,1,28,0,0,0,0.462,0,1.014
Intel Xeon CPU E5-2695 v2 @ 2.40GHz,NoMemory,ONE_D,4,1,1,28,0,0.001,0,0.147,0,0.494
Intel Xeon CPU E5-2695 v2 @ 2.40GHz,NoMemory,ONE_D,8,1,1,28,0.001,0,0.001,0.316,0,0.713
Intel Xeon CPU E5-2695 v2 @ 2.40GHz,NoMemory,ONE_D,16,1,1,28,0,0,0,0.591,0.001,0.393
Intel Xeon CPU E5-2695 v2 @ 2.40GHz,NoMemory,ONE_D,32,1,1,28,0.001,0,0,0.049,0.001,0.643
Intel Xeon CPU E5-2695 v2 @ 2.40GHz,NoMemory,ONE_D,64,1,1,28,0,0,0,0.045,0,0.557
Intel Xeon CPU E5-2695 v2 @ 2.40GHz,NoMemory,ONE_D,128,1,1,28,0,0,0,0.05,0.001,0.632
Intel Xeon CPU E5-2695 v2 @ 2.40GHz,NoMemory,ONE_D,256,1,1,28,0,0,0,0.311,0,0.411
Intel Xeon CPU E5-2695 v2 @ 2.40GHz,NoMemory,ONE_D,512,1,1,28,0,0.001,0,0.287,0,0.387
Intel Xeon CPU E5-2695 v2 @ 2.40GHz,NoMemory,ONE_D,1024,1,1,28,0,0,0,-1,-1,-1
Intel Xeon CPU E5-2695 v2 @ 2.40GHz,NoMemory,ONE_D,2048,1,1,28,0,0,0,-1,-1,-1
Intel Xeon CPU E5-2695 v2 @ 2.40GHz,NoMemory,ONE_D,4096,1,1,28,0,0.001,0,-1,-1,-1
Intel Xeon CPU E5-2695 v2 @ 2.40GHz,NoMemory,ONE_D,8192,1,1,28,0,0,0,-1,-1,-1
Intel Xeon CPU E5-2695 v2 @ 2.40GHz,NoMemory,ONE_D,1,1,1,28,0,0,0,0.536,0.001,1.065
Intel Xeon CPU E5-2695 v2 @ 2.40GHz,NoMemory,ONE_D,2,1,1,28,0,0,0.001,0.778,0,0.944
Intel Xeon CPU E5-2695 v2 @ 2.40GHz,NoMemory,ONE_D,4,1,1,28,0,0.001,0,0.08,0,0.664
Intel Xeon CPU E5-2695 v2 @ 2.40GHz,NoMemory,ONE_D,8,1,1,28,0,0,0,0.072,0,1.126
Intel Xeon CPU E5-2695 v2 @ 2.40GHz,NoMemory,ONE_D,16,1,1,28,0.001,0,0.001,0.467,0,0.787
Intel Xeon CPU E5-2695 v2 @ 2.40GHz,NoMemory,ONE_D,32,1,1,28,0,0,0,0.457,0.001,0.761
Intel Xeon CPU E5-2695 v2 @ 2.40GHz,NoMemory,ONE_D,64,1,1,28,0,0,0,0.388,0,0.763
Intel Xeon CPU E5-2695 v2 @ 2.40GHz,NoMemory,ONE_D,128,1,1,28,0,0,0,0.092,0,1.057
Intel Xeon CPU E5-2695 v2 @ 2.40GHz,NoMemory,ONE_D,256,1,1,28,0,0.001,0,0.082,0.001,0.634
Intel Xeon CPU E5-2695 v2 @ 2.40GHz,NoMemory,ONE_D,512,1,1,28,0,0,0,0.047,0.001,0.617
Intel Xeon CPU E5-2695 v2 @ 2.40GHz,NoMemory,ONE_D,1024,1,1,28,0,0,0,-1,-1,-1
Intel Xeon CPU E5-2695 v2 @ 2.40GHz,NoMemory,ONE_D,2048,1,1,28,0.001,0,0,-1,-1,-1
Intel Xeon CPU E5-2695 v2 @ 2.40GHz,NoMemory,ONE_D,4096,1,1,28,0,0,0,-1,-1,-1
Intel Xeon CPU E5-2695 v2 @ 2.40GHz,NoMemory,ONE_D,8192,1,1,28,0,0,0,-1,-1,-1
Intel Xeon CPU E5-2695 v2 @ 2.40GHz,NoMemory,ONE_D,1,1,1,28,0.001,0.001,0,0.226,0.001,0.673
Intel Xeon CPU E5-2695 v2 @ 2.40GHz,NoMemory,ONE_D,2,1,1,28,0,0,0,0.077,0,0.556
Intel Xeon CPU E5-2695 v2 @ 2.40GHz,NoMemory,ONE_D,4,1,1,28,0,0,0,0.116,0.001,0.528
Intel Xeon CPU E5-2695 v2 @ 2.40GHz,NoMemory,ONE_D,8,1,1,28,0,0,0,0.083,0.001,0.424
Intel Xeon CPU E5-2695 v2 @ 2.40GHz,NoMemory,ONE_D,16,1,1,28,0,0,0,0.105,0,0.855
Intel Xeon CPU E5-2695 v2 @ 2.40GHz,NoMemory,ONE_D,32,1,1,28,0,0,0,0.151,0,0.448
Intel Xeon CPU E5-2695 v2 @ 2.40GHz,NoMemory,ONE_D,64,1,1,28,0,0,0,0.047,0,0.462
Intel Xeon CPU E5-2695 v2 @ 2.40GHz,NoMemory,ONE_D,128,1,1,28,0,0,0,0.044,0,0.477
Intel Xeon CPU E5-2695 v2 @ 2.40GHz,NoMemory,ONE_D,256,1,1,28,0,0,0,0.05,0.001,0.477
Intel Xeon CPU E5-2695 v2 @ 2.40GHz,NoMemory,ONE_D,512,1,1,28,0,0,0,0.044,0.001,0.513
Intel Xeon CPU E5-2695 v2 @ 2.40GHz,NoMemory,ONE_D,1024,1,1,28,0,0.001,0,-1,-1,-1
Intel Xeon CPU E5-2695 v2 @ 2.40GHz,NoMemory,ONE_D,2048,1,1,28,0,0,0,-1,-1,-1
Intel Xeon CPU E5-2695 v2 @ 2.40GHz,NoMemory,ONE_D,4096,1,1,28,0,0,0,-1,-1,-1
Intel Xeon CPU E5-2695 v2 @ 2.40GHz,NoMemory,ONE_D,8192,1,1,28,0,0,0,-1,-1,-1
Intel Xeon CPU E5-2695 v2 @ 2.40GHz,NoMemory,ONE_D,1,1,1,28,0,0,0,0.121,0.001,0.547
Intel Xeon CPU E5-2695 v2 @ 2.40GHz,NoMemory,ONE_D,2,1,1,28,0,0,0,0.104,0,0.534
Intel Xeon CPU E5-2695 v2 @ 2.40GHz,NoMemory,ONE_D,4,1,1,28,0,0.001,0,0.083,0,0.533
Intel Xeon CPU E5-2695 v2 @ 2.40GHz,NoMemory,ONE_D,8,1,1,28,0,0,0,0.088,0,0.53
Intel Xeon CPU E5-2695 v2 @ 2.40GHz,NoMemory,ONE_D,16,1,1,28,0.001,0,0,0.131,0,0.687
Intel Xeon CPU E5-2695 v2 @ 2.40GHz,NoMemory,ONE_D,32,1,1,28,0.001,0,0,0.094,0,0.81
Intel Xeon CPU E5-2695 v2 @ 2.40GHz,NoMemory,ONE_D,64,1,1,28,0,0,0,0.082,0,0.625
Intel Xeon CPU E5-2695 v2 @ 2.40GHz,NoMemory,ONE_D,128,1,1,28,0,0,0,0.091,0,0.654
Intel Xeon CPU E5-2695 v2 @ 2.40GHz,NoMemory,ONE_D,256,1,1,28,0,0,0,0.099,0,0.537
Intel Xeon CPU E5-2695 v2 @ 2.40GHz,NoMemory,ONE_D,512,1,1,28,0,0,0,0.071,0.001,0.434
Intel Xeon CPU E5-2695 v2 @ 2.40GHz,NoMemory,ONE_D,1024,1,1,28,0,0,0,-1,-1,-1
Intel Xeon CPU E5-2695 v2 @ 2.40GHz,NoMemory,ONE_D,2048,1,1,28,0,0,0,-1,-1,-1
Intel Xeon CPU E5-2695 v2 @ 2.40GHz,NoMemory,ONE_D,4096,1,1,28,0,0,0,-1,-1,-1
Intel Xeon CPU E5-2695 v2 @ 2.40GHz,NoMemory,ONE_D,8192,1,1,28,0,0,0,-1,-1,-1
Intel Xeon CPU E5-2695 v2 @ 2.40GHz,NoMemory,ONE_D,1,1,1,28,0.001,0,0,0.18,0.001,0.459
Intel Xeon CPU E5-2695 v2 @ 2.40GHz,NoMemory,ONE_D,2,1,1,28,0.001,0,0,0.136,0,0.655
Intel Xeon CPU E5-2695 v2 @ 2.40GHz,NoMemory,ONE_D,4,1,1,28,0.001,0,0.001,0.151,0,0.483
Intel Xeon CPU E5-2695 v2 @ 2.40GHz,NoMemory,ONE_D,8,1,1,28,0.001,0.001,0,0.106,0,0.669
Intel Xeon CPU E5-2695 v2 @ 2.40GHz,NoMemory,ONE_D,16,1,1,28,0,0,0,0.06,0,0.555
Intel Xeon CPU E5-2695 v2 @ 2.40GHz,NoMemory,ONE_D,32,1,1,28,0,0.001,0,0.057,0.001,0.533
Intel Xeon CPU E5-2695 v2 @ 2.40GHz,NoMemory,ONE_D,64,1,1,28,0,0,0,0.069,0,0.477
Intel Xeon CPU E5-2695 v2 @ 2.40GHz,NoMemory,ONE_D,128,1,1,28,0,0,0,0.056,0,0.492
Intel Xeon CPU E5-2695 v2 @ 2.40GHz,NoMemory,ONE_D,256,1,1,28,0,0,0,0.049,0.001,0.491
Intel Xeon CPU E5-2695 v2 @ 2.40GHz,NoMemory,ONE_D,512,1,1,28,0,0,0.001,0.048,0.001,0.482
Intel Xeon CPU E5-2695 v2 @ 2.40GHz,NoMemory,ONE_D,1024,1,1,28,0,0,0,-1,-1,-1
Intel Xeon CPU E5-2695 v2 @ 2.40GHz,NoMemory,ONE_D,2048,1,1,28,0,0,0,-1,-1,-1
Intel Xeon CPU E5-2695 v2 @ 2.40GHz,NoMemory,ONE_D,4096,1,1,28,0,0,0,-1,-1,-1
Intel Xeon CPU E5-2695 v2 @ 2.40GHz,NoMemory,ONE_D,8192,1,1,28,0,0,0,-1,-1,-1
Intel Xeon CPU E5-2695 v2 @ 2.40GHz,NoMemory,ONE_D,1,1,1,28,0,0,0,0.141,0,0.768
Intel Xeon CPU E5-2695 v2 @ 2.40GHz,NoMemory,ONE_D,2,1,1,28,0,0,0.001,0.124,0.001,0.479
Intel Xeon CPU E5-2695 v2 @ 2.40GHz,NoMemory,ONE_D,4,1,1,28,0,0,0,0.105,0,0.802
Intel Xeon CPU E5-2695 v2 @ 2.40GHz,NoMemory,ONE_D,8,1,1,28,0,0.001,0,0.138,0,0.562
Intel Xeon CPU E5-2695 v2 @ 2.40GHz,NoMemory,ONE_D,16,1,1,28,0.001,0,0,0.099,0,0.507
Intel Xeon CPU E5-2695 v2 @ 2.40GHz,NoMemory,ONE_D,32,1,1,28,0,0,0,0.086,0.001,0.491
Intel Xeon CPU E5-2695 v2 @ 2.40GHz,NoMemory,ONE_D,64,1,1,28,0,0,0,0.051,0,0.501
Intel Xeon CPU E5-2695 v2 @ 2.40GHz,NoMemory,ONE_D,128,1,1,28,0,0,0,0.05,0,0.479
Intel Xeon CPU E5-2695 v2 @ 2.40GHz,NoMemory,ONE_D,256,1,1,28,0,0,0,0.045,0,0.484
Intel Xeon CPU E5-2695 v2 @ 2.40GHz,NoMemory,ONE_D,512,1,1,28,0,0,0,0.041,0,0.478
Intel Xeon CPU E5-2695 v2 @ 2.40GHz,NoMemory,ONE_D,1024,1,1,28,0,0,0,-1,-1,-1
Intel Xeon CPU E5-2695 v2 @ 2.40GHz,NoMemory,ONE_D,2048,1,1,28,0,0,0,-1,-1,-1
Intel Xeon CPU E5-2695 v2 @ 2.40GHz,NoMemory,ONE_D,4096,1,1,28,0,0,0,-1,-1,-1
Intel Xeon CPU E5-2695 v2 @ 2.40GHz,NoMemory,ONE_D,8192,1,1,28,0,0,0,-1,-1,-1
Intel Xeon CPU E5-2695 v2 @ 2.40GHz,NoMemory,ONE_D,1,1,1,28,0,0,0,0.278,0.001,0.571
Intel Xeon CPU E5-2695 v2 @ 2.40GHz,NoMemory,ONE_D,2,1,1,28,0,0,0.001,0.173,0,0.667
Intel Xeon CPU E5-2695 v2 @ 2.40GHz,NoMemory,ONE_D,4,1,1,28,0,0.001,0,0.072,0,0.421
Intel Xeon CPU E5-2695 v2 @ 2.40GHz,NoMemory,ONE_D,8,1,1,28,0,0,0,0.076,0,0.531
Intel Xeon CPU E5-2695 v2 @ 2.40GHz,NoMemory,ONE_D,16,1,1,28,0,0,0,0.082,0,0.702
Intel Xeon CPU E5-2695 v2 @ 2.40GHz,NoMemory,ONE_D,32,1,1,28,0,0,0,0.048,0,0.512
Intel Xeon CPU E5-2695 v2 @ 2.40GHz,NoMemory,ONE_D,64,1,1,28,0.001,0,0,0.154,0.001,0.608
Intel Xeon CPU E5-2695 v2 @ 2.40GHz,NoMemory,ONE_D,128,1,1,28,0.001,0,0,0.177,0,0.563
Intel Xeon CPU E5-2695 v2 @ 2.40GHz,NoMemory,ONE_D,256,1,1,28,0,0,0,0.047,0,0.595
Intel Xeon CPU E5-2695 v2 @ 2.40GHz,NoMemory,ONE_D,512,1,1,28,0.001,0,0,0.043,0,0.582
Intel Xeon CPU E5-2695 v2 @ 2.40GHz,NoMemory,ONE_D,1024,1,1,28,0,0.001,0,-1,-1,-1
Intel Xeon CPU E5-2695 v2 @ 2.40GHz,NoMemory,ONE_D,2048,1,1,28,0,0,0,-1,-1,-1
Intel Xeon CPU E5-2695 v2 @ 2.40GHz,NoMemory,ONE_D,4096,1,1,28,0,0.001,0,-1,-1,-1
Intel Xeon CPU E5-2695 v2 @ 2.40GHz,NoMemory,ONE_D,8192,1,1,28,0,0,0.001,-1,-1,-1
Intel Xeon CPU E5-2695 v2 @ 2.40GHz,NoMemory,ONE_D,1,1,1,28,0,0,0,0.428,0.001,0.933
Intel Xeon CPU E5-2695 v2 @ 2.40GHz,NoMemory,ONE_D,2,1,1,28,0,0,0.001,0.094,0,0.766
Intel Xeon CPU E5-2695 v2 @ 2.40GHz,NoMemory,ONE_D,4,1,1,28,0,0,0,0.081,0,0.938
Intel Xeon CPU E5-2695 v2 @ 2.40GHz,NoMemory,ONE_D,8,1,1,28,0,0,0,0.767,0,1.02
Intel Xeon CPU E5-2695 v2 @ 2.40GHz,NoMemory,ONE_D,16,1,1,28,0,0,0,0.054,0,0.885
Intel Xeon CPU E5-2695 v2 @ 2.40GHz,NoMemory,ONE_D,32,1,1,28,0,0,0,0.328,0,0.437
Intel Xeon CPU E5-2695 v2 @ 2.40GHz,NoMemory,ONE_D,64,1,1,28,0.001,0,0,0.046,0,0.873
Intel Xeon CPU E5-2695 v2 @ 2.40GHz,NoMemory,ONE_D,128,1,1,28,0,0,0,0.492,0.001,1.021
Intel Xeon CPU E5-2695 v2 @ 2.40GHz,NoMemory,ONE_D,256,1,1,28,0,0,0,0.272,0,0.41
Intel Xeon CPU E5-2695 v2 @ 2.40GHz,NoMemory,ONE_D,512,1,1,28,0,0,0,0.318,0,1.386
Intel Xeon CPU E5-2695 v2 @ 2.40GHz,NoMemory,ONE_D,1024,1,1,28,0,0.001,0,-1,-1,-1
Intel Xeon CPU E5-2695 v2 @ 2.40GHz,NoMemory,ONE_D,2048,1,1,28,0,0,0,-1,-1,-1
Intel Xeon CPU E5-2695 v2 @ 2.40GHz,NoMemory,ONE_D,4096,1,1,28,0,0,0,-1,-1,-1
Intel Xeon CPU E5-2695 v2 @ 2.40GHz,NoMemory,ONE_D,8192,1,1,28,0,0,0,-1,-1,-1
Intel Xeon CPU E5-2695 v2 @ 2.40GHz,NoMemory,ONE_D,1,1,1,28,0,0,0,0.214,0,0.741
Intel Xeon CPU E5-2695 v2 @ 2.40GHz,NoMemory,ONE_D,2,1,1,28,0.001,0.001,0,0.429,0,0.914
Intel Xeon CPU E5-2695 v2 @ 2.40GHz,NoMemory,ONE_D,4,1,1,28,0,0,0,0.37,0,0.793
Intel Xeon CPU E5-2695 v2 @ 2.40GHz,NoMemory,ONE_D,8,1,1,28,0,0.001,0,0.345,0,1.022
Intel Xeon CPU E5-2695 v2 @ 2.40GHz,NoMemory,ONE_D,16,1,1,28,0,0.001,0,0.095,0,1.139
Intel Xeon CPU E5-2695 v2 @ 2.40GHz,NoMemory,ONE_D,32,1,1,28,0.001,0.001,0,0.112,0,0.896
Intel Xeon CPU E5-2695 v2 @ 2.40GHz,NoMemory,ONE_D,64,1,1,28,0.001,0,0.001,0.159,0,0.858
Intel Xeon CPU E5-2695 v2 @ 2.40GHz,NoMemory,ONE_D,128,1,1,28,0,0.001,0,0.089,0,0.893
Intel Xeon CPU E5-2695 v2 @ 2.40GHz,NoMemory,ONE_D,256,1,1,28,0,0,0,0.139,0,0.881
Intel Xeon CPU E5-2695 v2 @ 2.40GHz,NoMemory,ONE_D,512,1,1,28,0,0,0,0.045,0,0.487
Intel Xeon CPU E5-2695 v2 @ 2.40GHz,NoMemory,ONE_D,1024,1,1,28,0,0,0,-1,-1,-1
Intel Xeon CPU E5-2695 v2 @ 2.40GHz,NoMemory,ONE_D,2048,1,1,28,0.001,0,0.001,-1,-1,-1
Intel Xeon CPU E5-2695 v2 @ 2.40GHz,NoMemory,ONE_D,4096,1,1,28,0,0,0,-1,-1,-1
Intel Xeon CPU E5-2695 v2 @ 2.40GHz,NoMemory,ONE_D,8192,1,1,28,0,0,0,-1,-1,-1
Intel Xeon CPU E5-2695 v2 @ 2.40GHz,NoMemory,ONE_D,1,1,1,28,0,0.001,0,0.164,0,0.659
Intel Xeon CPU E5-2695 v2 @ 2.40GHz,NoMemory,ONE_D,2,1,1,28,0,0,0,0.132,0,0.573
Intel Xeon CPU E5-2695 v2 @ 2.40GHz,NoMemory,ONE_D,4,1,1,28,0,0,0,0.107,0,0.591
Intel Xeon CPU E5-2695 v2 @ 2.40GHz,NoMemory,ONE_D,8,1,1,28,0,0,0,0.091,0.001,0.615
Intel Xeon CPU E5-2695 v2 @ 2.40GHz,NoMemory,ONE_D,16,1,1,28,0,0,0.001,0.086,0,0.637
Intel Xeon CPU E5-2695 v2 @ 2.40GHz,NoMemory,ONE_D,32,1,1,28,0,0,0,0.076,0.001,0.569
Intel Xeon CPU E5-2695 v2 @ 2.40GHz,NoMemory,ONE_D,64,1,1,28,0,0,0,0.079,0,0.58
Intel Xeon CPU E5-2695 v2 @ 2.40GHz,NoMemory,ONE_D,128,1,1,28,0,0.001,0,0.07,0,0.554
Intel Xeon CPU E5-2695 v2 @ 2.40GHz,NoMemory,ONE_D,256,1,1,28,0,0,0,0.076,0,0.545
Intel Xeon CPU E5-2695 v2 @ 2.40GHz,NoMemory,ONE_D,512,1,1,28,0,0,0,0.08,0,0.551
Intel Xeon CPU E5-2695 v2 @ 2.40GHz,NoMemory,ONE_D,1024,1,1,28,0,0,0,-1,-1,-1
Intel Xeon CPU E5-2695 v2 @ 2.40GHz,NoMemory,ONE_D,2048,1,1,28,0,0.001,0,-1,-1,-1
Intel Xeon CPU E5-2695 v2 @ 2.40GHz,NoMemory,ONE_D,4096,1,1,28,0,0,0,-1,-1,-1
Intel Xeon CPU E5-2695 v2 @ 2.40GHz,NoMemory,ONE_D,8192,1,1,28,0,0,0,-1,-1,-1
Intel Xeon CPU E5-2695 v2 @ 2.40GHz,NoMemory,ONE_D,1,1,1,28,0.001,0,0.001,0.238,0.001,0.565
Intel Xeon CPU E5-2695 v2 @ 2.40GHz,NoMemory,ONE_D,2,1,1,28,0,0,0,0.113,0,0.463
Intel Xeon CPU E5-2695 v2 @ 2.40GHz,NoMemory,ONE_D,4,1,1,28,0,0,0,0.102,0,0.479
Intel Xeon CPU E5-2695 v2 @ 2.40GHz,NoMemory,ONE_D,8,1,1,28,0.001,0,0.001,0.069,0,0.468
Intel Xeon CPU E5-2695 v2 @ 2.40GHz,NoMemory,ONE_D,16,1,1,28,0,0,0,0.107,0,0.589
Intel Xeon CPU E5-2695 v2 @ 2.40GHz,NoMemory,ONE_D,32,1,1,28,0,0,0,0.051,0,0.472
Intel Xeon CPU E5-2695 v2 @ 2.40GHz,NoMemory,ONE_D,64,1,1,28,0,0,0,0.054,0,0.476
Intel Xeon CPU E5-2695 v2 @ 2.40GHz,NoMemory,ONE_D,128,1,1,28,0,0,0,0.067,0.001,0.467
Intel Xeon CPU E5-2695 v2 @ 2.40GHz,NoMemory,ONE_D,256,1,1,28,0,0,0,0.071,0,0.494
Intel Xeon CPU E5-2695 v2 @ 2.40GHz,NoMemory,ONE_D,512,1,1,28,0,0,0,0.051,0,0.476
Intel Xeon CPU E5-2695 v2 @ 2.40GHz,NoMemory,ONE_D,1024,1,1,28,0,0,0,-1,-1,-1
Intel Xeon CPU E5-2695 v2 @ 2.40GHz,NoMemory,ONE_D,2048,1,1,28,0,0,0,-1,-1,-1
Intel Xeon CPU E5-2695 v2 @ 2.40GHz,NoMemory,ONE_D,4096,1,1,28,0,0.001,0,-1,-1,-1
Intel Xeon CPU E5-2695 v2 @ 2.40GHz,NoMemory,ONE_D,8192,1,1,28,0,0,0,-1,-1,-1
Intel Xeon CPU E5-2695 v2 @ 2.40GHz,NoMemory,ONE_D,1,1,1,28,0,0,0,0.118,0.001,0.483
Intel Xeon CPU E5-2695 v2 @ 2.40GHz,NoMemory,ONE_D,2,1,1,28,0.001,0.001,0,0.135,0,0.654
Intel Xeon CPU E5-2695 v2 @ 2.40GHz,NoMemory,ONE_D,4,1,1,28,0.001,0,0.001,0.214,0.001,0.56
Intel Xeon CPU E5-2695 v2 @ 2.40GHz,NoMemory,ONE_D,8,1,1,28,0,0,0,0.093,0,0.647
Intel Xeon CPU E5-2695 v2 @ 2.40GHz,NoMemory,ONE_D,16,1,1,28,0,0,0,0.071,0,0.459
Intel Xeon CPU E5-2695 v2 @ 2.40GHz,NoMemory,ONE_D,32,1,1,28,0,0,0,0.051,0,0.588
Intel Xeon CPU E5-2695 v2 @ 2.40GHz,NoMemory,ONE_D,64,1,1,28,0.001,0,0,0.052,0,0.558
Intel Xeon CPU E5-2695 v2 @ 2.40GHz,NoMemory,ONE_D,128,1,1,28,0.001,0,0.001,0.127,0,0.476
Intel Xeon CPU E5-2695 v2 @ 2.40GHz,NoMemory,ONE_D,256,1,1,28,0,0,0,0.051,0,0.451
Intel Xeon CPU E5-2695 v2 @ 2.40GHz,NoMemory,ONE_D,512,1,1,28,0,0,0,0.056,0,0.466
Intel Xeon CPU E5-2695 v2 @ 2.40GHz,NoMemory,ONE_D,1024,1,1,28,0.001,0,0.001,-1,-1,-1
Intel Xeon CPU E5-2695 v2 @ 2.40GHz,NoMemory,ONE_D,2048,1,1,28,0,0,0,-1,-1,-1
Intel Xeon CPU E5-2695 v2 @ 2.40GHz,NoMemory,ONE_D,4096,1,1,28,0,0,0,-1,-1,-1
Intel Xeon CPU E5-2695 v2 @ 2.40GHz,NoMemory,ONE_D,8192,1,1,28,0,0,0,-1,-1,-1
Intel Xeon CPU E5-2695 v2 @ 2.40GHz,NoMemory,ONE_D,1,1,1,28,0.001,0,0,0.185,0,0.457
Intel Xeon CPU E5-2695 v2 @ 2.40GHz,NoMemory,ONE_D,2,1,1,28,0,0,0,0.123,0,0.437
Intel Xeon CPU E5-2695 v2 @ 2.40GHz,NoMemory,ONE_D,4,1,1,28,0,0.001,0,0.083,0,0.525
Intel Xeon CPU E5-2695 v2 @ 2.40GHz,NoMemory,ONE_D,8,1,1,28,0,0,0,0.119,0.001,0.584
Intel Xeon CPU E5-2695 v2 @ 2.40GHz,NoMemory,ONE_D,16,1,1,28,0,0.001,0,0.113,0.001,0.788
Intel Xeon CPU E5-2695 v2 @ 2.40GHz,NoMemory,ONE_D,32,1,1,28,0.001,0,0,0.112,0,0.757
Intel Xeon CPU E5-2695 v2 @ 2.40GHz,NoMemory,ONE_D,64,1,1,28,0,0,0,0.167,0,0.683
Intel Xeon CPU E5-2695 v2 @ 2.40GHz,NoMemory,ONE_D,128,1,1,28,0,0,0,0.091,0.001,0.744
Intel Xeon CPU E5-2695 v2 @ 2.40GHz,NoMemory,ONE_D,256,1,1,28,0,0.001,0,0.124,0,0.721
Intel Xeon CPU E5-2695 v2 @ 2.40GHz,NoMemory,ONE_D,512,1,1,28,0.001,0,0,0.082,0,0.64
Intel Xeon CPU E5-2695 v2 @ 2.40GHz,NoMemory,ONE_D,1024,1,1,28,0.001,0,0,-1,-1,-1
Intel Xeon CPU E5-2695 v2 @ 2.40GHz,NoMemory,ONE_D,2048,1,1,28,0,0,0,-1,-1,-1
Intel Xeon CPU E5-2695 v2 @ 2.40GHz,NoMemory,ONE_D,4096,1,1,28,0.001,0,0.001,-1,-1,-1
Intel Xeon CPU E5-2695 v2 @ 2.40GHz,NoMemory,ONE_D,8192,1,1,28,0,0,0,-1,-1,-1
Intel Xeon CPU E5-2695 v2 @ 2.40GHz,NoMemory,ONE_D,1,1,1,28,0.001,0,0,0.203,0.001,0.57
Intel Xeon CPU E5-2695 v2 @ 2.40GHz,NoMemory,ONE_D,2,1,1,28,0,0,0,0.143,0,0.835
Intel Xeon CPU E5-2695 v2 @ 2.40GHz,NoMemory,ONE_D,4,1,1,28,0,0,0,0.157,0.001,0.922
Intel Xeon CPU E5-2695 v2 @ 2.40GHz,NoMemory,ONE_D,8,1,1,28,0,0,0,0.137,0,0.917
Intel Xeon CPU E5-2695 v2 @ 2.40GHz,NoMemory,ONE_D,16,1,1,28,0,0.001,0,0.105,0,0.934
Intel Xeon CPU E5-2695 v2 @ 2.40GHz,NoMemory,ONE_D,32,1,1,28,0,0,0,0.332,0,0.464
Intel Xeon CPU E5-2695 v2 @ 2.40GHz,NoMemory,ONE_D,64,1,1,28,0,0,0,0.043,0.001,0.73
Intel Xeon CPU E5-2695 v2 @ 2.40GHz,NoMemory,ONE_D,128,1,1,28,0.001,0,0,0.045,0,0.673
Intel Xeon CPU E5-2695 v2 @ 2.40GHz,NoMemory,ONE_D,256,1,1,28,0,0,0,0.041,0.001,0.604
Intel Xeon CPU E5-2695 v2 @ 2.40GHz,NoMemory,ONE_D,512,1,1,28,0.001,0,0.001,0.051,0,0.62
Intel Xeon CPU E5-2695 v2 @ 2.40GHz,NoMemory,ONE_D,1024,1,1,28,0,0,0,-1,-1,-1
Intel Xeon CPU E5-2695 v2 @ 2.40GHz,NoMemory,ONE_D,2048,1,1,28,0,0,0,-1,-1,-1
Intel Xeon CPU E5-2695 v2 @ 2.40GHz,NoMemory,ONE_D,4096,1,1,28,0,0,0,-1,-1,-1
Intel Xeon CPU E5-2695 v2 @ 2.40GHz,NoMemory,ONE_D,8192,1,1,28,0,0,0,-1,-1,-1
Intel Xeon CPU E5-2695 v2 @ 2.40GHz,NoMemory,ONE_D,1,1,1,28,0.001,0,0,0.221,0.001,0.606
Intel Xeon CPU E5-2695 v2 @ 2.40GHz,NoMemory,ONE_D,2,1,1,28,0.001,0.001,0,0.104,0,0.544
Intel Xeon CPU E5-2695 v2 @ 2.40GHz,NoMemory,ONE_D,4,1,1,28,0,0.001,0,0.102,0,0.446
Intel Xeon CPU E5-2695 v2 @ 2.40GHz,NoMemory,ONE_D,8,1,1,28,0.001,0,0,0.107,0,0.5
Intel Xeon CPU E5-2695 v2 @ 2.40GHz,NoMemory,ONE_D,16,1,1,28,0.001,0,0.001,0.054,0,0.55
Intel Xeon CPU E5-2695 v2 @ 2.40GHz,NoMemory,ONE_D,32,1,1,28,0,0,0,0.094,0,0.796
Intel Xeon CPU E5-2695 v2 @ 2.40GHz,NoMemory,ONE_D,64,1,1,28,0,0.001,0,0.086,0,0.539
Intel Xeon CPU E5-2695 v2 @ 2.40GHz,NoMemory,ONE_D,128,1,1,28,0,0,0,0.045,0,0.467
Intel Xeon CPU E5-2695 v2 @ 2.40GHz,NoMemory,ONE_D,256,1,1,28,0,0,0,0.042,0.001,0.462
Intel Xeon CPU E5-2695 v2 @ 2.40GHz,NoMemory,ONE_D,512,1,1,28,0,0,0,0.046,0,0.454
Intel Xeon CPU E5-2695 v2 @ 2.40GHz,NoMemory,ONE_D,1024,1,1,28,0,0,0,-1,-1,-1
Intel Xeon CPU E5-2695 v2 @ 2.40GHz,NoMemory,ONE_D,2048,1,1,28,0,0,0,-1,-1,-1
Intel Xeon CPU E5-2695 v2 @ 2.40GHz,NoMemory,ONE_D,4096,1,1,28,0,0,0,-1,-1,-1
Intel Xeon CPU E5-2695 v2 @ 2.40GHz,NoMemory,ONE_D,8192,1,1,28,0,0,0,-1,-1,-1
Intel Xeon CPU E5-2695 v2 @ 2.40GHz,NoMemory,ONE_D,1,1,1,28,0,0.001,0,0.124,0,0.745
Intel Xeon CPU E5-2695 v2 @ 2.40GHz,NoMemory,ONE_D,2,1,1,28,0,0,0,0.647,0,0.545
Intel Xeon CPU E5-2695 v2 @ 2.40GHz,NoMemory,ONE_D,4,1,1,28,0,0,0,0.079,0,0.692
Intel Xeon CPU E5-2695 v2 @ 2.40GHz,NoMemory,ONE_D,8,1,1,28,0,0,0,0.061,0,0.8
Intel Xeon CPU E5-2695 v2 @ 2.40GHz,NoMemory,ONE_D,16,1,1,28,0,0,0,0.357,0,0.787
Intel Xeon CPU E5-2695 v2 @ 2.40GHz,NoMemory,ONE_D,32,1,1,28,0,0,0,0.328,0,0.49
Intel Xeon CPU E5-2695 v2 @ 2.40GHz,NoMemory,ONE_D,64,1,1,28,0,0,0,0.044,0,0.686
Intel Xeon CPU E5-2695 v2 @ 2.40GHz,NoMemory,ONE_D,128,1,1,28,0.001,0,0.001,0.043,0.001,0.687
Intel Xeon CPU E5-2695 v2 @ 2.40GHz,NoMemory,ONE_D,256,1,1,28,0,0.001,0,0.048,0,0.708
Intel Xeon CPU E5-2695 v2 @ 2.40GHz,NoMemory,ONE_D,512,1,1,28,0,0,0,0.04,0.001,0.662
Intel Xeon CPU E5-2695 v2 @ 2.40GHz,NoMemory,ONE_D,1024,1,1,28,0,0,0,-1,-1,-1
Intel Xeon CPU E5-2695 v2 @ 2.40GHz,NoMemory,ONE_D,2048,1,1,28,0,0,0,-1,-1,-1
Intel Xeon CPU E5-2695 v2 @ 2.40GHz,NoMemory,ONE_D,4096,1,1,28,0,0,0,-1,-1,-1
Intel Xeon CPU E5-2695 v2 @ 2.40GHz,NoMemory,ONE_D,8192,1,1,28,0,0,0,-1,-1,-1
Intel Xeon CPU E5-2695 v2 @ 2.40GHz,NoMemory,ONE_D,1,1,1,28,0,0,0,0.19,0.001,0.779
Intel Xeon CPU E5-2695 v2 @ 2.40GHz,NoMemory,ONE_D,2,1,1,28,0.001,0.001,0,0.196,0.001,0.818
Intel Xeon CPU E5-2695 v2 @ 2.40GHz,NoMemory,ONE_D,4,1,1,28,0,0,0,0.186,0.001,0.558
Intel Xeon CPU E5-2695 v2 @ 2.40GHz,NoMemory,ONE_D,8,1,1,28,0,0,0,0.061,0.001,0.437
Intel Xeon CPU E5-2695 v2 @ 2.40GHz,NoMemory,ONE_D,16,1,1,28,0,0,0,0.15,0,0.482
Intel Xeon CPU E5-2695 v2 @ 2.40GHz,NoMemory,ONE_D,32,1,1,28,0,0.001,0,0.06,0,0.464
Intel Xeon CPU E5-2695 v2 @ 2.40GHz,NoMemory,ONE_D,64,1,1,28,0,0,0,0.049,0.001,0.446
Intel Xeon CPU E5-2695 v2 @ 2.40GHz,NoMemory,ONE_D,128,1,1,28,0,0,0,0.048,0.001,0.463
Intel Xeon CPU E5-2695 v2 @ 2.40GHz,NoMemory,ONE_D,256,1,1,28,0,0,0,0.045,0,0.44
Intel Xeon CPU E5-2695 v2 @ 2.40GHz,NoMemory,ONE_D,512,1,1,28,0,0,0,0.042,0,0.453
Intel Xeon CPU E5-2695 v2 @ 2.40GHz,NoMemory,ONE_D,1024,1,1,28,0.001,0,0,-1,-1,-1
Intel Xeon CPU E5-2695 v2 @ 2.40GHz,NoMemory,ONE_D,2048,1,1,28,0,0,0,-1,-1,-1
Intel Xeon CPU E5-2695 v2 @ 2.40GHz,NoMemory,ONE_D,4096,1,1,28,0,0,0,-1,-1,-1
Intel Xeon CPU E5-2695 v2 @ 2.40GHz,NoMemory,ONE_D,8192,1,1,28,0,0,0.001,-1,-1,-1
Intel Xeon CPU E5-2695 v2 @ 2.40GHz,NoMemory,ONE_D,1,1,1,28,0,0,0,0.151,0.001,0.709
Intel Xeon CPU E5-2695 v2 @ 2.40GHz,NoMemory,ONE_D,2,1,1,28,0.001,0.001,0,0.092,0.001,0.697
Intel Xeon CPU E5-2695 v2 @ 2.40GHz,NoMemory,ONE_D,4,1,1,28,0,0,0,0.421,0,0.73
Intel Xeon CPU E5-2695 v2 @ 2.40GHz,NoMemory,ONE_D,8,1,1,28,0,0,0,0.063,0,0.736
Intel Xeon CPU E5-2695 v2 @ 2.40GHz,NoMemory,ONE_D,16,1,1,28,0,0.001,0,0.052,0.001,0.714
Intel Xeon CPU E5-2695 v2 @ 2.40GHz,NoMemory,ONE_D,32,1,1,28,0,0,0,0.052,0,0.623
Intel Xeon CPU E5-2695 v2 @ 2.40GHz,NoMemory,ONE_D,64,1,1,28,0,0,0,0.051,0,0.599
Intel Xeon CPU E5-2695 v2 @ 2.40GHz,NoMemory,ONE_D,128,1,1,28,0,0,0,0.049,0,0.653
Intel Xeon CPU E5-2695 v2 @ 2.40GHz,NoMemory,ONE_D,256,1,1,28,0,0,0,0.051,0,0.577
Intel Xeon CPU E5-2695 v2 @ 2.40GHz,NoMemory,ONE_D,512,1,1,28,0,0,0,0.043,0.001,0.629
Intel Xeon CPU E5-2695 v2 @ 2.40GHz,NoMemory,ONE_D,1024,1,1,28,0,0,0,-1,-1,-1
Intel Xeon CPU E5-2695 v2 @ 2.40GHz,NoMemory,ONE_D,2048,1,1,28,0,0,0,-1,-1,-1
Intel Xeon CPU E5-2695 v2 @ 2.40GHz,NoMemory,ONE_D,4096,1,1,28,0,0,0,-1,-1,-1
Intel Xeon CPU E5-2695 v2 @ 2.40GHz,NoMemory,ONE_D,8192,1,1,28,0,0,0.001,-1,-1,-1
Intel Xeon CPU E5-2695 v2 @ 2.40GHz,NoMemory,ONE_D,1,1,1,28,0.001,0,0,0.133,0,0.491
Intel Xeon CPU E5-2695 v2 @ 2.40GHz,NoMemory,ONE_D,2,1,1,28,0,0.001,0,0.098,0.001,0.585
Intel Xeon CPU E5-2695 v2 @ 2.40GHz,NoMemory,ONE_D,4,1,1,28,0,0,0,0.134,0,0.448
Intel Xeon CPU E5-2695 v2 @ 2.40GHz,NoMemory,ONE_D,8,1,1,28,0.001,0,0.001,0.063,0,0.466
Intel Xeon CPU E5-2695 v2 @ 2.40GHz,NoMemory,ONE_D,16,1,1,28,0,0,0,0.056,0,0.459
Intel Xeon CPU E5-2695 v2 @ 2.40GHz,NoMemory,ONE_D,32,1,1,28,0,0,0,0.052,0,0.449
Intel Xeon CPU E5-2695 v2 @ 2.40GHz,NoMemory,ONE_D,64,1,1,28,0,0,0,0.046,0,0.465
Intel Xeon CPU E5-2695 v2 @ 2.40GHz,NoMemory,ONE_D,128,1,1,28,0,0,0,0.048,0,0.489
Intel Xeon CPU E5-2695 v2 @ 2.40GHz,NoMemory,ONE_D,256,1,1,28,0,0,0,0.056,0,0.462
Intel Xeon CPU E5-2695 v2 @ 2.40GHz,NoMemory,ONE_D,512,1,1,28,0,0,0,0.048,0,0.455
Intel Xeon CPU E5-2695 v2 @ 2.40GHz,NoMemory,ONE_D,1024,1,1,28,0.001,0.001,0,-1,-1,-1
Intel Xeon CPU E5-2695 v2 @ 2.40GHz,NoMemory,ONE_D,2048,1,1,28,0,0,0.001,-1,-1,-1
Intel Xeon CPU E5-2695 v2 @ 2.40GHz,NoMemory,ONE_D,4096,1,1,28,0,0,0.001,-1,-1,-1
Intel Xeon CPU E5-2695 v2 @ 2.40GHz,NoMemory,ONE_D,8192,1,1,28,0,0,0,-1,-1,-1
Intel Xeon CPU E5-2695 v2 @ 2.40GHz,NoMemory,ONE_D,1,1,1,28,0,0,0,0.575,0,0.652
Intel Xeon CPU E5-2695 v2 @ 2.40GHz,NoMemory,ONE_D,2,1,1,28,0,0,0,0.362,0,0.65
Intel Xeon CPU E5-2695 v2 @ 2.40GHz,NoMemory,ONE_D,4,1,1,28,0,0,0,0.076,0,0.739
Intel Xeon CPU E5-2695 v2 @ 2.40GHz,NoMemory,ONE_D,8,1,1,28,0,0.001,0,0.065,0,0.716
Intel Xeon CPU E5-2695 v2 @ 2.40GHz,NoMemory,ONE_D,16,1,1,28,0,0,0,0.073,0,0.752
Intel Xeon CPU E5-2695 v2 @ 2.40GHz,NoMemory,ONE_D,32,1,1,28,0,0,0,0.046,0,0.659
Intel Xeon CPU E5-2695 v2 @ 2.40GHz,NoMemory,ONE_D,64,1,1,28,0,0,0,0.048,0,0.625
Intel Xeon CPU E5-2695 v2 @ 2.40GHz,NoMemory,ONE_D,128,1,1,28,0,0,0,0.048,0,0.727
Intel Xeon CPU E5-2695 v2 @ 2.40GHz,NoMemory,ONE_D,256,1,1,28,0,0,0,0.042,0,0.75
Intel Xeon CPU E5-2695 v2 @ 2.40GHz,NoMemory,ONE_D,512,1,1,28,0.001,0,0.001,13.895,0,0.469
Intel Xeon CPU E5-2695 v2 @ 2.40GHz,NoMemory,ONE_D,1024,1,1,28,0,0,0,-1,-1,-1
Intel Xeon CPU E5-2695 v2 @ 2.40GHz,NoMemory,ONE_D,2048,1,1,28,0,0,0,-1,-1,-1
Intel Xeon CPU E5-2695 v2 @ 2.40GHz,NoMemory,ONE_D,4096,1,1,28,0,0,0.001,-1,-1,-1
Intel Xeon CPU E5-2695 v2 @ 2.40GHz,NoMemory,ONE_D,8192,1,1,28,0,0,0,-1,-1,-1
Intel Xeon CPU E5-2695 v2 @ 2.40GHz,NoMemory,ONE_D,1,1,1,28,0,0,0,0.56,0.001,0.88
Intel Xeon CPU E5-2695 v2 @ 2.40GHz,NoMemory,ONE_D,2,1,1,28,0,0,0,0.421,0,1.068
Intel Xeon CPU E5-2695 v2 @ 2.40GHz,NoMemory,ONE_D,4,1,1,28,0.001,0,0,0.531,0.001,1.053
Intel Xeon CPU E5-2695 v2 @ 2.40GHz,NoMemory,ONE_D,8,1,1,28,0,0,0,0.383,0.001,0.75
Intel Xeon CPU E5-2695 v2 @ 2.40GHz,NoMemory,ONE_D,16,1,1,28,0.001,0,0.001,0.054,0,0.738
Intel Xeon CPU E5-2695 v2 @ 2.40GHz,NoMemory,ONE_D,32,1,1,28,0,0.001,0,0.056,0,0.691
Intel Xeon CPU E5-2695 v2 @ 2.40GHz,NoMemory,ONE_D,64,1,1,28,0,0,0,0.342,0,0.402
Intel Xeon CPU E5-2695 v2 @ 2.40GHz,NoMemory,ONE_D,128,1,1,28,0,0,0,0.046,0,0.65
Intel Xeon CPU E5-2695 v2 @ 2.40GHz,NoMemory,ONE_D,256,1,1,28,0,0,0,0.045,0,0.705
Intel Xeon CPU E5-2695 v2 @ 2.40GHz,NoMemory,ONE_D,512,1,1,28,0,0,0,0.398,0,0.595
Intel Xeon CPU E5-2695 v2 @ 2.40GHz,NoMemory,ONE_D,1024,1,1,28,0,0,0,-1,-1,-1
Intel Xeon CPU E5-2695 v2 @ 2.40GHz,NoMemory,ONE_D,2048,1,1,28,0,0,0,-1,-1,-1
Intel Xeon CPU E5-2695 v2 @ 2.40GHz,NoMemory,ONE_D,4096,1,1,28,0,0,0,-1,-1,-1
Intel Xeon CPU E5-2695 v2 @ 2.40GHz,NoMemory,ONE_D,8192,1,1,28,0,0,0.001,-1,-1,-1
Intel Xeon CPU E5-2695 v2 @ 2.40GHz,NoMemory,ONE_D,1,1,1,28,0,0.001,0,0.13,0,0.544
Intel Xeon CPU E5-2695 v2 @ 2.40GHz,NoMemory,ONE_D,2,1,1,28,0,0,0,0.137,0,0.834
Intel Xeon CPU E5-2695 v2 @ 2.40GHz,NoMemory,ONE_D,4,1,1,28,0.001,0,0,0.105,0,0.5
Intel Xeon CPU E5-2695 v2 @ 2.40GHz,NoMemory,ONE_D,8,1,1,28,0,0,0,0.068,0,0.504
Intel Xeon CPU E5-2695 v2 @ 2.40GHz,NoMemory,ONE_D,16,1,1,28,0,0,0,0.053,0,0.457
Intel Xeon CPU E5-2695 v2 @ 2.40GHz,NoMemory,ONE_D,32,1,1,28,0,0,0,0.054,0,0.462
Intel Xeon CPU E5-2695 v2 @ 2.40GHz,NoMemory,ONE_D,64,1,1,28,0,0,0,0.052,0,0.444
Intel Xeon CPU E5-2695 v2 @ 2.40GHz,NoMemory,ONE_D,128,1,1,28,0,0,0,0.046,0,0.458
Intel Xeon CPU E5-2695 v2 @ 2.40GHz,NoMemory,ONE_D,256,1,1,28,0,0,0,0.048,0,0.467
Intel Xeon CPU E5-2695 v2 @ 2.40GHz,NoMemory,ONE_D,512,1,1,28,0.001,0,0,0.044,0.001,0.464
Intel Xeon CPU E5-2695 v2 @ 2.40GHz,NoMemory,ONE_D,1024,1,1,28,0,0.001,0,-1,-1,-1
Intel Xeon CPU E5-2695 v2 @ 2.40GHz,NoMemory,ONE_D,2048,1,1,28,0,0,0,-1,-1,-1
Intel Xeon CPU E5-2695 v2 @ 2.40GHz,NoMemory,ONE_D,4096,1,1,28,0,0,0,-1,-1,-1
Intel Xeon CPU E5-2695 v2 @ 2.40GHz,NoMemory,ONE_D,8192,1,1,28,0,0,0,-1,-1,-1
Intel Xeon CPU E5-2695 v2 @ 2.40GHz,NoMemory,ONE_D,1,1,1,28,0,0,0,0.135,0,0.502
Intel Xeon CPU E5-2695 v2 @ 2.40GHz,NoMemory,ONE_D,2,1,1,28,0,0,0,0.094,0,0.575
Intel Xeon CPU E5-2695 v2 @ 2.40GHz,NoMemory,ONE_D,4,1,1,28,0,0,0,0.138,0,0.547
Intel Xeon CPU E5-2695 v2 @ 2.40GHz,NoMemory,ONE_D,8,1,1,28,0,0,0,0.097,0,0.435
Intel Xeon CPU E5-2695 v2 @ 2.40GHz,NoMemory,ONE_D,16,1,1,28,0,0,0,0.063,0,0.443
Intel Xeon CPU E5-2695 v2 @ 2.40GHz,NoMemory,ONE_D,32,1,1,28,0,0,0,0.055,0.001,0.436
Intel Xeon CPU E5-2695 v2 @ 2.40GHz,NoMemory,ONE_D,64,1,1,28,0,0,0,0.065,0,0.433
Intel Xeon CPU E5-2695 v2 @ 2.40GHz,NoMemory,ONE_D,128,1,1,28,0,0,0,0.047,0.001,0.465
Intel Xeon CPU E5-2695 v2 @ 2.40GHz,NoMemory,ONE_D,256,1,1,28,0.001,0,0,0.045,0.001,0.433
Intel Xeon CPU E5-2695 v2 @ 2.40GHz,NoMemory,ONE_D,512,1,1,28,0,0.001,0,0.043,0,0.422
Intel Xeon CPU E5-2695 v2 @ 2.40GHz,NoMemory,ONE_D,1024,1,1,28,0,0,0,-1,-1,-1
Intel Xeon CPU E5-2695 v2 @ 2.40GHz,NoMemory,ONE_D,2048,1,1,28,0,0,0,-1,-1,-1
Intel Xeon CPU E5-2695 v2 @ 2.40GHz,NoMemory,ONE_D,4096,1,1,28,0,0,0,-1,-1,-1
Intel Xeon CPU E5-2695 v2 @ 2.40GHz,NoMemory,ONE_D,8192,1,1,28,0,0,0,-1,-1,-1
Intel Xeon CPU E5-2695 v2 @ 2.40GHz,NoMemory,ONE_D,1,1,1,28,0,0,0,0.12,0,0.604
Intel Xeon CPU E5-2695 v2 @ 2.40GHz,NoMemory,ONE_D,2,1,1,28,0,0,0,0.53,0,1.082
Intel Xeon CPU E5-2695 v2 @ 2.40GHz,NoMemory,ONE_D,4,1,1,28,0,0,0,0.398,0,0.64
Intel Xeon CPU E5-2695 v2 @ 2.40GHz,NoMemory,ONE_D,8,1,1,28,0,0,0,0.084,0,0.964
Intel Xeon CPU E5-2695 v2 @ 2.40GHz,NoMemory,ONE_D,16,1,1,28,0,0,0,0.049,0.001,0.825
Intel Xeon CPU E5-2695 v2 @ 2.40GHz,NoMemory,ONE_D,32,1,1,28,0,0.001,0,0.088,0,1.11
Intel Xeon CPU E5-2695 v2 @ 2.40GHz,NoMemory,ONE_D,64,1,1,28,0,0.001,0,0.083,0,1.046
Intel Xeon CPU E5-2695 v2 @ 2.40GHz,NoMemory,ONE_D,128,1,1,28,0,0,0,0.122,0,0.508
Intel Xeon CPU E5-2695 v2 @ 2.40GHz,NoMemory,ONE_D,256,1,1,28,0.001,0,0.001,0.047,0,0.576
Intel Xeon CPU E5-2695 v2 @ 2.40GHz,NoMemory,ONE_D,512,1,1,28,0,0,0,0.044,0,0.571
Intel Xeon CPU E5-2695 v2 @ 2.40GHz,NoMemory,ONE_D,1024,1,1,28,0,0.001,0,-1,-1,-1
Intel Xeon CPU E5-2695 v2 @ 2.40GHz,NoMemory,ONE_D,2048,1,1,28,0,0,0,-1,-1,-1
Intel Xeon CPU E5-2695 v2 @ 2.40GHz,NoMemory,ONE_D,4096,1,1,28,0,0,0,-1,-1,-1
Intel Xeon CPU E5-2695 v2 @ 2.40GHz,NoMemory,ONE_D,8192,1,1,28,0,0,0,-1,-1,-1
Intel Xeon CPU E5-2695 v2 @ 2.40GHz,NoMemory,ONE_D,1,1,1,28,0.001,0,0,0.165,0.001,0.525
Intel Xeon CPU E5-2695 v2 @ 2.40GHz,NoMemory,ONE_D,2,1,1,28,0,0,0,0.137,0,0.467
Intel Xeon CPU E5-2695 v2 @ 2.40GHz,NoMemory,ONE_D,4,1,1,28,0,0,0,0.132,0,0.428
Intel Xeon CPU E5-2695 v2 @ 2.40GHz,NoMemory,ONE_D,8,1,1,28,0,0,0,0.081,0.001,0.425
Intel Xeon CPU E5-2695 v2 @ 2.40GHz,NoMemory,ONE_D,16,1,1,28,0,0,0,0.057,0,0.434
Intel Xeon CPU E5-2695 v2 @ 2.40GHz,NoMemory,ONE_D,32,1,1,28,0,0.001,0,0.048,0,0.411
Intel Xeon CPU E5-2695 v2 @ 2.40GHz,NoMemory,ONE_D,64,1,1,28,0,0.001,0,0.049,0,0.465
Intel Xeon CPU E5-2695 v2 @ 2.40GHz,NoMemory,ONE_D,128,1,1,28,0,0,0,0.047,0,0.438
Intel Xeon CPU E5-2695 v2 @ 2.40GHz,NoMemory,ONE_D,256,1,1,28,0,0,0,0.048,0,0.528
Intel Xeon CPU E5-2695 v2 @ 2.40GHz,NoMemory,ONE_D,512,1,1,28,0.001,0,0.001,0.045,0,0.433
Intel Xeon CPU E5-2695 v2 @ 2.40GHz,NoMemory,ONE_D,1024,1,1,28,0.001,0,0.001,-1,-1,-1
Intel Xeon CPU E5-2695 v2 @ 2.40GHz,NoMemory,ONE_D,2048,1,1,28,0,0,0,-1,-1,-1
Intel Xeon CPU E5-2695 v2 @ 2.40GHz,NoMemory,ONE_D,4096,1,1,28,0,0,0,-1,-1,-1
Intel Xeon CPU E5-2695 v2 @ 2.40GHz,NoMemory,ONE_D,8192,1,1,28,0,0,0.001,-1,-1,-1
Intel Xeon CPU E5-2695 v2 @ 2.40GHz,NoMemory,ONE_D,1,1,1,28,0,0,0,0.122,0,0.542
Intel Xeon CPU E5-2695 v2 @ 2.40GHz,NoMemory,ONE_D,2,1,1,28,0,0,0,0.138,0,0.497
Intel Xeon CPU E5-2695 v2 @ 2.40GHz,NoMemory,ONE_D,4,1,1,28,0.001,0,0,0.114,0,0.455
Intel Xeon CPU E5-2695 v2 @ 2.40GHz,NoMemory,ONE_D,8,1,1,28,0,0,0,0.076,0,0.444
Intel Xeon CPU E5-2695 v2 @ 2.40GHz,NoMemory,ONE_D,16,1,1,28,0.001,0,0.001,0.06,0,0.499
Intel Xeon CPU E5-2695 v2 @ 2.40GHz,NoMemory,ONE_D,32,1,1,28,0.001,0,0,0.092,0.001,0.681
Intel Xeon CPU E5-2695 v2 @ 2.40GHz,NoMemory,ONE_D,64,1,1,28,0.001,0,0.001,0.153,0.001,0.602
Intel Xeon CPU E5-2695 v2 @ 2.40GHz,NoMemory,ONE_D,128,1,1,28,0,0.001,0,0.149,0,0.575
Intel Xeon CPU E5-2695 v2 @ 2.40GHz,NoMemory,ONE_D,256,1,1,28,0,0,0,0.103,0,0.66
Intel Xeon CPU E5-2695 v2 @ 2.40GHz,NoMemory,ONE_D,512,1,1,28,0,0,0,0.087,0.001,0.65
Intel Xeon CPU E5-2695 v2 @ 2.40GHz,NoMemory,ONE_D,1024,1,1,28,0,0,0.001,-1,-1,-1
Intel Xeon CPU E5-2695 v2 @ 2.40GHz,NoMemory,ONE_D,2048,1,1,28,0,0,0,-1,-1,-1
Intel Xeon CPU E5-2695 v2 @ 2.40GHz,NoMemory,ONE_D,4096,1,1,28,0,0,0.001,-1,-1,-1
Intel Xeon CPU E5-2695 v2 @ 2.40GHz,NoMemory,ONE_D,8192,1,1,28,0,0,0,-1,-1,-1
Intel Xeon CPU E5-2695 v2 @ 2.40GHz,NoMemory,ONE_D,1,1,1,28,0.002,0,0,0.163,0,0.707
Intel Xeon CPU E5-2695 v2 @ 2.40GHz,NoMemory,ONE_D,2,1,1,28,0,0,0,0.091,0,0.685
Intel Xeon CPU E5-2695 v2 @ 2.40GHz,NoMemory,ONE_D,4,1,1,28,0,0,0,0.08,0,0.64
Intel Xeon CPU E5-2695 v2 @ 2.40GHz,NoMemory,ONE_D,8,1,1,28,0,0,0.001,0.06,0,0.485
Intel Xeon CPU E5-2695 v2 @ 2.40GHz,NoMemory,ONE_D,16,1,1,28,0,0,0,0.067,0,0.462
Intel Xeon CPU E5-2695 v2 @ 2.40GHz,NoMemory,ONE_D,32,1,1,28,0,0,0,0.052,0,0.46
Intel Xeon CPU E5-2695 v2 @ 2.40GHz,NoMemory,ONE_D,64,1,1,28,0,0,0,0.05,0,0.445
Intel Xeon CPU E5-2695 v2 @ 2.40GHz,NoMemory,ONE_D,128,1,1,28,0,0,0,0.046,0,0.454
Intel Xeon CPU E5-2695 v2 @ 2.40GHz,NoMemory,ONE_D,256,1,1,28,0,0,0,0.048,0,0.704
Intel Xeon CPU E5-2695 v2 @ 2.40GHz,NoMemory,ONE_D,512,1,1,28,0,0,0,0.055,0.001,0.629
Intel Xeon CPU E5-2695 v2 @ 2.40GHz,NoMemory,ONE_D,1024,1,1,28,0,0,0,-1,-1,-1
Intel Xeon CPU E5-2695 v2 @ 2.40GHz,NoMemory,ONE_D,2048,1,1,28,0,0.001,0,-1,-1,-1
Intel Xeon CPU E5-2695 v2 @ 2.40GHz,NoMemory,ONE_D,4096,1,1,28,0,0,0,-1,-1,-1
Intel Xeon CPU E5-2695 v2 @ 2.40GHz,NoMemory,ONE_D,8192,1,1,28,0,0,0,-1,-1,-1
Intel Xeon CPU E5-2695 v2 @ 2.40GHz,NoMemory,ONE_D,1,1,1,28,0,0,0,0.414,0,0.853
Intel Xeon CPU E5-2695 v2 @ 2.40GHz,NoMemory,ONE_D,2,1,1,28,0,0,0,0.409,0,0.962
Intel Xeon CPU E5-2695 v2 @ 2.40GHz,NoMemory,ONE_D,4,1,1,28,0,0,0,0.382,0.001,0.69
Intel Xeon CPU E5-2695 v2 @ 2.40GHz,NoMemory,ONE_D,8,1,1,28,0,0,0,0.066,0,0.628
Intel Xeon CPU E5-2695 v2 @ 2.40GHz,NoMemory,ONE_D,16,1,1,28,0,0.001,0,0.059,0.001,0.741
Intel Xeon CPU E5-2695 v2 @ 2.40GHz,NoMemory,ONE_D,32,1,1,28,0,0.001,0,0.047,0,1
Intel Xeon CPU E5-2695 v2 @ 2.40GHz,NoMemory,ONE_D,64,1,1,28,0.001,0,0.001,0.104,0.001,1.07
Intel Xeon CPU E5-2695 v2 @ 2.40GHz,NoMemory,ONE_D,128,1,1,28,0.001,0,0,0.084,0,0.93
Intel Xeon CPU E5-2695 v2 @ 2.40GHz,NoMemory,ONE_D,256,1,1,28,0.001,0,0.001,0.087,0,1.004
Intel Xeon CPU E5-2695 v2 @ 2.40GHz,NoMemory,ONE_D,512,1,1,28,0,0,0,0.047,0,0.632
Intel Xeon CPU E5-2695 v2 @ 2.40GHz,NoMemory,ONE_D,1024,1,1,28,0.001,0,0,-1,-1,-1
Intel Xeon CPU E5-2695 v2 @ 2.40GHz,NoMemory,ONE_D,2048,1,1,28,0,0,0,-1,-1,-1
Intel Xeon CPU E5-2695 v2 @ 2.40GHz,NoMemory,ONE_D,4096,1,1,28,0,0.001,0,-1,-1,-1
Intel Xeon CPU E5-2695 v2 @ 2.40GHz,NoMemory,ONE_D,8192,1,1,28,0,0,0.001,-1,-1,-1
Intel Xeon CPU E5-2695 v2 @ 2.40GHz,NoMemory,ONE_D,1,1,1,28,0,0,0.001,0.363,0,0.796
Intel Xeon CPU E5-2695 v2 @ 2.40GHz,NoMemory,ONE_D,2,1,1,28,0.001,0,0,0.112,0.001,0.804
Intel Xeon CPU E5-2695 v2 @ 2.40GHz,NoMemory,ONE_D,4,1,1,28,0,0,0,0.117,0,0.924
Intel Xeon CPU E5-2695 v2 @ 2.40GHz,NoMemory,ONE_D,8,1,1,28,0,0,0,0.062,0.001,0.815
Intel Xeon CPU E5-2695 v2 @ 2.40GHz,NoMemory,ONE_D,16,1,1,28,0,0,0,0.052,0,0.902
Intel Xeon CPU E5-2695 v2 @ 2.40GHz,NoMemory,ONE_D,32,1,1,28,0,0,0,0.047,0,0.723
Intel Xeon CPU E5-2695 v2 @ 2.40GHz,NoMemory,ONE_D,64,1,1,28,0,0.001,0,0.044,0,0.639
Intel Xeon CPU E5-2695 v2 @ 2.40GHz,NoMemory,ONE_D,128,1,1,28,0,0.001,0,0.048,0,0.638
Intel Xeon CPU E5-2695 v2 @ 2.40GHz,NoMemory,ONE_D,256,1,1,28,0,0,0,0.043,0,0.627
Intel Xeon CPU E5-2695 v2 @ 2.40GHz,NoMemory,ONE_D,512,1,1,28,0.001,0,0,0.041,0,0.603
Intel Xeon CPU E5-2695 v2 @ 2.40GHz,NoMemory,ONE_D,1024,1,1,28,0,0,0,-1,-1,-1
Intel Xeon CPU E5-2695 v2 @ 2.40GHz,NoMemory,ONE_D,2048,1,1,28,0,0,0,-1,-1,-1
Intel Xeon CPU E5-2695 v2 @ 2.40GHz,NoMemory,ONE_D,4096,1,1,28,0,0,0.001,-1,-1,-1
Intel Xeon CPU E5-2695 v2 @ 2.40GHz,NoMemory,ONE_D,8192,1,1,28,0,0,0,-1,-1,-1
Intel Xeon CPU E5-2695 v2 @ 2.40GHz,NoMemory,ONE_D,1,1,1,28,0,0,0.001,0.359,0.001,0.706
Intel Xeon CPU E5-2695 v2 @ 2.40GHz,NoMemory,ONE_D,2,1,1,28,0.001,0.001,0,0.18,0,0.637
Intel Xeon CPU E5-2695 v2 @ 2.40GHz,NoMemory,ONE_D,4,1,1,28,0,0,0,0.338,0,0.988
Intel Xeon CPU E5-2695 v2 @ 2.40GHz,NoMemory,ONE_D,8,1,1,28,0,0,0,0.064,0,0.817
Intel Xeon CPU E5-2695 v2 @ 2.40GHz,NoMemory,ONE_D,16,1,1,28,0,0,0,0.051,0,0.676
Intel Xeon CPU E5-2695 v2 @ 2.40GHz,NoMemory,ONE_D,32,1,1,28,0,0,0,0.254,0,0.484
Intel Xeon CPU E5-2695 v2 @ 2.40GHz,NoMemory,ONE_D,64,1,1,28,0,0,0,0.045,0,0.582
Intel Xeon CPU E5-2695 v2 @ 2.40GHz,NoMemory,ONE_D,128,1,1,28,0,0,0,0.045,0,0.828
Intel Xeon CPU E5-2695 v2 @ 2.40GHz,NoMemory,ONE_D,256,1,1,28,0,0,0,0.043,0,0.586
Intel Xeon CPU E5-2695 v2 @ 2.40GHz,NoMemory,ONE_D,512,1,1,28,0,0,0,0.044,0,0.638
Intel Xeon CPU E5-2695 v2 @ 2.40GHz,NoMemory,ONE_D,1024,1,1,28,0,0,0,-1,-1,-1
Intel Xeon CPU E5-2695 v2 @ 2.40GHz,NoMemory,ONE_D,2048,1,1,28,0,0.001,0,-1,-1,-1
Intel Xeon CPU E5-2695 v2 @ 2.40GHz,NoMemory,ONE_D,4096,1,1,28,0,0,0,-1,-1,-1
Intel Xeon CPU E5-2695 v2 @ 2.40GHz,NoMemory,ONE_D,8192,1,1,28,0,0,0,-1,-1,-1
Intel Xeon CPU E5-2695 v2 @ 2.40GHz,NoMemory,ONE_D,1,1,1,28,0.001,0,0,0.217,0,0.787
Intel Xeon CPU E5-2695 v2 @ 2.40GHz,NoMemory,ONE_D,2,1,1,28,0,0,0.001,0.186,0,0.526
Intel Xeon CPU E5-2695 v2 @ 2.40GHz,NoMemory,ONE_D,4,1,1,28,0,0,0,0.126,0,0.522
Intel Xeon CPU E5-2695 v2 @ 2.40GHz,NoMemory,ONE_D,8,1,1,28,0.001,0,0.001,0.066,0,0.666
Intel Xeon CPU E5-2695 v2 @ 2.40GHz,NoMemory,ONE_D,16,1,1,28,0,0,0,0.055,0,0.434
Intel Xeon CPU E5-2695 v2 @ 2.40GHz,NoMemory,ONE_D,32,1,1,28,0.001,0,0,0.052,0.001,0.627
Intel Xeon CPU E5-2695 v2 @ 2.40GHz,NoMemory,ONE_D,64,1,1,28,0.001,0,0.001,0.051,0,0.467
Intel Xeon CPU E5-2695 v2 @ 2.40GHz,NoMemory,ONE_D,128,1,1,28,0,0.001,0,0.055,0,0.479
Intel Xeon CPU E5-2695 v2 @ 2.40GHz,NoMemory,ONE_D,256,1,1,28,0,0,0,0.057,0,0.466
Intel Xeon CPU E5-2695 v2 @ 2.40GHz,NoMemory,ONE_D,512,1,1,28,0,0.001,0,0.103,0,0.445
Intel Xeon CPU E5-2695 v2 @ 2.40GHz,NoMemory,ONE_D,1024,1,1,28,0,0,0,-1,-1,-1
Intel Xeon CPU E5-2695 v2 @ 2.40GHz,NoMemory,ONE_D,2048,1,1,28,0,0,0,-1,-1,-1
Intel Xeon CPU E5-2695 v2 @ 2.40GHz,NoMemory,ONE_D,4096,1,1,28,0,0,0,-1,-1,-1
Intel Xeon CPU E5-2695 v2 @ 2.40GHz,NoMemory,ONE_D,8192,1,1,28,0.001,0,0,-1,-1,-1
Intel Xeon CPU E5-2695 v2 @ 2.40GHz,NoMemory,ONE_D,1,1,1,28,0,0,0,0.142,0,0.537
Intel Xeon CPU E5-2695 v2 @ 2.40GHz,NoMemory,ONE_D,2,1,1,28,0,0,0,0.087,0,0.615
Intel Xeon CPU E5-2695 v2 @ 2.40GHz,NoMemory,ONE_D,4,1,1,28,0,0,0,0.09,0,0.491
Intel Xeon CPU E5-2695 v2 @ 2.40GHz,NoMemory,ONE_D,8,1,1,28,0,0,0,0.113,0,0.471
Intel Xeon CPU E5-2695 v2 @ 2.40GHz,NoMemory,ONE_D,16,1,1,28,0,0,0,0.053,0.001,0.516
Intel Xeon CPU E5-2695 v2 @ 2.40GHz,NoMemory,ONE_D,32,1,1,28,0.001,0,0,0.061,0,0.5
Intel Xeon CPU E5-2695 v2 @ 2.40GHz,NoMemory,ONE_D,64,1,1,28,0,0,0,0.069,0,0.743
Intel Xeon CPU E5-2695 v2 @ 2.40GHz,NoMemory,ONE_D,128,1,1,28,0.001,0,0.001,0.095,0,0.612
Intel Xeon CPU E5-2695 v2 @ 2.40GHz,NoMemory,ONE_D,256,1,1,28,0,0,0,0.044,0,0.65
Intel Xeon CPU E5-2695 v2 @ 2.40GHz,NoMemory,ONE_D,512,1,1,28,0,0,0,0.342,0,0.374
Intel Xeon CPU E5-2695 v2 @ 2.40GHz,NoMemory,ONE_D,1024,1,1,28,0.001,0,0,-1,-1,-1
Intel Xeon CPU E5-2695 v2 @ 2.40GHz,NoMemory,ONE_D,2048,1,1,28,0,0,0,-1,-1,-1
Intel Xeon CPU E5-2695 v2 @ 2.40GHz,NoMemory,ONE_D,4096,1,1,28,0,0.001,0,-1,-1,-1
Intel Xeon CPU E5-2695 v2 @ 2.40GHz,NoMemory,ONE_D,8192,1,1,28,0,0,0,-1,-1,-1
Intel Xeon CPU E5-2695 v2 @ 2.40GHz,NoMemory,ONE_D,1,1,1,28,0.001,0,0,0.308,0,0.524
Intel Xeon CPU E5-2695 v2 @ 2.40GHz,NoMemory,ONE_D,2,1,1,28,0,0,0,0.183,0.001,0.58
Intel Xeon CPU E5-2695 v2 @ 2.40GHz,NoMemory,ONE_D,4,1,1,28,0,0,0,0.137,0.001,0.434
Intel Xeon CPU E5-2695 v2 @ 2.40GHz,NoMemory,ONE_D,8,1,1,28,0,0.001,0,0.07,0,0.438
Intel Xeon CPU E5-2695 v2 @ 2.40GHz,NoMemory,ONE_D,16,1,1,28,0,0,0,0.059,0,0.447
Intel Xeon CPU E5-2695 v2 @ 2.40GHz,NoMemory,ONE_D,32,1,1,28,0,0,0,0.056,0,0.449
Intel Xeon CPU E5-2695 v2 @ 2.40GHz,NoMemory,ONE_D,64,1,1,28,0,0.001,0,0.047,0.001,0.477
Intel Xeon CPU E5-2695 v2 @ 2.40GHz,NoMemory,ONE_D,128,1,1,28,0,0,0,0.047,0.001,0.475
Intel Xeon CPU E5-2695 v2 @ 2.40GHz,NoMemory,ONE_D,256,1,1,28,0,0,0,0.045,0,0.471
Intel Xeon CPU E5-2695 v2 @ 2.40GHz,NoMemory,ONE_D,512,1,1,28,0,0,0,0.041,0,0.44
Intel Xeon CPU E5-2695 v2 @ 2.40GHz,NoMemory,ONE_D,1024,1,1,28,0,0,0,-1,-1,-1
Intel Xeon CPU E5-2695 v2 @ 2.40GHz,NoMemory,ONE_D,2048,1,1,28,0,0,0,-1,-1,-1
Intel Xeon CPU E5-2695 v2 @ 2.40GHz,NoMemory,ONE_D,4096,1,1,28,0,0,0,-1,-1,-1
Intel Xeon CPU E5-2695 v2 @ 2.40GHz,NoMemory,ONE_D,8192,1,1,28,0,0,0,-1,-1,-1
Intel Xeon CPU E5-2695 v2 @ 2.40GHz,NoMemory,ONE_D,1,1,1,28,0.001,0.001,0,0.433,0,0.857
Intel Xeon CPU E5-2695 v2 @ 2.40GHz,NoMemory,ONE_D,2,1,1,28,0.001,0.001,0,0.426,0,0.994
Intel Xeon CPU E5-2695 v2 @ 2.40GHz,NoMemory,ONE_D,4,1,1,28,0.001,0,0,0.119,0.001,1.018
Intel Xeon CPU E5-2695 v2 @ 2.40GHz,NoMemory,ONE_D,8,1,1,28,0,0,0,0.086,0,1.115
Intel Xeon CPU E5-2695 v2 @ 2.40GHz,NoMemory,ONE_D,16,1,1,28,0,0.001,0,0.071,0,1.017
Intel Xeon CPU E5-2695 v2 @ 2.40GHz,NoMemory,ONE_D,32,1,1,28,0.001,0,0,0.063,0,0.872
Intel Xeon CPU E5-2695 v2 @ 2.40GHz,NoMemory,ONE_D,64,1,1,28,0,0,0,0.043,0,0.728
Intel Xeon CPU E5-2695 v2 @ 2.40GHz,NoMemory,ONE_D,128,1,1,28,0,0,0,0.042,0,0.679
Intel Xeon CPU E5-2695 v2 @ 2.40GHz,NoMemory,ONE_D,256,1,1,28,0,0.001,0,0.05,0,0.696
Intel Xeon CPU E5-2695 v2 @ 2.40GHz,NoMemory,ONE_D,512,1,1,28,0,0,0,0.043,0,0.62
Intel Xeon CPU E5-2695 v2 @ 2.40GHz,NoMemory,ONE_D,1024,1,1,28,0,0,0,-1,-1,-1
Intel Xeon CPU E5-2695 v2 @ 2.40GHz,NoMemory,ONE_D,2048,1,1,28,0,0,0,-1,-1,-1
Intel Xeon CPU E5-2695 v2 @ 2.40GHz,NoMemory,ONE_D,4096,1,1,28,0,0,0,-1,-1,-1
Intel Xeon CPU E5-2695 v2 @ 2.40GHz,NoMemory,ONE_D,8192,1,1,28,0,0,0,-1,-1,-1
Intel Xeon CPU E5-2695 v2 @ 2.40GHz,NoMemory,ONE_D,1,1,1,28,0,0,0.001,0.143,0,0.921
Intel Xeon CPU E5-2695 v2 @ 2.40GHz,NoMemory,ONE_D,2,1,1,28,0,0,0.001,0.615,0,0.584
Intel Xeon CPU E5-2695 v2 @ 2.40GHz,NoMemory,ONE_D,4,1,1,28,0,0,0,0.098,0,0.818
Intel Xeon CPU E5-2695 v2 @ 2.40GHz,NoMemory,ONE_D,8,1,1,28,0,0,0,0.409,0,0.552
Intel Xeon CPU E5-2695 v2 @ 2.40GHz,NoMemory,ONE_D,16,1,1,28,0.001,0,0,0.054,0,0.814
Intel Xeon CPU E5-2695 v2 @ 2.40GHz,NoMemory,ONE_D,32,1,1,28,0,0,0,0.049,0,0.859
Intel Xeon CPU E5-2695 v2 @ 2.40GHz,NoMemory,ONE_D,64,1,1,28,0,0,0,0.044,0,0.633
Intel Xeon CPU E5-2695 v2 @ 2.40GHz,NoMemory,ONE_D,128,1,1,28,0,0,0,0.045,0,0.778
Intel Xeon CPU E5-2695 v2 @ 2.40GHz,NoMemory,ONE_D,256,1,1,28,0,0.001,0,0.044,0,0.665
Intel Xeon CPU E5-2695 v2 @ 2.40GHz,NoMemory,ONE_D,512,1,1,28,0,0,0,0.045,0.001,0.634
Intel Xeon CPU E5-2695 v2 @ 2.40GHz,NoMemory,ONE_D,1024,1,1,28,0,0,0,-1,-1,-1
Intel Xeon CPU E5-2695 v2 @ 2.40GHz,NoMemory,ONE_D,2048,1,1,28,0.001,0,0.001,-1,-1,-1
Intel Xeon CPU E5-2695 v2 @ 2.40GHz,NoMemory,ONE_D,4096,1,1,28,0,0,0,-1,-1,-1
Intel Xeon CPU E5-2695 v2 @ 2.40GHz,NoMemory,ONE_D,8192,1,1,28,0.001,0,0,-1,-1,-1
Intel Xeon CPU E5-2695 v2 @ 2.40GHz,NoMemory,ONE_D,1,1,1,28,0.001,0.001,0,0.344,0,0.873
Intel Xeon CPU E5-2695 v2 @ 2.40GHz,NoMemory,ONE_D,2,1,1,28,0,0,0,0.099,0.001,0.722
Intel Xeon CPU E5-2695 v2 @ 2.40GHz,NoMemory,ONE_D,4,1,1,28,0,0,0,0.404,0.001,0.702
Intel Xeon CPU E5-2695 v2 @ 2.40GHz,NoMemory,ONE_D,8,1,1,28,0,0,0,0.063,0,0.675
Intel Xeon CPU E5-2695 v2 @ 2.40GHz,NoMemory,ONE_D,16,1,1,28,0,0,0,0.053,0,0.908
Intel Xeon CPU E5-2695 v2 @ 2.40GHz,NoMemory,ONE_D,32,1,1,28,0.001,0,0.001,0.088,0,0.9
Intel Xeon CPU E5-2695 v2 @ 2.40GHz,NoMemory,ONE_D,64,1,1,28,0,0,0,0.084,0,0.728
Intel Xeon CPU E5-2695 v2 @ 2.40GHz,NoMemory,ONE_D,128,1,1,28,0.001,0.001,0,0.104,0,0.632
Intel Xeon CPU E5-2695 v2 @ 2.40GHz,NoMemory,ONE_D,256,1,1,28,0,0,0,0.047,0,0.599
Intel Xeon CPU E5-2695 v2 @ 2.40GHz,NoMemory,ONE_D,512,1,1,28,0,0,0,0.048,0,0.509
Intel Xeon CPU E5-2695 v2 @ 2.40GHz,NoMemory,ONE_D,1024,1,1,28,0,0,0,-1,-1,-1
Intel Xeon CPU E5-2695 v2 @ 2.40GHz,NoMemory,ONE_D,2048,1,1,28,0,0.001,0,-1,-1,-1
Intel Xeon CPU E5-2695 v2 @ 2.40GHz,NoMemory,ONE_D,4096,1,1,28,0,0,0,-1,-1,-1
Intel Xeon CPU E5-2695 v2 @ 2.40GHz,NoMemory,ONE_D,8192,1,1,28,0,0,0,-1,-1,-1
Intel Xeon CPU E5-2695 v2 @ 2.40GHz,NoMemory,ONE_D,1,1,1,28,0,0,0,0.515,0,0.859
Intel Xeon CPU E5-2695 v2 @ 2.40GHz,NoMemory,ONE_D,2,1,1,28,0,0,0,0.479,0,0.847
Intel Xeon CPU E5-2695 v2 @ 2.40GHz,NoMemory,ONE_D,4,1,1,28,0,0,0,0.473,0,1.168
Intel Xeon CPU E5-2695 v2 @ 2.40GHz,NoMemory,ONE_D,8,1,1,28,0.001,0,0.001,0.778,0.001,0.732
Intel Xeon CPU E5-2695 v2 @ 2.40GHz,NoMemory,ONE_D,16,1,1,28,0,0,0,0.053,0,0.672
Intel Xeon CPU E5-2695 v2 @ 2.40GHz,NoMemory,ONE_D,32,1,1,28,0.001,0,0,0.057,0,0.7
Intel Xeon CPU E5-2695 v2 @ 2.40GHz,NoMemory,ONE_D,64,1,1,28,0,0,0,0.045,0,0.718
Intel Xeon CPU E5-2695 v2 @ 2.40GHz,NoMemory,ONE_D,128,1,1,28,0,0,0,0.05,0.001,0.633
Intel Xeon CPU E5-2695 v2 @ 2.40GHz,NoMemory,ONE_D,256,1,1,28,0,0,0,0.049,0,0.697
Intel Xeon CPU E5-2695 v2 @ 2.40GHz,NoMemory,ONE_D,512,1,1,28,0,0,0,0.043,0,0.618
Intel Xeon CPU E5-2695 v2 @ 2.40GHz,NoMemory,ONE_D,1024,1,1,28,0,0,0,-1,-1,-1
Intel Xeon CPU E5-2695 v2 @ 2.40GHz,NoMemory,ONE_D,2048,1,1,28,0,0,0,-1,-1,-1
Intel Xeon CPU E5-2695 v2 @ 2.40GHz,NoMemory,ONE_D,4096,1,1,28,0.001,0,0,-1,-1,-1
Intel Xeon CPU E5-2695 v2 @ 2.40GHz,NoMemory,ONE_D,8192,1,1,28,0,0.001,0,-1,-1,-1
Intel Xeon CPU E5-2695 v2 @ 2.40GHz,NoMemory,ONE_D,1,1,1,28,0,0,0,0.157,0,0.758
Intel Xeon CPU E5-2695 v2 @ 2.40GHz,NoMemory,ONE_D,2,1,1,28,0.001,0,0,0.333,0,0.878
Intel Xeon CPU E5-2695 v2 @ 2.40GHz,NoMemory,ONE_D,4,1,1,28,0,0,0,0.331,0,0.684
Intel Xeon CPU E5-2695 v2 @ 2.40GHz,NoMemory,ONE_D,8,1,1,28,0,0,0,0.071,0,0.764
Intel Xeon CPU E5-2695 v2 @ 2.40GHz,NoMemory,ONE_D,16,1,1,28,0,0,0,0.052,0,0.73
Intel Xeon CPU E5-2695 v2 @ 2.40GHz,NoMemory,ONE_D,32,1,1,28,0,0,0,0.063,0,0.624
Intel Xeon CPU E5-2695 v2 @ 2.40GHz,NoMemory,ONE_D,64,1,1,28,0,0,0,0.05,0,0.554
Intel Xeon CPU E5-2695 v2 @ 2.40GHz,NoMemory,ONE_D,128,1,1,28,0,0,0.001,0.047,0.001,0.558
Intel Xeon CPU E5-2695 v2 @ 2.40GHz,NoMemory,ONE_D,256,1,1,28,0.001,0.001,0,0.048,0,0.525
Intel Xeon CPU E5-2695 v2 @ 2.40GHz,NoMemory,ONE_D,512,1,1,28,0,0,0,0.044,0,0.551
Intel Xeon CPU E5-2695 v2 @ 2.40GHz,NoMemory,ONE_D,1024,1,1,28,0,0.001,0,-1,-1,-1
Intel Xeon CPU E5-2695 v2 @ 2.40GHz,NoMemory,ONE_D,2048,1,1,28,0,0,0,-1,-1,-1
Intel Xeon CPU E5-2695 v2 @ 2.40GHz,NoMemory,ONE_D,4096,1,1,28,0,0,0,-1,-1,-1
Intel Xeon CPU E5-2695 v2 @ 2.40GHz,NoMemory,ONE_D,8192,1,1,28,0,0,0,-1,-1,-1
Intel Xeon CPU E5-2695 v2 @ 2.40GHz,NoMemory,ONE_D,1,1,1,28,0,0,0.001,0.21,0,0.526
Intel Xeon CPU E5-2695 v2 @ 2.40GHz,NoMemory,ONE_D,2,1,1,28,0,0,0,0.095,0,0.496
Intel Xeon CPU E5-2695 v2 @ 2.40GHz,NoMemory,ONE_D,4,1,1,28,0,0,0,0.124,0,0.496
Intel Xeon CPU E5-2695 v2 @ 2.40GHz,NoMemory,ONE_D,8,1,1,28,0,0,0,0.102,0.001,0.586
Intel Xeon CPU E5-2695 v2 @ 2.40GHz,NoMemory,ONE_D,16,1,1,28,0,0,0,0.055,0,0.705
Intel Xeon CPU E5-2695 v2 @ 2.40GHz,NoMemory,ONE_D,32,1,1,28,0.001,0,0,0.073,0,0.482
Intel Xeon CPU E5-2695 v2 @ 2.40GHz,NoMemory,ONE_D,64,1,1,28,0,0,0,0.05,0.001,0.612
Intel Xeon CPU E5-2695 v2 @ 2.40GHz,NoMemory,ONE_D,128,1,1,28,0,0,0,0.047,0,0.703
Intel Xeon CPU E5-2695 v2 @ 2.40GHz,NoMemory,ONE_D,256,1,1,28,0,0,0,0.053,0,0.615
Intel Xeon CPU E5-2695 v2 @ 2.40GHz,NoMemory,ONE_D,512,1,1,28,0,0,0,0.044,0,0.587
Intel Xeon CPU E5-2695 v2 @ 2.40GHz,NoMemory,ONE_D,1024,1,1,28,0.001,0,0.001,-1,-1,-1
Intel Xeon CPU E5-2695 v2 @ 2.40GHz,NoMemory,ONE_D,2048,1,1,28,0,0.001,0,-1,-1,-1
Intel Xeon CPU E5-2695 v2 @ 2.40GHz,NoMemory,ONE_D,4096,1,1,28,0,0,0,-1,-1,-1
Intel Xeon CPU E5-2695 v2 @ 2.40GHz,NoMemory,ONE_D,8192,1,1,28,0,0,0,-1,-1,-1
Intel Xeon CPU E5-2695 v2 @ 2.40GHz,NoMemory,ONE_D,1,1,1,28,0,0,0.001,0.236,0,0.793
Intel Xeon CPU E5-2695 v2 @ 2.40GHz,NoMemory,ONE_D,2,1,1,28,0,0,0,0.094,0,0.646
Intel Xeon CPU E5-2695 v2 @ 2.40GHz,NoMemory,ONE_D,4,1,1,28,0,0,0,0.079,0,0.602
Intel Xeon CPU E5-2695 v2 @ 2.40GHz,NoMemory,ONE_D,8,1,1,28,0.001,0.001,0,0.096,0.001,0.453
Intel Xeon CPU E5-2695 v2 @ 2.40GHz,NoMemory,ONE_D,16,1,1,28,0,0,0,0.058,0,0.444
Intel Xeon CPU E5-2695 v2 @ 2.40GHz,NoMemory,ONE_D,32,1,1,28,0,0,0,0.052,0,0.465
Intel Xeon CPU E5-2695 v2 @ 2.40GHz,NoMemory,ONE_D,64,1,1,28,0,0,0,0.064,0,0.459
Intel Xeon CPU E5-2695 v2 @ 2.40GHz,NoMemory,ONE_D,128,1,1,28,0,0,0,0.047,0,0.448
Intel Xeon CPU E5-2695 v2 @ 2.40GHz,NoMemory,ONE_D,256,1,1,28,0,0,0,0.045,0,0.46
Intel Xeon CPU E5-2695 v2 @ 2.40GHz,NoMemory,ONE_D,512,1,1,28,0,0,0,0.046,0,0.516
Intel Xeon CPU E5-2695 v2 @ 2.40GHz,NoMemory,ONE_D,1024,1,1,28,0,0,0,-1,-1,-1
Intel Xeon CPU E5-2695 v2 @ 2.40GHz,NoMemory,ONE_D,2048,1,1,28,0,0,0,-1,-1,-1
Intel Xeon CPU E5-2695 v2 @ 2.40GHz,NoMemory,ONE_D,4096,1,1,28,0.001,0,0,-1,-1,-1
Intel Xeon CPU E5-2695 v2 @ 2.40GHz,NoMemory,ONE_D,8192,1,1,28,0,0,0,-1,-1,-1
