device/C,kernel/C,workDimension/C,xLocal/I,yLocal/I,zLocal/I,MB/F,init/F,memoryCopyOut/F,plan/F,execute/F,memoryCopyIn/F,cleanUp/F
Intel Xeon CPU E5-2695 v2 @ 2.40GHz,NoMemory,ONE_D,1,1,1,20,0.001,0,0,0.217,0.001,0.727
Intel Xeon CPU E5-2695 v2 @ 2.40GHz,NoMemory,ONE_D,2,1,1,20,0.001,0,0.001,0.183,0,0.553
Intel Xeon CPU E5-2695 v2 @ 2.40GHz,NoMemory,ONE_D,4,1,1,20,0,0,0,0.103,0.001,0.472
Intel Xeon CPU E5-2695 v2 @ 2.40GHz,NoMemory,ONE_D,8,1,1,20,0,0,0,0.07,0,0.455
Intel Xeon CPU E5-2695 v2 @ 2.40GHz,NoMemory,ONE_D,16,1,1,20,0,0,0,0.054,0,0.439
Intel Xeon CPU E5-2695 v2 @ 2.40GHz,NoMemory,ONE_D,32,1,1,20,0.001,0,0,0.052,0,0.487
Intel Xeon CPU E5-2695 v2 @ 2.40GHz,NoMemory,ONE_D,64,1,1,20,0,0,0,0.047,0,0.425
Intel Xeon CPU E5-2695 v2 @ 2.40GHz,NoMemory,ONE_D,128,1,1,20,0,0,0,0.046,0,0.463
Intel Xeon CPU E5-2695 v2 @ 2.40GHz,NoMemory,ONE_D,256,1,1,20,0,0,0,0.043,0,0.449
Intel Xeon CPU E5-2695 v2 @ 2.40GHz,NoMemory,ONE_D,512,1,1,20,0,0,0,0.041,0,0.473
Intel Xeon CPU E5-2695 v2 @ 2.40GHz,NoMemory,ONE_D,1024,1,1,20,0,0,0,-1,-1,-1
Intel Xeon CPU E5-2695 v2 @ 2.40GHz,NoMemory,ONE_D,2048,1,1,20,0,0,0,-1,-1,-1
Intel Xeon CPU E5-2695 v2 @ 2.40GHz,NoMemory,ONE_D,4096,1,1,20,0,0,0.001,-1,-1,-1
Intel Xeon CPU E5-2695 v2 @ 2.40GHz,NoMemory,ONE_D,8192,1,1,20,0,0,0,-1,-1,-1
Intel Xeon CPU E5-2695 v2 @ 2.40GHz,NoMemory,ONE_D,1,1,1,20,0,0,0.001,0.189,0,0.689
Intel Xeon CPU E5-2695 v2 @ 2.40GHz,NoMemory,ONE_D,2,1,1,20,0.001,0,0.001,0.219,0,0.683
Intel Xeon CPU E5-2695 v2 @ 2.40GHz,NoMemory,ONE_D,4,1,1,20,0,0,0,0.218,0,0.746
Intel Xeon CPU E5-2695 v2 @ 2.40GHz,NoMemory,ONE_D,8,1,1,20,0,0,0,0.152,0.001,0.72
Intel Xeon CPU E5-2695 v2 @ 2.40GHz,NoMemory,ONE_D,16,1,1,20,0,0,0,0.101,0.001,0.613
Intel Xeon CPU E5-2695 v2 @ 2.40GHz,NoMemory,ONE_D,32,1,1,20,0,0,0,0.161,0,0.649
Intel Xeon CPU E5-2695 v2 @ 2.40GHz,NoMemory,ONE_D,64,1,1,20,0,0,0,0.143,0.001,0.647
Intel Xeon CPU E5-2695 v2 @ 2.40GHz,NoMemory,ONE_D,128,1,1,20,0.001,0,0,0.157,0,0.679
Intel Xeon CPU E5-2695 v2 @ 2.40GHz,NoMemory,ONE_D,256,1,1,20,0,0,0,0.079,0,0.506
Intel Xeon CPU E5-2695 v2 @ 2.40GHz,NoMemory,ONE_D,512,1,1,20,0.001,0,0.001,0.04,0.001,0.449
Intel Xeon CPU E5-2695 v2 @ 2.40GHz,NoMemory,ONE_D,1024,1,1,20,0.001,0,0.001,-1,-1,-1
Intel Xeon CPU E5-2695 v2 @ 2.40GHz,NoMemory,ONE_D,2048,1,1,20,0.001,0,0,-1,-1,-1
Intel Xeon CPU E5-2695 v2 @ 2.40GHz,NoMemory,ONE_D,4096,1,1,20,0.001,0,0,-1,-1,-1
Intel Xeon CPU E5-2695 v2 @ 2.40GHz,NoMemory,ONE_D,8192,1,1,20,0,0,0,-1,-1,-1
Intel Xeon CPU E5-2695 v2 @ 2.40GHz,NoMemory,ONE_D,1,1,1,20,0.001,0,0,0.456,0,0.972
Intel Xeon CPU E5-2695 v2 @ 2.40GHz,NoMemory,ONE_D,2,1,1,20,0.001,0.001,0,0.446,0,0.749
Intel Xeon CPU E5-2695 v2 @ 2.40GHz,NoMemory,ONE_D,4,1,1,20,0,0,0,0.073,0.001,0.757
Intel Xeon CPU E5-2695 v2 @ 2.40GHz,NoMemory,ONE_D,8,1,1,20,0,0,0,0.295,0,0.453
Intel Xeon CPU E5-2695 v2 @ 2.40GHz,NoMemory,ONE_D,16,1,1,20,0,0,0,0.05,0,0.712
Intel Xeon CPU E5-2695 v2 @ 2.40GHz,NoMemory,ONE_D,32,1,1,20,0.001,0,0,0.316,0,0.402
Intel Xeon CPU E5-2695 v2 @ 2.40GHz,NoMemory,ONE_D,64,1,1,20,0,0,0,0.045,0,0.608
Intel Xeon CPU E5-2695 v2 @ 2.40GHz,NoMemory,ONE_D,128,1,1,20,0,0,0,0.049,0,0.666
Intel Xeon CPU E5-2695 v2 @ 2.40GHz,NoMemory,ONE_D,256,1,1,20,0,0,0,0.044,0,0.675
Intel Xeon CPU E5-2695 v2 @ 2.40GHz,NoMemory,ONE_D,512,1,1,20,0,0,0,14.294,0,0.457
Intel Xeon CPU E5-2695 v2 @ 2.40GHz,NoMemory,ONE_D,1024,1,1,20,0.001,0,0,-1,-1,-1
Intel Xeon CPU E5-2695 v2 @ 2.40GHz,NoMemory,ONE_D,2048,1,1,20,0.001,0,0,-1,-1,-1
Intel Xeon CPU E5-2695 v2 @ 2.40GHz,NoMemory,ONE_D,4096,1,1,20,0,0,0,-1,-1,-1
Intel Xeon CPU E5-2695 v2 @ 2.40GHz,NoMemory,ONE_D,8192,1,1,20,0,0,0,-1,-1,-1
Intel Xeon CPU E5-2695 v2 @ 2.40GHz,NoMemory,ONE_D,1,1,1,20,0,0,0,0.117,0,0.478
Intel Xeon CPU E5-2695 v2 @ 2.40GHz,NoMemory,ONE_D,2,1,1,20,0,0,0,0.147,0,0.713
Intel Xeon CPU E5-2695 v2 @ 2.40GHz,NoMemory,ONE_D,4,1,1,20,0.001,0.001,0,0.152,0,0.55
Intel Xeon CPU E5-2695 v2 @ 2.40GHz,NoMemory,ONE_D,8,1,1,20,0,0,0,0.074,0,0.485
Intel Xeon CPU E5-2695 v2 @ 2.40GHz,NoMemory,ONE_D,16,1,1,20,0.001,0,0.001,0.049,0,0.46
Intel Xeon CPU E5-2695 v2 @ 2.40GHz,NoMemory,ONE_D,32,1,1,20,0,0,0,0.049,0,0.468
Intel Xeon CPU E5-2695 v2 @ 2.40GHz,NoMemory,ONE_D,64,1,1,20,0,0,0,0.046,0,0.462
Intel Xeon CPU E5-2695 v2 @ 2.40GHz,NoMemory,ONE_D,128,1,1,20,0,0.001,0,0.043,0,0.477
Intel Xeon CPU E5-2695 v2 @ 2.40GHz,NoMemory,ONE_D,256,1,1,20,0,0,0,0.046,0,0.441
Intel Xeon CPU E5-2695 v2 @ 2.40GHz,NoMemory,ONE_D,512,1,1,20,0,0,0,0.045,0,0.462
Intel Xeon CPU E5-2695 v2 @ 2.40GHz,NoMemory,ONE_D,1024,1,1,20,0,0,0,-1,-1,-1
Intel Xeon CPU E5-2695 v2 @ 2.40GHz,NoMemory,ONE_D,2048,1,1,20,0,0,0,-1,-1,-1
Intel Xeon CPU E5-2695 v2 @ 2.40GHz,NoMemory,ONE_D,4096,1,1,20,0,0.001,0,-1,-1,-1
Intel Xeon CPU E5-2695 v2 @ 2.40GHz,NoMemory,ONE_D,8192,1,1,20,0,0,0,-1,-1,-1
Intel Xeon CPU E5-2695 v2 @ 2.40GHz,NoMemory,ONE_D,1,1,1,20,0,0,0,0.425,0,0.944
Intel Xeon CPU E5-2695 v2 @ 2.40GHz,NoMemory,ONE_D,2,1,1,20,0,0,0.001,0.091,0,1.135
Intel Xeon CPU E5-2695 v2 @ 2.40GHz,NoMemory,ONE_D,4,1,1,20,0,0.001,0,0.151,0,0.927
Intel Xeon CPU E5-2695 v2 @ 2.40GHz,NoMemory,ONE_D,8,1,1,20,0.001,0,0,0.109,0,0.981
Intel Xeon CPU E5-2695 v2 @ 2.40GHz,NoMemory,ONE_D,16,1,1,20,0,0.001,0,0.093,0,1.077
Intel Xeon CPU E5-2695 v2 @ 2.40GHz,NoMemory,ONE_D,32,1,1,20,0,0,0,0.091,0.001,0.889
Intel Xeon CPU E5-2695 v2 @ 2.40GHz,NoMemory,ONE_D,64,1,1,20,0.001,0,0.001,0.086,0.001,1.102
Intel Xeon CPU E5-2695 v2 @ 2.40GHz,NoMemory,ONE_D,128,1,1,20,0,0,0,0.362,0,0.611
Intel Xeon CPU E5-2695 v2 @ 2.40GHz,NoMemory,ONE_D,256,1,1,20,0,0,0,0.264,0,0.373
Intel Xeon CPU E5-2695 v2 @ 2.40GHz,NoMemory,ONE_D,512,1,1,20,0,0,0,0.042,0,0.545
Intel Xeon CPU E5-2695 v2 @ 2.40GHz,NoMemory,ONE_D,1024,1,1,20,0.001,0,0,-1,-1,-1
Intel Xeon CPU E5-2695 v2 @ 2.40GHz,NoMemory,ONE_D,2048,1,1,20,0,0,0,-1,-1,-1
Intel Xeon CPU E5-2695 v2 @ 2.40GHz,NoMemory,ONE_D,4096,1,1,20,0,0,0.001,-1,-1,-1
Intel Xeon CPU E5-2695 v2 @ 2.40GHz,NoMemory,ONE_D,8192,1,1,20,0,0,0,-1,-1,-1
Intel Xeon CPU E5-2695 v2 @ 2.40GHz,NoMemory,ONE_D,1,1,1,20,0.001,0,0,0.218,0,0.6
Intel Xeon CPU E5-2695 v2 @ 2.40GHz,NoMemory,ONE_D,2,1,1,20,0,0,0,0.13,0,0.513
Intel Xeon CPU E5-2695 v2 @ 2.40GHz,NoMemory,ONE_D,4,1,1,20,0,0.001,0,0.196,0,0.686
Intel Xeon CPU E5-2695 v2 @ 2.40GHz,NoMemory,ONE_D,8,1,1,20,0,0,0,0.155,0,0.664
Intel Xeon CPU E5-2695 v2 @ 2.40GHz,NoMemory,ONE_D,16,1,1,20,0,0.001,0,0.164,0,0.646
Intel Xeon CPU E5-2695 v2 @ 2.40GHz,NoMemory,ONE_D,32,1,1,20,0.001,0,0.001,0.133,0,0.562
Intel Xeon CPU E5-2695 v2 @ 2.40GHz,NoMemory,ONE_D,64,1,1,20,0,0,0,0.047,0.001,0.452
Intel Xeon CPU E5-2695 v2 @ 2.40GHz,NoMemory,ONE_D,128,1,1,20,0,0,0,0.042,0,0.457
Intel Xeon CPU E5-2695 v2 @ 2.40GHz,NoMemory,ONE_D,256,1,1,20,0,0,0,0.047,0,0.594
Intel Xeon CPU E5-2695 v2 @ 2.40GHz,NoMemory,ONE_D,512,1,1,20,0.001,0,0.001,0.095,0,0.748
Intel Xeon CPU E5-2695 v2 @ 2.40GHz,NoMemory,ONE_D,1024,1,1,20,0,0,0,-1,-1,-1
Intel Xeon CPU E5-2695 v2 @ 2.40GHz,NoMemory,ONE_D,2048,1,1,20,0,0,0,-1,-1,-1
Intel Xeon CPU E5-2695 v2 @ 2.40GHz,NoMemory,ONE_D,4096,1,1,20,0,0,0,-1,-1,-1
Intel Xeon CPU E5-2695 v2 @ 2.40GHz,NoMemory,ONE_D,8192,1,1,20,0.001,0,0,-1,-1,-1
Intel Xeon CPU E5-2695 v2 @ 2.40GHz,NoMemory,ONE_D,1,1,1,20,0.001,0,0,0.113,0,0.482
Intel Xeon CPU E5-2695 v2 @ 2.40GHz,NoMemory,ONE_D,2,1,1,20,0,0,0,0.112,0.001,0.709
Intel Xeon CPU E5-2695 v2 @ 2.40GHz,NoMemory,ONE_D,4,1,1,20,0,0,0,0.202,0,0.602
Intel Xeon CPU E5-2695 v2 @ 2.40GHz,NoMemory,ONE_D,8,1,1,20,0.001,0,0,0.088,0,0.57
Intel Xeon CPU E5-2695 v2 @ 2.40GHz,NoMemory,ONE_D,16,1,1,20,0,0,0,0.058,0,0.49
Intel Xeon CPU E5-2695 v2 @ 2.40GHz,NoMemory,ONE_D,32,1,1,20,0,0,0,0.05,0,0.488
Intel Xeon CPU E5-2695 v2 @ 2.40GHz,NoMemory,ONE_D,64,1,1,20,0,0,0,0.046,0,0.55
Intel Xeon CPU E5-2695 v2 @ 2.40GHz,NoMemory,ONE_D,128,1,1,20,0,0,0,0.048,0,0.451
Intel Xeon CPU E5-2695 v2 @ 2.40GHz,NoMemory,ONE_D,256,1,1,20,0,0,0,0.045,0,0.44
Intel Xeon CPU E5-2695 v2 @ 2.40GHz,NoMemory,ONE_D,512,1,1,20,0,0,0,0.072,0.001,0.465
Intel Xeon CPU E5-2695 v2 @ 2.40GHz,NoMemory,ONE_D,1024,1,1,20,0,0,0,-1,-1,-1
Intel Xeon CPU E5-2695 v2 @ 2.40GHz,NoMemory,ONE_D,2048,1,1,20,0,0,0,-1,-1,-1
Intel Xeon CPU E5-2695 v2 @ 2.40GHz,NoMemory,ONE_D,4096,1,1,20,0.001,0,0.001,-1,-1,-1
Intel Xeon CPU E5-2695 v2 @ 2.40GHz,NoMemory,ONE_D,8192,1,1,20,0,0,0,-1,-1,-1
Intel Xeon CPU E5-2695 v2 @ 2.40GHz,NoMemory,ONE_D,1,1,1,20,0,0,0.001,0.809,0,0.728
Intel Xeon CPU E5-2695 v2 @ 2.40GHz,NoMemory,ONE_D,2,1,1,20,0,0,0,0.454,0,0.865
Intel Xeon CPU E5-2695 v2 @ 2.40GHz,NoMemory,ONE_D,4,1,1,20,0,0,0,0.074,0,0.78
Intel Xeon CPU E5-2695 v2 @ 2.40GHz,NoMemory,ONE_D,8,1,1,20,0,0,0,0.065,0,0.726
Intel Xeon CPU E5-2695 v2 @ 2.40GHz,NoMemory,ONE_D,16,1,1,20,0.001,0,0.001,0.055,0,0.84
Intel Xeon CPU E5-2695 v2 @ 2.40GHz,NoMemory,ONE_D,32,1,1,20,0,0,0,0.048,0,0.636
Intel Xeon CPU E5-2695 v2 @ 2.40GHz,NoMemory,ONE_D,64,1,1,20,0,0,0,0.046,0,0.652
Intel Xeon CPU E5-2695 v2 @ 2.40GHz,NoMemory,ONE_D,128,1,1,20,0,0,0,0.043,0,0.639
Intel Xeon CPU E5-2695 v2 @ 2.40GHz,NoMemory,ONE_D,256,1,1,20,0,0,0,0.053,0,0.638
Intel Xeon CPU E5-2695 v2 @ 2.40GHz,NoMemory,ONE_D,512,1,1,20,0,0,0,0.041,0,0.571
Intel Xeon CPU E5-2695 v2 @ 2.40GHz,NoMemory,ONE_D,1024,1,1,20,0,0,0,-1,-1,-1
Intel Xeon CPU E5-2695 v2 @ 2.40GHz,NoMemory,ONE_D,2048,1,1,20,0,0,0,-1,-1,-1
Intel Xeon CPU E5-2695 v2 @ 2.40GHz,NoMemory,ONE_D,4096,1,1,20,0,0,0,-1,-1,-1
Intel Xeon CPU E5-2695 v2 @ 2.40GHz,NoMemory,ONE_D,8192,1,1,20,0,0,0,-1,-1,-1
Intel Xeon CPU E5-2695 v2 @ 2.40GHz,NoMemory,ONE_D,1,1,1,20,0,0,0,0.235,0,0.661
Intel Xeon CPU E5-2695 v2 @ 2.40GHz,NoMemory,ONE_D,2,1,1,20,0,0,0,0.18,0,0.507
Intel Xeon CPU E5-2695 v2 @ 2.40GHz,NoMemory,ONE_D,4,1,1,20,0,0,0,0.08,0,0.48
Intel Xeon CPU E5-2695 v2 @ 2.40GHz,NoMemory,ONE_D,8,1,1,20,0.001,0,0,0.165,0,0.704
Intel Xeon CPU E5-2695 v2 @ 2.40GHz,NoMemory,ONE_D,16,1,1,20,0,0,0,0.105,0,0.683
Intel Xeon CPU E5-2695 v2 @ 2.40GHz,NoMemory,ONE_D,32,1,1,20,0,0.001,0,0.177,0,0.5
Intel Xeon CPU E5-2695 v2 @ 2.40GHz,NoMemory,ONE_D,64,1,1,20,0,0,0,0.076,0,0.461
Intel Xeon CPU E5-2695 v2 @ 2.40GHz,NoMemory,ONE_D,128,1,1,20,0,0,0,0.046,0,0.458
Intel Xeon CPU E5-2695 v2 @ 2.40GHz,NoMemory,ONE_D,256,1,1,20,0,0.001,0,0.057,0,0.433
Intel Xeon CPU E5-2695 v2 @ 2.40GHz,NoMemory,ONE_D,512,1,1,20,0,0,0,0.046,0,0.585
Intel Xeon CPU E5-2695 v2 @ 2.40GHz,NoMemory,ONE_D,1024,1,1,20,0,0,0,-1,-1,-1
Intel Xeon CPU E5-2695 v2 @ 2.40GHz,NoMemory,ONE_D,2048,1,1,20,0,0.001,0,-1,-1,-1
Intel Xeon CPU E5-2695 v2 @ 2.40GHz,NoMemory,ONE_D,4096,1,1,20,0.001,0,0.001,-1,-1,-1
Intel Xeon CPU E5-2695 v2 @ 2.40GHz,NoMemory,ONE_D,8192,1,1,20,0,0,0,-1,-1,-1
Intel Xeon CPU E5-2695 v2 @ 2.40GHz,NoMemory,ONE_D,1,1,1,20,0.001,0,0,0.152,0,0.882
Intel Xeon CPU E5-2695 v2 @ 2.40GHz,NoMemory,ONE_D,2,1,1,20,0,0,0,0.103,0,0.605
Intel Xeon CPU E5-2695 v2 @ 2.40GHz,NoMemory,ONE_D,4,1,1,20,0,0,0,0.074,0.001,0.679
Intel Xeon CPU E5-2695 v2 @ 2.40GHz,NoMemory,ONE_D,8,1,1,20,0,0,0,0.068,0,0.862
Intel Xeon CPU E5-2695 v2 @ 2.40GHz,NoMemory,ONE_D,16,1,1,20,0,0,0,0.054,0.001,0.79
Intel Xeon CPU E5-2695 v2 @ 2.40GHz,NoMemory,ONE_D,32,1,1,20,0.001,0,0,0.045,0,0.85
Intel Xeon CPU E5-2695 v2 @ 2.40GHz,NoMemory,ONE_D,64,1,1,20,0,0,0,0.043,0,0.761
Intel Xeon CPU E5-2695 v2 @ 2.40GHz,NoMemory,ONE_D,128,1,1,20,0.001,0,0,0.04,0,0.676
Intel Xeon CPU E5-2695 v2 @ 2.40GHz,NoMemory,ONE_D,256,1,1,20,0,0.001,0,0.045,0,0.723
Intel Xeon CPU E5-2695 v2 @ 2.40GHz,NoMemory,ONE_D,512,1,1,20,0,0,0,0.047,0,0.813
Intel Xeon CPU E5-2695 v2 @ 2.40GHz,NoMemory,ONE_D,1024,1,1,20,0,0,0,-1,-1,-1
Intel Xeon CPU E5-2695 v2 @ 2.40GHz,NoMemory,ONE_D,2048,1,1,20,0,0,0,-1,-1,-1
Intel Xeon CPU E5-2695 v2 @ 2.40GHz,NoMemory,ONE_D,4096,1,1,20,0,0,0,-1,-1,-1
Intel Xeon CPU E5-2695 v2 @ 2.40GHz,NoMemory,ONE_D,8192,1,1,20,0,0,0,-1,-1,-1
Intel Xeon CPU E5-2695 v2 @ 2.40GHz,NoMemory,ONE_D,1,1,1,20,0.001,0,0,0.169,0,0.469
Intel Xeon CPU E5-2695 v2 @ 2.40GHz,NoMemory,ONE_D,2,1,1,20,0,0,0,0.133,0,0.518
Intel Xeon CPU E5-2695 v2 @ 2.40GHz,NoMemory,ONE_D,4,1,1,20,0.001,0,0.001,0.084,0.001,0.472
Intel Xeon CPU E5-2695 v2 @ 2.40GHz,NoMemory,ONE_D,8,1,1,20,0,0,0,0.099,0,0.446
Intel Xeon CPU E5-2695 v2 @ 2.40GHz,NoMemory,ONE_D,16,1,1,20,0,0,0,0.067,0,0.511
Intel Xeon CPU E5-2695 v2 @ 2.40GHz,NoMemory,ONE_D,32,1,1,20,0,0,0,0.115,0.001,0.459
Intel Xeon CPU E5-2695 v2 @ 2.40GHz,NoMemory,ONE_D,64,1,1,20,0,0,0,0.079,0,0.472
Intel Xeon CPU E5-2695 v2 @ 2.40GHz,NoMemory,ONE_D,128,1,1,20,0,0,0,0.051,0,0.52
Intel Xeon CPU E5-2695 v2 @ 2.40GHz,NoMemory,ONE_D,256,1,1,20,0,0,0,0.047,0,0.465
Intel Xeon CPU E5-2695 v2 @ 2.40GHz,NoMemory,ONE_D,512,1,1,20,0,0,0,0.042,0,0.448
Intel Xeon CPU E5-2695 v2 @ 2.40GHz,NoMemory,ONE_D,1024,1,1,20,0,0,0,-1,-1,-1
Intel Xeon CPU E5-2695 v2 @ 2.40GHz,NoMemory,ONE_D,2048,1,1,20,0,0,0,-1,-1,-1
Intel Xeon CPU E5-2695 v2 @ 2.40GHz,NoMemory,ONE_D,4096,1,1,20,0,0,0,-1,-1,-1
Intel Xeon CPU E5-2695 v2 @ 2.40GHz,NoMemory,ONE_D,8192,1,1,20,0,0,0,-1,-1,-1
Intel Xeon CPU E5-2695 v2 @ 2.40GHz,NoMemory,ONE_D,1,1,1,20,0,0,0,0.151,0,0.467
Intel Xeon CPU E5-2695 v2 @ 2.40GHz,NoMemory,ONE_D,2,1,1,20,0,0,0,0.15,0.001,0.643
Intel Xeon CPU E5-2695 v2 @ 2.40GHz,NoMemory,ONE_D,4,1,1,20,0,0,0,0.069,0,0.631
Intel Xeon CPU E5-2695 v2 @ 2.40GHz,NoMemory,ONE_D,8,1,1,20,0.001,0,0.001,0.084,0,0.693
Intel Xeon CPU E5-2695 v2 @ 2.40GHz,NoMemory,ONE_D,16,1,1,20,0,0,0,0.104,0,0.773
Intel Xeon CPU E5-2695 v2 @ 2.40GHz,NoMemory,ONE_D,32,1,1,20,0,0,0,0.124,0,0.594
Intel Xeon CPU E5-2695 v2 @ 2.40GHz,NoMemory,ONE_D,64,1,1,20,0,0,0,0.154,0.001,0.615
Intel Xeon CPU E5-2695 v2 @ 2.40GHz,NoMemory,ONE_D,128,1,1,20,0,0,0,0.05,0,0.455
Intel Xeon CPU E5-2695 v2 @ 2.40GHz,NoMemory,ONE_D,256,1,1,20,0,0,0,0.048,0,0.47
Intel Xeon CPU E5-2695 v2 @ 2.40GHz,NoMemory,ONE_D,512,1,1,20,0,0,0,0.106,0,0.419
Intel Xeon CPU E5-2695 v2 @ 2.40GHz,NoMemory,ONE_D,1024,1,1,20,0,0,0,-1,-1,-1
Intel Xeon CPU E5-2695 v2 @ 2.40GHz,NoMemory,ONE_D,2048,1,1,20,0,0,0.001,-1,-1,-1
Intel Xeon CPU E5-2695 v2 @ 2.40GHz,NoMemory,ONE_D,4096,1,1,20,0,0,0,-1,-1,-1
Intel Xeon CPU E5-2695 v2 @ 2.40GHz,NoMemory,ONE_D,8192,1,1,20,0,0,0,-1,-1,-1
Intel Xeon CPU E5-2695 v2 @ 2.40GHz,NoMemory,ONE_D,1,1,1,20,0.001,0,0,0.128,0,0.494
Intel Xeon CPU E5-2695 v2 @ 2.40GHz,NoMemory,ONE_D,2,1,1,20,0,0,0,0.098,0,0.583
Intel Xeon CPU E5-2695 v2 @ 2.40GHz,NoMemory,ONE_D,4,1,1,20,0.001,0,0,0.19,0,0.452
Intel Xeon CPU E5-2695 v2 @ 2.40GHz,NoMemory,ONE_D,8,1,1,20,0,0,0,0.079,0,0.491
Intel Xeon CPU E5-2695 v2 @ 2.40GHz,NoMemory,ONE_D,16,1,1,20,0.001,0,0,0.056,0.001,0.481
Intel Xeon CPU E5-2695 v2 @ 2.40GHz,NoMemory,ONE_D,32,1,1,20,0,0,0,0.051,0.001,0.484
Intel Xeon CPU E5-2695 v2 @ 2.40GHz,NoMemory,ONE_D,64,1,1,20,0,0,0,0.043,0,0.428
Intel Xeon CPU E5-2695 v2 @ 2.40GHz,NoMemory,ONE_D,128,1,1,20,0,0,0,0.039,0.001,0.466
Intel Xeon CPU E5-2695 v2 @ 2.40GHz,NoMemory,ONE_D,256,1,1,20,0.001,0,0.001,0.045,0,0.46
Intel Xeon CPU E5-2695 v2 @ 2.40GHz,NoMemory,ONE_D,512,1,1,20,0,0.001,0,0.039,0,0.44
Intel Xeon CPU E5-2695 v2 @ 2.40GHz,NoMemory,ONE_D,1024,1,1,20,0,0,0,-1,-1,-1
Intel Xeon CPU E5-2695 v2 @ 2.40GHz,NoMemory,ONE_D,2048,1,1,20,0,0,0,-1,-1,-1
Intel Xeon CPU E5-2695 v2 @ 2.40GHz,NoMemory,ONE_D,4096,1,1,20,0.001,0.001,0,-1,-1,-1
Intel Xeon CPU E5-2695 v2 @ 2.40GHz,NoMemory,ONE_D,8192,1,1,20,0,0,0,-1,-1,-1
Intel Xeon CPU E5-2695 v2 @ 2.40GHz,NoMemory,ONE_D,1,1,1,20,0,0,0.001,0.219,0.001,0.683
Intel Xeon CPU E5-2695 v2 @ 2.40GHz,NoMemory,ONE_D,2,1,1,20,0.001,0,0.001,0.232,0.001,0.485
Intel Xeon CPU E5-2695 v2 @ 2.40GHz,NoMemory,ONE_D,4,1,1,20,0,0,0,0.079,0,0.44
Intel Xeon CPU E5-2695 v2 @ 2.40GHz,NoMemory,ONE_D,8,1,1,20,0,0,0,0.065,0,0.471
Intel Xeon CPU E5-2695 v2 @ 2.40GHz,NoMemory,ONE_D,16,1,1,20,0,0,0,0.066,0,0.449
Intel Xeon CPU E5-2695 v2 @ 2.40GHz,NoMemory,ONE_D,32,1,1,20,0.001,0,0,0.048,0,0.44
Intel Xeon CPU E5-2695 v2 @ 2.40GHz,NoMemory,ONE_D,64,1,1,20,0,0.001,0,0.044,0,0.495
Intel Xeon CPU E5-2695 v2 @ 2.40GHz,NoMemory,ONE_D,128,1,1,20,0,0,0,0.044,0,0.451
Intel Xeon CPU E5-2695 v2 @ 2.40GHz,NoMemory,ONE_D,256,1,1,20,0,0,0,0.046,0,0.453
Intel Xeon CPU E5-2695 v2 @ 2.40GHz,NoMemory,ONE_D,512,1,1,20,0,0,0,0.038,0,0.503
Intel Xeon CPU E5-2695 v2 @ 2.40GHz,NoMemory,ONE_D,1024,1,1,20,0,0.001,0,-1,-1,-1
Intel Xeon CPU E5-2695 v2 @ 2.40GHz,NoMemory,ONE_D,2048,1,1,20,0,0.001,0,-1,-1,-1
Intel Xeon CPU E5-2695 v2 @ 2.40GHz,NoMemory,ONE_D,4096,1,1,20,0,0,0,-1,-1,-1
Intel Xeon CPU E5-2695 v2 @ 2.40GHz,NoMemory,ONE_D,8192,1,1,20,0,0,0,-1,-1,-1
Intel Xeon CPU E5-2695 v2 @ 2.40GHz,NoMemory,ONE_D,1,1,1,20,0,0,0,0.111,0,0.539
Intel Xeon CPU E5-2695 v2 @ 2.40GHz,NoMemory,ONE_D,2,1,1,20,0,0,0,0.122,0,0.641
Intel Xeon CPU E5-2695 v2 @ 2.40GHz,NoMemory,ONE_D,4,1,1,20,0,0,0,0.084,0,0.597
Intel Xeon CPU E5-2695 v2 @ 2.40GHz,NoMemory,ONE_D,8,1,1,20,0,0,0,0.107,0,0.465
Intel Xeon CPU E5-2695 v2 @ 2.40GHz,NoMemory,ONE_D,16,1,1,20,0,0,0,0.057,0,0.539
Intel Xeon CPU E5-2695 v2 @ 2.40GHz,NoMemory,ONE_D,32,1,1,20,0.001,0,0.001,0.15,0.001,0.626
Intel Xeon CPU E5-2695 v2 @ 2.40GHz,NoMemory,ONE_D,64,1,1,20,0,0.001,0,0.163,0,0.6
Intel Xeon CPU E5-2695 v2 @ 2.40GHz,NoMemory,ONE_D,128,1,1,20,0,0,0,0.162,0,0.704
Intel Xeon CPU E5-2695 v2 @ 2.40GHz,NoMemory,ONE_D,256,1,1,20,0,0.001,0,0.124,0.001,0.59
Intel Xeon CPU E5-2695 v2 @ 2.40GHz,NoMemory,ONE_D,512,1,1,20,0,0,0,0.044,0,0.438
Intel Xeon CPU E5-2695 v2 @ 2.40GHz,NoMemory,ONE_D,1024,1,1,20,0,0,0,-1,-1,-1
Intel Xeon CPU E5-2695 v2 @ 2.40GHz,NoMemory,ONE_D,2048,1,1,20,0,0,0,-1,-1,-1
Intel Xeon CPU E5-2695 v2 @ 2.40GHz,NoMemory,ONE_D,4096,1,1,20,0,0,0,-1,-1,-1
Intel Xeon CPU E5-2695 v2 @ 2.40GHz,NoMemory,ONE_D,8192,1,1,20,0,0,0,-1,-1,-1
Intel Xeon CPU E5-2695 v2 @ 2.40GHz,NoMemory,ONE_D,1,1,1,20,0,0.001,0,0.205,0,0.765
Intel Xeon CPU E5-2695 v2 @ 2.40GHz,NoMemory,ONE_D,2,1,1,20,0,0,0,0.189,0.001,0.669
Intel Xeon CPU E5-2695 v2 @ 2.40GHz,NoMemory,ONE_D,4,1,1,20,0,0.001,0,0.152,0,0.796
Intel Xeon CPU E5-2695 v2 @ 2.40GHz,NoMemory,ONE_D,8,1,1,20,0,0,0,0.176,0.001,0.776
Intel Xeon CPU E5-2695 v2 @ 2.40GHz,NoMemory,ONE_D,16,1,1,20,0.001,0,0.001,0.117,0.001,0.648
Intel Xeon CPU E5-2695 v2 @ 2.40GHz,NoMemory,ONE_D,32,1,1,20,0,0.001,0,0.091,0,0.708
Intel Xeon CPU E5-2695 v2 @ 2.40GHz,NoMemory,ONE_D,64,1,1,20,0,0,0,0.087,0.001,0.545
Intel Xeon CPU E5-2695 v2 @ 2.40GHz,NoMemory,ONE_D,128,1,1,20,0,0.001,0,0.05,0.001,0.436
Intel Xeon CPU E5-2695 v2 @ 2.40GHz,NoMemory,ONE_D,256,1,1,20,0,0.001,0,0.051,0,0.45
Intel Xeon CPU E5-2695 v2 @ 2.40GHz,NoMemory,ONE_D,512,1,1,20,0,0,0,0.044,0.001,0.456
Intel Xeon CPU E5-2695 v2 @ 2.40GHz,NoMemory,ONE_D,1024,1,1,20,0,0,0,-1,-1,-1
Intel Xeon CPU E5-2695 v2 @ 2.40GHz,NoMemory,ONE_D,2048,1,1,20,0,0,0,-1,-1,-1
Intel Xeon CPU E5-2695 v2 @ 2.40GHz,NoMemory,ONE_D,4096,1,1,20,0,0,0,-1,-1,-1
Intel Xeon CPU E5-2695 v2 @ 2.40GHz,NoMemory,ONE_D,8192,1,1,20,0,0,0,-1,-1,-1
Intel Xeon CPU E5-2695 v2 @ 2.40GHz,NoMemory,ONE_D,1,1,1,20,0.001,0,0,0.208,0.001,0.514
Intel Xeon CPU E5-2695 v2 @ 2.40GHz,NoMemory,ONE_D,2,1,1,20,0,0.001,0,0.127,0.001,0.457
Intel Xeon CPU E5-2695 v2 @ 2.40GHz,NoMemory,ONE_D,4,1,1,20,0,0,0,0.093,0.001,0.38
Intel Xeon CPU E5-2695 v2 @ 2.40GHz,NoMemory,ONE_D,8,1,1,20,0,0,0,0.111,0,0.373
Intel Xeon CPU E5-2695 v2 @ 2.40GHz,NoMemory,ONE_D,16,1,1,20,0,0,0,0.058,0,0.41
Intel Xeon CPU E5-2695 v2 @ 2.40GHz,NoMemory,ONE_D,32,1,1,20,0,0,0,0.069,0,0.382
Intel Xeon CPU E5-2695 v2 @ 2.40GHz,NoMemory,ONE_D,64,1,1,20,0,0,0,0.051,0,0.444
Intel Xeon CPU E5-2695 v2 @ 2.40GHz,NoMemory,ONE_D,128,1,1,20,0.001,0,0.001,0.139,0,0.551
Intel Xeon CPU E5-2695 v2 @ 2.40GHz,NoMemory,ONE_D,256,1,1,20,0,0,0.001,0.085,0,0.447
Intel Xeon CPU E5-2695 v2 @ 2.40GHz,NoMemory,ONE_D,512,1,1,20,0,0,0,0.303,0.001,0.39
Intel Xeon CPU E5-2695 v2 @ 2.40GHz,NoMemory,ONE_D,1024,1,1,20,0,0,0.001,-1,-1,-1
Intel Xeon CPU E5-2695 v2 @ 2.40GHz,NoMemory,ONE_D,2048,1,1,20,0.001,0,0,-1,-1,-1
Intel Xeon CPU E5-2695 v2 @ 2.40GHz,NoMemory,ONE_D,4096,1,1,20,0,0,0,-1,-1,-1
Intel Xeon CPU E5-2695 v2 @ 2.40GHz,NoMemory,ONE_D,8192,1,1,20,0,0,0,-1,-1,-1
Intel Xeon CPU E5-2695 v2 @ 2.40GHz,NoMemory,ONE_D,1,1,1,20,0,0,0,0.153,0.001,0.469
Intel Xeon CPU E5-2695 v2 @ 2.40GHz,NoMemory,ONE_D,2,1,1,20,0,0,0,0.143,0.001,0.476
Intel Xeon CPU E5-2695 v2 @ 2.40GHz,NoMemory,ONE_D,4,1,1,20,0.001,0,0,0.137,0,0.492
Intel Xeon CPU E5-2695 v2 @ 2.40GHz,NoMemory,ONE_D,8,1,1,20,0.001,0,0,0.071,0,0.51
Intel Xeon CPU E5-2695 v2 @ 2.40GHz,NoMemory,ONE_D,16,1,1,20,0,0,0,0.056,0.001,0.448
Intel Xeon CPU E5-2695 v2 @ 2.40GHz,NoMemory,ONE_D,32,1,1,20,0,0.001,0,0.051,0,0.458
Intel Xeon CPU E5-2695 v2 @ 2.40GHz,NoMemory,ONE_D,64,1,1,20,0,0,0,0.048,0,0.457
Intel Xeon CPU E5-2695 v2 @ 2.40GHz,NoMemory,ONE_D,128,1,1,20,0,0,0,0.045,0,0.473
Intel Xeon CPU E5-2695 v2 @ 2.40GHz,NoMemory,ONE_D,256,1,1,20,0,0,0,0.058,0,0.463
Intel Xeon CPU E5-2695 v2 @ 2.40GHz,NoMemory,ONE_D,512,1,1,20,0.001,0,0,0.045,0,0.484
Intel Xeon CPU E5-2695 v2 @ 2.40GHz,NoMemory,ONE_D,1024,1,1,20,0,0,0,-1,-1,-1
Intel Xeon CPU E5-2695 v2 @ 2.40GHz,NoMemory,ONE_D,2048,1,1,20,0,0,0,-1,-1,-1
Intel Xeon CPU E5-2695 v2 @ 2.40GHz,NoMemory,ONE_D,4096,1,1,20,0.001,0,0,-1,-1,-1
Intel Xeon CPU E5-2695 v2 @ 2.40GHz,NoMemory,ONE_D,8192,1,1,20,0,0,0,-1,-1,-1
Intel Xeon CPU E5-2695 v2 @ 2.40GHz,NoMemory,ONE_D,1,1,1,20,0,0,0,0.116,0,0.478
Intel Xeon CPU E5-2695 v2 @ 2.40GHz,NoMemory,ONE_D,2,1,1,20,0,0,0,0.163,0.001,0.466
Intel Xeon CPU E5-2695 v2 @ 2.40GHz,NoMemory,ONE_D,4,1,1,20,0,0.001,0,0.086,0,0.46
Intel Xeon CPU E5-2695 v2 @ 2.40GHz,NoMemory,ONE_D,8,1,1,20,0,0,0,0.089,0,0.455
Intel Xeon CPU E5-2695 v2 @ 2.40GHz,NoMemory,ONE_D,16,1,1,20,0.001,0,0.001,0.057,0,0.46
Intel Xeon CPU E5-2695 v2 @ 2.40GHz,NoMemory,ONE_D,32,1,1,20,0,0,0,0.051,0,0.454
Intel Xeon CPU E5-2695 v2 @ 2.40GHz,NoMemory,ONE_D,64,1,1,20,0,0,0,0.048,0,0.463
Intel Xeon CPU E5-2695 v2 @ 2.40GHz,NoMemory,ONE_D,128,1,1,20,0,0,0,0.046,0,0.45
Intel Xeon CPU E5-2695 v2 @ 2.40GHz,NoMemory,ONE_D,256,1,1,20,0.001,0,0.001,0.042,0,0.472
Intel Xeon CPU E5-2695 v2 @ 2.40GHz,NoMemory,ONE_D,512,1,1,20,0,0,0,0.042,0.001,0.485
Intel Xeon CPU E5-2695 v2 @ 2.40GHz,NoMemory,ONE_D,1024,1,1,20,0,0,0,-1,-1,-1
Intel Xeon CPU E5-2695 v2 @ 2.40GHz,NoMemory,ONE_D,2048,1,1,20,0,0,0,-1,-1,-1
Intel Xeon CPU E5-2695 v2 @ 2.40GHz,NoMemory,ONE_D,4096,1,1,20,0,0,0,-1,-1,-1
Intel Xeon CPU E5-2695 v2 @ 2.40GHz,NoMemory,ONE_D,8192,1,1,20,0,0,0,-1,-1,-1
Intel Xeon CPU E5-2695 v2 @ 2.40GHz,NoMemory,ONE_D,1,1,1,20,0,0,0.001,0.238,0.001,0.5
Intel Xeon CPU E5-2695 v2 @ 2.40GHz,NoMemory,ONE_D,2,1,1,20,0,0,0.001,0.132,0,0.579
Intel Xeon CPU E5-2695 v2 @ 2.40GHz,NoMemory,ONE_D,4,1,1,20,0,0,0,0.132,0,0.492
Intel Xeon CPU E5-2695 v2 @ 2.40GHz,NoMemory,ONE_D,8,1,1,20,0,0,0,0.069,0,0.508
Intel Xeon CPU E5-2695 v2 @ 2.40GHz,NoMemory,ONE_D,16,1,1,20,0,0,0,0.057,0,0.453
Intel Xeon CPU E5-2695 v2 @ 2.40GHz,NoMemory,ONE_D,32,1,1,20,0,0,0,0.048,0,0.455
Intel Xeon CPU E5-2695 v2 @ 2.40GHz,NoMemory,ONE_D,64,1,1,20,0.001,0,0,0.046,0,0.438
Intel Xeon CPU E5-2695 v2 @ 2.40GHz,NoMemory,ONE_D,128,1,1,20,0,0,0,0.044,0,0.492
Intel Xeon CPU E5-2695 v2 @ 2.40GHz,NoMemory,ONE_D,256,1,1,20,0,0,0,0.059,0,0.455
Intel Xeon CPU E5-2695 v2 @ 2.40GHz,NoMemory,ONE_D,512,1,1,20,0,0,0,0.046,0,0.46
Intel Xeon CPU E5-2695 v2 @ 2.40GHz,NoMemory,ONE_D,1024,1,1,20,0.001,0,0.001,-1,-1,-1
Intel Xeon CPU E5-2695 v2 @ 2.40GHz,NoMemory,ONE_D,2048,1,1,20,0.001,0,0,-1,-1,-1
Intel Xeon CPU E5-2695 v2 @ 2.40GHz,NoMemory,ONE_D,4096,1,1,20,0,0,0,-1,-1,-1
Intel Xeon CPU E5-2695 v2 @ 2.40GHz,NoMemory,ONE_D,8192,1,1,20,0,0,0.001,-1,-1,-1
Intel Xeon CPU E5-2695 v2 @ 2.40GHz,NoMemory,ONE_D,1,1,1,20,0.001,0.001,0,0.478,0.001,1.13
Intel Xeon CPU E5-2695 v2 @ 2.40GHz,NoMemory,ONE_D,2,1,1,20,0,0,0.001,0.574,0,1.021
Intel Xeon CPU E5-2695 v2 @ 2.40GHz,NoMemory,ONE_D,4,1,1,20,0,0,0,0.437,0.001,1.001
Intel Xeon CPU E5-2695 v2 @ 2.40GHz,NoMemory,ONE_D,8,1,1,20,0,0,0,0.494,0.001,1.183
Intel Xeon CPU E5-2695 v2 @ 2.40GHz,NoMemory,ONE_D,16,1,1,20,0.001,0,0,0.755,0,0.433
Intel Xeon CPU E5-2695 v2 @ 2.40GHz,NoMemory,ONE_D,32,1,1,20,0,0,0,0.05,0,0.694
Intel Xeon CPU E5-2695 v2 @ 2.40GHz,NoMemory,ONE_D,64,1,1,20,0,0,0,0.046,0,0.58
Intel Xeon CPU E5-2695 v2 @ 2.40GHz,NoMemory,ONE_D,128,1,1,20,0.001,0,0,0.05,0.001,0.62
Intel Xeon CPU E5-2695 v2 @ 2.40GHz,NoMemory,ONE_D,256,1,1,20,0.001,0,0.001,0.047,0,0.696
Intel Xeon CPU E5-2695 v2 @ 2.40GHz,NoMemory,ONE_D,512,1,1,20,0.001,0,0,0.385,0,0.377
Intel Xeon CPU E5-2695 v2 @ 2.40GHz,NoMemory,ONE_D,1024,1,1,20,0,0,0,-1,-1,-1
Intel Xeon CPU E5-2695 v2 @ 2.40GHz,NoMemory,ONE_D,2048,1,1,20,0,0,0,-1,-1,-1
Intel Xeon CPU E5-2695 v2 @ 2.40GHz,NoMemory,ONE_D,4096,1,1,20,0,0.001,0,-1,-1,-1
Intel Xeon CPU E5-2695 v2 @ 2.40GHz,NoMemory,ONE_D,8192,1,1,20,0,0,0,-1,-1,-1
Intel Xeon CPU E5-2695 v2 @ 2.40GHz,NoMemory,ONE_D,1,1,1,20,0,0,0,0.121,0,0.697
Intel Xeon CPU E5-2695 v2 @ 2.40GHz,NoMemory,ONE_D,2,1,1,20,0,0,0,0.099,0.001,0.713
Intel Xeon CPU E5-2695 v2 @ 2.40GHz,NoMemory,ONE_D,4,1,1,20,0.001,0.001,0,0.072,0,0.871
Intel Xeon CPU E5-2695 v2 @ 2.40GHz,NoMemory,ONE_D,8,1,1,20,0,0,0,0.06,0,0.765
Intel Xeon CPU E5-2695 v2 @ 2.40GHz,NoMemory,ONE_D,16,1,1,20,0,0,0,0.052,0,0.915
Intel Xeon CPU E5-2695 v2 @ 2.40GHz,NoMemory,ONE_D,32,1,1,20,0.001,0,0.001,0.363,0,0.969
Intel Xeon CPU E5-2695 v2 @ 2.40GHz,NoMemory,ONE_D,64,1,1,20,0,0,0,0.085,0.001,0.716
Intel Xeon CPU E5-2695 v2 @ 2.40GHz,NoMemory,ONE_D,128,1,1,20,0,0,0,0.05,0,0.654
Intel Xeon CPU E5-2695 v2 @ 2.40GHz,NoMemory,ONE_D,256,1,1,20,0.001,0,0.001,0.043,0,0.648
Intel Xeon CPU E5-2695 v2 @ 2.40GHz,NoMemory,ONE_D,512,1,1,20,0,0,0,0.048,0,0.645
Intel Xeon CPU E5-2695 v2 @ 2.40GHz,NoMemory,ONE_D,1024,1,1,20,0.001,0,0.001,-1,-1,-1
Intel Xeon CPU E5-2695 v2 @ 2.40GHz,NoMemory,ONE_D,2048,1,1,20,0,0,0,-1,-1,-1
Intel Xeon CPU E5-2695 v2 @ 2.40GHz,NoMemory,ONE_D,4096,1,1,20,0,0,0,-1,-1,-1
Intel Xeon CPU E5-2695 v2 @ 2.40GHz,NoMemory,ONE_D,8192,1,1,20,0,0,0,-1,-1,-1
Intel Xeon CPU E5-2695 v2 @ 2.40GHz,NoMemory,ONE_D,1,1,1,20,0,0.001,0,0.216,0,0.612
Intel Xeon CPU E5-2695 v2 @ 2.40GHz,NoMemory,ONE_D,2,1,1,20,0,0,0,0.153,0,0.573
Intel Xeon CPU E5-2695 v2 @ 2.40GHz,NoMemory,ONE_D,4,1,1,20,0,0,0,0.073,0,0.55
Intel Xeon CPU E5-2695 v2 @ 2.40GHz,NoMemory,ONE_D,8,1,1,20,0,0,0,0.285,0,0.533
Intel Xeon CPU E5-2695 v2 @ 2.40GHz,NoMemory,ONE_D,16,1,1,20,0.001,0,0,0.086,0,0.452
Intel Xeon CPU E5-2695 v2 @ 2.40GHz,NoMemory,ONE_D,32,1,1,20,0,0,0,0.054,0,0.487
Intel Xeon CPU E5-2695 v2 @ 2.40GHz,NoMemory,ONE_D,64,1,1,20,0,0,0,0.053,0,0.453
Intel Xeon CPU E5-2695 v2 @ 2.40GHz,NoMemory,ONE_D,128,1,1,20,0.001,0,0.001,0.045,0,0.439
Intel Xeon CPU E5-2695 v2 @ 2.40GHz,NoMemory,ONE_D,256,1,1,20,0,0.001,0,0.044,0,0.563
Intel Xeon CPU E5-2695 v2 @ 2.40GHz,NoMemory,ONE_D,512,1,1,20,0,0,0,0.162,0,0.651
Intel Xeon CPU E5-2695 v2 @ 2.40GHz,NoMemory,ONE_D,1024,1,1,20,0,0.001,0,-1,-1,-1
Intel Xeon CPU E5-2695 v2 @ 2.40GHz,NoMemory,ONE_D,2048,1,1,20,0,0,0,-1,-1,-1
Intel Xeon CPU E5-2695 v2 @ 2.40GHz,NoMemory,ONE_D,4096,1,1,20,0.001,0,0,-1,-1,-1
Intel Xeon CPU E5-2695 v2 @ 2.40GHz,NoMemory,ONE_D,8192,1,1,20,0,0,0,-1,-1,-1
Intel Xeon CPU E5-2695 v2 @ 2.40GHz,NoMemory,ONE_D,1,1,1,20,0,0.001,0,0.135,0,0.764
Intel Xeon CPU E5-2695 v2 @ 2.40GHz,NoMemory,ONE_D,2,1,1,20,0,0,0.001,0.185,0.001,0.695
Intel Xeon CPU E5-2695 v2 @ 2.40GHz,NoMemory,ONE_D,4,1,1,20,0,0,0,0.154,0.001,0.75
Intel Xeon CPU E5-2695 v2 @ 2.40GHz,NoMemory,ONE_D,8,1,1,20,0,0,0,0.171,0,0.801
Intel Xeon CPU E5-2695 v2 @ 2.40GHz,NoMemory,ONE_D,16,1,1,20,0,0,0,0.124,0,0.635
Intel Xeon CPU E5-2695 v2 @ 2.40GHz,NoMemory,ONE_D,32,1,1,20,0,0,0,0.128,0,0.685
Intel Xeon CPU E5-2695 v2 @ 2.40GHz,NoMemory,ONE_D,64,1,1,20,0,0,0,0.07,0,0.461
Intel Xeon CPU E5-2695 v2 @ 2.40GHz,NoMemory,ONE_D,128,1,1,20,0,0,0,0.049,0,0.467
Intel Xeon CPU E5-2695 v2 @ 2.40GHz,NoMemory,ONE_D,256,1,1,20,0,0,0,0.045,0,0.463
Intel Xeon CPU E5-2695 v2 @ 2.40GHz,NoMemory,ONE_D,512,1,1,20,0.001,0,0.001,0.043,0,0.512
Intel Xeon CPU E5-2695 v2 @ 2.40GHz,NoMemory,ONE_D,1024,1,1,20,0.001,0,0.001,-1,-1,-1
Intel Xeon CPU E5-2695 v2 @ 2.40GHz,NoMemory,ONE_D,2048,1,1,20,0,0,0,-1,-1,-1
Intel Xeon CPU E5-2695 v2 @ 2.40GHz,NoMemory,ONE_D,4096,1,1,20,0,0.001,0,-1,-1,-1
Intel Xeon CPU E5-2695 v2 @ 2.40GHz,NoMemory,ONE_D,8192,1,1,20,0,0,0,-1,-1,-1
Intel Xeon CPU E5-2695 v2 @ 2.40GHz,NoMemory,ONE_D,1,1,1,20,0.001,0.001,0,0.241,0.001,0.921
Intel Xeon CPU E5-2695 v2 @ 2.40GHz,NoMemory,ONE_D,2,1,1,20,0.001,0.001,0,0.232,0,0.927
Intel Xeon CPU E5-2695 v2 @ 2.40GHz,NoMemory,ONE_D,4,1,1,20,0.001,0.001,0,0.154,0.001,0.883
Intel Xeon CPU E5-2695 v2 @ 2.40GHz,NoMemory,ONE_D,8,1,1,20,0.001,0,0.001,0.076,0,0.463
Intel Xeon CPU E5-2695 v2 @ 2.40GHz,NoMemory,ONE_D,16,1,1,20,0,0,0,0.089,0,0.514
Intel Xeon CPU E5-2695 v2 @ 2.40GHz,NoMemory,ONE_D,32,1,1,20,0,0,0,0.053,0,0.476
Intel Xeon CPU E5-2695 v2 @ 2.40GHz,NoMemory,ONE_D,64,1,1,20,0.001,0,0.001,0.048,0,0.487
Intel Xeon CPU E5-2695 v2 @ 2.40GHz,NoMemory,ONE_D,128,1,1,20,0,0,0,0.043,0,0.462
Intel Xeon CPU E5-2695 v2 @ 2.40GHz,NoMemory,ONE_D,256,1,1,20,0,0,0,0.043,0,0.518
Intel Xeon CPU E5-2695 v2 @ 2.40GHz,NoMemory,ONE_D,512,1,1,20,0,0,0,0.044,0,0.477
Intel Xeon CPU E5-2695 v2 @ 2.40GHz,NoMemory,ONE_D,1024,1,1,20,0,0,0,-1,-1,-1
Intel Xeon CPU E5-2695 v2 @ 2.40GHz,NoMemory,ONE_D,2048,1,1,20,0,0,0,-1,-1,-1
Intel Xeon CPU E5-2695 v2 @ 2.40GHz,NoMemory,ONE_D,4096,1,1,20,0,0,0,-1,-1,-1
Intel Xeon CPU E5-2695 v2 @ 2.40GHz,NoMemory,ONE_D,8192,1,1,20,0,0,0,-1,-1,-1
Intel Xeon CPU E5-2695 v2 @ 2.40GHz,NoMemory,ONE_D,1,1,1,20,0,0.001,0,0.19,0,0.914
Intel Xeon CPU E5-2695 v2 @ 2.40GHz,NoMemory,ONE_D,2,1,1,20,0.001,0,0,0.202,0,1.073
Intel Xeon CPU E5-2695 v2 @ 2.40GHz,NoMemory,ONE_D,4,1,1,20,0.001,0.001,0,0.349,0,0.671
Intel Xeon CPU E5-2695 v2 @ 2.40GHz,NoMemory,ONE_D,8,1,1,20,0,0,0,0.063,0,0.587
Intel Xeon CPU E5-2695 v2 @ 2.40GHz,NoMemory,ONE_D,16,1,1,20,0,0,0,0.055,0,1.057
Intel Xeon CPU E5-2695 v2 @ 2.40GHz,NoMemory,ONE_D,32,1,1,20,0,0.001,0,0.314,0,0.678
Intel Xeon CPU E5-2695 v2 @ 2.40GHz,NoMemory,ONE_D,64,1,1,20,0,0.001,0,0.331,0,0.48
Intel Xeon CPU E5-2695 v2 @ 2.40GHz,NoMemory,ONE_D,128,1,1,20,0,0,0,0.047,0,0.584
Intel Xeon CPU E5-2695 v2 @ 2.40GHz,NoMemory,ONE_D,256,1,1,20,0,0,0,0.045,0,0.497
Intel Xeon CPU E5-2695 v2 @ 2.40GHz,NoMemory,ONE_D,512,1,1,20,0,0,0,0.048,0,0.477
Intel Xeon CPU E5-2695 v2 @ 2.40GHz,NoMemory,ONE_D,1024,1,1,20,0,0,0,-1,-1,-1
Intel Xeon CPU E5-2695 v2 @ 2.40GHz,NoMemory,ONE_D,2048,1,1,20,0.001,0,0,-1,-1,-1
Intel Xeon CPU E5-2695 v2 @ 2.40GHz,NoMemory,ONE_D,4096,1,1,20,0,0,0,-1,-1,-1
Intel Xeon CPU E5-2695 v2 @ 2.40GHz,NoMemory,ONE_D,8192,1,1,20,0,0,0,-1,-1,-1
Intel Xeon CPU E5-2695 v2 @ 2.40GHz,NoMemory,ONE_D,1,1,1,20,0.001,0,0,0.118,0.001,0.891
Intel Xeon CPU E5-2695 v2 @ 2.40GHz,NoMemory,ONE_D,2,1,1,20,0,0,0,0.133,0,0.941
Intel Xeon CPU E5-2695 v2 @ 2.40GHz,NoMemory,ONE_D,4,1,1,20,0.001,0,0,0.081,0,1.01
Intel Xeon CPU E5-2695 v2 @ 2.40GHz,NoMemory,ONE_D,8,1,1,20,0,0,0,0.06,0,0.833
Intel Xeon CPU E5-2695 v2 @ 2.40GHz,NoMemory,ONE_D,16,1,1,20,0.001,0,0.001,0.053,0,0.925
Intel Xeon CPU E5-2695 v2 @ 2.40GHz,NoMemory,ONE_D,32,1,1,20,0.001,0,0.001,0.047,0,0.664
Intel Xeon CPU E5-2695 v2 @ 2.40GHz,NoMemory,ONE_D,64,1,1,20,0,0,0,0.05,0,0.604
Intel Xeon CPU E5-2695 v2 @ 2.40GHz,NoMemory,ONE_D,128,1,1,20,0,0,0,0.048,0,0.65
Intel Xeon CPU E5-2695 v2 @ 2.40GHz,NoMemory,ONE_D,256,1,1,20,0,0,0,0.044,0,0.621
Intel Xeon CPU E5-2695 v2 @ 2.40GHz,NoMemory,ONE_D,512,1,1,20,0,0,0,0.04,0.001,0.614
Intel Xeon CPU E5-2695 v2 @ 2.40GHz,NoMemory,ONE_D,1024,1,1,20,0,0,0,-1,-1,-1
Intel Xeon CPU E5-2695 v2 @ 2.40GHz,NoMemory,ONE_D,2048,1,1,20,0,0,0,-1,-1,-1
Intel Xeon CPU E5-2695 v2 @ 2.40GHz,NoMemory,ONE_D,4096,1,1,20,0,0,0,-1,-1,-1
Intel Xeon CPU E5-2695 v2 @ 2.40GHz,NoMemory,ONE_D,8192,1,1,20,0,0,0.001,-1,-1,-1
Intel Xeon CPU E5-2695 v2 @ 2.40GHz,NoMemory,ONE_D,1,1,1,20,0.001,0,0.001,0.23,0,0.668
Intel Xeon CPU E5-2695 v2 @ 2.40GHz,NoMemory,ONE_D,2,1,1,20,0,0,0,0.089,0,0.458
Intel Xeon CPU E5-2695 v2 @ 2.40GHz,NoMemory,ONE_D,4,1,1,20,0,0,0,0.126,0.001,0.472
Intel Xeon CPU E5-2695 v2 @ 2.40GHz,NoMemory,ONE_D,8,1,1,20,0,0,0,0.077,0,0.469
Intel Xeon CPU E5-2695 v2 @ 2.40GHz,NoMemory,ONE_D,16,1,1,20,0.001,0,0.001,0.063,0,0.454
Intel Xeon CPU E5-2695 v2 @ 2.40GHz,NoMemory,ONE_D,32,1,1,20,0.001,0,0.001,0.045,0,0.491
Intel Xeon CPU E5-2695 v2 @ 2.40GHz,NoMemory,ONE_D,64,1,1,20,0,0,0,0.048,0,0.486
Intel Xeon CPU E5-2695 v2 @ 2.40GHz,NoMemory,ONE_D,128,1,1,20,0.001,0,0.001,0.047,0,0.532
Intel Xeon CPU E5-2695 v2 @ 2.40GHz,NoMemory,ONE_D,256,1,1,20,0,0,0,0.049,0,0.501
Intel Xeon CPU E5-2695 v2 @ 2.40GHz,NoMemory,ONE_D,512,1,1,20,0,0,0,0.043,0,0.489
Intel Xeon CPU E5-2695 v2 @ 2.40GHz,NoMemory,ONE_D,1024,1,1,20,0,0,0,-1,-1,-1
Intel Xeon CPU E5-2695 v2 @ 2.40GHz,NoMemory,ONE_D,2048,1,1,20,0.001,0,0,-1,-1,-1
Intel Xeon CPU E5-2695 v2 @ 2.40GHz,NoMemory,ONE_D,4096,1,1,20,0,0,0,-1,-1,-1
Intel Xeon CPU E5-2695 v2 @ 2.40GHz,NoMemory,ONE_D,8192,1,1,20,0.001,0,0,-1,-1,-1
Intel Xeon CPU E5-2695 v2 @ 2.40GHz,NoMemory,ONE_D,1,1,1,20,0.001,0.001,0,0.239,0,0.51
Intel Xeon CPU E5-2695 v2 @ 2.40GHz,NoMemory,ONE_D,2,1,1,20,0,0,0,0.105,0,0.544
Intel Xeon CPU E5-2695 v2 @ 2.40GHz,NoMemory,ONE_D,4,1,1,20,0,0,0,0.097,0,0.579
Intel Xeon CPU E5-2695 v2 @ 2.40GHz,NoMemory,ONE_D,8,1,1,20,0.001,0,0,0.065,0,0.456
Intel Xeon CPU E5-2695 v2 @ 2.40GHz,NoMemory,ONE_D,16,1,1,20,0,0,0,0.104,0,0.469
Intel Xeon CPU E5-2695 v2 @ 2.40GHz,NoMemory,ONE_D,32,1,1,20,0,0,0,0.051,0.001,0.456
Intel Xeon CPU E5-2695 v2 @ 2.40GHz,NoMemory,ONE_D,64,1,1,20,0.001,0,0.001,0.047,0,0.462
Intel Xeon CPU E5-2695 v2 @ 2.40GHz,NoMemory,ONE_D,128,1,1,20,0,0,0,0.077,0,0.444
Intel Xeon CPU E5-2695 v2 @ 2.40GHz,NoMemory,ONE_D,256,1,1,20,0.001,0,0,0.064,0,0.482
Intel Xeon CPU E5-2695 v2 @ 2.40GHz,NoMemory,ONE_D,512,1,1,20,0,0,0,0.048,0.001,0.505
Intel Xeon CPU E5-2695 v2 @ 2.40GHz,NoMemory,ONE_D,1024,1,1,20,0,0,0,-1,-1,-1
Intel Xeon CPU E5-2695 v2 @ 2.40GHz,NoMemory,ONE_D,2048,1,1,20,0,0,0,-1,-1,-1
Intel Xeon CPU E5-2695 v2 @ 2.40GHz,NoMemory,ONE_D,4096,1,1,20,0,0,0,-1,-1,-1
Intel Xeon CPU E5-2695 v2 @ 2.40GHz,NoMemory,ONE_D,8192,1,1,20,0,0,0,-1,-1,-1
Intel Xeon CPU E5-2695 v2 @ 2.40GHz,NoMemory,ONE_D,1,1,1,20,0.001,0,0,0.194,0,0.902
Intel Xeon CPU E5-2695 v2 @ 2.40GHz,NoMemory,ONE_D,2,1,1,20,0.001,0.001,0,0.441,0,1.045
Intel Xeon CPU E5-2695 v2 @ 2.40GHz,NoMemory,ONE_D,4,1,1,20,0,0,0,0.408,0,0.751
Intel Xeon CPU E5-2695 v2 @ 2.40GHz,NoMemory,ONE_D,8,1,1,20,0,0,0,0.074,0,0.827
Intel Xeon CPU E5-2695 v2 @ 2.40GHz,NoMemory,ONE_D,16,1,1,20,0,0,0,0.052,0,0.824
Intel Xeon CPU E5-2695 v2 @ 2.40GHz,NoMemory,ONE_D,32,1,1,20,0,0,0,0.043,0.001,0.579
Intel Xeon CPU E5-2695 v2 @ 2.40GHz,NoMemory,ONE_D,64,1,1,20,0,0,0,0.053,0,0.778
Intel Xeon CPU E5-2695 v2 @ 2.40GHz,NoMemory,ONE_D,128,1,1,20,0,0,0,0.428,0,0.687
Intel Xeon CPU E5-2695 v2 @ 2.40GHz,NoMemory,ONE_D,256,1,1,20,0,0,0,0.07,0,0.681
Intel Xeon CPU E5-2695 v2 @ 2.40GHz,NoMemory,ONE_D,512,1,1,20,0,0.001,0,0.047,0,0.728
Intel Xeon CPU E5-2695 v2 @ 2.40GHz,NoMemory,ONE_D,1024,1,1,20,0,0,0,-1,-1,-1
Intel Xeon CPU E5-2695 v2 @ 2.40GHz,NoMemory,ONE_D,2048,1,1,20,0,0,0,-1,-1,-1
Intel Xeon CPU E5-2695 v2 @ 2.40GHz,NoMemory,ONE_D,4096,1,1,20,0.001,0,0,-1,-1,-1
Intel Xeon CPU E5-2695 v2 @ 2.40GHz,NoMemory,ONE_D,8192,1,1,20,0,0,0,-1,-1,-1
Intel Xeon CPU E5-2695 v2 @ 2.40GHz,NoMemory,ONE_D,1,1,1,20,0.001,0.001,0,0.188,0,0.707
Intel Xeon CPU E5-2695 v2 @ 2.40GHz,NoMemory,ONE_D,2,1,1,20,0,0,0,0.198,0.001,0.502
Intel Xeon CPU E5-2695 v2 @ 2.40GHz,NoMemory,ONE_D,4,1,1,20,0,0,0,0.107,0,0.432
Intel Xeon CPU E5-2695 v2 @ 2.40GHz,NoMemory,ONE_D,8,1,1,20,0.001,0,0.001,0.066,0,0.675
Intel Xeon CPU E5-2695 v2 @ 2.40GHz,NoMemory,ONE_D,16,1,1,20,0.001,0,0,0.123,0.001,0.706
Intel Xeon CPU E5-2695 v2 @ 2.40GHz,NoMemory,ONE_D,32,1,1,20,0.001,0.001,0,0.058,0.001,0.643
Intel Xeon CPU E5-2695 v2 @ 2.40GHz,NoMemory,ONE_D,64,1,1,20,0,0,0,0.047,0,0.434
Intel Xeon CPU E5-2695 v2 @ 2.40GHz,NoMemory,ONE_D,128,1,1,20,0,0,0,0.045,0,0.483
Intel Xeon CPU E5-2695 v2 @ 2.40GHz,NoMemory,ONE_D,256,1,1,20,0,0,0,0.049,0,0.442
Intel Xeon CPU E5-2695 v2 @ 2.40GHz,NoMemory,ONE_D,512,1,1,20,0,0,0,0.047,0.001,0.452
Intel Xeon CPU E5-2695 v2 @ 2.40GHz,NoMemory,ONE_D,1024,1,1,20,0,0,0,-1,-1,-1
Intel Xeon CPU E5-2695 v2 @ 2.40GHz,NoMemory,ONE_D,2048,1,1,20,0,0,0,-1,-1,-1
Intel Xeon CPU E5-2695 v2 @ 2.40GHz,NoMemory,ONE_D,4096,1,1,20,0,0,0,-1,-1,-1
Intel Xeon CPU E5-2695 v2 @ 2.40GHz,NoMemory,ONE_D,8192,1,1,20,0,0,0,-1,-1,-1
Intel Xeon CPU E5-2695 v2 @ 2.40GHz,NoMemory,ONE_D,1,1,1,20,0.001,0,0,0.178,0.001,0.645
Intel Xeon CPU E5-2695 v2 @ 2.40GHz,NoMemory,ONE_D,2,1,1,20,0.001,0,0,0.302,0,0.66
Intel Xeon CPU E5-2695 v2 @ 2.40GHz,NoMemory,ONE_D,4,1,1,20,0,0,0,0.296,0.001,0.501
Intel Xeon CPU E5-2695 v2 @ 2.40GHz,NoMemory,ONE_D,8,1,1,20,0,0,0,0.066,0,0.617
Intel Xeon CPU E5-2695 v2 @ 2.40GHz,NoMemory,ONE_D,16,1,1,20,0,0,0,0.053,0,0.744
Intel Xeon CPU E5-2695 v2 @ 2.40GHz,NoMemory,ONE_D,32,1,1,20,0,0,0,0.654,0.001,0.697
Intel Xeon CPU E5-2695 v2 @ 2.40GHz,NoMemory,ONE_D,64,1,1,20,0,0,0,0.046,0,0.593
Intel Xeon CPU E5-2695 v2 @ 2.40GHz,NoMemory,ONE_D,128,1,1,20,0,0,0,0.048,0,0.714
Intel Xeon CPU E5-2695 v2 @ 2.40GHz,NoMemory,ONE_D,256,1,1,20,0,0,0,0.304,0,0.374
Intel Xeon CPU E5-2695 v2 @ 2.40GHz,NoMemory,ONE_D,512,1,1,20,0.001,0,0,0.043,0,0.639
Intel Xeon CPU E5-2695 v2 @ 2.40GHz,NoMemory,ONE_D,1024,1,1,20,0.001,0,0,-1,-1,-1
Intel Xeon CPU E5-2695 v2 @ 2.40GHz,NoMemory,ONE_D,2048,1,1,20,0,0,0,-1,-1,-1
Intel Xeon CPU E5-2695 v2 @ 2.40GHz,NoMemory,ONE_D,4096,1,1,20,0,0,0.001,-1,-1,-1
Intel Xeon CPU E5-2695 v2 @ 2.40GHz,NoMemory,ONE_D,8192,1,1,20,0,0,0,-1,-1,-1
Intel Xeon CPU E5-2695 v2 @ 2.40GHz,NoMemory,ONE_D,1,1,1,20,0,0.001,0,0.105,0,0.557
Intel Xeon CPU E5-2695 v2 @ 2.40GHz,NoMemory,ONE_D,2,1,1,20,0,0,0,0.158,0,0.806
Intel Xeon CPU E5-2695 v2 @ 2.40GHz,NoMemory,ONE_D,4,1,1,20,0,0,0,0.152,0.001,0.796
Intel Xeon CPU E5-2695 v2 @ 2.40GHz,NoMemory,ONE_D,8,1,1,20,0.001,0,0,0.136,0,0.807
Intel Xeon CPU E5-2695 v2 @ 2.40GHz,NoMemory,ONE_D,16,1,1,20,0,0,0,0.138,0,0.795
Intel Xeon CPU E5-2695 v2 @ 2.40GHz,NoMemory,ONE_D,32,1,1,20,0,0,0,0.106,0.001,0.552
Intel Xeon CPU E5-2695 v2 @ 2.40GHz,NoMemory,ONE_D,64,1,1,20,0,0,0,0.05,0,0.505
Intel Xeon CPU E5-2695 v2 @ 2.40GHz,NoMemory,ONE_D,128,1,1,20,0,0,0,0.05,0,0.473
Intel Xeon CPU E5-2695 v2 @ 2.40GHz,NoMemory,ONE_D,256,1,1,20,0,0,0,0.047,0.001,0.496
Intel Xeon CPU E5-2695 v2 @ 2.40GHz,NoMemory,ONE_D,512,1,1,20,0,0,0,0.047,0,0.451
Intel Xeon CPU E5-2695 v2 @ 2.40GHz,NoMemory,ONE_D,1024,1,1,20,0,0,0,-1,-1,-1
Intel Xeon CPU E5-2695 v2 @ 2.40GHz,NoMemory,ONE_D,2048,1,1,20,0,0,0,-1,-1,-1
Intel Xeon CPU E5-2695 v2 @ 2.40GHz,NoMemory,ONE_D,4096,1,1,20,0,0,0,-1,-1,-1
Intel Xeon CPU E5-2695 v2 @ 2.40GHz,NoMemory,ONE_D,8192,1,1,20,0,0,0,-1,-1,-1
Intel Xeon CPU E5-2695 v2 @ 2.40GHz,NoMemory,ONE_D,1,1,1,20,0.001,0,0,0.141,0,0.653
Intel Xeon CPU E5-2695 v2 @ 2.40GHz,NoMemory,ONE_D,2,1,1,20,0,0,0,0.382,0,0.773
Intel Xeon CPU E5-2695 v2 @ 2.40GHz,NoMemory,ONE_D,4,1,1,20,0,0,0.001,0.43,0.001,0.722
Intel Xeon CPU E5-2695 v2 @ 2.40GHz,NoMemory,ONE_D,8,1,1,20,0,0,0,0.062,0,0.667
Intel Xeon CPU E5-2695 v2 @ 2.40GHz,NoMemory,ONE_D,16,1,1,20,0,0,0,0.065,0,0.605
Intel Xeon CPU E5-2695 v2 @ 2.40GHz,NoMemory,ONE_D,32,1,1,20,0,0,0,0.052,0,0.729
Intel Xeon CPU E5-2695 v2 @ 2.40GHz,NoMemory,ONE_D,64,1,1,20,0,0,0,0.253,0,0.398
Intel Xeon CPU E5-2695 v2 @ 2.40GHz,NoMemory,ONE_D,128,1,1,20,0,0,0,0.05,0,0.559
Intel Xeon CPU E5-2695 v2 @ 2.40GHz,NoMemory,ONE_D,256,1,1,20,0.001,0,0,0.046,0,0.646
Intel Xeon CPU E5-2695 v2 @ 2.40GHz,NoMemory,ONE_D,512,1,1,20,0,0.001,0,0.36,0,0.392
Intel Xeon CPU E5-2695 v2 @ 2.40GHz,NoMemory,ONE_D,1024,1,1,20,0,0,0,-1,-1,-1
Intel Xeon CPU E5-2695 v2 @ 2.40GHz,NoMemory,ONE_D,2048,1,1,20,0,0,0,-1,-1,-1
Intel Xeon CPU E5-2695 v2 @ 2.40GHz,NoMemory,ONE_D,4096,1,1,20,0,0,0,-1,-1,-1
Intel Xeon CPU E5-2695 v2 @ 2.40GHz,NoMemory,ONE_D,8192,1,1,20,0,0,0,-1,-1,-1
Intel Xeon CPU E5-2695 v2 @ 2.40GHz,NoMemory,ONE_D,1,1,1,20,0.001,0,0,0.114,0.001,0.712
Intel Xeon CPU E5-2695 v2 @ 2.40GHz,NoMemory,ONE_D,2,1,1,20,0,0,0,0.096,0,0.844
Intel Xeon CPU E5-2695 v2 @ 2.40GHz,NoMemory,ONE_D,4,1,1,20,0,0,0,0.072,0.001,0.827
Intel Xeon CPU E5-2695 v2 @ 2.40GHz,NoMemory,ONE_D,8,1,1,20,0,0.001,0,0.073,0,1.127
Intel Xeon CPU E5-2695 v2 @ 2.40GHz,NoMemory,ONE_D,16,1,1,20,0,0.001,0,0.073,0,0.866
Intel Xeon CPU E5-2695 v2 @ 2.40GHz,NoMemory,ONE_D,32,1,1,20,0,0,0,0.057,0,0.862
Intel Xeon CPU E5-2695 v2 @ 2.40GHz,NoMemory,ONE_D,64,1,1,20,0.001,0,0,0.044,0.001,0.809
Intel Xeon CPU E5-2695 v2 @ 2.40GHz,NoMemory,ONE_D,128,1,1,20,0,0,0,0.055,0.001,0.694
Intel Xeon CPU E5-2695 v2 @ 2.40GHz,NoMemory,ONE_D,256,1,1,20,0,0,0,0.335,0,0.446
Intel Xeon CPU E5-2695 v2 @ 2.40GHz,NoMemory,ONE_D,512,1,1,20,0,0,0,0.044,0,0.681
Intel Xeon CPU E5-2695 v2 @ 2.40GHz,NoMemory,ONE_D,1024,1,1,20,0,0,0,-1,-1,-1
Intel Xeon CPU E5-2695 v2 @ 2.40GHz,NoMemory,ONE_D,2048,1,1,20,0,0,0,-1,-1,-1
Intel Xeon CPU E5-2695 v2 @ 2.40GHz,NoMemory,ONE_D,4096,1,1,20,0,0.001,0,-1,-1,-1
Intel Xeon CPU E5-2695 v2 @ 2.40GHz,NoMemory,ONE_D,8192,1,1,20,0,0,0.001,-1,-1,-1
Intel Xeon CPU E5-2695 v2 @ 2.40GHz,NoMemory,ONE_D,1,1,1,20,0,0,0,0.476,0,1.118
Intel Xeon CPU E5-2695 v2 @ 2.40GHz,NoMemory,ONE_D,2,1,1,20,0.001,0.001,0,0.432,0,0.772
Intel Xeon CPU E5-2695 v2 @ 2.40GHz,NoMemory,ONE_D,4,1,1,20,0,0,0,0.422,0,0.632
Intel Xeon CPU E5-2695 v2 @ 2.40GHz,NoMemory,ONE_D,8,1,1,20,0,0,0,0.415,0,0.705
Intel Xeon CPU E5-2695 v2 @ 2.40GHz,NoMemory,ONE_D,16,1,1,20,0,0,0,0.058,0,0.745
Intel Xeon CPU E5-2695 v2 @ 2.40GHz,NoMemory,ONE_D,32,1,1,20,0,0.001,0,0.053,0,0.765
Intel Xeon CPU E5-2695 v2 @ 2.40GHz,NoMemory,ONE_D,64,1,1,20,0,0,0,0.051,0,0.606
Intel Xeon CPU E5-2695 v2 @ 2.40GHz,NoMemory,ONE_D,128,1,1,20,0,0,0,0.054,0.001,0.658
Intel Xeon CPU E5-2695 v2 @ 2.40GHz,NoMemory,ONE_D,256,1,1,20,0,0,0,0.048,0,0.757
Intel Xeon CPU E5-2695 v2 @ 2.40GHz,NoMemory,ONE_D,512,1,1,20,0,0,0,0.412,0,0.422
Intel Xeon CPU E5-2695 v2 @ 2.40GHz,NoMemory,ONE_D,1024,1,1,20,0.001,0,0,-1,-1,-1
Intel Xeon CPU E5-2695 v2 @ 2.40GHz,NoMemory,ONE_D,2048,1,1,20,0,0,0.001,-1,-1,-1
Intel Xeon CPU E5-2695 v2 @ 2.40GHz,NoMemory,ONE_D,4096,1,1,20,0.001,0,0,-1,-1,-1
Intel Xeon CPU E5-2695 v2 @ 2.40GHz,NoMemory,ONE_D,8192,1,1,20,0,0,0,-1,-1,-1
Intel Xeon CPU E5-2695 v2 @ 2.40GHz,NoMemory,ONE_D,1,1,1,20,0,0,0,0.64,0,0.859
Intel Xeon CPU E5-2695 v2 @ 2.40GHz,NoMemory,ONE_D,2,1,1,20,0,0,0,0.321,0,0.882
Intel Xeon CPU E5-2695 v2 @ 2.40GHz,NoMemory,ONE_D,4,1,1,20,0.001,0,0.001,1.036,0,0.482
Intel Xeon CPU E5-2695 v2 @ 2.40GHz,NoMemory,ONE_D,8,1,1,20,0,0,0,0.571,0,1.084
Intel Xeon CPU E5-2695 v2 @ 2.40GHz,NoMemory,ONE_D,16,1,1,20,0.001,0,0,0.48,0,0.754
Intel Xeon CPU E5-2695 v2 @ 2.40GHz,NoMemory,ONE_D,32,1,1,20,0.001,0,0.001,0.355,0.001,0.773
Intel Xeon CPU E5-2695 v2 @ 2.40GHz,NoMemory,ONE_D,64,1,1,20,0,0,0,0.498,0.001,0.778
Intel Xeon CPU E5-2695 v2 @ 2.40GHz,NoMemory,ONE_D,128,1,1,20,0.001,0,0,0.453,0,0.551
Intel Xeon CPU E5-2695 v2 @ 2.40GHz,NoMemory,ONE_D,256,1,1,20,0.001,0,0.001,0.32,0,0.399
Intel Xeon CPU E5-2695 v2 @ 2.40GHz,NoMemory,ONE_D,512,1,1,20,0,0,0,0.042,0,0.708
Intel Xeon CPU E5-2695 v2 @ 2.40GHz,NoMemory,ONE_D,1024,1,1,20,0,0,0,-1,-1,-1
Intel Xeon CPU E5-2695 v2 @ 2.40GHz,NoMemory,ONE_D,2048,1,1,20,0.001,0,0,-1,-1,-1
Intel Xeon CPU E5-2695 v2 @ 2.40GHz,NoMemory,ONE_D,4096,1,1,20,0,0,0,-1,-1,-1
Intel Xeon CPU E5-2695 v2 @ 2.40GHz,NoMemory,ONE_D,8192,1,1,20,0,0,0,-1,-1,-1
Intel Xeon CPU E5-2695 v2 @ 2.40GHz,NoMemory,ONE_D,1,1,1,20,0.001,0,0.001,0.219,0,0.719
Intel Xeon CPU E5-2695 v2 @ 2.40GHz,NoMemory,ONE_D,2,1,1,20,0.001,0.001,0,0.164,0,0.518
Intel Xeon CPU E5-2695 v2 @ 2.40GHz,NoMemory,ONE_D,4,1,1,20,0,0,0,0.107,0,0.52
Intel Xeon CPU E5-2695 v2 @ 2.40GHz,NoMemory,ONE_D,8,1,1,20,0,0.001,0,0.088,0,0.583
Intel Xeon CPU E5-2695 v2 @ 2.40GHz,NoMemory,ONE_D,16,1,1,20,0,0,0,0.056,0,0.639
Intel Xeon CPU E5-2695 v2 @ 2.40GHz,NoMemory,ONE_D,32,1,1,20,0,0,0,0.084,0,0.47
Intel Xeon CPU E5-2695 v2 @ 2.40GHz,NoMemory,ONE_D,64,1,1,20,0,0,0,0.045,0,0.491
Intel Xeon CPU E5-2695 v2 @ 2.40GHz,NoMemory,ONE_D,128,1,1,20,0,0,0,0.045,0,0.475
Intel Xeon CPU E5-2695 v2 @ 2.40GHz,NoMemory,ONE_D,256,1,1,20,0,0,0,0.055,0,0.478
Intel Xeon CPU E5-2695 v2 @ 2.40GHz,NoMemory,ONE_D,512,1,1,20,0,0,0,0.047,0,0.543
Intel Xeon CPU E5-2695 v2 @ 2.40GHz,NoMemory,ONE_D,1024,1,1,20,0,0,0,-1,-1,-1
Intel Xeon CPU E5-2695 v2 @ 2.40GHz,NoMemory,ONE_D,2048,1,1,20,0,0,0,-1,-1,-1
Intel Xeon CPU E5-2695 v2 @ 2.40GHz,NoMemory,ONE_D,4096,1,1,20,0.001,0,0,-1,-1,-1
Intel Xeon CPU E5-2695 v2 @ 2.40GHz,NoMemory,ONE_D,8192,1,1,20,0,0,0,-1,-1,-1
Intel Xeon CPU E5-2695 v2 @ 2.40GHz,NoMemory,ONE_D,1,1,1,20,0.001,0,0,0.458,0.001,0.789
Intel Xeon CPU E5-2695 v2 @ 2.40GHz,NoMemory,ONE_D,2,1,1,20,0.001,0.001,0,0.137,0,1.044
Intel Xeon CPU E5-2695 v2 @ 2.40GHz,NoMemory,ONE_D,4,1,1,20,0,0,0,0.149,0,0.975
Intel Xeon CPU E5-2695 v2 @ 2.40GHz,NoMemory,ONE_D,8,1,1,20,0,0.001,0,0.138,0.001,1.085
Intel Xeon CPU E5-2695 v2 @ 2.40GHz,NoMemory,ONE_D,16,1,1,20,0,0,0,0.097,0,1.184
Intel Xeon CPU E5-2695 v2 @ 2.40GHz,NoMemory,ONE_D,32,1,1,20,0,0,0,0.089,0,0.967
Intel Xeon CPU E5-2695 v2 @ 2.40GHz,NoMemory,ONE_D,64,1,1,20,0.001,0,0.001,0.348,0.001,0.39
Intel Xeon CPU E5-2695 v2 @ 2.40GHz,NoMemory,ONE_D,128,1,1,20,0,0,0,0.051,0.001,0.583
Intel Xeon CPU E5-2695 v2 @ 2.40GHz,NoMemory,ONE_D,256,1,1,20,0,0.001,0,0.044,0,0.626
Intel Xeon CPU E5-2695 v2 @ 2.40GHz,NoMemory,ONE_D,512,1,1,20,0,0,0.001,0.043,0,0.596
Intel Xeon CPU E5-2695 v2 @ 2.40GHz,NoMemory,ONE_D,1024,1,1,20,0,0,0,-1,-1,-1
Intel Xeon CPU E5-2695 v2 @ 2.40GHz,NoMemory,ONE_D,2048,1,1,20,0,0,0,-1,-1,-1
Intel Xeon CPU E5-2695 v2 @ 2.40GHz,NoMemory,ONE_D,4096,1,1,20,0,0,0,-1,-1,-1
Intel Xeon CPU E5-2695 v2 @ 2.40GHz,NoMemory,ONE_D,8192,1,1,20,0,0,0,-1,-1,-1
Intel Xeon CPU E5-2695 v2 @ 2.40GHz,NoMemory,ONE_D,1,1,1,20,0.001,0.001,0,0.191,0,0.509
Intel Xeon CPU E5-2695 v2 @ 2.40GHz,NoMemory,ONE_D,2,1,1,20,0.001,0,0.001,0.095,0,0.491
Intel Xeon CPU E5-2695 v2 @ 2.40GHz,NoMemory,ONE_D,4,1,1,20,0,0,0,0.177,0,0.714
Intel Xeon CPU E5-2695 v2 @ 2.40GHz,NoMemory,ONE_D,8,1,1,20,0,0.001,0,0.151,0,0.733
Intel Xeon CPU E5-2695 v2 @ 2.40GHz,NoMemory,ONE_D,16,1,1,20,0.001,0.001,0,0.106,0,0.647
Intel Xeon CPU E5-2695 v2 @ 2.40GHz,NoMemory,ONE_D,32,1,1,20,0.001,0,0.001,0.128,0,0.724
Intel Xeon CPU E5-2695 v2 @ 2.40GHz,NoMemory,ONE_D,64,1,1,20,0,0.001,0,0.117,0,0.652
Intel Xeon CPU E5-2695 v2 @ 2.40GHz,NoMemory,ONE_D,128,1,1,20,0,0,0,0.092,0,0.66
Intel Xeon CPU E5-2695 v2 @ 2.40GHz,NoMemory,ONE_D,256,1,1,20,0,0,0,0.085,0,0.683
Intel Xeon CPU E5-2695 v2 @ 2.40GHz,NoMemory,ONE_D,512,1,1,20,0,0,0,0.135,0,0.616
Intel Xeon CPU E5-2695 v2 @ 2.40GHz,NoMemory,ONE_D,1024,1,1,20,0,0,0,-1,-1,-1
Intel Xeon CPU E5-2695 v2 @ 2.40GHz,NoMemory,ONE_D,2048,1,1,20,0,0,0,-1,-1,-1
Intel Xeon CPU E5-2695 v2 @ 2.40GHz,NoMemory,ONE_D,4096,1,1,20,0,0,0,-1,-1,-1
Intel Xeon CPU E5-2695 v2 @ 2.40GHz,NoMemory,ONE_D,8192,1,1,20,0,0,0,-1,-1,-1
Intel Xeon CPU E5-2695 v2 @ 2.40GHz,NoMemory,ONE_D,1,1,1,20,0,0,0,0.147,0,0.607
Intel Xeon CPU E5-2695 v2 @ 2.40GHz,NoMemory,ONE_D,2,1,1,20,0,0,0,0.401,0,0.848
Intel Xeon CPU E5-2695 v2 @ 2.40GHz,NoMemory,ONE_D,4,1,1,20,0,0,0,0.077,0,0.612
Intel Xeon CPU E5-2695 v2 @ 2.40GHz,NoMemory,ONE_D,8,1,1,20,0,0,0,0.711,0,0.689
Intel Xeon CPU E5-2695 v2 @ 2.40GHz,NoMemory,ONE_D,16,1,1,20,0,0.001,0,0.057,0,0.881
Intel Xeon CPU E5-2695 v2 @ 2.40GHz,NoMemory,ONE_D,32,1,1,20,0,0,0,0.048,0,0.588
Intel Xeon CPU E5-2695 v2 @ 2.40GHz,NoMemory,ONE_D,64,1,1,20,0.001,0,0,0.046,0.001,0.64
Intel Xeon CPU E5-2695 v2 @ 2.40GHz,NoMemory,ONE_D,128,1,1,20,0.001,0,0,0.046,0.001,0.675
Intel Xeon CPU E5-2695 v2 @ 2.40GHz,NoMemory,ONE_D,256,1,1,20,0,0,0,0.061,0,0.565
Intel Xeon CPU E5-2695 v2 @ 2.40GHz,NoMemory,ONE_D,512,1,1,20,0,0,0,0.047,0.001,0.716
Intel Xeon CPU E5-2695 v2 @ 2.40GHz,NoMemory,ONE_D,1024,1,1,20,0,0,0,-1,-1,-1
Intel Xeon CPU E5-2695 v2 @ 2.40GHz,NoMemory,ONE_D,2048,1,1,20,0,0,0,-1,-1,-1
Intel Xeon CPU E5-2695 v2 @ 2.40GHz,NoMemory,ONE_D,4096,1,1,20,0,0,0,-1,-1,-1
Intel Xeon CPU E5-2695 v2 @ 2.40GHz,NoMemory,ONE_D,8192,1,1,20,0,0,0,-1,-1,-1
Intel Xeon CPU E5-2695 v2 @ 2.40GHz,NoMemory,ONE_D,1,1,1,20,0,0.001,0,0.203,0,0.71
Intel Xeon CPU E5-2695 v2 @ 2.40GHz,NoMemory,ONE_D,2,1,1,20,0.001,0,0,0.35,0.001,0.519
Intel Xeon CPU E5-2695 v2 @ 2.40GHz,NoMemory,ONE_D,4,1,1,20,0,0,0,0.082,0,0.883
Intel Xeon CPU E5-2695 v2 @ 2.40GHz,NoMemory,ONE_D,8,1,1,20,0,0,0,0.148,0.001,0.442
Intel Xeon CPU E5-2695 v2 @ 2.40GHz,NoMemory,ONE_D,16,1,1,20,0,0,0,0.055,0,0.449
Intel Xeon CPU E5-2695 v2 @ 2.40GHz,NoMemory,ONE_D,32,1,1,20,0,0,0,0.051,0,0.463
Intel Xeon CPU E5-2695 v2 @ 2.40GHz,NoMemory,ONE_D,64,1,1,20,0,0,0,0.05,0,0.46
Intel Xeon CPU E5-2695 v2 @ 2.40GHz,NoMemory,ONE_D,128,1,1,20,0,0,0,0.048,0.001,0.47
Intel Xeon CPU E5-2695 v2 @ 2.40GHz,NoMemory,ONE_D,256,1,1,20,0,0,0,0.046,0,0.473
Intel Xeon CPU E5-2695 v2 @ 2.40GHz,NoMemory,ONE_D,512,1,1,20,0.001,0,0,0.048,0,0.443
Intel Xeon CPU E5-2695 v2 @ 2.40GHz,NoMemory,ONE_D,1024,1,1,20,0,0,0,-1,-1,-1
Intel Xeon CPU E5-2695 v2 @ 2.40GHz,NoMemory,ONE_D,2048,1,1,20,0,0,0,-1,-1,-1
Intel Xeon CPU E5-2695 v2 @ 2.40GHz,NoMemory,ONE_D,4096,1,1,20,0.001,0,0.001,-1,-1,-1
Intel Xeon CPU E5-2695 v2 @ 2.40GHz,NoMemory,ONE_D,8192,1,1,20,0,0,0.001,-1,-1,-1
Intel Xeon CPU E5-2695 v2 @ 2.40GHz,NoMemory,ONE_D,1,1,1,20,0.001,0,0,0.131,0,0.567
Intel Xeon CPU E5-2695 v2 @ 2.40GHz,NoMemory,ONE_D,2,1,1,20,0,0,0,0.136,0,0.616
Intel Xeon CPU E5-2695 v2 @ 2.40GHz,NoMemory,ONE_D,4,1,1,20,0,0,0,0.106,0,0.584
Intel Xeon CPU E5-2695 v2 @ 2.40GHz,NoMemory,ONE_D,8,1,1,20,0.001,0,0.001,0.137,0,0.791
Intel Xeon CPU E5-2695 v2 @ 2.40GHz,NoMemory,ONE_D,16,1,1,20,0,0.001,0,0.135,0,0.723
Intel Xeon CPU E5-2695 v2 @ 2.40GHz,NoMemory,ONE_D,32,1,1,20,0.001,0,0,0.165,0.001,0.749
Intel Xeon CPU E5-2695 v2 @ 2.40GHz,NoMemory,ONE_D,64,1,1,20,0,0,0,0.091,0,0.762
Intel Xeon CPU E5-2695 v2 @ 2.40GHz,NoMemory,ONE_D,128,1,1,20,0,0.001,0,0.086,0,0.744
Intel Xeon CPU E5-2695 v2 @ 2.40GHz,NoMemory,ONE_D,256,1,1,20,0.001,0,0,0.151,0.002,0.6
Intel Xeon CPU E5-2695 v2 @ 2.40GHz,NoMemory,ONE_D,512,1,1,20,0,0,0,0.321,0,0.713
Intel Xeon CPU E5-2695 v2 @ 2.40GHz,NoMemory,ONE_D,1024,1,1,20,0,0,0.001,-1,-1,-1
Intel Xeon CPU E5-2695 v2 @ 2.40GHz,NoMemory,ONE_D,2048,1,1,20,0,0,0,-1,-1,-1
Intel Xeon CPU E5-2695 v2 @ 2.40GHz,NoMemory,ONE_D,4096,1,1,20,0.001,0,0,-1,-1,-1
Intel Xeon CPU E5-2695 v2 @ 2.40GHz,NoMemory,ONE_D,8192,1,1,20,0.001,0,0,-1,-1,-1
Intel Xeon CPU E5-2695 v2 @ 2.40GHz,NoMemory,ONE_D,1,1,1,20,0.001,0,0,0.195,0.001,0.65
Intel Xeon CPU E5-2695 v2 @ 2.40GHz,NoMemory,ONE_D,2,1,1,20,0,0,0.001,0.209,0,0.744
Intel Xeon CPU E5-2695 v2 @ 2.40GHz,NoMemory,ONE_D,4,1,1,20,0,0,0,0.242,0,0.697
Intel Xeon CPU E5-2695 v2 @ 2.40GHz,NoMemory,ONE_D,8,1,1,20,0,0,0,0.117,0,0.722
Intel Xeon CPU E5-2695 v2 @ 2.40GHz,NoMemory,ONE_D,16,1,1,20,0,0,0,0.1,0.001,0.804
Intel Xeon CPU E5-2695 v2 @ 2.40GHz,NoMemory,ONE_D,32,1,1,20,0.001,0,0.001,0.104,0.001,0.716
Intel Xeon CPU E5-2695 v2 @ 2.40GHz,NoMemory,ONE_D,64,1,1,20,0.001,0,0.001,0.107,0,0.709
Intel Xeon CPU E5-2695 v2 @ 2.40GHz,NoMemory,ONE_D,128,1,1,20,0.001,0,0.001,0.08,0,0.66
Intel Xeon CPU E5-2695 v2 @ 2.40GHz,NoMemory,ONE_D,256,1,1,20,0,0,0,0.089,0.001,0.695
Intel Xeon CPU E5-2695 v2 @ 2.40GHz,NoMemory,ONE_D,512,1,1,20,0.001,0,0.001,0.143,0.017,0.7
Intel Xeon CPU E5-2695 v2 @ 2.40GHz,NoMemory,ONE_D,1024,1,1,20,0,0,0,-1,-1,-1
Intel Xeon CPU E5-2695 v2 @ 2.40GHz,NoMemory,ONE_D,2048,1,1,20,0,0,0,-1,-1,-1
Intel Xeon CPU E5-2695 v2 @ 2.40GHz,NoMemory,ONE_D,4096,1,1,20,0,0,0,-1,-1,-1
Intel Xeon CPU E5-2695 v2 @ 2.40GHz,NoMemory,ONE_D,8192,1,1,20,0,0,0,-1,-1,-1
Intel Xeon CPU E5-2695 v2 @ 2.40GHz,NoMemory,ONE_D,1,1,1,20,0,0,0,0.108,0,0.524
Intel Xeon CPU E5-2695 v2 @ 2.40GHz,NoMemory,ONE_D,2,1,1,20,0.001,0,0,0.14,0.001,0.811
Intel Xeon CPU E5-2695 v2 @ 2.40GHz,NoMemory,ONE_D,4,1,1,20,0,0,0,0.17,0.001,0.851
Intel Xeon CPU E5-2695 v2 @ 2.40GHz,NoMemory,ONE_D,8,1,1,20,0,0.001,0,0.119,0,0.708
Intel Xeon CPU E5-2695 v2 @ 2.40GHz,NoMemory,ONE_D,16,1,1,20,0.001,0,0.001,0.146,0,0.474
Intel Xeon CPU E5-2695 v2 @ 2.40GHz,NoMemory,ONE_D,32,1,1,20,0,0,0,0.052,0,0.465
Intel Xeon CPU E5-2695 v2 @ 2.40GHz,NoMemory,ONE_D,64,1,1,20,0.001,0,0.001,0.046,0,0.616
Intel Xeon CPU E5-2695 v2 @ 2.40GHz,NoMemory,ONE_D,128,1,1,20,0.001,0,0,0.165,0,0.573
Intel Xeon CPU E5-2695 v2 @ 2.40GHz,NoMemory,ONE_D,256,1,1,20,0.001,0,0.001,0.053,0.001,0.445
Intel Xeon CPU E5-2695 v2 @ 2.40GHz,NoMemory,ONE_D,512,1,1,20,0,0,0,0.04,0,0.45
Intel Xeon CPU E5-2695 v2 @ 2.40GHz,NoMemory,ONE_D,1024,1,1,20,0,0,0,-1,-1,-1
Intel Xeon CPU E5-2695 v2 @ 2.40GHz,NoMemory,ONE_D,2048,1,1,20,0,0,0,-1,-1,-1
Intel Xeon CPU E5-2695 v2 @ 2.40GHz,NoMemory,ONE_D,4096,1,1,20,0,0,0,-1,-1,-1
Intel Xeon CPU E5-2695 v2 @ 2.40GHz,NoMemory,ONE_D,8192,1,1,20,0,0,0.001,-1,-1,-1
Intel Xeon CPU E5-2695 v2 @ 2.40GHz,NoMemory,ONE_D,1,1,1,20,0,0,0,0.18,0,0.588
Intel Xeon CPU E5-2695 v2 @ 2.40GHz,NoMemory,ONE_D,2,1,1,20,0,0,0,0.095,0,0.637
Intel Xeon CPU E5-2695 v2 @ 2.40GHz,NoMemory,ONE_D,4,1,1,20,0,0,0,0.12,0,0.439
Intel Xeon CPU E5-2695 v2 @ 2.40GHz,NoMemory,ONE_D,8,1,1,20,0,0,0,0.07,0,0.531
Intel Xeon CPU E5-2695 v2 @ 2.40GHz,NoMemory,ONE_D,16,1,1,20,0,0,0,0.058,0,0.473
Intel Xeon CPU E5-2695 v2 @ 2.40GHz,NoMemory,ONE_D,32,1,1,20,0,0,0,0.052,0.001,0.506
Intel Xeon CPU E5-2695 v2 @ 2.40GHz,NoMemory,ONE_D,64,1,1,20,0,0,0,0.046,0,0.455
Intel Xeon CPU E5-2695 v2 @ 2.40GHz,NoMemory,ONE_D,128,1,1,20,0,0.001,0,0.047,0,0.44
Intel Xeon CPU E5-2695 v2 @ 2.40GHz,NoMemory,ONE_D,256,1,1,20,0,0,0,0.049,0,0.455
Intel Xeon CPU E5-2695 v2 @ 2.40GHz,NoMemory,ONE_D,512,1,1,20,0,0,0,0.047,0,0.581
Intel Xeon CPU E5-2695 v2 @ 2.40GHz,NoMemory,ONE_D,1024,1,1,20,0,0,0,-1,-1,-1
Intel Xeon CPU E5-2695 v2 @ 2.40GHz,NoMemory,ONE_D,2048,1,1,20,0,0,0,-1,-1,-1
Intel Xeon CPU E5-2695 v2 @ 2.40GHz,NoMemory,ONE_D,4096,1,1,20,0,0,0.001,-1,-1,-1
Intel Xeon CPU E5-2695 v2 @ 2.40GHz,NoMemory,ONE_D,8192,1,1,20,0,0,0,-1,-1,-1
Intel Xeon CPU E5-2695 v2 @ 2.40GHz,NoMemory,ONE_D,1,1,1,20,0.001,0.001,0,0.212,0.001,0.613
Intel Xeon CPU E5-2695 v2 @ 2.40GHz,NoMemory,ONE_D,2,1,1,20,0,0,0,0.13,0,0.427
Intel Xeon CPU E5-2695 v2 @ 2.40GHz,NoMemory,ONE_D,4,1,1,20,0,0,0,0.105,0.001,0.478
Intel Xeon CPU E5-2695 v2 @ 2.40GHz,NoMemory,ONE_D,8,1,1,20,0,0.001,0,0.071,0,0.424
Intel Xeon CPU E5-2695 v2 @ 2.40GHz,NoMemory,ONE_D,16,1,1,20,0.001,0,0,0.067,0,0.628
Intel Xeon CPU E5-2695 v2 @ 2.40GHz,NoMemory,ONE_D,32,1,1,20,0.001,0,0.001,0.115,0,0.879
Intel Xeon CPU E5-2695 v2 @ 2.40GHz,NoMemory,ONE_D,64,1,1,20,0.001,0,0,0.088,0,0.882
Intel Xeon CPU E5-2695 v2 @ 2.40GHz,NoMemory,ONE_D,128,1,1,20,0,0,0,0.101,0.001,0.655
Intel Xeon CPU E5-2695 v2 @ 2.40GHz,NoMemory,ONE_D,256,1,1,20,0.001,0,0.001,0.056,0,0.44
Intel Xeon CPU E5-2695 v2 @ 2.40GHz,NoMemory,ONE_D,512,1,1,20,0,0,0,0.042,0,0.448
Intel Xeon CPU E5-2695 v2 @ 2.40GHz,NoMemory,ONE_D,1024,1,1,20,0,0.001,0,-1,-1,-1
Intel Xeon CPU E5-2695 v2 @ 2.40GHz,NoMemory,ONE_D,2048,1,1,20,0,0,0.001,-1,-1,-1
Intel Xeon CPU E5-2695 v2 @ 2.40GHz,NoMemory,ONE_D,4096,1,1,20,0,0.001,0,-1,-1,-1
Intel Xeon CPU E5-2695 v2 @ 2.40GHz,NoMemory,ONE_D,8192,1,1,20,0,0,0,-1,-1,-1
Intel Xeon CPU E5-2695 v2 @ 2.40GHz,NoMemory,ONE_D,1,1,1,20,0,0,0,0.196,0,0.513
Intel Xeon CPU E5-2695 v2 @ 2.40GHz,NoMemory,ONE_D,2,1,1,20,0,0,0,0.101,0,0.492
Intel Xeon CPU E5-2695 v2 @ 2.40GHz,NoMemory,ONE_D,4,1,1,20,0.001,0,0,0.099,0,0.467
Intel Xeon CPU E5-2695 v2 @ 2.40GHz,NoMemory,ONE_D,8,1,1,20,0,0,0,0.096,0,0.465
Intel Xeon CPU E5-2695 v2 @ 2.40GHz,NoMemory,ONE_D,16,1,1,20,0,0,0,0.056,0.001,0.452
Intel Xeon CPU E5-2695 v2 @ 2.40GHz,NoMemory,ONE_D,32,1,1,20,0.001,0,0.001,0.058,0.001,0.47
Intel Xeon CPU E5-2695 v2 @ 2.40GHz,NoMemory,ONE_D,64,1,1,20,0,0,0,0.048,0,0.606
Intel Xeon CPU E5-2695 v2 @ 2.40GHz,NoMemory,ONE_D,128,1,1,20,0,0,0,0.086,0,0.558
Intel Xeon CPU E5-2695 v2 @ 2.40GHz,NoMemory,ONE_D,256,1,1,20,0,0,0,0.138,0.001,0.678
Intel Xeon CPU E5-2695 v2 @ 2.40GHz,NoMemory,ONE_D,512,1,1,20,0.001,0,0,0.136,0.001,0.488
Intel Xeon CPU E5-2695 v2 @ 2.40GHz,NoMemory,ONE_D,1024,1,1,20,0,0,0,-1,-1,-1
Intel Xeon CPU E5-2695 v2 @ 2.40GHz,NoMemory,ONE_D,2048,1,1,20,0,0,0.001,-1,-1,-1
Intel Xeon CPU E5-2695 v2 @ 2.40GHz,NoMemory,ONE_D,4096,1,1,20,0,0,0,-1,-1,-1
Intel Xeon CPU E5-2695 v2 @ 2.40GHz,NoMemory,ONE_D,8192,1,1,20,0,0,0,-1,-1,-1
Intel Xeon CPU E5-2695 v2 @ 2.40GHz,NoMemory,ONE_D,1,1,1,20,0,0.001,0,0.13,0,0.638
Intel Xeon CPU E5-2695 v2 @ 2.40GHz,NoMemory,ONE_D,2,1,1,20,0,0,0.001,0.438,0,0.632
Intel Xeon CPU E5-2695 v2 @ 2.40GHz,NoMemory,ONE_D,4,1,1,20,0,0,0,0.35,0.001,0.768
Intel Xeon CPU E5-2695 v2 @ 2.40GHz,NoMemory,ONE_D,8,1,1,20,0,0,0,0.08,0,0.619
Intel Xeon CPU E5-2695 v2 @ 2.40GHz,NoMemory,ONE_D,16,1,1,20,0,0,0,0.057,0.001,0.592
Intel Xeon CPU E5-2695 v2 @ 2.40GHz,NoMemory,ONE_D,32,1,1,20,0,0,0,0.052,0,0.578
Intel Xeon CPU E5-2695 v2 @ 2.40GHz,NoMemory,ONE_D,64,1,1,20,0,0,0,0.048,0.001,0.599
Intel Xeon CPU E5-2695 v2 @ 2.40GHz,NoMemory,ONE_D,128,1,1,20,0,0,0,0.048,0,0.578
Intel Xeon CPU E5-2695 v2 @ 2.40GHz,NoMemory,ONE_D,256,1,1,20,0,0,0,0.043,0,0.657
Intel Xeon CPU E5-2695 v2 @ 2.40GHz,NoMemory,ONE_D,512,1,1,20,0,0,0,0.04,0,0.61
Intel Xeon CPU E5-2695 v2 @ 2.40GHz,NoMemory,ONE_D,1024,1,1,20,0,0,0,-1,-1,-1
Intel Xeon CPU E5-2695 v2 @ 2.40GHz,NoMemory,ONE_D,2048,1,1,20,0,0,0,-1,-1,-1
Intel Xeon CPU E5-2695 v2 @ 2.40GHz,NoMemory,ONE_D,4096,1,1,20,0,0,0,-1,-1,-1
Intel Xeon CPU E5-2695 v2 @ 2.40GHz,NoMemory,ONE_D,8192,1,1,20,0,0,0.001,-1,-1,-1
Intel Xeon CPU E5-2695 v2 @ 2.40GHz,NoMemory,ONE_D,1,1,1,20,0.001,0,0,0.147,0,0.88
Intel Xeon CPU E5-2695 v2 @ 2.40GHz,NoMemory,ONE_D,2,1,1,20,0,0,0,0.325,0,0.561
Intel Xeon CPU E5-2695 v2 @ 2.40GHz,NoMemory,ONE_D,4,1,1,20,0,0,0,0.079,0.001,0.797
Intel Xeon CPU E5-2695 v2 @ 2.40GHz,NoMemory,ONE_D,8,1,1,20,0,0,0,0.06,0.001,0.647
Intel Xeon CPU E5-2695 v2 @ 2.40GHz,NoMemory,ONE_D,16,1,1,20,0,0,0,0.057,0,0.742
Intel Xeon CPU E5-2695 v2 @ 2.40GHz,NoMemory,ONE_D,32,1,1,20,0,0,0,0.046,0.001,0.896
Intel Xeon CPU E5-2695 v2 @ 2.40GHz,NoMemory,ONE_D,64,1,1,20,0,0,0,0.043,0,0.911
Intel Xeon CPU E5-2695 v2 @ 2.40GHz,NoMemory,ONE_D,128,1,1,20,0,0,0,0.044,0,0.647
Intel Xeon CPU E5-2695 v2 @ 2.40GHz,NoMemory,ONE_D,256,1,1,20,0.001,0,0,0.047,0,0.693
Intel Xeon CPU E5-2695 v2 @ 2.40GHz,NoMemory,ONE_D,512,1,1,20,0,0,0,0.041,0.001,0.585
Intel Xeon CPU E5-2695 v2 @ 2.40GHz,NoMemory,ONE_D,1024,1,1,20,0,0,0,-1,-1,-1
Intel Xeon CPU E5-2695 v2 @ 2.40GHz,NoMemory,ONE_D,2048,1,1,20,0,0,0,-1,-1,-1
Intel Xeon CPU E5-2695 v2 @ 2.40GHz,NoMemory,ONE_D,4096,1,1,20,0,0,0,-1,-1,-1
Intel Xeon CPU E5-2695 v2 @ 2.40GHz,NoMemory,ONE_D,8192,1,1,20,0,0,0,-1,-1,-1
Intel Xeon CPU E5-2695 v2 @ 2.40GHz,NoMemory,ONE_D,1,1,1,20,0,0,0,0.129,0,0.53
Intel Xeon CPU E5-2695 v2 @ 2.40GHz,NoMemory,ONE_D,2,1,1,20,0,0,0,0.125,0,0.697
Intel Xeon CPU E5-2695 v2 @ 2.40GHz,NoMemory,ONE_D,4,1,1,20,0,0,0,0.19,0,0.802
Intel Xeon CPU E5-2695 v2 @ 2.40GHz,NoMemory,ONE_D,8,1,1,20,0.001,0,0.001,0.125,0,0.74
Intel Xeon CPU E5-2695 v2 @ 2.40GHz,NoMemory,ONE_D,16,1,1,20,0,0,0,0.145,0.001,0.661
Intel Xeon CPU E5-2695 v2 @ 2.40GHz,NoMemory,ONE_D,32,1,1,20,0,0,0,0.056,0,0.556
Intel Xeon CPU E5-2695 v2 @ 2.40GHz,NoMemory,ONE_D,64,1,1,20,0,0,0,0.048,0,0.485
Intel Xeon CPU E5-2695 v2 @ 2.40GHz,NoMemory,ONE_D,128,1,1,20,0,0,0,0.045,0,0.489
Intel Xeon CPU E5-2695 v2 @ 2.40GHz,NoMemory,ONE_D,256,1,1,20,0,0,0,0.054,0,0.484
Intel Xeon CPU E5-2695 v2 @ 2.40GHz,NoMemory,ONE_D,512,1,1,20,0,0,0,0.046,0,0.491
Intel Xeon CPU E5-2695 v2 @ 2.40GHz,NoMemory,ONE_D,1024,1,1,20,0,0,0,-1,-1,-1
Intel Xeon CPU E5-2695 v2 @ 2.40GHz,NoMemory,ONE_D,2048,1,1,20,0,0,0.001,-1,-1,-1
Intel Xeon CPU E5-2695 v2 @ 2.40GHz,NoMemory,ONE_D,4096,1,1,20,0,0,0,-1,-1,-1
Intel Xeon CPU E5-2695 v2 @ 2.40GHz,NoMemory,ONE_D,8192,1,1,20,0.001,0,0,-1,-1,-1
Intel Xeon CPU E5-2695 v2 @ 2.40GHz,NoMemory,ONE_D,1,1,1,20,0,0,0,0.14,0,0.521
Intel Xeon CPU E5-2695 v2 @ 2.40GHz,NoMemory,ONE_D,2,1,1,20,0.001,0,0,0.159,0,0.773
Intel Xeon CPU E5-2695 v2 @ 2.40GHz,NoMemory,ONE_D,4,1,1,20,0,0,0,0.152,0,0.793
Intel Xeon CPU E5-2695 v2 @ 2.40GHz,NoMemory,ONE_D,8,1,1,20,0,0,0,0.128,0,0.862
Intel Xeon CPU E5-2695 v2 @ 2.40GHz,NoMemory,ONE_D,16,1,1,20,0,0,0,0.133,0.001,0.457
Intel Xeon CPU E5-2695 v2 @ 2.40GHz,NoMemory,ONE_D,32,1,1,20,0,0,0,0.058,0,0.452
Intel Xeon CPU E5-2695 v2 @ 2.40GHz,NoMemory,ONE_D,64,1,1,20,0.001,0,0,0.044,0,0.438
Intel Xeon CPU E5-2695 v2 @ 2.40GHz,NoMemory,ONE_D,128,1,1,20,0,0,0,0.044,0,0.463
Intel Xeon CPU E5-2695 v2 @ 2.40GHz,NoMemory,ONE_D,256,1,1,20,0,0,0,0.047,0,0.444
Intel Xeon CPU E5-2695 v2 @ 2.40GHz,NoMemory,ONE_D,512,1,1,20,0.001,0,0.001,0.047,0,0.451
Intel Xeon CPU E5-2695 v2 @ 2.40GHz,NoMemory,ONE_D,1024,1,1,20,0,0,0,-1,-1,-1
Intel Xeon CPU E5-2695 v2 @ 2.40GHz,NoMemory,ONE_D,2048,1,1,20,0,0,0,-1,-1,-1
Intel Xeon CPU E5-2695 v2 @ 2.40GHz,NoMemory,ONE_D,4096,1,1,20,0,0,0,-1,-1,-1
Intel Xeon CPU E5-2695 v2 @ 2.40GHz,NoMemory,ONE_D,8192,1,1,20,0,0,0,-1,-1,-1
Intel Xeon CPU E5-2695 v2 @ 2.40GHz,NoMemory,ONE_D,1,1,1,20,0.001,0,0,0.205,0,0.735
Intel Xeon CPU E5-2695 v2 @ 2.40GHz,NoMemory,ONE_D,2,1,1,20,0,0,0.001,0.168,0.001,0.781
Intel Xeon CPU E5-2695 v2 @ 2.40GHz,NoMemory,ONE_D,4,1,1,20,0.001,0,0.001,0.156,0,0.703
Intel Xeon CPU E5-2695 v2 @ 2.40GHz,NoMemory,ONE_D,8,1,1,20,0.001,0,0.001,0.153,0,0.525
Intel Xeon CPU E5-2695 v2 @ 2.40GHz,NoMemory,ONE_D,16,1,1,20,0,0,0,0.07,0,0.535
Intel Xeon CPU E5-2695 v2 @ 2.40GHz,NoMemory,ONE_D,32,1,1,20,0,0,0,0.084,0,0.496
Intel Xeon CPU E5-2695 v2 @ 2.40GHz,NoMemory,ONE_D,64,1,1,20,0,0.001,0,0.061,0,0.476
Intel Xeon CPU E5-2695 v2 @ 2.40GHz,NoMemory,ONE_D,128,1,1,20,0.001,0.001,0,0.047,0.001,0.459
Intel Xeon CPU E5-2695 v2 @ 2.40GHz,NoMemory,ONE_D,256,1,1,20,0.001,0,0.001,0.05,0,0.48
Intel Xeon CPU E5-2695 v2 @ 2.40GHz,NoMemory,ONE_D,512,1,1,20,0,0,0,0.047,0,0.48
Intel Xeon CPU E5-2695 v2 @ 2.40GHz,NoMemory,ONE_D,1024,1,1,20,0.001,0,0.001,-1,-1,-1
Intel Xeon CPU E5-2695 v2 @ 2.40GHz,NoMemory,ONE_D,2048,1,1,20,0,0,0,-1,-1,-1
Intel Xeon CPU E5-2695 v2 @ 2.40GHz,NoMemory,ONE_D,4096,1,1,20,0.001,0,0.001,-1,-1,-1
Intel Xeon CPU E5-2695 v2 @ 2.40GHz,NoMemory,ONE_D,8192,1,1,20,0,0,0,-1,-1,-1
Intel Xeon CPU E5-2695 v2 @ 2.40GHz,NoMemory,ONE_D,1,1,1,20,0,0,0,0.178,0.001,0.616
Intel Xeon CPU E5-2695 v2 @ 2.40GHz,NoMemory,ONE_D,2,1,1,20,0,0,0,0.142,0,0.737
Intel Xeon CPU E5-2695 v2 @ 2.40GHz,NoMemory,ONE_D,4,1,1,20,0.001,0,0,0.156,0.001,0.53
Intel Xeon CPU E5-2695 v2 @ 2.40GHz,NoMemory,ONE_D,8,1,1,20,0,0,0,0.063,0,0.48
Intel Xeon CPU E5-2695 v2 @ 2.40GHz,NoMemory,ONE_D,16,1,1,20,0,0,0,0.066,0,0.673
Intel Xeon CPU E5-2695 v2 @ 2.40GHz,NoMemory,ONE_D,32,1,1,20,0,0,0,0.109,0,0.7
Intel Xeon CPU E5-2695 v2 @ 2.40GHz,NoMemory,ONE_D,64,1,1,20,0,0,0,0.149,0.001,0.803
Intel Xeon CPU E5-2695 v2 @ 2.40GHz,NoMemory,ONE_D,128,1,1,20,0,0.001,0,0.086,0,0.796
Intel Xeon CPU E5-2695 v2 @ 2.40GHz,NoMemory,ONE_D,256,1,1,20,0,0,0,0.083,0,0.542
Intel Xeon CPU E5-2695 v2 @ 2.40GHz,NoMemory,ONE_D,512,1,1,20,0,0,0,0.046,0,0.468
Intel Xeon CPU E5-2695 v2 @ 2.40GHz,NoMemory,ONE_D,1024,1,1,20,0,0,0,-1,-1,-1
Intel Xeon CPU E5-2695 v2 @ 2.40GHz,NoMemory,ONE_D,2048,1,1,20,0,0,0,-1,-1,-1
Intel Xeon CPU E5-2695 v2 @ 2.40GHz,NoMemory,ONE_D,4096,1,1,20,0,0,0,-1,-1,-1
Intel Xeon CPU E5-2695 v2 @ 2.40GHz,NoMemory,ONE_D,8192,1,1,20,0,0,0,-1,-1,-1
Intel Xeon CPU E5-2695 v2 @ 2.40GHz,NoMemory,ONE_D,1,1,1,20,0.001,0,0,0.376,0.001,0.638
Intel Xeon CPU E5-2695 v2 @ 2.40GHz,NoMemory,ONE_D,2,1,1,20,0,0,0,0.348,0,0.704
Intel Xeon CPU E5-2695 v2 @ 2.40GHz,NoMemory,ONE_D,4,1,1,20,0.001,0,0,0.539,0,0.475
Intel Xeon CPU E5-2695 v2 @ 2.40GHz,NoMemory,ONE_D,8,1,1,20,0,0,0,0.064,0,0.682
Intel Xeon CPU E5-2695 v2 @ 2.40GHz,NoMemory,ONE_D,16,1,1,20,0,0,0,0.051,0,0.696
Intel Xeon CPU E5-2695 v2 @ 2.40GHz,NoMemory,ONE_D,32,1,1,20,0,0,0,0.28,0,0.426
Intel Xeon CPU E5-2695 v2 @ 2.40GHz,NoMemory,ONE_D,64,1,1,20,0,0,0,0.045,0,0.623
Intel Xeon CPU E5-2695 v2 @ 2.40GHz,NoMemory,ONE_D,128,1,1,20,0.001,0,0.001,0.045,0,0.696
Intel Xeon CPU E5-2695 v2 @ 2.40GHz,NoMemory,ONE_D,256,1,1,20,0,0,0,0.047,0,0.61
Intel Xeon CPU E5-2695 v2 @ 2.40GHz,NoMemory,ONE_D,512,1,1,20,0,0,0,0.048,0,0.74
Intel Xeon CPU E5-2695 v2 @ 2.40GHz,NoMemory,ONE_D,1024,1,1,20,0,0,0,-1,-1,-1
Intel Xeon CPU E5-2695 v2 @ 2.40GHz,NoMemory,ONE_D,2048,1,1,20,0.001,0,0,-1,-1,-1
Intel Xeon CPU E5-2695 v2 @ 2.40GHz,NoMemory,ONE_D,4096,1,1,20,0,0,0,-1,-1,-1
Intel Xeon CPU E5-2695 v2 @ 2.40GHz,NoMemory,ONE_D,8192,1,1,20,0,0,0,-1,-1,-1
Intel Xeon CPU E5-2695 v2 @ 2.40GHz,NoMemory,ONE_D,1,1,1,20,0,0,0.001,0.187,0,0.977
Intel Xeon CPU E5-2695 v2 @ 2.40GHz,NoMemory,ONE_D,2,1,1,20,0,0,0,0.429,0,0.928
Intel Xeon CPU E5-2695 v2 @ 2.40GHz,NoMemory,ONE_D,4,1,1,20,0,0.001,0,0.409,0,0.961
Intel Xeon CPU E5-2695 v2 @ 2.40GHz,NoMemory,ONE_D,8,1,1,20,0,0.001,0,0.072,0,0.928
Intel Xeon CPU E5-2695 v2 @ 2.40GHz,NoMemory,ONE_D,16,1,1,20,0,0,0,0.049,0,0.967
Intel Xeon CPU E5-2695 v2 @ 2.40GHz,NoMemory,ONE_D,32,1,1,20,0,0,0,0.094,0,1.096
Intel Xeon CPU E5-2695 v2 @ 2.40GHz,NoMemory,ONE_D,64,1,1,20,0.001,0,0,0.083,0,1.115
Intel Xeon CPU E5-2695 v2 @ 2.40GHz,NoMemory,ONE_D,128,1,1,20,0.001,0,0,0.464,0.001,1.085
Intel Xeon CPU E5-2695 v2 @ 2.40GHz,NoMemory,ONE_D,256,1,1,20,0.001,0,0.001,0.384,0,0.507
Intel Xeon CPU E5-2695 v2 @ 2.40GHz,NoMemory,ONE_D,512,1,1,20,0,0,0,0.046,0,0.738
Intel Xeon CPU E5-2695 v2 @ 2.40GHz,NoMemory,ONE_D,1024,1,1,20,0,0,0,-1,-1,-1
Intel Xeon CPU E5-2695 v2 @ 2.40GHz,NoMemory,ONE_D,2048,1,1,20,0.001,0,0,-1,-1,-1
Intel Xeon CPU E5-2695 v2 @ 2.40GHz,NoMemory,ONE_D,4096,1,1,20,0,0,0,-1,-1,-1
Intel Xeon CPU E5-2695 v2 @ 2.40GHz,NoMemory,ONE_D,8192,1,1,20,0,0,0,-1,-1,-1
Intel Xeon CPU E5-2695 v2 @ 2.40GHz,NoMemory,ONE_D,1,1,1,20,0,0.001,0,0.482,0,0.509
Intel Xeon CPU E5-2695 v2 @ 2.40GHz,NoMemory,ONE_D,2,1,1,20,0,0.001,0,0.422,0,0.87
Intel Xeon CPU E5-2695 v2 @ 2.40GHz,NoMemory,ONE_D,4,1,1,20,0,0,0,0.094,0,0.824
Intel Xeon CPU E5-2695 v2 @ 2.40GHz,NoMemory,ONE_D,8,1,1,20,0.001,0,0,0.72,0.001,0.474
Intel Xeon CPU E5-2695 v2 @ 2.40GHz,NoMemory,ONE_D,16,1,1,20,0.001,0,0,0.078,0,0.595
Intel Xeon CPU E5-2695 v2 @ 2.40GHz,NoMemory,ONE_D,32,1,1,20,0,0,0,0.055,0,0.809
Intel Xeon CPU E5-2695 v2 @ 2.40GHz,NoMemory,ONE_D,64,1,1,20,0,0,0,0.087,0,0.943
Intel Xeon CPU E5-2695 v2 @ 2.40GHz,NoMemory,ONE_D,128,1,1,20,0.001,0,0.001,0.085,0,1.043
Intel Xeon CPU E5-2695 v2 @ 2.40GHz,NoMemory,ONE_D,256,1,1,20,0,0,0,0.086,0.001,0.765
Intel Xeon CPU E5-2695 v2 @ 2.40GHz,NoMemory,ONE_D,512,1,1,20,0,0.001,0,0.041,0,0.578
Intel Xeon CPU E5-2695 v2 @ 2.40GHz,NoMemory,ONE_D,1024,1,1,20,0,0,0,-1,-1,-1
Intel Xeon CPU E5-2695 v2 @ 2.40GHz,NoMemory,ONE_D,2048,1,1,20,0,0,0,-1,-1,-1
Intel Xeon CPU E5-2695 v2 @ 2.40GHz,NoMemory,ONE_D,4096,1,1,20,0,0.001,0,-1,-1,-1
Intel Xeon CPU E5-2695 v2 @ 2.40GHz,NoMemory,ONE_D,8192,1,1,20,0,0,0,-1,-1,-1
Intel Xeon CPU E5-2695 v2 @ 2.40GHz,NoMemory,ONE_D,1,1,1,20,0,0,0,0.6,0,1.182
Intel Xeon CPU E5-2695 v2 @ 2.40GHz,NoMemory,ONE_D,2,1,1,20,0,0,0,0.932,0,0.931
Intel Xeon CPU E5-2695 v2 @ 2.40GHz,NoMemory,ONE_D,4,1,1,20,0,0,0.001,0.149,0,1.171
Intel Xeon CPU E5-2695 v2 @ 2.40GHz,NoMemory,ONE_D,8,1,1,20,0.001,0,0,0.117,0,1.076
Intel Xeon CPU E5-2695 v2 @ 2.40GHz,NoMemory,ONE_D,16,1,1,20,0,0,0,0.309,0.001,0.439
Intel Xeon CPU E5-2695 v2 @ 2.40GHz,NoMemory,ONE_D,32,1,1,20,0,0,0,0.044,0,0.45
Intel Xeon CPU E5-2695 v2 @ 2.40GHz,NoMemory,ONE_D,64,1,1,20,0.001,0,0,0.043,0.001,0.749
Intel Xeon CPU E5-2695 v2 @ 2.40GHz,NoMemory,ONE_D,128,1,1,20,0,0,0,0.281,0,0.42
Intel Xeon CPU E5-2695 v2 @ 2.40GHz,NoMemory,ONE_D,256,1,1,20,0.001,0,0,0.04,0,0.563
Intel Xeon CPU E5-2695 v2 @ 2.40GHz,NoMemory,ONE_D,512,1,1,20,0.001,0,0.001,0.043,0,0.617
Intel Xeon CPU E5-2695 v2 @ 2.40GHz,NoMemory,ONE_D,1024,1,1,20,0,0.001,0,-1,-1,-1
Intel Xeon CPU E5-2695 v2 @ 2.40GHz,NoMemory,ONE_D,2048,1,1,20,0,0,0,-1,-1,-1
Intel Xeon CPU E5-2695 v2 @ 2.40GHz,NoMemory,ONE_D,4096,1,1,20,0,0,0,-1,-1,-1
Intel Xeon CPU E5-2695 v2 @ 2.40GHz,NoMemory,ONE_D,8192,1,1,20,0,0,0,-1,-1,-1
Intel Xeon CPU E5-2695 v2 @ 2.40GHz,NoMemory,ONE_D,1,1,1,20,0,0,0,0.208,0,0.738
Intel Xeon CPU E5-2695 v2 @ 2.40GHz,NoMemory,ONE_D,2,1,1,20,0,0,0,0.19,0.001,0.543
Intel Xeon CPU E5-2695 v2 @ 2.40GHz,NoMemory,ONE_D,4,1,1,20,0,0.001,0,0.072,0,0.768
Intel Xeon CPU E5-2695 v2 @ 2.40GHz,NoMemory,ONE_D,8,1,1,20,0,0,0,0.203,0,0.61
Intel Xeon CPU E5-2695 v2 @ 2.40GHz,NoMemory,ONE_D,16,1,1,20,0,0,0,0.063,0,0.54
Intel Xeon CPU E5-2695 v2 @ 2.40GHz,NoMemory,ONE_D,32,1,1,20,0,0,0,0.159,0,0.729
Intel Xeon CPU E5-2695 v2 @ 2.40GHz,NoMemory,ONE_D,64,1,1,20,0,0,0,0.053,0,0.476
Intel Xeon CPU E5-2695 v2 @ 2.40GHz,NoMemory,ONE_D,128,1,1,20,0.001,0,0,0.046,0,0.461
Intel Xeon CPU E5-2695 v2 @ 2.40GHz,NoMemory,ONE_D,256,1,1,20,0,0.001,0,0.043,0.001,0.438
Intel Xeon CPU E5-2695 v2 @ 2.40GHz,NoMemory,ONE_D,512,1,1,20,0,0,0,0.041,0.001,0.441
Intel Xeon CPU E5-2695 v2 @ 2.40GHz,NoMemory,ONE_D,1024,1,1,20,0,0,0,-1,-1,-1
Intel Xeon CPU E5-2695 v2 @ 2.40GHz,NoMemory,ONE_D,2048,1,1,20,0,0,0,-1,-1,-1
Intel Xeon CPU E5-2695 v2 @ 2.40GHz,NoMemory,ONE_D,4096,1,1,20,0,0,0,-1,-1,-1
Intel Xeon CPU E5-2695 v2 @ 2.40GHz,NoMemory,ONE_D,8192,1,1,20,0,0,0,-1,-1,-1
Intel Xeon CPU E5-2695 v2 @ 2.40GHz,NoMemory,ONE_D,1,1,1,20,0.001,0.001,0,0.213,0.001,0.794
Intel Xeon CPU E5-2695 v2 @ 2.40GHz,NoMemory,ONE_D,2,1,1,20,0,0,0,0.206,0.001,0.59
Intel Xeon CPU E5-2695 v2 @ 2.40GHz,NoMemory,ONE_D,4,1,1,20,0,0,0,0.074,0,0.797
Intel Xeon CPU E5-2695 v2 @ 2.40GHz,NoMemory,ONE_D,8,1,1,20,0,0.001,0,0.138,0.001,0.661
Intel Xeon CPU E5-2695 v2 @ 2.40GHz,NoMemory,ONE_D,16,1,1,20,0,0,0,0.088,0,0.649
Intel Xeon CPU E5-2695 v2 @ 2.40GHz,NoMemory,ONE_D,32,1,1,20,0,0.001,0,0.049,0.001,0.496
Intel Xeon CPU E5-2695 v2 @ 2.40GHz,NoMemory,ONE_D,64,1,1,20,0,0,0,0.049,0,0.493
Intel Xeon CPU E5-2695 v2 @ 2.40GHz,NoMemory,ONE_D,128,1,1,20,0,0,0,0.043,0,0.498
Intel Xeon CPU E5-2695 v2 @ 2.40GHz,NoMemory,ONE_D,256,1,1,20,0,0,0,0.05,0.001,0.483
Intel Xeon CPU E5-2695 v2 @ 2.40GHz,NoMemory,ONE_D,512,1,1,20,0.001,0,0.001,0.048,0,0.469
Intel Xeon CPU E5-2695 v2 @ 2.40GHz,NoMemory,ONE_D,1024,1,1,20,0,0.001,0,-1,-1,-1
Intel Xeon CPU E5-2695 v2 @ 2.40GHz,NoMemory,ONE_D,2048,1,1,20,0,0,0,-1,-1,-1
Intel Xeon CPU E5-2695 v2 @ 2.40GHz,NoMemory,ONE_D,4096,1,1,20,0,0,0,-1,-1,-1
Intel Xeon CPU E5-2695 v2 @ 2.40GHz,NoMemory,ONE_D,8192,1,1,20,0,0,0,-1,-1,-1
Intel Xeon CPU E5-2695 v2 @ 2.40GHz,NoMemory,ONE_D,1,1,1,20,0,0.001,0,0.171,0,0.592
Intel Xeon CPU E5-2695 v2 @ 2.40GHz,NoMemory,ONE_D,2,1,1,20,0,0,0,0.096,0,0.769
Intel Xeon CPU E5-2695 v2 @ 2.40GHz,NoMemory,ONE_D,4,1,1,20,0.001,0,0.001,0.074,0,0.778
Intel Xeon CPU E5-2695 v2 @ 2.40GHz,NoMemory,ONE_D,8,1,1,20,0,0,0,0.064,0,0.874
Intel Xeon CPU E5-2695 v2 @ 2.40GHz,NoMemory,ONE_D,16,1,1,20,0,0,0,0.05,0,0.826
Intel Xeon CPU E5-2695 v2 @ 2.40GHz,NoMemory,ONE_D,32,1,1,20,0,0,0,0.047,0,0.652
Intel Xeon CPU E5-2695 v2 @ 2.40GHz,NoMemory,ONE_D,64,1,1,20,0.001,0,0,0.051,0,0.611
Intel Xeon CPU E5-2695 v2 @ 2.40GHz,NoMemory,ONE_D,128,1,1,20,0,0,0,0.046,0,0.592
Intel Xeon CPU E5-2695 v2 @ 2.40GHz,NoMemory,ONE_D,256,1,1,20,0,0,0,0.043,0,0.781
Intel Xeon CPU E5-2695 v2 @ 2.40GHz,NoMemory,ONE_D,512,1,1,20,0.001,0,0.001,0.038,0,0.698
Intel Xeon CPU E5-2695 v2 @ 2.40GHz,NoMemory,ONE_D,1024,1,1,20,0,0,0,-1,-1,-1
Intel Xeon CPU E5-2695 v2 @ 2.40GHz,NoMemory,ONE_D,2048,1,1,20,0,0,0.001,-1,-1,-1
Intel Xeon CPU E5-2695 v2 @ 2.40GHz,NoMemory,ONE_D,4096,1,1,20,0.001,0,0,-1,-1,-1
Intel Xeon CPU E5-2695 v2 @ 2.40GHz,NoMemory,ONE_D,8192,1,1,20,0,0,0,-1,-1,-1
Intel Xeon CPU E5-2695 v2 @ 2.40GHz,NoMemory,ONE_D,1,1,1,20,0,0,0.001,0.448,0,0.909
Intel Xeon CPU E5-2695 v2 @ 2.40GHz,NoMemory,ONE_D,2,1,1,20,0,0,0.001,0.369,0,0.602
Intel Xeon CPU E5-2695 v2 @ 2.40GHz,NoMemory,ONE_D,4,1,1,20,0,0,0,0.264,0,0.572
Intel Xeon CPU E5-2695 v2 @ 2.40GHz,NoMemory,ONE_D,8,1,1,20,0.001,0,0.001,0.067,0,0.76
Intel Xeon CPU E5-2695 v2 @ 2.40GHz,NoMemory,ONE_D,16,1,1,20,0.001,0.001,0,0.328,0,0.731
Intel Xeon CPU E5-2695 v2 @ 2.40GHz,NoMemory,ONE_D,32,1,1,20,0.001,0,0,0.047,0,0.67
Intel Xeon CPU E5-2695 v2 @ 2.40GHz,NoMemory,ONE_D,64,1,1,20,0,0,0,0.043,0,1.044
Intel Xeon CPU E5-2695 v2 @ 2.40GHz,NoMemory,ONE_D,128,1,1,20,0.001,0,0.001,0.079,0.001,0.994
Intel Xeon CPU E5-2695 v2 @ 2.40GHz,NoMemory,ONE_D,256,1,1,20,0,0,0,0.085,0,0.899
Intel Xeon CPU E5-2695 v2 @ 2.40GHz,NoMemory,ONE_D,512,1,1,20,0,0,0,0.054,0,0.555
Intel Xeon CPU E5-2695 v2 @ 2.40GHz,NoMemory,ONE_D,1024,1,1,20,0,0,0,-1,-1,-1
Intel Xeon CPU E5-2695 v2 @ 2.40GHz,NoMemory,ONE_D,2048,1,1,20,0,0,0,-1,-1,-1
Intel Xeon CPU E5-2695 v2 @ 2.40GHz,NoMemory,ONE_D,4096,1,1,20,0,0,0,-1,-1,-1
Intel Xeon CPU E5-2695 v2 @ 2.40GHz,NoMemory,ONE_D,8192,1,1,20,0,0,0,-1,-1,-1
