device/C,kernel/C,workDimension/C,N/F,P/F,M/F,xLocal/I,yLocal/I,zLocal/I,MB/F,init/F,memoryCopyOut/F,plan/F,execute/F,memoryCopyIn/F,cleanUp/F
Intel Xeon Phi coprocessor x100 family,MatrixMultiplication,TWO_D,2896,2896,2896,1,1,1,31,438.667,49.648,0.012,14160.5,15.782,2.716
Intel Xeon Phi coprocessor x100 family,MatrixMultiplication,TWO_D,2896,2896,2896,1,2,1,31,398.638,43.643,0.014,12573.7,18.051,2.525
Intel Xeon Phi coprocessor x100 family,MatrixMultiplication,TWO_D,2896,2896,2896,1,4,1,31,391.323,43.232,0.011,10556.6,18.547,2.221
Intel Xeon Phi coprocessor x100 family,MatrixMultiplication,TWO_D,2896,2896,2896,1,8,1,31,417.59,44.401,0.01,9780.31,18.66,3.662
Intel Xeon Phi coprocessor x100 family,MatrixMultiplication,TWO_D,2896,2896,2896,1,16,1,31,414.04,43.475,0.01,9185.07,28.57,4.629
Intel Xeon Phi coprocessor x100 family,MatrixMultiplication,TWO_D,2896,2896,2896,1,32,1,31,372.006,41.5,0.011,-1,-1,-1
Intel Xeon Phi coprocessor x100 family,MatrixMultiplication,TWO_D,2896,2896,2896,1,64,1,31,330.615,41.287,0.011,-1,-1,-1
Intel Xeon Phi coprocessor x100 family,MatrixMultiplication,TWO_D,2896,2896,2896,1,128,1,31,331.238,41.561,0.01,-1,-1,-1
Intel Xeon Phi coprocessor x100 family,MatrixMultiplication,TWO_D,2896,2896,2896,1,256,1,31,330.348,41.288,0.013,-1,-1,-1
Intel Xeon Phi coprocessor x100 family,MatrixMultiplication,TWO_D,2896,2896,2896,1,512,1,31,330.604,41.463,0.011,-1,-1,-1
Intel Xeon Phi coprocessor x100 family,MatrixMultiplication,TWO_D,2896,2896,2896,1,1024,1,31,330.421,41.1,0.013,-1,-1,-1
Intel Xeon Phi coprocessor x100 family,MatrixMultiplication,TWO_D,2896,2896,2896,1,2048,1,31,330.554,41.561,0.025,-1,-1,-1
Intel Xeon Phi coprocessor x100 family,MatrixMultiplication,TWO_D,2896,2896,2896,1,4096,1,31,331.471,41.674,0.011,-1,-1,-1
Intel Xeon Phi coprocessor x100 family,MatrixMultiplication,TWO_D,2896,2896,2896,1,8192,1,31,330.235,41.77,0.009,-1,-1,-1
Intel Xeon Phi coprocessor x100 family,MatrixMultiplication,TWO_D,2896,2896,2896,2,1,1,31,330.559,41.565,0.01,13774.1,16.604,2.926
Intel Xeon Phi coprocessor x100 family,MatrixMultiplication,TWO_D,2896,2896,2896,2,2,1,31,380.271,44.091,0.011,13322.2,18.199,2.557
Intel Xeon Phi coprocessor x100 family,MatrixMultiplication,TWO_D,2896,2896,2896,2,4,1,31,391.972,43.803,0.011,11659.8,15.669,2.544
Intel Xeon Phi coprocessor x100 family,MatrixMultiplication,TWO_D,2896,2896,2896,2,8,1,31,365.751,43.548,0.012,9462.03,15.814,2.488
Intel Xeon Phi coprocessor x100 family,MatrixMultiplication,TWO_D,2896,2896,2896,2,16,1,31,371.861,43.479,0.019,9112.72,17.315,2.665
Intel Xeon Phi coprocessor x100 family,MatrixMultiplication,TWO_D,2896,2896,2896,2,32,1,31,390.583,43.292,0.01,-1,-1,-1
Intel Xeon Phi coprocessor x100 family,MatrixMultiplication,TWO_D,2896,2896,2896,2,64,1,31,331.136,41.379,0.009,-1,-1,-1
Intel Xeon Phi coprocessor x100 family,MatrixMultiplication,TWO_D,2896,2896,2896,2,128,1,31,330.789,41.446,0.011,-1,-1,-1
Intel Xeon Phi coprocessor x100 family,MatrixMultiplication,TWO_D,2896,2896,2896,2,256,1,31,330.668,41.905,0.013,-1,-1,-1
Intel Xeon Phi coprocessor x100 family,MatrixMultiplication,TWO_D,2896,2896,2896,2,512,1,31,331.482,42.025,0.01,-1,-1,-1
Intel Xeon Phi coprocessor x100 family,MatrixMultiplication,TWO_D,2896,2896,2896,2,1024,1,31,330.77,41.823,0.011,-1,-1,-1
Intel Xeon Phi coprocessor x100 family,MatrixMultiplication,TWO_D,2896,2896,2896,2,2048,1,31,331.005,41.158,0.009,-1,-1,-1
Intel Xeon Phi coprocessor x100 family,MatrixMultiplication,TWO_D,2896,2896,2896,2,4096,1,31,330.907,41.683,0.011,-1,-1,-1
Intel Xeon Phi coprocessor x100 family,MatrixMultiplication,TWO_D,2896,2896,2896,4,1,1,31,330.681,41.865,0.01,15731.3,17.684,2.902
Intel Xeon Phi coprocessor x100 family,MatrixMultiplication,TWO_D,2896,2896,2896,4,2,1,31,382.718,43.86,0.01,12526.4,16.316,2.633
Intel Xeon Phi coprocessor x100 family,MatrixMultiplication,TWO_D,2896,2896,2896,4,4,1,31,392.577,43.514,0.01,10663.1,16.807,2.715
Intel Xeon Phi coprocessor x100 family,MatrixMultiplication,TWO_D,2896,2896,2896,4,8,1,31,384.198,44.045,0.011,10218.7,18.386,2.493
Intel Xeon Phi coprocessor x100 family,MatrixMultiplication,TWO_D,2896,2896,2896,4,16,1,31,393.808,43.902,0.01,8924.25,17.146,4.141
Intel Xeon Phi coprocessor x100 family,MatrixMultiplication,TWO_D,2896,2896,2896,4,32,1,31,377.215,41.316,0.011,-1,-1,-1
Intel Xeon Phi coprocessor x100 family,MatrixMultiplication,TWO_D,2896,2896,2896,4,64,1,31,331.612,41.485,0.011,-1,-1,-1
Intel Xeon Phi coprocessor x100 family,MatrixMultiplication,TWO_D,2896,2896,2896,4,128,1,31,330.83,41.594,0.012,-1,-1,-1
Intel Xeon Phi coprocessor x100 family,MatrixMultiplication,TWO_D,2896,2896,2896,4,256,1,31,330.759,41.404,0.011,-1,-1,-1
Intel Xeon Phi coprocessor x100 family,MatrixMultiplication,TWO_D,2896,2896,2896,4,512,1,31,330.622,41.264,0.01,-1,-1,-1
Intel Xeon Phi coprocessor x100 family,MatrixMultiplication,TWO_D,2896,2896,2896,4,1024,1,31,330.872,41.715,0.011,-1,-1,-1
Intel Xeon Phi coprocessor x100 family,MatrixMultiplication,TWO_D,2896,2896,2896,4,2048,1,31,331.567,41.504,0.011,-1,-1,-1
Intel Xeon Phi coprocessor x100 family,MatrixMultiplication,TWO_D,2896,2896,2896,8,1,1,31,330.792,41.546,0.011,15349.1,18.271,5.059
Intel Xeon Phi coprocessor x100 family,MatrixMultiplication,TWO_D,2896,2896,2896,8,2,1,31,391.96,42.461,0.011,13231.2,18.615,2.364
Intel Xeon Phi coprocessor x100 family,MatrixMultiplication,TWO_D,2896,2896,2896,8,4,1,31,405.181,43.63,0.009,10780.1,18.78,2.784
Intel Xeon Phi coprocessor x100 family,MatrixMultiplication,TWO_D,2896,2896,2896,8,8,1,31,392.745,43.827,0.01,9557.27,16.495,2.477
Intel Xeon Phi coprocessor x100 family,MatrixMultiplication,TWO_D,2896,2896,2896,8,16,1,31,376.278,43.944,0.011,9684.12,15.096,4.184
Intel Xeon Phi coprocessor x100 family,MatrixMultiplication,TWO_D,2896,2896,2896,8,32,1,31,364.589,42.305,0.01,-1,-1,-1
Intel Xeon Phi coprocessor x100 family,MatrixMultiplication,TWO_D,2896,2896,2896,8,64,1,31,330.84,41.863,0.012,-1,-1,-1
Intel Xeon Phi coprocessor x100 family,MatrixMultiplication,TWO_D,2896,2896,2896,8,128,1,31,331.297,41.788,0.01,-1,-1,-1
Intel Xeon Phi coprocessor x100 family,MatrixMultiplication,TWO_D,2896,2896,2896,8,256,1,31,331.017,41.649,0.011,-1,-1,-1
Intel Xeon Phi coprocessor x100 family,MatrixMultiplication,TWO_D,2896,2896,2896,8,512,1,31,330.861,41.028,0.024,-1,-1,-1
Intel Xeon Phi coprocessor x100 family,MatrixMultiplication,TWO_D,2896,2896,2896,8,1024,1,31,330.735,41.621,0.01,-1,-1,-1
Intel Xeon Phi coprocessor x100 family,MatrixMultiplication,TWO_D,2896,2896,2896,16,1,1,31,330.81,41.888,0.01,1082.49,16.84,2.371
Intel Xeon Phi coprocessor x100 family,MatrixMultiplication,TWO_D,2896,2896,2896,16,2,1,31,413.022,43.355,0.011,853.151,16.07,2.468
Intel Xeon Phi coprocessor x100 family,MatrixMultiplication,TWO_D,2896,2896,2896,16,4,1,31,331.284,43.278,0.01,766.011,16.288,2.416
Intel Xeon Phi coprocessor x100 family,MatrixMultiplication,TWO_D,2896,2896,2896,16,8,1,31,341.859,44.214,0.01,766.446,15.71,2.427
Intel Xeon Phi coprocessor x100 family,MatrixMultiplication,TWO_D,2896,2896,2896,16,16,1,31,341.556,43.957,0.011,668.521,14.702,2.451
Intel Xeon Phi coprocessor x100 family,MatrixMultiplication,TWO_D,2896,2896,2896,16,32,1,31,339.031,43.094,0.012,-1,-1,-1
Intel Xeon Phi coprocessor x100 family,MatrixMultiplication,TWO_D,2896,2896,2896,16,64,1,31,331.101,41.577,0.01,-1,-1,-1
Intel Xeon Phi coprocessor x100 family,MatrixMultiplication,TWO_D,2896,2896,2896,16,128,1,31,331.168,41.696,0.011,-1,-1,-1
Intel Xeon Phi coprocessor x100 family,MatrixMultiplication,TWO_D,2896,2896,2896,16,256,1,31,331.249,41.579,0.011,-1,-1,-1
Intel Xeon Phi coprocessor x100 family,MatrixMultiplication,TWO_D,2896,2896,2896,16,512,1,31,331.254,41.602,0.011,-1,-1,-1
Intel Xeon Phi coprocessor x100 family,MatrixMultiplication,TWO_D,2896,2896,2896,32,1,1,31,332.158,41.614,0.011,-1,-1,-1
Intel Xeon Phi coprocessor x100 family,MatrixMultiplication,TWO_D,2896,2896,2896,32,2,1,31,330.925,41.61,0.009,-1,-1,-1
Intel Xeon Phi coprocessor x100 family,MatrixMultiplication,TWO_D,2896,2896,2896,32,4,1,31,331.053,41.479,0.009,-1,-1,-1
Intel Xeon Phi coprocessor x100 family,MatrixMultiplication,TWO_D,2896,2896,2896,32,8,1,31,331.025,41.471,0.01,-1,-1,-1
Intel Xeon Phi coprocessor x100 family,MatrixMultiplication,TWO_D,2896,2896,2896,32,16,1,31,331.189,41.48,0.009,-1,-1,-1
Intel Xeon Phi coprocessor x100 family,MatrixMultiplication,TWO_D,2896,2896,2896,32,32,1,31,332.297,41.476,0.011,-1,-1,-1
Intel Xeon Phi coprocessor x100 family,MatrixMultiplication,TWO_D,2896,2896,2896,32,64,1,31,330.927,41.969,0.011,-1,-1,-1
Intel Xeon Phi coprocessor x100 family,MatrixMultiplication,TWO_D,2896,2896,2896,32,128,1,31,331.006,41.506,0.012,-1,-1,-1
Intel Xeon Phi coprocessor x100 family,MatrixMultiplication,TWO_D,2896,2896,2896,32,256,1,31,331.15,41.342,0.011,-1,-1,-1
Intel Xeon Phi coprocessor x100 family,MatrixMultiplication,TWO_D,2896,2896,2896,64,1,1,31,336.336,41.418,0.01,-1,-1,-1
Intel Xeon Phi coprocessor x100 family,MatrixMultiplication,TWO_D,2896,2896,2896,64,2,1,31,332.016,41.272,0.01,-1,-1,-1
Intel Xeon Phi coprocessor x100 family,MatrixMultiplication,TWO_D,2896,2896,2896,64,4,1,31,330.993,41.764,0.013,-1,-1,-1
Intel Xeon Phi coprocessor x100 family,MatrixMultiplication,TWO_D,2896,2896,2896,64,8,1,31,331.11,41.657,0.011,-1,-1,-1
Intel Xeon Phi coprocessor x100 family,MatrixMultiplication,TWO_D,2896,2896,2896,64,16,1,31,330.954,41.566,0.009,-1,-1,-1
Intel Xeon Phi coprocessor x100 family,MatrixMultiplication,TWO_D,2896,2896,2896,64,32,1,31,331.124,41.379,0.01,-1,-1,-1
Intel Xeon Phi coprocessor x100 family,MatrixMultiplication,TWO_D,2896,2896,2896,64,64,1,31,331.994,41.478,0.01,-1,-1,-1
Intel Xeon Phi coprocessor x100 family,MatrixMultiplication,TWO_D,2896,2896,2896,64,128,1,31,330.907,41.684,0.012,-1,-1,-1
Intel Xeon Phi coprocessor x100 family,MatrixMultiplication,TWO_D,2896,2896,2896,128,1,1,31,330.998,41.649,0.012,-1,-1,-1
Intel Xeon Phi coprocessor x100 family,MatrixMultiplication,TWO_D,2896,2896,2896,128,2,1,31,331.196,41.07,0.025,-1,-1,-1
Intel Xeon Phi coprocessor x100 family,MatrixMultiplication,TWO_D,2896,2896,2896,128,4,1,31,331.27,41.422,0.009,-1,-1,-1
Intel Xeon Phi coprocessor x100 family,MatrixMultiplication,TWO_D,2896,2896,2896,128,8,1,31,332.134,41.476,0.01,-1,-1,-1
Intel Xeon Phi coprocessor x100 family,MatrixMultiplication,TWO_D,2896,2896,2896,128,16,1,31,330.923,41.854,0.011,-1,-1,-1
Intel Xeon Phi coprocessor x100 family,MatrixMultiplication,TWO_D,2896,2896,2896,128,32,1,31,331.055,41.544,0.012,-1,-1,-1
Intel Xeon Phi coprocessor x100 family,MatrixMultiplication,TWO_D,2896,2896,2896,128,64,1,31,331.057,40.966,0.01,-1,-1,-1
Intel Xeon Phi coprocessor x100 family,MatrixMultiplication,TWO_D,2896,2896,2896,256,1,1,31,331.842,41.712,0.011,-1,-1,-1
Intel Xeon Phi coprocessor x100 family,MatrixMultiplication,TWO_D,2896,2896,2896,256,2,1,31,331.965,41.45,0.024,-1,-1,-1
Intel Xeon Phi coprocessor x100 family,MatrixMultiplication,TWO_D,2896,2896,2896,256,4,1,31,330.97,41.779,0.011,-1,-1,-1
Intel Xeon Phi coprocessor x100 family,MatrixMultiplication,TWO_D,2896,2896,2896,256,8,1,31,328.045,41.315,0.01,-1,-1,-1
Intel Xeon Phi coprocessor x100 family,MatrixMultiplication,TWO_D,2896,2896,2896,256,16,1,31,328.147,40.977,0.01,-1,-1,-1
Intel Xeon Phi coprocessor x100 family,MatrixMultiplication,TWO_D,2896,2896,2896,256,32,1,31,324.765,41.858,0.012,-1,-1,-1
Intel Xeon Phi coprocessor x100 family,MatrixMultiplication,TWO_D,2896,2896,2896,512,1,1,31,326.007,41.554,0.01,-1,-1,-1
Intel Xeon Phi coprocessor x100 family,MatrixMultiplication,TWO_D,2896,2896,2896,512,2,1,31,324.613,37.071,0.014,-1,-1,-1
Intel Xeon Phi coprocessor x100 family,MatrixMultiplication,TWO_D,2896,2896,2896,512,4,1,31,324.808,43.157,0.013,-1,-1,-1
Intel Xeon Phi coprocessor x100 family,MatrixMultiplication,TWO_D,2896,2896,2896,512,8,1,31,323.755,36.84,0.01,-1,-1,-1
Intel Xeon Phi coprocessor x100 family,MatrixMultiplication,TWO_D,2896,2896,2896,512,16,1,31,324.966,30.867,0.01,-1,-1,-1
Intel Xeon Phi coprocessor x100 family,MatrixMultiplication,TWO_D,2896,2896,2896,1024,1,1,31,328.853,32.225,0.01,-1,-1,-1
Intel Xeon Phi coprocessor x100 family,MatrixMultiplication,TWO_D,2896,2896,2896,1024,2,1,31,324.392,30.671,0.01,-1,-1,-1
Intel Xeon Phi coprocessor x100 family,MatrixMultiplication,TWO_D,2896,2896,2896,1024,4,1,31,324.986,33.287,0.011,-1,-1,-1
Intel Xeon Phi coprocessor x100 family,MatrixMultiplication,TWO_D,2896,2896,2896,1024,8,1,31,324.876,31.417,0.01,-1,-1,-1
Intel Xeon Phi coprocessor x100 family,MatrixMultiplication,TWO_D,2896,2896,2896,2048,1,1,31,324.738,31.359,0.01,-1,-1,-1
Intel Xeon Phi coprocessor x100 family,MatrixMultiplication,TWO_D,2896,2896,2896,2048,2,1,31,325.259,31.739,0.011,-1,-1,-1
Intel Xeon Phi coprocessor x100 family,MatrixMultiplication,TWO_D,2896,2896,2896,2048,4,1,31,324.671,31.211,0.011,-1,-1,-1
Intel Xeon Phi coprocessor x100 family,MatrixMultiplication,TWO_D,2896,2896,2896,4096,1,1,31,325.133,30.634,0.025,-1,-1,-1
Intel Xeon Phi coprocessor x100 family,MatrixMultiplication,TWO_D,2896,2896,2896,4096,2,1,31,324.586,30.317,0.025,-1,-1,-1
Intel Xeon Phi coprocessor x100 family,MatrixMultiplication,TWO_D,2896,2896,2896,8192,1,1,31,324.582,30.414,0.01,-1,-1,-1
Intel Xeon Phi coprocessor x100 family,MatrixMultiplication,TWO_D,2896,2896,2896,1,1,1,31,438.445,49.595,0.013,14282,18.807,3.7
Intel Xeon Phi coprocessor x100 family,MatrixMultiplication,TWO_D,2896,2896,2896,1,2,1,31,371.716,44.46,0.008,12595,12.709,2.582
Intel Xeon Phi coprocessor x100 family,MatrixMultiplication,TWO_D,2896,2896,2896,1,4,1,31,392.739,43.938,0.014,10695.1,18.625,2.792
Intel Xeon Phi coprocessor x100 family,MatrixMultiplication,TWO_D,2896,2896,2896,1,8,1,31,368.665,43.743,0.012,9925.49,22.79,2.668
Intel Xeon Phi coprocessor x100 family,MatrixMultiplication,TWO_D,2896,2896,2896,1,16,1,31,399.031,44.248,0.012,9087.15,20.348,2.744
Intel Xeon Phi coprocessor x100 family,MatrixMultiplication,TWO_D,2896,2896,2896,1,32,1,31,388.749,43.683,0.011,-1,-1,-1
Intel Xeon Phi coprocessor x100 family,MatrixMultiplication,TWO_D,2896,2896,2896,1,64,1,31,331.193,41.416,0.011,-1,-1,-1
Intel Xeon Phi coprocessor x100 family,MatrixMultiplication,TWO_D,2896,2896,2896,1,128,1,31,332.241,41.339,0.011,-1,-1,-1
Intel Xeon Phi coprocessor x100 family,MatrixMultiplication,TWO_D,2896,2896,2896,1,256,1,31,331.179,41.497,0.011,-1,-1,-1
Intel Xeon Phi coprocessor x100 family,MatrixMultiplication,TWO_D,2896,2896,2896,1,512,1,31,331.153,41.391,0.013,-1,-1,-1
Intel Xeon Phi coprocessor x100 family,MatrixMultiplication,TWO_D,2896,2896,2896,1,1024,1,31,331.424,41.676,0.011,-1,-1,-1
Intel Xeon Phi coprocessor x100 family,MatrixMultiplication,TWO_D,2896,2896,2896,1,2048,1,31,331.236,41.498,0.011,-1,-1,-1
Intel Xeon Phi coprocessor x100 family,MatrixMultiplication,TWO_D,2896,2896,2896,1,4096,1,31,332.266,41.521,0.011,-1,-1,-1
Intel Xeon Phi coprocessor x100 family,MatrixMultiplication,TWO_D,2896,2896,2896,1,8192,1,31,331.215,42.019,0.012,-1,-1,-1
Intel Xeon Phi coprocessor x100 family,MatrixMultiplication,TWO_D,2896,2896,2896,2,1,1,31,332.971,44.495,0.011,13795.1,15.896,2.684
Intel Xeon Phi coprocessor x100 family,MatrixMultiplication,TWO_D,2896,2896,2896,2,2,1,31,373.018,43.492,0.011,12651.1,18.867,2.76
Intel Xeon Phi coprocessor x100 family,MatrixMultiplication,TWO_D,2896,2896,2896,2,4,1,31,386.997,43.755,0.013,11570.7,17.558,2.806
Intel Xeon Phi coprocessor x100 family,MatrixMultiplication,TWO_D,2896,2896,2896,2,8,1,31,392.391,43.578,0.012,9384.52,17.415,2.59
Intel Xeon Phi coprocessor x100 family,MatrixMultiplication,TWO_D,2896,2896,2896,2,16,1,31,378.252,43.742,0.014,9155.83,17.933,4.934
Intel Xeon Phi coprocessor x100 family,MatrixMultiplication,TWO_D,2896,2896,2896,2,32,1,31,377.393,42.412,0.012,-1,-1,-1
Intel Xeon Phi coprocessor x100 family,MatrixMultiplication,TWO_D,2896,2896,2896,2,64,1,31,334.987,42.502,0.011,-1,-1,-1
Intel Xeon Phi coprocessor x100 family,MatrixMultiplication,TWO_D,2896,2896,2896,2,128,1,31,334.79,42.548,0.011,-1,-1,-1
Intel Xeon Phi coprocessor x100 family,MatrixMultiplication,TWO_D,2896,2896,2896,2,256,1,31,334.396,42.518,0.01,-1,-1,-1
Intel Xeon Phi coprocessor x100 family,MatrixMultiplication,TWO_D,2896,2896,2896,2,512,1,31,331.156,42.266,0.011,-1,-1,-1
Intel Xeon Phi coprocessor x100 family,MatrixMultiplication,TWO_D,2896,2896,2896,2,1024,1,31,331.225,37.832,0.012,-1,-1,-1
Intel Xeon Phi coprocessor x100 family,MatrixMultiplication,TWO_D,2896,2896,2896,2,2048,1,31,331.804,42.367,0.013,-1,-1,-1
Intel Xeon Phi coprocessor x100 family,MatrixMultiplication,TWO_D,2896,2896,2896,2,4096,1,31,330.401,42.016,0.012,-1,-1,-1
Intel Xeon Phi coprocessor x100 family,MatrixMultiplication,TWO_D,2896,2896,2896,4,1,1,31,330.608,30.587,0.011,15934,7.869,1.95
Intel Xeon Phi coprocessor x100 family,MatrixMultiplication,TWO_D,2896,2896,2896,4,2,1,31,366.041,39.849,0.012,12671.9,5.129,2.184
Intel Xeon Phi coprocessor x100 family,MatrixMultiplication,TWO_D,2896,2896,2896,4,4,1,31,362.34,32.217,0.011,10525.6,5.133,2.76
Intel Xeon Phi coprocessor x100 family,MatrixMultiplication,TWO_D,2896,2896,2896,4,8,1,31,376.098,32.213,0.012,10079.6,5.122,2.634
Intel Xeon Phi coprocessor x100 family,MatrixMultiplication,TWO_D,2896,2896,2896,4,16,1,31,363.852,32.323,0.026,8971.3,5.171,2.352
Intel Xeon Phi coprocessor x100 family,MatrixMultiplication,TWO_D,2896,2896,2896,4,32,1,31,351.358,32.411,0.011,-1,-1,-1
Intel Xeon Phi coprocessor x100 family,MatrixMultiplication,TWO_D,2896,2896,2896,4,64,1,31,330.41,30.466,0.044,-1,-1,-1
Intel Xeon Phi coprocessor x100 family,MatrixMultiplication,TWO_D,2896,2896,2896,4,128,1,31,331.846,30.036,0.012,-1,-1,-1
Intel Xeon Phi coprocessor x100 family,MatrixMultiplication,TWO_D,2896,2896,2896,4,256,1,31,332.128,30.395,0.012,-1,-1,-1
Intel Xeon Phi coprocessor x100 family,MatrixMultiplication,TWO_D,2896,2896,2896,4,512,1,31,330.678,30.425,0.026,-1,-1,-1
Intel Xeon Phi coprocessor x100 family,MatrixMultiplication,TWO_D,2896,2896,2896,4,1024,1,31,330.942,30.431,0.026,-1,-1,-1
Intel Xeon Phi coprocessor x100 family,MatrixMultiplication,TWO_D,2896,2896,2896,4,2048,1,31,330.659,30.472,0.011,-1,-1,-1
Intel Xeon Phi coprocessor x100 family,MatrixMultiplication,TWO_D,2896,2896,2896,8,1,1,31,331.012,30.457,0.011,15133.7,5.119,2.355
Intel Xeon Phi coprocessor x100 family,MatrixMultiplication,TWO_D,2896,2896,2896,8,2,1,31,361.119,32.529,0.011,13015,5.138,2.408
Intel Xeon Phi coprocessor x100 family,MatrixMultiplication,TWO_D,2896,2896,2896,8,4,1,31,368.378,32.314,0.011,10688.8,5.116,3.204
Intel Xeon Phi coprocessor x100 family,MatrixMultiplication,TWO_D,2896,2896,2896,8,8,1,31,370.698,32.259,0.011,9571.76,5.147,2.386
Intel Xeon Phi coprocessor x100 family,MatrixMultiplication,TWO_D,2896,2896,2896,8,16,1,31,365.423,32.277,0.011,9163.1,5.124,2.252
Intel Xeon Phi coprocessor x100 family,MatrixMultiplication,TWO_D,2896,2896,2896,8,32,1,31,348.662,32.182,0.012,-1,-1,-1
Intel Xeon Phi coprocessor x100 family,MatrixMultiplication,TWO_D,2896,2896,2896,8,64,1,31,330.045,30.329,0.011,-1,-1,-1
Intel Xeon Phi coprocessor x100 family,MatrixMultiplication,TWO_D,2896,2896,2896,8,128,1,31,332.459,30.388,0.027,-1,-1,-1
Intel Xeon Phi coprocessor x100 family,MatrixMultiplication,TWO_D,2896,2896,2896,8,256,1,31,331.237,30.134,0.011,-1,-1,-1
Intel Xeon Phi coprocessor x100 family,MatrixMultiplication,TWO_D,2896,2896,2896,8,512,1,31,330.509,30.376,0.025,-1,-1,-1
Intel Xeon Phi coprocessor x100 family,MatrixMultiplication,TWO_D,2896,2896,2896,8,1024,1,31,331.506,30.326,0.011,-1,-1,-1
Intel Xeon Phi coprocessor x100 family,MatrixMultiplication,TWO_D,2896,2896,2896,16,1,1,31,331.039,30.367,0.011,1090.08,5.12,1.771
Intel Xeon Phi coprocessor x100 family,MatrixMultiplication,TWO_D,2896,2896,2896,16,2,1,31,333.833,32.216,0.012,859.049,5.108,2.678
Intel Xeon Phi coprocessor x100 family,MatrixMultiplication,TWO_D,2896,2896,2896,16,4,1,31,337.284,32.253,0.012,786.264,5.076,2.19
Intel Xeon Phi coprocessor x100 family,MatrixMultiplication,TWO_D,2896,2896,2896,16,8,1,31,335.104,32.1,0.011,748.588,5.12,1.429
Intel Xeon Phi coprocessor x100 family,MatrixMultiplication,TWO_D,2896,2896,2896,16,16,1,31,334.094,31.945,0.012,674.012,5.072,2.129
Intel Xeon Phi coprocessor x100 family,MatrixMultiplication,TWO_D,2896,2896,2896,16,32,1,31,335.59,32.262,0.026,-1,-1,-1
Intel Xeon Phi coprocessor x100 family,MatrixMultiplication,TWO_D,2896,2896,2896,16,64,1,31,331.488,30.263,0.013,-1,-1,-1
Intel Xeon Phi coprocessor x100 family,MatrixMultiplication,TWO_D,2896,2896,2896,16,128,1,31,331.26,30.497,0.012,-1,-1,-1
Intel Xeon Phi coprocessor x100 family,MatrixMultiplication,TWO_D,2896,2896,2896,16,256,1,31,329.933,30.337,0.011,-1,-1,-1
Intel Xeon Phi coprocessor x100 family,MatrixMultiplication,TWO_D,2896,2896,2896,16,512,1,31,331.116,30.343,0.013,-1,-1,-1
Intel Xeon Phi coprocessor x100 family,MatrixMultiplication,TWO_D,2896,2896,2896,32,1,1,31,330.58,30.234,0.012,-1,-1,-1
Intel Xeon Phi coprocessor x100 family,MatrixMultiplication,TWO_D,2896,2896,2896,32,2,1,31,333.025,30.525,0.011,-1,-1,-1
Intel Xeon Phi coprocessor x100 family,MatrixMultiplication,TWO_D,2896,2896,2896,32,4,1,31,330.35,30.377,0.012,-1,-1,-1
Intel Xeon Phi coprocessor x100 family,MatrixMultiplication,TWO_D,2896,2896,2896,32,8,1,31,329.944,30.249,0.027,-1,-1,-1
Intel Xeon Phi coprocessor x100 family,MatrixMultiplication,TWO_D,2896,2896,2896,32,16,1,31,330.863,30.327,0.011,-1,-1,-1
Intel Xeon Phi coprocessor x100 family,MatrixMultiplication,TWO_D,2896,2896,2896,32,32,1,31,330.5,30.416,0.011,-1,-1,-1
Intel Xeon Phi coprocessor x100 family,MatrixMultiplication,TWO_D,2896,2896,2896,32,64,1,31,330.991,30.566,0.025,-1,-1,-1
Intel Xeon Phi coprocessor x100 family,MatrixMultiplication,TWO_D,2896,2896,2896,32,128,1,31,332.151,30.121,0.026,-1,-1,-1
Intel Xeon Phi coprocessor x100 family,MatrixMultiplication,TWO_D,2896,2896,2896,32,256,1,31,330.019,30.268,0.01,-1,-1,-1
Intel Xeon Phi coprocessor x100 family,MatrixMultiplication,TWO_D,2896,2896,2896,64,1,1,31,331.237,30.449,0.011,-1,-1,-1
Intel Xeon Phi coprocessor x100 family,MatrixMultiplication,TWO_D,2896,2896,2896,64,2,1,31,330.183,30.47,0.012,-1,-1,-1
Intel Xeon Phi coprocessor x100 family,MatrixMultiplication,TWO_D,2896,2896,2896,64,4,1,31,335.437,30.439,0.027,-1,-1,-1
Intel Xeon Phi coprocessor x100 family,MatrixMultiplication,TWO_D,2896,2896,2896,64,8,1,31,332.483,30.191,0.026,-1,-1,-1
Intel Xeon Phi coprocessor x100 family,MatrixMultiplication,TWO_D,2896,2896,2896,64,16,1,31,330.915,29.688,0.01,-1,-1,-1
Intel Xeon Phi coprocessor x100 family,MatrixMultiplication,TWO_D,2896,2896,2896,64,32,1,31,330.312,30.512,0.011,-1,-1,-1
Intel Xeon Phi coprocessor x100 family,MatrixMultiplication,TWO_D,2896,2896,2896,64,64,1,31,330.496,29.721,0.01,-1,-1,-1
Intel Xeon Phi coprocessor x100 family,MatrixMultiplication,TWO_D,2896,2896,2896,64,128,1,31,330.228,29.678,0.011,-1,-1,-1
Intel Xeon Phi coprocessor x100 family,MatrixMultiplication,TWO_D,2896,2896,2896,128,1,1,31,331.631,30.271,0.026,-1,-1,-1
Intel Xeon Phi coprocessor x100 family,MatrixMultiplication,TWO_D,2896,2896,2896,128,2,1,31,330.524,30.374,0.013,-1,-1,-1
Intel Xeon Phi coprocessor x100 family,MatrixMultiplication,TWO_D,2896,2896,2896,128,4,1,31,330.326,30.462,0.011,-1,-1,-1
Intel Xeon Phi coprocessor x100 family,MatrixMultiplication,TWO_D,2896,2896,2896,128,8,1,31,331.186,30.481,0.01,-1,-1,-1
Intel Xeon Phi coprocessor x100 family,MatrixMultiplication,TWO_D,2896,2896,2896,128,16,1,31,332.42,30.027,0.011,-1,-1,-1
Intel Xeon Phi coprocessor x100 family,MatrixMultiplication,TWO_D,2896,2896,2896,128,32,1,31,343.844,30.603,0.011,-1,-1,-1
Intel Xeon Phi coprocessor x100 family,MatrixMultiplication,TWO_D,2896,2896,2896,128,64,1,31,341.009,30.349,0.025,-1,-1,-1
Intel Xeon Phi coprocessor x100 family,MatrixMultiplication,TWO_D,2896,2896,2896,256,1,1,31,341.569,30.963,0.012,-1,-1,-1
Intel Xeon Phi coprocessor x100 family,MatrixMultiplication,TWO_D,2896,2896,2896,256,2,1,31,335.499,30.462,0.025,-1,-1,-1
Intel Xeon Phi coprocessor x100 family,MatrixMultiplication,TWO_D,2896,2896,2896,256,4,1,31,330.882,30.261,0.012,-1,-1,-1
Intel Xeon Phi coprocessor x100 family,MatrixMultiplication,TWO_D,2896,2896,2896,256,8,1,31,331.596,30.632,0.01,-1,-1,-1
Intel Xeon Phi coprocessor x100 family,MatrixMultiplication,TWO_D,2896,2896,2896,256,16,1,31,330.535,30.512,0.01,-1,-1,-1
Intel Xeon Phi coprocessor x100 family,MatrixMultiplication,TWO_D,2896,2896,2896,256,32,1,31,330.137,30.248,0.026,-1,-1,-1
Intel Xeon Phi coprocessor x100 family,MatrixMultiplication,TWO_D,2896,2896,2896,512,1,1,31,331.552,30.622,0.01,-1,-1,-1
Intel Xeon Phi coprocessor x100 family,MatrixMultiplication,TWO_D,2896,2896,2896,512,2,1,31,330.159,30.417,0.011,-1,-1,-1
Intel Xeon Phi coprocessor x100 family,MatrixMultiplication,TWO_D,2896,2896,2896,512,4,1,31,332.008,30.646,0.01,-1,-1,-1
Intel Xeon Phi coprocessor x100 family,MatrixMultiplication,TWO_D,2896,2896,2896,512,8,1,31,331.366,30.414,0.027,-1,-1,-1
Intel Xeon Phi coprocessor x100 family,MatrixMultiplication,TWO_D,2896,2896,2896,512,16,1,31,329.92,31.298,0.014,-1,-1,-1
Intel Xeon Phi coprocessor x100 family,MatrixMultiplication,TWO_D,2896,2896,2896,1024,1,1,31,330.423,30.507,0.026,-1,-1,-1
Intel Xeon Phi coprocessor x100 family,MatrixMultiplication,TWO_D,2896,2896,2896,1024,2,1,31,330.675,30.25,0.011,-1,-1,-1
Intel Xeon Phi coprocessor x100 family,MatrixMultiplication,TWO_D,2896,2896,2896,1024,4,1,31,330.943,30.272,0.012,-1,-1,-1
Intel Xeon Phi coprocessor x100 family,MatrixMultiplication,TWO_D,2896,2896,2896,1024,8,1,31,332.376,29.997,0.011,-1,-1,-1
Intel Xeon Phi coprocessor x100 family,MatrixMultiplication,TWO_D,2896,2896,2896,2048,1,1,31,330.826,30.254,0.01,-1,-1,-1
Intel Xeon Phi coprocessor x100 family,MatrixMultiplication,TWO_D,2896,2896,2896,2048,2,1,31,330.476,30.296,0.011,-1,-1,-1
Intel Xeon Phi coprocessor x100 family,MatrixMultiplication,TWO_D,2896,2896,2896,2048,4,1,31,330.702,30.276,0.012,-1,-1,-1
Intel Xeon Phi coprocessor x100 family,MatrixMultiplication,TWO_D,2896,2896,2896,4096,1,1,31,329.948,30.039,0.025,-1,-1,-1
Intel Xeon Phi coprocessor x100 family,MatrixMultiplication,TWO_D,2896,2896,2896,4096,2,1,31,331.53,30.22,0.025,-1,-1,-1
Intel Xeon Phi coprocessor x100 family,MatrixMultiplication,TWO_D,2896,2896,2896,8192,1,1,31,330.628,30.382,0.01,-1,-1,-1
Intel Xeon Phi coprocessor x100 family,MatrixMultiplication,TWO_D,2896,2896,2896,1,1,1,31,442.578,50.472,0.014,14311.5,16.316,3.312
Intel Xeon Phi coprocessor x100 family,MatrixMultiplication,TWO_D,2896,2896,2896,1,2,1,31,369.086,42.184,0.012,12737.3,13.26,1.737
Intel Xeon Phi coprocessor x100 family,MatrixMultiplication,TWO_D,2896,2896,2896,1,4,1,31,363.428,44.412,0.011,10387.3,13.291,1.958
Intel Xeon Phi coprocessor x100 family,MatrixMultiplication,TWO_D,2896,2896,2896,1,8,1,31,364.95,44.331,0.011,9981.91,16.435,3.696
Intel Xeon Phi coprocessor x100 family,MatrixMultiplication,TWO_D,2896,2896,2896,1,16,1,31,388.142,43.344,0.013,8915.78,11.697,1.877
Intel Xeon Phi coprocessor x100 family,MatrixMultiplication,TWO_D,2896,2896,2896,1,32,1,31,387.829,44.312,0.011,-1,-1,-1
Intel Xeon Phi coprocessor x100 family,MatrixMultiplication,TWO_D,2896,2896,2896,1,64,1,31,332.095,42.739,0.011,-1,-1,-1
Intel Xeon Phi coprocessor x100 family,MatrixMultiplication,TWO_D,2896,2896,2896,1,128,1,31,330.913,42.504,0.012,-1,-1,-1
Intel Xeon Phi coprocessor x100 family,MatrixMultiplication,TWO_D,2896,2896,2896,1,256,1,31,331.18,42.377,0.012,-1,-1,-1
Intel Xeon Phi coprocessor x100 family,MatrixMultiplication,TWO_D,2896,2896,2896,1,512,1,31,331.848,42.693,0.012,-1,-1,-1
Intel Xeon Phi coprocessor x100 family,MatrixMultiplication,TWO_D,2896,2896,2896,1,1024,1,31,330.827,42.495,0.011,-1,-1,-1
Intel Xeon Phi coprocessor x100 family,MatrixMultiplication,TWO_D,2896,2896,2896,1,2048,1,31,331.745,42.538,0.012,-1,-1,-1
Intel Xeon Phi coprocessor x100 family,MatrixMultiplication,TWO_D,2896,2896,2896,1,4096,1,31,331.346,42.731,0.01,-1,-1,-1
Intel Xeon Phi coprocessor x100 family,MatrixMultiplication,TWO_D,2896,2896,2896,1,8192,1,31,330.201,42.449,0.012,-1,-1,-1
Intel Xeon Phi coprocessor x100 family,MatrixMultiplication,TWO_D,2896,2896,2896,2,1,1,31,331.397,42.375,0.011,13611.2,14.454,2.101
Intel Xeon Phi coprocessor x100 family,MatrixMultiplication,TWO_D,2896,2896,2896,2,2,1,31,376.071,45.113,0.011,13104,15.61,3.77
Intel Xeon Phi coprocessor x100 family,MatrixMultiplication,TWO_D,2896,2896,2896,2,4,1,31,385.323,43.282,0.015,11399,28.727,1.902
Intel Xeon Phi coprocessor x100 family,MatrixMultiplication,TWO_D,2896,2896,2896,2,8,1,31,362.309,45.06,0.011,9528.73,12.403,2.18
Intel Xeon Phi coprocessor x100 family,MatrixMultiplication,TWO_D,2896,2896,2896,2,16,1,31,376.357,44.416,0.012,9403.2,15.193,1.928
Intel Xeon Phi coprocessor x100 family,MatrixMultiplication,TWO_D,2896,2896,2896,2,32,1,31,374.575,45.194,0.012,-1,-1,-1
Intel Xeon Phi coprocessor x100 family,MatrixMultiplication,TWO_D,2896,2896,2896,2,64,1,31,330.979,42.836,0.012,-1,-1,-1
Intel Xeon Phi coprocessor x100 family,MatrixMultiplication,TWO_D,2896,2896,2896,2,128,1,31,331.82,42.751,0.011,-1,-1,-1
Intel Xeon Phi coprocessor x100 family,MatrixMultiplication,TWO_D,2896,2896,2896,2,256,1,31,329.732,42.634,0.014,-1,-1,-1
Intel Xeon Phi coprocessor x100 family,MatrixMultiplication,TWO_D,2896,2896,2896,2,512,1,31,331.175,42.389,0.011,-1,-1,-1
Intel Xeon Phi coprocessor x100 family,MatrixMultiplication,TWO_D,2896,2896,2896,2,1024,1,31,330.583,42.326,0.012,-1,-1,-1
Intel Xeon Phi coprocessor x100 family,MatrixMultiplication,TWO_D,2896,2896,2896,2,2048,1,31,330.802,43.126,0.011,-1,-1,-1
Intel Xeon Phi coprocessor x100 family,MatrixMultiplication,TWO_D,2896,2896,2896,2,4096,1,31,331.545,42.699,0.011,-1,-1,-1
Intel Xeon Phi coprocessor x100 family,MatrixMultiplication,TWO_D,2896,2896,2896,4,1,1,31,330.936,43.003,0.012,15623.9,11.541,3.499
Intel Xeon Phi coprocessor x100 family,MatrixMultiplication,TWO_D,2896,2896,2896,4,2,1,31,375.853,42.804,0.012,12540.7,13.543,2.154
Intel Xeon Phi coprocessor x100 family,MatrixMultiplication,TWO_D,2896,2896,2896,4,4,1,31,391.232,44.87,0.012,10470.9,13.996,1.934
Intel Xeon Phi coprocessor x100 family,MatrixMultiplication,TWO_D,2896,2896,2896,4,8,1,31,387.184,44.915,0.012,10521.6,14.41,2.405
Intel Xeon Phi coprocessor x100 family,MatrixMultiplication,TWO_D,2896,2896,2896,4,16,1,31,419.475,46.431,0.008,9096.28,15.355,2.444
Intel Xeon Phi coprocessor x100 family,MatrixMultiplication,TWO_D,2896,2896,2896,4,32,1,31,361.677,45.902,0.008,-1,-1,-1
Intel Xeon Phi coprocessor x100 family,MatrixMultiplication,TWO_D,2896,2896,2896,4,64,1,31,332.244,43.961,0.026,-1,-1,-1
Intel Xeon Phi coprocessor x100 family,MatrixMultiplication,TWO_D,2896,2896,2896,4,128,1,31,330.597,43.619,0.007,-1,-1,-1
Intel Xeon Phi coprocessor x100 family,MatrixMultiplication,TWO_D,2896,2896,2896,4,256,1,31,332.94,43.463,0.007,-1,-1,-1
Intel Xeon Phi coprocessor x100 family,MatrixMultiplication,TWO_D,2896,2896,2896,4,512,1,31,331.315,43.503,0.008,-1,-1,-1
Intel Xeon Phi coprocessor x100 family,MatrixMultiplication,TWO_D,2896,2896,2896,4,1024,1,31,332.287,43.415,0.009,-1,-1,-1
Intel Xeon Phi coprocessor x100 family,MatrixMultiplication,TWO_D,2896,2896,2896,4,2048,1,31,331.25,43.406,0.008,-1,-1,-1
Intel Xeon Phi coprocessor x100 family,MatrixMultiplication,TWO_D,2896,2896,2896,8,1,1,31,331.9,43.444,0.008,15438.9,15.573,1.657
Intel Xeon Phi coprocessor x100 family,MatrixMultiplication,TWO_D,2896,2896,2896,8,2,1,31,367.705,44.954,0.011,12702.5,13.035,2.581
Intel Xeon Phi coprocessor x100 family,MatrixMultiplication,TWO_D,2896,2896,2896,8,4,1,31,367.562,46.021,0.008,10525.2,15.592,2.04
Intel Xeon Phi coprocessor x100 family,MatrixMultiplication,TWO_D,2896,2896,2896,8,8,1,31,364.376,44.924,0.011,9478.98,13.635,2.962
Intel Xeon Phi coprocessor x100 family,MatrixMultiplication,TWO_D,2896,2896,2896,8,16,1,31,378.32,45.243,0.009,9523.64,15.819,2.513
Intel Xeon Phi coprocessor x100 family,MatrixMultiplication,TWO_D,2896,2896,2896,8,32,1,31,386.612,44.886,0.012,-1,-1,-1
Intel Xeon Phi coprocessor x100 family,MatrixMultiplication,TWO_D,2896,2896,2896,8,64,1,31,332.489,43.011,0.012,-1,-1,-1
Intel Xeon Phi coprocessor x100 family,MatrixMultiplication,TWO_D,2896,2896,2896,8,128,1,31,331.527,43.068,0.011,-1,-1,-1
Intel Xeon Phi coprocessor x100 family,MatrixMultiplication,TWO_D,2896,2896,2896,8,256,1,31,331.81,42.747,0.012,-1,-1,-1
Intel Xeon Phi coprocessor x100 family,MatrixMultiplication,TWO_D,2896,2896,2896,8,512,1,31,332.084,43.07,0.011,-1,-1,-1
Intel Xeon Phi coprocessor x100 family,MatrixMultiplication,TWO_D,2896,2896,2896,8,1024,1,31,332.084,43.173,0.013,-1,-1,-1
Intel Xeon Phi coprocessor x100 family,MatrixMultiplication,TWO_D,2896,2896,2896,16,1,1,31,332.692,42.828,0.01,1091.3,16.264,2.032
Intel Xeon Phi coprocessor x100 family,MatrixMultiplication,TWO_D,2896,2896,2896,16,2,1,31,331.459,44.859,0.011,857.324,15.294,2.081
Intel Xeon Phi coprocessor x100 family,MatrixMultiplication,TWO_D,2896,2896,2896,16,4,1,31,397.789,44.645,0.011,790.648,13.861,1.926
Intel Xeon Phi coprocessor x100 family,MatrixMultiplication,TWO_D,2896,2896,2896,16,8,1,31,331.948,44.592,0.012,751.845,10.424,1.782
Intel Xeon Phi coprocessor x100 family,MatrixMultiplication,TWO_D,2896,2896,2896,16,16,1,31,331.615,44.423,0.012,674.393,14.15,1.694
Intel Xeon Phi coprocessor x100 family,MatrixMultiplication,TWO_D,2896,2896,2896,16,32,1,31,332.314,44.301,0.013,-1,-1,-1
Intel Xeon Phi coprocessor x100 family,MatrixMultiplication,TWO_D,2896,2896,2896,16,64,1,31,330.529,42.324,0.012,-1,-1,-1
Intel Xeon Phi coprocessor x100 family,MatrixMultiplication,TWO_D,2896,2896,2896,16,128,1,31,330.982,42.845,0.011,-1,-1,-1
Intel Xeon Phi coprocessor x100 family,MatrixMultiplication,TWO_D,2896,2896,2896,16,256,1,31,330.821,42.651,0.012,-1,-1,-1
Intel Xeon Phi coprocessor x100 family,MatrixMultiplication,TWO_D,2896,2896,2896,16,512,1,31,330.175,42.47,0.011,-1,-1,-1
Intel Xeon Phi coprocessor x100 family,MatrixMultiplication,TWO_D,2896,2896,2896,32,1,1,31,332.625,42.97,0.014,-1,-1,-1
Intel Xeon Phi coprocessor x100 family,MatrixMultiplication,TWO_D,2896,2896,2896,32,2,1,31,331.158,42.401,0.011,-1,-1,-1
Intel Xeon Phi coprocessor x100 family,MatrixMultiplication,TWO_D,2896,2896,2896,32,4,1,31,331.252,42.317,0.011,-1,-1,-1
Intel Xeon Phi coprocessor x100 family,MatrixMultiplication,TWO_D,2896,2896,2896,32,8,1,31,330.575,42.335,0.011,-1,-1,-1
Intel Xeon Phi coprocessor x100 family,MatrixMultiplication,TWO_D,2896,2896,2896,32,16,1,31,330.92,42.408,0.011,-1,-1,-1
Intel Xeon Phi coprocessor x100 family,MatrixMultiplication,TWO_D,2896,2896,2896,32,32,1,31,332.822,42.675,0.013,-1,-1,-1
Intel Xeon Phi coprocessor x100 family,MatrixMultiplication,TWO_D,2896,2896,2896,32,64,1,31,331.038,42.443,0.012,-1,-1,-1
Intel Xeon Phi coprocessor x100 family,MatrixMultiplication,TWO_D,2896,2896,2896,32,128,1,31,330.306,42.8,0.012,-1,-1,-1
Intel Xeon Phi coprocessor x100 family,MatrixMultiplication,TWO_D,2896,2896,2896,32,256,1,31,331.109,42.884,0.011,-1,-1,-1
Intel Xeon Phi coprocessor x100 family,MatrixMultiplication,TWO_D,2896,2896,2896,64,1,1,31,330.178,42.657,0.011,-1,-1,-1
Intel Xeon Phi coprocessor x100 family,MatrixMultiplication,TWO_D,2896,2896,2896,64,2,1,31,332.351,42.638,0.011,-1,-1,-1
Intel Xeon Phi coprocessor x100 family,MatrixMultiplication,TWO_D,2896,2896,2896,64,4,1,31,330.713,42.507,0.012,-1,-1,-1
Intel Xeon Phi coprocessor x100 family,MatrixMultiplication,TWO_D,2896,2896,2896,64,8,1,31,330.914,42.74,0.011,-1,-1,-1
Intel Xeon Phi coprocessor x100 family,MatrixMultiplication,TWO_D,2896,2896,2896,64,16,1,31,330.715,42.055,0.011,-1,-1,-1
Intel Xeon Phi coprocessor x100 family,MatrixMultiplication,TWO_D,2896,2896,2896,64,32,1,31,332.085,42.561,0.012,-1,-1,-1
Intel Xeon Phi coprocessor x100 family,MatrixMultiplication,TWO_D,2896,2896,2896,64,64,1,31,332.82,41.95,0.012,-1,-1,-1
Intel Xeon Phi coprocessor x100 family,MatrixMultiplication,TWO_D,2896,2896,2896,64,128,1,31,330.85,42.427,0.011,-1,-1,-1
Intel Xeon Phi coprocessor x100 family,MatrixMultiplication,TWO_D,2896,2896,2896,128,1,1,31,330.613,42.583,0.012,-1,-1,-1
Intel Xeon Phi coprocessor x100 family,MatrixMultiplication,TWO_D,2896,2896,2896,128,2,1,31,331.463,42.686,0.012,-1,-1,-1
Intel Xeon Phi coprocessor x100 family,MatrixMultiplication,TWO_D,2896,2896,2896,128,4,1,31,330.804,42.381,0.011,-1,-1,-1
Intel Xeon Phi coprocessor x100 family,MatrixMultiplication,TWO_D,2896,2896,2896,128,8,1,31,332.494,41.953,0.011,-1,-1,-1
Intel Xeon Phi coprocessor x100 family,MatrixMultiplication,TWO_D,2896,2896,2896,128,16,1,31,331.338,42.588,0.011,-1,-1,-1
Intel Xeon Phi coprocessor x100 family,MatrixMultiplication,TWO_D,2896,2896,2896,128,32,1,31,331.049,42.442,0.011,-1,-1,-1
Intel Xeon Phi coprocessor x100 family,MatrixMultiplication,TWO_D,2896,2896,2896,128,64,1,31,331.249,42.612,0.011,-1,-1,-1
Intel Xeon Phi coprocessor x100 family,MatrixMultiplication,TWO_D,2896,2896,2896,256,1,1,31,330.644,42.493,0.011,-1,-1,-1
Intel Xeon Phi coprocessor x100 family,MatrixMultiplication,TWO_D,2896,2896,2896,256,2,1,31,332.227,42.608,0.012,-1,-1,-1
Intel Xeon Phi coprocessor x100 family,MatrixMultiplication,TWO_D,2896,2896,2896,256,4,1,31,330.741,42.821,0.011,-1,-1,-1
Intel Xeon Phi coprocessor x100 family,MatrixMultiplication,TWO_D,2896,2896,2896,256,8,1,31,331.042,42.618,0.011,-1,-1,-1
Intel Xeon Phi coprocessor x100 family,MatrixMultiplication,TWO_D,2896,2896,2896,256,16,1,31,330.698,42.821,0.012,-1,-1,-1
Intel Xeon Phi coprocessor x100 family,MatrixMultiplication,TWO_D,2896,2896,2896,256,32,1,31,330.847,42.658,0.012,-1,-1,-1
Intel Xeon Phi coprocessor x100 family,MatrixMultiplication,TWO_D,2896,2896,2896,512,1,1,31,331.643,42.693,0.011,-1,-1,-1
Intel Xeon Phi coprocessor x100 family,MatrixMultiplication,TWO_D,2896,2896,2896,512,2,1,31,330.872,42.509,0.011,-1,-1,-1
Intel Xeon Phi coprocessor x100 family,MatrixMultiplication,TWO_D,2896,2896,2896,512,4,1,31,330.347,42.754,0.012,-1,-1,-1
Intel Xeon Phi coprocessor x100 family,MatrixMultiplication,TWO_D,2896,2896,2896,512,8,1,31,330.622,44.538,0.012,-1,-1,-1
Intel Xeon Phi coprocessor x100 family,MatrixMultiplication,TWO_D,2896,2896,2896,512,16,1,31,331.049,42.306,0.01,-1,-1,-1
Intel Xeon Phi coprocessor x100 family,MatrixMultiplication,TWO_D,2896,2896,2896,1024,1,1,31,331.67,42.528,0.012,-1,-1,-1
Intel Xeon Phi coprocessor x100 family,MatrixMultiplication,TWO_D,2896,2896,2896,1024,2,1,31,329.846,42.611,0.011,-1,-1,-1
Intel Xeon Phi coprocessor x100 family,MatrixMultiplication,TWO_D,2896,2896,2896,1024,4,1,31,330.997,42.285,0.011,-1,-1,-1
Intel Xeon Phi coprocessor x100 family,MatrixMultiplication,TWO_D,2896,2896,2896,1024,8,1,31,331.15,42.427,0.012,-1,-1,-1
Intel Xeon Phi coprocessor x100 family,MatrixMultiplication,TWO_D,2896,2896,2896,2048,1,1,31,330.964,42.412,0.012,-1,-1,-1
Intel Xeon Phi coprocessor x100 family,MatrixMultiplication,TWO_D,2896,2896,2896,2048,2,1,31,332.336,42.609,0.011,-1,-1,-1
Intel Xeon Phi coprocessor x100 family,MatrixMultiplication,TWO_D,2896,2896,2896,2048,4,1,31,331.288,42.37,0.012,-1,-1,-1
Intel Xeon Phi coprocessor x100 family,MatrixMultiplication,TWO_D,2896,2896,2896,4096,1,1,31,331.053,42.218,0.012,-1,-1,-1
Intel Xeon Phi coprocessor x100 family,MatrixMultiplication,TWO_D,2896,2896,2896,4096,2,1,31,331.422,42.574,0.011,-1,-1,-1
Intel Xeon Phi coprocessor x100 family,MatrixMultiplication,TWO_D,2896,2896,2896,8192,1,1,31,331.056,42.595,0.012,-1,-1,-1
Intel Xeon Phi coprocessor x100 family,MatrixMultiplication,TWO_D,2896,2896,2896,1,1,1,31,437.373,50.046,0.013,14358.1,18.749,3.504
Intel Xeon Phi coprocessor x100 family,MatrixMultiplication,TWO_D,2896,2896,2896,1,2,1,31,405.846,44.35,0.01,12755.3,15.833,3.101
Intel Xeon Phi coprocessor x100 family,MatrixMultiplication,TWO_D,2896,2896,2896,1,4,1,31,387.876,44.394,0.009,10733.5,17.561,3.081
Intel Xeon Phi coprocessor x100 family,MatrixMultiplication,TWO_D,2896,2896,2896,1,8,1,31,400.33,44.307,0.009,9929,15.953,2.759
Intel Xeon Phi coprocessor x100 family,MatrixMultiplication,TWO_D,2896,2896,2896,1,16,1,31,376.286,45.352,0.011,9069.18,16.335,2.963
Intel Xeon Phi coprocessor x100 family,MatrixMultiplication,TWO_D,2896,2896,2896,1,32,1,31,385.931,44.397,0.011,-1,-1,-1
Intel Xeon Phi coprocessor x100 family,MatrixMultiplication,TWO_D,2896,2896,2896,1,64,1,31,331.451,41.534,0.011,-1,-1,-1
Intel Xeon Phi coprocessor x100 family,MatrixMultiplication,TWO_D,2896,2896,2896,1,128,1,31,331.702,41.579,0.01,-1,-1,-1
Intel Xeon Phi coprocessor x100 family,MatrixMultiplication,TWO_D,2896,2896,2896,1,256,1,31,331.452,41.571,0.01,-1,-1,-1
Intel Xeon Phi coprocessor x100 family,MatrixMultiplication,TWO_D,2896,2896,2896,1,512,1,31,332.4,41.751,0.01,-1,-1,-1
Intel Xeon Phi coprocessor x100 family,MatrixMultiplication,TWO_D,2896,2896,2896,1,1024,1,31,331.505,41.471,0.011,-1,-1,-1
Intel Xeon Phi coprocessor x100 family,MatrixMultiplication,TWO_D,2896,2896,2896,1,2048,1,31,331.525,41.615,0.011,-1,-1,-1
Intel Xeon Phi coprocessor x100 family,MatrixMultiplication,TWO_D,2896,2896,2896,1,4096,1,31,331.643,41.55,0.01,-1,-1,-1
Intel Xeon Phi coprocessor x100 family,MatrixMultiplication,TWO_D,2896,2896,2896,1,8192,1,31,331.446,41.496,0.01,-1,-1,-1
Intel Xeon Phi coprocessor x100 family,MatrixMultiplication,TWO_D,2896,2896,2896,2,1,1,31,332.395,41.711,0.011,13985.4,18.634,3.192
Intel Xeon Phi coprocessor x100 family,MatrixMultiplication,TWO_D,2896,2896,2896,2,2,1,31,399.708,44.464,0.01,12808.5,16.732,3.233
Intel Xeon Phi coprocessor x100 family,MatrixMultiplication,TWO_D,2896,2896,2896,2,4,1,31,377.751,43.976,0.011,11480.7,15.737,2.896
Intel Xeon Phi coprocessor x100 family,MatrixMultiplication,TWO_D,2896,2896,2896,2,8,1,31,372.808,44.618,0.011,9502.45,16.358,4.551
Intel Xeon Phi coprocessor x100 family,MatrixMultiplication,TWO_D,2896,2896,2896,2,16,1,31,379.266,42.729,0.012,9311.23,18.653,3.21
Intel Xeon Phi coprocessor x100 family,MatrixMultiplication,TWO_D,2896,2896,2896,2,32,1,31,383.802,43.686,0.01,-1,-1,-1
Intel Xeon Phi coprocessor x100 family,MatrixMultiplication,TWO_D,2896,2896,2896,2,64,1,31,331.395,42.175,0.012,-1,-1,-1
Intel Xeon Phi coprocessor x100 family,MatrixMultiplication,TWO_D,2896,2896,2896,2,128,1,31,332.322,41.77,0.023,-1,-1,-1
Intel Xeon Phi coprocessor x100 family,MatrixMultiplication,TWO_D,2896,2896,2896,2,256,1,31,331.408,41.678,0.009,-1,-1,-1
Intel Xeon Phi coprocessor x100 family,MatrixMultiplication,TWO_D,2896,2896,2896,2,512,1,31,331.601,41.933,0.011,-1,-1,-1
Intel Xeon Phi coprocessor x100 family,MatrixMultiplication,TWO_D,2896,2896,2896,2,1024,1,31,331.551,41.92,0.011,-1,-1,-1
Intel Xeon Phi coprocessor x100 family,MatrixMultiplication,TWO_D,2896,2896,2896,2,2048,1,31,331.546,41.3,0.01,-1,-1,-1
Intel Xeon Phi coprocessor x100 family,MatrixMultiplication,TWO_D,2896,2896,2896,2,4096,1,31,332.321,41.521,0.011,-1,-1,-1
Intel Xeon Phi coprocessor x100 family,MatrixMultiplication,TWO_D,2896,2896,2896,4,1,1,31,331.442,41.896,0.011,15442.8,15.571,2.888
Intel Xeon Phi coprocessor x100 family,MatrixMultiplication,TWO_D,2896,2896,2896,4,2,1,31,378.092,44.162,0.01,12368.1,16.029,4.747
Intel Xeon Phi coprocessor x100 family,MatrixMultiplication,TWO_D,2896,2896,2896,4,4,1,31,367.851,41.896,0.009,10628,16.579,3.247
Intel Xeon Phi coprocessor x100 family,MatrixMultiplication,TWO_D,2896,2896,2896,4,8,1,31,383.192,44.298,0.012,10341,17.25,2.937
Intel Xeon Phi coprocessor x100 family,MatrixMultiplication,TWO_D,2896,2896,2896,4,16,1,31,381.472,43.662,0.01,9112.96,18.08,3.29
Intel Xeon Phi coprocessor x100 family,MatrixMultiplication,TWO_D,2896,2896,2896,4,32,1,31,392.442,43.994,0.01,-1,-1,-1
Intel Xeon Phi coprocessor x100 family,MatrixMultiplication,TWO_D,2896,2896,2896,4,64,1,31,331.603,42.307,0.009,-1,-1,-1
Intel Xeon Phi coprocessor x100 family,MatrixMultiplication,TWO_D,2896,2896,2896,4,128,1,31,331.681,42.608,0.01,-1,-1,-1
Intel Xeon Phi coprocessor x100 family,MatrixMultiplication,TWO_D,2896,2896,2896,4,256,1,31,339.091,42.417,0.01,-1,-1,-1
Intel Xeon Phi coprocessor x100 family,MatrixMultiplication,TWO_D,2896,2896,2896,4,512,1,31,332.141,42.179,0.01,-1,-1,-1
Intel Xeon Phi coprocessor x100 family,MatrixMultiplication,TWO_D,2896,2896,2896,4,1024,1,31,331.546,42.219,0.01,-1,-1,-1
Intel Xeon Phi coprocessor x100 family,MatrixMultiplication,TWO_D,2896,2896,2896,4,2048,1,31,331.698,42.767,0.011,-1,-1,-1
Intel Xeon Phi coprocessor x100 family,MatrixMultiplication,TWO_D,2896,2896,2896,8,1,1,31,331.648,42.296,0.01,15502.2,15.765,2.91
Intel Xeon Phi coprocessor x100 family,MatrixMultiplication,TWO_D,2896,2896,2896,8,2,1,31,377.08,44.533,0.011,12714.1,18.054,4.732
Intel Xeon Phi coprocessor x100 family,MatrixMultiplication,TWO_D,2896,2896,2896,8,4,1,31,392.331,42.566,0.011,10626.8,16.271,4.107
Intel Xeon Phi coprocessor x100 family,MatrixMultiplication,TWO_D,2896,2896,2896,8,8,1,31,377.724,42.597,0.011,9401.84,14.992,2.805
Intel Xeon Phi coprocessor x100 family,MatrixMultiplication,TWO_D,2896,2896,2896,8,16,1,31,393.975,44.235,0.01,9297.01,18.103,2.905
Intel Xeon Phi coprocessor x100 family,MatrixMultiplication,TWO_D,2896,2896,2896,8,32,1,31,393.002,44.309,0.011,-1,-1,-1
Intel Xeon Phi coprocessor x100 family,MatrixMultiplication,TWO_D,2896,2896,2896,8,64,1,31,341.814,42.618,0.01,-1,-1,-1
Intel Xeon Phi coprocessor x100 family,MatrixMultiplication,TWO_D,2896,2896,2896,8,128,1,31,339.179,42.022,0.011,-1,-1,-1
Intel Xeon Phi coprocessor x100 family,MatrixMultiplication,TWO_D,2896,2896,2896,8,256,1,31,331.391,41.904,0.011,-1,-1,-1
Intel Xeon Phi coprocessor x100 family,MatrixMultiplication,TWO_D,2896,2896,2896,8,512,1,31,331.404,41.752,0.011,-1,-1,-1
Intel Xeon Phi coprocessor x100 family,MatrixMultiplication,TWO_D,2896,2896,2896,8,1024,1,31,331.52,41.783,0.011,-1,-1,-1
Intel Xeon Phi coprocessor x100 family,MatrixMultiplication,TWO_D,2896,2896,2896,16,1,1,31,331.422,41.239,0.012,1090,15.766,2.707
Intel Xeon Phi coprocessor x100 family,MatrixMultiplication,TWO_D,2896,2896,2896,16,2,1,31,335.492,43.516,0.009,857.222,12.64,2.71
Intel Xeon Phi coprocessor x100 family,MatrixMultiplication,TWO_D,2896,2896,2896,16,4,1,31,341.717,44.389,0.01,773.764,15.812,2.696
Intel Xeon Phi coprocessor x100 family,MatrixMultiplication,TWO_D,2896,2896,2896,16,8,1,31,341.661,44.297,0.01,752.844,15.455,2.615
Intel Xeon Phi coprocessor x100 family,MatrixMultiplication,TWO_D,2896,2896,2896,16,16,1,31,338.32,43.767,0.011,669.505,17.465,2.386
Intel Xeon Phi coprocessor x100 family,MatrixMultiplication,TWO_D,2896,2896,2896,16,32,1,31,341.752,44.503,0.01,-1,-1,-1
Intel Xeon Phi coprocessor x100 family,MatrixMultiplication,TWO_D,2896,2896,2896,16,64,1,31,331.956,41.554,0.01,-1,-1,-1
Intel Xeon Phi coprocessor x100 family,MatrixMultiplication,TWO_D,2896,2896,2896,16,128,1,31,331.423,41.536,0.01,-1,-1,-1
Intel Xeon Phi coprocessor x100 family,MatrixMultiplication,TWO_D,2896,2896,2896,16,256,1,31,331.588,41.936,0.011,-1,-1,-1
Intel Xeon Phi coprocessor x100 family,MatrixMultiplication,TWO_D,2896,2896,2896,16,512,1,31,331.606,41.798,0.01,-1,-1,-1
Intel Xeon Phi coprocessor x100 family,MatrixMultiplication,TWO_D,2896,2896,2896,32,1,1,31,332.404,41.675,0.011,-1,-1,-1
Intel Xeon Phi coprocessor x100 family,MatrixMultiplication,TWO_D,2896,2896,2896,32,2,1,31,331.96,41.619,0.011,-1,-1,-1
Intel Xeon Phi coprocessor x100 family,MatrixMultiplication,TWO_D,2896,2896,2896,32,4,1,31,331.417,41.411,0.011,-1,-1,-1
Intel Xeon Phi coprocessor x100 family,MatrixMultiplication,TWO_D,2896,2896,2896,32,8,1,31,331.526,41.577,0.011,-1,-1,-1
Intel Xeon Phi coprocessor x100 family,MatrixMultiplication,TWO_D,2896,2896,2896,32,16,1,31,331.633,41.319,0.011,-1,-1,-1
Intel Xeon Phi coprocessor x100 family,MatrixMultiplication,TWO_D,2896,2896,2896,32,32,1,31,331.465,42.185,0.011,-1,-1,-1
Intel Xeon Phi coprocessor x100 family,MatrixMultiplication,TWO_D,2896,2896,2896,32,64,1,31,331.912,41.535,0.01,-1,-1,-1
Intel Xeon Phi coprocessor x100 family,MatrixMultiplication,TWO_D,2896,2896,2896,32,128,1,31,331.441,41.62,0.011,-1,-1,-1
Intel Xeon Phi coprocessor x100 family,MatrixMultiplication,TWO_D,2896,2896,2896,32,256,1,31,331.555,41.61,0.01,-1,-1,-1
Intel Xeon Phi coprocessor x100 family,MatrixMultiplication,TWO_D,2896,2896,2896,64,1,1,31,331.522,41.567,0.011,-1,-1,-1
Intel Xeon Phi coprocessor x100 family,MatrixMultiplication,TWO_D,2896,2896,2896,64,2,1,31,331.404,41.829,0.012,-1,-1,-1
Intel Xeon Phi coprocessor x100 family,MatrixMultiplication,TWO_D,2896,2896,2896,64,4,1,31,331.938,41.57,0.01,-1,-1,-1
Intel Xeon Phi coprocessor x100 family,MatrixMultiplication,TWO_D,2896,2896,2896,64,8,1,31,331.348,41.704,0.01,-1,-1,-1
Intel Xeon Phi coprocessor x100 family,MatrixMultiplication,TWO_D,2896,2896,2896,64,16,1,31,331.499,41.677,0.012,-1,-1,-1
Intel Xeon Phi coprocessor x100 family,MatrixMultiplication,TWO_D,2896,2896,2896,64,32,1,31,331.548,41.59,0.01,-1,-1,-1
Intel Xeon Phi coprocessor x100 family,MatrixMultiplication,TWO_D,2896,2896,2896,64,64,1,31,331.4,42.129,0.012,-1,-1,-1
Intel Xeon Phi coprocessor x100 family,MatrixMultiplication,TWO_D,2896,2896,2896,64,128,1,31,331.938,41.513,0.009,-1,-1,-1
Intel Xeon Phi coprocessor x100 family,MatrixMultiplication,TWO_D,2896,2896,2896,128,1,1,31,331.379,41.552,0.01,-1,-1,-1
Intel Xeon Phi coprocessor x100 family,MatrixMultiplication,TWO_D,2896,2896,2896,128,2,1,31,331.689,41.701,0.011,-1,-1,-1
Intel Xeon Phi coprocessor x100 family,MatrixMultiplication,TWO_D,2896,2896,2896,128,4,1,31,331.502,41.731,0.011,-1,-1,-1
Intel Xeon Phi coprocessor x100 family,MatrixMultiplication,TWO_D,2896,2896,2896,128,8,1,31,331.429,41.764,0.011,-1,-1,-1
Intel Xeon Phi coprocessor x100 family,MatrixMultiplication,TWO_D,2896,2896,2896,128,16,1,31,331.965,41.65,0.01,-1,-1,-1
Intel Xeon Phi coprocessor x100 family,MatrixMultiplication,TWO_D,2896,2896,2896,128,32,1,31,331.398,41.619,0.011,-1,-1,-1
Intel Xeon Phi coprocessor x100 family,MatrixMultiplication,TWO_D,2896,2896,2896,128,64,1,31,331.601,41.664,0.011,-1,-1,-1
Intel Xeon Phi coprocessor x100 family,MatrixMultiplication,TWO_D,2896,2896,2896,256,1,1,31,331.566,41.622,0.011,-1,-1,-1
Intel Xeon Phi coprocessor x100 family,MatrixMultiplication,TWO_D,2896,2896,2896,256,2,1,31,331.471,41.98,0.011,-1,-1,-1
Intel Xeon Phi coprocessor x100 family,MatrixMultiplication,TWO_D,2896,2896,2896,256,4,1,31,332.004,41.678,0.01,-1,-1,-1
Intel Xeon Phi coprocessor x100 family,MatrixMultiplication,TWO_D,2896,2896,2896,256,8,1,31,331.435,41.574,0.011,-1,-1,-1
Intel Xeon Phi coprocessor x100 family,MatrixMultiplication,TWO_D,2896,2896,2896,256,16,1,31,331.571,41.713,0.012,-1,-1,-1
Intel Xeon Phi coprocessor x100 family,MatrixMultiplication,TWO_D,2896,2896,2896,256,32,1,31,331.58,41.594,0.011,-1,-1,-1
Intel Xeon Phi coprocessor x100 family,MatrixMultiplication,TWO_D,2896,2896,2896,512,1,1,31,332.346,41.835,0.011,-1,-1,-1
Intel Xeon Phi coprocessor x100 family,MatrixMultiplication,TWO_D,2896,2896,2896,512,2,1,31,331.951,41.507,0.011,-1,-1,-1
Intel Xeon Phi coprocessor x100 family,MatrixMultiplication,TWO_D,2896,2896,2896,512,4,1,31,331.352,42.439,0.009,-1,-1,-1
Intel Xeon Phi coprocessor x100 family,MatrixMultiplication,TWO_D,2896,2896,2896,512,8,1,31,331.704,41.939,0.011,-1,-1,-1
Intel Xeon Phi coprocessor x100 family,MatrixMultiplication,TWO_D,2896,2896,2896,512,16,1,31,331.555,41.736,0.01,-1,-1,-1
Intel Xeon Phi coprocessor x100 family,MatrixMultiplication,TWO_D,2896,2896,2896,1024,1,1,31,331.489,41.611,0.012,-1,-1,-1
Intel Xeon Phi coprocessor x100 family,MatrixMultiplication,TWO_D,2896,2896,2896,1024,2,1,31,331.921,41.751,0.011,-1,-1,-1
Intel Xeon Phi coprocessor x100 family,MatrixMultiplication,TWO_D,2896,2896,2896,1024,4,1,31,331.392,41.666,0.01,-1,-1,-1
Intel Xeon Phi coprocessor x100 family,MatrixMultiplication,TWO_D,2896,2896,2896,1024,8,1,31,331.571,41.641,0.01,-1,-1,-1
Intel Xeon Phi coprocessor x100 family,MatrixMultiplication,TWO_D,2896,2896,2896,2048,1,1,31,331.514,41.854,0.01,-1,-1,-1
Intel Xeon Phi coprocessor x100 family,MatrixMultiplication,TWO_D,2896,2896,2896,2048,2,1,31,331.398,41.279,0.011,-1,-1,-1
Intel Xeon Phi coprocessor x100 family,MatrixMultiplication,TWO_D,2896,2896,2896,2048,4,1,31,331.889,41.482,0.011,-1,-1,-1
Intel Xeon Phi coprocessor x100 family,MatrixMultiplication,TWO_D,2896,2896,2896,4096,1,1,31,331.387,41.719,0.01,-1,-1,-1
Intel Xeon Phi coprocessor x100 family,MatrixMultiplication,TWO_D,2896,2896,2896,4096,2,1,31,331.554,41.551,0.009,-1,-1,-1
Intel Xeon Phi coprocessor x100 family,MatrixMultiplication,TWO_D,2896,2896,2896,8192,1,1,31,331.474,41.785,0.011,-1,-1,-1
Intel Xeon Phi coprocessor x100 family,MatrixMultiplication,TWO_D,2896,2896,2896,1,1,1,31,439.836,49.81,0.019,14339,18.167,2.559
Intel Xeon Phi coprocessor x100 family,MatrixMultiplication,TWO_D,2896,2896,2896,1,2,1,31,357.949,44.305,0.01,12601.1,18.673,3.335
Intel Xeon Phi coprocessor x100 family,MatrixMultiplication,TWO_D,2896,2896,2896,1,4,1,31,433.65,44.035,0.01,10643.5,17.53,2.71
Intel Xeon Phi coprocessor x100 family,MatrixMultiplication,TWO_D,2896,2896,2896,1,8,1,31,386.337,44.204,0.011,9869.32,15.814,4.623
Intel Xeon Phi coprocessor x100 family,MatrixMultiplication,TWO_D,2896,2896,2896,1,16,1,31,377.634,42.42,0.027,9192.87,17.214,4.406
Intel Xeon Phi coprocessor x100 family,MatrixMultiplication,TWO_D,2896,2896,2896,1,32,1,31,398.06,41.949,0.013,-1,-1,-1
Intel Xeon Phi coprocessor x100 family,MatrixMultiplication,TWO_D,2896,2896,2896,1,64,1,31,332.301,42.021,0.012,-1,-1,-1
Intel Xeon Phi coprocessor x100 family,MatrixMultiplication,TWO_D,2896,2896,2896,1,128,1,31,331.525,42.158,0.012,-1,-1,-1
Intel Xeon Phi coprocessor x100 family,MatrixMultiplication,TWO_D,2896,2896,2896,1,256,1,31,331.334,42.193,0.012,-1,-1,-1
Intel Xeon Phi coprocessor x100 family,MatrixMultiplication,TWO_D,2896,2896,2896,1,512,1,31,331.378,42.17,0.011,-1,-1,-1
Intel Xeon Phi coprocessor x100 family,MatrixMultiplication,TWO_D,2896,2896,2896,1,1024,1,31,331.492,41.809,0.012,-1,-1,-1
Intel Xeon Phi coprocessor x100 family,MatrixMultiplication,TWO_D,2896,2896,2896,1,2048,1,31,332.402,42.079,0.012,-1,-1,-1
Intel Xeon Phi coprocessor x100 family,MatrixMultiplication,TWO_D,2896,2896,2896,1,4096,1,31,331.583,41.399,0.013,-1,-1,-1
Intel Xeon Phi coprocessor x100 family,MatrixMultiplication,TWO_D,2896,2896,2896,1,8192,1,31,331.414,42.161,0.014,-1,-1,-1
Intel Xeon Phi coprocessor x100 family,MatrixMultiplication,TWO_D,2896,2896,2896,2,1,1,31,331.738,42.349,0.013,13795.1,15.443,2.941
Intel Xeon Phi coprocessor x100 family,MatrixMultiplication,TWO_D,2896,2896,2896,2,2,1,31,369.137,43.635,0.011,12577.2,16.237,2.849
Intel Xeon Phi coprocessor x100 family,MatrixMultiplication,TWO_D,2896,2896,2896,2,4,1,31,371.02,43.914,0.011,11371,18.008,2.944
Intel Xeon Phi coprocessor x100 family,MatrixMultiplication,TWO_D,2896,2896,2896,2,8,1,31,391.081,43.634,0.011,9494.07,18.168,2.525
Intel Xeon Phi coprocessor x100 family,MatrixMultiplication,TWO_D,2896,2896,2896,2,16,1,31,409.217,44.027,0.011,9117.53,17.522,2.75
Intel Xeon Phi coprocessor x100 family,MatrixMultiplication,TWO_D,2896,2896,2896,2,32,1,31,384.633,44.776,0.011,-1,-1,-1
Intel Xeon Phi coprocessor x100 family,MatrixMultiplication,TWO_D,2896,2896,2896,2,64,1,31,332.5,42.168,0.011,-1,-1,-1
Intel Xeon Phi coprocessor x100 family,MatrixMultiplication,TWO_D,2896,2896,2896,2,128,1,31,331.364,41.91,0.012,-1,-1,-1
Intel Xeon Phi coprocessor x100 family,MatrixMultiplication,TWO_D,2896,2896,2896,2,256,1,31,331.463,41.821,0.011,-1,-1,-1
Intel Xeon Phi coprocessor x100 family,MatrixMultiplication,TWO_D,2896,2896,2896,2,512,1,31,331.421,42.132,0.013,-1,-1,-1
Intel Xeon Phi coprocessor x100 family,MatrixMultiplication,TWO_D,2896,2896,2896,2,1024,1,31,331.386,42.368,0.01,-1,-1,-1
Intel Xeon Phi coprocessor x100 family,MatrixMultiplication,TWO_D,2896,2896,2896,2,2048,1,31,331.755,42.029,0.01,-1,-1,-1
Intel Xeon Phi coprocessor x100 family,MatrixMultiplication,TWO_D,2896,2896,2896,2,4096,1,31,331.469,42.099,0.013,-1,-1,-1
Intel Xeon Phi coprocessor x100 family,MatrixMultiplication,TWO_D,2896,2896,2896,4,1,1,31,331.472,41.809,0.01,15642.4,16.583,2.934
Intel Xeon Phi coprocessor x100 family,MatrixMultiplication,TWO_D,2896,2896,2896,4,2,1,31,375.326,44.47,0.011,12460.9,16.423,4.094
Intel Xeon Phi coprocessor x100 family,MatrixMultiplication,TWO_D,2896,2896,2896,4,4,1,31,375.769,41.919,0.012,10740.3,17.03,2.873
Intel Xeon Phi coprocessor x100 family,MatrixMultiplication,TWO_D,2896,2896,2896,4,8,1,31,375.491,43.856,0.011,10250.8,16.998,2.679
Intel Xeon Phi coprocessor x100 family,MatrixMultiplication,TWO_D,2896,2896,2896,4,16,1,31,381.463,44.924,0.014,9086.56,15.937,4.585
Intel Xeon Phi coprocessor x100 family,MatrixMultiplication,TWO_D,2896,2896,2896,4,32,1,31,369.113,42.832,0.012,-1,-1,-1
Intel Xeon Phi coprocessor x100 family,MatrixMultiplication,TWO_D,2896,2896,2896,4,64,1,31,331.395,41.855,0.011,-1,-1,-1
Intel Xeon Phi coprocessor x100 family,MatrixMultiplication,TWO_D,2896,2896,2896,4,128,1,31,331.926,41.897,0.012,-1,-1,-1
Intel Xeon Phi coprocessor x100 family,MatrixMultiplication,TWO_D,2896,2896,2896,4,256,1,31,331.549,41.303,0.011,-1,-1,-1
Intel Xeon Phi coprocessor x100 family,MatrixMultiplication,TWO_D,2896,2896,2896,4,512,1,31,331.598,41.643,0.011,-1,-1,-1
Intel Xeon Phi coprocessor x100 family,MatrixMultiplication,TWO_D,2896,2896,2896,4,1024,1,31,331.438,41.776,0.013,-1,-1,-1
Intel Xeon Phi coprocessor x100 family,MatrixMultiplication,TWO_D,2896,2896,2896,4,2048,1,31,331.435,41.887,0.012,-1,-1,-1
Intel Xeon Phi coprocessor x100 family,MatrixMultiplication,TWO_D,2896,2896,2896,8,1,1,31,331.856,41.837,0.013,15170.2,17.408,2.592
Intel Xeon Phi coprocessor x100 family,MatrixMultiplication,TWO_D,2896,2896,2896,8,2,1,31,397.958,44.224,0.011,12969.5,16.816,2.499
Intel Xeon Phi coprocessor x100 family,MatrixMultiplication,TWO_D,2896,2896,2896,8,4,1,31,381.635,44.858,0.013,10827,15.317,2.436
Intel Xeon Phi coprocessor x100 family,MatrixMultiplication,TWO_D,2896,2896,2896,8,8,1,31,379.882,44.573,0.01,9546.77,15.888,2.665
Intel Xeon Phi coprocessor x100 family,MatrixMultiplication,TWO_D,2896,2896,2896,8,16,1,31,375.157,43.733,0.011,9261.37,16.419,4.755
Intel Xeon Phi coprocessor x100 family,MatrixMultiplication,TWO_D,2896,2896,2896,8,32,1,31,371.977,41.868,0.013,-1,-1,-1
Intel Xeon Phi coprocessor x100 family,MatrixMultiplication,TWO_D,2896,2896,2896,8,64,1,31,331.627,41.985,0.012,-1,-1,-1
Intel Xeon Phi coprocessor x100 family,MatrixMultiplication,TWO_D,2896,2896,2896,8,128,1,31,331.643,41.737,0.012,-1,-1,-1
Intel Xeon Phi coprocessor x100 family,MatrixMultiplication,TWO_D,2896,2896,2896,8,256,1,31,331.607,42.538,0.012,-1,-1,-1
Intel Xeon Phi coprocessor x100 family,MatrixMultiplication,TWO_D,2896,2896,2896,8,512,1,31,332.6,41.988,0.012,-1,-1,-1
Intel Xeon Phi coprocessor x100 family,MatrixMultiplication,TWO_D,2896,2896,2896,8,1024,1,31,328.534,41.597,0.012,-1,-1,-1
Intel Xeon Phi coprocessor x100 family,MatrixMultiplication,TWO_D,2896,2896,2896,16,1,1,31,328.036,41.683,0.012,1090.94,14.499,2.25
Intel Xeon Phi coprocessor x100 family,MatrixMultiplication,TWO_D,2896,2896,2896,16,2,1,31,350.23,46.288,0.011,850.847,13.393,1.475
Intel Xeon Phi coprocessor x100 family,MatrixMultiplication,TWO_D,2896,2896,2896,16,4,1,31,373.977,38.828,0.01,763.225,15.372,1.815
Intel Xeon Phi coprocessor x100 family,MatrixMultiplication,TWO_D,2896,2896,2896,16,8,1,31,372.609,46.202,0.025,734.254,12.946,1.576
Intel Xeon Phi coprocessor x100 family,MatrixMultiplication,TWO_D,2896,2896,2896,16,16,1,31,370.763,42.93,0.01,676.898,15.899,1.919
Intel Xeon Phi coprocessor x100 family,MatrixMultiplication,TWO_D,2896,2896,2896,16,32,1,31,325.538,31.956,0.01,-1,-1,-1
Intel Xeon Phi coprocessor x100 family,MatrixMultiplication,TWO_D,2896,2896,2896,16,64,1,31,324.505,37.074,0.011,-1,-1,-1
Intel Xeon Phi coprocessor x100 family,MatrixMultiplication,TWO_D,2896,2896,2896,16,128,1,31,324.17,30.173,0.027,-1,-1,-1
Intel Xeon Phi coprocessor x100 family,MatrixMultiplication,TWO_D,2896,2896,2896,16,256,1,31,325.263,30.528,0.028,-1,-1,-1
Intel Xeon Phi coprocessor x100 family,MatrixMultiplication,TWO_D,2896,2896,2896,16,512,1,31,324.481,29.707,0.026,-1,-1,-1
Intel Xeon Phi coprocessor x100 family,MatrixMultiplication,TWO_D,2896,2896,2896,32,1,1,31,324.59,30.48,0.027,-1,-1,-1
Intel Xeon Phi coprocessor x100 family,MatrixMultiplication,TWO_D,2896,2896,2896,32,2,1,31,324.511,30.356,0.026,-1,-1,-1
Intel Xeon Phi coprocessor x100 family,MatrixMultiplication,TWO_D,2896,2896,2896,32,4,1,31,324.141,30.269,0.028,-1,-1,-1
Intel Xeon Phi coprocessor x100 family,MatrixMultiplication,TWO_D,2896,2896,2896,32,8,1,31,324.395,30.419,0.043,-1,-1,-1
Intel Xeon Phi coprocessor x100 family,MatrixMultiplication,TWO_D,2896,2896,2896,32,16,1,31,324.941,30.378,0.028,-1,-1,-1
Intel Xeon Phi coprocessor x100 family,MatrixMultiplication,TWO_D,2896,2896,2896,32,32,1,31,324.07,30.133,0.026,-1,-1,-1
Intel Xeon Phi coprocessor x100 family,MatrixMultiplication,TWO_D,2896,2896,2896,32,64,1,31,324.483,30.366,0.027,-1,-1,-1
Intel Xeon Phi coprocessor x100 family,MatrixMultiplication,TWO_D,2896,2896,2896,32,128,1,31,324.429,30.644,0.027,-1,-1,-1
Intel Xeon Phi coprocessor x100 family,MatrixMultiplication,TWO_D,2896,2896,2896,32,256,1,31,325.315,30.16,0.028,-1,-1,-1
Intel Xeon Phi coprocessor x100 family,MatrixMultiplication,TWO_D,2896,2896,2896,64,1,1,31,325.201,30.154,0.027,-1,-1,-1
Intel Xeon Phi coprocessor x100 family,MatrixMultiplication,TWO_D,2896,2896,2896,64,2,1,31,324.19,29.413,0.026,-1,-1,-1
Intel Xeon Phi coprocessor x100 family,MatrixMultiplication,TWO_D,2896,2896,2896,64,4,1,31,324.272,30.289,0.029,-1,-1,-1
Intel Xeon Phi coprocessor x100 family,MatrixMultiplication,TWO_D,2896,2896,2896,64,8,1,31,324.561,30.536,0.027,-1,-1,-1
Intel Xeon Phi coprocessor x100 family,MatrixMultiplication,TWO_D,2896,2896,2896,64,16,1,31,326.202,30.318,0.011,-1,-1,-1
Intel Xeon Phi coprocessor x100 family,MatrixMultiplication,TWO_D,2896,2896,2896,64,32,1,31,325.708,30.231,0.01,-1,-1,-1
Intel Xeon Phi coprocessor x100 family,MatrixMultiplication,TWO_D,2896,2896,2896,64,64,1,31,324.527,30.423,0.026,-1,-1,-1
Intel Xeon Phi coprocessor x100 family,MatrixMultiplication,TWO_D,2896,2896,2896,64,128,1,31,324.491,30.212,0.027,-1,-1,-1
Intel Xeon Phi coprocessor x100 family,MatrixMultiplication,TWO_D,2896,2896,2896,128,1,1,31,324.447,30.432,0.011,-1,-1,-1
Intel Xeon Phi coprocessor x100 family,MatrixMultiplication,TWO_D,2896,2896,2896,128,2,1,31,324.101,29.812,0.024,-1,-1,-1
Intel Xeon Phi coprocessor x100 family,MatrixMultiplication,TWO_D,2896,2896,2896,128,4,1,31,324.949,30.076,0.027,-1,-1,-1
Intel Xeon Phi coprocessor x100 family,MatrixMultiplication,TWO_D,2896,2896,2896,128,8,1,31,324.514,30.599,0.011,-1,-1,-1
Intel Xeon Phi coprocessor x100 family,MatrixMultiplication,TWO_D,2896,2896,2896,128,16,1,31,324.122,30.236,0.027,-1,-1,-1
Intel Xeon Phi coprocessor x100 family,MatrixMultiplication,TWO_D,2896,2896,2896,128,32,1,31,324.701,29.926,0.026,-1,-1,-1
Intel Xeon Phi coprocessor x100 family,MatrixMultiplication,TWO_D,2896,2896,2896,128,64,1,31,324.364,30.355,0.011,-1,-1,-1
Intel Xeon Phi coprocessor x100 family,MatrixMultiplication,TWO_D,2896,2896,2896,256,1,1,31,324.275,30.247,0.027,-1,-1,-1
Intel Xeon Phi coprocessor x100 family,MatrixMultiplication,TWO_D,2896,2896,2896,256,2,1,31,325.412,30.469,0.028,-1,-1,-1
Intel Xeon Phi coprocessor x100 family,MatrixMultiplication,TWO_D,2896,2896,2896,256,4,1,31,323.998,29.522,0.027,-1,-1,-1
Intel Xeon Phi coprocessor x100 family,MatrixMultiplication,TWO_D,2896,2896,2896,256,8,1,31,324.472,30.545,0.028,-1,-1,-1
Intel Xeon Phi coprocessor x100 family,MatrixMultiplication,TWO_D,2896,2896,2896,256,16,1,31,331.545,42.535,0.011,-1,-1,-1
Intel Xeon Phi coprocessor x100 family,MatrixMultiplication,TWO_D,2896,2896,2896,256,32,1,31,331.474,41.939,0.01,-1,-1,-1
Intel Xeon Phi coprocessor x100 family,MatrixMultiplication,TWO_D,2896,2896,2896,512,1,1,31,332.216,42.469,0.011,-1,-1,-1
Intel Xeon Phi coprocessor x100 family,MatrixMultiplication,TWO_D,2896,2896,2896,512,2,1,31,331.582,42.334,0.011,-1,-1,-1
Intel Xeon Phi coprocessor x100 family,MatrixMultiplication,TWO_D,2896,2896,2896,512,4,1,31,331.542,42.327,0.011,-1,-1,-1
Intel Xeon Phi coprocessor x100 family,MatrixMultiplication,TWO_D,2896,2896,2896,512,8,1,31,331.512,42.412,0.01,-1,-1,-1
Intel Xeon Phi coprocessor x100 family,MatrixMultiplication,TWO_D,2896,2896,2896,512,16,1,31,331.462,42.82,0.013,-1,-1,-1
Intel Xeon Phi coprocessor x100 family,MatrixMultiplication,TWO_D,2896,2896,2896,1024,1,1,31,332.205,42.9,0.012,-1,-1,-1
Intel Xeon Phi coprocessor x100 family,MatrixMultiplication,TWO_D,2896,2896,2896,1024,2,1,31,331.509,42.468,0.014,-1,-1,-1
Intel Xeon Phi coprocessor x100 family,MatrixMultiplication,TWO_D,2896,2896,2896,1024,4,1,31,331.558,42.818,0.011,-1,-1,-1
Intel Xeon Phi coprocessor x100 family,MatrixMultiplication,TWO_D,2896,2896,2896,1024,8,1,31,331.541,42.603,0.01,-1,-1,-1
Intel Xeon Phi coprocessor x100 family,MatrixMultiplication,TWO_D,2896,2896,2896,2048,1,1,31,332.376,42.572,0.011,-1,-1,-1
Intel Xeon Phi coprocessor x100 family,MatrixMultiplication,TWO_D,2896,2896,2896,2048,2,1,31,332.278,42.765,0.013,-1,-1,-1
Intel Xeon Phi coprocessor x100 family,MatrixMultiplication,TWO_D,2896,2896,2896,2048,4,1,31,331.652,42.259,0.01,-1,-1,-1
Intel Xeon Phi coprocessor x100 family,MatrixMultiplication,TWO_D,2896,2896,2896,4096,1,1,31,331.648,42.959,0.01,-1,-1,-1
Intel Xeon Phi coprocessor x100 family,MatrixMultiplication,TWO_D,2896,2896,2896,4096,2,1,31,331.581,43.119,0.012,-1,-1,-1
Intel Xeon Phi coprocessor x100 family,MatrixMultiplication,TWO_D,2896,2896,2896,8192,1,1,31,331.443,43.343,0.011,-1,-1,-1
Intel Xeon Phi coprocessor x100 family,MatrixMultiplication,TWO_D,2896,2896,2896,1,1,1,31,441.288,49.305,0.012,14289,17.814,3.27
Intel Xeon Phi coprocessor x100 family,MatrixMultiplication,TWO_D,2896,2896,2896,1,2,1,31,398.686,43.802,0.012,12627.5,17.27,3.19
Intel Xeon Phi coprocessor x100 family,MatrixMultiplication,TWO_D,2896,2896,2896,1,4,1,31,374.723,44.216,0.013,10626.7,19.056,3.117
Intel Xeon Phi coprocessor x100 family,MatrixMultiplication,TWO_D,2896,2896,2896,1,8,1,31,391.544,44.533,0.012,9930.51,15.302,2.962
Intel Xeon Phi coprocessor x100 family,MatrixMultiplication,TWO_D,2896,2896,2896,1,16,1,31,363.779,44.424,0.012,9360.04,16.715,4.94
Intel Xeon Phi coprocessor x100 family,MatrixMultiplication,TWO_D,2896,2896,2896,1,32,1,31,372.384,41.692,0.014,-1,-1,-1
Intel Xeon Phi coprocessor x100 family,MatrixMultiplication,TWO_D,2896,2896,2896,1,64,1,31,331.717,41.564,0.012,-1,-1,-1
Intel Xeon Phi coprocessor x100 family,MatrixMultiplication,TWO_D,2896,2896,2896,1,128,1,31,331.696,41.855,0.011,-1,-1,-1
Intel Xeon Phi coprocessor x100 family,MatrixMultiplication,TWO_D,2896,2896,2896,1,256,1,31,331.67,41.395,0.012,-1,-1,-1
Intel Xeon Phi coprocessor x100 family,MatrixMultiplication,TWO_D,2896,2896,2896,1,512,1,31,332.507,41.782,0.012,-1,-1,-1
Intel Xeon Phi coprocessor x100 family,MatrixMultiplication,TWO_D,2896,2896,2896,1,1024,1,31,331.652,42.165,0.01,-1,-1,-1
Intel Xeon Phi coprocessor x100 family,MatrixMultiplication,TWO_D,2896,2896,2896,1,2048,1,31,331.645,41.693,0.025,-1,-1,-1
Intel Xeon Phi coprocessor x100 family,MatrixMultiplication,TWO_D,2896,2896,2896,1,4096,1,31,331.67,41.839,0.01,-1,-1,-1
Intel Xeon Phi coprocessor x100 family,MatrixMultiplication,TWO_D,2896,2896,2896,1,8192,1,31,331.642,41.62,0.011,-1,-1,-1
Intel Xeon Phi coprocessor x100 family,MatrixMultiplication,TWO_D,2896,2896,2896,2,1,1,31,332.5,41.865,0.013,13724.8,18.59,2.975
Intel Xeon Phi coprocessor x100 family,MatrixMultiplication,TWO_D,2896,2896,2896,2,2,1,31,397.015,44.162,0.011,13367.4,18.677,4.919
Intel Xeon Phi coprocessor x100 family,MatrixMultiplication,TWO_D,2896,2896,2896,2,4,1,31,391.285,41.896,0.011,11578.4,16.517,3.296
Intel Xeon Phi coprocessor x100 family,MatrixMultiplication,TWO_D,2896,2896,2896,2,8,1,31,385.557,44.364,0.011,9510.86,16.206,3.328
Intel Xeon Phi coprocessor x100 family,MatrixMultiplication,TWO_D,2896,2896,2896,2,16,1,31,378.033,44.416,0.01,9390.51,19.322,2.993
Intel Xeon Phi coprocessor x100 family,MatrixMultiplication,TWO_D,2896,2896,2896,2,32,1,31,391.446,43.744,0.012,-1,-1,-1
Intel Xeon Phi coprocessor x100 family,MatrixMultiplication,TWO_D,2896,2896,2896,2,64,1,31,331.701,41.572,0.01,-1,-1,-1
Intel Xeon Phi coprocessor x100 family,MatrixMultiplication,TWO_D,2896,2896,2896,2,128,1,31,331.739,41.668,0.011,-1,-1,-1
Intel Xeon Phi coprocessor x100 family,MatrixMultiplication,TWO_D,2896,2896,2896,2,256,1,31,331.737,41.774,0.012,-1,-1,-1
Intel Xeon Phi coprocessor x100 family,MatrixMultiplication,TWO_D,2896,2896,2896,2,512,1,31,331.692,41.916,0.011,-1,-1,-1
Intel Xeon Phi coprocessor x100 family,MatrixMultiplication,TWO_D,2896,2896,2896,2,1024,1,31,332.455,42.038,0.012,-1,-1,-1
Intel Xeon Phi coprocessor x100 family,MatrixMultiplication,TWO_D,2896,2896,2896,2,2048,1,31,331.645,41.635,0.012,-1,-1,-1
Intel Xeon Phi coprocessor x100 family,MatrixMultiplication,TWO_D,2896,2896,2896,2,4096,1,31,331.665,41.899,0.012,-1,-1,-1
Intel Xeon Phi coprocessor x100 family,MatrixMultiplication,TWO_D,2896,2896,2896,4,1,1,31,331.722,42.059,0.012,15591,19.346,3.143
Intel Xeon Phi coprocessor x100 family,MatrixMultiplication,TWO_D,2896,2896,2896,4,2,1,31,389.587,43.593,0.011,12672,16.086,3.103
Intel Xeon Phi coprocessor x100 family,MatrixMultiplication,TWO_D,2896,2896,2896,4,4,1,31,377.446,44.596,0.01,10557.1,16.855,4.069
Intel Xeon Phi coprocessor x100 family,MatrixMultiplication,TWO_D,2896,2896,2896,4,8,1,31,370.648,44.546,0.014,10391.7,17.864,3.011
Intel Xeon Phi coprocessor x100 family,MatrixMultiplication,TWO_D,2896,2896,2896,4,16,1,31,394.75,44.477,0.012,9189.44,17.954,4.995
Intel Xeon Phi coprocessor x100 family,MatrixMultiplication,TWO_D,2896,2896,2896,4,32,1,31,382.225,42.848,0.015,-1,-1,-1
Intel Xeon Phi coprocessor x100 family,MatrixMultiplication,TWO_D,2896,2896,2896,4,64,1,31,332.221,42.042,0.012,-1,-1,-1
Intel Xeon Phi coprocessor x100 family,MatrixMultiplication,TWO_D,2896,2896,2896,4,128,1,31,331.713,42.376,0.011,-1,-1,-1
Intel Xeon Phi coprocessor x100 family,MatrixMultiplication,TWO_D,2896,2896,2896,4,256,1,31,331.706,41.522,0.01,-1,-1,-1
Intel Xeon Phi coprocessor x100 family,MatrixMultiplication,TWO_D,2896,2896,2896,4,512,1,31,331.813,41.724,0.011,-1,-1,-1
Intel Xeon Phi coprocessor x100 family,MatrixMultiplication,TWO_D,2896,2896,2896,4,1024,1,31,331.706,41.809,0.011,-1,-1,-1
Intel Xeon Phi coprocessor x100 family,MatrixMultiplication,TWO_D,2896,2896,2896,4,2048,1,31,332.161,42.223,0.012,-1,-1,-1
Intel Xeon Phi coprocessor x100 family,MatrixMultiplication,TWO_D,2896,2896,2896,8,1,1,31,331.701,41.99,0.012,15528.7,17.513,3.182
Intel Xeon Phi coprocessor x100 family,MatrixMultiplication,TWO_D,2896,2896,2896,8,2,1,31,381.221,44.447,0.011,13144.9,17.064,2.977
Intel Xeon Phi coprocessor x100 family,MatrixMultiplication,TWO_D,2896,2896,2896,8,4,1,31,387.933,44.491,0.01,10417.2,17.295,2.994
Intel Xeon Phi coprocessor x100 family,MatrixMultiplication,TWO_D,2896,2896,2896,8,8,1,31,375.094,43.553,0.012,9674,16.063,4.983
Intel Xeon Phi coprocessor x100 family,MatrixMultiplication,TWO_D,2896,2896,2896,8,16,1,31,358.103,41.837,0.011,9306.47,16.871,4.855
Intel Xeon Phi coprocessor x100 family,MatrixMultiplication,TWO_D,2896,2896,2896,8,32,1,31,373.817,42.81,0.012,-1,-1,-1
Intel Xeon Phi coprocessor x100 family,MatrixMultiplication,TWO_D,2896,2896,2896,8,64,1,31,331.748,41.797,0.012,-1,-1,-1
Intel Xeon Phi coprocessor x100 family,MatrixMultiplication,TWO_D,2896,2896,2896,8,128,1,31,332.507,41.72,0.012,-1,-1,-1
Intel Xeon Phi coprocessor x100 family,MatrixMultiplication,TWO_D,2896,2896,2896,8,256,1,31,332.486,42.269,0.011,-1,-1,-1
Intel Xeon Phi coprocessor x100 family,MatrixMultiplication,TWO_D,2896,2896,2896,8,512,1,31,331.717,41.723,0.011,-1,-1,-1
Intel Xeon Phi coprocessor x100 family,MatrixMultiplication,TWO_D,2896,2896,2896,8,1024,1,31,331.77,41.903,0.012,-1,-1,-1
Intel Xeon Phi coprocessor x100 family,MatrixMultiplication,TWO_D,2896,2896,2896,16,1,1,31,331.753,41.809,0.012,1083.43,14.608,2.505
Intel Xeon Phi coprocessor x100 family,MatrixMultiplication,TWO_D,2896,2896,2896,16,2,1,31,340.103,44.134,0.012,861.526,19.086,2.805
Intel Xeon Phi coprocessor x100 family,MatrixMultiplication,TWO_D,2896,2896,2896,16,4,1,31,419.248,44.408,0.012,774.651,18.026,2.675
Intel Xeon Phi coprocessor x100 family,MatrixMultiplication,TWO_D,2896,2896,2896,16,8,1,31,340.855,44.278,0.011,736.403,16.703,2.584
Intel Xeon Phi coprocessor x100 family,MatrixMultiplication,TWO_D,2896,2896,2896,16,16,1,31,335.575,44.183,0.011,679.197,17.618,2.785
Intel Xeon Phi coprocessor x100 family,MatrixMultiplication,TWO_D,2896,2896,2896,16,32,1,31,331.281,43.585,0.011,-1,-1,-1
Intel Xeon Phi coprocessor x100 family,MatrixMultiplication,TWO_D,2896,2896,2896,16,64,1,31,332.329,41.834,0.013,-1,-1,-1
Intel Xeon Phi coprocessor x100 family,MatrixMultiplication,TWO_D,2896,2896,2896,16,128,1,31,331.675,41.626,0.012,-1,-1,-1
Intel Xeon Phi coprocessor x100 family,MatrixMultiplication,TWO_D,2896,2896,2896,16,256,1,31,331.759,41.44,0.013,-1,-1,-1
Intel Xeon Phi coprocessor x100 family,MatrixMultiplication,TWO_D,2896,2896,2896,16,512,1,31,331.813,41.726,0.012,-1,-1,-1
Intel Xeon Phi coprocessor x100 family,MatrixMultiplication,TWO_D,2896,2896,2896,32,1,1,31,331.69,41.947,0.013,-1,-1,-1
Intel Xeon Phi coprocessor x100 family,MatrixMultiplication,TWO_D,2896,2896,2896,32,2,1,31,332.461,42.012,0.011,-1,-1,-1
Intel Xeon Phi coprocessor x100 family,MatrixMultiplication,TWO_D,2896,2896,2896,32,4,1,31,331.675,42.01,0.011,-1,-1,-1
Intel Xeon Phi coprocessor x100 family,MatrixMultiplication,TWO_D,2896,2896,2896,32,8,1,31,331.774,41.633,0.012,-1,-1,-1
Intel Xeon Phi coprocessor x100 family,MatrixMultiplication,TWO_D,2896,2896,2896,32,16,1,31,331.849,41.881,0.011,-1,-1,-1
Intel Xeon Phi coprocessor x100 family,MatrixMultiplication,TWO_D,2896,2896,2896,32,32,1,31,331.964,41.794,0.011,-1,-1,-1
Intel Xeon Phi coprocessor x100 family,MatrixMultiplication,TWO_D,2896,2896,2896,32,64,1,31,332.872,42.124,0.013,-1,-1,-1
Intel Xeon Phi coprocessor x100 family,MatrixMultiplication,TWO_D,2896,2896,2896,32,128,1,31,331.681,41.801,0.011,-1,-1,-1
Intel Xeon Phi coprocessor x100 family,MatrixMultiplication,TWO_D,2896,2896,2896,32,256,1,31,331.765,41.708,0.014,-1,-1,-1
Intel Xeon Phi coprocessor x100 family,MatrixMultiplication,TWO_D,2896,2896,2896,64,1,1,31,331.979,41.816,0.014,-1,-1,-1
Intel Xeon Phi coprocessor x100 family,MatrixMultiplication,TWO_D,2896,2896,2896,64,2,1,31,331.749,41.97,0.012,-1,-1,-1
Intel Xeon Phi coprocessor x100 family,MatrixMultiplication,TWO_D,2896,2896,2896,64,4,1,31,332.589,41.854,0.01,-1,-1,-1
Intel Xeon Phi coprocessor x100 family,MatrixMultiplication,TWO_D,2896,2896,2896,64,8,1,31,331.601,41.936,0.011,-1,-1,-1
Intel Xeon Phi coprocessor x100 family,MatrixMultiplication,TWO_D,2896,2896,2896,64,16,1,31,336.524,41.88,0.01,-1,-1,-1
Intel Xeon Phi coprocessor x100 family,MatrixMultiplication,TWO_D,2896,2896,2896,64,32,1,31,331.911,41.681,0.011,-1,-1,-1
Intel Xeon Phi coprocessor x100 family,MatrixMultiplication,TWO_D,2896,2896,2896,64,64,1,31,331.814,41.549,0.011,-1,-1,-1
Intel Xeon Phi coprocessor x100 family,MatrixMultiplication,TWO_D,2896,2896,2896,64,128,1,31,332.593,41.674,0.012,-1,-1,-1
Intel Xeon Phi coprocessor x100 family,MatrixMultiplication,TWO_D,2896,2896,2896,128,1,1,31,331.63,41.913,0.01,-1,-1,-1
Intel Xeon Phi coprocessor x100 family,MatrixMultiplication,TWO_D,2896,2896,2896,128,2,1,31,331.761,41.846,0.012,-1,-1,-1
Intel Xeon Phi coprocessor x100 family,MatrixMultiplication,TWO_D,2896,2896,2896,128,4,1,31,331.816,41.976,0.01,-1,-1,-1
Intel Xeon Phi coprocessor x100 family,MatrixMultiplication,TWO_D,2896,2896,2896,128,8,1,31,331.752,42.008,0.011,-1,-1,-1
Intel Xeon Phi coprocessor x100 family,MatrixMultiplication,TWO_D,2896,2896,2896,128,16,1,31,332.605,41.961,0.011,-1,-1,-1
Intel Xeon Phi coprocessor x100 family,MatrixMultiplication,TWO_D,2896,2896,2896,128,32,1,31,331.694,41.751,0.011,-1,-1,-1
Intel Xeon Phi coprocessor x100 family,MatrixMultiplication,TWO_D,2896,2896,2896,128,64,1,31,331.787,41.697,0.011,-1,-1,-1
Intel Xeon Phi coprocessor x100 family,MatrixMultiplication,TWO_D,2896,2896,2896,256,1,1,31,331.72,41.715,0.011,-1,-1,-1
Intel Xeon Phi coprocessor x100 family,MatrixMultiplication,TWO_D,2896,2896,2896,256,2,1,31,331.742,41.741,0.012,-1,-1,-1
Intel Xeon Phi coprocessor x100 family,MatrixMultiplication,TWO_D,2896,2896,2896,256,4,1,31,332.571,41.703,0.011,-1,-1,-1
Intel Xeon Phi coprocessor x100 family,MatrixMultiplication,TWO_D,2896,2896,2896,256,8,1,31,331.679,41.955,0.01,-1,-1,-1
Intel Xeon Phi coprocessor x100 family,MatrixMultiplication,TWO_D,2896,2896,2896,256,16,1,31,331.821,42.048,0.012,-1,-1,-1
Intel Xeon Phi coprocessor x100 family,MatrixMultiplication,TWO_D,2896,2896,2896,256,32,1,31,331.808,42.012,0.012,-1,-1,-1
Intel Xeon Phi coprocessor x100 family,MatrixMultiplication,TWO_D,2896,2896,2896,512,1,1,31,331.914,41.81,0.011,-1,-1,-1
Intel Xeon Phi coprocessor x100 family,MatrixMultiplication,TWO_D,2896,2896,2896,512,2,1,31,328.877,41.572,0.01,-1,-1,-1
Intel Xeon Phi coprocessor x100 family,MatrixMultiplication,TWO_D,2896,2896,2896,512,4,1,31,328.327,42.735,0.011,-1,-1,-1
Intel Xeon Phi coprocessor x100 family,MatrixMultiplication,TWO_D,2896,2896,2896,512,8,1,31,324.252,42.245,0.012,-1,-1,-1
Intel Xeon Phi coprocessor x100 family,MatrixMultiplication,TWO_D,2896,2896,2896,512,16,1,31,324.375,37.593,0.011,-1,-1,-1
Intel Xeon Phi coprocessor x100 family,MatrixMultiplication,TWO_D,2896,2896,2896,1024,1,1,31,324.471,42.678,0.01,-1,-1,-1
Intel Xeon Phi coprocessor x100 family,MatrixMultiplication,TWO_D,2896,2896,2896,1024,2,1,31,325.55,42.122,0.028,-1,-1,-1
Intel Xeon Phi coprocessor x100 family,MatrixMultiplication,TWO_D,2896,2896,2896,1024,4,1,31,323.885,30.55,0.011,-1,-1,-1
Intel Xeon Phi coprocessor x100 family,MatrixMultiplication,TWO_D,2896,2896,2896,1024,8,1,31,324.007,37.223,0.011,-1,-1,-1
Intel Xeon Phi coprocessor x100 family,MatrixMultiplication,TWO_D,2896,2896,2896,2048,1,1,31,324.427,30.663,0.011,-1,-1,-1
Intel Xeon Phi coprocessor x100 family,MatrixMultiplication,TWO_D,2896,2896,2896,2048,2,1,31,324.365,30.726,0.011,-1,-1,-1
Intel Xeon Phi coprocessor x100 family,MatrixMultiplication,TWO_D,2896,2896,2896,2048,4,1,31,324.567,30.898,0.011,-1,-1,-1
Intel Xeon Phi coprocessor x100 family,MatrixMultiplication,TWO_D,2896,2896,2896,4096,1,1,31,324.472,30.569,0.027,-1,-1,-1
Intel Xeon Phi coprocessor x100 family,MatrixMultiplication,TWO_D,2896,2896,2896,4096,2,1,31,324.391,30.45,0.01,-1,-1,-1
Intel Xeon Phi coprocessor x100 family,MatrixMultiplication,TWO_D,2896,2896,2896,8192,1,1,31,324.213,30.216,0.01,-1,-1,-1
Intel Xeon Phi coprocessor x100 family,MatrixMultiplication,TWO_D,2896,2896,2896,1,1,1,31,438.726,51.316,0.015,14689.4,18.369,6.414
Intel Xeon Phi coprocessor x100 family,MatrixMultiplication,TWO_D,2896,2896,2896,1,2,1,31,382.534,42.448,0.01,12650.6,18.153,3.768
Intel Xeon Phi coprocessor x100 family,MatrixMultiplication,TWO_D,2896,2896,2896,1,4,1,31,382.745,44.338,0.011,10526.8,16.027,3.582
Intel Xeon Phi coprocessor x100 family,MatrixMultiplication,TWO_D,2896,2896,2896,1,8,1,31,373.799,44.305,0.01,9697.63,17.755,3.466
Intel Xeon Phi coprocessor x100 family,MatrixMultiplication,TWO_D,2896,2896,2896,1,16,1,31,380.754,43.911,0.011,9137.24,16.63,3.404
Intel Xeon Phi coprocessor x100 family,MatrixMultiplication,TWO_D,2896,2896,2896,1,32,1,31,366.667,44.116,0.011,-1,-1,-1
Intel Xeon Phi coprocessor x100 family,MatrixMultiplication,TWO_D,2896,2896,2896,1,64,1,31,330.214,42.432,0.012,-1,-1,-1
Intel Xeon Phi coprocessor x100 family,MatrixMultiplication,TWO_D,2896,2896,2896,1,128,1,31,331.224,42.109,0.011,-1,-1,-1
Intel Xeon Phi coprocessor x100 family,MatrixMultiplication,TWO_D,2896,2896,2896,1,256,1,31,330.115,42.176,0.027,-1,-1,-1
Intel Xeon Phi coprocessor x100 family,MatrixMultiplication,TWO_D,2896,2896,2896,1,512,1,31,330.321,42.245,0.011,-1,-1,-1
Intel Xeon Phi coprocessor x100 family,MatrixMultiplication,TWO_D,2896,2896,2896,1,1024,1,31,330.215,42.134,0.011,-1,-1,-1
Intel Xeon Phi coprocessor x100 family,MatrixMultiplication,TWO_D,2896,2896,2896,1,2048,1,31,330.312,42.226,0.012,-1,-1,-1
Intel Xeon Phi coprocessor x100 family,MatrixMultiplication,TWO_D,2896,2896,2896,1,4096,1,31,331.219,42.131,0.012,-1,-1,-1
Intel Xeon Phi coprocessor x100 family,MatrixMultiplication,TWO_D,2896,2896,2896,1,8192,1,31,330.216,42.259,0.011,-1,-1,-1
Intel Xeon Phi coprocessor x100 family,MatrixMultiplication,TWO_D,2896,2896,2896,2,1,1,31,330.351,42.187,0.01,14104.7,15.906,3.148
Intel Xeon Phi coprocessor x100 family,MatrixMultiplication,TWO_D,2896,2896,2896,2,2,1,31,361.94,43.762,0.011,12793.9,16.325,3.027
Intel Xeon Phi coprocessor x100 family,MatrixMultiplication,TWO_D,2896,2896,2896,2,4,1,31,367.007,43.888,0.011,11502.6,15.456,3.299
Intel Xeon Phi coprocessor x100 family,MatrixMultiplication,TWO_D,2896,2896,2896,2,8,1,31,355.64,43.871,0.011,9548.54,16.598,4.929
Intel Xeon Phi coprocessor x100 family,MatrixMultiplication,TWO_D,2896,2896,2896,2,16,1,31,364.741,42.235,0.01,9439.92,17.065,3.666
Intel Xeon Phi coprocessor x100 family,MatrixMultiplication,TWO_D,2896,2896,2896,2,32,1,31,374.655,44.098,0.011,-1,-1,-1
Intel Xeon Phi coprocessor x100 family,MatrixMultiplication,TWO_D,2896,2896,2896,2,64,1,31,330.695,41.9,0.011,-1,-1,-1
Intel Xeon Phi coprocessor x100 family,MatrixMultiplication,TWO_D,2896,2896,2896,2,128,1,31,330.215,41.941,0.011,-1,-1,-1
Intel Xeon Phi coprocessor x100 family,MatrixMultiplication,TWO_D,2896,2896,2896,2,256,1,31,330.878,42.065,0.012,-1,-1,-1
Intel Xeon Phi coprocessor x100 family,MatrixMultiplication,TWO_D,2896,2896,2896,2,512,1,31,330.964,42.255,0.011,-1,-1,-1
Intel Xeon Phi coprocessor x100 family,MatrixMultiplication,TWO_D,2896,2896,2896,2,1024,1,31,330.185,42.066,0.012,-1,-1,-1
Intel Xeon Phi coprocessor x100 family,MatrixMultiplication,TWO_D,2896,2896,2896,2,2048,1,31,330.345,42.137,0.011,-1,-1,-1
Intel Xeon Phi coprocessor x100 family,MatrixMultiplication,TWO_D,2896,2896,2896,2,4096,1,31,330.253,42.305,0.01,-1,-1,-1
Intel Xeon Phi coprocessor x100 family,MatrixMultiplication,TWO_D,2896,2896,2896,4,1,1,31,330.234,42.186,0.01,15678.7,18.147,3.056
Intel Xeon Phi coprocessor x100 family,MatrixMultiplication,TWO_D,2896,2896,2896,4,2,1,31,377.078,44.227,0.011,12503.2,16.277,2.799
Intel Xeon Phi coprocessor x100 family,MatrixMultiplication,TWO_D,2896,2896,2896,4,4,1,31,357.515,43.899,0.01,10772.3,18.739,2.846
Intel Xeon Phi coprocessor x100 family,MatrixMultiplication,TWO_D,2896,2896,2896,4,8,1,31,384.129,43.926,0.01,10686.4,16.646,5.481
Intel Xeon Phi coprocessor x100 family,MatrixMultiplication,TWO_D,2896,2896,2896,4,16,1,31,363.654,41.975,0.01,8812.67,16.418,3.358
Intel Xeon Phi coprocessor x100 family,MatrixMultiplication,TWO_D,2896,2896,2896,4,32,1,31,369.894,44.14,0.01,-1,-1,-1
Intel Xeon Phi coprocessor x100 family,MatrixMultiplication,TWO_D,2896,2896,2896,4,64,1,31,330.136,41.878,0.014,-1,-1,-1
Intel Xeon Phi coprocessor x100 family,MatrixMultiplication,TWO_D,2896,2896,2896,4,128,1,31,330.517,42.092,0.011,-1,-1,-1
Intel Xeon Phi coprocessor x100 family,MatrixMultiplication,TWO_D,2896,2896,2896,4,256,1,31,335.311,41.837,0.011,-1,-1,-1
Intel Xeon Phi coprocessor x100 family,MatrixMultiplication,TWO_D,2896,2896,2896,4,512,1,31,330.679,42.086,0.011,-1,-1,-1
Intel Xeon Phi coprocessor x100 family,MatrixMultiplication,TWO_D,2896,2896,2896,4,1024,1,31,329.869,42.155,0.011,-1,-1,-1
Intel Xeon Phi coprocessor x100 family,MatrixMultiplication,TWO_D,2896,2896,2896,4,2048,1,31,329.979,41.684,0.01,-1,-1,-1
Intel Xeon Phi coprocessor x100 family,MatrixMultiplication,TWO_D,2896,2896,2896,8,1,1,31,330.049,42.04,0.011,15378.1,15.561,2.976
Intel Xeon Phi coprocessor x100 family,MatrixMultiplication,TWO_D,2896,2896,2896,8,2,1,31,355.821,43.951,0.011,12982.5,15.258,2.736
Intel Xeon Phi coprocessor x100 family,MatrixMultiplication,TWO_D,2896,2896,2896,8,4,1,31,354.813,44.055,0.011,10604,18.437,3.093
Intel Xeon Phi coprocessor x100 family,MatrixMultiplication,TWO_D,2896,2896,2896,8,8,1,31,359.713,43.959,0.01,9567.47,17.37,3.433
Intel Xeon Phi coprocessor x100 family,MatrixMultiplication,TWO_D,2896,2896,2896,8,16,1,31,377.637,44.003,0.013,9399,17.052,3.214
Intel Xeon Phi coprocessor x100 family,MatrixMultiplication,TWO_D,2896,2896,2896,8,32,1,31,366.761,43.957,0.011,-1,-1,-1
Intel Xeon Phi coprocessor x100 family,MatrixMultiplication,TWO_D,2896,2896,2896,8,64,1,31,330.162,42.014,0.01,-1,-1,-1
Intel Xeon Phi coprocessor x100 family,MatrixMultiplication,TWO_D,2896,2896,2896,8,128,1,31,331.061,42.045,0.01,-1,-1,-1
Intel Xeon Phi coprocessor x100 family,MatrixMultiplication,TWO_D,2896,2896,2896,8,256,1,31,330.195,42.37,0.012,-1,-1,-1
Intel Xeon Phi coprocessor x100 family,MatrixMultiplication,TWO_D,2896,2896,2896,8,512,1,31,330.152,42.268,0.012,-1,-1,-1
Intel Xeon Phi coprocessor x100 family,MatrixMultiplication,TWO_D,2896,2896,2896,8,1024,1,31,330.265,42.036,0.011,-1,-1,-1
Intel Xeon Phi coprocessor x100 family,MatrixMultiplication,TWO_D,2896,2896,2896,16,1,1,31,330.149,42.424,0.01,1081.79,16.241,3.375
Intel Xeon Phi coprocessor x100 family,MatrixMultiplication,TWO_D,2896,2896,2896,16,2,1,31,334.146,43.9,0.011,853.34,15.812,3.022
Intel Xeon Phi coprocessor x100 family,MatrixMultiplication,TWO_D,2896,2896,2896,16,4,1,31,333.324,44.223,0.013,769.77,17.473,6.512
Intel Xeon Phi coprocessor x100 family,MatrixMultiplication,TWO_D,2896,2896,2896,16,8,1,31,333.518,44.107,0.01,761.589,16.051,2.811
Intel Xeon Phi coprocessor x100 family,MatrixMultiplication,TWO_D,2896,2896,2896,16,16,1,31,333.557,44.034,0.011,667.488,14.328,3.173
Intel Xeon Phi coprocessor x100 family,MatrixMultiplication,TWO_D,2896,2896,2896,16,32,1,31,332.436,43.762,0.011,-1,-1,-1
Intel Xeon Phi coprocessor x100 family,MatrixMultiplication,TWO_D,2896,2896,2896,16,64,1,31,331.579,41.951,0.01,-1,-1,-1
Intel Xeon Phi coprocessor x100 family,MatrixMultiplication,TWO_D,2896,2896,2896,16,128,1,31,330.624,42.177,0.011,-1,-1,-1
Intel Xeon Phi coprocessor x100 family,MatrixMultiplication,TWO_D,2896,2896,2896,16,256,1,31,330.603,42.38,0.012,-1,-1,-1
Intel Xeon Phi coprocessor x100 family,MatrixMultiplication,TWO_D,2896,2896,2896,16,512,1,31,330.304,42.253,0.012,-1,-1,-1
Intel Xeon Phi coprocessor x100 family,MatrixMultiplication,TWO_D,2896,2896,2896,32,1,1,31,330.397,42.319,0.012,-1,-1,-1
Intel Xeon Phi coprocessor x100 family,MatrixMultiplication,TWO_D,2896,2896,2896,32,2,1,31,331.286,41.898,0.012,-1,-1,-1
Intel Xeon Phi coprocessor x100 family,MatrixMultiplication,TWO_D,2896,2896,2896,32,4,1,31,330.346,42.253,0.013,-1,-1,-1
Intel Xeon Phi coprocessor x100 family,MatrixMultiplication,TWO_D,2896,2896,2896,32,8,1,31,330.434,42.406,0.012,-1,-1,-1
Intel Xeon Phi coprocessor x100 family,MatrixMultiplication,TWO_D,2896,2896,2896,32,16,1,31,330.449,42.224,0.011,-1,-1,-1
Intel Xeon Phi coprocessor x100 family,MatrixMultiplication,TWO_D,2896,2896,2896,32,32,1,31,330.399,42.194,0.011,-1,-1,-1
Intel Xeon Phi coprocessor x100 family,MatrixMultiplication,TWO_D,2896,2896,2896,32,64,1,31,331.324,41.933,0.012,-1,-1,-1
Intel Xeon Phi coprocessor x100 family,MatrixMultiplication,TWO_D,2896,2896,2896,32,128,1,31,330.386,42.241,0.012,-1,-1,-1
Intel Xeon Phi coprocessor x100 family,MatrixMultiplication,TWO_D,2896,2896,2896,32,256,1,31,330.49,42.172,0.013,-1,-1,-1
Intel Xeon Phi coprocessor x100 family,MatrixMultiplication,TWO_D,2896,2896,2896,64,1,1,31,330.406,42.215,0.013,-1,-1,-1
Intel Xeon Phi coprocessor x100 family,MatrixMultiplication,TWO_D,2896,2896,2896,64,2,1,31,330.435,42.244,0.012,-1,-1,-1
Intel Xeon Phi coprocessor x100 family,MatrixMultiplication,TWO_D,2896,2896,2896,64,4,1,31,331.353,41.897,0.01,-1,-1,-1
Intel Xeon Phi coprocessor x100 family,MatrixMultiplication,TWO_D,2896,2896,2896,64,8,1,31,330.364,42.135,0.012,-1,-1,-1
Intel Xeon Phi coprocessor x100 family,MatrixMultiplication,TWO_D,2896,2896,2896,64,16,1,31,330.477,42.321,0.012,-1,-1,-1
Intel Xeon Phi coprocessor x100 family,MatrixMultiplication,TWO_D,2896,2896,2896,64,32,1,31,330.514,42.227,0.013,-1,-1,-1
Intel Xeon Phi coprocessor x100 family,MatrixMultiplication,TWO_D,2896,2896,2896,64,64,1,31,330.46,41.852,0.01,-1,-1,-1
Intel Xeon Phi coprocessor x100 family,MatrixMultiplication,TWO_D,2896,2896,2896,64,128,1,31,331.311,42.031,0.011,-1,-1,-1
Intel Xeon Phi coprocessor x100 family,MatrixMultiplication,TWO_D,2896,2896,2896,128,1,1,31,330.349,41.741,0.01,-1,-1,-1
Intel Xeon Phi coprocessor x100 family,MatrixMultiplication,TWO_D,2896,2896,2896,128,2,1,31,330.586,42.218,0.01,-1,-1,-1
Intel Xeon Phi coprocessor x100 family,MatrixMultiplication,TWO_D,2896,2896,2896,128,4,1,31,330.461,42.169,0.012,-1,-1,-1
Intel Xeon Phi coprocessor x100 family,MatrixMultiplication,TWO_D,2896,2896,2896,128,8,1,31,331.327,41.997,0.011,-1,-1,-1
Intel Xeon Phi coprocessor x100 family,MatrixMultiplication,TWO_D,2896,2896,2896,128,16,1,31,331.221,42.138,0.01,-1,-1,-1
Intel Xeon Phi coprocessor x100 family,MatrixMultiplication,TWO_D,2896,2896,2896,128,32,1,31,330.413,41.995,0.011,-1,-1,-1
Intel Xeon Phi coprocessor x100 family,MatrixMultiplication,TWO_D,2896,2896,2896,128,64,1,31,330.563,42.351,0.012,-1,-1,-1
Intel Xeon Phi coprocessor x100 family,MatrixMultiplication,TWO_D,2896,2896,2896,256,1,1,31,330.476,42.38,0.012,-1,-1,-1
Intel Xeon Phi coprocessor x100 family,MatrixMultiplication,TWO_D,2896,2896,2896,256,2,1,31,330.421,42.152,0.011,-1,-1,-1
Intel Xeon Phi coprocessor x100 family,MatrixMultiplication,TWO_D,2896,2896,2896,256,4,1,31,331.414,41.914,0.011,-1,-1,-1
Intel Xeon Phi coprocessor x100 family,MatrixMultiplication,TWO_D,2896,2896,2896,256,8,1,31,330.353,41.901,0.01,-1,-1,-1
Intel Xeon Phi coprocessor x100 family,MatrixMultiplication,TWO_D,2896,2896,2896,256,16,1,31,330.492,42.278,0.011,-1,-1,-1
Intel Xeon Phi coprocessor x100 family,MatrixMultiplication,TWO_D,2896,2896,2896,256,32,1,31,330.387,42.498,0.012,-1,-1,-1
Intel Xeon Phi coprocessor x100 family,MatrixMultiplication,TWO_D,2896,2896,2896,512,1,1,31,330.435,42.289,0.013,-1,-1,-1
Intel Xeon Phi coprocessor x100 family,MatrixMultiplication,TWO_D,2896,2896,2896,512,2,1,31,331.368,41.891,0.01,-1,-1,-1
Intel Xeon Phi coprocessor x100 family,MatrixMultiplication,TWO_D,2896,2896,2896,512,4,1,31,330.383,42.556,0.011,-1,-1,-1
Intel Xeon Phi coprocessor x100 family,MatrixMultiplication,TWO_D,2896,2896,2896,512,8,1,31,330.487,42.736,0.027,-1,-1,-1
Intel Xeon Phi coprocessor x100 family,MatrixMultiplication,TWO_D,2896,2896,2896,512,16,1,31,330.456,42.188,0.01,-1,-1,-1
Intel Xeon Phi coprocessor x100 family,MatrixMultiplication,TWO_D,2896,2896,2896,1024,1,1,31,330.421,42.334,0.011,-1,-1,-1
Intel Xeon Phi coprocessor x100 family,MatrixMultiplication,TWO_D,2896,2896,2896,1024,2,1,31,331.34,42.669,0.013,-1,-1,-1
Intel Xeon Phi coprocessor x100 family,MatrixMultiplication,TWO_D,2896,2896,2896,1024,4,1,31,330.327,42.538,0.011,-1,-1,-1
Intel Xeon Phi coprocessor x100 family,MatrixMultiplication,TWO_D,2896,2896,2896,1024,8,1,31,330.498,42.47,0.012,-1,-1,-1
Intel Xeon Phi coprocessor x100 family,MatrixMultiplication,TWO_D,2896,2896,2896,2048,1,1,31,330.382,42.754,0.011,-1,-1,-1
Intel Xeon Phi coprocessor x100 family,MatrixMultiplication,TWO_D,2896,2896,2896,2048,2,1,31,330.439,42.29,0.011,-1,-1,-1
Intel Xeon Phi coprocessor x100 family,MatrixMultiplication,TWO_D,2896,2896,2896,2048,4,1,31,331.324,42.583,0.012,-1,-1,-1
Intel Xeon Phi coprocessor x100 family,MatrixMultiplication,TWO_D,2896,2896,2896,4096,1,1,31,330.456,42.504,0.009,-1,-1,-1
Intel Xeon Phi coprocessor x100 family,MatrixMultiplication,TWO_D,2896,2896,2896,4096,2,1,31,330.506,42.289,0.01,-1,-1,-1
Intel Xeon Phi coprocessor x100 family,MatrixMultiplication,TWO_D,2896,2896,2896,8192,1,1,31,330.484,42.404,0.013,-1,-1,-1
