device/C,kernel/C,workDimension/C,width/F,height/F,xLocal/I,yLocal/I,zLocal/I,MB/F,init/F,memoryCopyOut/F,plan/F,execute/F,memoryCopyIn/F,cleanUp/F
Intel Xeon Phi coprocessor x100 family,MatrixTranspose,TWO_D,2896,2896,1,1,1,31,219.385,8.293,0.01,47.73,33.092,2.019
Intel Xeon Phi coprocessor x100 family,MatrixTranspose,TWO_D,2896,2896,1,2,1,31,219.188,10.254,0.01,34.755,34.15,1.994
Intel Xeon Phi coprocessor x100 family,MatrixTranspose,TWO_D,2896,2896,1,4,1,31,224.426,10.497,0.01,29.95,21.694,3.026
Intel Xeon Phi coprocessor x100 family,MatrixTranspose,TWO_D,2896,2896,1,8,1,31,221.858,12.505,0.009,26.807,19.892,2.178
Intel Xeon Phi coprocessor x100 family,MatrixTranspose,TWO_D,2896,2896,1,16,1,31,218.922,10.432,0.011,24.983,12.387,1.971
Intel Xeon Phi coprocessor x100 family,MatrixTranspose,TWO_D,2896,2896,1,32,1,31,226.318,12.237,0.009,-1,-1,-1
Intel Xeon Phi coprocessor x100 family,MatrixTranspose,TWO_D,2896,2896,1,64,1,31,182.948,9.458,0.007,-1,-1,-1
Intel Xeon Phi coprocessor x100 family,MatrixTranspose,TWO_D,2896,2896,1,128,1,31,169.752,10.054,0.007,-1,-1,-1
Intel Xeon Phi coprocessor x100 family,MatrixTranspose,TWO_D,2896,2896,1,256,1,31,170.228,9.173,0.007,-1,-1,-1
Intel Xeon Phi coprocessor x100 family,MatrixTranspose,TWO_D,2896,2896,1,512,1,31,169.648,9.744,0.008,-1,-1,-1
Intel Xeon Phi coprocessor x100 family,MatrixTranspose,TWO_D,2896,2896,1,1024,1,31,169.795,9.964,0.008,-1,-1,-1
Intel Xeon Phi coprocessor x100 family,MatrixTranspose,TWO_D,2896,2896,1,2048,1,31,171.418,10.904,0.008,-1,-1,-1
Intel Xeon Phi coprocessor x100 family,MatrixTranspose,TWO_D,2896,2896,1,4096,1,31,173.73,10.006,0.009,-1,-1,-1
Intel Xeon Phi coprocessor x100 family,MatrixTranspose,TWO_D,2896,2896,1,8192,1,31,171.185,10.581,0.007,-1,-1,-1
Intel Xeon Phi coprocessor x100 family,MatrixTranspose,TWO_D,2896,2896,2,1,1,31,169.97,10.212,0.007,33.549,5.059,2.356
Intel Xeon Phi coprocessor x100 family,MatrixTranspose,TWO_D,2896,2896,2,2,1,31,219.299,10.495,0.01,28.748,5.038,1.646
Intel Xeon Phi coprocessor x100 family,MatrixTranspose,TWO_D,2896,2896,2,4,1,31,215.822,9.16,0.008,23.544,5.07,1.581
Intel Xeon Phi coprocessor x100 family,MatrixTranspose,TWO_D,2896,2896,2,8,1,31,167.863,9.272,0.008,21.968,4.94,1.507
Intel Xeon Phi coprocessor x100 family,MatrixTranspose,TWO_D,2896,2896,2,16,1,31,164.208,8.961,0.008,21.736,5.138,2.009
Intel Xeon Phi coprocessor x100 family,MatrixTranspose,TWO_D,2896,2896,2,32,1,31,169.218,9.639,0.008,-1,-1,-1
Intel Xeon Phi coprocessor x100 family,MatrixTranspose,TWO_D,2896,2896,2,64,1,31,162.299,7.174,0.009,-1,-1,-1
Intel Xeon Phi coprocessor x100 family,MatrixTranspose,TWO_D,2896,2896,2,128,1,31,162.782,7.262,0.009,-1,-1,-1
Intel Xeon Phi coprocessor x100 family,MatrixTranspose,TWO_D,2896,2896,2,256,1,31,162.974,7.222,0.009,-1,-1,-1
Intel Xeon Phi coprocessor x100 family,MatrixTranspose,TWO_D,2896,2896,2,512,1,31,162.29,7.417,0.009,-1,-1,-1
Intel Xeon Phi coprocessor x100 family,MatrixTranspose,TWO_D,2896,2896,2,1024,1,31,162.219,7.273,0.01,-1,-1,-1
Intel Xeon Phi coprocessor x100 family,MatrixTranspose,TWO_D,2896,2896,2,2048,1,31,162.657,7.204,0.008,-1,-1,-1
Intel Xeon Phi coprocessor x100 family,MatrixTranspose,TWO_D,2896,2896,2,4096,1,31,162.453,7.189,0.008,-1,-1,-1
Intel Xeon Phi coprocessor x100 family,MatrixTranspose,TWO_D,2896,2896,4,1,1,31,162.366,7.276,0.008,26.047,5.047,1.962
Intel Xeon Phi coprocessor x100 family,MatrixTranspose,TWO_D,2896,2896,4,2,1,31,171.664,9.619,0.008,22.856,5.032,1.618
Intel Xeon Phi coprocessor x100 family,MatrixTranspose,TWO_D,2896,2896,4,4,1,31,171.032,9.71,0.009,21.693,5.055,1.819
Intel Xeon Phi coprocessor x100 family,MatrixTranspose,TWO_D,2896,2896,4,8,1,31,171.637,9.362,0.009,20.491,4.939,1.998
Intel Xeon Phi coprocessor x100 family,MatrixTranspose,TWO_D,2896,2896,4,16,1,31,166.311,9.233,0.009,20.576,5.049,1.43
Intel Xeon Phi coprocessor x100 family,MatrixTranspose,TWO_D,2896,2896,4,32,1,31,165.022,9.274,0.009,-1,-1,-1
Intel Xeon Phi coprocessor x100 family,MatrixTranspose,TWO_D,2896,2896,4,64,1,31,162.156,7.178,0.007,-1,-1,-1
Intel Xeon Phi coprocessor x100 family,MatrixTranspose,TWO_D,2896,2896,4,128,1,31,162.459,6.967,0.009,-1,-1,-1
Intel Xeon Phi coprocessor x100 family,MatrixTranspose,TWO_D,2896,2896,4,256,1,31,162.687,7.22,0.009,-1,-1,-1
Intel Xeon Phi coprocessor x100 family,MatrixTranspose,TWO_D,2896,2896,4,512,1,31,162.594,7.177,0.008,-1,-1,-1
Intel Xeon Phi coprocessor x100 family,MatrixTranspose,TWO_D,2896,2896,4,1024,1,31,162.606,7.162,0.008,-1,-1,-1
Intel Xeon Phi coprocessor x100 family,MatrixTranspose,TWO_D,2896,2896,4,2048,1,31,162.478,7.257,0.008,-1,-1,-1
Intel Xeon Phi coprocessor x100 family,MatrixTranspose,TWO_D,2896,2896,8,1,1,31,162.291,7.271,0.008,22.977,5.06,1.512
Intel Xeon Phi coprocessor x100 family,MatrixTranspose,TWO_D,2896,2896,8,2,1,31,167.108,9.024,0.01,21.487,12.521,1.655
Intel Xeon Phi coprocessor x100 family,MatrixTranspose,TWO_D,2896,2896,8,4,1,31,169.201,8.705,0.008,20.39,13.016,1.452
Intel Xeon Phi coprocessor x100 family,MatrixTranspose,TWO_D,2896,2896,8,8,1,31,171.144,9.098,0.009,20.194,20.066,1.492
Intel Xeon Phi coprocessor x100 family,MatrixTranspose,TWO_D,2896,2896,8,16,1,31,162.581,8.983,0.008,19.97,13.934,2.034
Intel Xeon Phi coprocessor x100 family,MatrixTranspose,TWO_D,2896,2896,8,32,1,31,205.735,10.451,0.006,-1,-1,-1
Intel Xeon Phi coprocessor x100 family,MatrixTranspose,TWO_D,2896,2896,8,64,1,31,167.506,8.222,0.006,-1,-1,-1
Intel Xeon Phi coprocessor x100 family,MatrixTranspose,TWO_D,2896,2896,8,128,1,31,167.667,8.266,0.008,-1,-1,-1
Intel Xeon Phi coprocessor x100 family,MatrixTranspose,TWO_D,2896,2896,8,256,1,31,168.262,8.27,0.006,-1,-1,-1
Intel Xeon Phi coprocessor x100 family,MatrixTranspose,TWO_D,2896,2896,8,512,1,31,168.013,8.409,0.007,-1,-1,-1
Intel Xeon Phi coprocessor x100 family,MatrixTranspose,TWO_D,2896,2896,8,1024,1,31,167.049,8.18,0.006,-1,-1,-1
Intel Xeon Phi coprocessor x100 family,MatrixTranspose,TWO_D,2896,2896,16,1,1,31,170.492,9.14,0.008,20.801,4.954,2.25
Intel Xeon Phi coprocessor x100 family,MatrixTranspose,TWO_D,2896,2896,16,2,1,31,223.178,11.208,0.01,21.073,5.067,1.552
Intel Xeon Phi coprocessor x100 family,MatrixTranspose,TWO_D,2896,2896,16,4,1,31,215.559,10.537,0.01,33.337,5.101,1.517
Intel Xeon Phi coprocessor x100 family,MatrixTranspose,TWO_D,2896,2896,16,8,1,31,214.53,9.235,0.009,19.064,4.934,1.494
Intel Xeon Phi coprocessor x100 family,MatrixTranspose,TWO_D,2896,2896,16,16,1,31,167.426,9.061,0.009,35.161,5.049,2.149
Intel Xeon Phi coprocessor x100 family,MatrixTranspose,TWO_D,2896,2896,16,32,1,31,167.978,9.275,0.007,-1,-1,-1
Intel Xeon Phi coprocessor x100 family,MatrixTranspose,TWO_D,2896,2896,16,64,1,31,162.278,7.267,0.008,-1,-1,-1
Intel Xeon Phi coprocessor x100 family,MatrixTranspose,TWO_D,2896,2896,16,128,1,31,162.511,7.219,0.009,-1,-1,-1
Intel Xeon Phi coprocessor x100 family,MatrixTranspose,TWO_D,2896,2896,16,256,1,31,162.544,6.998,0.009,-1,-1,-1
Intel Xeon Phi coprocessor x100 family,MatrixTranspose,TWO_D,2896,2896,16,512,1,31,162.857,7.331,0.008,-1,-1,-1
Intel Xeon Phi coprocessor x100 family,MatrixTranspose,TWO_D,2896,2896,32,1,1,31,162.566,7.329,0.008,-1,-1,-1
Intel Xeon Phi coprocessor x100 family,MatrixTranspose,TWO_D,2896,2896,32,2,1,31,162.912,7.336,0.008,-1,-1,-1
Intel Xeon Phi coprocessor x100 family,MatrixTranspose,TWO_D,2896,2896,32,4,1,31,162.302,7.305,0.008,-1,-1,-1
Intel Xeon Phi coprocessor x100 family,MatrixTranspose,TWO_D,2896,2896,32,8,1,31,162.462,7.248,0.009,-1,-1,-1
Intel Xeon Phi coprocessor x100 family,MatrixTranspose,TWO_D,2896,2896,32,16,1,31,162.573,7.283,0.009,-1,-1,-1
Intel Xeon Phi coprocessor x100 family,MatrixTranspose,TWO_D,2896,2896,32,32,1,31,162.326,7.325,0.008,-1,-1,-1
Intel Xeon Phi coprocessor x100 family,MatrixTranspose,TWO_D,2896,2896,32,64,1,31,162.403,7.341,0.008,-1,-1,-1
Intel Xeon Phi coprocessor x100 family,MatrixTranspose,TWO_D,2896,2896,32,128,1,31,162.671,7.305,0.008,-1,-1,-1
Intel Xeon Phi coprocessor x100 family,MatrixTranspose,TWO_D,2896,2896,32,256,1,31,162.669,7.311,0.008,-1,-1,-1
Intel Xeon Phi coprocessor x100 family,MatrixTranspose,TWO_D,2896,2896,64,1,1,31,162.415,7.146,0.008,-1,-1,-1
Intel Xeon Phi coprocessor x100 family,MatrixTranspose,TWO_D,2896,2896,64,2,1,31,162.422,7.324,0.008,-1,-1,-1
Intel Xeon Phi coprocessor x100 family,MatrixTranspose,TWO_D,2896,2896,64,4,1,31,163.429,7.696,0.008,-1,-1,-1
Intel Xeon Phi coprocessor x100 family,MatrixTranspose,TWO_D,2896,2896,64,8,1,31,162.219,7.312,0.008,-1,-1,-1
Intel Xeon Phi coprocessor x100 family,MatrixTranspose,TWO_D,2896,2896,64,16,1,31,162.404,7.326,0.009,-1,-1,-1
Intel Xeon Phi coprocessor x100 family,MatrixTranspose,TWO_D,2896,2896,64,32,1,31,162.679,7.33,0.007,-1,-1,-1
Intel Xeon Phi coprocessor x100 family,MatrixTranspose,TWO_D,2896,2896,64,64,1,31,162.494,7.319,0.007,-1,-1,-1
Intel Xeon Phi coprocessor x100 family,MatrixTranspose,TWO_D,2896,2896,64,128,1,31,162.493,7.318,0.008,-1,-1,-1
Intel Xeon Phi coprocessor x100 family,MatrixTranspose,TWO_D,2896,2896,128,1,1,31,162.381,7.351,0.008,-1,-1,-1
Intel Xeon Phi coprocessor x100 family,MatrixTranspose,TWO_D,2896,2896,128,2,1,31,162.32,7.346,0.008,-1,-1,-1
Intel Xeon Phi coprocessor x100 family,MatrixTranspose,TWO_D,2896,2896,128,4,1,31,162.6,7.071,0.008,-1,-1,-1
Intel Xeon Phi coprocessor x100 family,MatrixTranspose,TWO_D,2896,2896,128,8,1,31,162.886,7.098,0.009,-1,-1,-1
Intel Xeon Phi coprocessor x100 family,MatrixTranspose,TWO_D,2896,2896,128,16,1,31,162.328,7.062,0.008,-1,-1,-1
Intel Xeon Phi coprocessor x100 family,MatrixTranspose,TWO_D,2896,2896,128,32,1,31,163.517,7.312,0.008,-1,-1,-1
Intel Xeon Phi coprocessor x100 family,MatrixTranspose,TWO_D,2896,2896,128,64,1,31,162.527,7.321,0.008,-1,-1,-1
Intel Xeon Phi coprocessor x100 family,MatrixTranspose,TWO_D,2896,2896,256,1,1,31,162.413,7.239,0.008,-1,-1,-1
Intel Xeon Phi coprocessor x100 family,MatrixTranspose,TWO_D,2896,2896,256,2,1,31,162.727,7.469,0.008,-1,-1,-1
Intel Xeon Phi coprocessor x100 family,MatrixTranspose,TWO_D,2896,2896,256,4,1,31,162.347,7.347,0.008,-1,-1,-1
Intel Xeon Phi coprocessor x100 family,MatrixTranspose,TWO_D,2896,2896,256,8,1,31,162.487,7.339,0.008,-1,-1,-1
Intel Xeon Phi coprocessor x100 family,MatrixTranspose,TWO_D,2896,2896,256,16,1,31,162.454,7.382,0.009,-1,-1,-1
Intel Xeon Phi coprocessor x100 family,MatrixTranspose,TWO_D,2896,2896,256,32,1,31,162.405,7.282,0.008,-1,-1,-1
Intel Xeon Phi coprocessor x100 family,MatrixTranspose,TWO_D,2896,2896,512,1,1,31,162.605,7.074,0.009,-1,-1,-1
Intel Xeon Phi coprocessor x100 family,MatrixTranspose,TWO_D,2896,2896,512,2,1,31,162.387,7.335,0.008,-1,-1,-1
Intel Xeon Phi coprocessor x100 family,MatrixTranspose,TWO_D,2896,2896,512,4,1,31,163.123,7.464,0.008,-1,-1,-1
Intel Xeon Phi coprocessor x100 family,MatrixTranspose,TWO_D,2896,2896,512,8,1,31,162.538,7.363,0.008,-1,-1,-1
Intel Xeon Phi coprocessor x100 family,MatrixTranspose,TWO_D,2896,2896,512,16,1,31,162.568,7.315,0.008,-1,-1,-1
Intel Xeon Phi coprocessor x100 family,MatrixTranspose,TWO_D,2896,2896,1024,1,1,31,162.224,7.269,0.008,-1,-1,-1
Intel Xeon Phi coprocessor x100 family,MatrixTranspose,TWO_D,2896,2896,1024,2,1,31,162.565,7.42,0.008,-1,-1,-1
Intel Xeon Phi coprocessor x100 family,MatrixTranspose,TWO_D,2896,2896,1024,4,1,31,162.464,7.347,0.007,-1,-1,-1
Intel Xeon Phi coprocessor x100 family,MatrixTranspose,TWO_D,2896,2896,1024,8,1,31,162.554,7.166,0.008,-1,-1,-1
Intel Xeon Phi coprocessor x100 family,MatrixTranspose,TWO_D,2896,2896,2048,1,1,31,162.509,7.29,0.008,-1,-1,-1
Intel Xeon Phi coprocessor x100 family,MatrixTranspose,TWO_D,2896,2896,2048,2,1,31,162.501,7.013,0.008,-1,-1,-1
Intel Xeon Phi coprocessor x100 family,MatrixTranspose,TWO_D,2896,2896,2048,4,1,31,162.579,7.339,0.008,-1,-1,-1
Intel Xeon Phi coprocessor x100 family,MatrixTranspose,TWO_D,2896,2896,4096,1,1,31,162.552,7.261,0.008,-1,-1,-1
Intel Xeon Phi coprocessor x100 family,MatrixTranspose,TWO_D,2896,2896,4096,2,1,31,163.513,7.342,0.008,-1,-1,-1
Intel Xeon Phi coprocessor x100 family,MatrixTranspose,TWO_D,2896,2896,8192,1,1,31,162.526,7.341,0.009,-1,-1,-1
Intel Xeon Phi coprocessor x100 family,MatrixTranspose,TWO_D,2896,2896,1,1,1,31,170.212,7.24,0.01,45.863,24.687,2.171
Intel Xeon Phi coprocessor x100 family,MatrixTranspose,TWO_D,2896,2896,1,2,1,31,165.625,13.232,0.01,33.368,25.578,2.255
Intel Xeon Phi coprocessor x100 family,MatrixTranspose,TWO_D,2896,2896,1,4,1,31,165.592,13.381,0.01,27.352,15.324,2.857
Intel Xeon Phi coprocessor x100 family,MatrixTranspose,TWO_D,2896,2896,1,8,1,31,173.009,8.705,0.01,24.098,18.451,2.475
Intel Xeon Phi coprocessor x100 family,MatrixTranspose,TWO_D,2896,2896,1,16,1,31,163.576,10.705,0.01,24.017,15.127,2.616
Intel Xeon Phi coprocessor x100 family,MatrixTranspose,TWO_D,2896,2896,1,32,1,31,176.391,8.406,0.01,-1,-1,-1
Intel Xeon Phi coprocessor x100 family,MatrixTranspose,TWO_D,2896,2896,1,64,1,31,161.439,6.597,0.01,-1,-1,-1
Intel Xeon Phi coprocessor x100 family,MatrixTranspose,TWO_D,2896,2896,1,128,1,31,161.336,6.627,0.01,-1,-1,-1
Intel Xeon Phi coprocessor x100 family,MatrixTranspose,TWO_D,2896,2896,1,256,1,31,163.132,6.658,0.01,-1,-1,-1
Intel Xeon Phi coprocessor x100 family,MatrixTranspose,TWO_D,2896,2896,1,512,1,31,161.47,6.718,0.011,-1,-1,-1
Intel Xeon Phi coprocessor x100 family,MatrixTranspose,TWO_D,2896,2896,1,1024,1,31,161.465,7.135,0.01,-1,-1,-1
Intel Xeon Phi coprocessor x100 family,MatrixTranspose,TWO_D,2896,2896,1,2048,1,31,161.396,6.805,0.01,-1,-1,-1
Intel Xeon Phi coprocessor x100 family,MatrixTranspose,TWO_D,2896,2896,1,4096,1,31,161.411,6.856,0.01,-1,-1,-1
Intel Xeon Phi coprocessor x100 family,MatrixTranspose,TWO_D,2896,2896,1,8192,1,31,162.161,6.702,0.009,-1,-1,-1
Intel Xeon Phi coprocessor x100 family,MatrixTranspose,TWO_D,2896,2896,2,1,1,31,161.483,6.687,0.01,33.485,18.782,2.671
Intel Xeon Phi coprocessor x100 family,MatrixTranspose,TWO_D,2896,2896,2,2,1,31,176.4,8.673,0.01,26.992,18.323,2.356
Intel Xeon Phi coprocessor x100 family,MatrixTranspose,TWO_D,2896,2896,2,4,1,31,164.182,13.121,0.011,24.219,14.079,2.163
Intel Xeon Phi coprocessor x100 family,MatrixTranspose,TWO_D,2896,2896,2,8,1,31,175.386,8.867,0.011,22.323,19.224,2.903
Intel Xeon Phi coprocessor x100 family,MatrixTranspose,TWO_D,2896,2896,2,16,1,31,206.795,8.83,0.006,21.859,17.517,1.939
Intel Xeon Phi coprocessor x100 family,MatrixTranspose,TWO_D,2896,2896,2,32,1,31,179.484,10.455,0.009,-1,-1,-1
Intel Xeon Phi coprocessor x100 family,MatrixTranspose,TWO_D,2896,2896,2,64,1,31,167.458,8.416,0.01,-1,-1,-1
Intel Xeon Phi coprocessor x100 family,MatrixTranspose,TWO_D,2896,2896,2,128,1,31,162.098,6.604,0.009,-1,-1,-1
Intel Xeon Phi coprocessor x100 family,MatrixTranspose,TWO_D,2896,2896,2,256,1,31,163.438,6.978,0.009,-1,-1,-1
Intel Xeon Phi coprocessor x100 family,MatrixTranspose,TWO_D,2896,2896,2,512,1,31,166.531,8.587,0.009,-1,-1,-1
Intel Xeon Phi coprocessor x100 family,MatrixTranspose,TWO_D,2896,2896,2,1024,1,31,168.991,8.65,0.009,-1,-1,-1
Intel Xeon Phi coprocessor x100 family,MatrixTranspose,TWO_D,2896,2896,2,2048,1,31,168.953,8.495,0.009,-1,-1,-1
Intel Xeon Phi coprocessor x100 family,MatrixTranspose,TWO_D,2896,2896,2,4096,1,31,169.162,8.469,0.01,-1,-1,-1
Intel Xeon Phi coprocessor x100 family,MatrixTranspose,TWO_D,2896,2896,4,1,1,31,169.33,8.685,0.009,26.162,12.261,1.677
Intel Xeon Phi coprocessor x100 family,MatrixTranspose,TWO_D,2896,2896,4,2,1,31,169.692,12.933,0.009,22.978,9.88,1.585
Intel Xeon Phi coprocessor x100 family,MatrixTranspose,TWO_D,2896,2896,4,4,1,31,169.597,14.28,0.009,21.654,11.491,1.461
Intel Xeon Phi coprocessor x100 family,MatrixTranspose,TWO_D,2896,2896,4,8,1,31,169.246,15.093,0.01,20.813,9.853,1.556
Intel Xeon Phi coprocessor x100 family,MatrixTranspose,TWO_D,2896,2896,4,16,1,31,172.953,10.511,0.009,20.832,15.615,1.76
Intel Xeon Phi coprocessor x100 family,MatrixTranspose,TWO_D,2896,2896,4,32,1,31,178.285,10.423,0.01,-1,-1,-1
Intel Xeon Phi coprocessor x100 family,MatrixTranspose,TWO_D,2896,2896,4,64,1,31,168.828,8.703,0.009,-1,-1,-1
Intel Xeon Phi coprocessor x100 family,MatrixTranspose,TWO_D,2896,2896,4,128,1,31,168.232,8.615,0.009,-1,-1,-1
Intel Xeon Phi coprocessor x100 family,MatrixTranspose,TWO_D,2896,2896,4,256,1,31,168.594,8.406,0.009,-1,-1,-1
Intel Xeon Phi coprocessor x100 family,MatrixTranspose,TWO_D,2896,2896,4,512,1,31,168.271,8.579,0.01,-1,-1,-1
Intel Xeon Phi coprocessor x100 family,MatrixTranspose,TWO_D,2896,2896,4,1024,1,31,169.198,8.622,0.009,-1,-1,-1
Intel Xeon Phi coprocessor x100 family,MatrixTranspose,TWO_D,2896,2896,4,2048,1,31,167.836,8.708,0.009,-1,-1,-1
Intel Xeon Phi coprocessor x100 family,MatrixTranspose,TWO_D,2896,2896,8,1,1,31,168.961,8.598,0.009,22.658,15.772,1.578
Intel Xeon Phi coprocessor x100 family,MatrixTranspose,TWO_D,2896,2896,8,2,1,31,176.849,10.731,0.01,21.399,10.703,1.757
Intel Xeon Phi coprocessor x100 family,MatrixTranspose,TWO_D,2896,2896,8,4,1,31,176.914,10.918,0.009,28.89,12.171,2.396
Intel Xeon Phi coprocessor x100 family,MatrixTranspose,TWO_D,2896,2896,8,8,1,31,215.817,9.252,0.007,20.636,17.848,2.242
Intel Xeon Phi coprocessor x100 family,MatrixTranspose,TWO_D,2896,2896,8,16,1,31,179.745,10.426,0.01,20.238,13.303,1.81
Intel Xeon Phi coprocessor x100 family,MatrixTranspose,TWO_D,2896,2896,8,32,1,31,171.456,10.401,0.009,-1,-1,-1
Intel Xeon Phi coprocessor x100 family,MatrixTranspose,TWO_D,2896,2896,8,64,1,31,166.292,8.755,0.009,-1,-1,-1
Intel Xeon Phi coprocessor x100 family,MatrixTranspose,TWO_D,2896,2896,8,128,1,31,167.262,8.84,0.009,-1,-1,-1
Intel Xeon Phi coprocessor x100 family,MatrixTranspose,TWO_D,2896,2896,8,256,1,31,166.521,8.825,0.009,-1,-1,-1
Intel Xeon Phi coprocessor x100 family,MatrixTranspose,TWO_D,2896,2896,8,512,1,31,167.074,8.975,0.009,-1,-1,-1
Intel Xeon Phi coprocessor x100 family,MatrixTranspose,TWO_D,2896,2896,8,1024,1,31,168.398,8.78,0.009,-1,-1,-1
Intel Xeon Phi coprocessor x100 family,MatrixTranspose,TWO_D,2896,2896,16,1,1,31,168.684,8.985,0.009,20.683,13.996,2.065
Intel Xeon Phi coprocessor x100 family,MatrixTranspose,TWO_D,2896,2896,16,2,1,31,183.202,10.517,0.01,21.008,13.172,2.402
Intel Xeon Phi coprocessor x100 family,MatrixTranspose,TWO_D,2896,2896,16,4,1,31,216.93,9.252,0.006,21.193,12.157,1.615
Intel Xeon Phi coprocessor x100 family,MatrixTranspose,TWO_D,2896,2896,16,8,1,31,171.321,10.492,0.009,38.293,15.264,1.567
Intel Xeon Phi coprocessor x100 family,MatrixTranspose,TWO_D,2896,2896,16,16,1,31,168.445,10.155,0.008,21.154,11.649,1.566
Intel Xeon Phi coprocessor x100 family,MatrixTranspose,TWO_D,2896,2896,16,32,1,31,169.004,10.489,0.01,-1,-1,-1
Intel Xeon Phi coprocessor x100 family,MatrixTranspose,TWO_D,2896,2896,16,64,1,31,166.806,8.568,0.009,-1,-1,-1
Intel Xeon Phi coprocessor x100 family,MatrixTranspose,TWO_D,2896,2896,16,128,1,31,166.78,8.613,0.009,-1,-1,-1
Intel Xeon Phi coprocessor x100 family,MatrixTranspose,TWO_D,2896,2896,16,256,1,31,176.046,8.717,0.009,-1,-1,-1
Intel Xeon Phi coprocessor x100 family,MatrixTranspose,TWO_D,2896,2896,16,512,1,31,168.429,8.492,0.009,-1,-1,-1
Intel Xeon Phi coprocessor x100 family,MatrixTranspose,TWO_D,2896,2896,32,1,1,31,170.883,8.783,0.009,-1,-1,-1
Intel Xeon Phi coprocessor x100 family,MatrixTranspose,TWO_D,2896,2896,32,2,1,31,169.502,8.772,0.01,-1,-1,-1
Intel Xeon Phi coprocessor x100 family,MatrixTranspose,TWO_D,2896,2896,32,4,1,31,168.747,8.696,0.009,-1,-1,-1
Intel Xeon Phi coprocessor x100 family,MatrixTranspose,TWO_D,2896,2896,32,8,1,31,169.656,8.718,0.009,-1,-1,-1
Intel Xeon Phi coprocessor x100 family,MatrixTranspose,TWO_D,2896,2896,32,16,1,31,169.048,8.681,0.01,-1,-1,-1
Intel Xeon Phi coprocessor x100 family,MatrixTranspose,TWO_D,2896,2896,32,32,1,31,168.992,8.739,0.01,-1,-1,-1
Intel Xeon Phi coprocessor x100 family,MatrixTranspose,TWO_D,2896,2896,32,64,1,31,169.403,8.752,0.009,-1,-1,-1
Intel Xeon Phi coprocessor x100 family,MatrixTranspose,TWO_D,2896,2896,32,128,1,31,168.964,8.787,0.009,-1,-1,-1
Intel Xeon Phi coprocessor x100 family,MatrixTranspose,TWO_D,2896,2896,32,256,1,31,169.006,8.785,0.008,-1,-1,-1
Intel Xeon Phi coprocessor x100 family,MatrixTranspose,TWO_D,2896,2896,64,1,1,31,169.229,8.524,0.009,-1,-1,-1
Intel Xeon Phi coprocessor x100 family,MatrixTranspose,TWO_D,2896,2896,64,2,1,31,171.185,8.782,0.009,-1,-1,-1
Intel Xeon Phi coprocessor x100 family,MatrixTranspose,TWO_D,2896,2896,64,4,1,31,169.602,8.822,0.01,-1,-1,-1
Intel Xeon Phi coprocessor x100 family,MatrixTranspose,TWO_D,2896,2896,64,8,1,31,169.71,8.932,0.009,-1,-1,-1
Intel Xeon Phi coprocessor x100 family,MatrixTranspose,TWO_D,2896,2896,64,16,1,31,168.716,8.79,0.009,-1,-1,-1
Intel Xeon Phi coprocessor x100 family,MatrixTranspose,TWO_D,2896,2896,64,32,1,31,169.15,8.577,0.008,-1,-1,-1
Intel Xeon Phi coprocessor x100 family,MatrixTranspose,TWO_D,2896,2896,64,64,1,31,169.594,8.578,0.009,-1,-1,-1
Intel Xeon Phi coprocessor x100 family,MatrixTranspose,TWO_D,2896,2896,64,128,1,31,169.878,8.786,0.008,-1,-1,-1
Intel Xeon Phi coprocessor x100 family,MatrixTranspose,TWO_D,2896,2896,128,1,1,31,170.284,8.871,0.009,-1,-1,-1
Intel Xeon Phi coprocessor x100 family,MatrixTranspose,TWO_D,2896,2896,128,2,1,31,174.513,8.843,0.008,-1,-1,-1
Intel Xeon Phi coprocessor x100 family,MatrixTranspose,TWO_D,2896,2896,128,4,1,31,169.766,8.549,0.008,-1,-1,-1
Intel Xeon Phi coprocessor x100 family,MatrixTranspose,TWO_D,2896,2896,128,8,1,31,172.97,8.823,0.008,-1,-1,-1
Intel Xeon Phi coprocessor x100 family,MatrixTranspose,TWO_D,2896,2896,128,16,1,31,169.387,8.841,0.008,-1,-1,-1
Intel Xeon Phi coprocessor x100 family,MatrixTranspose,TWO_D,2896,2896,128,32,1,31,169.007,8.822,0.009,-1,-1,-1
Intel Xeon Phi coprocessor x100 family,MatrixTranspose,TWO_D,2896,2896,128,64,1,31,168.932,8.836,0.008,-1,-1,-1
Intel Xeon Phi coprocessor x100 family,MatrixTranspose,TWO_D,2896,2896,256,1,1,31,168.966,8.624,0.009,-1,-1,-1
Intel Xeon Phi coprocessor x100 family,MatrixTranspose,TWO_D,2896,2896,256,2,1,31,170.201,8.829,0.01,-1,-1,-1
Intel Xeon Phi coprocessor x100 family,MatrixTranspose,TWO_D,2896,2896,256,4,1,31,169.661,9.054,0.009,-1,-1,-1
Intel Xeon Phi coprocessor x100 family,MatrixTranspose,TWO_D,2896,2896,256,8,1,31,169.817,8.85,0.023,-1,-1,-1
Intel Xeon Phi coprocessor x100 family,MatrixTranspose,TWO_D,2896,2896,256,16,1,31,169.297,8.959,0.009,-1,-1,-1
Intel Xeon Phi coprocessor x100 family,MatrixTranspose,TWO_D,2896,2896,256,32,1,31,169.505,8.957,0.01,-1,-1,-1
Intel Xeon Phi coprocessor x100 family,MatrixTranspose,TWO_D,2896,2896,512,1,1,31,170.644,8.772,0.008,-1,-1,-1
Intel Xeon Phi coprocessor x100 family,MatrixTranspose,TWO_D,2896,2896,512,2,1,31,169.349,8.857,0.009,-1,-1,-1
Intel Xeon Phi coprocessor x100 family,MatrixTranspose,TWO_D,2896,2896,512,4,1,31,168.73,8.819,0.008,-1,-1,-1
Intel Xeon Phi coprocessor x100 family,MatrixTranspose,TWO_D,2896,2896,512,8,1,31,169.551,8.777,0.009,-1,-1,-1
Intel Xeon Phi coprocessor x100 family,MatrixTranspose,TWO_D,2896,2896,512,16,1,31,169.452,8.553,0.009,-1,-1,-1
Intel Xeon Phi coprocessor x100 family,MatrixTranspose,TWO_D,2896,2896,1024,1,1,31,169.323,8.783,0.008,-1,-1,-1
Intel Xeon Phi coprocessor x100 family,MatrixTranspose,TWO_D,2896,2896,1024,2,1,31,169.435,8.792,0.007,-1,-1,-1
Intel Xeon Phi coprocessor x100 family,MatrixTranspose,TWO_D,2896,2896,1024,4,1,31,169.899,8.838,0.01,-1,-1,-1
Intel Xeon Phi coprocessor x100 family,MatrixTranspose,TWO_D,2896,2896,1024,8,1,31,169.19,8.746,0.007,-1,-1,-1
Intel Xeon Phi coprocessor x100 family,MatrixTranspose,TWO_D,2896,2896,2048,1,1,31,169.168,8.571,0.008,-1,-1,-1
Intel Xeon Phi coprocessor x100 family,MatrixTranspose,TWO_D,2896,2896,2048,2,1,31,170.554,8.636,0.008,-1,-1,-1
Intel Xeon Phi coprocessor x100 family,MatrixTranspose,TWO_D,2896,2896,2048,4,1,31,169.467,8.739,0.009,-1,-1,-1
Intel Xeon Phi coprocessor x100 family,MatrixTranspose,TWO_D,2896,2896,4096,1,1,31,169.496,8.763,0.008,-1,-1,-1
Intel Xeon Phi coprocessor x100 family,MatrixTranspose,TWO_D,2896,2896,4096,2,1,31,170.152,8.838,0.008,-1,-1,-1
Intel Xeon Phi coprocessor x100 family,MatrixTranspose,TWO_D,2896,2896,8192,1,1,31,169.048,8.602,0.008,-1,-1,-1
Intel Xeon Phi coprocessor x100 family,MatrixTranspose,TWO_D,2896,2896,1,1,1,31,162.778,7.401,0.01,45.332,25.138,2.103
Intel Xeon Phi coprocessor x100 family,MatrixTranspose,TWO_D,2896,2896,1,2,1,31,162.394,9.011,0.011,32.974,23.786,2.361
Intel Xeon Phi coprocessor x100 family,MatrixTranspose,TWO_D,2896,2896,1,4,1,31,223.185,11.887,0.009,28.676,26.467,1.638
Intel Xeon Phi coprocessor x100 family,MatrixTranspose,TWO_D,2896,2896,1,8,1,31,166.909,8.858,0.01,24.503,35.16,2.249
Intel Xeon Phi coprocessor x100 family,MatrixTranspose,TWO_D,2896,2896,1,16,1,31,166.869,9.32,0.009,22.465,29.07,2.205
Intel Xeon Phi coprocessor x100 family,MatrixTranspose,TWO_D,2896,2896,1,32,1,31,166.93,8.882,0.009,-1,-1,-1
Intel Xeon Phi coprocessor x100 family,MatrixTranspose,TWO_D,2896,2896,1,64,1,31,162.6,7.288,0.009,-1,-1,-1
Intel Xeon Phi coprocessor x100 family,MatrixTranspose,TWO_D,2896,2896,1,128,1,31,163.857,7.341,0.009,-1,-1,-1
Intel Xeon Phi coprocessor x100 family,MatrixTranspose,TWO_D,2896,2896,1,256,1,31,162.392,7.275,0.009,-1,-1,-1
Intel Xeon Phi coprocessor x100 family,MatrixTranspose,TWO_D,2896,2896,1,512,1,31,162.394,7.249,0.009,-1,-1,-1
Intel Xeon Phi coprocessor x100 family,MatrixTranspose,TWO_D,2896,2896,1,1024,1,31,162.528,7.301,0.008,-1,-1,-1
Intel Xeon Phi coprocessor x100 family,MatrixTranspose,TWO_D,2896,2896,1,2048,1,31,162.481,7.212,0.01,-1,-1,-1
Intel Xeon Phi coprocessor x100 family,MatrixTranspose,TWO_D,2896,2896,1,4096,1,31,162.607,7.088,0.009,-1,-1,-1
Intel Xeon Phi coprocessor x100 family,MatrixTranspose,TWO_D,2896,2896,1,8192,1,31,162.777,7.279,0.01,-1,-1,-1
Intel Xeon Phi coprocessor x100 family,MatrixTranspose,TWO_D,2896,2896,2,1,1,31,162.409,7.242,0.009,32.69,18.563,2.299
Intel Xeon Phi coprocessor x100 family,MatrixTranspose,TWO_D,2896,2896,2,2,1,31,178.097,9.114,0.01,26.542,31.612,2.42
Intel Xeon Phi coprocessor x100 family,MatrixTranspose,TWO_D,2896,2896,2,4,1,31,198.724,10.271,0.007,23.157,17.707,1.772
Intel Xeon Phi coprocessor x100 family,MatrixTranspose,TWO_D,2896,2896,2,8,1,31,169.028,8.651,0.009,21.74,17.845,1.965
Intel Xeon Phi coprocessor x100 family,MatrixTranspose,TWO_D,2896,2896,2,16,1,31,172.009,9.901,0.007,21.514,26.475,2.231
Intel Xeon Phi coprocessor x100 family,MatrixTranspose,TWO_D,2896,2896,2,32,1,31,168.551,8.912,0.009,-1,-1,-1
Intel Xeon Phi coprocessor x100 family,MatrixTranspose,TWO_D,2896,2896,2,64,1,31,162.261,7.196,0.008,-1,-1,-1
Intel Xeon Phi coprocessor x100 family,MatrixTranspose,TWO_D,2896,2896,2,128,1,31,162.679,7.143,0.009,-1,-1,-1
Intel Xeon Phi coprocessor x100 family,MatrixTranspose,TWO_D,2896,2896,2,256,1,31,162.341,7.157,0.009,-1,-1,-1
Intel Xeon Phi coprocessor x100 family,MatrixTranspose,TWO_D,2896,2896,2,512,1,31,162.366,7.126,0.008,-1,-1,-1
Intel Xeon Phi coprocessor x100 family,MatrixTranspose,TWO_D,2896,2896,2,1024,1,31,162.182,7.2,0.009,-1,-1,-1
Intel Xeon Phi coprocessor x100 family,MatrixTranspose,TWO_D,2896,2896,2,2048,1,31,162.265,7.218,0.009,-1,-1,-1
Intel Xeon Phi coprocessor x100 family,MatrixTranspose,TWO_D,2896,2896,2,4096,1,31,163.492,7.331,0.009,-1,-1,-1
Intel Xeon Phi coprocessor x100 family,MatrixTranspose,TWO_D,2896,2896,4,1,1,31,162.443,7.323,0.01,25.918,18.423,2.305
Intel Xeon Phi coprocessor x100 family,MatrixTranspose,TWO_D,2896,2896,4,2,1,31,173.494,8.778,0.01,32.748,17.7,2.002
Intel Xeon Phi coprocessor x100 family,MatrixTranspose,TWO_D,2896,2896,4,4,1,31,220.925,9.9,0.006,27.61,17.41,1.59
Intel Xeon Phi coprocessor x100 family,MatrixTranspose,TWO_D,2896,2896,4,8,1,31,163.526,9.094,0.009,20.433,14.272,1.237
Intel Xeon Phi coprocessor x100 family,MatrixTranspose,TWO_D,2896,2896,4,16,1,31,162.452,9.484,0.008,19.571,21.188,1.653
Intel Xeon Phi coprocessor x100 family,MatrixTranspose,TWO_D,2896,2896,4,32,1,31,170.333,9.157,0.009,-1,-1,-1
Intel Xeon Phi coprocessor x100 family,MatrixTranspose,TWO_D,2896,2896,4,64,1,31,162.56,7.345,0.008,-1,-1,-1
Intel Xeon Phi coprocessor x100 family,MatrixTranspose,TWO_D,2896,2896,4,128,1,31,162.454,7.298,0.01,-1,-1,-1
Intel Xeon Phi coprocessor x100 family,MatrixTranspose,TWO_D,2896,2896,4,256,1,31,163.337,7.255,0.009,-1,-1,-1
Intel Xeon Phi coprocessor x100 family,MatrixTranspose,TWO_D,2896,2896,4,512,1,31,162.427,6.899,0.009,-1,-1,-1
Intel Xeon Phi coprocessor x100 family,MatrixTranspose,TWO_D,2896,2896,4,1024,1,31,162.219,7.196,0.01,-1,-1,-1
Intel Xeon Phi coprocessor x100 family,MatrixTranspose,TWO_D,2896,2896,4,2048,1,31,162.251,7.491,0.011,-1,-1,-1
Intel Xeon Phi coprocessor x100 family,MatrixTranspose,TWO_D,2896,2896,8,1,1,31,162.582,7.506,0.009,22.229,18.324,2.37
Intel Xeon Phi coprocessor x100 family,MatrixTranspose,TWO_D,2896,2896,8,2,1,31,220.13,10.303,0.006,20.86,25.186,1.833
Intel Xeon Phi coprocessor x100 family,MatrixTranspose,TWO_D,2896,2896,8,4,1,31,163.577,8.894,0.008,20.447,25.223,1.529
Intel Xeon Phi coprocessor x100 family,MatrixTranspose,TWO_D,2896,2896,8,8,1,31,162.166,9.146,0.009,19.681,26.795,1.885
Intel Xeon Phi coprocessor x100 family,MatrixTranspose,TWO_D,2896,2896,8,16,1,31,178.249,10.123,0.006,19.558,18.585,1.799
Intel Xeon Phi coprocessor x100 family,MatrixTranspose,TWO_D,2896,2896,8,32,1,31,175.262,9.103,0.01,-1,-1,-1
Intel Xeon Phi coprocessor x100 family,MatrixTranspose,TWO_D,2896,2896,8,64,1,31,162.595,7.372,0.009,-1,-1,-1
Intel Xeon Phi coprocessor x100 family,MatrixTranspose,TWO_D,2896,2896,8,128,1,31,162.289,7.112,0.009,-1,-1,-1
Intel Xeon Phi coprocessor x100 family,MatrixTranspose,TWO_D,2896,2896,8,256,1,31,162.296,7.14,0.01,-1,-1,-1
Intel Xeon Phi coprocessor x100 family,MatrixTranspose,TWO_D,2896,2896,8,512,1,31,162.616,7.143,0.01,-1,-1,-1
Intel Xeon Phi coprocessor x100 family,MatrixTranspose,TWO_D,2896,2896,8,1024,1,31,162.229,7.06,0.008,-1,-1,-1
Intel Xeon Phi coprocessor x100 family,MatrixTranspose,TWO_D,2896,2896,16,1,1,31,162.61,7.198,0.009,20.121,26.286,1.837
Intel Xeon Phi coprocessor x100 family,MatrixTranspose,TWO_D,2896,2896,16,2,1,31,171.817,9.04,0.01,24.346,15.29,1.573
Intel Xeon Phi coprocessor x100 family,MatrixTranspose,TWO_D,2896,2896,16,4,1,31,162.388,9.628,0.009,18.211,18.115,1.807
Intel Xeon Phi coprocessor x100 family,MatrixTranspose,TWO_D,2896,2896,16,8,1,31,166.317,9.086,0.009,32.034,27.476,1.757
Intel Xeon Phi coprocessor x100 family,MatrixTranspose,TWO_D,2896,2896,16,16,1,31,163.736,8.967,0.008,19.782,26.743,1.588
Intel Xeon Phi coprocessor x100 family,MatrixTranspose,TWO_D,2896,2896,16,32,1,31,162.318,8.961,0.01,-1,-1,-1
Intel Xeon Phi coprocessor x100 family,MatrixTranspose,TWO_D,2896,2896,16,64,1,31,162.298,7.368,0.009,-1,-1,-1
Intel Xeon Phi coprocessor x100 family,MatrixTranspose,TWO_D,2896,2896,16,128,1,31,162.913,7.275,0.01,-1,-1,-1
Intel Xeon Phi coprocessor x100 family,MatrixTranspose,TWO_D,2896,2896,16,256,1,31,162.417,7.259,0.009,-1,-1,-1
Intel Xeon Phi coprocessor x100 family,MatrixTranspose,TWO_D,2896,2896,16,512,1,31,162.882,7.244,0.008,-1,-1,-1
Intel Xeon Phi coprocessor x100 family,MatrixTranspose,TWO_D,2896,2896,32,1,1,31,162.464,7.333,0.01,-1,-1,-1
Intel Xeon Phi coprocessor x100 family,MatrixTranspose,TWO_D,2896,2896,32,2,1,31,162.405,7.334,0.01,-1,-1,-1
Intel Xeon Phi coprocessor x100 family,MatrixTranspose,TWO_D,2896,2896,32,4,1,31,162.427,7.455,0.01,-1,-1,-1
Intel Xeon Phi coprocessor x100 family,MatrixTranspose,TWO_D,2896,2896,32,8,1,31,162.445,7.331,0.01,-1,-1,-1
Intel Xeon Phi coprocessor x100 family,MatrixTranspose,TWO_D,2896,2896,32,16,1,31,163.436,7.278,0.01,-1,-1,-1
Intel Xeon Phi coprocessor x100 family,MatrixTranspose,TWO_D,2896,2896,32,32,1,31,166.832,7.131,0.01,-1,-1,-1
Intel Xeon Phi coprocessor x100 family,MatrixTranspose,TWO_D,2896,2896,32,64,1,31,162.459,7.366,0.01,-1,-1,-1
Intel Xeon Phi coprocessor x100 family,MatrixTranspose,TWO_D,2896,2896,32,128,1,31,162.404,7.351,0.009,-1,-1,-1
Intel Xeon Phi coprocessor x100 family,MatrixTranspose,TWO_D,2896,2896,32,256,1,31,162.412,7.411,0.009,-1,-1,-1
Intel Xeon Phi coprocessor x100 family,MatrixTranspose,TWO_D,2896,2896,64,1,1,31,162.687,7.339,0.011,-1,-1,-1
Intel Xeon Phi coprocessor x100 family,MatrixTranspose,TWO_D,2896,2896,64,2,1,31,162.33,7.192,0.01,-1,-1,-1
Intel Xeon Phi coprocessor x100 family,MatrixTranspose,TWO_D,2896,2896,64,4,1,31,162.456,7.366,0.01,-1,-1,-1
Intel Xeon Phi coprocessor x100 family,MatrixTranspose,TWO_D,2896,2896,64,8,1,31,162.341,7.348,0.01,-1,-1,-1
Intel Xeon Phi coprocessor x100 family,MatrixTranspose,TWO_D,2896,2896,64,16,1,31,162.708,7.443,0.01,-1,-1,-1
Intel Xeon Phi coprocessor x100 family,MatrixTranspose,TWO_D,2896,2896,64,32,1,31,162.873,7.36,0.01,-1,-1,-1
Intel Xeon Phi coprocessor x100 family,MatrixTranspose,TWO_D,2896,2896,64,64,1,31,162.378,7.404,0.01,-1,-1,-1
Intel Xeon Phi coprocessor x100 family,MatrixTranspose,TWO_D,2896,2896,64,128,1,31,162.166,7.334,0.01,-1,-1,-1
Intel Xeon Phi coprocessor x100 family,MatrixTranspose,TWO_D,2896,2896,128,1,1,31,162.33,7.346,0.01,-1,-1,-1
Intel Xeon Phi coprocessor x100 family,MatrixTranspose,TWO_D,2896,2896,128,2,1,31,162.381,7.283,0.01,-1,-1,-1
Intel Xeon Phi coprocessor x100 family,MatrixTranspose,TWO_D,2896,2896,128,4,1,31,162.759,7.349,0.01,-1,-1,-1
Intel Xeon Phi coprocessor x100 family,MatrixTranspose,TWO_D,2896,2896,128,8,1,31,162.308,7.132,0.01,-1,-1,-1
Intel Xeon Phi coprocessor x100 family,MatrixTranspose,TWO_D,2896,2896,128,16,1,31,162.396,7.39,0.01,-1,-1,-1
Intel Xeon Phi coprocessor x100 family,MatrixTranspose,TWO_D,2896,2896,128,32,1,31,162.112,7.344,0.01,-1,-1,-1
Intel Xeon Phi coprocessor x100 family,MatrixTranspose,TWO_D,2896,2896,128,64,1,31,162.913,7.441,0.01,-1,-1,-1
Intel Xeon Phi coprocessor x100 family,MatrixTranspose,TWO_D,2896,2896,256,1,1,31,162.963,7.299,0.009,-1,-1,-1
Intel Xeon Phi coprocessor x100 family,MatrixTranspose,TWO_D,2896,2896,256,2,1,31,162.424,7.332,0.009,-1,-1,-1
Intel Xeon Phi coprocessor x100 family,MatrixTranspose,TWO_D,2896,2896,256,4,1,31,162.307,7.341,0.009,-1,-1,-1
Intel Xeon Phi coprocessor x100 family,MatrixTranspose,TWO_D,2896,2896,256,8,1,31,162.282,7.429,0.01,-1,-1,-1
Intel Xeon Phi coprocessor x100 family,MatrixTranspose,TWO_D,2896,2896,256,16,1,31,162.45,7.225,0.009,-1,-1,-1
Intel Xeon Phi coprocessor x100 family,MatrixTranspose,TWO_D,2896,2896,256,32,1,31,162.555,7.205,0.01,-1,-1,-1
Intel Xeon Phi coprocessor x100 family,MatrixTranspose,TWO_D,2896,2896,512,1,1,31,162.445,7.33,0.009,-1,-1,-1
Intel Xeon Phi coprocessor x100 family,MatrixTranspose,TWO_D,2896,2896,512,2,1,31,162.235,7.314,0.01,-1,-1,-1
Intel Xeon Phi coprocessor x100 family,MatrixTranspose,TWO_D,2896,2896,512,4,1,31,166.229,7.507,0.01,-1,-1,-1
Intel Xeon Phi coprocessor x100 family,MatrixTranspose,TWO_D,2896,2896,512,8,1,31,162.975,7.422,0.01,-1,-1,-1
Intel Xeon Phi coprocessor x100 family,MatrixTranspose,TWO_D,2896,2896,512,16,1,31,162.96,7.311,0.01,-1,-1,-1
Intel Xeon Phi coprocessor x100 family,MatrixTranspose,TWO_D,2896,2896,1024,1,1,31,162.353,7.307,0.009,-1,-1,-1
Intel Xeon Phi coprocessor x100 family,MatrixTranspose,TWO_D,2896,2896,1024,2,1,31,162.151,7.346,0.009,-1,-1,-1
Intel Xeon Phi coprocessor x100 family,MatrixTranspose,TWO_D,2896,2896,1024,4,1,31,162.402,7.348,0.009,-1,-1,-1
Intel Xeon Phi coprocessor x100 family,MatrixTranspose,TWO_D,2896,2896,1024,8,1,31,162.613,7.364,0.011,-1,-1,-1
Intel Xeon Phi coprocessor x100 family,MatrixTranspose,TWO_D,2896,2896,2048,1,1,31,162.641,7.342,0.009,-1,-1,-1
Intel Xeon Phi coprocessor x100 family,MatrixTranspose,TWO_D,2896,2896,2048,2,1,31,162.363,7.107,0.01,-1,-1,-1
Intel Xeon Phi coprocessor x100 family,MatrixTranspose,TWO_D,2896,2896,2048,4,1,31,162.27,7.355,0.01,-1,-1,-1
Intel Xeon Phi coprocessor x100 family,MatrixTranspose,TWO_D,2896,2896,4096,1,1,31,163.095,7.391,0.01,-1,-1,-1
Intel Xeon Phi coprocessor x100 family,MatrixTranspose,TWO_D,2896,2896,4096,2,1,31,162.841,7.33,0.011,-1,-1,-1
Intel Xeon Phi coprocessor x100 family,MatrixTranspose,TWO_D,2896,2896,8192,1,1,31,162.705,7.371,0.01,-1,-1,-1
Intel Xeon Phi coprocessor x100 family,MatrixTranspose,TWO_D,2896,2896,1,1,1,31,171.485,7.367,0.009,45.584,24.853,2.278
Intel Xeon Phi coprocessor x100 family,MatrixTranspose,TWO_D,2896,2896,1,2,1,31,165.735,9.075,0.01,33.092,29.795,2.294
Intel Xeon Phi coprocessor x100 family,MatrixTranspose,TWO_D,2896,2896,1,4,1,31,165.722,8.836,0.009,26.724,23.541,2.461
Intel Xeon Phi coprocessor x100 family,MatrixTranspose,TWO_D,2896,2896,1,8,1,31,176.785,9.15,0.009,23.797,30.641,3.079
Intel Xeon Phi coprocessor x100 family,MatrixTranspose,TWO_D,2896,2896,1,16,1,31,176.286,9.063,0.01,22.717,28.827,3.126
Intel Xeon Phi coprocessor x100 family,MatrixTranspose,TWO_D,2896,2896,1,32,1,31,176.136,9.073,0.01,-1,-1,-1
Intel Xeon Phi coprocessor x100 family,MatrixTranspose,TWO_D,2896,2896,1,64,1,31,164.493,7.055,0.01,-1,-1,-1
Intel Xeon Phi coprocessor x100 family,MatrixTranspose,TWO_D,2896,2896,1,128,1,31,165.467,7.252,0.009,-1,-1,-1
Intel Xeon Phi coprocessor x100 family,MatrixTranspose,TWO_D,2896,2896,1,256,1,31,164.718,7.272,0.008,-1,-1,-1
Intel Xeon Phi coprocessor x100 family,MatrixTranspose,TWO_D,2896,2896,1,512,1,31,164.563,7.299,0.009,-1,-1,-1
Intel Xeon Phi coprocessor x100 family,MatrixTranspose,TWO_D,2896,2896,1,1024,1,31,164.553,7.201,0.009,-1,-1,-1
Intel Xeon Phi coprocessor x100 family,MatrixTranspose,TWO_D,2896,2896,1,2048,1,31,164.597,7.206,0.009,-1,-1,-1
Intel Xeon Phi coprocessor x100 family,MatrixTranspose,TWO_D,2896,2896,1,4096,1,31,164.762,7.275,0.008,-1,-1,-1
Intel Xeon Phi coprocessor x100 family,MatrixTranspose,TWO_D,2896,2896,1,8192,1,31,164.742,7.314,0.009,-1,-1,-1
Intel Xeon Phi coprocessor x100 family,MatrixTranspose,TWO_D,2896,2896,2,1,1,31,164.663,7.292,0.01,32.558,15.431,2.318
Intel Xeon Phi coprocessor x100 family,MatrixTranspose,TWO_D,2896,2896,2,2,1,31,172.143,9.247,0.01,26.619,18.693,2.517
Intel Xeon Phi coprocessor x100 family,MatrixTranspose,TWO_D,2896,2896,2,4,1,31,176.873,8.802,0.009,23.742,19.047,2.43
Intel Xeon Phi coprocessor x100 family,MatrixTranspose,TWO_D,2896,2896,2,8,1,31,176.403,8.79,0.009,21.4,13.974,3.573
Intel Xeon Phi coprocessor x100 family,MatrixTranspose,TWO_D,2896,2896,2,16,1,31,226.235,10.985,0.008,23.103,15.125,3.17
Intel Xeon Phi coprocessor x100 family,MatrixTranspose,TWO_D,2896,2896,2,32,1,31,177.302,8.758,0.009,-1,-1,-1
Intel Xeon Phi coprocessor x100 family,MatrixTranspose,TWO_D,2896,2896,2,64,1,31,165.674,6.981,0.009,-1,-1,-1
Intel Xeon Phi coprocessor x100 family,MatrixTranspose,TWO_D,2896,2896,2,128,1,31,165.716,7.122,0.009,-1,-1,-1
Intel Xeon Phi coprocessor x100 family,MatrixTranspose,TWO_D,2896,2896,2,256,1,31,165.809,7.024,0.01,-1,-1,-1
Intel Xeon Phi coprocessor x100 family,MatrixTranspose,TWO_D,2896,2896,2,512,1,31,165.603,7.086,0.009,-1,-1,-1
Intel Xeon Phi coprocessor x100 family,MatrixTranspose,TWO_D,2896,2896,2,1024,1,31,165.093,7.063,0.009,-1,-1,-1
Intel Xeon Phi coprocessor x100 family,MatrixTranspose,TWO_D,2896,2896,2,2048,1,31,164.657,6.936,0.009,-1,-1,-1
Intel Xeon Phi coprocessor x100 family,MatrixTranspose,TWO_D,2896,2896,2,4096,1,31,165.398,6.94,0.009,-1,-1,-1
Intel Xeon Phi coprocessor x100 family,MatrixTranspose,TWO_D,2896,2896,4,1,1,31,164.682,7.068,0.01,29.998,16.67,3.015
Intel Xeon Phi coprocessor x100 family,MatrixTranspose,TWO_D,2896,2896,4,2,1,31,175.691,9.183,0.01,22.349,16.809,3.85
Intel Xeon Phi coprocessor x100 family,MatrixTranspose,TWO_D,2896,2896,4,4,1,31,224.786,10.657,0.01,23.226,19.446,2.779
Intel Xeon Phi coprocessor x100 family,MatrixTranspose,TWO_D,2896,2896,4,8,1,31,162.214,9.088,0.008,20.691,14.213,2.046
Intel Xeon Phi coprocessor x100 family,MatrixTranspose,TWO_D,2896,2896,4,16,1,31,177.468,9.217,0.009,21.363,19.821,2.296
Intel Xeon Phi coprocessor x100 family,MatrixTranspose,TWO_D,2896,2896,4,32,1,31,181.998,8.986,0.009,-1,-1,-1
Intel Xeon Phi coprocessor x100 family,MatrixTranspose,TWO_D,2896,2896,4,64,1,31,169.705,7.086,0.008,-1,-1,-1
Intel Xeon Phi coprocessor x100 family,MatrixTranspose,TWO_D,2896,2896,4,128,1,31,169.734,6.848,0.009,-1,-1,-1
Intel Xeon Phi coprocessor x100 family,MatrixTranspose,TWO_D,2896,2896,4,256,1,31,170.534,6.94,0.009,-1,-1,-1
Intel Xeon Phi coprocessor x100 family,MatrixTranspose,TWO_D,2896,2896,4,512,1,31,169.929,7.111,0.01,-1,-1,-1
Intel Xeon Phi coprocessor x100 family,MatrixTranspose,TWO_D,2896,2896,4,1024,1,31,169.725,7.112,0.008,-1,-1,-1
Intel Xeon Phi coprocessor x100 family,MatrixTranspose,TWO_D,2896,2896,4,2048,1,31,169.772,7.139,0.009,-1,-1,-1
Intel Xeon Phi coprocessor x100 family,MatrixTranspose,TWO_D,2896,2896,8,1,1,31,169.728,6.923,0.008,22.697,16.484,3.08
Intel Xeon Phi coprocessor x100 family,MatrixTranspose,TWO_D,2896,2896,8,2,1,31,224.97,11.268,0.01,29.631,14.601,2.558
Intel Xeon Phi coprocessor x100 family,MatrixTranspose,TWO_D,2896,2896,8,4,1,31,167.313,9.129,0.01,20.196,13.048,2.566
Intel Xeon Phi coprocessor x100 family,MatrixTranspose,TWO_D,2896,2896,8,8,1,31,177.86,9.322,0.009,22.908,14.377,2.448
Intel Xeon Phi coprocessor x100 family,MatrixTranspose,TWO_D,2896,2896,8,16,1,31,179.611,9.059,0.009,19.716,16.279,2.823
Intel Xeon Phi coprocessor x100 family,MatrixTranspose,TWO_D,2896,2896,8,32,1,31,170.843,8.865,0.009,-1,-1,-1
Intel Xeon Phi coprocessor x100 family,MatrixTranspose,TWO_D,2896,2896,8,64,1,31,166.574,7.207,0.009,-1,-1,-1
Intel Xeon Phi coprocessor x100 family,MatrixTranspose,TWO_D,2896,2896,8,128,1,31,165.618,7.334,0.008,-1,-1,-1
Intel Xeon Phi coprocessor x100 family,MatrixTranspose,TWO_D,2896,2896,8,256,1,31,165.588,7.387,0.01,-1,-1,-1
Intel Xeon Phi coprocessor x100 family,MatrixTranspose,TWO_D,2896,2896,8,512,1,31,165.579,7.367,0.009,-1,-1,-1
Intel Xeon Phi coprocessor x100 family,MatrixTranspose,TWO_D,2896,2896,8,1024,1,31,165.648,7.245,0.009,-1,-1,-1
Intel Xeon Phi coprocessor x100 family,MatrixTranspose,TWO_D,2896,2896,16,1,1,31,165.542,7.556,0.008,19.97,17.2,3.094
Intel Xeon Phi coprocessor x100 family,MatrixTranspose,TWO_D,2896,2896,16,2,1,31,219.52,9.069,0.007,32.307,16.976,2.419
Intel Xeon Phi coprocessor x100 family,MatrixTranspose,TWO_D,2896,2896,16,4,1,31,161.965,8.976,0.008,22.123,14.498,3.174
Intel Xeon Phi coprocessor x100 family,MatrixTranspose,TWO_D,2896,2896,16,8,1,31,171.525,8.91,0.007,23.813,14.577,2.712
Intel Xeon Phi coprocessor x100 family,MatrixTranspose,TWO_D,2896,2896,16,16,1,31,177.498,8.666,0.008,35.104,14.954,3.257
Intel Xeon Phi coprocessor x100 family,MatrixTranspose,TWO_D,2896,2896,16,32,1,31,171.119,9.347,0.008,-1,-1,-1
Intel Xeon Phi coprocessor x100 family,MatrixTranspose,TWO_D,2896,2896,16,64,1,31,161.494,7.523,0.008,-1,-1,-1
Intel Xeon Phi coprocessor x100 family,MatrixTranspose,TWO_D,2896,2896,16,128,1,31,161.552,7.582,0.008,-1,-1,-1
Intel Xeon Phi coprocessor x100 family,MatrixTranspose,TWO_D,2896,2896,16,256,1,31,161.462,7.739,0.008,-1,-1,-1
Intel Xeon Phi coprocessor x100 family,MatrixTranspose,TWO_D,2896,2896,16,512,1,31,161.645,7.421,0.007,-1,-1,-1
Intel Xeon Phi coprocessor x100 family,MatrixTranspose,TWO_D,2896,2896,32,1,1,31,161.293,7.739,0.008,-1,-1,-1
Intel Xeon Phi coprocessor x100 family,MatrixTranspose,TWO_D,2896,2896,32,2,1,31,161.31,7.767,0.009,-1,-1,-1
Intel Xeon Phi coprocessor x100 family,MatrixTranspose,TWO_D,2896,2896,32,4,1,31,161.486,7.761,0.009,-1,-1,-1
Intel Xeon Phi coprocessor x100 family,MatrixTranspose,TWO_D,2896,2896,32,8,1,31,161.181,7.54,0.008,-1,-1,-1
Intel Xeon Phi coprocessor x100 family,MatrixTranspose,TWO_D,2896,2896,32,16,1,31,162.637,7.593,0.009,-1,-1,-1
Intel Xeon Phi coprocessor x100 family,MatrixTranspose,TWO_D,2896,2896,32,32,1,31,161.295,7.55,0.009,-1,-1,-1
Intel Xeon Phi coprocessor x100 family,MatrixTranspose,TWO_D,2896,2896,32,64,1,31,161.301,7.868,0.008,-1,-1,-1
Intel Xeon Phi coprocessor x100 family,MatrixTranspose,TWO_D,2896,2896,32,128,1,31,161.79,7.644,0.009,-1,-1,-1
Intel Xeon Phi coprocessor x100 family,MatrixTranspose,TWO_D,2896,2896,32,256,1,31,161.308,7.574,0.009,-1,-1,-1
Intel Xeon Phi coprocessor x100 family,MatrixTranspose,TWO_D,2896,2896,64,1,1,31,161.933,7.374,0.009,-1,-1,-1
Intel Xeon Phi coprocessor x100 family,MatrixTranspose,TWO_D,2896,2896,64,2,1,31,161.315,7.204,0.008,-1,-1,-1
Intel Xeon Phi coprocessor x100 family,MatrixTranspose,TWO_D,2896,2896,64,4,1,31,161.653,7.459,0.009,-1,-1,-1
Intel Xeon Phi coprocessor x100 family,MatrixTranspose,TWO_D,2896,2896,64,8,1,31,162.447,7.556,0.008,-1,-1,-1
Intel Xeon Phi coprocessor x100 family,MatrixTranspose,TWO_D,2896,2896,64,16,1,31,161.35,7.541,0.009,-1,-1,-1
Intel Xeon Phi coprocessor x100 family,MatrixTranspose,TWO_D,2896,2896,64,32,1,31,162.8,7.388,0.009,-1,-1,-1
Intel Xeon Phi coprocessor x100 family,MatrixTranspose,TWO_D,2896,2896,64,64,1,31,161.552,7.524,0.009,-1,-1,-1
Intel Xeon Phi coprocessor x100 family,MatrixTranspose,TWO_D,2896,2896,64,128,1,31,161.401,7.416,0.009,-1,-1,-1
Intel Xeon Phi coprocessor x100 family,MatrixTranspose,TWO_D,2896,2896,128,1,1,31,162.182,7.411,0.008,-1,-1,-1
Intel Xeon Phi coprocessor x100 family,MatrixTranspose,TWO_D,2896,2896,128,2,1,31,161.346,7.596,0.007,-1,-1,-1
Intel Xeon Phi coprocessor x100 family,MatrixTranspose,TWO_D,2896,2896,128,4,1,31,161.517,7.538,0.009,-1,-1,-1
Intel Xeon Phi coprocessor x100 family,MatrixTranspose,TWO_D,2896,2896,128,8,1,31,161.364,7.531,0.024,-1,-1,-1
Intel Xeon Phi coprocessor x100 family,MatrixTranspose,TWO_D,2896,2896,128,16,1,31,161.298,7.5,0.008,-1,-1,-1
Intel Xeon Phi coprocessor x100 family,MatrixTranspose,TWO_D,2896,2896,128,32,1,31,165.32,7.812,0.009,-1,-1,-1
Intel Xeon Phi coprocessor x100 family,MatrixTranspose,TWO_D,2896,2896,128,64,1,31,161.382,7.638,0.009,-1,-1,-1
Intel Xeon Phi coprocessor x100 family,MatrixTranspose,TWO_D,2896,2896,256,1,1,31,162.154,7.468,0.009,-1,-1,-1
Intel Xeon Phi coprocessor x100 family,MatrixTranspose,TWO_D,2896,2896,256,2,1,31,161.788,7.861,0.01,-1,-1,-1
Intel Xeon Phi coprocessor x100 family,MatrixTranspose,TWO_D,2896,2896,256,4,1,31,161.384,7.516,0.008,-1,-1,-1
Intel Xeon Phi coprocessor x100 family,MatrixTranspose,TWO_D,2896,2896,256,8,1,31,161.448,7.539,0.009,-1,-1,-1
Intel Xeon Phi coprocessor x100 family,MatrixTranspose,TWO_D,2896,2896,256,16,1,31,161.478,7.632,0.009,-1,-1,-1
Intel Xeon Phi coprocessor x100 family,MatrixTranspose,TWO_D,2896,2896,256,32,1,31,161.345,7.588,0.008,-1,-1,-1
Intel Xeon Phi coprocessor x100 family,MatrixTranspose,TWO_D,2896,2896,512,1,1,31,162.687,7.63,0.008,-1,-1,-1
Intel Xeon Phi coprocessor x100 family,MatrixTranspose,TWO_D,2896,2896,512,2,1,31,161.318,7.577,0.01,-1,-1,-1
Intel Xeon Phi coprocessor x100 family,MatrixTranspose,TWO_D,2896,2896,512,4,1,31,161.379,7.716,0.008,-1,-1,-1
Intel Xeon Phi coprocessor x100 family,MatrixTranspose,TWO_D,2896,2896,512,8,1,31,161.489,7.478,0.008,-1,-1,-1
Intel Xeon Phi coprocessor x100 family,MatrixTranspose,TWO_D,2896,2896,512,16,1,31,161.664,7.579,0.008,-1,-1,-1
Intel Xeon Phi coprocessor x100 family,MatrixTranspose,TWO_D,2896,2896,1024,1,1,31,162.414,7.239,0.009,-1,-1,-1
Intel Xeon Phi coprocessor x100 family,MatrixTranspose,TWO_D,2896,2896,1024,2,1,31,161.406,7.649,0.009,-1,-1,-1
Intel Xeon Phi coprocessor x100 family,MatrixTranspose,TWO_D,2896,2896,1024,4,1,31,161.428,7.781,0.009,-1,-1,-1
Intel Xeon Phi coprocessor x100 family,MatrixTranspose,TWO_D,2896,2896,1024,8,1,31,161.614,7.549,0.009,-1,-1,-1
Intel Xeon Phi coprocessor x100 family,MatrixTranspose,TWO_D,2896,2896,2048,1,1,31,161.324,7.541,0.009,-1,-1,-1
Intel Xeon Phi coprocessor x100 family,MatrixTranspose,TWO_D,2896,2896,2048,2,1,31,161.755,7.581,0.008,-1,-1,-1
Intel Xeon Phi coprocessor x100 family,MatrixTranspose,TWO_D,2896,2896,2048,4,1,31,161.403,7.597,0.009,-1,-1,-1
Intel Xeon Phi coprocessor x100 family,MatrixTranspose,TWO_D,2896,2896,4096,1,1,31,161.445,7.567,0.008,-1,-1,-1
Intel Xeon Phi coprocessor x100 family,MatrixTranspose,TWO_D,2896,2896,4096,2,1,31,161.553,7.655,0.009,-1,-1,-1
Intel Xeon Phi coprocessor x100 family,MatrixTranspose,TWO_D,2896,2896,8192,1,1,31,161.414,7.712,0.008,-1,-1,-1
Intel Xeon Phi coprocessor x100 family,MatrixTranspose,TWO_D,2896,2896,1,1,1,31,173.212,7.465,0.011,45.588,25.709,3.649
Intel Xeon Phi coprocessor x100 family,MatrixTranspose,TWO_D,2896,2896,1,2,1,31,223.729,11.034,0.01,35.85,18.813,2.342
Intel Xeon Phi coprocessor x100 family,MatrixTranspose,TWO_D,2896,2896,1,4,1,31,172.9,8.578,0.01,28.196,16.438,1.669
Intel Xeon Phi coprocessor x100 family,MatrixTranspose,TWO_D,2896,2896,1,8,1,31,162.184,9.204,0.01,24.271,24.268,2.081
Intel Xeon Phi coprocessor x100 family,MatrixTranspose,TWO_D,2896,2896,1,16,1,31,168.378,9.329,0.01,23.197,15.097,1.633
Intel Xeon Phi coprocessor x100 family,MatrixTranspose,TWO_D,2896,2896,1,32,1,31,171.113,8.8,0.01,-1,-1,-1
Intel Xeon Phi coprocessor x100 family,MatrixTranspose,TWO_D,2896,2896,1,64,1,31,162.168,7.111,0.011,-1,-1,-1
Intel Xeon Phi coprocessor x100 family,MatrixTranspose,TWO_D,2896,2896,1,128,1,31,162.06,7.157,0.009,-1,-1,-1
Intel Xeon Phi coprocessor x100 family,MatrixTranspose,TWO_D,2896,2896,1,256,1,31,162.24,7.132,0.009,-1,-1,-1
Intel Xeon Phi coprocessor x100 family,MatrixTranspose,TWO_D,2896,2896,1,512,1,31,162.297,7.23,0.011,-1,-1,-1
Intel Xeon Phi coprocessor x100 family,MatrixTranspose,TWO_D,2896,2896,1,1024,1,31,167.256,7.126,0.01,-1,-1,-1
Intel Xeon Phi coprocessor x100 family,MatrixTranspose,TWO_D,2896,2896,1,2048,1,31,162.203,7.159,0.01,-1,-1,-1
Intel Xeon Phi coprocessor x100 family,MatrixTranspose,TWO_D,2896,2896,1,4096,1,31,162.148,7.09,0.009,-1,-1,-1
Intel Xeon Phi coprocessor x100 family,MatrixTranspose,TWO_D,2896,2896,1,8192,1,31,162.246,6.912,0.01,-1,-1,-1
Intel Xeon Phi coprocessor x100 family,MatrixTranspose,TWO_D,2896,2896,2,1,1,31,163.002,7.194,0.01,33.205,14.274,1.721
Intel Xeon Phi coprocessor x100 family,MatrixTranspose,TWO_D,2896,2896,2,2,1,31,162.957,9.716,0.009,26.571,12.154,2.407
Intel Xeon Phi coprocessor x100 family,MatrixTranspose,TWO_D,2896,2896,2,4,1,31,223.622,12.593,0.01,25.863,12.479,1.627
Intel Xeon Phi coprocessor x100 family,MatrixTranspose,TWO_D,2896,2896,2,8,1,31,168.335,8.701,0.011,22.308,11.945,1.811
Intel Xeon Phi coprocessor x100 family,MatrixTranspose,TWO_D,2896,2896,2,16,1,31,166.951,9.315,0.009,21.364,16.582,1.569
Intel Xeon Phi coprocessor x100 family,MatrixTranspose,TWO_D,2896,2896,2,32,1,31,167.062,9.111,0.009,-1,-1,-1
Intel Xeon Phi coprocessor x100 family,MatrixTranspose,TWO_D,2896,2896,2,64,1,31,167.209,7.235,0.009,-1,-1,-1
Intel Xeon Phi coprocessor x100 family,MatrixTranspose,TWO_D,2896,2896,2,128,1,31,167.089,7.149,0.01,-1,-1,-1
Intel Xeon Phi coprocessor x100 family,MatrixTranspose,TWO_D,2896,2896,2,256,1,31,162.227,7.203,0.009,-1,-1,-1
Intel Xeon Phi coprocessor x100 family,MatrixTranspose,TWO_D,2896,2896,2,512,1,31,161.936,7.113,0.009,-1,-1,-1
Intel Xeon Phi coprocessor x100 family,MatrixTranspose,TWO_D,2896,2896,2,1024,1,31,163.064,7.133,0.009,-1,-1,-1
Intel Xeon Phi coprocessor x100 family,MatrixTranspose,TWO_D,2896,2896,2,2048,1,31,167.046,7.155,0.01,-1,-1,-1
Intel Xeon Phi coprocessor x100 family,MatrixTranspose,TWO_D,2896,2896,2,4096,1,31,162.232,7.13,0.009,-1,-1,-1
Intel Xeon Phi coprocessor x100 family,MatrixTranspose,TWO_D,2896,2896,4,1,1,31,162.187,7.426,0.01,26.443,13.389,1.631
Intel Xeon Phi coprocessor x100 family,MatrixTranspose,TWO_D,2896,2896,4,2,1,31,167.853,8.978,0.009,22.97,16.544,1.89
Intel Xeon Phi coprocessor x100 family,MatrixTranspose,TWO_D,2896,2896,4,4,1,31,162.536,9.214,0.009,21.446,13.93,2.764
Intel Xeon Phi coprocessor x100 family,MatrixTranspose,TWO_D,2896,2896,4,8,1,31,200.254,10.448,0.007,20.873,15.598,1.637
Intel Xeon Phi coprocessor x100 family,MatrixTranspose,TWO_D,2896,2896,4,16,1,31,168.847,8.903,0.009,20.71,11.362,1.551
Intel Xeon Phi coprocessor x100 family,MatrixTranspose,TWO_D,2896,2896,4,32,1,31,162.863,9.182,0.01,-1,-1,-1
Intel Xeon Phi coprocessor x100 family,MatrixTranspose,TWO_D,2896,2896,4,64,1,31,162.732,7.559,0.009,-1,-1,-1
Intel Xeon Phi coprocessor x100 family,MatrixTranspose,TWO_D,2896,2896,4,128,1,31,162.699,7.395,0.009,-1,-1,-1
Intel Xeon Phi coprocessor x100 family,MatrixTranspose,TWO_D,2896,2896,4,256,1,31,162.23,7.354,0.009,-1,-1,-1
Intel Xeon Phi coprocessor x100 family,MatrixTranspose,TWO_D,2896,2896,4,512,1,31,161.896,7.377,0.009,-1,-1,-1
Intel Xeon Phi coprocessor x100 family,MatrixTranspose,TWO_D,2896,2896,4,1024,1,31,161.982,7.392,0.01,-1,-1,-1
Intel Xeon Phi coprocessor x100 family,MatrixTranspose,TWO_D,2896,2896,4,2048,1,31,161.982,7.32,0.009,-1,-1,-1
Intel Xeon Phi coprocessor x100 family,MatrixTranspose,TWO_D,2896,2896,8,1,1,31,162.44,7.424,0.01,22.535,12.192,2.275
Intel Xeon Phi coprocessor x100 family,MatrixTranspose,TWO_D,2896,2896,8,2,1,31,217.34,10.272,0.007,23.186,10.881,1.71
Intel Xeon Phi coprocessor x100 family,MatrixTranspose,TWO_D,2896,2896,8,4,1,31,168.412,8.995,0.009,21.236,16.551,1.625
Intel Xeon Phi coprocessor x100 family,MatrixTranspose,TWO_D,2896,2896,8,8,1,31,168.508,8.621,0.01,20.156,13.115,1.711
Intel Xeon Phi coprocessor x100 family,MatrixTranspose,TWO_D,2896,2896,8,16,1,31,174.57,8.937,0.01,20.151,13.623,1.484
Intel Xeon Phi coprocessor x100 family,MatrixTranspose,TWO_D,2896,2896,8,32,1,31,167.773,9.045,0.009,-1,-1,-1
Intel Xeon Phi coprocessor x100 family,MatrixTranspose,TWO_D,2896,2896,8,64,1,31,162.26,7.123,0.01,-1,-1,-1
Intel Xeon Phi coprocessor x100 family,MatrixTranspose,TWO_D,2896,2896,8,128,1,31,162.202,7.095,0.01,-1,-1,-1
Intel Xeon Phi coprocessor x100 family,MatrixTranspose,TWO_D,2896,2896,8,256,1,31,162.023,7.116,0.01,-1,-1,-1
Intel Xeon Phi coprocessor x100 family,MatrixTranspose,TWO_D,2896,2896,8,512,1,31,162.312,7.48,0.009,-1,-1,-1
Intel Xeon Phi coprocessor x100 family,MatrixTranspose,TWO_D,2896,2896,8,1024,1,31,162.157,7.377,0.009,-1,-1,-1
Intel Xeon Phi coprocessor x100 family,MatrixTranspose,TWO_D,2896,2896,16,1,1,31,162.049,7.116,0.008,20.738,12.612,2.355
Intel Xeon Phi coprocessor x100 family,MatrixTranspose,TWO_D,2896,2896,16,2,1,31,199.81,10.246,0.008,19.754,14.797,1.66
Intel Xeon Phi coprocessor x100 family,MatrixTranspose,TWO_D,2896,2896,16,4,1,31,176.409,8.752,0.01,40.172,14.95,1.488
Intel Xeon Phi coprocessor x100 family,MatrixTranspose,TWO_D,2896,2896,16,8,1,31,169.189,8.983,0.009,20.208,18.111,1.577
Intel Xeon Phi coprocessor x100 family,MatrixTranspose,TWO_D,2896,2896,16,16,1,31,168.769,9.054,0.01,23.031,12.633,2.598
Intel Xeon Phi coprocessor x100 family,MatrixTranspose,TWO_D,2896,2896,16,32,1,31,222.181,10.162,0.007,-1,-1,-1
Intel Xeon Phi coprocessor x100 family,MatrixTranspose,TWO_D,2896,2896,16,64,1,31,167.452,8.264,0.007,-1,-1,-1
Intel Xeon Phi coprocessor x100 family,MatrixTranspose,TWO_D,2896,2896,16,128,1,31,167.066,8.491,0.007,-1,-1,-1
Intel Xeon Phi coprocessor x100 family,MatrixTranspose,TWO_D,2896,2896,16,256,1,31,167.257,8.558,0.007,-1,-1,-1
Intel Xeon Phi coprocessor x100 family,MatrixTranspose,TWO_D,2896,2896,16,512,1,31,166.83,8.538,0.007,-1,-1,-1
Intel Xeon Phi coprocessor x100 family,MatrixTranspose,TWO_D,2896,2896,32,1,1,31,167.358,9.69,0.007,-1,-1,-1
Intel Xeon Phi coprocessor x100 family,MatrixTranspose,TWO_D,2896,2896,32,2,1,31,169.001,10.324,0.007,-1,-1,-1
Intel Xeon Phi coprocessor x100 family,MatrixTranspose,TWO_D,2896,2896,32,4,1,31,170.536,9.683,0.009,-1,-1,-1
Intel Xeon Phi coprocessor x100 family,MatrixTranspose,TWO_D,2896,2896,32,8,1,31,170.098,9.347,0.009,-1,-1,-1
Intel Xeon Phi coprocessor x100 family,MatrixTranspose,TWO_D,2896,2896,32,16,1,31,168.621,9.311,0.007,-1,-1,-1
Intel Xeon Phi coprocessor x100 family,MatrixTranspose,TWO_D,2896,2896,32,32,1,31,169.097,9.208,0.008,-1,-1,-1
Intel Xeon Phi coprocessor x100 family,MatrixTranspose,TWO_D,2896,2896,32,64,1,31,169.167,9.053,0.008,-1,-1,-1
Intel Xeon Phi coprocessor x100 family,MatrixTranspose,TWO_D,2896,2896,32,128,1,31,169.957,9.371,0.008,-1,-1,-1
Intel Xeon Phi coprocessor x100 family,MatrixTranspose,TWO_D,2896,2896,32,256,1,31,169.704,9.546,0.007,-1,-1,-1
Intel Xeon Phi coprocessor x100 family,MatrixTranspose,TWO_D,2896,2896,64,1,1,31,169.426,9.566,0.008,-1,-1,-1
Intel Xeon Phi coprocessor x100 family,MatrixTranspose,TWO_D,2896,2896,64,2,1,31,169.396,9.498,0.008,-1,-1,-1
Intel Xeon Phi coprocessor x100 family,MatrixTranspose,TWO_D,2896,2896,64,4,1,31,169.692,9.499,0.009,-1,-1,-1
Intel Xeon Phi coprocessor x100 family,MatrixTranspose,TWO_D,2896,2896,64,8,1,31,170.973,9.764,0.008,-1,-1,-1
Intel Xeon Phi coprocessor x100 family,MatrixTranspose,TWO_D,2896,2896,64,16,1,31,169.091,9.293,0.008,-1,-1,-1
Intel Xeon Phi coprocessor x100 family,MatrixTranspose,TWO_D,2896,2896,64,32,1,31,168.498,9.772,0.008,-1,-1,-1
Intel Xeon Phi coprocessor x100 family,MatrixTranspose,TWO_D,2896,2896,64,64,1,31,168.998,10.357,0.009,-1,-1,-1
Intel Xeon Phi coprocessor x100 family,MatrixTranspose,TWO_D,2896,2896,64,128,1,31,169.064,9.134,0.009,-1,-1,-1
Intel Xeon Phi coprocessor x100 family,MatrixTranspose,TWO_D,2896,2896,128,1,1,31,169.653,9.384,0.008,-1,-1,-1
Intel Xeon Phi coprocessor x100 family,MatrixTranspose,TWO_D,2896,2896,128,2,1,31,169.463,10.713,0.007,-1,-1,-1
Intel Xeon Phi coprocessor x100 family,MatrixTranspose,TWO_D,2896,2896,128,4,1,31,169.801,9.723,0.009,-1,-1,-1
Intel Xeon Phi coprocessor x100 family,MatrixTranspose,TWO_D,2896,2896,128,8,1,31,169.136,9.085,0.007,-1,-1,-1
Intel Xeon Phi coprocessor x100 family,MatrixTranspose,TWO_D,2896,2896,128,16,1,31,170.469,10.481,0.007,-1,-1,-1
Intel Xeon Phi coprocessor x100 family,MatrixTranspose,TWO_D,2896,2896,128,32,1,31,169.675,9.306,0.008,-1,-1,-1
Intel Xeon Phi coprocessor x100 family,MatrixTranspose,TWO_D,2896,2896,128,64,1,31,168.997,9.291,0.008,-1,-1,-1
Intel Xeon Phi coprocessor x100 family,MatrixTranspose,TWO_D,2896,2896,256,1,1,31,169.52,9.101,0.009,-1,-1,-1
Intel Xeon Phi coprocessor x100 family,MatrixTranspose,TWO_D,2896,2896,256,2,1,31,169.055,9.621,0.008,-1,-1,-1
Intel Xeon Phi coprocessor x100 family,MatrixTranspose,TWO_D,2896,2896,256,4,1,31,171.326,9.396,0.008,-1,-1,-1
Intel Xeon Phi coprocessor x100 family,MatrixTranspose,TWO_D,2896,2896,256,8,1,31,169.774,9.306,0.008,-1,-1,-1
Intel Xeon Phi coprocessor x100 family,MatrixTranspose,TWO_D,2896,2896,256,16,1,31,169.824,9.572,0.007,-1,-1,-1
Intel Xeon Phi coprocessor x100 family,MatrixTranspose,TWO_D,2896,2896,256,32,1,31,170.776,10.039,0.007,-1,-1,-1
Intel Xeon Phi coprocessor x100 family,MatrixTranspose,TWO_D,2896,2896,512,1,1,31,169.89,9.038,0.008,-1,-1,-1
Intel Xeon Phi coprocessor x100 family,MatrixTranspose,TWO_D,2896,2896,512,2,1,31,170.198,9.497,0.008,-1,-1,-1
Intel Xeon Phi coprocessor x100 family,MatrixTranspose,TWO_D,2896,2896,512,4,1,31,169.595,9.555,0.008,-1,-1,-1
Intel Xeon Phi coprocessor x100 family,MatrixTranspose,TWO_D,2896,2896,512,8,1,31,169.828,10.076,0.007,-1,-1,-1
Intel Xeon Phi coprocessor x100 family,MatrixTranspose,TWO_D,2896,2896,512,16,1,31,169.731,9.145,0.008,-1,-1,-1
Intel Xeon Phi coprocessor x100 family,MatrixTranspose,TWO_D,2896,2896,1024,1,1,31,169.758,9.161,0.008,-1,-1,-1
Intel Xeon Phi coprocessor x100 family,MatrixTranspose,TWO_D,2896,2896,1024,2,1,31,170.566,9.835,0.008,-1,-1,-1
Intel Xeon Phi coprocessor x100 family,MatrixTranspose,TWO_D,2896,2896,1024,4,1,31,169.715,10.487,0.007,-1,-1,-1
Intel Xeon Phi coprocessor x100 family,MatrixTranspose,TWO_D,2896,2896,1024,8,1,31,169.464,10.401,0.008,-1,-1,-1
Intel Xeon Phi coprocessor x100 family,MatrixTranspose,TWO_D,2896,2896,2048,1,1,31,168.984,9.366,0.008,-1,-1,-1
Intel Xeon Phi coprocessor x100 family,MatrixTranspose,TWO_D,2896,2896,2048,2,1,31,171.119,10.519,0.008,-1,-1,-1
Intel Xeon Phi coprocessor x100 family,MatrixTranspose,TWO_D,2896,2896,2048,4,1,31,169.35,10.505,0.009,-1,-1,-1
Intel Xeon Phi coprocessor x100 family,MatrixTranspose,TWO_D,2896,2896,4096,1,1,31,169.441,10.289,0.008,-1,-1,-1
Intel Xeon Phi coprocessor x100 family,MatrixTranspose,TWO_D,2896,2896,4096,2,1,31,169.59,10.638,0.009,-1,-1,-1
Intel Xeon Phi coprocessor x100 family,MatrixTranspose,TWO_D,2896,2896,8192,1,1,31,169.417,10.388,0.007,-1,-1,-1
Intel Xeon Phi coprocessor x100 family,MatrixTranspose,TWO_D,2896,2896,1,1,1,31,169.545,10.585,0.01,45.974,30.75,2.278
Intel Xeon Phi coprocessor x100 family,MatrixTranspose,TWO_D,2896,2896,1,2,1,31,165.794,13.321,0.01,33.123,25.461,2.267
Intel Xeon Phi coprocessor x100 family,MatrixTranspose,TWO_D,2896,2896,1,4,1,31,165.741,13.516,0.026,26.999,31.429,2.26
Intel Xeon Phi coprocessor x100 family,MatrixTranspose,TWO_D,2896,2896,1,8,1,31,165.824,12.243,0.011,24.241,23.678,2.272
Intel Xeon Phi coprocessor x100 family,MatrixTranspose,TWO_D,2896,2896,1,16,1,31,170.156,8.942,0.01,22.83,27.501,2.602
Intel Xeon Phi coprocessor x100 family,MatrixTranspose,TWO_D,2896,2896,1,32,1,31,164.775,13.928,0.011,-1,-1,-1
Intel Xeon Phi coprocessor x100 family,MatrixTranspose,TWO_D,2896,2896,1,64,1,31,162.794,7.333,0.011,-1,-1,-1
Intel Xeon Phi coprocessor x100 family,MatrixTranspose,TWO_D,2896,2896,1,128,1,31,163.552,7.704,0.011,-1,-1,-1
Intel Xeon Phi coprocessor x100 family,MatrixTranspose,TWO_D,2896,2896,1,256,1,31,163.166,7.958,0.01,-1,-1,-1
Intel Xeon Phi coprocessor x100 family,MatrixTranspose,TWO_D,2896,2896,1,512,1,31,162.827,7.987,0.01,-1,-1,-1
Intel Xeon Phi coprocessor x100 family,MatrixTranspose,TWO_D,2896,2896,1,1024,1,31,162.941,7.993,0.01,-1,-1,-1
Intel Xeon Phi coprocessor x100 family,MatrixTranspose,TWO_D,2896,2896,1,2048,1,31,162.83,7.638,0.009,-1,-1,-1
Intel Xeon Phi coprocessor x100 family,MatrixTranspose,TWO_D,2896,2896,1,4096,1,31,167.908,6.872,0.01,-1,-1,-1
Intel Xeon Phi coprocessor x100 family,MatrixTranspose,TWO_D,2896,2896,1,8192,1,31,163.677,7.443,0.012,-1,-1,-1
Intel Xeon Phi coprocessor x100 family,MatrixTranspose,TWO_D,2896,2896,2,1,1,31,162.698,7.186,0.009,32.729,14.462,2.406
Intel Xeon Phi coprocessor x100 family,MatrixTranspose,TWO_D,2896,2896,2,2,1,31,167.739,9.318,0.01,26.18,13.734,2.574
Intel Xeon Phi coprocessor x100 family,MatrixTranspose,TWO_D,2896,2896,2,4,1,31,165.799,12.86,0.01,22.594,15.138,2.612
Intel Xeon Phi coprocessor x100 family,MatrixTranspose,TWO_D,2896,2896,2,8,1,31,166.685,12.891,0.01,21.915,13.785,2.716
Intel Xeon Phi coprocessor x100 family,MatrixTranspose,TWO_D,2896,2896,2,16,1,31,176.557,8.73,0.01,21.277,19.721,2.382
Intel Xeon Phi coprocessor x100 family,MatrixTranspose,TWO_D,2896,2896,2,32,1,31,177.267,8.918,0.01,-1,-1,-1
Intel Xeon Phi coprocessor x100 family,MatrixTranspose,TWO_D,2896,2896,2,64,1,31,163.363,7.657,0.01,-1,-1,-1
Intel Xeon Phi coprocessor x100 family,MatrixTranspose,TWO_D,2896,2896,2,128,1,31,163.282,7.221,0.01,-1,-1,-1
Intel Xeon Phi coprocessor x100 family,MatrixTranspose,TWO_D,2896,2896,2,256,1,31,166.94,7.235,0.009,-1,-1,-1
Intel Xeon Phi coprocessor x100 family,MatrixTranspose,TWO_D,2896,2896,2,512,1,31,167.562,7.272,0.013,-1,-1,-1
Intel Xeon Phi coprocessor x100 family,MatrixTranspose,TWO_D,2896,2896,2,1024,1,31,163.155,7.148,0.01,-1,-1,-1
Intel Xeon Phi coprocessor x100 family,MatrixTranspose,TWO_D,2896,2896,2,2048,1,31,163.755,7.504,0.009,-1,-1,-1
Intel Xeon Phi coprocessor x100 family,MatrixTranspose,TWO_D,2896,2896,2,4096,1,31,163.538,7.099,0.011,-1,-1,-1
Intel Xeon Phi coprocessor x100 family,MatrixTranspose,TWO_D,2896,2896,4,1,1,31,164.028,7.09,0.01,25.722,19.177,3.091
Intel Xeon Phi coprocessor x100 family,MatrixTranspose,TWO_D,2896,2896,4,2,1,31,228.332,10.652,0.01,25.078,15.884,2.941
Intel Xeon Phi coprocessor x100 family,MatrixTranspose,TWO_D,2896,2896,4,4,1,31,162.499,14.145,0.01,21.605,15.678,2.364
Intel Xeon Phi coprocessor x100 family,MatrixTranspose,TWO_D,2896,2896,4,8,1,31,176.515,9.089,0.01,20.703,16.274,2.223
Intel Xeon Phi coprocessor x100 family,MatrixTranspose,TWO_D,2896,2896,4,16,1,31,169.461,8.88,0.009,23.725,13.969,2.215
Intel Xeon Phi coprocessor x100 family,MatrixTranspose,TWO_D,2896,2896,4,32,1,31,165.651,11.417,0.009,-1,-1,-1
Intel Xeon Phi coprocessor x100 family,MatrixTranspose,TWO_D,2896,2896,4,64,1,31,164.953,7.438,0.009,-1,-1,-1
Intel Xeon Phi coprocessor x100 family,MatrixTranspose,TWO_D,2896,2896,4,128,1,31,165.043,7.982,0.009,-1,-1,-1
Intel Xeon Phi coprocessor x100 family,MatrixTranspose,TWO_D,2896,2896,4,256,1,31,164.95,7.993,0.009,-1,-1,-1
Intel Xeon Phi coprocessor x100 family,MatrixTranspose,TWO_D,2896,2896,4,512,1,31,163.698,6.993,0.01,-1,-1,-1
Intel Xeon Phi coprocessor x100 family,MatrixTranspose,TWO_D,2896,2896,4,1024,1,31,162.763,7.156,0.008,-1,-1,-1
Intel Xeon Phi coprocessor x100 family,MatrixTranspose,TWO_D,2896,2896,4,2048,1,31,162.722,7.185,0.01,-1,-1,-1
Intel Xeon Phi coprocessor x100 family,MatrixTranspose,TWO_D,2896,2896,8,1,1,31,163.011,7.115,0.009,22.492,17.427,2.396
Intel Xeon Phi coprocessor x100 family,MatrixTranspose,TWO_D,2896,2896,8,2,1,31,165.536,13.518,0.01,20.725,14.65,2.374
Intel Xeon Phi coprocessor x100 family,MatrixTranspose,TWO_D,2896,2896,8,4,1,31,176.456,9.026,0.009,20.323,15.961,2.426
Intel Xeon Phi coprocessor x100 family,MatrixTranspose,TWO_D,2896,2896,8,8,1,31,165.593,12.738,0.011,19.828,18.308,2.748
Intel Xeon Phi coprocessor x100 family,MatrixTranspose,TWO_D,2896,2896,8,16,1,31,165.861,13.247,0.01,26.957,15.105,2.406
Intel Xeon Phi coprocessor x100 family,MatrixTranspose,TWO_D,2896,2896,8,32,1,31,173.028,9.059,0.009,-1,-1,-1
Intel Xeon Phi coprocessor x100 family,MatrixTranspose,TWO_D,2896,2896,8,64,1,31,163.178,7.211,0.009,-1,-1,-1
Intel Xeon Phi coprocessor x100 family,MatrixTranspose,TWO_D,2896,2896,8,128,1,31,163.947,6.927,0.009,-1,-1,-1
Intel Xeon Phi coprocessor x100 family,MatrixTranspose,TWO_D,2896,2896,8,256,1,31,163.216,7.238,0.008,-1,-1,-1
Intel Xeon Phi coprocessor x100 family,MatrixTranspose,TWO_D,2896,2896,8,512,1,31,163.161,7.139,0.01,-1,-1,-1
Intel Xeon Phi coprocessor x100 family,MatrixTranspose,TWO_D,2896,2896,8,1024,1,31,163.427,7.323,0.009,-1,-1,-1
Intel Xeon Phi coprocessor x100 family,MatrixTranspose,TWO_D,2896,2896,16,1,1,31,163.154,7.243,0.01,19.79,13.61,2.405
Intel Xeon Phi coprocessor x100 family,MatrixTranspose,TWO_D,2896,2896,16,2,1,31,165.721,12.038,0.01,20.638,14.034,2.287
Intel Xeon Phi coprocessor x100 family,MatrixTranspose,TWO_D,2896,2896,16,4,1,31,172.271,11.788,0.009,31.05,18.652,2.413
Intel Xeon Phi coprocessor x100 family,MatrixTranspose,TWO_D,2896,2896,16,8,1,31,165.225,13.05,0.011,40.039,18.251,2.285
Intel Xeon Phi coprocessor x100 family,MatrixTranspose,TWO_D,2896,2896,16,16,1,31,165.788,13.625,0.009,23.205,14.001,2.435
Intel Xeon Phi coprocessor x100 family,MatrixTranspose,TWO_D,2896,2896,16,32,1,31,176.762,9.143,0.01,-1,-1,-1
Intel Xeon Phi coprocessor x100 family,MatrixTranspose,TWO_D,2896,2896,16,64,1,31,165.169,6.902,0.009,-1,-1,-1
Intel Xeon Phi coprocessor x100 family,MatrixTranspose,TWO_D,2896,2896,16,128,1,31,165.215,7.166,0.009,-1,-1,-1
Intel Xeon Phi coprocessor x100 family,MatrixTranspose,TWO_D,2896,2896,16,256,1,31,165.343,7.208,0.01,-1,-1,-1
Intel Xeon Phi coprocessor x100 family,MatrixTranspose,TWO_D,2896,2896,16,512,1,31,165.201,7.179,0.011,-1,-1,-1
Intel Xeon Phi coprocessor x100 family,MatrixTranspose,TWO_D,2896,2896,32,1,1,31,165.217,6.868,0.009,-1,-1,-1
Intel Xeon Phi coprocessor x100 family,MatrixTranspose,TWO_D,2896,2896,32,2,1,31,165.242,7.856,0.009,-1,-1,-1
Intel Xeon Phi coprocessor x100 family,MatrixTranspose,TWO_D,2896,2896,32,4,1,31,165.178,7.161,0.009,-1,-1,-1
Intel Xeon Phi coprocessor x100 family,MatrixTranspose,TWO_D,2896,2896,32,8,1,31,165.334,7.18,0.009,-1,-1,-1
Intel Xeon Phi coprocessor x100 family,MatrixTranspose,TWO_D,2896,2896,32,16,1,31,165.226,7.183,0.009,-1,-1,-1
Intel Xeon Phi coprocessor x100 family,MatrixTranspose,TWO_D,2896,2896,32,32,1,31,165.811,7.27,0.009,-1,-1,-1
Intel Xeon Phi coprocessor x100 family,MatrixTranspose,TWO_D,2896,2896,32,64,1,31,165.257,7.012,0.009,-1,-1,-1
Intel Xeon Phi coprocessor x100 family,MatrixTranspose,TWO_D,2896,2896,32,128,1,31,165.159,7.149,0.009,-1,-1,-1
Intel Xeon Phi coprocessor x100 family,MatrixTranspose,TWO_D,2896,2896,32,256,1,31,165.258,7.168,0.01,-1,-1,-1
Intel Xeon Phi coprocessor x100 family,MatrixTranspose,TWO_D,2896,2896,64,1,1,31,165.197,7.204,0.009,-1,-1,-1
Intel Xeon Phi coprocessor x100 family,MatrixTranspose,TWO_D,2896,2896,64,2,1,31,165.207,6.943,0.009,-1,-1,-1
Intel Xeon Phi coprocessor x100 family,MatrixTranspose,TWO_D,2896,2896,64,4,1,31,165.247,7.295,0.01,-1,-1,-1
Intel Xeon Phi coprocessor x100 family,MatrixTranspose,TWO_D,2896,2896,64,8,1,31,165.147,7.249,0.009,-1,-1,-1
Intel Xeon Phi coprocessor x100 family,MatrixTranspose,TWO_D,2896,2896,64,16,1,31,165.289,7.204,0.009,-1,-1,-1
Intel Xeon Phi coprocessor x100 family,MatrixTranspose,TWO_D,2896,2896,64,32,1,31,165.229,7.208,0.009,-1,-1,-1
Intel Xeon Phi coprocessor x100 family,MatrixTranspose,TWO_D,2896,2896,64,64,1,31,165.653,6.947,0.009,-1,-1,-1
Intel Xeon Phi coprocessor x100 family,MatrixTranspose,TWO_D,2896,2896,64,128,1,31,165.255,7.037,0.009,-1,-1,-1
Intel Xeon Phi coprocessor x100 family,MatrixTranspose,TWO_D,2896,2896,128,1,1,31,165.098,7.262,0.008,-1,-1,-1
Intel Xeon Phi coprocessor x100 family,MatrixTranspose,TWO_D,2896,2896,128,2,1,31,165.273,7.233,0.009,-1,-1,-1
Intel Xeon Phi coprocessor x100 family,MatrixTranspose,TWO_D,2896,2896,128,4,1,31,165.172,7.201,0.025,-1,-1,-1
Intel Xeon Phi coprocessor x100 family,MatrixTranspose,TWO_D,2896,2896,128,8,1,31,165.178,7.201,0.009,-1,-1,-1
Intel Xeon Phi coprocessor x100 family,MatrixTranspose,TWO_D,2896,2896,128,16,1,31,165.228,6.941,0.024,-1,-1,-1
Intel Xeon Phi coprocessor x100 family,MatrixTranspose,TWO_D,2896,2896,128,32,1,31,165.071,7.258,0.008,-1,-1,-1
Intel Xeon Phi coprocessor x100 family,MatrixTranspose,TWO_D,2896,2896,128,64,1,31,165.253,7.18,0.009,-1,-1,-1
Intel Xeon Phi coprocessor x100 family,MatrixTranspose,TWO_D,2896,2896,256,1,1,31,165.877,7.276,0.009,-1,-1,-1
Intel Xeon Phi coprocessor x100 family,MatrixTranspose,TWO_D,2896,2896,256,2,1,31,165.562,7.159,0.009,-1,-1,-1
Intel Xeon Phi coprocessor x100 family,MatrixTranspose,TWO_D,2896,2896,256,4,1,31,165.497,6.896,0.01,-1,-1,-1
Intel Xeon Phi coprocessor x100 family,MatrixTranspose,TWO_D,2896,2896,256,8,1,31,165.148,7.604,0.01,-1,-1,-1
Intel Xeon Phi coprocessor x100 family,MatrixTranspose,TWO_D,2896,2896,256,16,1,31,165.477,7.349,0.01,-1,-1,-1
Intel Xeon Phi coprocessor x100 family,MatrixTranspose,TWO_D,2896,2896,256,32,1,31,162.084,7.364,0.009,-1,-1,-1
Intel Xeon Phi coprocessor x100 family,MatrixTranspose,TWO_D,2896,2896,512,1,1,31,162.226,7.291,0.009,-1,-1,-1
Intel Xeon Phi coprocessor x100 family,MatrixTranspose,TWO_D,2896,2896,512,2,1,31,162.629,7.309,0.009,-1,-1,-1
Intel Xeon Phi coprocessor x100 family,MatrixTranspose,TWO_D,2896,2896,512,4,1,31,162.096,7.442,0.009,-1,-1,-1
Intel Xeon Phi coprocessor x100 family,MatrixTranspose,TWO_D,2896,2896,512,8,1,31,162.487,7.423,0.008,-1,-1,-1
Intel Xeon Phi coprocessor x100 family,MatrixTranspose,TWO_D,2896,2896,512,16,1,31,162.262,7.273,0.009,-1,-1,-1
Intel Xeon Phi coprocessor x100 family,MatrixTranspose,TWO_D,2896,2896,1024,1,1,31,162.021,7.335,0.008,-1,-1,-1
Intel Xeon Phi coprocessor x100 family,MatrixTranspose,TWO_D,2896,2896,1024,2,1,31,163.244,7.327,0.009,-1,-1,-1
Intel Xeon Phi coprocessor x100 family,MatrixTranspose,TWO_D,2896,2896,1024,4,1,31,166.983,7.221,0.009,-1,-1,-1
Intel Xeon Phi coprocessor x100 family,MatrixTranspose,TWO_D,2896,2896,1024,8,1,31,162.069,7.338,0.009,-1,-1,-1
Intel Xeon Phi coprocessor x100 family,MatrixTranspose,TWO_D,2896,2896,2048,1,1,31,162.095,7.104,0.008,-1,-1,-1
Intel Xeon Phi coprocessor x100 family,MatrixTranspose,TWO_D,2896,2896,2048,2,1,31,162.205,7.302,0.008,-1,-1,-1
Intel Xeon Phi coprocessor x100 family,MatrixTranspose,TWO_D,2896,2896,2048,4,1,31,162.389,7.325,0.01,-1,-1,-1
Intel Xeon Phi coprocessor x100 family,MatrixTranspose,TWO_D,2896,2896,4096,1,1,31,162.089,7.298,0.025,-1,-1,-1
Intel Xeon Phi coprocessor x100 family,MatrixTranspose,TWO_D,2896,2896,4096,2,1,31,162.057,7.266,0.025,-1,-1,-1
Intel Xeon Phi coprocessor x100 family,MatrixTranspose,TWO_D,2896,2896,8192,1,1,31,162.625,7.373,0.008,-1,-1,-1
Intel Xeon Phi coprocessor x100 family,MatrixTranspose,TWO_D,2896,2896,1,1,1,31,220.061,9.129,0.01,47.169,16.46,3.911
Intel Xeon Phi coprocessor x100 family,MatrixTranspose,TWO_D,2896,2896,1,2,1,31,216.807,10.99,0.012,35.38,15.185,3.076
Intel Xeon Phi coprocessor x100 family,MatrixTranspose,TWO_D,2896,2896,1,4,1,31,219.76,11.427,0.012,28.995,15.788,3.344
Intel Xeon Phi coprocessor x100 family,MatrixTranspose,TWO_D,2896,2896,1,8,1,31,220.26,11.307,0.014,25.316,17.234,2.981
Intel Xeon Phi coprocessor x100 family,MatrixTranspose,TWO_D,2896,2896,1,16,1,31,222.205,11.382,0.011,24.236,17.889,3.725
Intel Xeon Phi coprocessor x100 family,MatrixTranspose,TWO_D,2896,2896,1,32,1,31,221.889,11.294,0.012,-1,-1,-1
Intel Xeon Phi coprocessor x100 family,MatrixTranspose,TWO_D,2896,2896,1,64,1,31,196.988,7.28,0.009,-1,-1,-1
Intel Xeon Phi coprocessor x100 family,MatrixTranspose,TWO_D,2896,2896,1,128,1,31,165.145,7.433,0.011,-1,-1,-1
Intel Xeon Phi coprocessor x100 family,MatrixTranspose,TWO_D,2896,2896,1,256,1,31,165.188,7.49,0.009,-1,-1,-1
Intel Xeon Phi coprocessor x100 family,MatrixTranspose,TWO_D,2896,2896,1,512,1,31,165.115,7.435,0.01,-1,-1,-1
Intel Xeon Phi coprocessor x100 family,MatrixTranspose,TWO_D,2896,2896,1,1024,1,31,165.068,7.563,0.009,-1,-1,-1
Intel Xeon Phi coprocessor x100 family,MatrixTranspose,TWO_D,2896,2896,1,2048,1,31,165.079,7.227,0.01,-1,-1,-1
Intel Xeon Phi coprocessor x100 family,MatrixTranspose,TWO_D,2896,2896,1,4096,1,31,165.557,7.538,0.009,-1,-1,-1
Intel Xeon Phi coprocessor x100 family,MatrixTranspose,TWO_D,2896,2896,1,8192,1,31,165.601,7.63,0.009,-1,-1,-1
Intel Xeon Phi coprocessor x100 family,MatrixTranspose,TWO_D,2896,2896,2,1,1,31,165.06,7.531,0.01,32.403,16.488,3.19
Intel Xeon Phi coprocessor x100 family,MatrixTranspose,TWO_D,2896,2896,2,2,1,31,168.33,9.467,0.011,26.107,13.611,3.738
Intel Xeon Phi coprocessor x100 family,MatrixTranspose,TWO_D,2896,2896,2,4,1,31,167.69,9.201,0.009,23.353,16.08,2.815
Intel Xeon Phi coprocessor x100 family,MatrixTranspose,TWO_D,2896,2896,2,8,1,31,168.066,9.422,0.011,21.921,16.683,2.962
Intel Xeon Phi coprocessor x100 family,MatrixTranspose,TWO_D,2896,2896,2,16,1,31,169.025,9.602,0.011,21.237,16.53,2.371
Intel Xeon Phi coprocessor x100 family,MatrixTranspose,TWO_D,2896,2896,2,32,1,31,165.572,9.585,0.009,-1,-1,-1
Intel Xeon Phi coprocessor x100 family,MatrixTranspose,TWO_D,2896,2896,2,64,1,31,165.101,7.299,0.011,-1,-1,-1
Intel Xeon Phi coprocessor x100 family,MatrixTranspose,TWO_D,2896,2896,2,128,1,31,165.063,7.458,0.01,-1,-1,-1
Intel Xeon Phi coprocessor x100 family,MatrixTranspose,TWO_D,2896,2896,2,256,1,31,166.026,7.437,0.011,-1,-1,-1
Intel Xeon Phi coprocessor x100 family,MatrixTranspose,TWO_D,2896,2896,2,512,1,31,165.138,7.475,0.01,-1,-1,-1
Intel Xeon Phi coprocessor x100 family,MatrixTranspose,TWO_D,2896,2896,2,1024,1,31,165.154,7.414,0.01,-1,-1,-1
Intel Xeon Phi coprocessor x100 family,MatrixTranspose,TWO_D,2896,2896,2,2048,1,31,165.558,7.59,0.011,-1,-1,-1
Intel Xeon Phi coprocessor x100 family,MatrixTranspose,TWO_D,2896,2896,2,4096,1,31,166.536,7.197,0.01,-1,-1,-1
Intel Xeon Phi coprocessor x100 family,MatrixTranspose,TWO_D,2896,2896,4,1,1,31,165.398,7.437,0.01,25.793,15.016,2.828
Intel Xeon Phi coprocessor x100 family,MatrixTranspose,TWO_D,2896,2896,4,2,1,31,169.157,9.46,0.01,22.743,15.534,2.844
Intel Xeon Phi coprocessor x100 family,MatrixTranspose,TWO_D,2896,2896,4,4,1,31,169.293,9.55,0.01,23.44,15.259,2.74
Intel Xeon Phi coprocessor x100 family,MatrixTranspose,TWO_D,2896,2896,4,8,1,31,167.484,9.24,0.014,20.563,17.201,2.674
Intel Xeon Phi coprocessor x100 family,MatrixTranspose,TWO_D,2896,2896,4,16,1,31,165.81,9.546,0.01,20.635,14.726,3.012
Intel Xeon Phi coprocessor x100 family,MatrixTranspose,TWO_D,2896,2896,4,32,1,31,175.164,9.302,0.011,-1,-1,-1
Intel Xeon Phi coprocessor x100 family,MatrixTranspose,TWO_D,2896,2896,4,64,1,31,165.155,7.439,0.01,-1,-1,-1
Intel Xeon Phi coprocessor x100 family,MatrixTranspose,TWO_D,2896,2896,4,128,1,31,165.106,7.426,0.01,-1,-1,-1
Intel Xeon Phi coprocessor x100 family,MatrixTranspose,TWO_D,2896,2896,4,256,1,31,165.174,7.232,0.011,-1,-1,-1
Intel Xeon Phi coprocessor x100 family,MatrixTranspose,TWO_D,2896,2896,4,512,1,31,165.099,7.379,0.009,-1,-1,-1
Intel Xeon Phi coprocessor x100 family,MatrixTranspose,TWO_D,2896,2896,4,1024,1,31,165.217,7.165,0.01,-1,-1,-1
Intel Xeon Phi coprocessor x100 family,MatrixTranspose,TWO_D,2896,2896,4,2048,1,31,165.167,7.592,0.009,-1,-1,-1
Intel Xeon Phi coprocessor x100 family,MatrixTranspose,TWO_D,2896,2896,8,1,1,31,165.053,7.452,0.011,22.239,16.745,3.003
Intel Xeon Phi coprocessor x100 family,MatrixTranspose,TWO_D,2896,2896,8,2,1,31,170.27,9.59,0.01,20.813,13.609,2.533
Intel Xeon Phi coprocessor x100 family,MatrixTranspose,TWO_D,2896,2896,8,4,1,31,166.435,9.314,0.01,20.502,15.609,2.778
Intel Xeon Phi coprocessor x100 family,MatrixTranspose,TWO_D,2896,2896,8,8,1,31,167.575,9.447,0.01,19.962,17.483,2.775
Intel Xeon Phi coprocessor x100 family,MatrixTranspose,TWO_D,2896,2896,8,16,1,31,165.586,9.512,0.01,21.123,19.01,2.355
Intel Xeon Phi coprocessor x100 family,MatrixTranspose,TWO_D,2896,2896,8,32,1,31,165.562,9.316,0.011,-1,-1,-1
Intel Xeon Phi coprocessor x100 family,MatrixTranspose,TWO_D,2896,2896,8,64,1,31,165.207,7.492,0.01,-1,-1,-1
Intel Xeon Phi coprocessor x100 family,MatrixTranspose,TWO_D,2896,2896,8,128,1,31,165.161,7.453,0.011,-1,-1,-1
Intel Xeon Phi coprocessor x100 family,MatrixTranspose,TWO_D,2896,2896,8,256,1,31,165.247,7.478,0.011,-1,-1,-1
Intel Xeon Phi coprocessor x100 family,MatrixTranspose,TWO_D,2896,2896,8,512,1,31,165.139,7.454,0.011,-1,-1,-1
Intel Xeon Phi coprocessor x100 family,MatrixTranspose,TWO_D,2896,2896,8,1024,1,31,165.105,7.505,0.01,-1,-1,-1
Intel Xeon Phi coprocessor x100 family,MatrixTranspose,TWO_D,2896,2896,16,1,1,31,165.875,7.427,0.011,22.36,17.222,2.373
Intel Xeon Phi coprocessor x100 family,MatrixTranspose,TWO_D,2896,2896,16,2,1,31,166.292,9.613,0.009,18.928,19.654,2.521
Intel Xeon Phi coprocessor x100 family,MatrixTranspose,TWO_D,2896,2896,16,4,1,31,166.769,9.432,0.01,23.87,13.621,2.883
Intel Xeon Phi coprocessor x100 family,MatrixTranspose,TWO_D,2896,2896,16,8,1,31,167.149,9.403,0.012,31.246,13.61,2.436
Intel Xeon Phi coprocessor x100 family,MatrixTranspose,TWO_D,2896,2896,16,16,1,31,165.588,9.376,0.011,21.162,13.604,2.527
Intel Xeon Phi coprocessor x100 family,MatrixTranspose,TWO_D,2896,2896,16,32,1,31,165.64,9.369,0.011,-1,-1,-1
Intel Xeon Phi coprocessor x100 family,MatrixTranspose,TWO_D,2896,2896,16,64,1,31,165.24,7.633,0.01,-1,-1,-1
Intel Xeon Phi coprocessor x100 family,MatrixTranspose,TWO_D,2896,2896,16,128,1,31,165.136,7.394,0.011,-1,-1,-1
Intel Xeon Phi coprocessor x100 family,MatrixTranspose,TWO_D,2896,2896,16,256,1,31,165.065,7.447,0.014,-1,-1,-1
Intel Xeon Phi coprocessor x100 family,MatrixTranspose,TWO_D,2896,2896,16,512,1,31,165.101,7.644,0.012,-1,-1,-1
Intel Xeon Phi coprocessor x100 family,MatrixTranspose,TWO_D,2896,2896,32,1,1,31,165.057,7.796,0.011,-1,-1,-1
Intel Xeon Phi coprocessor x100 family,MatrixTranspose,TWO_D,2896,2896,32,2,1,31,166.147,7.43,0.01,-1,-1,-1
Intel Xeon Phi coprocessor x100 family,MatrixTranspose,TWO_D,2896,2896,32,4,1,31,165.18,7.453,0.01,-1,-1,-1
Intel Xeon Phi coprocessor x100 family,MatrixTranspose,TWO_D,2896,2896,32,8,1,31,165.121,7.749,0.011,-1,-1,-1
Intel Xeon Phi coprocessor x100 family,MatrixTranspose,TWO_D,2896,2896,32,16,1,31,165.088,7.5,0.011,-1,-1,-1
Intel Xeon Phi coprocessor x100 family,MatrixTranspose,TWO_D,2896,2896,32,32,1,31,165.126,7.521,0.011,-1,-1,-1
Intel Xeon Phi coprocessor x100 family,MatrixTranspose,TWO_D,2896,2896,32,64,1,31,165.213,7.403,0.011,-1,-1,-1
Intel Xeon Phi coprocessor x100 family,MatrixTranspose,TWO_D,2896,2896,32,128,1,31,165.151,7.453,0.01,-1,-1,-1
Intel Xeon Phi coprocessor x100 family,MatrixTranspose,TWO_D,2896,2896,32,256,1,31,165.062,7.472,0.01,-1,-1,-1
Intel Xeon Phi coprocessor x100 family,MatrixTranspose,TWO_D,2896,2896,64,1,1,31,165.073,7.482,0.011,-1,-1,-1
Intel Xeon Phi coprocessor x100 family,MatrixTranspose,TWO_D,2896,2896,64,2,1,31,165.13,7.275,0.01,-1,-1,-1
Intel Xeon Phi coprocessor x100 family,MatrixTranspose,TWO_D,2896,2896,64,4,1,31,166.13,7.566,0.01,-1,-1,-1
Intel Xeon Phi coprocessor x100 family,MatrixTranspose,TWO_D,2896,2896,64,8,1,31,165.143,7.53,0.01,-1,-1,-1
Intel Xeon Phi coprocessor x100 family,MatrixTranspose,TWO_D,2896,2896,64,16,1,31,165.512,7.535,0.011,-1,-1,-1
Intel Xeon Phi coprocessor x100 family,MatrixTranspose,TWO_D,2896,2896,64,32,1,31,164.946,7.435,0.01,-1,-1,-1
Intel Xeon Phi coprocessor x100 family,MatrixTranspose,TWO_D,2896,2896,64,64,1,31,165.084,7.507,0.01,-1,-1,-1
Intel Xeon Phi coprocessor x100 family,MatrixTranspose,TWO_D,2896,2896,64,128,1,31,165.165,7.597,0.01,-1,-1,-1
Intel Xeon Phi coprocessor x100 family,MatrixTranspose,TWO_D,2896,2896,128,1,1,31,165.055,7.515,0.011,-1,-1,-1
Intel Xeon Phi coprocessor x100 family,MatrixTranspose,TWO_D,2896,2896,128,2,1,31,165.02,7.507,0.01,-1,-1,-1
Intel Xeon Phi coprocessor x100 family,MatrixTranspose,TWO_D,2896,2896,128,4,1,31,165.059,7.481,0.009,-1,-1,-1
Intel Xeon Phi coprocessor x100 family,MatrixTranspose,TWO_D,2896,2896,128,8,1,31,168.037,7.275,0.01,-1,-1,-1
Intel Xeon Phi coprocessor x100 family,MatrixTranspose,TWO_D,2896,2896,128,16,1,31,165.897,7.674,0.009,-1,-1,-1
Intel Xeon Phi coprocessor x100 family,MatrixTranspose,TWO_D,2896,2896,128,32,1,31,165.091,7.474,0.01,-1,-1,-1
Intel Xeon Phi coprocessor x100 family,MatrixTranspose,TWO_D,2896,2896,128,64,1,31,165.092,7.492,0.009,-1,-1,-1
Intel Xeon Phi coprocessor x100 family,MatrixTranspose,TWO_D,2896,2896,256,1,1,31,165.004,7.496,0.01,-1,-1,-1
Intel Xeon Phi coprocessor x100 family,MatrixTranspose,TWO_D,2896,2896,256,2,1,31,165.045,7.23,0.009,-1,-1,-1
Intel Xeon Phi coprocessor x100 family,MatrixTranspose,TWO_D,2896,2896,256,4,1,31,165.097,7.222,0.01,-1,-1,-1
Intel Xeon Phi coprocessor x100 family,MatrixTranspose,TWO_D,2896,2896,256,8,1,31,165.069,7.441,0.01,-1,-1,-1
Intel Xeon Phi coprocessor x100 family,MatrixTranspose,TWO_D,2896,2896,256,16,1,31,165.028,7.489,0.01,-1,-1,-1
Intel Xeon Phi coprocessor x100 family,MatrixTranspose,TWO_D,2896,2896,256,32,1,31,165.025,7.461,0.011,-1,-1,-1
Intel Xeon Phi coprocessor x100 family,MatrixTranspose,TWO_D,2896,2896,512,1,1,31,165.029,7.268,0.011,-1,-1,-1
Intel Xeon Phi coprocessor x100 family,MatrixTranspose,TWO_D,2896,2896,512,2,1,31,165.674,7.534,0.01,-1,-1,-1
Intel Xeon Phi coprocessor x100 family,MatrixTranspose,TWO_D,2896,2896,512,4,1,31,165.133,7.573,0.011,-1,-1,-1
Intel Xeon Phi coprocessor x100 family,MatrixTranspose,TWO_D,2896,2896,512,8,1,31,165.06,7.471,0.01,-1,-1,-1
Intel Xeon Phi coprocessor x100 family,MatrixTranspose,TWO_D,2896,2896,512,16,1,31,164.998,7.516,0.01,-1,-1,-1
Intel Xeon Phi coprocessor x100 family,MatrixTranspose,TWO_D,2896,2896,1024,1,1,31,165.154,7.262,0.011,-1,-1,-1
Intel Xeon Phi coprocessor x100 family,MatrixTranspose,TWO_D,2896,2896,1024,2,1,31,165.136,7.275,0.011,-1,-1,-1
Intel Xeon Phi coprocessor x100 family,MatrixTranspose,TWO_D,2896,2896,1024,4,1,31,165.095,7.564,0.014,-1,-1,-1
Intel Xeon Phi coprocessor x100 family,MatrixTranspose,TWO_D,2896,2896,1024,8,1,31,165.03,7.514,0.01,-1,-1,-1
Intel Xeon Phi coprocessor x100 family,MatrixTranspose,TWO_D,2896,2896,2048,1,1,31,165.087,7.488,0.009,-1,-1,-1
Intel Xeon Phi coprocessor x100 family,MatrixTranspose,TWO_D,2896,2896,2048,2,1,31,165.162,7.484,0.011,-1,-1,-1
Intel Xeon Phi coprocessor x100 family,MatrixTranspose,TWO_D,2896,2896,2048,4,1,31,165.5,7.285,0.01,-1,-1,-1
Intel Xeon Phi coprocessor x100 family,MatrixTranspose,TWO_D,2896,2896,4096,1,1,31,165.265,7.547,0.01,-1,-1,-1
Intel Xeon Phi coprocessor x100 family,MatrixTranspose,TWO_D,2896,2896,4096,2,1,31,165.06,7.618,0.01,-1,-1,-1
Intel Xeon Phi coprocessor x100 family,MatrixTranspose,TWO_D,2896,2896,8192,1,1,31,165.085,7.448,0.01,-1,-1,-1
