device/C,kernel/C,workDimension/C,width/F,height/F,xLocal/I,yLocal/I,zLocal/I,MB/F,init/F,memoryCopyOut/F,plan/F,execute/F,memoryCopyIn/F,cleanUp/F
Intel Xeon Phi coprocessor x100 family,MatrixTranspose,TWO_D,2985,2985,1,1,1,33,238.473,9.68,0.008,49.496,23.704,3.098
Intel Xeon Phi coprocessor x100 family,MatrixTranspose,TWO_D,2985,2985,1,2,1,33,236.623,11.172,0.009,-1,-1,-1
Intel Xeon Phi coprocessor x100 family,MatrixTranspose,TWO_D,2985,2985,1,4,1,33,227.929,8.973,0.009,-1,-1,-1
Intel Xeon Phi coprocessor x100 family,MatrixTranspose,TWO_D,2985,2985,1,8,1,33,223.649,9.105,0.007,-1,-1,-1
Intel Xeon Phi coprocessor x100 family,MatrixTranspose,TWO_D,2985,2985,1,16,1,33,171.643,9.089,0.006,-1,-1,-1
Intel Xeon Phi coprocessor x100 family,MatrixTranspose,TWO_D,2985,2985,1,32,1,33,171.566,9.151,0.007,-1,-1,-1
Intel Xeon Phi coprocessor x100 family,MatrixTranspose,TWO_D,2985,2985,1,64,1,33,171.522,8.823,0.007,-1,-1,-1
Intel Xeon Phi coprocessor x100 family,MatrixTranspose,TWO_D,2985,2985,1,128,1,33,171.567,8.915,0.007,-1,-1,-1
Intel Xeon Phi coprocessor x100 family,MatrixTranspose,TWO_D,2985,2985,1,256,1,33,171.901,9.198,0.007,-1,-1,-1
Intel Xeon Phi coprocessor x100 family,MatrixTranspose,TWO_D,2985,2985,1,512,1,33,171.621,9.326,0.006,-1,-1,-1
Intel Xeon Phi coprocessor x100 family,MatrixTranspose,TWO_D,2985,2985,1,1024,1,33,171.441,9.141,0.008,-1,-1,-1
Intel Xeon Phi coprocessor x100 family,MatrixTranspose,TWO_D,2985,2985,1,2048,1,33,171.545,8.685,0.007,-1,-1,-1
Intel Xeon Phi coprocessor x100 family,MatrixTranspose,TWO_D,2985,2985,1,4096,1,33,172.111,9.095,0.007,-1,-1,-1
Intel Xeon Phi coprocessor x100 family,MatrixTranspose,TWO_D,2985,2985,1,8192,1,33,172.31,8.948,0.006,-1,-1,-1
Intel Xeon Phi coprocessor x100 family,MatrixTranspose,TWO_D,2985,2985,2,1,1,33,171.587,9.171,0.007,-1,-1,-1
Intel Xeon Phi coprocessor x100 family,MatrixTranspose,TWO_D,2985,2985,2,2,1,33,171.476,8.941,0.007,-1,-1,-1
Intel Xeon Phi coprocessor x100 family,MatrixTranspose,TWO_D,2985,2985,2,4,1,33,171.574,8.638,0.007,-1,-1,-1
Intel Xeon Phi coprocessor x100 family,MatrixTranspose,TWO_D,2985,2985,2,8,1,33,172.317,8.088,0.007,-1,-1,-1
Intel Xeon Phi coprocessor x100 family,MatrixTranspose,TWO_D,2985,2985,2,16,1,33,172.245,8.328,0.007,-1,-1,-1
Intel Xeon Phi coprocessor x100 family,MatrixTranspose,TWO_D,2985,2985,2,32,1,33,172.046,8.431,0.007,-1,-1,-1
Intel Xeon Phi coprocessor x100 family,MatrixTranspose,TWO_D,2985,2985,2,64,1,33,172.206,7.884,0.005,-1,-1,-1
Intel Xeon Phi coprocessor x100 family,MatrixTranspose,TWO_D,2985,2985,2,128,1,33,172.147,8.195,0.006,-1,-1,-1
Intel Xeon Phi coprocessor x100 family,MatrixTranspose,TWO_D,2985,2985,2,256,1,33,173.889,8.292,0.006,-1,-1,-1
Intel Xeon Phi coprocessor x100 family,MatrixTranspose,TWO_D,2985,2985,2,512,1,33,172.595,8.176,0.007,-1,-1,-1
Intel Xeon Phi coprocessor x100 family,MatrixTranspose,TWO_D,2985,2985,2,1024,1,33,172.234,8.079,0.007,-1,-1,-1
Intel Xeon Phi coprocessor x100 family,MatrixTranspose,TWO_D,2985,2985,2,2048,1,33,172.122,8.402,0.006,-1,-1,-1
Intel Xeon Phi coprocessor x100 family,MatrixTranspose,TWO_D,2985,2985,2,4096,1,33,172.238,8.174,0.006,-1,-1,-1
Intel Xeon Phi coprocessor x100 family,MatrixTranspose,TWO_D,2985,2985,4,1,1,33,173.52,7.756,0.007,-1,-1,-1
Intel Xeon Phi coprocessor x100 family,MatrixTranspose,TWO_D,2985,2985,4,2,1,33,172.359,8.322,0.007,-1,-1,-1
Intel Xeon Phi coprocessor x100 family,MatrixTranspose,TWO_D,2985,2985,4,4,1,33,172.389,8.488,0.007,-1,-1,-1
Intel Xeon Phi coprocessor x100 family,MatrixTranspose,TWO_D,2985,2985,4,8,1,33,172.366,7.852,0.013,-1,-1,-1
Intel Xeon Phi coprocessor x100 family,MatrixTranspose,TWO_D,2985,2985,4,16,1,33,178.139,7.808,0.006,-1,-1,-1
Intel Xeon Phi coprocessor x100 family,MatrixTranspose,TWO_D,2985,2985,4,32,1,33,173.575,8.049,0.006,-1,-1,-1
Intel Xeon Phi coprocessor x100 family,MatrixTranspose,TWO_D,2985,2985,4,64,1,33,172.389,8.267,0.007,-1,-1,-1
Intel Xeon Phi coprocessor x100 family,MatrixTranspose,TWO_D,2985,2985,4,128,1,33,172.163,8.542,0.006,-1,-1,-1
Intel Xeon Phi coprocessor x100 family,MatrixTranspose,TWO_D,2985,2985,4,256,1,33,172.249,8.218,0.006,-1,-1,-1
Intel Xeon Phi coprocessor x100 family,MatrixTranspose,TWO_D,2985,2985,4,512,1,33,172.586,7.64,0.005,-1,-1,-1
Intel Xeon Phi coprocessor x100 family,MatrixTranspose,TWO_D,2985,2985,4,1024,1,33,172.787,7.938,0.007,-1,-1,-1
Intel Xeon Phi coprocessor x100 family,MatrixTranspose,TWO_D,2985,2985,4,2048,1,33,172.673,8.682,0.007,-1,-1,-1
Intel Xeon Phi coprocessor x100 family,MatrixTranspose,TWO_D,2985,2985,8,1,1,33,172.666,8.361,0.006,-1,-1,-1
Intel Xeon Phi coprocessor x100 family,MatrixTranspose,TWO_D,2985,2985,8,2,1,33,172.355,8.008,0.007,-1,-1,-1
Intel Xeon Phi coprocessor x100 family,MatrixTranspose,TWO_D,2985,2985,8,4,1,33,172.279,8.139,0.006,-1,-1,-1
Intel Xeon Phi coprocessor x100 family,MatrixTranspose,TWO_D,2985,2985,8,8,1,33,173.807,8.44,0.006,-1,-1,-1
Intel Xeon Phi coprocessor x100 family,MatrixTranspose,TWO_D,2985,2985,8,16,1,33,172.343,8.333,0.006,-1,-1,-1
Intel Xeon Phi coprocessor x100 family,MatrixTranspose,TWO_D,2985,2985,8,32,1,33,172.15,8.315,0.006,-1,-1,-1
Intel Xeon Phi coprocessor x100 family,MatrixTranspose,TWO_D,2985,2985,8,64,1,33,172.391,7.983,0.007,-1,-1,-1
Intel Xeon Phi coprocessor x100 family,MatrixTranspose,TWO_D,2985,2985,8,128,1,33,175.23,8.26,0.006,-1,-1,-1
Intel Xeon Phi coprocessor x100 family,MatrixTranspose,TWO_D,2985,2985,8,256,1,33,172.863,8.465,0.007,-1,-1,-1
Intel Xeon Phi coprocessor x100 family,MatrixTranspose,TWO_D,2985,2985,8,512,1,33,172.539,7.908,0.006,-1,-1,-1
Intel Xeon Phi coprocessor x100 family,MatrixTranspose,TWO_D,2985,2985,8,1024,1,33,172.906,8.366,0.006,-1,-1,-1
Intel Xeon Phi coprocessor x100 family,MatrixTranspose,TWO_D,2985,2985,16,1,1,33,173.084,8.211,0.007,-1,-1,-1
Intel Xeon Phi coprocessor x100 family,MatrixTranspose,TWO_D,2985,2985,16,2,1,33,172.477,8.065,0.006,-1,-1,-1
Intel Xeon Phi coprocessor x100 family,MatrixTranspose,TWO_D,2985,2985,16,4,1,33,173.956,8.339,0.006,-1,-1,-1
Intel Xeon Phi coprocessor x100 family,MatrixTranspose,TWO_D,2985,2985,16,8,1,33,174.686,8.631,0.006,-1,-1,-1
Intel Xeon Phi coprocessor x100 family,MatrixTranspose,TWO_D,2985,2985,16,16,1,33,174.753,8.451,0.006,-1,-1,-1
Intel Xeon Phi coprocessor x100 family,MatrixTranspose,TWO_D,2985,2985,16,32,1,33,172.318,8.415,0.006,-1,-1,-1
Intel Xeon Phi coprocessor x100 family,MatrixTranspose,TWO_D,2985,2985,16,64,1,33,177.368,8.124,0.007,-1,-1,-1
Intel Xeon Phi coprocessor x100 family,MatrixTranspose,TWO_D,2985,2985,16,128,1,33,175.388,8.435,0.007,-1,-1,-1
Intel Xeon Phi coprocessor x100 family,MatrixTranspose,TWO_D,2985,2985,16,256,1,33,172.453,7.844,0.006,-1,-1,-1
Intel Xeon Phi coprocessor x100 family,MatrixTranspose,TWO_D,2985,2985,16,512,1,33,172.436,8.655,0.007,-1,-1,-1
Intel Xeon Phi coprocessor x100 family,MatrixTranspose,TWO_D,2985,2985,32,1,1,33,172.366,8.628,0.006,-1,-1,-1
Intel Xeon Phi coprocessor x100 family,MatrixTranspose,TWO_D,2985,2985,32,2,1,33,173.021,7.946,0.007,-1,-1,-1
Intel Xeon Phi coprocessor x100 family,MatrixTranspose,TWO_D,2985,2985,32,4,1,33,173.074,8.007,0.007,-1,-1,-1
Intel Xeon Phi coprocessor x100 family,MatrixTranspose,TWO_D,2985,2985,32,8,1,33,172.464,8.176,0.006,-1,-1,-1
Intel Xeon Phi coprocessor x100 family,MatrixTranspose,TWO_D,2985,2985,32,16,1,33,172.173,8.682,0.006,-1,-1,-1
Intel Xeon Phi coprocessor x100 family,MatrixTranspose,TWO_D,2985,2985,32,32,1,33,172.422,8.315,0.006,-1,-1,-1
Intel Xeon Phi coprocessor x100 family,MatrixTranspose,TWO_D,2985,2985,32,64,1,33,172.515,8.039,0.007,-1,-1,-1
Intel Xeon Phi coprocessor x100 family,MatrixTranspose,TWO_D,2985,2985,32,128,1,33,172.79,7.915,0.007,-1,-1,-1
Intel Xeon Phi coprocessor x100 family,MatrixTranspose,TWO_D,2985,2985,32,256,1,33,172.421,7.884,0.006,-1,-1,-1
Intel Xeon Phi coprocessor x100 family,MatrixTranspose,TWO_D,2985,2985,64,1,1,33,172.331,7.988,0.007,-1,-1,-1
Intel Xeon Phi coprocessor x100 family,MatrixTranspose,TWO_D,2985,2985,64,2,1,33,172.355,7.847,0.007,-1,-1,-1
Intel Xeon Phi coprocessor x100 family,MatrixTranspose,TWO_D,2985,2985,64,4,1,33,173.113,8.258,0.006,-1,-1,-1
Intel Xeon Phi coprocessor x100 family,MatrixTranspose,TWO_D,2985,2985,64,8,1,33,173.179,8.452,0.006,-1,-1,-1
Intel Xeon Phi coprocessor x100 family,MatrixTranspose,TWO_D,2985,2985,64,16,1,33,172.284,8.446,0.007,-1,-1,-1
Intel Xeon Phi coprocessor x100 family,MatrixTranspose,TWO_D,2985,2985,64,32,1,33,172.175,8.398,0.006,-1,-1,-1
Intel Xeon Phi coprocessor x100 family,MatrixTranspose,TWO_D,2985,2985,64,64,1,33,172.155,8.763,0.007,-1,-1,-1
Intel Xeon Phi coprocessor x100 family,MatrixTranspose,TWO_D,2985,2985,64,128,1,33,173.203,8.617,0.007,-1,-1,-1
Intel Xeon Phi coprocessor x100 family,MatrixTranspose,TWO_D,2985,2985,128,1,1,33,172.514,8.42,0.006,-1,-1,-1
Intel Xeon Phi coprocessor x100 family,MatrixTranspose,TWO_D,2985,2985,128,2,1,33,172.444,8.323,0.007,-1,-1,-1
Intel Xeon Phi coprocessor x100 family,MatrixTranspose,TWO_D,2985,2985,128,4,1,33,172.319,8.194,0.006,-1,-1,-1
Intel Xeon Phi coprocessor x100 family,MatrixTranspose,TWO_D,2985,2985,128,8,1,33,172.352,8.43,0.007,-1,-1,-1
Intel Xeon Phi coprocessor x100 family,MatrixTranspose,TWO_D,2985,2985,128,16,1,33,175.034,8.166,0.007,-1,-1,-1
Intel Xeon Phi coprocessor x100 family,MatrixTranspose,TWO_D,2985,2985,128,32,1,33,172.975,8.752,0.006,-1,-1,-1
Intel Xeon Phi coprocessor x100 family,MatrixTranspose,TWO_D,2985,2985,128,64,1,33,172.381,8.821,0.007,-1,-1,-1
Intel Xeon Phi coprocessor x100 family,MatrixTranspose,TWO_D,2985,2985,256,1,1,33,172.407,8.714,0.006,-1,-1,-1
Intel Xeon Phi coprocessor x100 family,MatrixTranspose,TWO_D,2985,2985,256,2,1,33,172.46,8.486,0.007,-1,-1,-1
Intel Xeon Phi coprocessor x100 family,MatrixTranspose,TWO_D,2985,2985,256,4,1,33,173.065,8.447,0.007,-1,-1,-1
Intel Xeon Phi coprocessor x100 family,MatrixTranspose,TWO_D,2985,2985,256,8,1,33,172.583,8.745,0.007,-1,-1,-1
Intel Xeon Phi coprocessor x100 family,MatrixTranspose,TWO_D,2985,2985,256,16,1,33,172.377,8.375,0.007,-1,-1,-1
Intel Xeon Phi coprocessor x100 family,MatrixTranspose,TWO_D,2985,2985,256,32,1,33,172.455,9.279,0.006,-1,-1,-1
Intel Xeon Phi coprocessor x100 family,MatrixTranspose,TWO_D,2985,2985,512,1,1,33,172.591,8.293,0.007,-1,-1,-1
Intel Xeon Phi coprocessor x100 family,MatrixTranspose,TWO_D,2985,2985,512,2,1,33,173.199,8.498,0.006,-1,-1,-1
Intel Xeon Phi coprocessor x100 family,MatrixTranspose,TWO_D,2985,2985,512,4,1,33,172.504,8.115,0.006,-1,-1,-1
Intel Xeon Phi coprocessor x100 family,MatrixTranspose,TWO_D,2985,2985,512,8,1,33,172.392,8.856,0.006,-1,-1,-1
Intel Xeon Phi coprocessor x100 family,MatrixTranspose,TWO_D,2985,2985,512,16,1,33,172.379,8.729,0.006,-1,-1,-1
Intel Xeon Phi coprocessor x100 family,MatrixTranspose,TWO_D,2985,2985,1024,1,1,33,172.522,8.796,0.007,-1,-1,-1
Intel Xeon Phi coprocessor x100 family,MatrixTranspose,TWO_D,2985,2985,1024,2,1,33,172.652,8.522,0.007,-1,-1,-1
Intel Xeon Phi coprocessor x100 family,MatrixTranspose,TWO_D,2985,2985,1024,4,1,33,172.47,8.786,0.006,-1,-1,-1
Intel Xeon Phi coprocessor x100 family,MatrixTranspose,TWO_D,2985,2985,1024,8,1,33,172.35,8.22,0.005,-1,-1,-1
Intel Xeon Phi coprocessor x100 family,MatrixTranspose,TWO_D,2985,2985,2048,1,1,33,172.365,8.88,0.006,-1,-1,-1
Intel Xeon Phi coprocessor x100 family,MatrixTranspose,TWO_D,2985,2985,2048,2,1,33,173.463,8.43,0.006,-1,-1,-1
Intel Xeon Phi coprocessor x100 family,MatrixTranspose,TWO_D,2985,2985,2048,4,1,33,172.332,8.21,0.006,-1,-1,-1
Intel Xeon Phi coprocessor x100 family,MatrixTranspose,TWO_D,2985,2985,4096,1,1,33,172.492,8.239,0.007,-1,-1,-1
Intel Xeon Phi coprocessor x100 family,MatrixTranspose,TWO_D,2985,2985,4096,2,1,33,172.363,8.741,0.006,-1,-1,-1
Intel Xeon Phi coprocessor x100 family,MatrixTranspose,TWO_D,2985,2985,8192,1,1,33,172.512,8.828,0.006,-1,-1,-1
Intel Xeon Phi coprocessor x100 family,MatrixTranspose,TWO_D,2985,2985,1,1,1,33,183.204,7.854,0.009,49.304,19.843,1.896
Intel Xeon Phi coprocessor x100 family,MatrixTranspose,TWO_D,2985,2985,1,2,1,33,172.267,9.576,0.009,-1,-1,-1
Intel Xeon Phi coprocessor x100 family,MatrixTranspose,TWO_D,2985,2985,1,4,1,33,172.282,7.652,0.01,-1,-1,-1
Intel Xeon Phi coprocessor x100 family,MatrixTranspose,TWO_D,2985,2985,1,8,1,33,172.283,7.697,0.009,-1,-1,-1
Intel Xeon Phi coprocessor x100 family,MatrixTranspose,TWO_D,2985,2985,1,16,1,33,172.114,7.795,0.009,-1,-1,-1
Intel Xeon Phi coprocessor x100 family,MatrixTranspose,TWO_D,2985,2985,1,32,1,33,171.984,7.778,0.009,-1,-1,-1
Intel Xeon Phi coprocessor x100 family,MatrixTranspose,TWO_D,2985,2985,1,64,1,33,172.391,7.746,0.01,-1,-1,-1
Intel Xeon Phi coprocessor x100 family,MatrixTranspose,TWO_D,2985,2985,1,128,1,33,173.125,7.732,0.009,-1,-1,-1
Intel Xeon Phi coprocessor x100 family,MatrixTranspose,TWO_D,2985,2985,1,256,1,33,172.23,7.525,0.009,-1,-1,-1
Intel Xeon Phi coprocessor x100 family,MatrixTranspose,TWO_D,2985,2985,1,512,1,33,172.1,7.548,0.009,-1,-1,-1
Intel Xeon Phi coprocessor x100 family,MatrixTranspose,TWO_D,2985,2985,1,1024,1,33,172.005,7.787,0.009,-1,-1,-1
Intel Xeon Phi coprocessor x100 family,MatrixTranspose,TWO_D,2985,2985,1,2048,1,33,172.334,7.86,0.008,-1,-1,-1
Intel Xeon Phi coprocessor x100 family,MatrixTranspose,TWO_D,2985,2985,1,4096,1,33,172.265,7.74,0.008,-1,-1,-1
Intel Xeon Phi coprocessor x100 family,MatrixTranspose,TWO_D,2985,2985,1,8192,1,33,173.571,8.054,0.009,-1,-1,-1
Intel Xeon Phi coprocessor x100 family,MatrixTranspose,TWO_D,2985,2985,2,1,1,33,172.684,7.766,0.009,-1,-1,-1
Intel Xeon Phi coprocessor x100 family,MatrixTranspose,TWO_D,2985,2985,2,2,1,33,173.172,7.695,0.01,-1,-1,-1
Intel Xeon Phi coprocessor x100 family,MatrixTranspose,TWO_D,2985,2985,2,4,1,33,172.929,7.785,0.01,-1,-1,-1
Intel Xeon Phi coprocessor x100 family,MatrixTranspose,TWO_D,2985,2985,2,8,1,33,172.503,7.713,0.009,-1,-1,-1
Intel Xeon Phi coprocessor x100 family,MatrixTranspose,TWO_D,2985,2985,2,16,1,33,172.06,7.51,0.008,-1,-1,-1
Intel Xeon Phi coprocessor x100 family,MatrixTranspose,TWO_D,2985,2985,2,32,1,33,172.15,7.766,0.01,-1,-1,-1
Intel Xeon Phi coprocessor x100 family,MatrixTranspose,TWO_D,2985,2985,2,64,1,33,172.136,7.76,0.024,-1,-1,-1
Intel Xeon Phi coprocessor x100 family,MatrixTranspose,TWO_D,2985,2985,2,128,1,33,172.411,7.825,0.01,-1,-1,-1
Intel Xeon Phi coprocessor x100 family,MatrixTranspose,TWO_D,2985,2985,2,256,1,33,172.006,7.718,0.009,-1,-1,-1
Intel Xeon Phi coprocessor x100 family,MatrixTranspose,TWO_D,2985,2985,2,512,1,33,171.993,7.532,0.008,-1,-1,-1
Intel Xeon Phi coprocessor x100 family,MatrixTranspose,TWO_D,2985,2985,2,1024,1,33,172.074,7.749,0.008,-1,-1,-1
Intel Xeon Phi coprocessor x100 family,MatrixTranspose,TWO_D,2985,2985,2,2048,1,33,172.028,7.813,0.009,-1,-1,-1
Intel Xeon Phi coprocessor x100 family,MatrixTranspose,TWO_D,2985,2985,2,4096,1,33,173.271,7.772,0.009,-1,-1,-1
Intel Xeon Phi coprocessor x100 family,MatrixTranspose,TWO_D,2985,2985,4,1,1,33,172.13,7.516,0.009,-1,-1,-1
Intel Xeon Phi coprocessor x100 family,MatrixTranspose,TWO_D,2985,2985,4,2,1,33,172.125,7.495,0.01,-1,-1,-1
Intel Xeon Phi coprocessor x100 family,MatrixTranspose,TWO_D,2985,2985,4,4,1,33,171.865,8.014,0.008,-1,-1,-1
Intel Xeon Phi coprocessor x100 family,MatrixTranspose,TWO_D,2985,2985,4,8,1,33,171.886,7.802,0.009,-1,-1,-1
Intel Xeon Phi coprocessor x100 family,MatrixTranspose,TWO_D,2985,2985,4,16,1,33,172.43,7.772,0.01,-1,-1,-1
Intel Xeon Phi coprocessor x100 family,MatrixTranspose,TWO_D,2985,2985,4,32,1,33,172.036,7.511,0.009,-1,-1,-1
Intel Xeon Phi coprocessor x100 family,MatrixTranspose,TWO_D,2985,2985,4,64,1,33,172.081,7.494,0.009,-1,-1,-1
Intel Xeon Phi coprocessor x100 family,MatrixTranspose,TWO_D,2985,2985,4,128,1,33,172.045,7.754,0.01,-1,-1,-1
Intel Xeon Phi coprocessor x100 family,MatrixTranspose,TWO_D,2985,2985,4,256,1,33,172.072,7.735,0.009,-1,-1,-1
Intel Xeon Phi coprocessor x100 family,MatrixTranspose,TWO_D,2985,2985,4,512,1,33,173.215,7.713,0.009,-1,-1,-1
Intel Xeon Phi coprocessor x100 family,MatrixTranspose,TWO_D,2985,2985,4,1024,1,33,172.243,7.701,0.009,-1,-1,-1
Intel Xeon Phi coprocessor x100 family,MatrixTranspose,TWO_D,2985,2985,4,2048,1,33,172.254,7.744,0.011,-1,-1,-1
Intel Xeon Phi coprocessor x100 family,MatrixTranspose,TWO_D,2985,2985,8,1,1,33,172.134,7.747,0.01,-1,-1,-1
Intel Xeon Phi coprocessor x100 family,MatrixTranspose,TWO_D,2985,2985,8,2,1,33,172.123,7.691,0.008,-1,-1,-1
Intel Xeon Phi coprocessor x100 family,MatrixTranspose,TWO_D,2985,2985,8,4,1,33,172.148,7.668,0.009,-1,-1,-1
Intel Xeon Phi coprocessor x100 family,MatrixTranspose,TWO_D,2985,2985,8,8,1,33,171.89,7.585,0.009,-1,-1,-1
Intel Xeon Phi coprocessor x100 family,MatrixTranspose,TWO_D,2985,2985,8,16,1,33,172.052,7.511,0.009,-1,-1,-1
Intel Xeon Phi coprocessor x100 family,MatrixTranspose,TWO_D,2985,2985,8,32,1,33,172.138,7.784,0.008,-1,-1,-1
Intel Xeon Phi coprocessor x100 family,MatrixTranspose,TWO_D,2985,2985,8,64,1,33,172.443,7.859,0.013,-1,-1,-1
Intel Xeon Phi coprocessor x100 family,MatrixTranspose,TWO_D,2985,2985,8,128,1,33,172.741,7.738,0.009,-1,-1,-1
Intel Xeon Phi coprocessor x100 family,MatrixTranspose,TWO_D,2985,2985,8,256,1,33,172.152,7.517,0.009,-1,-1,-1
Intel Xeon Phi coprocessor x100 family,MatrixTranspose,TWO_D,2985,2985,8,512,1,33,172.352,7.773,0.009,-1,-1,-1
Intel Xeon Phi coprocessor x100 family,MatrixTranspose,TWO_D,2985,2985,8,1024,1,33,172.01,7.765,0.009,-1,-1,-1
Intel Xeon Phi coprocessor x100 family,MatrixTranspose,TWO_D,2985,2985,16,1,1,33,172.28,7.689,0.009,-1,-1,-1
Intel Xeon Phi coprocessor x100 family,MatrixTranspose,TWO_D,2985,2985,16,2,1,33,172.181,7.752,0.01,-1,-1,-1
Intel Xeon Phi coprocessor x100 family,MatrixTranspose,TWO_D,2985,2985,16,4,1,33,172.019,7.78,0.009,-1,-1,-1
Intel Xeon Phi coprocessor x100 family,MatrixTranspose,TWO_D,2985,2985,16,8,1,33,172.219,7.738,0.009,-1,-1,-1
Intel Xeon Phi coprocessor x100 family,MatrixTranspose,TWO_D,2985,2985,16,16,1,33,172.139,7.792,0.01,-1,-1,-1
Intel Xeon Phi coprocessor x100 family,MatrixTranspose,TWO_D,2985,2985,16,32,1,33,173.093,7.838,0.009,-1,-1,-1
Intel Xeon Phi coprocessor x100 family,MatrixTranspose,TWO_D,2985,2985,16,64,1,33,171.836,7.746,0.009,-1,-1,-1
Intel Xeon Phi coprocessor x100 family,MatrixTranspose,TWO_D,2985,2985,16,128,1,33,172.229,7.516,0.009,-1,-1,-1
Intel Xeon Phi coprocessor x100 family,MatrixTranspose,TWO_D,2985,2985,16,256,1,33,172.206,7.82,0.009,-1,-1,-1
Intel Xeon Phi coprocessor x100 family,MatrixTranspose,TWO_D,2985,2985,16,512,1,33,171.878,7.76,0.009,-1,-1,-1
Intel Xeon Phi coprocessor x100 family,MatrixTranspose,TWO_D,2985,2985,32,1,1,33,172.369,7.747,0.009,-1,-1,-1
Intel Xeon Phi coprocessor x100 family,MatrixTranspose,TWO_D,2985,2985,32,2,1,33,172.095,7.759,0.012,-1,-1,-1
Intel Xeon Phi coprocessor x100 family,MatrixTranspose,TWO_D,2985,2985,32,4,1,33,172.041,7.497,0.012,-1,-1,-1
Intel Xeon Phi coprocessor x100 family,MatrixTranspose,TWO_D,2985,2985,32,8,1,33,172.117,7.796,0.01,-1,-1,-1
Intel Xeon Phi coprocessor x100 family,MatrixTranspose,TWO_D,2985,2985,32,16,1,33,171.955,7.806,0.008,-1,-1,-1
Intel Xeon Phi coprocessor x100 family,MatrixTranspose,TWO_D,2985,2985,32,32,1,33,173.356,7.755,0.009,-1,-1,-1
Intel Xeon Phi coprocessor x100 family,MatrixTranspose,TWO_D,2985,2985,32,64,1,33,172.323,7.742,0.01,-1,-1,-1
Intel Xeon Phi coprocessor x100 family,MatrixTranspose,TWO_D,2985,2985,32,128,1,33,172.045,7.549,0.009,-1,-1,-1
Intel Xeon Phi coprocessor x100 family,MatrixTranspose,TWO_D,2985,2985,32,256,1,33,172.124,7.835,0.009,-1,-1,-1
Intel Xeon Phi coprocessor x100 family,MatrixTranspose,TWO_D,2985,2985,64,1,1,33,171.906,7.689,0.009,-1,-1,-1
Intel Xeon Phi coprocessor x100 family,MatrixTranspose,TWO_D,2985,2985,64,2,1,33,172.404,7.766,0.009,-1,-1,-1
Intel Xeon Phi coprocessor x100 family,MatrixTranspose,TWO_D,2985,2985,64,4,1,33,172.04,7.733,0.01,-1,-1,-1
Intel Xeon Phi coprocessor x100 family,MatrixTranspose,TWO_D,2985,2985,64,8,1,33,172.098,7.785,0.01,-1,-1,-1
Intel Xeon Phi coprocessor x100 family,MatrixTranspose,TWO_D,2985,2985,64,16,1,33,172.697,8.138,0.009,-1,-1,-1
Intel Xeon Phi coprocessor x100 family,MatrixTranspose,TWO_D,2985,2985,64,32,1,33,172.307,8.389,0.009,-1,-1,-1
Intel Xeon Phi coprocessor x100 family,MatrixTranspose,TWO_D,2985,2985,64,64,1,33,172.706,8.328,0.009,-1,-1,-1
Intel Xeon Phi coprocessor x100 family,MatrixTranspose,TWO_D,2985,2985,64,128,1,33,172.256,8.027,0.009,-1,-1,-1
Intel Xeon Phi coprocessor x100 family,MatrixTranspose,TWO_D,2985,2985,128,1,1,33,172.066,8.005,0.008,-1,-1,-1
Intel Xeon Phi coprocessor x100 family,MatrixTranspose,TWO_D,2985,2985,128,2,1,33,172.056,8.242,0.008,-1,-1,-1
Intel Xeon Phi coprocessor x100 family,MatrixTranspose,TWO_D,2985,2985,128,4,1,33,172.171,8.498,0.009,-1,-1,-1
Intel Xeon Phi coprocessor x100 family,MatrixTranspose,TWO_D,2985,2985,128,8,1,33,172.385,8.222,0.01,-1,-1,-1
Intel Xeon Phi coprocessor x100 family,MatrixTranspose,TWO_D,2985,2985,128,16,1,33,171.982,7.901,0.01,-1,-1,-1
Intel Xeon Phi coprocessor x100 family,MatrixTranspose,TWO_D,2985,2985,128,32,1,33,172.37,8.065,0.009,-1,-1,-1
Intel Xeon Phi coprocessor x100 family,MatrixTranspose,TWO_D,2985,2985,128,64,1,33,172.285,8.237,0.009,-1,-1,-1
Intel Xeon Phi coprocessor x100 family,MatrixTranspose,TWO_D,2985,2985,256,1,1,33,173.032,8.425,0.009,-1,-1,-1
Intel Xeon Phi coprocessor x100 family,MatrixTranspose,TWO_D,2985,2985,256,2,1,33,172.228,8.401,0.01,-1,-1,-1
Intel Xeon Phi coprocessor x100 family,MatrixTranspose,TWO_D,2985,2985,256,4,1,33,172.039,8.34,0.009,-1,-1,-1
Intel Xeon Phi coprocessor x100 family,MatrixTranspose,TWO_D,2985,2985,256,8,1,33,171.901,8.355,0.015,-1,-1,-1
Intel Xeon Phi coprocessor x100 family,MatrixTranspose,TWO_D,2985,2985,256,16,1,33,172.049,8.174,0.009,-1,-1,-1
Intel Xeon Phi coprocessor x100 family,MatrixTranspose,TWO_D,2985,2985,256,32,1,33,172.576,8.226,0.008,-1,-1,-1
Intel Xeon Phi coprocessor x100 family,MatrixTranspose,TWO_D,2985,2985,512,1,1,33,172.262,8.287,0.008,-1,-1,-1
Intel Xeon Phi coprocessor x100 family,MatrixTranspose,TWO_D,2985,2985,512,2,1,33,172.047,8.001,0.009,-1,-1,-1
Intel Xeon Phi coprocessor x100 family,MatrixTranspose,TWO_D,2985,2985,512,4,1,33,172.167,8.042,0.009,-1,-1,-1
Intel Xeon Phi coprocessor x100 family,MatrixTranspose,TWO_D,2985,2985,512,8,1,33,172.295,8.212,0.009,-1,-1,-1
Intel Xeon Phi coprocessor x100 family,MatrixTranspose,TWO_D,2985,2985,512,16,1,33,173.36,8.301,0.009,-1,-1,-1
Intel Xeon Phi coprocessor x100 family,MatrixTranspose,TWO_D,2985,2985,1024,1,1,33,171.859,8.414,0.009,-1,-1,-1
Intel Xeon Phi coprocessor x100 family,MatrixTranspose,TWO_D,2985,2985,1024,2,1,33,172.132,8.058,0.009,-1,-1,-1
Intel Xeon Phi coprocessor x100 family,MatrixTranspose,TWO_D,2985,2985,1024,4,1,33,172.089,8.404,0.009,-1,-1,-1
Intel Xeon Phi coprocessor x100 family,MatrixTranspose,TWO_D,2985,2985,1024,8,1,33,172.118,8.238,0.009,-1,-1,-1
Intel Xeon Phi coprocessor x100 family,MatrixTranspose,TWO_D,2985,2985,2048,1,1,33,172.315,8.333,0.008,-1,-1,-1
Intel Xeon Phi coprocessor x100 family,MatrixTranspose,TWO_D,2985,2985,2048,2,1,33,172.033,8.325,0.008,-1,-1,-1
Intel Xeon Phi coprocessor x100 family,MatrixTranspose,TWO_D,2985,2985,2048,4,1,33,172.086,8.329,0.009,-1,-1,-1
Intel Xeon Phi coprocessor x100 family,MatrixTranspose,TWO_D,2985,2985,4096,1,1,33,172.074,8.347,0.009,-1,-1,-1
Intel Xeon Phi coprocessor x100 family,MatrixTranspose,TWO_D,2985,2985,4096,2,1,33,172.546,8.392,0.008,-1,-1,-1
Intel Xeon Phi coprocessor x100 family,MatrixTranspose,TWO_D,2985,2985,8192,1,1,33,172.791,8.331,0.008,-1,-1,-1
Intel Xeon Phi coprocessor x100 family,MatrixTranspose,TWO_D,2985,2985,1,1,1,33,237.842,10.168,0.01,48.212,19.466,2.674
Intel Xeon Phi coprocessor x100 family,MatrixTranspose,TWO_D,2985,2985,1,2,1,33,237.338,10.747,0.012,-1,-1,-1
Intel Xeon Phi coprocessor x100 family,MatrixTranspose,TWO_D,2985,2985,1,4,1,33,230.935,8.658,0.011,-1,-1,-1
Intel Xeon Phi coprocessor x100 family,MatrixTranspose,TWO_D,2985,2985,1,8,1,33,227.823,7.566,0.01,-1,-1,-1
Intel Xeon Phi coprocessor x100 family,MatrixTranspose,TWO_D,2985,2985,1,16,1,33,174.545,7.629,0.01,-1,-1,-1
Intel Xeon Phi coprocessor x100 family,MatrixTranspose,TWO_D,2985,2985,1,32,1,33,174.3,7.598,0.01,-1,-1,-1
Intel Xeon Phi coprocessor x100 family,MatrixTranspose,TWO_D,2985,2985,1,64,1,33,174.26,7.58,0.01,-1,-1,-1
Intel Xeon Phi coprocessor x100 family,MatrixTranspose,TWO_D,2985,2985,1,128,1,33,174.35,7.606,0.009,-1,-1,-1
Intel Xeon Phi coprocessor x100 family,MatrixTranspose,TWO_D,2985,2985,1,256,1,33,175.188,7.601,0.01,-1,-1,-1
Intel Xeon Phi coprocessor x100 family,MatrixTranspose,TWO_D,2985,2985,1,512,1,33,174.49,7.426,0.01,-1,-1,-1
Intel Xeon Phi coprocessor x100 family,MatrixTranspose,TWO_D,2985,2985,1,1024,1,33,174.278,7.603,0.01,-1,-1,-1
Intel Xeon Phi coprocessor x100 family,MatrixTranspose,TWO_D,2985,2985,1,2048,1,33,174.395,7.747,0.012,-1,-1,-1
Intel Xeon Phi coprocessor x100 family,MatrixTranspose,TWO_D,2985,2985,1,4096,1,33,174.313,7.601,0.01,-1,-1,-1
Intel Xeon Phi coprocessor x100 family,MatrixTranspose,TWO_D,2985,2985,1,8192,1,33,174.547,7.423,0.01,-1,-1,-1
Intel Xeon Phi coprocessor x100 family,MatrixTranspose,TWO_D,2985,2985,2,1,1,33,174.461,7.924,0.01,-1,-1,-1
Intel Xeon Phi coprocessor x100 family,MatrixTranspose,TWO_D,2985,2985,2,2,1,33,174.373,7.564,0.009,-1,-1,-1
Intel Xeon Phi coprocessor x100 family,MatrixTranspose,TWO_D,2985,2985,2,4,1,33,175.719,7.619,0.01,-1,-1,-1
Intel Xeon Phi coprocessor x100 family,MatrixTranspose,TWO_D,2985,2985,2,8,1,33,174.668,7.596,0.01,-1,-1,-1
Intel Xeon Phi coprocessor x100 family,MatrixTranspose,TWO_D,2985,2985,2,16,1,33,174.734,7.839,0.01,-1,-1,-1
Intel Xeon Phi coprocessor x100 family,MatrixTranspose,TWO_D,2985,2985,2,32,1,33,174.283,7.589,0.01,-1,-1,-1
Intel Xeon Phi coprocessor x100 family,MatrixTranspose,TWO_D,2985,2985,2,64,1,33,174.293,7.602,0.01,-1,-1,-1
Intel Xeon Phi coprocessor x100 family,MatrixTranspose,TWO_D,2985,2985,2,128,1,33,174.404,7.596,0.01,-1,-1,-1
Intel Xeon Phi coprocessor x100 family,MatrixTranspose,TWO_D,2985,2985,2,256,1,33,174.386,7.39,0.025,-1,-1,-1
Intel Xeon Phi coprocessor x100 family,MatrixTranspose,TWO_D,2985,2985,2,512,1,33,174.591,7.474,0.01,-1,-1,-1
Intel Xeon Phi coprocessor x100 family,MatrixTranspose,TWO_D,2985,2985,2,1024,1,33,174.336,7.653,0.01,-1,-1,-1
Intel Xeon Phi coprocessor x100 family,MatrixTranspose,TWO_D,2985,2985,2,2048,1,33,174.336,7.661,0.009,-1,-1,-1
Intel Xeon Phi coprocessor x100 family,MatrixTranspose,TWO_D,2985,2985,2,4096,1,33,174.407,7.728,0.01,-1,-1,-1
Intel Xeon Phi coprocessor x100 family,MatrixTranspose,TWO_D,2985,2985,4,1,1,33,175.245,7.576,0.009,-1,-1,-1
Intel Xeon Phi coprocessor x100 family,MatrixTranspose,TWO_D,2985,2985,4,2,1,33,174.377,7.625,0.01,-1,-1,-1
Intel Xeon Phi coprocessor x100 family,MatrixTranspose,TWO_D,2985,2985,4,4,1,33,174.261,7.631,0.026,-1,-1,-1
Intel Xeon Phi coprocessor x100 family,MatrixTranspose,TWO_D,2985,2985,4,8,1,33,174.234,7.821,0.01,-1,-1,-1
Intel Xeon Phi coprocessor x100 family,MatrixTranspose,TWO_D,2985,2985,4,16,1,33,174.264,7.681,0.011,-1,-1,-1
Intel Xeon Phi coprocessor x100 family,MatrixTranspose,TWO_D,2985,2985,4,32,1,33,174.501,7.636,0.01,-1,-1,-1
Intel Xeon Phi coprocessor x100 family,MatrixTranspose,TWO_D,2985,2985,4,64,1,33,174.344,7.622,0.026,-1,-1,-1
Intel Xeon Phi coprocessor x100 family,MatrixTranspose,TWO_D,2985,2985,4,128,1,33,174.341,7.669,0.009,-1,-1,-1
Intel Xeon Phi coprocessor x100 family,MatrixTranspose,TWO_D,2985,2985,4,256,1,33,174.344,7.68,0.009,-1,-1,-1
Intel Xeon Phi coprocessor x100 family,MatrixTranspose,TWO_D,2985,2985,4,512,1,33,174.54,7.689,0.009,-1,-1,-1
Intel Xeon Phi coprocessor x100 family,MatrixTranspose,TWO_D,2985,2985,4,1024,1,33,174.774,7.682,0.01,-1,-1,-1
Intel Xeon Phi coprocessor x100 family,MatrixTranspose,TWO_D,2985,2985,4,2048,1,33,174.342,7.595,0.01,-1,-1,-1
Intel Xeon Phi coprocessor x100 family,MatrixTranspose,TWO_D,2985,2985,8,1,1,33,174.296,7.582,0.009,-1,-1,-1
Intel Xeon Phi coprocessor x100 family,MatrixTranspose,TWO_D,2985,2985,8,2,1,33,174.244,7.587,0.009,-1,-1,-1
Intel Xeon Phi coprocessor x100 family,MatrixTranspose,TWO_D,2985,2985,8,4,1,33,174.36,7.61,0.01,-1,-1,-1
Intel Xeon Phi coprocessor x100 family,MatrixTranspose,TWO_D,2985,2985,8,8,1,33,174.521,7.662,0.009,-1,-1,-1
Intel Xeon Phi coprocessor x100 family,MatrixTranspose,TWO_D,2985,2985,8,16,1,33,174.292,7.659,0.01,-1,-1,-1
Intel Xeon Phi coprocessor x100 family,MatrixTranspose,TWO_D,2985,2985,8,32,1,33,174.334,7.644,0.009,-1,-1,-1
Intel Xeon Phi coprocessor x100 family,MatrixTranspose,TWO_D,2985,2985,8,64,1,33,174.377,7.683,0.011,-1,-1,-1
Intel Xeon Phi coprocessor x100 family,MatrixTranspose,TWO_D,2985,2985,8,128,1,33,175.17,7.62,0.01,-1,-1,-1
Intel Xeon Phi coprocessor x100 family,MatrixTranspose,TWO_D,2985,2985,8,256,1,33,174.375,7.383,0.009,-1,-1,-1
Intel Xeon Phi coprocessor x100 family,MatrixTranspose,TWO_D,2985,2985,8,512,1,33,174.355,7.621,0.025,-1,-1,-1
Intel Xeon Phi coprocessor x100 family,MatrixTranspose,TWO_D,2985,2985,8,1024,1,33,174.309,7.618,0.025,-1,-1,-1
Intel Xeon Phi coprocessor x100 family,MatrixTranspose,TWO_D,2985,2985,16,1,1,33,174.302,7.641,0.009,-1,-1,-1
Intel Xeon Phi coprocessor x100 family,MatrixTranspose,TWO_D,2985,2985,16,2,1,33,174.448,7.415,0.009,-1,-1,-1
Intel Xeon Phi coprocessor x100 family,MatrixTranspose,TWO_D,2985,2985,16,4,1,33,174.301,7.61,0.008,-1,-1,-1
Intel Xeon Phi coprocessor x100 family,MatrixTranspose,TWO_D,2985,2985,16,8,1,33,174.271,7.581,0.026,-1,-1,-1
Intel Xeon Phi coprocessor x100 family,MatrixTranspose,TWO_D,2985,2985,16,16,1,33,174.326,7.572,0.01,-1,-1,-1
Intel Xeon Phi coprocessor x100 family,MatrixTranspose,TWO_D,2985,2985,16,32,1,33,174.306,7.679,0.009,-1,-1,-1
Intel Xeon Phi coprocessor x100 family,MatrixTranspose,TWO_D,2985,2985,16,64,1,33,174.748,7.576,0.01,-1,-1,-1
Intel Xeon Phi coprocessor x100 family,MatrixTranspose,TWO_D,2985,2985,16,128,1,33,174.391,7.392,0.01,-1,-1,-1
Intel Xeon Phi coprocessor x100 family,MatrixTranspose,TWO_D,2985,2985,16,256,1,33,174.296,7.67,0.026,-1,-1,-1
Intel Xeon Phi coprocessor x100 family,MatrixTranspose,TWO_D,2985,2985,16,512,1,33,174.345,7.528,0.009,-1,-1,-1
Intel Xeon Phi coprocessor x100 family,MatrixTranspose,TWO_D,2985,2985,32,1,1,33,174.347,7.682,0.01,-1,-1,-1
Intel Xeon Phi coprocessor x100 family,MatrixTranspose,TWO_D,2985,2985,32,2,1,33,175.086,7.741,0.01,-1,-1,-1
Intel Xeon Phi coprocessor x100 family,MatrixTranspose,TWO_D,2985,2985,32,4,1,33,174.176,7.751,0.01,-1,-1,-1
Intel Xeon Phi coprocessor x100 family,MatrixTranspose,TWO_D,2985,2985,32,8,1,33,174.279,7.719,0.011,-1,-1,-1
Intel Xeon Phi coprocessor x100 family,MatrixTranspose,TWO_D,2985,2985,32,16,1,33,174.374,7.601,0.009,-1,-1,-1
Intel Xeon Phi coprocessor x100 family,MatrixTranspose,TWO_D,2985,2985,32,32,1,33,175.041,7.6,0.009,-1,-1,-1
Intel Xeon Phi coprocessor x100 family,MatrixTranspose,TWO_D,2985,2985,32,64,1,33,174.496,7.442,0.009,-1,-1,-1
Intel Xeon Phi coprocessor x100 family,MatrixTranspose,TWO_D,2985,2985,32,128,1,33,174.329,7.718,0.01,-1,-1,-1
Intel Xeon Phi coprocessor x100 family,MatrixTranspose,TWO_D,2985,2985,32,256,1,33,174.32,7.571,0.013,-1,-1,-1
Intel Xeon Phi coprocessor x100 family,MatrixTranspose,TWO_D,2985,2985,64,1,1,33,174.417,7.672,0.009,-1,-1,-1
Intel Xeon Phi coprocessor x100 family,MatrixTranspose,TWO_D,2985,2985,64,2,1,33,174.442,7.489,0.009,-1,-1,-1
Intel Xeon Phi coprocessor x100 family,MatrixTranspose,TWO_D,2985,2985,64,4,1,33,174.48,7.719,0.009,-1,-1,-1
Intel Xeon Phi coprocessor x100 family,MatrixTranspose,TWO_D,2985,2985,64,8,1,33,174.256,8.191,0.009,-1,-1,-1
Intel Xeon Phi coprocessor x100 family,MatrixTranspose,TWO_D,2985,2985,64,16,1,33,174.774,8.005,0.025,-1,-1,-1
Intel Xeon Phi coprocessor x100 family,MatrixTranspose,TWO_D,2985,2985,64,32,1,33,176.598,8.292,0.01,-1,-1,-1
Intel Xeon Phi coprocessor x100 family,MatrixTranspose,TWO_D,2985,2985,64,64,1,33,173.82,8.091,0.009,-1,-1,-1
Intel Xeon Phi coprocessor x100 family,MatrixTranspose,TWO_D,2985,2985,64,128,1,33,178.908,7.836,0.01,-1,-1,-1
Intel Xeon Phi coprocessor x100 family,MatrixTranspose,TWO_D,2985,2985,128,1,1,33,173.225,8.225,0.009,-1,-1,-1
Intel Xeon Phi coprocessor x100 family,MatrixTranspose,TWO_D,2985,2985,128,2,1,33,173.304,7.987,0.009,-1,-1,-1
Intel Xeon Phi coprocessor x100 family,MatrixTranspose,TWO_D,2985,2985,128,4,1,33,173.217,8.092,0.01,-1,-1,-1
Intel Xeon Phi coprocessor x100 family,MatrixTranspose,TWO_D,2985,2985,128,8,1,33,174.206,8.058,0.026,-1,-1,-1
Intel Xeon Phi coprocessor x100 family,MatrixTranspose,TWO_D,2985,2985,128,16,1,33,173.152,7.731,0.026,-1,-1,-1
Intel Xeon Phi coprocessor x100 family,MatrixTranspose,TWO_D,2985,2985,128,32,1,33,173.145,8.213,0.01,-1,-1,-1
Intel Xeon Phi coprocessor x100 family,MatrixTranspose,TWO_D,2985,2985,128,64,1,33,173.135,8.267,0.009,-1,-1,-1
Intel Xeon Phi coprocessor x100 family,MatrixTranspose,TWO_D,2985,2985,256,1,1,33,173.757,8.159,0.01,-1,-1,-1
Intel Xeon Phi coprocessor x100 family,MatrixTranspose,TWO_D,2985,2985,256,2,1,33,173.354,7.737,0.009,-1,-1,-1
Intel Xeon Phi coprocessor x100 family,MatrixTranspose,TWO_D,2985,2985,256,4,1,33,173.218,8.25,0.009,-1,-1,-1
Intel Xeon Phi coprocessor x100 family,MatrixTranspose,TWO_D,2985,2985,256,8,1,33,173.248,8.18,0.01,-1,-1,-1
Intel Xeon Phi coprocessor x100 family,MatrixTranspose,TWO_D,2985,2985,256,16,1,33,173.248,8.224,0.01,-1,-1,-1
Intel Xeon Phi coprocessor x100 family,MatrixTranspose,TWO_D,2985,2985,256,32,1,33,173.362,8.165,0.008,-1,-1,-1
Intel Xeon Phi coprocessor x100 family,MatrixTranspose,TWO_D,2985,2985,512,1,1,33,173.269,7.996,0.011,-1,-1,-1
Intel Xeon Phi coprocessor x100 family,MatrixTranspose,TWO_D,2985,2985,512,2,1,33,173.185,8.122,0.025,-1,-1,-1
Intel Xeon Phi coprocessor x100 family,MatrixTranspose,TWO_D,2985,2985,512,4,1,33,173.181,8.12,0.01,-1,-1,-1
Intel Xeon Phi coprocessor x100 family,MatrixTranspose,TWO_D,2985,2985,512,8,1,33,173.086,8.204,0.009,-1,-1,-1
Intel Xeon Phi coprocessor x100 family,MatrixTranspose,TWO_D,2985,2985,512,16,1,33,174.012,8.167,0.01,-1,-1,-1
Intel Xeon Phi coprocessor x100 family,MatrixTranspose,TWO_D,2985,2985,1024,1,1,33,173.171,7.868,0.01,-1,-1,-1
Intel Xeon Phi coprocessor x100 family,MatrixTranspose,TWO_D,2985,2985,1024,2,1,33,173.198,8.18,0.009,-1,-1,-1
Intel Xeon Phi coprocessor x100 family,MatrixTranspose,TWO_D,2985,2985,1024,4,1,33,173.232,7.985,0.009,-1,-1,-1
Intel Xeon Phi coprocessor x100 family,MatrixTranspose,TWO_D,2985,2985,1024,8,1,33,173.246,8.161,0.01,-1,-1,-1
Intel Xeon Phi coprocessor x100 family,MatrixTranspose,TWO_D,2985,2985,2048,1,1,33,175.061,8.211,0.009,-1,-1,-1
Intel Xeon Phi coprocessor x100 family,MatrixTranspose,TWO_D,2985,2985,2048,2,1,33,173.313,8.092,0.009,-1,-1,-1
Intel Xeon Phi coprocessor x100 family,MatrixTranspose,TWO_D,2985,2985,2048,4,1,33,173.225,8.226,0.009,-1,-1,-1
Intel Xeon Phi coprocessor x100 family,MatrixTranspose,TWO_D,2985,2985,4096,1,1,33,173.234,8.128,0.01,-1,-1,-1
Intel Xeon Phi coprocessor x100 family,MatrixTranspose,TWO_D,2985,2985,4096,2,1,33,173.656,8.049,0.009,-1,-1,-1
Intel Xeon Phi coprocessor x100 family,MatrixTranspose,TWO_D,2985,2985,8192,1,1,33,173.272,7.692,0.01,-1,-1,-1
Intel Xeon Phi coprocessor x100 family,MatrixTranspose,TWO_D,2985,2985,1,1,1,33,246.909,9.222,0.01,49.972,22.647,2.467
Intel Xeon Phi coprocessor x100 family,MatrixTranspose,TWO_D,2985,2985,1,2,1,33,238.138,10.839,0.011,-1,-1,-1
Intel Xeon Phi coprocessor x100 family,MatrixTranspose,TWO_D,2985,2985,1,4,1,33,232.811,8.767,0.011,-1,-1,-1
Intel Xeon Phi coprocessor x100 family,MatrixTranspose,TWO_D,2985,2985,1,8,1,33,218.916,7.83,0.011,-1,-1,-1
Intel Xeon Phi coprocessor x100 family,MatrixTranspose,TWO_D,2985,2985,1,16,1,33,176.154,7.532,0.01,-1,-1,-1
Intel Xeon Phi coprocessor x100 family,MatrixTranspose,TWO_D,2985,2985,1,32,1,33,176.174,7.598,0.011,-1,-1,-1
Intel Xeon Phi coprocessor x100 family,MatrixTranspose,TWO_D,2985,2985,1,64,1,33,176.114,7.335,0.009,-1,-1,-1
Intel Xeon Phi coprocessor x100 family,MatrixTranspose,TWO_D,2985,2985,1,128,1,33,176.111,7.693,0.011,-1,-1,-1
Intel Xeon Phi coprocessor x100 family,MatrixTranspose,TWO_D,2985,2985,1,256,1,33,176.3,7.555,0.01,-1,-1,-1
Intel Xeon Phi coprocessor x100 family,MatrixTranspose,TWO_D,2985,2985,1,512,1,33,176.056,7.593,0.011,-1,-1,-1
Intel Xeon Phi coprocessor x100 family,MatrixTranspose,TWO_D,2985,2985,1,1024,1,33,176.185,7.564,0.01,-1,-1,-1
Intel Xeon Phi coprocessor x100 family,MatrixTranspose,TWO_D,2985,2985,1,2048,1,33,176.041,7.358,0.011,-1,-1,-1
Intel Xeon Phi coprocessor x100 family,MatrixTranspose,TWO_D,2985,2985,1,4096,1,33,176.133,7.612,0.01,-1,-1,-1
Intel Xeon Phi coprocessor x100 family,MatrixTranspose,TWO_D,2985,2985,1,8192,1,33,177.016,7.584,0.01,-1,-1,-1
Intel Xeon Phi coprocessor x100 family,MatrixTranspose,TWO_D,2985,2985,2,1,1,33,176.098,7.535,0.011,-1,-1,-1
Intel Xeon Phi coprocessor x100 family,MatrixTranspose,TWO_D,2985,2985,2,2,1,33,176.203,7.564,0.01,-1,-1,-1
Intel Xeon Phi coprocessor x100 family,MatrixTranspose,TWO_D,2985,2985,2,4,1,33,176.087,7.507,0.009,-1,-1,-1
Intel Xeon Phi coprocessor x100 family,MatrixTranspose,TWO_D,2985,2985,2,8,1,33,176.089,7.639,0.011,-1,-1,-1
Intel Xeon Phi coprocessor x100 family,MatrixTranspose,TWO_D,2985,2985,2,16,1,33,176.357,7.594,0.009,-1,-1,-1
Intel Xeon Phi coprocessor x100 family,MatrixTranspose,TWO_D,2985,2985,2,32,1,33,176.133,7.524,0.011,-1,-1,-1
Intel Xeon Phi coprocessor x100 family,MatrixTranspose,TWO_D,2985,2985,2,64,1,33,176.021,7.521,0.011,-1,-1,-1
Intel Xeon Phi coprocessor x100 family,MatrixTranspose,TWO_D,2985,2985,2,128,1,33,176.147,7.613,0.01,-1,-1,-1
Intel Xeon Phi coprocessor x100 family,MatrixTranspose,TWO_D,2985,2985,2,256,1,33,176.913,7.627,0.009,-1,-1,-1
Intel Xeon Phi coprocessor x100 family,MatrixTranspose,TWO_D,2985,2985,2,512,1,33,176.206,7.547,0.009,-1,-1,-1
Intel Xeon Phi coprocessor x100 family,MatrixTranspose,TWO_D,2985,2985,2,1024,1,33,176.201,7.592,0.01,-1,-1,-1
Intel Xeon Phi coprocessor x100 family,MatrixTranspose,TWO_D,2985,2985,2,2048,1,33,176.134,7.341,0.009,-1,-1,-1
Intel Xeon Phi coprocessor x100 family,MatrixTranspose,TWO_D,2985,2985,2,4096,1,33,176.147,7.657,0.01,-1,-1,-1
Intel Xeon Phi coprocessor x100 family,MatrixTranspose,TWO_D,2985,2985,4,1,1,33,176.294,7.948,0.011,-1,-1,-1
Intel Xeon Phi coprocessor x100 family,MatrixTranspose,TWO_D,2985,2985,4,2,1,33,176.166,7.735,0.01,-1,-1,-1
Intel Xeon Phi coprocessor x100 family,MatrixTranspose,TWO_D,2985,2985,4,4,1,33,176.193,7.658,0.01,-1,-1,-1
Intel Xeon Phi coprocessor x100 family,MatrixTranspose,TWO_D,2985,2985,4,8,1,33,176.083,7.621,0.009,-1,-1,-1
Intel Xeon Phi coprocessor x100 family,MatrixTranspose,TWO_D,2985,2985,4,16,1,33,176.096,7.558,0.01,-1,-1,-1
Intel Xeon Phi coprocessor x100 family,MatrixTranspose,TWO_D,2985,2985,4,32,1,33,176.71,7.569,0.01,-1,-1,-1
Intel Xeon Phi coprocessor x100 family,MatrixTranspose,TWO_D,2985,2985,4,64,1,33,176.19,7.583,0.009,-1,-1,-1
Intel Xeon Phi coprocessor x100 family,MatrixTranspose,TWO_D,2985,2985,4,128,1,33,176.227,7.602,0.01,-1,-1,-1
Intel Xeon Phi coprocessor x100 family,MatrixTranspose,TWO_D,2985,2985,4,256,1,33,176.165,7.616,0.011,-1,-1,-1
Intel Xeon Phi coprocessor x100 family,MatrixTranspose,TWO_D,2985,2985,4,512,1,33,176.209,7.673,0.01,-1,-1,-1
Intel Xeon Phi coprocessor x100 family,MatrixTranspose,TWO_D,2985,2985,4,1024,1,33,176.15,7.617,0.01,-1,-1,-1
Intel Xeon Phi coprocessor x100 family,MatrixTranspose,TWO_D,2985,2985,4,2048,1,33,176.059,7.8,0.011,-1,-1,-1
Intel Xeon Phi coprocessor x100 family,MatrixTranspose,TWO_D,2985,2985,8,1,1,33,176.161,7.628,0.01,-1,-1,-1
Intel Xeon Phi coprocessor x100 family,MatrixTranspose,TWO_D,2985,2985,8,2,1,33,176.731,7.376,0.01,-1,-1,-1
Intel Xeon Phi coprocessor x100 family,MatrixTranspose,TWO_D,2985,2985,8,4,1,33,176.973,7.875,0.011,-1,-1,-1
Intel Xeon Phi coprocessor x100 family,MatrixTranspose,TWO_D,2985,2985,8,8,1,33,176.216,7.701,0.01,-1,-1,-1
Intel Xeon Phi coprocessor x100 family,MatrixTranspose,TWO_D,2985,2985,8,16,1,33,176.247,7.616,0.009,-1,-1,-1
Intel Xeon Phi coprocessor x100 family,MatrixTranspose,TWO_D,2985,2985,8,32,1,33,176.033,7.47,0.01,-1,-1,-1
Intel Xeon Phi coprocessor x100 family,MatrixTranspose,TWO_D,2985,2985,8,64,1,33,176.921,7.773,0.009,-1,-1,-1
Intel Xeon Phi coprocessor x100 family,MatrixTranspose,TWO_D,2985,2985,8,128,1,33,172.592,7.685,0.011,-1,-1,-1
Intel Xeon Phi coprocessor x100 family,MatrixTranspose,TWO_D,2985,2985,8,256,1,33,172.408,7.718,0.01,-1,-1,-1
Intel Xeon Phi coprocessor x100 family,MatrixTranspose,TWO_D,2985,2985,8,512,1,33,172.23,7.682,0.011,-1,-1,-1
Intel Xeon Phi coprocessor x100 family,MatrixTranspose,TWO_D,2985,2985,8,1024,1,33,172.169,7.689,0.009,-1,-1,-1
Intel Xeon Phi coprocessor x100 family,MatrixTranspose,TWO_D,2985,2985,16,1,1,33,174.468,7.37,0.011,-1,-1,-1
Intel Xeon Phi coprocessor x100 family,MatrixTranspose,TWO_D,2985,2985,16,2,1,33,173.074,7.719,0.011,-1,-1,-1
Intel Xeon Phi coprocessor x100 family,MatrixTranspose,TWO_D,2985,2985,16,4,1,33,172.214,7.639,0.01,-1,-1,-1
Intel Xeon Phi coprocessor x100 family,MatrixTranspose,TWO_D,2985,2985,16,8,1,33,172.195,7.786,0.01,-1,-1,-1
Intel Xeon Phi coprocessor x100 family,MatrixTranspose,TWO_D,2985,2985,16,16,1,33,172.359,7.365,0.01,-1,-1,-1
Intel Xeon Phi coprocessor x100 family,MatrixTranspose,TWO_D,2985,2985,16,32,1,33,172.306,7.786,0.01,-1,-1,-1
Intel Xeon Phi coprocessor x100 family,MatrixTranspose,TWO_D,2985,2985,16,64,1,33,172.401,7.676,0.01,-1,-1,-1
Intel Xeon Phi coprocessor x100 family,MatrixTranspose,TWO_D,2985,2985,16,128,1,33,172.252,7.652,0.009,-1,-1,-1
Intel Xeon Phi coprocessor x100 family,MatrixTranspose,TWO_D,2985,2985,16,256,1,33,172.31,7.647,0.009,-1,-1,-1
Intel Xeon Phi coprocessor x100 family,MatrixTranspose,TWO_D,2985,2985,16,512,1,33,172.187,7.619,0.025,-1,-1,-1
Intel Xeon Phi coprocessor x100 family,MatrixTranspose,TWO_D,2985,2985,32,1,1,33,173.063,7.569,0.009,-1,-1,-1
Intel Xeon Phi coprocessor x100 family,MatrixTranspose,TWO_D,2985,2985,32,2,1,33,172.284,7.751,0.01,-1,-1,-1
Intel Xeon Phi coprocessor x100 family,MatrixTranspose,TWO_D,2985,2985,32,4,1,33,172.09,7.673,0.012,-1,-1,-1
Intel Xeon Phi coprocessor x100 family,MatrixTranspose,TWO_D,2985,2985,32,8,1,33,172.237,7.804,0.01,-1,-1,-1
Intel Xeon Phi coprocessor x100 family,MatrixTranspose,TWO_D,2985,2985,32,16,1,33,172.25,7.82,0.01,-1,-1,-1
Intel Xeon Phi coprocessor x100 family,MatrixTranspose,TWO_D,2985,2985,32,32,1,33,172.535,7.738,0.01,-1,-1,-1
Intel Xeon Phi coprocessor x100 family,MatrixTranspose,TWO_D,2985,2985,32,64,1,33,172.224,7.621,0.026,-1,-1,-1
Intel Xeon Phi coprocessor x100 family,MatrixTranspose,TWO_D,2985,2985,32,128,1,33,172.421,7.768,0.01,-1,-1,-1
Intel Xeon Phi coprocessor x100 family,MatrixTranspose,TWO_D,2985,2985,32,256,1,33,172.338,7.79,0.013,-1,-1,-1
Intel Xeon Phi coprocessor x100 family,MatrixTranspose,TWO_D,2985,2985,64,1,1,33,172.087,7.368,0.009,-1,-1,-1
Intel Xeon Phi coprocessor x100 family,MatrixTranspose,TWO_D,2985,2985,64,2,1,33,173.589,7.856,0.01,-1,-1,-1
Intel Xeon Phi coprocessor x100 family,MatrixTranspose,TWO_D,2985,2985,64,4,1,33,172.206,7.821,0.01,-1,-1,-1
Intel Xeon Phi coprocessor x100 family,MatrixTranspose,TWO_D,2985,2985,64,8,1,33,172.334,8.073,0.009,-1,-1,-1
Intel Xeon Phi coprocessor x100 family,MatrixTranspose,TWO_D,2985,2985,64,16,1,33,172.341,7.803,0.009,-1,-1,-1
Intel Xeon Phi coprocessor x100 family,MatrixTranspose,TWO_D,2985,2985,64,32,1,33,172.269,8.112,0.009,-1,-1,-1
Intel Xeon Phi coprocessor x100 family,MatrixTranspose,TWO_D,2985,2985,64,64,1,33,172.721,7.983,0.01,-1,-1,-1
Intel Xeon Phi coprocessor x100 family,MatrixTranspose,TWO_D,2985,2985,64,128,1,33,172.103,8.002,0.01,-1,-1,-1
Intel Xeon Phi coprocessor x100 family,MatrixTranspose,TWO_D,2985,2985,128,1,1,33,172.63,8.158,0.011,-1,-1,-1
Intel Xeon Phi coprocessor x100 family,MatrixTranspose,TWO_D,2985,2985,128,2,1,33,172.322,7.65,0.01,-1,-1,-1
Intel Xeon Phi coprocessor x100 family,MatrixTranspose,TWO_D,2985,2985,128,4,1,33,176.248,8.016,0.011,-1,-1,-1
Intel Xeon Phi coprocessor x100 family,MatrixTranspose,TWO_D,2985,2985,128,8,1,33,176.557,7.944,0.01,-1,-1,-1
Intel Xeon Phi coprocessor x100 family,MatrixTranspose,TWO_D,2985,2985,128,16,1,33,176.175,7.98,0.01,-1,-1,-1
Intel Xeon Phi coprocessor x100 family,MatrixTranspose,TWO_D,2985,2985,128,32,1,33,181.71,7.924,0.01,-1,-1,-1
Intel Xeon Phi coprocessor x100 family,MatrixTranspose,TWO_D,2985,2985,128,64,1,33,176.079,7.656,0.01,-1,-1,-1
Intel Xeon Phi coprocessor x100 family,MatrixTranspose,TWO_D,2985,2985,256,1,1,33,176.167,7.875,0.011,-1,-1,-1
Intel Xeon Phi coprocessor x100 family,MatrixTranspose,TWO_D,2985,2985,256,2,1,33,176.123,7.96,0.01,-1,-1,-1
Intel Xeon Phi coprocessor x100 family,MatrixTranspose,TWO_D,2985,2985,256,4,1,33,176.174,7.89,0.024,-1,-1,-1
Intel Xeon Phi coprocessor x100 family,MatrixTranspose,TWO_D,2985,2985,256,8,1,33,176.081,7.984,0.009,-1,-1,-1
Intel Xeon Phi coprocessor x100 family,MatrixTranspose,TWO_D,2985,2985,256,16,1,33,176.155,7.527,0.01,-1,-1,-1
Intel Xeon Phi coprocessor x100 family,MatrixTranspose,TWO_D,2985,2985,256,32,1,33,177.051,8.041,0.01,-1,-1,-1
Intel Xeon Phi coprocessor x100 family,MatrixTranspose,TWO_D,2985,2985,512,1,1,33,176.159,8.013,0.009,-1,-1,-1
Intel Xeon Phi coprocessor x100 family,MatrixTranspose,TWO_D,2985,2985,512,2,1,33,176.195,7.934,0.01,-1,-1,-1
Intel Xeon Phi coprocessor x100 family,MatrixTranspose,TWO_D,2985,2985,512,4,1,33,176.055,7.97,0.009,-1,-1,-1
Intel Xeon Phi coprocessor x100 family,MatrixTranspose,TWO_D,2985,2985,512,8,1,33,176.072,7.591,0.026,-1,-1,-1
Intel Xeon Phi coprocessor x100 family,MatrixTranspose,TWO_D,2985,2985,512,16,1,33,176.219,7.991,0.01,-1,-1,-1
Intel Xeon Phi coprocessor x100 family,MatrixTranspose,TWO_D,2985,2985,1024,1,1,33,176.147,7.944,0.01,-1,-1,-1
Intel Xeon Phi coprocessor x100 family,MatrixTranspose,TWO_D,2985,2985,1024,2,1,33,176.267,7.944,0.009,-1,-1,-1
Intel Xeon Phi coprocessor x100 family,MatrixTranspose,TWO_D,2985,2985,1024,4,1,33,176.764,7.905,0.01,-1,-1,-1
Intel Xeon Phi coprocessor x100 family,MatrixTranspose,TWO_D,2985,2985,1024,8,1,33,176.568,7.993,0.01,-1,-1,-1
Intel Xeon Phi coprocessor x100 family,MatrixTranspose,TWO_D,2985,2985,2048,1,1,33,176.422,7.91,0.01,-1,-1,-1
Intel Xeon Phi coprocessor x100 family,MatrixTranspose,TWO_D,2985,2985,2048,2,1,33,176.082,7.975,0.009,-1,-1,-1
Intel Xeon Phi coprocessor x100 family,MatrixTranspose,TWO_D,2985,2985,2048,4,1,33,176.038,8.014,0.01,-1,-1,-1
Intel Xeon Phi coprocessor x100 family,MatrixTranspose,TWO_D,2985,2985,4096,1,1,33,176.105,7.664,0.01,-1,-1,-1
Intel Xeon Phi coprocessor x100 family,MatrixTranspose,TWO_D,2985,2985,4096,2,1,33,176.274,8.047,0.009,-1,-1,-1
Intel Xeon Phi coprocessor x100 family,MatrixTranspose,TWO_D,2985,2985,8192,1,1,33,176.234,7.956,0.01,-1,-1,-1
Intel Xeon Phi coprocessor x100 family,MatrixTranspose,TWO_D,2985,2985,1,1,1,33,184.992,7.66,0.011,47.079,14.932,2.215
Intel Xeon Phi coprocessor x100 family,MatrixTranspose,TWO_D,2985,2985,1,2,1,33,181.612,9.34,0.01,-1,-1,-1
Intel Xeon Phi coprocessor x100 family,MatrixTranspose,TWO_D,2985,2985,1,4,1,33,179.421,7.456,0.01,-1,-1,-1
Intel Xeon Phi coprocessor x100 family,MatrixTranspose,TWO_D,2985,2985,1,8,1,33,175.918,7.305,0.01,-1,-1,-1
Intel Xeon Phi coprocessor x100 family,MatrixTranspose,TWO_D,2985,2985,1,16,1,33,176.237,7.198,0.011,-1,-1,-1
Intel Xeon Phi coprocessor x100 family,MatrixTranspose,TWO_D,2985,2985,1,32,1,33,175.344,7.464,0.009,-1,-1,-1
Intel Xeon Phi coprocessor x100 family,MatrixTranspose,TWO_D,2985,2985,1,64,1,33,175.318,7.424,0.01,-1,-1,-1
Intel Xeon Phi coprocessor x100 family,MatrixTranspose,TWO_D,2985,2985,1,128,1,33,175.34,7.467,0.01,-1,-1,-1
Intel Xeon Phi coprocessor x100 family,MatrixTranspose,TWO_D,2985,2985,1,256,1,33,176.262,7.357,0.01,-1,-1,-1
Intel Xeon Phi coprocessor x100 family,MatrixTranspose,TWO_D,2985,2985,1,512,1,33,175.301,7.486,0.01,-1,-1,-1
Intel Xeon Phi coprocessor x100 family,MatrixTranspose,TWO_D,2985,2985,1,1024,1,33,175.372,7.419,0.01,-1,-1,-1
Intel Xeon Phi coprocessor x100 family,MatrixTranspose,TWO_D,2985,2985,1,2048,1,33,175.357,7.454,0.01,-1,-1,-1
Intel Xeon Phi coprocessor x100 family,MatrixTranspose,TWO_D,2985,2985,1,4096,1,33,175.279,7.323,0.01,-1,-1,-1
Intel Xeon Phi coprocessor x100 family,MatrixTranspose,TWO_D,2985,2985,1,8192,1,33,175.436,7.401,0.01,-1,-1,-1
Intel Xeon Phi coprocessor x100 family,MatrixTranspose,TWO_D,2985,2985,2,1,1,33,175.282,7.334,0.01,-1,-1,-1
Intel Xeon Phi coprocessor x100 family,MatrixTranspose,TWO_D,2985,2985,2,2,1,33,175.379,7.506,0.01,-1,-1,-1
Intel Xeon Phi coprocessor x100 family,MatrixTranspose,TWO_D,2985,2985,2,4,1,33,175.317,7.585,0.024,-1,-1,-1
Intel Xeon Phi coprocessor x100 family,MatrixTranspose,TWO_D,2985,2985,2,8,1,33,175.326,7.555,0.008,-1,-1,-1
Intel Xeon Phi coprocessor x100 family,MatrixTranspose,TWO_D,2985,2985,2,16,1,33,175.956,7.435,0.01,-1,-1,-1
Intel Xeon Phi coprocessor x100 family,MatrixTranspose,TWO_D,2985,2985,2,32,1,33,175.29,7.453,0.011,-1,-1,-1
Intel Xeon Phi coprocessor x100 family,MatrixTranspose,TWO_D,2985,2985,2,64,1,33,175.437,7.42,0.009,-1,-1,-1
Intel Xeon Phi coprocessor x100 family,MatrixTranspose,TWO_D,2985,2985,2,128,1,33,175.336,7.57,0.01,-1,-1,-1
Intel Xeon Phi coprocessor x100 family,MatrixTranspose,TWO_D,2985,2985,2,256,1,33,175.418,7.603,0.011,-1,-1,-1
Intel Xeon Phi coprocessor x100 family,MatrixTranspose,TWO_D,2985,2985,2,512,1,33,175.41,7.555,0.009,-1,-1,-1
Intel Xeon Phi coprocessor x100 family,MatrixTranspose,TWO_D,2985,2985,2,1024,1,33,175.287,7.545,0.009,-1,-1,-1
Intel Xeon Phi coprocessor x100 family,MatrixTranspose,TWO_D,2985,2985,2,2048,1,33,175.421,7.498,0.027,-1,-1,-1
Intel Xeon Phi coprocessor x100 family,MatrixTranspose,TWO_D,2985,2985,2,4096,1,33,175.355,7.61,0.01,-1,-1,-1
Intel Xeon Phi coprocessor x100 family,MatrixTranspose,TWO_D,2985,2985,4,1,1,33,176.015,7.687,0.009,-1,-1,-1
Intel Xeon Phi coprocessor x100 family,MatrixTranspose,TWO_D,2985,2985,4,2,1,33,175.41,7.546,0.025,-1,-1,-1
Intel Xeon Phi coprocessor x100 family,MatrixTranspose,TWO_D,2985,2985,4,4,1,33,175.347,7.722,0.009,-1,-1,-1
Intel Xeon Phi coprocessor x100 family,MatrixTranspose,TWO_D,2985,2985,4,8,1,33,175.399,7.512,0.024,-1,-1,-1
Intel Xeon Phi coprocessor x100 family,MatrixTranspose,TWO_D,2985,2985,4,16,1,33,175.378,7.579,0.01,-1,-1,-1
Intel Xeon Phi coprocessor x100 family,MatrixTranspose,TWO_D,2985,2985,4,32,1,33,175.448,7.562,0.026,-1,-1,-1
Intel Xeon Phi coprocessor x100 family,MatrixTranspose,TWO_D,2985,2985,4,64,1,33,175.354,7.338,0.01,-1,-1,-1
Intel Xeon Phi coprocessor x100 family,MatrixTranspose,TWO_D,2985,2985,4,128,1,33,175.347,7.724,0.01,-1,-1,-1
Intel Xeon Phi coprocessor x100 family,MatrixTranspose,TWO_D,2985,2985,4,256,1,33,175.35,7.696,0.009,-1,-1,-1
Intel Xeon Phi coprocessor x100 family,MatrixTranspose,TWO_D,2985,2985,4,512,1,33,175.354,7.484,0.009,-1,-1,-1
Intel Xeon Phi coprocessor x100 family,MatrixTranspose,TWO_D,2985,2985,4,1024,1,33,176.368,7.293,0.01,-1,-1,-1
Intel Xeon Phi coprocessor x100 family,MatrixTranspose,TWO_D,2985,2985,4,2048,1,33,175.43,7.238,0.01,-1,-1,-1
Intel Xeon Phi coprocessor x100 family,MatrixTranspose,TWO_D,2985,2985,8,1,1,33,175.393,7.809,0.009,-1,-1,-1
Intel Xeon Phi coprocessor x100 family,MatrixTranspose,TWO_D,2985,2985,8,2,1,33,175.427,7.534,0.026,-1,-1,-1
Intel Xeon Phi coprocessor x100 family,MatrixTranspose,TWO_D,2985,2985,8,4,1,33,175.384,7.67,0.009,-1,-1,-1
Intel Xeon Phi coprocessor x100 family,MatrixTranspose,TWO_D,2985,2985,8,8,1,33,175.411,7.475,0.025,-1,-1,-1
Intel Xeon Phi coprocessor x100 family,MatrixTranspose,TWO_D,2985,2985,8,16,1,33,175.35,7.59,0.01,-1,-1,-1
Intel Xeon Phi coprocessor x100 family,MatrixTranspose,TWO_D,2985,2985,8,32,1,33,181.023,7.685,0.01,-1,-1,-1
Intel Xeon Phi coprocessor x100 family,MatrixTranspose,TWO_D,2985,2985,8,64,1,33,176.103,7.581,0.01,-1,-1,-1
Intel Xeon Phi coprocessor x100 family,MatrixTranspose,TWO_D,2985,2985,8,128,1,33,176.259,7.429,0.009,-1,-1,-1
Intel Xeon Phi coprocessor x100 family,MatrixTranspose,TWO_D,2985,2985,8,256,1,33,175.693,7.519,0.009,-1,-1,-1
Intel Xeon Phi coprocessor x100 family,MatrixTranspose,TWO_D,2985,2985,8,512,1,33,175.637,7.581,0.009,-1,-1,-1
Intel Xeon Phi coprocessor x100 family,MatrixTranspose,TWO_D,2985,2985,8,1024,1,33,175.596,7.478,0.01,-1,-1,-1
Intel Xeon Phi coprocessor x100 family,MatrixTranspose,TWO_D,2985,2985,16,1,1,33,175.633,7.5,0.01,-1,-1,-1
Intel Xeon Phi coprocessor x100 family,MatrixTranspose,TWO_D,2985,2985,16,2,1,33,175.786,7.44,0.01,-1,-1,-1
Intel Xeon Phi coprocessor x100 family,MatrixTranspose,TWO_D,2985,2985,16,4,1,33,175.611,7.514,0.01,-1,-1,-1
Intel Xeon Phi coprocessor x100 family,MatrixTranspose,TWO_D,2985,2985,16,8,1,33,175.62,7.522,0.01,-1,-1,-1
Intel Xeon Phi coprocessor x100 family,MatrixTranspose,TWO_D,2985,2985,16,16,1,33,175.619,7.593,0.009,-1,-1,-1
Intel Xeon Phi coprocessor x100 family,MatrixTranspose,TWO_D,2985,2985,16,32,1,33,175.649,7.425,0.009,-1,-1,-1
Intel Xeon Phi coprocessor x100 family,MatrixTranspose,TWO_D,2985,2985,16,64,1,33,176.266,7.471,0.026,-1,-1,-1
Intel Xeon Phi coprocessor x100 family,MatrixTranspose,TWO_D,2985,2985,16,128,1,33,175.652,7.552,0.011,-1,-1,-1
Intel Xeon Phi coprocessor x100 family,MatrixTranspose,TWO_D,2985,2985,16,256,1,33,175.725,7.7,0.01,-1,-1,-1
Intel Xeon Phi coprocessor x100 family,MatrixTranspose,TWO_D,2985,2985,16,512,1,33,175.661,7.45,0.025,-1,-1,-1
Intel Xeon Phi coprocessor x100 family,MatrixTranspose,TWO_D,2985,2985,32,1,1,33,175.727,7.59,0.01,-1,-1,-1
Intel Xeon Phi coprocessor x100 family,MatrixTranspose,TWO_D,2985,2985,32,2,1,33,175.743,7.589,0.01,-1,-1,-1
Intel Xeon Phi coprocessor x100 family,MatrixTranspose,TWO_D,2985,2985,32,4,1,33,175.592,7.382,0.01,-1,-1,-1
Intel Xeon Phi coprocessor x100 family,MatrixTranspose,TWO_D,2985,2985,32,8,1,33,175.621,7.558,0.01,-1,-1,-1
Intel Xeon Phi coprocessor x100 family,MatrixTranspose,TWO_D,2985,2985,32,16,1,33,175.607,7.576,0.01,-1,-1,-1
Intel Xeon Phi coprocessor x100 family,MatrixTranspose,TWO_D,2985,2985,32,32,1,33,176.302,7.637,0.01,-1,-1,-1
Intel Xeon Phi coprocessor x100 family,MatrixTranspose,TWO_D,2985,2985,32,64,1,33,175.604,7.292,0.01,-1,-1,-1
Intel Xeon Phi coprocessor x100 family,MatrixTranspose,TWO_D,2985,2985,32,128,1,33,175.667,7.39,0.009,-1,-1,-1
Intel Xeon Phi coprocessor x100 family,MatrixTranspose,TWO_D,2985,2985,32,256,1,33,175.598,7.572,0.011,-1,-1,-1
Intel Xeon Phi coprocessor x100 family,MatrixTranspose,TWO_D,2985,2985,64,1,1,33,175.604,7.524,0.011,-1,-1,-1
Intel Xeon Phi coprocessor x100 family,MatrixTranspose,TWO_D,2985,2985,64,2,1,33,175.744,7.619,0.009,-1,-1,-1
Intel Xeon Phi coprocessor x100 family,MatrixTranspose,TWO_D,2985,2985,64,4,1,33,175.629,7.642,0.01,-1,-1,-1
Intel Xeon Phi coprocessor x100 family,MatrixTranspose,TWO_D,2985,2985,64,8,1,33,175.587,7.81,0.01,-1,-1,-1
Intel Xeon Phi coprocessor x100 family,MatrixTranspose,TWO_D,2985,2985,64,16,1,33,175.586,7.95,0.009,-1,-1,-1
Intel Xeon Phi coprocessor x100 family,MatrixTranspose,TWO_D,2985,2985,64,32,1,33,175.637,7.719,0.009,-1,-1,-1
Intel Xeon Phi coprocessor x100 family,MatrixTranspose,TWO_D,2985,2985,64,64,1,33,176.25,7.815,0.01,-1,-1,-1
Intel Xeon Phi coprocessor x100 family,MatrixTranspose,TWO_D,2985,2985,64,128,1,33,175.609,7.96,0.009,-1,-1,-1
Intel Xeon Phi coprocessor x100 family,MatrixTranspose,TWO_D,2985,2985,128,1,1,33,175.663,7.815,0.009,-1,-1,-1
Intel Xeon Phi coprocessor x100 family,MatrixTranspose,TWO_D,2985,2985,128,2,1,33,175.633,7.867,0.009,-1,-1,-1
Intel Xeon Phi coprocessor x100 family,MatrixTranspose,TWO_D,2985,2985,128,4,1,33,175.649,7.829,0.01,-1,-1,-1
Intel Xeon Phi coprocessor x100 family,MatrixTranspose,TWO_D,2985,2985,128,8,1,33,176.611,7.844,0.01,-1,-1,-1
Intel Xeon Phi coprocessor x100 family,MatrixTranspose,TWO_D,2985,2985,128,16,1,33,175.584,7.751,0.009,-1,-1,-1
Intel Xeon Phi coprocessor x100 family,MatrixTranspose,TWO_D,2985,2985,128,32,1,33,181.079,8.043,0.01,-1,-1,-1
Intel Xeon Phi coprocessor x100 family,MatrixTranspose,TWO_D,2985,2985,128,64,1,33,175.634,7.8,0.027,-1,-1,-1
Intel Xeon Phi coprocessor x100 family,MatrixTranspose,TWO_D,2985,2985,256,1,1,33,176.38,7.746,0.009,-1,-1,-1
Intel Xeon Phi coprocessor x100 family,MatrixTranspose,TWO_D,2985,2985,256,2,1,33,175.699,7.904,0.026,-1,-1,-1
Intel Xeon Phi coprocessor x100 family,MatrixTranspose,TWO_D,2985,2985,256,4,1,33,175.648,7.946,0.01,-1,-1,-1
Intel Xeon Phi coprocessor x100 family,MatrixTranspose,TWO_D,2985,2985,256,8,1,33,175.644,7.898,0.01,-1,-1,-1
Intel Xeon Phi coprocessor x100 family,MatrixTranspose,TWO_D,2985,2985,256,16,1,33,175.684,7.936,0.012,-1,-1,-1
Intel Xeon Phi coprocessor x100 family,MatrixTranspose,TWO_D,2985,2985,256,32,1,33,175.791,7.863,0.01,-1,-1,-1
Intel Xeon Phi coprocessor x100 family,MatrixTranspose,TWO_D,2985,2985,512,1,1,33,175.667,7.87,0.011,-1,-1,-1
Intel Xeon Phi coprocessor x100 family,MatrixTranspose,TWO_D,2985,2985,512,2,1,33,175.652,7.874,0.026,-1,-1,-1
Intel Xeon Phi coprocessor x100 family,MatrixTranspose,TWO_D,2985,2985,512,4,1,33,175.687,8.02,0.01,-1,-1,-1
Intel Xeon Phi coprocessor x100 family,MatrixTranspose,TWO_D,2985,2985,512,8,1,33,175.662,7.792,0.01,-1,-1,-1
Intel Xeon Phi coprocessor x100 family,MatrixTranspose,TWO_D,2985,2985,512,16,1,33,176.049,7.785,0.01,-1,-1,-1
Intel Xeon Phi coprocessor x100 family,MatrixTranspose,TWO_D,2985,2985,1024,1,1,33,175.668,7.788,0.01,-1,-1,-1
Intel Xeon Phi coprocessor x100 family,MatrixTranspose,TWO_D,2985,2985,1024,2,1,33,175.63,7.931,0.01,-1,-1,-1
Intel Xeon Phi coprocessor x100 family,MatrixTranspose,TWO_D,2985,2985,1024,4,1,33,175.709,7.862,0.01,-1,-1,-1
Intel Xeon Phi coprocessor x100 family,MatrixTranspose,TWO_D,2985,2985,1024,8,1,33,175.705,7.921,0.009,-1,-1,-1
Intel Xeon Phi coprocessor x100 family,MatrixTranspose,TWO_D,2985,2985,2048,1,1,33,175.724,7.914,0.025,-1,-1,-1
Intel Xeon Phi coprocessor x100 family,MatrixTranspose,TWO_D,2985,2985,2048,2,1,33,175.572,7.768,0.009,-1,-1,-1
Intel Xeon Phi coprocessor x100 family,MatrixTranspose,TWO_D,2985,2985,2048,4,1,33,175.8,7.842,0.01,-1,-1,-1
Intel Xeon Phi coprocessor x100 family,MatrixTranspose,TWO_D,2985,2985,4096,1,1,33,176.234,7.941,0.013,-1,-1,-1
Intel Xeon Phi coprocessor x100 family,MatrixTranspose,TWO_D,2985,2985,4096,2,1,33,176.375,7.779,0.01,-1,-1,-1
Intel Xeon Phi coprocessor x100 family,MatrixTranspose,TWO_D,2985,2985,8192,1,1,33,175.691,7.909,0.01,-1,-1,-1
Intel Xeon Phi coprocessor x100 family,MatrixTranspose,TWO_D,2985,2985,1,1,1,33,182.217,7.935,0.01,48.529,16.377,2.181
Intel Xeon Phi coprocessor x100 family,MatrixTranspose,TWO_D,2985,2985,1,2,1,33,181.582,9.476,0.009,-1,-1,-1
Intel Xeon Phi coprocessor x100 family,MatrixTranspose,TWO_D,2985,2985,1,4,1,33,179.898,7.356,0.01,-1,-1,-1
Intel Xeon Phi coprocessor x100 family,MatrixTranspose,TWO_D,2985,2985,1,8,1,33,180.035,7.278,0.011,-1,-1,-1
Intel Xeon Phi coprocessor x100 family,MatrixTranspose,TWO_D,2985,2985,1,16,1,33,180.451,7.661,0.01,-1,-1,-1
Intel Xeon Phi coprocessor x100 family,MatrixTranspose,TWO_D,2985,2985,1,32,1,33,174.556,7.672,0.01,-1,-1,-1
Intel Xeon Phi coprocessor x100 family,MatrixTranspose,TWO_D,2985,2985,1,64,1,33,174.43,7.604,0.01,-1,-1,-1
Intel Xeon Phi coprocessor x100 family,MatrixTranspose,TWO_D,2985,2985,1,128,1,33,174.501,7.532,0.01,-1,-1,-1
Intel Xeon Phi coprocessor x100 family,MatrixTranspose,TWO_D,2985,2985,1,256,1,33,174.477,7.586,0.011,-1,-1,-1
Intel Xeon Phi coprocessor x100 family,MatrixTranspose,TWO_D,2985,2985,1,512,1,33,174.661,7.583,0.012,-1,-1,-1
Intel Xeon Phi coprocessor x100 family,MatrixTranspose,TWO_D,2985,2985,1,1024,1,33,174.445,7.571,0.01,-1,-1,-1
Intel Xeon Phi coprocessor x100 family,MatrixTranspose,TWO_D,2985,2985,1,2048,1,33,174.419,7.768,0.01,-1,-1,-1
Intel Xeon Phi coprocessor x100 family,MatrixTranspose,TWO_D,2985,2985,1,4096,1,33,175.177,7.679,0.011,-1,-1,-1
Intel Xeon Phi coprocessor x100 family,MatrixTranspose,TWO_D,2985,2985,1,8192,1,33,175.121,7.737,0.009,-1,-1,-1
Intel Xeon Phi coprocessor x100 family,MatrixTranspose,TWO_D,2985,2985,2,1,1,33,174.552,7.613,0.01,-1,-1,-1
Intel Xeon Phi coprocessor x100 family,MatrixTranspose,TWO_D,2985,2985,2,2,1,33,174.443,7.547,0.01,-1,-1,-1
Intel Xeon Phi coprocessor x100 family,MatrixTranspose,TWO_D,2985,2985,2,4,1,33,174.426,7.601,0.011,-1,-1,-1
Intel Xeon Phi coprocessor x100 family,MatrixTranspose,TWO_D,2985,2985,2,8,1,33,174.527,7.356,0.01,-1,-1,-1
Intel Xeon Phi coprocessor x100 family,MatrixTranspose,TWO_D,2985,2985,2,16,1,33,174.751,7.724,0.026,-1,-1,-1
Intel Xeon Phi coprocessor x100 family,MatrixTranspose,TWO_D,2985,2985,2,32,1,33,174.562,7.68,0.01,-1,-1,-1
Intel Xeon Phi coprocessor x100 family,MatrixTranspose,TWO_D,2985,2985,2,64,1,33,174.435,7.65,0.01,-1,-1,-1
Intel Xeon Phi coprocessor x100 family,MatrixTranspose,TWO_D,2985,2985,2,128,1,33,174.424,7.63,0.024,-1,-1,-1
Intel Xeon Phi coprocessor x100 family,MatrixTranspose,TWO_D,2985,2985,2,256,1,33,174.475,7.584,0.009,-1,-1,-1
Intel Xeon Phi coprocessor x100 family,MatrixTranspose,TWO_D,2985,2985,2,512,1,33,175.327,7.62,0.009,-1,-1,-1
Intel Xeon Phi coprocessor x100 family,MatrixTranspose,TWO_D,2985,2985,2,1024,1,33,174.467,7.607,0.025,-1,-1,-1
Intel Xeon Phi coprocessor x100 family,MatrixTranspose,TWO_D,2985,2985,2,2048,1,33,174.437,7.609,0.01,-1,-1,-1
Intel Xeon Phi coprocessor x100 family,MatrixTranspose,TWO_D,2985,2985,2,4096,1,33,174.459,7.615,0.009,-1,-1,-1
Intel Xeon Phi coprocessor x100 family,MatrixTranspose,TWO_D,2985,2985,4,1,1,33,174.502,7.687,0.026,-1,-1,-1
Intel Xeon Phi coprocessor x100 family,MatrixTranspose,TWO_D,2985,2985,4,2,1,33,174.591,7.591,0.01,-1,-1,-1
Intel Xeon Phi coprocessor x100 family,MatrixTranspose,TWO_D,2985,2985,4,4,1,33,174.451,7.624,0.01,-1,-1,-1
Intel Xeon Phi coprocessor x100 family,MatrixTranspose,TWO_D,2985,2985,4,8,1,33,174.462,7.625,0.009,-1,-1,-1
Intel Xeon Phi coprocessor x100 family,MatrixTranspose,TWO_D,2985,2985,4,16,1,33,176.062,7.651,0.026,-1,-1,-1
Intel Xeon Phi coprocessor x100 family,MatrixTranspose,TWO_D,2985,2985,4,32,1,33,175.078,7.605,0.008,-1,-1,-1
Intel Xeon Phi coprocessor x100 family,MatrixTranspose,TWO_D,2985,2985,4,64,1,33,174.532,7.668,0.009,-1,-1,-1
Intel Xeon Phi coprocessor x100 family,MatrixTranspose,TWO_D,2985,2985,4,128,1,33,174.489,7.554,0.024,-1,-1,-1
Intel Xeon Phi coprocessor x100 family,MatrixTranspose,TWO_D,2985,2985,4,256,1,33,174.436,7.671,0.01,-1,-1,-1
Intel Xeon Phi coprocessor x100 family,MatrixTranspose,TWO_D,2985,2985,4,512,1,33,174.476,7.733,0.01,-1,-1,-1
Intel Xeon Phi coprocessor x100 family,MatrixTranspose,TWO_D,2985,2985,4,1024,1,33,174.546,7.917,0.025,-1,-1,-1
Intel Xeon Phi coprocessor x100 family,MatrixTranspose,TWO_D,2985,2985,4,2048,1,33,174.521,7.625,0.011,-1,-1,-1
Intel Xeon Phi coprocessor x100 family,MatrixTranspose,TWO_D,2985,2985,8,1,1,33,174.463,7.757,0.009,-1,-1,-1
Intel Xeon Phi coprocessor x100 family,MatrixTranspose,TWO_D,2985,2985,8,2,1,33,174.474,7.603,0.009,-1,-1,-1
Intel Xeon Phi coprocessor x100 family,MatrixTranspose,TWO_D,2985,2985,8,4,1,33,174.572,7.453,0.009,-1,-1,-1
Intel Xeon Phi coprocessor x100 family,MatrixTranspose,TWO_D,2985,2985,8,8,1,33,175.433,7.571,0.009,-1,-1,-1
Intel Xeon Phi coprocessor x100 family,MatrixTranspose,TWO_D,2985,2985,8,16,1,33,174.415,7.698,0.01,-1,-1,-1
Intel Xeon Phi coprocessor x100 family,MatrixTranspose,TWO_D,2985,2985,8,32,1,33,174.496,7.71,0.009,-1,-1,-1
Intel Xeon Phi coprocessor x100 family,MatrixTranspose,TWO_D,2985,2985,8,64,1,33,174.465,7.412,0.009,-1,-1,-1
Intel Xeon Phi coprocessor x100 family,MatrixTranspose,TWO_D,2985,2985,8,128,1,33,174.527,7.33,0.027,-1,-1,-1
Intel Xeon Phi coprocessor x100 family,MatrixTranspose,TWO_D,2985,2985,8,256,1,33,174.592,7.678,0.011,-1,-1,-1
Intel Xeon Phi coprocessor x100 family,MatrixTranspose,TWO_D,2985,2985,8,512,1,33,174.449,7.673,0.009,-1,-1,-1
Intel Xeon Phi coprocessor x100 family,MatrixTranspose,TWO_D,2985,2985,8,1024,1,33,174.472,7.667,0.025,-1,-1,-1
Intel Xeon Phi coprocessor x100 family,MatrixTranspose,TWO_D,2985,2985,16,1,1,33,174.584,7.593,0.01,-1,-1,-1
Intel Xeon Phi coprocessor x100 family,MatrixTranspose,TWO_D,2985,2985,16,2,1,33,174.96,7.592,0.009,-1,-1,-1
Intel Xeon Phi coprocessor x100 family,MatrixTranspose,TWO_D,2985,2985,16,4,1,33,174.759,7.627,0.01,-1,-1,-1
Intel Xeon Phi coprocessor x100 family,MatrixTranspose,TWO_D,2985,2985,16,8,1,33,174.431,7.674,0.026,-1,-1,-1
Intel Xeon Phi coprocessor x100 family,MatrixTranspose,TWO_D,2985,2985,16,16,1,33,174.419,7.596,0.009,-1,-1,-1
Intel Xeon Phi coprocessor x100 family,MatrixTranspose,TWO_D,2985,2985,16,32,1,33,174.531,7.712,0.01,-1,-1,-1
Intel Xeon Phi coprocessor x100 family,MatrixTranspose,TWO_D,2985,2985,16,64,1,33,174.487,7.68,0.01,-1,-1,-1
Intel Xeon Phi coprocessor x100 family,MatrixTranspose,TWO_D,2985,2985,16,128,1,33,174.541,7.671,0.01,-1,-1,-1
Intel Xeon Phi coprocessor x100 family,MatrixTranspose,TWO_D,2985,2985,16,256,1,33,174.407,7.636,0.009,-1,-1,-1
Intel Xeon Phi coprocessor x100 family,MatrixTranspose,TWO_D,2985,2985,16,512,1,33,174.421,7.628,0.026,-1,-1,-1
Intel Xeon Phi coprocessor x100 family,MatrixTranspose,TWO_D,2985,2985,32,1,1,33,174.587,7.437,0.01,-1,-1,-1
Intel Xeon Phi coprocessor x100 family,MatrixTranspose,TWO_D,2985,2985,32,2,1,33,175.624,7.629,0.009,-1,-1,-1
Intel Xeon Phi coprocessor x100 family,MatrixTranspose,TWO_D,2985,2985,32,4,1,33,174.549,7.75,0.01,-1,-1,-1
Intel Xeon Phi coprocessor x100 family,MatrixTranspose,TWO_D,2985,2985,32,8,1,33,174.415,7.58,0.025,-1,-1,-1
Intel Xeon Phi coprocessor x100 family,MatrixTranspose,TWO_D,2985,2985,32,16,1,33,174.453,7.597,0.01,-1,-1,-1
Intel Xeon Phi coprocessor x100 family,MatrixTranspose,TWO_D,2985,2985,32,32,1,33,174.491,7.687,0.009,-1,-1,-1
Intel Xeon Phi coprocessor x100 family,MatrixTranspose,TWO_D,2985,2985,32,64,1,33,174.853,7.684,0.011,-1,-1,-1
Intel Xeon Phi coprocessor x100 family,MatrixTranspose,TWO_D,2985,2985,32,128,1,33,174.544,7.58,0.025,-1,-1,-1
Intel Xeon Phi coprocessor x100 family,MatrixTranspose,TWO_D,2985,2985,32,256,1,33,174.471,7.568,0.009,-1,-1,-1
Intel Xeon Phi coprocessor x100 family,MatrixTranspose,TWO_D,2985,2985,64,1,1,33,175.794,7.712,0.01,-1,-1,-1
Intel Xeon Phi coprocessor x100 family,MatrixTranspose,TWO_D,2985,2985,64,2,1,33,174.846,7.593,0.009,-1,-1,-1
Intel Xeon Phi coprocessor x100 family,MatrixTranspose,TWO_D,2985,2985,64,4,1,33,174.961,7.554,0.009,-1,-1,-1
Intel Xeon Phi coprocessor x100 family,MatrixTranspose,TWO_D,2985,2985,64,8,1,33,174.484,7.662,0.01,-1,-1,-1
Intel Xeon Phi coprocessor x100 family,MatrixTranspose,TWO_D,2985,2985,64,16,1,33,174.427,7.947,0.011,-1,-1,-1
Intel Xeon Phi coprocessor x100 family,MatrixTranspose,TWO_D,2985,2985,64,32,1,33,174.583,7.849,0.01,-1,-1,-1
Intel Xeon Phi coprocessor x100 family,MatrixTranspose,TWO_D,2985,2985,64,64,1,33,174.527,7.932,0.011,-1,-1,-1
Intel Xeon Phi coprocessor x100 family,MatrixTranspose,TWO_D,2985,2985,64,128,1,33,174.579,7.994,0.01,-1,-1,-1
Intel Xeon Phi coprocessor x100 family,MatrixTranspose,TWO_D,2985,2985,128,1,1,33,174.444,7.987,0.01,-1,-1,-1
Intel Xeon Phi coprocessor x100 family,MatrixTranspose,TWO_D,2985,2985,128,2,1,33,174.422,7.936,0.01,-1,-1,-1
Intel Xeon Phi coprocessor x100 family,MatrixTranspose,TWO_D,2985,2985,128,4,1,33,174.619,7.924,0.01,-1,-1,-1
Intel Xeon Phi coprocessor x100 family,MatrixTranspose,TWO_D,2985,2985,128,8,1,33,175.481,8.111,0.01,-1,-1,-1
Intel Xeon Phi coprocessor x100 family,MatrixTranspose,TWO_D,2985,2985,128,16,1,33,174.476,8.357,0.01,-1,-1,-1
Intel Xeon Phi coprocessor x100 family,MatrixTranspose,TWO_D,2985,2985,128,32,1,33,174.451,8.307,0.01,-1,-1,-1
Intel Xeon Phi coprocessor x100 family,MatrixTranspose,TWO_D,2985,2985,128,64,1,33,174.411,8.276,0.01,-1,-1,-1
Intel Xeon Phi coprocessor x100 family,MatrixTranspose,TWO_D,2985,2985,256,1,1,33,174.48,8.21,0.01,-1,-1,-1
Intel Xeon Phi coprocessor x100 family,MatrixTranspose,TWO_D,2985,2985,256,2,1,33,174.615,8.356,0.011,-1,-1,-1
Intel Xeon Phi coprocessor x100 family,MatrixTranspose,TWO_D,2985,2985,256,4,1,33,179.96,8.255,0.009,-1,-1,-1
Intel Xeon Phi coprocessor x100 family,MatrixTranspose,TWO_D,2985,2985,256,8,1,33,174.417,8.142,0.01,-1,-1,-1
Intel Xeon Phi coprocessor x100 family,MatrixTranspose,TWO_D,2985,2985,256,16,1,33,174.439,8.13,0.01,-1,-1,-1
Intel Xeon Phi coprocessor x100 family,MatrixTranspose,TWO_D,2985,2985,256,32,1,33,174.949,8.054,0.01,-1,-1,-1
Intel Xeon Phi coprocessor x100 family,MatrixTranspose,TWO_D,2985,2985,512,1,1,33,174.883,8.272,0.009,-1,-1,-1
Intel Xeon Phi coprocessor x100 family,MatrixTranspose,TWO_D,2985,2985,512,2,1,33,174.484,8.222,0.025,-1,-1,-1
Intel Xeon Phi coprocessor x100 family,MatrixTranspose,TWO_D,2985,2985,512,4,1,33,174.419,8.241,0.009,-1,-1,-1
Intel Xeon Phi coprocessor x100 family,MatrixTranspose,TWO_D,2985,2985,512,8,1,33,174.481,7.93,0.009,-1,-1,-1
Intel Xeon Phi coprocessor x100 family,MatrixTranspose,TWO_D,2985,2985,512,16,1,33,174.462,7.951,0.01,-1,-1,-1
Intel Xeon Phi coprocessor x100 family,MatrixTranspose,TWO_D,2985,2985,1024,1,1,33,174.582,8.258,0.009,-1,-1,-1
Intel Xeon Phi coprocessor x100 family,MatrixTranspose,TWO_D,2985,2985,1024,2,1,33,174.464,8.329,0.01,-1,-1,-1
Intel Xeon Phi coprocessor x100 family,MatrixTranspose,TWO_D,2985,2985,1024,4,1,33,174.452,8.278,0.01,-1,-1,-1
Intel Xeon Phi coprocessor x100 family,MatrixTranspose,TWO_D,2985,2985,1024,8,1,33,174.518,7.93,0.01,-1,-1,-1
Intel Xeon Phi coprocessor x100 family,MatrixTranspose,TWO_D,2985,2985,2048,1,1,33,175.493,7.89,0.01,-1,-1,-1
Intel Xeon Phi coprocessor x100 family,MatrixTranspose,TWO_D,2985,2985,2048,2,1,33,174.51,8.36,0.01,-1,-1,-1
Intel Xeon Phi coprocessor x100 family,MatrixTranspose,TWO_D,2985,2985,2048,4,1,33,174.461,8.126,0.01,-1,-1,-1
Intel Xeon Phi coprocessor x100 family,MatrixTranspose,TWO_D,2985,2985,4096,1,1,33,174.407,8.216,0.011,-1,-1,-1
Intel Xeon Phi coprocessor x100 family,MatrixTranspose,TWO_D,2985,2985,4096,2,1,33,174.55,8.115,0.011,-1,-1,-1
Intel Xeon Phi coprocessor x100 family,MatrixTranspose,TWO_D,2985,2985,8192,1,1,33,174.701,7.954,0.01,-1,-1,-1
