device/C,kernel/C,workDimension/C,N/F,P/F,M/F,xLocal/I,yLocal/I,zLocal/I,MB/F,init/F,memoryCopyOut/F,plan/F,execute/F,memoryCopyIn/F,cleanUp/F
Intel Xeon Phi coprocessor x100 family,MatrixMultiplication,TWO_D,3396,3396,3396,1,1,1,43,607.586,66.005,0.014,35535.9,25.705,2.976
Intel Xeon Phi coprocessor x100 family,MatrixMultiplication,TWO_D,3396,3396,3396,1,2,1,43,550.328,58.803,0.012,34556.1,23.838,2.726
Intel Xeon Phi coprocessor x100 family,MatrixMultiplication,TWO_D,3396,3396,3396,1,4,1,43,513.044,58.455,0.011,31602.3,24.346,2.593
Intel Xeon Phi coprocessor x100 family,MatrixMultiplication,TWO_D,3396,3396,3396,1,8,1,43,491.374,59.269,0.012,-1,-1,-1
Intel Xeon Phi coprocessor x100 family,MatrixMultiplication,TWO_D,3396,3396,3396,1,16,1,43,470.204,57.541,0.01,-1,-1,-1
Intel Xeon Phi coprocessor x100 family,MatrixMultiplication,TWO_D,3396,3396,3396,1,32,1,43,455.997,56.789,0.015,-1,-1,-1
Intel Xeon Phi coprocessor x100 family,MatrixMultiplication,TWO_D,3396,3396,3396,1,64,1,43,455.876,56.379,0.011,-1,-1,-1
Intel Xeon Phi coprocessor x100 family,MatrixMultiplication,TWO_D,3396,3396,3396,1,128,1,43,456.628,56.629,0.014,-1,-1,-1
Intel Xeon Phi coprocessor x100 family,MatrixMultiplication,TWO_D,3396,3396,3396,1,256,1,43,455.911,56.759,0.014,-1,-1,-1
Intel Xeon Phi coprocessor x100 family,MatrixMultiplication,TWO_D,3396,3396,3396,1,512,1,43,455.939,56.727,0.01,-1,-1,-1
Intel Xeon Phi coprocessor x100 family,MatrixMultiplication,TWO_D,3396,3396,3396,1,1024,1,43,456.906,56.61,0.01,-1,-1,-1
Intel Xeon Phi coprocessor x100 family,MatrixMultiplication,TWO_D,3396,3396,3396,1,2048,1,43,455.919,56.678,0.01,-1,-1,-1
Intel Xeon Phi coprocessor x100 family,MatrixMultiplication,TWO_D,3396,3396,3396,1,4096,1,43,456.092,56.446,0.012,-1,-1,-1
Intel Xeon Phi coprocessor x100 family,MatrixMultiplication,TWO_D,3396,3396,3396,1,8192,1,43,455.865,56.574,0.013,-1,-1,-1
Intel Xeon Phi coprocessor x100 family,MatrixMultiplication,TWO_D,3396,3396,3396,2,1,1,43,456.908,56.554,0.011,33756.7,24.599,2.98
Intel Xeon Phi coprocessor x100 family,MatrixMultiplication,TWO_D,3396,3396,3396,2,2,1,43,512.205,58.453,0.011,32991.9,26.409,4.626
Intel Xeon Phi coprocessor x100 family,MatrixMultiplication,TWO_D,3396,3396,3396,2,4,1,43,518.488,56.391,0.012,32712.6,24.92,3.264
Intel Xeon Phi coprocessor x100 family,MatrixMultiplication,TWO_D,3396,3396,3396,2,8,1,43,497.161,57.408,0.013,-1,-1,-1
Intel Xeon Phi coprocessor x100 family,MatrixMultiplication,TWO_D,3396,3396,3396,2,16,1,43,456.576,55.641,0.012,-1,-1,-1
Intel Xeon Phi coprocessor x100 family,MatrixMultiplication,TWO_D,3396,3396,3396,2,32,1,43,455.662,55.421,0.011,-1,-1,-1
Intel Xeon Phi coprocessor x100 family,MatrixMultiplication,TWO_D,3396,3396,3396,2,64,1,43,455.942,55.685,0.013,-1,-1,-1
Intel Xeon Phi coprocessor x100 family,MatrixMultiplication,TWO_D,3396,3396,3396,2,128,1,43,455.644,55.602,0.012,-1,-1,-1
Intel Xeon Phi coprocessor x100 family,MatrixMultiplication,TWO_D,3396,3396,3396,2,256,1,43,456.622,55.286,0.027,-1,-1,-1
Intel Xeon Phi coprocessor x100 family,MatrixMultiplication,TWO_D,3396,3396,3396,2,512,1,43,455.66,55.687,0.011,-1,-1,-1
Intel Xeon Phi coprocessor x100 family,MatrixMultiplication,TWO_D,3396,3396,3396,2,1024,1,43,455.802,55.599,0.011,-1,-1,-1
Intel Xeon Phi coprocessor x100 family,MatrixMultiplication,TWO_D,3396,3396,3396,2,2048,1,43,455.654,56.523,0.012,-1,-1,-1
Intel Xeon Phi coprocessor x100 family,MatrixMultiplication,TWO_D,3396,3396,3396,2,4096,1,43,456.154,55.958,0.011,-1,-1,-1
Intel Xeon Phi coprocessor x100 family,MatrixMultiplication,TWO_D,3396,3396,3396,4,1,1,43,455.73,55.808,0.012,34954.8,21.808,2.969
Intel Xeon Phi coprocessor x100 family,MatrixMultiplication,TWO_D,3396,3396,3396,4,2,1,43,493.076,57.75,0.012,33416.9,20.856,4.52
Intel Xeon Phi coprocessor x100 family,MatrixMultiplication,TWO_D,3396,3396,3396,4,4,1,43,494.474,55.703,0.012,30168.3,23.414,3.249
Intel Xeon Phi coprocessor x100 family,MatrixMultiplication,TWO_D,3396,3396,3396,4,8,1,43,503.379,57.79,0.011,-1,-1,-1
Intel Xeon Phi coprocessor x100 family,MatrixMultiplication,TWO_D,3396,3396,3396,4,16,1,43,456.674,55.853,0.011,-1,-1,-1
Intel Xeon Phi coprocessor x100 family,MatrixMultiplication,TWO_D,3396,3396,3396,4,32,1,43,456.492,55.346,0.011,-1,-1,-1
Intel Xeon Phi coprocessor x100 family,MatrixMultiplication,TWO_D,3396,3396,3396,4,64,1,43,455.739,55.644,0.012,-1,-1,-1
Intel Xeon Phi coprocessor x100 family,MatrixMultiplication,TWO_D,3396,3396,3396,4,128,1,43,455.75,55.845,0.012,-1,-1,-1
Intel Xeon Phi coprocessor x100 family,MatrixMultiplication,TWO_D,3396,3396,3396,4,256,1,43,456.595,56.09,0.028,-1,-1,-1
Intel Xeon Phi coprocessor x100 family,MatrixMultiplication,TWO_D,3396,3396,3396,4,512,1,43,455.678,55.315,0.013,-1,-1,-1
Intel Xeon Phi coprocessor x100 family,MatrixMultiplication,TWO_D,3396,3396,3396,4,1024,1,43,455.808,55.903,0.014,-1,-1,-1
Intel Xeon Phi coprocessor x100 family,MatrixMultiplication,TWO_D,3396,3396,3396,4,2048,1,43,455.641,55.677,0.012,-1,-1,-1
Intel Xeon Phi coprocessor x100 family,MatrixMultiplication,TWO_D,3396,3396,3396,8,1,1,43,456.579,55.589,0.012,-1,-1,-1
Intel Xeon Phi coprocessor x100 family,MatrixMultiplication,TWO_D,3396,3396,3396,8,2,1,43,455.718,55.604,0.011,-1,-1,-1
Intel Xeon Phi coprocessor x100 family,MatrixMultiplication,TWO_D,3396,3396,3396,8,4,1,43,455.819,55.169,0.012,-1,-1,-1
Intel Xeon Phi coprocessor x100 family,MatrixMultiplication,TWO_D,3396,3396,3396,8,8,1,43,455.622,55.814,0.012,-1,-1,-1
Intel Xeon Phi coprocessor x100 family,MatrixMultiplication,TWO_D,3396,3396,3396,8,16,1,43,456.128,55.496,0.012,-1,-1,-1
Intel Xeon Phi coprocessor x100 family,MatrixMultiplication,TWO_D,3396,3396,3396,8,32,1,43,455.666,55.738,0.015,-1,-1,-1
Intel Xeon Phi coprocessor x100 family,MatrixMultiplication,TWO_D,3396,3396,3396,8,64,1,43,455.677,55.66,0.012,-1,-1,-1
Intel Xeon Phi coprocessor x100 family,MatrixMultiplication,TWO_D,3396,3396,3396,8,128,1,43,456.553,55.602,0.015,-1,-1,-1
Intel Xeon Phi coprocessor x100 family,MatrixMultiplication,TWO_D,3396,3396,3396,8,256,1,43,455.715,55.61,0.012,-1,-1,-1
Intel Xeon Phi coprocessor x100 family,MatrixMultiplication,TWO_D,3396,3396,3396,8,512,1,43,455.727,55.646,0.012,-1,-1,-1
Intel Xeon Phi coprocessor x100 family,MatrixMultiplication,TWO_D,3396,3396,3396,8,1024,1,43,455.734,55.587,0.029,-1,-1,-1
Intel Xeon Phi coprocessor x100 family,MatrixMultiplication,TWO_D,3396,3396,3396,16,1,1,43,456.811,56.912,0.015,-1,-1,-1
Intel Xeon Phi coprocessor x100 family,MatrixMultiplication,TWO_D,3396,3396,3396,16,2,1,43,456.245,56.797,0.013,-1,-1,-1
Intel Xeon Phi coprocessor x100 family,MatrixMultiplication,TWO_D,3396,3396,3396,16,4,1,43,456.149,57.042,0.014,-1,-1,-1
Intel Xeon Phi coprocessor x100 family,MatrixMultiplication,TWO_D,3396,3396,3396,16,8,1,43,457.116,57.065,0.012,-1,-1,-1
Intel Xeon Phi coprocessor x100 family,MatrixMultiplication,TWO_D,3396,3396,3396,16,16,1,43,456.098,56.822,0.014,-1,-1,-1
Intel Xeon Phi coprocessor x100 family,MatrixMultiplication,TWO_D,3396,3396,3396,16,32,1,43,456.257,56.683,0.011,-1,-1,-1
Intel Xeon Phi coprocessor x100 family,MatrixMultiplication,TWO_D,3396,3396,3396,16,64,1,43,455.983,56.903,0.012,-1,-1,-1
Intel Xeon Phi coprocessor x100 family,MatrixMultiplication,TWO_D,3396,3396,3396,16,128,1,43,456.965,57.401,0.011,-1,-1,-1
Intel Xeon Phi coprocessor x100 family,MatrixMultiplication,TWO_D,3396,3396,3396,16,256,1,43,456.173,57.562,0.011,-1,-1,-1
Intel Xeon Phi coprocessor x100 family,MatrixMultiplication,TWO_D,3396,3396,3396,16,512,1,43,456.404,57.635,0.012,-1,-1,-1
Intel Xeon Phi coprocessor x100 family,MatrixMultiplication,TWO_D,3396,3396,3396,32,1,1,43,455.897,57.614,0.027,-1,-1,-1
Intel Xeon Phi coprocessor x100 family,MatrixMultiplication,TWO_D,3396,3396,3396,32,2,1,43,462.408,57.542,0.011,-1,-1,-1
Intel Xeon Phi coprocessor x100 family,MatrixMultiplication,TWO_D,3396,3396,3396,32,4,1,43,455.935,57.844,0.014,-1,-1,-1
Intel Xeon Phi coprocessor x100 family,MatrixMultiplication,TWO_D,3396,3396,3396,32,8,1,43,456.209,57.464,0.015,-1,-1,-1
Intel Xeon Phi coprocessor x100 family,MatrixMultiplication,TWO_D,3396,3396,3396,32,16,1,43,456.455,57.799,0.013,-1,-1,-1
Intel Xeon Phi coprocessor x100 family,MatrixMultiplication,TWO_D,3396,3396,3396,32,32,1,43,456.051,57.13,0.011,-1,-1,-1
Intel Xeon Phi coprocessor x100 family,MatrixMultiplication,TWO_D,3396,3396,3396,32,64,1,43,456.109,57.539,0.012,-1,-1,-1
Intel Xeon Phi coprocessor x100 family,MatrixMultiplication,TWO_D,3396,3396,3396,32,128,1,43,455.94,56.921,0.012,-1,-1,-1
Intel Xeon Phi coprocessor x100 family,MatrixMultiplication,TWO_D,3396,3396,3396,32,256,1,43,456.985,57.668,0.012,-1,-1,-1
Intel Xeon Phi coprocessor x100 family,MatrixMultiplication,TWO_D,3396,3396,3396,64,1,1,43,456.048,57.293,0.01,-1,-1,-1
Intel Xeon Phi coprocessor x100 family,MatrixMultiplication,TWO_D,3396,3396,3396,64,2,1,43,456.142,57.088,0.01,-1,-1,-1
Intel Xeon Phi coprocessor x100 family,MatrixMultiplication,TWO_D,3396,3396,3396,64,4,1,43,455.983,57.298,0.014,-1,-1,-1
Intel Xeon Phi coprocessor x100 family,MatrixMultiplication,TWO_D,3396,3396,3396,64,8,1,43,456.758,57.352,0.013,-1,-1,-1
Intel Xeon Phi coprocessor x100 family,MatrixMultiplication,TWO_D,3396,3396,3396,64,16,1,43,456.045,57.285,0.011,-1,-1,-1
Intel Xeon Phi coprocessor x100 family,MatrixMultiplication,TWO_D,3396,3396,3396,64,32,1,43,456.055,57.388,0.011,-1,-1,-1
Intel Xeon Phi coprocessor x100 family,MatrixMultiplication,TWO_D,3396,3396,3396,64,64,1,43,457.754,57.031,0.012,-1,-1,-1
Intel Xeon Phi coprocessor x100 family,MatrixMultiplication,TWO_D,3396,3396,3396,64,128,1,43,455.955,57.444,0.013,-1,-1,-1
Intel Xeon Phi coprocessor x100 family,MatrixMultiplication,TWO_D,3396,3396,3396,128,1,1,43,456.355,57.203,0.013,-1,-1,-1
Intel Xeon Phi coprocessor x100 family,MatrixMultiplication,TWO_D,3396,3396,3396,128,2,1,43,455.91,57.079,0.011,-1,-1,-1
Intel Xeon Phi coprocessor x100 family,MatrixMultiplication,TWO_D,3396,3396,3396,128,4,1,43,457,57.696,0.011,-1,-1,-1
Intel Xeon Phi coprocessor x100 family,MatrixMultiplication,TWO_D,3396,3396,3396,128,8,1,43,455.884,57.96,0.013,-1,-1,-1
Intel Xeon Phi coprocessor x100 family,MatrixMultiplication,TWO_D,3396,3396,3396,128,16,1,43,456.136,57.335,0.012,-1,-1,-1
Intel Xeon Phi coprocessor x100 family,MatrixMultiplication,TWO_D,3396,3396,3396,128,32,1,43,455.988,57.673,0.012,-1,-1,-1
Intel Xeon Phi coprocessor x100 family,MatrixMultiplication,TWO_D,3396,3396,3396,128,64,1,43,456.415,57.392,0.011,-1,-1,-1
Intel Xeon Phi coprocessor x100 family,MatrixMultiplication,TWO_D,3396,3396,3396,256,1,1,43,456.02,57.577,0.012,-1,-1,-1
Intel Xeon Phi coprocessor x100 family,MatrixMultiplication,TWO_D,3396,3396,3396,256,2,1,43,456.005,57.184,0.012,-1,-1,-1
Intel Xeon Phi coprocessor x100 family,MatrixMultiplication,TWO_D,3396,3396,3396,256,4,1,43,456.881,57.732,0.011,-1,-1,-1
Intel Xeon Phi coprocessor x100 family,MatrixMultiplication,TWO_D,3396,3396,3396,256,8,1,43,455.929,57.325,0.011,-1,-1,-1
Intel Xeon Phi coprocessor x100 family,MatrixMultiplication,TWO_D,3396,3396,3396,256,16,1,43,456.263,57.603,0.01,-1,-1,-1
Intel Xeon Phi coprocessor x100 family,MatrixMultiplication,TWO_D,3396,3396,3396,256,32,1,43,456.05,57.179,0.01,-1,-1,-1
Intel Xeon Phi coprocessor x100 family,MatrixMultiplication,TWO_D,3396,3396,3396,512,1,1,43,456.9,57.529,0.013,-1,-1,-1
Intel Xeon Phi coprocessor x100 family,MatrixMultiplication,TWO_D,3396,3396,3396,512,2,1,43,456.077,57.101,0.012,-1,-1,-1
Intel Xeon Phi coprocessor x100 family,MatrixMultiplication,TWO_D,3396,3396,3396,512,4,1,43,456.146,57.093,0.011,-1,-1,-1
Intel Xeon Phi coprocessor x100 family,MatrixMultiplication,TWO_D,3396,3396,3396,512,8,1,43,456.309,57.253,0.012,-1,-1,-1
Intel Xeon Phi coprocessor x100 family,MatrixMultiplication,TWO_D,3396,3396,3396,512,16,1,43,456.118,57.17,0.011,-1,-1,-1
Intel Xeon Phi coprocessor x100 family,MatrixMultiplication,TWO_D,3396,3396,3396,1024,1,1,43,456.415,57.314,0.011,-1,-1,-1
Intel Xeon Phi coprocessor x100 family,MatrixMultiplication,TWO_D,3396,3396,3396,1024,2,1,43,456.089,57.364,0.011,-1,-1,-1
Intel Xeon Phi coprocessor x100 family,MatrixMultiplication,TWO_D,3396,3396,3396,1024,4,1,43,457.654,57.365,0.01,-1,-1,-1
Intel Xeon Phi coprocessor x100 family,MatrixMultiplication,TWO_D,3396,3396,3396,1024,8,1,43,455.89,57.301,0.011,-1,-1,-1
Intel Xeon Phi coprocessor x100 family,MatrixMultiplication,TWO_D,3396,3396,3396,2048,1,1,43,456.217,57.101,0.012,-1,-1,-1
Intel Xeon Phi coprocessor x100 family,MatrixMultiplication,TWO_D,3396,3396,3396,2048,2,1,43,455.963,57.064,0.015,-1,-1,-1
Intel Xeon Phi coprocessor x100 family,MatrixMultiplication,TWO_D,3396,3396,3396,2048,4,1,43,456.871,57.194,0.028,-1,-1,-1
Intel Xeon Phi coprocessor x100 family,MatrixMultiplication,TWO_D,3396,3396,3396,4096,1,1,43,455.991,57.025,0.011,-1,-1,-1
Intel Xeon Phi coprocessor x100 family,MatrixMultiplication,TWO_D,3396,3396,3396,4096,2,1,43,456.119,57.212,0.011,-1,-1,-1
Intel Xeon Phi coprocessor x100 family,MatrixMultiplication,TWO_D,3396,3396,3396,8192,1,1,43,456.469,57.5,0.012,-1,-1,-1
Intel Xeon Phi coprocessor x100 family,MatrixMultiplication,TWO_D,3396,3396,3396,1,1,1,43,608.007,66.576,0.01,35612.3,22.849,2.758
Intel Xeon Phi coprocessor x100 family,MatrixMultiplication,TWO_D,3396,3396,3396,1,2,1,43,498.341,57.976,0.009,34033.9,23.864,2.961
Intel Xeon Phi coprocessor x100 family,MatrixMultiplication,TWO_D,3396,3396,3396,1,4,1,43,508.686,58.618,0.009,31122.3,24.743,2.676
Intel Xeon Phi coprocessor x100 family,MatrixMultiplication,TWO_D,3396,3396,3396,1,8,1,43,490.687,57.91,1.009,-1,-1,-1
Intel Xeon Phi coprocessor x100 family,MatrixMultiplication,TWO_D,3396,3396,3396,1,16,1,43,456.316,55.316,0.011,-1,-1,-1
Intel Xeon Phi coprocessor x100 family,MatrixMultiplication,TWO_D,3396,3396,3396,1,32,1,43,456.508,55.927,0.014,-1,-1,-1
Intel Xeon Phi coprocessor x100 family,MatrixMultiplication,TWO_D,3396,3396,3396,1,64,1,43,456.282,55.42,0.013,-1,-1,-1
Intel Xeon Phi coprocessor x100 family,MatrixMultiplication,TWO_D,3396,3396,3396,1,128,1,43,457.377,55.278,0.009,-1,-1,-1
Intel Xeon Phi coprocessor x100 family,MatrixMultiplication,TWO_D,3396,3396,3396,1,256,1,43,456.355,55.438,0.01,-1,-1,-1
Intel Xeon Phi coprocessor x100 family,MatrixMultiplication,TWO_D,3396,3396,3396,1,512,1,43,456.49,55.325,0.011,-1,-1,-1
Intel Xeon Phi coprocessor x100 family,MatrixMultiplication,TWO_D,3396,3396,3396,1,1024,1,43,456.358,55.929,0.01,-1,-1,-1
Intel Xeon Phi coprocessor x100 family,MatrixMultiplication,TWO_D,3396,3396,3396,1,2048,1,43,456.959,55.572,0.01,-1,-1,-1
Intel Xeon Phi coprocessor x100 family,MatrixMultiplication,TWO_D,3396,3396,3396,1,4096,1,43,456.532,55.884,0.01,-1,-1,-1
Intel Xeon Phi coprocessor x100 family,MatrixMultiplication,TWO_D,3396,3396,3396,1,8192,1,43,456.435,55.46,0.016,-1,-1,-1
Intel Xeon Phi coprocessor x100 family,MatrixMultiplication,TWO_D,3396,3396,3396,2,1,1,43,457.472,55.446,0.01,33731.9,22.609,2.951
Intel Xeon Phi coprocessor x100 family,MatrixMultiplication,TWO_D,3396,3396,3396,2,2,1,43,507.178,58.126,0.01,32764.4,25.017,2.873
Intel Xeon Phi coprocessor x100 family,MatrixMultiplication,TWO_D,3396,3396,3396,2,4,1,43,493.156,57.87,1.037,33440.5,25.743,3.7
Intel Xeon Phi coprocessor x100 family,MatrixMultiplication,TWO_D,3396,3396,3396,2,8,1,43,470.009,56.85,0.009,-1,-1,-1
Intel Xeon Phi coprocessor x100 family,MatrixMultiplication,TWO_D,3396,3396,3396,2,16,1,43,457.19,55.927,0.01,-1,-1,-1
Intel Xeon Phi coprocessor x100 family,MatrixMultiplication,TWO_D,3396,3396,3396,2,32,1,43,456.54,55.513,0.01,-1,-1,-1
Intel Xeon Phi coprocessor x100 family,MatrixMultiplication,TWO_D,3396,3396,3396,2,64,1,43,456.454,55.535,0.014,-1,-1,-1
Intel Xeon Phi coprocessor x100 family,MatrixMultiplication,TWO_D,3396,3396,3396,2,128,1,43,455.927,55.87,0.01,-1,-1,-1
Intel Xeon Phi coprocessor x100 family,MatrixMultiplication,TWO_D,3396,3396,3396,2,256,1,43,463.825,56.105,0.009,-1,-1,-1
Intel Xeon Phi coprocessor x100 family,MatrixMultiplication,TWO_D,3396,3396,3396,2,512,1,43,456.21,55.957,0.009,-1,-1,-1
Intel Xeon Phi coprocessor x100 family,MatrixMultiplication,TWO_D,3396,3396,3396,2,1024,1,43,455.996,56.023,0.013,-1,-1,-1
Intel Xeon Phi coprocessor x100 family,MatrixMultiplication,TWO_D,3396,3396,3396,2,2048,1,43,456.971,55.931,0.009,-1,-1,-1
Intel Xeon Phi coprocessor x100 family,MatrixMultiplication,TWO_D,3396,3396,3396,2,4096,1,43,455.807,56.162,0.009,-1,-1,-1
Intel Xeon Phi coprocessor x100 family,MatrixMultiplication,TWO_D,3396,3396,3396,4,1,1,43,456.578,55.776,0.008,34961.3,24.681,3.62
Intel Xeon Phi coprocessor x100 family,MatrixMultiplication,TWO_D,3396,3396,3396,4,2,1,43,490.339,56.739,0.01,33727.7,20.048,2.904
Intel Xeon Phi coprocessor x100 family,MatrixMultiplication,TWO_D,3396,3396,3396,4,4,1,43,543.702,57.537,0.011,29585.2,22.573,2.982
Intel Xeon Phi coprocessor x100 family,MatrixMultiplication,TWO_D,3396,3396,3396,4,8,1,43,494.824,58.225,0.662,-1,-1,-1
Intel Xeon Phi coprocessor x100 family,MatrixMultiplication,TWO_D,3396,3396,3396,4,16,1,43,460.835,55.372,0.009,-1,-1,-1
Intel Xeon Phi coprocessor x100 family,MatrixMultiplication,TWO_D,3396,3396,3396,4,32,1,43,456.976,55.301,0.027,-1,-1,-1
Intel Xeon Phi coprocessor x100 family,MatrixMultiplication,TWO_D,3396,3396,3396,4,64,1,43,455.781,55.723,0.009,-1,-1,-1
Intel Xeon Phi coprocessor x100 family,MatrixMultiplication,TWO_D,3396,3396,3396,4,128,1,43,456.196,55.719,0.01,-1,-1,-1
Intel Xeon Phi coprocessor x100 family,MatrixMultiplication,TWO_D,3396,3396,3396,4,256,1,43,457.067,55.868,0.008,-1,-1,-1
Intel Xeon Phi coprocessor x100 family,MatrixMultiplication,TWO_D,3396,3396,3396,4,512,1,43,456.173,55.701,0.009,-1,-1,-1
Intel Xeon Phi coprocessor x100 family,MatrixMultiplication,TWO_D,3396,3396,3396,4,1024,1,43,456.344,55.818,0.013,-1,-1,-1
Intel Xeon Phi coprocessor x100 family,MatrixMultiplication,TWO_D,3396,3396,3396,4,2048,1,43,456.118,55.978,0.012,-1,-1,-1
Intel Xeon Phi coprocessor x100 family,MatrixMultiplication,TWO_D,3396,3396,3396,8,1,1,43,457.559,55.868,0.026,-1,-1,-1
Intel Xeon Phi coprocessor x100 family,MatrixMultiplication,TWO_D,3396,3396,3396,8,2,1,43,456.156,55.693,0.008,-1,-1,-1
Intel Xeon Phi coprocessor x100 family,MatrixMultiplication,TWO_D,3396,3396,3396,8,4,1,43,456.386,55.875,0.01,-1,-1,-1
Intel Xeon Phi coprocessor x100 family,MatrixMultiplication,TWO_D,3396,3396,3396,8,8,1,43,456.056,56.035,0.013,-1,-1,-1
Intel Xeon Phi coprocessor x100 family,MatrixMultiplication,TWO_D,3396,3396,3396,8,16,1,43,456.587,56.429,0.009,-1,-1,-1
Intel Xeon Phi coprocessor x100 family,MatrixMultiplication,TWO_D,3396,3396,3396,8,32,1,43,456.051,56.099,0.008,-1,-1,-1
Intel Xeon Phi coprocessor x100 family,MatrixMultiplication,TWO_D,3396,3396,3396,8,64,1,43,456.15,56.015,0.013,-1,-1,-1
Intel Xeon Phi coprocessor x100 family,MatrixMultiplication,TWO_D,3396,3396,3396,8,128,1,43,457.006,55.848,0.026,-1,-1,-1
Intel Xeon Phi coprocessor x100 family,MatrixMultiplication,TWO_D,3396,3396,3396,8,256,1,43,455.863,56.155,0.013,-1,-1,-1
Intel Xeon Phi coprocessor x100 family,MatrixMultiplication,TWO_D,3396,3396,3396,8,512,1,43,456.534,55.499,0.012,-1,-1,-1
Intel Xeon Phi coprocessor x100 family,MatrixMultiplication,TWO_D,3396,3396,3396,8,1024,1,43,456.794,56.244,0.012,-1,-1,-1
Intel Xeon Phi coprocessor x100 family,MatrixMultiplication,TWO_D,3396,3396,3396,16,1,1,43,457.085,55.555,0.012,-1,-1,-1
Intel Xeon Phi coprocessor x100 family,MatrixMultiplication,TWO_D,3396,3396,3396,16,2,1,43,455.955,56.053,0.014,-1,-1,-1
Intel Xeon Phi coprocessor x100 family,MatrixMultiplication,TWO_D,3396,3396,3396,16,4,1,43,456.932,55.712,0.013,-1,-1,-1
Intel Xeon Phi coprocessor x100 family,MatrixMultiplication,TWO_D,3396,3396,3396,16,8,1,43,456.374,56.305,0.009,-1,-1,-1
Intel Xeon Phi coprocessor x100 family,MatrixMultiplication,TWO_D,3396,3396,3396,16,16,1,43,456.203,55.806,0.009,-1,-1,-1
Intel Xeon Phi coprocessor x100 family,MatrixMultiplication,TWO_D,3396,3396,3396,16,32,1,43,463.019,56.281,0.009,-1,-1,-1
Intel Xeon Phi coprocessor x100 family,MatrixMultiplication,TWO_D,3396,3396,3396,16,64,1,43,457.942,56,0.013,-1,-1,-1
Intel Xeon Phi coprocessor x100 family,MatrixMultiplication,TWO_D,3396,3396,3396,16,128,1,43,457.319,56.384,0.013,-1,-1,-1
Intel Xeon Phi coprocessor x100 family,MatrixMultiplication,TWO_D,3396,3396,3396,16,256,1,43,456.23,56.137,0.013,-1,-1,-1
Intel Xeon Phi coprocessor x100 family,MatrixMultiplication,TWO_D,3396,3396,3396,16,512,1,43,456.616,56.493,0.008,-1,-1,-1
Intel Xeon Phi coprocessor x100 family,MatrixMultiplication,TWO_D,3396,3396,3396,32,1,1,43,456.309,56.66,0.009,-1,-1,-1
Intel Xeon Phi coprocessor x100 family,MatrixMultiplication,TWO_D,3396,3396,3396,32,2,1,43,457.281,56.559,0.012,-1,-1,-1
Intel Xeon Phi coprocessor x100 family,MatrixMultiplication,TWO_D,3396,3396,3396,32,4,1,43,456.362,56.598,0.009,-1,-1,-1
Intel Xeon Phi coprocessor x100 family,MatrixMultiplication,TWO_D,3396,3396,3396,32,8,1,43,456.685,57.001,0.009,-1,-1,-1
Intel Xeon Phi coprocessor x100 family,MatrixMultiplication,TWO_D,3396,3396,3396,32,16,1,43,456.804,56.946,0.01,-1,-1,-1
Intel Xeon Phi coprocessor x100 family,MatrixMultiplication,TWO_D,3396,3396,3396,32,32,1,43,456.219,56.702,0.012,-1,-1,-1
Intel Xeon Phi coprocessor x100 family,MatrixMultiplication,TWO_D,3396,3396,3396,32,64,1,43,456.442,56.197,0.009,-1,-1,-1
Intel Xeon Phi coprocessor x100 family,MatrixMultiplication,TWO_D,3396,3396,3396,32,128,1,43,456.232,56.525,0.009,-1,-1,-1
Intel Xeon Phi coprocessor x100 family,MatrixMultiplication,TWO_D,3396,3396,3396,32,256,1,43,457.388,56.251,0.009,-1,-1,-1
Intel Xeon Phi coprocessor x100 family,MatrixMultiplication,TWO_D,3396,3396,3396,64,1,1,43,456.171,56.774,0.013,-1,-1,-1
Intel Xeon Phi coprocessor x100 family,MatrixMultiplication,TWO_D,3396,3396,3396,64,2,1,43,457.068,56.295,0.026,-1,-1,-1
Intel Xeon Phi coprocessor x100 family,MatrixMultiplication,TWO_D,3396,3396,3396,64,4,1,43,457.057,56.454,0.009,-1,-1,-1
Intel Xeon Phi coprocessor x100 family,MatrixMultiplication,TWO_D,3396,3396,3396,64,8,1,43,457.126,55.977,0.011,-1,-1,-1
Intel Xeon Phi coprocessor x100 family,MatrixMultiplication,TWO_D,3396,3396,3396,64,16,1,43,456.056,56.768,0.009,-1,-1,-1
Intel Xeon Phi coprocessor x100 family,MatrixMultiplication,TWO_D,3396,3396,3396,64,32,1,43,457.27,56.867,0.012,-1,-1,-1
Intel Xeon Phi coprocessor x100 family,MatrixMultiplication,TWO_D,3396,3396,3396,64,64,1,43,457.226,57.126,0.012,-1,-1,-1
Intel Xeon Phi coprocessor x100 family,MatrixMultiplication,TWO_D,3396,3396,3396,64,128,1,43,456.296,56.73,0.008,-1,-1,-1
Intel Xeon Phi coprocessor x100 family,MatrixMultiplication,TWO_D,3396,3396,3396,128,1,1,43,456.525,57.092,0.011,-1,-1,-1
Intel Xeon Phi coprocessor x100 family,MatrixMultiplication,TWO_D,3396,3396,3396,128,2,1,43,456.196,56.644,0.012,-1,-1,-1
Intel Xeon Phi coprocessor x100 family,MatrixMultiplication,TWO_D,3396,3396,3396,128,4,1,43,457.65,56.584,0.009,-1,-1,-1
Intel Xeon Phi coprocessor x100 family,MatrixMultiplication,TWO_D,3396,3396,3396,128,8,1,43,456.346,56.309,0.009,-1,-1,-1
Intel Xeon Phi coprocessor x100 family,MatrixMultiplication,TWO_D,3396,3396,3396,128,16,1,43,456.601,56.936,0.011,-1,-1,-1
Intel Xeon Phi coprocessor x100 family,MatrixMultiplication,TWO_D,3396,3396,3396,128,32,1,43,456.225,56.698,0.009,-1,-1,-1
Intel Xeon Phi coprocessor x100 family,MatrixMultiplication,TWO_D,3396,3396,3396,128,64,1,43,456.806,56.637,0.009,-1,-1,-1
Intel Xeon Phi coprocessor x100 family,MatrixMultiplication,TWO_D,3396,3396,3396,256,1,1,43,456.223,57.169,0.013,-1,-1,-1
Intel Xeon Phi coprocessor x100 family,MatrixMultiplication,TWO_D,3396,3396,3396,256,2,1,43,456.305,57.154,0.008,-1,-1,-1
Intel Xeon Phi coprocessor x100 family,MatrixMultiplication,TWO_D,3396,3396,3396,256,4,1,43,457.272,56.932,0.012,-1,-1,-1
Intel Xeon Phi coprocessor x100 family,MatrixMultiplication,TWO_D,3396,3396,3396,256,8,1,43,456.196,56.832,0.01,-1,-1,-1
Intel Xeon Phi coprocessor x100 family,MatrixMultiplication,TWO_D,3396,3396,3396,256,16,1,43,456.869,57.026,0.012,-1,-1,-1
Intel Xeon Phi coprocessor x100 family,MatrixMultiplication,TWO_D,3396,3396,3396,256,32,1,43,456.245,57.016,0.012,-1,-1,-1
Intel Xeon Phi coprocessor x100 family,MatrixMultiplication,TWO_D,3396,3396,3396,512,1,1,43,457.258,56.737,0.009,-1,-1,-1
Intel Xeon Phi coprocessor x100 family,MatrixMultiplication,TWO_D,3396,3396,3396,512,2,1,43,456.273,56.866,0.01,-1,-1,-1
Intel Xeon Phi coprocessor x100 family,MatrixMultiplication,TWO_D,3396,3396,3396,512,4,1,43,456.634,56.88,0.008,-1,-1,-1
Intel Xeon Phi coprocessor x100 family,MatrixMultiplication,TWO_D,3396,3396,3396,512,8,1,43,456.941,56.674,0.009,-1,-1,-1
Intel Xeon Phi coprocessor x100 family,MatrixMultiplication,TWO_D,3396,3396,3396,512,16,1,43,456.332,56.55,0.009,-1,-1,-1
Intel Xeon Phi coprocessor x100 family,MatrixMultiplication,TWO_D,3396,3396,3396,1024,1,1,43,456.551,56.475,0.01,-1,-1,-1
Intel Xeon Phi coprocessor x100 family,MatrixMultiplication,TWO_D,3396,3396,3396,1024,2,1,43,456.375,56.7,0.012,-1,-1,-1
Intel Xeon Phi coprocessor x100 family,MatrixMultiplication,TWO_D,3396,3396,3396,1024,4,1,43,457.303,56.511,0.009,-1,-1,-1
Intel Xeon Phi coprocessor x100 family,MatrixMultiplication,TWO_D,3396,3396,3396,1024,8,1,43,456.192,56.306,0.01,-1,-1,-1
Intel Xeon Phi coprocessor x100 family,MatrixMultiplication,TWO_D,3396,3396,3396,2048,1,1,43,456.573,56.353,0.011,-1,-1,-1
Intel Xeon Phi coprocessor x100 family,MatrixMultiplication,TWO_D,3396,3396,3396,2048,2,1,43,456.386,56.69,0.011,-1,-1,-1
Intel Xeon Phi coprocessor x100 family,MatrixMultiplication,TWO_D,3396,3396,3396,2048,4,1,43,457.257,56.149,0.009,-1,-1,-1
Intel Xeon Phi coprocessor x100 family,MatrixMultiplication,TWO_D,3396,3396,3396,4096,1,1,43,456.214,56.463,0.008,-1,-1,-1
Intel Xeon Phi coprocessor x100 family,MatrixMultiplication,TWO_D,3396,3396,3396,4096,2,1,43,456.442,56.379,0.008,-1,-1,-1
Intel Xeon Phi coprocessor x100 family,MatrixMultiplication,TWO_D,3396,3396,3396,8192,1,1,43,456.794,57.008,0.012,-1,-1,-1
Intel Xeon Phi coprocessor x100 family,MatrixMultiplication,TWO_D,3396,3396,3396,1,1,1,43,605.813,66.421,0.014,35340.7,22.58,2.583
Intel Xeon Phi coprocessor x100 family,MatrixMultiplication,TWO_D,3396,3396,3396,1,2,1,43,514.054,58.704,0.011,33741.5,21.934,2.927
Intel Xeon Phi coprocessor x100 family,MatrixMultiplication,TWO_D,3396,3396,3396,1,4,1,43,505.402,56.837,0.01,32173.3,21.703,2.845
Intel Xeon Phi coprocessor x100 family,MatrixMultiplication,TWO_D,3396,3396,3396,1,8,1,43,486.832,57.328,0.011,-1,-1,-1
Intel Xeon Phi coprocessor x100 family,MatrixMultiplication,TWO_D,3396,3396,3396,1,16,1,43,455.452,54.933,0.012,-1,-1,-1
Intel Xeon Phi coprocessor x100 family,MatrixMultiplication,TWO_D,3396,3396,3396,1,32,1,43,456.421,54.935,0.012,-1,-1,-1
Intel Xeon Phi coprocessor x100 family,MatrixMultiplication,TWO_D,3396,3396,3396,1,64,1,43,455.461,55.099,0.012,-1,-1,-1
Intel Xeon Phi coprocessor x100 family,MatrixMultiplication,TWO_D,3396,3396,3396,1,128,1,43,455.61,54.995,0.011,-1,-1,-1
Intel Xeon Phi coprocessor x100 family,MatrixMultiplication,TWO_D,3396,3396,3396,1,256,1,43,455.637,55.566,0.017,-1,-1,-1
Intel Xeon Phi coprocessor x100 family,MatrixMultiplication,TWO_D,3396,3396,3396,1,512,1,43,455.522,54.995,0.011,-1,-1,-1
Intel Xeon Phi coprocessor x100 family,MatrixMultiplication,TWO_D,3396,3396,3396,1,1024,1,43,455.734,55.033,0.012,-1,-1,-1
Intel Xeon Phi coprocessor x100 family,MatrixMultiplication,TWO_D,3396,3396,3396,1,2048,1,43,455.508,55.09,0.011,-1,-1,-1
Intel Xeon Phi coprocessor x100 family,MatrixMultiplication,TWO_D,3396,3396,3396,1,4096,1,43,456.554,55.184,0.01,-1,-1,-1
Intel Xeon Phi coprocessor x100 family,MatrixMultiplication,TWO_D,3396,3396,3396,1,8192,1,43,455.488,55.076,0.012,-1,-1,-1
Intel Xeon Phi coprocessor x100 family,MatrixMultiplication,TWO_D,3396,3396,3396,2,1,1,43,455.768,55.196,0.014,33881,23.496,2.944
Intel Xeon Phi coprocessor x100 family,MatrixMultiplication,TWO_D,3396,3396,3396,2,2,1,43,507.076,58.07,0.011,32328.4,23.492,2.949
Intel Xeon Phi coprocessor x100 family,MatrixMultiplication,TWO_D,3396,3396,3396,2,4,1,43,530.734,58.115,0.01,33113.8,24.273,2.848
Intel Xeon Phi coprocessor x100 family,MatrixMultiplication,TWO_D,3396,3396,3396,2,8,1,43,513.145,57.398,0.016,-1,-1,-1
Intel Xeon Phi coprocessor x100 family,MatrixMultiplication,TWO_D,3396,3396,3396,2,16,1,43,455.729,55.116,0.011,-1,-1,-1
Intel Xeon Phi coprocessor x100 family,MatrixMultiplication,TWO_D,3396,3396,3396,2,32,1,43,455.695,55.107,0.015,-1,-1,-1
Intel Xeon Phi coprocessor x100 family,MatrixMultiplication,TWO_D,3396,3396,3396,2,64,1,43,456.433,55.141,0.011,-1,-1,-1
Intel Xeon Phi coprocessor x100 family,MatrixMultiplication,TWO_D,3396,3396,3396,2,128,1,43,455.687,55.648,0.012,-1,-1,-1
Intel Xeon Phi coprocessor x100 family,MatrixMultiplication,TWO_D,3396,3396,3396,2,256,1,43,455.886,55.256,0.012,-1,-1,-1
Intel Xeon Phi coprocessor x100 family,MatrixMultiplication,TWO_D,3396,3396,3396,2,512,1,43,455.615,55.102,0.027,-1,-1,-1
Intel Xeon Phi coprocessor x100 family,MatrixMultiplication,TWO_D,3396,3396,3396,2,1024,1,43,456.664,55.287,0.017,-1,-1,-1
Intel Xeon Phi coprocessor x100 family,MatrixMultiplication,TWO_D,3396,3396,3396,2,2048,1,43,455.695,55.358,0.011,-1,-1,-1
Intel Xeon Phi coprocessor x100 family,MatrixMultiplication,TWO_D,3396,3396,3396,2,4096,1,43,456.092,55.15,0.012,-1,-1,-1
Intel Xeon Phi coprocessor x100 family,MatrixMultiplication,TWO_D,3396,3396,3396,4,1,1,43,455.773,55.385,0.012,34076.2,21.453,2.959
Intel Xeon Phi coprocessor x100 family,MatrixMultiplication,TWO_D,3396,3396,3396,4,2,1,43,501.317,57.984,0.017,33448.4,20.461,4.449
Intel Xeon Phi coprocessor x100 family,MatrixMultiplication,TWO_D,3396,3396,3396,4,4,1,43,506.254,56.365,0.013,28445.6,23.486,3.338
Intel Xeon Phi coprocessor x100 family,MatrixMultiplication,TWO_D,3396,3396,3396,4,8,1,43,504.132,57.885,0.01,-1,-1,-1
Intel Xeon Phi coprocessor x100 family,MatrixMultiplication,TWO_D,3396,3396,3396,4,16,1,43,456.85,55.236,0.014,-1,-1,-1
Intel Xeon Phi coprocessor x100 family,MatrixMultiplication,TWO_D,3396,3396,3396,4,32,1,43,455.591,55.451,0.011,-1,-1,-1
Intel Xeon Phi coprocessor x100 family,MatrixMultiplication,TWO_D,3396,3396,3396,4,64,1,43,455.743,55.261,0.011,-1,-1,-1
Intel Xeon Phi coprocessor x100 family,MatrixMultiplication,TWO_D,3396,3396,3396,4,128,1,43,455.561,55.116,0.014,-1,-1,-1
Intel Xeon Phi coprocessor x100 family,MatrixMultiplication,TWO_D,3396,3396,3396,4,256,1,43,461.039,55.348,0.013,-1,-1,-1
Intel Xeon Phi coprocessor x100 family,MatrixMultiplication,TWO_D,3396,3396,3396,4,512,1,43,455.475,55.409,0.011,-1,-1,-1
Intel Xeon Phi coprocessor x100 family,MatrixMultiplication,TWO_D,3396,3396,3396,4,1024,1,43,455.526,55.122,0.011,-1,-1,-1
Intel Xeon Phi coprocessor x100 family,MatrixMultiplication,TWO_D,3396,3396,3396,4,2048,1,43,456,55.605,0.011,-1,-1,-1
Intel Xeon Phi coprocessor x100 family,MatrixMultiplication,TWO_D,3396,3396,3396,8,1,1,43,455.391,55.777,0.017,-1,-1,-1
Intel Xeon Phi coprocessor x100 family,MatrixMultiplication,TWO_D,3396,3396,3396,8,2,1,43,455.717,55.187,0.01,-1,-1,-1
Intel Xeon Phi coprocessor x100 family,MatrixMultiplication,TWO_D,3396,3396,3396,8,4,1,43,455.364,55.324,0.011,-1,-1,-1
Intel Xeon Phi coprocessor x100 family,MatrixMultiplication,TWO_D,3396,3396,3396,8,8,1,43,456.442,55.284,0.012,-1,-1,-1
Intel Xeon Phi coprocessor x100 family,MatrixMultiplication,TWO_D,3396,3396,3396,8,16,1,43,455.425,55.119,0.011,-1,-1,-1
Intel Xeon Phi coprocessor x100 family,MatrixMultiplication,TWO_D,3396,3396,3396,8,32,1,43,455.653,55.613,0.011,-1,-1,-1
Intel Xeon Phi coprocessor x100 family,MatrixMultiplication,TWO_D,3396,3396,3396,8,64,1,43,455.421,55.309,0.012,-1,-1,-1
Intel Xeon Phi coprocessor x100 family,MatrixMultiplication,TWO_D,3396,3396,3396,8,128,1,43,456.277,55.219,0.011,-1,-1,-1
Intel Xeon Phi coprocessor x100 family,MatrixMultiplication,TWO_D,3396,3396,3396,8,256,1,43,455.567,55.356,0.011,-1,-1,-1
Intel Xeon Phi coprocessor x100 family,MatrixMultiplication,TWO_D,3396,3396,3396,8,512,1,43,455.589,55.431,0.018,-1,-1,-1
Intel Xeon Phi coprocessor x100 family,MatrixMultiplication,TWO_D,3396,3396,3396,8,1024,1,43,456.42,55.545,0.013,-1,-1,-1
Intel Xeon Phi coprocessor x100 family,MatrixMultiplication,TWO_D,3396,3396,3396,16,1,1,43,455.507,55.166,0.025,-1,-1,-1
Intel Xeon Phi coprocessor x100 family,MatrixMultiplication,TWO_D,3396,3396,3396,16,2,1,43,455.673,55.337,0.013,-1,-1,-1
Intel Xeon Phi coprocessor x100 family,MatrixMultiplication,TWO_D,3396,3396,3396,16,4,1,43,455.885,55.83,0.014,-1,-1,-1
Intel Xeon Phi coprocessor x100 family,MatrixMultiplication,TWO_D,3396,3396,3396,16,8,1,43,456.511,55.259,0.014,-1,-1,-1
Intel Xeon Phi coprocessor x100 family,MatrixMultiplication,TWO_D,3396,3396,3396,16,16,1,43,455.513,55.463,0.01,-1,-1,-1
Intel Xeon Phi coprocessor x100 family,MatrixMultiplication,TWO_D,3396,3396,3396,16,32,1,43,455.685,55.318,0.011,-1,-1,-1
Intel Xeon Phi coprocessor x100 family,MatrixMultiplication,TWO_D,3396,3396,3396,16,64,1,43,455.577,55.471,0.014,-1,-1,-1
Intel Xeon Phi coprocessor x100 family,MatrixMultiplication,TWO_D,3396,3396,3396,16,128,1,43,455.928,55.916,0.011,-1,-1,-1
Intel Xeon Phi coprocessor x100 family,MatrixMultiplication,TWO_D,3396,3396,3396,16,256,1,43,455.542,56.111,0.011,-1,-1,-1
Intel Xeon Phi coprocessor x100 family,MatrixMultiplication,TWO_D,3396,3396,3396,16,512,1,43,455.403,55.962,0.011,-1,-1,-1
Intel Xeon Phi coprocessor x100 family,MatrixMultiplication,TWO_D,3396,3396,3396,32,1,1,43,456.468,55.693,0.01,-1,-1,-1
Intel Xeon Phi coprocessor x100 family,MatrixMultiplication,TWO_D,3396,3396,3396,32,2,1,43,455.358,55.713,0.011,-1,-1,-1
Intel Xeon Phi coprocessor x100 family,MatrixMultiplication,TWO_D,3396,3396,3396,32,4,1,43,455.629,56.151,0.01,-1,-1,-1
Intel Xeon Phi coprocessor x100 family,MatrixMultiplication,TWO_D,3396,3396,3396,32,8,1,43,455.411,55.752,0.01,-1,-1,-1
Intel Xeon Phi coprocessor x100 family,MatrixMultiplication,TWO_D,3396,3396,3396,32,16,1,43,456.407,55.926,0.015,-1,-1,-1
Intel Xeon Phi coprocessor x100 family,MatrixMultiplication,TWO_D,3396,3396,3396,32,32,1,43,455.448,56.11,0.016,-1,-1,-1
Intel Xeon Phi coprocessor x100 family,MatrixMultiplication,TWO_D,3396,3396,3396,32,64,1,43,455.648,55.902,0.012,-1,-1,-1
Intel Xeon Phi coprocessor x100 family,MatrixMultiplication,TWO_D,3396,3396,3396,32,128,1,43,455.775,56.37,0.013,-1,-1,-1
Intel Xeon Phi coprocessor x100 family,MatrixMultiplication,TWO_D,3396,3396,3396,32,256,1,43,455.491,55.77,0.011,-1,-1,-1
Intel Xeon Phi coprocessor x100 family,MatrixMultiplication,TWO_D,3396,3396,3396,64,1,1,43,455.749,55.743,0.011,-1,-1,-1
Intel Xeon Phi coprocessor x100 family,MatrixMultiplication,TWO_D,3396,3396,3396,64,2,1,43,455.441,56.026,0.014,-1,-1,-1
Intel Xeon Phi coprocessor x100 family,MatrixMultiplication,TWO_D,3396,3396,3396,64,4,1,43,456.582,55.721,0.01,-1,-1,-1
Intel Xeon Phi coprocessor x100 family,MatrixMultiplication,TWO_D,3396,3396,3396,64,8,1,43,455.407,56.34,0.013,-1,-1,-1
Intel Xeon Phi coprocessor x100 family,MatrixMultiplication,TWO_D,3396,3396,3396,64,16,1,43,455.763,55.814,0.011,-1,-1,-1
Intel Xeon Phi coprocessor x100 family,MatrixMultiplication,TWO_D,3396,3396,3396,64,32,1,43,456.281,56.026,0.013,-1,-1,-1
Intel Xeon Phi coprocessor x100 family,MatrixMultiplication,TWO_D,3396,3396,3396,64,64,1,43,456.375,55.621,0.011,-1,-1,-1
Intel Xeon Phi coprocessor x100 family,MatrixMultiplication,TWO_D,3396,3396,3396,64,128,1,43,455.537,55.567,0.011,-1,-1,-1
Intel Xeon Phi coprocessor x100 family,MatrixMultiplication,TWO_D,3396,3396,3396,128,1,1,43,456.762,55.952,0.011,-1,-1,-1
Intel Xeon Phi coprocessor x100 family,MatrixMultiplication,TWO_D,3396,3396,3396,128,2,1,43,456.003,55.828,0.014,-1,-1,-1
Intel Xeon Phi coprocessor x100 family,MatrixMultiplication,TWO_D,3396,3396,3396,128,4,1,43,455.462,55.58,0.012,-1,-1,-1
Intel Xeon Phi coprocessor x100 family,MatrixMultiplication,TWO_D,3396,3396,3396,128,8,1,43,455.619,55.864,0.011,-1,-1,-1
Intel Xeon Phi coprocessor x100 family,MatrixMultiplication,TWO_D,3396,3396,3396,128,16,1,43,455.382,55.303,0.011,-1,-1,-1
Intel Xeon Phi coprocessor x100 family,MatrixMultiplication,TWO_D,3396,3396,3396,128,32,1,43,456.439,55.611,0.011,-1,-1,-1
Intel Xeon Phi coprocessor x100 family,MatrixMultiplication,TWO_D,3396,3396,3396,128,64,1,43,455.518,55.28,0.01,-1,-1,-1
Intel Xeon Phi coprocessor x100 family,MatrixMultiplication,TWO_D,3396,3396,3396,256,1,1,43,455.752,55.708,0.011,-1,-1,-1
Intel Xeon Phi coprocessor x100 family,MatrixMultiplication,TWO_D,3396,3396,3396,256,2,1,43,455.4,55.618,0.014,-1,-1,-1
Intel Xeon Phi coprocessor x100 family,MatrixMultiplication,TWO_D,3396,3396,3396,256,4,1,43,456.22,55.584,0.011,-1,-1,-1
Intel Xeon Phi coprocessor x100 family,MatrixMultiplication,TWO_D,3396,3396,3396,256,8,1,43,455.506,55.729,0.011,-1,-1,-1
Intel Xeon Phi coprocessor x100 family,MatrixMultiplication,TWO_D,3396,3396,3396,256,16,1,43,455.406,55.486,0.011,-1,-1,-1
Intel Xeon Phi coprocessor x100 family,MatrixMultiplication,TWO_D,3396,3396,3396,256,32,1,43,456.426,55.547,0.014,-1,-1,-1
Intel Xeon Phi coprocessor x100 family,MatrixMultiplication,TWO_D,3396,3396,3396,512,1,1,43,455.436,55.727,0.011,-1,-1,-1
Intel Xeon Phi coprocessor x100 family,MatrixMultiplication,TWO_D,3396,3396,3396,512,2,1,43,455.731,56.229,0.011,-1,-1,-1
Intel Xeon Phi coprocessor x100 family,MatrixMultiplication,TWO_D,3396,3396,3396,512,4,1,43,455.385,55.841,0.011,-1,-1,-1
Intel Xeon Phi coprocessor x100 family,MatrixMultiplication,TWO_D,3396,3396,3396,512,8,1,43,456.522,56.024,0.011,-1,-1,-1
Intel Xeon Phi coprocessor x100 family,MatrixMultiplication,TWO_D,3396,3396,3396,512,16,1,43,455.436,55.76,0.011,-1,-1,-1
Intel Xeon Phi coprocessor x100 family,MatrixMultiplication,TWO_D,3396,3396,3396,1024,1,1,43,455.676,55.882,0.017,-1,-1,-1
Intel Xeon Phi coprocessor x100 family,MatrixMultiplication,TWO_D,3396,3396,3396,1024,2,1,43,456.433,55.853,0.011,-1,-1,-1
Intel Xeon Phi coprocessor x100 family,MatrixMultiplication,TWO_D,3396,3396,3396,1024,4,1,43,455.951,55.698,0.011,-1,-1,-1
Intel Xeon Phi coprocessor x100 family,MatrixMultiplication,TWO_D,3396,3396,3396,1024,8,1,43,455.597,56.024,0.011,-1,-1,-1
Intel Xeon Phi coprocessor x100 family,MatrixMultiplication,TWO_D,3396,3396,3396,2048,1,1,43,455.534,55.676,0.01,-1,-1,-1
Intel Xeon Phi coprocessor x100 family,MatrixMultiplication,TWO_D,3396,3396,3396,2048,2,1,43,456.474,55.733,0.012,-1,-1,-1
Intel Xeon Phi coprocessor x100 family,MatrixMultiplication,TWO_D,3396,3396,3396,2048,4,1,43,455.416,55.366,0.011,-1,-1,-1
Intel Xeon Phi coprocessor x100 family,MatrixMultiplication,TWO_D,3396,3396,3396,4096,1,1,43,455.752,55.477,0.01,-1,-1,-1
Intel Xeon Phi coprocessor x100 family,MatrixMultiplication,TWO_D,3396,3396,3396,4096,2,1,43,455.451,55.43,0.011,-1,-1,-1
Intel Xeon Phi coprocessor x100 family,MatrixMultiplication,TWO_D,3396,3396,3396,8192,1,1,43,456.396,55.551,0.01,-1,-1,-1
Intel Xeon Phi coprocessor x100 family,MatrixMultiplication,TWO_D,3396,3396,3396,1,1,1,43,607.15,67.343,0.013,35445.8,23.751,3.642
Intel Xeon Phi coprocessor x100 family,MatrixMultiplication,TWO_D,3396,3396,3396,1,2,1,43,492.153,58.335,0.009,35058.8,21.237,4.417
Intel Xeon Phi coprocessor x100 family,MatrixMultiplication,TWO_D,3396,3396,3396,1,4,1,43,514.216,55.64,0.012,31261,22.543,5.047
Intel Xeon Phi coprocessor x100 family,MatrixMultiplication,TWO_D,3396,3396,3396,1,8,1,43,540.197,55.705,0.012,-1,-1,-1
Intel Xeon Phi coprocessor x100 family,MatrixMultiplication,TWO_D,3396,3396,3396,1,16,1,43,456.666,55.812,0.013,-1,-1,-1
Intel Xeon Phi coprocessor x100 family,MatrixMultiplication,TWO_D,3396,3396,3396,1,32,1,43,455.822,55.404,0.013,-1,-1,-1
Intel Xeon Phi coprocessor x100 family,MatrixMultiplication,TWO_D,3396,3396,3396,1,64,1,43,455.786,55.42,0.014,-1,-1,-1
Intel Xeon Phi coprocessor x100 family,MatrixMultiplication,TWO_D,3396,3396,3396,1,128,1,43,456.819,55.158,0.012,-1,-1,-1
Intel Xeon Phi coprocessor x100 family,MatrixMultiplication,TWO_D,3396,3396,3396,1,256,1,43,456.601,55.386,0.012,-1,-1,-1
Intel Xeon Phi coprocessor x100 family,MatrixMultiplication,TWO_D,3396,3396,3396,1,512,1,43,455.774,55.346,0.011,-1,-1,-1
Intel Xeon Phi coprocessor x100 family,MatrixMultiplication,TWO_D,3396,3396,3396,1,1024,1,43,456.016,55.151,0.011,-1,-1,-1
Intel Xeon Phi coprocessor x100 family,MatrixMultiplication,TWO_D,3396,3396,3396,1,2048,1,43,455.758,55.501,0.013,-1,-1,-1
Intel Xeon Phi coprocessor x100 family,MatrixMultiplication,TWO_D,3396,3396,3396,1,4096,1,43,456.179,55.192,0.015,-1,-1,-1
Intel Xeon Phi coprocessor x100 family,MatrixMultiplication,TWO_D,3396,3396,3396,1,8192,1,43,455.864,55.35,0.011,-1,-1,-1
Intel Xeon Phi coprocessor x100 family,MatrixMultiplication,TWO_D,3396,3396,3396,2,1,1,43,455.654,55.473,0.011,34203.6,25.743,4.514
Intel Xeon Phi coprocessor x100 family,MatrixMultiplication,TWO_D,3396,3396,3396,2,2,1,43,485.304,55.746,0.025,32127.8,22.671,5.777
Intel Xeon Phi coprocessor x100 family,MatrixMultiplication,TWO_D,3396,3396,3396,2,4,1,43,513.157,55.715,0.011,33071.7,25.354,2.762
Intel Xeon Phi coprocessor x100 family,MatrixMultiplication,TWO_D,3396,3396,3396,2,8,1,43,531.844,57.322,0.011,-1,-1,-1
Intel Xeon Phi coprocessor x100 family,MatrixMultiplication,TWO_D,3396,3396,3396,2,16,1,43,455.917,55.437,0.013,-1,-1,-1
Intel Xeon Phi coprocessor x100 family,MatrixMultiplication,TWO_D,3396,3396,3396,2,32,1,43,455.653,55.643,0.015,-1,-1,-1
Intel Xeon Phi coprocessor x100 family,MatrixMultiplication,TWO_D,3396,3396,3396,2,64,1,43,456.587,55.387,0.016,-1,-1,-1
Intel Xeon Phi coprocessor x100 family,MatrixMultiplication,TWO_D,3396,3396,3396,2,128,1,43,455.645,55.554,0.011,-1,-1,-1
Intel Xeon Phi coprocessor x100 family,MatrixMultiplication,TWO_D,3396,3396,3396,2,256,1,43,455.802,55.377,0.012,-1,-1,-1
Intel Xeon Phi coprocessor x100 family,MatrixMultiplication,TWO_D,3396,3396,3396,2,512,1,43,456.272,55.76,0.012,-1,-1,-1
Intel Xeon Phi coprocessor x100 family,MatrixMultiplication,TWO_D,3396,3396,3396,2,1024,1,43,455.679,55.632,0.011,-1,-1,-1
Intel Xeon Phi coprocessor x100 family,MatrixMultiplication,TWO_D,3396,3396,3396,2,2048,1,43,455.738,55.29,0.012,-1,-1,-1
Intel Xeon Phi coprocessor x100 family,MatrixMultiplication,TWO_D,3396,3396,3396,2,4096,1,43,455.7,55.68,0.018,-1,-1,-1
Intel Xeon Phi coprocessor x100 family,MatrixMultiplication,TWO_D,3396,3396,3396,4,1,1,43,456.616,55.507,0.012,34257.6,24.689,2.589
Intel Xeon Phi coprocessor x100 family,MatrixMultiplication,TWO_D,3396,3396,3396,4,2,1,43,503.929,57.928,0.012,34853.6,23.466,2.891
Intel Xeon Phi coprocessor x100 family,MatrixMultiplication,TWO_D,3396,3396,3396,4,4,1,43,518.583,58.505,0.014,29920.7,21.81,2.925
Intel Xeon Phi coprocessor x100 family,MatrixMultiplication,TWO_D,3396,3396,3396,4,8,1,43,478.411,57.234,0.012,-1,-1,-1
Intel Xeon Phi coprocessor x100 family,MatrixMultiplication,TWO_D,3396,3396,3396,4,16,1,43,455.765,55.448,0.012,-1,-1,-1
Intel Xeon Phi coprocessor x100 family,MatrixMultiplication,TWO_D,3396,3396,3396,4,32,1,43,457.33,55.176,0.012,-1,-1,-1
Intel Xeon Phi coprocessor x100 family,MatrixMultiplication,TWO_D,3396,3396,3396,4,64,1,43,455.785,55.243,0.011,-1,-1,-1
Intel Xeon Phi coprocessor x100 family,MatrixMultiplication,TWO_D,3396,3396,3396,4,128,1,43,456.004,55.556,0.011,-1,-1,-1
Intel Xeon Phi coprocessor x100 family,MatrixMultiplication,TWO_D,3396,3396,3396,4,256,1,43,455.73,55.137,0.027,-1,-1,-1
Intel Xeon Phi coprocessor x100 family,MatrixMultiplication,TWO_D,3396,3396,3396,4,512,1,43,456.715,55.422,0.011,-1,-1,-1
Intel Xeon Phi coprocessor x100 family,MatrixMultiplication,TWO_D,3396,3396,3396,4,1024,1,43,460.409,55.583,0.014,-1,-1,-1
Intel Xeon Phi coprocessor x100 family,MatrixMultiplication,TWO_D,3396,3396,3396,4,2048,1,43,455.867,55.394,0.015,-1,-1,-1
Intel Xeon Phi coprocessor x100 family,MatrixMultiplication,TWO_D,3396,3396,3396,8,1,1,43,455.903,55.877,0.019,-1,-1,-1
Intel Xeon Phi coprocessor x100 family,MatrixMultiplication,TWO_D,3396,3396,3396,8,2,1,43,455.713,55.354,0.015,-1,-1,-1
Intel Xeon Phi coprocessor x100 family,MatrixMultiplication,TWO_D,3396,3396,3396,8,4,1,43,455.772,55.285,0.012,-1,-1,-1
Intel Xeon Phi coprocessor x100 family,MatrixMultiplication,TWO_D,3396,3396,3396,8,8,1,43,455.745,55.166,0.012,-1,-1,-1
Intel Xeon Phi coprocessor x100 family,MatrixMultiplication,TWO_D,3396,3396,3396,8,16,1,43,456.567,55.278,0.014,-1,-1,-1
Intel Xeon Phi coprocessor x100 family,MatrixMultiplication,TWO_D,3396,3396,3396,8,32,1,43,455.658,55.339,0.012,-1,-1,-1
Intel Xeon Phi coprocessor x100 family,MatrixMultiplication,TWO_D,3396,3396,3396,8,64,1,43,455.782,55.351,0.013,-1,-1,-1
Intel Xeon Phi coprocessor x100 family,MatrixMultiplication,TWO_D,3396,3396,3396,8,128,1,43,455.682,55.365,0.014,-1,-1,-1
Intel Xeon Phi coprocessor x100 family,MatrixMultiplication,TWO_D,3396,3396,3396,8,256,1,43,456.658,55.335,0.011,-1,-1,-1
Intel Xeon Phi coprocessor x100 family,MatrixMultiplication,TWO_D,3396,3396,3396,8,512,1,43,455.771,55.407,0.019,-1,-1,-1
Intel Xeon Phi coprocessor x100 family,MatrixMultiplication,TWO_D,3396,3396,3396,8,1024,1,43,455.968,55.328,0.013,-1,-1,-1
Intel Xeon Phi coprocessor x100 family,MatrixMultiplication,TWO_D,3396,3396,3396,16,1,1,43,456.202,55.799,0.016,-1,-1,-1
Intel Xeon Phi coprocessor x100 family,MatrixMultiplication,TWO_D,3396,3396,3396,16,2,1,43,455.904,55.091,0.012,-1,-1,-1
Intel Xeon Phi coprocessor x100 family,MatrixMultiplication,TWO_D,3396,3396,3396,16,4,1,43,455.868,55.23,0.012,-1,-1,-1
Intel Xeon Phi coprocessor x100 family,MatrixMultiplication,TWO_D,3396,3396,3396,16,8,1,43,456.066,55.513,0.012,-1,-1,-1
Intel Xeon Phi coprocessor x100 family,MatrixMultiplication,TWO_D,3396,3396,3396,16,16,1,43,456.904,55.147,0.013,-1,-1,-1
Intel Xeon Phi coprocessor x100 family,MatrixMultiplication,TWO_D,3396,3396,3396,16,32,1,43,455.801,55.099,0.012,-1,-1,-1
Intel Xeon Phi coprocessor x100 family,MatrixMultiplication,TWO_D,3396,3396,3396,16,64,1,43,455.818,55.456,0.019,-1,-1,-1
Intel Xeon Phi coprocessor x100 family,MatrixMultiplication,TWO_D,3396,3396,3396,16,128,1,43,455.975,55.152,0.012,-1,-1,-1
Intel Xeon Phi coprocessor x100 family,MatrixMultiplication,TWO_D,3396,3396,3396,16,256,1,43,456.51,55.259,0.014,-1,-1,-1
Intel Xeon Phi coprocessor x100 family,MatrixMultiplication,TWO_D,3396,3396,3396,16,512,1,43,455.679,55.309,0.011,-1,-1,-1
Intel Xeon Phi coprocessor x100 family,MatrixMultiplication,TWO_D,3396,3396,3396,32,1,1,43,455.654,55.133,0.012,-1,-1,-1
Intel Xeon Phi coprocessor x100 family,MatrixMultiplication,TWO_D,3396,3396,3396,32,2,1,43,456.612,54.813,0.012,-1,-1,-1
Intel Xeon Phi coprocessor x100 family,MatrixMultiplication,TWO_D,3396,3396,3396,32,4,1,43,455.638,55.334,0.011,-1,-1,-1
Intel Xeon Phi coprocessor x100 family,MatrixMultiplication,TWO_D,3396,3396,3396,32,8,1,43,455.825,54.871,0.011,-1,-1,-1
Intel Xeon Phi coprocessor x100 family,MatrixMultiplication,TWO_D,3396,3396,3396,32,16,1,43,455.702,55.048,0.011,-1,-1,-1
Intel Xeon Phi coprocessor x100 family,MatrixMultiplication,TWO_D,3396,3396,3396,32,32,1,43,456.672,54.819,0.013,-1,-1,-1
Intel Xeon Phi coprocessor x100 family,MatrixMultiplication,TWO_D,3396,3396,3396,32,64,1,43,455.641,55.304,0.012,-1,-1,-1
Intel Xeon Phi coprocessor x100 family,MatrixMultiplication,TWO_D,3396,3396,3396,32,128,1,43,455.823,54.944,0.012,-1,-1,-1
Intel Xeon Phi coprocessor x100 family,MatrixMultiplication,TWO_D,3396,3396,3396,32,256,1,43,455.607,55.424,0.014,-1,-1,-1
Intel Xeon Phi coprocessor x100 family,MatrixMultiplication,TWO_D,3396,3396,3396,64,1,1,43,456.266,54.873,0.011,-1,-1,-1
Intel Xeon Phi coprocessor x100 family,MatrixMultiplication,TWO_D,3396,3396,3396,64,2,1,43,455.727,55.308,0.015,-1,-1,-1
Intel Xeon Phi coprocessor x100 family,MatrixMultiplication,TWO_D,3396,3396,3396,64,4,1,43,455.816,54.997,0.014,-1,-1,-1
Intel Xeon Phi coprocessor x100 family,MatrixMultiplication,TWO_D,3396,3396,3396,64,8,1,43,456.725,55.295,0.012,-1,-1,-1
Intel Xeon Phi coprocessor x100 family,MatrixMultiplication,TWO_D,3396,3396,3396,64,16,1,43,455.84,55.035,0.01,-1,-1,-1
Intel Xeon Phi coprocessor x100 family,MatrixMultiplication,TWO_D,3396,3396,3396,64,32,1,43,455.694,55.27,0.014,-1,-1,-1
Intel Xeon Phi coprocessor x100 family,MatrixMultiplication,TWO_D,3396,3396,3396,64,64,1,43,456.412,55.185,0.011,-1,-1,-1
Intel Xeon Phi coprocessor x100 family,MatrixMultiplication,TWO_D,3396,3396,3396,64,128,1,43,456.529,55.169,0.016,-1,-1,-1
Intel Xeon Phi coprocessor x100 family,MatrixMultiplication,TWO_D,3396,3396,3396,128,1,1,43,455.788,54.993,0.024,-1,-1,-1
Intel Xeon Phi coprocessor x100 family,MatrixMultiplication,TWO_D,3396,3396,3396,128,2,1,43,455.879,55.337,0.012,-1,-1,-1
Intel Xeon Phi coprocessor x100 family,MatrixMultiplication,TWO_D,3396,3396,3396,128,4,1,43,455.978,55.057,0.025,-1,-1,-1
Intel Xeon Phi coprocessor x100 family,MatrixMultiplication,TWO_D,3396,3396,3396,128,8,1,43,455.741,55.134,0.012,-1,-1,-1
Intel Xeon Phi coprocessor x100 family,MatrixMultiplication,TWO_D,3396,3396,3396,128,16,1,43,455.794,54.748,0.011,-1,-1,-1
Intel Xeon Phi coprocessor x100 family,MatrixMultiplication,TWO_D,3396,3396,3396,128,32,1,43,457.354,55.191,0.011,-1,-1,-1
Intel Xeon Phi coprocessor x100 family,MatrixMultiplication,TWO_D,3396,3396,3396,128,64,1,43,456.66,55.029,0.011,-1,-1,-1
Intel Xeon Phi coprocessor x100 family,MatrixMultiplication,TWO_D,3396,3396,3396,256,1,1,43,455.732,55.807,0.018,-1,-1,-1
Intel Xeon Phi coprocessor x100 family,MatrixMultiplication,TWO_D,3396,3396,3396,256,2,1,43,456.086,55.322,0.011,-1,-1,-1
Intel Xeon Phi coprocessor x100 family,MatrixMultiplication,TWO_D,3396,3396,3396,256,4,1,43,455.642,55.171,0.012,-1,-1,-1
Intel Xeon Phi coprocessor x100 family,MatrixMultiplication,TWO_D,3396,3396,3396,256,8,1,43,456.74,54.934,0.011,-1,-1,-1
Intel Xeon Phi coprocessor x100 family,MatrixMultiplication,TWO_D,3396,3396,3396,256,16,1,43,455.639,55.134,0.011,-1,-1,-1
Intel Xeon Phi coprocessor x100 family,MatrixMultiplication,TWO_D,3396,3396,3396,256,32,1,43,455.744,55.161,0.015,-1,-1,-1
Intel Xeon Phi coprocessor x100 family,MatrixMultiplication,TWO_D,3396,3396,3396,512,1,1,43,456.145,55.438,0.012,-1,-1,-1
Intel Xeon Phi coprocessor x100 family,MatrixMultiplication,TWO_D,3396,3396,3396,512,2,1,43,455.748,54.931,0.012,-1,-1,-1
Intel Xeon Phi coprocessor x100 family,MatrixMultiplication,TWO_D,3396,3396,3396,512,4,1,43,455.814,55.224,0.017,-1,-1,-1
Intel Xeon Phi coprocessor x100 family,MatrixMultiplication,TWO_D,3396,3396,3396,512,8,1,43,455.774,55.032,0.012,-1,-1,-1
Intel Xeon Phi coprocessor x100 family,MatrixMultiplication,TWO_D,3396,3396,3396,512,16,1,43,456.654,55.203,0.012,-1,-1,-1
Intel Xeon Phi coprocessor x100 family,MatrixMultiplication,TWO_D,3396,3396,3396,1024,1,1,43,455.785,55.137,0.011,-1,-1,-1
Intel Xeon Phi coprocessor x100 family,MatrixMultiplication,TWO_D,3396,3396,3396,1024,2,1,43,455.796,55.113,0.011,-1,-1,-1
Intel Xeon Phi coprocessor x100 family,MatrixMultiplication,TWO_D,3396,3396,3396,1024,4,1,43,456.642,55.135,0.013,-1,-1,-1
Intel Xeon Phi coprocessor x100 family,MatrixMultiplication,TWO_D,3396,3396,3396,1024,8,1,43,456.42,54.896,0.012,-1,-1,-1
Intel Xeon Phi coprocessor x100 family,MatrixMultiplication,TWO_D,3396,3396,3396,2048,1,1,43,455.693,54.987,0.012,-1,-1,-1
Intel Xeon Phi coprocessor x100 family,MatrixMultiplication,TWO_D,3396,3396,3396,2048,2,1,43,455.766,54.97,0.015,-1,-1,-1
Intel Xeon Phi coprocessor x100 family,MatrixMultiplication,TWO_D,3396,3396,3396,2048,4,1,43,456.62,55.262,0.016,-1,-1,-1
Intel Xeon Phi coprocessor x100 family,MatrixMultiplication,TWO_D,3396,3396,3396,4096,1,1,43,455.722,55,0.014,-1,-1,-1
Intel Xeon Phi coprocessor x100 family,MatrixMultiplication,TWO_D,3396,3396,3396,4096,2,1,43,455.99,55.216,0.012,-1,-1,-1
Intel Xeon Phi coprocessor x100 family,MatrixMultiplication,TWO_D,3396,3396,3396,8192,1,1,43,455.717,55.009,0.011,-1,-1,-1
Intel Xeon Phi coprocessor x100 family,MatrixMultiplication,TWO_D,3396,3396,3396,1,1,1,43,605.497,66.142,0.012,35990.6,24.134,2.623
Intel Xeon Phi coprocessor x100 family,MatrixMultiplication,TWO_D,3396,3396,3396,1,2,1,43,549.586,57.195,0.012,34341.3,23.983,2.778
Intel Xeon Phi coprocessor x100 family,MatrixMultiplication,TWO_D,3396,3396,3396,1,4,1,43,511.578,57.424,0.012,31104.5,24.392,3.813
Intel Xeon Phi coprocessor x100 family,MatrixMultiplication,TWO_D,3396,3396,3396,1,8,1,43,544.803,57.585,0.012,-1,-1,-1
Intel Xeon Phi coprocessor x100 family,MatrixMultiplication,TWO_D,3396,3396,3396,1,16,1,43,455.728,55.201,0.015,-1,-1,-1
Intel Xeon Phi coprocessor x100 family,MatrixMultiplication,TWO_D,3396,3396,3396,1,32,1,43,455.637,55.281,0.011,-1,-1,-1
Intel Xeon Phi coprocessor x100 family,MatrixMultiplication,TWO_D,3396,3396,3396,1,64,1,43,456.602,55.519,0.013,-1,-1,-1
Intel Xeon Phi coprocessor x100 family,MatrixMultiplication,TWO_D,3396,3396,3396,1,128,1,43,455.557,55.098,0.011,-1,-1,-1
Intel Xeon Phi coprocessor x100 family,MatrixMultiplication,TWO_D,3396,3396,3396,1,256,1,43,455.722,55.153,0.011,-1,-1,-1
Intel Xeon Phi coprocessor x100 family,MatrixMultiplication,TWO_D,3396,3396,3396,1,512,1,43,455.582,55.403,0.011,-1,-1,-1
Intel Xeon Phi coprocessor x100 family,MatrixMultiplication,TWO_D,3396,3396,3396,1,1024,1,43,456.565,55.113,0.011,-1,-1,-1
Intel Xeon Phi coprocessor x100 family,MatrixMultiplication,TWO_D,3396,3396,3396,1,2048,1,43,455.545,55.285,0.01,-1,-1,-1
Intel Xeon Phi coprocessor x100 family,MatrixMultiplication,TWO_D,3396,3396,3396,1,4096,1,43,455.664,55.005,0.011,-1,-1,-1
Intel Xeon Phi coprocessor x100 family,MatrixMultiplication,TWO_D,3396,3396,3396,1,8192,1,43,456.338,55.096,0.019,-1,-1,-1
Intel Xeon Phi coprocessor x100 family,MatrixMultiplication,TWO_D,3396,3396,3396,2,1,1,43,455.564,55.121,0.01,33761.2,22.964,4.209
Intel Xeon Phi coprocessor x100 family,MatrixMultiplication,TWO_D,3396,3396,3396,2,2,1,43,525.826,55.684,0.011,32469.4,24.471,2.965
Intel Xeon Phi coprocessor x100 family,MatrixMultiplication,TWO_D,3396,3396,3396,2,4,1,43,512.455,58.054,0.011,32576.8,22.362,2.741
Intel Xeon Phi coprocessor x100 family,MatrixMultiplication,TWO_D,3396,3396,3396,2,8,1,43,492.433,57.832,0.011,-1,-1,-1
Intel Xeon Phi coprocessor x100 family,MatrixMultiplication,TWO_D,3396,3396,3396,2,16,1,43,456.252,56.282,0.01,-1,-1,-1
Intel Xeon Phi coprocessor x100 family,MatrixMultiplication,TWO_D,3396,3396,3396,2,32,1,43,456.605,56.539,0.011,-1,-1,-1
Intel Xeon Phi coprocessor x100 family,MatrixMultiplication,TWO_D,3396,3396,3396,2,64,1,43,455.796,56.59,0.011,-1,-1,-1
Intel Xeon Phi coprocessor x100 family,MatrixMultiplication,TWO_D,3396,3396,3396,2,128,1,43,455.806,56.559,0.011,-1,-1,-1
Intel Xeon Phi coprocessor x100 family,MatrixMultiplication,TWO_D,3396,3396,3396,2,256,1,43,455.752,56.523,0.01,-1,-1,-1
Intel Xeon Phi coprocessor x100 family,MatrixMultiplication,TWO_D,3396,3396,3396,2,512,1,43,456.168,56.584,0.012,-1,-1,-1
Intel Xeon Phi coprocessor x100 family,MatrixMultiplication,TWO_D,3396,3396,3396,2,1024,1,43,455.765,56.273,0.011,-1,-1,-1
Intel Xeon Phi coprocessor x100 family,MatrixMultiplication,TWO_D,3396,3396,3396,2,2048,1,43,455.708,56.456,0.029,-1,-1,-1
Intel Xeon Phi coprocessor x100 family,MatrixMultiplication,TWO_D,3396,3396,3396,2,4096,1,43,456.576,56.504,0.01,-1,-1,-1
Intel Xeon Phi coprocessor x100 family,MatrixMultiplication,TWO_D,3396,3396,3396,4,1,1,43,455.726,56.434,0.011,33956.9,24.575,2.833
Intel Xeon Phi coprocessor x100 family,MatrixMultiplication,TWO_D,3396,3396,3396,4,2,1,43,514.683,58.167,0.012,33335.1,22.181,2.596
Intel Xeon Phi coprocessor x100 family,MatrixMultiplication,TWO_D,3396,3396,3396,4,4,1,43,510.505,58.052,0.01,29341.5,24.27,2.837
Intel Xeon Phi coprocessor x100 family,MatrixMultiplication,TWO_D,3396,3396,3396,4,8,1,43,509.698,58.142,0.015,-1,-1,-1
Intel Xeon Phi coprocessor x100 family,MatrixMultiplication,TWO_D,3396,3396,3396,4,16,1,43,469.655,56.285,0.012,-1,-1,-1
Intel Xeon Phi coprocessor x100 family,MatrixMultiplication,TWO_D,3396,3396,3396,4,32,1,43,465.228,55.821,0.011,-1,-1,-1
Intel Xeon Phi coprocessor x100 family,MatrixMultiplication,TWO_D,3396,3396,3396,4,64,1,43,455.457,55.175,0.012,-1,-1,-1
Intel Xeon Phi coprocessor x100 family,MatrixMultiplication,TWO_D,3396,3396,3396,4,128,1,43,455.591,55.331,0.013,-1,-1,-1
Intel Xeon Phi coprocessor x100 family,MatrixMultiplication,TWO_D,3396,3396,3396,4,256,1,43,455.415,55.169,0.01,-1,-1,-1
Intel Xeon Phi coprocessor x100 family,MatrixMultiplication,TWO_D,3396,3396,3396,4,512,1,43,456.202,55.362,0.012,-1,-1,-1
Intel Xeon Phi coprocessor x100 family,MatrixMultiplication,TWO_D,3396,3396,3396,4,1024,1,43,455.451,55.699,0.018,-1,-1,-1
Intel Xeon Phi coprocessor x100 family,MatrixMultiplication,TWO_D,3396,3396,3396,4,2048,1,43,455.445,55.017,0.01,-1,-1,-1
Intel Xeon Phi coprocessor x100 family,MatrixMultiplication,TWO_D,3396,3396,3396,8,1,1,43,457.245,55.177,0.011,-1,-1,-1
Intel Xeon Phi coprocessor x100 family,MatrixMultiplication,TWO_D,3396,3396,3396,8,2,1,43,455.465,55.141,0.012,-1,-1,-1
Intel Xeon Phi coprocessor x100 family,MatrixMultiplication,TWO_D,3396,3396,3396,8,4,1,43,455.569,55.028,0.011,-1,-1,-1
Intel Xeon Phi coprocessor x100 family,MatrixMultiplication,TWO_D,3396,3396,3396,8,8,1,43,455.374,55.174,0.012,-1,-1,-1
Intel Xeon Phi coprocessor x100 family,MatrixMultiplication,TWO_D,3396,3396,3396,8,16,1,43,456.388,55.189,0.012,-1,-1,-1
Intel Xeon Phi coprocessor x100 family,MatrixMultiplication,TWO_D,3396,3396,3396,8,32,1,43,455.411,55.1,0.012,-1,-1,-1
Intel Xeon Phi coprocessor x100 family,MatrixMultiplication,TWO_D,3396,3396,3396,8,64,1,43,455.484,54.98,0.012,-1,-1,-1
Intel Xeon Phi coprocessor x100 family,MatrixMultiplication,TWO_D,3396,3396,3396,8,128,1,43,455.406,55.197,0.011,-1,-1,-1
Intel Xeon Phi coprocessor x100 family,MatrixMultiplication,TWO_D,3396,3396,3396,8,256,1,43,455.858,55.031,0.011,-1,-1,-1
Intel Xeon Phi coprocessor x100 family,MatrixMultiplication,TWO_D,3396,3396,3396,8,512,1,43,455.459,55.171,0.011,-1,-1,-1
Intel Xeon Phi coprocessor x100 family,MatrixMultiplication,TWO_D,3396,3396,3396,8,1024,1,43,455.339,55.434,0.011,-1,-1,-1
Intel Xeon Phi coprocessor x100 family,MatrixMultiplication,TWO_D,3396,3396,3396,16,1,1,43,456.233,55.523,0.011,-1,-1,-1
Intel Xeon Phi coprocessor x100 family,MatrixMultiplication,TWO_D,3396,3396,3396,16,2,1,43,455.363,55.195,0.011,-1,-1,-1
Intel Xeon Phi coprocessor x100 family,MatrixMultiplication,TWO_D,3396,3396,3396,16,4,1,43,455.566,55.244,0.012,-1,-1,-1
Intel Xeon Phi coprocessor x100 family,MatrixMultiplication,TWO_D,3396,3396,3396,16,8,1,43,455.377,55.222,0.011,-1,-1,-1
Intel Xeon Phi coprocessor x100 family,MatrixMultiplication,TWO_D,3396,3396,3396,16,16,1,43,456.176,55.191,0.012,-1,-1,-1
Intel Xeon Phi coprocessor x100 family,MatrixMultiplication,TWO_D,3396,3396,3396,16,32,1,43,455.514,55.316,0.011,-1,-1,-1
Intel Xeon Phi coprocessor x100 family,MatrixMultiplication,TWO_D,3396,3396,3396,16,64,1,43,455.556,55.189,0.011,-1,-1,-1
Intel Xeon Phi coprocessor x100 family,MatrixMultiplication,TWO_D,3396,3396,3396,16,128,1,43,455.852,55.286,0.011,-1,-1,-1
Intel Xeon Phi coprocessor x100 family,MatrixMultiplication,TWO_D,3396,3396,3396,16,256,1,43,455.437,54.854,0.012,-1,-1,-1
Intel Xeon Phi coprocessor x100 family,MatrixMultiplication,TWO_D,3396,3396,3396,16,512,1,43,455.581,55.01,0.012,-1,-1,-1
Intel Xeon Phi coprocessor x100 family,MatrixMultiplication,TWO_D,3396,3396,3396,32,1,1,43,455.395,55.134,0.016,-1,-1,-1
Intel Xeon Phi coprocessor x100 family,MatrixMultiplication,TWO_D,3396,3396,3396,32,2,1,43,456.75,54.984,0.011,-1,-1,-1
Intel Xeon Phi coprocessor x100 family,MatrixMultiplication,TWO_D,3396,3396,3396,32,4,1,43,455.331,55.212,0.01,-1,-1,-1
Intel Xeon Phi coprocessor x100 family,MatrixMultiplication,TWO_D,3396,3396,3396,32,8,1,43,455.524,55.36,0.012,-1,-1,-1
Intel Xeon Phi coprocessor x100 family,MatrixMultiplication,TWO_D,3396,3396,3396,32,16,1,43,455.383,55.165,0.012,-1,-1,-1
Intel Xeon Phi coprocessor x100 family,MatrixMultiplication,TWO_D,3396,3396,3396,32,32,1,43,456.328,54.81,0.011,-1,-1,-1
Intel Xeon Phi coprocessor x100 family,MatrixMultiplication,TWO_D,3396,3396,3396,32,64,1,43,455.42,55.11,0.011,-1,-1,-1
Intel Xeon Phi coprocessor x100 family,MatrixMultiplication,TWO_D,3396,3396,3396,32,128,1,43,455.408,54.93,0.011,-1,-1,-1
Intel Xeon Phi coprocessor x100 family,MatrixMultiplication,TWO_D,3396,3396,3396,32,256,1,43,455.836,55.32,0.01,-1,-1,-1
Intel Xeon Phi coprocessor x100 family,MatrixMultiplication,TWO_D,3396,3396,3396,64,1,1,43,455.313,55.231,0.011,-1,-1,-1
Intel Xeon Phi coprocessor x100 family,MatrixMultiplication,TWO_D,3396,3396,3396,64,2,1,43,455.584,55.05,0.011,-1,-1,-1
Intel Xeon Phi coprocessor x100 family,MatrixMultiplication,TWO_D,3396,3396,3396,64,4,1,43,457.905,54.985,0.011,-1,-1,-1
Intel Xeon Phi coprocessor x100 family,MatrixMultiplication,TWO_D,3396,3396,3396,64,8,1,43,456.215,54.982,0.01,-1,-1,-1
Intel Xeon Phi coprocessor x100 family,MatrixMultiplication,TWO_D,3396,3396,3396,64,16,1,43,455.483,55.012,0.011,-1,-1,-1
Intel Xeon Phi coprocessor x100 family,MatrixMultiplication,TWO_D,3396,3396,3396,64,32,1,43,455.411,55.049,0.011,-1,-1,-1
Intel Xeon Phi coprocessor x100 family,MatrixMultiplication,TWO_D,3396,3396,3396,64,64,1,43,455.471,54.884,0.01,-1,-1,-1
Intel Xeon Phi coprocessor x100 family,MatrixMultiplication,TWO_D,3396,3396,3396,64,128,1,43,456.159,54.954,0.011,-1,-1,-1
Intel Xeon Phi coprocessor x100 family,MatrixMultiplication,TWO_D,3396,3396,3396,128,1,1,43,455.436,55.345,0.011,-1,-1,-1
Intel Xeon Phi coprocessor x100 family,MatrixMultiplication,TWO_D,3396,3396,3396,128,2,1,43,455.412,55.114,0.01,-1,-1,-1
Intel Xeon Phi coprocessor x100 family,MatrixMultiplication,TWO_D,3396,3396,3396,128,4,1,43,456.376,55.012,0.011,-1,-1,-1
Intel Xeon Phi coprocessor x100 family,MatrixMultiplication,TWO_D,3396,3396,3396,128,8,1,43,455.449,55.273,0.011,-1,-1,-1
Intel Xeon Phi coprocessor x100 family,MatrixMultiplication,TWO_D,3396,3396,3396,128,16,1,43,455.581,54.998,0.011,-1,-1,-1
Intel Xeon Phi coprocessor x100 family,MatrixMultiplication,TWO_D,3396,3396,3396,128,32,1,43,455.748,55.194,0.01,-1,-1,-1
Intel Xeon Phi coprocessor x100 family,MatrixMultiplication,TWO_D,3396,3396,3396,128,64,1,43,456.34,55.223,0.01,-1,-1,-1
Intel Xeon Phi coprocessor x100 family,MatrixMultiplication,TWO_D,3396,3396,3396,256,1,1,43,455.445,56.328,0.01,-1,-1,-1
Intel Xeon Phi coprocessor x100 family,MatrixMultiplication,TWO_D,3396,3396,3396,256,2,1,43,455.517,55.913,0.013,-1,-1,-1
Intel Xeon Phi coprocessor x100 family,MatrixMultiplication,TWO_D,3396,3396,3396,256,4,1,43,455.446,56.644,0.017,-1,-1,-1
Intel Xeon Phi coprocessor x100 family,MatrixMultiplication,TWO_D,3396,3396,3396,256,8,1,43,455.818,55.538,0.012,-1,-1,-1
Intel Xeon Phi coprocessor x100 family,MatrixMultiplication,TWO_D,3396,3396,3396,256,16,1,43,455.434,55.817,0.013,-1,-1,-1
Intel Xeon Phi coprocessor x100 family,MatrixMultiplication,TWO_D,3396,3396,3396,256,32,1,43,455.324,56.298,0.015,-1,-1,-1
Intel Xeon Phi coprocessor x100 family,MatrixMultiplication,TWO_D,3396,3396,3396,512,1,1,43,456.263,55.818,0.01,-1,-1,-1
Intel Xeon Phi coprocessor x100 family,MatrixMultiplication,TWO_D,3396,3396,3396,512,2,1,43,455.396,56.065,0.011,-1,-1,-1
Intel Xeon Phi coprocessor x100 family,MatrixMultiplication,TWO_D,3396,3396,3396,512,4,1,43,455.682,55.879,0.011,-1,-1,-1
Intel Xeon Phi coprocessor x100 family,MatrixMultiplication,TWO_D,3396,3396,3396,512,8,1,43,455.457,55.709,0.011,-1,-1,-1
Intel Xeon Phi coprocessor x100 family,MatrixMultiplication,TWO_D,3396,3396,3396,512,16,1,43,456.141,55.724,0.014,-1,-1,-1
Intel Xeon Phi coprocessor x100 family,MatrixMultiplication,TWO_D,3396,3396,3396,1024,1,1,43,460.022,55.771,0.011,-1,-1,-1
Intel Xeon Phi coprocessor x100 family,MatrixMultiplication,TWO_D,3396,3396,3396,1024,2,1,43,455.486,55.508,0.01,-1,-1,-1
Intel Xeon Phi coprocessor x100 family,MatrixMultiplication,TWO_D,3396,3396,3396,1024,4,1,43,455.626,55.904,0.01,-1,-1,-1
Intel Xeon Phi coprocessor x100 family,MatrixMultiplication,TWO_D,3396,3396,3396,1024,8,1,43,455.37,55.358,0.012,-1,-1,-1
Intel Xeon Phi coprocessor x100 family,MatrixMultiplication,TWO_D,3396,3396,3396,2048,1,1,43,455.568,55.993,0.011,-1,-1,-1
Intel Xeon Phi coprocessor x100 family,MatrixMultiplication,TWO_D,3396,3396,3396,2048,2,1,43,455.404,55.522,0.012,-1,-1,-1
Intel Xeon Phi coprocessor x100 family,MatrixMultiplication,TWO_D,3396,3396,3396,2048,4,1,43,456.552,55.693,0.01,-1,-1,-1
Intel Xeon Phi coprocessor x100 family,MatrixMultiplication,TWO_D,3396,3396,3396,4096,1,1,43,455.357,55.622,0.011,-1,-1,-1
Intel Xeon Phi coprocessor x100 family,MatrixMultiplication,TWO_D,3396,3396,3396,4096,2,1,43,455.518,55.573,0.012,-1,-1,-1
Intel Xeon Phi coprocessor x100 family,MatrixMultiplication,TWO_D,3396,3396,3396,8192,1,1,43,456.343,55.881,0.011,-1,-1,-1
Intel Xeon Phi coprocessor x100 family,MatrixMultiplication,TWO_D,3396,3396,3396,1,1,1,43,616.436,66.365,0.013,35910.8,35.701,3.846
Intel Xeon Phi coprocessor x100 family,MatrixMultiplication,TWO_D,3396,3396,3396,1,2,1,43,494.05,55.235,0.011,34718.3,38.508,4.605
Intel Xeon Phi coprocessor x100 family,MatrixMultiplication,TWO_D,3396,3396,3396,1,4,1,43,499.908,55.564,0.012,30930.5,25.48,3.894
Intel Xeon Phi coprocessor x100 family,MatrixMultiplication,TWO_D,3396,3396,3396,1,8,1,43,472.141,58.271,0.009,-1,-1,-1
Intel Xeon Phi coprocessor x100 family,MatrixMultiplication,TWO_D,3396,3396,3396,1,16,1,43,456.973,55.811,0.01,-1,-1,-1
Intel Xeon Phi coprocessor x100 family,MatrixMultiplication,TWO_D,3396,3396,3396,1,32,1,43,455.815,56.111,0.009,-1,-1,-1
Intel Xeon Phi coprocessor x100 family,MatrixMultiplication,TWO_D,3396,3396,3396,1,64,1,43,457.374,56.053,0.013,-1,-1,-1
Intel Xeon Phi coprocessor x100 family,MatrixMultiplication,TWO_D,3396,3396,3396,1,128,1,43,455.826,56.036,0.01,-1,-1,-1
Intel Xeon Phi coprocessor x100 family,MatrixMultiplication,TWO_D,3396,3396,3396,1,256,1,43,456.642,55.946,0.009,-1,-1,-1
Intel Xeon Phi coprocessor x100 family,MatrixMultiplication,TWO_D,3396,3396,3396,1,512,1,43,455.927,56.212,0.011,-1,-1,-1
Intel Xeon Phi coprocessor x100 family,MatrixMultiplication,TWO_D,3396,3396,3396,1,1024,1,43,456.558,56.137,0.01,-1,-1,-1
Intel Xeon Phi coprocessor x100 family,MatrixMultiplication,TWO_D,3396,3396,3396,1,2048,1,43,455.946,56.327,0.014,-1,-1,-1
Intel Xeon Phi coprocessor x100 family,MatrixMultiplication,TWO_D,3396,3396,3396,1,4096,1,43,456.12,55.891,0.011,-1,-1,-1
Intel Xeon Phi coprocessor x100 family,MatrixMultiplication,TWO_D,3396,3396,3396,1,8192,1,43,457.408,56.041,0.013,-1,-1,-1
Intel Xeon Phi coprocessor x100 family,MatrixMultiplication,TWO_D,3396,3396,3396,2,1,1,43,455.84,56.102,0.015,33843.6,21.829,3.493
Intel Xeon Phi coprocessor x100 family,MatrixMultiplication,TWO_D,3396,3396,3396,2,2,1,43,491.535,55.419,0.012,32988.6,23.788,2.817
Intel Xeon Phi coprocessor x100 family,MatrixMultiplication,TWO_D,3396,3396,3396,2,4,1,43,498.084,56.97,0.013,33139.2,22.912,2.775
Intel Xeon Phi coprocessor x100 family,MatrixMultiplication,TWO_D,3396,3396,3396,2,8,1,43,509.543,57.262,0.012,-1,-1,-1
Intel Xeon Phi coprocessor x100 family,MatrixMultiplication,TWO_D,3396,3396,3396,2,16,1,43,455.656,55.16,0.011,-1,-1,-1
Intel Xeon Phi coprocessor x100 family,MatrixMultiplication,TWO_D,3396,3396,3396,2,32,1,43,455.629,56.189,0.011,-1,-1,-1
Intel Xeon Phi coprocessor x100 family,MatrixMultiplication,TWO_D,3396,3396,3396,2,64,1,43,456.501,55.902,0.011,-1,-1,-1
Intel Xeon Phi coprocessor x100 family,MatrixMultiplication,TWO_D,3396,3396,3396,2,128,1,43,455.492,55.949,0.013,-1,-1,-1
Intel Xeon Phi coprocessor x100 family,MatrixMultiplication,TWO_D,3396,3396,3396,2,256,1,43,455.771,55.991,0.017,-1,-1,-1
Intel Xeon Phi coprocessor x100 family,MatrixMultiplication,TWO_D,3396,3396,3396,2,512,1,43,455.479,55.834,0.011,-1,-1,-1
Intel Xeon Phi coprocessor x100 family,MatrixMultiplication,TWO_D,3396,3396,3396,2,1024,1,43,456.381,55.99,0.011,-1,-1,-1
Intel Xeon Phi coprocessor x100 family,MatrixMultiplication,TWO_D,3396,3396,3396,2,2048,1,43,455.513,56.357,0.011,-1,-1,-1
Intel Xeon Phi coprocessor x100 family,MatrixMultiplication,TWO_D,3396,3396,3396,2,4096,1,43,455.587,55.832,0.013,-1,-1,-1
Intel Xeon Phi coprocessor x100 family,MatrixMultiplication,TWO_D,3396,3396,3396,4,1,1,43,455.477,56.111,0.012,34338.2,25.189,3.706
Intel Xeon Phi coprocessor x100 family,MatrixMultiplication,TWO_D,3396,3396,3396,4,2,1,43,472.866,58.591,0.01,32699.9,26.828,2.777
Intel Xeon Phi coprocessor x100 family,MatrixMultiplication,TWO_D,3396,3396,3396,4,4,1,43,498.71,58.48,0.014,29202.8,31.212,2.911
Intel Xeon Phi coprocessor x100 family,MatrixMultiplication,TWO_D,3396,3396,3396,4,8,1,43,491.508,57.527,0.011,-1,-1,-1
Intel Xeon Phi coprocessor x100 family,MatrixMultiplication,TWO_D,3396,3396,3396,4,16,1,43,456.278,55.067,0.012,-1,-1,-1
Intel Xeon Phi coprocessor x100 family,MatrixMultiplication,TWO_D,3396,3396,3396,4,32,1,43,455.643,55.168,0.012,-1,-1,-1
Intel Xeon Phi coprocessor x100 family,MatrixMultiplication,TWO_D,3396,3396,3396,4,64,1,43,455.641,55.318,0.012,-1,-1,-1
Intel Xeon Phi coprocessor x100 family,MatrixMultiplication,TWO_D,3396,3396,3396,4,128,1,43,456.759,55.191,0.012,-1,-1,-1
Intel Xeon Phi coprocessor x100 family,MatrixMultiplication,TWO_D,3396,3396,3396,4,256,1,43,455.632,55.342,0.016,-1,-1,-1
Intel Xeon Phi coprocessor x100 family,MatrixMultiplication,TWO_D,3396,3396,3396,4,512,1,43,455.872,55.367,0.012,-1,-1,-1
Intel Xeon Phi coprocessor x100 family,MatrixMultiplication,TWO_D,3396,3396,3396,4,1024,1,43,456.24,55.458,0.012,-1,-1,-1
Intel Xeon Phi coprocessor x100 family,MatrixMultiplication,TWO_D,3396,3396,3396,4,2048,1,43,456.555,55.367,0.012,-1,-1,-1
Intel Xeon Phi coprocessor x100 family,MatrixMultiplication,TWO_D,3396,3396,3396,8,1,1,43,455.645,55.409,0.016,-1,-1,-1
Intel Xeon Phi coprocessor x100 family,MatrixMultiplication,TWO_D,3396,3396,3396,8,2,1,43,455.837,55.448,0.013,-1,-1,-1
Intel Xeon Phi coprocessor x100 family,MatrixMultiplication,TWO_D,3396,3396,3396,8,4,1,43,455.908,55.769,0.012,-1,-1,-1
Intel Xeon Phi coprocessor x100 family,MatrixMultiplication,TWO_D,3396,3396,3396,8,8,1,43,455.605,55.332,0.012,-1,-1,-1
Intel Xeon Phi coprocessor x100 family,MatrixMultiplication,TWO_D,3396,3396,3396,8,16,1,43,455.827,55.545,0.019,-1,-1,-1
Intel Xeon Phi coprocessor x100 family,MatrixMultiplication,TWO_D,3396,3396,3396,8,32,1,43,455.51,55.436,0.016,-1,-1,-1
Intel Xeon Phi coprocessor x100 family,MatrixMultiplication,TWO_D,3396,3396,3396,8,64,1,43,456.696,55.243,0.014,-1,-1,-1
Intel Xeon Phi coprocessor x100 family,MatrixMultiplication,TWO_D,3396,3396,3396,8,128,1,43,455.508,55.304,0.011,-1,-1,-1
Intel Xeon Phi coprocessor x100 family,MatrixMultiplication,TWO_D,3396,3396,3396,8,256,1,43,455.917,55.301,0.011,-1,-1,-1
Intel Xeon Phi coprocessor x100 family,MatrixMultiplication,TWO_D,3396,3396,3396,8,512,1,43,455.505,55.544,0.014,-1,-1,-1
Intel Xeon Phi coprocessor x100 family,MatrixMultiplication,TWO_D,3396,3396,3396,8,1024,1,43,456.701,55.083,0.011,-1,-1,-1
Intel Xeon Phi coprocessor x100 family,MatrixMultiplication,TWO_D,3396,3396,3396,16,1,1,43,455.508,55.196,0.011,-1,-1,-1
Intel Xeon Phi coprocessor x100 family,MatrixMultiplication,TWO_D,3396,3396,3396,16,2,1,43,457.065,55.944,0.012,-1,-1,-1
Intel Xeon Phi coprocessor x100 family,MatrixMultiplication,TWO_D,3396,3396,3396,16,4,1,43,456.081,55.571,0.012,-1,-1,-1
Intel Xeon Phi coprocessor x100 family,MatrixMultiplication,TWO_D,3396,3396,3396,16,8,1,43,455.627,55.074,0.012,-1,-1,-1
Intel Xeon Phi coprocessor x100 family,MatrixMultiplication,TWO_D,3396,3396,3396,16,16,1,43,460.586,55.067,0.012,-1,-1,-1
Intel Xeon Phi coprocessor x100 family,MatrixMultiplication,TWO_D,3396,3396,3396,16,32,1,43,455.667,55.307,0.014,-1,-1,-1
Intel Xeon Phi coprocessor x100 family,MatrixMultiplication,TWO_D,3396,3396,3396,16,64,1,43,456.716,55.15,0.012,-1,-1,-1
Intel Xeon Phi coprocessor x100 family,MatrixMultiplication,TWO_D,3396,3396,3396,16,128,1,43,455.884,55.355,0.012,-1,-1,-1
Intel Xeon Phi coprocessor x100 family,MatrixMultiplication,TWO_D,3396,3396,3396,16,256,1,43,455.922,54.959,0.011,-1,-1,-1
Intel Xeon Phi coprocessor x100 family,MatrixMultiplication,TWO_D,3396,3396,3396,16,512,1,43,456.542,55.028,0.012,-1,-1,-1
Intel Xeon Phi coprocessor x100 family,MatrixMultiplication,TWO_D,3396,3396,3396,32,1,1,43,456.287,55.054,0.011,-1,-1,-1
Intel Xeon Phi coprocessor x100 family,MatrixMultiplication,TWO_D,3396,3396,3396,32,2,1,43,455.597,55.014,0.013,-1,-1,-1
Intel Xeon Phi coprocessor x100 family,MatrixMultiplication,TWO_D,3396,3396,3396,32,4,1,43,455.696,55.064,0.011,-1,-1,-1
Intel Xeon Phi coprocessor x100 family,MatrixMultiplication,TWO_D,3396,3396,3396,32,8,1,43,456.658,55.137,0.012,-1,-1,-1
Intel Xeon Phi coprocessor x100 family,MatrixMultiplication,TWO_D,3396,3396,3396,32,16,1,43,455.512,55.06,0.013,-1,-1,-1
Intel Xeon Phi coprocessor x100 family,MatrixMultiplication,TWO_D,3396,3396,3396,32,32,1,43,456.097,54.952,0.012,-1,-1,-1
Intel Xeon Phi coprocessor x100 family,MatrixMultiplication,TWO_D,3396,3396,3396,32,64,1,43,455.43,55.019,0.012,-1,-1,-1
Intel Xeon Phi coprocessor x100 family,MatrixMultiplication,TWO_D,3396,3396,3396,32,128,1,43,456.539,54.798,0.012,-1,-1,-1
Intel Xeon Phi coprocessor x100 family,MatrixMultiplication,TWO_D,3396,3396,3396,32,256,1,43,455.505,55.108,0.012,-1,-1,-1
Intel Xeon Phi coprocessor x100 family,MatrixMultiplication,TWO_D,3396,3396,3396,64,1,1,43,455.945,55.079,0.012,-1,-1,-1
Intel Xeon Phi coprocessor x100 family,MatrixMultiplication,TWO_D,3396,3396,3396,64,2,1,43,455.502,55.533,0.011,-1,-1,-1
Intel Xeon Phi coprocessor x100 family,MatrixMultiplication,TWO_D,3396,3396,3396,64,4,1,43,456.25,54.981,0.015,-1,-1,-1
Intel Xeon Phi coprocessor x100 family,MatrixMultiplication,TWO_D,3396,3396,3396,64,8,1,43,455.65,55.022,0.012,-1,-1,-1
Intel Xeon Phi coprocessor x100 family,MatrixMultiplication,TWO_D,3396,3396,3396,64,16,1,43,455.623,54.941,0.011,-1,-1,-1
Intel Xeon Phi coprocessor x100 family,MatrixMultiplication,TWO_D,3396,3396,3396,64,32,1,43,456.672,55.094,0.012,-1,-1,-1
Intel Xeon Phi coprocessor x100 family,MatrixMultiplication,TWO_D,3396,3396,3396,64,64,1,43,455.617,54.95,0.011,-1,-1,-1
Intel Xeon Phi coprocessor x100 family,MatrixMultiplication,TWO_D,3396,3396,3396,64,128,1,43,455.809,55.076,0.012,-1,-1,-1
Intel Xeon Phi coprocessor x100 family,MatrixMultiplication,TWO_D,3396,3396,3396,128,1,1,43,455.651,55.11,0.011,-1,-1,-1
Intel Xeon Phi coprocessor x100 family,MatrixMultiplication,TWO_D,3396,3396,3396,128,2,1,43,456.719,55.159,0.014,-1,-1,-1
Intel Xeon Phi coprocessor x100 family,MatrixMultiplication,TWO_D,3396,3396,3396,128,4,1,43,455.689,54.885,0.013,-1,-1,-1
Intel Xeon Phi coprocessor x100 family,MatrixMultiplication,TWO_D,3396,3396,3396,128,8,1,43,455.725,55.004,0.011,-1,-1,-1
Intel Xeon Phi coprocessor x100 family,MatrixMultiplication,TWO_D,3396,3396,3396,128,16,1,43,456.951,55.02,0.011,-1,-1,-1
Intel Xeon Phi coprocessor x100 family,MatrixMultiplication,TWO_D,3396,3396,3396,128,32,1,43,455.652,54.831,0.012,-1,-1,-1
Intel Xeon Phi coprocessor x100 family,MatrixMultiplication,TWO_D,3396,3396,3396,128,64,1,43,456.05,55.05,0.012,-1,-1,-1
Intel Xeon Phi coprocessor x100 family,MatrixMultiplication,TWO_D,3396,3396,3396,256,1,1,43,455.578,55.724,0.012,-1,-1,-1
Intel Xeon Phi coprocessor x100 family,MatrixMultiplication,TWO_D,3396,3396,3396,256,2,1,43,456.732,56.397,0.011,-1,-1,-1
Intel Xeon Phi coprocessor x100 family,MatrixMultiplication,TWO_D,3396,3396,3396,256,4,1,43,455.516,56.154,0.015,-1,-1,-1
Intel Xeon Phi coprocessor x100 family,MatrixMultiplication,TWO_D,3396,3396,3396,256,8,1,43,455.816,55.829,0.011,-1,-1,-1
Intel Xeon Phi coprocessor x100 family,MatrixMultiplication,TWO_D,3396,3396,3396,256,16,1,43,455.5,55.543,0.013,-1,-1,-1
Intel Xeon Phi coprocessor x100 family,MatrixMultiplication,TWO_D,3396,3396,3396,256,32,1,43,456.741,55.423,0.015,-1,-1,-1
Intel Xeon Phi coprocessor x100 family,MatrixMultiplication,TWO_D,3396,3396,3396,512,1,1,43,455.488,55.808,0.012,-1,-1,-1
Intel Xeon Phi coprocessor x100 family,MatrixMultiplication,TWO_D,3396,3396,3396,512,2,1,43,455.693,55.438,0.028,-1,-1,-1
Intel Xeon Phi coprocessor x100 family,MatrixMultiplication,TWO_D,3396,3396,3396,512,4,1,43,456.273,55.686,0.014,-1,-1,-1
Intel Xeon Phi coprocessor x100 family,MatrixMultiplication,TWO_D,3396,3396,3396,512,8,1,43,455.548,55.649,0.011,-1,-1,-1
Intel Xeon Phi coprocessor x100 family,MatrixMultiplication,TWO_D,3396,3396,3396,512,16,1,43,455.8,55.672,0.015,-1,-1,-1
Intel Xeon Phi coprocessor x100 family,MatrixMultiplication,TWO_D,3396,3396,3396,1024,1,1,43,455.595,55.444,0.012,-1,-1,-1
Intel Xeon Phi coprocessor x100 family,MatrixMultiplication,TWO_D,3396,3396,3396,1024,2,1,43,456.671,55.819,0.014,-1,-1,-1
Intel Xeon Phi coprocessor x100 family,MatrixMultiplication,TWO_D,3396,3396,3396,1024,4,1,43,455.665,55.728,0.011,-1,-1,-1
Intel Xeon Phi coprocessor x100 family,MatrixMultiplication,TWO_D,3396,3396,3396,1024,8,1,43,455.994,55.826,0.015,-1,-1,-1
Intel Xeon Phi coprocessor x100 family,MatrixMultiplication,TWO_D,3396,3396,3396,2048,1,1,43,455.608,55.658,0.012,-1,-1,-1
Intel Xeon Phi coprocessor x100 family,MatrixMultiplication,TWO_D,3396,3396,3396,2048,2,1,43,456.521,55.672,0.014,-1,-1,-1
Intel Xeon Phi coprocessor x100 family,MatrixMultiplication,TWO_D,3396,3396,3396,2048,4,1,43,455.547,56.219,0.012,-1,-1,-1
Intel Xeon Phi coprocessor x100 family,MatrixMultiplication,TWO_D,3396,3396,3396,4096,1,1,43,455.898,55.688,0.012,-1,-1,-1
Intel Xeon Phi coprocessor x100 family,MatrixMultiplication,TWO_D,3396,3396,3396,4096,2,1,43,457.379,55.778,0.01,-1,-1,-1
Intel Xeon Phi coprocessor x100 family,MatrixMultiplication,TWO_D,3396,3396,3396,8192,1,1,43,455.66,55.808,0.012,-1,-1,-1
