On Platform NvidiaRuntime
using device Tesla K20Xm
On Platform NvidiaRuntime
using device GTX 780
On Platform AmdRuntime
using device AMD Firepro W9100
On Platform AmdRuntime
using device Intel Xeon CPU E5-2695 v2 @ 2.40GHz
On Platform IntelRuntime
using device Intel Xeon CPU E5-2695 v2 @ 2.40GHz
On Platform IntelRuntime
using device Intel Xeon Phi coprocessor x100 family


########################
NvidiaRuntime-Tesla K20Xm @ 16MiB
########################

adding OpenCL: Oxxxxx


########################
NvidiaRuntime-GTX 780 @ 16MiB
########################

adding OpenCL: Oxxxxx


########################
AmdRuntime-AMD Firepro W9100 @ 16MiB
########################

adding OpenCL: Oxxxxx


########################
AmdRuntime-Intel Xeon CPU E5-2695 v2 @ 2.40GHz @ 16MiB
########################

adding OpenCL: Oxxxxx


########################
IntelRuntime-Intel Xeon CPU E5-2695 v2 @ 2.40GHz @ 16MiB
########################

adding OpenCL: Oxxxxx


########################
IntelRuntime-Intel Xeon Phi coprocessor x100 family @ 16MiB
########################

adding OpenCL: Oxxxxx


########################
NvidiaRuntime-Tesla K20Xm @ 32MiB
########################

adding OpenCL: Oxxxxx


########################
NvidiaRuntime-GTX 780 @ 32MiB
########################

adding OpenCL: Oxxxxx


########################
AmdRuntime-AMD Firepro W9100 @ 32MiB
########################

adding OpenCL: Oxxxxx


########################
AmdRuntime-Intel Xeon CPU E5-2695 v2 @ 2.40GHz @ 32MiB
########################

adding OpenCL: Oxxxxx


########################
IntelRuntime-Intel Xeon CPU E5-2695 v2 @ 2.40GHz @ 32MiB
########################

adding OpenCL: Oxxxxx


########################
IntelRuntime-Intel Xeon Phi coprocessor x100 family @ 32MiB
########################

adding OpenCL: Oxxxxx


########################
NvidiaRuntime-Tesla K20Xm @ 48MiB
########################

adding OpenCL: Oxxxxx


########################
NvidiaRuntime-GTX 780 @ 48MiB
########################

adding OpenCL: Oxxxxx


########################
AmdRuntime-AMD Firepro W9100 @ 48MiB
########################

adding OpenCL: Oxxxxx


########################
AmdRuntime-Intel Xeon CPU E5-2695 v2 @ 2.40GHz @ 48MiB
########################

adding OpenCL: Oxxxxx


########################
IntelRuntime-Intel Xeon CPU E5-2695 v2 @ 2.40GHz @ 48MiB
########################

adding OpenCL: Oxxxxx


########################
IntelRuntime-Intel Xeon Phi coprocessor x100 family @ 48MiB
########################

adding OpenCL: Oxxxxx


########################
NvidiaRuntime-Tesla K20Xm @ 64MiB
########################

adding OpenCL: Oxxxxx


########################
NvidiaRuntime-GTX 780 @ 64MiB
########################

adding OpenCL: Oxxxxx


########################
AmdRuntime-AMD Firepro W9100 @ 64MiB
########################

adding OpenCL: Oxxxxx


########################
AmdRuntime-Intel Xeon CPU E5-2695 v2 @ 2.40GHz @ 64MiB
########################

adding OpenCL: Oxxxxx


########################
IntelRuntime-Intel Xeon CPU E5-2695 v2 @ 2.40GHz @ 64MiB
########################

adding OpenCL: Oxxxxx


########################
IntelRuntime-Intel Xeon Phi coprocessor x100 family @ 64MiB
########################

adding OpenCL: Oxxxxx


########################
NvidiaRuntime-Tesla K20Xm @ 80MiB
########################

adding OpenCL: Oxxxxx


########################
NvidiaRuntime-GTX 780 @ 80MiB
########################

adding OpenCL: Oxxxxx


########################
AmdRuntime-AMD Firepro W9100 @ 80MiB
########################

adding OpenCL: Oxxxxx


########################
AmdRuntime-Intel Xeon CPU E5-2695 v2 @ 2.40GHz @ 80MiB
########################

adding OpenCL: Oxxxxx


########################
IntelRuntime-Intel Xeon CPU E5-2695 v2 @ 2.40GHz @ 80MiB
########################

adding OpenCL: Oxxxxx


########################
IntelRuntime-Intel Xeon Phi coprocessor x100 family @ 80MiB
########################

adding OpenCL: Oxxxxx


########################
NvidiaRuntime-Tesla K20Xm @ 96MiB
########################

adding OpenCL: Oxxxxx


########################
NvidiaRuntime-GTX 780 @ 96MiB
########################

adding OpenCL: Oxxxxx


########################
AmdRuntime-AMD Firepro W9100 @ 96MiB
########################

adding OpenCL: Oxxxxx


########################
AmdRuntime-Intel Xeon CPU E5-2695 v2 @ 2.40GHz @ 96MiB
########################

adding OpenCL: Oxxxxx


########################
IntelRuntime-Intel Xeon CPU E5-2695 v2 @ 2.40GHz @ 96MiB
########################

adding OpenCL: Oxxxxx


########################
IntelRuntime-Intel Xeon Phi coprocessor x100 family @ 96MiB
########################

adding OpenCL: Oxxxxx


########################
NvidiaRuntime-Tesla K20Xm @ 112MiB
########################

adding OpenCL: Oxxxxx


########################
NvidiaRuntime-GTX 780 @ 112MiB
########################

adding OpenCL: Oxxxxx


########################
AmdRuntime-AMD Firepro W9100 @ 112MiB
########################

adding OpenCL: Oxxxxx


########################
AmdRuntime-Intel Xeon CPU E5-2695 v2 @ 2.40GHz @ 112MiB
########################

adding OpenCL: Oxxxxx


########################
IntelRuntime-Intel Xeon CPU E5-2695 v2 @ 2.40GHz @ 112MiB
########################

adding OpenCL: Oxxxxx


########################
IntelRuntime-Intel Xeon Phi coprocessor x100 family @ 112MiB
########################

adding OpenCL: Oxxxxx


########################
NvidiaRuntime-Tesla K20Xm @ 128MiB
########################

adding OpenCL: Oxxxxx


########################
NvidiaRuntime-GTX 780 @ 128MiB
########################

adding OpenCL: Oxxxxx


########################
AmdRuntime-AMD Firepro W9100 @ 128MiB
########################

adding OpenCL: Oxxxxx


########################
AmdRuntime-Intel Xeon CPU E5-2695 v2 @ 2.40GHz @ 128MiB
########################

adding OpenCL: Oxxxxx


########################
IntelRuntime-Intel Xeon CPU E5-2695 v2 @ 2.40GHz @ 128MiB
########################

adding OpenCL: Oxxxxx


########################
IntelRuntime-Intel Xeon Phi coprocessor x100 family @ 128MiB
########################

adding OpenCL: Oxxxxx


########################
NvidiaRuntime-Tesla K20Xm @ 144MiB
########################

adding OpenCL: Oxxxxx


########################
NvidiaRuntime-GTX 780 @ 144MiB
########################

adding OpenCL: Oxxxxx


########################
AmdRuntime-AMD Firepro W9100 @ 144MiB
########################

adding OpenCL: Oxxxxx


########################
AmdRuntime-Intel Xeon CPU E5-2695 v2 @ 2.40GHz @ 144MiB
########################

adding OpenCL: Oxxxxx


########################
IntelRuntime-Intel Xeon CPU E5-2695 v2 @ 2.40GHz @ 144MiB
########################

adding OpenCL: Oxxxxx


########################
IntelRuntime-Intel Xeon Phi coprocessor x100 family @ 144MiB
########################

adding OpenCL: Oxxxxx


########################
NvidiaRuntime-Tesla K20Xm @ 160MiB
########################

adding OpenCL: Oxxxxx


########################
NvidiaRuntime-GTX 780 @ 160MiB
########################

adding OpenCL: Oxxxxx


########################
AmdRuntime-AMD Firepro W9100 @ 160MiB
########################

adding OpenCL: Oxxxxx


########################
AmdRuntime-Intel Xeon CPU E5-2695 v2 @ 2.40GHz @ 160MiB
########################

adding OpenCL: Oxxxxx


########################
IntelRuntime-Intel Xeon CPU E5-2695 v2 @ 2.40GHz @ 160MiB
########################

adding OpenCL: Oxxxxx


########################
IntelRuntime-Intel Xeon Phi coprocessor x100 family @ 160MiB
########################

adding OpenCL: Oxxxxx


########################
NvidiaRuntime-Tesla K20Xm @ 176MiB
########################

adding OpenCL: Oxxxxx


########################
NvidiaRuntime-GTX 780 @ 176MiB
########################

adding OpenCL: Oxxxxx


########################
AmdRuntime-AMD Firepro W9100 @ 176MiB
########################

adding OpenCL: Oxxxxx


########################
AmdRuntime-Intel Xeon CPU E5-2695 v2 @ 2.40GHz @ 176MiB
########################

adding OpenCL: Oxxxxx


########################
IntelRuntime-Intel Xeon CPU E5-2695 v2 @ 2.40GHz @ 176MiB
########################

adding OpenCL: Oxxxxx


########################
IntelRuntime-Intel Xeon Phi coprocessor x100 family @ 176MiB
########################

adding OpenCL: Oxxxxx


########################
NvidiaRuntime-Tesla K20Xm @ 192MiB
########################

adding OpenCL: Oxxxxx


########################
NvidiaRuntime-GTX 780 @ 192MiB
########################

adding OpenCL: Oxxxxx


########################
AmdRuntime-AMD Firepro W9100 @ 192MiB
########################

adding OpenCL: Oxxxxx


########################
AmdRuntime-Intel Xeon CPU E5-2695 v2 @ 2.40GHz @ 192MiB
########################

adding OpenCL: Oxxxxx


########################
IntelRuntime-Intel Xeon CPU E5-2695 v2 @ 2.40GHz @ 192MiB
########################

adding OpenCL: Oxxxxx


########################
IntelRuntime-Intel Xeon Phi coprocessor x100 family @ 192MiB
########################

adding OpenCL: Oxxxxx


########################
NvidiaRuntime-Tesla K20Xm @ 208MiB
########################

adding OpenCL: Oxxxxx


########################
NvidiaRuntime-GTX 780 @ 208MiB
########################

adding OpenCL: Oxxxxx


########################
AmdRuntime-AMD Firepro W9100 @ 208MiB
########################

adding OpenCL: Oxxxxx


########################
AmdRuntime-Intel Xeon CPU E5-2695 v2 @ 2.40GHz @ 208MiB
########################

adding OpenCL: Oxxxxx


########################
IntelRuntime-Intel Xeon CPU E5-2695 v2 @ 2.40GHz @ 208MiB
########################

adding OpenCL: Oxxxxx


########################
IntelRuntime-Intel Xeon Phi coprocessor x100 family @ 208MiB
########################

adding OpenCL: Oxxxxx


########################
NvidiaRuntime-Tesla K20Xm @ 224MiB
########################

adding OpenCL: Oxxxxx


########################
NvidiaRuntime-GTX 780 @ 224MiB
########################

adding OpenCL: Oxxxxx


########################
AmdRuntime-AMD Firepro W9100 @ 224MiB
########################

adding OpenCL: Oxxxxx


########################
AmdRuntime-Intel Xeon CPU E5-2695 v2 @ 2.40GHz @ 224MiB
########################

adding OpenCL: Oxxxxx


########################
IntelRuntime-Intel Xeon CPU E5-2695 v2 @ 2.40GHz @ 224MiB
########################

adding OpenCL: Oxxxxx


########################
IntelRuntime-Intel Xeon Phi coprocessor x100 family @ 224MiB
########################

adding OpenCL: Oxxxxx


########################
NvidiaRuntime-Tesla K20Xm @ 240MiB
########################

adding OpenCL: Oxxxxx


########################
NvidiaRuntime-GTX 780 @ 240MiB
########################

adding OpenCL: Oxxxxx


########################
AmdRuntime-AMD Firepro W9100 @ 240MiB
########################

adding OpenCL: Oxxxxx


########################
AmdRuntime-Intel Xeon CPU E5-2695 v2 @ 2.40GHz @ 240MiB
########################

adding OpenCL: Oxxxxx


########################
IntelRuntime-Intel Xeon CPU E5-2695 v2 @ 2.40GHz @ 240MiB
########################

adding OpenCL: Oxxxxx


########################
IntelRuntime-Intel Xeon Phi coprocessor x100 family @ 240MiB
########################

adding OpenCL: Oxxxxx


########################
NvidiaRuntime-Tesla K20Xm @ 256MiB
########################

adding OpenCL: Oxxxxx


########################
NvidiaRuntime-GTX 780 @ 256MiB
########################

adding OpenCL: Oxxxxx


########################
AmdRuntime-AMD Firepro W9100 @ 256MiB
########################

adding OpenCL: Oxxxxx


########################
AmdRuntime-Intel Xeon CPU E5-2695 v2 @ 2.40GHz @ 256MiB
########################

adding OpenCL: Oxxxxx


########################
IntelRuntime-Intel Xeon CPU E5-2695 v2 @ 2.40GHz @ 256MiB
########################

adding OpenCL: Oxxxxx


########################
IntelRuntime-Intel Xeon Phi coprocessor x100 family @ 256MiB
########################

adding OpenCL: Oxxxxx


########################
NvidiaRuntime-Tesla K20Xm @ 272MiB
########################

adding OpenCL: Oxxxxx


########################
NvidiaRuntime-GTX 780 @ 272MiB
########################

adding OpenCL: Oxxxxx


########################
AmdRuntime-AMD Firepro W9100 @ 272MiB
########################

adding OpenCL: Oxxxxx


########################
AmdRuntime-Intel Xeon CPU E5-2695 v2 @ 2.40GHz @ 272MiB
########################

adding OpenCL: Oxxxxx


########################
IntelRuntime-Intel Xeon CPU E5-2695 v2 @ 2.40GHz @ 272MiB
########################

adding OpenCL: Oxxxxx


########################
IntelRuntime-Intel Xeon Phi coprocessor x100 family @ 272MiB
########################

adding OpenCL: Oxxxxx


########################
NvidiaRuntime-Tesla K20Xm @ 288MiB
########################

adding OpenCL: Oxxxxx


########################
NvidiaRuntime-GTX 780 @ 288MiB
########################

adding OpenCL: Oxxxxx


########################
AmdRuntime-AMD Firepro W9100 @ 288MiB
########################

adding OpenCL: Oxxxxx


########################
AmdRuntime-Intel Xeon CPU E5-2695 v2 @ 2.40GHz @ 288MiB
########################

adding OpenCL: Oxxxxx


########################
IntelRuntime-Intel Xeon CPU E5-2695 v2 @ 2.40GHz @ 288MiB
########################

adding OpenCL: Oxxxxx


########################
IntelRuntime-Intel Xeon Phi coprocessor x100 family @ 288MiB
########################

adding OpenCL: Oxxxxx


########################
NvidiaRuntime-Tesla K20Xm @ 304MiB
########################

adding OpenCL: Oxxxxx


########################
NvidiaRuntime-GTX 780 @ 304MiB
########################

adding OpenCL: Oxxxxx


########################
AmdRuntime-AMD Firepro W9100 @ 304MiB
########################

adding OpenCL: Oxxxxx


########################
AmdRuntime-Intel Xeon CPU E5-2695 v2 @ 2.40GHz @ 304MiB
########################

adding OpenCL: Oxxxxx


########################
IntelRuntime-Intel Xeon CPU E5-2695 v2 @ 2.40GHz @ 304MiB
########################

adding OpenCL: Oxxxxx


########################
IntelRuntime-Intel Xeon Phi coprocessor x100 family @ 304MiB
########################

adding OpenCL: Oxxxxx


########################
NvidiaRuntime-Tesla K20Xm @ 320MiB
########################

adding OpenCL: Oxxxxx


########################
NvidiaRuntime-GTX 780 @ 320MiB
########################

adding OpenCL: Oxxxxx


########################
AmdRuntime-AMD Firepro W9100 @ 320MiB
########################

adding OpenCL: Oxxxxx


########################
AmdRuntime-Intel Xeon CPU E5-2695 v2 @ 2.40GHz @ 320MiB
########################

adding OpenCL: Oxxxxx


########################
IntelRuntime-Intel Xeon CPU E5-2695 v2 @ 2.40GHz @ 320MiB
########################

adding OpenCL: Oxxxxx


########################
IntelRuntime-Intel Xeon Phi coprocessor x100 family @ 320MiB
########################

adding OpenCL: Oxxxxx


########################
NvidiaRuntime-Tesla K20Xm @ 336MiB
########################

adding OpenCL: Oxxxxx


########################
NvidiaRuntime-GTX 780 @ 336MiB
########################

adding OpenCL: Oxxxxx


########################
AmdRuntime-AMD Firepro W9100 @ 336MiB
########################

adding OpenCL: Oxxxxx


########################
AmdRuntime-Intel Xeon CPU E5-2695 v2 @ 2.40GHz @ 336MiB
########################

adding OpenCL: Oxxxxx


########################
IntelRuntime-Intel Xeon CPU E5-2695 v2 @ 2.40GHz @ 336MiB
########################

adding OpenCL: Oxxxxx


########################
IntelRuntime-Intel Xeon Phi coprocessor x100 family @ 336MiB
########################

adding OpenCL: Oxxxxx


########################
NvidiaRuntime-Tesla K20Xm @ 352MiB
########################

adding OpenCL: Oxxxxx


########################
NvidiaRuntime-GTX 780 @ 352MiB
########################

adding OpenCL: Oxxxxx


########################
AmdRuntime-AMD Firepro W9100 @ 352MiB
########################

adding OpenCL: Oxxxxx


########################
AmdRuntime-Intel Xeon CPU E5-2695 v2 @ 2.40GHz @ 352MiB
########################

adding OpenCL: Oxxxxx


########################
IntelRuntime-Intel Xeon CPU E5-2695 v2 @ 2.40GHz @ 352MiB
########################

adding OpenCL: Oxxxxx


########################
IntelRuntime-Intel Xeon Phi coprocessor x100 family @ 352MiB
########################

adding OpenCL: Oxxxxx


########################
NvidiaRuntime-Tesla K20Xm @ 368MiB
########################

adding OpenCL: Oxxxxx


########################
NvidiaRuntime-GTX 780 @ 368MiB
########################

adding OpenCL: Oxxxxx


########################
AmdRuntime-AMD Firepro W9100 @ 368MiB
########################

adding OpenCL: Oxxxxx


########################
AmdRuntime-Intel Xeon CPU E5-2695 v2 @ 2.40GHz @ 368MiB
########################

adding OpenCL: Oxxxxx


########################
IntelRuntime-Intel Xeon CPU E5-2695 v2 @ 2.40GHz @ 368MiB
########################

adding OpenCL: Oxxxxx


########################
IntelRuntime-Intel Xeon Phi coprocessor x100 family @ 368MiB
########################

adding OpenCL: Oxxxxx


########################
NvidiaRuntime-Tesla K20Xm @ 384MiB
########################

adding OpenCL: Oxxxxx


########################
NvidiaRuntime-GTX 780 @ 384MiB
########################

adding OpenCL: Oxxxxx


########################
AmdRuntime-AMD Firepro W9100 @ 384MiB
########################

adding OpenCL: Oxxxxx


########################
AmdRuntime-Intel Xeon CPU E5-2695 v2 @ 2.40GHz @ 384MiB
########################

adding OpenCL: Oxxxxx


########################
IntelRuntime-Intel Xeon CPU E5-2695 v2 @ 2.40GHz @ 384MiB
########################

adding OpenCL: Oxxxxx


########################
IntelRuntime-Intel Xeon Phi coprocessor x100 family @ 384MiB
########################

adding OpenCL: Oxxxxx


########################
NvidiaRuntime-Tesla K20Xm @ 400MiB
########################

adding OpenCL: Oxxxxx


########################
NvidiaRuntime-GTX 780 @ 400MiB
########################

adding OpenCL: Oxxxxx


########################
AmdRuntime-AMD Firepro W9100 @ 400MiB
########################

adding OpenCL: Oxxxxx


########################
AmdRuntime-Intel Xeon CPU E5-2695 v2 @ 2.40GHz @ 400MiB
########################

adding OpenCL: Oxxxxx


########################
IntelRuntime-Intel Xeon CPU E5-2695 v2 @ 2.40GHz @ 400MiB
########################

adding OpenCL: Oxxxxx


########################
IntelRuntime-Intel Xeon Phi coprocessor x100 family @ 400MiB
########################

adding OpenCL: Oxxxxx


########################
NvidiaRuntime-Tesla K20Xm @ 416MiB
########################

adding OpenCL: Oxxxxx


########################
NvidiaRuntime-GTX 780 @ 416MiB
########################

adding OpenCL: Oxxxxx


########################
AmdRuntime-AMD Firepro W9100 @ 416MiB
########################

adding OpenCL: Oxxxxx


########################
AmdRuntime-Intel Xeon CPU E5-2695 v2 @ 2.40GHz @ 416MiB
########################

adding OpenCL: Oxxxxx


########################
IntelRuntime-Intel Xeon CPU E5-2695 v2 @ 2.40GHz @ 416MiB
########################

adding OpenCL: Oxxxxx


########################
IntelRuntime-Intel Xeon Phi coprocessor x100 family @ 416MiB
########################

adding OpenCL: Oxxxxx


########################
NvidiaRuntime-Tesla K20Xm @ 432MiB
########################

adding OpenCL: Oxxxxx


########################
NvidiaRuntime-GTX 780 @ 432MiB
########################

adding OpenCL: Oxxxxx


########################
AmdRuntime-AMD Firepro W9100 @ 432MiB
########################

adding OpenCL: Oxxxxx


########################
AmdRuntime-Intel Xeon CPU E5-2695 v2 @ 2.40GHz @ 432MiB
########################

adding OpenCL: Oxxxxx


########################
IntelRuntime-Intel Xeon CPU E5-2695 v2 @ 2.40GHz @ 432MiB
########################

adding OpenCL: Oxxxxx


########################
IntelRuntime-Intel Xeon Phi coprocessor x100 family @ 432MiB
########################

adding OpenCL: Oxxxxx


########################
NvidiaRuntime-Tesla K20Xm @ 448MiB
########################

adding OpenCL: Oxxxxx


########################
NvidiaRuntime-GTX 780 @ 448MiB
########################

adding OpenCL: Oxxxxx


########################
AmdRuntime-AMD Firepro W9100 @ 448MiB
########################

adding OpenCL: Oxxxxx


########################
AmdRuntime-Intel Xeon CPU E5-2695 v2 @ 2.40GHz @ 448MiB
########################

adding OpenCL: Oxxxxx


########################
IntelRuntime-Intel Xeon CPU E5-2695 v2 @ 2.40GHz @ 448MiB
########################

adding OpenCL: Oxxxxx


########################
IntelRuntime-Intel Xeon Phi coprocessor x100 family @ 448MiB
########################

adding OpenCL: Oxxxxx


########################
NvidiaRuntime-Tesla K20Xm @ 464MiB
########################

adding OpenCL: Oxxxxx


########################
NvidiaRuntime-GTX 780 @ 464MiB
########################

adding OpenCL: Oxxxxx


########################
AmdRuntime-AMD Firepro W9100 @ 464MiB
########################

adding OpenCL: Oxxxxx


########################
AmdRuntime-Intel Xeon CPU E5-2695 v2 @ 2.40GHz @ 464MiB
########################

adding OpenCL: Oxxxxx


########################
IntelRuntime-Intel Xeon CPU E5-2695 v2 @ 2.40GHz @ 464MiB
########################

adding OpenCL: Oxxxxx


########################
IntelRuntime-Intel Xeon Phi coprocessor x100 family @ 464MiB
########################

adding OpenCL: Oxxxxx


########################
NvidiaRuntime-Tesla K20Xm @ 480MiB
########################

adding OpenCL: Oxxxxx


########################
NvidiaRuntime-GTX 780 @ 480MiB
########################

adding OpenCL: Oxxxxx


########################
AmdRuntime-AMD Firepro W9100 @ 480MiB
########################

adding OpenCL: Oxxxxx


########################
AmdRuntime-Intel Xeon CPU E5-2695 v2 @ 2.40GHz @ 480MiB
########################

adding OpenCL: Oxxxxx


########################
IntelRuntime-Intel Xeon CPU E5-2695 v2 @ 2.40GHz @ 480MiB
########################

adding OpenCL: Oxxxxx


########################
IntelRuntime-Intel Xeon Phi coprocessor x100 family @ 480MiB
########################

adding OpenCL: Oxxxxx


########################
NvidiaRuntime-Tesla K20Xm @ 496MiB
########################

adding OpenCL: Oxxxxx


########################
NvidiaRuntime-GTX 780 @ 496MiB
########################

adding OpenCL: Oxxxxx


########################
AmdRuntime-AMD Firepro W9100 @ 496MiB
########################

adding OpenCL: Oxxxxx


########################
AmdRuntime-Intel Xeon CPU E5-2695 v2 @ 2.40GHz @ 496MiB
########################

adding OpenCL: Oxxxxx


########################
IntelRuntime-Intel Xeon CPU E5-2695 v2 @ 2.40GHz @ 496MiB
########################

adding OpenCL: Oxxxxx


########################
IntelRuntime-Intel Xeon Phi coprocessor x100 family @ 496MiB
########################

adding OpenCL: Oxxxxx


########################
NvidiaRuntime-Tesla K20Xm @ 16MiB
########################

adding OpenCL: Oxxxxx


########################
NvidiaRuntime-GTX 780 @ 16MiB
########################

adding OpenCL: Oxxxxx


########################
AmdRuntime-AMD Firepro W9100 @ 16MiB
########################

adding OpenCL: Oxxxxx


########################
AmdRuntime-Intel Xeon CPU E5-2695 v2 @ 2.40GHz @ 16MiB
########################

adding OpenCL: Oxxxxx


########################
IntelRuntime-Intel Xeon CPU E5-2695 v2 @ 2.40GHz @ 16MiB
########################

adding OpenCL: Oxxxxx


########################
IntelRuntime-Intel Xeon Phi coprocessor x100 family @ 16MiB
########################

adding OpenCL: Oxxxxx


########################
NvidiaRuntime-Tesla K20Xm @ 32MiB
########################

adding OpenCL: Oxxxxx


########################
NvidiaRuntime-GTX 780 @ 32MiB
########################

adding OpenCL: Oxxxxx


########################
AmdRuntime-AMD Firepro W9100 @ 32MiB
########################

adding OpenCL: Oxxxxx


########################
AmdRuntime-Intel Xeon CPU E5-2695 v2 @ 2.40GHz @ 32MiB
########################

adding OpenCL: Oxxxxx


########################
IntelRuntime-Intel Xeon CPU E5-2695 v2 @ 2.40GHz @ 32MiB
########################

adding OpenCL: Oxxxxx


########################
IntelRuntime-Intel Xeon Phi coprocessor x100 family @ 32MiB
########################

adding OpenCL: Oxxxxx


########################
NvidiaRuntime-Tesla K20Xm @ 48MiB
########################

adding OpenCL: Oxxxxx


########################
NvidiaRuntime-GTX 780 @ 48MiB
########################

adding OpenCL: Oxxxxx


########################
AmdRuntime-AMD Firepro W9100 @ 48MiB
########################

adding OpenCL: Oxxxxx


########################
AmdRuntime-Intel Xeon CPU E5-2695 v2 @ 2.40GHz @ 48MiB
########################

adding OpenCL: Oxxxxx


########################
IntelRuntime-Intel Xeon CPU E5-2695 v2 @ 2.40GHz @ 48MiB
########################

adding OpenCL: Oxxxxx


########################
IntelRuntime-Intel Xeon Phi coprocessor x100 family @ 48MiB
########################

adding OpenCL: Oxxxxx


########################
NvidiaRuntime-Tesla K20Xm @ 64MiB
########################

adding OpenCL: Oxxxxx


########################
NvidiaRuntime-GTX 780 @ 64MiB
########################

adding OpenCL: Oxxxxx


########################
AmdRuntime-AMD Firepro W9100 @ 64MiB
########################

adding OpenCL: Oxxxxx


########################
AmdRuntime-Intel Xeon CPU E5-2695 v2 @ 2.40GHz @ 64MiB
########################

adding OpenCL: Oxxxxx


########################
IntelRuntime-Intel Xeon CPU E5-2695 v2 @ 2.40GHz @ 64MiB
########################

adding OpenCL: Oxxxxx


########################
IntelRuntime-Intel Xeon Phi coprocessor x100 family @ 64MiB
########################

adding OpenCL: Oxxxxx


########################
NvidiaRuntime-Tesla K20Xm @ 80MiB
########################

adding OpenCL: Oxxxxx


########################
NvidiaRuntime-GTX 780 @ 80MiB
########################

adding OpenCL: Oxxxxx


########################
AmdRuntime-AMD Firepro W9100 @ 80MiB
########################

adding OpenCL: Oxxxxx


########################
AmdRuntime-Intel Xeon CPU E5-2695 v2 @ 2.40GHz @ 80MiB
########################

adding OpenCL: Oxxxxx


########################
IntelRuntime-Intel Xeon CPU E5-2695 v2 @ 2.40GHz @ 80MiB
########################

adding OpenCL: Oxxxxx


########################
IntelRuntime-Intel Xeon Phi coprocessor x100 family @ 80MiB
########################

adding OpenCL: Oxxxxx


########################
NvidiaRuntime-Tesla K20Xm @ 96MiB
########################

adding OpenCL: Oxxxxx


########################
NvidiaRuntime-GTX 780 @ 96MiB
########################

adding OpenCL: Oxxxxx


########################
AmdRuntime-AMD Firepro W9100 @ 96MiB
########################

adding OpenCL: Oxxxxx


########################
AmdRuntime-Intel Xeon CPU E5-2695 v2 @ 2.40GHz @ 96MiB
########################

adding OpenCL: Oxxxxx


########################
IntelRuntime-Intel Xeon CPU E5-2695 v2 @ 2.40GHz @ 96MiB
########################

adding OpenCL: Oxxxxx


########################
IntelRuntime-Intel Xeon Phi coprocessor x100 family @ 96MiB
########################

adding OpenCL: Oxxxxx


########################
NvidiaRuntime-Tesla K20Xm @ 112MiB
########################

adding OpenCL: Oxxxxx


########################
NvidiaRuntime-GTX 780 @ 112MiB
########################

adding OpenCL: Oxxxxx


########################
AmdRuntime-AMD Firepro W9100 @ 112MiB
########################

adding OpenCL: Oxxxxx


########################
AmdRuntime-Intel Xeon CPU E5-2695 v2 @ 2.40GHz @ 112MiB
########################

adding OpenCL: Oxxxxx


########################
IntelRuntime-Intel Xeon CPU E5-2695 v2 @ 2.40GHz @ 112MiB
########################

adding OpenCL: Oxxxxx


########################
IntelRuntime-Intel Xeon Phi coprocessor x100 family @ 112MiB
########################

adding OpenCL: Oxxxxx


########################
NvidiaRuntime-Tesla K20Xm @ 128MiB
########################

adding OpenCL: Oxxxxx


########################
NvidiaRuntime-GTX 780 @ 128MiB
########################

adding OpenCL: Oxxxxx


########################
AmdRuntime-AMD Firepro W9100 @ 128MiB
########################

adding OpenCL: Oxxxxx


########################
AmdRuntime-Intel Xeon CPU E5-2695 v2 @ 2.40GHz @ 128MiB
########################

adding OpenCL: Oxxxxx


########################
IntelRuntime-Intel Xeon CPU E5-2695 v2 @ 2.40GHz @ 128MiB
########################

adding OpenCL: Oxxxxx


########################
IntelRuntime-Intel Xeon Phi coprocessor x100 family @ 128MiB
########################

adding OpenCL: Oxxxxx


########################
NvidiaRuntime-Tesla K20Xm @ 144MiB
########################

adding OpenCL: Oxxxxx


########################
NvidiaRuntime-GTX 780 @ 144MiB
########################

adding OpenCL: Oxxxxx


########################
AmdRuntime-AMD Firepro W9100 @ 144MiB
########################

adding OpenCL: Oxxxxx


########################
AmdRuntime-Intel Xeon CPU E5-2695 v2 @ 2.40GHz @ 144MiB
########################

adding OpenCL: Oxxxxx


########################
IntelRuntime-Intel Xeon CPU E5-2695 v2 @ 2.40GHz @ 144MiB
########################

adding OpenCL: Oxxxxx


########################
IntelRuntime-Intel Xeon Phi coprocessor x100 family @ 144MiB
########################

adding OpenCL: Oxxxxx


########################
NvidiaRuntime-Tesla K20Xm @ 160MiB
########################

adding OpenCL: Oxxxxx


########################
NvidiaRuntime-GTX 780 @ 160MiB
########################

adding OpenCL: Oxxxxx


########################
AmdRuntime-AMD Firepro W9100 @ 160MiB
########################

adding OpenCL: Oxxxxx


########################
AmdRuntime-Intel Xeon CPU E5-2695 v2 @ 2.40GHz @ 160MiB
########################

adding OpenCL: Oxxxxx


########################
IntelRuntime-Intel Xeon CPU E5-2695 v2 @ 2.40GHz @ 160MiB
########################

adding OpenCL: Oxxxxx


########################
IntelRuntime-Intel Xeon Phi coprocessor x100 family @ 160MiB
########################

adding OpenCL: Oxxxxx


########################
NvidiaRuntime-Tesla K20Xm @ 176MiB
########################

adding OpenCL: Oxxxxx


########################
NvidiaRuntime-GTX 780 @ 176MiB
########################

adding OpenCL: Oxxxxx


########################
AmdRuntime-AMD Firepro W9100 @ 176MiB
########################

adding OpenCL: Oxxxxx


########################
AmdRuntime-Intel Xeon CPU E5-2695 v2 @ 2.40GHz @ 176MiB
########################

adding OpenCL: Oxxxxx


########################
IntelRuntime-Intel Xeon CPU E5-2695 v2 @ 2.40GHz @ 176MiB
########################

adding OpenCL: Oxxxxx


########################
IntelRuntime-Intel Xeon Phi coprocessor x100 family @ 176MiB
########################

adding OpenCL: Oxxxxx


########################
NvidiaRuntime-Tesla K20Xm @ 192MiB
########################

adding OpenCL: Oxxxxx


########################
NvidiaRuntime-GTX 780 @ 192MiB
########################

adding OpenCL: Oxxxxx


########################
AmdRuntime-AMD Firepro W9100 @ 192MiB
########################

adding OpenCL: Oxxxxx


########################
AmdRuntime-Intel Xeon CPU E5-2695 v2 @ 2.40GHz @ 192MiB
########################

adding OpenCL: Oxxxxx


########################
IntelRuntime-Intel Xeon CPU E5-2695 v2 @ 2.40GHz @ 192MiB
########################

adding OpenCL: Oxxxxx


########################
IntelRuntime-Intel Xeon Phi coprocessor x100 family @ 192MiB
########################

adding OpenCL: Oxxxxx


########################
NvidiaRuntime-Tesla K20Xm @ 208MiB
########################

adding OpenCL: Oxxxxx


########################
NvidiaRuntime-GTX 780 @ 208MiB
########################

adding OpenCL: Oxxxxx


########################
AmdRuntime-AMD Firepro W9100 @ 208MiB
########################

adding OpenCL: Oxxxxx


########################
AmdRuntime-Intel Xeon CPU E5-2695 v2 @ 2.40GHz @ 208MiB
########################

adding OpenCL: Oxxxxx


########################
IntelRuntime-Intel Xeon CPU E5-2695 v2 @ 2.40GHz @ 208MiB
########################

adding OpenCL: Oxxxxx


########################
IntelRuntime-Intel Xeon Phi coprocessor x100 family @ 208MiB
########################

adding OpenCL: Oxxxxx


########################
NvidiaRuntime-Tesla K20Xm @ 224MiB
########################

adding OpenCL: Oxxxxx


########################
NvidiaRuntime-GTX 780 @ 224MiB
########################

adding OpenCL: Oxxxxx


########################
AmdRuntime-AMD Firepro W9100 @ 224MiB
########################

adding OpenCL: Oxxxxx


########################
AmdRuntime-Intel Xeon CPU E5-2695 v2 @ 2.40GHz @ 224MiB
########################

adding OpenCL: Oxxxxx


########################
IntelRuntime-Intel Xeon CPU E5-2695 v2 @ 2.40GHz @ 224MiB
########################

adding OpenCL: Oxxxxx


########################
IntelRuntime-Intel Xeon Phi coprocessor x100 family @ 224MiB
########################

adding OpenCL: Oxxxxx


########################
NvidiaRuntime-Tesla K20Xm @ 240MiB
########################

adding OpenCL: Oxxxxx


########################
NvidiaRuntime-GTX 780 @ 240MiB
########################

adding OpenCL: Oxxxxx


########################
AmdRuntime-AMD Firepro W9100 @ 240MiB
########################

adding OpenCL: Oxxxxx


########################
AmdRuntime-Intel Xeon CPU E5-2695 v2 @ 2.40GHz @ 240MiB
########################

adding OpenCL: Oxxxxx


########################
IntelRuntime-Intel Xeon CPU E5-2695 v2 @ 2.40GHz @ 240MiB
########################

adding OpenCL: Oxxxxx


########################
IntelRuntime-Intel Xeon Phi coprocessor x100 family @ 240MiB
########################

adding OpenCL: Oxxxxx


########################
NvidiaRuntime-Tesla K20Xm @ 256MiB
########################

adding OpenCL: Oxxxxx


########################
NvidiaRuntime-GTX 780 @ 256MiB
########################

adding OpenCL: Oxxxxx


########################
AmdRuntime-AMD Firepro W9100 @ 256MiB
########################

adding OpenCL: Oxxxxx


########################
AmdRuntime-Intel Xeon CPU E5-2695 v2 @ 2.40GHz @ 256MiB
########################

adding OpenCL: Oxxxxx


########################
IntelRuntime-Intel Xeon CPU E5-2695 v2 @ 2.40GHz @ 256MiB
########################

adding OpenCL: Oxxxxx


########################
IntelRuntime-Intel Xeon Phi coprocessor x100 family @ 256MiB
########################

adding OpenCL: Oxxxxx


########################
NvidiaRuntime-Tesla K20Xm @ 272MiB
########################

adding OpenCL: Oxxxxx


########################
NvidiaRuntime-GTX 780 @ 272MiB
########################

adding OpenCL: Oxxxxx


########################
AmdRuntime-AMD Firepro W9100 @ 272MiB
########################

adding OpenCL: Oxxxxx


########################
AmdRuntime-Intel Xeon CPU E5-2695 v2 @ 2.40GHz @ 272MiB
########################

adding OpenCL: Oxxxxx


########################
IntelRuntime-Intel Xeon CPU E5-2695 v2 @ 2.40GHz @ 272MiB
########################

adding OpenCL: Oxxxxx


########################
IntelRuntime-Intel Xeon Phi coprocessor x100 family @ 272MiB
########################

adding OpenCL: Oxxxxx


########################
NvidiaRuntime-Tesla K20Xm @ 288MiB
########################

adding OpenCL: Oxxxxx


########################
NvidiaRuntime-GTX 780 @ 288MiB
########################

adding OpenCL: Oxxxxx


########################
AmdRuntime-AMD Firepro W9100 @ 288MiB
########################

adding OpenCL: Oxxxxx


########################
AmdRuntime-Intel Xeon CPU E5-2695 v2 @ 2.40GHz @ 288MiB
########################

adding OpenCL: Oxxxxx


########################
IntelRuntime-Intel Xeon CPU E5-2695 v2 @ 2.40GHz @ 288MiB
########################

adding OpenCL: Oxxxxx


########################
IntelRuntime-Intel Xeon Phi coprocessor x100 family @ 288MiB
########################

adding OpenCL: Oxxxxx


########################
NvidiaRuntime-Tesla K20Xm @ 304MiB
########################

adding OpenCL: Oxxxxx


########################
NvidiaRuntime-GTX 780 @ 304MiB
########################

adding OpenCL: Oxxxxx


########################
AmdRuntime-AMD Firepro W9100 @ 304MiB
########################

adding OpenCL: Oxxxxx


########################
AmdRuntime-Intel Xeon CPU E5-2695 v2 @ 2.40GHz @ 304MiB
########################

adding OpenCL: Oxxxxx


########################
IntelRuntime-Intel Xeon CPU E5-2695 v2 @ 2.40GHz @ 304MiB
########################

adding OpenCL: Oxxxxx


########################
IntelRuntime-Intel Xeon Phi coprocessor x100 family @ 304MiB
########################

adding OpenCL: Oxxxxx


########################
NvidiaRuntime-Tesla K20Xm @ 320MiB
########################

adding OpenCL: Oxxxxx


########################
NvidiaRuntime-GTX 780 @ 320MiB
########################

adding OpenCL: Oxxxxx


########################
AmdRuntime-AMD Firepro W9100 @ 320MiB
########################

adding OpenCL: Oxxxxx


########################
AmdRuntime-Intel Xeon CPU E5-2695 v2 @ 2.40GHz @ 320MiB
########################

adding OpenCL: Oxxxxx


########################
IntelRuntime-Intel Xeon CPU E5-2695 v2 @ 2.40GHz @ 320MiB
########################

adding OpenCL: Oxxxxx


########################
IntelRuntime-Intel Xeon Phi coprocessor x100 family @ 320MiB
########################

adding OpenCL: Oxxxxx


########################
NvidiaRuntime-Tesla K20Xm @ 336MiB
########################

adding OpenCL: Oxxxxx


########################
NvidiaRuntime-GTX 780 @ 336MiB
########################

adding OpenCL: Oxxxxx


########################
AmdRuntime-AMD Firepro W9100 @ 336MiB
########################

adding OpenCL: Oxxxxx


########################
AmdRuntime-Intel Xeon CPU E5-2695 v2 @ 2.40GHz @ 336MiB
########################

adding OpenCL: Oxxxxx


########################
IntelRuntime-Intel Xeon CPU E5-2695 v2 @ 2.40GHz @ 336MiB
########################

adding OpenCL: Oxxxxx


########################
IntelRuntime-Intel Xeon Phi coprocessor x100 family @ 336MiB
########################

adding OpenCL: Oxxxxx


########################
NvidiaRuntime-Tesla K20Xm @ 352MiB
########################

adding OpenCL: Oxxxxx


########################
NvidiaRuntime-GTX 780 @ 352MiB
########################

adding OpenCL: Oxxxxx


########################
AmdRuntime-AMD Firepro W9100 @ 352MiB
########################

adding OpenCL: Oxxxxx


########################
AmdRuntime-Intel Xeon CPU E5-2695 v2 @ 2.40GHz @ 352MiB
########################

adding OpenCL: Oxxxxx


########################
IntelRuntime-Intel Xeon CPU E5-2695 v2 @ 2.40GHz @ 352MiB
########################

adding OpenCL: Oxxxxx


########################
IntelRuntime-Intel Xeon Phi coprocessor x100 family @ 352MiB
########################

adding OpenCL: Oxxxxx


########################
NvidiaRuntime-Tesla K20Xm @ 368MiB
########################

adding OpenCL: Oxxxxx


########################
NvidiaRuntime-GTX 780 @ 368MiB
########################

adding OpenCL: Oxxxxx


########################
AmdRuntime-AMD Firepro W9100 @ 368MiB
########################

adding OpenCL: Oxxxxx


########################
AmdRuntime-Intel Xeon CPU E5-2695 v2 @ 2.40GHz @ 368MiB
########################

adding OpenCL: Oxxxxx


########################
IntelRuntime-Intel Xeon CPU E5-2695 v2 @ 2.40GHz @ 368MiB
########################

adding OpenCL: Oxxxxx


########################
IntelRuntime-Intel Xeon Phi coprocessor x100 family @ 368MiB
########################

adding OpenCL: Oxxxxx


########################
NvidiaRuntime-Tesla K20Xm @ 384MiB
########################

adding OpenCL: Oxxxxx


########################
NvidiaRuntime-GTX 780 @ 384MiB
########################

adding OpenCL: Oxxxxx


########################
AmdRuntime-AMD Firepro W9100 @ 384MiB
########################

adding OpenCL: Oxxxxx


########################
AmdRuntime-Intel Xeon CPU E5-2695 v2 @ 2.40GHz @ 384MiB
########################

adding OpenCL: Oxxxxx


########################
IntelRuntime-Intel Xeon CPU E5-2695 v2 @ 2.40GHz @ 384MiB
########################

adding OpenCL: Oxxxxx


########################
IntelRuntime-Intel Xeon Phi coprocessor x100 family @ 384MiB
########################

adding OpenCL: Oxxxxx


########################
NvidiaRuntime-Tesla K20Xm @ 400MiB
########################

adding OpenCL: Oxxxxx


########################
NvidiaRuntime-GTX 780 @ 400MiB
########################

adding OpenCL: Oxxxxx


########################
AmdRuntime-AMD Firepro W9100 @ 400MiB
########################

adding OpenCL: Oxxxxx


########################
AmdRuntime-Intel Xeon CPU E5-2695 v2 @ 2.40GHz @ 400MiB
########################

adding OpenCL: Oxxxxx


########################
IntelRuntime-Intel Xeon CPU E5-2695 v2 @ 2.40GHz @ 400MiB
########################

adding OpenCL: Oxxxxx


########################
IntelRuntime-Intel Xeon Phi coprocessor x100 family @ 400MiB
########################

adding OpenCL: Oxxxxx


########################
NvidiaRuntime-Tesla K20Xm @ 416MiB
########################

adding OpenCL: Oxxxxx


########################
NvidiaRuntime-GTX 780 @ 416MiB
########################

adding OpenCL: Oxxxxx


########################
AmdRuntime-AMD Firepro W9100 @ 416MiB
########################

adding OpenCL: Oxxxxx


########################
AmdRuntime-Intel Xeon CPU E5-2695 v2 @ 2.40GHz @ 416MiB
########################

adding OpenCL: Oxxxxx


########################
IntelRuntime-Intel Xeon CPU E5-2695 v2 @ 2.40GHz @ 416MiB
########################

adding OpenCL: Oxxxxx


########################
IntelRuntime-Intel Xeon Phi coprocessor x100 family @ 416MiB
########################

adding OpenCL: Oxxxxx


########################
NvidiaRuntime-Tesla K20Xm @ 432MiB
########################

adding OpenCL: Oxxxxx


########################
NvidiaRuntime-GTX 780 @ 432MiB
########################

adding OpenCL: Oxxxxx


########################
AmdRuntime-AMD Firepro W9100 @ 432MiB
########################

adding OpenCL: Oxxxxx


########################
AmdRuntime-Intel Xeon CPU E5-2695 v2 @ 2.40GHz @ 432MiB
########################

adding OpenCL: Oxxxxx


########################
IntelRuntime-Intel Xeon CPU E5-2695 v2 @ 2.40GHz @ 432MiB
########################

adding OpenCL: Oxxxxx


########################
IntelRuntime-Intel Xeon Phi coprocessor x100 family @ 432MiB
########################

adding OpenCL: Oxxxxx


########################
NvidiaRuntime-Tesla K20Xm @ 448MiB
########################

adding OpenCL: Oxxxxx


########################
NvidiaRuntime-GTX 780 @ 448MiB
########################

adding OpenCL: Oxxxxx


########################
AmdRuntime-AMD Firepro W9100 @ 448MiB
########################

adding OpenCL: Oxxxxx


########################
AmdRuntime-Intel Xeon CPU E5-2695 v2 @ 2.40GHz @ 448MiB
########################

adding OpenCL: Oxxxxx


########################
IntelRuntime-Intel Xeon CPU E5-2695 v2 @ 2.40GHz @ 448MiB
########################

adding OpenCL: Oxxxxx


########################
IntelRuntime-Intel Xeon Phi coprocessor x100 family @ 448MiB
########################

adding OpenCL: Oxxxxx


########################
NvidiaRuntime-Tesla K20Xm @ 464MiB
########################

adding OpenCL: Oxxxxx


########################
NvidiaRuntime-GTX 780 @ 464MiB
########################

adding OpenCL: Oxxxxx


########################
AmdRuntime-AMD Firepro W9100 @ 464MiB
########################

adding OpenCL: Oxxxxx


########################
AmdRuntime-Intel Xeon CPU E5-2695 v2 @ 2.40GHz @ 464MiB
########################

adding OpenCL: Oxxxxx


########################
IntelRuntime-Intel Xeon CPU E5-2695 v2 @ 2.40GHz @ 464MiB
########################

adding OpenCL: Oxxxxx


########################
IntelRuntime-Intel Xeon Phi coprocessor x100 family @ 464MiB
########################

adding OpenCL: Oxxxxx


########################
NvidiaRuntime-Tesla K20Xm @ 480MiB
########################

adding OpenCL: Oxxxxx


########################
NvidiaRuntime-GTX 780 @ 480MiB
########################

adding OpenCL: Oxxxxx


########################
AmdRuntime-AMD Firepro W9100 @ 480MiB
########################

adding OpenCL: Oxxxxx


########################
AmdRuntime-Intel Xeon CPU E5-2695 v2 @ 2.40GHz @ 480MiB
########################

adding OpenCL: Oxxxxx


########################
IntelRuntime-Intel Xeon CPU E5-2695 v2 @ 2.40GHz @ 480MiB
########################

adding OpenCL: Oxxxxx


########################
IntelRuntime-Intel Xeon Phi coprocessor x100 family @ 480MiB
########################

adding OpenCL: Oxxxxx


########################
NvidiaRuntime-Tesla K20Xm @ 496MiB
########################

adding OpenCL: Oxxxxx


########################
NvidiaRuntime-GTX 780 @ 496MiB
########################

adding OpenCL: Oxxxxx


########################
AmdRuntime-AMD Firepro W9100 @ 496MiB
########################

adding OpenCL: Oxxxxx


########################
AmdRuntime-Intel Xeon CPU E5-2695 v2 @ 2.40GHz @ 496MiB
########################

adding OpenCL: Oxxxxx


########################
IntelRuntime-Intel Xeon CPU E5-2695 v2 @ 2.40GHz @ 496MiB
########################

adding OpenCL: Oxxxxx


########################
IntelRuntime-Intel Xeon Phi coprocessor x100 family @ 496MiB
########################

adding OpenCL: Oxxxxx


########################
NvidiaRuntime-Tesla K20Xm @ 16MiB
########################

adding OpenCL: Oxxxxx


########################
NvidiaRuntime-GTX 780 @ 16MiB
########################

adding OpenCL: Oxxxxx


########################
AmdRuntime-AMD Firepro W9100 @ 16MiB
########################

adding OpenCL: Oxxxxx


########################
AmdRuntime-Intel Xeon CPU E5-2695 v2 @ 2.40GHz @ 16MiB
########################

adding OpenCL: Oxxxxx


########################
IntelRuntime-Intel Xeon CPU E5-2695 v2 @ 2.40GHz @ 16MiB
########################

adding OpenCL: Oxxxxx


########################
IntelRuntime-Intel Xeon Phi coprocessor x100 family @ 16MiB
########################

adding OpenCL: Oxxxxx


########################
NvidiaRuntime-Tesla K20Xm @ 32MiB
########################

adding OpenCL: Oxxxxx


########################
NvidiaRuntime-GTX 780 @ 32MiB
########################

adding OpenCL: Oxxxxx


########################
AmdRuntime-AMD Firepro W9100 @ 32MiB
########################

adding OpenCL: Oxxxxx


########################
AmdRuntime-Intel Xeon CPU E5-2695 v2 @ 2.40GHz @ 32MiB
########################

adding OpenCL: Oxxxxx


########################
IntelRuntime-Intel Xeon CPU E5-2695 v2 @ 2.40GHz @ 32MiB
########################

adding OpenCL: Oxxxxx


########################
IntelRuntime-Intel Xeon Phi coprocessor x100 family @ 32MiB
########################

adding OpenCL: Oxxxxx


########################
NvidiaRuntime-Tesla K20Xm @ 48MiB
########################

adding OpenCL: Oxxxxx


########################
NvidiaRuntime-GTX 780 @ 48MiB
########################

adding OpenCL: Oxxxxx


########################
AmdRuntime-AMD Firepro W9100 @ 48MiB
########################

adding OpenCL: Oxxxxx


########################
AmdRuntime-Intel Xeon CPU E5-2695 v2 @ 2.40GHz @ 48MiB
########################

adding OpenCL: Oxxxxx


########################
IntelRuntime-Intel Xeon CPU E5-2695 v2 @ 2.40GHz @ 48MiB
########################

adding OpenCL: Oxxxxx


########################
IntelRuntime-Intel Xeon Phi coprocessor x100 family @ 48MiB
########################

adding OpenCL: Oxxxxx


########################
NvidiaRuntime-Tesla K20Xm @ 64MiB
########################

adding OpenCL: Oxxxxx


########################
NvidiaRuntime-GTX 780 @ 64MiB
########################

adding OpenCL: Oxxxxx


########################
AmdRuntime-AMD Firepro W9100 @ 64MiB
########################

adding OpenCL: Oxxxxx


########################
AmdRuntime-Intel Xeon CPU E5-2695 v2 @ 2.40GHz @ 64MiB
########################

adding OpenCL: Oxxxxx


########################
IntelRuntime-Intel Xeon CPU E5-2695 v2 @ 2.40GHz @ 64MiB
########################

adding OpenCL: Oxxxxx


########################
IntelRuntime-Intel Xeon Phi coprocessor x100 family @ 64MiB
########################

adding OpenCL: Oxxxxx


########################
NvidiaRuntime-Tesla K20Xm @ 80MiB
########################

adding OpenCL: Oxxxxx


########################
NvidiaRuntime-GTX 780 @ 80MiB
########################

adding OpenCL: Oxxxxx


########################
AmdRuntime-AMD Firepro W9100 @ 80MiB
########################

adding OpenCL: Oxxxxx


########################
AmdRuntime-Intel Xeon CPU E5-2695 v2 @ 2.40GHz @ 80MiB
########################

adding OpenCL: Oxxxxx


########################
IntelRuntime-Intel Xeon CPU E5-2695 v2 @ 2.40GHz @ 80MiB
########################

adding OpenCL: Oxxxxx


########################
IntelRuntime-Intel Xeon Phi coprocessor x100 family @ 80MiB
########################

adding OpenCL: Oxxxxx


########################
NvidiaRuntime-Tesla K20Xm @ 96MiB
########################

adding OpenCL: Oxxxxx


########################
NvidiaRuntime-GTX 780 @ 96MiB
########################

adding OpenCL: Oxxxxx


########################
AmdRuntime-AMD Firepro W9100 @ 96MiB
########################

adding OpenCL: Oxxxxx


########################
AmdRuntime-Intel Xeon CPU E5-2695 v2 @ 2.40GHz @ 96MiB
########################

adding OpenCL: Oxxxxx


########################
IntelRuntime-Intel Xeon CPU E5-2695 v2 @ 2.40GHz @ 96MiB
########################

adding OpenCL: Oxxxxx


########################
IntelRuntime-Intel Xeon Phi coprocessor x100 family @ 96MiB
########################

adding OpenCL: Oxxxxx


########################
NvidiaRuntime-Tesla K20Xm @ 112MiB
########################

adding OpenCL: Oxxxxx


########################
NvidiaRuntime-GTX 780 @ 112MiB
########################

adding OpenCL: Oxxxxx


########################
AmdRuntime-AMD Firepro W9100 @ 112MiB
########################

adding OpenCL: Oxxxxx


########################
AmdRuntime-Intel Xeon CPU E5-2695 v2 @ 2.40GHz @ 112MiB
########################

adding OpenCL: Oxxxxx


########################
IntelRuntime-Intel Xeon CPU E5-2695 v2 @ 2.40GHz @ 112MiB
########################

adding OpenCL: Oxxxxx


########################
IntelRuntime-Intel Xeon Phi coprocessor x100 family @ 112MiB
########################

adding OpenCL: Oxxxxx


########################
NvidiaRuntime-Tesla K20Xm @ 128MiB
########################

adding OpenCL: Oxxxxx


########################
NvidiaRuntime-GTX 780 @ 128MiB
########################

adding OpenCL: Oxxxxx


########################
AmdRuntime-AMD Firepro W9100 @ 128MiB
########################

adding OpenCL: Oxxxxx


########################
AmdRuntime-Intel Xeon CPU E5-2695 v2 @ 2.40GHz @ 128MiB
########################

adding OpenCL: Oxxxxx


########################
IntelRuntime-Intel Xeon CPU E5-2695 v2 @ 2.40GHz @ 128MiB
########################

adding OpenCL: Oxxxxx


########################
IntelRuntime-Intel Xeon Phi coprocessor x100 family @ 128MiB
########################

adding OpenCL: Oxxxxx


########################
NvidiaRuntime-Tesla K20Xm @ 144MiB
########################

adding OpenCL: Oxxxxx


########################
NvidiaRuntime-GTX 780 @ 144MiB
########################

adding OpenCL: Oxxxxx


########################
AmdRuntime-AMD Firepro W9100 @ 144MiB
########################

adding OpenCL: Oxxxxx


########################
AmdRuntime-Intel Xeon CPU E5-2695 v2 @ 2.40GHz @ 144MiB
########################

adding OpenCL: Oxxxxx


########################
IntelRuntime-Intel Xeon CPU E5-2695 v2 @ 2.40GHz @ 144MiB
########################

adding OpenCL: Oxxxxx


########################
IntelRuntime-Intel Xeon Phi coprocessor x100 family @ 144MiB
########################

adding OpenCL: Oxxxxx


########################
NvidiaRuntime-Tesla K20Xm @ 160MiB
########################

adding OpenCL: Oxxxxx


########################
NvidiaRuntime-GTX 780 @ 160MiB
########################

adding OpenCL: Oxxxxx


########################
AmdRuntime-AMD Firepro W9100 @ 160MiB
########################

adding OpenCL: Oxxxxx


########################
AmdRuntime-Intel Xeon CPU E5-2695 v2 @ 2.40GHz @ 160MiB
########################

adding OpenCL: Oxxxxx


########################
IntelRuntime-Intel Xeon CPU E5-2695 v2 @ 2.40GHz @ 160MiB
########################

adding OpenCL: Oxxxxx


########################
IntelRuntime-Intel Xeon Phi coprocessor x100 family @ 160MiB
########################

adding OpenCL: Oxxxxx


########################
NvidiaRuntime-Tesla K20Xm @ 176MiB
########################

adding OpenCL: Oxxxxx


########################
NvidiaRuntime-GTX 780 @ 176MiB
########################

adding OpenCL: Oxxxxx


########################
AmdRuntime-AMD Firepro W9100 @ 176MiB
########################

adding OpenCL: Oxxxxx


########################
AmdRuntime-Intel Xeon CPU E5-2695 v2 @ 2.40GHz @ 176MiB
########################

adding OpenCL: Oxxxxx


########################
IntelRuntime-Intel Xeon CPU E5-2695 v2 @ 2.40GHz @ 176MiB
########################

adding OpenCL: Oxxxxx


########################
IntelRuntime-Intel Xeon Phi coprocessor x100 family @ 176MiB
########################

adding OpenCL: Oxxxxx


########################
NvidiaRuntime-Tesla K20Xm @ 192MiB
########################

adding OpenCL: Oxxxxx


########################
NvidiaRuntime-GTX 780 @ 192MiB
########################

adding OpenCL: Oxxxxx


########################
AmdRuntime-AMD Firepro W9100 @ 192MiB
########################

adding OpenCL: Oxxxxx


########################
AmdRuntime-Intel Xeon CPU E5-2695 v2 @ 2.40GHz @ 192MiB
########################

adding OpenCL: Oxxxxx


########################
IntelRuntime-Intel Xeon CPU E5-2695 v2 @ 2.40GHz @ 192MiB
########################

adding OpenCL: Oxxxxx


########################
IntelRuntime-Intel Xeon Phi coprocessor x100 family @ 192MiB
########################

adding OpenCL: Oxxxxx


########################
NvidiaRuntime-Tesla K20Xm @ 208MiB
########################

adding OpenCL: Oxxxxx


########################
NvidiaRuntime-GTX 780 @ 208MiB
########################

adding OpenCL: Oxxxxx


########################
AmdRuntime-AMD Firepro W9100 @ 208MiB
########################

adding OpenCL: Oxxxxx


########################
AmdRuntime-Intel Xeon CPU E5-2695 v2 @ 2.40GHz @ 208MiB
########################

adding OpenCL: Oxxxxx


########################
IntelRuntime-Intel Xeon CPU E5-2695 v2 @ 2.40GHz @ 208MiB
########################

adding OpenCL: Oxxxxx


########################
IntelRuntime-Intel Xeon Phi coprocessor x100 family @ 208MiB
########################

adding OpenCL: Oxxxxx


########################
NvidiaRuntime-Tesla K20Xm @ 224MiB
########################

adding OpenCL: Oxxxxx


########################
NvidiaRuntime-GTX 780 @ 224MiB
########################

adding OpenCL: Oxxxxx


########################
AmdRuntime-AMD Firepro W9100 @ 224MiB
########################

adding OpenCL: Oxxxxx


########################
AmdRuntime-Intel Xeon CPU E5-2695 v2 @ 2.40GHz @ 224MiB
########################

adding OpenCL: Oxxxxx


########################
IntelRuntime-Intel Xeon CPU E5-2695 v2 @ 2.40GHz @ 224MiB
########################

adding OpenCL: Oxxxxx


########################
IntelRuntime-Intel Xeon Phi coprocessor x100 family @ 224MiB
########################

adding OpenCL: Oxxxxx


########################
NvidiaRuntime-Tesla K20Xm @ 240MiB
########################

adding OpenCL: Oxxxxx


########################
NvidiaRuntime-GTX 780 @ 240MiB
########################

adding OpenCL: Oxxxxx


########################
AmdRuntime-AMD Firepro W9100 @ 240MiB
########################

adding OpenCL: Oxxxxx


########################
AmdRuntime-Intel Xeon CPU E5-2695 v2 @ 2.40GHz @ 240MiB
########################

adding OpenCL: Oxxxxx


########################
IntelRuntime-Intel Xeon CPU E5-2695 v2 @ 2.40GHz @ 240MiB
########################

adding OpenCL: Oxxxxx


########################
IntelRuntime-Intel Xeon Phi coprocessor x100 family @ 240MiB
########################

adding OpenCL: Oxxxxx


########################
NvidiaRuntime-Tesla K20Xm @ 256MiB
########################

adding OpenCL: Oxxxxx


########################
NvidiaRuntime-GTX 780 @ 256MiB
########################

adding OpenCL: Oxxxxx


########################
AmdRuntime-AMD Firepro W9100 @ 256MiB
########################

adding OpenCL: Oxxxxx


########################
AmdRuntime-Intel Xeon CPU E5-2695 v2 @ 2.40GHz @ 256MiB
########################

adding OpenCL: Oxxxxx


########################
IntelRuntime-Intel Xeon CPU E5-2695 v2 @ 2.40GHz @ 256MiB
########################

adding OpenCL: Oxxxxx


########################
IntelRuntime-Intel Xeon Phi coprocessor x100 family @ 256MiB
########################

adding OpenCL: Oxxxxx


########################
NvidiaRuntime-Tesla K20Xm @ 272MiB
########################

adding OpenCL: Oxxxxx


########################
NvidiaRuntime-GTX 780 @ 272MiB
########################

adding OpenCL: Oxxxxx


########################
AmdRuntime-AMD Firepro W9100 @ 272MiB
########################

adding OpenCL: Oxxxxx


########################
AmdRuntime-Intel Xeon CPU E5-2695 v2 @ 2.40GHz @ 272MiB
########################

adding OpenCL: Oxxxxx


########################
IntelRuntime-Intel Xeon CPU E5-2695 v2 @ 2.40GHz @ 272MiB
########################

adding OpenCL: Oxxxxx


########################
IntelRuntime-Intel Xeon Phi coprocessor x100 family @ 272MiB
########################

adding OpenCL: Oxxxxx


########################
NvidiaRuntime-Tesla K20Xm @ 288MiB
########################

adding OpenCL: Oxxxxx


########################
NvidiaRuntime-GTX 780 @ 288MiB
########################

adding OpenCL: Oxxxxx


########################
AmdRuntime-AMD Firepro W9100 @ 288MiB
########################

adding OpenCL: Oxxxxx


########################
AmdRuntime-Intel Xeon CPU E5-2695 v2 @ 2.40GHz @ 288MiB
########################

adding OpenCL: Oxxxxx


########################
IntelRuntime-Intel Xeon CPU E5-2695 v2 @ 2.40GHz @ 288MiB
########################

adding OpenCL: Oxxxxx


########################
IntelRuntime-Intel Xeon Phi coprocessor x100 family @ 288MiB
########################

adding OpenCL: Oxxxxx


########################
NvidiaRuntime-Tesla K20Xm @ 304MiB
########################

adding OpenCL: Oxxxxx


########################
NvidiaRuntime-GTX 780 @ 304MiB
########################

adding OpenCL: Oxxxxx


########################
AmdRuntime-AMD Firepro W9100 @ 304MiB
########################

adding OpenCL: Oxxxxx


########################
AmdRuntime-Intel Xeon CPU E5-2695 v2 @ 2.40GHz @ 304MiB
########################

adding OpenCL: Oxxxxx


########################
IntelRuntime-Intel Xeon CPU E5-2695 v2 @ 2.40GHz @ 304MiB
########################

adding OpenCL: Oxxxxx


########################
IntelRuntime-Intel Xeon Phi coprocessor x100 family @ 304MiB
########################

adding OpenCL: Oxxxxx


########################
NvidiaRuntime-Tesla K20Xm @ 320MiB
########################

adding OpenCL: Oxxxxx


########################
NvidiaRuntime-GTX 780 @ 320MiB
########################

adding OpenCL: Oxxxxx


########################
AmdRuntime-AMD Firepro W9100 @ 320MiB
########################

adding OpenCL: Oxxxxx


########################
AmdRuntime-Intel Xeon CPU E5-2695 v2 @ 2.40GHz @ 320MiB
########################

adding OpenCL: Oxxxxx


########################
IntelRuntime-Intel Xeon CPU E5-2695 v2 @ 2.40GHz @ 320MiB
########################

adding OpenCL: Oxxxxx


########################
IntelRuntime-Intel Xeon Phi coprocessor x100 family @ 320MiB
########################

adding OpenCL: Oxxxxx


########################
NvidiaRuntime-Tesla K20Xm @ 336MiB
########################

adding OpenCL: Oxxxxx


########################
NvidiaRuntime-GTX 780 @ 336MiB
########################

adding OpenCL: Oxxxxx


########################
AmdRuntime-AMD Firepro W9100 @ 336MiB
########################

adding OpenCL: Oxxxxx


########################
AmdRuntime-Intel Xeon CPU E5-2695 v2 @ 2.40GHz @ 336MiB
########################

adding OpenCL: Oxxxxx


########################
IntelRuntime-Intel Xeon CPU E5-2695 v2 @ 2.40GHz @ 336MiB
########################

adding OpenCL: Oxxxxx


########################
IntelRuntime-Intel Xeon Phi coprocessor x100 family @ 336MiB
########################

adding OpenCL: Oxxxxx


########################
NvidiaRuntime-Tesla K20Xm @ 352MiB
########################

adding OpenCL: Oxxxxx


########################
NvidiaRuntime-GTX 780 @ 352MiB
########################

adding OpenCL: Oxxxxx


########################
AmdRuntime-AMD Firepro W9100 @ 352MiB
########################

adding OpenCL: Oxxxxx


########################
AmdRuntime-Intel Xeon CPU E5-2695 v2 @ 2.40GHz @ 352MiB
########################

adding OpenCL: Oxxxxx


########################
IntelRuntime-Intel Xeon CPU E5-2695 v2 @ 2.40GHz @ 352MiB
########################

adding OpenCL: Oxxxxx


########################
IntelRuntime-Intel Xeon Phi coprocessor x100 family @ 352MiB
########################

adding OpenCL: Oxxxxx


########################
NvidiaRuntime-Tesla K20Xm @ 368MiB
########################

adding OpenCL: Oxxxxx


########################
NvidiaRuntime-GTX 780 @ 368MiB
########################

adding OpenCL: Oxxxxx


########################
AmdRuntime-AMD Firepro W9100 @ 368MiB
########################

adding OpenCL: Oxxxxx


########################
AmdRuntime-Intel Xeon CPU E5-2695 v2 @ 2.40GHz @ 368MiB
########################

adding OpenCL: Oxxxxx


########################
IntelRuntime-Intel Xeon CPU E5-2695 v2 @ 2.40GHz @ 368MiB
########################

adding OpenCL: Oxxxxx


########################
IntelRuntime-Intel Xeon Phi coprocessor x100 family @ 368MiB
########################

adding OpenCL: Oxxxxx


########################
NvidiaRuntime-Tesla K20Xm @ 384MiB
########################

adding OpenCL: Oxxxxx


########################
NvidiaRuntime-GTX 780 @ 384MiB
########################

adding OpenCL: Oxxxxx


########################
AmdRuntime-AMD Firepro W9100 @ 384MiB
########################

adding OpenCL: Oxxxxx


########################
AmdRuntime-Intel Xeon CPU E5-2695 v2 @ 2.40GHz @ 384MiB
########################

adding OpenCL: Oxxxxx


########################
IntelRuntime-Intel Xeon CPU E5-2695 v2 @ 2.40GHz @ 384MiB
########################

adding OpenCL: Oxxxxx


########################
IntelRuntime-Intel Xeon Phi coprocessor x100 family @ 384MiB
########################

adding OpenCL: Oxxxxx


########################
NvidiaRuntime-Tesla K20Xm @ 400MiB
########################

adding OpenCL: Oxxxxx


########################
NvidiaRuntime-GTX 780 @ 400MiB
########################

adding OpenCL: Oxxxxx


########################
AmdRuntime-AMD Firepro W9100 @ 400MiB
########################

adding OpenCL: Oxxxxx


########################
AmdRuntime-Intel Xeon CPU E5-2695 v2 @ 2.40GHz @ 400MiB
########################

adding OpenCL: Oxxxxx


########################
IntelRuntime-Intel Xeon CPU E5-2695 v2 @ 2.40GHz @ 400MiB
########################

adding OpenCL: Oxxxxx


########################
IntelRuntime-Intel Xeon Phi coprocessor x100 family @ 400MiB
########################

adding OpenCL: Oxxxxx


########################
NvidiaRuntime-Tesla K20Xm @ 416MiB
########################

adding OpenCL: Oxxxxx


########################
NvidiaRuntime-GTX 780 @ 416MiB
########################

adding OpenCL: Oxxxxx


########################
AmdRuntime-AMD Firepro W9100 @ 416MiB
########################

adding OpenCL: Oxxxxx


########################
AmdRuntime-Intel Xeon CPU E5-2695 v2 @ 2.40GHz @ 416MiB
########################

adding OpenCL: Oxxxxx


########################
IntelRuntime-Intel Xeon CPU E5-2695 v2 @ 2.40GHz @ 416MiB
########################

adding OpenCL: Oxxxxx


########################
IntelRuntime-Intel Xeon Phi coprocessor x100 family @ 416MiB
########################

adding OpenCL: Oxxxxx


########################
NvidiaRuntime-Tesla K20Xm @ 432MiB
########################

adding OpenCL: Oxxxxx


########################
NvidiaRuntime-GTX 780 @ 432MiB
########################

adding OpenCL: Oxxxxx


########################
AmdRuntime-AMD Firepro W9100 @ 432MiB
########################

adding OpenCL: Oxxxxx


########################
AmdRuntime-Intel Xeon CPU E5-2695 v2 @ 2.40GHz @ 432MiB
########################

adding OpenCL: Oxxxxx


########################
IntelRuntime-Intel Xeon CPU E5-2695 v2 @ 2.40GHz @ 432MiB
########################

adding OpenCL: Oxxxxx


########################
IntelRuntime-Intel Xeon Phi coprocessor x100 family @ 432MiB
########################

adding OpenCL: Oxxxxx


########################
NvidiaRuntime-Tesla K20Xm @ 448MiB
########################

adding OpenCL: Oxxxxx


########################
NvidiaRuntime-GTX 780 @ 448MiB
########################

adding OpenCL: Oxxxxx


########################
AmdRuntime-AMD Firepro W9100 @ 448MiB
########################

adding OpenCL: Oxxxxx


########################
AmdRuntime-Intel Xeon CPU E5-2695 v2 @ 2.40GHz @ 448MiB
########################

adding OpenCL: Oxxxxx


########################
IntelRuntime-Intel Xeon CPU E5-2695 v2 @ 2.40GHz @ 448MiB
########################

adding OpenCL: Oxxxxx


########################
IntelRuntime-Intel Xeon Phi coprocessor x100 family @ 448MiB
########################

adding OpenCL: Oxxxxx


########################
NvidiaRuntime-Tesla K20Xm @ 464MiB
########################

adding OpenCL: Oxxxxx


########################
NvidiaRuntime-GTX 780 @ 464MiB
########################

adding OpenCL: Oxxxxx


########################
AmdRuntime-AMD Firepro W9100 @ 464MiB
########################

adding OpenCL: Oxxxxx


########################
AmdRuntime-Intel Xeon CPU E5-2695 v2 @ 2.40GHz @ 464MiB
########################

adding OpenCL: Oxxxxx


########################
IntelRuntime-Intel Xeon CPU E5-2695 v2 @ 2.40GHz @ 464MiB
########################

adding OpenCL: Oxxxxx


########################
IntelRuntime-Intel Xeon Phi coprocessor x100 family @ 464MiB
########################

adding OpenCL: Oxxxxx


########################
NvidiaRuntime-Tesla K20Xm @ 480MiB
########################

adding OpenCL: Oxxxxx


########################
NvidiaRuntime-GTX 780 @ 480MiB
########################

adding OpenCL: Oxxxxx


########################
AmdRuntime-AMD Firepro W9100 @ 480MiB
########################

adding OpenCL: Oxxxxx


########################
AmdRuntime-Intel Xeon CPU E5-2695 v2 @ 2.40GHz @ 480MiB
########################

adding OpenCL: Oxxxxx


########################
IntelRuntime-Intel Xeon CPU E5-2695 v2 @ 2.40GHz @ 480MiB
########################

adding OpenCL: Oxxxxx


########################
IntelRuntime-Intel Xeon Phi coprocessor x100 family @ 480MiB
########################

adding OpenCL: Oxxxxx


########################
NvidiaRuntime-Tesla K20Xm @ 496MiB
########################

adding OpenCL: Oxxxxx


########################
NvidiaRuntime-GTX 780 @ 496MiB
########################

adding OpenCL: Oxxxxx


########################
AmdRuntime-AMD Firepro W9100 @ 496MiB
########################

adding OpenCL: Oxxxxx


########################
AmdRuntime-Intel Xeon CPU E5-2695 v2 @ 2.40GHz @ 496MiB
########################

adding OpenCL: Oxxxxx


########################
IntelRuntime-Intel Xeon CPU E5-2695 v2 @ 2.40GHz @ 496MiB
########################

adding OpenCL: Oxxxxx


########################
IntelRuntime-Intel Xeon Phi coprocessor x100 family @ 496MiB
########################

adding OpenCL: Oxxxxx


########################
NvidiaRuntime-Tesla K20Xm @ 16MiB
########################

adding OpenCL: Oxxxxx


########################
NvidiaRuntime-GTX 780 @ 16MiB
########################

adding OpenCL: Oxxxxx


########################
AmdRuntime-AMD Firepro W9100 @ 16MiB
########################

adding OpenCL: Oxxxxx


########################
AmdRuntime-Intel Xeon CPU E5-2695 v2 @ 2.40GHz @ 16MiB
########################

adding OpenCL: Oxxxxx


########################
IntelRuntime-Intel Xeon CPU E5-2695 v2 @ 2.40GHz @ 16MiB
########################

adding OpenCL: Oxxxxx


########################
IntelRuntime-Intel Xeon Phi coprocessor x100 family @ 16MiB
########################

adding OpenCL: Oxxxxx


########################
NvidiaRuntime-Tesla K20Xm @ 32MiB
########################

adding OpenCL: Oxxxxx


########################
NvidiaRuntime-GTX 780 @ 32MiB
########################

adding OpenCL: Oxxxxx


########################
AmdRuntime-AMD Firepro W9100 @ 32MiB
########################

adding OpenCL: Oxxxxx


########################
AmdRuntime-Intel Xeon CPU E5-2695 v2 @ 2.40GHz @ 32MiB
########################

adding OpenCL: Oxxxxx


########################
IntelRuntime-Intel Xeon CPU E5-2695 v2 @ 2.40GHz @ 32MiB
########################

adding OpenCL: Oxxxxx


########################
IntelRuntime-Intel Xeon Phi coprocessor x100 family @ 32MiB
########################

adding OpenCL: Oxxxxx


########################
NvidiaRuntime-Tesla K20Xm @ 48MiB
########################

adding OpenCL: Oxxxxx


########################
NvidiaRuntime-GTX 780 @ 48MiB
########################

adding OpenCL: Oxxxxx


########################
AmdRuntime-AMD Firepro W9100 @ 48MiB
########################

adding OpenCL: Oxxxxx


########################
AmdRuntime-Intel Xeon CPU E5-2695 v2 @ 2.40GHz @ 48MiB
########################

adding OpenCL: Oxxxxx


########################
IntelRuntime-Intel Xeon CPU E5-2695 v2 @ 2.40GHz @ 48MiB
########################

adding OpenCL: Oxxxxx


########################
IntelRuntime-Intel Xeon Phi coprocessor x100 family @ 48MiB
########################

adding OpenCL: Oxxxxx


########################
NvidiaRuntime-Tesla K20Xm @ 64MiB
########################

adding OpenCL: Oxxxxx


########################
NvidiaRuntime-GTX 780 @ 64MiB
########################

adding OpenCL: Oxxxxx


########################
AmdRuntime-AMD Firepro W9100 @ 64MiB
########################

adding OpenCL: Oxxxxx


########################
AmdRuntime-Intel Xeon CPU E5-2695 v2 @ 2.40GHz @ 64MiB
########################

adding OpenCL: Oxxxxx


########################
IntelRuntime-Intel Xeon CPU E5-2695 v2 @ 2.40GHz @ 64MiB
########################

adding OpenCL: Oxxxxx


########################
IntelRuntime-Intel Xeon Phi coprocessor x100 family @ 64MiB
########################

adding OpenCL: Oxxxxx


########################
NvidiaRuntime-Tesla K20Xm @ 80MiB
########################

adding OpenCL: Oxxxxx


########################
NvidiaRuntime-GTX 780 @ 80MiB
########################

adding OpenCL: Oxxxxx


########################
AmdRuntime-AMD Firepro W9100 @ 80MiB
########################

adding OpenCL: Oxxxxx


########################
AmdRuntime-Intel Xeon CPU E5-2695 v2 @ 2.40GHz @ 80MiB
########################

adding OpenCL: Oxxxxx


########################
IntelRuntime-Intel Xeon CPU E5-2695 v2 @ 2.40GHz @ 80MiB
########################

adding OpenCL: Oxxxxx


########################
IntelRuntime-Intel Xeon Phi coprocessor x100 family @ 80MiB
########################

adding OpenCL: Oxxxxx


########################
NvidiaRuntime-Tesla K20Xm @ 96MiB
########################

adding OpenCL: Oxxxxx


########################
NvidiaRuntime-GTX 780 @ 96MiB
########################

adding OpenCL: Oxxxxx


########################
AmdRuntime-AMD Firepro W9100 @ 96MiB
########################

adding OpenCL: Oxxxxx


########################
AmdRuntime-Intel Xeon CPU E5-2695 v2 @ 2.40GHz @ 96MiB
########################

adding OpenCL: Oxxxxx


########################
IntelRuntime-Intel Xeon CPU E5-2695 v2 @ 2.40GHz @ 96MiB
########################

adding OpenCL: Oxxxxx


########################
IntelRuntime-Intel Xeon Phi coprocessor x100 family @ 96MiB
########################

adding OpenCL: Oxxxxx


########################
NvidiaRuntime-Tesla K20Xm @ 112MiB
########################

adding OpenCL: Oxxxxx


########################
NvidiaRuntime-GTX 780 @ 112MiB
########################

adding OpenCL: Oxxxxx


########################
AmdRuntime-AMD Firepro W9100 @ 112MiB
########################

adding OpenCL: Oxxxxx


########################
AmdRuntime-Intel Xeon CPU E5-2695 v2 @ 2.40GHz @ 112MiB
########################

adding OpenCL: Oxxxxx


########################
IntelRuntime-Intel Xeon CPU E5-2695 v2 @ 2.40GHz @ 112MiB
########################

adding OpenCL: Oxxxxx


########################
IntelRuntime-Intel Xeon Phi coprocessor x100 family @ 112MiB
########################

adding OpenCL: Oxxxxx


########################
NvidiaRuntime-Tesla K20Xm @ 128MiB
########################

adding OpenCL: Oxxxxx


########################
NvidiaRuntime-GTX 780 @ 128MiB
########################

adding OpenCL: Oxxxxx


########################
AmdRuntime-AMD Firepro W9100 @ 128MiB
########################

adding OpenCL: Oxxxxx


########################
AmdRuntime-Intel Xeon CPU E5-2695 v2 @ 2.40GHz @ 128MiB
########################

adding OpenCL: Oxxxxx


########################
IntelRuntime-Intel Xeon CPU E5-2695 v2 @ 2.40GHz @ 128MiB
########################

adding OpenCL: Oxxxxx


########################
IntelRuntime-Intel Xeon Phi coprocessor x100 family @ 128MiB
########################

adding OpenCL: Oxxxxx


########################
NvidiaRuntime-Tesla K20Xm @ 144MiB
########################

adding OpenCL: Oxxxxx


########################
NvidiaRuntime-GTX 780 @ 144MiB
########################

adding OpenCL: Oxxxxx


########################
AmdRuntime-AMD Firepro W9100 @ 144MiB
########################

adding OpenCL: Oxxxxx


########################
AmdRuntime-Intel Xeon CPU E5-2695 v2 @ 2.40GHz @ 144MiB
########################

adding OpenCL: Oxxxxx


########################
IntelRuntime-Intel Xeon CPU E5-2695 v2 @ 2.40GHz @ 144MiB
########################

adding OpenCL: Oxxxxx


########################
IntelRuntime-Intel Xeon Phi coprocessor x100 family @ 144MiB
########################

adding OpenCL: Oxxxxx


########################
NvidiaRuntime-Tesla K20Xm @ 160MiB
########################

adding OpenCL: Oxxxxx


########################
NvidiaRuntime-GTX 780 @ 160MiB
########################

adding OpenCL: Oxxxxx


########################
AmdRuntime-AMD Firepro W9100 @ 160MiB
########################

adding OpenCL: Oxxxxx


########################
AmdRuntime-Intel Xeon CPU E5-2695 v2 @ 2.40GHz @ 160MiB
########################

adding OpenCL: Oxxxxx


########################
IntelRuntime-Intel Xeon CPU E5-2695 v2 @ 2.40GHz @ 160MiB
########################

adding OpenCL: Oxxxxx


########################
IntelRuntime-Intel Xeon Phi coprocessor x100 family @ 160MiB
########################

adding OpenCL: Oxxxxx


########################
NvidiaRuntime-Tesla K20Xm @ 176MiB
########################

adding OpenCL: Oxxxxx


########################
NvidiaRuntime-GTX 780 @ 176MiB
########################

adding OpenCL: Oxxxxx


########################
AmdRuntime-AMD Firepro W9100 @ 176MiB
########################

adding OpenCL: Oxxxxx


########################
AmdRuntime-Intel Xeon CPU E5-2695 v2 @ 2.40GHz @ 176MiB
########################

adding OpenCL: Oxxxxx


########################
IntelRuntime-Intel Xeon CPU E5-2695 v2 @ 2.40GHz @ 176MiB
########################

adding OpenCL: Oxxxxx


########################
IntelRuntime-Intel Xeon Phi coprocessor x100 family @ 176MiB
########################

adding OpenCL: Oxxxxx


########################
NvidiaRuntime-Tesla K20Xm @ 192MiB
########################

adding OpenCL: Oxxxxx


########################
NvidiaRuntime-GTX 780 @ 192MiB
########################

adding OpenCL: Oxxxxx


########################
AmdRuntime-AMD Firepro W9100 @ 192MiB
########################

adding OpenCL: Oxxxxx


########################
AmdRuntime-Intel Xeon CPU E5-2695 v2 @ 2.40GHz @ 192MiB
########################

adding OpenCL: Oxxxxx


########################
IntelRuntime-Intel Xeon CPU E5-2695 v2 @ 2.40GHz @ 192MiB
########################

adding OpenCL: Oxxxxx


########################
IntelRuntime-Intel Xeon Phi coprocessor x100 family @ 192MiB
########################

adding OpenCL: Oxxxxx


########################
NvidiaRuntime-Tesla K20Xm @ 208MiB
########################

adding OpenCL: Oxxxxx


########################
NvidiaRuntime-GTX 780 @ 208MiB
########################

adding OpenCL: Oxxxxx


########################
AmdRuntime-AMD Firepro W9100 @ 208MiB
########################

adding OpenCL: Oxxxxx


########################
AmdRuntime-Intel Xeon CPU E5-2695 v2 @ 2.40GHz @ 208MiB
########################

adding OpenCL: Oxxxxx


########################
IntelRuntime-Intel Xeon CPU E5-2695 v2 @ 2.40GHz @ 208MiB
########################

adding OpenCL: Oxxxxx


########################
IntelRuntime-Intel Xeon Phi coprocessor x100 family @ 208MiB
########################

adding OpenCL: Oxxxxx


########################
NvidiaRuntime-Tesla K20Xm @ 224MiB
########################

adding OpenCL: Oxxxxx


########################
NvidiaRuntime-GTX 780 @ 224MiB
########################

adding OpenCL: Oxxxxx


########################
AmdRuntime-AMD Firepro W9100 @ 224MiB
########################

adding OpenCL: Oxxxxx


########################
AmdRuntime-Intel Xeon CPU E5-2695 v2 @ 2.40GHz @ 224MiB
########################

adding OpenCL: Oxxxxx


########################
IntelRuntime-Intel Xeon CPU E5-2695 v2 @ 2.40GHz @ 224MiB
########################

adding OpenCL: Oxxxxx


########################
IntelRuntime-Intel Xeon Phi coprocessor x100 family @ 224MiB
########################

adding OpenCL: Oxxxxx


########################
NvidiaRuntime-Tesla K20Xm @ 240MiB
########################

adding OpenCL: Oxxxxx


########################
NvidiaRuntime-GTX 780 @ 240MiB
########################

adding OpenCL: Oxxxxx


########################
AmdRuntime-AMD Firepro W9100 @ 240MiB
########################

adding OpenCL: Oxxxxx


########################
AmdRuntime-Intel Xeon CPU E5-2695 v2 @ 2.40GHz @ 240MiB
########################

adding OpenCL: Oxxxxx


########################
IntelRuntime-Intel Xeon CPU E5-2695 v2 @ 2.40GHz @ 240MiB
########################

adding OpenCL: Oxxxxx


########################
IntelRuntime-Intel Xeon Phi coprocessor x100 family @ 240MiB
########################

adding OpenCL: Oxxxxx


########################
NvidiaRuntime-Tesla K20Xm @ 256MiB
########################

adding OpenCL: Oxxxxx


########################
NvidiaRuntime-GTX 780 @ 256MiB
########################

adding OpenCL: Oxxxxx


########################
AmdRuntime-AMD Firepro W9100 @ 256MiB
########################

adding OpenCL: Oxxxxx


########################
AmdRuntime-Intel Xeon CPU E5-2695 v2 @ 2.40GHz @ 256MiB
########################

adding OpenCL: Oxxxxx


########################
IntelRuntime-Intel Xeon CPU E5-2695 v2 @ 2.40GHz @ 256MiB
########################

adding OpenCL: Oxxxxx


########################
IntelRuntime-Intel Xeon Phi coprocessor x100 family @ 256MiB
########################

adding OpenCL: Oxxxxx


########################
NvidiaRuntime-Tesla K20Xm @ 272MiB
########################

adding OpenCL: Oxxxxx


########################
NvidiaRuntime-GTX 780 @ 272MiB
########################

adding OpenCL: Oxxxxx


########################
AmdRuntime-AMD Firepro W9100 @ 272MiB
########################

adding OpenCL: Oxxxxx


########################
AmdRuntime-Intel Xeon CPU E5-2695 v2 @ 2.40GHz @ 272MiB
########################

adding OpenCL: Oxxxxx


########################
IntelRuntime-Intel Xeon CPU E5-2695 v2 @ 2.40GHz @ 272MiB
########################

adding OpenCL: Oxxxxx


########################
IntelRuntime-Intel Xeon Phi coprocessor x100 family @ 272MiB
########################

adding OpenCL: Oxxxxx


########################
NvidiaRuntime-Tesla K20Xm @ 288MiB
########################

adding OpenCL: Oxxxxx


########################
NvidiaRuntime-GTX 780 @ 288MiB
########################

adding OpenCL: Oxxxxx


########################
AmdRuntime-AMD Firepro W9100 @ 288MiB
########################

adding OpenCL: Oxxxxx


########################
AmdRuntime-Intel Xeon CPU E5-2695 v2 @ 2.40GHz @ 288MiB
########################

adding OpenCL: Oxxxxx


########################
IntelRuntime-Intel Xeon CPU E5-2695 v2 @ 2.40GHz @ 288MiB
########################

adding OpenCL: Oxxxxx


########################
IntelRuntime-Intel Xeon Phi coprocessor x100 family @ 288MiB
########################

adding OpenCL: Oxxxxx


########################
NvidiaRuntime-Tesla K20Xm @ 304MiB
########################

adding OpenCL: Oxxxxx


########################
NvidiaRuntime-GTX 780 @ 304MiB
########################

adding OpenCL: Oxxxxx


########################
AmdRuntime-AMD Firepro W9100 @ 304MiB
########################

adding OpenCL: Oxxxxx


########################
AmdRuntime-Intel Xeon CPU E5-2695 v2 @ 2.40GHz @ 304MiB
########################

adding OpenCL: Oxxxxx


########################
IntelRuntime-Intel Xeon CPU E5-2695 v2 @ 2.40GHz @ 304MiB
########################

adding OpenCL: Oxxxxx


########################
IntelRuntime-Intel Xeon Phi coprocessor x100 family @ 304MiB
########################

adding OpenCL: Oxxxxx


########################
NvidiaRuntime-Tesla K20Xm @ 320MiB
########################

adding OpenCL: Oxxxxx


########################
NvidiaRuntime-GTX 780 @ 320MiB
########################

adding OpenCL: Oxxxxx


########################
AmdRuntime-AMD Firepro W9100 @ 320MiB
########################

adding OpenCL: Oxxxxx


########################
AmdRuntime-Intel Xeon CPU E5-2695 v2 @ 2.40GHz @ 320MiB
########################

adding OpenCL: Oxxxxx


########################
IntelRuntime-Intel Xeon CPU E5-2695 v2 @ 2.40GHz @ 320MiB
########################

adding OpenCL: Oxxxxx


########################
IntelRuntime-Intel Xeon Phi coprocessor x100 family @ 320MiB
########################

adding OpenCL: Oxxxxx


########################
NvidiaRuntime-Tesla K20Xm @ 336MiB
########################

adding OpenCL: Oxxxxx


########################
NvidiaRuntime-GTX 780 @ 336MiB
########################

adding OpenCL: Oxxxxx


########################
AmdRuntime-AMD Firepro W9100 @ 336MiB
########################

adding OpenCL: Oxxxxx


########################
AmdRuntime-Intel Xeon CPU E5-2695 v2 @ 2.40GHz @ 336MiB
########################

adding OpenCL: Oxxxxx


########################
IntelRuntime-Intel Xeon CPU E5-2695 v2 @ 2.40GHz @ 336MiB
########################

adding OpenCL: Oxxxxx


########################
IntelRuntime-Intel Xeon Phi coprocessor x100 family @ 336MiB
########################

adding OpenCL: Oxxxxx


########################
NvidiaRuntime-Tesla K20Xm @ 352MiB
########################

adding OpenCL: Oxxxxx


########################
NvidiaRuntime-GTX 780 @ 352MiB
########################

adding OpenCL: Oxxxxx


########################
AmdRuntime-AMD Firepro W9100 @ 352MiB
########################

adding OpenCL: Oxxxxx


########################
AmdRuntime-Intel Xeon CPU E5-2695 v2 @ 2.40GHz @ 352MiB
########################

adding OpenCL: Oxxxxx


########################
IntelRuntime-Intel Xeon CPU E5-2695 v2 @ 2.40GHz @ 352MiB
########################

adding OpenCL: Oxxxxx


########################
IntelRuntime-Intel Xeon Phi coprocessor x100 family @ 352MiB
########################

adding OpenCL: Oxxxxx


########################
NvidiaRuntime-Tesla K20Xm @ 368MiB
########################

adding OpenCL: Oxxxxx


########################
NvidiaRuntime-GTX 780 @ 368MiB
########################

adding OpenCL: Oxxxxx


########################
AmdRuntime-AMD Firepro W9100 @ 368MiB
########################

adding OpenCL: Oxxxxx


########################
AmdRuntime-Intel Xeon CPU E5-2695 v2 @ 2.40GHz @ 368MiB
########################

adding OpenCL: Oxxxxx


########################
IntelRuntime-Intel Xeon CPU E5-2695 v2 @ 2.40GHz @ 368MiB
########################

adding OpenCL: Oxxxxx


########################
IntelRuntime-Intel Xeon Phi coprocessor x100 family @ 368MiB
########################

adding OpenCL: Oxxxxx


########################
NvidiaRuntime-Tesla K20Xm @ 384MiB
########################

adding OpenCL: Oxxxxx


########################
NvidiaRuntime-GTX 780 @ 384MiB
########################

adding OpenCL: Oxxxxx


########################
AmdRuntime-AMD Firepro W9100 @ 384MiB
########################

adding OpenCL: Oxxxxx


########################
AmdRuntime-Intel Xeon CPU E5-2695 v2 @ 2.40GHz @ 384MiB
########################

adding OpenCL: Oxxxxx


########################
IntelRuntime-Intel Xeon CPU E5-2695 v2 @ 2.40GHz @ 384MiB
########################

adding OpenCL: Oxxxxx


########################
IntelRuntime-Intel Xeon Phi coprocessor x100 family @ 384MiB
########################

adding OpenCL: Oxxxxx


########################
NvidiaRuntime-Tesla K20Xm @ 400MiB
########################

adding OpenCL: Oxxxxx


########################
NvidiaRuntime-GTX 780 @ 400MiB
########################

adding OpenCL: Oxxxxx


########################
AmdRuntime-AMD Firepro W9100 @ 400MiB
########################

adding OpenCL: Oxxxxx


########################
AmdRuntime-Intel Xeon CPU E5-2695 v2 @ 2.40GHz @ 400MiB
########################

adding OpenCL: Oxxxxx


########################
IntelRuntime-Intel Xeon CPU E5-2695 v2 @ 2.40GHz @ 400MiB
########################

adding OpenCL: Oxxxxx


########################
IntelRuntime-Intel Xeon Phi coprocessor x100 family @ 400MiB
########################

adding OpenCL: Oxxxxx


########################
NvidiaRuntime-Tesla K20Xm @ 416MiB
########################

adding OpenCL: Oxxxxx


########################
NvidiaRuntime-GTX 780 @ 416MiB
########################

adding OpenCL: Oxxxxx


########################
AmdRuntime-AMD Firepro W9100 @ 416MiB
########################

adding OpenCL: Oxxxxx


########################
AmdRuntime-Intel Xeon CPU E5-2695 v2 @ 2.40GHz @ 416MiB
########################

adding OpenCL: Oxxxxx


########################
IntelRuntime-Intel Xeon CPU E5-2695 v2 @ 2.40GHz @ 416MiB
########################

adding OpenCL: Oxxxxx


########################
IntelRuntime-Intel Xeon Phi coprocessor x100 family @ 416MiB
########################

adding OpenCL: Oxxxxx


########################
NvidiaRuntime-Tesla K20Xm @ 432MiB
########################

adding OpenCL: Oxxxxx


########################
NvidiaRuntime-GTX 780 @ 432MiB
########################

adding OpenCL: Oxxxxx


########################
AmdRuntime-AMD Firepro W9100 @ 432MiB
########################

adding OpenCL: Oxxxxx


########################
AmdRuntime-Intel Xeon CPU E5-2695 v2 @ 2.40GHz @ 432MiB
########################

adding OpenCL: Oxxxxx


########################
IntelRuntime-Intel Xeon CPU E5-2695 v2 @ 2.40GHz @ 432MiB
########################

adding OpenCL: Oxxxxx


########################
IntelRuntime-Intel Xeon Phi coprocessor x100 family @ 432MiB
########################

adding OpenCL: Oxxxxx


########################
NvidiaRuntime-Tesla K20Xm @ 448MiB
########################

adding OpenCL: Oxxxxx


########################
NvidiaRuntime-GTX 780 @ 448MiB
########################

adding OpenCL: Oxxxxx


########################
AmdRuntime-AMD Firepro W9100 @ 448MiB
########################

adding OpenCL: Oxxxxx


########################
AmdRuntime-Intel Xeon CPU E5-2695 v2 @ 2.40GHz @ 448MiB
########################

adding OpenCL: Oxxxxx


########################
IntelRuntime-Intel Xeon CPU E5-2695 v2 @ 2.40GHz @ 448MiB
########################

adding OpenCL: Oxxxxx


########################
IntelRuntime-Intel Xeon Phi coprocessor x100 family @ 448MiB
########################

adding OpenCL: Oxxxxx


########################
NvidiaRuntime-Tesla K20Xm @ 464MiB
########################

adding OpenCL: Oxxxxx


########################
NvidiaRuntime-GTX 780 @ 464MiB
########################

adding OpenCL: Oxxxxx


########################
AmdRuntime-AMD Firepro W9100 @ 464MiB
########################

adding OpenCL: Oxxxxx


########################
AmdRuntime-Intel Xeon CPU E5-2695 v2 @ 2.40GHz @ 464MiB
########################

adding OpenCL: Oxxxxx


########################
IntelRuntime-Intel Xeon CPU E5-2695 v2 @ 2.40GHz @ 464MiB
########################

adding OpenCL: Oxxxxx


########################
IntelRuntime-Intel Xeon Phi coprocessor x100 family @ 464MiB
########################

adding OpenCL: Oxxxxx


########################
NvidiaRuntime-Tesla K20Xm @ 480MiB
########################

adding OpenCL: Oxxxxx


########################
NvidiaRuntime-GTX 780 @ 480MiB
########################

adding OpenCL: Oxxxxx


########################
AmdRuntime-AMD Firepro W9100 @ 480MiB
########################

adding OpenCL: Oxxxxx


########################
AmdRuntime-Intel Xeon CPU E5-2695 v2 @ 2.40GHz @ 480MiB
########################

adding OpenCL: Oxxxxx


########################
IntelRuntime-Intel Xeon CPU E5-2695 v2 @ 2.40GHz @ 480MiB
########################

adding OpenCL: Oxxxxx


########################
IntelRuntime-Intel Xeon Phi coprocessor x100 family @ 480MiB
########################

adding OpenCL: Oxxxxx


########################
NvidiaRuntime-Tesla K20Xm @ 496MiB
########################

adding OpenCL: Oxxxxx


########################
NvidiaRuntime-GTX 780 @ 496MiB
########################

adding OpenCL: Oxxxxx


########################
AmdRuntime-AMD Firepro W9100 @ 496MiB
########################

adding OpenCL: Oxxxxx


########################
AmdRuntime-Intel Xeon CPU E5-2695 v2 @ 2.40GHz @ 496MiB
########################

adding OpenCL: Oxxxxx


########################
IntelRuntime-Intel Xeon CPU E5-2695 v2 @ 2.40GHz @ 496MiB
########################

adding OpenCL: Oxxxxx


########################
IntelRuntime-Intel Xeon Phi coprocessor x100 family @ 496MiB
########################

adding OpenCL: Oxxxxx


########################
NvidiaRuntime-Tesla K20Xm @ 16MiB
########################

adding OpenCL: Oxxxxx


########################
NvidiaRuntime-GTX 780 @ 16MiB
########################

adding OpenCL: Oxxxxx


########################
AmdRuntime-AMD Firepro W9100 @ 16MiB
########################

adding OpenCL: Oxxxxx


########################
AmdRuntime-Intel Xeon CPU E5-2695 v2 @ 2.40GHz @ 16MiB
########################

adding OpenCL: Oxxxxx


########################
IntelRuntime-Intel Xeon CPU E5-2695 v2 @ 2.40GHz @ 16MiB
########################

adding OpenCL: Oxxxxx


########################
IntelRuntime-Intel Xeon Phi coprocessor x100 family @ 16MiB
########################

adding OpenCL: Oxxxxx
